1954  0  949.724
2004  1  277.311
2005  2  1467.53
2006  3  1879.59
2007  4  2251.19
2008  5  2392.61
2009  6  2206.24
2010  7  1817.75
2011  8  1411.31
2012  9  107.768
2062  10  1205.27
2063  11  1734.05
2064  12  2138.62
2065  13  2380.59
2066  14  2303.62
2067  15  1961.94
2068  16  1545.92
2069  17  527.079
2119  18  677.353
2120  19  1590.62
2121  20  1363.72
1618  21  2388.7
1619  22  2092.49
1620  23  275.552
1570  24  1170.61
1571  25  2516.17
1572  26  1924.96
1573  27  99.6167
1523  28  1543.52
1524  29  2550.2
1525  30  1664.68
1475  31  52.9058
1476  32  1874.95
1477  33  2531.58
1478  34  1274.86
1428  35  220.482
1429  36  2043.58
1430  37  2462.56
1431  38  941.518
1381  39  418.606
1382  40  2205
1383  41  2351.06
1384  42  660.067
1334  43  453.771
574  44  26.4006
575  45  404.041
525  46  1271.23
526  47  2515.47
527  48  32.8292
477  49  2319.86
478  50  1479.91
428  51  303.615
429  52  2801.8
430  53  704.045
380  54  838.166
381  55  2747.53
382  56  220.6
332  57  1688.26
333  58  2074.45
283  59  97.2948
284  60  2613.97
285  61  1097.04
235  62  506.23
236  63  2843.28
237  64  463.81
187  65  1165.29
188  66  2575.72
189  67  70.6175
139  68  2172.12
140  69  1602.37
90  70  253.081
91  71  1113.92
1360  72  417.967
1361  73  989.643
1411  74  264.767
1412  75  1477.51
1413  76  1908.24
1414  77  2282.8
1415  78  2387.43
1416  79  2143.87
1417  80  1721.71
1418  81  1064.41
1468  82  209.478
1469  83  1458.51
1470  84  1887.77
1471  85  2269.61
1472  86  2390.82
1473  87  2161.16
1474  88  1742.32
1475  89  1140.99
1525  90  155.514
1526  91  1439.68
1527  92  1867.22
1528  93  1969.68
1671  94  1564.13
1672  95  2383.12
1673  96  2293.82
1674  97  1903.95
1675  98  1454.7
1676  99  158.027
1726  100  1143.77
1727  101  1771.06
1728  102  2201.33
1729  103  2398.97
1730  104  2210.66
1731  105  1783.19
1732  106  1188.07
1782  107  128.363
1783  108  1443.67
1784  109  1891.94
1785  110  2286.41
1786  111  2385.99
1787  112  2110.63
1788  113  1662.77
1789  114  737.419
282  115  853.898
283  116  721.907
333  117  925.389
334  118  2564.85
384  119  29.8303
385  120  2749.11
386  121  778.885
436  122  862.06
437  123  2675.33
487  124  4.71528
488  125  2705.28
489  126  838.46
539  127  801.462
540  128  2732.62
541  129  20.066
591  130  2607.31
592  131  900.728
642  132  743.498
643  133  2774.56
644  134  45.788
694  135  2496.89
695  136  965.786
745  137  688.068
746  138  11.972
501  139  1383.45
502  140  2441.43
503  141  2111.54
504  142  972.891
454  143  331.452
455  144  1796.46
456  145  2421.22
457  146  2171.13
458  147  1135.93
408  148  225.446
409  149  1730.41
410  150  2393.24
411  151  2227.17
412  152  1310.83
362  153  126.8
363  154  1665.13
364  155  2358.03
365  156  2278.83
366  157  1497.95
316  158  34.857
317  159  1600.98
318  160  1386.97
1722  161  1404.62
1723  162  2410.43
1724  163  624.983
1774  164  708.95
1775  165  2449.2
1776  166  2052.55
1777  167  154.189
1827  168  1455.19
1828  169  2575.41
1829  170  1344.45
1879  171  203.822
1880  172  2102.94
1881  173  2414.94
1882  174  634.076
1932  175  699.373
1933  176  2445.1
1934  177  2058.89
1935  178  160.264
1985  179  1441.07
1986  180  2575.67
1987  181  1358.03
2037  182  197.48
2038  183  2096.68
2039  184  775.76
229  185  1052.18
230  186  1837.97
231  187  2306.85
232  188  2370
233  189  1962.99
234  190  1431.13
284  191  4.1643
285  192  1440.8
286  193  1967.22
287  194  2371.69
288  195  2304.23
289  196  1833.64
290  197  998.919
340  198  274.379
341  199  1562.06
342  200  2090.52
343  201  2406.43
344  202  2213.4
345  203  1703.38
346  204  182.293
2224  205  582.447
2225  206  1765.84
2226  207  2126.18
2227  208  2360.2
2228  209  2345.21
2229  210  2090.07
2230  211  1724.6
2231  212  1368.78
2232  213  59.6799
2282  214  1259.47
2283  215  1683.38
2284  216  2052.5
2285  217  2327.1
2286  218  2372.08
2287  219  2160.93
2288  220  1807.34
2289  221  1442.63
2290  222  312.96
2340  223  916.3
2341  224  1602.11
2342  225  867.26
2075  226  2255.41
2076  227  2299.24
2077  228  950.342
2127  229  378.352
2128  230  1998.59
2129  231  2482
2130  232  1720.67
2131  233  32.257
2181  234  1607.9
2182  235  2462.71
2183  236  2058.3
2184  237  468.487
2234  238  829.691
2235  239  2250.25
2236  240  2349.15
2237  241  1094.59
2287  242  284.331
2288  243  1930.83
2289  244  2495.54
2290  245  1788.15
2291  246  107.937
2341  247  882.097
6  248  940.918
7  249  2074.68
8  250  1917.31
9  251  1751
10  252  1585.75
11  253  1428.36
12  254  1282.76
13  255  263.384
63  256  941.531
64  257  1360.15
65  258  1512.49
66  259  1674.81
67  260  1841.68
68  261  2004.57
69  262  2151.88
70  263  2269.96
71  264  2345.56
72  265  2369.02
73  266  2337.17
74  267  2254.31
75  268  890.117
970  269  950.099
971  270  2146.02
972  271  2069.38
973  272  1986.55
974  273  1899.62
975  274  1810.46
976  275  1720.7
977  276  1631.7
978  277  1544.53
979  278  1460.01
980  279  1378.76
981  280  1301.16
982  281  1227.47
983  282  150.415
933  283  1051.97
934  284  1281.64
935  285  1358.24
936  286  1438.58
937  287  1505.36
527  288  1368.93
528  289  1976.4
529  290  2303.09
530  291  2381.21
531  292  2158.73
532  293  1772.92
533  294  1384.33
534  295  53.1568
484  296  1282.56
485  297  1732.71
486  298  2124.77
487  299  2371.51
488  300  2324.34
489  301  2014.86
490  302  1613.11
491  303  815.647
441  304  400.949
442  305  1494.2
443  306  1893.8
444  307  2250.49
445  308  2391.31
446  309  667.681
2080  310  819.939
2081  311  192.383
2031  312  3113.92
1981  313  213.609
1982  314  2123.59
1932  315  891.02
1933  316  876.272
1883  317  2148.5
1884  318  206.012
1834  319  3114.22
1784  320  199.842
1785  321  2169
1735  322  864.296
1736  323  903.226
1686  324  2103.25
1687  325  219.895
1637  326  3113.43
1587  327  186.325
1588  328  2214.76
1538  329  838.08
1539  330  930.699
1489  331  2058.39
1490  332  234.038
1440  333  3111.55
1390  334  173.054
1391  335  3313.35
262  336  42.4795
263  337  1588.5
264  338  1945.61
265  339  2252.96
266  340  2385.65
267  341  2273.15
268  342  1975.92
269  343  1618.91
270  344  1070.34
320  345  190.085
321  346  1396.69
322  347  1740.76
323  348  2090.4
324  349  2337.97
325  350  2366.88
326  351  2161.21
327  352  1823.68
328  353  1471.87
329  354  469.176
379  355  733.595
380  356  1538.95
381  357  1366.55
60  358  437.314
61  359  464.005
111  360  723.481
112  361  1320.21
113  362  1454.42
114  363  1597.89
115  364  1747.47
116  365  1898.08
117  366  2042.47
118  367  2171.45
119  368  2274.78
120  369  2342.76
121  370  2368.25
122  371  2348.4
123  372  2285.43
124  373  2186.04
125  374  2059.71
126  375  1916.72
127  376  1766.45
128  377  1616.41
129  378  1471.97
130  379  1223.51
2326  380  2510.95
2327  381  227.54
2277  382  1741.2
2278  383  1794.54
2228  384  208.848
2229  385  2823.65
2230  386  673.993
2180  387  915.454
2181  388  2690.71
2182  389  83
2132  390  2214.18
2133  391  1374.82
2083  392  380.626
2084  393  2891.2
2085  394  448.063
2035  395  1246.17
2036  396  2386.92
1986  397  39.3232
1987  398  2624.29
1988  399  1021.8
1938  400  591.126
1939  401  2857.77
1940  402  263.993
1890  403  1643.07
1891  404  1501.97
2419  405  304.639
2420  406  2276.21
2421  407  2214.94
2422  408  2141.61
2423  409  2058.88
2424  410  1969.4
2425  411  1875.68
2426  412  1779.94
2427  413  1684.07
2428  414  1589.61
2429  415  1497.73
2430  416  1409.3
2431  417  1324.91
2432  418  1244.9
2433  419  366.115
2483  420  822.462
2484  421  1274.3
2485  422  1355.97
2486  423  1441.93
2487  424  1531.73
2488  425  1624.69
2489  426  596.167
923  427  60.3944
924  428  159.853
874  429  1242.64
875  430  2185.2
876  431  2415.99
877  432  1806.7
878  433  377.833
828  434  904.613
829  435  2063.27
830  436  2449.32
831  437  1941.04
832  438  630.983
782  439  613.11
783  440  1932.25
784  441  2448.17
785  442  2071.65
786  443  925.386
736  444  362.462
737  445  1797.84
738  446  2412.63
739  447  2192.75
740  448  708.298
1930  449  232.323
1931  450  2327.38
1932  451  702.22
1882  452  603.784
1883  453  2276.34
1884  454  2296.88
1885  455  641.744
1835  456  662.717
1836  457  2307.76
1837  458  2264.99
1838  459  583.631
1788  460  724.045
1789  461  2337.73
1790  462  2231.86
1791  463  527.791
1741  464  787.858
1742  465  2366.12
1743  466  2197.63
1744  467  474.133
1694  468  854.244
1695  469  2392.77
1696  470  2162.45
1697  471  422.565
1647  472  923.29
1648  473  2417.54
1649  474  1609.68
180  475  1702.57
181  476  1873.94
182  477  1492.85
183  478  453.098
133  479  754.177
134  480  1575.25
135  481  1959.46
136  482  2281.01
137  483  2386.72
138  484  2211.9
139  485  1859.63
140  486  1479.48
141  487  406.259
91  488  807.141
92  489  1589.13
93  490  1973.38
94  491  2289.66
95  492  2385.07
96  493  1964.07
579  494  1423.82
580  495  2314.84
581  496  2371.75
582  497  2336.03
583  498  2215.66
584  499  2035
585  500  1823.9
586  501  1607.81
587  502  1403.58
588  503  844.567
538  504  355.913
539  505  1330.25
540  506  1527.24
541  507  1740.27
542  508  1955.86
543  509  2151.69
544  510  2298.69
545  511  2369
546  512  2347.31
547  513  562.553
74  514  73.3845
124  515  510.024
125  516  2146.64
126  517  2414.08
127  518  1124.11
177  519  278.417
178  520  1982.95
179  521  2490.49
180  522  1516.72
230  523  83.9299
231  524  1813.94
232  525  2516.66
233  526  1817.52
234  527  87.7337
284  528  1507.7
285  529  2489.36
286  530  1986.52
287  531  282.93
337  532  1116.44
338  533  2411.97
339  534  2149.99
340  535  515.414
390  536  785.851
391  537  768.17
1171  538  262.766
1172  539  2310.48
1173  540  1060.04
1223  541  300.528
1224  542  1917.13
1225  543  2491.91
1226  544  1841.51
1227  545  200.137
1277  546  1232.54
1278  547  2363.25
1279  548  2238.99
1280  549  871.167
1330  550  431.314
1331  551  2006.62
1332  552  2477.77
1333  553  1751.7
1334  554  90.2265
1384  555  1456
1385  556  2416.01
1386  557  2160.1
1387  558  699.586
1437  559  575.427
1438  560  140.666
824  561  1223.02
825  562  78.0759
775  563  2267.04
776  564  1270.96
726  565  446.181
727  566  2907.29
728  567  336.098
678  568  1494.13
679  569  1985.03
629  570  156.97
630  571  2812.31
631  572  698.72
581  573  903.202
582  574  2688.87
583  575  56.8134
533  576  2350.97
534  577  1210.64
484  578  480.497
485  579  2900.8
486  580  306.616
436  581  1562.8
437  582  1906.56
387  583  181.433
388  584  1711.55
2487  585  1540.02
2437  586  466.808
2438  587  1878.1
2388  588  658.976
2389  589  1497.93
2339  590  890.492
2340  591  1169.14
2290  592  1168.05
2291  593  891.401
2241  594  1496.66
2242  595  659.731
2192  596  1876.66
2193  597  467.434
2143  598  2299.26
2144  599  307.736
2094  600  2741.44
2095  601  174.516
2045  602  3163.2
2046  603  62.5516
1996  604  3412.24
1946  605  34.3635
1947  606  3270.76
1897  607  141.181
1898  608  2863.87
1848  609  267.954
1849  610  2422.68
1799  611  176.234
1072  612  1687.34
1073  613  716.363
1023  614  537.821
1024  615  1931.47
1025  616  2458.97
1026  617  2021.98
1027  618  717.442
977  619  536.848
978  620  1930.95
979  621  2458.92
980  622  2022.49
981  623  718.521
931  624  535.875
932  625  1930.42
933  626  2458.87
934  627  2022.99
935  628  719.601
885  629  534.902
886  630  1929.9
887  631  2458.83
888  632  603.835
2352  633  1057.94
2353  634  1915.2
2303  635  197.433
2304  636  2905.24
2305  637  524.947
2255  638  1177.46
2256  639  2240.99
2206  640  102.182
2207  641  2819.52
2208  642  682.175
2158  643  956.777
2159  644  2582.55
2109  645  18.2546
2110  646  2696.65
2111  647  862.958
2061  648  763.896
2062  649  2765.91
2063  650  61.5018
2013  651  2400.09
2014  652  1070.28
1964  653  595.996
1965  654  2870.21
1966  655  151.195
1916  656  985.759
1804  657  1135.37
1805  658  2058.16
1806  659  2257.64
1807  660  2365.52
1808  661  2351.45
1809  662  2219.62
1810  663  2005.96
1811  664  1756.75
1812  665  1509.02
1813  666  1243.44
1863  667  34.8525
1864  668  1297.26
1865  669  1524.13
1866  670  1772.73
1867  671  2020.95
1868  672  2230.83
1869  673  2356.06
1870  674  2362.15
1871  675  2247.31
1872  676  2043.57
1873  677  851.322
