0  1  401.991
1  2  318.031
2  3  198.172
3  4  198.172
4  5  198.172
5  6  198.172
6  7  198.172
7  8  198.172
8  9  360.555
9  10  396.344
10  11  208.521
11  12  198.172
12  13  198.172
13  14  198.172
14  15  198.172
15  16  198.172
16  17  274.331
17  18  396.344
18  19  254.845
19  20  233.258
21  22  190.962
22  23  303.198
23  24  377.46
24  25  215.068
25  26  188.73
26  27  344.309
27  28  377.46
28  29  198.275
29  30  193.804
30  31  377.46
31  32  358.679
32  33  188.73
33  34  209.817
34  35  377.46
35  36  314.287
36  37  188.73
37  38  228.715
38  39  377.46
39  40  279.673
40  41  188.73
41  42  251.353
42  43  437.907
44  45  1065.88
45  46  345.767
46  47  204.929
47  48  335.031
48  49  345.767
49  50  201.11
50  51  345.767
51  52  276.91
52  53  235.114
53  54  345.767
54  55  226.085
55  56  290.578
56  57  345.767
57  58  201.11
58  59  345.767
59  60  316.992
60  61  212.32
61  62  345.767
62  63  252.112
63  64  256.539
64  65  345.767
65  66  209.279
66  67  324.022
67  68  345.767
68  69  201.11
69  70  345.767
70  71  524.786
72  73  383.195
73  74  396.032
74  75  320.411
75  76  198.016
76  77  198.016
77  78  198.016
78  79  198.016
79  80  198.016
80  81  218.685
81  82  396.032
82  83  333.072
83  84  198.016
84  85  198.016
85  86  198.016
86  87  198.016
87  88  198.016
88  89  213.155
89  90  396.032
90  91  346.774
91  92  198.016
92  93  210.751
94  95  229.562
95  96  197.833
96  97  197.833
97  98  197.833
98  99  345.684
99  100  395.665
100  101  213.249
101  102  197.833
102  103  197.833
103  104  197.833
104  105  197.833
105  106  210.267
106  107  395.665
107  108  353.818
108  109  197.833
109  110  197.833
110  111  197.833
111  112  197.833
112  113  197.833
113  114  254.936
115  116  460.097
116  117  333.63
117  118  220.661
118  119  333.63
119  120  324.384
120  121  224.901
121  122  333.63
122  123  220.661
123  124  333.63
124  125  332.104
125  126  221.334
126  127  333.63
127  128  223.517
128  129  327.308
129  130  333.63
130  131  220.661
131  132  333.63
132  133  227.155
133  134  319.806
134  135  333.63
135  136  220.661
136  137  333.63
137  138  743.159
139  140  229.537
140  141  194.266
141  142  227.443
142  143  388.533
143  144  300.783
144  145  194.266
145  146  194.266
146  147  216.559
147  148  388.533
148  149  322.199
149  150  194.266
150  151  194.266
151  152  206.668
152  153  388.533
153  154  346.898
154  155  194.266
155  156  194.266
156  157  197.642
157  158  388.533
158  159  375.699
159  160  239.504
161  162  236.4
162  163  253.696
163  164  374.562
164  165  245.843
165  166  187.281
166  167  327.176
167  168  374.562
168  169  201.902
169  170  206.57
170  171  374.562
171  172  315.619
172  173  187.281
173  174  252.799
174  175  374.562
175  176  246.692
176  177  187.281
177  178  325.685
178  179  374.562
179  180  202.474
180  181  205.974
181  182  374.562
182  183  317.019
183  184  290.625
185  186  224.036
186  187  197.051
187  188  197.051
188  189  197.051
189  190  197.447
190  191  394.102
191  192  392.529
192  193  197.051
193  194  197.051
194  195  197.051
195  196  197.051
196  197  224.596
197  198  394.102
198  199  316.476
199  200  197.051
200  201  197.051
201  202  197.051
202  203  197.051
203  204  349.334
205  206  286.831
206  207  198.536
207  208  198.536
208  209  198.536
209  210  198.536
210  211  198.536
211  212  198.536
212  213  376.327
213  214  397.073
214  215  204.164
215  216  198.536
216  217  198.536
217  218  198.536
218  219  198.536
219  220  198.536
220  221  198.536
221  222  311.387
222  223  397.073
223  224  230.21
224  225  271.756
226  227  194.287
227  228  228.89
228  229  383.355
229  230  289.29
230  231  191.677
231  232  191.677
232  233  371.451
233  234  383.355
234  235  194.799
235  236  191.677
236  237  275.943
237  238  383.355
238  239  237.998
239  240  191.677
240  241  219.504
241  242  383.355
242  243  305.817
243  244  191.677
244  245  191.677
245  246  347.348
246  247  547.194
248  249  278.856
249  250  199.705
250  251  199.705
251  252  199.705
252  253  199.705
253  254  199.705
254  255  325.072
255  256  399.41
256  257  225.487
257  258  199.705
258  259  199.705
259  260  199.705
260  261  199.705
261  262  199.705
262  263  199.705
263  264  199.705
264  265  199.705
265  266  199.705
266  267  199.705
267  268  283.32
269  270  279.099
270  271  199.915
271  272  199.915
272  273  199.915
273  274  199.915
274  275  199.915
275  276  199.915
276  277  199.915
277  278  199.915
278  279  199.915
279  280  199.915
280  281  199.915
281  282  353.872
282  283  399.829
283  284  213.797
284  285  199.915
285  286  199.915
286  287  201.003
288  289  214.017
289  290  198.292
290  291  198.292
291  292  198.292
292  293  198.292
293  294  198.292
294  295  377.903
295  296  396.585
296  297  203.318
297  298  198.292
298  299  198.292
299  300  198.292
300  301  198.292
301  302  198.292
302  303  239.911
303  304  396.585
304  305  294.432
305  306  198.292
306  307  198.292
307  308  198.292
308  309  308.193
310  311  876.933
311  312  276.186
312  313  272.685
313  314  319.723
314  315  240.369
315  316  319.723
316  317  240.369
317  318  319.723
318  319  273.916
319  320  274.934
320  321  319.723
321  322  240.369
322  323  319.723
323  324  240.369
324  325  319.723
325  326  271.683
326  327  277.221
327  328  319.723
328  329  240.369
329  330  319.723
330  331  240.369
331  332  319.723
332  333  269.487
333  334  279.547
334  335  323.325
336  337  385.755
337  338  198.653
338  339  198.653
339  340  198.653
340  341  198.653
341  342  198.653
342  343  198.653
343  344  217.203
344  345  397.305
345  346  339.342
346  347  198.653
347  348  198.653
348  349  198.653
349  350  198.653
350  351  198.653
351  352  198.653
352  353  198.653
353  354  283.626
354  355  397.305
355  356  248.441
356  357  228.56
358  359  536.628
359  360  399.517
360  361  249.011
361  362  199.759
362  363  199.759
363  364  199.759
364  365  199.759
365  366  199.759
366  367  199.759
367  368  199.759
368  369  199.759
369  370  199.759
370  371  199.759
371  372  199.759
372  373  199.759
373  374  199.759
374  375  199.759
375  376  199.759
376  377  199.759
377  378  199.759
378  379  209.012
380  381  316.479
381  382  340.849
382  383  209.337
383  384  340.849
384  385  289.094
385  386  235.197
386  387  340.849
387  388  219.79
388  389  316.351
389  390  340.849
390  391  209.337
391  392  340.849
392  393  263.341
393  394  255.527
394  395  340.849
395  396  209.337
396  397  340.849
397  398  328.415
398  399  214.32
399  400  340.849
400  401  241.801
401  402  279.704
402  403  340.849
403  404  263.756
405  406  353.139
406  407  199.902
407  408  199.902
408  409  199.902
409  410  199.902
410  411  199.902
411  412  199.902
412  413  199.902
413  414  199.902
414  415  199.902
415  416  199.902
416  417  199.902
417  418  199.902
418  419  304.498
419  420  399.805
420  421  236.991
421  422  199.902
422  423  199.902
423  424  199.902
424  425  199.902
425  426  295.512
427  428  2006.52
428  429  389.014
429  430  210.205
430  431  194.507
431  432  194.507
432  433  293.016
433  434  389.014
434  435  232.61
435  436  194.507
436  437  194.507
437  438  258.332
438  439  389.014
439  440  260.361
440  441  194.507
441  442  194.507
442  443  230.989
443  444  389.014
444  445  295.63
445  446  194.507
446  447  194.507
447  448  274.322
449  450  348.183
450  451  247.908
451  452  379.023
452  453  257.644
453  454  189.511
454  455  253.723
455  456  379.023
456  457  251.649
457  458  189.511
458  459  259.818
459  460  379.023
460  461  245.927
461  462  189.511
462  463  266.213
463  464  379.023
464  465  240.46
465  466  189.511
466  467  272.931
467  468  379.023
468  469  235.23
469  470  189.511
470  471  279.997
471  472  379.023
472  473  230.223
473  474  223.588
475  476  223.46
476  477  198.441
477  478  285.912
478  479  396.883
479  480  246.225
480  481  198.441
481  482  198.441
482  483  198.441
483  484  198.441
484  485  198.441
485  486  198.441
486  487  293.748
487  488  396.883
488  489  240.695
489  490  198.441
490  491  198.441
491  492  198.441
492  493  210.589
494  495  242.62
495  496  199.503
496  497  199.503
497  498  199.503
498  499  199.503
499  500  199.503
500  501  199.503
501  502  199.503
502  503  235.779
503  504  399.005
504  505  305.116
505  506  199.503
506  507  199.503
507  508  199.503
508  509  199.503
509  510  199.503
510  511  199.503
511  512  199.503
512  513  320.375
514  515  798.165
515  516  269.534
516  517  190.717
517  518  217.762
518  519  381.434
519  520  305.541
520  521  190.717
521  522  198.831
522  523  381.434
523  524  352.653
524  525  190.717
525  526  190.717
526  527  351.5
527  528  381.434
528  529  199.199
529  530  190.717
530  531  304.676
531  532  381.434
532  533  218.204
533  534  190.717
534  535  268.86
535  536  381.434
536  537  398.875
538  539  348.424
539  540  221.63
540  541  384.197
541  542  303.356
542  543  192.099
543  544  192.099
544  545  324.284
545  546  384.197
546  547  211.65
547  548  192.099
548  549  234.839
549  550  384.197
550  551  281.67
551  552  192.099
552  553  192.099
553  554  353.367
554  555  384.197
555  556  200.861
556  557  192.099
557  558  249.723
558  559  384.197
559  560  706.297
561  562  579.127
562  563  338.972
563  564  212.362
564  565  338.972
565  566  254.677
566  567  267.918
567  568  338.972
568  569  212.362
569  570  338.972
570  571  297.712
571  572  232.554
572  573  338.972
573  574  219.77
574  575  321.665
575  576  338.972
576  577  212.362
577  578  338.972
578  579  251.091
579  580  272.005
580  581  338.972
581  582  212.362
582  583  338.972
583  584  428.873
585  586  340.876
586  587  293.687
587  588  271.566
588  589  293.687
589  590  271.566
590  591  293.687
591  592  271.566
592  593  293.687
593  594  271.566
594  595  293.687
595  596  271.566
596  597  293.687
597  598  271.566
598  599  293.687
599  600  271.566
600  601  293.687
601  602  271.566
602  603  293.687
603  604  279.131
604  605  285.324
605  606  293.687
606  607  271.566
607  608  293.687
608  609  271.566
609  610  293.687
610  611  314.805
612  613  274.694
613  614  388.061
614  615  269.096
615  616  194.03
616  617  194.03
617  618  248.985
618  619  388.061
619  620  269.22
620  621  194.03
621  622  194.03
622  623  248.878
623  624  388.061
624  625  269.344
625  626  194.03
626  627  194.03
627  628  248.772
628  629  388.061
629  630  269.469
630  631  194.03
631  632  307.936
633  634  283.733
634  635  335.323
635  636  287.05
636  637  244.858
637  638  335.323
638  639  218.078
639  640  335.323
640  641  306.816
641  642  232.104
642  643  335.323
643  644  218.078
644  645  335.323
645  646  329.505
646  647  220.612
647  648  335.323
648  649  226.565
649  650  317.062
650  651  335.323
651  652  218.078
652  653  335.323
653  654  238.702
654  655  295.999
655  656  544.665
657  658  247.779
658  659  199.327
659  660  199.327
660  661  199.327
661  662  199.327
662  663  199.327
663  664  199.327
664  665  199.327
665  666  202.521
666  667  398.654
667  668  386.466
668  669  199.327
669  670  199.327
670  671  199.327
671  672  199.327
672  673  199.327
673  674  199.327
674  675  199.327
675  676  199.327
676  677  273.876
10  649  17.9732
30  90  482.978
42  555  24.1094
58  117  72.8299
61  192  32.8604
55  357  34.0607
69  486  35.2421
61  529  18.5112
110  321  36.9575
113  460  81.6502
125  300  41.3539
128  506  32.2561
123  582  30.6709
176  316  81.0392
181  398  24.618
175  451  39.1942
188  525  19.8269
224  247  43.1411
210  385  29.0664
223  591  29.599
234  388  25.7862
245  592  51.8346
280  623  82.6266
296  578  134.337
317  453  34.1219
376  518  29.7687
424  585  46.0041
497  574  28.1471
