6.86793e+007
6.78261e+007
6.57339e+007
6.89159e+007
6.63361e+007
6.78186e+007
6.71063e+007
6.76616e+007
6.66647e+007
6.67383e+007
6.78254e+007
6.55125e+007
6.61172e+007
6.78221e+007
6.68799e+007
6.74536e+007
6.56752e+007
7.1764e+007
6.75781e+007
6.58234e+007
6.7271e+007
6.66098e+007
7.00387e+007
6.57672e+007
7.3862e+007
6.7811e+007
6.70063e+007
6.73325e+007
6.76704e+007
6.8441e+007
6.81723e+007
6.69763e+007
6.68569e+007
6.88865e+007
7.04116e+007
6.92402e+007
7.03843e+007
6.97942e+007
6.47155e+007
6.58833e+007
6.7574e+007
6.69046e+007
6.82406e+007
7.05035e+007
6.64692e+007
6.67979e+007
7.02733e+007
6.54121e+007
6.92154e+007
6.74022e+007
