2773.36	0.160153
2783.75	0.159394
2804.53	0.157983
2835.27	0.156039
2874.85	0.153676
2921.7	0.150992
2974.27	0.148065
3031.25	0.144965
3091.6	0.141746
3154.56	0.138458
3219.54	0.135137
3286.13	0.131813
3353.93	0.12851
3422.45	0.125252
3490.9	0.122062
3558.17	0.118975
3625.41	0.116002
3692.88	0.113128
3760.26	0.110355
3827.04	0.107714
3893.08	0.105268
3958.96	0.103155
4025.23	0.101704
4092.2	0.101758
4159.7	0.105287
4227.17	0.115821
4293.61	0.134781
4353.7	0.139973
4412.8	0.133534
4469.67	0.133179
4524.19	0.137428
4576.19	0.142394
4625.4	0.146768
4671.99	0.155856
4717.69	0.169257
4763.84	0.188336
4806.78	0.218405
4853.31	0.255675
4901.86	0.287655
4948.14	0.305227
4989.9	0.312414
5028.46	0.313724
5064.23	0.310601
5097.45	0.303989
5126.79	0.293561
5150.54	0.276103
5167.46	0.24185
5179.66	0.204788
5188.36	0.174039
5192.76	0.152236
2763.15	0.160721
2773.56	0.159964
2794.73	0.158536
2826.64	0.156535
2867.79	0.154096
2916.21	0.151332
2970.14	0.148331
3028.19	0.145166
3089.36	0.141896
3152.93	0.138565
3218.41	0.13521
3285.46	0.131856
3353.81	0.128524
3423.2	0.125231
3492.85	0.122005
3559.05	0.118933
3626.09	0.115985
3694	0.113137
3761.96	0.110433
3828.96	0.10799
3894.54	0.106006
3959.91	0.104932
4025.93	0.105611
4092.92	0.109768
4160.57	0.121537
4228.08	0.150924
4298.35	0.211875
4353.38	0.213604
4414.08	0.189721
4471.11	0.186975
4525.59	0.19492
4577.55	0.203631
4626.2	0.207577
4670.76	0.218854
4715.17	0.244561
4765.3	0.295185
4813.65	0.346838
4860.39	0.378142
4906.59	0.39911
4950.93	0.414762
4992.4	0.426788
5031.03	0.434869
5066.85	0.437784
5099.68	0.433192
5128.84	0.417991
5153.37	0.390007
5172.69	0.345168
5185.17	0.273632
5192.41	0.196741
5196.68	0.172806
2742.69	0.161781
2752.79	0.161055
2774.38	0.159623
2808.96	0.157509
2853.67	0.154913
2905.46	0.151987
2962.15	0.14884
3022.33	0.145551
3085.08	0.142181
3149.81	0.138773
3216.18	0.135356
3284	0.13195
3353.27	0.128563
3424.38	0.12519
3499	0.121792
3559.95	0.118888
3626.84	0.116004
3696.07	0.113249
3765.72	0.110894
3833.47	0.109569
3897.36	0.110045
3961.3	0.114293
4026.56	0.124362
4093.4	0.13951
4161.15	0.160749
4224.27	0.201447
4295.19	0.273263
4363.55	0.326247
4420.48	0.317818
4475.62	0.319255
4530.36	0.334046
4584.16	0.349532
4632.76	0.352676
4678.74	0.374264
4722.71	0.399309
4764.94	0.424383
4817.65	0.43963
4865.33	0.458412
4911.07	0.47851
4954.98	0.497963
4996.66	0.51625
5035.79	0.532643
5072.29	0.545813
5105.89	0.552693
5135.94	0.549537
5161.49	0.530692
5181.37	0.482928
5195.18	0.389977
5201.06	0.250721
5204.63	0.200024
2712.3	0.163209
2720.66	0.162592
2741.2	0.161257
2781.32	0.158952
2832.64	0.156096
2890.01	0.152918
2950.93	0.149552
3014.19	0.146086
3079.15	0.142578
3145.46	0.139065
3212.97	0.135571
3281.62	0.132109
3351.48	0.128686
3422.73	0.125307
3495.64	0.121979
3555.77	0.119177
3626.18	0.116198
3698.72	0.113708
3772.37	0.112815
3842.73	0.117397
3900.66	0.129855
3961.06	0.156115
4024.04	0.198527
4090.78	0.237127
4164.72	0.288892
4234.03	0.3332
4301.47	0.37099
4365.74	0.397505
4423.07	0.421489
4482.08	0.435066
4536.29	0.45037
4597.09	0.465916
4641	0.43242
4686.51	0.442297
4731.65	0.459316
4776.66	0.474879
4823.83	0.488985
4869.69	0.505943
4915.14	0.525879
4959.42	0.54558
5001.95	0.564568
5042.06	0.581786
5080.11	0.595693
5115.72	0.605772
5148.02	0.61534
5175.93	0.614779
5196.56	0.58634
5209.49	0.494774
5215.7	0.354792
5216.73	0.225719
2673.66	0.164766
2676.48	0.164376
2688.54	0.163436
2742.6	0.160813
2805.73	0.157575
2871.2	0.15405
2937.62	0.150403
3004.65	0.146719
3072.2	0.143047
3140.32	0.139413
3209.07	0.135832
3278.57	0.13231
3348.89	0.128849
3420.12	0.125451
3492.24	0.122125
3564.98	0.118921
3624.29	0.116481
3701.19	0.114556
3783.07	0.117188
3845.55	0.136199
3900.75	0.184186
3960.34	0.227213
4029.98	0.285077
4103.32	0.325943
4175.04	0.354326
4240.44	0.374582
4308.04	0.392632
4371.48	0.412972
4431.15	0.43208
4489.45	0.449683
4546.58	0.46676
4596.08	0.475043
4647.76	0.489829
4692.18	0.495906
4738.38	0.509838
4784.07	0.520209
4829.18	0.529884
4872.41	0.54005
4918.5	0.558949
4963.92	0.576037
5008.33	0.590365
5049.62	0.600144
5090.08	0.613298
5128.44	0.632405
5164.01	0.660446
5196.63	0.694944
5217.7	0.711489
5229.98	0.563083
5234.9	0.405497
5235.4	0.274923
2632.3	0.166104
2623.16	0.165888
2593.89	0.165242
2694.88	0.162838
2776.57	0.159157
2851.61	0.155238
2923.9	0.151288
2994.85	0.147376
3065.03	0.143535
3134.92	0.13978
3204.9	0.136113
3275.2	0.132532
3345.99	0.129033
3417.29	0.125618
3488.99	0.122299
3560.66	0.119139
3631.03	0.116374
3699.53	0.113828
3772.05	0.112491
3839.68	0.114799
3903.79	0.125743
3967.28	0.15158
4028.34	0.212744
4108.84	0.32125
4183	0.373819
4253.66	0.40281
4315.06	0.406541
4377.8	0.425218
4437.91	0.44262
4495.6	0.45936
4551.15	0.475698
4604.6	0.492119
4651.92	0.498975
4697.92	0.51274
4744.27	0.530073
4788.95	0.54733
4838.25	0.565769
4873.49	0.578508
4920.93	0.594186
4968.21	0.604276
5017.01	0.614207
5057.38	0.613695
5100.95	0.631612
5142.1	0.656672
5180.58	0.695999
5216.95	0.754087
5259.66	0.808331
5257.95	0.598576
5258.43	0.431686
5258.64	0.303333
2600.14	0.167057
2590.04	0.166814
2566.43	0.166142
2666.42	0.164074
2754.14	0.160368
2834.9	0.156247
2911.74	0.152075
2986.06	0.147971
3058.46	0.143983
3129.83	0.140125
3200.84	0.136386
3271.89	0.132755
3343.17	0.129221
3414.74	0.125788
3486.55	0.122477
3558.5	0.119369
3630.66	0.116756
3694.79	0.115614
3766.79	0.113057
3837.46	0.112281
3905.72	0.116504
3972.85	0.130927
4037.9	0.167475
4108.21	0.237792
4190.36	0.320777
4259.66	0.361889
4323.45	0.38802
4385.72	0.407182
4445.73	0.424276
4502.49	0.440805
4556.8	0.458453
4608.91	0.476579
4658.28	0.495367
4704.39	0.514287
4746.71	0.531659
4797.61	0.549768
4838.6	0.562793
4880.25	0.568298
4921.8	0.587902
4965.97	0.597951
5017.66	0.609219
5067.3	0.619363
5114.05	0.638744
5157.59	0.665595
5202.16	0.702258
5242.35	0.752265
5286.6	0.804603
5283.13	0.602195
5282.24	0.44633
5282.09	0.313204
2578.15	0.167717
2570.49	0.167426
2555.09	0.166749
2650.19	0.164815
2738.72	0.161186
2822.23	0.156993
2902.26	0.15268
2979.44	0.148431
3053.24	0.144337
3125.46	0.140415
3197.18	0.136632
3268.85	0.132967
3340.67	0.129412
3412.64	0.125982
3484.73	0.122743
3556.97	0.119935
3629.74	0.118413
3704.17	0.121141
3763.64	0.126492
3838.34	0.124074
3908.67	0.136747
3978.46	0.164941
4043.02	0.227059
4126.19	0.314923
4198.59	0.361786
4265.55	0.390502
4329.71	0.411328
4392.58	0.428882
4453.84	0.443809
4509.15	0.455523
4562.14	0.47359
4613.63	0.493136
4665.71	0.512821
4709.11	0.51867
4754.29	0.536998
4798.82	0.535763
4841.32	0.544385
4886.92	0.559995
4928.74	0.579619
4979.41	0.593487
5030.54	0.603098
5079.89	0.614653
5129.52	0.633916
5167.43	0.659506
5218.54	0.69629
5260.76	0.747848
5301.93	0.794189
5304.77	0.599418
5305.28	0.452934
5305.31	0.318105
2563.88	0.1682
2558.74	0.167871
2549.14	0.167163
2640.49	0.165281
2728.35	0.161716
2813.14	0.15749
2895.78	0.153064
2976.45	0.148667
3049.9	0.144544
3121.98	0.140632
3194	0.13685
3266.2	0.13318
3338.59	0.129643
3411.07	0.126315
3483.47	0.123454
3555.67	0.121908
3627.79	0.124356
3700.8	0.137428
3771.56	0.174078
3842.77	0.169273
3909.48	0.211809
3992.31	0.288792
4067.6	0.343294
4139.04	0.373327
4205.7	0.398515
4270.18	0.422672
4333.86	0.444516
4398.12	0.463544
4465.26	0.479205
4515.64	0.469719
4566.7	0.479321
4615.7	0.484873
4661.09	0.49562
4712.99	0.507616
4760.07	0.527162
4804.41	0.540056
4851.05	0.55101
4895.51	0.567424
4942.3	0.584049
4991.48	0.597036
5044.2	0.608574
5090.6	0.616535
5136.34	0.636488
5188.48	0.665163
5239.3	0.705875
5286.78	0.758061
5334.48	0.805814
5331.01	0.616914
5329.14	0.466713
5328.42	0.32392
2554.79	0.168573
2551.51	0.168212
2545.58	0.167462
2634.28	0.165598
2721.06	0.162077
2806.28	0.157826
2891.41	0.153248
2980.91	0.148411
3048.25	0.144576
3118.94	0.14081
3191.07	0.137079
3263.86	0.13346
3336.99	0.130089
3410.18	0.127334
3483.02	0.126377
3554.77	0.131053
3624.39	0.15272
3697.11	0.199359
3768.93	0.247232
3850.12	0.305082
3929.52	0.346442
4009.89	0.380043
4085.93	0.405044
4150.83	0.407849
4210.32	0.414428
4271.91	0.426829
4334.56	0.416924
4398.51	0.425064
4460.25	0.436613
4513.39	0.437846
4563.47	0.449048
4617.99	0.465276
4668.88	0.48527
4720.37	0.504756
4760.52	0.519934
4811.91	0.53804
4859.91	0.556771
4907.68	0.576001
4952.25	0.589099
4999.12	0.596313
5046.87	0.605873
5101.22	0.61841
5153.91	0.638189
5207.32	0.667141
5259.46	0.707992
5309.51	0.758709
5359.33	0.804787
5354.68	0.618729
5351.69	0.470217
5350.46	0.325344
2549.04	0.168865
2546.98	0.168481
2543.3	0.167695
2629.94	0.16585
2715.37	0.162395
2799.58	0.158226
2882.81	0.153785
2964.74	0.149322
3039.76	0.145123
3113.54	0.141122
3187.33	0.137254
3261.39	0.133531
3335.77	0.130059
3410.35	0.12718
3484.6	0.12573
3557.45	0.1267
3630.16	0.133739
3702.74	0.155387
3771.02	0.211769
3869.46	0.310932
3939.53	0.349335
4029.02	0.379176
4093.05	0.367346
4155.87	0.385207
4217.1	0.400944
4275.36	0.416689
4343.15	0.432441
4399.77	0.430346
4455.85	0.439939
4513.68	0.449417
4567.14	0.461507
4621.27	0.474665
4673.63	0.492883
4717.91	0.510252
4768.61	0.528913
4820.68	0.547597
4867.19	0.55815
4914.36	0.574961
4959.58	0.590381
5002.33	0.599115
5057.21	0.607223
5111.65	0.620634
5168.04	0.639977
5223.79	0.668484
5277.64	0.708771
5329.3	0.758561
5380.13	0.803938
5375.53	0.615501
5372.25	0.467422
5370.82	0.323604
2545.41	0.169093
2544.1	0.16869
2541.77	0.167876
2626.8	0.166048
2710.91	0.162653
2793.92	0.158556
2875.67	0.154194
2955.69	0.149803
3032.8	0.145526
3108.49	0.141413
3183.75	0.137468
3259.1	0.133781
3334.9	0.130799
3411.32	0.130271
3487.74	0.137061
3559.85	0.145806
3634.3	0.160169
3707.81	0.187247
3779.93	0.235679
3872.01	0.291865
3954.36	0.326386
4027.06	0.329748
4096.78	0.354524
4159.96	0.373397
4222.89	0.394762
4282.43	0.406248
4340.88	0.420095
4402.24	0.436403
4460.28	0.454017
4516.58	0.471334
4572.73	0.488482
4623.9	0.497877
4673.69	0.508461
4723.68	0.519343
4773.25	0.530619
4823.39	0.544636
4871.38	0.548596
4920.91	0.565335
4968.75	0.583759
5016.34	0.598001
5066.72	0.608856
5118.16	0.623101
5179.96	0.641597
5238.39	0.669426
5293.88	0.709093
5346.69	0.758254
5398.15	0.803256
5393.9	0.611401
5390.68	0.462446
5389.22	0.320529
2543.13	0.169263
2542.28	0.168846
2540.75	0.16801
2624.55	0.166192
2707.58	0.162841
2789.58	0.158793
2870.39	0.154474
2949.78	0.150107
3027.55	0.145811
3104.25	0.141652
3180.49	0.137695
3256.83	0.134241
3333.81	0.132963
3412.22	0.14264
3493.01	0.2006
3557.08	0.227293
3636.77	0.279584
3720.22	0.321704
3801.69	0.3553
3880.06	0.374331
3954.9	0.392991
4025.69	0.410281
4102.15	0.423925
4160.71	0.40695
4222.11	0.412393
4284.68	0.422446
4345.03	0.434941
4405.38	0.447944
4464.11	0.462046
4517.58	0.471533
4573.88	0.480791
4626.74	0.493311
4672.03	0.503821
4727.42	0.520389
4777.69	0.526184
4822.3	0.536406
4875.81	0.553009
4927.27	0.569292
4976.91	0.585049
5024.47	0.597417
5074.75	0.60878
5128.19	0.623804
5192.22	0.642127
5252.1	0.669705
5308.6	0.709033
5362.12	0.757865
5413.97	0.802703
5410.07	0.607736
5407.03	0.457261
5405.62	0.317257
2541.76	0.16938
2541.17	0.168952
2540.1	0.168099
2623.07	0.166286
2705.29	0.162963
2786.53	0.15895
2866.68	0.154661
2945.7	0.150312
3023.64	0.146015
3100.8	0.141831
3177.57	0.137809
3254.33	0.134087
3331.4	0.131262
3408.87	0.131749
3485.54	0.143514
3554.42	0.176962
3637.37	0.277122
3726.03	0.359225
3819.57	0.394098
3888.39	0.38668
3957.57	0.398414
4031.76	0.409924
4093.62	0.426676
4163.96	0.446165
4226	0.443425
4287.56	0.445372
4346.69	0.449517
4408.25	0.456015
4466.9	0.467418
4525.56	0.480344
4577.72	0.490858
4623.43	0.500138
4669.72	0.500562
4723.56	0.504443
4778.37	0.516714
4827.76	0.531585
4882.42	0.54772
4934.12	0.566312
4983.34	0.584179
5030.41	0.598426
5078.3	0.61027
5142.96	0.623032
5205.51	0.641535
5265.3	0.669303
5322.06	0.708619
5375.87	0.757399
5427.9	0.802252
5424.27	0.604875
5421.41	0.452699
5420.06	0.314306
2541.03	0.16945
2540.6	0.169014
2539.78	0.168147
2622.33	0.166334
2704.02	0.163027
2784.64	0.159038
2864.24	0.154776
2942.91	0.150448
3020.79	0.146161
3098.1	0.141972
3175.08	0.137915
3251.98	0.134047
3328.97	0.130561
3406.05	0.128158
3482.68	0.129138
3557.73	0.139817
3633.69	0.1762
3717.23	0.257962
3816.49	0.327557
3883.14	0.316755
3948.04	0.345739
4022.3	0.376518
4103.85	0.395616
4160.45	0.388455
4222.64	0.390505
4289.66	0.402898
4355.36	0.417346
4414.72	0.419712
4472.3	0.437056
4529.83	0.453973
4574.7	0.454784
4623.64	0.464761
4677.33	0.482709
4729.32	0.501898
4779.03	0.522749
4836.83	0.54181
4889.78	0.550568
4941.57	0.568008
4990.69	0.584799
5035.13	0.599135
5095.92	0.608862
5157.52	0.62167
5218.45	0.640532
5277.6	0.668544
5334.19	0.707999
5388.01	0.756897
5440.06	0.801886
5436.61	0.602783
5433.89	0.448953
5432.59	0.311803
2540.78	0.169478
2540.45	0.169033
2539.79	0.168154
2622.43	0.166336
2703.84	0.163033
2783.85	0.159063
2862.87	0.15483
2941.12	0.150529
3018.81	0.146261
3096.07	0.142079
3173.1	0.138011
3250.04	0.134086
3326.98	0.130366
3404.06	0.127061
3481.15	0.124834
3558.09	0.125603
3636.16	0.133898
3716.38	0.154438
3796.19	0.184664
3869.62	0.197928
3920.45	0.227066
4001.16	0.273265
4082.95	0.305349
4151.27	0.313239
4223.48	0.333828
4291.08	0.360944
4358.08	0.382288
4424.2	0.400102
4476.32	0.4025
4525.4	0.418911
4579.54	0.431871
4632.05	0.453406
4685.2	0.473919
4738.07	0.493709
4791	0.512889
4846.15	0.530809
4900.31	0.548685
4951.57	0.566853
5002.43	0.584491
5053.92	0.59772
5111.12	0.607452
5170.49	0.620428
5230.09	0.639499
5288.53	0.667716
5344.8	0.707344
5398.5	0.75642
5450.5	0.801596
5447.16	0.601246
5444.54	0.445869
5443.28	0.309668
2540.89	0.16947
2540.69	0.169014
2540.2	0.168119
2623.73	0.166282
2705.08	0.162966
2784.16	0.159021
2862.4	0.15483
2940.11	0.150565
3017.53	0.146323
3094.64	0.142155
3171.65	0.13809
3248.61	0.134148
3325.45	0.13036
3402.67	0.126793
3480.32	0.12367
3557.42	0.121599
3635.43	0.121964
3713.42	0.127577
3786.76	0.138075
3858.45	0.153182
3923.87	0.187945
3990.87	0.224527
4067.28	0.270855
4148.62	0.302835
4223.22	0.326649
4289.34	0.349362
4358.93	0.372514
4426.33	0.394042
4479.92	0.401562
4527.28	0.414847
4582.81	0.437175
4636.91	0.459053
4690.62	0.479805
4744.2	0.499634
4798.25	0.518666
4854.03	0.536679
4911.46	0.553658
4960.05	0.566964
5012.18	0.584143
5065.99	0.596936
5122.67	0.606556
5181.06	0.619511
5239.82	0.638664
5297.72	0.667019
5353.7	0.706794
5407.27	0.75603
5459.19	0.801371
5455.94	0.600003
5453.4	0.443157
5452.18	0.307748
2541.25	0.169438
2541.25	0.168965
2541.18	0.168035
2627.2	0.166137
2708.64	0.162784
2785.38	0.158911
2862.63	0.154786
2939.6	0.150569
3016.84	0.146356
3093.69	0.142207
3170.68	0.138151
3247.84	0.134208
3324.12	0.130446
3401.56	0.126901
3480.75	0.123899
3556.55	0.122185
3635.12	0.122772
3705.08	0.12679
3781.14	0.137636
3853.91	0.149948
3924.29	0.162061
3991.78	0.177154
4058.42	0.220147
4147.95	0.307367
4222.77	0.357761
4293.53	0.385929
4357.96	0.393408
4423.91	0.407863
4472.94	0.417883
4527.07	0.430228
4584.28	0.446035
4639.26	0.46618
4693.52	0.486163
4747.37	0.505706
4801.33	0.524786
4857.9	0.54255
4917.98	0.558705
4963.05	0.569337
5018.83	0.58411
5074.17	0.596557
5131.07	0.606024
5189.11	0.61891
5247.4	0.638106
5304.93	0.666574
5360.73	0.706457
5414.23	0.755779
5466.13	0.801204
5462.96	0.598824
5460.51	0.44052
5459.32	0.305887
2541.67	0.169398
2541.91	0.168904
2542.7	0.167913
2635.23	0.165795
2716.93	0.16235
2786.21	0.158798
2863.29	0.154729
2939.04	0.150574
3016.85	0.146364
3092.95	0.142252
3169.99	0.138209
3248.46	0.13421
3322.28	0.130646
3399.37	0.127239
3472.64	0.124493
3555.01	0.124475
3641.1	0.135766
3703.12	0.164085
3776.78	0.205216
3849.43	0.226716
3924.34	0.243248
3988.73	0.239179
4066.9	0.28311
4147.77	0.326653
4221.1	0.355606
4289.89	0.379111
4354.31	0.399243
4416.08	0.41889
4473.1	0.43927
4532.48	0.457149
4585.02	0.460151
4639.6	0.475845
4694.29	0.490473
4748.03	0.506371
4799.49	0.524018
4855.96	0.541649
4915.49	0.557913
4972.9	0.573982
5024.41	0.583882
5079.77	0.596364
5136.89	0.605736
5194.8	0.618567
5252.74	0.63785
5309.96	0.666485
5365.74	0.706434
5419.34	0.755715
5471.32	0.80109
5468.27	0.597514
5465.9	0.437767
5464.75	0.304011
2541.9	0.169374
2542.08	0.168879
2542.28	0.167906
2630.63	0.16594
2713.13	0.162482
2792.55	0.158461
2865.44	0.154616
2936.65	0.1507
3018.85	0.146265
3091.64	0.142356
3168.31	0.138414
3240.19	0.134621
3319.24	0.130732
3396.2	0.127163
3472.08	0.124241
3550.16	0.123318
3628.2	0.128726
3700.21	0.150741
3775.32	0.196017
3848.36	0.254714
3927.96	0.327819
4002.31	0.368886
4074.19	0.382456
4148.16	0.39841
4219.51	0.408469
4287.39	0.416657
4350.07	0.423603
4403.2	0.434008
4468.37	0.439717
4528.62	0.450142
4585.09	0.462271
4637.38	0.475342
4693.69	0.487476
4747.26	0.505474
4799.24	0.524403
4848.64	0.542053
4912.91	0.555218
4972.12	0.570731
5025.87	0.586213
5082.59	0.596532
5140.5	0.605633
5198.35	0.618422
5255.78	0.637922
5312.55	0.666927
5368.64	0.706853
5422.6	0.755877
5474.79	0.801025
5471.9	0.596006
5469.63	0.434932
5468.51	0.30218
2541.99	0.169367
2542.26	0.168864
2542.66	0.167878
2631.87	0.165892
2712.44	0.16247
2792.75	0.158426
2866.01	0.154527
2944.39	0.15037
3013.07	0.146587
3088.14	0.142607
3166.84	0.138456
3242.42	0.134531
3318.92	0.130743
3394.8	0.12728
3470.05	0.124761
3545.87	0.125896
3620.7	0.142305
3689.87	0.216768
3788.42	0.331271
3857.36	0.342467
3926.63	0.378405
4002.88	0.408721
4076.39	0.435696
4150.24	0.457392
4221.49	0.474125
4291.37	0.480212
4347.49	0.466683
4407.43	0.473653
4468.55	0.483557
4527.94	0.494898
4585.47	0.506361
4642.28	0.517317
4693.37	0.522235
4745.68	0.533632
4794.43	0.548681
4855.72	0.55708
4913.02	0.566924
4974.78	0.578853
5035.39	0.59118
5083.13	0.598067
5142.77	0.605797
5200.2	0.618463
5256.48	0.638469
5311.92	0.668517
5369.36	0.7079
5424.12	0.756256
5476.67	0.801006
5473.94	0.594537
5471.76	0.432463
5470.67	0.300652
2541.85	0.169383
2542.37	0.168868
2543.98	0.167827
2641.74	0.165549
2712.05	0.162486
2783.43	0.158909
2863.42	0.154728
2941.63	0.150499
3017.72	0.146324
3097.38	0.142112
3168.94	0.138325
3244.25	0.134576
3319.85	0.130775
3394.71	0.127428
3468.13	0.12497
3542.81	0.125626
3616.44	0.136995
3686.74	0.179355
3770.31	0.267806
3852.71	0.33809
3929.31	0.377984
4000.25	0.38205
4074.26	0.3941
4144.44	0.400652
4216.6	0.405736
4284.74	0.412238
4347.61	0.417995
4407.14	0.431269
4469.19	0.44564
4528.16	0.463028
4585.21	0.480763
4640.27	0.498653
4692.87	0.516242
4747.52	0.533172
4801.53	0.55013
4859.74	0.565404
4920.67	0.578602
4976.76	0.58336
5035.07	0.594369
5092.42	0.602679
5145.81	0.609047
5201.09	0.620903
5254.99	0.640002
5305.35	0.67187
5368.4	0.709294
5424.38	0.756594
5477.17	0.801026
5474.5	0.594081
5472.34	0.431448
5471.26	0.299928
2541.25	0.169435
2541.42	0.168944
2541.63	0.167984
2628.55	0.16606
2707.22	0.162766
2784.16	0.15892
2862.77	0.15477
2941.2	0.150515
3019.1	0.146276
3097.23	0.142115
3173.15	0.138119
3248.91	0.134312
3322.12	0.130961
3396.76	0.128291
3465.59	0.126569
3541.01	0.129575
3613.76	0.149973
3685.55	0.208136
3764.39	0.242482
3844.05	0.258103
3912.56	0.253474
3993.25	0.295644
4071.22	0.335742
4144.26	0.363917
4215.04	0.387122
4283.2	0.40559
4347.62	0.423178
4412.33	0.439402
4470.24	0.44139
4527.77	0.451456
4584.56	0.464591
4638.59	0.478286
4688.38	0.493988
4748.14	0.50401
4802.65	0.520252
4859.35	0.536847
4918.89	0.552967
4976.68	0.568529
5034.79	0.583516
5091.68	0.595671
5145.16	0.605721
5201.74	0.617623
5258.02	0.637437
5313.15	0.667478
5370.09	0.707151
5424.33	0.75594
5476.5	0.801074
5473.61	0.596242
5471.4	0.432906
5470.32	0.300116
2540.54	0.169496
2540.47	0.169022
2540.16	0.168093
2623.61	0.166239
2704.16	0.162931
2783.32	0.158997
2862.46	0.15479
2941.53	0.150487
3020.56	0.146194
3099.69	0.141975
3177.98	0.137895
3252.42	0.134103
3326.12	0.130742
3401.5	0.128447
3472.34	0.129968
3541.62	0.138044
3607.73	0.156008
3686.68	0.154097
3763.6	0.169131
3838.56	0.177001
3909.62	0.186447
3979.84	0.223681
4066.42	0.294318
4141.98	0.343427
4212.96	0.372273
4282.41	0.391632
4344.79	0.394866
4408.46	0.406107
4468.63	0.417053
4529.24	0.431572
4587.38	0.449413
4643.19	0.467578
4697.43	0.485987
4753.28	0.503585
4806.84	0.521972
4853.59	0.541868
4916.44	0.55869
4974.14	0.575075
5034.07	0.588982
5093.25	0.599136
5153.36	0.608482
5200.59	0.617333
5259.22	0.635719
5315.23	0.664625
5370.12	0.705068
5422.88	0.755142
5474.22	0.801169
5471.08	0.598267
5468.87	0.432385
5467.8	0.298504
2539.94	0.169548
2539.79	0.16908
2539.42	0.168157
2621.57	0.166317
2702.51	0.163013
2782.6	0.159044
2862.38	0.154791
2942.13	0.150439
3022.22	0.14608
3103.34	0.141752
3187.15	0.137454
3257.23	0.133858
3329.03	0.130698
3400.16	0.128098
3474	0.126215
3545.53	0.130098
3618.06	0.151935
3685.69	0.196383
3761.14	0.217067
3834.41	0.219492
3905.1	0.249809
3989.82	0.319679
4063.75	0.337697
4138.03	0.357505
4209.05	0.371955
4272.98	0.383916
4341.48	0.39734
4406.38	0.412471
4468.88	0.428196
4530.22	0.443828
4589.74	0.459646
4646.75	0.475545
4702.34	0.492621
4758.24	0.510082
4810.57	0.519207
4862.85	0.536463
4916.93	0.553363
4967.5	0.571984
5032.7	0.585478
5092.79	0.59656
5151.38	0.605621
5208.15	0.619032
5260.07	0.633038
5314.55	0.662038
5368.01	0.70304
5419.38	0.754251
5469.73	0.80133
5466.65	0.597106
5464.73	0.423197
5463.78	0.290786
2539.54	0.169584
2539.39	0.169116
2539.07	0.168191
2620.72	0.166353
2701.77	0.16305
2782.27	0.159066
2862.47	0.15479
2942.63	0.150413
3023.12	0.14603
3104.69	0.141678
3189.11	0.13735
3259.23	0.133664
3331.99	0.130231
3405.38	0.127355
3478.43	0.126332
3547.96	0.131976
3615.88	0.160306
3687	0.250009
3772.63	0.345917
3845.68	0.380699
3906.76	0.375508
3984.5	0.387337
4061.94	0.401078
4135.31	0.411269
4205.51	0.421055
4272.69	0.432014
4339.14	0.439963
4404.05	0.449475
4467.72	0.458978
4530.55	0.46801
4592.23	0.477253
4649.39	0.480066
4704.66	0.490572
4756.66	0.502347
4812.67	0.516191
4867.12	0.532442
4921.7	0.548841
4976.38	0.564987
5034.8	0.579087
5092.68	0.592035
5149.77	0.601545
5205.23	0.613191
5256.51	0.632852
5311.1	0.65919
5363.72	0.699859
5413.46	0.752296
5461.95	0.801489
5460.14	0.583017
5459.23	0.393818
5458.64	0.270201
2539.33	0.169601
2539.2	0.169133
2538.94	0.168205
2620.46	0.166365
2701.6	0.163062
2782.33	0.159071
2862.75	0.154787
2943.01	0.15041
3023.26	0.146045
3103.54	0.141754
3183.36	0.137593
3259.17	0.133698
3334.99	0.130207
3411.6	0.127848
3486.79	0.130117
3551.21	0.144664
3617.42	0.186052
3690.57	0.216831
3757.92	0.216814
3833.39	0.260763
3913.63	0.318762
3989.83	0.36777
4064.05	0.400235
4135.44	0.426752
4204.41	0.450338
4271.31	0.471394
4336.89	0.489993
4401.35	0.507011
4465.59	0.522564
4530.47	0.536046
4599.26	0.545763
4652.34	0.522191
4705.74	0.529058
4759.27	0.540531
4813.93	0.552
4868.89	0.563838
4924.02	0.575726
4979.32	0.587112
5035.54	0.596521
5092.07	0.603872
5148.51	0.612925
5204.56	0.625233
5260.72	0.642304
5305.91	0.656393
5358.12	0.68593
5405.46	0.727942
5447.85	0.769821
5452.15	0.518448
5453.36	0.335362
5453.29	0.238246
2539.29	0.169601
2539.18	0.169132
2538.96	0.168202
2620.58	0.166361
2701.87	0.163052
2782.78	0.159054
2863.34	0.154765
2943.63	0.150388
3023.65	0.146034
3103.25	0.141763
3182.08	0.137623
3259.67	0.133691
3337.82	0.130181
3419.83	0.127985
3484.82	0.129008
3555.12	0.137214
3622.32	0.153147
3693.35	0.171568
3763.28	0.187918
3830.56	0.218797
3910.58	0.275989
3990.05	0.328275
4063.28	0.362524
4133.52	0.386896
4202	0.404879
4268.73	0.420023
4333.86	0.433275
4397.47	0.444888
4461.7	0.454368
4525.57	0.462959
4589.34	0.469839
4649.26	0.47072
4703.94	0.483556
4757.8	0.498989
4812.29	0.51511
4867.95	0.531258
4923.68	0.548153
4978.65	0.56549
5033.93	0.581479
5089.61	0.59429
5145.6	0.603388
5201.48	0.615305
5256.63	0.633961
5309.67	0.663211
5356.34	0.695419
5403.72	0.750235
5450.95	0.801767
5449.26	0.552251
5448.98	0.334751
5448.8	0.233531
2539.42	0.169584
2539.31	0.169115
2539.1	0.168185
2621	0.166339
2702.55	0.163019
2783.66	0.15901
2864.37	0.154711
2944.73	0.15033
3024.74	0.145977
3104.13	0.141714
3182.51	0.137596
3260.16	0.133707
3337.39	0.130356
3413.14	0.129083
3484.97	0.137964
3559.86	0.191794
3619.4	0.225248
3693.05	0.271419
3768.41	0.311191
3840.79	0.343511
3913.68	0.368193
3987.9	0.383676
4060.31	0.396524
4129.82	0.40972
4198.09	0.423227
4264.91	0.437011
4329.81	0.451081
4390.53	0.465458
4455.75	0.479743
4518.3	0.49503
4580.75	0.510968
4648.8	0.526725
4700.46	0.505351
4753.22	0.513168
4806.96	0.525103
4864.44	0.536405
4921.72	0.549957
4975.52	0.563827
5030.24	0.575607
5085.72	0.589985
5141.48	0.60014
5197.15	0.610851
5251.8	0.62771
5303.9	0.655043
5350.48	0.698774
5398.83	0.751347
5446.43	0.801922
5444.65	0.562769
5444.37	0.338531
5444.37	0.234009
2539.7	0.16955
2539.59	0.169082
2539.36	0.168154
2621.77	0.166301
2703.7	0.162961
2785.04	0.158933
2865.88	0.154619
2946.42	0.150226
3026.73	0.145863
3106.4	0.141598
3184.14	0.137502
3261.63	0.133648
3339.02	0.130257
3410.73	0.1282
3480.59	0.130402
3550.29	0.145504
3616.15	0.181302
3698.08	0.264616
3770.66	0.294185
3842.99	0.332431
3910.47	0.366269
3985.64	0.393406
4059	0.414661
4125.04	0.417883
4193.43	0.433674
4261.17	0.448437
4327.12	0.462534
4392.41	0.475657
4450.68	0.475388
4509.51	0.486499
4564.98	0.497588
4631.95	0.502126
4690.11	0.507241
4744.26	0.521792
4793.12	0.540231
4858	0.556931
4918.36	0.572662
4979.27	0.586562
5023.84	0.589738
5080.22	0.599061
5136.31	0.608555
5192.03	0.621114
5246.83	0.638859
5300.02	0.665028
5351.67	0.701783
5391.39	0.731253
5434.57	0.770545
5438.5	0.496232
5439.61	0.305903
5440.01	0.229794
2540.15	0.169501
2540.03	0.169032
2539.78	0.168107
2622.99	0.166244
2705.48	0.162878
2787	0.158825
2867.84	0.154494
2948.55	0.15008
3029.68	0.145682
3110.96	0.141377
3186.49	0.137379
3263.72	0.133723
3346.94	0.131073
3410.6	0.131849
3475.89	0.141972
3540.56	0.176789
3609.76	0.215558
3683.69	0.250246
3762.4	0.293484
3838	0.330206
3914.11	0.357071
3981.27	0.364802
4046.37	0.375085
4120.7	0.378029
4187.59	0.38947
4257.63	0.401339
4323.47	0.414298
4386.58	0.42725
4447.37	0.438651
4506.82	0.452848
4565.3	0.467485
4625.79	0.482747
4684.17	0.496414
4740.34	0.51174
4795.5	0.52792
4854.2	0.5437
4912.76	0.558444
4964.18	0.572436
5017.85	0.583905
5073.06	0.595668
5129.55	0.604339
5185.85	0.61623
5241.35	0.634977
5295.39	0.664249
5347.23	0.706998
5396.17	0.761592
5439.34	0.802065
5437.11	0.566215
5436.64	0.341903
5436.66	0.237716
2540.75	0.169436
2540.66	0.168966
2540.43	0.168043
2624.93	0.166165
2708.26	0.162764
2789.72	0.15869
2870.06	0.154359
2950.47	0.149937
3032.75	0.145458
3121.65	0.140842
3187.59	0.137349
3260.32	0.134081
3334.89	0.131607
3405.53	0.13176
3471.02	0.139343
3535.05	0.164183
3605.97	0.192812
3680.14	0.179176
3754.2	0.194771
3824.61	0.224276
3905.54	0.274797
3976.72	0.306305
4041.51	0.33952
4118.55	0.361381
4190.5	0.382072
4255.41	0.388059
4319.72	0.401027
4380.39	0.414076
4442.83	0.428538
4502.6	0.445878
4561.19	0.463184
4619.42	0.480152
4678.17	0.496501
4735.2	0.513482
4792.1	0.530654
4848.27	0.545416
4907.52	0.560634
4952.59	0.57056
5016.3	0.583594
5063.6	0.593262
5121.66	0.602084
5178.48	0.612993
5234.45	0.630011
5289.21	0.656425
5341.56	0.695414
5390.13	0.747174
5433.16	0.800881
5433.88	0.54186
5433.35	0.352781
5433.27	0.24646
2541.49	0.169358
2541.47	0.168884
2541.38	0.167953
2628.01	0.166044
2712.93	0.162584
2793.64	0.158514
2872.38	0.154261
2950.72	0.149969
3029.47	0.1457
3108.4	0.141524
3181.25	0.137655
3254.58	0.134081
3329.56	0.131214
3408.77	0.131701
3468.33	0.140829
3530.53	0.176224
3600.06	0.22295
3672.43	0.259885
3750.74	0.29231
3826.48	0.316165
3900.38	0.334682
3974.07	0.344854
4045.99	0.360435
4117.12	0.373629
4186.53	0.386638
4253.1	0.399727
4317.41	0.414054
4378.49	0.430202
4437.89	0.436986
4496.76	0.452772
4554.86	0.46763
4610.07	0.48318
4671.5	0.499153
4727.89	0.510732
4783.34	0.524371
4840.52	0.537886
4897.42	0.554144
4955.81	0.569233
5004.8	0.579233
5057.73	0.592358
5113.78	0.602033
5170.11	0.613898
5226.02	0.632347
5281.76	0.660335
5335.43	0.700816
5386.1	0.752791
5434.91	0.802055
5431.8	0.587934
5429.97	0.396696
5429.59	0.271129
2542.29	0.169277
2542.4	0.168791
2542.67	0.167829
2632.77	0.165833
2721.85	0.162214
2799.62	0.158206
2875.25	0.154114
2950.76	0.149993
3026.32	0.145896
3101.59	0.141877
3174.89	0.138013
3247.65	0.134361
3320.44	0.131074
3392.77	0.128779
3459.63	0.129254
3526.47	0.137657
3595.96	0.163261
3663.45	0.19717
3734.17	0.212879
3820.52	0.271956
3903.84	0.332987
3979.73	0.366331
4047.48	0.380653
4114.87	0.396424
4184.14	0.408046
4251.34	0.42066
4316.24	0.433593
4378.27	0.447009
4432.82	0.458294
4489.23	0.475258
4547.07	0.477621
4610.38	0.489083
4663.66	0.491183
4719.46	0.506244
4768.76	0.524738
4830.65	0.540741
4883.51	0.559816
4947.02	0.575426
5006.63	0.58982
5056.59	0.597371
5104.37	0.603085
5160.27	0.61597
5214.96	0.636177
5272.64	0.664784
5328.09	0.705086
5380.56	0.755555
5431.43	0.802135
5427.78	0.601122
5425.37	0.426472
5424.69	0.29
2543.03	0.169205
2543.21	0.168709
2543.9	0.167701
2638.51	0.165515
2742.11	0.161245
2807.85	0.1577
2878.39	0.153913
2950.99	0.149996
3023.74	0.14606
3097.1	0.142159
3169.51	0.138405
3241.2	0.134928
3312.29	0.132066
3382.59	0.130932
3450.66	0.135531
3517.31	0.152652
3583.91	0.190935
3657.62	0.229488
3742.42	0.283112
3826.22	0.321542
3906.52	0.352957
3985.66	0.376487
4047.83	0.377555
4106.93	0.40047
4181.94	0.416786
4250.41	0.43422
4317.11	0.450169
4376.31	0.455139
4432.7	0.456123
4487.81	0.465274
4548.35	0.476321
4598.81	0.488522
4660.5	0.496343
4717.69	0.510684
4772.26	0.526728
4827.48	0.543198
4880.07	0.561394
4940.19	0.57661
4997.62	0.590481
5054.38	0.600748
5098.98	0.608701
5149.63	0.618181
5197.97	0.640968
5261.93	0.668551
5319.47	0.707846
5373.25	0.757047
5425.14	0.802295
5421.59	0.604381
5419.02	0.441378
5418.08	0.301004
2543.63	0.169154
2543.56	0.168684
2543.54	0.167749
2635.19	0.165734
2726.31	0.162026
2808.2	0.157816
2878.47	0.153929
2951.01	0.150059
3020.44	0.146263
3094.4	0.142279
3165.71	0.138526
3236.15	0.134996
3305.89	0.131946
3376.19	0.12981
3442.35	0.128499
3510.7	0.135231
3575.64	0.171918
3658.49	0.284469
3753.39	0.357613
3827.9	0.357636
3906.01	0.375869
3985.27	0.389398
4051.64	0.395155
4117.12	0.403688
4183.03	0.398362
4248.62	0.405713
4309.33	0.41268
4368.89	0.416198
4431.55	0.427075
4490.18	0.444239
4548.27	0.461923
4603.86	0.480185
4661.11	0.497489
4717.31	0.515202
4772.22	0.53328
4825.43	0.551633
4878.85	0.569522
4934.17	0.584897
4988.01	0.593241
5045.15	0.602293
5099.97	0.612899
5141.14	0.62028
5195.71	0.640812
5253.63	0.66964
5310.34	0.70929
5364.46	0.758012
5416.85	0.80254
5413.44	0.604975
5410.83	0.448029
5409.67	0.307491
2544.35	0.1691
2543.9	0.168662
2543.07	0.1678
2632.37	0.165892
2719.77	0.162363
2802.12	0.158238
2878.26	0.154068
2952.77	0.149961
3026.82	0.145894
3094.69	0.142205
3163.2	0.13866
3230.68	0.135279
3301.86	0.131674
3370.92	0.128631
3437.73	0.126647
3505.87	0.129174
3573	0.150193
3642.08	0.230786
3741.4	0.330603
3818.72	0.355099
3899.97	0.383718
3987.6	0.400551
4052.46	0.398769
4118.95	0.409669
4186.18	0.409728
4246.76	0.409641
4310.64	0.416303
4370.86	0.430449
4431.42	0.446675
4490.26	0.463248
4548.04	0.479859
4604.69	0.496673
4660.34	0.513509
4715.89	0.530523
4771.65	0.547229
4821.17	0.552341
4873.97	0.566993
4917.16	0.579804
4979.12	0.589936
5036.24	0.599445
5090.55	0.609462
5140.7	0.626147
5187.1	0.641825
5242.63	0.670922
5299.55	0.710621
5354.04	0.758901
5406.77	0.802883
5403.47	0.605014
5400.93	0.450828
5399.76	0.31111
2545.57	0.169015
2544.68	0.168605
2543.05	0.167791
2631.42	0.165922
2718.31	0.162425
2802.34	0.158267
2879.84	0.154027
2955.22	0.149852
3023.03	0.146067
3091.74	0.142397
3163.42	0.138568
3236.07	0.134863
3300.49	0.131651
3368.45	0.12869
3432.2	0.126428
3501.65	0.12636
3568.38	0.137321
3631.31	0.1882
3720.73	0.30318
3798.05	0.368952
3883.7	0.40418
3967.96	0.430532
4043.6	0.457816
4117.47	0.481396
4195.44	0.495181
4255.8	0.466635
4312.82	0.471749
4369.84	0.481937
4430.49	0.492092
4488.98	0.503893
4546.64	0.515827
4604.34	0.527691
4657.56	0.52944
4712.25	0.539074
4763.33	0.549074
4814.37	0.559151
4863.74	0.573285
4917.6	0.585633
4973.71	0.595397
5029.11	0.604064
5083.75	0.615306
5138.8	0.630866
5184.57	0.650379
5226.34	0.675231
5286.92	0.71228
5342.07	0.759801
5394.98	0.803329
5391.78	0.604979
5389.37	0.451396
5388.28	0.312557
2547.73	0.168876
2546.24	0.168491
2543.56	0.167716
2631.95	0.165854
2719.73	0.162304
2809.17	0.157906
2883.7	0.1538
2951.01	0.150076
3022.53	0.146113
3092.75	0.142287
3163.09	0.138544
3232.77	0.134941
3300.43	0.131553
3368.96	0.128486
3438	0.126478
3500.25	0.127813
3565.37	0.139022
3626.26	0.186517
3693.39	0.259312
3760.6	0.346929
3862.46	0.380674
3952.54	0.399218
4033.48	0.412384
4109.82	0.42297
4183.89	0.431877
4251.48	0.436153
4312.17	0.450353
4373.18	0.465739
4430.55	0.476581
4487.05	0.478996
4543.45	0.4895
4596.56	0.497003
4653.57	0.507642
4708.73	0.522651
4759.42	0.532694
4807.65	0.543482
4852.48	0.561594
4912.19	0.575142
4967.54	0.588705
5021.29	0.599181
5074.42	0.608946
5127.49	0.622917
5176.24	0.64574
5228.67	0.678645
5275.42	0.712974
5329.04	0.760225
5381.39	0.803889
5378.34	0.604466
5376.25	0.449264
5375.32	0.311764
2551.43	0.168665
2549.03	0.168309
2544.64	0.167592
2633.04	0.165782
2719.52	0.162336
2803.33	0.158226
2880.38	0.154037
2952.36	0.149996
3023.62	0.146043
3094	0.1422
3163.85	0.138478
3231.97	0.13494
3300.05	0.131573
3369.55	0.128542
3433.65	0.126838
3500.31	0.128524
3562.73	0.138216
3622	0.157638
3687.12	0.186341
3763.04	0.259141
3846.02	0.347191
3941.02	0.381903
4023.85	0.404775
4100.95	0.424312
4175.75	0.441784
4251.32	0.457207
4308.9	0.446537
4368.4	0.45572
4424.57	0.464879
4485.7	0.476829
4537.54	0.481166
4596.39	0.493838
4649.32	0.494586
4701.38	0.503592
4751.71	0.51452
4805.28	0.530581
4856.04	0.550145
4909.31	0.568626
4961.76	0.58502
5013.19	0.597611
5063.78	0.608647
5118.44	0.623235
5173.9	0.644641
5219.35	0.673312
5271.03	0.716058
5314.07	0.760383
5365.07	0.804549
5363.07	0.59929
5361.74	0.440729
5361.07	0.307527
2557.58	0.168367
2553.87	0.168036
2546.83	0.167365
2636.03	0.16558
2721.98	0.162167
2804.35	0.158111
2882.3	0.153904
2954.67	0.149843
3025.88	0.145905
3096.14	0.142065
3166.73	0.138293
3231.72	0.134954
3298.77	0.131715
3364.58	0.128729
3431.39	0.126039
3493.47	0.123763
3562.27	0.122319
3628.52	0.124398
3696.36	0.135867
3764.94	0.17522
3843.95	0.265461
3935.12	0.337491
4014.89	0.37375
4090.61	0.395793
4163.93	0.411348
4233	0.423499
4297.82	0.427197
4360.19	0.436604
4420.45	0.446293
4479.38	0.456162
4537.73	0.457861
4588.96	0.461336
4642.49	0.470718
4698.6	0.484391
4750.65	0.503411
4803.42	0.523222
4854.96	0.543327
4905.44	0.563342
4955.73	0.581456
5005.05	0.59591
5047.72	0.606536
5106.51	0.61764
5160.02	0.634803
5207.1	0.662867
5257.98	0.700468
5305.43	0.747537
5343.47	0.788402
5346.48	0.576759
5346.38	0.42113
5345.86	0.299171
2567.49	0.167966
2562.08	0.16765
2551.27	0.166985
2642.25	0.165188
2728.06	0.161777
2809.87	0.157723
2889.95	0.153398
2958.34	0.149557
3029.39	0.145715
3098.3	0.141993
3165	0.138366
3230.68	0.134941
3298.14	0.131645
3363.46	0.128331
3430.83	0.12516
3496.81	0.122299
3564.55	0.120252
3632.81	0.121345
3702.14	0.133988
3769.7	0.182492
3853.56	0.287859
3929.34	0.307803
4004.12	0.341131
4078.45	0.363307
4153	0.375994
4222	0.383651
4288.61	0.396713
4352.46	0.410071
4412.5	0.421965
4470.64	0.433823
4531.87	0.446665
4588.99	0.464522
4646.9	0.483299
4697.26	0.491131
4746.37	0.510139
4800.4	0.529889
4852.73	0.549908
4899.82	0.561953
4949.31	0.578615
4994.97	0.592763
5045.21	0.603099
5098.08	0.615775
5150.07	0.634835
5201.55	0.664061
5244.46	0.700272
5291.26	0.75257
5336.98	0.803586
5332.53	0.595009
5331.18	0.418303
5329.99	0.296513
2582.88	0.167446
2575.73	0.167134
2561.77	0.166393
2653.64	0.164525
2738.16	0.1612
2817.22	0.157319
2888.36	0.153419
2963.42	0.149271
3036.45	0.145258
3099.61	0.141803
3163.38	0.138405
3232.26	0.134792
3299.45	0.131369
3365.71	0.128056
3432.35	0.124877
3499.12	0.121936
3566.99	0.119757
3636.35	0.120704
3708.31	0.13419
3785.24	0.188117
3849.6	0.182373
3921.54	0.175363
3987.48	0.206431
4059.73	0.265606
4140.42	0.322933
4210.98	0.355498
4279.15	0.37936
4342.94	0.388757
4406.26	0.401429
4467.05	0.419986
4527.31	0.438935
4585.58	0.45759
4641.45	0.476289
4695.14	0.494987
4748.7	0.514365
4796.88	0.522635
4844.6	0.535929
4893.95	0.552119
4942.35	0.571062
4990.09	0.588002
5039.03	0.600173
5088.88	0.612324
5138.1	0.630504
5185.4	0.658976
5227.47	0.704264
5275.11	0.757266
5322.66	0.806398
5317.78	0.609372
5315.39	0.473338
5313.03	0.313639
2605.47	0.166774
2596.26	0.166506
2575.56	0.165808
2671.91	0.163789
2756.64	0.160247
2832.24	0.156383
2905.6	0.15237
2970.75	0.148802
3033.64	0.14532
3103.06	0.141555
3169.35	0.13799
3236.01	0.134508
3302.26	0.131129
3368.23	0.12785
3434.42	0.124674
3501.1	0.121634
3568.73	0.118886
3637.72	0.11702
3708.45	0.117843
3780.62	0.124455
3849.76	0.124387
3919.41	0.127259
3985.74	0.14526
4047.06	0.19201
4127.31	0.287997
4196.6	0.323992
4264.02	0.348439
4333.38	0.374822
4398.86	0.399683
4460.64	0.423388
4521.78	0.444939
4581.89	0.46487
4635.75	0.469012
4690.89	0.481358
4741.68	0.491888
4793.09	0.508323
4842.27	0.528253
4887.01	0.546963
4934.38	0.566854
4982.98	0.584556
5031.08	0.598079
5078.86	0.610432
5125.75	0.629578
5171.27	0.660314
5216.27	0.705853
5256.1	0.758159
5301.88	0.807908
5296.28	0.620871
5293.62	0.476508
5292.5	0.318213
2637.34	0.165838
2628.33	0.165616
2598.34	0.164974
2701.8	0.162546
2784.28	0.158811
2849.64	0.155387
2910.9	0.151961
2979.1	0.148237
3044.11	0.144646
3110.01	0.141084
3175.37	0.137599
3240.68	0.134197
3305.9	0.130882
3371.16	0.127652
3436.74	0.124507
3502.91	0.121448
3569.98	0.118503
3638.16	0.115773
3707.57	0.113521
3778.05	0.112093
3848.65	0.110982
3919.69	0.113433
3985.97	0.129644
4043.94	0.175882
4108.55	0.200201
4172.42	0.232601
4252.38	0.319023
4322.7	0.368082
4390.71	0.398127
4451.37	0.408404
4514.4	0.422943
4570.93	0.431821
4630.42	0.443035
4685.99	0.459733
4738.41	0.478139
4789.26	0.498501
4838.22	0.51973
4885.33	0.541561
4923.49	0.56262
4975.23	0.579883
5022.64	0.594748
5068.37	0.606756
5112.54	0.624415
5154.48	0.652989
5193.24	0.697666
5229.43	0.757587
5273.17	0.809289
5270.76	0.617624
5270.5	0.468059
5270.56	0.315325
2678.31	0.164529
2681.43	0.164136
2694.45	0.163183
2752.65	0.160437
2809.79	0.157428
2868.59	0.154222
2928.31	0.150901
2990.88	0.147467
3054.01	0.144017
3117.86	0.140584
3181.89	0.137196
3245.94	0.133874
3310.06	0.130627
3374.4	0.127456
3439.17	0.124359
3504.64	0.121329
3571	0.118367
3638.34	0.11549
3706.61	0.11276
3776.24	0.110327
3847.92	0.108694
3925.11	0.110256
3979.46	0.115478
4043.04	0.121465
4107.04	0.141673
4165.46	0.1864
4236.07	0.279298
4308.34	0.316238
4374.76	0.337861
4443.81	0.359806
4508.01	0.383791
4568.05	0.403105
4626.25	0.423251
4681.62	0.443052
4734.22	0.463127
4784.92	0.483535
4833.79	0.504247
4880.7	0.525446
4924.96	0.547355
4970.5	0.56922
5015.13	0.587405
5058.32	0.600435
5099.68	0.614542
5138.06	0.637005
5169.35	0.669831
5200.38	0.708496
5231.18	0.72647
5242.51	0.583946
5247.41	0.446444
5248.73	0.300862
2716.26	0.16301
2724.71	0.162399
2745.43	0.161075
2785.61	0.158797
2833.79	0.156095
2886.78	0.153129
2943.11	0.14999
3002.37	0.146735
3063.52	0.143421
3125.92	0.140093
3188.83	0.136789
3251.64	0.133541
3314.57	0.130365
3377.87	0.12726
3441.64	0.124224
3506.27	0.121244
3571.92	0.118313
3638.57	0.115441
3705.35	0.112671
3773.52	0.110055
3842.79	0.107789
3912.67	0.106593
3978.59	0.108544
4040.18	0.118646
4107.66	0.153023
4165.4	0.193576
4220.49	0.172107
4293.95	0.181662
4355.41	0.220494
4435.53	0.304534
4502.2	0.357218
4563.48	0.389985
4621.73	0.414917
4677.1	0.437734
4729.25	0.46014
4779.9	0.482375
4828.97	0.504875
4876.52	0.52781
4923.16	0.5505
4965.14	0.560856
5008.2	0.57832
5049.41	0.592373
5088.47	0.601781
5123.56	0.610269
5155.35	0.618963
5183.57	0.624436
5207.36	0.603878
5220.81	0.528919
5227.78	0.402477
5228.82	0.257586
2745.89	0.161625
2755.84	0.160916
2777.05	0.15952
2810.69	0.157472
2853.14	0.154994
2901.84	0.152218
2955.21	0.149234
3012.27	0.146105
3072.1	0.142886
3133.85	0.139625
3196.31	0.136376
3257.74	0.133199
3319.28	0.1301
3381.53	0.127064
3443.97	0.124109
3507.69	0.121192
3572.73	0.118301
3639.64	0.115431
3703.77	0.112758
3770.81	0.110205
3838.24	0.107884
3905.28	0.106114
3968.08	0.105063
4035.24	0.104337
4101.31	0.109003
4164.38	0.116144
4226.8	0.116625
4293.51	0.132512
4355.99	0.177759
4425.2	0.26827
4495.35	0.349506
4557.68	0.389295
4616.47	0.41601
4672.7	0.439851
4723.06	0.447395
4774.01	0.464261
4823.46	0.477926
4871.3	0.490008
4914.91	0.500817
4960.38	0.511069
5002.89	0.526537
5042.81	0.540483
5079.98	0.551179
5113.81	0.556202
5144.11	0.554269
5170.29	0.541566
5191.34	0.508373
5205.89	0.426722
5213.45	0.316043
5215.51	0.212876
2765.73	0.160601
2775.87	0.159869
2796.4	0.158488
2827.15	0.156558
2866.42	0.154216
2912.46	0.151564
2963.88	0.14868
3019.68	0.145623
3079.11	0.142441
3141.47	0.139183
3205.28	0.135917
3264.26	0.132844
3323.86	0.129848
3385.65	0.126838
3445.74	0.124041
3508.59	0.121208
3572.55	0.118385
3636.42	0.115608
3702.49	0.112746
3768.83	0.110048
3835.28	0.107463
3901.35	0.105023
3966.38	0.102771
4032.23	0.100831
4097.86	0.099918
4162.75	0.10078
4227.9	0.107021
4294.64	0.135437
4361.4	0.222488
4421.76	0.257151
4489.19	0.299742
4551.6	0.319894
4610.67	0.331134
4662.85	0.337414
4717.05	0.349904
4768.27	0.369167
4818.03	0.385799
4866.45	0.399309
4912.59	0.410509
4956.99	0.423712
4998.84	0.433829
5038.01	0.440621
5074.35	0.44286
5107.54	0.438587
5137.22	0.426285
5162.43	0.403305
5182.22	0.368287
5196.53	0.310053
5202.75	0.212604
5207.36	0.185956
2775.61	0.160055
2785.67	0.159323
2805.72	0.157962
2835.26	0.156087
2873.13	0.153809
2917.93	0.151217
2968.44	0.148378
3023.78	0.145342
3083.53	0.142141
3148.05	0.138778
3219.55	0.1352
3270.68	0.132499
3326.85	0.129741
3382.28	0.126979
3445.24	0.124047
3508.42	0.121164
3572.22	0.118315
3636.55	0.1155
3701.95	0.112716
3767.85	0.110008
3833.88	0.107379
3899.71	0.104841
3965.17	0.102419
4030.78	0.100181
4096.34	0.0983477
4161.83	0.0975151
4227.76	0.0996309
4294.54	0.11005
4361	0.136421
4424.16	0.15927
4487.65	0.179734
4548.63	0.19623
4606.11	0.206469
4659.32	0.21177
4709.97	0.225048
4761	0.246982
4811.75	0.269934
4862.01	0.289238
4910.46	0.303513
4954.98	0.312922
4996.59	0.31724
5035.47	0.317619
5071.58	0.314407
5104.85	0.307872
5135.07	0.298504
5159.79	0.284005
5178.01	0.257089
5190.04	0.214133
5198.89	0.185615
5203.45	0.16393
4372.16	0.363521
4421.74	0.383522
4488.68	0.411016
4551.15	0.434213
4610.75	0.455957
4653.92	0.467588
4675.59	0.528169
4722.35	0.531285
4773.68	0.545645
4823.16	0.557306
4871.34	0.568146
4910.41	0.572528
4928.05	0.609804
4964.41	0.612346
5007.88	0.634526
5049.09	0.651008
5088.33	0.666843
5122.66	0.676775
5140.82	0.688288
5167.03	0.689052
5179.17	0.708168
2654.87	0.164921
2712.53	0.162456
2770.23	0.159673
2798.15	0.15803
2865.78	0.154531
2944.95	0.150374
2997.94	0.147509
3024.02	0.145882
3091.47	0.142369
3169.04	0.138423
3223.13	0.135657
3252.27	0.133982
3322.1	0.130717
3400.19	0.127396
3453.17	0.125534
3483.9	0.124232
3556.37	0.122828
3635.5	0.124122
3684.47	0.128231
3715.6	0.130507
3786.28	0.140626
3857.77	0.160976
3894.68	0.195508
3912.9	0.217186
3855.29	0.460767
3889.53	0.460766
3957.98	0.464692
4030.53	0.466543
4093.82	0.475114
4163.08	0.476126
4226.07	0.478408
4288.82	0.478133
4334.29	0.478152
4358.82	0.489301
4413.73	0.490774
4471.97	0.499283
4528.36	0.502776
4574.76	0.514788
4623.28	0.518093
4677.03	0.52256
4728.72	0.525557
4775.38	0.528708
4782.51	0.541762
4607.37	0.606986
4652.93	0.611289
4705.66	0.617447
4759.21	0.625477
4813.8	0.632921
4868.74	0.641541
4923.87	0.650223
4979.22	0.658462
5035.39	0.665357
5091.88	0.672358
5148.3	0.679784
5204.34	0.6875
5259.77	0.694863
5305.87	0.711724
5357.66	0.716925
5404.92	0.722478
5445.18	0.720092
5448.54	0.5428
4601.29	0.545634
4640.09	0.552621
4660.33	0.572548
4691.33	0.572862
4738.09	0.588168
4783.96	0.598903
4828.08	0.614045
4847.64	0.657642
4873.21	0.658853
4920.71	0.671991
4968.35	0.685955
5019.12	0.694276
5040	0.713495
5066.66	0.71359
5113.52	0.729565
5157.45	0.749921
5203.1	0.758747
5230.62	0.760511
5258.88	0.760161
5299.12	0.765001
5304.46	0.590212
5305.17	0.470747
3886.08	0.286382
3918.61	0.311352
3942.33	0.335339
3990.39	0.351385
4067.11	0.379137
4148.06	0.399747
4223.22	0.415497
4270.18	0.422421
4296.3	0.457149
4357.6	0.459963
4423.03	0.466031
4473.62	0.48546
4522.99	0.490121
4543.25	0.518139
4584.23	0.518697
4639.45	0.528325
4694.16	0.533398
4748.18	0.537076
4779.51	0.538138
4800.33	0.541998
4827.48	0.54259
2790.87	0.158734
2808.77	0.157654
2832.42	0.156322
2878.2	0.153903
2951.21	0.150057
3016.69	0.146552
3043.4	0.144906
3093.8	0.142247
3163.53	0.138673
3225.67	0.135612
3249.74	0.134177
3299.89	0.131749
3368.67	0.128917
3426.44	0.127586
3449.11	0.128437
3499.62	0.130394
3565.45	0.145663
3617.92	0.185441
3633.3	0.183308
3684.33	0.212963
3763.31	0.317564
3827.85	0.330666
3835.85	0.274498
3504.08	0.331362
3557.14	0.376033
3636.65	0.407111
3719.89	0.427345
3801.32	0.439767
3879.68	0.449339
3954.56	0.457315
4025.88	0.462912
4100.81	0.465044
4160.72	0.476146
4222.09	0.480348
4284.42	0.483944
4344.94	0.487932
4405.22	0.490124
4464.49	0.4915
4510.81	0.491551
4531.55	0.500404
4575.9	0.500229
4622.83	0.501865
4655.17	0.50116
3850.61	0.15659
3898.78	0.241202
3960.17	0.373385
4029.83	0.421365
4102.99	0.444411
4175.21	0.456888
4234.41	0.462397
4261.26	0.498304
4313.66	0.499344
4377.31	0.515291
4437.55	0.523948
4495.28	0.53241
4550.83	0.540876
4604.01	0.549087
4651.64	0.560605
4697.85	0.567914
4744.8	0.571408
4784.03	0.572778
4801.97	0.583591
4837.73	0.58395
4880.25	0.587504
4908.77	0.588228
3649.31	0.148378
3700.75	0.189934
3775.93	0.306915
3849.09	0.363974
3924.79	0.391628
3974.71	0.410061
4004.89	0.461668
4073.92	0.465328
4147.84	0.469731
4219.13	0.473824
4286.88	0.479121
4349.31	0.487239
4403.56	0.500973
4467.9	0.50557
4528.18	0.512952
4585.24	0.519014
4631.3	0.521045
4650.31	0.545783
4692.55	0.545998
4745.49	0.54872
4782.58	0.549195
3792.3	0.120483
3832.95	0.128991
3850	0.125848
3900.25	0.137263
3959.7	0.172397
4022.42	0.259856
4090.65	0.343467
4164.22	0.372135
4233.72	0.38781
4301.13	0.393932
4365.7	0.395599
4405.91	0.394352
4424.59	0.376255
4475.14	0.378503
4530.1	0.385118
4583.65	0.391853
4632.45	0.400711
4678.48	0.412538
4722.23	0.420619
4760.2	0.424741
2996.82	0.147348
3049.06	0.144491
3119.19	0.140808
3191.17	0.137113
3263.91	0.133548
3337	0.130314
3410.14	0.127978
3482.89	0.128355
3554.37	0.137479
3621.89	0.175423
3696.18	0.297345
3768.84	0.372219
3849.79	0.400496
3929.42	0.413246
4009.45	0.419345
4084.93	0.422703
4150.21	0.424477
4208.57	0.424613
4233.19	0.427627
4323.43	0.325678
4349.71	0.337745
4369.83	0.42716
4419.37	0.43374
4446.13	0.482681
4482.09	0.482787
4526.71	0.488067
4548.66	0.508304
4593.1	0.510707
4612.19	0.536971
4651.58	0.537617
4680.78	0.545794
4704.67	0.55013
4741.99	0.553929
4758.01	0.569231
4797.44	0.570259
4817.31	0.587873
4851.02	0.587975
4886.47	0.59141
4908.73	0.598634
4948.6	0.599584
4964.55	0.619576
5002.63	0.620751
5033.09	0.623682
5066.58	0.622636
5108.57	0.624482
5123.68	0.624027
4131.91	0.47126
4152.81	0.471021
4210.53	0.475135
4272.25	0.479603
4332.11	0.482406
4357.88	0.501593
4398.54	0.501534
4455.72	0.51768
4513.38	0.525375
4565.8	0.533976
4589.61	0.549685
4622.83	0.549549
4673.51	0.560722
4723.57	0.566419
4772.34	0.570498
4794.24	0.578063
4819.63	0.577827
4875.38	0.595294
4927.1	0.602849
4977.29	0.609611
5004.66	0.610972
5030.28	0.610692
5071.8	0.611068
2591.75	0.16576
2606.46	0.165597
2653.72	0.164445
2737.8	0.16121
2817.27	0.157338
2878.31	0.154091
2900.7	0.152657
2957.78	0.149572
3029.25	0.145731
3098.88	0.14201
3143.29	0.139626
3169.37	0.138101
3231.61	0.134988
3298.92	0.131805
3362.57	0.129252
3390.43	0.128815
3432.93	0.127943
3499.95	0.131077
3562.69	0.147989
3610.17	0.19688
3631.94	0.292976
3692.76	0.330416
3749.9	0.347226
3805.76	0.309489
3838.92	0.337195
3861.39	0.42306
3928.62	0.431527
4003.84	0.449586
4078.28	0.464144
4153.28	0.473613
4193.12	0.478044
4231.57	0.478882
4297.43	0.488724
4359.96	0.495031
4420.72	0.500681
4474.48	0.503302
4495.67	0.527795
4536.99	0.52813
4595.87	0.533476
4649.2	0.540034
4702.1	0.544104
4741.81	0.545678
4762.2	0.559447
4807.14	0.559907
4838.59	0.562022
4431.44	0.450777
4440.95	0.456323
4476.25	0.456694
4520.77	0.463436
4536.54	0.498728
4574.81	0.500005
4616.39	0.505014
4628.66	0.540271
4670.27	0.541898
4710.74	0.545358
4729.69	0.571497
4778.03	0.573688
4813.67	0.576807
4825.64	0.585994
4870.71	0.588508
4891.53	0.599247
4914.47	0.599075
4957.64	0.60134
4971.08	0.61873
4999.33	0.618881
5042.89	0.622092
5055.57	0.639295
5090.42	0.639822
5128.87	0.644377
5137.17	0.658669
5162.6	0.65981
3135.78	0.13999
3187.73	0.137401
3260.45	0.134328
3334.57	0.132432
3405.03	0.134508
3470.49	0.148716
3531.86	0.196885
3603.27	0.305672
3631.69	0.376921
3672.32	0.379414
3750.29	0.393396
3826.17	0.404431
3900.19	0.414301
3973.8	0.423224
4045.79	0.433241
4116.87	0.441705
4186.21	0.448833
4252.82	0.454263
4317.17	0.457223
4374.84	0.458777
4396.32	0.471537
4430.41	0.471169
4455.24	0.475974
3462.97	0.131914
3482.2	0.132959
3501.59	0.140793
3550.4	0.155704
3614.98	0.218963
3690.9	0.338085
3745.19	0.367935
3775.44	0.411299
3845.81	0.415158
3908.31	0.400509
3980.91	0.402132
4010.67	0.407455
4062.68	0.407576
4137.69	0.420329
4209.41	0.429163
4261.27	0.433053
4286.55	0.457944
4344.21	0.459639
4408.2	0.468822
4467.44	0.475109
4493.86	0.486638
4527.18	0.486138
4584.28	0.490241
4638.16	0.492967
4672.89	0.494603
3767.98	0.438151
3774.75	0.44073
3828.01	0.44174
3905.94	0.445789
3984.22	0.449273
4051.43	0.461114
4117.05	0.466979
4182.89	0.471229
4248.22	0.476374
4310.25	0.482103
4357.86	0.484324
4380.58	0.518827
4431.78	0.520277
4488.01	0.529887
4547.56	0.533173
4599.41	0.545404
4660.11	0.548983
4717.38	0.555308
4772.23	0.559533
4827.26	0.560523
4857.84	0.560964
4866.24	0.560095
3935.52	0.115048
3976.31	0.125846
3998.96	0.160858
4042	0.205338
4104.11	0.329515
4132.73	0.404952
4196.49	0.41257
4249.36	0.426087
4280.11	0.45703
4342.44	0.462254
4375.56	0.473527
4412.09	0.4728
4468.02	0.480175
4491.01	0.501363
4537.14	0.50143
4582.37	0.51114
4601	0.54391
4649.28	0.545424
4686.8	0.550092
4709.67	0.567094
4758.69	0.569544
4782.93	0.578379
4814.28	0.57805
4861.65	0.579379
4882.68	0.580273
4907.77	0.580093
4914.87	0.576384
4918.19	0.579112
4949.95	0.579281
4965.27	0.588522
5001.62	0.588567
5016.96	0.602388
5053.15	0.602277
5065.05	0.619309
5096.49	0.619655
5109.27	0.636905
5139.07	0.637479
5152.82	0.660852
5184.65	0.661566
5196.45	0.69897
5224.19	0.70026
5241.22	0.731799
5273.21	0.732443
5285.27	0.767744
5312.09	0.768273
5320.03	0.788127
5340.92	0.788379
5336.41	0.785891
5331.94	0.649913
5322.74	0.645356
5321.47	0.634617
4109.66	0.174587
4165.28	0.303539
4205.35	0.383112
4236.76	0.412104
4308.04	0.431183
4372.68	0.450653
4402.5	0.480314
4450.22	0.480445
4514.52	0.497744
4563.31	0.503112
4585.91	0.538192
4635.1	0.539986
4691.05	0.554847
4724.39	0.559258
4748.77	0.5736
4796.79	0.576514
4843.18	0.581696
4864.52	0.593417
4899.16	0.593378
4949.6	0.599243
4989.73	0.599959
5008.25	0.607259
5043.48	0.607155
3807.18	0.416239
3857.67	0.41907
3919.27	0.424387
3943.26	0.452592
3999.44	0.453217
4073.87	0.460399
4144.45	0.465409
4216.24	0.468669
4284.25	0.474423
4347.58	0.481239
4403.72	0.483971
4427.21	0.503214
4469	0.503257
4527.49	0.514296
4584.24	0.519614
4638.24	0.526266
4689.02	0.533136
4747.75	0.535183
4800.71	0.537724
4822.38	0.542503
4844.07	0.542172
3823.68	0.410638
3883	0.419315
3919.66	0.433327
3957.54	0.432488
4032.32	0.433666
4069.89	0.438238
4102.08	0.43847
4161.16	0.436575
4198.45	0.438152
4223.95	0.444997
4282.7	0.448309
4321.85	0.451259
4344.8	0.464006
4400.07	0.465463
4440.84	0.467844
4462.19	0.481676
4513.37	0.483917
4551.75	0.488383
4569.35	0.513846
4615.63	0.515468
4652.54	0.518679
4668.62	0.533714
4708.89	0.534358
4741.8	0.536697
4745.03	0.532216
4045.6	0.440253
4092.9	0.441766
4155.66	0.449562
4217.13	0.457181
4270.22	0.460373
4289.12	0.48887
4333.95	0.489185
4398.18	0.497286
4459.56	0.505304
4512.57	0.518635
4537.16	0.531318
4566.05	0.530992
4615.32	0.539006
4661.38	0.547908
4712.7	0.552062
4742.44	0.556173
4757.05	0.575136
4798.43	0.576651
4841.39	0.583224
4886.82	0.586043
4919.57	0.587654
4928.91	0.598123
4961.22	0.598192
4976.09	0.580625
4984.08	0.589485
5006.5	0.58873
5017	0.586281
5021.37	0.593801
5044.45	0.594191
5056.65	0.594694
5061.24	0.607221
5084.1	0.608291
5097.72	0.611886
5103.41	0.624454
5124.05	0.62604
5139.01	0.628416
5142.17	0.646533
5161.56	0.648994
5174.63	0.647305
5176.78	0.663522
5193.54	0.667177
5205.3	0.663434
5203.77	0.694036
5216.2	0.703241
5225.48	0.704404
5218.01	0.733468
5225.31	0.756784
5227.08	0.757368
3502.75	0.121605
3518.4	0.120881
3552.43	0.119385
3572.03	0.118638
3610.58	0.117226
3632.06	0.116551
3658.87	0.117122
3692.05	0.117081
3712.47	0.128062
3751.56	0.144981
3771.78	0.198634
3807.47	0.323099
3847.81	0.336786
3879.88	0.364423
3928.1	0.365952
3956.18	0.390161
3991.49	0.400763
4023.67	0.409674
4043.1	0.40613
4085.44	0.405172
4105.91	0.355774
4131.75	0.341174
4149.75	0.313538
3994.34	0.430256
4053.05	0.431495
4109.98	0.432872
4128.41	0.454103
4182.33	0.454442
4248.95	0.463511
4299.38	0.466772
4321.98	0.497194
4375.52	0.498175
4433.09	0.507879
4472.59	0.51108
4492.56	0.536171
4547.05	0.538443
4611	0.542739
4645.6	0.548639
4672.03	0.558568
4727.69	0.561106
4783.5	0.566246
4813.26	0.567769
4847.63	0.567197
4906.67	0.569819
4947.7	0.571601
4954.09	0.57303
4954.14	0.574821
3857.51	0.472003
3906.95	0.47511
3984.33	0.482763
4061.54	0.490211
4134.94	0.498139
4205.15	0.505903
4272.47	0.513536
4338.88	0.519443
4403.8	0.525271
4467.5	0.53032
4530.28	0.534454
4591.63	0.538228
4649.09	0.543987
4705.01	0.547593
4739.06	0.54916
4760.35	0.565864
4810.27	0.56741
4862.91	0.570057
4916.31	0.570707
4960.38	0.572401
4919.19	0.577652
4926.33	0.57857
4956.24	0.57879
4974.51	0.592039
4999.95	0.59359
5024.48	0.593635
5043.51	0.602779
5075.55	0.602743
5093.96	0.613558
5119.24	0.615304
5143.66	0.614648
5161.46	0.626479
5192.76	0.62683
5209.55	0.642627
5232.61	0.647678
5254.93	0.647597
5268.98	0.673809
5298.5	0.675032
5310.87	0.70625
5330.22	0.714768
5349	0.715194
5359.22	0.75116
5384.85	0.752581
5397.52	0.798945
5418.39	0.801279
5430.14	0.800803
4472.38	0.523568
4515.74	0.525751
4566.5	0.530372
4616	0.536513
4651.05	0.539457
4668.37	0.562282
4708.77	0.564109
4754.2	0.570134
4798.87	0.573351
4835.82	0.57562
4847.65	0.611243
4879.78	0.613336
4921.87	0.628507
4966.36	0.634856
5013.63	0.638887
5025.03	0.675723
5055.89	0.675345
5100.46	0.696785
5141.63	0.713123
5179.33	0.727939
5195.76	0.743258
5199.08	0.710994
5211.87	0.711615
3417.53	0.13645
3468.37	0.15156
3528.08	0.213173
3599.69	0.337972
3672.28	0.376669
3750.42	0.401163
3826.22	0.41861
3901.35	0.427899
3947.71	0.432598
3980.41	0.45559
4047.07	0.459515
4114.89	0.465376
4183.92	0.468529
4251.1	0.472668
4315.94	0.476732
4377.65	0.480646
4433	0.485637
4490.16	0.486316
4538.37	0.484807
4555.72	0.489252
4587.52	0.489053
3574.4	0.32385
3619.17	0.365497
3692.74	0.407211
3767.96	0.439448
3840.57	0.458431
3913.56	0.470852
3987.59	0.478778
4059.93	0.486005
4129.57	0.49215
4197.84	0.496454
4264.64	0.499837
4329.8	0.502365
4384.85	0.503254
4405.78	0.523855
4449.55	0.523946
4509.11	0.530239
4566.06	0.532883
4631.13	0.533273
4689.61	0.536805
4743.95	0.539563
4781.59	0.54076
3225.94	0.134793
3270.95	0.132486
3327.66	0.129739
3364.34	0.12794
3388.13	0.126683
3445.78	0.124055
3508.69	0.121227
3572.71	0.118416
3635.38	0.115761
3664.68	0.114462
3703.35	0.112821
3770.82	0.110312
3838.24	0.108125
3905.57	0.106992
3963.84	0.109
3989.66	0.115507
4039.37	0.12494
4106.91	0.156382
4165.04	0.189101
4213.44	0.174173
4258.22	0.50099
4258.79	0.501609
4309.17	0.503604
4368.92	0.508139
4411.42	0.510884
4433.44	0.53289
4486.6	0.534663
4543.84	0.543097
4588.18	0.546089
4608.76	0.571503
4657.06	0.572284
4712.47	0.578843
4757.89	0.580654
4777.61	0.596334
4820.65	0.596782
4873.8	0.608933
4916.8	0.617573
4941.99	0.621206
4987.17	0.620858
5045.15	0.62843
5097.11	0.630452
5114.94	0.639144
5149.28	0.63891
5182.4	0.641706
4217.01	0.564552
4255.99	0.565102
4312.69	0.570469
4370	0.57466
4430.13	0.577296
4488.72	0.582642
4546.44	0.587127
4603.78	0.590773
4657.47	0.597516
4711.87	0.601353
4763.16	0.616344
4814.11	0.626916
4863.89	0.639388
4917.65	0.645805
4973.53	0.650961
5028.92	0.657294
5083.62	0.663395
5138.11	0.66848
5184.63	0.678554
5217.63	0.681292
2767.77	0.159638
2771.52	0.159426
2787.11	0.158596
2849.97	0.155384
2892.4	0.153091
2910.52	0.152001
2970.93	0.148798
3025.77	0.145862
3045.71	0.144633
3099.33	0.141817
3160.69	0.13863
3184.94	0.137248
3230.18	0.13497
3298.25	0.131746
3334.58	0.130175
3365.26	0.128804
3431.82	0.126673
3480.37	0.128091
3503.93	0.132077
3562.43	0.14471
3614.11	0.189299
3633.94	0.286677
3692.56	0.324119
3752.28	0.347097
4109.62	0.466064
4161.52	0.472026
4201.63	0.476871
4227.64	0.504825
4287.08	0.507206
4346.67	0.515544
4407.87	0.520298
4438.63	0.525748
4464.33	0.532961
4517.54	0.5367
4573.54	0.541842
4625.36	0.549753
4647.11	0.565454
4673.53	0.565323
4723.54	0.569358
4773.28	0.574263
4820.75	0.576876
4838.1	0.593474
4866.84	0.59353
4914.16	0.596997
4959.4	0.59915
4994.15	0.599415
2755.45	0.160413
2807.77	0.157676
2878.55	0.1539
2951.02	0.149994
3023.79	0.146065
3097.04	0.142186
3169.46	0.138471
3241.14	0.135114
3312.2	0.132662
3382.35	0.132915
3450.27	0.141734
3514.87	0.175052
3582.73	0.28338
3657.8	0.357137
3742.08	0.378204
3825.74	0.388363
3906.13	0.392731
3983.64	0.394534
4046.82	0.398161
4093.37	0.401119
2860.37	0.15517
2885.43	0.153659
2949.12	0.150232
2976.24	0.148583
3022.56	0.14608
3090.63	0.142526
3120.95	0.14084
3162.68	0.138687
3231.01	0.1354
3267.34	0.133923
3305.55	0.132252
3376.62	0.131099
3417.53	0.135278
3450.9	0.13845
3518.07	0.155615
3564.88	0.172252
3596.64	0.173663
3661.75	0.218708
3721.77	0.310377
3753.2	0.334978
3826.7	0.337548
3884.27	0.338475
3909.79	0.34013
3976.13	0.345614
4026.01	0.352005
4034.13	0.373431
4289.62	0.546737
4296.44	0.546307
4348.18	0.549581
4407.4	0.553168
4468.27	0.557151
4527.65	0.563812
4585.23	0.570905
4641.72	0.577168
4693.24	0.587304
4745.35	0.592012
4795.64	0.597398
4856.66	0.59847
4903.14	0.598885
4925.26	0.635684
4976.18	0.63758
5034.82	0.6454
5092.05	0.650055
5145.8	0.65697
5200.87	0.661144
5254.39	0.666249
5301.24	0.672336
4673.17	0.585249
4700.67	0.585549
4753.14	0.59028
4807.12	0.594767
4864.36	0.597126
4922.1	0.599141
4967.21	0.599942
4984.46	0.662531
5024.16	0.666417
5080.06	0.670506
5136.1	0.675856
5191.78	0.682053
5246.56	0.688705
5299.78	0.69482
5350.85	0.698344
5391.47	0.695765
5431.98	0.68941
5438.14	0.474692
5439.53	0.299073
5439.85	0.258531
3705.33	0.361785
3770.7	0.377994
3843.22	0.389636
3900.94	0.394443
3923.22	0.415397
3980.33	0.416701
4046.85	0.427736
4120.86	0.432376
4166.38	0.435295
4192.88	0.454445
4254.99	0.457592
4319.49	0.465978
4378.22	0.472002
4402.05	0.491661
4437.4	0.491456
4496.63	0.497188
4555.02	0.501048
4602.58	0.502621
4618.46	0.519247
4663.04	0.519194
4719.1	0.523185
4760.9	0.525268
3992.18	0.42592
4010.87	0.430763
4051.77	0.430315
4112.31	0.432834
4132.29	0.45161
4185.87	0.451614
4237.58	0.456498
4259.53	0.486968
4312.81	0.48704
4352.09	0.487567
4374.84	0.48896
4429.73	0.48981
4454.96	0.491821
4485.58	0.491137
4534.72	0.492175
4551.32	0.497522
4589.02	0.497524
4635.95	0.500904
4652.75	0.526195
4697.11	0.527303
4734.21	0.531777
4751.07	0.54636
4796.54	0.547946
4822.09	0.552375
4842.73	0.554662
4885.25	0.556875
4900.55	0.562815
4913.09	0.562822
4426.68	0.426299
4431.02	0.426474
4464.19	0.426688
4481.5	0.438963
4507.01	0.444047
4525.29	0.459485
4544.49	0.472826
4572.02	0.472683
4584.83	0.503171
4616.26	0.503482
4629.14	0.509068
4655.51	0.510698
4673.62	0.514586
4690.86	0.516018
4715.66	0.515758
4727.39	0.526324
4754.07	0.526975
4762.92	0.54675
4787.46	0.548763
4799.2	0.56092
4815.39	0.567304
4836.74	0.567139
4845.66	0.576883
4868.37	0.577103
4871.17	0.543731
4111.11	0.473439
4149.53	0.475461
4169.81	0.508574
4225.39	0.509992
4287.21	0.515779
4346.71	0.521032
4407.93	0.524768
4466.72	0.531651
4524.96	0.537441
4577.21	0.548288
4623.4	0.560687
4670.23	0.565853
4723.62	0.569227
4778.84	0.571676
4820.6	0.573098
4841.57	0.589758
4888.77	0.590294
4941.17	0.596333
4990.49	0.59875
5023.21	0.599457
2700.15	0.163239
2720.11	0.16216
2766.7	0.159855
2795.18	0.158244
2865.84	0.154607
2926	0.151426
2950.51	0.149917
3013.25	0.146579
3083.95	0.142932
3112.38	0.14122
3168.28	0.138372
3243.85	0.134732
3280.28	0.133074
3321.75	0.131162
3397.22	0.128976
3446.83	0.130199
3474.88	0.132337
3541.77	0.141304
3599.3	0.162147
3623.3	0.180288
3683.52	0.238513
3758.69	0.33261
3788.88	0.379364
3844.5	0.379753
3896.14	0.376127
3207.19	0.136397
3215.78	0.13592
3257.47	0.133891
3329.17	0.130933
3398.33	0.129314
3428.23	0.131191
3471.54	0.132444
3541.19	0.144381
3604.57	0.189677
3641.62	0.3014
3684.67	0.315767
3763.99	0.362003
3844.07	0.397195
3890.26	0.419557
3928.82	0.436702
4000.24	0.441879
4074.79	0.446722
4120.75	0.44867
4151.93	0.461193
4221.24	0.46021
4291.16	0.456187
4331.01	0.449617
4352.8	0.439834
4396.51	0.439702
3352.18	0.131674
3410.97	0.134695
3475.59	0.152092
3537.75	0.215095
3609.26	0.338671
3683.47	0.38865
3761.92	0.417613
3837.77	0.434295
3913.38	0.442607
3981.86	0.452022
4041.72	0.455796
4069.53	0.482631
4123.62	0.482802
4193.17	0.491536
4260.94	0.493549
4326.98	0.495009
4391.8	0.495664
4450.64	0.497284
4509.05	0.497665
4559.85	0.498235
