2875.14	0.209363
2886.67	0.21903
2910.96	0.247683
2950.04	0.284111
3000.99	0.30633
3057.76	0.313984
3119.68	0.317158
3185.26	0.318878
3253.11	0.319976
3322.14	0.320753
3391.5	0.321345
3460.53	0.321829
3528.69	0.322262
3595.38	0.32269
3659.79	0.322987
3720.8	0.322584
3779.46	0.32336
3835.96	0.324423
3890	0.325673
3941.11	0.326945
3989.15	0.328503
4034.51	0.330676
4077.53	0.333056
4118.49	0.335565
4157.58	0.338129
4194.83	0.340666
4229.74	0.343134
4259.3	0.342089
4287.88	0.344554
4314.91	0.346751
4340.38	0.348528
4364.26	0.349837
4386.45	0.350624
4407.11	0.350814
4426.49	0.350343
4444.93	0.349182
4462.84	0.34736
4479.88	0.344865
4495.89	0.341711
4510.85	0.337902
4524.77	0.333479
4537.7	0.328534
4549.71	0.323206
4560.86	0.317608
4571.17	0.311737
4580.59	0.305355
4588.76	0.29663
4594.93	0.284164
4598.93	0.270974
4600.89	0.263619
2862.21	0.220425
2876.75	0.274905
2903.24	0.324034
2941.81	0.344857
2992.04	0.356032
3050.33	0.36344
3113.92	0.368896
3180.88	0.373041
3249.78	0.37616
3319.58	0.378474
3389.5	0.380169
3458.99	0.381392
3527.64	0.382219
3595.03	0.382628
3660.38	0.382589
3720.35	0.378728
3778.71	0.378874
3835.42	0.379284
3889.78	0.379573
3940.95	0.379014
3988.59	0.378236
4033.54	0.379035
4076.25	0.380594
4117.02	0.382755
4156.07	0.385423
4193.84	0.38839
4231.7	0.390809
4257.03	0.376728
4286.22	0.376057
4313.32	0.37897
4338.86	0.381906
4362.85	0.384638
4384.91	0.387048
4405.36	0.389366
4424.4	0.39153
4442.41	0.393564
4460.65	0.395265
4477.82	0.394441
4493.85	0.39091
4508.77	0.384605
4522.62	0.375589
4535.45	0.364248
4547.35	0.351445
4558.43	0.338401
4568.72	0.32622
4578.15	0.31572
4586.51	0.30683
4593.27	0.297737
4597.71	0.284668
4599.87	0.272626
2838.32	0.245811
2852.57	0.313266
2877.67	0.357026
2919.43	0.381876
2973.9	0.397632
3036.24	0.410187
3103.25	0.419981
3172.88	0.427421
3243.76	0.433057
3314.98	0.437333
3385.95	0.440605
3456.26	0.443116
3525.75	0.444976
3594.59	0.446071
3664.04	0.445718
3719.29	0.432057
3777.36	0.432387
3834.95	0.432991
3890.39	0.432741
3941.91	0.430127
3988.3	0.426048
4032.31	0.425895
4074.41	0.427075
4114.69	0.429089
4153.24	0.431762
4190.14	0.435119
4225.5	0.439663
4257.53	0.448578
4283.84	0.437834
4310.54	0.434625
4336.19	0.438136
4360.72	0.441405
4382.38	0.442046
4402.5	0.445117
4420.88	0.44913
4437.33	0.455611
4457.3	0.465959
4474.78	0.47177
4490.85	0.474867
4505.7	0.474618
4519.35	0.469558
4531.86	0.457689
4543.36	0.436879
4554.09	0.405779
4564.2	0.371172
4573.67	0.342951
4582.34	0.323567
4589.74	0.311176
4595.09	0.301582
4597.72	0.290278
2799.46	0.264593
2809.17	0.334333
2833.71	0.384634
2883.15	0.413336
2946.12	0.433433
3015.71	0.447044
3088.24	0.456323
3161.87	0.462553
3235.59	0.466681
3308.79	0.469392
3381.14	0.471158
3452.42	0.472294
3522.54	0.473006
3591.56	0.473444
3659.57	0.473811
3713.47	0.473615
3774.47	0.474506
3834.6	0.475752
3892.92	0.475193
3946	0.472006
3988.28	0.469714
4030.89	0.468986
4072.22	0.469307
4111.94	0.470478
4149.87	0.472466
4185.82	0.475507
4220.45	0.480097
4252.61	0.486412
4280.66	0.494148
4308.54	0.498069
4333.41	0.500011
4361.05	0.505934
4380.34	0.49451
4400.55	0.498485
4419.26	0.506204
4436.92	0.513356
4454.74	0.515463
4471.6	0.520992
4487.77	0.52684
4502.76	0.531494
4516.49	0.534673
4528.85	0.53579
4539.95	0.532644
4549.85	0.518476
4558.88	0.480997
4567.74	0.415659
4576.63	0.357811
4585.02	0.330903
4591.13	0.316445
4594.36	0.307306
2746.09	0.26704
2749.05	0.344501
2762.42	0.412107
2830.99	0.442566
2910.18	0.460886
2990.72	0.472087
3070.55	0.478983
3149.1	0.4833
3226.16	0.486095
3301.64	0.487995
3375.52	0.489371
3447.81	0.490449
3518.48	0.491378
3587.5	0.492286
3654.73	0.493342
3719.75	0.49483
3770.5	0.495533
3834.1	0.497271
3898.77	0.497235
3946.59	0.503214
3987.85	0.496332
4029.71	0.496852
4070.67	0.497944
4110.13	0.499402
4147.74	0.50132
4181.75	0.503874
4217.25	0.507451
4249.42	0.512627
4278.9	0.518078
4306.91	0.522198
4333.76	0.526017
4355.56	0.525404
4378.92	0.530747
4398.05	0.531591
4416.73	0.536075
4434.5	0.539078
4451.38	0.540546
4467.44	0.54362
4484.32	0.549228
4499.64	0.554796
4513.66	0.561349
4526.03	0.570021
4537.17	0.581978
4546.76	0.598156
4554.87	0.60962
4562.14	0.558623
4569.69	0.42914
4579.93	0.359337
4586.89	0.333953
4590.47	0.321949
2687.75	0.259314
2676.54	0.331516
2632.06	0.422856
2766.1	0.464918
2870.96	0.476011
2964.53	0.480978
3052.22	0.483013
3135.92	0.483791
3216.36	0.484157
3294.1	0.484504
3369.5	0.484983
3442.77	0.485638
3514.01	0.486471
3583.15	0.487472
3650	0.48863
3714.05	0.489945
3774.09	0.491438
3830.39	0.494037
3887.4	0.496051
3938.2	0.498361
3984.12	0.500951
4027.69	0.505373
4069.28	0.509989
4108.96	0.514688
4146.89	0.519471
4183.81	0.524118
4215.27	0.523827
4246.85	0.528345
4276.58	0.532877
4304.44	0.537023
4330.58	0.541018
4354.98	0.545326
4375.41	0.54611
4395.02	0.549334
4413.84	0.553798
4431.51	0.558544
4450.74	0.564188
4464.23	0.567438
4480.56	0.573348
4495.94	0.579119
4510.62	0.584927
4522.63	0.591828
4534.18	0.612609
4543.96	0.638791
4552.3	0.670601
4558.83	0.705766
4566.4	0.577784
4576.07	0.39566
4583.17	0.350616
4586.89	0.334694
2642.56	0.249855
2630.65	0.31433
2594.09	0.436496
2727.12	0.477341
2840.46	0.479554
2941.83	0.47932
3035.55	0.478308
3123.63	0.477328
3206.92	0.476702
3286.5	0.476473
3363.17	0.476586
3437.34	0.476983
3509.16	0.477624
3578.62	0.478483
3645.6	0.479546
3709.9	0.480814
3771.5	0.482325
3823.54	0.483622
3879.86	0.484283
3932.27	0.485736
3980.41	0.487929
4025.35	0.491101
4067.58	0.494967
4107.33	0.499337
4144.9	0.503958
4180.57	0.508571
4213.64	0.512854
4245.35	0.518346
4275.24	0.524126
4302.77	0.530274
4328.32	0.536415
4352.06	0.542264
4373.61	0.547794
4393.36	0.553508
4409.95	0.558101
4431.16	0.563084
4446.85	0.566261
4462.06	0.569829
4476.46	0.576473
4491.27	0.582044
4507.68	0.589612
4521.35	0.600199
4532.58	0.620701
4541.94	0.647324
4550.29	0.68081
4557.39	0.714994
4564.49	0.615779
4573.3	0.419027
4580.07	0.360993
4583.88	0.342902
2611.12	0.238387
2601.73	0.288926
2578.44	0.446248
2704.62	0.482829
2819.08	0.482068
2924.11	0.481081
3021.94	0.480352
3113.59	0.479993
3198.63	0.480021
3279.29	0.480404
3356.8	0.481033
3431.68	0.481844
3504.08	0.482813
3573.97	0.48394
3641.25	0.485245
3705.83	0.486755
3767.88	0.488478
3828.05	0.490363
3873.57	0.488801
3927.98	0.490217
3977.25	0.49319
4023.1	0.496583
4065.77	0.500313
4105.31	0.504437
4142.29	0.50897
4177.4	0.513815
4210.91	0.518899
4243.21	0.524014
4273.89	0.529067
4300.76	0.534345
4325.67	0.540191
4349.21	0.545883
4371.54	0.55138
4390.68	0.554292
4409.65	0.558025
4427.45	0.558723
4444.33	0.558643
4461.11	0.560948
4475.88	0.565852
4492.2	0.572283
4507.46	0.581416
4520.62	0.594105
4531.91	0.61871
4539.78	0.648766
4549.25	0.679088
4556.34	0.681626
4563.43	0.563791
4571.21	0.418863
4577.13	0.365601
4581.5	0.347432
2590.55	0.228219
2583.51	0.257173
2570.11	0.460315
2690.86	0.493238
2804.29	0.492506
2910.89	0.492118
3011.92	0.492025
3107.69	0.492
3192.33	0.491138
3272.81	0.491689
3350.65	0.492538
3426.1	0.493566
3499.1	0.494734
3569.51	0.496047
3637.15	0.497532
3701.87	0.499236
3763.67	0.501205
3822.49	0.503531
3877.34	0.506582
3926.36	0.506104
3975.08	0.508961
4021.6	0.51214
4064.7	0.515368
4103.47	0.51864
4139.18	0.522787
4173.53	0.527563
4207.08	0.532705
4240.42	0.537903
4274.11	0.542655
4298.57	0.540588
4322.28	0.544529
4345.53	0.546887
4366.28	0.548621
4388.76	0.550692
4408.36	0.554058
4426.45	0.556035
4443.99	0.558047
4460.05	0.561916
4476.31	0.568358
4492	0.576905
4507.12	0.587473
4519.4	0.598728
4530.27	0.622018
4540.38	0.653885
4548.95	0.690983
4555.72	0.719746
4562.27	0.639231
4570.31	0.440823
4576.64	0.372602
4580.3	0.350415
2577.78	0.223449
2573.23	0.243771
2564.58	0.488756
2681.63	0.517346
2793.53	0.517181
2900.58	0.517585
3004.54	0.518225
3110.46	0.518268
3187.86	0.508731
3266.68	0.507907
3344.59	0.508213
3420.62	0.508696
3494.35	0.509191
3565.47	0.509689
3633.62	0.510219
3698.46	0.510846
3760.1	0.511657
3818.58	0.512718
3873.6	0.514101
3922.78	0.515741
3972.88	0.518096
4021.3	0.52028
4065.79	0.522923
4102.56	0.522355
4135.37	0.523921
4168.38	0.527476
4201.4	0.527251
4235.21	0.529939
4266.43	0.532529
4293.25	0.532326
4317.26	0.534169
4342.52	0.538336
4365.36	0.543502
4387.49	0.548637
4404.75	0.55172
4425.18	0.555426
4443.37	0.560162
4460.68	0.566006
4475.21	0.571202
4490.28	0.576296
4504.66	0.584872
4518.55	0.597213
4530.31	0.622231
4540.4	0.65428
4548.71	0.691286
4555.34	0.718982
4561.77	0.638919
4569.74	0.442193
4576.07	0.374007
4579.54	0.350933
2569.65	0.222741
2566.68	0.243379
2560.68	0.497406
2674.96	0.517792
2785.03	0.515755
2890.79	0.513701
2992.53	0.511622
3089.83	0.509349
3176.33	0.506116
3258.78	0.505283
3338.59	0.504857
3416.02	0.504652
3491.05	0.504663
3563.5	0.504923
3632.78	0.505489
3697.61	0.506541
3759.14	0.50782
3817.86	0.509332
3874.04	0.51111
3928.92	0.513111
3970.97	0.51466
4025.14	0.517585
4063.14	0.513067
4099.53	0.515574
4134.08	0.518171
4166.34	0.521466
4202.07	0.525139
4232	0.525465
4260.46	0.527456
4288.78	0.530252
4314.17	0.5343
4339.72	0.539001
4363.05	0.544596
4382.5	0.548988
4403.6	0.55328
4424.15	0.557772
4441.64	0.561621
4458.69	0.567139
4474.55	0.572801
4487.63	0.576721
4503.74	0.58459
4517.47	0.598952
4529.77	0.623164
4540.07	0.654268
4548.37	0.690461
4554.96	0.716704
4561.38	0.631415
4569.33	0.437605
4575.62	0.372412
4579.01	0.350063
2564.33	0.223957
2562.29	0.248068
2557.91	0.499951
2669.95	0.514398
2778.22	0.512086
2882.42	0.509818
2982.37	0.50768
3077.5	0.505681
3166.5	0.503869
3251.17	0.502612
3332.63	0.501596
3411.43	0.500779
3487.93	0.500168
3562.31	0.4998
3634.02	0.499776
3697.72	0.497921
3758.66	0.498933
3817.37	0.500362
3873.44	0.502087
3926.11	0.504058
3975.23	0.506155
4018.65	0.505632
4060.11	0.507517
4096.94	0.511593
4132.28	0.516149
4165.66	0.519095
4197.11	0.521971
4229.06	0.526153
4258.41	0.531154
4286.21	0.5363
4313.31	0.541539
4337	0.544477
4358.81	0.548377
4380.36	0.551343
4401.01	0.553817
4421.41	0.556419
4440.05	0.556699
4457.86	0.559667
4474.14	0.566432
4488.97	0.575739
4502.98	0.586552
4515.52	0.601524
4528.96	0.624107
4539.62	0.654034
4548	0.689379
4554.57	0.714226
4561.04	0.622459
4569.02	0.431583
4575.27	0.369887
4578.62	0.348747
2560.85	0.226677
2559.34	0.255686
2555.93	0.515672
2666.18	0.527039
2772.92	0.525125
2875.77	0.523542
2974.51	0.52239
3068.87	0.521727
3158.61	0.521584
3244.41	0.521732
3326.94	0.522002
3406.76	0.522328
3484.49	0.522648
3561.3	0.522806
3640.81	0.5223
3698.14	0.516713
3757.96	0.516362
3817.03	0.516395
3873.77	0.516398
3924.4	0.51571
3971.18	0.51677
4014.31	0.519101
4059.31	0.52174
4093.49	0.517551
4128.31	0.51862
4162.77	0.521757
4195.11	0.525409
4226.47	0.529359
4255.78	0.533834
4282.25	0.537625
4309.73	0.540738
4334.47	0.543999
4354.84	0.546238
4378.29	0.550509
4399.66	0.552678
4417.92	0.554024
4438.06	0.557186
4456.43	0.561012
4473.03	0.566212
4488.23	0.573823
4502.25	0.585146
4515.46	0.601218
4528.68	0.623486
4539.32	0.653057
4547.68	0.688027
4554.23	0.711832
4560.74	0.613896
4568.75	0.425848
4574.98	0.367405
4578.29	0.347443
2558.61	0.230667
2557.43	0.266215
2554.6	0.525987
2663.57	0.534879
2769.12	0.532841
2870.89	0.531002
2968.73	0.529415
3062.58	0.528068
3152.48	0.52692
3238.75	0.525899
3321.81	0.524966
3402.04	0.524114
3479.79	0.523347
3555.31	0.52268
3628.16	0.522139
3693.16	0.5219
3755.98	0.522581
3818.08	0.523264
3881.47	0.523842
3926.73	0.519872
3970.62	0.520339
4016.13	0.521474
4052.41	0.523885
4092.97	0.528004
4127.33	0.527363
4160.86	0.528586
4192.46	0.530517
4224.76	0.533438
4254.32	0.536461
4283.24	0.539944
4307.99	0.542219
4329.29	0.544508
4350.15	0.545375
4373.59	0.54561
4396.31	0.547599
4416.12	0.550199
4437.24	0.553437
4455.88	0.558302
4472.45	0.565102
4487.06	0.574477
4500.09	0.585731
4515.79	0.59885
4528.73	0.621431
4539.19	0.651322
4547.44	0.686415
4553.92	0.709646
4560.46	0.60654
4568.5	0.420982
4574.71	0.365275
4578	0.346308
2557.27	0.234299
2556.28	0.274458
2553.84	0.520411
2662.06	0.527477
2766.75	0.525523
2867.61	0.523647
2964.66	0.521891
3058.01	0.520263
3147.76	0.518778
3234.12	0.517459
3317.33	0.516328
3397.6	0.515392
3475.08	0.514644
3549.76	0.514059
3621.17	0.513592
3688.22	0.513221
3752.55	0.513397
3815.59	0.513943
3879.81	0.514665
3923.75	0.508825
3965.86	0.51022
4011.45	0.512504
4057.77	0.514851
4089.56	0.511167
4123.78	0.510657
4159.94	0.514116
4194.81	0.519146
4225.24	0.521075
4254.06	0.527096
4282.02	0.532557
4303.74	0.534023
4326.66	0.535848
4350.57	0.539745
4373.02	0.544338
4393.72	0.548774
4416.97	0.552904
4436.86	0.554061
4455.31	0.558453
4471.73	0.564384
4485.34	0.573225
4501.92	0.583045
4516.59	0.595821
4528.99	0.618823
4539.17	0.649227
4547.24	0.684701
4553.63	0.707721
4560.17	0.600489
4568.24	0.417004
4574.44	0.363515
4577.71	0.345355
2556.63	0.236274
2555.77	0.278474
2553.61	0.501987
2661.7	0.507854
2765.83	0.506417
2865.76	0.505025
2961.96	0.503564
3054.68	0.502161
3144.1	0.500853
3230.32	0.49969
3313.47	0.498709
3393.64	0.497924
3470.85	0.497328
3545.13	0.496885
3616.21	0.496578
3683.67	0.49645
3748.07	0.4967
3809.51	0.497213
3867.71	0.497517
3920.79	0.496146
3955.37	0.493864
4003.72	0.493865
4047.04	0.49489
4083.03	0.494571
4121.61	0.49717
4157.89	0.502156
4193.34	0.507368
4227.14	0.512923
4253.32	0.514822
4277.6	0.520282
4303.37	0.522434
4327.66	0.529144
4351.32	0.535201
4374	0.54033
4395.82	0.544514
4417.59	0.547922
4437.83	0.551459
4456.06	0.556043
4472.87	0.562181
4488.29	0.570353
4503.48	0.580426
4517.32	0.593196
4529.24	0.616287
4539.12	0.647169
4547.02	0.683077
4553.3	0.705996
4559.85	0.59545
4567.94	0.41368
4574.13	0.362028
4577.4	0.344538
2556.54	0.23846
2555.81	0.282552
2553.91	0.486051
2662.85	0.490751
2766.65	0.48943
2865.2	0.488457
2960.3	0.487506
3052.22	0.486562
3141.2	0.485706
3227.12	0.485
3310.1	0.484474
3390.14	0.484152
3467.05	0.484049
3541.19	0.484136
3612.37	0.484451
3679.68	0.485094
3744	0.486047
3804.12	0.487365
3858.21	0.487978
3909.42	0.48876
3954.78	0.490253
3998.4	0.489148
4041.08	0.491776
4080.79	0.494398
4119.15	0.497692
4154.1	0.501844
4190.98	0.50705
4225.91	0.512724
4252.42	0.514123
4275.72	0.517897
4302.12	0.524584
4327.05	0.531171
4350.91	0.536884
4373.8	0.541555
4395.94	0.545206
4417.71	0.548194
4438.78	0.551266
4456.17	0.555048
4473.33	0.560889
4489.32	0.56857
4504.21	0.578542
4517.66	0.591245
4529.26	0.614199
4538.92	0.64544
4546.68	0.681706
4552.9	0.704454
4559.47	0.590853
4567.59	0.410692
4573.78	0.360701
4577.04	0.3438
2556.86	0.243736
2556.32	0.293016
2554.89	0.48416
2666.72	0.486779
2770.29	0.483657
2865.69	0.481038
2959.38	0.480197
3050.26	0.479482
3138.87	0.478896
3224.34	0.478504
3307.17	0.478317
3387.22	0.478353
3463.46	0.478669
3537.65	0.479196
3609.8	0.479935
3676.09	0.478956
3741.58	0.479438
3796.88	0.479611
3852.69	0.481184
3903.56	0.483533
3950.33	0.486465
3994.38	0.490023
4037.35	0.494207
4078.03	0.498772
4116.89	0.503658
4154.45	0.508747
4188.06	0.510478
4221.81	0.514764
4246.43	0.517041
4272.65	0.521593
4300.06	0.527327
4325.34	0.533497
4349.37	0.538852
4372.33	0.543188
4394.45	0.546566
4416.57	0.549346
4438.88	0.552207
4454.45	0.554919
4472.86	0.560101
4489.3	0.567449
4504.21	0.577282
4517.53	0.589925
4528.97	0.612723
4538.5	0.644226
4546.18	0.680714
4552.36	0.703013
4558.98	0.586205
4567.16	0.407777
4573.37	0.359435
4576.63	0.343097
2557.33	0.252122
2557.07	0.31459
2556.56	0.501301
2676.38	0.501968
2779.73	0.49749
2865.57	0.492221
2958.87	0.490348
3048.12	0.489244
3137.2	0.488663
3221.72	0.488199
3304.48	0.48816
3385.54	0.48832
3459.34	0.48722
3533.53	0.487754
3601.17	0.488415
3673.68	0.490174
3746.2	0.491319
3796.96	0.481968
3849.55	0.483107
3899.29	0.484857
3946.11	0.487148
3988.98	0.489817
4033.49	0.493587
4074.69	0.497861
4113.53	0.502406
4150.12	0.507148
4183.8	0.512134
4215.72	0.517726
4244.19	0.523592
4273.18	0.52944
4297.89	0.531323
4322.73	0.53614
4346.88	0.540073
4369.71	0.543461
4391.01	0.54653
4413.26	0.549213
4435.42	0.551979
4455.47	0.555783
4472.26	0.559435
4488.66	0.566776
4503.64	0.576541
4516.95	0.589159
4528.33	0.611921
4537.8	0.643676
4545.47	0.680212
4551.68	0.701637
4558.39	0.581146
4566.65	0.404791
4572.89	0.358191
4576.16	0.34241
2557.54	0.250567
2557.16	0.301893
2555.95	0.504271
2670.19	0.506022
2774.49	0.503803
2872.5	0.502233
2960.23	0.499057
3043.89	0.497069
3137.79	0.494839
3218.54	0.492496
3301.1	0.491763
3375.99	0.490967
3455.32	0.490596
3529.53	0.490623
3599.67	0.490967
3668.69	0.491423
3734.71	0.492123
3792.93	0.493335
3848.18	0.495718
3896.8	0.496704
3942.83	0.499994
3988.77	0.503663
4030.41	0.503276
4071.2	0.506325
4109.98	0.509524
4146.27	0.512864
4178.94	0.516609
4206.39	0.520203
4239.24	0.523231
4268.68	0.526839
4295.35	0.530565
4319.25	0.535092
4344.45	0.53899
4367.36	0.543084
4388.8	0.546446
4408.05	0.548975
4432.05	0.551321
4452.92	0.554774
4470.4	0.560106
4487.28	0.566636
4502.58	0.576236
4515.97	0.588848
4527.32	0.611861
4536.76	0.644042
4544.53	0.680342
4550.84	0.700302
4557.7	0.575705
4566.06	0.401793
4572.35	0.357003
4575.64	0.341763
2557.65	0.256481
2557.37	0.31314
2556.34	0.516871
2671.54	0.518391
2773.25	0.516344
2872.17	0.514649
2960.24	0.513627
3052.14	0.512499
3130.48	0.511464
3213.77	0.512223
3298.59	0.512858
3377.21	0.512813
3453.99	0.512299
3527.19	0.512281
3596.87	0.51282
3664.22	0.513739
3728.57	0.515476
3789.51	0.518213
3851.12	0.520041
3894.58	0.516934
3937.34	0.518993
3983.92	0.52254
4027.07	0.526176
4068.55	0.529794
4108.05	0.533358
4145.94	0.53519
4175.56	0.532889
4206.36	0.53615
4237.15	0.538456
4266.22	0.541742
4293.53	0.545138
4319.67	0.547961
4342.2	0.548411
4364.45	0.550432
4384.42	0.55257
4408.38	0.55335
4429.74	0.554564
4451.67	0.557508
4471.41	0.562636
4485.31	0.567648
4501.26	0.576399
4514.69	0.589043
4525.94	0.612832
4535.27	0.646072
4543.37	0.681297
4549.89	0.699117
4556.94	0.570528
4565.42	0.399144
4571.76	0.356003
4575.07	0.341234
2557.44	0.270702
2557.44	0.351689
2557.95	0.51674
2683.99	0.516453
2772.63	0.513701
2860.74	0.512518
2957.15	0.511284
3048.89	0.510134
3135.61	0.509263
3223.6	0.508886
3300.13	0.508718
3378.18	0.509612
3454.08	0.510734
3526.25	0.511278
3594.25	0.511928
3660.64	0.512507
3723.71	0.513234
3783.29	0.514103
3840	0.514966
3890.03	0.515667
3938.2	0.517943
3980.57	0.516961
4023.48	0.51811
4063.11	0.518788
4103.05	0.519916
4140.03	0.521265
4173.38	0.522713
4204.15	0.52673
4235.7	0.531043
4264.62	0.536064
4291.76	0.54082
4317.14	0.545109
4340.48	0.548856
4363.8	0.552185
4385.91	0.555289
4408.66	0.558318
4431.14	0.562027
4450.54	0.562864
4469.32	0.567792
4486.16	0.574651
4500.26	0.582179
4513.22	0.594288
4524.17	0.617232
4532.89	0.650311
4542.12	0.682717
4548.95	0.698376
4556.16	0.567242
4564.74	0.397569
4571.14	0.35542
4574.47	0.340946
2556.5	0.254997
2556.16	0.310992
2555.03	0.502464
2667.29	0.504085
2766.69	0.500234
2861.71	0.498169
2956.42	0.497167
3048.4	0.496195
3137.16	0.495496
3223.47	0.495159
3304.63	0.495143
3382.85	0.495634
3455.63	0.496072
3527.26	0.496985
3591.03	0.498399
3658.13	0.499915
3720.11	0.500999
3777.71	0.501242
3833.34	0.501314
3885.19	0.500653
3932.27	0.500452
3977.5	0.501717
4020.34	0.504567
4061.05	0.507712
4100.35	0.511464
4137.46	0.515426
4171.84	0.519932
4205.51	0.524819
4234.64	0.526886
4262.64	0.53063
4289.7	0.534232
4314.66	0.537547
4336.85	0.540927
4362.48	0.542919
4384.87	0.545653
4407.28	0.548235
4429.41	0.550834
4449.56	0.554043
4468.39	0.559134
4485.21	0.566285
4499.27	0.576586
4512.63	0.588266
4524.05	0.611522
4533.49	0.644908
4541.65	0.680484
4548.24	0.698132
4555.42	0.567599
4564.06	0.397523
4570.51	0.355299
4573.87	0.340891
2555.43	0.245317
2554.83	0.292201
2553.18	0.495285
2661.02	0.49864
2762.87	0.496534
2860.66	0.49489
2956.01	0.493585
3048.72	0.492496
3138.71	0.491577
3226.04	0.490781
3309.63	0.490059
3386.36	0.489197
3459.54	0.489469
3531.56	0.490111
3596.61	0.487526
3658.29	0.486089
3715.72	0.485104
3775.46	0.48374
3830.07	0.48557
3881.53	0.487601
3929	0.490124
3974.42	0.493222
4016.93	0.496809
4058.01	0.500597
4097.47	0.504686
4135.27	0.509034
4168.75	0.510505
4202.06	0.513615
4232.71	0.516328
4262.58	0.52027
4290.33	0.526201
4316.05	0.531959
4340.09	0.537203
4363.86	0.541463
4385.8	0.545152
4404.12	0.548584
4427.55	0.55173
4447.77	0.555786
4467.28	0.561163
4484.8	0.568414
4500.61	0.577915
4511.58	0.587716
4523.6	0.608885
4533.24	0.641271
4541.11	0.678334
4547.53	0.697631
4554.69	0.566826
4563.4	0.396258
4569.91	0.354414
4573.29	0.340276
2554.6	0.242687
2553.94	0.289059
2552.22	0.502782
2658.41	0.506757
2760.8	0.505011
2859.76	0.503413
2955.87	0.501916
3049.36	0.500516
3140.48	0.499241
3229.88	0.498089
3319.07	0.497021
3391.01	0.492125
3462.18	0.491027
3530.21	0.489719
3598.28	0.488509
3661.39	0.488383
3722.78	0.489074
3775.73	0.487787
3827.38	0.488495
3879.34	0.488597
3925.27	0.491263
3971.76	0.494809
4012.47	0.495453
4054.12	0.498306
4093.83	0.500749
4129.13	0.5031
4166.02	0.506622
4200.09	0.511432
4231.98	0.516656
4262.29	0.522041
4290.71	0.527385
4316.94	0.532513
4341.51	0.537339
4365.07	0.541595
4386.38	0.543872
4406.75	0.54694
4426.86	0.550075
4444.65	0.554347
4466.06	0.559198
4483.97	0.565954
4499.48	0.575402
4512.63	0.588128
4523.21	0.605352
4532.61	0.63829
4540.33	0.676327
4546.7	0.695297
4553.98	0.558621
4562.78	0.389764
4569.35	0.35092
4572.78	0.337914
2554.08	0.243133
2553.43	0.290951
2551.76	0.513392
2657.37	0.517357
2759.93	0.515525
2859.43	0.513808
2956.06	0.512206
3050.02	0.510739
3141.61	0.509429
3231.47	0.508256
3321.28	0.507182
3393.46	0.505394
3465.57	0.505332
3535.56	0.505305
3602.52	0.50531
3663.8	0.505342
3722.44	0.506068
3777.69	0.50724
3832.92	0.508589
3880.67	0.509549
3918.53	0.504244
3964.6	0.504787
4009.08	0.507241
4050.86	0.509608
4090.39	0.512198
4127.61	0.515197
4163.62	0.517894
4197.88	0.521151
4230.48	0.524566
4261.59	0.527956
4291.06	0.531335
4317.37	0.532484
4341.87	0.535478
4364.04	0.538826
4386.88	0.541678
4408.05	0.544732
4428.22	0.5476
4447.25	0.550956
4466.2	0.555208
4483.38	0.561708
4498.53	0.570678
4511.51	0.582958
4521.87	0.604694
4531.48	0.635044
4539.26	0.672649
4545.73	0.686023
4553.33	0.532491
4562.14	0.373967
4568.85	0.342943
4572.34	0.332603
2553.83	0.24384
2553.21	0.292378
2551.64	0.5107
2657.16	0.514541
2759.91	0.51288
2859.73	0.511392
2956.67	0.51011
3050.78	0.509039
3142.14	0.508174
3230.69	0.507499
3315.82	0.506986
3393.87	0.506786
3468.96	0.50708
3541.8	0.507793
3610.31	0.509327
3666.77	0.507845
3723.37	0.510062
3777.55	0.512175
3826.4	0.514216
3875.94	0.517501
3920.08	0.521108
3964.4	0.523918
4007.57	0.526653
4048.85	0.529938
4088.22	0.53348
4125.73	0.537112
4161.63	0.540536
4195.96	0.544029
4229.08	0.547475
4261.32	0.55057
4294.1	0.552744
4318.42	0.548756
4342.01	0.550536
4364.75	0.552831
4386.98	0.554959
4408.31	0.557206
4428.64	0.559766
4447.82	0.56302
4465.95	0.567095
4482.59	0.572474
4497.52	0.5799
4510.63	0.589655
4522.08	0.603895
4530.07	0.6163
4538.1	0.629431
4545.13	0.584545
4553.01	0.444604
4561.03	0.352125
4568.38	0.331783
4571.98	0.324651
2553.82	0.244494
2553.22	0.293004
2551.7	0.505485
2657.44	0.509022
2760.44	0.507236
2860.55	0.505565
2957.7	0.504058
3051.89	0.502737
3143.03	0.501621
3230.91	0.500739
3315.04	0.500144
3394.92	0.499843
3472.26	0.499854
3550.02	0.500103
3609.22	0.4949
3670.81	0.495537
3725.64	0.494862
3778.03	0.49701
3827.15	0.499676
3874.55	0.502781
3919.47	0.505588
3963.38	0.508647
4005.96	0.51156
4046.82	0.514298
4086.04	0.516861
4123.59	0.519317
4159.42	0.521751
4193.46	0.524139
4226.79	0.526272
4258.73	0.528484
4289.42	0.530445
4317.16	0.530821
4341.46	0.534562
4364.41	0.538568
4386.63	0.541989
4408.33	0.544816
4428.99	0.547816
4448.2	0.551496
4466.14	0.556407
4482.63	0.563172
4497.48	0.572378
4510.57	0.584648
4521.75	0.605347
4530.87	0.636768
4537.87	0.666126
4544.35	0.658243
4552.72	0.471785
4561.68	0.346383
4568.3	0.326188
4571.71	0.319552
2554.03	0.245518
2553.43	0.294411
2551.88	0.518518
2658.06	0.522033
2761.45	0.520127
2861.85	0.518371
2959.21	0.516805
3053.52	0.515438
3144.67	0.514284
3232.33	0.513363
3316.01	0.512703
3395.98	0.512307
3472.55	0.512176
3544.75	0.512346
3610.76	0.513801
3679.14	0.514427
3727.9	0.507296
3779.37	0.508363
3827.23	0.509069
3873.27	0.510466
3917.51	0.51229
3961.33	0.514245
4003.77	0.516316
4044.11	0.518558
4083.22	0.520969
4120.88	0.523489
4156.69	0.526134
4189.4	0.529068
4223.55	0.532067
4255.1	0.535633
4285.37	0.539469
4317.04	0.543218
4340.08	0.54025
4362.7	0.542488
4384.75	0.544864
4407.32	0.546735
4428.72	0.548723
4447.76	0.551371
4465.64	0.553571
4482.15	0.559792
4497.02	0.568414
4510.1	0.580388
4521.25	0.598123
4530.3	0.629954
4537.17	0.667595
4543.94	0.65957
4552.59	0.471323
4561.65	0.345799
4568	0.324557
4571.26	0.317418
2554.46	0.245894
2553.85	0.294176
2552.29	0.517473
2659.2	0.520978
2763.16	0.519032
2863.9	0.517224
2961.45	0.515599
3055.97	0.514166
3147.47	0.512927
3235.4	0.511879
3318.38	0.511038
3398.16	0.510505
3474.95	0.510201
3543.45	0.509969
3607.71	0.510698
3669.69	0.511548
3725.95	0.512415
3784.06	0.514101
3827.98	0.512423
3872.48	0.514281
3913.93	0.516818
3959.13	0.520233
4002.54	0.523224
4041.1	0.523263
4080.49	0.526044
4118.79	0.528706
4155.27	0.531345
4190.41	0.533949
4220.84	0.533739
4250.69	0.536223
4277.9	0.538933
4309.6	0.540806
4336.05	0.542787
4359.67	0.54619
4380.08	0.549822
4405.97	0.553182
4428.67	0.556149
4449.79	0.559473
4464.36	0.561609
4481.13	0.567488
4496.12	0.575111
4509.28	0.584978
4520.5	0.599167
4529.8	0.616966
4537.73	0.609418
4544.3	0.517066
4553.08	0.385003
4561.39	0.334895
4567.39	0.321928
4570.47	0.316424
2555.13	0.246204
2554.5	0.293769
2552.9	0.518934
2660.96	0.522434
2765.7	0.52051
2866.73	0.518828
2964.32	0.517367
3059.04	0.516085
3151.42	0.514979
3241.04	0.514166
3321.56	0.514428
3400.96	0.514362
3483.3	0.513939
3544.16	0.507563
3604.74	0.507163
3663.76	0.507372
3719.98	0.507555
3774.25	0.507872
3823.67	0.507856
3870.8	0.508988
3916.82	0.510564
3956.62	0.509924
3995.19	0.5101
4038.9	0.508671
4077.73	0.510146
4117.52	0.512483
4154.09	0.5159
4188.27	0.519727
4220.21	0.523453
4250.49	0.528136
4279.28	0.532894
4308	0.537142
4334.66	0.540782
4359.26	0.544135
4382.38	0.547034
4405.87	0.549469
4428.24	0.552091
4446.49	0.554788
4464.15	0.558962
4480.91	0.565431
4496.19	0.57455
4509.59	0.586735
4520.97	0.608664
4530.34	0.641381
4537.9	0.677504
4544.61	0.651933
4552.49	0.467531
4561.63	0.345604
4568.01	0.324829
4571.27	0.317946
2556.05	0.246893
2555.43	0.293907
2553.84	0.513068
2663.71	0.516323
2769.63	0.514281
2870.66	0.512454
2967.71	0.510847
3062.1	0.509412
3155.73	0.508124
3253.47	0.50688
3323.64	0.499676
3398.49	0.499079
3472.66	0.497972
3540.57	0.495143
3601.65	0.493389
3659.83	0.493205
3714.86	0.493145
3769.75	0.49311
3820.77	0.494261
3868.81	0.496329
3915.26	0.498967
3954.89	0.500774
3992.85	0.50431
4038.32	0.507099
4080.03	0.51094
4117.09	0.512354
4152.97	0.515637
4186.05	0.519136
4218.94	0.523217
4249.54	0.528526
4278.55	0.533659
4306.34	0.5383
4333.28	0.542273
4358.35	0.545701
4382.32	0.548611
4404.91	0.550999
4427.45	0.553886
4443.83	0.555447
4465.31	0.559479
4480.05	0.563709
4495.97	0.572023
4509.65	0.58361
4521.21	0.602528
4530.75	0.633037
4538.35	0.668367
4544.57	0.664478
4551.73	0.46992
4561.64	0.350401
4568.34	0.328632
4571.72	0.321516
2557.22	0.249077
2556.65	0.297193
2555.19	0.512253
2667.99	0.51502
2776.04	0.513047
2876.21	0.511506
2971.38	0.510576
3063.46	0.509757
3153.32	0.508922
3240.58	0.508206
3318.57	0.508022
3394.39	0.508668
3469.17	0.50945
3545.23	0.510288
3600.72	0.503003
3657.76	0.50356
3714.49	0.504854
3766.72	0.503805
3818.44	0.505142
3866	0.505908
3910.54	0.507612
3954.33	0.508162
3997.05	0.51
4039.05	0.512274
4079.43	0.515137
4117.39	0.518449
4153.28	0.522009
4186.53	0.525952
4217.64	0.527961
4247.94	0.532287
4276.87	0.536101
4303.44	0.539919
4331.74	0.543388
4356.58	0.545574
4380.07	0.547595
4403.75	0.549604
4425.81	0.552669
4446.84	0.556769
4463.66	0.559672
4480.17	0.565533
4495.81	0.573596
4509.52	0.585699
4521.14	0.606882
4530.92	0.638512
4538.74	0.675514
4545.07	0.687017
4552.56	0.522477
4561.89	0.36703
4568.59	0.336946
4572.02	0.327489
2558.58	0.252565
2558.15	0.305154
2557	0.512247
2674.49	0.513869
2787.86	0.5109
2884.4	0.505866
2975.84	0.503913
3064.71	0.502724
3151.13	0.501978
3234.65	0.501372
3313.46	0.500736
3389.06	0.500457
3462.05	0.500351
3531.96	0.500205
3594.19	0.499356
3653.62	0.50086
3711.29	0.502852
3764.64	0.504319
3814.11	0.506892
3865.96	0.509539
3913.66	0.512602
3959.17	0.51577
3999.89	0.517711
4039.85	0.520843
4080.21	0.523652
4118.59	0.526425
4154.81	0.529195
4188.37	0.532035
4217.06	0.534704
4246.32	0.538524
4275.04	0.539327
4305	0.541925
4329.89	0.543201
4355.06	0.546243
4376.41	0.549431
4402.19	0.552078
4423.14	0.555815
4446.19	0.560203
4466.21	0.566333
4481.85	0.571862
4495.42	0.576824
4509.14	0.58921
4520.6	0.613409
4530.87	0.644973
4539.09	0.681345
4545.65	0.699357
4553.01	0.559322
4562.1	0.385579
4568.81	0.345986
4572.29	0.33314
2559.95	0.253952
2559.58	0.313197
2558.77	0.523839
2682.3	0.524878
2813.89	0.522317
2895.35	0.512357
2980.55	0.509878
3066.07	0.508417
3149.46	0.507183
3231.08	0.50633
3309.18	0.50582
3383.96	0.505647
3455.6	0.505832
3523.98	0.506458
3588.1	0.507699
3648.86	0.50897
3705.29	0.510571
3762.85	0.512583
3817.07	0.514399
3867.73	0.515675
3916.65	0.517906
3965.13	0.520303
4002.53	0.518054
4037.84	0.521657
4081.76	0.524637
4121.02	0.528212
4158.49	0.53193
4190.53	0.533335
4219.93	0.533638
4248.11	0.537119
4278.13	0.540762
4302.46	0.544103
4331.4	0.546395
4357.17	0.549056
4380.71	0.551709
4403.44	0.554416
4424.24	0.558028
4446.46	0.562138
4465.88	0.568256
4483.27	0.577016
4496	0.586105
4508.66	0.594882
4518.96	0.621311
4530.72	0.650661
4539.45	0.685309
4546.25	0.704888
4553.51	0.579156
4562.41	0.39996
4569.12	0.353534
4572.62	0.338072
2561.14	0.243924
2560.45	0.290015
2558.73	0.518967
2678.78	0.522432
2795.1	0.520159
2896.85	0.517801
2981.95	0.514394
3067.72	0.513393
3147.68	0.512093
3230.17	0.511106
3307.34	0.511042
3381.1	0.51149
3451.66	0.512119
3520.13	0.512996
3583.03	0.514217
3645.85	0.515838
3705.19	0.517453
3763.7	0.518859
3823.22	0.520267
3869.9	0.516984
3918.61	0.518682
3967.42	0.520705
4007.83	0.520562
4047.42	0.521824
4085.76	0.520215
4123.09	0.52134
4156.87	0.523608
4189.62	0.526119
4223.27	0.530146
4253.46	0.535217
4282.34	0.540025
4309.07	0.544554
4335.68	0.548221
4360.84	0.551633
4384.47	0.554868
4406.26	0.558216
4427.08	0.562811
4447.39	0.568682
4465.41	0.572296
4482.9	0.579787
4498.14	0.589956
4509.08	0.598728
4520.89	0.621868
4531.45	0.652855
4540.07	0.687714
4546.95	0.707858
4554.13	0.589594
4562.9	0.409056
4569.58	0.358753
4573.09	0.341726
2562.58	0.233471
2561.44	0.269071
2558.71	0.517658
2676.05	0.525133
2788.07	0.523173
2890.9	0.521609
2983.49	0.520469
3071.65	0.519451
3156.57	0.518596
3232.27	0.516378
3306.65	0.515454
3377.56	0.514545
3450.26	0.513836
3518.22	0.514291
3581.75	0.51516
3644.14	0.516249
3703.74	0.517549
3761.3	0.519093
3817.9	0.520835
3866.53	0.521175
3918.05	0.524021
3972.47	0.526398
4011.99	0.526557
4051.58	0.529952
4091.74	0.529448
4127.01	0.528174
4162.59	0.530133
4195.49	0.533865
4227.66	0.538118
4257.85	0.542308
4286.5	0.546268
4313.67	0.549763
4339.32	0.552556
4364.03	0.555623
4388.07	0.558781
4408.03	0.55906
4428.4	0.561909
4444.1	0.565137
4465.7	0.568657
4483.68	0.575955
4498.97	0.586445
4511.38	0.605886
4521.77	0.626157
4531.99	0.655474
4540.74	0.690017
4547.73	0.710003
4554.9	0.595766
4563.59	0.414258
4570.23	0.3619
4573.73	0.343989
2564.81	0.227193
2563.15	0.25615
2559.39	0.516375
2675.85	0.528368
2787.53	0.526445
2892.73	0.524727
2987.19	0.523333
3076.55	0.522502
3154.56	0.52153
3231.25	0.521547
3309.51	0.521704
3385.71	0.521853
3451.36	0.520862
3518.53	0.521484
3579.4	0.522316
3642.96	0.5238
3702.08	0.525449
3757.57	0.527396
3809.1	0.529923
3857.95	0.533566
3912.22	0.536978
3965.03	0.539595
4011.69	0.54297
4056.28	0.544331
4102.16	0.546138
4136.38	0.539047
4168.65	0.540649
4199.79	0.543707
4231.81	0.546922
4261.6	0.550258
4290.04	0.553675
4317.75	0.556773
4341.92	0.556758
4365.92	0.558743
4387.64	0.561045
4408.78	0.563617
4427.67	0.567182
4447.88	0.57092
4467.38	0.576595
4484.89	0.584641
4500.32	0.59548
4513.93	0.614793
4523.89	0.635217
4531.86	0.662153
4541.46	0.692722
4548.67	0.711972
4555.84	0.600027
4564.47	0.417071
4571.09	0.363417
4574.57	0.345045
2568.43	0.223871
2566.05	0.247817
2560.91	0.511373
2677.65	0.528793
2790.71	0.526942
2902.77	0.525076
2993.6	0.522421
3073.46	0.520823
3156.54	0.520488
3235.48	0.520342
3312.19	0.52038
3385.61	0.520529
3454.57	0.520751
3522.01	0.521137
3587.15	0.521701
3644.04	0.521412
3701.9	0.522475
3755.73	0.523476
3800.95	0.523306
3841.9	0.524779
3905.79	0.525043
3961.75	0.524311
4011.61	0.524525
4057.78	0.526145
4101.45	0.528113
4140.09	0.530113
4173.77	0.532796
4206.25	0.536545
4237.36	0.539458
4265.59	0.539666
4292.98	0.542227
4318.05	0.544887
4344.54	0.548219
4369.22	0.551789
4390.56	0.552911
4410.63	0.553963
4428.29	0.557749
4450.75	0.561874
4470.14	0.567454
4487.29	0.575096
4502.35	0.585447
4515.55	0.601489
4525.92	0.630312
4535.39	0.662231
4542.91	0.692007
4549.94	0.713422
4557	0.602991
4565.58	0.41748
4572.15	0.363325
4575.61	0.344955
2574.2	0.221994
2570.69	0.241591
2563.42	0.496205
2680.37	0.520726
2792.05	0.519128
2897.53	0.51763
2991.96	0.515907
3077.8	0.515096
3160.51	0.514804
3239.77	0.51469
3316.03	0.514738
3387.87	0.515154
3457.25	0.515405
3525.72	0.515533
3586.4	0.514182
3647.33	0.514288
3702.41	0.512489
3753.23	0.512765
3805.47	0.513141
3855.58	0.516165
3904.97	0.520106
3962.3	0.523245
4012.94	0.525745
4059.53	0.528169
4103.53	0.530553
4146.6	0.532634
4177.98	0.529913
4209.32	0.531861
4238.56	0.534769
4269.84	0.538282
4295.65	0.538936
4323.24	0.542586
4346.97	0.542627
4369.82	0.544776
4391.57	0.548212
4414.33	0.551875
4434.57	0.555896
4454.59	0.560475
4473.01	0.566544
4489.58	0.574749
4503.98	0.586003
4517.6	0.602359
4529.43	0.629426
4537.8	0.658223
4545.51	0.691302
4551.51	0.702425
4558.42	0.598621
4566.91	0.413413
4573.4	0.361243
4576.83	0.343666
2583.26	0.221099
2578.04	0.237541
2567.62	0.476119
2685.72	0.509032
2796.94	0.507763
2900.89	0.506455
2996.71	0.505238
3083.17	0.504446
3165.85	0.504187
3245.02	0.504128
3322.24	0.50404
3390.59	0.500935
3458.84	0.500322
3523.76	0.499809
3587.38	0.497878
3644.37	0.497499
3705.27	0.497774
3760.91	0.498997
3814.66	0.50058
3866.18	0.502498
3914.14	0.50492
3967.41	0.507053
4016.27	0.509789
4061.8	0.512458
4104.5	0.515249
4144.15	0.518286
4178.99	0.519897
4211.61	0.523182
4242.38	0.526838
4271.71	0.531051
4300.01	0.532847
4324.04	0.534979
4349.4	0.538483
4374.17	0.54256
4396.62	0.547153
4418.57	0.551179
4439.03	0.555027
4457.96	0.559273
4475.63	0.565192
4491.89	0.573069
4504.14	0.582252
4519.18	0.593553
4531	0.615164
4539.74	0.648088
4547.63	0.679805
4553.92	0.68651
4560.32	0.554813
4568.42	0.405026
4574.78	0.358117
4578.19	0.341888
2597.39	0.221305
2589.68	0.239891
2574.83	0.455368
2695.39	0.496181
2806.61	0.497464
2910.01	0.498684
3008.63	0.499405
3090.26	0.493741
3172.65	0.493569
3250.16	0.493578
3323.37	0.493048
3393.01	0.488931
3461.72	0.488746
3526.81	0.488666
3591.28	0.489724
3651.78	0.490954
3711.24	0.492437
3768.34	0.494098
3823.9	0.496006
3878.18	0.498211
3929.16	0.50124
3974.67	0.497567
4020.7	0.499687
4064.71	0.501489
4106.3	0.503419
4145.37	0.505986
4181.4	0.510414
4214.57	0.515371
4245.15	0.520022
4273	0.524912
4303.05	0.530121
4329.87	0.535848
4355.92	0.54133
4378.7	0.544676
4400.14	0.548638
4422.26	0.552618
4442.99	0.556958
4460.54	0.559028
4477.58	0.563809
4492.41	0.570661
4507.77	0.580441
4521.67	0.593295
4533.33	0.617762
4542.99	0.652175
4549.79	0.683152
4555.82	0.708969
4562.32	0.588834
4569.66	0.407486
4576.07	0.358622
4579.63	0.342111
2619.27	0.223531
2608.84	0.25717
2589.55	0.44193
2711.88	0.471426
2821.64	0.473518
2921.6	0.475581
3009.24	0.477308
3099.49	0.479495
3184.55	0.481223
3255.49	0.475461
3325.04	0.475708
3398.73	0.476735
3467.75	0.478112
3533.49	0.479666
3597.05	0.481416
3658.1	0.483362
3717.41	0.485545
3775.12	0.487939
3832.18	0.49047
3891.2	0.492771
3932.03	0.486342
3980.3	0.489218
4025.91	0.49255
4069.06	0.496168
4110.05	0.500052
4147.91	0.504377
4184.29	0.50929
4216.08	0.510932
4248.33	0.514906
4278.12	0.520597
4307.11	0.526114
4334.33	0.531453
4359.4	0.536668
4382.86	0.542146
4405.54	0.547348
4425.35	0.549102
4443.72	0.551737
4462.83	0.555404
4480.03	0.56078
4495.86	0.567987
4510.72	0.577509
4524.07	0.589822
4535.41	0.612517
4544.61	0.645592
4551.32	0.68988
4557.58	0.720238
4563.76	0.641292
4571.56	0.435393
4577.12	0.366798
4581.28	0.345492
2652.16	0.228964
2641.08	0.293562
2608.52	0.427624
2737.99	0.450349
2848.41	0.455294
2943.94	0.459904
3034.23	0.464244
3111.72	0.460458
3184.61	0.461447
3263.43	0.463159
3336.09	0.464777
3406.95	0.466426
3474.9	0.468069
3540.15	0.469788
3603.1	0.47161
3663.92	0.473547
3722.9	0.475602
3780.23	0.477766
3836.11	0.480021
3890.19	0.482366
3938.47	0.484899
3986.13	0.488194
4031.14	0.492039
4073.11	0.496299
4114.49	0.500442
4149.55	0.500275
4183.21	0.503338
4218.69	0.507661
4251.63	0.512385
4281.76	0.517789
4310.71	0.523477
4338.76	0.52923
4362.39	0.529866
4385.78	0.534296
4407.34	0.538909
4428.47	0.544438
4447.37	0.549789
4464.98	0.554323
4481.76	0.559974
4498.16	0.566828
4513.02	0.576379
4526.16	0.589153
4537.32	0.613586
4546.49	0.649542
4553.92	0.694279
4559.21	0.723834
4565.43	0.653094
4573.62	0.444385
4580.09	0.369996
4583.81	0.345738
2697.56	0.237371
2687.42	0.319305
2640.97	0.398654
2780.15	0.431929
2887.46	0.440364
2969.15	0.441401
3044.08	0.445677
3125.61	0.449861
3200.97	0.45308
3275.25	0.455849
3346.67	0.458253
3415.78	0.460455
3482.44	0.462515
3546.77	0.464501
3608.97	0.466461
3669.2	0.468422
3727.65	0.470402
3784.39	0.472413
3839.42	0.474461
3892.57	0.476555
3943.17	0.478801
3992.27	0.481362
4037.05	0.485064
4075.45	0.484341
4112.2	0.486952
4151.15	0.490556
4186.75	0.494937
4221.58	0.499283
4255.52	0.503841
4284.37	0.504244
4313.06	0.508754
4338.46	0.513601
4365.22	0.519953
4389.17	0.527087
4411.15	0.534102
4431.76	0.54052
4450.74	0.546246
4468.29	0.551526
4481.82	0.557133
4499.86	0.563663
4514.91	0.57255
4527.91	0.584692
4538.95	0.605964
4547.97	0.639666
4554.8	0.682925
4559.66	0.717538
4567.31	0.621905
4576.31	0.425392
4583.17	0.362595
4586.82	0.340537
2755.89	0.2486
2760.76	0.334243
2775.99	0.393806
2850.83	0.415385
2923.96	0.417431
2996.98	0.425818
3069.39	0.432572
3143.44	0.438018
3216.15	0.442496
3287.68	0.446357
3357.29	0.449779
3424.76	0.452856
3490.04	0.455576
3553.24	0.458005
3614.49	0.460221
3673.97	0.46227
3731.78	0.464225
3787.92	0.466156
3842.27	0.468127
3895.14	0.470067
3947.02	0.472006
4000.37	0.473737
4036.57	0.468233
4077.95	0.470087
4117.23	0.473376
4153.78	0.477117
4188.76	0.482052
4223.05	0.483456
4254.89	0.486786
4287.14	0.491617
4316.24	0.498415
4342.94	0.50572
4368.53	0.513119
4392.28	0.520627
4414.19	0.528124
4434.6	0.535148
4453.53	0.541487
4471.02	0.547075
4486.87	0.552258
4502.45	0.557554
4516.73	0.565107
4529.39	0.575502
4540.36	0.589728
4549.6	0.614932
4556.16	0.632322
4562.41	0.606861
4571.19	0.493851
4580.17	0.3861
4586.81	0.347328
4590.3	0.329979
2809.03	0.248683
2821.12	0.32817
2847.3	0.373632
2898.03	0.391275
2958.39	0.401456
3023.34	0.409768
3090.91	0.41659
3160.41	0.42232
3230.33	0.427346
3299.79	0.431962
3367.83	0.436391
3433.68	0.440698
3497.48	0.444484
3559.42	0.447804
3619.52	0.450822
3678.12	0.453473
3735.29	0.455885
3790.92	0.458187
3844.27	0.460709
3896.34	0.46282
3946.96	0.464806
3995.87	0.466848
4040.28	0.468662
4080.08	0.470759
4122.51	0.473842
4155.49	0.466812
4185.59	0.467953
4224.89	0.472946
4259.13	0.479149
4290.5	0.486651
4319.3	0.494177
4346.07	0.501616
4371.3	0.508915
4394.92	0.516016
4416.49	0.523567
4436.77	0.530402
4455.71	0.536741
4473.38	0.542608
4490.2	0.547522
4504.35	0.545253
4518.14	0.54778
4530.56	0.549204
4541.45	0.546968
4550.55	0.535558
4559.58	0.509981
4567.83	0.456052
4576.7	0.390794
4584.87	0.349766
4590.87	0.328201
4594.06	0.315745
2848.44	0.235566
2864.37	0.315459
2891.64	0.360663
2933.58	0.378781
2985.85	0.388201
3044.86	0.394594
3108.36	0.399538
3174.77	0.404095
3242.72	0.408464
3311.05	0.412747
3378.26	0.41734
3442.39	0.422749
3504.5	0.427363
3565.13	0.431035
3623.77	0.434394
3681.42	0.4374
3738.01	0.440089
3793.9	0.442358
3845.23	0.442066
3896.64	0.443778
3946.25	0.445112
3993.5	0.445836
4035.99	0.445755
4080.08	0.445996
4121.08	0.448168
4157.88	0.449204
4192.89	0.452154
4229.26	0.456081
4263.8	0.460424
4293.99	0.468893
4322.02	0.476569
4348.44	0.482753
4373.47	0.487682
4397.48	0.490783
4418.13	0.486829
4438.41	0.487464
4457.39	0.48807
4474.95	0.48738
4490.38	0.484675
4506.37	0.484906
4520.45	0.481389
4533.07	0.471951
4544.38	0.454961
4554.6	0.428894
4564.34	0.395619
4573.5	0.363388
4582.07	0.339293
4589.41	0.322712
4594.76	0.310914
4597.63	0.300816
2873.66	0.220873
2892.12	0.298966
2918.73	0.349793
2956.83	0.368444
3004.71	0.376881
3060.01	0.382054
3120.7	0.385833
3185.21	0.388835
3252.31	0.391366
3320.97	0.393681
3389.35	0.396243
3450.74	0.401002
3510.63	0.407754
3570.47	0.412992
3626.65	0.409773
3683.39	0.410879
3739.04	0.411607
3792.52	0.412228
3846.13	0.413191
3897.45	0.415322
3946.65	0.416935
3993.53	0.418058
4037.77	0.418832
4080.74	0.419958
4121.51	0.420664
4159.81	0.421323
4196.62	0.422817
4233.28	0.425012
4270.64	0.425998
4297.54	0.417421
4324.38	0.415676
4350.29	0.414305
4374.88	0.411825
4396.8	0.407103
4419.81	0.404936
4440.59	0.404976
4459.74	0.404089
4477.41	0.402104
4493.66	0.398602
4509.1	0.393692
4523.27	0.385852
4536.19	0.375394
4547.97	0.363015
4558.76	0.349751
4568.75	0.336894
4577.92	0.325155
4586.13	0.315258
4592.93	0.306614
4597.71	0.296852
4600.06	0.28466
2886.92	0.213795
2903.9	0.281491
2931.38	0.341313
2968.22	0.36132
3014.24	0.369346
3067.81	0.373801
3127.17	0.376891
3190.9	0.379264
3258.13	0.381134
3328.86	0.382555
3405.06	0.383486
3457.96	0.366959
3514.26	0.363549
3568.18	0.358214
3627.28	0.356413
3684.44	0.357048
3740.04	0.35755
3794.06	0.357923
3846.99	0.358194
3898.12	0.358408
3947.2	0.358606
3994.09	0.35882
4038.75	0.359065
4081.58	0.359327
4122.38	0.359591
4161.18	0.359852
4198.43	0.36009
4234.54	0.360264
4268.93	0.360358
4298.48	0.356025
4325.92	0.356025
4351.85	0.355911
4376.32	0.355534
4399.19	0.354872
4421.4	0.353945
4442.15	0.352667
4461.39	0.350953
4479.19	0.34874
4495.68	0.345966
4511.05	0.342595
4525.25	0.338561
4538.27	0.333895
4550.2	0.3287
4561.13	0.323118
4571.16	0.317259
4580.29	0.311111
4588.36	0.304503
4594.83	0.294942
4599.13	0.282536
4601.22	0.27287
4275.8	0.436858
4297.57	0.43748
4324.28	0.440418
4350.14	0.445876
4374.84	0.453269
4391.88	0.459825
4399.27	0.496144
4417.87	0.497801
4438.26	0.500828
4457.23	0.505301
4474.83	0.511647
4487.98	0.518142
4492.52	0.549504
4504.11	0.551025
4517.99	0.553007
4530.41	0.555228
4541.27	0.558398
4549.41	0.564361
4551.36	0.615244
4555.86	0.623719
4558.27	0.610665
2700.63	0.516559
2773.16	0.51539
2844.48	0.513625
2878.61	0.5122
2959.9	0.510685
3052.72	0.507922
3113.46	0.505214
3143.31	0.499934
3218.22	0.498662
3301.74	0.497115
3358.44	0.495536
3388.98	0.495921
3458.97	0.494855
3534.12	0.493824
3583.44	0.492524
3612.08	0.492685
3675.69	0.492002
3741.63	0.492311
3780.63	0.491833
3805.33	0.494782
3857.76	0.494228
3909.06	0.494162
3936.01	0.493973
3949.98	0.494691
3904.95	0.53322
3927.38	0.532812
3970.75	0.533103
4015.19	0.53303
4052.43	0.535062
4092.28	0.535114
4127.24	0.535656
4161.3	0.535514
4184.96	0.535339
4196.85	0.537337
4224.68	0.537958
4253.79	0.540756
4281.29	0.542289
4303.71	0.54508
4326.42	0.546192
4350.36	0.547766
4372.69	0.549012
4392.18	0.550025
4395.05	0.552802
4297.85	0.563292
4318.64	0.564081
4341.9	0.565263
4364.64	0.566891
4386.83	0.568607
4408.16	0.570678
4428.47	0.573072
4447.67	0.575813
4465.76	0.578729
4482.4	0.581963
4497.34	0.585092
4510.49	0.586999
4521.89	0.585636
4530.18	0.57292
4538.32	0.548274
4545.47	0.486918
4553.03	0.400315
4556.59	0.359187
4362.89	0.524054
4379.34	0.528096
4385.96	0.54829
4397.84	0.549213
4416.6	0.55377
4434.38	0.559575
4450.43	0.565887
4455.99	0.584368
4464.24	0.585314
4480.44	0.588376
4495.87	0.592981
4510.63	0.596469
4515.06	0.608901
4521.27	0.610456
4532.46	0.615883
4542	0.610938
4550.42	0.59
4553.61	0.551817
4556.88	0.546864
4563.74	0.476357
4571.15	0.396681
4576.26	0.36789
3933.27	0.504511
3953.52	0.504382
3968.25	0.508205
3997.83	0.507922
4040.79	0.510662
4080.65	0.51358
4119.21	0.515906
4143.16	0.516961
4156.13	0.524058
4187.84	0.524796
4221.32	0.526857
4246.67	0.531984
4270.23	0.533872
4278.81	0.542193
4297.53	0.542496
4322.63	0.545006
4346.75	0.546688
4369.57	0.547936
4381.75	0.548477
4389.36	0.548985
4399.86	0.549176
2874.46	0.527186
2896.52	0.526176
2925.84	0.526236
2981.47	0.525183
3067.85	0.524475
3143.49	0.523117
3174.42	0.526075
3231.08	0.525061
3306.88	0.525191
3372.61	0.524096
3398.76	0.52744
3450.53	0.52657
3518.63	0.526073
3574.2	0.524833
3596.54	0.524796
3643.33	0.523986
3702.07	0.523073
3748.93	0.521747
3762.48	0.517318
3804.86	0.516618
3855.81	0.516132
3895.64	0.514938
3904.47	0.505642
3652.42	0.529522
3698.24	0.529048
3757.92	0.528579
3816.83	0.528061
3873.3	0.527957
3924.07	0.528857
3970.89	0.530057
4014.34	0.531431
4058.49	0.531796
4093.45	0.534601
4128.23	0.536146
4162.53	0.537701
4194.95	0.539664
4226.22	0.540972
4255.78	0.5421
4278.06	0.542241
4286.66	0.545167
4307.16	0.545174
4328.95	0.54572
4343.57	0.545611
3951.1	0.515847
3987.86	0.516582
4029.6	0.518229
4070.49	0.520322
4109.92	0.522762
4147.71	0.52522
4177.46	0.526577
4188.93	0.541345
4214.67	0.541778
4246.58	0.545051
4276.37	0.547572
4304.26	0.550161
4330.39	0.552827
4354.64	0.555574
4375.28	0.559156
4394.91	0.562269
4413.86	0.56476
4428.6	0.566007
4433.67	0.572788
4446.54	0.573454
4461.98	0.575402
4471.91	0.57656
3753.24	0.50658
3796.87	0.506904
3849.25	0.508356
3898.96	0.510439
3946.15	0.512394
3973.96	0.513094
3990.6	0.522183
4030.1	0.52272
4070.96	0.524298
4109.72	0.526084
4145.93	0.528404
4178.52	0.531683
4206.54	0.53619
4238.92	0.538106
4268.36	0.541041
4295.26	0.543681
4315.96	0.544898
4323.58	0.552106
4341.8	0.552225
4364.29	0.552698
4379.54	0.552779
3905.96	0.488924
3937.34	0.487815
3950.91	0.474757
3987.93	0.473913
4030.75	0.473344
4072.09	0.472724
4111.81	0.472116
4149.73	0.471292
4185.72	0.469955
4220.27	0.467887
4252.79	0.464565
4273.73	0.461487
4285.09	0.44527
4310.16	0.444734
4336.03	0.446531
4360.47	0.447873
4382.23	0.449561
4402.33	0.451705
4420.59	0.453831
4435.47	0.455766
3128.76	0.530378
3188.55	0.529656
3266.71	0.528738
3344.45	0.527614
3420.44	0.52673
3494.14	0.526056
3565.23	0.525568
3633.36	0.525292
3698.2	0.525247
3759.85	0.525349
3818.29	0.525595
3873.16	0.526046
3922.77	0.527054
3972.74	0.526981
4020.94	0.526861
4065.09	0.526866
4102.11	0.52691
4134.33	0.526975
4147.56	0.527879
4242.81	0.415365
4253.95	0.41643
4261.12	0.475299
4283.08	0.478642
4293.42	0.512469
4308.57	0.513397
4327.69	0.517432
4335.05	0.53445
4353.77	0.53597
4359.42	0.552468
4375.17	0.553117
4385.66	0.556766
4393.61	0.558466
4407.42	0.559852
4411.66	0.562082
4426.67	0.562408
4432.41	0.56631
4443.93	0.566538
4455.36	0.569781
4461.17	0.57472
4473.5	0.576781
4476.58	0.588011
4487.5	0.589621
4494.68	0.595754
4502.87	0.59594
4512.48	0.601243
4514.78	0.60116
4091.82	0.533624
4103.63	0.533333
4135.45	0.534251
4168.51	0.535172
4199.6	0.5355
4211.3	0.539166
4231.47	0.539076
4260.36	0.542368
4288.57	0.544911
4313.06	0.548205
4322.49	0.554923
4336.63	0.555011
4358.73	0.55767
4380.26	0.559623
4400.28	0.561426
4407.89	0.565082
4417.09	0.565131
4437.82	0.569901
4456.23	0.57433
4472.75	0.579158
4480.17	0.583302
4487.02	0.583943
4498.32	0.585755
2629.86	0.498959
2649.36	0.499991
2711.84	0.498872
2821.03	0.497659
2921.45	0.497816
2996.19	0.496825
3021.95	0.511885
3089.48	0.511031
3172.32	0.511526
3250.47	0.511487
3298.26	0.510774
3325.16	0.517901
3390.33	0.51738
3458.79	0.51749
3521.21	0.517212
3546.47	0.52243
3585.71	0.521689
3646.92	0.521541
3702.56	0.521308
3745.47	0.520773
3761.03	0.526229
3800.34	0.525747
3835.36	0.525297
3903.8	0.505128
3922.13	0.505168
3934.56	0.520198
3974.41	0.520609
4020.49	0.522781
4064.44	0.525613
4105.87	0.528838
4125.25	0.532301
4143.86	0.532627
4178.75	0.53417
4211.45	0.536444
4242.38	0.538736
4268.35	0.539717
4276.33	0.547808
4295.45	0.547996
4322.93	0.54922
4346.88	0.550916
4369.91	0.552474
4385.85	0.553203
4392.4	0.556991
4410.4	0.557221
4422.8	0.557912
4229.03	0.528774
4234.78	0.53081
4253.23	0.531071
4275.65	0.535035
4284.68	0.54443
4303.75	0.545018
4323.76	0.547194
4331.11	0.55527
4350.4	0.55615
4368.93	0.55804
4378.85	0.563604
4399.81	0.564987
4415.05	0.567103
4421.91	0.570896
4439.88	0.573592
4448.84	0.579292
4458.51	0.579358
4474.04	0.583992
4479.97	0.590723
4490.15	0.591208
4503.79	0.596567
4509.04	0.611448
4519.2	0.614971
4529.02	0.631598
4532.72	0.64238
4538.65	0.64839
3268.51	0.515304
3323.61	0.514605
3398.44	0.513927
3472.18	0.513074
3539.98	0.51338
3601.32	0.514693
3659.56	0.515526
3712.99	0.516103
3735.54	0.521595
3766.12	0.521051
3817.94	0.522173
3865.69	0.523423
3910.43	0.524953
3954.22	0.526027
3996.96	0.52748
4038.89	0.528921
4079.19	0.5306
4117.15	0.532372
4153.07	0.533721
4184.71	0.534505
4196.98	0.537889
4215.6	0.537679
4228.56	0.538859
3589.19	0.51204
3606.59	0.511415
3623.52	0.517427
3666.23	0.516862
3723.22	0.517034
3777.97	0.516481
3813.31	0.515643
3834.48	0.515167
3880.59	0.514656
3919.37	0.51147
3962.76	0.511267
3981.53	0.512576
4011.69	0.512175
4053.93	0.515679
4094.04	0.518053
4122.83	0.519112
4137.22	0.526212
4168.35	0.526769
4201.86	0.530462
4232.08	0.533792
4245.49	0.538284
4262.2	0.538104
4289.5	0.539602
4314.39	0.540634
4329.92	0.541166
3833.23	0.531476
3837.09	0.531534
3870.11	0.531226
3918.59	0.53115
3966.76	0.530987
4007.71	0.532667
4047.3	0.533619
4085.63	0.534584
4122.78	0.53588
4157.2	0.537722
4182.49	0.538245
4193.23	0.546368
4219.47	0.546828
4248.17	0.549191
4277.7	0.550145
4302.73	0.552835
4331.17	0.553774
4356.95	0.555227
4380.57	0.556306
4403.07	0.556721
4414.44	0.556941
4417.29	0.556019
4007.24	0.484457
4034.12	0.484741
4047.4	0.498629
4075.32	0.498625
4107.37	0.500851
4118.53	0.513338
4149.42	0.513773
4173.5	0.516142
4185.46	0.523661
4215.52	0.525036
4229.32	0.530898
4245.12	0.530736
4271.08	0.532555
4279.07	0.539991
4299.75	0.540104
4319.94	0.542388
4326.02	0.55122
4346.87	0.551878
4361.92	0.554266
4369.91	0.559572
4389.93	0.560759
4397.71	0.566311
4408.82	0.566353
4426.37	0.566791
4432.31	0.565276
4440.89	0.56524
4429.37	0.558923
4431.11	0.560852
4442.99	0.561341
4449.64	0.567239
4462.63	0.567876
4468.91	0.578506
4480.83	0.579348
4485.73	0.592184
4495.34	0.593335
4500.07	0.607499
4508.58	0.61075
4513.35	0.631987
4521.28	0.636448
4525.35	0.656519
4531.55	0.66065
4536.5	0.658625
4542.79	0.657793
4546.86	0.606509
4551.85	0.595366
4555.67	0.515958
4560.43	0.495143
4564.36	0.414381
4569.5	0.397206
4572.57	0.375783
4573.33	0.370859
4124.76	0.490876
4155.76	0.494011
4174.49	0.497367
4189.33	0.501828
4222.94	0.503669
4252.87	0.507233
4263.51	0.521018
4283.99	0.521348
4313.01	0.526112
4333.81	0.529156
4341.41	0.543154
4362.13	0.544208
4385.62	0.548963
4397.93	0.552486
4406.02	0.557247
4425.26	0.558708
4442.63	0.561547
4448.68	0.568918
4460.32	0.569292
4477.5	0.572791
4489.63	0.575481
4493.39	0.581308
4502.98	0.582268
3863.06	0.525958
3894.76	0.52561
3932.47	0.525396
3946.64	0.528784
3979.98	0.528497
4023.17	0.529554
4063.08	0.530543
4102.8	0.531131
4139.7	0.532557
4173.27	0.534304
4202.08	0.535122
4213.35	0.53891
4233.98	0.538877
4262.47	0.541543
4289.5	0.543122
4314.45	0.54498
4337.07	0.546839
4362.2	0.547403
4383.87	0.548029
4392.11	0.548822
4400.45	0.548707
3884.68	0.525745
3923.63	0.526195
3946.7	0.527759
3970.53	0.527185
4016.45	0.527187
4039.32	0.528108
4059.11	0.527942
4093.84	0.528217
4116.36	0.52908
4132.55	0.531093
4165.84	0.532376
4188.26	0.533798
4202.51	0.537276
4232.17	0.538252
4254.11	0.539829
4266.95	0.544139
4293.23	0.545061
4312.69	0.54717
4323.05	0.552824
4345.49	0.55348
4363.2	0.554631
4372.25	0.557108
4390.56	0.557443
4405.23	0.558229
4408.43	0.558148
4035.01	0.529904
4063.03	0.529973
4099.37	0.531583
4134.1	0.533987
4164.03	0.535292
4176.11	0.541918
4200.9	0.541924
4234.95	0.544707
4266.1	0.547767
4293.08	0.551616
4306.48	0.554072
4321.67	0.55387
4345.29	0.556599
4366.36	0.559456
4388.75	0.561309
4402.33	0.56253
4410.19	0.566
4427.24	0.566801
4444.27	0.569461
4461.08	0.572395
4473.33	0.574659
4478.13	0.581569
4489.59	0.582111
4448.01	0.555544
4451.35	0.561232
4459.21	0.56141
4463.85	0.56095
4466.81	0.56603
4474.67	0.567305
4479.8	0.570249
4483.07	0.582634
4490.34	0.584939
4495.59	0.590056
4498.99	0.600821
4505.41	0.606621
4510.94	0.610512
4514.62	0.62682
4520.4	0.633919
4525.55	0.634273
4529.87	0.644717
4534.78	0.654651
4539.37	0.655151
4543.25	0.674575
4547.17	0.691484
4550.98	0.694241
4554.16	0.707184
4557.53	0.716772
4558.44	0.717468
3667.17	0.477073
3680.53	0.481531
3710.36	0.481041
3725.89	0.494655
3758.35	0.4942
3774.87	0.490172
3795.29	0.489405
3821.18	0.488764
3834.76	0.498265
3864.22	0.498227
3878.5	0.515323
3899.05	0.516943
3921.28	0.516402
3935.98	0.516173
3963.59	0.515803
3976.53	0.516784
3995.81	0.518456
4013.17	0.519762
4023.04	0.519995
4047.46	0.519453
4058.82	0.505848
4072.84	0.501493
4082.23	0.494824
3976.58	0.531165
4012.25	0.531177
4045.54	0.530948
4054.7	0.53114
4085.37	0.530936
4123.16	0.532835
4150.53	0.533601
4161.57	0.540639
4190.07	0.540822
4220.01	0.542835
4239.39	0.543676
4248.28	0.547968
4274.99	0.548505
4305.15	0.549642
4320.57	0.550466
4332.05	0.551732
4356.45	0.552446
4379.9	0.553899
4391.29	0.554848
4404.62	0.554632
4427.05	0.555306
4441.9	0.555509
4443.69	0.555111
4443.71	0.555316
3888.05	0.523017
3918.61	0.52326
3964.45	0.524499
4008.83	0.526272
4050.63	0.528639
4090.15	0.53108
4127.45	0.53364
4163.41	0.535739
4197.67	0.537965
4230.28	0.540027
4261.35	0.541832
4290.65	0.543521
4317.11	0.545548
4341.92	0.547303
4356.54	0.548077
4365.76	0.551178
4386.13	0.551871
4406.65	0.55305
4426.51	0.5537
4442.12	0.554493
4440.48	0.555558
4442.05	0.556345
4451.78	0.556649
4456	0.560739
4463.12	0.562862
4469.91	0.563035
4473.97	0.569952
4482.84	0.570726
4486.59	0.578689
4492.83	0.58046
4498.84	0.580355
4502.51	0.589149
4509.64	0.590474
4512.88	0.597226
4517.27	0.604934
4521.53	0.605891
4523.63	0.611803
4528.82	0.614377
4531.07	0.633117
4534.14	0.629477
4537.13	0.627533
4539.15	0.546948
4543.26	0.527468
4545.24	0.55457
4549.1	0.47947
4551.19	0.471221
4277.58	0.553334
4298.56	0.55428
4322.24	0.556448
4345.74	0.558607
4362.63	0.559828
4372.1	0.56373
4390.41	0.564657
4409.56	0.567827
4427.51	0.5707
4442.72	0.57277
4449.03	0.580835
4461.67	0.581603
4476.44	0.586573
4491.37	0.589195
4506.81	0.590494
4512.03	0.590918
4521.95	0.59043
4534.1	0.589208
4544.1	0.578496
4552.83	0.5479
4558.47	0.50043
4562.46	0.469494
4567.44	0.432421
3553.45	0.522557
3600.94	0.522492
3657.73	0.52274
3714.15	0.523116
3766.62	0.524769
3818.13	0.525791
3865.73	0.527976
3911.22	0.529504
3939.19	0.529952
3959.48	0.534316
3999.6	0.534757
4039.83	0.536095
4080.03	0.536742
4118.39	0.537979
4154.56	0.539359
4187.96	0.540834
4217.11	0.542654
4246.72	0.543011
4271.2	0.542734
4280.98	0.544408
4296.82	0.544338
3692.7	0.525868
3727.76	0.525607
3779.06	0.526771
3827.04	0.528585
3873.09	0.530182
3917.43	0.531783
3961.17	0.532868
4003.53	0.534124
4043.93	0.535561
4083.02	0.536627
4120.63	0.537592
4156.57	0.538463
4186.22	0.538851
4197.27	0.544439
4220.12	0.544416
4250.35	0.546221
4278.29	0.547331
4309.08	0.547518
4335.7	0.548633
4359.44	0.549586
4375.23	0.550032
3411.59	0.408344
3457.96	0.410475
3514.7	0.416133
3550.28	0.420472
3572.68	0.44348
3626.48	0.444381
3683.27	0.44641
3738.92	0.449125
3791.2	0.451564
3814.22	0.460019
3844.71	0.459481
3896.45	0.460828
3946.06	0.461831
3993.45	0.463193
4032.44	0.463858
4048.09	0.472694
4079.57	0.47233
4121.87	0.471555
4155.17	0.468666
4181.73	0.468332
4150.6	0.540807
4150.75	0.541172
4178.08	0.541665
4209.41	0.543045
4230.19	0.543993
4239.36	0.550491
4265.36	0.551144
4293.02	0.553732
4312.93	0.555063
4320.45	0.563743
4341.7	0.564126
4365.91	0.565775
4384.55	0.566604
4391.09	0.571274
4407.8	0.571821
4428.19	0.575628
4443.29	0.580355
4450.56	0.585775
4465.03	0.586303
4482.73	0.591981
4496.95	0.596326
4500.49	0.606673
4508.46	0.608868
4515.58	0.62052
4114.43	0.560906
4136.52	0.560986
4168.5	0.562439
4199.8	0.564039
4231.52	0.565052
4261.39	0.567179
4289.88	0.569086
4317.35	0.570744
4341.8	0.573647
4365.65	0.575891
4387.5	0.579619
4408.52	0.582981
4427.66	0.588041
4447.75	0.591144
4467.14	0.595265
4484.66	0.601751
4500.09	0.61581
4513.61	0.631484
4523.77	0.649004
4530.18	0.661057
2868.49	0.463133
2872.89	0.464058
2891.16	0.463865
2969.33	0.464268
3020.25	0.464334
3040.42	0.4806
3111.76	0.480247
3174.69	0.480039
3195.59	0.496158
3255.06	0.495594
3321.57	0.49707
3345.66	0.508053
3392.4	0.507331
3461.44	0.509213
3495.98	0.510308
3524.51	0.5125
3587.53	0.512262
3631.24	0.512193
3650.9	0.520981
3702.24	0.520542
3748.04	0.520433
3762.81	0.525999
3800.23	0.52552
3836.81	0.525282
4061.05	0.531662
4090.23	0.533588
4112.85	0.535226
4128	0.54199
4160.56	0.54278
4192.45	0.545621
4224.68	0.547319
4241.34	0.548472
4255.59	0.549469
4282.21	0.551587
4309.52	0.553611
4334.08	0.556577
4345.32	0.559389
4358.43	0.559278
4380.25	0.562073
4401.03	0.564702
4420.68	0.566553
4429.06	0.570355
4441.2	0.570469
4458.55	0.573684
4474.34	0.575904
4485.09	0.576782
2830.47	0.528781
2895.14	0.527914
2980.61	0.527318
3065.97	0.526192
3149.36	0.525273
3230.84	0.524435
3308.93	0.524034
3383.71	0.523782
3455.33	0.52364
3523.61	0.523657
3587.77	0.524006
3648.49	0.524266
3705.35	0.524727
3762.53	0.524242
3816.7	0.524108
3867.52	0.523939
3916.48	0.523444
3963.84	0.522685
4001.9	0.522161
4029.73	0.522102
2965.26	0.526836
2995.59	0.525656
3070.92	0.524631
3101.42	0.524443
3153.97	0.523378
3229.74	0.521915
3261.73	0.520355
3306.06	0.519332
3377.6	0.518364
3413.59	0.517208
3451.28	0.516197
3520.32	0.515289
3558.14	0.514056
3588.37	0.512944
3649.14	0.512112
3687.45	0.511073
3712.16	0.510111
3764.77	0.50962
3801.05	0.509022
3820.18	0.509039
3866.08	0.508405
3901.2	0.507595
3917.27	0.506493
3954.66	0.506293
3983.69	0.506706
3988.3	0.509923
4144.95	0.54885
4148.65	0.548568
4175.9	0.549702
4206.35	0.550945
4236.98	0.552173
4266.05	0.554299
4293.39	0.556632
4319.36	0.558777
4342.1	0.561934
4364.24	0.564452
4384.77	0.567643
4408.46	0.569161
4425.29	0.570392
4432.74	0.580557
4450.14	0.581772
4469.02	0.586517
4485.86	0.591851
4500.09	0.598871
4512.99	0.612343
4523.9	0.631292
4532.16	0.649587
4327.92	0.553567
4340.18	0.553679
4362.63	0.555918
4384.75	0.55815
4407.17	0.559772
4428.7	0.56174
4444.7	0.562993
4451.16	0.570949
4464.25	0.572063
4480.91	0.573732
4495.92	0.575274
4509.14	0.575068
4520.45	0.570399
4529.92	0.555414
4537.96	0.51584
4544.68	0.424382
4553.14	0.359982
4561.19	0.329609
4567.09	0.320591
4569.15	0.31702
3788.77	0.520195
3828.25	0.520204
3872.74	0.520153
3908.12	0.519741
3921.99	0.52083
3956.05	0.520584
3995.5	0.522431
4039.01	0.523056
4065.58	0.523525
4081.27	0.528389
4116.79	0.529111
4152.79	0.532124
4184.92	0.534724
4198.14	0.540262
4217.24	0.540126
4247.8	0.542394
4276.9	0.544062
4300.07	0.544705
4308.37	0.548112
4329.49	0.548101
4354.83	0.549122
4372.98	0.54964
3969.53	0.531019
3981.97	0.531867
4007.84	0.531492
4044.95	0.532296
4058.71	0.538088
4091.51	0.537857
4122.66	0.538994
4137.78	0.543596
4168.69	0.543367
4191.82	0.543175
4206.7	0.542429
4237.07	0.542598
4252.01	0.542749
4269.53	0.542391
4294.63	0.543308
4304.92	0.544952
4324.03	0.544992
4347.15	0.546727
4357.59	0.550693
4378.64	0.551053
4396.16	0.55229
4405.91	0.553489
4425.33	0.554068
4437.13	0.555009
4447.29	0.55512
4464.57	0.556422
4472.27	0.557198
4477.49	0.557222
4222.5	0.520972
4225.27	0.521065
4242.46	0.52132
4253.13	0.525821
4266.77	0.528538
4277.51	0.532747
4288.42	0.53922
4302.57	0.539258
4310.96	0.54633
4326.41	0.546541
4335.38	0.54866
4348.45	0.549493
4358.81	0.550728
4369.15	0.551495
4381.62	0.551399
4389.93	0.554352
4402.4	0.554682
4409.31	0.558809
4420.45	0.559759
4427.62	0.562801
4436.36	0.564573
4446.24	0.564469
4452.92	0.561511
4462.63	0.561058
4465.94	0.545256
4064.39	0.531554
4086.07	0.532042
4096.53	0.540857
4126.98	0.541241
4160.63	0.542674
4192.46	0.544248
4224.52	0.545258
4254.22	0.547252
4282.9	0.548793
4307.73	0.551248
4329.25	0.553971
4350.34	0.555522
4373.52	0.556702
4396.29	0.557992
4412.33	0.558866
4419.16	0.564528
4436.4	0.56521
4455.02	0.56826
4471.52	0.571073
4481.64	0.573269
2758.55	0.508232
2783.61	0.506859
2841.09	0.506456
2875.66	0.51041
2960.59	0.509268
3031.16	0.507908
3059.17	0.513815
3130.59	0.512686
3208.98	0.510736
3239.63	0.5079
3299.32	0.506673
3377.59	0.504182
3413.97	0.50165
3455.11	0.500543
3527.53	0.499582
3573.34	0.498177
3598.79	0.496634
3658.34	0.495979
3708.14	0.495402
3728.21	0.501062
3775.37	0.500657
3824.67	0.501871
3843.9	0.507851
3879.79	0.507218
3911.92	0.504776
3339.76	0.510303
3348.53	0.510022
3391.08	0.509266
3462.14	0.508863
3528.26	0.50861
3555.95	0.513127
3595.72	0.512367
3658	0.516006
3715.64	0.519202
3744.79	0.520667
3777.04	0.519897
3833.04	0.522085
3885.3	0.524388
3913.54	0.525269
3937.69	0.527179
3980.51	0.527982
4023.82	0.528497
4050.54	0.528628
4069.16	0.530476
4107.82	0.529865
4145.81	0.528023
4167.52	0.52553
4180.01	0.521742
4202.88	0.521679
3488.31	0.523402
3544.42	0.523442
3604.64	0.523342
3663.53	0.523408
3719.77	0.523895
3773.8	0.524376
3823.4	0.525747
3870.61	0.526764
3916.29	0.52745
3957.02	0.529314
3992.33	0.529708
4008.65	0.536107
4040.2	0.535928
4080.25	0.537634
4118.57	0.538055
4155.09	0.538394
4189.98	0.538542
4220.74	0.538873
4250.37	0.539058
4275.37	0.539212
