3266.33	0.132324
3281.75	0.131506
3312.46	0.129911
3357.26	0.12764
3412.94	0.124907
3475.26	0.121945
3540.05	0.118951
3603.85	0.11608
3664.16	0.113437
3719.35	0.111077
3768.56	0.109022
3811.5	0.107268
3848.25	0.105794
3879.17	0.104576
3904.69	0.103585
3925.23	0.102796
3941.79	0.102167
3955.08	0.101666
3965.65	0.10127
3973.96	0.100961
3980.44	0.10072
3985.54	0.100532
3989.6	0.100382
3992.92	0.10026
3995.72	0.100157
3998.2	0.100066
4000.47	0.0999827
4002.47	0.0999097
4004.56	0.0998332
4006.83	0.0997505
4009.36	0.0996579
4012.28	0.0995519
4015.65	0.0994292
4019.63	0.0992845
4024.42	0.0991111
4030.27	0.0988996
4037.5	0.0986394
4046.14	0.0983295
4056.28	0.0979677
4067.95	0.0975534
4081.11	0.0970893
4095.56	0.0965829
4110.94	0.0960481
4126.65	0.0955074
4141.8	0.0949969
4155.3	0.0945745
4166.11	0.0942896
4173.58	0.0939431
4178.03	0.0937612
4180.03	0.0936877
3235.76	0.134201
3251.34	0.133382
3283.27	0.131688
3331.32	0.12914
3391.37	0.12609
3458.11	0.12284
3526.76	0.119614
3593.71	0.116565
3656.47	0.113789
3713.54	0.111333
3764.18	0.109209
3808.21	0.107404
3845.84	0.105892
3877.51	0.104642
3903.69	0.103625
3924.23	0.102834
3940.94	0.102199
3954.47	0.101689
3965.24	0.101286
3973.66	0.100972
3980.18	0.10073
3985.3	0.10054
3989.41	0.100389
3992.77	0.100265
3995.63	0.10016
3998.2	0.100066
4000.75	0.0999725
4002.54	0.0999069
4004.74	0.0998266
4007.08	0.0997411
4009.72	0.0996448
4012.75	0.0995345
4016.21	0.0994087
4020.25	0.099262
4025.08	0.0990874
4030.95	0.0988753
4038.51	0.098603
4047.51	0.0982805
4058.06	0.097904
4070.29	0.0974705
4084.16	0.0969817
4099.52	0.0964445
4116.05	0.0958732
4133.15	0.0953017
4149.87	0.0948373
4164.88	0.0948265
4176.67	0.0956396
4184.18	0.0940172
4188.23	0.0934852
4189.93	0.0933634
3175.14	0.137781
3190.1	0.137086
3223.49	0.135323
3278.85	0.132134
3348.61	0.128394
3424.66	0.124562
3501.13	0.12088
3574.26	0.117488
3641.75	0.11446
3702.41	0.111823
3755.75	0.109568
3801.85	0.107667
3841.12	0.106083
3874.26	0.104771
3902.34	0.10368
3922.05	0.102917
3939.15	0.102267
3953.24	0.101735
3964.49	0.101314
3973.14	0.100991
3979.64	0.10075
3984.81	0.100559
3988.99	0.100404
3992.45	0.100277
3995.4	0.100169
3998.02	0.100073
4000.5	0.0999818
4002.88	0.0998948
4005.14	0.0998121
4007.59	0.0997227
4010.44	0.0996188
4013.77	0.0994977
4017.39	0.0993662
4021.55	0.0992151
4026.42	0.099039
4031.98	0.0988378
4040.56	0.0985297
4050.21	0.098184
4061.55	0.09778
4074.85	0.0973093
4090.14	0.0967726
4107.28	0.0961783
4126.09	0.0955521
4146.05	0.0950394
4166.12	0.0954453
4184.42	0.100218
4198.32	0.113619
4205.79	0.0975251
4208.67	0.093424
4209.5	0.0927918
3086.41	0.142919
3097.27	0.142748
3128.52	0.141353
3198.56	0.136794
3285.9	0.131816
3377.04	0.127047
3465.25	0.122674
3547.21	0.118783
3621.31	0.1154
3686.89	0.112509
3743.93	0.110073
3792.82	0.108042
3834.21	0.106362
3868.95	0.104982
3898.03	0.103848
3917.41	0.103094
3936.18	0.10238
3951.45	0.101803
3963.63	0.101346
3972.61	0.101011
3978.74	0.100783
3983.99	0.100589
3988.33	0.100429
3991.95	0.100296
3995.04	0.100182
3997.77	0.100082
4000.34	0.0999878
4002.81	0.0998971
4005.23	0.0998089
4008.1	0.0997039
4011.16	0.0995925
4015.29	0.0994424
4018.91	0.0993109
4023.22	0.0991546
4028.71	0.098956
4035.46	0.0987129
4044.04	0.0984047
4054.19	0.0980417
4066.54	0.0976031
4081.41	0.0970796
4098.8	0.0964763
4118.43	0.0958208
4140.6	0.0952546
4164.93	0.0957723
4190.31	0.103296
4213.49	0.141671
4230.2	0.227893
4238.55	0.124364
4239.06	0.0965512
4238.11	0.0923364
2975.51	0.14906
2972.8	0.149954
2983.44	0.150186
3089.13	0.143148
3206.97	0.136266
3319.48	0.130156
3422.6	0.124865
3515.2	0.120347
3597.02	0.116531
3668.29	0.113339
3729.6	0.110689
3781.72	0.108504
3825.55	0.106714
3862.05	0.105255
3892.17	0.104074
3916.66	0.103128
3932.4	0.102522
3949.27	0.101885
3963.22	0.101363
3971.81	0.101041
3978	0.100811
3983.35	0.100613
3987.84	0.100447
3991.61	0.100308
3994.83	0.10019
3997.54	0.10009
4000.29	0.0999895
4002.89	0.0998943
4005.57	0.0997965
4008.59	0.0996863
4012.14	0.0995567
4015.86	0.0994215
4020.35	0.0992585
4025.28	0.09908
4031.64	0.0988507
4039.32	0.0985745
4048.6	0.0982427
4059.07	0.0978686
4072.59	0.0973912
4089.58	0.0968068
4109.89	0.0961546
4132.3	0.0955733
4158.69	0.0960747
4188.54	0.103385
4220.53	0.143528
4265.44	0.287232
4288.34	0.419887
4279.56	0.209837
4277.99	0.11278
4274.14	0.0932416
2858.28	0.155194
2826.27	0.156492
2734.62	0.155874
2957.75	0.150254
3122.39	0.141318
3259.47	0.133575
3378.14	0.127231
3481.55	0.122028
3571.14	0.117754
3648.15	0.114246
3713.81	0.111372
3769.28	0.109025
3815.7	0.107115
3854.17	0.105569
3885.7	0.104326
3911.11	0.10334
3930.92	0.102581
3946.46	0.101991
3959.57	0.101498
3969.4	0.101131
3976.83	0.100854
3982.72	0.100636
3987.48	0.10046
3991.4	0.100316
3994.75	0.100193
3997.78	0.100081
4000.35	0.0999871
4003.08	0.0998873
4005.96	0.0997821
4009.15	0.0996657
4012.83	0.0995316
4017.18	0.0993738
4021.96	0.0992004
4027.46	0.0990012
4034.38	0.0987519
4042.48	0.098461
4053.22	0.0980782
4062.67	0.0977421
4078.92	0.0971942
4098.71	0.0966494
4123.77	0.0964231
4147.59	0.0969175
4178.84	0.105312
4213.5	0.14353
4254.5	0.243056
4312.08	0.401018
4366.57	0.567743
4340.59	0.327537
4322.69	0.148241
4314.53	0.0969893
2766.41	0.160673
2733.47	0.161633
2659.89	0.159585
2877.31	0.154963
3055.9	0.145393
3207.07	0.136621
3337.3	0.129447
3449.72	0.123647
3545.93	0.118959
3627.94	0.115163
3697.52	0.112081
3756.17	0.109576
3805.17	0.107546
3845.71	0.105907
3878.9	0.104593
3905.76	0.103547
3927.33	0.102719
3942.39	0.102144
3956.25	0.101623
3967.07	0.101218
3975.34	0.10091
3981.78	0.100671
3986.88	0.100482
3991.01	0.10033
3994.48	0.100202
3997.55	0.10009
4000.37	0.0999864
4003.23	0.0998818
4006.26	0.0997711
4009.56	0.0996508
4013.35	0.0995129
4017.82	0.0993504
4023.13	0.0991577
4029.31	0.0989346
4036.25	0.0986847
4045.89	0.0983392
4055.82	0.0979846
4068.18	0.097549
4083.12	0.097036
4101.88	0.0964673
4128.13	0.0962616
4160.36	0.101096
4196.99	0.129285
4238.27	0.202631
4303.23	0.299308
4361.05	0.405284
4415.68	0.565387
4387.49	0.335155
4364.78	0.160349
4354.28	0.0984272
2702.64	0.164972
2677.38	0.165339
2627.68	0.162329
2829.71	0.15773
3008.58	0.148181
3165.65	0.138987
3303.22	0.131301
3422.5	0.125056
3523.23	0.12005
3608.77	0.116035
3681.46	0.112783
3742.88	0.110138
3794.3	0.107992
3836.91	0.10626
3871.82	0.104871
3900.12	0.103765
3922.93	0.102887
3941.38	0.102185
3952.85	0.101749
3964.8	0.101303
3973.75	0.100969
3980.69	0.100711
3986.14	0.10051
3990.49	0.100349
3994.1	0.100216
3997.3	0.100099
4000.33	0.099988
4003.42	0.0998749
4006.73	0.0997541
4010.16	0.099629
4014.11	0.0994851
4018.83	0.0993136
4024.97	0.0990916
4030.99	0.0988739
4038.65	0.0985986
4047.76	0.0982731
4058.05	0.0979052
4071.73	0.097422
4087.08	0.0968801
4110.11	0.0960906
4138.53	0.0952279
4172.34	0.0950036
4214.2	0.0999846
4252.36	0.128732
4319.87	0.247843
4388.95	0.392015
4440.35	0.542423
4423.62	0.314853
4403.07	0.177432
4390.84	0.100813
2660.53	0.167948
2642.85	0.167723
2610.09	0.163944
2800.2	0.15934
2975.57	0.150005
3134.43	0.140707
3276.84	0.132725
3402.48	0.126141
3504.16	0.120959
3591.11	0.116839
3665.89	0.113469
3729.63	0.110704
3783.3	0.10845
3827.92	0.106625
3864.55	0.10516
3894.24	0.103995
3918.09	0.103073
3937.09	0.102347
3951.82	0.10179
3962.93	0.101372
3972.13	0.101029
3979.52	0.100755
3985.34	0.100539
3989.87	0.100372
3993.59	0.100235
3996.94	0.100112
4000.19	0.0999932
4003.6	0.0998682
4007.54	0.0997245
4010.94	0.0996003
4015.08	0.0994499
4019.69	0.0992828
4024.76	0.0990989
4031.89	0.098842
4039.91	0.0985532
4049.29	0.098217
4061.68	0.0977764
4075.74	0.0972776
4093.97	0.0966375
4117.76	0.0958206
4148.98	0.0948752
4182.11	0.0945741
4220.68	0.0981387
4272.46	0.132704
4351.21	0.280716
4428.47	0.416538
4489.62	0.566833
4461.52	0.344974
4434.97	0.166999
4422.39	0.0976176
2633.25	0.169859
2621.16	0.16919
2599.31	0.164889
2780.85	0.160356
2952.12	0.151243
3110.77	0.14195
3256.92	0.133736
3395.28	0.1266
3488.36	0.121695
3574.3	0.117658
3650.52	0.114206
3716.38	0.111319
3772.24	0.108944
3818.88	0.107015
3857.22	0.105467
3888.25	0.104238
3913.14	0.103269
3932.97	0.102507
3948.61	0.101913
3960.29	0.101472
3970.2	0.101102
3978.28	0.100801
3984.62	0.100566
3989.19	0.100397
3992.88	0.100262
3996.37	0.100133
3999.83	0.100007
4003.48	0.0998728
4007.26	0.0997349
4010.89	0.0996024
4014.75	0.0994618
4019.79	0.0992789
4025.67	0.0990659
4033.12	0.0987973
4040.18	0.0985428
4051.38	0.0981422
4064.64	0.0976702
4081.16	0.0970886
4099.67	0.0964423
4123.02	0.0956446
4151.19	0.0947525
4189.57	0.0940154
4234.98	0.0980064
4289.24	0.137541
4378.7	0.291919
4459.08	0.421156
4522.97	0.56645
4492.2	0.351507
4462.6	0.171743
4449.44	0.0974656
2615.68	0.17106
2607.3	0.170106
2592.29	0.165492
2767.46	0.161076
2934.64	0.152191
3090.95	0.143035
3234.63	0.134928
3363.75	0.128083
3469.96	0.122601
3561.78	0.11819
3641.33	0.114556
3709.52	0.111565
3767.23	0.109118
3815.39	0.107133
3854.9	0.105544
3886.35	0.104302
3911.49	0.103326
3931.61	0.102555
3947.7	0.101945
3960.77	0.101454
3969.07	0.101142
3978.28	0.100801
3983.82	0.100595
3988.51	0.100422
3992.55	0.100274
3996.11	0.100143
4000	0.1
4003.39	0.0998761
4006.9	0.0997478
4010.93	0.0996009
4015.25	0.0994439
4020.37	0.0992579
4026.66	0.0990302
4033.21	0.0987938
4042.37	0.0984644
4054.31	0.0980381
4067.76	0.0975595
4084.39	0.0969755
4103.41	0.0963166
4124.76	0.0955814
4157.07	0.0945306
4196.29	0.0938369
4245.59	0.0981869
4302.79	0.140328
4399.86	0.296712
4482.23	0.422909
4547.22	0.566309
4516.02	0.352172
4485.38	0.172639
4471.88	0.0970419
2604.38	0.171817
2598.36	0.170691
2587.59	0.165901
2757.94	0.161604
2921.53	0.15291
3075.3	0.143881
3216.87	0.135841
3344.07	0.12901
3454.44	0.123361
3550.02	0.118741
3632.39	0.114954
3702.75	0.111854
3762.28	0.109322
3812.17	0.107264
3853.35	0.105608
3884.5	0.104372
3909.6	0.103397
3929.95	0.102618
3946.29	0.101998
3959.15	0.101514
3969.15	0.10114
3976.74	0.100858
3983.02	0.100625
3987.93	0.100444
3992.14	0.100288
3995.99	0.100147
3999.54	0.100017
4003.27	0.0998805
4007.01	0.0997439
4011.07	0.0995959
4015.82	0.099423
4021.12	0.0992306
4027.42	0.0990028
4035.09	0.0987265
4044.29	0.0983967
4055.64	0.0979909
4068.96	0.0975183
4085.55	0.0969325
4105.68	0.0962301
4130.33	0.0953844
4162.04	0.0943928
4199.37	0.0937852
4253.5	0.0983121
4313.53	0.141961
4415.79	0.299285
4499.59	0.423897
4565.26	0.566364
4534.22	0.351288
4503.53	0.171671
4489.91	0.0964107
2597.13	0.172298
2592.59	0.171071
2584.42	0.166182
2751.16	0.16199
2911.84	0.153445
3063.42	0.144517
3203.48	0.136524
3330.12	0.129685
3442.08	0.123958
3539.78	0.119221
3624.13	0.115326
3696.21	0.112137
3757.31	0.10953
3809.1	0.107388
3854.44	0.105573
3882.37	0.104455
3907.12	0.103497
3927.86	0.102701
3944.73	0.10206
3957.48	0.101578
3967.41	0.101206
3975.23	0.100914
3982.21	0.100656
3987.03	0.100477
3991.53	0.100311
3995.67	0.100159
3999.49	0.100019
4003.31	0.099879
4007.26	0.0997347
4011.26	0.0995891
4016.09	0.0994134
4021.53	0.0992161
4027.03	0.0990163
4035.5	0.0987114
4044.92	0.0983738
4055.08	0.0980092
4069.88	0.0974856
4087.42	0.0968686
4108.31	0.0961432
4132.75	0.0952984
4164.33	0.0942871
4204.63	0.0936451
4260.79	0.0983011
4322.56	0.142993
4427.63	0.300653
4512.55	0.424547
4578.72	0.566506
4547.99	0.35014
4517.61	0.170262
4504.02	0.0957967
2592.56	0.1726
2588.92	0.171314
2582.31	0.166373
2746.46	0.162266
2904.89	0.153833
3054.67	0.144985
3193.49	0.137034
3319.68	0.130197
3432.22	0.12443
3531.04	0.119628
3616.63	0.115663
3689.86	0.112412
3751.83	0.10976
3803.78	0.107606
3846.7	0.105874
3879.33	0.104575
3905.81	0.103544
3927.67	0.102705
3946.29	0.102
3957.56	0.101573
3966.76	0.101229
3975.16	0.100917
3981.07	0.100697
3986.9	0.100482
3991.37	0.100317
3995.48	0.100166
3999.3	0.100026
4003.3	0.0998794
4007.29	0.0997336
4011.79	0.0995699
4016.38	0.0994029
4021.1	0.0992315
4026.77	0.0990262
4034.59	0.0987442
4044.35	0.0983942
4055.23	0.0980047
4070.21	0.0974732
4087.97	0.0968479
4109.08	0.0961123
4134.42	0.0952457
4164.23	0.0942918
4212.14	0.0934224
4267.9	0.098162
4330.27	0.143466
4436.56	0.301286
4522.22	0.424969
4588.74	0.566674
4558.29	0.349136
4528.33	0.168962
4514.81	0.0952871
2589.81	0.172782
2586.72	0.17146
2581.03	0.166495
2743.5	0.162453
2900.25	0.154099
3048.45	0.145316
3186.07	0.137411
3311.63	0.130592
3424.22	0.124812
3523.53	0.119975
3609.84	0.115966
3683.8	0.112674
3746.36	0.109989
3798.61	0.107816
3841.54	0.106076
3875.86	0.104712
3903.55	0.103632
3926.17	0.102762
3945.41	0.102033
3956.66	0.101607
3966.04	0.101255
3974.61	0.100937
3982.04	0.100662
3986.59	0.100493
3991.08	0.100328
3995.48	0.100166
3999.63	0.100014
4003.4	0.0998758
4007.3	0.0997334
4011.64	0.0995753
4015.59	0.0994315
4020.48	0.099254
4026.82	0.0990246
4034.39	0.0987513
4043.38	0.0984281
4056.64	0.0979552
4071.55	0.0974257
4089.62	0.0967918
4110.75	0.0960585
4134.1	0.0952502
4172.16	0.0940307
4218.82	0.0931985
4274.1	0.0979791
4336.57	0.143513
4443.33	0.301507
4529.38	0.425232
4596.1	0.566837
4565.88	0.348379
4536.29	0.167933
4522.86	0.094897
2588.37	0.172876
2585.62	0.171533
2580.49	0.166556
2742.29	0.16256
2897.81	0.154253
3044.36	0.145527
3180.59	0.137683
3305.26	0.1309
3417.51	0.125129
3516.92	0.120278
3603.58	0.116245
3678.01	0.112923
3741.02	0.110212
3793.71	0.108015
3837.1	0.106252
3872.27	0.104853
3900.68	0.103743
3923.42	0.102868
3941.65	0.102174
3955.77	0.101642
3963.63	0.101346
3973.27	0.100987
3980.56	0.100716
3985.82	0.100521
3990.91	0.100334
3995.32	0.100172
3999.5	0.100018
4003.63	0.0998673
4007.14	0.099739
4010.8	0.0996056
4015.15	0.0994475
4020.28	0.0992612
4026.62	0.0990316
4034.45	0.0987491
4044.26	0.0983965
4057.04	0.0979404
4072.56	0.0973903
4090.8	0.0967481
4113.27	0.0959657
4141.16	0.0950095
4178.22	0.0938254
4224.16	0.0930167
4279.06	0.0978056
4341.45	0.14337
4448.34	0.301519
4534.56	0.425392
4601.37	0.56698
4571.31	0.347852
4542.02	0.167182
4528.67	0.0946146
2587.87	0.172904
2585.44	0.171539
2580.77	0.16655
2743.36	0.162576
2897.94	0.154277
3042.13	0.145617
3176.51	0.13787
3299.94	0.13115
3411.62	0.125406
3510.85	0.120557
3597.65	0.116508
3672.39	0.113166
3735.72	0.110434
3788.89	0.108212
3832.83	0.106423
3868.56	0.104999
3897.67	0.103861
3920.38	0.102985
3938.12	0.102309
3952.57	0.101763
3963.5	0.101351
3972.23	0.101025
3979.56	0.100753
3985.51	0.100533
3990.64	0.100344
3994.95	0.100185
3999.31	0.100025
4003.55	0.0998702
4007.08	0.0997413
4010.48	0.0996172
4014.97	0.0994538
4020.26	0.0992618
4026.72	0.099028
4034.74	0.0987385
4044.89	0.0983738
4058.03	0.0979049
4074.82	0.0973115
4092.41	0.0966904
4115.76	0.0958787
4145.21	0.0948728
4182.39	0.0936854
4228.08	0.0928833
4282.72	0.097666
4344.96	0.14319
4451.82	0.301461
4538.09	0.425499
4604.96	0.567096
4575	0.347502
4545.94	0.166661
4532.66	0.0944205
2588.02	0.172884
2585.98	0.171483
2582.14	0.166438
2748.39	0.162416
2902.06	0.154085
3041.21	0.145579
3173.24	0.138007
3295	0.131376
3406.14	0.125669
3504.96	0.120827
3591.84	0.11677
3666.86	0.113409
3730.18	0.110669
3784	0.108417
3828.61	0.1066
3864.48	0.105171
3895.17	0.103971
3917.64	0.10309
3936.75	0.10236
3951.41	0.101805
3962.79	0.101377
3971.8	0.101041
3979.27	0.100764
3985.37	0.100538
3990.54	0.100348
3995.11	0.10018
3999.13	0.100032
4003.27	0.0998805
4006.52	0.0997617
4010.42	0.0996197
4015.06	0.0994505
4020.49	0.0992536
4027.06	0.0990157
4035.16	0.0987233
4045.32	0.0983582
4058.75	0.0978787
4076.64	0.0972481
4093.03	0.0966686
4117.71	0.0958122
4147.88	0.0947827
4185.23	0.0935905
4230.76	0.0927912
4285.14	0.097568
4347.17	0.143072
4453.94	0.301439
4540.22	0.425595
4607.13	0.567183
4577.25	0.347268
4548.36	0.166309
4535.13	0.0942959
2588.41	0.172847
2586.83	0.171391
2584.55	0.166158
2761.91	0.161679
2914.24	0.153317
3038.95	0.145577
3170.09	0.138186
3289.37	0.131646
3400.95	0.125943
3498.79	0.121121
3585.92	0.117053
3661.68	0.113656
3723.68	0.110977
3778.94	0.108667
3823.21	0.106817
3863.63	0.105199
3897.51	0.103874
3917.78	0.103083
3935.7	0.102401
3950.16	0.101853
3961.73	0.101418
3970.77	0.10108
3978.7	0.100785
3984.97	0.100553
3990.2	0.10036
3994.74	0.100193
3998.79	0.100045
4002.7	0.0999015
4006.5	0.0997623
4010.92	0.0996012
4015.44	0.0994366
4020.99	0.0992354
4027.7	0.0989926
4035.82	0.0987002
4045.3	0.0983591
4058.46	0.0978891
4075.88	0.0972732
4096.98	0.0965345
4119.79	0.0957388
4149.87	0.0947149
4187.19	0.0935247
4232.46	0.0927313
4286.42	0.0975153
4348.1	0.143123
4454.75	0.301566
4541.1	0.425731
4608.07	0.567246
4578.26	0.347094
4549.51	0.166071
4536.32	0.0942251
2588.55	0.172842
2586.86	0.171416
2583.49	0.166354
2752.48	0.162303
2906.03	0.153848
3046.92	0.145273
3168.77	0.138409
3280.23	0.132202
3397.55	0.1262
3491.2	0.12156
3579.44	0.117471
3652.45	0.114063
3721.26	0.111068
3777.45	0.108693
3823.45	0.106801
3862.16	0.105254
3893.66	0.104019
3917.25	0.103104
3936.13	0.102383
3950.21	0.101849
3961.42	0.101428
3970.75	0.10108
3978.1	0.100807
3984.38	0.100575
3989.73	0.100378
3994.37	0.100207
3998.43	0.100058
4001.89	0.0999309
4006.32	0.0997691
4010.84	0.0996042
4015.73	0.0994266
4021.03	0.0992338
4027.82	0.0989884
4035.93	0.0986958
4045.84	0.0983403
4057.34	0.0979288
4075.6	0.0972834
4096.79	0.0965405
4120.89	0.095705
4151.19	0.0946706
4188.62	0.0934782
4233.46	0.0926965
4286.6	0.0975182
4347.49	0.143535
4454.23	0.302024
4540.8	0.425966
4607.92	0.567289
4578.18	0.34694
4549.54	0.165906
4536.4	0.0941973
2588.55	0.172837
2587.05	0.171398
2584.06	0.166325
2754.34	0.162275
2903.97	0.153868
3045.9	0.14533
3167.9	0.138369
3289.56	0.131946
3387.78	0.126692
3485.7	0.121864
3577.58	0.117478
3654.21	0.113974
3720.9	0.111072
3776.62	0.108722
3822.58	0.106836
3860.67	0.105312
3891.62	0.104095
3916.32	0.103139
3937.17	0.102345
3949.68	0.101869
3960.18	0.101475
3970.01	0.101108
3977.72	0.100821
3984.08	0.100586
3989.57	0.100384
3994.47	0.100203
3998.2	0.100066
4002.15	0.0999214
4006.36	0.0997675
4010.88	0.0996027
4015.94	0.0994186
4021.93	0.0992014
4028.46	0.0989651
4036.57	0.0986734
4045.83	0.0983402
4060.09	0.097833
4076.54	0.0972493
4098.66	0.0964739
4126.09	0.0955321
4152.01	0.094646
4190.11	0.0934439
4234.2	0.0927159
4285.69	0.097667
4344.44	0.144647
4452.22	0.303045
4539.41	0.426332
4606.77	0.567322
4577.11	0.34682
4548.57	0.165817
4535.45	0.0942097
2588.23	0.172846
2587.2	0.171343
2586.5	0.166002
2772.66	0.161258
2903.11	0.153747
3030.71	0.146069
3166.1	0.138466
3288.52	0.131794
3396.97	0.126113
3498.29	0.121209
3579.04	0.117381
3654.49	0.114022
3720.9	0.111077
3775.97	0.10875
3821.09	0.106894
3858.98	0.105378
3889.65	0.104172
3914.1	0.103224
3933.85	0.10247
3948.59	0.101911
3960.24	0.101474
3969.12	0.101142
3976.95	0.100851
3983.34	0.100613
3989.06	0.100402
3993.91	0.100224
3998.12	0.100069
4002.06	0.0999247
4006.31	0.0997693
4010.78	0.0996063
4015.76	0.0994254
4021.46	0.0992186
4028.07	0.0989792
4036.48	0.0986762
4046.81	0.098305
4060.74	0.097808
4079.26	0.0971537
4100.26	0.0964187
4126.85	0.0955088
4158.41	0.0944776
4193.13	0.0935357
4235.58	0.0934809
4284.17	0.0997911
4335.87	0.145739
4449.07	0.304311
4537.24	0.426599
4604.75	0.567352
4575.11	0.346869
4546.62	0.16588
4533.54	0.0942687
2587.1	0.17294
2585.46	0.171516
2582.26	0.166472
2748.83	0.16251
2896	0.154288
3034.11	0.145931
3167.21	0.138346
3290.19	0.131653
3401.32	0.125902
3501.06	0.12103
3586.62	0.117006
3660.82	0.11368
3721.64	0.111038
3775.63	0.108796
3818.32	0.10701
3857.14	0.105454
3887.61	0.104252
3911.33	0.103333
3931.21	0.102573
3947.03	0.101973
3959.38	0.101505
3969.19	0.101138
3977.04	0.100847
3983.5	0.100607
3989.03	0.100403
3993.83	0.100227
3998.12	0.100069
4002.41	0.0999119
4006.47	0.0997635
4010.93	0.0996009
4015.95	0.0994186
4021.55	0.0992156
4027.75	0.0989907
4036.81	0.0986647
4047.07	0.0982969
4060.3	0.0978235
4077.93	0.0972006
4099.19	0.0964549
4125.46	0.0955478
4156.62	0.0944956
4191.82	0.0934008
4234.84	0.0926704
4285.71	0.0974118
4343.37	0.142803
4449.06	0.301269
4535.08	0.425667
4601.91	0.567379
4572.12	0.347261
4543.69	0.166103
4530.67	0.094364
2585.79	0.173042
2583.75	0.171658
2579.67	0.166677
2740.23	0.162798
2891.49	0.154586
3034.03	0.146028
3168.25	0.138302
3292.3	0.131543
3404.94	0.125733
3505.7	0.120808
3593.48	0.116714
3665.82	0.113443
3726.91	0.110797
3779.92	0.108587
3821.27	0.106894
3856.19	0.105507
3884.92	0.104368
3911.04	0.103345
3930.94	0.10258
3946.77	0.10198
3959.07	0.101516
3968.91	0.101149
3976.7	0.100859
3983.23	0.100617
3988.8	0.100412
3993.7	0.100231
3997.89	0.100077
4002.14	0.099922
4006.32	0.0997692
4010.86	0.0996034
4015.92	0.0994194
4021.71	0.0992092
4028.6	0.0989599
4037.36	0.0986446
4047.72	0.0982732
4058.99	0.0978698
4077.21	0.0972266
4098.19	0.0964891
4125.1	0.095559
4157.59	0.09446
4197.56	0.0932398
4234.36	0.0926868
4287.26	0.0969782
4346.18	0.139902
4447.13	0.297659
4531.56	0.424406
4597.6	0.567447
4567.79	0.347212
4539.68	0.165725
4526.84	0.0943621
2584.72	0.173119
2582.56	0.171744
2578.4	0.166758
2736.87	0.162888
2889.21	0.154717
3033.68	0.14609
3169.15	0.138272
3294.28	0.131447
3408.21	0.125574
3510.91	0.120562
3603.66	0.116294
3670.57	0.113227
3729.64	0.11071
3779.95	0.108598
3824.85	0.106746
3860.32	0.105323
3889.53	0.104178
3911.58	0.103323
3930.24	0.102608
3946.37	0.101995
3958.27	0.101546
3968.3	0.101172
3975.78	0.100893
3982.55	0.100643
3988.3	0.10043
3993	0.100257
3997.68	0.100085
4002.02	0.0999264
4006.36	0.0997676
4011.04	0.099597
4016.28	0.0994064
4022.28	0.0991886
4029.5	0.0989273
4038.7	0.0985962
4049.12	0.098223
4061.91	0.0977675
4077.96	0.097201
4096.29	0.0965552
4125.11	0.0955611
4157.95	0.0944509
4196.79	0.0932724
4242.12	0.0930261
4289.81	0.096811
4347.78	0.137287
4442.85	0.29263
4525.87	0.422504
4590.91	0.567603
4561.68	0.345017
4534.57	0.163015
4522.14	0.0939595
2584	0.173168
2581.86	0.171791
2577.83	0.166791
2735.58	0.162921
2888.32	0.154763
3033.71	0.146105
3170.02	0.138239
3295.86	0.131374
3410.39	0.125473
3513.61	0.120439
3606.96	0.116151
3675.14	0.113026
3735.12	0.110449
3786.38	0.10831
3829.38	0.10656
3863.33	0.105201
3891.15	0.10411
3913.63	0.103241
3932.51	0.102521
3946.52	0.101991
3956.29	0.101621
3966.63	0.101235
3975.25	0.100914
3982.19	0.100656
3987.97	0.100442
3992.95	0.100259
3997.55	0.10009
4001.97	0.099928
4006.5	0.0997626
4011.43	0.0995829
4017.01	0.0993799
4023.17	0.0991567
4030.4	0.0988957
4038.67	0.0985973
4049.75	0.0982003
4063.2	0.0977213
4079.82	0.0971336
4100.34	0.0964146
4127.04	0.0954962
4159.2	0.094429
4197.34	0.0933529
4241.56	0.0933506
4290.15	0.102126
4348.53	0.139809
4436.87	0.284178
4517.42	0.417729
4580.04	0.567721
4553.65	0.334281
4528.63	0.153555
4517.02	0.0925617
2583.64	0.173192
2581.53	0.17181
2577.64	0.166799
2735.26	0.162923
2888.27	0.154762
3034.17	0.146087
3170.96	0.138198
3297.1	0.131321
3411.54	0.125427
3513.67	0.120444
3602.9	0.116301
3676.4	0.112989
3738.7	0.110304
3791.52	0.108105
3834.55	0.106355
3865.13	0.10513
3891.82	0.104089
3913.95	0.103233
3931.35	0.102564
3946.43	0.101992
3957.76	0.101565
3967.45	0.101203
3975.56	0.100901
3982.29	0.100652
3987.97	0.100442
3992.92	0.10026
3997.45	0.100094
4001.83	0.0999331
4006.4	0.0997661
4011.54	0.0995788
4017.93	0.0993465
4023.8	0.0991333
4031.01	0.0988731
4039.87	0.0985541
4051.05	0.0981537
4064.96	0.0976591
4082.14	0.0970533
4103.32	0.0963194
4129.55	0.0954562
4161.44	0.0946266
4199.65	0.094814
4244.86	0.101249
4297.7	0.135945
4347.48	0.206271
4432.17	0.294804
4505.91	0.393698
4559.63	0.539736
4545.58	0.296985
4522.93	0.134936
4512.56	0.090455
2583.58	0.173195
2581.51	0.17181
2577.69	0.16679
2735.51	0.162903
2888.82	0.15473
3035.07	0.146041
3172.13	0.138141
3298.38	0.131261
3412.63	0.125378
3514.12	0.120422
3602.37	0.116309
3677.33	0.112952
3741.19	0.110202
3796.98	0.107896
3834.14	0.106363
3867.96	0.10502
3893.78	0.104006
3915	0.103187
3932.17	0.102531
3946.36	0.101994
3957.82	0.101563
3967.37	0.101206
3975.34	0.100909
3982	0.100663
3987.68	0.100453
3992.67	0.100269
3997.22	0.100102
4001.58	0.0999423
4006.16	0.099775
4011.19	0.0995915
4017.01	0.0993797
4023.55	0.0991429
4030.84	0.0988792
4039.74	0.0985587
4050.9	0.0981592
4064.95	0.0976593
4082.23	0.0970493
4103.12	0.0963192
4128.7	0.0954387
4160.07	0.0944001
4197.9	0.0933421
4242.92	0.0933711
4295.75	0.102472
4354.61	0.164467
4431.84	0.277502
4508.74	0.414242
4569.64	0.567852
4544.09	0.329554
4521.07	0.149225
4510.51	0.0920618
2583.82	0.173179
2581.75	0.171792
2577.92	0.166766
2736.22	0.162862
2889.95	0.154669
3036.48	0.145966
3173.7	0.13806
3299.98	0.131181
3414.13	0.125307
3515.28	0.120368
3602.92	0.116279
3677.84	0.112931
3741.22	0.110206
3793.53	0.108024
3834.93	0.106331
3871.56	0.104884
3894.14	0.103991
3914.81	0.103197
3931.49	0.102559
3945.3	0.102035
3956.7	0.101606
3966.41	0.101242
3974.49	0.100942
3981.21	0.100692
3987.04	0.100477
3992.19	0.100287
3996.88	0.100115
4001.17	0.0999575
4005.86	0.0997857
4010.82	0.0996048
4016.57	0.0993958
4024.12	0.0991224
4031.1	0.0988697
4039.87	0.098554
4050.91	0.0981584
4065.41	0.0976435
4083.15	0.0970206
4103.44	0.0963132
4128.13	0.0954584
4159.25	0.094433
4196.86	0.093391
4241.53	0.0933484
4293.41	0.100636
4350.26	0.144483
4429.47	0.291054
4506.47	0.41515
4567.2	0.567909
4541.62	0.330256
4520	0.150829
4510.07	0.0931213
2584.35	0.173142
2582.25	0.171755
2578.37	0.166724
2737.49	0.162796
2891.79	0.154572
3038.57	0.145853
3175.8	0.137946
3302.07	0.131072
3416.32	0.125203
3517.46	0.120274
3604.05	0.116222
3678.43	0.112902
3741.83	0.110186
3791.61	0.108096
3832.21	0.106441
3866.08	0.105095
3892.57	0.104053
3915.88	0.103156
3931.1	0.102572
3944.47	0.102066
3955.33	0.101657
3965.63	0.101271
3973.9	0.100963
3980.41	0.100722
3986.43	0.100499
3991.8	0.100301
3996.67	0.100123
4001.37	0.0999503
4005.69	0.0997921
4010.42	0.0996198
4015.45	0.0994365
4022.56	0.0991789
4030.06	0.0989077
4038.66	0.0985982
4048.27	0.0982524
4064.05	0.0976915
4082.62	0.0970361
4106.15	0.0962301
4127.19	0.0955526
4158.89	0.094821
4196.63	0.0954554
4241.24	0.104093
4292.17	0.146773
4350.87	0.222445
4438.38	0.327751
4499.08	0.398912
4552	0.54086
4536.58	0.292342
4519.37	0.158978
4511.49	0.102486
2585.19	0.173084
2583.07	0.171696
2579.1	0.166657
2739.54	0.162696
2894.68	0.154428
3041.57	0.14569
3178.52	0.137791
3304.61	0.13093
3419.36	0.125052
3521.79	0.1201
3605.29	0.116149
3678.62	0.112881
3745.64	0.110038
3789.48	0.108185
3827.94	0.106622
3860.76	0.105312
3887.96	0.10424
3910.74	0.103357
3928.59	0.102671
3943.13	0.102118
3955.26	0.10166
3964.32	0.101321
3972.01	0.101034
3979.75	0.100747
3985.87	0.10052
3991.54	0.100311
3996.42	0.100132
4000.95	0.0999656
4005.39	0.0998031
4010.09	0.0996315
4015.34	0.0994403
4021.72	0.0992089
4029.17	0.0989396
4038.04	0.09862
4048.98	0.0982272
4063.54	0.0977093
4081.55	0.0970748
4100.72	0.0964029
4125.01	0.0955683
4155.18	0.0945692
4192.33	0.0935402
4236.62	0.0935198
4288.43	0.101056
4346.22	0.147703
4437.65	0.300837
4513.48	0.435013
4568.52	0.568322
4542.34	0.33308
4520.41	0.152546
4510.29	0.0933594
2586.37	0.173002
2584.25	0.171608
2580.25	0.166553
2742.88	0.162544
2899.35	0.154213
3045.93	0.145452
3181.78	0.137595
3306.98	0.130774
3422.54	0.124857
3532.75	0.11963
3604.72	0.116156
3673.87	0.113124
3735.18	0.110499
3785.09	0.108396
3824.58	0.106765
3857.4	0.105446
3884.46	0.104377
3908.32	0.103446
3927.03	0.102728
3942.01	0.102158
3954.26	0.101697
3963.58	0.101348
3971.43	0.101055
3979.55	0.100754
3986.05	0.100513
3991.32	0.100319
3996.17	0.100141
4000.61	0.0999781
4005.17	0.0998112
4009.9	0.0996384
4015.16	0.0994471
4021.29	0.0992246
4028.77	0.0989541
4037.74	0.0986307
4049.03	0.0982257
4063.17	0.097722
4081.01	0.0970961
4097.54	0.0965125
4125.76	0.0955435
4151.27	0.0946662
4188.54	0.0934801
4232.49	0.0926183
4284.39	0.0960536
4344.21	0.130413
4430.39	0.27121
4512.12	0.406294
4567.68	0.567429
4545.16	0.322297
4521.65	0.148014
4510.59	0.0922436
2587.89	0.172893
2585.85	0.171482
2581.99	0.166384
2748.33	0.162296
2907.46	0.153868
3052.47	0.145092
3185.47	0.137372
3307.6	0.130733
3419	0.12504
3518.83	0.120221
3600.17	0.116373
3671.07	0.113206
3733.15	0.110535
3788.54	0.108238
3824.07	0.106767
3856	0.105495
3883.6	0.104411
3905.61	0.103554
3924.57	0.102827
3939.78	0.102249
3952.26	0.101775
3962.93	0.101373
3971.84	0.10104
3979.38	0.10076
3985.77	0.100524
3991.24	0.100322
3996.15	0.100142
4000.66	0.099976
4005.09	0.099814
4009.86	0.0996401
4015.13	0.0994483
4020.93	0.0992376
4028.75	0.0989547
4037.48	0.0986402
4048.05	0.0982616
4061.37	0.097786
4078.24	0.0971893
4099.79	0.096437
4121.93	0.0956712
4150.03	0.0947119
4185.56	0.0935679
4228.57	0.0927332
4279.75	0.0965997
4339.24	0.135581
4432.66	0.288862
4515.9	0.419343
4579.29	0.567253
4550.61	0.34318
4524.01	0.161545
4511.83	0.0939873
2589.68	0.172762
2587.78	0.171315
2584.4	0.166095
2756.92	0.161825
2923.22	0.153177
3062.51	0.144485
3189.9	0.137089
3307.66	0.130718
3415.11	0.125223
3511.33	0.120544
3594.27	0.116655
3665.92	0.11344
3727.54	0.110777
3779.75	0.108591
3820.58	0.106909
3854.4	0.105554
3882.48	0.104451
3905.29	0.103567
3923.95	0.102846
3940.74	0.102208
3953.75	0.101716
3964.16	0.101327
3972.42	0.101018
3979.51	0.100755
3985.85	0.100521
3991.36	0.100317
3996.3	0.100136
4000.88	0.0999682
4005.01	0.099817
4009.63	0.0996486
4014.84	0.0994589
4021.42	0.0992202
4028.06	0.0989795
4036.47	0.0986771
4045.51	0.0983519
4059.49	0.0978537
4074.96	0.0973037
4097.71	0.0965081
4124.58	0.0955824
4152.1	0.0946564
4182.4	0.0936797
4224.4	0.0929276
4273.68	0.0973597
4333.91	0.139614
4433.98	0.296328
4518.13	0.423093
4583.55	0.566992
4553.56	0.347794
4525.15	0.166661
4512.3	0.094883
2591.59	0.172625
2589.69	0.171138
2586.84	0.165683
2767.58	0.160915
2959.39	0.151121
3075.96	0.143546
3193.97	0.13691
3306.93	0.130901
3410.74	0.125569
3505.21	0.12094
3588.01	0.117031
3659.68	0.113781
3721.03	0.111099
3773.03	0.108899
3815.76	0.107133
3851.2	0.105709
3880.14	0.104551
3905.38	0.103566
3925.58	0.102788
3941.59	0.102177
3954.65	0.101684
3965.67	0.101271
3973.15	0.100991
3979.34	0.100761
3986.18	0.100509
3991.71	0.100305
3996.7	0.100121
4001	0.0999637
4005.19	0.0998106
4009.57	0.0996505
4015	0.0994531
4020.26	0.0992617
4027.86	0.0989869
4036.52	0.0986749
4046.74	0.0983081
4059.49	0.0978544
4074.61	0.0973161
4096.35	0.0965552
4122.09	0.0956647
4152.98	0.0946337
4182.36	0.0937777
4220.56	0.0933284
4263.04	0.0980723
4327.92	0.142094
4432.75	0.299744
4517.58	0.42439
4583.7	0.5668
4553.43	0.348903
4524.17	0.168353
4510.99	0.0952542
2593.61	0.172501
2591.09	0.171089
2586.66	0.165879
2762.79	0.161474
2933.15	0.152629
3079.27	0.143653
3196.85	0.136664
3310.32	0.130751
3410.44	0.125545
3506.6	0.120785
3588.68	0.116918
3659.58	0.113729
3719.84	0.111117
3772.26	0.108932
3815.82	0.107111
3853.17	0.105608
3883.23	0.10442
3908.25	0.103449
3929.55	0.102634
3943.57	0.102099
3955.96	0.101634
3966.6	0.101236
3974.25	0.100951
3980.94	0.100703
3986.7	0.10049
3991.88	0.100299
3996.35	0.100134
4000.61	0.099978
4005.12	0.0998129
4009.66	0.0996473
4014.75	0.099462
4020.49	0.0992536
4027.6	0.0989962
4036.18	0.0986867
4046.63	0.0983118
4059.23	0.0978619
4075.06	0.0973007
4095.71	0.0965775
4119.98	0.0957397
4150.52	0.0947327
4185.46	0.0937496
4216.91	0.0935203
4264.93	0.0982037
4324.43	0.143054
4429.11	0.300828
4514.14	0.424813
4580.54	0.566652
4550.21	0.349208
4520.61	0.169011
4507.3	0.0954841
2596.37	0.172332
2592.91	0.171007
2586.57	0.165967
2759.62	0.161663
2924.61	0.152983
3073.42	0.144085
3202.67	0.136467
3319.42	0.130151
3424.06	0.124812
3510.47	0.120585
3589.12	0.11697
3657.79	0.11389
3722.26	0.11102
3774.99	0.108789
3818.34	0.107002
3855.08	0.10553
3885.04	0.104349
3909.46	0.103402
3929.49	0.102635
3944.22	0.102074
3957.13	0.101589
3968.58	0.101162
3975.72	0.100895
3981.97	0.100664
3987.75	0.100451
3992.46	0.100277
3996.97	0.100111
4001.1	0.09996
4005.35	0.0998046
4009.82	0.0996412
4014.84	0.0994585
4020.68	0.0992466
4027.64	0.0989949
4036.22	0.0986855
4047.11	0.0982949
4059.05	0.0978685
4074.62	0.09732
4089.96	0.0967768
4116.15	0.0958708
4145.97	0.0948647
4180.33	0.0938521
4218.91	0.0939789
4261.05	0.100907
4317.78	0.145066
4422.29	0.301651
4507.43	0.425034
4574.02	0.566543
4543.75	0.349244
4514.14	0.169266
4500.84	0.0957006
2600.76	0.17205
2596.1	0.170815
2587.62	0.165878
2760.45	0.161532
2925.84	0.1528
3078.8	0.143829
3211.22	0.136068
3329.85	0.129654
3426.23	0.124666
3514.16	0.120445
3598.2	0.116497
3670.33	0.113281
3726.31	0.110838
3777.84	0.108696
3819.19	0.106981
3856.52	0.105476
3886.11	0.104309
3909.73	0.103392
3928.2	0.102683
3942.98	0.102121
3956.78	0.101603
3968.08	0.10118
3976.5	0.100867
3983.33	0.100613
3989.5	0.100386
3993.74	0.10023
3997.65	0.100086
4001.48	0.0999461
4005.68	0.0997926
4010.1	0.0996311
4015.11	0.0994487
4021.12	0.0992308
4027.81	0.0989887
4036.14	0.0986888
4045.64	0.098348
4057.4	0.0979281
4071.38	0.0974328
4089.94	0.09678
4113.9	0.0959591
4142.9	0.0950346
4177.69	0.0942806
4220.01	0.0953977
4261.77	0.107101
4304.54	0.16254
4411.48	0.303761
4496.92	0.425178
4563.73	0.566492
4533.73	0.348857
4504.46	0.168954
4491.33	0.0958798
2607.97	0.171577
2601.57	0.170466
2590.05	0.165646
2764.71	0.161189
2933.14	0.152252
3096.41	0.142883
3223.75	0.135384
3330.1	0.129625
3435.44	0.124229
3526.87	0.11978
3607.92	0.116033
3677.3	0.112943
3735.25	0.110441
3785.17	0.108361
3826.65	0.106673
3858.48	0.105398
3886.94	0.104284
3909.86	0.103393
3926.14	0.102765
3938.94	0.102275
3955.94	0.101636
3968.11	0.10118
3977.07	0.100846
3984.03	0.100588
3989.74	0.100377
3994.33	0.100208
3998.21	0.100066
4002.04	0.0999254
4005.95	0.0997827
4010.07	0.0996322
4014.78	0.099461
4019.93	0.0992738
4026.55	0.0990343
4034.6	0.0987441
4043.71	0.0984176
4053.89	0.0980534
4065.75	0.0976295
4085.33	0.0969406
4108.33	0.0961395
4136	0.0951989
4169.39	0.0941844
4209.75	0.0939527
4254.7	0.10258
4310.57	0.170491
4396.78	0.309564
4481.97	0.42533
4548.89	0.566565
4519.64	0.347027
4491.34	0.166878
4478.57	0.095802
2619.61	0.170799
2610.56	0.169893
2594.14	0.165338
2771.15	0.160886
2939.18	0.152013
3094.48	0.142991
3228.36	0.135219
3343.52	0.128904
3447.27	0.123641
3538.51	0.11924
3618.08	0.115578
3685.03	0.1126
3742.31	0.110145
3791.94	0.108089
3829.86	0.10654
3863.16	0.105221
3889.11	0.104203
3910.03	0.103386
3928.96	0.102657
3944.18	0.102079
3956.87	0.1016
3969.01	0.101146
3977.87	0.100816
3984.68	0.100564
3990.23	0.100359
3995.13	0.100179
3998.59	0.100052
4002.14	0.099922
4005.66	0.0997932
4009.91	0.099638
4014.02	0.0994884
4019.53	0.0992883
4025.54	0.0990711
4032.51	0.0988196
4040.55	0.0985299
4051.07	0.0981532
4064.12	0.0976878
4081.53	0.0970733
4103.02	0.0963225
4129.09	0.0954285
4160.52	0.0944375
4201.73	0.0939574
4252.76	0.100761
4301.15	0.151989
4392.78	0.31477
4461.16	0.426936
4527.98	0.566848
4501.17	0.338821
4474.78	0.158743
4462.63	0.0948159
2638.18	0.169527
2625.22	0.168927
2601.16	0.164742
2782.48	0.160265
2951.53	0.151325
3105.62	0.142313
3241.91	0.134541
3357.59	0.128221
3460.32	0.123035
3550.42	0.118707
3629.77	0.115082
3691.87	0.112331
3747.25	0.109977
3794.06	0.108019
3834.36	0.106378
3865.81	0.105107
3894.88	0.103969
3916.96	0.103114
3934.89	0.102429
3949.22	0.101887
3960.22	0.101473
3970.91	0.101075
3979.01	0.100774
3985.36	0.100538
3990.53	0.100348
3994.86	0.100189
3998.51	0.100055
4001.99	0.0999274
4005.53	0.099798
4009.34	0.0996589
4013.65	0.0995022
4018.05	0.0993423
4023.29	0.0991521
4030.25	0.0989005
4038.29	0.0986108
4048.62	0.0982407
4061.57	0.0977788
4077.75	0.0972064
4097.92	0.0965007
4122.31	0.0956628
4148.06	0.0948182
4190.6	0.0939024
4238.29	0.0969337
4289.03	0.129573
4367.76	0.265034
4449.08	0.398115
4497.68	0.537878
4479.51	0.295118
4455.33	0.137962
4443.98	0.0929169
2667.29	0.167484
2649.06	0.167296
2613.86	0.16359
2801.83	0.159114
2972.36	0.15017
3126.13	0.141191
3266.23	0.133329
3373.88	0.127445
3474.79	0.12248
3561.79	0.118301
3637.36	0.11476
3700.95	0.111935
3755.8	0.10962
3803.15	0.107631
3843.28	0.106005
3875.23	0.104735
3901.8	0.103699
3923.07	0.10288
3940.25	0.102226
3954.16	0.101701
3965.11	0.101291
3973.21	0.100989
3980.23	0.100728
3986.04	0.100514
3990.86	0.100336
3994.97	0.100184
3998.52	0.100054
4001.8	0.099934
4005.06	0.0998149
4008.47	0.0996906
4012.45	0.0995456
4017.01	0.0993798
4022.8	0.0991698
4028.83	0.0989518
4036.08	0.0986902
4046.34	0.0983221
4059.15	0.0978656
4073.93	0.0973413
4093.18	0.0966699
4114.67	0.0959233
4143.25	0.0949872
4180.88	0.0942823
4226.64	0.0982321
4281.97	0.136933
4350.13	0.274618
4429.27	0.410198
4488.7	0.566304
4461.5	0.349652
4435.89	0.172255
4423.53	0.0987731
2711.76	0.164367
2687.56	0.16467
2640.98	0.161472
2834.15	0.156915
3003.18	0.148473
3151.72	0.139987
3276.02	0.132704
3396.96	0.126328
3501.02	0.121169
3578.41	0.117433
3647.43	0.114288
3715.16	0.111329
3769.84	0.109006
3815.22	0.107135
3852.82	0.105622
3883.41	0.104414
3908.37	0.103445
3928.55	0.102671
3944.97	0.102048
3958.85	0.101526
3967.06	0.101217
3975.37	0.100908
3981.91	0.100666
3987.19	0.100471
3991.59	0.100309
3995.26	0.100174
3998.6	0.100051
4001.57	0.0999428
4004.6	0.099832
4007.83	0.0997137
4011.54	0.0995786
4015.89	0.0994202
4021.1	0.0992313
4027.35	0.0990053
4035.4	0.0987152
4044.23	0.0983986
4055.26	0.0980047
4068.82	0.097522
4086.29	0.096907
4107.83	0.0961575
4135.09	0.0952586
4169.32	0.0945647
4210.81	0.0977888
4258.58	0.131904
4324.81	0.283936
4404.73	0.417676
4467.72	0.56705
4439.34	0.357412
4412.58	0.220431
4398.29	0.108436
2776.75	0.160036
2745.49	0.16095
2677.47	0.159051
2886.69	0.15431
3059.22	0.145186
3200.61	0.136917
3327.28	0.129969
3425.94	0.124819
3512.24	0.120496
3599.46	0.116461
3670.52	0.113253
3732.22	0.110587
3783.83	0.108421
3826.68	0.106669
3862.01	0.105256
3890.86	0.104123
3914.31	0.103216
3933.25	0.102492
3948.51	0.101914
3960.74	0.101454
3969.83	0.101114
3977.37	0.100834
3983.38	0.100612
3988.16	0.100435
3992.28	0.100283
3995.44	0.100167
3998.32	0.100062
4001.31	0.0999522
4004.23	0.0998453
4007.29	0.0997336
4010.81	0.0996054
4015.04	0.0994513
4019.79	0.0992787
4025.83	0.0990606
4032.44	0.0988217
4041.02	0.0985129
4051.89	0.0981245
4063.4	0.0977146
4079.53	0.0971438
4100.13	0.0964257
4125.47	0.0955839
4156.49	0.0949442
4193.91	0.0980172
4237.61	0.131616
4305.13	0.282168
4371.72	0.416344
4431.74	0.567948
4401.75	0.35381
4375.64	0.177408
4363.73	0.101403
2868.09	0.154602
2836.14	0.155898
2742.82	0.155315
2969.97	0.149658
3138.24	0.140619
3254.54	0.133826
3356.36	0.128155
3460.4	0.123033
3547.42	0.118827
3625.34	0.115258
3692.14	0.112301
3749.29	0.109858
3797.41	0.107859
3837.47	0.106233
3870.52	0.104919
3897.56	0.103862
3919.53	0.103015
3937.28	0.102338
3951.53	0.1018
3962.9	0.101373
3971.86	0.101039
3979.1	0.10077
3984.7	0.100563
3988.77	0.100413
3992.23	0.100285
3995.57	0.100163
3998.41	0.100058
4001.17	0.0999571
4004.02	0.099853
4006.81	0.0997511
4010.14	0.0996298
4013.68	0.0995007
4018.17	0.0993377
4023.58	0.0991415
4030.02	0.0989089
4038.01	0.0986209
4047.92	0.0982658
4059.99	0.0978362
4072.32	0.0973962
4092.29	0.0966989
4115.44	0.0959148
4143.02	0.0952168
4175.74	0.0967528
4213.78	0.11841
4258.2	0.238855
4321.69	0.406956
4377.97	0.568276
4351.79	0.335916
4332.65	0.154279
4323.66	0.0977388
2984.67	0.148521
2982.22	0.149409
2993.78	0.149645
3104.48	0.142494
3215.22	0.135845
3316.96	0.13024
3410.94	0.125377
3500.11	0.121038
3579.92	0.117295
3650.88	0.114098
3712.58	0.11141
3765.4	0.109177
3810.01	0.10734
3847.26	0.10584
3878.06	0.104622
3903.35	0.103637
3923.95	0.102845
3940.62	0.102212
3953.98	0.101707
3964.72	0.101305
3973.4	0.100981
3980.77	0.100708
3985.04	0.10055
3989.32	0.100392
3992.82	0.100264
3995.77	0.100155
3998.41	0.100058
4001	0.0999635
4003.54	0.0998705
4006.28	0.0997704
4009.31	0.09966
4012.74	0.0995348
4016.89	0.0993839
4021.92	0.0992017
4027.99	0.098982
4035.46	0.0987128
4044.61	0.0983842
4055.7	0.0979882
4068.85	0.0975207
4085.68	0.0969292
4106.01	0.0962295
4129.96	0.0955022
4157.59	0.0955452
4188.07	0.103415
4216.71	0.149039
4261.5	0.29736
4297.34	0.425812
4287.46	0.216559
4286.05	0.114407
4281.93	0.0932466
3094.63	0.142443
3105.53	0.142268
3136.89	0.14087
3206.93	0.136332
3290.3	0.131571
3375.45	0.127104
3458.19	0.122991
3536.88	0.119249
3609.19	0.115934
3674.13	0.113059
3731.06	0.110613
3779.83	0.108573
3821.09	0.106887
3855.66	0.105503
3884.33	0.104375
3908.01	0.103457
3927.42	0.102713
3943.19	0.102114
3955.75	0.101641
3965.93	0.10126
3974.16	0.100953
3980.79	0.100707
3985.85	0.10052
3989.7	0.100378
3993.3	0.100246
3995.86	0.100152
3998.04	0.100072
4000.82	0.09997
4003.36	0.0998772
4005.93	0.0997831
4008.77	0.0996796
4012.04	0.0995604
4015.97	0.0994177
4020.73	0.0992447
4026.45	0.0990378
4033.47	0.0987843
4042.06	0.0984757
4052.51	0.0981017
4065.37	0.0976455
4079.8	0.0971392
4097.8	0.0965361
4118.61	0.0959767
4142.24	0.0959882
4167.13	0.0978315
4190.24	0.103958
4213.59	0.143493
4235.48	0.23792
4244.49	0.126582
4245.32	0.0967628
4244.41	0.0921816
3182.38	0.137375
3197.14	0.13669
3230.02	0.134957
3284.23	0.131838
3351.24	0.128251
3423.57	0.124605
3496.55	0.121086
3567.25	0.117799
3633.47	0.114822
3693.73	0.112195
3746.9	0.109939
3791.96	0.108068
3830.11	0.106519
3862.27	0.105239
3888.93	0.104194
3911.25	0.103331
3929.75	0.102623
3945.03	0.102045
3956.65	0.101607
3966.47	0.10124
3974.43	0.100944
3980.8	0.100707
3985.65	0.100528
3989.98	0.100368
3993.38	0.100243
3996.08	0.100144
3998.47	0.100056
4000.92	0.0999663
4003.37	0.0998767
4005.78	0.0997885
4008.46	0.0996907
4011.59	0.0995767
4015.37	0.0994394
4020.07	0.0992687
4025.39	0.0990761
4032.1	0.0988337
4040.23	0.0985415
4049.98	0.098193
4060.8	0.0978075
4074.05	0.0973379
4089.72	0.0967901
4107.53	0.0961853
4127.08	0.0955875
4147.36	0.0951671
4167.09	0.0954729
4185.89	0.100436
4201.3	0.115468
4210.08	0.0978266
4213.53	0.0933277
4214.56	0.0926325
3242.22	0.133852
3257.46	0.133053
3288.63	0.131403
3335.32	0.128932
3393.23	0.125994
3457.37	0.12287
3523.62	0.119752
3588.94	0.116773
3651.13	0.114019
3708.67	0.111542
3760.1	0.109387
3801.28	0.107681
3836.49	0.10626
3866.78	0.105061
3891.34	0.104102
3912.72	0.103278
3930.6	0.102594
3945.19	0.10204
3957.76	0.101566
3967.53	0.1012
3975.27	0.100912
3981.41	0.100684
3986.27	0.100505
3990.27	0.100357
3993.53	0.100237
3996.24	0.100138
3998.66	0.100049
4001.06	0.0999613
4003.68	0.0998655
4005.82	0.0997872
4008.37	0.0996942
4011.39	0.0995842
4014.98	0.0994535
4018.95	0.0993092
4024.19	0.0991194
4030.52	0.0988907
4038.12	0.098617
4047.13	0.098294
4057.58	0.0979213
4069.85	0.0974859
4084	0.0969877
4099.79	0.0964365
4116.79	0.0958531
4134.22	0.0952772
4151.14	0.0947991
4166.66	0.0947929
4179.34	0.0957407
4187.67	0.0939482
4192.23	0.0933589
4194.15	0.093223
3272.38	0.132008
3287.41	0.131213
3317.28	0.129666
3360.72	0.127467
3414.53	0.124829
3474.73	0.121965
3537.63	0.119055
3600.3	0.116231
3660.73	0.11358
3718	0.111133
3772.87	0.10887
3806.97	0.107446
3839.23	0.106157
3866.91	0.105052
3893.05	0.104033
3914.45	0.103208
3932.07	0.102535
3946.53	0.101987
3958.49	0.101538
3968.08	0.10118
3975.69	0.100896
3981.73	0.100672
3986.54	0.100495
3990.44	0.100351
3993.63	0.100234
3996.32	0.100135
3998.72	0.100047
4001.03	0.0999624
4003.36	0.0998772
4005.62	0.0997944
4008.13	0.0997028
4011.05	0.0995963
4014.5	0.0994709
4018.56	0.0993233
4023.6	0.0991408
4029.72	0.0989197
4037.06	0.0986554
4045.74	0.0983438
4055.89	0.0979816
4067.65	0.0975639
4081.04	0.0970915
4095.84	0.0965733
4111.6	0.0960258
4127.65	0.095474
4143.13	0.0949517
4157.14	0.0945145
4168.62	0.0942187
4176.73	0.0938414
4181.62	0.0936412
4183.85	0.0935597
4004.1	0.0998501
4005.86	0.0997856
4008.41	0.0996928
4011.44	0.0995822
4015.13	0.0994482
4018.51	0.099326
4020.53	0.0992517
4025.47	0.0990732
4032.22	0.0988296
4040.38	0.0985363
4050.35	0.0981808
4060.63	0.0978185
4067.04	0.0975881
4079.87	0.0971446
4098.03	0.0965657
4118.87	0.0961985
4142.88	0.0976151
4168.91	0.107317
4188.49	0.127374
4214.21	0.159859
4225.01	0.21603
2796.95	0.159383
2903.48	0.153655
3006.02	0.147814
3054.22	0.144486
3166.83	0.138449
3289.59	0.132072
3365.76	0.128087
3402.95	0.125808
3490.13	0.12167
3579.27	0.117589
3634.34	0.115083
3663.43	0.11358
3722.73	0.111059
3778.64	0.108736
3810.79	0.107417
3829.04	0.106594
3863.85	0.105214
3894.78	0.104007
3910.54	0.103394
3920.33	0.102993
3937.78	0.102327
3952.29	0.101779
3958.88	0.101531
3962.3	0.101398
3952.04	0.101784
3957.54	0.101574
3966.65	0.101235
3974.88	0.100929
3980.98	0.100702
3986.73	0.100489
3991.32	0.10032
3995.53	0.100165
3998.41	0.100059
3999.89	0.100004
4003.38	0.0998767
4007.34	0.099732
4011.61	0.0995766
4015.69	0.099428
4020.58	0.0992503
4026.96	0.0990197
4034.49	0.0987486
4042.8	0.0984506
4044.41	0.09839
4018.87	0.0993115
4024.07	0.0991234
4031.25	0.0988643
4040.17	0.0985432
4051.39	0.0981419
4065.34	0.0976464
4082.59	0.0970411
4103.84	0.0963178
4130.11	0.0955276
4162.03	0.0951014
4200.25	0.0973785
4245.22	0.113295
4295.26	0.182961
4347.38	0.349225
4431.18	0.451267
4503.96	0.489842
4554.64	0.539117
4550.27	0.51344
4015.68	0.099428
4019.09	0.0993046
4021.61	0.0992128
4025.3	0.0990793
4031.74	0.0988469
4039.51	0.0985678
4048.95	0.0982327
4055.17	0.0980131
4062.86	0.0977409
4079.23	0.0972217
4099.39	0.096912
4126.53	0.0984941
4141.59	0.105415
4160.32	0.112114
4195.6	0.168449
4238.09	0.336705
4304.2	0.467998
4343.96	0.481987
4385.13	0.481345
4435.1	0.541172
4422.77	0.406273
4404.2	0.234909
3958.57	0.101537
3963.1	0.101367
3966.09	0.101254
3971.99	0.101035
3979.44	0.100759
3985.44	0.100536
3990.61	0.100346
3993.62	0.100235
3995.28	0.100173
3999.11	0.100033
4003.24	0.0998821
4006.61	0.0997585
4010.22	0.0996274
4011.92	0.0995647
4015.47	0.0994355
4021.08	0.0992321
4027.83	0.0989881
4036.1	0.0986916
4042.08	0.0984791
4046.27	0.098326
4052.48	0.0981058
3045.69	0.145737
3077.34	0.14344
3118.34	0.140828
3195.57	0.136676
3309.94	0.130842
3404.69	0.126061
3442.36	0.123853
3508.32	0.12073
3588.82	0.11705
3653.03	0.114228
3678.96	0.112909
3724.84	0.110935
3777.42	0.108751
3815.44	0.1072
3830.41	0.106532
3857.61	0.105447
3886.69	0.104307
3906.89	0.103529
3912.8	0.10328
3928.46	0.102681
3944.06	0.102088
3954.62	0.101693
3957.28	0.101588
3860	0.105336
3882.01	0.104476
3906.74	0.103521
3927.51	0.102722
3944.39	0.102078
3957.24	0.10159
3967.23	0.101214
3975.14	0.100919
3982.04	0.100663
3986.99	0.100479
3991.49	0.100313
3995.64	0.10016
3999.49	0.100019
4003.34	0.0998784
4007.35	0.0997319
4010.8	0.0996063
4012.43	0.0995462
4016.32	0.0994052
4021.14	0.0992308
4025.02	0.0990909
3972.48	0.101015
3977.94	0.100813
3983.27	0.100616
3987.77	0.10045
3991.55	0.100311
3994.8	0.100191
3997.22	0.100102
3998.19	0.100066
4000.32	0.0999883
4003.1	0.0998869
4005.99	0.0997811
4009.2	0.0996642
4012.89	0.0995297
4017.22	0.0993724
4022.04	0.0991977
4027.64	0.0989951
4034.76	0.098739
4042.28	0.0984708
4046.9	0.0983027
4055.87	0.0979843
4068.46	0.0975436
4078.51	0.0972028
3900.3	0.103758
3917.5	0.103098
3935.35	0.10242
3949.82	0.101871
3961.5	0.101432
3967.41	0.10121
3970.89	0.101076
3977.93	0.100815
3984.28	0.10058
3989.66	0.100381
3994.32	0.100209
3998.39	0.10006
4001.94	0.0999292
4006.34	0.0997687
4010.89	0.0996026
4015.88	0.0994215
4020.65	0.0992489
4023.04	0.0991609
4028.54	0.0989626
4036.72	0.0986689
4043.62	0.098423
3964.53	0.101313
3970.29	0.1011
3972.99	0.100997
3978.55	0.100791
3983.89	0.100594
3988.26	0.100432
3991.91	0.100297
3995.01	0.100183
3997.75	0.100083
4000.33	0.0999882
4002.84	0.0998964
4004.52	0.0998348
4005.34	0.0998047
4007.62	0.0997216
4010.48	0.0996172
4013.79	0.0994967
4017.43	0.0993646
4021.61	0.0992132
4026.44	0.0990385
4031.37	0.0988609
3416.94	0.125202
3488.01	0.12173
3573.15	0.117801
3649.32	0.114344
3715.3	0.111433
3771.3	0.109033
3818.09	0.107083
3856.56	0.105517
3887.71	0.104275
3912.71	0.103296
3932.62	0.102527
3948.28	0.10193
3960.12	0.101481
3970.03	0.10111
3978.12	0.100808
3984.45	0.100574
3989.09	0.100402
3992.74	0.100267
3994.15	0.100215
4001.57	0.0999426
4002.39	0.0999125
4003.16	0.0998845
4005.12	0.0998128
4006.4	0.099766
4008.15	0.0997023
4010.79	0.0996065
4012.34	0.0995494
4015.78	0.0994248
4017.9	0.0993474
4022.03	0.0991981
4026.01	0.0990552
4029.45	0.0989294
4035.81	0.0987019
4039.38	0.0985716
4047.65	0.0982781
4052.88	0.0980893
4061.9	0.0977692
4073.66	0.0973612
4081.81	0.0970659
4098.4	0.0964972
4106.1	0.0962221
4125.2	0.0955805
4142.69	0.0950624
4162.37	0.0944393
4191.94	0.0939683
4201.71	0.0937222
3987.83	0.100449
3989.29	0.100394
3992.87	0.100262
3996.38	0.100133
3999.68	0.100012
4001.04	0.0999623
4003.36	0.0998772
4006.94	0.0997465
4010.98	0.0995993
4015.29	0.099443
4017.7	0.0993548
4021.15	0.0992295
4027.52	0.0989991
4035.23	0.0987218
4044.32	0.0983974
4049.13	0.0982244
4054.81	0.098019
4070.07	0.0974798
4087.72	0.0968605
4108.95	0.0961333
4122.42	0.0956802
4135.07	0.0952349
4160.27	0.0944444
2709.11	0.159459
2737.82	0.159307
2833.97	0.156475
3001.73	0.148539
3150.58	0.1402
3254.56	0.134303
3285.08	0.132026
3372.29	0.127562
3473.7	0.122619
3560.96	0.118479
3608.03	0.116248
3632.36	0.114945
3691.11	0.112402
3746.65	0.110044
3791.15	0.108205
3805.61	0.107555
3829.08	0.106583
3862.59	0.105259
3888.83	0.104227
3906.3	0.10355
3911.74	0.103323
3925.75	0.102785
3936.85	0.102361
3961.19	0.101438
3964.6	0.101311
3966.26	0.101247
3973.09	0.100994
3980.14	0.100733
3985.95	0.100518
3990.77	0.10034
3992.84	0.100264
3994.83	0.10019
3998.49	0.100056
4002	0.0999272
4005.59	0.0997958
4009.13	0.0996672
4010.77	0.0996068
4014.07	0.0994867
4019.58	0.0992869
4025.64	0.0990677
4032.87	0.0988072
4039.79	0.0985606
4044.28	0.0983968
4053.99	0.0980515
4062.14	0.0977637
4003.96	0.0998552
4004.7	0.0998281
4007.17	0.0997381
4010.59	0.0996139
4012.17	0.0995558
4015.65	0.0994292
4019.96	0.0992736
4021.71	0.0992093
4026.95	0.09902
4032.97	0.098805
4036.08	0.0986898
4045.2	0.0983645
4053.44	0.0980717
4056.39	0.0979628
4069.05	0.097518
4076.47	0.0972579
4084.67	0.0969656
4102.78	0.0963477
4109.35	0.0961218
4123.47	0.0956467
4149.14	0.0949617
4157.6	0.095101
4182.42	0.0952883
4214.64	0.100528
4222.2	0.10829
4247.53	0.125658
3548.01	0.118758
3604.07	0.116206
3673.2	0.113201
3734.22	0.110588
3784.12	0.108476
3823.84	0.106826
3856.71	0.105499
3882.95	0.104465
3892.29	0.104087
3905	0.103584
3924.11	0.102853
3939.49	0.102264
3952.09	0.101785
3962.78	0.101381
3971.72	0.101046
3979.28	0.100765
3985.68	0.100528
3991.18	0.100325
3996.12	0.100143
4000.44	0.0999852
4002.17	0.0999214
4004.84	0.0998237
4006.86	0.09975
3821.22	0.106944
3832.02	0.10647
3841.4	0.106069
3864.46	0.105164
3891.46	0.104113
3913.73	0.103254
3925.94	0.102787
3932.76	0.102513
3946.36	0.102
3956.37	0.10162
3966.07	0.10126
3969.82	0.101117
3975.53	0.100904
3982.46	0.100647
3988.28	0.100432
3992.1	0.100292
3993.93	0.100223
3997.85	0.100079
4002.14	0.0999221
4006.29	0.0997706
4008.35	0.0996955
4010.95	0.0996001
4015.99	0.0994171
4021.59	0.0992146
4025.84	0.0990612
3933	0.102501
3933.88	0.102466
3943.41	0.102107
3955.77	0.101644
3966.35	0.101248
3974.16	0.100955
3980.86	0.100706
3986.64	0.100492
3991.81	0.100302
3996.4	0.100133
3999.79	0.100009
4001.38	0.0999499
4005.17	0.0998115
4009.66	0.0996473
4015.01	0.099453
4020.44	0.0992553
4027.96	0.0989835
4036.68	0.0986696
4047.02	0.098299
4059.76	0.0978493
4068.12	0.0975555
4070.35	0.0974727
3981.57	0.100679
3984.68	0.100564
3985.9	0.100518
3988.74	0.100414
3991.73	0.100304
3992.67	0.100269
3995.43	0.100168
3997.57	0.10009
3998.71	0.100047
4001.57	0.0999429
4003.22	0.0998824
4005.08	0.0998142
4008.42	0.0996927
4010.19	0.0996279
4013.66	0.0995016
4017.76	0.0993534
4020.04	0.0992696
4025.67	0.0990668
4031.11	0.098872
4034.88	0.0987337
4043.85	0.0984136
4049.88	0.098198
4057.54	0.0979232
4071.05	0.0974507
4077.95	0.0972053
4086.68	0.0968988
4082.79	0.0970304
4084.7	0.0969625
4096.78	0.0965438
4104.05	0.0962863
4120.8	0.095719
4130.08	0.095398
4150.5	0.0947316
4159.65	0.0944702
4181.02	0.0938976
4192.21	0.0940184
4215.7	0.0942429
4229.51	0.0986844
4259.14	0.105898
4272.95	0.139096
4301.94	0.185389
4331.12	0.322791
4392.53	0.357552
4413.96	0.447523
4457.62	0.450695
4467.38	0.534445
4493.69	0.537532
4480.44	0.545279
4460.98	0.477322
4438.99	0.473046
4434.37	0.457008
3993.48	0.100239
3995.88	0.100151
3997.3	0.100099
3998.45	0.100057
4001.01	0.0999632
4003.48	0.0998729
4004.69	0.0998284
4006.81	0.0997511
4010.23	0.0996267
4013.48	0.0995086
4015.44	0.0994365
4019.84	0.099277
4026.11	0.099051
4031.26	0.0988664
4035.51	0.098711
4044.44	0.0983913
4055.54	0.0979971
4062.7	0.0977398
4074.02	0.0973385
4093.72	0.0966552
4113.26	0.0959957
4124.29	0.0956066
4145.49	0.0949176
3940.54	0.102215
3949.52	0.101877
3958.78	0.101532
3961.88	0.101413
3968.85	0.101153
3976.8	0.100857
3983.28	0.100616
3988.99	0.100406
3993.85	0.100226
3998.12	0.100069
4001.86	0.0999326
4003.5	0.0998724
4006.44	0.0997646
4010.98	0.0995992
4016	0.0994169
4021.61	0.0992134
4027.99	0.098982
4036.97	0.0986597
4046.95	0.0983048
4051.8	0.0981313
4056.79	0.0979515
3946.64	0.101985
3956.5	0.101616
3961.47	0.10143
3966.62	0.101235
3975.14	0.100919
3978.87	0.100781
3982.11	0.10066
3987.05	0.100477
3989.99	0.100369
3992.13	0.100289
3996	0.100147
3998.5	0.100056
4000.07	0.0999977
4003.43	0.099875
4006.01	0.099781
4007.41	0.0997292
4010.93	0.099601
4013.93	0.0994925
4015.39	0.0994384
4019.75	0.0992809
4023.79	0.0991349
4025.53	0.0990708
4031.04	0.0988727
4036.28	0.0986852
4036.23	0.0986858
3979.71	0.100748
3983.76	0.100598
3988.46	0.100424
3992.53	0.100275
3995.85	0.100153
3997.16	0.100104
3999.79	0.100008
4003.49	0.0998727
4007.26	0.0997352
4010.91	0.0996023
4012.83	0.0995322
4015.12	0.0994484
4019.74	0.0992811
4024.92	0.0990932
4032.02	0.0988383
4036.97	0.098661
4039.42	0.0985703
4047.85	0.09827
4058.3	0.0978965
4071.96	0.097418
4083.57	0.097023
4086.56	0.0969314
4099.91	0.0965335
4103.8	0.0963016
4108.38	0.0961585
4119.19	0.0958036
4124.69	0.0955835
4128.47	0.0954494
4141.57	0.095014
4149.52	0.0947341
4155.01	0.0945706
4170.69	0.0941212
4181.52	0.0938211
4188.07	0.0938182
4204.72	0.0939562
4217.65	0.0941489
4222.95	0.0964353
4240.9	0.101029
4253.23	0.102551
4255.9	0.105213
4274	0.123301
4287.01	0.130218
4284.98	0.151001
4301.16	0.211654
4320.52	0.27499
4307.82	0.33243
4316.86	0.401913
4318.93	0.405664
3903.17	0.103647
3906.66	0.103512
3916.17	0.103146
3918.78	0.103045
3928.12	0.102692
3931.11	0.102574
3935.34	0.102415
3941.66	0.102174
3943.3	0.102111
3950.18	0.101854
3952.08	0.10178
3955.74	0.101644
3959.96	0.101485
3962.25	0.101398
3967.5	0.101203
3969.37	0.101132
3972.39	0.10102
3975.04	0.100922
3976.34	0.100873
3980.27	0.100728
3982.17	0.100657
3984.25	0.10058
3985.7	0.100526
3969.32	0.101134
3975.69	0.100897
3980.9	0.100705
3982.1	0.100659
3986.62	0.100493
3991.87	0.100299
3995.54	0.100165
3997.09	0.100107
4000.96	0.0999654
4005.25	0.0998086
4008.39	0.0996945
4010	0.0996347
4014.92	0.099456
4021.61	0.099214
4025.83	0.0990618
4029.06	0.098943
4037.63	0.0986351
4048.36	0.0982528
4055.22	0.0980081
4063.38	0.0977142
4080.96	0.0971012
4095.68	0.0965872
4097.65	0.0965146
4097.68	0.0965135
3948.38	0.10192
3956.2	0.101626
3966.49	0.101242
3975.11	0.10092
3982.08	0.100661
3987.9	0.100446
3992.92	0.100261
3997.53	0.100091
4001.98	0.0999278
4006.54	0.0997611
4011.51	0.0995802
4017.1	0.099377
4023.33	0.0991511
4030.69	0.0988862
4036.04	0.0986942
4039.47	0.0985675
4049.43	0.098212
4062.32	0.0977541
4078.14	0.0971988
4093.75	0.0966549
4077.43	0.0972194
4079.81	0.0971343
4090.68	0.0967589
4097.82	0.0965053
4109.27	0.0961177
4120.39	0.0957267
4130.59	0.0953802
4148.13	0.0948058
4159.45	0.0944491
4175.49	0.0939691
4191.03	0.0934607
4204.15	0.0933145
4228.69	0.093177
4243.72	0.0943342
4266.54	0.102087
4288.87	0.1076
4306.33	0.155877
4339.19	0.204884
4355.18	0.203088
4390.49	0.338916
4427.09	0.356332
4448.83	0.457636
4489.82	0.464202
4514.82	0.554179
4545.71	0.567594
4563.19	0.567239
4008.04	0.0997062
4011.02	0.0995977
4015.13	0.0994483
4019.82	0.0992786
4023.65	0.0991401
4025.55	0.0990701
4031.1	0.0988701
4038.77	0.0985944
4047.92	0.0982682
4056.62	0.0979605
4059.16	0.0978665
4068.37	0.0975444
4083.43	0.0970418
4102.4	0.0965597
4125.81	0.096727
4130.34	0.0982382
4147.6	0.099373
4178.96	0.11333
4212.29	0.172222
4253.42	0.324507
4272.84	0.398625
4269.66	0.390027
4282.47	0.418166
3793.74	0.107997
3823.81	0.106787
3855.63	0.105523
3883.16	0.104439
3905.33	0.103573
3924.24	0.102846
3939.48	0.102265
3952.2	0.101783
3959.04	0.101526
3963.97	0.101336
3972.23	0.101027
3979.42	0.100759
3985.78	0.100524
3991.32	0.10032
3996.27	0.100138
4000.84	0.0999697
4005.06	0.0998153
4009.77	0.0996438
4014.12	0.0994861
4015.82	0.0994235
4019.09	0.099305
3877.77	0.104631
3893.84	0.104006
3914.47	0.103216
3931.23	0.102574
3945.07	0.102047
3956.53	0.101614
3966.24	0.101251
3974.34	0.100948
3981.1	0.100697
3986.95	0.100481
3992.13	0.10029
3996.87	0.100116
4000.8	0.0999719
4002.37	0.0999136
4005.66	0.0997933
4010.47	0.0996179
4015.69	0.099428
4022.63	0.0991766
4030.18	0.0989038
4038.8	0.0985944
4046.04	0.0983361
3777.08	0.108672
3806.7	0.107468
3839.02	0.10619
3856.68	0.10549
3867.45	0.105036
3890.95	0.104125
3912.43	0.103295
3930.32	0.10261
3944.5	0.102073
3949.58	0.101878
3956.35	0.10162
3966.29	0.101248
3974.3	0.10095
3980.69	0.100712
3985.11	0.100549
3986.6	0.100493
3989.6	0.100382
3993.23	0.100249
3995.82	0.100153
3997.76	0.100082
3995.58	0.100162
3995.59	0.100162
3998.61	0.100051
4002.19	0.0999202
4004.85	0.0998234
4006.24	0.0997719
4010.1	0.0996314
4014.91	0.0994564
4019.36	0.0992957
4021.77	0.0992066
4027.88	0.0989863
4036.36	0.0986815
4044.84	0.0983795
4048.94	0.0982281
4059.2	0.0978634
4074.86	0.0973135
4090.23	0.0967754
4100.19	0.0964213
4120.1	0.0957446
4151	0.0947617
4183.88	0.093986
4195.8	0.0940719
4220.98	0.0940837
4249.54	0.09707
3991.02	0.10033
3993.75	0.10023
3997.65	0.100087
4001.52	0.0999446
4005.71	0.0997914
4010.18	0.0996284
4015.23	0.0994445
4021.21	0.0992276
4027.99	0.0989824
4036.29	0.0986838
4045.88	0.0983397
4057.65	0.0979197
4071.82	0.0974176
4090.46	0.0967658
4114.4	0.0959653
4143.44	0.0951383
4178.32	0.094878
4220.11	0.0979821
4262.28	0.115484
4295.58	0.159587
3122.15	0.141358
3126.54	0.14106
3144.75	0.139942
3253.98	0.133964
3318.09	0.130446
3336.83	0.129238
3425.44	0.124907
3497.59	0.121442
3515.08	0.120364
3577.57	0.117507
3642.5	0.114632
3660.3	0.113723
3700.11	0.111987
3754.75	0.10972
3776.97	0.108772
3794.57	0.107994
3833.96	0.106418
3856.85	0.105508
3865.08	0.105143
3888.81	0.104222
3907.44	0.103503
3912.47	0.103292
3925.76	0.102783
3937.32	0.102342
3982.51	0.100644
3986.64	0.100492
3989.54	0.100385
3991.44	0.100315
3995.45	0.100168
3999.31	0.100026
4003.32	0.0998793
4005.48	0.0998003
4007.32	0.0997327
4011.32	0.099587
4016.15	0.0994115
4021.52	0.0992172
4024.23	0.0991185
4027.57	0.098997
4035.22	0.0987219
4044.49	0.0983898
4055.26	0.098008
4059.89	0.0978401
4068.03	0.0975489
4084.59	0.0969705
4103.6	0.0963151
4120.71	0.0957367
2982.95	0.149047
3075.27	0.143531
3193.52	0.136973
3306.2	0.130998
3409.94	0.125683
3504.22	0.121066
3587.03	0.11715
3658.75	0.113886
3720.15	0.111189
3772.14	0.108978
3815.02	0.107195
3850.54	0.105757
3879.69	0.104585
3904.82	0.103602
3925.08	0.102817
3941.21	0.102198
3954.35	0.1017
3965.22	0.101291
3972.9	0.101003
3977.88	0.100817
3183.44	0.137921
3226.01	0.135167
3325.59	0.130049
3361.37	0.127895
3425.02	0.124742
3511.39	0.120724
3543	0.119113
3588.16	0.11702
3657.02	0.113998
3687.21	0.112615
3719.03	0.111167
3771.74	0.109
3796.39	0.107979
3815.6	0.107144
3850.96	0.105739
3870.31	0.104973
3882.49	0.104456
3905.09	0.103584
3918.44	0.103075
3925	0.102812
3939.68	0.102256
3949.71	0.101879
3954.46	0.101692
3963.45	0.101355
3969.53	0.101129
3970.53	0.101091
3994.34	0.100209
3994.81	0.100191
3998.26	0.100064
4002.18	0.0999204
4006.39	0.0997665
4010.93	0.0996011
4016.02	0.099416
4021.99	0.0991996
4028.6	0.0989601
4036.73	0.0986675
4046.41	0.0983189
4060.84	0.0978098
4074.25	0.0973412
4081.57	0.0970699
4100.7	0.096408
4127.41	0.0955102
4158.8	0.0945419
4193.79	0.0938792
4236.06	0.0950998
4284.1	0.105247
4331.68	0.142611
4027.5	0.0990001
4031.3	0.0988617
4040.11	0.0985455
4051.29	0.0981452
4065.85	0.0976301
4083.89	0.0970055
4100.96	0.0964409
4108.96	0.0961903
4128.11	0.0957181
4159.65	0.0957368
4197.32	0.0996949
4241.52	0.121957
4289.72	0.213367
4351.51	0.396017
4436.47	0.447995
4497.77	0.501297
4546.51	0.53918
4535.71	0.361612
4519.26	0.188262
4514.49	0.141483
3917.5	0.10309
3931.04	0.102576
3944.36	0.102074
3953.47	0.101732
3956.47	0.101615
3964.1	0.10133
3971.99	0.101035
3979.67	0.100751
3983.82	0.100598
3986.19	0.100508
3991.26	0.100321
3996.15	0.100142
4000.48	0.0999832
4002.36	0.0999143
4005.08	0.0998142
4009.9	0.0996387
4015.23	0.0994448
4020.33	0.0992606
4022.44	0.0991829
4028.11	0.0989779
4036.54	0.0986754
4044.08	0.0984059
3966.58	0.101237
3969.12	0.101141
3974.18	0.100953
3980.51	0.10072
3982.82	0.100633
3987.68	0.100454
3991.86	0.1003
3993.86	0.100226
3997.65	0.100087
4000.41	0.0999859
4002.13	0.0999223
4005.91	0.0997845
4007.73	0.099718
4009.93	0.0996374
4013.78	0.0994976
4014.97	0.0994539
4018.1	0.0993403
4022.53	0.0991806
4023.8	0.0991334
4028.91	0.0989493
4034.06	0.098765
4036.09	0.0986898
4044.2	0.0984009
4048.86	0.0982344
4052.29	0.0981095
4062.83	0.0977379
4066.01	0.0976252
4069.45	0.0975009
4003.44	0.0998743
4003.75	0.0998631
4005.97	0.0997823
4007.22	0.0997362
4009.22	0.0996635
4010.83	0.0996048
4012.81	0.0995326
4015.39	0.0994388
4017.06	0.0993782
4020.38	0.0992584
4021.85	0.0992046
4025.09	0.0990878
4027.4	0.0990034
4029.48	0.0989288
4032.89	0.0988056
4034.47	0.0987484
4039.06	0.0985844
4040.55	0.09853
4045.6	0.0983512
4047.84	0.0982703
4050.77	0.0981659
4055.28	0.0980047
4055.6	0.0979934
4060.94	0.097805
4059.65	0.0978486
3982.92	0.100629
3985.94	0.100518
3987.35	0.100465
3991.3	0.10032
3995.45	0.100168
3999.31	0.100026
4003.31	0.0998795
4007.33	0.0997323
4011.8	0.0995696
4016.41	0.0994021
4021.2	0.0992279
4026.99	0.0990181
4034.85	0.0987353
4044.78	0.0983806
4053.83	0.0980592
4058.6	0.097883
4071.78	0.0974186
4089.97	0.0967827
4111.09	0.0960548
4127.93	0.0954837
2882.54	0.155451
2919.61	0.152813
3002	0.147957
3050.95	0.144776
3168.77	0.138478
3262.22	0.133546
3297.89	0.131272
3387.34	0.126762
3479.37	0.122384
3513.62	0.120425
3577.48	0.117496
3653.17	0.114184
3684.81	0.112717
3720.46	0.111111
3775.25	0.108858
3805.63	0.107611
3822	0.106871
3855.9	0.105534
3881.02	0.104554
3891.08	0.104123
3911.18	0.103346
3929.04	0.102666
3935.28	0.10242
3946.12	0.102009
3954.55	0.101691
3623.36	0.11536
3631.15	0.114966
3670.05	0.113252
3729.09	0.110772
3777.72	0.10876
3795.18	0.107991
3820.31	0.106946
3855.73	0.105541
3884.43	0.104409
3896.9	0.103914
3910.65	0.103365
3930.89	0.102591
3946.78	0.101988
3953.9	0.10172
3959.92	0.101487
3969.01	0.101147
3976.91	0.100854
3981.16	0.100696
3984.08	0.100586
3989.5	0.100386
3994.43	0.100205
3997.11	0.100107
3998.59	0.100052
4001.45	0.0999473
3749.22	0.109857
3789.26	0.108209
3827.47	0.10666
3860.26	0.105348
3887.52	0.10427
3910.25	0.103386
3928.21	0.102692
3942.82	0.102134
3954.92	0.101677
3964.24	0.101326
3971.39	0.10106
3974.62	0.100938
3980.13	0.100733
3986.32	0.100504
3991.74	0.100304
3996.64	0.100124
4001.33	0.0999518
4005.72	0.0997912
4010.42	0.0996198
4014.99	0.099454
