2911.12	0.151013
2926.04	0.150242
2955.73	0.149053
2999.36	0.147988
3054.82	0.147815
3119.15	0.149563
3190.28	0.1542
3265.15	0.162098
3341.02	0.172754
3418.55	0.18355
3498.19	0.192839
3579.09	0.20092
3658.63	0.208672
3735.19	0.215906
3808.51	0.2221
3877.96	0.226165
3945.24	0.23465
4010.96	0.244888
4074.57	0.253957
4135.27	0.261066
4192.77	0.266829
4247.65	0.272377
4300.35	0.277141
4351.13	0.280867
4400.16	0.284024
4447.67	0.287346
4493.06	0.290298
4528.84	0.280634
4566.43	0.295377
4602.34	0.309328
4635.69	0.32
4666.89	0.328544
4695.98	0.335638
4723.18	0.341385
4748.78	0.345585
4773.25	0.348081
4797.15	0.348843
4819.95	0.348044
4841.4	0.345827
4861.41	0.342248
4879.93	0.337344
4897.02	0.331209
4912.75	0.324068
4927.24	0.316222
4940.68	0.307836
4953.06	0.297936
4963.12	0.279858
4970.59	0.254221
4975.36	0.234526
4977.7	0.228606
2897.1	0.152026
2912.14	0.151604
2942.57	0.151381
2988.15	0.15238
3046.33	0.155987
3112.29	0.164528
3185.95	0.177612
3262.83	0.194751
3337.41	0.21479
3414.51	0.241905
3495.22	0.26989
3578.82	0.292448
3660.84	0.307964
3739.25	0.318939
3814.53	0.326949
3883.1	0.328474
3949.86	0.338609
4015.29	0.347588
4078.64	0.353983
4138.87	0.357787
4195.47	0.360112
4249.46	0.36343
4301.42	0.367384
4351.63	0.372168
4400.31	0.378238
4447.95	0.385268
4496.16	0.391759
4528.14	0.373005
4565.5	0.371774
4600.61	0.378184
4633.84	0.384668
4665.19	0.390749
4694.19	0.396631
4721.2	0.40364
4746.42	0.411734
4770.4	0.420253
4794.79	0.428742
4817.81	0.434458
4839.29	0.437598
4859.22	0.437924
4877.6	0.434628
4894.45	0.426484
4909.88	0.411897
4924.06	0.390063
4937.07	0.364441
4949.05	0.338324
4959.91	0.315013
4968.81	0.293742
4974.29	0.255849
4976.84	0.235046
2868.93	0.154209
2883.64	0.155098
2914.88	0.158608
2964.62	0.167046
3029.9	0.180664
3096.67	0.209493
3176.96	0.273765
3260.45	0.327752
3339.94	0.359127
3419.64	0.380252
3500.47	0.39421
3582.09	0.40393
3662.94	0.41169
3742.55	0.418459
3822.78	0.42478
3885.71	0.412318
3952.18	0.419502
4018.6	0.425215
4083.13	0.428157
4143.71	0.428047
4198.66	0.425626
4251.33	0.427239
4302.29	0.42997
4351.63	0.433767
4399.36	0.438778
4445.5	0.44495
4489.98	0.453446
4530.3	0.468587
4564.09	0.462071
4598.25	0.459389
4631.39	0.464978
4663.3	0.470403
4691.72	0.469649
4718.22	0.474822
4742.58	0.481244
4764.53	0.490753
4791.37	0.502993
4814.91	0.513373
4836.59	0.522665
4856.62	0.530296
4875.02	0.535319
4891.76	0.536499
4906.84	0.532146
4920.28	0.519132
4932.26	0.492455
4943.22	0.446916
4953.85	0.385767
4963.88	0.335514
4971.69	0.301309
4975.03	0.258559
2826.83	0.158053
2839.2	0.162993
2868.74	0.17911
2924.62	0.214006
3010.7	0.294835
3089.8	0.348858
3171.35	0.383548
3255.14	0.403956
3338.01	0.420117
3420.17	0.431874
3501.96	0.440956
3583.25	0.448563
3663.53	0.45487
3742.54	0.460069
3820.34	0.464265
3882.23	0.467772
3952.23	0.471361
4021.6	0.474939
4089.5	0.477088
4152.17	0.476683
4202.21	0.473282
4253.04	0.47734
4302.83	0.481235
4351.18	0.484882
4397.8	0.488352
4442.38	0.492834
4485.57	0.49963
4525.86	0.508883
4561.34	0.519183
4597.04	0.523926
4629.2	0.52597
4665.14	0.529375
4690.45	0.514235
4716.89	0.519298
4741.66	0.528871
4765.24	0.538256
4789.15	0.545885
4811.81	0.555002
4833.59	0.564218
4853.88	0.571669
4872.55	0.577286
4889.43	0.582329
4904.51	0.588466
4917.65	0.594613
4928.86	0.59382
4938.55	0.565915
4947.76	0.493211
4958.14	0.400909
4967.05	0.335732
4972.1	0.298584
2772.94	0.163948
2777.63	0.177823
2794.83	0.236182
2888.36	0.309427
2977.7	0.353525
3068.18	0.387773
3157.81	0.410064
3246.15	0.425443
3332.66	0.437285
3417.43	0.447159
3500.7	0.455746
3582.54	0.463278
3662.82	0.469896
3741.38	0.475659
3818.03	0.480721
3892.29	0.485508
3950.89	0.4913
4024.12	0.497826
4099.19	0.499935
4155.34	0.502845
4204.41	0.490809
4254.4	0.494176
4303.68	0.497902
4351.57	0.501819
4397.65	0.505925
4439.66	0.510045
4483.58	0.51496
4523.83	0.522777
4561.04	0.531032
4596.71	0.538529
4631.12	0.545328
4659.55	0.547305
4689.83	0.554527
4714.87	0.556274
4739.62	0.562725
4763.3	0.567581
4785.95	0.571182
4807.46	0.575195
4830.03	0.581322
4850.77	0.586385
4869.9	0.592245
4886.85	0.600574
4902.13	0.616503
4915.31	0.638197
4926.25	0.665144
4934.84	0.685283
4942.05	0.623257
4953.45	0.462006
4962.94	0.366645
4968.34	0.323634
2714.59	0.170198
2704.28	0.184701
2671.61	0.298649
2818.91	0.346662
2936.51	0.376672
3041.9	0.39466
3140.61	0.405267
3234.75	0.412523
3325.19	0.418543
3412.62	0.424145
3497.6	0.429728
3580.43	0.435422
3661.16	0.441257
3739.7	0.44719
3815.82	0.453109
3888.96	0.458837
3957.9	0.464208
4022.93	0.469648
4089.1	0.475992
4148.5	0.479222
4202.69	0.484458
4254.51	0.49287
4304.39	0.50165
4352.37	0.510606
4398.61	0.519386
4443.9	0.527449
4483.02	0.527273
4522.6	0.534995
4560.09	0.542674
4595.46	0.550186
4628.87	0.557304
4660.29	0.564345
4686.94	0.567095
4712.52	0.573482
4737.31	0.58051
4760.7	0.586281
4786.24	0.59164
4804.15	0.596129
4826.16	0.605304
4846.98	0.613425
4867.02	0.620047
4883.42	0.622794
4899.32	0.643618
4912.78	0.670905
4924.07	0.708255
4932.76	0.752637
4940.55	0.744083
4950.95	0.500083
4960.06	0.385561
4965.45	0.337343
2666.63	0.178454
2652.82	0.193462
2619.05	0.336183
2772.69	0.376817
2902.13	0.392024
3017.32	0.40144
3123.37	0.407946
3222.85	0.413037
3316.81	0.417635
3406.58	0.422082
3493.12	0.426498
3576.98	0.430934
3658.35	0.435429
3737.21	0.440019
3813.45	0.444714
3886.87	0.449515
3957.5	0.45444
4017.69	0.458075
4083.04	0.459929
4144.18	0.464551
4200.77	0.469897
4254.06	0.475896
4304.58	0.48226
4352.56	0.488893
4398.31	0.496061
4442.06	0.503759
4483	0.511161
4522.59	0.519288
4560.22	0.527658
4595.14	0.536461
4627.78	0.546087
4658.28	0.555913
4686.19	0.565498
4711.81	0.574857
4733.78	0.581941
4761.38	0.587463
4782.21	0.590229
4802.54	0.592351
4821.9	0.600744
4841.81	0.607961
4863.88	0.617355
4882.6	0.627951
4898.18	0.648268
4911.15	0.675723
4922.69	0.709965
4932.18	0.750908
4939.88	0.745495
4949.5	0.512397
4957.97	0.395128
4963.4	0.344016
2632.36	0.187549
2620.97	0.20161
2597.32	0.371849
2745.1	0.407352
2877.21	0.416094
2997.44	0.423254
3108.89	0.429091
3212.98	0.434074
3309.35	0.438624
3400.61	0.443113
3488.29	0.447536
3573.05	0.45187
3655.1	0.45613
3734.46	0.460362
3811.03	0.464629
3884.79	0.468981
3955.93	0.473397
4025.27	0.477713
4078.39	0.476564
4141.75	0.479635
4199.6	0.484881
4253.89	0.490553
4304.85	0.496187
4352.48	0.502021
4397.42	0.508619
4440.44	0.515962
4481.82	0.523671
4522.03	0.531261
4560.54	0.538754
4594.55	0.545573
4626.3	0.55487
4656.42	0.563932
4685.42	0.571904
4709.97	0.575131
4734.55	0.580961
4757.86	0.581432
4779.93	0.582774
4802.22	0.585962
4821.96	0.590934
4844.03	0.596639
4864.74	0.606296
4882.75	0.621088
4898.48	0.644422
4909.42	0.673351
4922.52	0.707114
4931.81	0.740404
4939.65	0.710021
4948.59	0.508146
4956.03	0.3991
4962.14	0.348179
2609.26	0.196113
2601.15	0.208376
2585.78	0.41044
2727.81	0.444259
2859.75	0.448614
2982.72	0.452916
3098.53	0.456654
3207.85	0.459559
3304.16	0.459693
3395.51	0.463034
3483.75	0.466637
3569.25	0.470267
3652.04	0.473875
3732.02	0.477471
3809.02	0.481099
3882.92	0.484836
3953.8	0.488786
4021.6	0.493107
4085.27	0.498299
4142.47	0.498992
4199.71	0.504519
4254.76	0.510051
4306.17	0.515594
4352.81	0.521604
4396.13	0.529169
4438.15	0.536954
4479.5	0.544543
4520.83	0.551509
4563.02	0.557159
4593.91	0.552832
4624.19	0.55809
4653.54	0.561426
4679.92	0.565924
4708.84	0.570915
4734.21	0.578104
4757.64	0.58147
4780.78	0.583887
4802.14	0.587504
4823.87	0.59261
4845.04	0.600783
4865.59	0.613749
4882.33	0.624336
4897.23	0.64738
4911.42	0.678091
4923.41	0.715555
4932.68	0.753487
4940.14	0.752163
4949.17	0.529114
4957.11	0.409381
4962.35	0.350866
2594	0.203223
2588.43	0.213585
2578.2	0.458619
2716.72	0.488862
2847.68	0.491772
2971.85	0.495264
3091.56	0.498732
3212.86	0.500962
3301.19	0.484972
3390.86	0.485447
3479.32	0.487881
3565.61	0.490547
3649.29	0.493193
3730.1	0.495797
3807.7	0.498426
3881.73	0.501228
3952.4	0.50411
4019.76	0.507116
4083.49	0.510417
4140.89	0.514008
4199.74	0.5182
4257	0.521776
4310.03	0.526321
4354.26	0.524534
4394.06	0.525907
4434.52	0.530652
4475.25	0.528064
4516.82	0.532291
4555.72	0.537159
4589.08	0.537054
4619.35	0.541648
4651.43	0.549658
4680.54	0.559717
4708.95	0.569016
4730.98	0.574794
4757.54	0.580512
4781.41	0.585783
4804.28	0.591191
4823.92	0.595879
4844.12	0.599654
4863.38	0.609444
4882.41	0.624432
4898.69	0.647945
4912.82	0.678794
4924.5	0.716142
4933.67	0.752619
4941.06	0.749655
4950.09	0.528476
4958.1	0.410364
4963.13	0.350999
2584.05	0.208483
2580.25	0.217254
2573.46	0.454558
2709.44	0.474934
2838.88	0.475629
2962.06	0.476105
3079.62	0.476309
3191.36	0.475852
3290.26	0.472824
3384.18	0.474388
3474.88	0.476666
3562.77	0.479195
3647.94	0.481912
3730.26	0.484848
3809.15	0.48801
3883.19	0.491507
3953.72	0.495631
4021.33	0.499963
4086.36	0.504417
4150.28	0.508755
4199.95	0.51099
4263.95	0.516095
4309.26	0.508135
4352.92	0.51352
4394.63	0.518857
4433.75	0.524727
4477.8	0.530627
4514.57	0.529809
4549.93	0.53363
4585.45	0.538612
4617.49	0.545548
4649.66	0.553066
4679.38	0.562583
4704.11	0.570141
4731.22	0.577237
4757.91	0.582719
4780.83	0.585882
4803.31	0.590812
4824.2	0.596668
4841.9	0.601273
4863.59	0.609866
4882.37	0.626375
4899.4	0.64901
4913.83	0.679043
4925.54	0.715679
4934.7	0.751227
4942.09	0.745024
4951.18	0.522308
4959.23	0.406797
4964.2	0.349673
2577.64	0.212014
2574.97	0.219733
2570.19	0.457603
2703.98	0.473052
2831.8	0.473862
2953.61	0.47478
3069.47	0.475863
3179.02	0.47715
3280.96	0.478831
3377.55	0.481067
3470.22	0.48323
3559.74	0.485228
3646.61	0.487047
3731.15	0.488681
3812.84	0.489651
3885.62	0.486868
3955.5	0.488374
4023.11	0.490631
4088.05	0.493009
4149.44	0.495552
4207.15	0.499708
4258.55	0.498549
4307.92	0.502816
4352.07	0.508534
4394.86	0.516132
4435.11	0.520737
4473.54	0.526319
4512.94	0.533569
4549.41	0.541913
4584.08	0.550098
4617.97	0.557937
4647.86	0.562168
4675.74	0.567485
4703.22	0.572459
4729.68	0.576912
4755.87	0.580925
4780.01	0.581422
4803.49	0.584765
4825.12	0.590403
4845.01	0.598976
4863.95	0.612106
4881.21	0.628949
4899.78	0.650039
4914.73	0.679022
4926.58	0.714933
4935.77	0.749817
4943.19	0.740024
4952.38	0.514971
4960.5	0.401938
4965.45	0.347868
2573.65	0.214004
2571.76	0.230527
2567.94	0.48808
2700.01	0.502328
2826.43	0.503504
2947.05	0.505084
3061.86	0.507137
3170.79	0.509716
3273.81	0.512793
3371.86	0.515815
3465.88	0.518513
3556.65	0.520827
3644.99	0.522725
3732.35	0.524057
3822.98	0.52468
3888.53	0.516025
3957.14	0.517492
4025.16	0.519058
4090.83	0.52027
4149.79	0.520571
4204.66	0.522445
4255.62	0.525351
4309.37	0.528391
4350.12	0.520326
4391.98	0.521657
4433.77	0.526128
4473.26	0.531813
4511.86	0.537838
4548.36	0.544332
4581.25	0.549799
4615.4	0.554835
4646.43	0.560964
4672.18	0.565192
4702.21	0.571893
4729.34	0.575072
4752.65	0.578619
4778.92	0.582611
4803.15	0.586101
4825.27	0.590596
4845.48	0.597282
4864.38	0.610705
4882.33	0.628932
4900.85	0.649678
4915.86	0.678309
4927.73	0.713909
4936.9	0.748455
4944.34	0.735369
4953.63	0.508127
4961.84	0.397244
4966.79	0.346096
2571.26	0.214805
2569.85	0.238712
2566.64	0.490697
2697.59	0.503428
2822.99	0.504686
2942.7	0.506081
3056.79	0.507636
3165.42	0.509321
3268.83	0.51109
3367.59	0.512886
3462.34	0.514677
3553.65	0.516437
3642.04	0.518135
3727.93	0.519731
3810.89	0.521172
3885.1	0.522496
3957.08	0.524906
4028.56	0.526858
4101.95	0.52847
4154.71	0.522406
4206.29	0.523425
4259.68	0.5255
4302.88	0.53016
4351.21	0.536769
4392.85	0.534735
4433.54	0.535165
4472.03	0.537462
4511.5	0.542113
4548.07	0.547955
4583.94	0.554426
4614.94	0.558686
4641.64	0.562211
4667.93	0.563381
4697.64	0.565585
4726.69	0.57045
4752.12	0.575662
4779.39	0.579624
4803.83	0.583823
4825.82	0.589392
4845.27	0.598288
4862.97	0.611793
4884.46	0.626815
4902.49	0.647938
4917.25	0.676878
4928.99	0.712615
4938.07	0.747155
4945.51	0.731394
4954.89	0.502315
4963.18	0.393262
4968.14	0.344538
2569.97	0.21464
2568.81	0.23941
2565.97	0.473818
2696.3	0.485075
2821.01	0.486252
2939.97	0.487509
3053.45	0.488853
3161.75	0.49027
3265.22	0.491767
3364.27	0.493378
3459.33	0.49512
3550.8	0.496981
3638.96	0.498914
3723.91	0.500831
3805.23	0.502588
3881.75	0.504079
3955.42	0.506202
4027.94	0.508661
4102.16	0.511123
4153.19	0.502232
4202.66	0.505733
4256.17	0.509859
4310.94	0.51372
4348.88	0.506618
4390.07	0.506909
4433.9	0.512905
4476.3	0.520756
4513.75	0.523101
4549.41	0.532358
4584.25	0.540909
4611.18	0.542566
4639.8	0.547565
4670.01	0.555959
4698.46	0.564746
4724.81	0.572812
4754.51	0.57858
4780.35	0.580142
4804.58	0.584021
4826.36	0.589173
4844.58	0.59759
4867.04	0.608649
4887.12	0.623986
4904.41	0.645719
4918.77	0.675114
4930.28	0.7112
4939.24	0.745951
4946.65	0.72814
4956.1	0.497562
4964.47	0.389987
4969.43	0.343213
2569.48	0.214004
2568.47	0.235386
2565.87	0.442899
2696.23	0.452743
2820.55	0.454339
2938.7	0.456143
3051.44	0.457748
3159.28	0.45936
3262.58	0.461061
3361.65	0.462917
3456.8	0.464963
3548.27	0.467197
3636.21	0.46958
3720.78	0.472018
3801.75	0.474442
3878.74	0.476883
3952.46	0.479598
4023.12	0.482378
4090.32	0.484508
4152.05	0.483803
4192.73	0.478031
4249.12	0.479033
4300.14	0.481981
4342.74	0.482847
4389.24	0.487879
4433.11	0.496034
4476.22	0.504185
4517.75	0.512582
4550.06	0.514256
4580.03	0.523518
4612.21	0.529223
4642.65	0.540456
4672.49	0.550958
4701.22	0.560514
4728.97	0.568565
4756.87	0.574396
4783.14	0.57872
4807.03	0.582651
4829.33	0.587808
4850.04	0.59485
4870.67	0.605646
4889.64	0.621401
4906.25	0.643568
4920.21	0.673376
4931.49	0.709848
4940.32	0.744884
4947.69	0.725448
4957.21	0.493629
4965.64	0.387232
4970.62	0.342061
2569.57	0.213699
2568.71	0.233122
2566.33	0.420255
2697.88	0.428718
2822.01	0.429911
2938.77	0.431716
3050.46	0.433937
3157.57	0.436213
3260.55	0.438587
3359.45	0.441132
3454.55	0.443864
3545.99	0.446799
3633.68	0.449941
3718.16	0.453205
3799.31	0.456618
3876.14	0.460315
3949.79	0.464185
4019.05	0.468306
4081.32	0.470955
4140.53	0.47401
4193.35	0.477957
4244.53	0.476099
4294.93	0.481287
4342.12	0.486207
4388.14	0.491204
4430.24	0.496808
4474.91	0.504164
4517.5	0.512664
4550.38	0.515507
4579.2	0.521954
4612.14	0.532916
4643.4	0.54382
4673.45	0.554078
4702.41	0.563234
4730.57	0.570672
4758.51	0.575904
4785.97	0.579368
4808.64	0.582039
4831.37	0.586871
4852.86	0.593274
4873.1	0.603554
4891.55	0.619405
4907.73	0.641807
4921.39	0.671919
4932.48	0.708716
4941.21	0.743991
4948.56	0.723086
4958.15	0.490129
4966.66	0.384788
4971.66	0.341005
2570.05	0.214401
2569.48	0.239229
2567.54	0.424259
2702.68	0.43087
2826.69	0.42831
2939.89	0.426376
3050.07	0.428179
3156.13	0.43031
3258.85	0.432642
3357.38	0.43519
3452.43	0.437938
3544.01	0.440887
3631.01	0.444134
3715.62	0.447525
3798.04	0.451006
3873.68	0.45099
3948.58	0.453834
4012.15	0.455218
4076.58	0.459452
4135.48	0.465137
4189.92	0.471513
4241.49	0.47858
4292.12	0.486146
4340.38	0.493926
4386.81	0.501692
4431.94	0.509354
4472.8	0.511725
4514.08	0.518126
4544.34	0.522044
4576.96	0.528532
4611.01	0.53702
4642.67	0.547439
4672.93	0.557342
4701.94	0.566141
4730.02	0.573134
4758.34	0.577717
4787.23	0.580554
4807.75	0.582304
4832.11	0.586296
4854.19	0.592335
4874.47	0.602175
4892.73	0.618014
4908.69	0.640561
4922.17	0.670905
4933.15	0.707924
4941.84	0.743301
4949.2	0.720815
4958.88	0.486741
4967.48	0.382466
4972.51	0.339981
2570.62	0.215966
2570.49	0.258304
2569.48	0.461633
2714.4	0.466586
2838.2	0.461785
2940.15	0.456097
3050	0.456635
3154.27	0.458049
3257.66	0.460109
3355.19	0.461983
3450.27	0.464385
3543.17	0.466772
3627.4	0.466769
3711.97	0.469456
3789.16	0.472289
3872.07	0.476636
3955.17	0.478967
4013.6	0.462911
4074.31	0.465221
4131.97	0.468663
4186.54	0.472861
4236.65	0.476972
4289	0.482883
4337.85	0.490129
4384.22	0.497767
4428.2	0.505703
4469.01	0.513975
4507.83	0.522937
4542.89	0.532369
4578.72	0.541116
4609.55	0.543337
4640.71	0.551524
4671.11	0.558938
4699.97	0.566103
4726.92	0.572798
4755.32	0.57747
4783.98	0.580415
4810.25	0.583296
4832.53	0.585697
4854.58	0.591742
4874.95	0.601307
4893.19	0.617155
4909.06	0.639875
4922.45	0.670464
4933.43	0.707581
4942.14	0.74284
4949.56	0.718451
4959.37	0.483261
4968.07	0.38018
4973.14	0.338968
2570.89	0.21672
2570.67	0.253176
2568.88	0.462211
2707.23	0.468908
2832.29	0.469106
2948.64	0.470296
3052.03	0.46834
3149.96	0.468789
3259.1	0.468772
3352.38	0.467235
3447.29	0.468837
3533.16	0.470293
3623.94	0.471774
3708.66	0.474208
3788.71	0.476934
3867.58	0.479489
3943.18	0.482191
4010.07	0.485771
4073.8	0.490487
4130.14	0.491873
4183.72	0.497301
4237.38	0.503091
4286.5	0.502516
4334.93	0.507155
4381.23	0.51189
4424.86	0.516657
4464.5	0.521216
4497.9	0.526276
4538.17	0.529761
4574.52	0.535513
4607.68	0.541888
4637.57	0.549815
4669.12	0.556758
4697.97	0.565443
4725.06	0.572845
4749.72	0.57745
4780.74	0.579538
4808.03	0.58229
4831.19	0.586601
4853.87	0.591605
4874.66	0.600861
4892.99	0.61675
4908.8	0.6398
4922.15	0.670825
4933.26	0.707827
4942.1	0.742633
4949.65	0.715961
4959.61	0.479724
4968.43	0.377998
4973.53	0.338004
2570.98	0.217648
2570.94	0.260522
2569.39	0.476005
2709.05	0.482517
2831.14	0.483537
2948.69	0.484969
3052.51	0.485124
3160.02	0.487063
3251.24	0.487697
3347.78	0.492349
3445.46	0.497396
3535.66	0.501054
3623.48	0.504037
3707.07	0.506804
3786.6	0.509812
3863.55	0.512985
3937.21	0.517053
4007.21	0.522287
4078.3	0.525845
4128.7	0.523077
4178.49	0.527646
4232.81	0.534515
4283.57	0.540718
4332.87	0.545899
4379.94	0.550584
4425.42	0.551697
4461.29	0.546335
4498.88	0.550722
4536.61	0.555069
4572.46	0.560388
4606.32	0.566159
4638.86	0.571288
4667.14	0.572929
4695.21	0.577357
4720.53	0.581325
4751.21	0.582403
4778.83	0.583156
4807.41	0.58515
4833.5	0.589023
4852.27	0.592794
4873.88	0.600904
4892.24	0.616803
4907.89	0.640569
4921.08	0.672733
4932.64	0.708855
4941.76	0.742682
4949.48	0.713646
4959.6	0.476588
4968.54	0.376179
4973.7	0.337213
2570.71	0.218505
2571.14	0.27904
2571.22	0.476907
2724.03	0.479671
2830.51	0.472382
2935.46	0.473593
3049.39	0.474373
3156.91	0.476066
3257.87	0.478119
3359.7	0.480913
3447.92	0.48192
3537.61	0.486194
3624.5	0.4909
3706.98	0.495099
3784.63	0.499408
3860.48	0.502874
3932.68	0.506207
4001.08	0.509346
4066.41	0.512047
4124.31	0.513626
4180.39	0.517595
4229.94	0.516081
4280.39	0.518347
4327.33	0.519546
4374.96	0.52091
4419.35	0.522773
4459.68	0.524659
4497.16	0.531181
4535.73	0.538221
4571.37	0.546971
4605	0.555686
4636.59	0.56408
4665.81	0.571691
4695.18	0.577994
4723.2	0.582929
4752.28	0.586515
4781.32	0.589649
4806.77	0.589519
4831.67	0.593765
4854.24	0.599914
4873.36	0.607195
4891.09	0.621448
4906.31	0.643543
4918.59	0.676859
4931.73	0.710302
4941.26	0.742826
4949.12	0.712414
4959.38	0.474997
4968.43	0.375251
4973.63	0.336812
2569.75	0.217092
2569.5	0.253401
2567.86	0.450201
2704.1	0.456048
2823.64	0.452777
2936.87	0.452935
3048.8	0.454444
3156.67	0.456018
3260.05	0.457921
3360	0.460121
3453.57	0.462742
3543.42	0.465827
3626.77	0.468426
3708.74	0.47179
3781.64	0.47562
3858.34	0.479986
3929.33	0.484084
3995.51	0.486131
4059.53	0.487816
4119.42	0.488105
4174.13	0.489077
4227.01	0.492277
4277.36	0.497914
4325.52	0.503876
4372.33	0.510561
4416.84	0.517383
4458.38	0.524698
4499.33	0.532017
4535.07	0.533797
4569.66	0.539444
4603.2	0.545975
4634.26	0.552582
4662.02	0.559795
4694.27	0.564298
4722.61	0.570536
4751.14	0.57532
4779.68	0.578395
4806.05	0.580896
4831	0.584758
4853.56	0.590532
4872.63	0.600807
4890.89	0.615601
4906.76	0.639244
4920.07	0.671519
4931.7	0.708056
4940.86	0.742365
4948.65	0.71343
4958.95	0.476233
4968.1	0.375559
4973.38	0.336885
2568.62	0.216163
2568.01	0.243186
2565.76	0.445241
2696.67	0.4532
2819.19	0.453488
2935.76	0.454337
3048.45	0.455433
3157.18	0.45673
3262.01	0.458112
3363.15	0.4595
3459.53	0.46076
3547.67	0.461354
3631.5	0.463786
3713.9	0.466648
3788.29	0.463805
3858.88	0.462296
3924.66	0.461931
3993.25	0.460837
4056.12	0.465413
4115.6	0.470178
4170.75	0.475537
4223.83	0.481516
4273.79	0.488008
4322.37	0.494534
4369.37	0.501169
4414.74	0.507851
4455.18	0.509504
4495.65	0.51469
4533.12	0.519562
4569.92	0.526449
4604.31	0.536045
4636.36	0.545814
4666.47	0.555336
4696.41	0.563585
4724.17	0.570857
4747.52	0.576633
4777.74	0.580002
4804.18	0.583218
4829.99	0.587504
4853.48	0.593506
4874.89	0.603396
4889.94	0.615113
4906.6	0.636898
4920.18	0.668102
4931.37	0.705936
4940.27	0.741839
4947.96	0.714138
4958.33	0.476116
4967.63	0.374429
4972.99	0.336033
2567.7	0.216013
2567	0.244164
2564.66	0.460615
2693.65	0.469567
2816.83	0.47036
2934.78	0.471294
3048.36	0.472233
3157.99	0.47317
3264.12	0.474174
3367.63	0.475197
3470.42	0.476135
3553.07	0.470024
3634.6	0.470775
3712.41	0.471092
3790.21	0.471367
3862.39	0.472749
3932.74	0.474971
3993.57	0.473428
4053.08	0.475229
4113.17	0.475804
4166.57	0.48045
4220.94	0.486478
4268.83	0.487459
4318.08	0.492342
4365.31	0.496561
4407.56	0.50044
4452.03	0.506204
4493.4	0.513835
4532.4	0.522093
4569.73	0.530637
4604.96	0.539365
4637.67	0.548142
4668.47	0.556759
4698.2	0.564374
4725.24	0.568638
4751.26	0.574189
4777.19	0.578175
4800.4	0.581968
4828.68	0.58557
4852.68	0.590985
4873.7	0.600035
4891.68	0.616129
4906.36	0.633516
4919.59	0.665237
4930.55	0.70403
4939.3	0.741131
4946.95	0.711452
4957.51	0.468958
4967.08	0.368235
4972.53	0.332311
2567.08	0.216234
2566.42	0.246966
2564.16	0.469606
2692.49	0.47902
2815.88	0.480107
2934.46	0.481368
3048.63	0.482786
3158.79	0.484367
3265.43	0.486081
3369.45	0.487826
3472.94	0.489474
3555.85	0.488268
3638.44	0.491728
3718.45	0.495263
3794.95	0.498892
3865.01	0.502554
3932.16	0.506026
3995.62	0.509052
4059.35	0.511239
4114.69	0.512939
4158.76	0.50284
4212.6	0.504308
4264.84	0.508623
4314.2	0.512528
4361.19	0.516623
4405.74	0.521205
4449.13	0.525106
4490.71	0.529933
4530.57	0.535005
4568.88	0.540069
4605.43	0.545249
4638.28	0.547637
4669.01	0.553411
4696.96	0.56015
4725.94	0.56625
4753.01	0.572046
4779.04	0.576088
4803.92	0.579022
4829	0.581999
4852.02	0.587006
4872.58	0.594544
4890.32	0.609072
4904.67	0.633121
4918.17	0.662221
4929.17	0.701057
4937.86	0.73897
4945.58	0.698601
4956.49	0.443879
4966.5	0.352699
4972.07	0.323442
2566.73	0.21654
2566.12	0.247172
2563.97	0.460096
2692.15	0.468945
2815.7	0.469963
2934.63	0.471238
3049.12	0.472808
3159.43	0.47464
3265.78	0.476707
3368.28	0.478967
3466.36	0.481319
3555.99	0.483662
3642	0.487019
3725.31	0.490801
3803.63	0.495755
3868.29	0.493648
3933.2	0.499329
3995.46	0.504473
4051.74	0.508859
4109.06	0.514149
4160.38	0.520483
4212.16	0.526678
4262.85	0.532625
4311.61	0.539086
4358.4	0.545839
4403.26	0.552694
4446.48	0.559154
4488.09	0.565418
4528.54	0.570998
4568.25	0.575253
4608.97	0.577723
4639.39	0.571622
4669.02	0.575254
4697.72	0.579478
4725.98	0.582591
4753.31	0.585161
4779.6	0.587987
4804.68	0.59124
4828.68	0.594929
4850.98	0.600153
4871.21	0.608758
4889.15	0.62127
4904.99	0.637932
4916.16	0.652096
4927.41	0.677225
4936.19	0.697618
4944.29	0.613392
4954.9	0.39151
4965.83	0.33027
4971.56	0.308531
2566.63	0.217
2566.04	0.248199
2563.93	0.456355
2692.22	0.464448
2815.98	0.464864
2935.15	0.465438
3049.82	0.466212
3160.15	0.467195
3266.21	0.468392
3367.89	0.469829
3464.81	0.471552
3556.52	0.473591
3645.12	0.475978
3734.13	0.478417
3801.94	0.469011
3872.44	0.471918
3935.36	0.472234
3995.61	0.477756
4052.24	0.484094
4107.1	0.490839
4159.32	0.496777
4210.63	0.502939
4260.67	0.508733
4308.95	0.514144
4355.58	0.519194
4400.5	0.523996
4443.62	0.528654
4484.87	0.533038
4525.56	0.536724
4564.87	0.540317
4602.93	0.543494
4637.58	0.544613
4668.1	0.551667
4697.07	0.559549
4725.27	0.566565
4753	0.571944
4779.66	0.576024
4804.74	0.579443
4828.51	0.583335
4850.65	0.58881
4870.83	0.596878
4888.74	0.611761
4904.26	0.634139
4917.09	0.665474
4926.96	0.696334
4935.27	0.734613
4943.18	0.662827
4955.05	0.39132
4965.26	0.32276
4970.79	0.299647
2566.75	0.217642
2566.19	0.253017
2564.07	0.477803
2692.75	0.486628
2816.82	0.487486
2936.2	0.488526
3051	0.489765
3161.36	0.491175
3267.34	0.492744
3368.7	0.494481
3465.05	0.496405
3556.84	0.498427
3644.54	0.500544
3727.15	0.503003
3802.7	0.507665
3881.09	0.50982
3937.14	0.496611
3996.4	0.499365
4051.66	0.501673
4104.99	0.505072
4156.46	0.509015
4207.71	0.512935
4257.6	0.517126
4305.31	0.521592
4351.85	0.526344
4396.9	0.531365
4439.98	0.536687
4479.56	0.542546
4521.22	0.548393
4559.97	0.554536
4597.47	0.560484
4636.99	0.565943
4665.96	0.560143
4694.49	0.564867
4722.46	0.570046
4751.27	0.573723
4778.83	0.57662
4803.58	0.579147
4827.31	0.580796
4849.5	0.585702
4869.71	0.592798
4887.65	0.605781
4903.12	0.626869
4915.86	0.657614
4925.48	0.7
4934.11	0.736694
4942.27	0.667069
4954.3	0.3956
4964.25	0.321494
4969.47	0.296152
2567.1	0.218153
2566.55	0.253731
2564.42	0.473519
2693.79	0.481882
2818.35	0.482419
2937.98	0.483134
3052.88	0.484091
3163.39	0.485288
3269.69	0.486683
3371.31	0.48821
3466.81	0.489843
3558.36	0.491925
3646.31	0.494163
3724.71	0.496061
3798.27	0.499234
3869.31	0.502173
3933.94	0.504624
4000.88	0.5089
4051.65	0.5062
4103.21	0.510325
4151.42	0.515625
4204.34	0.521902
4255.36	0.527731
4301.03	0.528232
4347.95	0.533785
4393.81	0.539136
4437.74	0.544338
4480.37	0.549194
4517.54	0.548675
4554.17	0.553382
4587.8	0.557944
4627.24	0.56036
4660.35	0.56369
4690.06	0.570336
4715.87	0.577076
4748.86	0.58185
4778.09	0.585548
4805.75	0.588634
4825.03	0.589177
4847.55	0.594374
4867.88	0.602952
4885.92	0.615728
4901.5	0.633784
4914.6	0.657941
4925.44	0.684235
4932.89	0.674241
4942.05	0.548282
4953.55	0.360182
4962.72	0.314924
4967.5	0.293669
2567.69	0.218628
2567.13	0.255863
2564.96	0.48301
2695.39	0.491321
2820.66	0.491774
2940.43	0.49253
3055.22	0.493512
3165.84	0.494616
3273.05	0.495799
3376.56	0.49723
3469.19	0.500244
3560.3	0.502291
3654.63	0.503812
3724.36	0.492494
3793.76	0.493576
3861.43	0.495714
3925.99	0.497738
3988.53	0.499871
4045.64	0.501391
4100.33	0.504653
4154.02	0.508173
4200.65	0.507566
4245.95	0.508426
4297.61	0.507005
4343.81	0.510122
4391.47	0.514239
4435.51	0.519642
4476.93	0.525407
4515.95	0.530778
4553.17	0.537946
4588.78	0.545617
4624.51	0.553372
4657.85	0.560341
4688.78	0.567377
4717.99	0.573425
4747.89	0.577605
4776.6	0.580442
4800.43	0.58286
4823.87	0.585482
4846.34	0.59083
4867.06	0.599122
4885.41	0.61416
4901.21	0.636777
4914.42	0.6685
4925.08	0.708279
4933.36	0.743892
4940.71	0.665977
4952.72	0.393542
4962.56	0.320928
4967.72	0.297302
2568.55	0.219
2568.02	0.255923
2565.87	0.474558
2698.14	0.48219
2824.54	0.48236
2944.12	0.48291
3058.1	0.483692
3168.19	0.484552
3276.75	0.485376
3389.53	0.485986
3470.24	0.474027
3556.12	0.47545
3641.09	0.475479
3718.87	0.47242
3788.83	0.47225
3855.51	0.473818
3918.65	0.475437
3982.03	0.476837
4041	0.479821
4096.76	0.483979
4150.84	0.488747
4197.42	0.491925
4242.19	0.49769
4295.95	0.502624
4345.75	0.508761
4390.1	0.510374
4433.25	0.515807
4473.26	0.521611
4513.52	0.528235
4551.13	0.53682
4587	0.545601
4621.55	0.554178
4655.24	0.562111
4686.76	0.569405
4717.04	0.575216
4745.78	0.57876
4774.87	0.581437
4796.17	0.582598
4824.5	0.585569
4844.12	0.589249
4865.72	0.596414
4884.42	0.610029
4900.44	0.630945
4913.86	0.660271
4924.61	0.6977
4932.74	0.733831
4939.49	0.658414
4951.9	0.397119
4961.88	0.326559
4967.25	0.304056
2569.65	0.219456
2569.23	0.258603
2567.26	0.469817
2702.69	0.476759
2831.32	0.476971
2949.66	0.477957
3061.27	0.47975
3168.54	0.48146
3272.62	0.48292
3373.25	0.484413
3462.88	0.486223
3549.78	0.489837
3635.38	0.493414
3722.46	0.49682
3786.07	0.484666
3851.53	0.487028
3916.8	0.490391
3977.15	0.489367
4036.84	0.492398
4092.18	0.494093
4144.11	0.497072
4195.44	0.498347
4245.83	0.502022
4295.61	0.506216
4343.76	0.511249
4389.25	0.517046
4432.49	0.523634
4472.8	0.530901
4510.99	0.534106
4548.16	0.541687
4583.9	0.548832
4616.89	0.556356
4652.29	0.563403
4683.6	0.568568
4713.35	0.573376
4743.33	0.576963
4771.68	0.580078
4799.17	0.58279
4821.22	0.584785
4843.26	0.589734
4864.39	0.597481
4883.07	0.612364
4899.17	0.634659
4912.9	0.665089
4923.97	0.703291
4932.51	0.740664
4939.86	0.698644
4951.06	0.436371
4960.9	0.342567
4966.3	0.315271
2570.91	0.220003
2570.68	0.265769
2569.14	0.468756
2709.79	0.47395
2844.38	0.472356
2958.18	0.467183
3065.24	0.467799
3168.61	0.469298
3268.59	0.471163
3364.82	0.472709
3455.31	0.47396
3541.92	0.475508
3625.44	0.476962
3705.43	0.477951
3776.68	0.477185
3844.87	0.480669
3911.09	0.484781
3972.88	0.487659
4030.17	0.492224
4090.3	0.497547
4145.99	0.503629
4199.61	0.509551
4247.61	0.51261
4295.01	0.518257
4343.17	0.523647
4389.24	0.529468
4432.96	0.535235
4473.83	0.540891
4508.99	0.545759
4544.83	0.552866
4580.43	0.554204
4617.99	0.55931
4649.07	0.561201
4680.61	0.567821
4707.51	0.57454
4740.2	0.578668
4767	0.582658
4797.13	0.586001
4823.62	0.590683
4844.42	0.594719
4862.63	0.600217
4881.31	0.616353
4897.18	0.640437
4911.58	0.670907
4923.2	0.708236
4932.19	0.74431
4939.78	0.716905
4950.3	0.468561
4959.84	0.360625
4965.25	0.324416
2572.16	0.220468
2572.03	0.27592
2570.94	0.490944
2718.41	0.495
2874.06	0.493818
2969.75	0.474769
3069.36	0.473537
3168.65	0.473942
3264.99	0.47471
3358.95	0.475755
3448.55	0.47714
3534.17	0.478859
3616.08	0.480933
3694.31	0.483494
3767.58	0.48689
3837.47	0.490321
3902.33	0.493942
3968.65	0.498521
4031.39	0.503563
4090.27	0.507366
4147.46	0.512453
4204.32	0.517559
4248.7	0.515981
4290.64	0.523518
4343.13	0.530061
4390.34	0.536634
4435.59	0.542431
4474.72	0.544072
4510.99	0.543811
4545.83	0.548504
4583.13	0.554468
4613.45	0.56029
4649.59	0.564715
4681.94	0.570613
4711.68	0.576027
4740.66	0.580177
4767.37	0.583848
4796.28	0.587072
4821.97	0.592088
4845.25	0.600122
4862.21	0.610176
4879.36	0.621334
4893.63	0.647619
4910.07	0.676035
4922.39	0.711712
4931.77	0.746345
4939.53	0.724432
4949.71	0.48597
4958.93	0.374843
4964.29	0.33209
2573.23	0.219043
2572.73	0.259536
2570.76	0.475567
2713.83	0.482038
2851.31	0.481341
2970.7	0.47932
3069.81	0.475136
3169.04	0.476832
3261.11	0.478045
3356.06	0.479449
3444.44	0.482615
3528.74	0.486305
3609.23	0.49006
3687.76	0.494061
3759.55	0.498532
3831.44	0.504004
3899.54	0.509404
3966.94	0.51391
4035.81	0.517524
4090.28	0.512039
4147.46	0.515287
4205.1	0.518651
4253.03	0.51894
4299.94	0.521245
4346.07	0.518135
4391.22	0.52024
4432.34	0.52304
4472.27	0.525451
4513.48	0.531444
4550.79	0.540434
4586.67	0.549428
4620.01	0.558479
4653.33	0.566289
4685	0.573387
4714.91	0.579245
4742.77	0.583731
4769.67	0.588014
4796.15	0.592892
4820.08	0.595682
4843.54	0.603554
4864.12	0.615377
4878.69	0.624641
4894.98	0.647854
4909.75	0.678006
4921.9	0.713837
4931.4	0.747787
4939.24	0.727954
4949.26	0.494578
4958.24	0.383963
4963.53	0.337639
2574.55	0.217212
2573.47	0.242682
2570.56	0.472476
2710.15	0.482207
2842.28	0.482589
2962.65	0.483594
3070.26	0.485644
3172.07	0.487935
3269.8	0.490404
3356.5	0.488874
3441.34	0.489363
3522.38	0.491076
3605.33	0.49313
3682.84	0.497012
3755.3	0.501207
3826.7	0.505212
3895.11	0.509016
3961.48	0.51255
4027.28	0.515743
4083.84	0.514834
4144.32	0.519439
4208.69	0.523373
4255.82	0.522341
4303.34	0.527776
4351.33	0.527185
4393.78	0.525507
4437.19	0.52823
4477.45	0.5348
4517.02	0.542776
4554.39	0.550924
4590.05	0.5591
4624	0.566887
4656.24	0.573518
4687.44	0.579489
4717.91	0.584052
4743.6	0.584754
4770.05	0.587464
4790.68	0.590057
4819.15	0.592487
4843.18	0.598827
4863.79	0.611431
4880.69	0.631941
4894.85	0.650486
4909.12	0.680282
4921.44	0.715883
4931.11	0.749164
4939.03	0.730205
4948.96	0.499074
4957.77	0.389185
4963	0.341062
2576.72	0.214952
2574.91	0.227464
2571.13	0.47064
2709.33	0.483596
2840.68	0.484289
2963.46	0.485356
3072.93	0.486903
3175.81	0.489459
3265.34	0.489334
3353.29	0.492384
3442.39	0.495737
3529.38	0.499222
3604.06	0.498387
3680.34	0.50209
3749.58	0.505905
3822.53	0.509829
3890.38	0.514521
3954.29	0.519589
4014.13	0.525338
4071.13	0.532583
4134.84	0.540304
4197.22	0.5473
4252.71	0.556115
4306.1	0.561305
4361.46	0.562956
4403.19	0.551679
4442.41	0.553637
4480.57	0.558535
4520.09	0.563743
4557.1	0.569334
4592.61	0.574688
4627.3	0.579352
4657.88	0.580234
4688.42	0.583489
4716.19	0.586413
4743.29	0.589049
4767.94	0.592669
4794.32	0.596265
4820.06	0.600971
4843.42	0.60929
4864.23	0.62182
4882.85	0.639917
4896.54	0.660476
4907.55	0.686465
4921.04	0.71834
4931	0.750612
4938.98	0.732203
4948.85	0.501634
4957.55	0.391801
4962.73	0.342775
2580.41	0.212026
2577.66	0.219294
2572.61	0.469601
2710.7	0.4867
2843.2	0.487623
2973.49	0.488413
3078.49	0.48459
3170.41	0.483955
3265.24	0.487083
3355.23	0.491102
3442.48	0.495193
3526.04	0.499306
3604.5	0.503568
3681.26	0.507736
3755.84	0.511664
3820.95	0.512618
3887.22	0.516692
3948.91	0.520815
4001.63	0.522238
4049.5	0.526891
4124.48	0.529274
4190.62	0.529818
4249.97	0.530483
4305.37	0.532038
4358.17	0.53488
4405.26	0.537345
4446.53	0.542658
4486.7	0.548983
4524.84	0.553284
4560.18	0.553931
4594.61	0.558926
4626.25	0.563923
4659.68	0.569461
4690.98	0.57587
4718.39	0.579063
4744.15	0.581272
4767.07	0.58526
4796.47	0.588105
4822.14	0.592446
4845.07	0.599221
4865.43	0.611123
4883.48	0.628658
4897.89	0.65572
4911.16	0.688626
4921.59	0.719471
4931.3	0.751763
4939.18	0.734181
4948.96	0.502484
4957.58	0.392046
4962.7	0.342954
2586.54	0.208219
2582.55	0.216783
2575.21	0.450702
2713.05	0.472853
2843.39	0.474478
2965.52	0.47642
3074.14	0.478112
3172.37	0.481405
3266.59	0.485414
3356.68	0.489523
3443.19	0.493651
3524.94	0.497962
3603.94	0.501989
3681.8	0.505698
3751.18	0.506638
3821.16	0.509476
3885.02	0.509542
3944.17	0.511448
4004.46	0.512364
4062.72	0.517924
4120.61	0.524258
4188.61	0.529084
4249.01	0.533356
4304.99	0.537666
4358.27	0.541761
4410.83	0.545372
4449.52	0.540775
4488.43	0.544703
4524.76	0.549346
4563.74	0.554667
4596.04	0.555407
4631	0.561542
4661.32	0.561634
4690.55	0.565877
4718.39	0.571456
4747.53	0.57735
4773.74	0.582415
4800	0.586357
4824.43	0.591258
4846.62	0.598548
4866.11	0.611793
4884.8	0.629726
4901.27	0.654817
4912.97	0.684156
4923.87	0.721125
4931.87	0.751345
4939.63	0.733897
4949.33	0.497891
4957.86	0.388458
4962.91	0.341311
2596.28	0.203911
2590.56	0.213851
2579.71	0.434679
2718.14	0.463804
2847.23	0.466108
2966.87	0.468407
3076.38	0.470895
3174.86	0.473834
3268.79	0.477481
3358.58	0.481191
3445.78	0.484672
3523.86	0.483267
3601.97	0.485118
3676.12	0.486586
3749.12	0.485716
3814.74	0.48663
3884.84	0.488313
3949.36	0.4924
4011.87	0.496904
4072.22	0.501354
4129.01	0.506038
4192	0.509885
4250.41	0.514449
4305.28	0.518758
4357.09	0.522979
4405.43	0.526897
4448.5	0.528246
4489.09	0.532199
4527.57	0.53693
4564.46	0.542158
4600.2	0.543775
4630.76	0.545874
4662.84	0.551569
4694.56	0.558939
4723.34	0.567902
4751.58	0.575338
4778.14	0.580948
4803	0.585238
4826.48	0.59016
4848.22	0.597228
4864.85	0.60839
4885.47	0.621676
4901.88	0.64204
4914.16	0.673113
4925.28	0.707508
4933.79	0.737983
4940.54	0.702973
4949.94	0.483323
4958.34	0.380219
4963.31	0.337957
2611.29	0.199123
2603.4	0.210481
2587.77	0.41211
2727.97	0.4493
2856.15	0.457614
2974.33	0.465243
3086.02	0.470972
3178.57	0.464847
3272.01	0.468119
3360.15	0.471352
3443.01	0.472606
3522.21	0.468675
3601.24	0.47075
3675.56	0.473101
3749.46	0.477263
3819.15	0.481624
3887.89	0.485832
3954.29	0.489731
4019.27	0.493427
4083.18	0.497164
4143.42	0.502193
4197.85	0.495605
4253.23	0.498397
4306.54	0.500596
4357.29	0.502929
4404.94	0.506219
4449.41	0.511974
4490.75	0.519076
4529.05	0.525557
4564.41	0.532645
4602.32	0.540546
4636.44	0.549855
4669.82	0.558719
4698.89	0.563595
4726.36	0.571338
4754.99	0.577944
4781.97	0.583447
4805.07	0.585515
4827.85	0.589545
4847.84	0.595125
4868.54	0.605449
4887.5	0.621115
4903.68	0.644063
4917.26	0.676298
4926.8	0.708769
4935.08	0.74737
4942.02	0.728582
4950.35	0.48916
4958.73	0.378171
4963.83	0.336417
2633.72	0.193329
2623.69	0.20609
2604.24	0.380821
2745.3	0.396319
2870.93	0.4092
2984.48	0.423603
3083.32	0.435395
3184.38	0.444305
3279.83	0.451578
3360.61	0.446268
3440.28	0.449771
3523.94	0.453909
3603	0.459122
3678.47	0.463986
3751.67	0.468499
3822.28	0.472557
3891.2	0.47627
3958.65	0.479658
4025.82	0.482744
4095.92	0.485186
4144.62	0.472294
4202.24	0.477219
4257.16	0.482956
4309.49	0.488951
4359.53	0.495223
4406.05	0.501901
4451.02	0.508988
4490.96	0.511186
4531.32	0.517364
4568.96	0.52648
4605.73	0.535553
4640.43	0.544621
4672.61	0.553574
4702.83	0.562497
4732.14	0.5706
4757.84	0.573387
4781.91	0.578013
4806.93	0.582253
4829.82	0.586736
4851.13	0.592578
4871.27	0.602005
4889.5	0.617131
4905.21	0.639267
4918.11	0.670673
4927.6	0.714153
4936.21	0.7532
4943.1	0.753386
4951.75	0.521683
4958.75	0.399479
4964.56	0.342283
2665.73	0.185955
2653.01	0.199767
2626.26	0.34191
2772.74	0.338937
2897.71	0.357661
3005.56	0.381528
3105.99	0.404732
3192.39	0.401816
3274.63	0.408848
3363.39	0.41523
3446.36	0.42252
3527.62	0.428891
3605.96	0.43437
3681.41	0.439318
3754.44	0.44398
3825.2	0.44853
3894.12	0.453113
3961.47	0.457782
4027.5	0.462542
4091.83	0.467427
4149.6	0.471768
4206.84	0.478229
4261.2	0.484952
4312.25	0.491876
4362.85	0.498377
4406.3	0.4988
4448.11	0.504638
4492.35	0.511909
4533.68	0.519981
4571.77	0.528527
4608.61	0.536708
4644.44	0.544443
4674.98	0.544989
4705.37	0.551323
4733.32	0.558539
4760.79	0.567248
4785.62	0.575371
4808.65	0.58108
4831.02	0.586016
4853.07	0.591591
4873.24	0.600598
4891.19	0.616328
4906.65	0.640061
4919.51	0.674228
4930.02	0.718033
4937.31	0.755535
4944.27	0.761836
4953.13	0.539963
4960.99	0.412886
4966.28	0.345605
2709.99	0.177328
2695.89	0.190505
2648.45	0.239995
2809.09	0.276744
2937.88	0.299997
3030.3	0.301904
3112.07	0.322245
3198.76	0.352925
3284	0.373789
3368.67	0.389573
3451.22	0.400751
3531.55	0.410072
3609.3	0.41816
3684.43	0.425426
3757.12	0.432194
3827.65	0.438643
3896.28	0.444881
3963.2	0.450963
4028.47	0.456902
4091.9	0.462694
4152.66	0.468403
4211.93	0.474056
4266.19	0.480677
4313.16	0.481258
4358.46	0.486355
4406.44	0.492404
4450.64	0.499583
4494.2	0.506225
4536.88	0.512225
4573.51	0.512001
4610.25	0.517323
4642.93	0.523096
4677.4	0.530841
4708.47	0.541156
4737.09	0.551952
4764	0.562337
4788.94	0.571543
4812.14	0.578898
4830.2	0.584444
4854.36	0.589642
4874.78	0.597255
4892.55	0.611651
4907.81	0.633815
4920.44	0.666148
4930.12	0.709748
4936.99	0.756411
4945.33	0.759154
4954.94	0.531588
4963.32	0.407521
4968.59	0.342731
2767.85	0.169242
2771.41	0.180723
2787.52	0.211951
2883.76	0.252186
2964.88	0.198272
3045.34	0.193888
3121.48	0.203292
3199.25	0.243401
3289.17	0.309358
3372.27	0.351684
3454.52	0.376622
3534.67	0.393063
3612.21	0.405369
3686.99	0.415895
3759.22	0.425162
3829.3	0.433426
3897.52	0.44082
3964.02	0.447419
4028.77	0.453287
4092.2	0.458437
4154.86	0.462934
4219.72	0.466693
4263.99	0.458883
4314.51	0.462575
4362.87	0.468729
4408.07	0.474545
4451.58	0.480924
4494.71	0.482202
4535.02	0.485702
4575.89	0.490888
4613.11	0.500052
4647.48	0.510139
4680.57	0.520542
4711.43	0.531342
4740.03	0.54248
4766.78	0.553471
4791.71	0.563811
4814.86	0.572839
4835.99	0.580082
4856.95	0.585284
4876.35	0.591634
4893.69	0.602245
4908.77	0.620062
4921.57	0.646688
4930.64	0.677934
4938.71	0.702555
4947.95	0.661571
4957.76	0.49447
4966.33	0.389993
4971.56	0.33341
2821.74	0.16137
2833.62	0.165655
2863.37	0.173384
2923.86	0.175744
2991.92	0.169081
3063.84	0.165545
3137.3	0.166434
3212.61	0.175097
3288.47	0.199345
3368.8	0.261324
3454.43	0.327293
3536.22	0.362639
3614.05	0.38389
3688.69	0.398258
3760.39	0.409693
3829.98	0.419491
3897.86	0.428124
3964.14	0.435835
4028.1	0.442865
4091.1	0.449036
4152.67	0.454527
4212.37	0.459418
4266.69	0.463664
4315.6	0.467675
4368.08	0.47213
4409.12	0.460957
4446.63	0.462526
4495.94	0.468338
4539.24	0.47687
4579.12	0.486657
4616	0.497072
4650.49	0.507871
4683.16	0.518922
4713.88	0.530215
4742.11	0.542072
4768.74	0.553641
4793.74	0.564493
4817.19	0.574019
4839.62	0.58153
4858.7	0.582326
4877.45	0.587323
4894.4	0.592822
4909.28	0.598279
4921.6	0.602677
4933.18	0.603687
4942.83	0.587339
4952.26	0.530431
4961.75	0.440451
4970.21	0.35989
4975.23	0.313785
2863.6	0.156008
2877.68	0.156829
2907.86	0.157802
2955.91	0.156945
3014.7	0.153647
3080.21	0.150569
3150.05	0.148726
3223.07	0.149789
3298.14	0.15744
3373.93	0.177713
3446.11	0.225922
3535.05	0.305217
3614.79	0.347337
3689.53	0.369955
3760.22	0.385205
3829.23	0.396395
3896.94	0.405617
3963.92	0.414153
4025.95	0.418275
4089.13	0.423716
4150.14	0.427747
4208.26	0.430798
4260.53	0.433055
4314.69	0.435216
4365.33	0.440949
4411.02	0.446407
4454.68	0.454691
4500.36	0.46235
4544.05	0.469948
4582.52	0.480422
4618.47	0.49215
4652.52	0.502855
4684.95	0.51254
4716.15	0.520468
4743.22	0.520278
4769.94	0.524664
4795.06	0.528575
4818.43	0.531655
4839.06	0.533796
4860.47	0.538002
4879.41	0.542074
4896.36	0.542789
4911.39	0.538939
4924.58	0.52865
4936.47	0.509674
4947.14	0.475463
4957.31	0.422573
4966.97	0.363395
4974.75	0.319746
4978.66	0.279307
2891.44	0.153018
2905.65	0.152628
2934.38	0.1517
2977.1	0.149879
3030.64	0.147185
3092.07	0.144318
3159.2	0.14186
3230.56	0.140888
3305	0.143877
3381.2	0.156
3456.6	0.184785
3528.01	0.226801
3613.8	0.292696
3690.03	0.328063
3758.47	0.332069
3826.79	0.342492
3893.72	0.350708
3958.5	0.359145
4023.91	0.369541
4088.31	0.382952
4149.57	0.393929
4207.53	0.403336
4261.95	0.412653
4314.69	0.422006
4364.87	0.430065
4412.28	0.436632
4458.16	0.442158
4504.24	0.447372
4551.61	0.450148
4586	0.437139
4620.47	0.437451
4653.9	0.4379
4685.82	0.437084
4714.39	0.433629
4744.48	0.432409
4771.86	0.435788
4797.22	0.438782
4820.72	0.441304
4842.36	0.443259
4862.91	0.444655
4881.72	0.44255
4898.78	0.436164
4914.16	0.424506
4928.07	0.4064
4940.79	0.382814
4952.42	0.356781
4962.98	0.331173
4972.07	0.308425
4978.14	0.282722
4980.89	0.24739
2905.23	0.151699
2919.23	0.150971
2947	0.149572
2987.57	0.147525
3038.77	0.144966
3098.25	0.142231
3164.02	0.139848
3234.65	0.139161
3309.14	0.144051
3386.87	0.165011
3468.82	0.222784
3538.88	0.239091
3616.56	0.243844
3682.98	0.22137
3753.26	0.220146
3821.28	0.227893
3887.39	0.239096
3952.26	0.255353
4018.92	0.27914
4087.5	0.303168
4149.53	0.318574
4207.51	0.32829
4262.3	0.334301
4314.86	0.338229
4365.12	0.340378
4413.18	0.341897
4459.7	0.344042
4505.17	0.346117
4548.87	0.347963
4586.63	0.34142
4621.9	0.343717
4655.4	0.346691
4687.15	0.349281
4716.96	0.351344
4746.06	0.352671
4773.4	0.353227
4798.88	0.353071
4822.56	0.352171
4844.52	0.350379
4865.01	0.34748
4883.9	0.34327
4901.15	0.337749
4916.83	0.331013
4931.1	0.32329
4944.15	0.314853
4956.15	0.305809
4966.57	0.292805
4974.43	0.271224
4979.48	0.246485
4981.9	0.235922
4558.19	0.471629
4586.02	0.472722
4620.32	0.476953
4653.7	0.484224
4685.8	0.493169
4708.24	0.499645
4718.32	0.541423
4742.85	0.543459
4769.73	0.548909
4794.84	0.555086
4818.3	0.562214
4836.05	0.567547
4842.55	0.595046
4858.35	0.596128
4877.25	0.599882
4894.19	0.609115
4909.02	0.622144
4920.22	0.637735
4923.52	0.680801
4930.06	0.687474
4933.18	0.700869
2743.99	0.48999
2831.03	0.488759
2915.89	0.487157
2956.22	0.492025
3052.03	0.490434
3160.61	0.488049
3231.16	0.485164
3265.51	0.481513
3351.98	0.480195
3447.96	0.478996
3512.7	0.477312
3547.19	0.47863
3626.97	0.477472
3712.61	0.476451
3768.58	0.474912
3800.77	0.474273
3873.23	0.473751
3948.58	0.475066
3992.92	0.474837
4020.62	0.480432
4080.83	0.479958
4140.08	0.480107
4170.96	0.479836
4186.67	0.479685
4129.34	0.543642
4155.51	0.543224
4206.44	0.543767
4258.64	0.543874
4302.93	0.547064
4350.47	0.547214
4392.79	0.547996
4434.18	0.547826
4463.38	0.54776
4478.57	0.552116
4513.03	0.553007
4549.09	0.557789
4583.3	0.560396
4611.13	0.566013
4639.49	0.56803
4669.74	0.570894
4698.04	0.572946
4722.84	0.574572
4726.52	0.578518
4613.65	0.593103
4639.67	0.593813
4668.9	0.594854
4697.62	0.596279
4725.83	0.597529
4753.16	0.598923
4779.44	0.60104
4804.53	0.60499
4828.48	0.609411
4850.75	0.614973
4870.97	0.621132
4888.93	0.627248
4904.65	0.630525
4916.18	0.623039
4927.57	0.600636
4936.63	0.569777
4944.69	0.494877
4949.26	0.399252
4667.55	0.554942
4689.28	0.558703
4698.57	0.579592
4714.54	0.580162
4739.45	0.585141
4763.17	0.590135
4784.86	0.594417
4792.77	0.617745
4804.13	0.61946
4826.02	0.625624
4846.92	0.634073
4867.16	0.641435
4873.62	0.644997
4882.43	0.645355
4897.97	0.652121
4911.11	0.654846
4922.68	0.641035
4927.42	0.60179
4932.26	0.598289
4940.28	0.553767
4948.65	0.456994
4954.96	0.401742
4166.79	0.50125
4190.73	0.501285
4208.68	0.509043
4243.81	0.508815
4294.59	0.513841
4341.97	0.518577
4388.29	0.521964
4417.55	0.523552
4433.81	0.535486
4472.53	0.536565
4513.48	0.539864
4544.67	0.548729
4574.14	0.551354
4585.39	0.565038
4609.05	0.565461
4640.57	0.570197
4670.95	0.573201
4699.85	0.575498
4715.61	0.576368
4725.69	0.577422
4739.18	0.577667
2945.06	0.503241
2970.92	0.501992
3004.69	0.502483
3069.21	0.501244
3169.11	0.50173
3256	0.500712
3290.7	0.508967
3355.16	0.507864
3441.57	0.509873
3516.31	0.509123
3544.88	0.51759
3603.16	0.516753
3680.41	0.518367
3743.2	0.517741
3767.33	0.523504
3820.2	0.522786
3887.38	0.52317
3940.76	0.522147
3955.34	0.520319
4003.83	0.519651
4062.99	0.519709
4109.22	0.51852
4118.67	0.506851
3836.25	0.538634
3888.65	0.538258
3957.1	0.538118
4024.96	0.53786
4090.31	0.538093
4149.43	0.539685
4204.35	0.541344
4255.69	0.543087
4308.39	0.543541
4350.08	0.547808
4391.9	0.549905
4433.5	0.551999
4473.09	0.554748
4511.61	0.556446
4548.42	0.557903
4576.43	0.558114
4587.89	0.562903
4613.85	0.562918
4641.22	0.563771
4659.64	0.563645
4160.68	0.526715
4204.41	0.528066
4254.28	0.530904
4303.49	0.534192
4351.35	0.537464
4397.69	0.540412
4434.76	0.54175
4449.83	0.559603
4482.23	0.560111
4522.25	0.565972
4559.81	0.570058
4595.23	0.574089
4628.64	0.577998
4659.87	0.58178
4686.75	0.586703
4712.4	0.59009
4737.41	0.592098
4757.14	0.592751
4764.46	0.597578
4781.8	0.597873
4802.45	0.599472
4815.79	0.601007
3963.25	0.505636
4013.47	0.506389
4073.97	0.509197
4131.62	0.512882
4186.65	0.51621
4219.51	0.517513
4239.43	0.533009
4286.15	0.533851
4334.65	0.536298
4380.93	0.538961
4424.46	0.542367
4463.99	0.547199
4498.08	0.554344
4537.78	0.55701
4574.13	0.561813
4607.6	0.566109
4633.64	0.567828
4643.57	0.58008
4666.62	0.580279
4695.01	0.581329
4714.34	0.581545
4107.48	0.499499
4143.77	0.498861
4158.5	0.494057
4201.88	0.493808
4252.91	0.494826
4302.7	0.49532
4351.04	0.495818
4397.64	0.496166
4442.26	0.496165
4485.34	0.49542
4526.04	0.493575
4552.17	0.491381
4565.94	0.476377
4597.82	0.476199
4631.21	0.478718
4663	0.480472
4691.52	0.482628
4718	0.485666
4742.2	0.488491
4762.05	0.490963
3233.71	0.526902
3301.91	0.526286
3390.85	0.525731
3479.15	0.524991
3565.38	0.524679
3649.04	0.524666
3729.83	0.5249
3807.4	0.525397
3881.46	0.526149
3952.13	0.526969
4019.45	0.527846
4083.02	0.52888
4140.91	0.530572
4199.61	0.530588
4256.62	0.53043
4309.24	0.53039
4353.76	0.530149
4392.83	0.529993
4409.04	0.53114
4510.31	0.432113
4524.54	0.433329
4534.62	0.50526
4563.16	0.508386
4577.12	0.540654
4597.09	0.541114
4622.25	0.544073
4632.66	0.559131
4657.38	0.560518
4665.66	0.577152
4686.65	0.577628
4700.97	0.581592
4712.07	0.583153
4730.67	0.584552
4737	0.587292
4756.91	0.587575
4765.11	0.592794
4780.73	0.592888
4796.39	0.594862
4804.89	0.598607
4821.81	0.59954
4826.74	0.611973
4841.79	0.614437
4852.15	0.621936
4863.8	0.622138
4877.35	0.628889
4881.19	0.628892
4341.35	0.543749
4355.57	0.54344
4394.18	0.544804
4434.7	0.546333
4473.23	0.547158
4488.47	0.554923
4513.83	0.554878
4549.81	0.560955
4585.19	0.564718
4616.26	0.569451
4628.89	0.578629
4647.31	0.578671
4675.63	0.582548
4703.1	0.584935
4728.88	0.586819
4739.19	0.59037
4751.46	0.590326
4778.64	0.595186
4802.93	0.598257
4825.05	0.602848
4835.48	0.607935
4845.15	0.608702
4860.55	0.611917
2650.64	0.46658
2673.1	0.469541
2745.1	0.468318
2870.13	0.468758
2984.29	0.472745
3069.37	0.47275
3100.3	0.49977
3177.6	0.498994
3271.64	0.501745
3360.68	0.50284
3416.19	0.502399
3448.63	0.513543
3523.53	0.513305
3601.92	0.514546
3673.64	0.51477
3704.16	0.521849
3750.22	0.521009
3820.72	0.521948
3885.27	0.522216
3935.59	0.521664
3954.68	0.527968
4000.88	0.527467
4041.86	0.527484
4111.2	0.506959
4133.46	0.507117
4149.45	0.53181
4197.51	0.532388
4252.99	0.535721
4306.24	0.539671
4356.94	0.544025
4381.42	0.547786
4404.93	0.548354
4448.21	0.550827
4488.89	0.553923
4527.6	0.557007
4560.51	0.558255
4571.34	0.571433
4595.74	0.571666
4630.62	0.573716
4661.19	0.576456
4690.72	0.578595
4711.49	0.579374
4720.52	0.58477
4743.86	0.584928
4759.95	0.585447
4521.04	0.537233
4527.59	0.539942
4549.95	0.540269
4577.41	0.545468
4587.85	0.561166
4611.19	0.561973
4635.89	0.564924
4644.2	0.578124
4668.23	0.579045
4691.3	0.580926
4703.1	0.588728
4729.52	0.589859
4748.71	0.591441
4756.69	0.594775
4779.77	0.596332
4790.99	0.601012
4803.17	0.600889
4823.47	0.606454
4830.8	0.616309
4844.01	0.617198
4862.07	0.625865
4868.57	0.640898
4882.08	0.643462
4895.34	0.657361
4899.86	0.668962
4907.89	0.67318
3406.81	0.504346
3470.18	0.50372
3556.04	0.503679
3640.53	0.503384
3718.18	0.50507
3788.44	0.508258
3855.19	0.510192
3916.36	0.51158
3941.76	0.521188
3976.56	0.520639
4036.31	0.522764
4091.81	0.525273
4143.98	0.528235
4195.31	0.530341
4245.72	0.532959
4295.42	0.535533
4343.48	0.538344
4388.98	0.541342
4432.24	0.543639
4470.45	0.545024
4484.9	0.551242
4507.29	0.551056
4523.13	0.553232
3779.05	0.504188
3798.99	0.503567
3818.61	0.515965
3867.64	0.515508
3933.02	0.517524
3995.95	0.518057
4036.73	0.517628
4061.18	0.519749
4114.62	0.519198
4159.76	0.513319
4210.48	0.513144
4232.5	0.515006
4267.94	0.514584
4317.87	0.520118
4365.57	0.523537
4399.99	0.525008
4417.15	0.536157
4454.7	0.536978
4495.4	0.542671
4532.33	0.547459
4548.7	0.554257
4569.16	0.554073
4602.96	0.556839
4633.94	0.558871
4653.35	0.560054
4046.71	0.537141
4051.61	0.537302
4090.5	0.537034
4147.45	0.53725
4204.33	0.53738
4252.87	0.540829
4299.83	0.542731
4345.92	0.544344
4390.86	0.546555
4432.79	0.549696
4464	0.550668
4477.8	0.566409
4510.38	0.567058
4545.9	0.571109
4582.59	0.572532
4613.77	0.577364
4649.3	0.578775
4681.68	0.58125
4711.55	0.582815
4740.28	0.583216
4755.2	0.583368
4759.06	0.582802
4228.16	0.483576
4261.17	0.483971
4278.32	0.502532
4313	0.502494
4352.85	0.505238
4367.56	0.520132
4406.17	0.520648
4436.62	0.523612
4452.34	0.533731
4490.34	0.535528
4508.43	0.543657
4528.96	0.543422
4562.17	0.545981
4573.22	0.556872
4599.85	0.556979
4625.82	0.560623
4634.32	0.576109
4661.2	0.576859
4680.9	0.579564
4691.77	0.586498
4717.68	0.587459
4728.43	0.591744
4743.32	0.591649
4766.42	0.591764
4774.9	0.590282
4786.38	0.590178
4777.85	0.585435
4779.78	0.586542
4795.01	0.586675
4803.06	0.590679
4819.83	0.590884
4827.48	0.598805
4843.04	0.599089
4848.81	0.617008
4861.29	0.61932
4866.93	0.635919
4877.98	0.638597
4883.7	0.660858
4894.13	0.664164
4898.89	0.690601
4907.04	0.694321
4912.98	0.70523
4921.23	0.706593
4925.71	0.686774
4931.93	0.682163
4935.89	0.597349
4940.93	0.586033
4944.85	0.488018
4950.22	0.464371
4953.49	0.412389
4954.36	0.403624
4370.87	0.497897
4409.5	0.501658
4433.26	0.505539
4452.22	0.511703
4494.58	0.513896
4532.62	0.518297
4546.66	0.537659
4573	0.53795
4610.22	0.544299
4637.25	0.547628
4647.63	0.567381
4674.62	0.568467
4705.2	0.574889
4721.61	0.578657
4732.64	0.585101
4757.73	0.586387
4780.63	0.588873
4789.12	0.595246
4804.79	0.595362
4827.79	0.597774
4844.4	0.59904
4850.05	0.606846
4863.26	0.608494
4092.17	0.534481
4128.96	0.534114
4173.04	0.533835
4190.03	0.536662
4229.24	0.53638
4280.05	0.538604
4327.31	0.540533
4374.67	0.541689
4418.97	0.544356
4459.57	0.54765
4494.74	0.549193
4508.78	0.557133
4534.24	0.557189
4569.44	0.562295
4602.94	0.565372
4633.99	0.569078
4662.29	0.572786
4693.93	0.573859
4721.41	0.575252
4732.07	0.576881
4742.8	0.576766
4107.79	0.530275
4152.95	0.531129
4179.17	0.534327
4206.3	0.533713
4260.02	0.53368
4286.52	0.535346
4309.26	0.535249
4350.48	0.53487
4376.82	0.535846
4395.35	0.539056
4435.3	0.54073
4462.05	0.542522
4478.54	0.548017
4514.75	0.549128
4541.47	0.551007
4556.54	0.557988
4589.03	0.559336
4613.13	0.562374
4625.35	0.572838
4653.48	0.573737
4675.69	0.575467
4686.55	0.580061
4709.82	0.580392
4728.55	0.581422
4732.08	0.581934
4275.72	0.536707
4309.14	0.536906
4352.74	0.539375
4394.64	0.542769
4430.71	0.544398
4444.65	0.554983
4474.69	0.555061
4516.51	0.559621
4555.27	0.564464
4588.73	0.570866
4604.94	0.575498
4623.54	0.575314
4653.24	0.57951
4680.03	0.583858
4708.78	0.585878
4725.93	0.587178
4735.47	0.591359
4757.61	0.591963
4779.89	0.594463
4802.19	0.596266
4818.38	0.597424
4824.35	0.607102
4839.56	0.608147
4803.88	0.583895
4807.83	0.588517
4817.96	0.588323
4823.49	0.586936
4826.56	0.590631
4836.66	0.591229
4842.79	0.592961
4846.11	0.604608
4855.43	0.608046
4861.7	0.613754
4865.28	0.627927
4873.42	0.632963
4880.11	0.63654
4883.83	0.654047
4891.18	0.660052
4897.39	0.660256
4901.93	0.672687
4908.13	0.681112
4913.66	0.681086
4917.65	0.704196
4922.53	0.718913
4927.13	0.721318
4930.32	0.743793
4934.41	0.755696
4935.52	0.756312
3826.67	0.469877
3843.32	0.475068
3878.76	0.47447
3899.14	0.484385
3937.4	0.48372
3958.76	0.470601
3983.95	0.471069
4015	0.470348
4032.86	0.490757
4067.86	0.490852
4086.6	0.513439
4111.98	0.51569
4139.16	0.515028
4158.35	0.514882
4191.52	0.514492
4208.65	0.519423
4232.54	0.522033
4254.28	0.524454
4267.65	0.521743
4297.17	0.520997
4312.17	0.498412
4329.57	0.492044
4341.72	0.483143
4213.6	0.532854
4256.16	0.533116
4296.43	0.533301
4308.31	0.538622
4345.56	0.538565
4391.35	0.542383
4424.98	0.543828
4439.11	0.557622
4474.15	0.557962
4511.12	0.561586
4535.48	0.562924
4547.08	0.572021
4580.37	0.57292
4618.21	0.574861
4637.84	0.576334
4652.61	0.579108
4683.44	0.580077
4713.23	0.581951
4728.1	0.582649
4745.4	0.582393
4774.39	0.582825
4793.73	0.582863
4796.33	0.583021
4796.36	0.583235
4123.26	0.535621
4158.84	0.536126
4212.43	0.53822
4264.55	0.541144
4313.93	0.544948
4360.91	0.548757
4405.55	0.55267
4448.89	0.555758
4490.46	0.559072
4530.33	0.562139
4568.6	0.564838
4604.94	0.567453
4637.95	0.570813
4669.08	0.573489
4687.51	0.574423
4699.1	0.579355
4724.94	0.580061
4751.17	0.581329
4776.78	0.581693
4797.11	0.582148
4788.73	0.583901
4791.26	0.584343
4804.38	0.584433
4810.94	0.588451
4820.95	0.58969
4830.55	0.589779
4836.84	0.595224
4849.04	0.595544
4854.82	0.603449
4863.57	0.605491
4872.04	0.605241
4877.45	0.616393
4887.31	0.618735
4892.02	0.627122
4898.19	0.636313
4904.18	0.637146
4907.11	0.652982
4914.32	0.65653
4917.28	0.679354
4921.26	0.69439
4925.16	0.695931
4926.94	0.677736
4931.67	0.67409
4933.74	0.704709
4937.15	0.666254
4939	0.660854
4567.39	0.574164
4593.91	0.575213
4624.1	0.577649
4653.76	0.580477
4674.91	0.581862
4686.37	0.58814
4709.67	0.588923
4734.45	0.592016
4757.94	0.594058
4777.7	0.595315
4785.51	0.607087
4802.09	0.608502
4821.87	0.618904
4841.91	0.626335
4862.56	0.632045
4869.14	0.645049
4882.46	0.646206
4899	0.663433
4912.58	0.678094
4924.11	0.683211
4930.62	0.672379
4934.93	0.647543
4939.83	0.626461
3731.86	0.519784
3786.3	0.520048
3851.48	0.521053
3916.41	0.522306
3977.01	0.525531
4036.5	0.527713
4091.85	0.531429
4144.79	0.534193
4177.06	0.535117
4200.18	0.54342
4247.3	0.544385
4294.99	0.546881
4342.96	0.548242
4389.01	0.550601
4432.68	0.553064
4473.34	0.555483
4509.04	0.558327
4545.33	0.558811
4575.44	0.558323
4586.99	0.560601
4606.51	0.560548
3896.65	0.532146
3936.96	0.532057
3996.04	0.534701
4051.42	0.538637
4104.77	0.541934
4156.36	0.545077
4207.52	0.547307
4257.33	0.549698
4305.12	0.552343
4351.62	0.554266
4396.63	0.555992
4439.86	0.557531
4475.67	0.558209
4488.91	0.567492
4516.7	0.567535
4553.78	0.570589
4588.3	0.572349
4626.61	0.57266
4659.93	0.574742
4689.77	0.576499
4709.74	0.577297
3477.14	0.312972
3538.82	0.326992
3616.68	0.345364
3665.18	0.359518
3692.52	0.401435
3758.1	0.406807
3826.53	0.416936
3893.54	0.428258
3957.33	0.4373
3986.87	0.450676
4025.15	0.450033
4088.88	0.453286
4149.91	0.455101
4208.21	0.457161
4256.33	0.457982
4276.03	0.469293
4314.99	0.468799
4367.32	0.467663
4408.73	0.46343
4441.82	0.462991
4415.68	0.559601
4415.92	0.560025
4449.65	0.5607
4488.6	0.562496
4514.91	0.563588
4527.12	0.572643
4559.88	0.57343
4594.69	0.577222
4620.19	0.578642
4630.44	0.589628
4657.6	0.589924
4688.45	0.591613
4712.52	0.592082
4721.55	0.596051
4743.31	0.596269
4769.84	0.598739
4789.88	0.602992
4800.08	0.60968
4819.57	0.610311
4843.34	0.618857
4862.63	0.625959
4867.95	0.636469
4879.08	0.638069
4888.96	0.647301
4376.42	0.584829
4403.35	0.584908
4442.26	0.586639
4480.61	0.588433
4519.76	0.589412
4556.86	0.59179
4592.43	0.593666
4626.84	0.595078
4657.77	0.597551
4688.13	0.598918
4716.05	0.603159
4743.04	0.607694
4767.97	0.614895
4794.19	0.619928
4819.77	0.626494
4843.11	0.636031
4863.93	0.64798
4882.41	0.661074
4896.38	0.677676
4905.22	0.687928
2908.44	0.370549
2914.74	0.376549
2940.95	0.37695
3030.25	0.382919
3088.11	0.390317
3112.38	0.449322
3192.51	0.450283
3264.58	0.451781
3291.21	0.482933
3360.08	0.48256
3436.81	0.486005
3466.66	0.501395
3521.39	0.500591
3601.11	0.50489
3642.26	0.50602
3676.68	0.50918
3749.38	0.509253
3800.6	0.509527
3824.89	0.521803
3884.84	0.521408
3938.5	0.521417
3956.72	0.527489
4000.76	0.526972
4043.56	0.527464
4314.83	0.541566
4349.6	0.54423
4376.32	0.546591
4393.86	0.558739
4433.18	0.55984
4472	0.564257
4511.32	0.566794
4531.32	0.569031
4548.27	0.571243
4581.2	0.573464
4615.15	0.576082
4645.81	0.580115
4659.36	0.58467
4675.38	0.584569
4703.09	0.587644
4729.69	0.590221
4754.8	0.591567
4765.02	0.595713
4780.38	0.595728
4803.13	0.598234
4823.96	0.599929
4838.47	0.60148
2893.5	0.5133
2969.43	0.512483
3069.33	0.513257
3168.46	0.51287
3264.81	0.512948
3358.62	0.513049
3448.23	0.513926
3533.85	0.514942
3615.75	0.516032
3693.86	0.517299
3767.23	0.519176
3837.04	0.520629
3902.39	0.522562
3968.3	0.522635
4030.98	0.523417
4090.07	0.524051
4147.28	0.523947
4202.88	0.523387
4247.97	0.523614
4281.02	0.524029
3045.69	0.50236
3080.74	0.500977
3167.65	0.500578
3203.61	0.504646
3264.56	0.503445
3351.68	0.503795
3389.2	0.50491
3440.57	0.503736
3522.56	0.504431
3564.69	0.50363
3608.67	0.502422
3688.06	0.502526
3732.18	0.501487
3767.75	0.500659
3837.85	0.500149
3882.6	0.499387
3911.94	0.499781
3973.08	0.499554
4015.65	0.499315
4038.69	0.501495
4092.3	0.500983
4133.62	0.500414
4153.06	0.501199
4197.17	0.501117
4231.62	0.501977
4237.36	0.508107
4424.25	0.573643
4428.69	0.573353
4461.71	0.5747
4498.86	0.576262
4536.4	0.577914
4572.24	0.580804
4606.14	0.583845
4638.5	0.586374
4667.04	0.589885
4694.97	0.591973
4721.03	0.594278
4751.42	0.594892
4773.37	0.595282
4783.38	0.605546
4806.32	0.606936
4831.33	0.613743
4853.88	0.621574
4873.13	0.632434
4890.8	0.645012
4905.96	0.660616
4917.57	0.676415
4650.66	0.583076
4666.06	0.583215
4694.4	0.58575
4722.47	0.588173
4751.12	0.589489
4778.84	0.59102
4799.53	0.591719
4807.73	0.601241
4824.95	0.602986
4847.28	0.605862
4867.62	0.610255
4885.69	0.613077
4901.38	0.611044
4914.68	0.597979
4925.65	0.578147
4933.52	0.51547
4942.59	0.407644
4953.44	0.33543
4962.32	0.308023
4965.51	0.29588
4006.32	0.521107
4051.95	0.521467
4103.5	0.521971
4144.5	0.521849
4160.28	0.525324
4200	0.525168
4246.32	0.528272
4297.72	0.529315
4329.07	0.530051
4347.35	0.537866
4389.74	0.538973
4433.03	0.543664
4471.81	0.547601
4487.52	0.557205
4510.54	0.557124
4548	0.560886
4583.92	0.563653
4612.53	0.564692
4622.4	0.571419
4648.59	0.571502
4680.33	0.573653
4703.2	0.574761
4209.24	0.534429
4223.17	0.535675
4253.09	0.535269
4296.8	0.536368
4312.29	0.545472
4351.06	0.54537
4388.08	0.548106
4405.22	0.559863
4442.43	0.559793
4470.14	0.559877
4487.42	0.559726
4524.42	0.560139
4542.3	0.561105
4563.43	0.560732
4594.65	0.561773
4606.91	0.564362
4630.73	0.564452
4659.73	0.566956
4672.22	0.575499
4698.8	0.576025
4720.92	0.57797
4732.79	0.580687
4757.78	0.581329
4772.79	0.582457
4785.58	0.582711
4808.06	0.583704
4817.79	0.584579
4824.57	0.584545
4515.33	0.526701
4518.4	0.526802
4539.24	0.527038
4551.29	0.532945
4567.57	0.536297
4579.93	0.542748
4592.56	0.551399
4609.65	0.551453
4618.85	0.564819
4637.81	0.565098
4647.66	0.568897
4663.63	0.56999
4675.73	0.572232
4687.74	0.573601
4702.96	0.573522
4712.29	0.578061
4727.83	0.578437
4735.53	0.584404
4749.59	0.585234
4758.09	0.588668
4768.84	0.590814
4781.38	0.590704
4789.32	0.591013
4801.93	0.590842
4805.74	0.576343
4315.54	0.544057
4341.87	0.544706
4355.25	0.557834
4392.39	0.558331
4433.25	0.560859
4472.02	0.563585
4511.23	0.56531
4547.93	0.568773
4583.53	0.571339
4614.61	0.575509
4641.59	0.579985
4668.17	0.582195
4697.57	0.5837
4726.74	0.585098
4747.66	0.585763
4757.13	0.591303
4779.77	0.591653
4804.25	0.594133
4826.11	0.596155
4839.64	0.59769
2812.78	0.482297
2842.77	0.480611
2911.13	0.480419
2952.26	0.48791
3052.41	0.486738
3135.12	0.485332
3168.08	0.494868
3251.33	0.493624
3342.27	0.49155
3377.96	0.488686
3446.93	0.487306
3536.93	0.486014
3578.82	0.483998
3626.12	0.482719
3709.03	0.482969
3761.52	0.481921
3790.75	0.483211
3858.93	0.482853
3915.98	0.482874
3938.98	0.495597
3993.16	0.495336
4049.97	0.497756
4072.16	0.508208
4113.69	0.50749
4151.08	0.50347
3494.17	0.500792
3504.24	0.50062
3553.1	0.499788
3634.53	0.499764
3710.16	0.500014
3741.81	0.507299
3787.27	0.506479
3858.53	0.513082
3924.52	0.518621
3957.86	0.521379
3994.75	0.520525
4059.18	0.524869
4119.52	0.529221
4152.1	0.530889
4179.88	0.534617
4229.88	0.536239
4280.77	0.537479
4312.11	0.538019
4333.75	0.542202
4379.71	0.541261
4425.29	0.538345
4451.28	0.534739
4465.95	0.528768
4493.66	0.528703
3660.35	0.524352
3724.63	0.525046
3793.62	0.525851
3861.15	0.527018
3925.75	0.528824
3988.01	0.530421
4045.33	0.533509
4100.12	0.535667
4153.42	0.53707
4201.13	0.540441
4242.78	0.541236
4262.41	0.551272
4299.96	0.551177
4347.68	0.554589
4393.57	0.555574
4437.55	0.556357
4479.87	0.556769
4517.42	0.557493
4553.8	0.5579
4584.68	0.558259
