2781.21	0.160407
2791.26	0.159632
2811.33	0.158198
2840.95	0.156238
2878.91	0.153886
2923.54	0.151246
2973.16	0.148399
3026.33	0.145411
3081.9	0.142342
3138.96	0.139241
3196.83	0.136153
3254.99	0.133111
3312.98	0.130144
3370.29	0.127276
3426.25	0.124531
3479.94	0.121933
3532.24	0.119475
3583.36	0.11714
3633.07	0.114923
3681.03	0.112827
3727.17	0.110852
3771.91	0.108981
3815.69	0.107194
3858.89	0.105472
3901.81	0.103802
3944.56	0.102178
3986.58	0.100619
4024.09	0.0992131
4062.36	0.0978381
4100.8	0.0964848
4139.46	0.0951511
4178.31	0.0938367
4217.2	0.0925439
4256.44	0.0912668
4296.51	0.0899954
4338.13	0.0887179
4382.14	0.087428
4427.45	0.0861647
4473.35	0.0850655
4519.28	0.0844325
4564.59	0.0851149
4608.43	0.0892496
4649.98	0.100431
4687.26	0.120965
4719.61	0.142948
4746.38	0.155933
4766.84	0.14875
4781.4	0.112779
4790.36	0.0893779
4794.55	0.0806188
2770.58	0.161202
2780.65	0.160417
2801.12	0.158939
2831.93	0.156888
2871.48	0.154423
2917.7	0.151671
2968.69	0.148726
3022.95	0.145657
3079.34	0.142524
3137.02	0.139375
3195.37	0.136249
3253.95	0.133176
3312.41	0.13018
3370.42	0.12728
3427.29	0.124502
3480.14	0.121918
3532.28	0.11947
3583.71	0.117127
3633.85	0.114897
3681.98	0.112793
3727.83	0.110825
3772.27	0.108967
3815.83	0.107189
3858.92	0.105472
3901.9	0.103797
3945.43	0.102143
3991.44	0.100462
4023.88	0.099225
4062.96	0.0978267
4101.56	0.0964661
4140.49	0.0951261
4179.71	0.0938057
4218.54	0.0925203
4257.52	0.0912677
4297.1	0.0900655
4338.11	0.0889355
4383.42	0.0878591
4429.65	0.0868925
4476.28	0.0867765
4522.92	0.088848
4568.91	0.0965765
4612.94	0.116936
4655.14	0.153921
4691.25	0.206828
4725.14	0.252554
4755.07	0.279252
4774.16	0.249641
4788.26	0.163061
4797.76	0.11286
4802.05	0.0900847
2749.33	0.162632
2759.07	0.161858
2779.97	0.160336
2813.48	0.158118
2856.63	0.15544
2906.25	0.152477
2960.04	0.149343
3016.45	0.146121
3074.43	0.142868
3133.27	0.139629
3192.51	0.136435
3251.82	0.133308
3311.07	0.130259
3370.45	0.127286
3431.13	0.124354
3479.88	0.121914
3531.89	0.119483
3584.3	0.11711
3635.66	0.114836
3684.36	0.112708
3729.19	0.110772
3772.9	0.108946
3816.03	0.107191
3858.79	0.105488
3901.35	0.10383
3943.96	0.102207
3986.86	0.100618
4028.03	0.0991057
4064.8	0.0977938
4102.99	0.0964489
4142.45	0.0951054
4182.96	0.0937811
4221.41	0.0925628
4259.92	0.0914501
4298.39	0.0907612
4336.13	0.0909492
4386.3	0.0915999
4434.12	0.0918497
4481.89	0.0967042
4529.57	0.110904
4576.46	0.142859
4618.04	0.205995
4670.62	0.30191
4710.8	0.368085
4745.01	0.413319
4772.76	0.435698
4792.97	0.406289
4803.08	0.248472
4812.06	0.154585
4816.45	0.111977
2717.83	0.164463
2725.82	0.163777
2745.64	0.162311
2784.74	0.159854
2834.58	0.156868
2889.84	0.153599
2947.9	0.150199
3007.41	0.146761
3067.61	0.143344
3128.04	0.139984
3188.41	0.136703
3248.54	0.133513
3308.38	0.130423
3367.96	0.127434
3427.44	0.124548
3475.21	0.122164
3529.98	0.119583
3584.89	0.1171
3639.18	0.114711
3689.78	0.112494
3730.94	0.110707
3773.55	0.108949
3816.18	0.107224
3858.59	0.105539
3900.7	0.103899
3942.35	0.102305
3984.34	0.100742
4025.46	0.0992382
4063.73	0.0978306
4104.87	0.0964016
4144.18	0.0950726
4190.8	0.0937666
4225.97	0.093083
4264.45	0.0923618
4304.67	0.094763
4346.67	0.104116
4393.43	0.116038
4440.59	0.117009
4488.97	0.137601
4536.39	0.184872
4589.78	0.271532
4642.2	0.35387
4690.29	0.414226
4731.42	0.463632
4766.84	0.508926
4796.12	0.544686
4816.5	0.539643
4828.05	0.382139
4832.05	0.201322
4836.83	0.143173
2677.9	0.166351
2680.28	0.165861
2691.5	0.16475
2744.68	0.161976
2806.42	0.158595
2869.85	0.154943
2933.43	0.151215
2996.73	0.147518
3059.54	0.143906
3121.77	0.140406
3183.39	0.137027
3244.38	0.13377
3304.72	0.130635
3364.37	0.127622
3423.26	0.124727
3481.05	0.12194
3526.83	0.119713
3585.05	0.117093
3645.47	0.114469
3691.2	0.112415
3731.61	0.110672
3773.74	0.108939
3816.24	0.107222
3858.65	0.105541
3900.71	0.103907
3940.37	0.102369
3983.33	0.10075
4024.84	0.0992247
4065.5	0.0977572
4107.04	0.0963139
4149.9	0.0949217
4188.2	0.09386
4230.53	0.0936203
4268.92	0.0979654
4310.4	0.116982
4352.09	0.172036
4398.96	0.212535
4444.84	0.196014
4495.57	0.251977
4555.42	0.332665
4611.58	0.38707
4662.21	0.42345
4709.65	0.469994
4752.56	0.516609
4791.23	0.564053
4827.22	0.60364
4848.94	0.639456
4858.17	0.482144
4858.97	0.260094
4862.84	0.172942
2635.24	0.167905
2625.54	0.167527
2594.97	0.166626
2695.52	0.164184
2775.96	0.160403
2848.97	0.156343
2918.42	0.152274
2985.61	0.14831
3051.04	0.144499
3115.04	0.140857
3177.88	0.137379
3239.71	0.134055
3300.55	0.130876
3360.36	0.127837
3418.99	0.124938
3475.99	0.122186
3530.32	0.11961
3581.99	0.117227
3635.28	0.114883
3683.78	0.11274
3728.77	0.110795
3772.7	0.108961
3816.01	0.107197
3858.85	0.105491
3901.51	0.103829
3944.98	0.102184
3984.1	0.100715
4025.63	0.0992144
4067.18	0.097734
4108.9	0.096294
4151.07	0.0949402
4193.7	0.0938795
4233.15	0.0938278
4273.19	0.0966282
4315.16	0.109505
4355.97	0.148092
4407.13	0.253637
4451.65	0.334284
4510.9	0.389642
4570.43	0.428775
4630.89	0.45887
4678.63	0.462523
4728.27	0.504745
4773.87	0.54716
4815.98	0.588858
4856.79	0.644709
4902.77	0.748749
4896.49	0.528215
4893.15	0.327391
4893.45	0.197706
2602.02	0.169043
2591.42	0.168588
2566.77	0.167633
2665.99	0.165589
2752.32	0.161819
2830.96	0.157549
2904.87	0.15323
2975.38	0.149044
3042.98	0.14506
3108.43	0.141296
3172.3	0.137733
3234.87	0.134348
3296.24	0.131125
3356.38	0.128055
3415.18	0.125135
3472.49	0.122365
3528.3	0.119744
3576.31	0.117501
3628.99	0.115143
3679.09	0.112945
3726.33	0.110911
3771.75	0.109007
3815.88	0.107203
3858.99	0.105479
3901.49	0.103819
3943.78	0.102208
3985.16	0.100658
4027.18	0.099129
4069.38	0.0976248
4111.05	0.0961668
4152.83	0.0947616
4194.98	0.0934804
4237.03	0.0927346
4278.52	0.0945697
4317.78	0.103878
4365.26	0.151117
4407.93	0.239056
4463.95	0.30091
4518.27	0.360369
4574.54	0.39596
4637.2	0.438542
4695.96	0.472124
4749.54	0.515522
4797.83	0.559021
4847.4	0.595316
4891.99	0.642593
4939.38	0.74355
4931.3	0.527562
4926.6	0.346005
4924.69	0.210994
2579.22	0.169928
2571.17	0.169382
2555.02	0.168394
2648.94	0.166485
2735.82	0.162803
2817.03	0.158459
2893.97	0.153986
2967.19	0.149637
3036.11	0.145531
3102.39	0.141688
3166.93	0.138069
3230.11	0.134639
3292.01	0.131377
3352.58	0.128274
3411.72	0.125324
3469.39	0.122525
3525.72	0.119866
3581.39	0.11732
3624.37	0.11533
3676.5	0.113065
3725.03	0.110979
3771.58	0.109029
3816.4	0.107194
3859.53	0.105464
3901.66	0.103812
3943.66	0.102207
3985.94	0.100629
4029.13	0.09906
4072.93	0.0975108
4114.11	0.0960647
4155.49	0.0946881
4197.8	0.0934827
4243.04	0.0932816
4282.62	0.0958541
4325.53	0.107975
4368.9	0.13901
4413.53	0.177753
4466.59	0.212364
4531.51	0.302914
4598.51	0.375152
4660.6	0.42434
4717.67	0.467256
4773.37	0.514276
4814.64	0.554386
4870.65	0.590585
4917.6	0.638771
4962.17	0.727924
4961.57	0.519785
4958.83	0.355831
4955.51	0.217904
2564.35	0.17067
2558.92	0.170038
2548.76	0.168961
2638.59	0.16707
2724.51	0.16345
2806.75	0.159076
2886.05	0.154491
2962.45	0.149993
3030.99	0.145855
3097.09	0.142015
3161.89	0.138384
3225.54	0.134927
3287.99	0.131633
3349.08	0.128497
3408.64	0.125519
3466.53	0.122698
3522.78	0.120032
3577.36	0.117515
3629.39	0.115162
3676.73	0.113052
3725.08	0.11099
3772.65	0.109013
3818.25	0.107148
3860.88	0.105429
3901.94	0.103813
3943.45	0.102226
3986.18	0.100632
4031.08	0.0990048
4079.91	0.097307
4118.02	0.095987
4158.47	0.0947375
4199.16	0.0936762
4238.46	0.0929154
4285.67	0.0932192
4330.96	0.0971144
4376.06	0.113585
4425.15	0.176148
4476.78	0.216058
4552.37	0.325931
4617.54	0.394605
4681.39	0.445768
4734.55	0.473157
4785.03	0.519841
4842.44	0.56184
4898.93	0.597852
4952.74	0.649611
5004.15	0.744202
4996.26	0.545439
4990.42	0.367058
4986.01	0.223602
2554.82	0.171279
2551.32	0.17057
2544.98	0.169379
2631.83	0.167464
2716.41	0.163879
2798.83	0.159487
2880.3	0.154755
2964.78	0.149823
3027.43	0.145987
3092.12	0.142285
3156.96	0.138684
3221.13	0.135214
3284.24	0.131891
3346.02	0.128723
3406.13	0.125716
3464.26	0.122874
3520.52	0.120198
3574.94	0.117679
3627.28	0.115315
3675.22	0.113181
3725.29	0.111037
3775.21	0.108975
3822.75	0.10703
3863.66	0.105373
3901.8	0.103883
3942.22	0.102341
3984.63	0.100761
4029.71	0.0991249
4074.79	0.0975411
4115.24	0.0961395
4154.54	0.0947379
4199.48	0.0932622
4243.98	0.0919687
4291.69	0.091321
4330.93	0.0930619
4383.55	0.106118
4432.97	0.163584
4503.37	0.298267
4566.95	0.365347
4628.47	0.396363
4687.07	0.438312
4750.55	0.480129
4809.11	0.524107
4867.63	0.565369
4925.95	0.599991
4982.99	0.650784
5036.72	0.742689
5027.41	0.548397
5020.2	0.373153
5015.33	0.227843
2548.74	0.171745
2546.51	0.170975
2542.51	0.169689
2627.04	0.167759
2710.03	0.164239
2791.28	0.159939
2870.83	0.15536
2948.21	0.150812
3018.08	0.146609
3085.66	0.142681
3152.05	0.138953
3217.38	0.135395
3281.63	0.132
3344.61	0.128767
3405.8	0.125706
3464.03	0.122839
3520.33	0.120153
3575.16	0.117615
3628.81	0.1152
3682.62	0.112863
3725.18	0.110988
3781.36	0.108711
3822.23	0.107002
3862.93	0.105385
3903.2	0.103821
3942.39	0.102313
3988.85	0.100599
4029.28	0.0991393
4070.33	0.097669
4114.26	0.0961443
4156.69	0.0946979
4201.71	0.0931918
4247.98	0.0919738
4289.38	0.0918416
4339.25	0.0967645
4393.03	0.130987
4442.57	0.218727
4512.79	0.316845
4576.77	0.373694
4633.7	0.407721
4702.11	0.444487
4765.5	0.487458
4828.36	0.528669
4889.59	0.567949
4950.11	0.601102
5009.14	0.651057
5064.01	0.741571
5054.75	0.546249
5047.22	0.371707
5042.18	0.227887
2544.85	0.172076
2543.41	0.171265
2540.83	0.169913
2623.5	0.167979
2704.98	0.16452
2784.87	0.160304
2862.88	0.155817
2938.39	0.15135
3010.17	0.147072
3079.5	0.143034
3147.21	0.139209
3213.7	0.135572
3279.23	0.1321
3343.95	0.128783
3407.4	0.125636
3464.75	0.122781
3520.66	0.120122
3575.66	0.117594
3629.41	0.115187
3681.25	0.112914
3731.12	0.11078
3776.41	0.10888
3821.23	0.10705
3862.63	0.105379
3904.44	0.103758
3945	0.10223
3985.46	0.100695
4029.2	0.0991007
4072.1	0.0975645
4115.43	0.0960554
4160.72	0.0945727
4204.17	0.0934137
4248.62	0.0932363
4295.59	0.0962041
4344.22	0.108458
4395.04	0.143269
4452.02	0.194825
4513.58	0.227681
4589.37	0.335743
4653.47	0.403598
4714.99	0.452138
4775.12	0.495722
4844.41	0.532814
4908.92	0.569938
4971.5	0.601844
5031.94	0.651209
5087.56	0.740793
5078.72	0.542992
5071.27	0.367239
5066.16	0.22554
2542.37	0.172299
2541.41	0.171463
2539.67	0.17007
2620.9	0.168134
2701.1	0.164722
2779.84	0.160567
2856.79	0.156136
2931.58	0.151703
3003.88	0.147415
3074.08	0.143331
3142.65	0.139452
3210	0.135756
3276.61	0.132212
3343.54	0.128769
3414.11	0.12531
3465.91	0.122697
3520.99	0.120127
3576.54	0.117606
3631.17	0.115183
3681.19	0.112963
3728.82	0.110917
3774.18	0.109023
3823.43	0.107041
3861.82	0.105479
3902.65	0.103861
3945.17	0.102244
3987.23	0.100669
4030.6	0.0991002
4074.3	0.0975598
4115.69	0.096121
4161.24	0.0946254
4206.17	0.0933279
4246.43	0.0923555
4298.62	0.0940976
4348.37	0.105391
4394.01	0.14146
4453.82	0.21286
4526.32	0.292158
4599.03	0.35168
4664.12	0.402167
4726.17	0.453143
4788.17	0.498788
4860.43	0.534861
4926.81	0.571047
4990.7	0.602308
5052.02	0.651312
5108.12	0.740264
5099.71	0.539877
5092.48	0.361997
5087.32	0.222579
2540.83	0.172441
2540.16	0.171592
2538.91	0.170175
2619.09	0.168239
2698.28	0.16486
2776.09	0.160749
2852.24	0.156359
2926.54	0.151957
2998.89	0.147679
3069.42	0.143585
3138.39	0.139687
3206.05	0.135975
3272.66	0.132434
3338.46	0.129053
3403.04	0.12584
3461.74	0.122916
3519.63	0.120162
3578.19	0.117486
3639.54	0.114812
3684.54	0.11276
3729.55	0.110852
3777.48	0.108924
3817.19	0.107261
3863.18	0.105428
3904.29	0.10382
3946.13	0.102257
3987.39	0.100711
4031.79	0.099105
4075.42	0.0975225
4121.17	0.0959637
4163.62	0.0945823
4202.6	0.0934704
4243.93	0.0927419
4294.29	0.0927365
4348.41	0.0961212
4400.41	0.105388
4464.16	0.135525
4526.15	0.220946
4605.98	0.339202
4670.43	0.409741
4730.42	0.461091
4806.78	0.498184
4877.47	0.534962
4943.84	0.571345
5008.1	0.602491
5069.78	0.651351
5126.1	0.739921
5118.02	0.537354
5111.01	0.357043
5105.86	0.21982
2539.95	0.172526
2539.44	0.171669
2538.47	0.170239
2618.01	0.168303
2696.48	0.164945
2773.5	0.160867
2848.96	0.156513
2922.77	0.152142
2994.93	0.147885
3065.47	0.143799
3134.52	0.139901
3202.19	0.136189
3268.56	0.132658
3333.59	0.129301
3396.88	0.126122
3457.43	0.123133
3516.73	0.120305
3576.21	0.117576
3638.4	0.114864
3682.03	0.11289
3725.04	0.110976
3773.07	0.109006
3823.86	0.106975
3860.02	0.105497
3900.56	0.103894
3945.67	0.102187
3991.76	0.100497
4034.46	0.0989495
4077.52	0.0974204
4122.39	0.095889
4159.22	0.0946505
4200.97	0.0933016
4248.92	0.0919377
4298.09	0.0912084
4347.81	0.0939355
4408.39	0.118703
4469.92	0.177438
4537.55	0.263164
4613.64	0.348021
4675.41	0.414392
4752.56	0.457649
4825.27	0.496317
4894.04	0.534285
4959.64	0.571202
5023.7	0.602501
5085.37	0.651346
5141.71	0.739716
5133.86	0.535497
5127.02	0.352793
5122.18	0.217596
2539.56	0.172565
2539.16	0.171703
2538.36	0.170264
2617.76	0.168324
2695.75	0.164976
2772.01	0.160925
2846.73	0.156609
2919.99	0.152274
2991.81	0.148045
3062.19	0.143976
3131.14	0.140087
3198.7	0.136381
3264.82	0.132857
3329.51	0.12951
3392.51	0.126338
3453.43	0.123345
3512.78	0.12052
3570.72	0.117847
3626.95	0.11534
3679.67	0.113019
3715.04	0.111396
3765.54	0.109315
3812.66	0.107399
3853.38	0.105732
3899.23	0.103946
3944.5	0.10221
3991.34	0.100481
4039.05	0.0987692
4078.36	0.0973519
4116.94	0.0960096
4160.67	0.0944884
4205.7	0.0929881
4253.85	0.0914705
4304.64	0.0900854
4358.71	0.0896409
4418.79	0.0942703
4482.16	0.119744
4542.69	0.212361
4627.74	0.340006
4700.17	0.408814
4772.2	0.454383
4841.95	0.494545
4908.99	0.533456
4973.68	0.570917
5037.31	0.60245
5098.8	0.651342
5155.06	0.739614
5147.36	0.534188
5140.65	0.349389
5136.15	0.215602
2539.54	0.172568
2539.27	0.171698
2538.64	0.170244
2618.68	0.16829
2696.41	0.164937
2771.58	0.16092
2845.41	0.156654
2917.99	0.152364
2989.41	0.148169
3059.5	0.144122
3128.29	0.140247
3195.72	0.13655
3261.58	0.133034
3326.16	0.129691
3389.27	0.126516
3450.07	0.12354
3509.38	0.120726
3566.16	0.118078
3618.31	0.115734
3668.92	0.113505
3715.08	0.111425
3761.01	0.109487
3807.64	0.10761
3852.83	0.105799
3898.57	0.104023
3942.06	0.102316
3990.52	0.100518
4039.47	0.098762
4079.77	0.0972904
4116.8	0.0959589
4162.12	0.0944215
4208.83	0.0928703
4257.93	0.0913065
4309.89	0.0898194
4365.64	0.0890276
4426.94	0.0926391
4493.5	0.119261
4551	0.210322
4639.64	0.33998
4715.86	0.406641
4787.21	0.452461
4855.63	0.493275
4921.55	0.532782
4985.51	0.570673
5048.73	0.602422
5110.01	0.651382
5166.17	0.739588
5158.6	0.533235
5151.99	0.346626
5147.79	0.213908
2539.79	0.172546
2539.7	0.171658
2539.48	0.170167
2621.67	0.168155
2699.27	0.164776
2772.05	0.160844
2844.76	0.156659
2916.49	0.152427
2987.6	0.148269
3057.31	0.144248
3125.96	0.140386
3193.4	0.13669
3258.69	0.1332
3323.33	0.129855
3387.42	0.126621
3447.32	0.123725
3507.67	0.120906
3559.7	0.118369
3613.49	0.115918
3663.83	0.113672
3711.49	0.111579
3757.86	0.109605
3804.81	0.107688
3851.17	0.105831
3897.57	0.104018
3944.81	0.102225
3989.69	0.100568
4037.44	0.0988661
4074.33	0.097503
4116.73	0.0960096
4163.48	0.0943989
4211.15	0.0928287
4260.96	0.091279
4313.4	0.0898722
4369.21	0.0893439
4431.31	0.0948447
4500.03	0.132146
4556.21	0.224931
4649.1	0.342151
4726.82	0.405594
4798.25	0.451278
4866.12	0.492416
4931.39	0.532349
4994.84	0.570578
5057.79	0.60248
5118.96	0.651505
5175.07	0.73962
5167.61	0.532444
5161.12	0.344223
5157.18	0.212433
2540.1	0.172515
2540.25	0.171604
2540.83	0.17004
2629.02	0.167803
2706.61	0.164334
2772.15	0.160753
2844.56	0.156643
2914.99	0.152489
2986.47	0.148342
3055.39	0.144363
3123.99	0.140512
3192.35	0.136749
3255.54	0.133394
3320.13	0.130092
3380.07	0.126966
3445.61	0.123762
3512.64	0.120614
3560.57	0.118293
3611.43	0.11601
3660.82	0.113821
3708.71	0.111746
3753.78	0.109789
3802.34	0.107797
3849.38	0.10591
3895.86	0.104093
3941.9	0.102338
3986.73	0.10066
4031.54	0.0990312
4074.67	0.0974725
4121.67	0.0958694
4165.27	0.0944258
4212.88	0.0929928
4263.19	0.0917587
4315.59	0.091236
4368.57	0.0911756
4430.01	0.0980287
4496.68	0.136668
4575.86	0.269226
4657.88	0.344962
4734.52	0.40484
4805.93	0.450345
4873.55	0.491794
4938.37	0.53218
5001.45	0.570738
5064.37	0.602696
5125.61	0.651756
5181.78	0.739697
5174.46	0.531641
5168.09	0.341965
5164.39	0.211085
2540.24	0.1725
2540.34	0.17159
2540.37	0.170053
2624.46	0.167976
2702.71	0.164493
2777.61	0.160413
2845.79	0.15654
2911.83	0.152646
2987.18	0.148287
3053.04	0.144504
3121.43	0.140742
3184.46	0.137193
3252.34	0.133575
3316.96	0.130194
3379.14	0.126997
3441.53	0.123942
3502.48	0.121047
3557.48	0.118436
3610.99	0.116017
3659.35	0.113833
3706.54	0.111777
3755.2	0.109738
3801.15	0.107865
3848.1	0.106006
3894.68	0.104196
3940.5	0.102452
3984.28	0.100807
4022.84	0.0993759
4072.01	0.0976669
4119.62	0.0960923
4166.46	0.0947585
4211.99	0.0937163
4263.41	0.0927643
4315.57	0.0947292
4369.91	0.103301
4423.7	0.119628
4496.24	0.150208
4576.92	0.257009
4659.49	0.359511
4737.94	0.406105
4810.45	0.449786
4878.11	0.491348
4942.42	0.532364
5005.04	0.571386
5068.35	0.603182
5129.99	0.652185
5186.39	0.73981
5179.25	0.530721
5173	0.339791
5169.53	0.209847
2540.28	0.172498
2540.46	0.171581
2540.68	0.170029
2625.49	0.167933
2701.82	0.164491
2777.42	0.160391
2845.89	0.156463
2918.5	0.152321
2981.4	0.148616
3049.31	0.144771
3119.57	0.140824
3185.8	0.137137
3251.53	0.133602
3315.31	0.130255
3377.11	0.127089
3438.02	0.124088
3497.46	0.121238
3555.11	0.118529
3615.02	0.11586
3658.45	0.113871
3702.43	0.111961
3751.66	0.109893
3799.28	0.10794
3847.37	0.106025
3894.93	0.104193
3942.77	0.102389
3982.21	0.100858
4025.92	0.09926
4072.36	0.0976492
4119.56	0.0961444
4167.54	0.0950892
4217.37	0.0959583
4264.34	0.102568
4314.2	0.125745
4365.4	0.176149
4430.25	0.218997
4496.9	0.237836
4589.98	0.321427
4674.5	0.384362
4738.08	0.416391
4812.82	0.451291
4880.27	0.491452
4943.5	0.533293
5004.78	0.573352
5069.71	0.604133
5132.27	0.652803
5189.05	0.739955
5182.09	0.529826
5175.95	0.337964
5172.66	0.20886
2540.12	0.172517
2540.53	0.171585
2541.9	0.169968
2634.75	0.167572
2701.32	0.164499
2768.58	0.160901
2843.42	0.1567
2915.88	0.152487
2985.54	0.148384
3057.41	0.144302
3120.95	0.140683
3186.77	0.137127
3251.8	0.133595
3314.73	0.1303
3375.08	0.127192
3435.13	0.124232
3493.39	0.121429
3549.72	0.11879
3604.68	0.116309
3654.56	0.114058
3704.28	0.111909
3749.39	0.11002
3796.7	0.108111
3842.16	0.106253
3890.12	0.104382
3936.78	0.102595
3981.27	0.100909
4024.91	0.0992942
4072.17	0.0975883
4119.23	0.0959684
4166.98	0.0944434
4215.42	0.0932307
4264.17	0.0931674
4317.57	0.0977523
4373.23	0.121014
4431.31	0.204287
4513.52	0.336154
4592.32	0.370027
4673.44	0.406704
4749.2	0.439061
4815.66	0.463741
4880.89	0.497336
4941.89	0.535627
4997.8	0.577143
5069.09	0.605368
5132.99	0.653327
5190.03	0.740123
5183.14	0.529698
5177.05	0.337244
5173.88	0.208362
2539.53	0.172575
2539.61	0.171674
2539.67	0.170155
2622.24	0.168124
2696.76	0.16482
2769.27	0.160937
2842.8	0.156752
2915.46	0.152504
2986.77	0.148335
3057.28	0.144308
3124.7	0.140496
3190.77	0.136867
3253.29	0.133489
3315.86	0.130309
3372.48	0.127346
3433.15	0.124366
3490.43	0.121594
3544.95	0.119021
3598.75	0.116603
3650.23	0.114311
3698.37	0.11215
3746.31	0.110108
3793.47	0.108163
3840.18	0.106276
3887.4	0.104427
3934.37	0.102628
3980.38	0.100896
4028.41	0.0991628
4073.06	0.0975745
4119.31	0.0960082
4167.03	0.0944659
4214.61	0.0930438
4260.74	0.0920144
4319.12	0.0920109
4375.49	0.0968843
4436.69	0.120858
4504.98	0.179504
4587.67	0.276479
4673.81	0.355521
4750.23	0.40501
4816.21	0.450626
4882.8	0.489282
4946.15	0.531327
5007.08	0.572085
5071.34	0.603595
5133.24	0.652625
5189.55	0.740297
5182.44	0.531437
5176.33	0.338117
5173.26	0.208205
2538.84	0.17264
2538.7	0.17176
2538.27	0.170283
2617.57	0.168319
2693.88	0.164995
2768.5	0.161017
2842.53	0.156768
2915.79	0.152469
2988.11	0.148247
3059.51	0.144168
3129.01	0.140278
3193.87	0.13667
3256.79	0.1333
3319.81	0.130056
3377.78	0.127083
3433.72	0.124389
3486.75	0.121821
3543.03	0.119129
3595.83	0.116694
3646.89	0.1144
3695.48	0.112252
3743.66	0.110212
3790.48	0.10827
3837.6	0.106377
3885.04	0.104519
3933.17	0.102682
3977.95	0.101009
4025.18	0.0993073
4071.5	0.0976491
4119.97	0.0959227
4168.88	0.0942725
4218.31	0.0926875
4269.08	0.0912714
4324.37	0.0904171
4380.32	0.0916768
4431.68	0.10132
4502.71	0.14027
4580.74	0.260476
4672.96	0.362365
4752.92	0.417054
4826.87	0.459942
4882.12	0.488988
4948.12	0.528153
5009.89	0.568576
5071.64	0.601833
5131.77	0.651707
5187.13	0.740522
5179.76	0.532925
5173.69	0.337282
5170.88	0.206764
2538.27	0.172691
2538.07	0.171819
2537.57	0.170351
2615.66	0.168397
2692.37	0.165076
2767.87	0.161061
2842.52	0.156764
2916.42	0.152415
2989.7	0.14813
3062.86	0.143946
3137.14	0.139837
3198.08	0.136387
3259.32	0.133182
3318.83	0.130113
3379.43	0.127006
3436.73	0.124162
3493.65	0.121443
3543.84	0.119078
3593.95	0.116793
3645.44	0.11447
3692.52	0.112377
3741.99	0.110311
3786.94	0.10844
3834.61	0.106551
3882.07	0.104695
3926.32	0.102943
3975.29	0.101098
4023.5	0.0993297
4071.82	0.0976022
4121.27	0.0958973
4171.56	0.0942694
4222.27	0.092845
4274.65	0.0921136
4330.81	0.0938988
4385.79	0.0987941
4443.34	0.112656
4503.79	0.151898
4570.77	0.260904
4671.35	0.355099
4752.72	0.407848
4825.12	0.450957
4891.08	0.492504
4949.48	0.523272
5009.48	0.565141
5069.4	0.600092
5127.84	0.650598
5182.06	0.740844
5174.79	0.531147
5169.1	0.329313
5166.92	0.201367
2537.9	0.172722
2537.7	0.171851
2537.26	0.170381
2614.9	0.168428
2691.74	0.165107
2767.66	0.161078
2842.74	0.156757
2917.04	0.152382
2990.73	0.148073
3064.3	0.143867
3139.14	0.139742
3200.32	0.136282
3262.45	0.132975
3323.79	0.129804
3383.53	0.126777
3439.26	0.123999
3493.68	0.121393
3546.15	0.11893
3600.02	0.116498
3647.81	0.114389
3686.67	0.112657
3735.35	0.110628
3784.15	0.108595
3831.91	0.106663
3879.16	0.104794
3925.95	0.102978
3973.84	0.101181
4022.37	0.0994136
4071.87	0.0976888
4122.82	0.0960862
4175.16	0.094941
4226.07	0.0950017
4278.01	0.0987554
4329.96	0.110781
4388.57	0.128915
4449.12	0.154006
4508.05	0.209525
4593.23	0.306513
4675.71	0.36192
4752.45	0.401831
4823.07	0.440082
4887.87	0.479769
4945.48	0.523395
5005.79	0.561511
5064.58	0.597452
5120.98	0.648136
5173.08	0.741176
5167.27	0.516105
5162.86	0.304109
5161.66	0.189169
2537.72	0.172734
2537.54	0.171862
2537.16	0.170389
2614.72	0.168434
2691.69	0.165112
2767.87	0.161076
2843.2	0.156745
2917.65	0.152369
2991.18	0.148075
3063.69	0.143927
3134.61	0.139965
3200.76	0.136278
3265.51	0.132814
3329.46	0.129518
3390.77	0.126405
3442.25	0.123829
3494.86	0.121347
3546.31	0.118967
3593.72	0.116746
3643.1	0.114538
3688.4	0.112528
3735.36	0.110548
3782.75	0.108591
3829.93	0.106683
3876.97	0.104824
3924.05	0.103004
3971.72	0.101211
4020.21	0.0994377
4070.4	0.0977145
4123.27	0.0964069
4181.92	0.0981973
4228.94	0.107336
4277.74	0.142033
4331.06	0.198963
4386.82	0.242553
4454.94	0.301193
4523.51	0.355366
4600.73	0.396432
4677.22	0.424988
4750.7	0.451202
4820.31	0.478403
4886.21	0.508533
4949.98	0.540187
5000.15	0.561303
5058.24	0.591097
5111.39	0.631687
5156.69	0.717627
5157.73	0.437559
5155.71	0.244394
5155.83	0.17908
2537.72	0.17273
2537.55	0.171857
2537.2	0.170381
2614.92	0.168423
2692.09	0.165094
2768.5	0.16105
2844.02	0.156713
2918.55	0.152334
2991.93	0.148046
3063.92	0.143914
3134.03	0.139968
3201.75	0.136225
3268.5	0.13266
3336.87	0.129176
3389.84	0.126415
3446	0.123668
3496.99	0.121194
3546.79	0.118874
3594.55	0.116673
3641.85	0.114562
3687.98	0.112541
3734.53	0.110572
3781.31	0.108641
3827.98	0.106754
3874.77	0.104906
3921.81	0.103093
3969.17	0.101308
4017	0.0995444
4067.07	0.0977729
4118.95	0.0960916
4173.1	0.0948705
4226.38	0.0951132
4277.62	0.100561
4331.41	0.117462
4388.9	0.144838
4451.44	0.175909
4514.51	0.221459
4601.97	0.302092
4677.92	0.362315
4750.13	0.405768
4818.69	0.4452
4883.78	0.48464
4945.68	0.525165
5004.09	0.5658
5056.05	0.593634
5109.6	0.645777
5160.22	0.741509
5154.43	0.49809
5151.16	0.272598
5150.44	0.181806
2537.88	0.172711
2537.71	0.171836
2537.37	0.170359
2615.43	0.168396
2692.92	0.165054
2769.59	0.160995
2845.3	0.156646
2919.96	0.15226
2993.39	0.14797
3065.24	0.143841
3135.01	0.139907
3202.86	0.136183
3268.96	0.132669
3332.41	0.129369
3391.53	0.126316
3454.06	0.123296
3499.52	0.121042
3548.54	0.118803
3595.17	0.116671
3641.16	0.114623
3686.62	0.112637
3733.08	0.110674
3779.7	0.108751
3825.77	0.106885
3872.39	0.10505
3919.44	0.103243
3966.58	0.101474
4012.15	0.0997738
4062.74	0.0979449
4113.41	0.0962589
4166.34	0.0950267
4226.82	0.096413
4274.55	0.10568
4324.73	0.138618
4380.91	0.197347
4444.12	0.241026
4520.01	0.283422
4598.69	0.311286
4674.06	0.345632
4745.8	0.392087
4814.15	0.432058
4879.02	0.471791
4940.29	0.512889
4997.51	0.555442
5049.32	0.596144
5103.84	0.64651
5154.78	0.741612
5149	0.503825
5145.73	0.277622
5145.04	0.185535
2538.2	0.172678
2538.03	0.171801
2537.66	0.170323
2616.29	0.168353
2694.23	0.164989
2771.19	0.160906
2847.09	0.156538
2921.97	0.152137
2995.73	0.147834
3067.86	0.143698
3137.1	0.139778
3204.83	0.136077
3271.17	0.132584
3331.39	0.129415
3388.93	0.126475
3445.5	0.123703
3497.92	0.121143
3553.33	0.118596
3596.19	0.116616
3640.67	0.114664
3683.17	0.112791
3730.92	0.110757
3778.6	0.108791
3822.55	0.107006
3869.29	0.105173
3916.94	0.103342
3964.81	0.101542
4013.85	0.0997553
4059.15	0.0981426
4106.63	0.0965773
4153.22	0.0952395
4211.95	0.0943095
4265.54	0.0956094
4318.08	0.10349
4367.95	0.129361
4433.12	0.209899
4517.07	0.338178
4602.64	0.403419
4663.51	0.409244
4737.03	0.437465
4806.35	0.468779
4871.96	0.501585
4933.92	0.536537
4992.74	0.5726
5050.33	0.604704
5094.67	0.634853
5140.54	0.718559
5141.19	0.431323
5140.04	0.245437
5139.76	0.191586
2538.68	0.172627
2538.51	0.171748
2538.12	0.17027
2617.61	0.16829
2696.18	0.164895
2773.39	0.160782
2849.37	0.15639
2924.46	0.151964
2998.99	0.147624
3072.59	0.143439
3139.86	0.139581
3207.34	0.135895
3278.6	0.132197
3332.16	0.129374
3386.41	0.126641
3440.23	0.124001
3492.5	0.121482
3544.05	0.119071
3592.08	0.116853
3639.09	0.114752
3686.33	0.112704
3728.41	0.110902
3770.4	0.109144
3819.62	0.107177
3865.18	0.105317
3914.2	0.103416
3961.74	0.101612
4008.85	0.0998671
4055.78	0.0981643
4103.54	0.0964956
4152.58	0.0948576
4205.63	0.0932916
4259.39	0.0921804
4313.99	0.0928391
4370.72	0.100228
4433.67	0.131003
4497.91	0.215292
4579.33	0.328525
4656.17	0.373544
4729.59	0.413146
4799.59	0.449475
4865.45	0.486752
4927.64	0.526259
4986.97	0.566592
5044.8	0.601981
5099.96	0.658297
5146.21	0.741484
5139.91	0.508985
5136.36	0.284381
5134.99	0.188758
2539.33	0.172557
2539.17	0.171673
2538.8	0.170191
2619.64	0.168197
2699.12	0.164763
2776.39	0.160623
2851.99	0.156225
2926.85	0.151786
3002.47	0.147359
3082.87	0.142848
3141.55	0.139436
3205.18	0.136042
3269.26	0.132717
3328.94	0.12963
3383.56	0.126827
3436.55	0.124213
3487.61	0.121749
3539.56	0.119271
3589.01	0.116991
3636.79	0.114853
3684.33	0.112796
3726.04	0.111003
3767.18	0.109246
3818.24	0.107195
3867.46	0.10524
3913.1	0.103481
3959.48	0.101739
4004.58	0.100054
4052.34	0.0982837
4100.17	0.0965935
4149.13	0.0949234
4200.04	0.0932749
4253.98	0.0917585
4309.21	0.0910501
4367.56	0.0941902
4428.03	0.113573
4492.27	0.172946
4557.52	0.26986
4654.13	0.350724
4718.31	0.393621
4790.8	0.433914
4857.12	0.474048
4919.56	0.514973
4979.46	0.556045
5037.65	0.592848
5092.84	0.640485
5139.18	0.741087
5135.86	0.486227
5131.69	0.285372
5129.9	0.189783
2540.12	0.172469
2540.03	0.171572
2539.78	0.170073
2622.79	0.168046
2703.92	0.164552
2780.59	0.160413
2854.79	0.156088
2927.85	0.151773
3000.39	0.147551
3072.06	0.143483
3137.18	0.139751
3201.55	0.136227
3266.11	0.132807
3332.99	0.129387
3382.62	0.126801
3434.57	0.124264
3487.25	0.121759
3536.78	0.119426
3586.88	0.11716
3634.08	0.115069
3679.33	0.113068
3725.09	0.111064
3771.32	0.109112
3818.53	0.107201
3865.91	0.105331
3912.5	0.103529
3958.79	0.101783
4004.15	0.100096
4049.57	0.0984109
4096.62	0.096778
4144.94	0.0951469
4192.85	0.0935721
4248.92	0.0920771
4303.07	0.0914833
4359.22	0.0930042
4420.12	0.0981268
4483.46	0.135167
4560.73	0.250295
4638.03	0.332774
4710.6	0.388794
4780.89	0.433445
4846.56	0.476814
4908.83	0.519819
4969.83	0.561345
5029.73	0.597169
5087.41	0.647368
5140.02	0.740651
5132.52	0.526734
5126.75	0.322094
5123.95	0.2012
2540.99	0.172371
2541.01	0.171452
2541.09	0.169902
2627.57	0.167781
2712.8	0.164123
2786.8	0.16005
2858.16	0.155889
2928.7	0.151745
2998.46	0.147687
3067	0.14377
3132.73	0.140046
3196.82	0.136522
3259.73	0.133173
3321.01	0.130003
3376.5	0.127133
3430.48	0.124461
3483.94	0.121896
3534.39	0.11956
3582.08	0.117327
3633.24	0.115034
3681.68	0.112901
3729.49	0.110864
3773.52	0.109013
3818.36	0.107187
3865.54	0.105337
3912.51	0.103524
3959.18	0.101765
4005.14	0.100074
4046.95	0.0985553
4091.92	0.096987
4139.57	0.0953666
4194.04	0.0936227
4242.21	0.0921139
4295.32	0.090908
4344.71	0.0910985
4409.87	0.097951
4467.24	0.140747
4555.13	0.271745
4642.48	0.370818
4708.58	0.410059
4768.14	0.438603
4833.42	0.482147
4894.45	0.526572
4957.84	0.566609
5020.05	0.600174
5079.9	0.650053
5134.77	0.740355
5126.66	0.53537
5120.07	0.341995
5116.41	0.210849
2541.82	0.172287
2541.9	0.171349
2542.36	0.169729
2633.33	0.167398
2732.55	0.163057
2795.18	0.159453
2861.77	0.155608
2929.7	0.151672
2997.01	0.14777
3063.96	0.143952
3129.05	0.140292
3192.39	0.136814
3254.05	0.133515
3313.89	0.130398
3370.96	0.127456
3426.03	0.124752
3478.07	0.122185
3532.24	0.11964
3584.45	0.117235
3634.45	0.114979
3684.08	0.112823
3734.69	0.110704
3775.05	0.108972
3814.42	0.107327
3865.35	0.105328
3913.14	0.103467
3961.2	0.101661
4004.96	0.10005
4047.81	0.0985181
4091.22	0.0969723
4140.96	0.095313
4184.32	0.093903
4239.8	0.092417
4294.2	0.0918113
4349.12	0.0941849
4407.44	0.106801
4463.96	0.158014
4551.87	0.284795
4633.23	0.372542
4706.05	0.424779
4759.71	0.458858
4818.69	0.48723
4872.93	0.534434
4943.69	0.570534
5008.57	0.601934
5070.02	0.6512
5126.07	0.740226
5118.07	0.536889
5111.3	0.350638
5107.01	0.215636
2542.56	0.172234
2542.38	0.171322
2542.14	0.169787
2630.5	0.16764
2718.04	0.163872
2796.22	0.15956
2862.76	0.15558
2930.91	0.151665
2995.45	0.147892
3063.09	0.144006
3127.38	0.140376
3189.81	0.136937
3250.48	0.133659
3310.3	0.130591
3366.07	0.127656
3422.77	0.124821
3477.35	0.122142
3532.31	0.119547
3589.57	0.116952
3635.64	0.114843
3685.05	0.112745
3736.06	0.110635
3779.64	0.10879
3823.6	0.107011
3868.27	0.105247
3913.65	0.103508
3956.65	0.101851
4000.1	0.100188
4047.37	0.0984618
4093.34	0.0968252
4140.88	0.0952146
4188.52	0.0937044
4240.12	0.0925103
4293.73	0.0931469
4349.42	0.102125
4405.88	0.135156
4466.08	0.235342
4549.02	0.356308
4621.55	0.389235
4693.94	0.428523
4759.69	0.466917
4806.86	0.49081
4868.05	0.532919
4932.08	0.57112
4996.18	0.602644
5058.11	0.651768
5114.76	0.740256
5106.9	0.537005
5100.17	0.354106
5095.57	0.217708
2543.45	0.172176
2542.89	0.171301
2541.83	0.169851
2628.22	0.167815
2712.48	0.16422
2791.42	0.159979
2863.83	0.155688
2933.94	0.151517
3002.61	0.147458
3064.75	0.143835
3126.71	0.140389
3186.66	0.137136
3249.03	0.133741
3308.26	0.130629
3364.49	0.127699
3420.67	0.12489
3475.33	0.122224
3529.22	0.119675
3583.5	0.117197
3631.1	0.115006
3683.04	0.112777
3739.72	0.110442
3782.32	0.108648
3826.57	0.106861
3872.56	0.105058
3914.63	0.103396
3959.6	0.101675
4003.39	0.10003
4048.92	0.0983927
4094.83	0.0967978
4141.84	0.0953113
4190.13	0.0942698
4239.96	0.0950756
4292.51	0.10474
4348.16	0.153552
4399.66	0.217377
4468.97	0.283287
4528.87	0.328101
4611.09	0.368513
4682.88	0.412329
4747.39	0.455231
4804.26	0.501067
4855.63	0.533316
4917.12	0.57199
4981.55	0.603288
5043.97	0.652333
5101.04	0.740464
5093.31	0.536853
5086.66	0.355208
5082.03	0.218329
2544.87	0.172066
2543.86	0.171224
2541.99	0.16983
2627.79	0.16783
2711.85	0.164249
2792.67	0.159956
2866.58	0.155578
2937.72	0.151316
3000.82	0.147528
3063.78	0.143933
3128.95	0.140245
3193.42	0.136716
3249.75	0.133642
3308.21	0.130641
3361.99	0.12785
3419.1	0.124989
3473.14	0.122359
3524.85	0.119899
3573.93	0.117609
3621.49	0.115429
3675.66	0.113115
3729.98	0.110833
3779.62	0.108735
3828.94	0.106726
3881.94	0.104679
3923.46	0.103047
3964.05	0.101534
4005.44	0.0999988
4050.8	0.0984256
4096.12	0.0970413
4142.67	0.0963417
4191.43	0.0986902
4238.02	0.110534
4286.83	0.148799
4335.47	0.208112
4393.68	0.26823
4456.34	0.326565
4527.13	0.372607
4600.9	0.3999
4670.74	0.433959
4736.1	0.471834
4799.06	0.510904
4849.95	0.544018
4895.99	0.575697
4964.47	0.604293
5027.64	0.653015
5084.95	0.740877
5077.33	0.53654
5070.83	0.354595
5066.42	0.217767
2547.28	0.171866
2545.65	0.17106
2542.69	0.169722
2628.83	0.16773
2714.05	0.164079
2800.29	0.159515
2871.5	0.15527
2935.11	0.151466
3002.28	0.147482
3067.07	0.143717
3130.98	0.140109
3193.06	0.136691
3252.21	0.133492
3310.91	0.130444
3368.52	0.127515
3419.59	0.124971
3472.33	0.122469
3522.18	0.120089
3565.02	0.118068
3604.48	0.116214
3667.46	0.113523
3724.38	0.111085
3776.86	0.108863
3827.4	0.106795
3877.3	0.104833
3923.6	0.103032
3966.15	0.101405
4009.99	0.0998127
4053.1	0.0983126
4096.24	0.0969013
4141.05	0.0957804
4184.94	0.0950272
4234.24	0.0959338
4284.38	0.106656
4332.43	0.132613
4382.55	0.143282
4427.71	0.191971
4513.15	0.296553
4589.74	0.367499
4659.11	0.413191
4723.06	0.454356
4783.8	0.494749
4837.69	0.538419
4895.6	0.578444
4948.15	0.604421
5009.58	0.653254
5066.36	0.741529
5058.94	0.535427
5052.78	0.351195
5048.88	0.215487
2551.3	0.171537
2548.71	0.170786
2543.97	0.169548
2630.5	0.167634
2714.8	0.164094
2795.99	0.159821
2870	0.155462
2938.38	0.151305
3005.29	0.14732
3070.38	0.143531
3133.9	0.139937
3194.63	0.13658
3254.12	0.133391
3313.64	0.130308
3367.21	0.127559
3421.82	0.124894
3472.06	0.122498
3519.15	0.120223
3568.12	0.117916
3616.11	0.115751
3664.57	0.113597
3722.63	0.111152
3775.61	0.108916
3826.24	0.106839
3876.2	0.104856
3927.63	0.102889
3967.26	0.101371
4009.22	0.0998557
4050.12	0.098367
4096.45	0.0968033
4137.16	0.0955352
4185.16	0.0945081
4230.37	0.0947436
4276.87	0.0957296
4324.18	0.0974575
4378.01	0.100364
4432.28	0.123811
4491.75	0.207813
4576.04	0.333266
4645.18	0.400731
4706.91	0.450773
4769.98	0.494272
4831.53	0.536779
4881.4	0.573189
4939.89	0.606705
4988.67	0.653376
5044.22	0.742407
5038.07	0.528441
5032.74	0.340858
5029.62	0.21034
2557.85	0.171047
2553.89	0.170359
2546.4	0.169227
2634.1	0.167375
2718.23	0.163876
2798.33	0.159651
2873.46	0.155259
2942.39	0.151074
3009.31	0.147101
3074.35	0.143312
3138.65	0.139657
3196.44	0.136479
3254.94	0.133394
3311.31	0.13044
3367.32	0.127612
3418.22	0.125019
3473.35	0.12235
3524.64	0.119893
3575.08	0.117558
3624.5	0.115338
3671.79	0.113245
3725.36	0.110998
3776.25	0.108878
3825.46	0.106874
3873.51	0.10497
3920.07	0.103173
3963.49	0.101533
4006.45	0.0999517
4049.37	0.0984106
4092.87	0.0968957
4137.6	0.0954111
4178.42	0.0941141
4222.82	0.0927532
4272.02	0.091473
4320.5	0.0906904
4373	0.0923346
4427.5	0.10739
4481.81	0.170567
4562.66	0.304132
4629.32	0.388022
4682.74	0.441888
4752.2	0.479892
4812.2	0.519762
4863.8	0.562392
4920.8	0.596359
4975.14	0.640318
5015.83	0.722474
5015.37	0.490559
5011.46	0.316657
5008.82	0.203241
2568.3	0.170392
2562.54	0.169762
2551.11	0.168698
2640.97	0.166868
2725.26	0.163382
2805.06	0.159158
2882.48	0.154635
2947.62	0.150685
3014.38	0.146816
3078.11	0.14315
3139.06	0.139644
3197.83	0.136388
3256.71	0.133307
3313.07	0.130299
3369.69	0.127406
3423.61	0.124696
3477.42	0.122094
3529.99	0.119609
3582.12	0.117221
3634.16	0.114912
3684.14	0.112711
3730.15	0.110768
3778.1	0.108812
3825.54	0.106901
3872.2	0.105057
3917.04	0.103267
3960.99	0.101593
4004.02	0.100003
4046.01	0.0984906
4087.47	0.0970317
4133.11	0.0954381
4177.88	0.0939276
4225.79	0.0924403
4269.55	0.0912812
4314.58	0.0907217
4367.45	0.0948052
4421.51	0.127547
4471.93	0.213616
4546.58	0.309311
4611.21	0.37518
4675.46	0.427228
4738	0.472936
4796.4	0.516976
4852.95	0.560497
4900.96	0.594477
4954.72	0.644081
5004.24	0.741643
4995.34	0.524115
4990.15	0.323247
4986.46	0.21042
2584.4	0.169604
2576.79	0.169023
2561.94	0.167925
2653.07	0.166029
2736.34	0.162628
2813.58	0.158604
2882.44	0.154554
2954.43	0.150292
3023.37	0.146243
3081.75	0.142845
3139.76	0.139577
3201.86	0.13616
3260.88	0.132996
3317.81	0.13
3373.62	0.127156
3428	0.124451
3481.64	0.121864
3534.74	0.11937
3588.29	0.116933
3645.01	0.114471
3684.97	0.112642
3733.2	0.110619
3780.32	0.108674
3826.47	0.106806
3871.95	0.105008
3915.65	0.103301
3959.66	0.101641
4000.94	0.100124
4043.68	0.0985456
4086.37	0.0970225
4130.59	0.0954932
4175.5	0.0939827
4220.81	0.0925343
4266.78	0.0913456
4315.68	0.0919016
4361.75	0.0971767
4409.64	0.114116
4464.16	0.134353
4520.46	0.233959
4597.02	0.351791
4662.26	0.414696
4722.09	0.463332
4777.69	0.508874
4829.72	0.553989
4876.85	0.596525
4931.58	0.64923
4983.16	0.745097
4973.97	0.544885
4968.33	0.399326
4962.89	0.246237
2607.98	0.168697
2598.16	0.168217
2576.17	0.167226
2672.36	0.165184
2756.22	0.161541
2830.24	0.157509
2901.38	0.15332
2963.48	0.149673
3022.69	0.146183
3087.46	0.142477
3148.04	0.139051
3207.87	0.135776
3266	0.13267
3322.54	0.12972
3377.82	0.126916
3431.97	0.12424
3485.29	0.121678
3537.98	0.119215
3590.29	0.116841
3641.97	0.114565
3689.07	0.112479
3736.7	0.110471
3783.02	0.108552
3827.7	0.106735
3873.32	0.104948
3913.96	0.103378
3954.25	0.101824
3998.55	0.100185
4042.01	0.0986021
4084.59	0.0970811
4128.48	0.0955684
4174.05	0.0940559
4216.72	0.0927161
4262.8	0.091471
4307.45	0.0902007
4355.7	0.0899938
4405.43	0.0945186
4452.8	0.111398
4504.13	0.189513
4580.75	0.327599
4646.21	0.403503
4704.42	0.455976
4757.82	0.504996
4808.04	0.553698
4858.55	0.596224
4904.57	0.650119
4954.03	0.747275
4943.8	0.553259
4937.02	0.400289
4932.92	0.245426
2641.2	0.167556
2631.52	0.167175
2599.98	0.166268
2703.57	0.16377
2785.4	0.159882
2849.13	0.156309
2908.43	0.152755
2973.8	0.148951
3035.12	0.145365
3096.36	0.141883
3156	0.138553
3214.45	0.135371
3271.54	0.132338
3327.33	0.129446
3381.97	0.126687
3435.61	0.124049
3488.42	0.12152
3540.51	0.11909
3591.93	0.116752
3642.58	0.114509
3691.86	0.112368
3740.87	0.110313
3786.82	0.108401
3827.66	0.106743
3868.08	0.105142
3911.96	0.103433
3954.07	0.101819
3997.38	0.100222
4041.85	0.0986234
4082.36	0.0971778
4125.75	0.0956993
4166.68	0.0942801
4212.26	0.0927625
4257.58	0.0913151
4303.02	0.0899394
4350.08	0.0889473
4398.56	0.0899988
4447.96	0.101481
4487.91	0.151663
4562.5	0.29222
4628.49	0.384618
4685.39	0.441909
4736.38	0.493394
4782.82	0.544403
4826.24	0.59119
4868.62	0.648854
4915.29	0.749544
4908.57	0.548942
4904.3	0.382179
4900.92	0.222905
2683.82	0.166006
2686.48	0.165516
2698.65	0.164392
2756.04	0.161477
2812.56	0.158289
2869.93	0.154925
2927.58	0.151494
2987.28	0.14802
3046.66	0.144604
3105.8	0.141276
3164.06	0.138058
3221.21	0.134967
3277.19	0.132008
3332.06	0.129179
3385.9	0.126472
3438.88	0.123877
3491.1	0.121384
3542.6	0.118986
3593.33	0.116677
3643.63	0.114448
3694.1	0.112269
3747.41	0.110069
3784.55	0.108479
3827.85	0.106723
3870.56	0.10504
3911.73	0.103435
3952.86	0.10187
3995.45	0.100323
4037.04	0.0988078
4080.68	0.0972284
4123.48	0.0957318
4165.84	0.0942772
4209.61	0.0928226
4254.02	0.0913889
4298.97	0.0900199
4345.17	0.0889554
4392.72	0.089532
4441.23	0.0982013
4488.92	0.137724
4543.01	0.236713
4610.07	0.35196
4665.55	0.415696
4714.48	0.468198
4757.2	0.520136
4791.74	0.573066
4826.83	0.610715
4860.46	0.643875
4869.85	0.504814
4871.28	0.318103
4872.5	0.191706
2723.43	0.164128
2731.54	0.163448
2751.64	0.16199
2791.04	0.159547
2838.23	0.156687
2889.7	0.153601
2943.85	0.1504
3000.15	0.147148
3057.45	0.1439
3115.03	0.1407
3172.08	0.137581
3227.96	0.134574
3282.74	0.131691
3336.56	0.128928
3389.45	0.12628
3441.69	0.123732
3493.33	0.121275
3544.35	0.118907
3594.09	0.116642
3643.56	0.114459
3692.66	0.112346
3741.22	0.11031
3786.45	0.108418
3828.24	0.106716
3874.39	0.104935
3911.49	0.103485
3946.3	0.102113
3993.98	0.100366
4038	0.0987519
4080.65	0.0972181
4122.72	0.0957449
4164.88	0.094304
4207.88	0.0928773
4251.71	0.0914812
4295.67	0.0902263
4341.12	0.0896303
4387.94	0.0927291
4435.85	0.114588
4483.04	0.202133
4534.21	0.27054
4591.21	0.34067
4644.23	0.39474
4692.97	0.436131
4734.62	0.473331
4769.75	0.512464
4800.12	0.546813
4824.74	0.548557
4837.89	0.415787
4839.7	0.218702
4845.74	0.15523
2754.46	0.162315
2764.13	0.161557
2784.8	0.160065
2817.64	0.1579
2858.94	0.155321
2906.01	0.152485
2957.08	0.149492
3011.06	0.146408
3066.91	0.143285
3123.68	0.140175
3180.12	0.137126
3234.59	0.134197
3287.99	0.131393
3340.75	0.128696
3392.42	0.126123
3443.84	0.12363
3494.99	0.121206
3546.25	0.118837
3594.08	0.116649
3642.89	0.114521
3690.91	0.112458
3737.68	0.110485
3780.74	0.108663
3826.38	0.106793
3870.46	0.105048
3911.53	0.103435
3952.22	0.101872
3996.55	0.100247
4040.92	0.0986453
4082.04	0.0971624
4122.94	0.0957343
4164.39	0.0943248
4206.85	0.0929305
4251.05	0.0916246
4292.89	0.09077
4337.78	0.0913632
4383.69	0.0973927
4429.9	0.118273
4475.72	0.147398
4526.34	0.146323
4573.44	0.190875
4622.86	0.262078
4672.97	0.331619
4714.18	0.379142
4749	0.4161
4777.95	0.437906
4800.17	0.415012
4813.32	0.28118
4820.87	0.163637
4825.32	0.118009
2775.31	0.160906
2785.19	0.160142
2805.19	0.158704
2835.11	0.156713
2873.16	0.15433
2917.48	0.151674
2966.52	0.148827
3019.13	0.14585
3074.4	0.142794
3131.51	0.139706
3188.96	0.136657
3241.08	0.133836
3292.62	0.131133
3344.78	0.128466
3394.36	0.126027
3445.03	0.123601
3495.35	0.121231
3544.4	0.118951
3594.18	0.116651
3642.75	0.114495
3690.24	0.112439
3736.46	0.110479
3781.13	0.108613
3825.66	0.106806
3869.32	0.105073
3911.91	0.10341
3954.66	0.101781
3999.43	0.100132
4047.72	0.0984126
4084.48	0.0970757
4123.67	0.095728
4164.19	0.0943643
4205.63	0.0930068
4245.21	0.0917017
4289.98	0.0903324
4334.85	0.0892428
4380.4	0.0889427
4426.62	0.0906302
4473.43	0.0943598
4521.4	0.0979188
4568.78	0.112239
4615.02	0.137383
4658.08	0.175484
4694.11	0.217005
4729.71	0.258394
4760.7	0.283067
4781.48	0.260115
4795.63	0.17082
4806.02	0.117408
4810.6	0.0922606
2785.71	0.160124
2795.52	0.159373
2815.03	0.157982
2843.74	0.156081
2880.36	0.153801
2923.38	0.151239
2971.45	0.148466
3023.52	0.145533
3078.95	0.142476
3137.85	0.139306
3201.91	0.135979
3246.9	0.13351
3295.37	0.13102
3342.36	0.128575
3394.5	0.126013
3445.52	0.123548
3495.78	0.121166
3545.25	0.118863
3594.4	0.116625
3642.7	0.114482
3689.96	0.112434
3736.08	0.110478
3781.06	0.108608
3825.39	0.10681
3869.01	0.105079
3912.07	0.103404
3955.25	0.101766
3999.16	0.100147
4043.19	0.0985633
4083.32	0.0971131
4123.12	0.0957231
4163.46	0.0943505
4204.38	0.0929866
4245.6	0.0916322
4288.99	0.0902617
4333.4	0.0889225
4378.64	0.0876898
4424.6	0.0867042
4471.18	0.0860961
4518.27	0.0861698
4565.03	0.0886399
4610.48	0.0950946
4653.07	0.10766
4690.84	0.126817
4724.12	0.146098
4751.88	0.158546
4773.39	0.152652
4788.79	0.116356
4798.41	0.0909761
4802.89	0.0811328
4054.84	0.0981312
4084.8	0.0970735
4123.79	0.0957408
4164.32	0.0943865
4206.24	0.0930539
4238.19	0.0921546
4254.4	0.0917677
4292.73	0.0912849
4337.83	0.0929772
4383.61	0.103688
4428.98	0.145968
4468.55	0.263022
4487.56	0.394968
4533.35	0.44485
4590.57	0.499324
4643.65	0.536443
4692.6	0.565208
4734.18	0.581419
4757.85	0.588449
4788.93	0.588788
4802.73	0.61033
2647.18	0.16693
2701.74	0.164447
2756.12	0.161622
2782.4	0.159976
2845.63	0.156454
2918.96	0.15231
2967.63	0.149486
2991.7	0.147915
3052.81	0.144508
3121.99	0.140732
3169.59	0.138098
3195.35	0.136521
3255.26	0.133413
3320.69	0.130098
3364.23	0.127882
3389.6	0.126476
3447.03	0.123754
3507.79	0.120939
3544.3	0.119193
3567.48	0.118004
3617.96	0.115768
3668.64	0.113557
3695.72	0.112346
3709.67	0.11167
3662.93	0.113749
3685.35	0.112717
3729.84	0.110862
3776.68	0.108981
3817.43	0.107272
3862.68	0.105484
3904.48	0.103849
3947.08	0.102263
3978.32	0.101103
3994.81	0.100397
4034.08	0.0989959
4077.59	0.0974619
4121.55	0.0959672
4159.59	0.0946819
4201.02	0.0934073
4249.02	0.0922275
4297.81	0.0920178
4344.23	0.0949222
4351.65	0.100074
4189.18	0.10522
4229.36	0.126909
4274.67	0.200606
4329.81	0.343347
4386.68	0.466911
4454.52	0.511659
4523.7	0.536144
4600.4	0.546164
4676.74	0.556658
4750.16	0.568461
4819.8	0.580663
4885.8	0.591843
4948.99	0.600698
5000.09	0.64154
5057.7	0.65282
5110.48	0.667957
5153.53	0.680901
5155.62	0.487015
4194.38	0.0939231
4225.54	0.0945826
4242.24	0.0982421
4268.53	0.102729
4310.19	0.129442
4350.17	0.217553
4397.64	0.387124
4420.14	0.510857
4451.21	0.516137
4510.57	0.541224
4570.51	0.561071
4634.01	0.569033
4661.2	0.585301
4694.84	0.585192
4749.01	0.619153
4797.73	0.663078
4848.86	0.679682
4881.5	0.684434
4914.85	0.683615
4958.78	0.709246
4961.17	0.522547
4959.04	0.419973
3692.51	0.112422
3713.37	0.111494
3729.15	0.110799
3760.58	0.109508
3807.51	0.107632
3852.9	0.105817
3899.04	0.104045
3929.57	0.10288
3947.08	0.102138
3989.66	0.100591
4036.98	0.0989069
4075.14	0.0974996
4113.94	0.0961883
4130.78	0.0955906
4164.92	0.0944871
4213.06	0.0931015
4263.4	0.0921782
4316.21	0.0933381
4348.9	0.0994065
4371.19	0.105411
4400.62	0.114647
2779.05	0.160471
2796.12	0.159388
2818.86	0.158009
2862.42	0.155545
2931.05	0.151653
2992.06	0.148146
3017.25	0.146493
3063.81	0.143871
3126.94	0.140388
3182.45	0.137418
3204.65	0.136029
3249.07	0.133674
3308.33	0.13065
3357.33	0.128165
3377.05	0.127042
3418.99	0.125005
3472.5	0.12248
3515.73	0.120459
3528	0.119765
3567.61	0.117946
3616.36	0.115766
3655.02	0.114101
3663	0.11369
3424.59	0.124699
3466.07	0.122685
3521.04	0.120141
3576.45	0.11763
3630.81	0.115219
3680.98	0.112994
3728.66	0.110944
3774.37	0.109032
3822.64	0.1071
3861.97	0.105487
3902.81	0.103874
3945.16	0.102268
3987.38	0.100693
4030.71	0.0991331
4074.82	0.0975971
4110.48	0.0964017
4126.51	0.0958224
4162.41	0.0947011
4202.28	0.0936045
4230.98	0.0930827
3695.65	0.112191
3731.75	0.110672
3773.78	0.10895
3816.24	0.107239
3858.65	0.105563
3901.02	0.103928
3936.13	0.102593
3951.12	0.101957
3983.62	0.100753
4025.59	0.0992412
4067.2	0.0977603
4108.94	0.0963307
4151.09	0.0950255
4193.47	0.0941475
4233.18	0.0948076
4273.38	0.10066
4315.52	0.122964
4350.06	0.174436
4364.87	0.234667
4407.45	0.331011
4463.81	0.355258
4501.17	0.36072
3519.32	0.120231
3560.61	0.118297
3611.3	0.116034
3660.7	0.113853
3709.09	0.111779
3738.84	0.110501
3757.26	0.109645
3801.06	0.107891
3848.05	0.106033
3894.61	0.104223
3940.32	0.102481
3983.94	0.100843
4023.36	0.0993769
4071.92	0.0977269
4119.59	0.0962552
4167	0.0953726
4207.21	0.0963943
4224.77	0.100247
4263.78	0.107889
4314.45	0.132479
4353	0.166985
3652.26	0.114138
3682.1	0.112861
3694.77	0.112247
3730.74	0.110728
3773.54	0.108967
3816.16	0.107241
3858.57	0.105556
3900.67	0.103917
3942.37	0.102325
3984.3	0.10077
4025.77	0.0992693
4053.32	0.0982754
4067.39	0.0977057
4102.85	0.0964773
4142.52	0.0951308
4182.81	0.093815
4221.41	0.0926018
4259.89	0.0915381
4298.05	0.0909154
4331.9	0.0909855
2979.55	0.148753
3028.04	0.145897
3092.2	0.142271
3156.9	0.13869
3221.03	0.135228
3284.12	0.13191
3345.86	0.128745
3405.96	0.12574
3464.1	0.1229
3520.36	0.120224
3574.76	0.117707
3626.95	0.11535
3675.32	0.113192
3725.27	0.11106
3774.97	0.109009
3822.15	0.107084
3863.32	0.105415
3900.73	0.103961
3916.82	0.103323
4006.05	0.0999247
4020.65	0.0993706
4032.63	0.0989258
4064.11	0.0978394
4081.26	0.0972436
4105.13	0.0964079
4136.87	0.0954156
4151.94	0.0949083
4185.97	0.0940762
4200.7	0.094108
4233.07	0.0940971
4258.31	0.0955217
4279.05	0.0960316
4313.68	0.106044
4329.23	0.115517
4367.81	0.142241
4388.62	0.169935
4423.59	0.21736
4471.39	0.375608
4504.39	0.409244
4561.39	0.423633
4582.99	0.480986
4633.75	0.484726
4672.36	0.491887
4714.52	0.491013
4764.19	0.498122
4782.67	0.498859
3851.82	0.105897
3865.04	0.105311
3902.08	0.10388
3942.6	0.102346
3982.98	0.100877
4000.31	0.100205
4028.69	0.0991717
4070.5	0.0976829
4114.32	0.0961811
4155.95	0.094865
4175.69	0.0944306
4203.64	0.0937539
4248.76	0.0940989
4295.72	0.0994574
4343.24	0.121056
4364.16	0.159454
4388.7	0.192328
4453.34	0.341582
4525.99	0.421861
4598.75	0.4468
4635.46	0.45521
4669.75	0.456669
4722.21	0.461731
2592.06	0.1672
2606.48	0.167059
2653.13	0.165925
2735.94	0.162618
2813.53	0.158605
2872.28	0.155248
2892.98	0.153831
2947.04	0.150691
3014.16	0.146827
3078.44	0.143163
3118.32	0.140869
3141.1	0.139458
3196.27	0.136489
3254.96	0.133404
3309.22	0.130611
3331.71	0.12935
3366.61	0.127579
3421.5	0.124928
3472.27	0.12251
3512.16	0.120631
3527.09	0.119831
3564.46	0.118109
3598.16	0.116559
3657.62	0.113891
3675.95	0.113071
3689.35	0.11245
3730.02	0.110783
3778.05	0.108831
3825.49	0.106927
3872.32	0.105104
3896.41	0.10415
3919.72	0.103195
3963.42	0.101557
4006.48	0.0999724
4049.78	0.0984348
4089.31	0.0971247
4104.99	0.0966093
4137.03	0.0956649
4184.96	0.094798
4230.52	0.0954473
4277.91	0.0995208
4315.5	0.113662
4335.65	0.132187
4381.91	0.148933
4413.62	0.180537
4043.71	0.0985994
4051.39	0.098309
4078.48	0.0973587
4113.78	0.0961849
4127.64	0.0957057
4159.5	0.0946736
4195.33	0.0936809
4207.15	0.0935408
4244.67	0.0932175
4282.69	0.0954022
4301.07	0.0986008
4348.73	0.11647
4383.44	0.171933
4395.85	0.16939
4450.88	0.28959
4479.93	0.401883
4512.73	0.405759
4573.72	0.421016
4591.35	0.462895
4628.38	0.463938
4681.57	0.471851
4694.88	0.51812
4734.18	0.519552
4775.89	0.528525
4782.53	0.553249
4809.52	0.554579
3095.43	0.141991
3141.59	0.139416
3205.19	0.136047
3268.91	0.132748
3328.5	0.129669
3383.37	0.126859
3436.42	0.124249
3486	0.121893
3507.31	0.120819
3536.35	0.119439
3586.53	0.1172
3633.9	0.115093
3679.36	0.113076
3725.14	0.111077
3771.4	0.109127
3818.55	0.10722
3865.85	0.105358
3912.47	0.10356
3958.82	0.101824
4001.76	0.100264
4018.66	0.0996197
4045.17	0.0986592
4064.87	0.0979587
3371.92	0.127419
3387.54	0.126553
3402.86	0.125719
3441.83	0.123846
3494.79	0.121365
3546.79	0.11898
3581.05	0.117419
3601.72	0.116403
3647.83	0.1144
3687.64	0.112625
3733.44	0.110757
3753.4	0.109843
3786.33	0.108477
3834.59	0.106571
3882.56	0.104709
3918.41	0.103336
3936.33	0.102562
3977.7	0.101039
4025.18	0.0993345
4070.87	0.0977384
4092.15	0.0969923
4119.07	0.0960411
4166.99	0.0945146
4214.43	0.0931438
4246.42	0.0924452
3599.19	0.116471
3603.15	0.116274
3635.99	0.114825
3685.18	0.11276
3735.49	0.110681
3779.64	0.108809
3823.66	0.107025
3868.32	0.105266
3913.53	0.103536
3957.54	0.10186
3992.08	0.100591
4008.64	0.0999183
4047.4	0.0985548
4091.7	0.0969881
4140.58	0.095372
4185.16	0.0939637
4239.79	0.0927206
4294.26	0.0928821
4349.41	0.0976276
4407.26	0.113482
4439.83	0.135126
4448.78	0.137252
3754.53	0.109741
3782.33	0.108599
3797.35	0.107953
3827.64	0.106753
3863.47	0.10538
3877.66	0.104765
3914.03	0.103394
3944.25	0.102278
3961.02	0.101588
4000.72	0.100162
4022.07	0.099391
4046.03	0.0985009
4085.72	0.0971561
4102.4	0.0965962
4137.36	0.0954914
4173.56	0.0947473
4189.3	0.0950596
4230.61	0.0962426
4264.3	0.105058
4285.32	0.114633
4330.49	0.158436
4354.12	0.282673
4393.52	0.316525
4453.92	0.329904
4481.59	0.327341
4515.98	0.328323
4499.67	0.22424
4503.24	0.263508
4553.91	0.316444
4575.83	0.363792
4632.86	0.370232
4655.22	0.429246
4703.75	0.431021
4718.57	0.477315
4756.51	0.478512
4770.47	0.51314
4804.29	0.514142
4818.16	0.550135
4852.77	0.550912
4863.91	0.589528
4893.63	0.590214
4910.71	0.621886
4945.58	0.622612
4957.07	0.664241
4986.22	0.665642
4991.98	0.719959
5012.82	0.72213
5003.84	0.718018
4994.78	0.590181
4980.62	0.589272
4978.5	0.584521
3876.99	0.104817
3912.14	0.103477
3934.98	0.102601
3953.6	0.101844
3995.56	0.100337
4035.24	0.0989228
4052.01	0.0982738
4082	0.0972056
4126.14	0.095715
4161.33	0.0945591
4177.91	0.0939681
4216.53	0.0928166
4263.45	0.0919612
4293.48	0.0931175
4316.06	0.0943293
4361.77	0.105367
4406.02	0.160527
4429.04	0.294411
4471.43	0.344894
4546.56	0.407403
4604.17	0.420686
4631.6	0.440999
4677.23	0.442361
3626.98	0.11527
3658.8	0.113866
3697.76	0.112231
3713.14	0.111513
3748.92	0.110049
3796.54	0.108134
3842.32	0.106265
3890.03	0.104408
3936.62	0.102626
3981.49	0.100936
4022.62	0.0994492
4040.33	0.098762
4072.43	0.0976247
4119.39	0.0960479
4167.02	0.0945213
4214.57	0.0931652
4261.68	0.0923837
4319.1	0.0930993
4373.86	0.097159
4397.47	0.0988545
4421.22	0.100686
3643.26	0.114606
3682.01	0.112917
3705.36	0.11191
3729.59	0.110852
3777.88	0.108936
3802.3	0.10794
3823.39	0.107042
3862.25	0.105482
3887.52	0.104489
3905.18	0.103733
3945.34	0.102241
3973.06	0.101234
3989.97	0.100558
4029.65	0.099151
4059.87	0.0981206
4076.3	0.0974882
4115.42	0.0961623
4145.93	0.0951877
4160.71	0.0947273
4199.28	0.0938035
4231.35	0.0936696
4245.81	0.0941812
4282.53	0.096863
4313.53	0.104829
4316.32	0.104227
3792.03	0.108231
3822.29	0.107003
3862.92	0.105399
3903.39	0.103836
3939.36	0.102486
3953.27	0.101921
3984.34	0.100781
4029.68	0.099151
4074.51	0.0975841
4114.99	0.0962156
4134.85	0.0955849
4158.15	0.0948161
4199.07	0.0937987
4239.02	0.0933969
4285.73	0.0957235
4314.17	0.104813
4328.32	0.114558
4368.71	0.143698
4412.27	0.190336
4466.97	0.298398
4516	0.335018
4527.39	0.393517
4568.49	0.396234
4599.36	0.360239
4609.39	0.399127
4640.19	0.396859
4654.97	0.377884
4660.92	0.391912
4692.32	0.395856
4709.04	0.397689
4714.27	0.448983
4742.22	0.452158
4758.13	0.465186
4763.55	0.495211
4786.42	0.498108
4802.26	0.50208
4802.83	0.538204
4823.16	0.541307
4835.87	0.538608
4834.68	0.562774
4851.27	0.567099
4861.8	0.562559
4855.47	0.585272
4867	0.595755
4874.59	0.596545
4860.6	0.609944
4865.91	0.645147
4867.07	0.647472
3433.99	0.124199
3445.92	0.123591
3472.47	0.122322
3486.56	0.121644
3515.89	0.120296
3531.06	0.119575
3550.1	0.118712
3574.19	0.117618
3587.68	0.117004
3615.79	0.115775
3630.56	0.115108
3651.36	0.114227
3673.79	0.113254
3689.63	0.112538
3717.94	0.111353
3732.55	0.110721
3753.66	0.10988
3772.98	0.109083
3784.83	0.108597
3811.84	0.107515
3825.03	0.106926
3841.29	0.106259
3852.43	0.105776
3744.17	0.110222
3782.75	0.108647
3820.28	0.107183
3831.77	0.106664
3867.94	0.10527
3914.01	0.10352
3949.47	0.102193
3965.22	0.101511
4004.54	0.100086
4048.33	0.0985361
4079.28	0.097483
4095.02	0.0968751
4139.86	0.0953912
4194.92	0.0937197
4226.02	0.093018
4249.93	0.0924143
4303.21	0.0924909
4359.68	0.0981826
4390.85	0.113695
4427.34	0.12507
4490.73	0.185388
4550.67	0.280372
4561.61	0.326
4561.7	0.333306
3655.44	0.114011
3686.89	0.112645
3735.37	0.110639
3784.08	0.108619
3831.86	0.106685
3879.13	0.104817
3926.04	0.102999
3973.92	0.101209
4022.48	0.0994546
4072.04	0.0977718
4122.97	0.0962995
4175.04	0.0954535
4226.27	0.0960721
4278.89	0.099321
4312.49	0.101327
4333.62	0.0978843
4385.88	0.103956
4443.51	0.123106
4503.09	0.167039
4559.91	0.239551
4499.99	0.159137
4505.98	0.189247
4550.06	0.297518
4578.03	0.364923
4618.24	0.389769
4657.11	0.391488
4684.67	0.435556
4727.57	0.436989
4751.1	0.471281
4783.18	0.474899
4814.23	0.474517
4836.07	0.505327
4872.9	0.506398
4892.55	0.536933
4918.54	0.542945
4943.67	0.543216
4959.18	0.576274
4991.96	0.577061
5005.52	0.601762
5026.93	0.6119
5047.71	0.612443
5058.82	0.663248
5087.33	0.666408
5101.25	0.730445
5123.45	0.741087
5135.97	0.740925
4085.4	0.0970996
4118.34	0.0960032
4158.55	0.0948031
4199.72	0.0939031
4230.17	0.0939626
4245.7	0.0945967
4282.54	0.0982015
4325.5	0.113723
4367.96	0.159187
4407.43	0.272591
4420.57	0.412363
4463.2	0.430106
4518.15	0.456882
4574.69	0.471936
4631.41	0.478077
4641.67	0.552054
4676.94	0.552325
4727.66	0.580243
4773.39	0.596291
4814.37	0.615731
4830.35	0.643643
4830.58	0.63431
4843.18	0.639363
3340.36	0.128929
3382.91	0.126781
3434.63	0.12427
3487.03	0.121783
3536.79	0.119443
3586.71	0.117189
3633.97	0.115093
3680.19	0.113071
3709.13	0.111809
3730.16	0.110832
3773.44	0.109037
3818.56	0.1072
3865.54	0.105357
3912.48	0.103547
3959.11	0.101792
4004.83	0.100113
4047.3	0.0985717
4092.87	0.097005
4132.61	0.0957046
4147.35	0.0951494
4174.6	0.0942754
3466.71	0.122611
3499.49	0.121041
3548.36	0.118822
3595.11	0.116688
3641.12	0.114639
3686.7	0.112651
3733.1	0.110693
3779.66	0.108776
3825.83	0.10691
3872.45	0.105079
3919.49	0.103279
3966.84	0.101517
4008.13	0.100022
4024.39	0.0993995
4058.54	0.0982232
4106.6	0.0967212
4154.47	0.0955564
4211.54	0.0951976
4265.38	0.0976537
4318.01	0.107112
4356.19	0.124909
3207.53	0.135612
3247.05	0.1335
3295.92	0.131015
3326.85	0.12942
3346.74	0.128334
3394.28	0.126037
3445	0.123613
3495.35	0.121249
3543.37	0.11905
3565.02	0.117993
3593.66	0.116667
3642.8	0.114541
3690.83	0.112479
3737.78	0.110506
3777.54	0.108859
3794.42	0.108091
3827.81	0.106749
3873.77	0.104984
3911.2	0.103515
3941.84	0.102325
3932.6	0.102673
3932.88	0.10266
3967.61	0.101368
4009.74	0.0998719
4040.25	0.0988297
4055.8	0.0982532
4096.13	0.0970323
4141.64	0.096403
4178.24	0.0986174
4195.6	0.10335
4237.68	0.116392
4286.77	0.160244
4327.93	0.231942
4350.59	0.306318
4399.21	0.363244
4468.66	0.427559
4527.6	0.461515
4560.06	0.476858
4620.08	0.477805
4693.62	0.499861
4756.2	0.506978
4777.63	0.52819
4818.01	0.528352
4855.37	0.534974
3896.95	0.104076
3923.93	0.103036
3964.25	0.101552
4005.92	0.100036
4050.87	0.0985567
4096.28	0.0974511
4142.88	0.0977693
4191.2	0.103278
4237.87	0.125457
4284.09	0.197535
4334.82	0.349496
4393.34	0.457134
4456.37	0.502456
4527.01	0.518153
4600.39	0.529182
4670.2	0.542452
4735.69	0.55505
4798.14	0.563892
4849.97	0.577442
4886.39	0.579276
2770.17	0.160676
2773.68	0.160466
2788.26	0.159645
2849.36	0.156301
2889.81	0.153953
2906.27	0.152916
2963.58	0.149665
3014.79	0.146738
3032.3	0.145597
3081.44	0.142855
3136.98	0.139793
3157.6	0.138532
3197.35	0.136402
3256.57	0.13335
3286.77	0.131735
3311.96	0.130374
3367.54	0.127624
3406.8	0.125689
3424.99	0.124704
3471.95	0.122512
3514.51	0.120508
3528.75	0.119745
3564.35	0.118109
3599.57	0.116488
3827.67	0.106798
3861	0.105485
3887.62	0.104488
3905.47	0.10377
3945.95	0.102277
3987.6	0.100723
4031.81	0.0991505
4055.05	0.0983123
4074.69	0.0975564
4115.95	0.0961421
4161.24	0.0947129
4205.36	0.0937275
4224.97	0.0941604
4248.81	0.0943124
4295.7	0.0990494
4344.25	0.118954
4390.11	0.182873
4408.28	0.309241
4442.61	0.355761
4512.24	0.390205
4576.2	0.403423
4622.73	0.408254
2745.25	0.162202
2795.06	0.159417
2861.87	0.155584
2929.67	0.151661
2996.98	0.147765
3063.82	0.143959
3128.9	0.140304
3192.24	0.136829
3253.88	0.133535
3313.64	0.130422
3370.75	0.127489
3425.78	0.124775
3478.23	0.122194
3532.06	0.119671
3584.22	0.117271
3634.39	0.115011
3684.06	0.112858
3733.5	0.110794
3774.51	0.109039
3805.39	0.107762
2849.17	0.156654
2873.09	0.15512
2933.11	0.151622
2957.71	0.150001
3000.35	0.147534
3062.55	0.14405
3089.16	0.142441
3126.23	0.140392
3186.73	0.137159
3217.63	0.135427
3250.17	0.133657
3310.51	0.13061
3344.14	0.128862
3371.24	0.127422
3426.34	0.124762
3461.75	0.123045
3484.81	0.121844
3534.6	0.119575
3569.74	0.117991
3588.62	0.117063
3634.23	0.11508
3669.96	0.11353
3686.54	0.112695
3725.89	0.11103
3757.41	0.109734
3762.61	0.109495
3941.81	0.102463
3946.52	0.102226
3983.02	0.10084
4026.24	0.0992789
4072.45	0.0977023
4119.64	0.0962937
4167.66	0.0956232
4217.16	0.0978689
4264.32	0.110223
4311.91	0.156412
4364.79	0.302376
4431.53	0.407583
4490.47	0.439816
4520.18	0.509037
4591.44	0.513463
4672.71	0.526203
4748.32	0.537293
4815.32	0.553225
4880.41	0.561579
4941.13	0.570034
4993.24	0.57748
4249.41	0.107161
4274.87	0.115226
4322.68	0.172897
4380.14	0.314274
4444.56	0.407791
4521.02	0.43749
4585.99	0.449629
4609.48	0.5646
4663.4	0.568442
4736.41	0.573956
4805.77	0.585492
4871.51	0.596839
4933.55	0.615806
4992.45	0.635026
5049.25	0.647196
5094.32	0.663875
5137.28	0.669799
5140.75	0.417882
5140.04	0.259818
5139.85	0.206105
3557.94	0.118343
3596.53	0.116604
3641.03	0.114669
3677.34	0.113119
3691.87	0.112435
3727.92	0.11093
3770.88	0.109136
3819.95	0.107203
3850.96	0.105969
3869.33	0.105162
3912.96	0.103505
3959.49	0.101764
4003.26	0.100164
4021.92	0.0994517
4049.38	0.0984309
4096.72	0.0968016
4145.32	0.0951842
4186.72	0.0939018
4201.36	0.0934318
4241.9	0.0922387
4295.18	0.0911333
4336.84	0.0911976
3739.3	0.11049
3752.24	0.109922
3779.78	0.108786
3820.7	0.107173
3835.3	0.106506
3872.43	0.105078
3908.95	0.103687
3925.82	0.102961
3964.15	0.101552
3993.4	0.1005
4011.14	0.0997798
4052.61	0.0983648
4072.44	0.0976776
4096.38	0.0968272
4135.04	0.0956363
4148.41	0.0951129
4178.63	0.0941305
4217.39	0.0929688
4231.26	0.0924205
4269.63	0.0914976
4303.23	0.0918982
4318.27	0.0929154
4361.54	0.0973844
4386.33	0.0991398
4406.23	0.097495
4450.61	0.113679
4464.89	0.129321
4477.45	0.142439
4039.55	0.0987678
4042.82	0.0986537
4067.82	0.0977738
4081.16	0.0972473
4101.66	0.0965583
4116.99	0.0960181
4133.94	0.0955022
4157.16	0.0947508
4169.46	0.0944276
4196.57	0.0937031
4208.33	0.093353
4231.97	0.0931212
4248.57	0.0931882
4264.31	0.092459
4287.33	0.0919849
4298.64	0.0924174
4324.71	0.0943475
4333.82	0.100998
4358.27	0.11997
4369.18	0.143822
4382.67	0.194325
4405.71	0.248453
4416.09	0.325707
4444.27	0.335976
4444.67	0.213922
3829.31	0.106787
3854.3	0.105813
3867.33	0.105247
3904.08	0.103849
3946.08	0.102279
3987.65	0.100721
4031.76	0.0991254
4075.56	0.0975454
4120.93	0.0960088
4163.46	0.0946481
4202.9	0.093624
4244.79	0.0933362
4294.79	0.0954386
4349.04	0.106754
4390.7	0.13865
4408.71	0.181375
4468.13	0.29968
4537.52	0.385206
4612.74	0.403982
4658.65	0.415015
2690.64	0.165191
2709.58	0.164131
2753.45	0.161785
2780.07	0.16018
2846.11	0.156518
2901.77	0.153339
2924.12	0.15187
2981.5	0.1486
3045.39	0.14506
3070.67	0.14343
3120.28	0.140709
3186.29	0.137195
3217.44	0.135416
3252.87	0.133494
3316.14	0.130321
3356.88	0.128236
3379.78	0.126958
3433.83	0.124399
3479.88	0.122219
3498.82	0.121167
3543.6	0.119103
3591.51	0.116963
3610.88	0.116009
3646.96	0.114444
3679.88	0.113008
3154.7	0.138785
3162.09	0.138318
3198.2	0.136349
3259.35	0.133191
3317.17	0.130259
3341.66	0.128907
3377.09	0.127111
3433.56	0.124409
3486.8	0.121859
3514.08	0.120508
3544.46	0.119041
3598.59	0.116628
3650.52	0.114341
3679.27	0.113063
3703.97	0.111928
3749.47	0.110033
3797.22	0.108123
3827.46	0.106906
3848.44	0.105984
3894.79	0.10422
3942.68	0.102433
3970.77	0.101377
3986.33	0.100737
4017.99	0.0995948
3283.02	0.131902
3332.46	0.129354
3386.4	0.126651
3440.11	0.12402
3492.41	0.121503
3543.73	0.119106
3591.96	0.11688
3639.07	0.114776
3685.96	0.112749
3729.05	0.110906
3767.54	0.109321
3785.83	0.108492
3821.81	0.107054
3869.32	0.105204
3916.98	0.103373
3964.9	0.101572
4013.54	0.0998052
4059.29	0.0981808
4106.39	0.0966461
4148.9	0.0954179
