2771.58	0.160998
2781.4	0.160234
2801	0.158824
2829.97	0.156898
2867.1	0.154586
2910.82	0.151989
2959.52	0.149183
3011.81	0.146233
3066.6	0.143194
3123.02	0.140115
3180.44	0.137037
3238.36	0.133993
3296.35	0.131012
3353.91	0.128117
3410.36	0.125331
3464.78	0.122681
3518.06	0.120162
3570.43	0.117757
3621.62	0.115462
3671.28	0.113282
3719.32	0.111216
3766.14	0.109251
3812.2	0.107367
3857.87	0.105546
3903.42	0.103774
3948.97	0.102049
3993.87	0.100389
4034.04	0.0988846
4075.1	0.0974171
4116.38	0.095974
4157.94	0.0945534
4199.7	0.093156
4241.48	0.0917851
4283.57	0.0904386
4326.46	0.0891142
4370.85	0.0878081
4417.54	0.0865225
4465.31	0.0853235
4513.39	0.0845042
4561.14	0.0847002
4607.87	0.0874993
4652.69	0.0960986
4694.07	0.114112
4730.89	0.138973
4763.48	0.160196
4790.4	0.17067
4811.25	0.160036
4826.1	0.121073
4835.31	0.0932301
4839.6	0.0817928
2761.33	0.161739
2771.17	0.160967
2791.17	0.159518
2821.27	0.15751
2859.95	0.155095
2905.21	0.152394
2955.24	0.149496
3008.58	0.146469
3064.16	0.143369
3121.19	0.140243
3179.08	0.137128
3237.41	0.134054
3295.87	0.131044
3354.13	0.128116
3411.51	0.125296
3465.08	0.122661
3518.19	0.120152
3570.88	0.117741
3622.52	0.115432
3672.36	0.113243
3720.09	0.111185
3766.6	0.109234
3812.43	0.10736
3857.96	0.105543
3903.57	0.103767
3949.95	0.102011
3999.11	0.100223
4033.84	0.098899
4075.74	0.0974079
4117.19	0.0959582
4159.01	0.0945345
4201.15	0.0931396
4242.85	0.0917931
4284.68	0.0905095
4327.06	0.0893636
4370.84	0.0884097
4418.93	0.0876025
4467.67	0.0870581
4516.46	0.0883478
4564.82	0.0940625
4611.97	0.109402
4657.24	0.140179
4697.91	0.188874
4733.96	0.238853
4770.57	0.286112
4800.62	0.300035
4819.35	0.263646
4832.55	0.171801
4842.26	0.119712
4846.67	0.0939561
2740.84	0.163075
2750.37	0.162315
2770.78	0.160828
2803.5	0.15867
2845.66	0.156061
2894.22	0.153163
2946.96	0.150088
3002.38	0.146914
3059.5	0.143699
3117.66	0.140486
3176.4	0.137306
3235.45	0.134178
3294.69	0.131115
3354.34	0.128113
3415.6	0.125136
3464.99	0.122648
3517.98	0.120158
3571.66	0.117716
3624.57	0.115363
3675.01	0.113148
3721.67	0.111123
3767.42	0.109207
3812.78	0.107357
3857.95	0.105558
3903.1	0.1038
3948.47	0.102078
3994.26	0.100388
4038.32	0.0987768
4077.73	0.097383
4118.7	0.0959555
4161.05	0.0945496
4204.52	0.0932203
4245.79	0.0920787
4287.1	0.0911977
4328.32	0.0914398
4368.7	0.0933669
4422	0.0952823
4472.38	0.0971074
4522.17	0.107557
4571.13	0.133592
4617.39	0.184063
4666.35	0.2682
4713.57	0.346649
4753.55	0.399615
4787.92	0.43603
4815.84	0.451779
4836.18	0.41474
4847.62	0.267985
4855.81	0.162378
4860.23	0.119252
2710.46	0.164789
2718.28	0.164114
2737.65	0.162688
2775.79	0.160312
2824.44	0.157417
2878.45	0.154234
2935.32	0.150907
2993.76	0.147529
3053.03	0.144156
3112.72	0.140826
3172.57	0.13756
3232.41	0.134372
3292.22	0.131269
3352.05	0.128253
3412.06	0.125325
3460.49	0.122893
3516.28	0.120249
3572.52	0.117694
3628.45	0.115224
3680.9	0.112915
3723.76	0.111045
3768.35	0.109203
3813.15	0.107388
3857.94	0.105609
3902.58	0.103873
3946.88	0.102182
3991.66	0.100521
4035.62	0.0989214
4076.58	0.0974239
4120.66	0.0959307
4162.78	0.094607
4212.74	0.0937706
4250.39	0.0941358
4291.63	0.0944538
4334.6	0.10319
4379.71	0.120743
4429.34	0.132371
4478.85	0.137447
4528.58	0.171592
4578.47	0.245826
4636.24	0.333513
4686.76	0.393121
4732.38	0.441548
4772.81	0.485794
4808.08	0.526749
4837.56	0.556713
4858.34	0.546668
4870.57	0.39724
4874.16	0.207598
4879.38	0.15211
2671.93	0.166563
2674.32	0.166079
2685.36	0.164998
2737.14	0.162326
2797.32	0.159059
2859.26	0.155516
2921.48	0.151879
2983.58	0.148254
3045.38	0.144695
3106.82	0.14123
3167.88	0.137869
3228.55	0.134615
3288.83	0.131469
3348.71	0.12843
3408.1	0.125494
3466.68	0.122652
3513.36	0.120369
3572.97	0.117673
3635.21	0.114961
3682.57	0.112822
3724.66	0.111
3768.73	0.109184
3813.4	0.107379
3858.16	0.105606
3902.72	0.103878
3944.87	0.102243
3990.64	0.100523
4034.98	0.0989015
4078.48	0.0973448
4122.95	0.0958391
4168.81	0.0945086
4209.75	0.0938948
4254.95	0.0961764
4295.58	0.111919
4338.29	0.1626
4384.37	0.218649
4436.36	0.242546
4483.38	0.242034
4543.64	0.316823
4599.47	0.377031
4654.72	0.417251
4704.19	0.449043
4750.49	0.491774
4792.78	0.535052
4831.28	0.577366
4867.37	0.612422
4889.3	0.647325
4899.41	0.493646
4901.11	0.274645
4904.42	0.181404
2630.75	0.168027
2621.43	0.167662
2591.99	0.166797
2689.67	0.164428
2767.97	0.160779
2839.21	0.156849
2907.13	0.15289
2973.01	0.149011
3037.36	0.145262
3100.52	0.14166
3162.76	0.138203
3224.23	0.134884
3284.99	0.131695
3345	0.128632
3404.1	0.125695
3461.86	0.122891
3517.22	0.120252
3570.11	0.117801
3624.95	0.115379
3675.11	0.113151
3721.9	0.111121
3767.81	0.109198
3813.3	0.107344
3858.48	0.105543
3903.67	0.103785
3949.86	0.102042
3991.55	0.100482
4035.89	0.0988934
4080.3	0.097334
4124.91	0.0958561
4169.96	0.0946195
4215.43	0.0942753
4257.29	0.0967559
4299.37	0.107366
4342.38	0.142764
4386.61	0.210005
4451.91	0.324279
4494.15	0.374506
4554.55	0.418136
4612.98	0.45299
4672.28	0.480231
4719.21	0.48418
4768.08	0.52372
4813.14	0.562846
4855.12	0.599127
4895.76	0.656405
4941.51	0.757013
4936.08	0.536727
4933.44	0.338024
4933.4	0.205926
2598.69	0.169087
2588.49	0.168661
2564.75	0.167755
2661.19	0.165762
2745.24	0.162123
2821.95	0.157995
2894.21	0.153801
2963.32	0.14971
3029.78	0.145795
3094.35	0.142076
3157.59	0.138537
3219.78	0.13516
3281.05	0.131928
3341.36	0.128835
3400.61	0.125878
3458.66	0.123059
3515.48	0.120378
3564.62	0.11807
3618.78	0.115634
3670.56	0.113352
3719.63	0.11123
3767.06	0.109236
3813.37	0.10734
3858.82	0.105521
3903.81	0.103766
3948.72	0.102059
3992.78	0.100413
4037.62	0.098792
4082.7	0.0971996
4127.22	0.0956679
4171.83	0.0942462
4216.74	0.0931918
4261.37	0.0937929
4305.04	0.10218
4345.87	0.129015
4395.76	0.220285
4453.84	0.31788
4508.51	0.345301
4562.15	0.39258
4616.85	0.423706
4677.98	0.462471
4735.61	0.493492
4788.22	0.534053
4835.97	0.573417
4885.37	0.60503
4929.76	0.654146
4976.87	0.751965
4969.55	0.536267
4965.43	0.357858
4962.89	0.218273
2576.7	0.169897
2568.96	0.169396
2553.41	0.168471
2644.79	0.166611
2729.41	0.163057
2808.64	0.158858
2883.87	0.154517
2955.64	0.15027
3023.4	0.146239
3088.77	0.142444
3152.66	0.138852
3215.45	0.135431
3277.23	0.132162
3337.95	0.129037
3397.53	0.126052
3455.9	0.123205
3513.24	0.120486
3570.19	0.11787
3614.41	0.115812
3668.23	0.113463
3718.62	0.111289
3767.2	0.109249
3814.2	0.107321
3859.64	0.105496
3904.2	0.103749
3948.78	0.102049
3993.77	0.100376
4039.82	0.098715
4086.57	0.0970787
4130.53	0.0955643
4174.67	0.0942015
4219.71	0.0934144
4267.61	0.0960969
4309	0.107511
4352.29	0.148987
4400.42	0.214048
4454.3	0.235983
4519.66	0.290174
4575.88	0.361215
4639.85	0.409193
4700.15	0.450767
4756.08	0.489799
4810.88	0.533354
4851.78	0.569619
4907.74	0.600241
4954.49	0.650012
4998.74	0.737197
4998.67	0.529217
4996.35	0.36785
4993.07	0.226264
2562.37	0.17057
2557.16	0.169999
2547.39	0.169002
2634.85	0.167167
2718.59	0.163671
2798.86	0.159442
2876.42	0.154989
2951.33	0.150596
3018.72	0.146535
3083.92	0.142744
3148.07	0.139141
3211.33	0.135695
3273.65	0.132396
3334.88	0.12924
3394.86	0.126229
3453.45	0.123362
3510.67	0.120637
3566.48	0.118053
3619.98	0.115622
3668.87	0.113434
3719.06	0.111287
3768.69	0.109221
3816.49	0.107263
3861.38	0.10545
3904.78	0.103742
3948.81	0.102063
3994.23	0.100377
4042.06	0.0986579
4094.13	0.0968815
4134.77	0.0955433
4177.88	0.0944735
4221.17	0.0939998
4262.91	0.0945328
4312.88	0.0991805
4360.88	0.11535
4408.5	0.166153
4466.24	0.248034
4534.73	0.311102
4597.24	0.377
4658.48	0.425417
4720.3	0.47014
4772.31	0.49497
4821.98	0.538192
4878.79	0.575669
4935.24	0.607208
4988.61	0.661044
5039.63	0.752606
5032.4	0.554279
5027.08	0.379435
5023.27	0.233951
2553.2	0.171127
2549.84	0.17049
2543.76	0.169397
2628.38	0.167545
2710.86	0.164082
2791.35	0.159832
2871.07	0.155233
2953.95	0.150409
3015.58	0.146643
3079.42	0.142986
3143.62	0.139412
3207.39	0.135953
3270.37	0.132627
3332.28	0.129441
3392.81	0.126402
3451.62	0.123516
3508.84	0.120785
3564.47	0.1182
3618.24	0.115763
3667.76	0.113551
3719.73	0.111321
3771.8	0.109169
3821.63	0.107128
3864.68	0.105384
3904.97	0.103813
3947.8	0.102185
3992.85	0.100516
4040.79	0.0987913
4088.81	0.0971327
4131.89	0.0956872
4173.79	0.0942229
4221.65	0.0927718
4269.03	0.0919085
4319.76	0.0935902
4361.44	0.102832
4416.82	0.142832
4477.39	0.252499
4550.07	0.35906
4610.28	0.401883
4669.26	0.424863
4725.87	0.46316
4787.79	0.501558
4845.35	0.54202
4903.34	0.578464
4961.6	0.609333
5018.1	0.662128
5071.4	0.751108
5062.8	0.556961
5056.22	0.38494
5052.13	0.238338
2547.36	0.171562
2545.22	0.170871
2541.39	0.169694
2623.8	0.167831
2704.78	0.164428
2784.16	0.160266
2862.02	0.155814
2937.92	0.15137
3006.63	0.147243
3073.31	0.143367
3139.03	0.139668
3203.95	0.136123
3268.06	0.132725
3331.19	0.129474
3392.8	0.126381
3451.72	0.123468
3508.97	0.120725
3565.01	0.118122
3620.15	0.115631
3675.73	0.113209
3719.97	0.111255
3778.56	0.108879
3821.37	0.107085
3864.19	0.105385
3906.69	0.103738
3948.16	0.102146
3997.49	0.100339
4040.46	0.0988013
4084.16	0.0972566
4130.95	0.0956839
4176.15	0.0942573
4224.09	0.0927882
4273.29	0.0925334
4317.17	0.0963004
4369.47	0.117727
4423.69	0.199818
4492.76	0.301874
4559.27	0.3631
4620.14	0.407096
4674.72	0.435889
4740.66	0.468987
4802.45	0.508339
4864.17	0.546112
4924.85	0.58055
4985.23	0.610407
5043.67	0.662318
5098.1	0.749981
5089.57	0.554687
5082.7	0.383248
5078.52	0.238019
2543.62	0.171879
2542.25	0.17115
2539.79	0.169912
2620.44	0.168044
2699.97	0.164699
2778.06	0.160616
2854.42	0.156254
2928.5	0.151889
2999.1	0.147689
3067.5	0.143702
3134.53	0.13991
3200.6	0.136285
3265.98	0.132809
3330.86	0.129473
3394.76	0.126291
3452.79	0.123392
3509.66	0.120677
3565.89	0.118084
3621.12	0.115603
3674.66	0.113249
3726.45	0.111029
3773.68	0.109044
3820.62	0.107126
3864.13	0.105368
3908.27	0.103661
3951.14	0.102052
3994.03	0.10043
4040.51	0.0987466
4086.16	0.0971288
4132.29	0.0955667
4180.5	0.0942087
4226.71	0.0941113
4273.79	0.0986036
4322.87	0.117215
4371.91	0.168575
4429.4	0.223583
4495.25	0.260597
4570.67	0.315188
4634.78	0.3817
4694.48	0.433002
4753.62	0.475938
4812.11	0.515847
4880.01	0.549811
4943.86	0.582154
5006.24	0.611112
5066.04	0.662392
5121.2	0.749174
5113.08	0.551349
5106.32	0.378763
5102.11	0.235299
2541.25	0.172095
2540.34	0.171343
2538.69	0.170065
2617.97	0.168195
2696.29	0.164893
2773.28	0.160867
2848.64	0.156558
2922.02	0.152226
2993.14	0.148014
3062.4	0.143983
3130.29	0.140135
3197.21	0.136452
3263.68	0.132903
3330.78	0.129438
3401.9	0.12594
3454.34	0.123284
3510.4	0.120662
3567.19	0.118078
3623.32	0.115583
3674.98	0.113285
3724.4	0.111158
3771.69	0.109183
3823.28	0.107107
3863.58	0.105467
3906.6	0.103765
3951.54	0.102063
3996.11	0.100403
4042.16	0.0987529
4088.63	0.0971466
4132.67	0.0956838
4181.14	0.0943238
4228.9	0.0937384
4271.64	0.0943158
4326.51	0.107951
4377.24	0.155779
4426.94	0.214626
4502.09	0.293433
4576.77	0.347141
4644.56	0.389949
4705.48	0.431874
4764.95	0.47706
4825.11	0.518639
4895.88	0.551596
4961.53	0.583022
5025.16	0.611531
5085.8	0.662421
5141.43	0.748608
5133.72	0.548175
5127.17	0.373642
5122.91	0.231984
2539.79	0.172235
2539.15	0.171469
2537.96	0.170166
2616.26	0.168294
2693.64	0.165024
2769.75	0.161039
2844.35	0.156768
2917.27	0.152464
2988.45	0.148262
3058.04	0.14422
3126.32	0.140354
3193.55	0.136656
3260.02	0.133113
3325.96	0.129712
3390.99	0.126466
3450.38	0.123496
3509.27	0.120686
3569.14	0.117943
3632.22	0.115189
3678.7	0.113061
3725.44	0.111077
3775.36	0.109071
3816.91	0.107329
3865.19	0.105407
3908.53	0.103717
3952.75	0.102075
3996.44	0.100448
4043.54	0.0987597
4089.91	0.0971026
4138.58	0.0955291
4183.75	0.0943033
4225.21	0.0938436
4269.09	0.0952655
4322.36	0.100462
4379.08	0.118988
4434.56	0.149172
4499.73	0.198356
4584.31	0.311374
4652.92	0.385071
4712.63	0.438643
4769.9	0.484034
4843.74	0.517949
4912.82	0.551591
4978.4	0.583204
5042.35	0.611663
5103.32	0.662387
5159.16	0.748222
5151.77	0.545604
5145.42	0.368872
5141.12	0.228892
2538.95	0.172318
2538.47	0.171543
2537.56	0.170225
2615.26	0.168352
2691.97	0.165101
2767.34	0.161147
2841.28	0.15691
2913.75	0.152636
2984.76	0.148453
3054.38	0.144419
3122.74	0.140554
3189.98	0.136857
3256.18	0.133324
3321.34	0.129951
3385.04	0.126739
3446.28	0.123705
3506.57	0.120821
3567.36	0.118025
3631.25	0.115232
3676.28	0.113187
3720.88	0.111196
3770.88	0.109144
3824	0.107022
3861.96	0.10547
3904.66	0.103783
3952.31	0.101988
4001.12	0.100211
4046.44	0.0985819
4092.21	0.0969775
4139.95	0.0953998
4179.14	0.0942045
4223.59	0.0929997
4274.66	0.0922636
4327.01	0.0943053
4379.84	0.109332
4443.15	0.182687
4508.98	0.251809
4590.8	0.334046
4660.66	0.390409
4718.36	0.442881
4791.84	0.480758
4862.12	0.516088
4929.28	0.550873
4994.08	0.583017
5057.8	0.611617
5118.75	0.662311
5174.6	0.747972
5167.43	0.543708
5161.24	0.364794
5156.89	0.226372
2538.6	0.172356
2538.22	0.171575
2537.47	0.170246
2615.07	0.168369
2691.35	0.165125
2765.99	0.161197
2839.24	0.156996
2911.19	0.152757
2981.89	0.1486
3051.35	0.144583
3119.62	0.140727
3186.75	0.137037
3252.71	0.133512
3317.5	0.130149
3380.9	0.126947
3442.48	0.123911
3502.79	0.121031
3561.97	0.118294
3619.67	0.115714
3674.04	0.113312
3710.71	0.111621
3763.17	0.109458
3812.38	0.107458
3855.07	0.105709
3903.34	0.103832
3951.15	0.102004
4000.75	0.100184
4051.38	0.0983824
4093.16	0.0968894
4134.19	0.0954848
4180.72	0.093879
4228.66	0.0923341
4279.92	0.0908919
4333.93	0.0901776
4391.23	0.0933376
4453.93	0.113509
4516.18	0.177769
4603.42	0.308218
4676.36	0.387455
4742.82	0.437832
4811.29	0.477573
4878.68	0.514304
4944.14	0.550016
5008.02	0.582714
5071.3	0.611512
5132.07	0.662241
5187.83	0.747827
5180.81	0.542363
5174.74	0.361466
5170.34	0.224192
2538.6	0.172358
2538.35	0.171568
2537.77	0.170223
2616.03	0.168329
2692.07	0.165081
2765.69	0.161184
2838.08	0.157033
2909.38	0.152836
2979.7	0.148713
3048.9	0.144717
3117.02	0.140875
3184.02	0.137193
3249.71	0.133677
3314.4	0.130319
3377.9	0.127115
3439.35	0.124098
3499.58	0.121232
3557.56	0.118519
3611.01	0.11611
3663.11	0.113807
3710.85	0.111647
3758.61	0.10963
3807.29	0.107671
3854.67	0.105776
3902.79	0.103912
3948.68	0.102113
3999.96	0.100221
4051.88	0.0983722
4094.69	0.0968163
4134.06	0.0954087
4182.27	0.093792
4231.98	0.0921789
4284.2	0.090628
4339.39	0.0895596
4398.36	0.0914472
4462.27	0.108917
4527.93	0.186949
4613.38	0.310306
4688.7	0.387737
4758.37	0.435729
4826.13	0.475653
4892.24	0.51301
4956.63	0.54932
5019.79	0.582457
5082.66	0.61144
5143.23	0.662225
5198.88	0.747762
5191.96	0.541371
5186	0.358635
5181.57	0.222515
2538.85	0.172335
2538.79	0.171527
2538.59	0.170144
2619.01	0.168193
2694.96	0.164917
2766.26	0.161104
2837.58	0.157028
2908.07	0.152888
2978.1	0.1488
3046.93	0.144829
3114.92	0.141
3181.95	0.137319
3247.07	0.133829
3311.81	0.130469
3376.32	0.127204
3436.83	0.124271
3498.06	0.121404
3551.09	0.11881
3606.18	0.116292
3657.98	0.113973
3707.26	0.111802
3755.44	0.109747
3804.43	0.107747
3853.01	0.105802
3901.82	0.103901
3951.67	0.102016
3999.17	0.100274
4049.8	0.098484
4088.95	0.097047
4133.99	0.0954814
4183.7	0.093793
4234.37	0.092195
4287.33	0.0907522
4343.02	0.0900241
4402.12	0.093094
4467.18	0.117919
4536.57	0.223944
4615.25	0.326599
4696.8	0.388879
4768.84	0.434685
4836.96	0.474478
4902.63	0.512148
4966.41	0.548876
5029.09	0.582342
5091.7	0.61147
5152.15	0.662305
5207.76	0.747759
5200.95	0.540532
5195.08	0.356097
5190.66	0.220975
2539.17	0.172304
2539.34	0.171473
2539.94	0.170019
2626.25	0.167848
2702.23	0.164483
2766.46	0.161007
2837.51	0.157001
2906.75	0.152936
2977.16	0.148859
3045.23	0.144929
3113.18	0.14111
3181.14	0.137362
3244.16	0.134008
3308.81	0.130695
3369.04	0.127546
3435.23	0.124302
3503.25	0.121098
3552.13	0.118724
3604.23	0.116378
3655.05	0.114119
3704.56	0.111969
3751.34	0.109932
3801.98	0.107855
3851.26	0.105882
3900.13	0.103977
3948.69	0.102132
3996.1	0.100368
4043.57	0.0986549
4089.32	0.0970233
4139.23	0.0953837
4185.53	0.0939972
4236.07	0.0928231
4289.49	0.0924144
4345.09	0.0942362
4401.18	0.0981452
4465.88	0.124497
4536.02	0.229821
4630.24	0.348792
4704.3	0.389584
4776.1	0.43392
4844.47	0.473629
4910.01	0.511576
4973.39	0.548713
5035.72	0.582461
5098.29	0.611677
5158.81	0.662526
5214.48	0.747806
5207.8	0.539669
5202.05	0.353601
5197.71	0.21969
2539.33	0.172288
2539.43	0.171457
2539.5	0.170027
2621.81	0.168009
2698.46	0.16463
2771.9	0.160667
2838.84	0.156889
2903.79	0.153077
2978.04	0.148789
3043.09	0.145054
3110.81	0.141327
3173.4	0.137799
3241.06	0.134187
3305.7	0.130796
3368.19	0.127575
3431.18	0.124482
3492.99	0.121537
3549.04	0.118868
3603.84	0.116383
3653.6	0.114127
3702.4	0.111996
3752.94	0.109876
3800.9	0.107924
3850.08	0.105982
3899.04	0.104087
3947.33	0.102257
3993.61	0.100532
4034.42	0.0990436
4086.53	0.0973206
4137.01	0.0959071
4186.64	0.0952201
4234.82	0.0954634
4289.29	0.0966097
4344.72	0.106138
4401.45	0.124349
4458.49	0.155562
4537.76	0.239029
4631.85	0.340607
4706.05	0.398771
4779.51	0.434712
4848.98	0.473185
4914.58	0.511239
4977.49	0.548912
5039.37	0.583004
5102.33	0.612179
5163.23	0.662941
5219.12	0.747895
5212.62	0.538683
5206.98	0.351145
5202.85	0.218545
2539.37	0.172286
2539.57	0.171447
2539.81	0.170002
2622.84	0.167966
2697.62	0.164626
2771.77	0.160642
2839.01	0.15681
2910.43	0.152751
2972.42	0.149109
3039.49	0.145314
3109.05	0.141406
3174.82	0.137741
3240.33	0.134212
3304.13	0.130855
3366.23	0.127665
3427.7	0.124626
3487.97	0.121727
3546.73	0.118957
3608.11	0.116215
3652.81	0.11416
3698.28	0.112182
3749.38	0.110034
3799.04	0.107999
3849.43	0.105998
3899.4	0.104082
3949.81	0.102192
3991.46	0.100583
4037.7	0.0989286
4086.9	0.0973417
4136.91	0.096179
4187.65	0.0967178
4240.02	0.10397
4288.53	0.128254
4341.71	0.181433
4392.06	0.23158
4472.81	0.284795
4552.13	0.328037
4638.38	0.375556
4719.06	0.41676
4779.65	0.442648
4851.44	0.47432
4916.85	0.511402
4978.68	0.549817
5039.25	0.584681
5103.77	0.613166
5165.57	0.663554
5221.83	0.748021
5215.51	0.537723
5209.99	0.349074
5206.05	0.217591
2539.22	0.172305
2539.64	0.171452
2541.01	0.169945
2631.93	0.167618
2697.15	0.164636
2763.11	0.16114
2836.59	0.157043
2907.86	0.152918
2976.52	0.148883
3047.53	0.144852
3110.49	0.141263
3175.9	0.137725
3240.69	0.1342
3303.65	0.130896
3364.27	0.127764
3424.86	0.124769
3483.92	0.121918
3541.31	0.119221
3597.57	0.116675
3648.87	0.114352
3700.3	0.112125
3747.14	0.110163
3796.45	0.108177
3844.01	0.106235
3894.37	0.104278
3943.51	0.102402
3990.48	0.10063
4036.64	0.0989349
4086.7	0.0971577
4136.57	0.0955321
4187.12	0.0942313
4238.27	0.0941027
4289.47	0.0979119
4345.01	0.114481
4398.6	0.167774
4480.31	0.301938
4562.73	0.38813
4640.27	0.402873
4717.95	0.4327
4790.44	0.462224
4854.42	0.484856
4917.67	0.516487
4977.28	0.551806
5032.48	0.587818
5103.24	0.614447
5166.36	0.664076
5222.88	0.748174
5216.62	0.537562
5211.16	0.348202
5207.37	0.217058
2538.64	0.172361
2538.74	0.171538
2538.82	0.170126
2619.68	0.168153
2692.68	0.164948
2763.79	0.161177
2835.99	0.157097
2907.46	0.152938
2977.74	0.148839
3047.41	0.144862
3114.21	0.141081
3179.88	0.137468
3242.25	0.134089
3304.88	0.130898
3361.75	0.127914
3422.95	0.1249
3481.01	0.122081
3536.55	0.119452
3591.58	0.116972
3644.48	0.114611
3694.16	0.112373
3743.9	0.110254
3793.04	0.108227
3841.9	0.106255
3891.48	0.104319
3940.95	0.102431
3989.54	0.10061
4040.35	0.098794
4087.66	0.0971388
4136.67	0.0955435
4187.22	0.0940646
4237.55	0.0929756
4286.23	0.0930893
4347.6	0.0967667
4406.41	0.112492
4471.48	0.16479
4552.71	0.271163
4639.96	0.346219
4719.21	0.393592
4791.4	0.432972
4854.86	0.473787
4919.45	0.509406
4981.41	0.548042
5041.61	0.583617
5105.49	0.612619
5166.66	0.663367
5222.46	0.748337
5216	0.539349
5210.52	0.34903
5206.88	0.216769
2537.97	0.172425
2537.85	0.171623
2537.45	0.170251
2615.1	0.168344
2689.86	0.165119
2763.03	0.161255
2835.73	0.157114
2907.78	0.152906
2979.07	0.148753
3049.61	0.144723
3118.49	0.140865
3182.97	0.137273
3245.74	0.133903
3308.85	0.130643
3367.16	0.127643
3423.62	0.124917
3477.35	0.122307
3534.59	0.119562
3588.57	0.117066
3641.02	0.114703
3691.17	0.112479
3741.14	0.11036
3789.92	0.108336
3839.21	0.10636
3889.01	0.104414
3939.71	0.102488
3986.98	0.100731
4036.94	0.0989476
4086.02	0.0972105
4137.4	0.0954043
4189.28	0.0937264
4241.66	0.0922403
4295.33	0.0913297
4353.58	0.0922894
4412.34	0.0997684
4466.11	0.131559
4543.33	0.230539
4635.99	0.345155
4718.98	0.402474
4794.02	0.444703
4865.13	0.482311
4918.79	0.508979
4983.33	0.545116
5044.36	0.580661
5105.81	0.610808
5165.24	0.662442
5220.12	0.748553
5213.41	0.540905
5207.98	0.34795
5204.69	0.215229
2537.42	0.172476
2537.23	0.171681
2536.77	0.170318
2613.23	0.168422
2688.38	0.165198
2762.41	0.161298
2835.71	0.15711
2908.4	0.152852
2980.64	0.148636
3052.93	0.144502
3126.56	0.140425
3187.16	0.136989
3248.27	0.133783
3307.85	0.130702
3368.74	0.127572
3426.58	0.124693
3484.31	0.121925
3535.43	0.119509
3586.66	0.117166
3639.55	0.114774
3688.14	0.112607
3739.45	0.110463
3786.29	0.108514
3836.13	0.106544
3885.92	0.104602
3932.48	0.102762
3984.16	0.100825
4035.16	0.0989712
4086.36	0.0971758
4138.82	0.0954631
4192.2	0.094025
4245.99	0.0932833
4301.44	0.0945393
4360.34	0.102035
4417.39	0.117962
4474.82	0.163955
4547.21	0.246526
4626.37	0.347606
4716.99	0.396179
4793.6	0.435939
4863.32	0.473852
4927.53	0.511992
4984.69	0.540559
5043.94	0.577768
5103.59	0.609016
5161.39	0.661336
5215.14	0.748864
5208.52	0.539203
5203.47	0.33923
5200.99	0.209934
2537.05	0.172507
2536.86	0.171714
2536.46	0.170349
2612.48	0.168453
2687.75	0.165229
2762.2	0.161315
2835.92	0.157103
2908.99	0.15282
2981.63	0.148581
3054.33	0.144425
3128.52	0.140332
3189.33	0.136889
3251.32	0.133582
3312.74	0.130397
3372.8	0.127344
3429.06	0.12453
3484.26	0.121879
3537.72	0.11936
3592.88	0.116862
3642.03	0.114687
3682.14	0.112894
3732.6	0.110792
3783.38	0.108678
3833.28	0.106661
3882.84	0.104706
3932.08	0.102803
3982.62	0.100927
4033.95	0.0991089
4086.41	0.0974477
4140.47	0.0963352
4195.99	0.0971728
4249.96	0.102068
4305.1	0.114052
4359.26	0.131198
4421.04	0.155884
4479.19	0.208122
4563.88	0.300864
4641	0.359995
4719.47	0.394842
4792.94	0.427908
4861.26	0.462811
4924.42	0.499802
4980.85	0.540476
5040.33	0.574749
5098.82	0.606306
5154.63	0.658884
5206.3	0.749185
5201.09	0.524302
5197.26	0.312637
5196.08	0.197759
2536.88	0.17252
2536.71	0.171725
2536.36	0.170358
2612.3	0.16846
2687.69	0.165235
2762.39	0.161313
2836.35	0.157093
2909.57	0.152808
2982.04	0.148585
3053.69	0.144487
3123.96	0.140557
3189.72	0.136887
3254.32	0.133422
3318.37	0.13011
3380.04	0.126968
3432.05	0.124357
3485.43	0.121831
3537.84	0.119399
3586.32	0.117119
3637.04	0.114845
3683.8	0.112765
3732.48	0.11071
3781.81	0.108673
3831.12	0.106681
3880.45	0.104735
3930	0.102826
3980.29	0.100949
4031.59	0.099126
4084.77	0.0976049
4140.84	0.098234
4202.65	0.112637
4251.24	0.149654
4304.17	0.203787
4358.94	0.245489
4426.22	0.302299
4494.18	0.35463
4570.58	0.394621
4645.95	0.422681
4719.96	0.447467
4791.01	0.471187
4858.62	0.497004
4922.97	0.525637
4985.37	0.555243
5034.85	0.574677
5092.5	0.599991
5145.17	0.641845
5190.18	0.725457
5191.7	0.445015
5190.36	0.251626
5190.4	0.18649
2536.87	0.172516
2536.71	0.17172
2536.4	0.170351
2612.48	0.168451
2688.07	0.165219
2762.99	0.16129
2837.13	0.157062
2910.42	0.152776
2982.74	0.148559
3053.86	0.144477
3123.33	0.140563
3190.66	0.136836
3257.26	0.133269
3325.76	0.129767
3379.05	0.126981
3435.75	0.124198
3487.48	0.12168
3538.21	0.119308
3587.08	0.117048
3635.68	0.114871
3683.29	0.11278
3731.55	0.110737
3780.25	0.108727
3829.02	0.106756
3878.1	0.104823
3927.58	0.102921
3977.55	0.101049
4028.11	0.0992094
4081.14	0.0974346
4136.15	0.0961344
4193.54	0.0969559
4249.91	0.103045
4304.35	0.120607
4360.92	0.147976
4421.99	0.179001
4485.48	0.222502
4571.59	0.296469
4647.51	0.353725
4720.15	0.395331
4789.98	0.431808
4856.67	0.467799
4920.27	0.504495
4980.98	0.542103
5038.69	0.578652
5090.33	0.602573
5143.34	0.656533
5193.57	0.749527
5188.41	0.505069
5185.7	0.278648
5184.98	0.188515
2537.02	0.172497
2536.87	0.1717
2536.56	0.17033
2612.97	0.168426
2688.86	0.165181
2764.02	0.161238
2838.34	0.156999
2911.76	0.152705
2984.13	0.148486
3055.11	0.144408
3124.25	0.140506
3191.69	0.136798
3257.64	0.133282
3321.21	0.129966
3380.68	0.126884
3443.87	0.12382
3490.01	0.121524
3539.98	0.119235
3587.7	0.117046
3634.97	0.114935
3681.89	0.112882
3730.05	0.110846
3778.58	0.108845
3826.72	0.106898
3875.59	0.10498
3925.07	0.103088
3974.77	0.101236
4022.91	0.0994599
4076.45	0.0975822
4130.11	0.0960976
4186.11	0.0964495
4249.64	0.106991
4298.7	0.141395
4353.09	0.201979
4412.76	0.252609
4491.42	0.300771
4571.06	0.330684
4644.02	0.356881
4716.04	0.382822
4785.67	0.419358
4852.17	0.455505
4915.51	0.49242
4975.58	0.530752
5032.06	0.569338
5083.6	0.605032
5137.59	0.657304
5188.13	0.749644
5182.96	0.511451
5180.21	0.284274
5179.52	0.191829
2537.33	0.172463
2537.17	0.171666
2536.84	0.170295
2613.79	0.168384
2690.12	0.165118
2765.55	0.161153
2840.06	0.156895
2913.69	0.152586
2986.38	0.148354
3057.64	0.144269
3126.25	0.140381
3193.6	0.136694
3259.79	0.1332
3320.11	0.130016
3377.99	0.12705
3435.13	0.124239
3488.32	0.121632
3544.81	0.119027
3588.69	0.116994
3634.42	0.114983
3678.28	0.113045
3727.75	0.110935
3777.38	0.10889
3823.31	0.107027
3872.3	0.105112
3922.39	0.103196
3972.85	0.101313
4024.65	0.0994606
4072.56	0.0978348
4122.79	0.0964001
4172.04	0.0956631
4233.98	0.0970175
4290.13	0.104701
4344.58	0.127104
4392.45	0.181204
4483.09	0.308992
4567.1	0.386635
4648.61	0.428729
4706.99	0.431093
4777.74	0.458025
4844.89	0.487804
4908.73	0.519077
4969.33	0.551906
5027.38	0.583797
5084.57	0.613586
5128.48	0.645043
5174.06	0.726618
5175.17	0.437626
5174.44	0.251358
5174.17	0.196859
2537.79	0.172413
2537.63	0.171613
2537.28	0.170242
2615.07	0.168322
2691.99	0.165028
2767.67	0.161033
2842.24	0.156753
2916.07	0.15242
2989.52	0.148149
3062.25	0.144014
3128.91	0.140188
3196.03	0.136515
3267.17	0.132812
3320.84	0.129976
3375.42	0.127218
3429.77	0.124543
3482.79	0.12198
3535.29	0.119518
3584.43	0.117242
3632.75	0.115077
3681.52	0.112959
3725.13	0.111089
3768.81	0.109261
3820.18	0.107211
3867.9	0.105264
3919.41	0.103273
3969.52	0.101379
4019.26	0.0995482
4068.9	0.097768
4119.45	0.0960516
4171.32	0.0944568
4227.35	0.0932571
4283.94	0.0934833
4341.07	0.098718
4399.61	0.121364
4464.49	0.196042
4556.86	0.314955
4628.76	0.377367
4700.46	0.405032
4770.42	0.438471
4837.96	0.471633
4902	0.506489
4962.87	0.543213
5021.46	0.578948
5079	0.611177
5133.58	0.669187
5179.46	0.74955
5173.77	0.516514
5170.72	0.29106
5169.27	0.195208
2538.41	0.172343
2538.27	0.171539
2537.93	0.170166
2617.03	0.168231
2694.83	0.164901
2770.54	0.160882
2844.74	0.156597
2918.34	0.15225
2992.86	0.147893
3072.33	0.143433
3130.51	0.140048
3193.79	0.136665
3257.74	0.133338
3317.52	0.130238
3372.44	0.127413
3425.94	0.124766
3477.71	0.12226
3530.59	0.11973
3581.16	0.117393
3630.26	0.11519
3679.33	0.113062
3722.56	0.111201
3765.35	0.10937
3818.64	0.107233
3870.23	0.105188
3918.2	0.103346
3967.07	0.101518
4014.7	0.0997469
4065.21	0.0978824
4115.84	0.0961145
4167.68	0.0943955
4221.52	0.0928023
4278.43	0.0917771
4336.44	0.0935885
4397.02	0.109609
4457.14	0.1803
4545.54	0.287072
4612.24	0.350125
4699.05	0.391944
4759.48	0.422839
4829.1	0.458239
4893.55	0.495073
4954.69	0.533091
5013.82	0.57035
5071.78	0.601815
5126.41	0.651381
5172.36	0.749205
5169.65	0.493596
5165.98	0.293545
5164.04	0.197147
2539.18	0.172256
2539.1	0.171441
2538.89	0.170051
2620.08	0.168085
2699.48	0.164697
2774.59	0.160681
2847.39	0.156469
2919.21	0.152245
2990.68	0.148092
3061.48	0.144073
3125.99	0.140374
3189.97	0.136864
3254.39	0.133443
3321.39	0.130007
3371.3	0.127397
3423.77	0.124826
3477.21	0.122276
3527.68	0.119893
3578.93	0.117569
3627.43	0.115416
3674.1	0.113347
3721.47	0.111269
3769.55	0.109238
3818.85	0.107244
3868.5	0.105291
3917.48	0.103403
3966.27	0.101572
4014.19	0.0997974
4062.26	0.098025
4112.1	0.0963226
4163.31	0.0946501
4214.08	0.0931452
4273.37	0.0924733
4330.38	0.0949642
4389.06	0.105688
4453.92	0.125444
4520.53	0.22103
4616.41	0.336687
4684.14	0.379233
4751.9	0.419017
4819.2	0.458072
4882.98	0.497597
4943.97	0.537337
5004.23	0.574596
5063.88	0.606063
5120.94	0.658228
5173.08	0.748823
5166.21	0.534445
5160.97	0.330862
5157.96	0.209602
2540.01	0.172162
2540.05	0.171325
2540.16	0.169889
2624.72	0.167832
2708.12	0.164283
2780.6	0.160333
2850.6	0.15628
2919.93	0.152224
2988.63	0.148235
3056.31	0.144367
3121.39	0.140677
3185.07	0.13717
3247.79	0.133822
3309.13	0.130639
3364.89	0.127746
3419.39	0.125039
3473.59	0.122429
3525	0.120042
3573.76	0.117752
3626.28	0.115391
3676.26	0.113186
3725.86	0.111069
3771.67	0.109141
3818.51	0.107236
3867.97	0.105302
3917.36	0.103403
3966.59	0.101557
4015.18	0.0997815
4059.47	0.0981887
4107.15	0.0965595
4157.71	0.0949111
4215.48	0.0932556
4266.65	0.0919936
4322.99	0.0920103
4375.28	0.0969564
4443.95	0.124577
4506.3	0.236673
4605.83	0.350236
4686.92	0.407463
4749.43	0.437004
4806.51	0.462648
4869.91	0.502673
4929.69	0.543612
4992.35	0.579042
5054.29	0.609219
5113.45	0.660989
5167.84	0.748584
5160.39	0.543545
5154.44	0.352883
5150.45	0.218643
2540.8	0.17208
2540.9	0.171227
2541.39	0.169727
2630.32	0.167469
2727.39	0.163257
2788.73	0.159761
2854.05	0.156012
2920.79	0.152157
2987.06	0.148321
3053.15	0.144552
3117.58	0.140926
3180.47	0.137465
3241.92	0.134168
3301.78	0.131041
3359.1	0.128077
3414.68	0.125339
3467.39	0.12273
3522.52	0.120133
3575.91	0.117667
3627.27	0.115344
3678.52	0.113116
3731	0.110917
3773.03	0.109111
3814.16	0.10739
3867.57	0.105299
3917.86	0.103346
3968.57	0.10145
4014.88	0.0997572
4060.32	0.0981508
4106.4	0.0965396
4159.27	0.0948676
4205.41	0.0936208
4264.53	0.0929195
4322.45	0.0951785
4380.58	0.106836
4441.13	0.145761
4507.91	0.256982
4599.05	0.355034
4676.03	0.408468
4746.04	0.450634
4797.96	0.480834
4855.31	0.507416
4908.46	0.55093
4978.38	0.582451
5042.94	0.611102
5103.68	0.662218
5159.22	0.748504
5151.87	0.545177
5145.73	0.362401
5141.5	0.223766
2541.5	0.172027
2541.34	0.1712
2541.15	0.169781
2627.49	0.167701
2713.09	0.164048
2789.63	0.159867
2854.87	0.155994
2921.79	0.152163
2985.28	0.148457
3052.03	0.144622
3115.64	0.141027
3177.6	0.137606
3238.03	0.134332
3297.88	0.131252
3353.8	0.128299
3410.94	0.125431
3466.21	0.122708
3522.16	0.120055
3580.75	0.117392
3628.14	0.115215
3679.22	0.113046
3732.19	0.110855
3777.62	0.10893
3823.57	0.107071
3870.47	0.105224
3918.26	0.103398
3963.66	0.101653
4009.63	0.0998974
4059.75	0.0980808
4108.59	0.0963772
4159.18	0.0947796
4210	0.0936093
4265.22	0.0940178
4322.49	0.100846
4381.12	0.128995
4438.75	0.197755
4517.34	0.325844
4593.47	0.395273
4663.24	0.418675
4733.42	0.453664
4797.51	0.488767
4843.51	0.510927
4903.53	0.549814
4966.91	0.583055
5030.71	0.611891
5091.92	0.662865
5148.05	0.748579
5140.85	0.545312
5134.71	0.366057
5130.47	0.226485
2542.33	0.171969
2541.81	0.171179
2540.82	0.169843
2625.19	0.167873
2707.54	0.164391
2784.77	0.160281
2855.71	0.156111
2924.53	0.152032
2992.12	0.148043
3053.44	0.144468
3114.71	0.141053
3174.19	0.137818
3236.23	0.134433
3295.4	0.131315
3351.8	0.128365
3408.4	0.125523
3463.74	0.122811
3518.59	0.120204
3574.15	0.117659
3623.07	0.115399
3676.76	0.113091
3735.64	0.110666
3780.1	0.108792
3826.46	0.106921
3874.74	0.105031
3919.05	0.103282
3966.58	0.101469
4012.97	0.0997404
4061.29	0.0980489
4110.08	0.0965157
4160.08	0.0955779
4211.51	0.0971126
4265.03	0.106794
4321.02	0.137042
4378.04	0.225608
4443.31	0.290663
4514.62	0.341239
4571.74	0.374638
4651.9	0.403221
4721.86	0.439788
4784.98	0.478354
4840.81	0.520454
4891.33	0.550123
4952.22	0.583819
5016.33	0.612619
5078.02	0.663502
5134.56	0.748828
5127.48	0.545173
5121.41	0.36723
5117.17	0.22728
2543.68	0.171863
2542.72	0.171105
2540.95	0.169826
2624.69	0.167893
2706.79	0.164429
2785.81	0.160271
2858.2	0.156017
2928	0.151854
2990.08	0.148133
3052.18	0.144583
3116.57	0.140933
3180.55	0.137421
3236.62	0.134352
3294.98	0.131344
3348.88	0.128536
3406.43	0.125642
3461.13	0.122968
3513.72	0.120454
3563.91	0.118102
3612.79	0.115852
3668.73	0.113458
3725.11	0.111088
3776.89	0.108895
3828.57	0.10679
3884.34	0.104643
3928.19	0.102926
3971.12	0.101349
4015.01	0.099793
4063.19	0.0984021
4111.32	0.0980266
4160.53	0.101793
4211.26	0.122972
4260.46	0.179592
4314.83	0.226883
4373.19	0.281865
4435.35	0.328991
4499.74	0.371528
4570.27	0.402435
4642.27	0.426136
4710.19	0.457902
4773.97	0.49312
4835.69	0.529482
4885.81	0.559643
4931.51	0.586871
4999.58	0.613712
5062	0.664249
5118.79	0.749273
5111.82	0.544894
5105.89	0.366679
5101.71	0.226668
2545.98	0.171669
2544.42	0.170947
2541.59	0.169723
2625.62	0.167802
2708.81	0.164274
2793.09	0.159855
2862.81	0.155731
2925.21	0.152017
2991.18	0.148109
3055.02	0.144398
3118.17	0.140824
3179.74	0.137424
3238.61	0.134229
3297.26	0.13117
3355.12	0.128214
3406.6	0.125638
3459.97	0.123095
3510.62	0.120665
3554.42	0.11859
3594.94	0.116678
3659.88	0.113898
3718.92	0.111365
3773.65	0.109043
3826.61	0.106875
3879.13	0.104813
3928.05	0.102913
3973.13	0.101199
4019.72	0.0995471
4065.58	0.0980933
4111.52	0.0971273
4159.23	0.0977736
4206	0.0999473
4259.22	0.108298
4312.91	0.137756
4363.9	0.185055
4412.8	0.200982
4477	0.296482
4559.84	0.360423
4632.54	0.40255
4699.09	0.440045
4761.25	0.477307
4820.71	0.514773
4873.79	0.554855
4931.27	0.589445
4983.61	0.613918
5044.35	0.664536
5100.61	0.749946
5093.86	0.543855
5088.29	0.363382
5084.25	0.223801
2549.83	0.171358
2547.35	0.170686
2542.81	0.169556
2627.15	0.167709
2709.38	0.164291
2788.67	0.16016
2861.05	0.155931
2928.08	0.151878
2993.8	0.147969
3057.9	0.144234
3120.66	0.140674
3180.89	0.137334
3240.1	0.134148
3299.58	0.131053
3353.36	0.128279
3408.42	0.125579
3459.35	0.12314
3507.29	0.120814
3557.25	0.118448
3606.5	0.116218
3656.48	0.11399
3716.74	0.11145
3771.99	0.109113
3825.07	0.106933
3877.68	0.104847
3932.06	0.102774
3974.12	0.101172
4018.75	0.0995867
4062.33	0.0980377
4111.8	0.0965165
4155.32	0.0955781
4206.75	0.0958793
4255.31	0.099754
4305.18	0.105273
4355.58	0.112157
4411.64	0.121631
4467.45	0.180308
4549.67	0.308888
4621.28	0.383032
4686.03	0.430801
4745.7	0.474653
4807.33	0.514549
4867.9	0.553494
4917.41	0.584868
4975.68	0.616358
5023.98	0.664707
5079.02	0.750831
5073.52	0.537075
5068.84	0.352878
5065.25	0.218594
2556.12	0.170902
2552.32	0.170285
2545.12	0.169249
2630.54	0.167459
2712.55	0.164083
2790.72	0.160002
2864.17	0.155743
2931.69	0.151663
2997.42	0.147767
3061.47	0.144032
3124.98	0.140411
3182.32	0.137247
3240.56	0.134164
3296.88	0.1312
3353.07	0.128351
3404.35	0.125728
3460.11	0.123015
3512.3	0.120502
3563.88	0.118102
3614.69	0.11581
3663.6	0.113638
3719.21	0.111303
3772.32	0.109087
3823.94	0.106983
3874.57	0.104979
3923.81	0.103082
3969.91	0.101349
4015.64	0.0996806
4061.42	0.0980663
4107.9	0.0965144
4155.78	0.0950872
4199.54	0.0939512
4247.14	0.0928095
4299.87	0.0922314
4351.56	0.0932772
4406.92	0.102315
4463.08	0.147267
4533.16	0.265498
4607.3	0.364949
4670.93	0.420517
4722.54	0.466705
4790.21	0.50127
4849.13	0.53809
4900.24	0.576195
4957.11	0.605285
5010.93	0.651481
5051.34	0.731836
5051.44	0.499958
5048.19	0.328753
5045.37	0.212527
2566.18	0.170302
2560.65	0.169732
2549.66	0.168749
2637.11	0.166974
2719.22	0.16361
2797.06	0.159531
2872.7	0.155145
2936.52	0.151293
3002.09	0.147496
3064.86	0.143882
3125.03	0.140414
3183.28	0.137178
3241.89	0.134098
3298.13	0.131085
3354.89	0.12817
3409.22	0.125425
3463.72	0.122775
3517.25	0.120232
3570.63	0.117775
3624.22	0.115388
3675.93	0.113101
3723.81	0.111076
3773.94	0.109031
3823.76	0.107024
3872.95	0.105082
3920.35	0.103187
3967.02	0.101414
4012.85	0.0997295
4057.67	0.098132
4102.02	0.0965969
4150.89	0.0949113
4198.86	0.0933575
4250.22	0.0920067
4297.01	0.0915437
4345.01	0.0934692
4400.77	0.110776
4455.04	0.191329
4521.9	0.293461
4592.9	0.364073
4654.15	0.4101
4715.83	0.453631
4776.68	0.494773
4833.98	0.535459
4889.96	0.574716
4937.86	0.603794
4991.11	0.65543
5040.26	0.750082
5032.08	0.532361
5027.62	0.333632
5024.13	0.216926
2581.69	0.169585
2574.38	0.16905
2560.12	0.168019
2648.74	0.166177
2729.82	0.162894
2805.14	0.159006
2872.41	0.155081
2942.86	0.150926
3010.5	0.146956
3068.02	0.143607
3125.33	0.140371
3186.8	0.136977
3245.49	0.133817
3302.34	0.13081
3358.32	0.127941
3413.15	0.125198
3467.52	0.12256
3521.64	0.120005
3576.54	0.117496
3635.05	0.114947
3676.44	0.113042
3726.6	0.110935
3775.88	0.108898
3824.36	0.106933
3872.35	0.105037
3918.63	0.10323
3965.39	0.101471
4009.42	0.0998624
4055.05	0.0981816
4100.73	0.0965636
4148.1	0.0949445
4196.22	0.0933699
4244.76	0.0919896
4293.92	0.0916588
4345.91	0.098014
4394.26	0.119159
4445.88	0.166498
4499.84	0.202167
4576.84	0.325138
4642.64	0.394195
4703.76	0.442507
4761.6	0.485777
4816.05	0.52777
4867.47	0.56863
4914.51	0.605992
4968.7	0.6607
5019.86	0.753517
5011.4	0.552943
5006.43	0.406661
5002.02	0.253466
2604.42	0.168756
2594.99	0.168303
2573.86	0.167357
2667.3	0.165373
2748.89	0.16186
2821.05	0.157967
2890.52	0.153904
2951.36	0.150344
3009.5	0.146921
3073.2	0.143269
3133.01	0.139878
3192.27	0.13662
3250.1	0.133514
3306.58	0.130551
3362.08	0.127719
3416.71	0.125004
3470.78	0.122391
3524.52	0.119866
3578.18	0.11742
3631.46	0.115063
3680.29	0.112891
3729.9	0.110794
3778.37	0.108781
3825.37	0.106868
3873.55	0.104982
3916.64	0.10332
3959.48	0.101668
4006.7	0.0999276
4053.15	0.0982442
4098.73	0.0966275
4145.75	0.0950294
4194.58	0.0934787
4240.29	0.0922648
4289.57	0.0915975
4337.21	0.0908352
4388.46	0.0940548
4440.81	0.111569
4488.09	0.154684
4557.03	0.28893
4626.8	0.379685
4688.53	0.433167
4744.8	0.479235
4797.05	0.52428
4846.66	0.568447
4897.04	0.605831
4942.57	0.661642
4991.65	0.755654
4982.17	0.561589
4976.09	0.409492
4972.81	0.25545
2636.45	0.167696
2627.16	0.167326
2596.8	0.166453
2697.39	0.164032
2776.97	0.160285
2839.14	0.15683
2897.07	0.15338
2961.05	0.149664
3021.25	0.146143
3081.53	0.142708
3140.43	0.139406
3198.36	0.136238
3255.18	0.133202
3310.95	0.130295
3365.83	0.127507
3419.98	0.124828
3473.58	0.122247
3526.73	0.119754
3579.5	0.117344
3631.75	0.115019
3682.86	0.11279
3733.96	0.110642
3782.1	0.108634
3825.1	0.106886
3867.82	0.105193
3914.33	0.103382
3959.12	0.101668
4005.33	0.0999716
4052.89	0.0982735
4096.27	0.0967373
4142.77	0.095174
4186.64	0.0936729
4235.47	0.0920843
4283.93	0.0906376
4332.4	0.0894006
4382.41	0.0894889
4433.62	0.0959599
4484.87	0.129934
4528.44	0.238352
4608.99	0.357798
4671.9	0.418014
4726.81	0.46686
4776.62	0.513833
4822.44	0.560462
4865.71	0.60106
4907.66	0.660506
4954.1	0.757837
4948.08	0.557773
4944.33	0.394163
4941.51	0.233067
2677.55	0.166239
2680.21	0.165754
2692.19	0.164658
2748.06	0.161848
2803.06	0.158776
2859.03	0.155518
2915.38	0.152179
2973.87	0.148777
3032.19	0.145417
3090.44	0.142128
3148.01	0.138935
3204.7	0.135854
3260.45	0.132891
3315.32	0.130044
3369.44	0.127307
3422.95	0.12467
3475.98	0.122123
3528.56	0.119661
3580.63	0.117279
3632.56	0.114967
3684.95	0.112698
3740.6	0.110397
3779.54	0.108722
3825.1	0.106872
3870.25	0.105093
3913.92	0.10339
3957.71	0.101728
4003.18	0.100087
4047.67	0.0984728
4094.41	0.0967884
4140.3	0.0951958
4185.71	0.0936509
4232.6	0.0921171
4280.08	0.0906362
4327.99	0.0893496
4377.02	0.0890078
4427.06	0.0932353
4477.35	0.116643
4525.55	0.195216
4596.25	0.318277
4655.39	0.39288
4708.3	0.443563
4755.91	0.490888
4798.03	0.538721
4832.42	0.585205
4867.42	0.619901
4901.01	0.65256
4910.78	0.51678
4912.58	0.334524
4913.44	0.202177
2715.73	0.164478
2723.67	0.163809
2743.3	0.16239
2781.7	0.160029
2827.71	0.157261
2877.96	0.154261
2930.94	0.151133
2986.14	0.147941
3042.46	0.14474
3099.22	0.141575
3155.64	0.138477
3211.09	0.135477
3265.68	0.132587
3319.56	0.129804
3372.75	0.127125
3425.54	0.124535
3478.01	0.122024
3530.12	0.119592
3581.2	0.117253
3632.28	0.11499
3683.24	0.112788
3733.92	0.110659
3781.34	0.108668
3825.37	0.106872
3874.19	0.10499
3913.57	0.103451
3950.62	0.101989
4001.52	0.100134
4048.62	0.0984127
4094.33	0.0967765
4139.45	0.0952076
4184.66	0.0936787
4230.73	0.0921808
4277.59	0.0907745
4324.45	0.0897619
4372.6	0.090563
4421.56	0.0998575
4469.61	0.141799
4523.64	0.262049
4580.66	0.319077
4636.21	0.380395
4688.67	0.422914
4735.83	0.46015
4776.55	0.494475
4811.47	0.530054
4841.93	0.558602
4866.86	0.556205
4880.71	0.433494
4883.24	0.230855
4888.56	0.165723
2745.63	0.162784
2755.07	0.162039
2775.24	0.160583
2807.27	0.158478
2847.59	0.155967
2893.59	0.153197
2943.6	0.150263
2996.57	0.147229
3051.51	0.144148
3107.5	0.141067
3163.36	0.138036
3217.46	0.135112
3270.71	0.132299
3323.56	0.12958
3375.55	0.126975
3427.55	0.124439
3479.54	0.121961
3531.91	0.119527
3581.05	0.117266
3631.46	0.115061
3681.3	0.112912
3730.09	0.110848
3775.22	0.108931
3823.23	0.106959
3869.85	0.105112
3913.46	0.103397
3956.82	0.101733
4004.18	0.100006
4051.7	0.0983004
4095.78	0.0967175
4139.66	0.0951978
4184.13	0.0937071
4229.63	0.0922703
4276.9	0.0911362
4321.53	0.0910978
4369.2	0.0948833
4417.52	0.11122
4465.35	0.155205
4515.61	0.184849
4566.94	0.179184
4615.1	0.239288
4671.32	0.316987
4717.24	0.368066
4757.42	0.407821
4792.33	0.438331
4821.25	0.453956
4843.47	0.425988
4858.15	0.303203
4864.89	0.172456
4869.33	0.126626
2765.7	0.161468
2775.34	0.160717
2794.86	0.159309
2824.06	0.157361
2861.24	0.155028
2904.59	0.152423
2952.64	0.149625
3004.29	0.146691
3058.7	0.143671
3115.08	0.140609
3171.97	0.137575
3223.77	0.134757
3275.21	0.132042
3327.5	0.12935
3377.42	0.12688
3428.68	0.124412
3479.83	0.12199
3529.94	0.119648
3581	0.117276
3631.13	0.11504
3680.41	0.112898
3728.63	0.110845
3775.44	0.108882
3822.34	0.106975
3868.53	0.10514
3913.77	0.103373
3959.35	0.101639
4007.21	0.099884
4058.95	0.0980551
4098.39	0.0966277
4140.44	0.0951976
4183.91	0.0937605
4228.33	0.0923527
4270.7	0.091015
4318.54	0.08971
4366.32	0.0891673
4414.69	0.0907669
4463.64	0.0970966
4513.32	0.104695
4562.96	0.109395
4611.48	0.130911
4658.6	0.164579
4699.34	0.208387
4738.28	0.251621
4775.7	0.290791
4806.1	0.303532
4826.85	0.275173
4840.03	0.180762
4850.68	0.125136
4855.41	0.0969645
2775.71	0.16074
2785.28	0.16
2804.33	0.158633
2832.36	0.156767
2868.15	0.154527
2910.25	0.152008
2957.37	0.149277
3008.51	0.146384
3063.11	0.14336
3121.28	0.140214
3184.79	0.136897
3229.53	0.13443
3277.92	0.131929
3324.99	0.129466
3377.47	0.126873
3429.07	0.124365
3480.15	0.12193
3530.68	0.119564
3581.13	0.117253
3630.98	0.11503
3680.03	0.112895
3728.13	0.110846
3775.29	0.108879
3821.98	0.106981
3868.14	0.105147
3913.89	0.103368
3959.93	0.101625
4006.89	0.0999016
4054.07	0.0982147
4097.12	0.0966652
4139.85	0.0951846
4183.14	0.0937271
4227.02	0.0922844
4271.16	0.0908588
4317.53	0.0894431
4364.88	0.0881385
4412.99	0.0871433
4461.72	0.0867849
4510.88	0.0870603
4559.89	0.0882093
4608.03	0.0936129
4654.28	0.104921
4696.51	0.123658
4734.62	0.144904
4768.21	0.163425
4796.12	0.173578
4817.88	0.164217
4833.58	0.12534
4843.48	0.0954353
4848.09	0.0826805
4066.59	0.0977535
4098.73	0.0966273
4140.57	0.0952155
4184.04	0.0937968
4228.98	0.0924629
4263.16	0.0917507
4280.46	0.091698
4321.33	0.0923639
4369.19	0.0985026
4417.26	0.123255
4463.25	0.202082
4510.65	0.337819
4531.03	0.471032
4579.5	0.484825
4635.64	0.522514
4688.05	0.550066
4735.49	0.576493
4776.1	0.59024
4799.1	0.5966
4829.72	0.596824
4843.45	0.61946
2644.1	0.166998
2697.57	0.164588
2750.89	0.161842
2776.67	0.16024
2838.76	0.156802
2910.89	0.15274
2958.84	0.149965
2982.53	0.148422
3042.88	0.145058
3111.38	0.141315
3158.62	0.138698
3184.18	0.137132
3243.9	0.134025
3309.39	0.130699
3353.11	0.128469
3378.57	0.127054
3436.57	0.124299
3498.21	0.121436
3535.38	0.119654
3558.95	0.118439
3610.67	0.116143
3662.83	0.11386
3690.79	0.112605
3705.17	0.111906
3656.39	0.114085
3679.56	0.113015
3725.76	0.111088
3774.55	0.109129
3817.19	0.107341
3864.69	0.105468
3908.75	0.103749
3953.77	0.102084
3986.87	0.100861
4004.37	0.100109
4046.05	0.0986373
4092.29	0.0970365
4139.05	0.0955146
4179.54	0.0943132
4223.64	0.09338
4274.76	0.0933802
4326.68	0.0972639
4376	0.11178
4383.69	0.127469
4209.57	0.139001
4248.44	0.215026
4302.99	0.360409
4358.84	0.474373
4425.82	0.514807
4494.38	0.537652
4570.23	0.547211
4645.56	0.557789
4719.48	0.567905
4790.51	0.578842
4858.16	0.589779
4922.65	0.59939
4984.4	0.61519
5034.81	0.651202
5091.95	0.660894
5144.29	0.674072
5187.09	0.685161
5189.37	0.490308
4216.55	0.0945979
4249.79	0.0989163
4267.26	0.111422
4294.86	0.126595
4336.39	0.203677
4384.02	0.370818
4435.42	0.460834
4461.07	0.53432
4493.65	0.536138
4554.13	0.555438
4613.05	0.574042
4675.29	0.580801
4701.78	0.595233
4734.63	0.595116
4787.69	0.634507
4835.89	0.674044
4886.75	0.688532
4918.92	0.693076
4951.81	0.692311
4995.43	0.715935
4998.27	0.53181
4996.52	0.428529
3687.36	0.112688
3709.01	0.111723
3725.46	0.110995
3758.18	0.109651
3807.18	0.107694
3854.75	0.105795
3903.31	0.103936
3935.55	0.10271
3954.07	0.101925
3999.14	0.1003
4049.31	0.0985296
4089.81	0.097052
4131.02	0.0957111
4148.9	0.0951643
4185.15	0.0941322
4236.26	0.0931163
4289.7	0.0934948
4345.64	0.0990806
4379.84	0.11415
4402.93	0.127786
4434.05	0.145639
2772.93	0.16075
2789.63	0.159699
2811.87	0.158361
2854.55	0.155959
2921.93	0.15215
2981.94	0.148706
3006.66	0.147087
3052.53	0.144501
3114.95	0.141051
3169.97	0.138101
3191.86	0.136727
3235.97	0.134382
3295.12	0.131352
3344.18	0.128853
3363.84	0.127728
3406.03	0.12567
3460.16	0.123106
3504.04	0.121045
3516.4	0.120339
3556.77	0.118478
3606.77	0.116234
3646.57	0.114515
3654.68	0.114094
3412.52	0.125318
3454.54	0.123271
3510.47	0.120674
3567.13	0.118101
3622.98	0.115619
3674.79	0.113316
3724.25	0.111186
3771.91	0.109191
3822.46	0.107169
3863.76	0.105475
3906.78	0.10378
3951.54	0.102089
3996.27	0.100432
4042.28	0.0987971
4089.19	0.0972105
4127.14	0.096029
4144.24	0.0955091
4182.45	0.0945893
4224.86	0.0942619
4255.33	0.0951115
3687.21	0.112586
3724.82	0.110999
3768.79	0.109196
3813.41	0.107397
3858.18	0.10563
3903.07	0.1039
3940.4	0.102484
3956.39	0.101802
3991.04	0.100525
4035.85	0.0989272
4080.32	0.0973751
4124.95	0.0959362
4169.98	0.0948539
4215.16	0.0950593
4257.25	0.099698
4299.21	0.118957
4340.45	0.180908
4383.07	0.30871
4403.51	0.364019
4452.35	0.375311
4508.33	0.388151
4545.26	0.392999
3510.06	0.120705
3552.19	0.118727
3604.12	0.116401
3654.95	0.114151
3705	0.112003
3735.92	0.110673
3755.12	0.109778
3800.82	0.107951
3850.05	0.106011
3898.97	0.104116
3947.15	0.10229
3993.25	0.100575
4034.97	0.0990626
4086.44	0.0974572
4136.97	0.0963779
4187.17	0.0971161
4229.54	0.103013
4247.66	0.115224
4288.05	0.137043
4341.49	0.184088
4379.05	0.21614
3642.24	0.114615
3673.11	0.113289
3686.16	0.112651
3723.58	0.111065
3768.35	0.109221
3813.15	0.107405
3857.93	0.105627
3902.56	0.103893
3946.91	0.102204
3991.62	0.100553
4035.96	0.0989581
4065.44	0.097902
4080.51	0.0972919
4118.55	0.0959932
4161.12	0.094591
4204.36	0.0932771
4245.78	0.0921608
4287.06	0.091407
4327.96	0.091741
4364.17	0.0932391
2968.48	0.149362
3016.21	0.146553
3079.52	0.14297
3143.59	0.139415
3207.31	0.135965
3270.27	0.132643
3332.16	0.129461
3392.66	0.126425
3451.48	0.12354
3508.7	0.12081
3564.31	0.118228
3617.93	0.115797
3667.89	0.113561
3719.74	0.111344
3771.58	0.109203
3821.02	0.107186
3864.34	0.105429
3903.85	0.103897
3920.9	0.103222
4014.75	0.09965
4030.38	0.0990575
4043.24	0.0985857
4076.99	0.0974362
4095.36	0.0968228
4120.93	0.0959526
4154.92	0.0950267
4170.99	0.0946168
4207.33	0.0943425
4222.88	0.0955083
4257.18	0.0975876
4283.69	0.103692
4305.49	0.106894
4340.85	0.139128
4354.86	0.173764
4398.5	0.264118
4422.23	0.339077
4466.22	0.367898
4519.71	0.407181
4551.1	0.447173
4605.01	0.456353
4626.04	0.503321
4674.8	0.505979
4712.3	0.512456
4753.18	0.511634
4801.57	0.51807
4819.71	0.518714
3852.23	0.105937
3866.15	0.105318
3905.27	0.10381
3948.22	0.102191
3991.13	0.100642
4009.61	0.0999296
4039.83	0.0988395
4084.34	0.0972832
4131.01	0.0957791
4175.36	0.0947723
4196.37	0.0953
4226.11	0.0956386
4273.84	0.102481
4322.64	0.13014
4368.54	0.213645
4393.74	0.342667
4425.18	0.362284
4501.65	0.429015
4576.14	0.455099
4644.42	0.473863
4679.34	0.478965
4711.99	0.480085
4762.06	0.48464
2589.34	0.167323
2603.39	0.16718
2648.8	0.16608
2729.43	0.162886
2805.11	0.159007
2862.56	0.155748
2882.95	0.154367
2935.96	0.151298
3001.89	0.147506
3065.22	0.143891
3104.72	0.141618
3127.39	0.140214
3182.16	0.137256
3240.6	0.134172
3294.87	0.131366
3317.6	0.130089
3352.76	0.128298
3408.12	0.125612
3459.59	0.12315
3500.24	0.121227
3515.61	0.120401
3553.86	0.118632
3588.45	0.117034
3648.15	0.11434
3667.21	0.113485
3681.31	0.112829
3723.69	0.111091
3773.91	0.109051
3823.72	0.107052
3873.11	0.105132
3898.69	0.104121
3923.44	0.103107
3969.84	0.101377
4015.67	0.0997084
4061.87	0.0981173
4104.12	0.0968619
4120.91	0.096559
4155.19	0.095973
4206.54	0.0966899
4255.45	0.101466
4306.15	0.113571
4345.79	0.144884
4366.47	0.182344
4411.32	0.21411
4455.87	0.290514
4056.37	0.0982019
4064.51	0.0978979
4093.28	0.0969009
4130.82	0.0956961
4145.55	0.0952547
4179.44	0.0942996
4217.55	0.0938261
4230.04	0.0947417
4269.83	0.0974096
4309.74	0.110414
4328.64	0.125362
4375.79	0.192862
4418.07	0.329353
4432.25	0.352915
4494.59	0.386678
4525.27	0.437925
4558.97	0.438213
4617.14	0.451092
4633.86	0.486959
4669.21	0.487582
4720.59	0.49441
4733.55	0.537133
4771.97	0.538387
4813.08	0.546405
4819.88	0.568724
4846.68	0.569805
3084.79	0.142584
3130.57	0.140026
3193.82	0.136668
3257.41	0.133367
3317.09	0.130276
3372.27	0.127443
3425.84	0.1248
3476.09	0.122406
3497.74	0.121311
3527.29	0.119903
3578.6	0.117609
3627.26	0.115439
3674.15	0.113355
3721.54	0.111281
3769.65	0.109253
3818.88	0.107265
3868.45	0.105319
3917.46	0.103437
3966.32	0.101617
4011.67	0.099981
4029.54	0.0993079
4057.59	0.0983025
4078.47	0.0975749
3361.04	0.127993
3376.76	0.127118
3392.25	0.126272
3431.65	0.124373
3485.37	0.121848
3538.36	0.119411
3573.43	0.117809
3594.64	0.116762
3642.06	0.114698
3683.16	0.112861
3730.64	0.110927
3751.39	0.109974
3785.68	0.108552
3836.12	0.106565
3886.45	0.104617
3924.18	0.103178
3943.05	0.102362
3986.73	0.100765
4036.95	0.0989803
4085.34	0.0973204
4107.89	0.0965744
4136.41	0.0956068
4187.17	0.0941727
4237.34	0.0932025
4271.12	0.0932619
3590.54	0.1169
3594.67	0.116692
3628.52	0.115196
3679.38	0.11306
3731.61	0.110902
3777.62	0.108949
3823.65	0.107086
3870.54	0.105244
3918.15	0.103429
3964.62	0.101665
4001.19	0.10033
4018.78	0.0996218
4059.89	0.0981966
4106.92	0.0965762
4158.86	0.0949828
4206.31	0.0938743
4264.5	0.0938874
4322.45	0.0984297
4380.72	0.115944
4440.96	0.159776
4475.16	0.208611
4484.59	0.216567
3748.07	0.11005
3777.24	0.108848
3793.15	0.108163
3825.08	0.106896
3862.99	0.105446
3878.12	0.104789
3916.72	0.103337
3948.91	0.102154
3966.84	0.101416
4009.19	0.0999054
4032.05	0.0990926
4057.7	0.0981493
4100.17	0.0967671
4118.08	0.0962927
4155.53	0.0953006
4194.33	0.0955309
4211.19	0.0978265
4255.51	0.103881
4291.26	0.128663
4313.3	0.153146
4361.94	0.240715
4394.01	0.365768
4435.18	0.370814
4497.27	0.376363
4525.77	0.374823
4559.21	0.375012
4558.78	0.357942
4561.85	0.370464
4608.19	0.374606
4629.34	0.404958
4679.62	0.407249
4699.47	0.454738
4744.86	0.455493
4758.43	0.497787
4794.87	0.49888
4808.15	0.531264
4841.02	0.532159
4854.54	0.564753
4888.55	0.565382
4899.67	0.597898
4929.2	0.598378
4946.29	0.63215
4981.05	0.632883
4992.59	0.675743
5021.56	0.677148
5027.53	0.72959
5048.38	0.731521
5039.94	0.727108
5031.53	0.594222
5017.98	0.593353
5015.99	0.58861
3876.95	0.104864
3914.28	0.103442
3938.63	0.102509
3958.51	0.101702
4003.3	0.100102
4045.76	0.0985992
4063.74	0.0979056
4095.89	0.0967704
4143.19	0.095202
4180.92	0.09403
4198.71	0.0934947
4240.08	0.0925725
4290.23	0.0932865
4322.15	0.0994472
4346.12	0.105198
4393.45	0.138941
4442.93	0.265324
4470.75	0.390782
4520.95	0.413484
4592.88	0.441762
4647.36	0.450036
4673.35	0.466327
4717.24	0.467176
3620.42	0.115604
3653.19	0.114154
3693.49	0.112462
3709.49	0.111713
3746.67	0.110193
3796.31	0.108201
3844.2	0.106248
3894.29	0.104305
3943.36	0.102436
3990.73	0.100662
4034.23	0.0991054
4052.99	0.0983884
4086.99	0.0972066
4136.75	0.0956162
4187.2	0.0941968
4237.5	0.0933223
4287.19	0.0942199
4347.53	0.0997298
4404.82	0.11375
4429.9	0.121293
4455.04	0.128747
3636.27	0.114964
3676.27	0.113216
3700.43	0.112173
3725.5	0.111076
3775.78	0.109084
3801.27	0.108044
3823.26	0.107107
3864.04	0.10547
3890.58	0.104428
3909.08	0.103633
3951.51	0.102065
3980.85	0.101007
3998.7	0.100295
4040.85	0.0988174
4072.99	0.0977449
4090.43	0.0970857
4132.09	0.0957351
4164.58	0.094864
4180.28	0.0946174
4221.29	0.0944114
4255.26	0.0964025
4270.44	0.0993643
4308.82	0.110652
4340.48	0.136766
4344.03	0.131692
3789.74	0.108373
3821.45	0.107086
3864.19	0.105401
3906.9	0.103755
3944.94	0.102334
3959.61	0.101739
3992.56	0.100538
4040.76	0.0988234
4088.5	0.0971911
4131.62	0.0958268
4152.75	0.0953439
4177.55	0.0946881
4221.07	0.0944076
4263.46	0.0963348
4312.62	0.108234
4341.05	0.141313
4353.48	0.17414
4399.68	0.280091
4454.46	0.33665
4519.02	0.366779
4562.1	0.381322
4571.72	0.42243
4611.06	0.424084
4644.73	0.391416
4655	0.425423
4684.68	0.423155
4699.29	0.409566
4705.42	0.42323
4734.89	0.425582
4750.41	0.427781
4754.9	0.47171
4781.51	0.474659
4796.45	0.486443
4801.31	0.514996
4823.54	0.51766
4838.88	0.521355
4839.42	0.554662
4859.46	0.557346
4872.01	0.555011
4871.04	0.576584
4887.64	0.579981
4898.26	0.576326
4892.5	0.594681
4904.32	0.605244
4912.26	0.606124
4899.05	0.624376
4904.72	0.657357
4905.97	0.659372
3418.53	0.124976
3430.72	0.124351
3457.74	0.123053
3472.29	0.12235
3502.27	0.120965
3517.98	0.120216
3537.67	0.11932
3562.47	0.11819
3576.63	0.117544
3605.65	0.116269
3621.19	0.115567
3642.91	0.114644
3666.29	0.113627
3682.98	0.112871
3712.48	0.111636
3727.94	0.110967
3750.11	0.110085
3770.44	0.109246
3783.02	0.108729
3811.32	0.107596
3825.23	0.106971
3842.33	0.106268
3854.08	0.105755
3740.29	0.110435
3780.56	0.108791
3819.93	0.107259
3832.1	0.106709
3870.13	0.105248
3918.66	0.103412
3956.12	0.102016
3972.82	0.101293
4014.44	0.0997977
4060.87	0.0981761
4093.72	0.0970897
4110.44	0.0964628
4158.01	0.0949843
4216.39	0.0935846
4249.24	0.0937927
4274.41	0.0939578
4330.41	0.0992429
4388.56	0.127339
4416.67	0.190226
4454.79	0.24201
4544.2	0.339838
4604.9	0.357766
4614.09	0.377231
4614.17	0.380248
3649.92	0.114295
3682.39	0.112881
3732.64	0.110803
3783.32	0.108702
3833.26	0.106685
3882.82	0.104731
3932.19	0.102829
3982.71	0.10097
4034.08	0.0992009
4086.59	0.097705
4140.62	0.0970607
4195.86	0.0986914
4250.15	0.104348
4305.89	0.114297
4340.98	0.118069
4363.03	0.11399
4416.74	0.138732
4471.85	0.215213
4546.89	0.331063
4615.3	0.347944
4538.85	0.304813
4550.68	0.349756
4602.84	0.359552
4632.17	0.41389
4668.65	0.425839
4703.86	0.426792
4729.03	0.460725
4769.73	0.461548
4792.27	0.492551
4823.12	0.496034
4852.97	0.495708
4874.09	0.523935
4909.84	0.524886
4928.98	0.552663
4954.46	0.557874
4979.1	0.558087
4994.46	0.586788
5026.81	0.587384
5040.11	0.61483
5061.35	0.624726
5081.95	0.625051
5092.96	0.672853
5121.19	0.675909
5134.85	0.739653
5156.81	0.749215
5169.19	0.749059
4099.99	0.0966817
4135.11	0.0956033
4177.96	0.0946692
4221.75	0.0947952
4253.98	0.0974434
4270.29	0.101064
4308.63	0.116282
4350.86	0.172482
4400.45	0.312556
4449.95	0.366107
4465.43	0.45505
4507.74	0.460612
4562.02	0.482841
4617.01	0.494034
4672.42	0.499334
4682.76	0.565484
4717.54	0.565679
4767.54	0.591078
4812.71	0.61065
4853.52	0.632171
4869.84	0.654885
4870.62	0.642703
4883.44	0.647278
3328.8	0.129544
3371.61	0.127376
3423.85	0.12483
3477.01	0.1223
3527.72	0.119908
3578.78	0.117597
3627.33	0.11544
3674.99	0.113351
3704.91	0.112044
3726.61	0.111032
3771.61	0.109165
3818.73	0.107249
3867.98	0.105324
3917.35	0.103428
3966.52	0.101587
4014.86	0.0998258
4059.84	0.0982132
4108.17	0.0965973
4150.35	0.0952948
4166.06	0.0947697
4195.07	0.0939775
3456.72	0.123122
3490	0.121522
3539.81	0.119254
3587.65	0.117063
3634.95	0.114951
3682	0.112895
3730.09	0.110865
3778.56	0.108871
3826.8	0.106925
3875.67	0.105012
3925.14	0.10313
3975.06	0.101292
4018.66	0.0997508
4035.82	0.0991487
4071.92	0.0980059
4122.75	0.0968009
4173.33	0.0966974
4233.48	0.0994275
4289.84	0.109426
4344.12	0.134025
4381.06	0.17152
3190.38	0.13653
3229.7	0.134418
3278.5	0.131921
3309.51	0.130313
3329.49	0.129215
3377.36	0.126887
3428.67	0.124422
3479.86	0.122006
3528.92	0.119748
3551.19	0.118654
3580.65	0.117283
3631.39	0.11508
3681.24	0.112933
3730.22	0.110869
3771.9	0.109138
3789.72	0.108322
3824.93	0.106906
3873.55	0.105042
3913.27	0.103483
3945.87	0.102216
3937.33	0.102545
3937.64	0.102532
3974.49	0.101174
4019.31	0.0996332
4051.84	0.0986703
4068.44	0.098247
4111.4	0.0977924
4159.77	0.101331
4198.2	0.118609
4215.48	0.144508
4258.15	0.206018
4314.99	0.333483
4367.1	0.369062
4387.49	0.421501
4442.73	0.437096
4514.16	0.4689
4570.92	0.490438
4603.44	0.499211
4661.78	0.499479
4733.11	0.51952
4794.15	0.52601
4815.23	0.545338
4854.66	0.545462
4891.25	0.551426
3900.19	0.104012
3928.69	0.102924
3971.36	0.101406
4015.53	0.099982
4063.25	0.0991052
4111.41	0.1006
4160.41	0.111063
4208.91	0.152381
4259.09	0.285382
4314.44	0.405735
4372.88	0.469465
4435.09	0.505104
4499.74	0.525829
4570.1	0.536167
4641.75	0.544877
4709.66	0.557466
4773.59	0.569073
4834.82	0.576796
4885.88	0.588414
4921.99	0.589766
2761.96	0.161067
2765.41	0.160862
2779.74	0.16006
2839.39	0.156822
2879.01	0.154535
2895.28	0.153516
2951.46	0.150335
3001.82	0.147458
3019.24	0.146325
3067.72	0.143616
3122.65	0.140579
3143.28	0.139316
3182.8	0.137191
3241.8	0.134138
3272.15	0.13251
3297.52	0.131134
3353.32	0.128361
3393.01	0.126398
3411.6	0.125387
3459.26	0.123154
3502.63	0.121103
3517.3	0.120313
3553.75	0.118631
3589.89	0.11696
3828	0.106835
3863	0.105459
3891.01	0.104416
3909.8	0.103664
3952.57	0.102097
3996.67	0.100462
4043.57	0.0988151
4068.23	0.0979479
4089.07	0.0971605
4132.95	0.0957595
4181.14	0.0946533
4228	0.0953648
4248.7	0.0998135
4273.87	0.10341
4322.68	0.128121
4370.17	0.203644
4427.56	0.338001
4450.29	0.394574
4492.08	0.407137
4558.75	0.423046
4619.64	0.434149
4664.21	0.436464
2739.83	0.162432
2788.62	0.159726
2854.15	0.155988
2920.77	0.152145
2987.05	0.148315
3053.02	0.144557
3117.45	0.140936
3180.35	0.137478
3241.77	0.134186
3301.55	0.131063
3358.92	0.128107
3414.45	0.125361
3467.58	0.122737
3522.36	0.120162
3575.69	0.117702
3627.25	0.115375
3678.53	0.113151
3729.79	0.11101
3772.49	0.109181
3804.74	0.107847
2840.95	0.157077
2864.37	0.155586
2923.28	0.152165
2947.59	0.150569
2989.61	0.148138
3051.01	0.144695
3077.46	0.143094
3114.24	0.141056
3174.3	0.137838
3205.2	0.136102
3237.73	0.134328
3298.12	0.131269
3332.01	0.129501
3359.38	0.128042
3415.02	0.125348
3450.98	0.123601
3474.49	0.122374
3525.23	0.120056
3561.25	0.118429
3580.71	0.117468
3627.6	0.115427
3664.47	0.113825
3681.64	0.112956
3722.42	0.111228
3755.21	0.10988
3760.66	0.109629
3948.8	0.102273
3953.76	0.10202
3992.32	0.100573
4038.04	0.0989782
4087	0.0974968
4136.98	0.0966905
4187.73	0.0985622
4239.6	0.110119
4287.08	0.151273
4340.07	0.281841
4393.99	0.411742
4474.12	0.445943
4538.4	0.457433
4568.9	0.525163
4639.11	0.527721
4717.19	0.541831
4789.62	0.552994
4854.13	0.567638
4917.24	0.574968
4976.58	0.582113
5027.98	0.58815
4271.88	0.146737
4297.09	0.176735
4352.34	0.321786
4413.48	0.428406
4491.25	0.460044
4571.05	0.472405
4632.04	0.479444
4655.01	0.574796
4706.89	0.57806
4777.18	0.582995
4844.39	0.593141
4908.34	0.606538
4968.99	0.626813
5027.1	0.643041
5083.49	0.653132
5128.16	0.66854
5170.89	0.672918
5174.73	0.425133
5174.42	0.264474
5174.25	0.20924
3549.53	0.118767
3589.05	0.116981
3634.81	0.114988
3672.27	0.113386
3687.29	0.112678
3724.65	0.111117
3769.33	0.109252
3820.54	0.10724
3853	0.105951
3872.22	0.105105
3918.06	0.103371
3967.09	0.101546
4013.3	0.099867
4033.03	0.0991212
4062.07	0.09805
4112.21	0.0963573
4163.72	0.094723
4207.62	0.093558
4223.23	0.0932521
4266.3	0.0923689
4322.83	0.0927511
4366.95	0.0964552
3735.77	0.110695
3749.16	0.110106
3777.78	0.108925
3820.52	0.107243
3835.7	0.106546
3874.62	0.105052
3913.04	0.103595
3930.73	0.102837
3971.24	0.101372
4002.22	0.100295
4020.98	0.0995333
4065.07	0.098151
4086.2	0.0974498
4111.73	0.0965805
4153.05	0.0956342
4167.38	0.0949711
4199.76	0.0940013
4241.3	0.092993
4256.07	0.0924298
4297.08	0.0923195
4332.78	0.0965837
4348.59	0.101622
4394.05	0.119165
4420.4	0.124022
4441.44	0.118933
4486.19	0.157775
4502.11	0.185802
4515.67	0.210577
4052.04	0.0983793
4055.51	0.0982594
4082.03	0.0973338
4096.17	0.0967733
4117.95	0.0960583
4134.24	0.0955028
4152.25	0.0950509
4176.94	0.0943447
4189.97	0.0943203
4218.79	0.0940827
4231.2	0.0941355
4256.23	0.0958948
4273.75	0.0983048
4290.54	0.0963625
4315	0.09649
4327.09	0.0980408
4354.72	0.106095
4363.86	0.12569
4389.26	0.173844
4400.38	0.227919
4421.47	0.326609
4450.99	0.332878
4460.51	0.380183
4486.67	0.384235
4484.22	0.317227
3829.47	0.10684
3855.76	0.105817
3869.55	0.105217
3908.32	0.103749
3952.71	0.102099
3996.72	0.100461
4043.52	0.0987857
4090.06	0.0971414
4138.33	0.0956176
4183.57	0.0945037
4225.52	0.094483
4269.95	0.0976064
4322.66	0.109789
4378.39	0.150863
4421.93	0.245809
4446.44	0.342667
4508.72	0.397116
4589.57	0.419997
4659.8	0.43577
4702.7	0.443519
2686.59	0.165315
2705.15	0.164287
2748.17	0.162007
2774.31	0.160444
2839.16	0.156867
2893.92	0.153753
2915.97	0.15231
2972.53	0.149093
3035.64	0.145598
3060.68	0.143986
3109.85	0.141288
3175.44	0.137791
3206.51	0.136014
3241.86	0.134093
3305.19	0.130908
3346.14	0.128807
3369.2	0.127515
3423.76	0.124925
3470.41	0.122712
3489.61	0.121641
3535.19	0.119534
3584.19	0.11734
3604.08	0.116356
3641.17	0.114743
3675.14	0.113259
3144.01	0.139378
3151.37	0.138913
3187.3	0.13695
3248.32	0.13379
3306.22	0.130846
3330.85	0.129482
3366.48	0.12767
3423.48	0.124935
3477.42	0.122345
3505.17	0.120966
3536.08	0.11947
3591.44	0.116996
3644.81	0.114641
3674.49	0.113319
3700	0.112143
3747.24	0.110176
3797.02	0.10819
3828.64	0.10692
3850.58	0.105955
3899.27	0.104111
3949.72	0.10224
3979.37	0.101134
3995.79	0.100461
4029.29	0.0992756
3271.6	0.132516
3321.17	0.129955
3375.42	0.127226
3429.67	0.12456
3482.72	0.122
3534.99	0.119552
3584.33	0.117269
3632.75	0.115101
3681.17	0.113005
3725.83	0.111094
3765.87	0.109445
3784.96	0.108578
3822.56	0.107078
3872.35	0.105146
3922.45	0.103232
3972.95	0.101353
4024.33	0.0995289
4072.7	0.0979116
4122.54	0.0965438
4167.48	0.0958008
