2752.76	0.161956
2762.24	0.161225
2781.18	0.159872
2809.21	0.158018
2845.24	0.155779
2887.83	0.153248
2935.53	0.150496
2987.1	0.147585
3041.56	0.144566
3098.17	0.141483
3156.39	0.138371
3215.79	0.135261
3276	0.132176
3336.56	0.12914
3396.76	0.126177
3455.64	0.123316
3514.18	0.120562
3572.63	0.117896
3630.68	0.115313
3687.89	0.112823
3744.12	0.110432
3799.79	0.108132
3855.4	0.105907
3911.3	0.10374
3967.8	0.101623
4024.93	0.099556
4081.77	0.0975697
4133.04	0.0957542
4185.8	0.0940309
4239.12	0.0924491
4292.87	0.0911604
4346.59	0.0902284
4399.37	0.0892436
4451.15	0.0883111
4502.49	0.0881703
4554.18	0.0891027
4607.11	0.0924819
4660.02	0.100528
4711.25	0.116493
4759.62	0.141092
4807.32	0.168356
4850.47	0.198711
4888.3	0.223125
4924.66	0.24247
4956.3	0.248827
4981.33	0.237235
5000.43	0.209318
5015.38	0.167948
5025.17	0.126451
5029.9	0.10242
2743.29	0.162532
2752.79	0.1618
2772.1	0.160426
2801.19	0.158516
2838.67	0.156202
2882.71	0.153591
2931.66	0.150765
2984.22	0.14779
3039.43	0.144718
3096.61	0.141593
3155.27	0.138447
3215.08	0.135307
3275.78	0.132194
3337.09	0.129124
3398.32	0.126125
3456.26	0.12328
3514.62	0.120538
3573.43	0.117867
3631.99	0.115271
3689.43	0.112771
3745.31	0.110388
3800.6	0.108105
3855.91	0.105895
3911.64	0.103736
3968.18	0.101621
4026.34	0.0995533
4088.6	0.097602
4132.89	0.0962982
4186.68	0.0948475
4240.22	0.0939963
4294.5	0.0948664
4349.16	0.0978675
4402.04	0.0986562
4453.31	0.0985289
4503.78	0.101895
4554.35	0.108545
4608.05	0.122031
4661.75	0.144243
4712.75	0.180457
4757.77	0.225246
4810.42	0.287862
4856.19	0.332434
4896.1	0.362007
4931.43	0.378499
4962.21	0.380004
4987.9	0.361288
5009.06	0.315088
5020.21	0.213143
5030.21	0.157719
5035.06	0.125656
2724.33	0.163591
2733.53	0.162881
2753.23	0.161495
2784.78	0.159477
2825.54	0.157013
2872.68	0.154246
2924.17	0.151276
2978.69	0.148177
3035.35	0.145006
3093.6	0.141803
3153.08	0.138596
3213.58	0.135405
3275.08	0.132239
3337.88	0.129091
3403.39	0.125922
3456.75	0.123237
3514.96	0.120518
3574.9	0.117817
3634.92	0.115175
3693.09	0.112646
3747.73	0.110302
3802.12	0.108066
3856.84	0.10589
3912.08	0.10376
3967.99	0.101678
4024.77	0.0996809
4082.64	0.0979553
4138.7	0.0975021
4189.08	0.100438
4241.87	0.102984
4296.8	0.115047
4354.2	0.137155
4407.09	0.139507
4457	0.13862
4505.42	0.151082
4551.06	0.17325
4607.32	0.206464
4664.31	0.265591
4721.2	0.33215
4772.07	0.380573
4820.75	0.417444
4865.26	0.448185
4905.38	0.475431
4941.22	0.497894
4972.62	0.510682
4999.09	0.502563
5020	0.45159
5033.9	0.337312
5040.48	0.197265
5045.25	0.159224
2696.17	0.164986
2703.78	0.164366
2722.5	0.163059
2759.15	0.160869
2806	0.158169
2858.27	0.155166
2913.66	0.151986
2971.01	0.148714
3029.7	0.145405
3089.4	0.142098
3149.92	0.138814
3211.18	0.135567
3273.21	0.132364
3336.15	0.129207
3400.18	0.126097
3452.68	0.123468
3513.91	0.120583
3576.69	0.11776
3640.19	0.114988
3700.85	0.112349
3751.06	0.110187
3804.06	0.108053
3858.07	0.105935
3912.77	0.103855
3967.93	0.101847
4023.25	0.0999923
4079.66	0.0985278
4135.38	0.0984672
4187.33	0.10422
4242.13	0.13277
4294.23	0.17645
4368.12	0.270923
4416.99	0.243817
4461.76	0.223101
4513.97	0.267351
4570.06	0.315326
4624.76	0.351256
4678.57	0.388618
4731.83	0.422427
4782.5	0.452699
4830.68	0.481105
4875.23	0.509097
4916.29	0.538528
4953.75	0.565516
4987.43	0.585388
5016.54	0.592453
5037.95	0.569898
5051.42	0.454461
5056.27	0.254935
5060.32	0.191123
2660.4	0.166472
2662.9	0.166044
2673.81	0.165075
2723.29	0.16262
2781	0.159589
2840.74	0.156273
2901.17	0.152828
2961.99	0.149345
3023.07	0.145875
3084.42	0.142448
3146.09	0.139078
3208.12	0.135771
3270.57	0.132529
3333.49	0.129352
3396.81	0.126236
3460.26	0.123176
3511.67	0.120672
3578.15	0.117695
3648.81	0.114657
3703.46	0.112208
3752.79	0.110108
3805.18	0.108009
3858.97	0.105917
3913.57	0.10388
3968.56	0.101983
4021.1	0.10032
4078.56	0.0988364
4134.59	0.10011
4189.5	0.110544
4245.16	0.14538
4301.19	0.226183
4365.82	0.289182
4427.61	0.342598
4477.56	0.363786
4531.03	0.396564
4584.82	0.415238
4637.41	0.428735
4687.63	0.44463
4740.06	0.47287
4791.31	0.498068
4840.75	0.52182
4885.7	0.544595
4928.51	0.57314
4968.77	0.596162
5006.49	0.619083
5041.33	0.65396
5063.21	0.68091
5075.02	0.531678
5079.09	0.346315
5079.75	0.216808
2622.13	0.16773
2613.62	0.167446
2586.46	0.166722
2679.14	0.164488
2753.93	0.161089
2822.46	0.157425
2888.29	0.153701
2952.69	0.15
3016.18	0.146365
3079.17	0.142817
3141.95	0.139361
3204.73	0.135995
3267.61	0.132715
3330.6	0.129519
3393.54	0.126409
3456.01	0.123396
3516.89	0.120516
3575.84	0.117804
3637.93	0.115093
3695.58	0.112555
3750.2	0.110214
3804.62	0.107981
3859.31	0.105813
3914.36	0.103715
3970.09	0.101794
4027.64	0.100741
4079.97	0.102439
4135.48	0.113546
4189.51	0.153492
4244.34	0.214657
4310.39	0.291928
4376.63	0.348732
4434.22	0.368963
4488.71	0.393684
4543.19	0.42119
4595.3	0.448045
4651.81	0.476788
4691.76	0.494627
4745.95	0.52226
4798.77	0.544572
4852.44	0.562288
4895.77	0.568303
4941.69	0.591991
4985.26	0.612017
5026.29	0.645919
5065.11	0.708846
5109.36	0.787795
5106.38	0.570514
5105.46	0.390415
5104.22	0.246445
2592.37	0.168626
2582.99	0.168316
2561.08	0.167571
2652.76	0.165653
2733.06	0.162249
2806.82	0.15841
2876.8	0.15448
2944.3	0.150595
3009.82	0.146817
3074.15	0.143166
3137.88	0.139638
3201.35	0.13622
3264.69	0.132903
3327.93	0.129682
3390.97	0.126557
3453.67	0.123534
3516	0.120618
3570.83	0.118064
3631.98	0.115336
3691.33	0.112746
3748.46	0.110306
3804.57	0.10799
3860.14	0.105766
3915.41	0.103625
3970.83	0.101583
4026.75	0.0997593
4082.12	0.0985907
4138.83	0.0997037
4196.12	0.108377
4253.36	0.133637
4310.14	0.183339
4378.7	0.276697
4442.91	0.354251
4498.64	0.396017
4549.07	0.42311
4608.02	0.450419
4655.22	0.472495
4702.94	0.47748
4750.07	0.508588
4799.02	0.529976
4854.96	0.555561
4907.89	0.576057
4957.42	0.597724
5003.82	0.619777
5051.62	0.652738
5094.3	0.706327
5139.96	0.783807
5135.11	0.572199
5132.71	0.406793
5131.06	0.267307
2572	0.169268
2564.88	0.168915
2550.58	0.16817
2637.68	0.166379
2718.66	0.163049
2794.9	0.159143
2867.77	0.155082
2937.87	0.151058
3004.66	0.147178
3069.77	0.143463
3134.14	0.139888
3198.19	0.136431
3262.03	0.133081
3325.65	0.129833
3388.98	0.126685
3451.98	0.123638
3514.81	0.120685
3578.22	0.117802
3628.32	0.115487
3689.86	0.112831
3748.44	0.110339
3805.8	0.107975
3862.11	0.105718
3917.29	0.103567
3972.11	0.101532
4027.56	0.0997098
4084.04	0.0986541
4142.27	0.100894
4201.61	0.115055
4258.34	0.147663
4312.82	0.223924
4386.21	0.333587
4452.31	0.390693
4505.29	0.403266
4559.29	0.432725
4611.62	0.430535
4660.74	0.442762
4713.17	0.464826
4760.36	0.495579
4816.65	0.522463
4871.58	0.549101
4923.49	0.574018
4975.66	0.596581
5015.96	0.614843
5070.73	0.645941
5115.56	0.701565
5158.31	0.771957
5160.1	0.569591
5159.51	0.414036
5158.03	0.276024
2558.76	0.169764
2553.98	0.169375
2545.05	0.1686
2628.63	0.166851
2708.92	0.163575
2786.27	0.159637
2861.5	0.155466
2934.72	0.151299
3001.19	0.147394
3066.16	0.143685
3130.81	0.140102
3195.34	0.136625
3259.72	0.133249
3323.85	0.129975
3387.57	0.126806
3450.75	0.123745
3513.41	0.120793
3575.48	0.11795
3635.96	0.115236
3691.94	0.112755
3750.3	0.110306
3808.86	0.107923
3866.07	0.105648
3920.51	0.103545
3973.82	0.10167
4028.49	0.100345
4085.33	0.101478
4145.09	0.115124
4207.39	0.181224
4261.73	0.245686
4326.98	0.313557
4388.85	0.338928
4446.96	0.358976
4511.29	0.383216
4568.04	0.416543
4620.22	0.437783
4674.44	0.45385
4725.49	0.477051
4778.06	0.504338
4832.01	0.532499
4888.16	0.561062
4936.67	0.57628
4984.35	0.59818
5039.98	0.619105
5094.71	0.654671
5145.43	0.712794
5194.74	0.784588
5189.98	0.589407
5186.91	0.427159
5185.18	0.283429
2550.32	0.170169
2547.26	0.169745
2541.73	0.168921
2622.79	0.167179
2702.04	0.163937
2779.73	0.159972
2857.17	0.155654
2938.34	0.151064
2999.23	0.147433
3062.93	0.143849
3127.67	0.140292
3192.74	0.136803
3257.83	0.133404
3322.66	0.130104
3386.95	0.126912
3450.34	0.123838
3512.95	0.120887
3574.78	0.118054
3635.46	0.115346
3692.22	0.112854
3752.64	0.11032
3814.06	0.107865
3873.66	0.10556
3925.83	0.103724
3975.23	0.102569
4028.28	0.103169
4084.33	0.108653
4143.48	0.128767
4202.1	0.187564
4262.08	0.220512
4320.77	0.203678
4384.07	0.234355
4457.77	0.319538
4521.79	0.375764
4570.04	0.405518
4630.79	0.4342
4686.4	0.462785
4740.63	0.493458
4790.63	0.515956
4841.87	0.530204
4892.55	0.556464
4949.48	0.580414
5004.64	0.599626
5061.67	0.620874
5117.93	0.656829
5171.47	0.713564
5222.99	0.783348
5217.03	0.590835
5212.91	0.431151
5211.05	0.285484
2544.96	0.170497
2543.03	0.170043
2539.59	0.169172
2618.7	0.167436
2696.64	0.164251
2773.36	0.160362
2849.05	0.156179
2923.36	0.151953
2991.2	0.147978
3057.7	0.144183
3123.95	0.140506
3190.19	0.136932
3256.43	0.13346
3322.55	0.130092
3388	0.126843
3451.51	0.123739
3514.17	0.120776
3576.47	0.117922
3638.72	0.115154
3702.46	0.112432
3754.07	0.110193
3823.16	0.107486
3874.33	0.105435
3926.12	0.103615
3978.09	0.102247
4029.25	0.102176
4090.64	0.108253
4143.86	0.13066
4197.52	0.181825
4260.07	0.227871
4324.3	0.252359
4395.25	0.288788
4463.99	0.351292
4518.8	0.39025
4580.11	0.421316
4641.67	0.450005
4695.6	0.465653
4749.32	0.491689
4799.71	0.519481
4846.75	0.53819
4905.25	0.560275
4962.07	0.584108
5021.19	0.601194
5080.75	0.622168
5138.89	0.657736
5194.19	0.713463
5246.78	0.782343
5240.92	0.588116
5236.57	0.428457
5234.69	0.28368
2541.57	0.170753
2540.34	0.170274
2538.15	0.169365
2615.72	0.167635
2692.39	0.164502
2767.97	0.160682
2842.27	0.156578
2914.83	0.152427
2984.54	0.148377
3052.75	0.144474
3120.32	0.140704
3187.73	0.137048
3255.32	0.133494
3323.31	0.130036
3391.25	0.126692
3453.84	0.123602
3516.14	0.120671
3578.67	0.117833
3641.03	0.11508
3702.4	0.112433
3762.69	0.109915
3818.35	0.107634
3874.34	0.105446
3926.84	0.103513
3980.74	0.102092
4033.38	0.101773
4086.47	0.103387
4144.6	0.114276
4202.65	0.147488
4259.22	0.216903
4336.43	0.324601
4400.86	0.367826
4463.28	0.393821
4524.87	0.410825
4585.01	0.426714
4644.78	0.446788
4700.96	0.450778
4758.08	0.474831
4811.82	0.505109
4863.67	0.536604
4916.74	0.564295
4970.48	0.587845
5035.31	0.602634
5097.75	0.623132
5157.64	0.658232
5214.17	0.713238
5267.45	0.781557
5261.96	0.584573
5257.71	0.423511
5255.85	0.280355
2539.43	0.170941
2538.62	0.170444
2537.18	0.169505
2613.56	0.167778
2689.19	0.164682
2763.8	0.160911
2837.19	0.156852
2909.13	0.152727
2979.41	0.148661
3048.49	0.14471
3116.94	0.140883
3185.22	0.137166
3253.95	0.133534
3324.34	0.129937
3400.1	0.126257
3456.79	0.123422
3518.28	0.120595
3581.49	0.117774
3644.87	0.115014
3704.05	0.112437
3761.49	0.110043
3817.16	0.107843
3878.72	0.10568
3927.12	0.10415
3979.2	0.103464
4033.91	0.106117
4088.06	0.119213
4143.35	0.159887
4202.66	0.229213
4267.71	0.284374
4339.46	0.324718
4404.82	0.358567
4460.99	0.384261
4528.87	0.413222
4590.09	0.422636
4643.6	0.434997
4706.61	0.458417
4766	0.482381
4821.96	0.508136
4873.91	0.535741
4926.85	0.564971
4982.22	0.588964
5049.64	0.603189
5113.66	0.623551
5174.64	0.658388
5231.92	0.712955
5285.62	0.780942
5280.5	0.581274
5276.41	0.418374
5274.57	0.276791
2538.13	0.171069
2537.57	0.170559
2536.55	0.169597
2612.11	0.167869
2686.95	0.164799
2760.8	0.161062
2833.54	0.157035
2905.09	0.152932
2975.47	0.148869
3044.92	0.144905
3113.78	0.141059
3182.39	0.137329
3251.08	0.133706
3320.18	0.130182
3389.31	0.126773
3453.38	0.123608
3517.91	0.120577
3584.57	0.11758
3655.9	0.114535
3709.24	0.112138
3763.66	0.109919
3822.29	0.107722
3871.72	0.105924
3929.6	0.104717
3982	0.105957
4035.31	0.113179
4086.77	0.138829
4145.72	0.193587
4204.22	0.236607
4277.55	0.304492
4341.34	0.343437
4397.82	0.371602
4455.7	0.381118
4522.95	0.386735
4590.61	0.403871
4650.42	0.425852
4715.13	0.449505
4774.86	0.477514
4830.25	0.507464
4881.27	0.539495
4931.94	0.568514
4999.34	0.588169
5065.06	0.602894
5128.94	0.623406
5190.16	0.658213
5247.73	0.712603
5301.62	0.780462
5296.77	0.578609
5292.82	0.413883
5291	0.273559
2537.42	0.171145
2537.01	0.170625
2536.23	0.169646
2611.34	0.167916
2685.62	0.164861
2758.86	0.161149
2831.04	0.157151
2902.22	0.153072
2972.49	0.149024
3042	0.145066
3110.96	0.14122
3179.57	0.137494
3247.98	0.133885
3316.21	0.130393
3383.84	0.127024
3449.83	0.123795
3515.82	0.120685
3583.43	0.11763
3655.58	0.114541
3707.1	0.112237
3758.84	0.109963
3817.51	0.107657
3880.66	0.105374
3926.21	0.103912
3977.96	0.102273
4036.21	0.10195
4096.26	0.108337
4153.21	0.125523
4209.54	0.167062
4271.24	0.220848
4329.57	0.264075
4391.71	0.283246
4460.73	0.331632
4528.22	0.374003
4590.84	0.411364
4661.22	0.442291
4723.95	0.454909
4783.83	0.481353
4839.18	0.509448
4887.69	0.541443
4952.09	0.56591
5016.16	0.586781
5080.04	0.602295
5143.16	0.622959
5204.16	0.657839
5261.7	0.712216
5315.59	0.780093
5310.92	0.576622
5307.08	0.410226
5305.26	0.270821
2537.15	0.171178
2536.84	0.170649
2536.2	0.169655
2611.33	0.167919
2685.3	0.164869
2757.93	0.161179
2829.52	0.157211
2900.25	0.153162
2970.28	0.149137
3039.67	0.145193
3108.57	0.141357
3177.07	0.137639
3245.21	0.134041
3313.03	0.130563
3380.3	0.127207
3446.61	0.123982
3512.52	0.120881
3578.21	0.117892
3643.17	0.115034
3705.28	0.112329
3747.79	0.11039
3809.04	0.107942
3867.35	0.105667
3918.53	0.103679
3977.2	0.101565
4035.93	0.0998226
4097.61	0.0994206
4161.59	0.10383
4214.46	0.122617
4266.24	0.157594
4331.4	0.139168
4393.8	0.160543
4458.35	0.238731
4537.05	0.337822
4605.55	0.390461
4672.99	0.423021
4737.04	0.451334
4796.18	0.479196
4853.35	0.508601
4909.39	0.537686
4969.68	0.563378
5031.22	0.585475
5093.53	0.601655
5155.81	0.622443
5216.42	0.657417
5273.8	0.711854
5327.61	0.779816
5323.03	0.575167
5319.27	0.40726
5317.45	0.268497
2537.22	0.171175
2537.02	0.170634
2536.55	0.169621
2612.42	0.167866
2686.28	0.164809
2757.99	0.161146
2828.82	0.157222
2899	0.153211
2968.71	0.149215
3037.9	0.14529
3106.68	0.141467
3175.07	0.137757
3242.93	0.134169
3310.62	0.130699
3378.01	0.127345
3444.1	0.124144
3509.84	0.121061
3574.18	0.118094
3634.16	0.115434
3693.37	0.112856
3748.42	0.110397
3804.32	0.108101
3862.06	0.105868
3918.95	0.103704
3977.47	0.101614
4033.85	0.0996602
4097.64	0.0982322
4163.07	0.0995826
4217.71	0.103928
4268.45	0.106729
4332.1	0.109576
4394.9	0.14242
4462.89	0.24638
4543.53	0.350561
4614.18	0.400024
4682.42	0.43274
4750.26	0.459599
4806.29	0.479725
4864.86	0.508167
4923.44	0.53584
4983.12	0.561762
5043.53	0.584491
5104.86	0.601158
5166.49	0.622014
5226.74	0.657074
5283.94	0.711579
5337.65	0.779617
5333.16	0.574026
5329.45	0.404717
5327.64	0.266478
2537.52	0.171148
2537.5	0.170588
2537.4	0.169538
2615.48	0.167724
2689.35	0.164636
2758.9	0.161047
2828.77	0.157189
2898.22	0.153228
2967.71	0.149262
3036.57	0.14536
3105.26	0.141548
3173.71	0.13784
3240.98	0.134279
3308.73	0.130808
3377.28	0.127388
3442.3	0.124285
3508.95	0.121214
3567.46	0.118385
3629.16	0.115607
3688	0.113009
3744.79	0.110545
3801.1	0.108199
3859.13	0.105912
3917.45	0.10369
3976.79	0.101591
4038.11	0.0999019
4097.28	0.099389
4160.94	0.102211
4210.4	0.11204
4266.95	0.130898
4332.23	0.13222
4394.66	0.177806
4474.3	0.290859
4548.9	0.367917
4618.05	0.411099
4686.88	0.442612
4757.74	0.468007
4809.68	0.48387
4872.55	0.508278
4932.94	0.535
4992.91	0.560831
5052.95	0.583853
5113.73	0.600839
5174.93	0.621764
5234.95	0.656905
5292.06	0.711442
5345.72	0.779485
5341.31	0.572982
5337.66	0.402328
5335.86	0.264548
2537.88	0.171113
2538.08	0.170531
2538.76	0.169415
2622.68	0.167392
2696.71	0.164216
2759.44	0.160935
2829.12	0.157133
2897.41	0.153237
2967.35	0.149277
3035.49	0.145415
3104.16	0.141613
3173.67	0.137834
3238.74	0.134418
3306.26	0.131007
3369.95	0.127719
3440.99	0.124288
3515.14	0.120849
3569.17	0.118257
3627.57	0.115673
3685.32	0.11315
3742.38	0.110727
3796.95	0.108404
3856.83	0.106053
3915.92	0.103872
3975.21	0.101973
4034.75	0.100812
4093.45	0.101682
4152.81	0.107052
4211.26	0.125841
4273.28	0.173435
4330.83	0.224477
4406.18	0.292349
4480.52	0.343672
4550.77	0.379527
4615.77	0.411479
4684.3	0.441091
4754.57	0.466543
4820.75	0.491727
4878.83	0.50794
4939.36	0.534575
4999.68	0.560327
5059.64	0.583499
5120.06	0.600706
5180.94	0.621776
5240.92	0.657001
5298.1	0.711495
5351.82	0.779414
5347.52	0.571852
5343.95	0.399895
5342.17	0.262655
2538.06	0.171093
2538.21	0.170508
2538.36	0.169409
2618.45	0.167529
2693.18	0.164339
2765.03	0.160601
2830.83	0.157003
2894.98	0.153341
2968.8	0.149173
3033.95	0.145502
3102.32	0.141799
3166.1	0.138258
3235.83	0.134587
3303.29	0.131096
3369.35	0.127737
3436.9	0.124466
3504.16	0.121309
3566.03	0.118401
3627.43	0.11566
3683.98	0.113136
3740.25	0.110737
3799.35	0.108384
3856.2	0.106317
3915.17	0.104644
3974.43	0.104285
4033.21	0.108072
4089.47	0.123694
4138.01	0.154976
4205.4	0.202634
4270.26	0.24017
4341.42	0.28648
4411.26	0.318533
4483.74	0.349775
4551.3	0.384848
4615.3	0.416162
4674.95	0.443715
4751.04	0.462963
4819.57	0.486337
4880.19	0.512306
4942.45	0.534984
5003.83	0.560192
5063.86	0.583359
5123.82	0.600774
5184.24	0.622192
5244.54	0.65749
5302.07	0.711783
5356.01	0.779396
5351.86	0.570557
5348.39	0.397439
5346.62	0.260795
2538.13	0.171088
2538.36	0.170496
2538.69	0.169383
2619.54	0.167483
2692.49	0.164329
2765.1	0.160567
2831.22	0.156919
2901.81	0.153015
2963.46	0.149474
3030.64	0.145745
3100.82	0.141865
3167.87	0.138188
3235.37	0.134603
3301.93	0.131147
3367.56	0.127819
3433.44	0.124606
3498.97	0.121494
3563.84	0.118479
3632.7	0.115459
3683.55	0.113159
3735.99	0.11094
3795.6	0.10855
3854.4	0.106463
3914.87	0.105539
3975.17	0.10852
4035.74	0.125387
4085.79	0.167916
4140.11	0.219506
4207.81	0.280374
4276.42	0.334187
4347.07	0.375209
4419.5	0.401958
4484.32	0.415274
4549.66	0.434222
4609.35	0.457749
4682.98	0.469081
4750.53	0.48245
4822.15	0.500334
4890.51	0.522595
4942.84	0.538833
5006.33	0.560673
5066.13	0.583435
5124.99	0.60114
5184.03	0.623569
5245.75	0.658557
5304.12	0.7123
5358.42	0.779428
5354.43	0.5693
5351.04	0.395303
5349.3	0.259233
2538	0.171106
2538.45	0.170502
2539.87	0.169334
2628.45	0.167161
2692.11	0.164345
2756.66	0.161035
2828.87	0.157134
2899.29	0.153172
2967.6	0.149254
3038.83	0.145288
3102.55	0.141718
3169.32	0.13816
3236.04	0.134577
3301.73	0.131176
3365.78	0.12791
3430.66	0.124743
3494.84	0.121687
3558.13	0.118756
3621.08	0.115955
3679.33	0.113366
3738.71	0.11089
3793.46	0.108749
3851.77	0.106696
3908.66	0.104778
3969.56	0.103774
4029.56	0.105462
4087.5	0.112873
4144.71	0.129091
4208.69	0.151495
4270.28	0.194891
4343.13	0.273644
4417.71	0.346325
4485.26	0.392804
4553.38	0.428394
4619.04	0.459288
4688.39	0.484316
4759.45	0.505116
4824.1	0.50938
4889.82	0.529283
4952.66	0.550031
5009.51	0.565448
5067.33	0.58534
5123.86	0.601803
5177.44	0.626313
5245.08	0.659958
5304.73	0.71275
5359.27	0.779501
5355.34	0.568963
5351.99	0.394378
5350.24	0.258414
2537.45	0.17116
2537.59	0.170581
2537.75	0.169496
2616.51	0.167657
2687.74	0.164629
2757.33	0.161067
2828.29	0.15719
2898.92	0.1532
2968.85	0.149218
3038.72	0.145305
3106.32	0.141542
3173.44	0.1379
3237.94	0.134453
3303.39	0.131162
3363.45	0.128048
3428.94	0.124867
3491.98	0.121847
3553.25	0.11899
3614.71	0.116271
3674.6	0.113649
3731.59	0.111126
3789.54	0.108732
3847.58	0.106445
3906.02	0.104241
3966.04	0.102252
4026.6	0.100925
4086.72	0.101981
4149.72	0.113685
4207.07	0.152454
4269.47	0.212316
4340.2	0.265496
4412.64	0.318416
4478.37	0.36069
4554.15	0.385267
4621.06	0.41276
4688.76	0.43775
4758.45	0.460433
4824.92	0.483339
4890.35	0.507648
4952.66	0.533228
5009.32	0.560379
5068.37	0.582304
5127.25	0.600329
5185.94	0.622688
5247.1	0.657894
5304.9	0.712026
5358.78	0.779597
5354.64	0.570932
5351.23	0.395368
5349.49	0.258349
2536.81	0.171221
2536.73	0.17066
2536.42	0.169612
2612.04	0.167838
2684.98	0.164791
2756.59	0.161143
2828.03	0.157212
2899.24	0.153175
2970.18	0.14914
3040.95	0.145173
3110.66	0.141328
3176.61	0.137707
3241.53	0.134265
3307.59	0.130894
3369.43	0.127754
3429.99	0.124872
3488.25	0.12208
3551.09	0.119107
3611.27	0.116366
3670.59	0.113736
3728.13	0.111233
3786.31	0.108835
3843.89	0.106539
3902.78	0.104325
3963.01	0.102301
4025.08	0.101063
4083.58	0.101832
4145.88	0.108062
4206.92	0.123935
4275.68	0.130847
4342.93	0.162257
4409.39	0.227208
4490.76	0.323254
4561.89	0.375036
4627.2	0.409314
4682.6	0.44172
4756.25	0.466587
4822.56	0.492432
4889.98	0.517138
4954.69	0.541898
5018.28	0.565726
5067.52	0.581956
5128.74	0.599103
5188.29	0.620283
5247.26	0.655878
5303.49	0.711114
5356.51	0.779749
5352.12	0.572715
5348.73	0.394458
5347.01	0.256161
2536.27	0.171271
2536.12	0.170717
2535.75	0.169677
2610.2	0.167916
2683.52	0.164868
2755.97	0.161186
2828	0.157211
2899.84	0.153125
2971.73	0.149026
3044.29	0.144953
3118.89	0.140886
3180.94	0.137419
3244.18	0.134145
3306.5	0.130961
3370.86	0.127691
3432.89	0.124642
3495.72	0.121672
3552.05	0.119047
3609.22	0.116474
3668.97	0.113814
3724.72	0.111381
3784.48	0.108983
3839.75	0.106833
3899.19	0.104792
3959.21	0.103157
4015.85	0.10284
4079.39	0.106737
4143.86	0.118905
4209.95	0.13703
4278.89	0.161016
4342.35	0.210929
4425.43	0.301232
4498.54	0.362217
4568.26	0.397542
4631.66	0.412111
4693.67	0.437251
4756.84	0.461503
4814.97	0.488899
4888.51	0.511114
4954.39	0.535151
5016.58	0.559878
5075.63	0.583294
5129.81	0.596994
5187.67	0.618057
5245.06	0.653886
5299.81	0.710067
5351.8	0.779986
5347.5	0.571227
5344.48	0.385651
5342.86	0.247122
2535.91	0.171305
2535.76	0.170752
2535.44	0.169711
2609.46	0.16795
2682.88	0.164902
2755.72	0.161204
2828.16	0.157205
2900.37	0.153095
2972.66	0.148974
3045.62	0.14488
3120.78	0.140798
3182.95	0.137329
3247.07	0.133952
3311.33	0.130658
3374.93	0.127463
3435.32	0.124479
3495.39	0.12163
3554.38	0.118887
3616.17	0.116138
3671.97	0.113726
3718.01	0.11173
3776.58	0.109427
3836.23	0.107263
3895.56	0.105832
3955	0.10677
4014.13	0.11593
4073.79	0.148886
4137.74	0.202978
4206.77	0.248843
4286.35	0.301556
4361.4	0.340534
4433.78	0.358219
4502.83	0.378894
4566.76	0.397635
4634.28	0.416561
4698.69	0.437925
4762.26	0.459313
4824.96	0.481076
4890.7	0.502031
4954.22	0.525727
5015.02	0.550754
5072.79	0.575472
5126.25	0.596963
5184.08	0.615748
5240.45	0.650794
5293.43	0.707768
5343.5	0.780228
5340.59	0.556582
5338.8	0.355974
5337.44	0.227654
2535.73	0.17132
2535.6	0.170767
2535.33	0.169723
2609.25	0.167961
2682.78	0.16491
2755.85	0.161205
2828.51	0.157198
2900.85	0.153087
2972.94	0.148983
3044.81	0.144949
3115.94	0.141033
3183.18	0.137333
3250	0.133793
3317.07	0.130364
3382.5	0.127068
3438.43	0.124293
3496.56	0.12158
3554.37	0.118936
3608.47	0.116421
3665.82	0.113892
3719.44	0.111555
3775.98	0.109251
3833.96	0.106998
3892.56	0.104971
3951.77	0.103779
4011.64	0.106078
4072.37	0.123309
4131.77	0.195687
4210.52	0.330585
4291.06	0.408017
4375.44	0.450672
4440.71	0.419013
4505.95	0.432691
4570.65	0.451324
4635.88	0.468245
4700.59	0.484705
4764.66	0.500971
4828	0.517522
4891.16	0.534244
4953.05	0.552228
5013.21	0.571622
5071.9	0.590056
5130.76	0.604695
5178.6	0.615629
5234.31	0.641324
5284.59	0.687466
5328.43	0.752412
5332.02	0.482272
5332.56	0.293611
5331.94	0.214654
2535.71	0.171318
2535.59	0.170764
2535.36	0.16972
2609.4	0.167955
2683.09	0.164898
2756.35	0.161185
2829.17	0.157172
2901.56	0.153061
2973.49	0.148965
3044.8	0.144948
3115.1	0.141049
3183.95	0.137288
3252.88	0.13364
3324.7	0.130012
3381.25	0.127086
3442.14	0.124133
3498.45	0.121424
3554.41	0.118841
3609.01	0.116348
3664.02	0.113924
3718.63	0.111578
3774.69	0.109284
3831.92	0.107051
3889.86	0.104991
3948.72	0.103476
4008.53	0.10389
4069.45	0.111111
4132	0.138296
4197.13	0.200487
4281.67	0.282182
4364.66	0.324703
4438.79	0.336282
4505.21	0.362137
4569.89	0.388518
4634.71	0.411419
4700.09	0.433223
4764.71	0.455976
4827.55	0.480223
4889.71	0.504976
4950.82	0.529986
5010.45	0.55506
5068.68	0.57883
5126.15	0.597774
5182.38	0.619149
5232.28	0.646598
5282.7	0.70551
5331.45	0.780559
5328.63	0.531495
5327.56	0.305471
5326.81	0.213855
2535.84	0.1713
2535.72	0.170746
2535.5	0.169702
2609.82	0.167933
2683.78	0.164865
2757.25	0.161139
2830.23	0.157116
2902.73	0.152998
2974.69	0.148901
3045.85	0.144889
3115.82	0.141002
3184.8	0.13726
3253.03	0.133666
3319.61	0.13023
3382.74	0.126992
3450.77	0.123734
3501.1	0.121256
3556.3	0.118766
3609.68	0.116356
3663.23	0.114014
3717.05	0.111731
3772.98	0.109503
3830.01	0.107466
3887.14	0.106013
3945.58	0.106311
4004.87	0.111981
4064.06	0.132199
4124.62	0.170735
4191.52	0.236052
4275.91	0.3446
4354.24	0.398322
4438.05	0.434384
4500.97	0.406696
4564.6	0.416325
4628.57	0.430884
4696.04	0.444481
4762.34	0.46119
4823.72	0.479293
4885.46	0.495638
4946.47	0.520595
5005.99	0.546189
5064	0.571164
5120.81	0.59244
5175.93	0.612183
5225.77	0.649647
5277.2	0.706478
5326.28	0.780714
5323.37	0.540883
5322.23	0.312192
5321.66	0.215211
2536.11	0.171265
2535.99	0.170712
2535.76	0.169669
2610.57	0.167893
2684.91	0.164808
2758.62	0.161063
2831.75	0.157023
2904.44	0.15289
2976.72	0.148779
3048.17	0.144759
3117.62	0.140887
3186.52	0.137166
3255.03	0.133594
3318.21	0.130297
3379.62	0.127184
3441.06	0.124197
3499.03	0.121389
3561.48	0.118556
3610.63	0.116316
3662.47	0.114088
3712.76	0.11192
3770.18	0.10958
3828.54	0.107492
3883.09	0.106103
3941.65	0.10638
4001.57	0.112685
4061.11	0.13909
4124.88	0.208918
4188.78	0.253981
4262.91	0.313412
4331.05	0.367824
4415.87	0.388033
4488.41	0.400669
4554.52	0.42396
4612.89	0.451692
4689.12	0.475822
4758.84	0.498349
4827.92	0.519282
4877.96	0.521966
4939.81	0.542537
4999.64	0.564698
5057.94	0.585401
5115.28	0.601604
5171.61	0.622649
5226.69	0.656968
5268.71	0.690938
5313.22	0.75446
5316.3	0.467579
5316.78	0.282064
5316.67	0.216257
2536.53	0.171214
2536.41	0.170661
2536.16	0.169619
2611.74	0.167835
2686.61	0.164724
2760.52	0.160956
2833.68	0.156896
2906.56	0.15274
2979.61	0.148588
3052.55	0.144517
3120.06	0.140704
3188.79	0.136992
3262.54	0.133201
3318.83	0.130262
3376.76	0.127372
3435.16	0.124535
3492.86	0.121784
3550.78	0.119112
3605.71	0.116612
3660.46	0.114214
3716.48	0.111854
3767.16	0.109779
3818.45	0.10777
3879.42	0.105517
3936.61	0.103689
3998.97	0.102956
4060.43	0.106116
4123.27	0.11911
4187.48	0.136035
4252.73	0.167194
4317.52	0.235297
4405.61	0.322901
4481.4	0.368114
4550.87	0.399928
4616.79	0.427476
4685.47	0.451662
4753.03	0.47266
4811.47	0.492756
4871.54	0.509988
4932.16	0.533457
4992.29	0.557214
5050.9	0.580031
5108.7	0.598329
5165.99	0.619467
5221.51	0.657207
5273.46	0.718231
5317.99	0.780773
5314.57	0.545034
5313.27	0.318975
5312.21	0.218866
2537.1	0.171147
2537	0.170591
2536.76	0.169549
2613.55	0.167751
2689.23	0.164608
2763.13	0.160821
2835.88	0.156761
2908.52	0.152593
2982.63	0.148356
3062.41	0.143957
3121.38	0.140581
3186.18	0.137163
3252.39	0.133762
3314.99	0.130558
3373.21	0.127603
3430.64	0.124802
3486.92	0.122118
3545.15	0.119373
3601.65	0.116806
3657.26	0.11436
3713.61	0.111976
3763.85	0.109874
3814.11	0.107795
3877.42	0.105397
3939.54	0.103251
3997.9	0.101704
4058.08	0.10131
4117.57	0.103299
4181.95	0.106953
4246.57	0.124702
4311.36	0.172054
4392.75	0.272466
4473.64	0.353201
4545.01	0.396143
4613.23	0.427093
4678.91	0.45025
4747.22	0.472221
4798.45	0.486211
4869.75	0.506454
4921.6	0.525894
4983.49	0.550175
5042.57	0.57431
5100.66	0.594444
5158.66	0.613196
5214.84	0.645995
5266.67	0.701307
5311.13	0.78064
5310.69	0.521574
5309.09	0.328634
5307.87	0.222095
2537.8	0.171066
2537.76	0.170503
2537.65	0.169449
2616.41	0.167621
2693.59	0.164425
2766.84	0.160644
2838.18	0.156657
2908.99	0.152611
2979.99	0.148578
3050.91	0.144625
3116.15	0.140945
3181.55	0.137407
3248.18	0.133912
3318.38	0.130357
3371.35	0.127622
3427.74	0.124896
3485.97	0.122161
3541.73	0.119571
3598.99	0.117027
3653.93	0.11464
3707.38	0.112321
3762.32	0.109969
3818.83	0.107676
3877.49	0.105472
3937.27	0.10347
3996.84	0.102056
4056.68	0.102264
4115.82	0.106836
4175.69	0.121723
4236.59	0.169844
4304.26	0.230022
4385.4	0.312685
4465.65	0.367738
4535.84	0.392319
4602.84	0.415226
4670.4	0.436516
4735.99	0.460858
4802.11	0.483559
4856.61	0.499158
4914.48	0.524045
4974.18	0.550139
5032.73	0.575396
5090.84	0.595868
5149.98	0.616094
5207.63	0.651149
5261.72	0.707763
5312.15	0.780498
5307.73	0.564438
5304.72	0.370062
5303.38	0.239077
2538.55	0.170981
2538.63	0.170404
2538.85	0.169314
2620.81	0.167401
2701.8	0.164054
2772.43	0.160336
2840.99	0.156499
2909.29	0.152614
2977.45	0.148745
3045.15	0.144946
3110.86	0.14128
3175.84	0.137751
3240.58	0.134338
3304.66	0.131053
3363.66	0.128029
3422.14	0.125162
3481.12	0.122363
3537.91	0.119772
3592.32	0.117256
3651.67	0.11464
3709.04	0.112165
3766.88	0.109776
3820.8	0.107601
3876.6	0.105515
3936.18	0.103622
3996.23	0.102598
4056.38	0.104654
4115.45	0.117041
4167.77	0.155344
4228.1	0.236829
4304.19	0.290738
4388.15	0.330186
4456.98	0.344278
4526.31	0.379265
4585.87	0.41286
4658.97	0.43842
4719.83	0.468247
4791.87	0.492633
4858.05	0.518038
4912.05	0.535631
4962.77	0.55317
5020.99	0.57849
5078.05	0.59863
5139.41	0.619607
5199.02	0.655035
5255.04	0.710742
5307.6	0.780475
5302.64	0.575817
5299	0.394827
5297.53	0.256091
2539.25	0.170906
2539.4	0.170319
2539.99	0.16918
2626.1	0.167086
2720.34	0.163118
2780.07	0.159829
2844.03	0.156272
2909.73	0.152576
2975.41	0.148854
3041.44	0.145154
3106.41	0.141551
3170.49	0.138072
3233.81	0.134717
3296.25	0.131494
3356.77	0.128402
3416.37	0.125508
3473.51	0.122713
3534.14	0.119903
3593.75	0.117201
3651.95	0.114629
3710.88	0.112151
3772.01	0.109728
3821.62	0.107669
3870.67	0.10582
3935.07	0.103732
3996.31	0.102805
4058.29	0.107663
4113.97	0.132358
4169.2	0.185703
4227.76	0.225728
4306.63	0.288209
4374.24	0.336587
4453.31	0.361014
4524.04	0.389254
4589.71	0.415772
4654.71	0.441695
4715.38	0.469937
4783.44	0.494284
4847.18	0.519541
4908.52	0.545152
4955.39	0.564616
5008.26	0.581103
5058.93	0.602027
5127.02	0.62265
5188.93	0.657478
5246.36	0.712262
5300	0.780571
5295.16	0.578189
5291.36	0.406044
5289.77	0.265476
2539.84	0.170853
2539.75	0.170291
2539.69	0.169225
2623.18	0.167295
2706.12	0.163858
2780.57	0.159936
2844.34	0.156281
2910.07	0.152619
2972.83	0.149035
3039.44	0.145275
3103.47	0.141708
3166.5	0.138272
3228.68	0.134942
3291.1	0.131768
3349.86	0.128693
3410.81	0.125666
3470.69	0.122747
3532.27	0.119867
3597.79	0.116944
3651.68	0.11453
3710.62	0.11214
3772.56	0.109798
3826.34	0.108036
3881.19	0.106876
3937.98	0.106025
3996.37	0.10689
4052.12	0.110183
4109.28	0.116157
4173.4	0.128403
4235.39	0.15544
4300.27	0.204421
4382.09	0.29587
4455.38	0.357639
4523.99	0.396146
4589.29	0.426993
4651.48	0.455893
4712.89	0.483881
4775.27	0.50995
4835.07	0.524871
4897.09	0.548093
4955.2	0.571342
4997.96	0.584011
5055.22	0.602179
5117.05	0.623466
5178.16	0.658672
5235.97	0.713197
5290.15	0.780788
5285.46	0.57853
5281.68	0.410897
5279.99	0.270112
2540.54	0.170796
2540.11	0.170267
2539.3	0.169278
2620.71	0.167452
2700.35	0.164185
2775.29	0.16034
2844.46	0.156419
2912	0.152535
2978.91	0.148677
3040.07	0.145175
3101.64	0.14179
3162.06	0.138543
3225.62	0.135111
3287.03	0.131908
3346.28	0.128835
3406.63	0.125832
3466.54	0.122922
3526.87	0.120087
3589.07	0.117285
3644.48	0.114771
3706.37	0.112225
3775.31	0.109688
3828.07	0.108195
3883.71	0.108812
3941.81	0.116086
3996.03	0.125774
4054.6	0.13416
4113.58	0.149757
4175.81	0.174978
4233.35	0.22022
4312.69	0.302667
4385.47	0.359753
4454.39	0.396215
4521.24	0.426614
4587.01	0.453434
4644.81	0.45876
4705.67	0.479901
4754.9	0.498699
4824.31	0.516407
4886.5	0.540203
4943.93	0.565327
4996.23	0.5897
5044.86	0.602444
5104.15	0.624385
5165.49	0.659787
5223.72	0.714089
5278.26	0.781137
5273.69	0.578496
5269.96	0.412724
5268.21	0.27212
2541.71	0.170701
2540.87	0.170203
2539.32	0.169267
2619.97	0.167483
2699.2	0.164244
2775.73	0.160362
2846.2	0.156373
2914.58	0.152419
2975.91	0.148829
3037.83	0.14535
3102.34	0.141737
3167.37	0.138208
3224.86	0.13509
3285.32	0.132003
3341.83	0.129081
3403.18	0.126023
3462.31	0.123157
3520	0.120423
3576.01	0.117831
3631.36	0.115329
3695.66	0.112683
3761.44	0.110191
3822.68	0.108798
3884.36	0.112925
3949.87	0.14447
4004.11	0.189105
4053.64	0.223884
4111.51	0.277539
4179.25	0.325008
4245.97	0.368295
4315.78	0.401262
4385.73	0.426099
4449.82	0.430603
4515.16	0.444557
4575.69	0.457804
4635.35	0.471231
4692.67	0.490755
4754.11	0.509424
4816.91	0.527789
4877.22	0.550384
4935.11	0.573934
4992.73	0.594216
5041	0.608144
5085.53	0.627619
5150.73	0.661266
5209.67	0.715046
5264.42	0.781631
5259.93	0.57838
5256.31	0.412747
5254.53	0.27231
2543.76	0.170541
2542.35	0.170072
2539.83	0.169184
2620.57	0.167413
2700.69	0.164126
2782.21	0.160009
2850.01	0.156146
2911.08	0.152623
2975.9	0.148872
3039.3	0.145251
3102.58	0.141712
3165.01	0.138299
3225.38	0.135048
3286.27	0.131892
3347.31	0.128798
3402.24	0.12607
3459.85	0.123351
3515.22	0.120717
3564.06	0.118428
3609.78	0.116299
3684.06	0.113211
3752.75	0.110409
3817.41	0.108092
3880.83	0.107182
3944.31	0.110861
4004.34	0.121661
4058.23	0.144718
4111.12	0.197098
4177.08	0.278233
4245.04	0.318565
4312.45	0.349949
4375.74	0.368503
4443.69	0.390466
4509.43	0.414479
4569.85	0.430318
4626.74	0.446396
4678.92	0.471634
4747.32	0.491234
4809.43	0.514241
4868.01	0.539288
4924.15	0.564525
4979.39	0.586832
5030.66	0.605091
5086.76	0.630637
5136.98	0.661843
5194.34	0.715504
5248.53	0.782286
5244.2	0.577678
5240.84	0.410241
5239.09	0.270151
2547.23	0.170298
2544.98	0.169864
2540.87	0.169043
2621.7	0.167332
2700.71	0.164148
2777.19	0.160311
2847.37	0.156367
2912.77	0.152543
2977.35	0.148795
3040.92	0.145153
3103.77	0.14163
3164.81	0.138276
3225.53	0.135031
3287.26	0.131838
3343.92	0.128935
3402.72	0.126076
3457.98	0.123454
3510.69	0.120917
3566	0.118321
3621.43	0.115849
3678.59	0.113352
3748.74	0.110497
3814.06	0.107912
3877.71	0.105865
3941.6	0.105468
4008.26	0.111086
4059.41	0.129448
4112.25	0.174954
4168.43	0.193312
4237.22	0.263369
4300.42	0.312277
4370.4	0.352086
4434.75	0.365691
4498.7	0.380598
4559.58	0.397386
4623.11	0.421266
4682.13	0.450699
4743.03	0.47945
4801.89	0.507022
4857.98	0.535236
4911.47	0.563719
4968.36	0.587218
5026.61	0.604755
5075.15	0.626168
5130.95	0.664904
5176.76	0.715815
5229.67	0.783079
5226.46	0.571803
5223.82	0.40147
5222.19	0.26371
2552.97	0.169959
2549.5	0.169556
2542.94	0.168791
2624.59	0.167115
2703.2	0.16397
2778.43	0.160186
2849.48	0.156222
2915.27	0.152376
2979.83	0.14864
3043.3	0.144999
3106.84	0.141417
3165.02	0.138238
3224.8	0.135097
3283.23	0.132044
3342.26	0.129073
3396.83	0.126298
3456.93	0.123395
3514.18	0.120657
3571.59	0.11801
3629.1	0.115451
3685.49	0.112995
3750.21	0.110356
3813.09	0.107843
3875.09	0.10556
3936.67	0.1039
3997.15	0.10454
4054.24	0.109677
4110.83	0.126865
4167.28	0.163776
4229.23	0.202564
4293.1	0.231582
4352.04	0.247527
4418.14	0.278063
4492.2	0.32554
4555.81	0.371002
4618.79	0.407015
4678.9	0.439282
4736.75	0.470182
4793.4	0.499664
4847.29	0.529653
4892.78	0.558758
4954.29	0.58019
5010.23	0.597968
5060.41	0.618356
5115.28	0.65076
5166.1	0.702494
5205.31	0.766376
5207.33	0.54046
5206	0.38127
5204.55	0.252207
2562.19	0.169523
2557.15	0.169137
2547.08	0.168383
2630.46	0.166703
2709	0.163565
2783.78	0.159784
2856.83	0.155702
2919.01	0.152066
2983.41	0.148418
3045.65	0.144896
3105.73	0.141475
3164.6	0.138234
3224.73	0.1351
3282.78	0.132004
3342.27	0.128965
3400.12	0.126055
3459.02	0.123206
3517.87	0.120429
3577.52	0.117712
3638.39	0.11504
3698	0.11245
3754.16	0.110153
3813.73	0.107846
3873.7	0.105657
3933.66	0.103731
3991.87	0.101657
4049.94	0.101061
4107.55	0.104006
4164.26	0.117808
4220.83	0.140287
4285.19	0.136585
4343.59	0.171554
4417.45	0.27972
4484.53	0.332791
4545.63	0.379095
4611.36	0.41615
4673	0.449751
4727.4	0.469592
4783.87	0.495926
4834.68	0.522352
4888.54	0.550108
4943.78	0.576136
4998	0.596849
5052.83	0.618308
5099.1	0.650105
5149.33	0.706917
5196.71	0.782341
5191.01	0.565798
5188.65	0.37928
5187.07	0.251501
2576.49	0.16899
2569.82	0.168607
2556.8	0.167776
2641.08	0.166028
2718.5	0.162964
2790.8	0.159353
2855.71	0.155695
2924.07	0.151775
2990.33	0.14797
3047.37	0.144705
3104.75	0.141503
3166.59	0.138111
3226.56	0.134901
3285.38	0.131802
3344.14	0.128799
3402.58	0.125884
3461.48	0.12304
3521.12	0.120244
3582.66	0.117462
3649.44	0.114603
3697.27	0.112422
3755.92	0.110015
3814.49	0.107666
3872.93	0.10539
3931.5	0.103211
3988.59	0.101217
4046.93	0.0999709
4102.54	0.100211
4160.48	0.0987082
4219.01	0.101422
4279.72	0.109062
4339.12	0.144557
4400.04	0.236855
4475.73	0.341288
4543.1	0.394307
4602.33	0.411258
4660.25	0.431626
4718.12	0.455369
4773.73	0.483875
4827.15	0.512959
4880.02	0.542385
4932.24	0.570162
4983.48	0.593164
5033.75	0.614332
5079.17	0.653565
5130.31	0.712388
5179.58	0.785352
5173.6	0.584007
5170.6	0.439606
5168.51	0.281199
2597.47	0.168337
2588.87	0.167997
2569.57	0.167207
2658.1	0.165327
2735.8	0.162064
2804.97	0.15846
2871.94	0.154675
2931.19	0.151301
2988.22	0.148013
3051.05	0.144458
3110.76	0.141104
3170.56	0.137834
3229.66	0.134671
3288.18	0.131608
3346.51	0.128636
3404.84	0.125745
3463.51	0.122923
3522.8	0.120158
3582.98	0.117445
3643.73	0.114795
3700.21	0.112312
3758.43	0.1099
3816.13	0.10756
3872.87	0.10532
3931.74	0.10313
3985.12	0.101251
4038.58	0.0993652
4098	0.0975704
4156.91	0.0964208
4215.03	0.09895
4274.55	0.117177
4332.74	0.192276
4392.23	0.254187
4464.51	0.308503
4528.62	0.343749
4593.65	0.384109
4654.17	0.418072
4706.84	0.446694
4761.93	0.476957
4816.7	0.506628
4869.15	0.536707
4919.52	0.566063
4968.4	0.591353
5016.75	0.61468
5065.32	0.654197
5108.13	0.713483
5155.45	0.787102
5148.61	0.593421
5144.95	0.4448
5143.74	0.28901
2627.06	0.167453
2618.63	0.16716
2590.73	0.166427
2685.87	0.164159
2761.56	0.160699
2821.29	0.157492
2877.2	0.154268
2939.31	0.150744
2998.3	0.147352
3057.89	0.143991
3116.74	0.140713
3175.29	0.137522
3233.44	0.134421
3291.31	0.131408
3349.09	0.128476
3406.99	0.125619
3465.22	0.122827
3523.92	0.120094
3583.16	0.117416
3642.77	0.114797
3702	0.112252
3762.09	0.109778
3819.49	0.107432
3871.53	0.105375
3923.82	0.103369
3981.17	0.101218
4037.04	0.0992201
4095.2	0.0974761
4155.38	0.0969391
4210.39	0.101011
4268.9	0.116402
4323.57	0.13524
4386.96	0.139795
4446.98	0.17351
4509.97	0.257119
4582.95	0.350732
4645.35	0.39972
4702.06	0.436805
4746.5	0.469983
4805.04	0.498178
4857.34	0.528297
4906.11	0.55881
4952.32	0.586432
4996.73	0.609587
5038.57	0.647662
5077.75	0.712824
5122.85	0.788725
5119.19	0.591801
5117.69	0.435954
5116.7	0.283967
2665.07	0.166217
2667.84	0.165784
2679.63	0.164796
2732.96	0.162216
2785.37	0.159397
2839.13	0.156374
2893.6	0.153234
2950.52	0.149984
3007.77	0.146727
3065.47	0.143493
3123.09	0.14031
3180.48	0.137196
3237.63	0.134161
3294.67	0.131204
3351.74	0.128321
3409.04	0.125504
3466.73	0.122746
3524.86	0.120042
3583.37	0.11739
3642.67	0.114782
3703.48	0.112191
3769.1	0.109537
3815.64	0.107561
3870.58	0.105382
3925.8	0.103274
3979.74	0.101251
4034.36	0.0993504
4091.62	0.0976461
4147.94	0.0962314
4207.13	0.0945987
4265.34	0.0949921
4322.9	0.0968613
4382.37	0.101657
4440.9	0.120655
4495.56	0.17853
4572.78	0.299858
4635.7	0.372245
4692.46	0.412921
4744	0.447469
4795.95	0.481383
4845.94	0.512855
4892.91	0.544125
4936.66	0.574138
4977.04	0.59868
5010.48	0.626056
5043.85	0.664167
5076.27	0.691935
5086.96	0.558868
5090.63	0.401814
5090.32	0.247533
2700.31	0.164758
2708.01	0.164143
2726.93	0.162844
2763.7	0.160674
2807.8	0.158113
2856.2	0.155303
2907.54	0.152332
2961.4	0.149256
3016.8	0.146133
3073.15	0.143004
3129.73	0.139905
3185.98	0.136865
3242.04	0.133897
3298.15	0.131001
3354.33	0.128174
3410.94	0.125404
3468.09	0.122682
3525.76	0.120008
3583.2	0.117401
3641.55	0.114849
3700.68	0.112337
3760.33	0.109875
3816.93	0.10754
3870.2	0.105421
3929.98	0.103201
3978.67	0.101361
4024.77	0.0995953
4088.66	0.0974122
4148.18	0.0954027
4206.12	0.0935727
4263.38	0.0922892
4320.65	0.0924299
4378.52	0.0977958
4435.59	0.1205
4488.26	0.177172
4561.54	0.293382
4625	0.371626
4682.52	0.416105
4736.52	0.453902
4784.96	0.472519
4834.21	0.500527
4880.26	0.525852
4922.73	0.549581
4960.14	0.571138
4993.42	0.587535
5023.17	0.595733
5048.01	0.583187
5061.91	0.486856
5068.07	0.32926
5069.78	0.208697
2727.86	0.163395
2736.94	0.1627
2756.33	0.161346
2787.1	0.159386
2825.89	0.157028
2870.33	0.154398
2918.92	0.151578
2970.73	0.148629
3024.9	0.145602
3080.61	0.142542
3136.75	0.139499
3191.73	0.136529
3246.53	0.133634
3301.68	0.130798
3356.69	0.128045
3412.53	0.125331
3469.21	0.122642
3527.21	0.119965
3582.53	0.117441
3640.13	0.114958
3697.9	0.112507
3755.26	0.11012
3809.03	0.107866
3866.85	0.105535
3923.81	0.103339
3977.7	0.101276
4031.78	0.0992764
4091.3	0.0972323
4151.36	0.0952414
4207.24	0.0935335
4262.89	0.0926129
4319.1	0.0948265
4375.88	0.110776
4431.79	0.176395
4483.97	0.230541
4551.23	0.293722
4613.4	0.330491
4671.1	0.358815
4722.22	0.382583
4775.02	0.407134
4824.81	0.436014
4870.13	0.461395
4911.15	0.483709
4947.58	0.501764
4979.49	0.512682
5006.88	0.508256
5029.16	0.472211
5043.79	0.374534
5048.82	0.21755
5054.41	0.173741
2746.31	0.162364
2755.58	0.161653
2774.35	0.160322
2802.45	0.158475
2838.3	0.156248
2880.28	0.15374
2927.06	0.151023
2977.7	0.14815
3031.46	0.145165
3087.68	0.14211
3144.98	0.139053
3197.73	0.136185
3250.78	0.133385
3305.48	0.130569
3358.41	0.127956
3413.51	0.125314
3469.29	0.122688
3524.72	0.120115
3581.92	0.117474
3639.07	0.114952
3696.15	0.112502
3752.81	0.110121
3808.59	0.107815
3865.18	0.105559
3921.63	0.103371
3977.55	0.101251
4034.45	0.0991776
4094.65	0.0971162
4160.06	0.0951038
4210.04	0.0938562
4263.29	0.0938843
4318.05	0.0976976
4373.2	0.110404
4425.55	0.12407
4486.58	0.133348
4547.81	0.154651
4606.61	0.179566
4660.93	0.202452
4710.05	0.223829
4763.35	0.268983
4816	0.316073
4861.3	0.347447
4901.77	0.370376
4937.91	0.382563
4969.45	0.383319
4996.05	0.368038
5017.98	0.328728
5029.88	0.232694
5039.39	0.169886
5044.41	0.135066
2755.51	0.161803
2764.7	0.161097
2783.03	0.159789
2810.02	0.157998
2844.58	0.155836
2885.4	0.153389
2931.34	0.15072
2981.53	0.147873
3035.56	0.144874
3093.68	0.141722
3157.83	0.138368
3203.51	0.135852
3253.48	0.133271
3302.61	0.130704
3358.13	0.127968
3413.54	0.125285
3469.22	0.122642
3525.12	0.120038
3581.73	0.11746
3638.56	0.114947
3695.35	0.112501
3751.87	0.110124
3808.06	0.107815
3864.44	0.105569
3920.87	0.103383
3977.45	0.101251
4034.93	0.0991658
4093.99	0.0971162
4153.64	0.0951317
4208.2	0.0933664
4262.37	0.0919508
4317.12	0.0912163
4372.4	0.0917997
4428	0.0935214
4486.82	0.0977201
4546.36	0.106378
4604.42	0.117461
4659.5	0.129844
4711.53	0.143663
4762.81	0.162185
4811.33	0.186548
4854.25	0.211886
4894.2	0.232527
4931.45	0.248211
4963.79	0.252383
4989.89	0.243024
5009.11	0.216854
5024.45	0.177555
5034.47	0.134338
5039.36	0.107845
4169.74	0.0949848
4210.46	0.0942671
4263.42	0.0951353
4318.04	0.102417
4373.02	0.131222
4409.92	0.204351
4432.1	0.314693
4483.67	0.388767
4550.62	0.434885
4612.82	0.470148
4670.98	0.499792
4717.83	0.513453
4740.76	0.557801
4783.8	0.559695
4833.7	0.580783
4879.86	0.59537
4922.58	0.618382
4959.5	0.632403
4979.58	0.644293
5007.97	0.644904
5021.03	0.663863
2640.34	0.166583
2692.53	0.164306
2744.72	0.161712
2769.96	0.160194
2831.01	0.156914
2902.29	0.153006
2949.91	0.150314
2973.39	0.148812
3033.78	0.145505
3102.94	0.141787
3151	0.139168
3176.95	0.137593
3238.54	0.134433
3306.93	0.131011
3353.06	0.128696
3379.85	0.127219
3442.09	0.124313
3509.18	0.121251
3550.05	0.11932
3575.9	0.117996
3633.84	0.11547
3693.1	0.112922
3725.13	0.111507
3741.49	0.110714
3683.69	0.1133
3710.32	0.112092
3764.1	0.109963
3821.42	0.107881
3872.11	0.106278
3929.05	0.105751
3982.24	0.108226
4036.6	0.116334
4076.92	0.126538
4099.77	0.122451
4151.91	0.145585
4205.72	0.219465
4270.41	0.339145
4329.38	0.371926
4391.35	0.390343
4460.38	0.405455
4527.28	0.41325
4586.17	0.420678
4594.88	0.442127
4385.28	0.561131
4441.26	0.564616
4505.7	0.569032
4570.43	0.575977
4635.59	0.582255
4700.29	0.589054
4764.4	0.595589
4827.83	0.603704
4890.91	0.615677
4952.76	0.629106
5012.94	0.642659
5071.69	0.654269
5129.81	0.662767
5178.57	0.681175
5233.77	0.688
5283.88	0.697773
5325.63	0.700078
5328.72	0.512843
4372.44	0.405659
4416.2	0.442865
4440.45	0.503563
4476.6	0.505356
4530.71	0.533128
4584.57	0.552936
4636.28	0.56866
4660.62	0.593471
4691.25	0.593713
4745.69	0.611257
4798.9	0.634744
4854.9	0.645269
4878	0.67009
4907.14	0.670227
4956.9	0.69388
5003.69	0.716475
5052.67	0.728119
5082.6	0.731401
5113.26	0.730877
5155.28	0.745238
5159.72	0.571037
5159.52	0.454558
3720.77	0.111612
3745.94	0.110507
3765.41	0.109664
3803.87	0.108131
3861.98	0.105906
3919.12	0.103759
3978.21	0.101783
4018.01	0.100818
4041.1	0.100388
4097.28	0.100523
4160.29	0.105287
4210.96	0.126784
4259.04	0.196284
4281.56	0.322167
4330.42	0.367068
4405.85	0.401143
4480.11	0.421716
4550.65	0.433115
4590.17	0.436355
4616.34	0.44357
4649.27	0.444474
2764.66	0.160769
2780.92	0.159778
2802.47	0.158526
2844.07	0.156251
2910.24	0.152607
2969.47	0.149284
2993.71	0.14773
3039.23	0.145204
3101.92	0.141787
3157.63	0.138838
3179.39	0.137481
3224.29	0.135115
3285.51	0.132009
3336.78	0.129421
3357.02	0.128261
3401.72	0.126099
3460.11	0.123362
3507.91	0.12114
3521.05	0.12038
3565.55	0.11835
3621.79	0.11587
3667.03	0.113962
3675.82	0.113497
3411.6	0.125588
3457.09	0.123404
3518.45	0.120607
3581.5	0.1178
3644.56	0.115056
3703.89	0.112478
3761.38	0.110089
3817.49	0.107893
3877.78	0.105835
3927.36	0.104499
3979.43	0.10481
4033.82	0.110861
4087.75	0.134447
4140.16	0.204144
4203.67	0.326027
4260.24	0.344375
4285.01	0.371298
4339.16	0.373066
4397.13	0.380871
4437.52	0.381658
3708.9	0.111931
3753.04	0.110108
3805.31	0.10803
3859.06	0.10596
3913.67	0.103989
3969.08	0.102352
4015.63	0.101961
4035.75	0.103622
4079.22	0.107545
4134.94	0.127961
4186.85	0.196703
4243.99	0.341907
4310.06	0.41569
4375.88	0.442727
4433.78	0.463034
4488.6	0.47779
4543.83	0.484464
4590.12	0.487015
4612.28	0.501042
4654.09	0.501728
4702.88	0.507283
4735.26	0.509131
3522.68	0.120414
3569.31	0.118257
3627.53	0.115698
3685.32	0.113191
3743.03	0.11079
3779.27	0.109325
3801.95	0.108347
3856.18	0.106524
3915.19	0.105126
3974.36	0.105473
4032.95	0.110933
4088.75	0.129664
4136.52	0.176058
4204.54	0.301027
4270.15	0.368543
4341.94	0.394122
4403.71	0.403774
4429.01	0.452142
4483.07	0.452601
4549.29	0.457466
4594.81	0.458514
3656.9	0.114259
3692.4	0.112756
3707.23	0.11203
3750.96	0.110212
3804.15	0.108079
3858.14	0.105964
3912.81	0.103892
3967.96	0.101912
4023.34	0.100156
4079.65	0.0990265
4135.84	0.0996199
4173.36	0.102358
4192.69	0.102281
4241.71	0.105667
4296.95	0.117713
4353.85	0.136187
4406.84	0.139484
4456.82	0.140444
4504.84	0.152871
4545.92	0.171137
2952.72	0.15006
2999.93	0.147343
3063.12	0.143828
3127.73	0.14029
3192.76	0.136811
3257.81	0.133417
3322.62	0.130121
3386.88	0.126933
3450.28	0.123861
3512.89	0.120912
3574.67	0.118083
3635.18	0.115384
3692.44	0.112866
3752.73	0.110353
3813.87	0.107924
3873	0.105677
3925.48	0.103905
3973.9	0.102894
3994.99	0.103229
4108.55	0.0975778
4128.5	0.0973542
4144.93	0.0994911
4187.98	0.104491
4210.3	0.12762
4241.6	0.147912
4282.48	0.255265
4304.51	0.345753
4362.23	0.370278
4385.65	0.432228
4433.8	0.435032
4469.41	0.450419
4498.88	0.457477
4543.66	0.464669
4563.42	0.491297
4610.1	0.493607
4634.36	0.522903
4674.3	0.523294
4715.4	0.532788
4741.54	0.549084
4786.45	0.55279
4804.77	0.582239
4846.93	0.583551
4880.18	0.586701
4916.47	0.586181
4960.78	0.588942
4977.3	0.589058
3910.78	0.104456
3927.67	0.103812
3975.65	0.103043
4028.81	0.104889
4082.15	0.114033
4105.09	0.128328
4142.4	0.14669
4195.51	0.230255
4259.73	0.366897
4323.52	0.415592
4355.65	0.454316
4399.25	0.454655
4462.99	0.477377
4524.66	0.487413
4583.81	0.494724
4609.95	0.508351
4640.28	0.508025
4705.97	0.540299
4765.6	0.554384
4822.16	0.563683
4852.45	0.565839
4880.81	0.566457
4925.02	0.568926
2584.39	0.167148
2597.85	0.166996
2641.15	0.165946
2718.17	0.162963
2790.82	0.159357
2846.45	0.15631
2866.66	0.15499
2918.49	0.152072
2983.26	0.148426
3046.12	0.144898
3085.97	0.142641
3109.23	0.141222
3164.91	0.138244
3224.91	0.135102
3281.38	0.132206
3305.85	0.130846
3343.31	0.128955
3402.47	0.126109
3458.34	0.123462
3503.21	0.121364
3520.67	0.120429
3563.47	0.118477
3602.47	0.116703
3664.76	0.113905
3687.05	0.112923
3704.12	0.112151
3754.07	0.110186
3813.76	0.107909
3873.73	0.10585
3934.01	0.104621
3965.82	0.105901
3996.63	0.106393
4054.09	0.113321
4110.6	0.136137
4165.15	0.201709
4225.4	0.32401
4249.72	0.402209
4299.65	0.408667
4369.88	0.422956
4434.62	0.434993
4499.49	0.443386
4547.78	0.446918
4572.79	0.468355
4626.06	0.469064
4662.72	0.472282
4168.49	0.105906
4178.35	0.11537
4214.36	0.132804
4259.07	0.205568
4279.01	0.330576
4329.47	0.351808
4384.51	0.376561
4403.26	0.441601
4456.32	0.445617
4507.29	0.45233
4531.39	0.494012
4590.41	0.497886
4633.13	0.503616
4647.34	0.515761
4700.04	0.521113
4723.45	0.543684
4749.32	0.543562
4797.3	0.548496
4811.46	0.571571
4841.95	0.57186
4888.05	0.575238
4900.46	0.598084
4936.5	0.598411
4976.33	0.601904
4984.18	0.614514
5010.89	0.61527
3075.04	0.143112
3121.49	0.140556
3186.27	0.137164
3252.1	0.13379
3314.61	0.130595
3373.11	0.127632
3430.62	0.124838
3485.23	0.122282
3508.93	0.121101
3541.42	0.119576
3598.71	0.11707
3653.8	0.114667
3707.5	0.112331
3762.46	0.109991
3819	0.107715
3877.59	0.105561
3937.27	0.103731
3996.86	0.102943
4056.71	0.105392
4112.2	0.116809
4132.72	0.139428
4165.55	0.163219
4190.15	0.200731
3362.21	0.128153
3378.93	0.127227
3395.63	0.126324
3438.06	0.124306
3496.56	0.121597
3555.04	0.118951
3594.31	0.11719
3618.22	0.116024
3672.06	0.113743
3719.24	0.111701
3774.38	0.109585
3798.72	0.108503
3839.1	0.106925
3899.24	0.104915
3959.93	0.103423
4005.96	0.103004
4029.24	0.102383
4083.28	0.103812
4145.64	0.114563
4203.51	0.155442
4224.82	0.250991
4268.48	0.304329
4339.99	0.338301
4411.99	0.355629
4457.89	0.361176
3608.55	0.116419
3613.45	0.116177
3652.18	0.114521
3710.89	0.11219
3771.95	0.109924
3826.39	0.108184
3881.35	0.107079
3938.1	0.106658
3996.22	0.108849
4052.99	0.118188
4096.52	0.143639
4114.61	0.178002
4167.13	0.282817
4228.35	0.374062
4305.83	0.405965
4374.72	0.435124
4452.65	0.445445
4523.52	0.458472
4589.53	0.466387
4654.33	0.468606
4689.83	0.46973
4699.64	0.46866
3778.05	0.109123
3813.02	0.107713
3832.65	0.106888
3871.55	0.105395
3918.14	0.10371
3937.28	0.102959
3985.27	0.101389
4025.77	0.100714
4048.7	0.100744
4102.27	0.103282
4131.36	0.116872
4164.03	0.126388
4215.88	0.184963
4240.13	0.314239
4292.59	0.34423
4348.24	0.388938
4374.74	0.440004
4434.69	0.444189
4481.44	0.454245
4510.28	0.480777
4569	0.48483
4597.99	0.497361
4635.18	0.496792
4690.33	0.499081
4715.19	0.49946
4744.08	0.499175
4755.48	0.496512
4759.3	0.500839
4795.4	0.501281
4812.54	0.518131
4852.94	0.518544
4869.21	0.547375
4908.16	0.547747
4919.93	0.575174
4952.68	0.575656
4965.15	0.59388
4995.81	0.594095
5009.32	0.6177
5042.28	0.618234
5054.06	0.64965
5083.23	0.650835
5100.66	0.682197
5134.55	0.682974
5146.49	0.726413
5174.55	0.727505
5181.63	0.765369
5202.58	0.766243
5196.42	0.761998
5190.45	0.619278
5179.51	0.615388
5177.99	0.605079
3933.4	0.103048
3979.63	0.101375
4010.25	0.100329
4035.35	0.0994045
4091.79	0.0979185
4145.62	0.0978965
4168.8	0.101298
4209.76	0.105631
4268.77	0.133515
4310.9	0.219261
4334.73	0.343747
4391.78	0.400633
4464.68	0.453504
4509.23	0.468002
4542.56	0.491677
4602.15	0.501359
4658.68	0.511566
4685.18	0.529663
4726.39	0.529753
4784.03	0.544519
4828.93	0.547819
4850.1	0.558653
4888.19	0.559086
3646.74	0.114772
3684.08	0.113159
3730.63	0.111288
3749.43	0.11047
3792.97	0.10883
3851.67	0.106803
3908.94	0.105036
3969.5	0.104472
4029.41	0.107233
4087.76	0.117115
4141.28	0.137502
4163.32	0.160144
4202.67	0.20025
4269	0.325613
4339.87	0.380146
4412.1	0.408399
4478.92	0.425245
4553.43	0.430843
4618.59	0.436147
4644.95	0.442605
4671.11	0.442142
3661.33	0.114235
3707.12	0.112283
3734.93	0.111146
3763.82	0.109928
3822.81	0.107771
3852.89	0.106726
3878.79	0.105732
3927.68	0.104216
3959.64	0.103425
3981.84	0.102495
4033.86	0.102915
4070.08	0.10814
4092.1	0.113226
4144.11	0.137978
4182.22	0.18274
4201.49	0.210014
4262.11	0.304039
4310.97	0.32818
4330.78	0.383935
4388.77	0.389465
4435.9	0.396913
4455.76	0.426528
4504.93	0.42817
4544.05	0.43216
4547.33	0.424156
3836.54	0.106918
3874.48	0.105474
3926.17	0.103755
3978.38	0.102777
4025.21	0.10416
4043.1	0.108236
4083.83	0.114512
4142.61	0.144496
4199.99	0.243648
4261.31	0.36414
4290.9	0.407942
4326.4	0.409274
4388.44	0.423299
4447.14	0.439097
4510.68	0.448888
4545.97	0.457626
4562.68	0.486864
4611.14	0.489502
4660.81	0.499241
4712.9	0.504623
4749.3	0.508712
4758.43	0.529722
4793.81	0.530322
4824.36	0.504228
4833.33	0.520706
4858.57	0.519277
4870.55	0.513652
4875.24	0.526664
4900.33	0.527987
4913.24	0.529676
4916.96	0.559351
4940.67	0.561099
4954.06	0.568734
4958.78	0.58727
4979.73	0.588388
4994.47	0.590635
4996.33	0.605495
5016.14	0.607371
5028.98	0.605769
5029.73	0.618943
5046.9	0.62202
5058.5	0.618868
5055.28	0.64234
5067.91	0.652611
5077.02	0.653739
5067.2	0.680049
5074	0.710923
5075.61	0.712256
3406.64	0.125744
3420.16	0.125054
3449.74	0.123642
3466.39	0.122845
3499.65	0.121327
3517.75	0.120475
3540.35	0.119464
3568.48	0.118197
3585.42	0.117437
3618.62	0.116003
3637.37	0.115174
3663.05	0.114115
3690.54	0.112943
3710.81	0.11205
3745.48	0.110639
3764.45	0.109852
3791.11	0.108876
3815.68	0.107925
3831.3	0.107387
3865.12	0.106208
3882.14	0.105332
3902.88	0.1045
3917.31	0.103748
3780.83	0.109566
3828.68	0.108444
3876.11	0.108483
3891.31	0.107418
3937.58	0.10653
3996.86	0.10799
4042.79	0.113003
4063.17	0.118324
4113.22	0.142491
4167.35	0.218715
4214.09	0.331827
4233.57	0.38995
4304.09	0.410665
4388.51	0.430388
4432.9	0.443873
4466.18	0.464183
4535.48	0.470248
4602.81	0.479579
4637.74	0.482422
4678.06	0.481534
4746.18	0.485814
4792.86	0.488745
4800.06	0.493452
4800.13	0.495736
3681.04	0.11329
3718.34	0.111727
3776.69	0.109496
3836.22	0.107502
3895.56	0.106658
3954.93	0.109826
4013.87	0.126893
4071.08	0.187216
4136.91	0.320457
4206.9	0.39928
4285.78	0.426018
4360.93	0.439341
4433.32	0.447767
4503.08	0.454279
4544.83	0.456998
4570.77	0.478584
4631.16	0.48106
4693.62	0.485433
4756.01	0.486693
4806.76	0.489549
4759.14	0.498567
4767.34	0.500417
4801.77	0.500988
4822.5	0.525818
4851.03	0.529975
4878.56	0.530357
4899.35	0.550996
4934.41	0.551437
4954.27	0.571379
4981.44	0.57344
5007.69	0.573265
5026.64	0.588909
5059.4	0.589177
5077.12	0.603013
5101.27	0.607615
5124.65	0.607423
5139.53	0.632331
5170.75	0.633412
5183.71	0.659182
5204.24	0.668782
5224.16	0.669206
5234.7	0.715507
5261.72	0.717921
5274.74	0.776107
5296.06	0.780682
5308.05	0.780562
4213.06	0.292753
4261.81	0.369716
4326.64	0.404205
4389.23	0.421575
4433.99	0.429449
4455.43	0.471423
4504.81	0.47508
4559.12	0.484818
4611.55	0.490692
4653.8	0.495817
4666.11	0.554977
4702.34	0.556908
4750.02	0.56991
4799.31	0.575362
4850.38	0.577834
4861.53	0.620891
4894.33	0.620174
4941.25	0.651011
4984.81	0.667366
5024.85	0.682392
5041.65	0.702799
5044.12	0.678578
5057.22	0.680978
3326.26	0.129869
3371.74	0.127596
3427.9	0.124899
3485.81	0.122185
3541.83	0.119589
3598.88	0.117059
3653.89	0.114669
3708.48	0.112337
3742.98	0.110878
3767.94	0.109738
3820.82	0.107663
3876.94	0.105624
3936.25	0.103921
3996.23	0.103518
4056.22	0.107657
4114.68	0.126087
4165.64	0.181907
4230.18	0.303828
4293.69	0.317576
4316.56	0.335418
4359.11	0.336925
3464.8	0.122975
3501.14	0.121251
3556.17	0.118786
3609.69	0.116376
3663.27	0.114037
3717.25	0.111767
3773.1	0.109601
3830.04	0.107767
3887.28	0.107023
3945.63	0.109774
4004.54	0.123314
4061.77	0.167536
4117.99	0.277556
4139.07	0.382731
4188.29	0.400829
4262.3	0.4255
4332.56	0.436459
4414.73	0.439001
4487.65	0.445686
4554.01	0.450294
4599.08	0.452426
3163.54	0.137993
3203.73	0.135836
3254.17	0.133259
3286.63	0.131578
3307.65	0.130421
3358.42	0.12796
3413.57	0.125322
3469.4	0.122704
3523.74	0.120223
3548.91	0.118994
3582.17	0.117457
3640.12	0.11498
3697.89	0.112531
3755.51	0.110146
3805.28	0.108119
3827	0.107137
3869.73	0.105468
3929.23	0.103271
3978.32	0.101406
4018.86	0.099882
4014.56	0.117052
4014.95	0.117334
4059.53	0.140086
4110.47	0.218063
4158.17	0.342997
4181.12	0.41141
4244.49	0.42532
4312.84	0.445813
4366.12	0.455046
4390.99	0.500618
4449.19	0.502282
4515.37	0.513271
4569.47	0.517187
4593.43	0.544998
4644.03	0.54629
4705.34	0.5626
4754.45	0.572368
4783.33	0.57611
4833.89	0.576092
4896.95	0.587959
4952.25	0.590559
4971.57	0.59958
5007.87	0.599457
5042.59	0.602915
3962.45	0.247412
4002.57	0.319466
4053.44	0.432347
4111.68	0.482426
4178.82	0.504162
4245.89	0.521301
4315.54	0.529854
4385.02	0.536918
4449.61	0.548634
4514.56	0.555848
4575.33	0.568223
4634.94	0.577833
4692.66	0.588416
4754	0.592572
4816.59	0.596743
4876.94	0.606033
4934.96	0.617063
4992.09	0.622924
5041.14	0.631273
5076.25	0.633456
2746.65	0.161468
2750.05	0.161272
2764.16	0.1605
2821.58	0.157483
2860.16	0.155325
2876.47	0.154323
2931.34	0.151291
2980.97	0.148511
2998.78	0.147374
3047.11	0.144712
3102.26	0.141698
3123.75	0.1404
3164.14	0.138246
3224.78	0.135133
3256.84	0.133431
3283.84	0.131978
3342.62	0.129079
3385.32	0.126989
3406.03	0.125874
3457.94	0.123467
3505.79	0.121229
3522.52	0.120333
3563.33	0.118476
3604.09	0.11662
3885.46	0.105324
3927.47	0.10466
3961.13	0.106369
3983.53	0.108579
4034.87	0.118864
4085.65	0.157628
4144.27	0.277247
4177.23	0.358496
4203.35	0.377964
4267.66	0.408064
4338.9	0.432244
4403.21	0.452223
4430.19	0.478234
4463.06	0.478121
4524.65	0.48454
4584.97	0.492012
4641.51	0.496865
4661.7	0.524092
4695.08	0.524346
4748.98	0.531704
4799.44	0.537539
4837.73	0.538641
2732.45	0.162351
2779.99	0.1598
2844.16	0.156251
2909.74	0.152564
2975.43	0.148847
3041.36	0.145156
3106.34	0.141559
3170.42	0.138083
3233.73	0.134732
3296.08	0.131514
3356.67	0.128431
3416.19	0.125528
3473.81	0.122719
3534.07	0.119934
3593.61	0.117242
3652.03	0.114671
3710.99	0.112206
3770.68	0.109842
3821.05	0.107782
3859.44	0.106339
2828.77	0.157416
2851.56	0.156011
2909.32	0.152757
2933.69	0.151202
2975.47	0.148834
3036.78	0.145452
3063.83	0.14384
3101.18	0.141794
3162.3	0.138556
3194.5	0.136769
3228.38	0.134939
3291.46	0.131781
3327.64	0.12992
3357.06	0.128367
3416.82	0.125516
3456.15	0.123641
3482.12	0.122303
3538.24	0.119789
3578.73	0.118
3600.97	0.116916
3654.17	0.114654
3696.47	0.112861
3716.32	0.111858
3763.73	0.109913
3802.27	0.108413
3808.75	0.108154
4033.17	0.14806
4039	0.151533
4083.84	0.252242
4140.04	0.390223
4207.42	0.442928
4276.19	0.479056
4346.89	0.497952
4418.82	0.510321
4484.08	0.526479
4549.15	0.535931
4610.6	0.546552
4683.76	0.549288
4738.22	0.550803
4764.39	0.584585
4823.18	0.585554
4889.33	0.594041
4952.17	0.599327
5009.45	0.612976
5067.16	0.618355
5123.32	0.622869
5173.08	0.626978
4467.7	0.524701
4501.18	0.525256
4564.44	0.53343
4628.62	0.542065
4695.8	0.546929
4762.51	0.552473
4813.73	0.554893
4833.53	0.618867
4878.1	0.623873
4939.5	0.629932
4999.34	0.64203
5057.69	0.653173
5115.03	0.662066
5171.33	0.669566
5225.7	0.675935
5268.59	0.682355
5310.42	0.679568
5315.89	0.451509
5316.7	0.288278
5316.68	0.22831
3566.78	0.118264
3611.09	0.116301
3662.97	0.114099
3705.93	0.112326
3723.26	0.111543
3766.65	0.10982
3819.11	0.107776
3879.92	0.105609
3918.87	0.104335
3942.02	0.103379
3997.79	0.10209
4058.14	0.102486
4115.63	0.108396
4139.49	0.122374
4175.1	0.135391
4234.41	0.202645
4305.11	0.331311
4374.4	0.356007
4397.36	0.394481
4455.83	0.395834
4525.71	0.407499
4576.34	0.413483
3777.53	0.109607
3793.02	0.109244
3826.58	0.108306
3877.43	0.108651
3895.07	0.112921
3941.63	0.120349
3987.63	0.15018
4006.99	0.191684
4053.54	0.221723
4090.73	0.237783
4110.94	0.216318
4175.74	0.295386
4203.25	0.303453
4237.26	0.30545
4295.94	0.316202
4310.98	0.312241
4352.41	0.315139
4410.13	0.333498
4426.8	0.389465
4484.04	0.396912
4528.79	0.411406
4546.64	0.443265
4601.76	0.446157
4631.35	0.453208
4654.82	0.456616
4704.46	0.460104
4720.73	0.470148
4734.81	0.470268
4163.67	0.105555
4168.11	0.104976
4201.64	0.110101
4219.47	0.109724
4246.39	0.137042
4265.52	0.170198
4289.8	0.301562
4327.2	0.321117
4348.98	0.376304
4389.13	0.378186
4407.52	0.387671
4440.47	0.391977
4463.22	0.396498
4484.99	0.396918
4515.95	0.397021
4530.12	0.41307
4562.03	0.415024
4571.43	0.446055
4599.66	0.449236
4612.04	0.467514
4629.29	0.478791
4652.94	0.478659
4660.66	0.498148
4685.61	0.498926
4687.01	0.453462
3886.2	0.105698
3917.91	0.105462
3934.76	0.106071
3981.66	0.108903
4034.92	0.121099
4085.43	0.161023
4144.27	0.277325
4204.3	0.379334
4276.79	0.419312
4340.76	0.444731
4397.79	0.467436
4456.32	0.477966
4522.93	0.484522
4591	0.489462
4641.55	0.49202
4666.66	0.519243
4722.55	0.520469
4783.17	0.532239
4838.77	0.538652
4874.62	0.541928
2681.5	0.16501
2699.58	0.164036
2741.71	0.161885
2767.41	0.160396
2831.18	0.156985
2885.33	0.153992
2907.3	0.152592
2963.61	0.149459
3026.86	0.146025
3052.17	0.144429
3101.94	0.141742
3168.93	0.138225
3201.04	0.136417
3237.59	0.134454
3303.78	0.131171
3347.13	0.12898
3371.67	0.127615
3430.18	0.124881
3480.77	0.122518
3501.68	0.121355
3551.86	0.119074
3606.54	0.116672
3628.98	0.115577
3671.03	0.113793
3709.97	0.112146
3136.71	0.139834
3144.28	0.139363
3181.14	0.137376
3244.28	0.134151
3304.88	0.131109
3330.98	0.12968
3368.78	0.12778
3429.89	0.124891
3488.42	0.122122
3518.88	0.120629
3552.84	0.119005
3614.62	0.116299
3675.07	0.113695
3709.16	0.112238
3738.48	0.110929
3793.63	0.108824
3852.49	0.107017
3890.2	0.106824
3916.32	0.106907
3974.98	0.111002
4035.63	0.1281
4071.58	0.142422
4091.81	0.133789
4131.75	0.153789
3267.19	0.132893
3319.23	0.130237
3376.82	0.127378
3435.12	0.124551
3492.86	0.121805
3550.52	0.119149
3605.68	0.116643
3660.56	0.114248
3716.16	0.11193
3768.06	0.10987
3815.07	0.1083
3837.62	0.107889
3882.23	0.107332
3941.64	0.109941
4001.22	0.122924
4058.65	0.167243
4123.96	0.290595
4189.06	0.343437
4262.18	0.360902
4324.73	0.36823
