2903.87	0.177169
2916.77	0.186923
2942.51	0.201615
2980.61	0.216362
3028.48	0.237787
3086.24	0.261918
3151.48	0.278838
3221.64	0.289435
3295.12	0.296574
3369.89	0.301506
3443.81	0.304608
3516.81	0.306686
3588.56	0.308202
3658.57	0.309406
3726.01	0.310025
3789.79	0.309589
3851.02	0.310346
3910.02	0.311347
3966.45	0.312235
4019.85	0.31305
4070.06	0.314252
4117.49	0.316493
4162.49	0.319338
4205.36	0.32253
4246.27	0.325998
4285.26	0.329678
4321.79	0.333522
4352.7	0.333543
4382.54	0.337736
4410.77	0.341446
4437.38	0.344575
4462.32	0.347105
4485.52	0.348985
4507.14	0.350113
4527.42	0.350389
4546.72	0.349761
4565.46	0.348281
4583.28	0.345985
4600.02	0.342913
4615.63	0.339086
4630.13	0.334502
4643.56	0.329212
4656	0.323355
4667.53	0.317083
4678.22	0.310457
4688.1	0.30334
4696.48	0.29207
4702.76	0.276351
4706.81	0.260871
4708.79	0.253391
2889.72	0.18859
2902.55	0.203082
2928.68	0.239175
2974.31	0.307717
3025.09	0.338804
3084.28	0.353952
3150.21	0.362214
3220.64	0.367331
3293.76	0.370694
3367.98	0.373144
3442.08	0.375229
3515.43	0.377054
3587.65	0.378555
3658.35	0.379582
3726.78	0.380056
3789.46	0.376443
3850.4	0.377335
3909.59	0.378273
3966.32	0.378984
4019.74	0.378601
4069.5	0.377894
4116.44	0.378822
4161.07	0.380565
4203.69	0.38291
4244.53	0.385778
4284.04	0.388976
4323.66	0.391548
4350.16	0.375895
4380.67	0.375929
4408.99	0.379824
4435.69	0.383751
4460.78	0.387506
4483.87	0.39102
4505.28	0.394622
4525.22	0.398289
4544.09	0.40216
4563.19	0.405856
4581.15	0.406899
4597.89	0.405133
4613.46	0.399976
4627.88	0.391165
4641.2	0.378959
4653.5	0.364056
4664.9	0.347833
4675.5	0.332106
4685.3	0.31822
4694.05	0.306704
4701.06	0.295056
4705.63	0.277324
4707.81	0.262263
2861.36	0.208358
2876.52	0.250756
2908.48	0.317713
2951.83	0.356897
3007.76	0.38536
3072.13	0.403216
3141.7	0.416359
3214.51	0.425462
3289.05	0.431786
3364.15	0.436328
3438.96	0.439812
3512.98	0.442671
3585.98	0.445078
3658.15	0.446891
3730.86	0.447374
3788.58	0.4342
3849.2	0.435113
3909.3	0.436168
3967.16	0.436286
4020.93	0.433976
4069.34	0.430051
4115.29	0.430057
4159.25	0.43159
4201.33	0.434048
4241.61	0.437262
4280.18	0.441247
4317.14	0.446538
4350.62	0.456729
4378.13	0.445743
4406.04	0.442748
4432.86	0.446767
4458.53	0.450421
4481.22	0.45104
4502.31	0.454698
4521.58	0.459449
4538.83	0.466914
4559.79	0.478406
4578.12	0.485875
4594.98	0.491165
4610.52	0.493786
4624.8	0.49235
4637.81	0.484821
4649.65	0.468656
4660.5	0.440988
4670.7	0.401076
4680.39	0.361085
4689.42	0.331957
4697.29	0.313305
4703.02	0.2997
4705.74	0.282807
2819.34	0.226472
2836.99	0.296629
2861.59	0.354579
2913.57	0.393726
2979.29	0.421917
3051.66	0.440556
3127.3	0.452469
3204.31	0.46029
3281.63	0.465479
3358.53	0.468984
3434.55	0.47141
3509.4	0.473139
3582.95	0.474413
3655.24	0.475397
3726.38	0.47629
3782.72	0.476733
3846.43	0.478274
3909.19	0.480086
3970.04	0.480163
4025.45	0.47778
4069.55	0.47564
4114	0.475669
4157.13	0.476257
4198.61	0.477651
4238.23	0.479937
4275.78	0.483396
4311.96	0.48848
4345.55	0.495239
4374.85	0.503069
4404	0.506787
4430.03	0.508425
4458.98	0.513843
4479.19	0.501768
4500.36	0.506092
4519.98	0.514376
4538.51	0.52239
4557.22	0.525833
4574.92	0.532338
4591.9	0.539085
4607.64	0.544613
4622.06	0.548907
4635.03	0.552115
4646.63	0.553335
4656.85	0.547658
4665.92	0.523087
4674.47	0.463418
4683.36	0.385335
4692.25	0.341489
4698.88	0.318521
4702.45	0.304941
2764.43	0.232765
2770.45	0.310686
2784.73	0.387764
2857.61	0.426466
2941.04	0.45087
3025.56	0.465175
3109.25	0.473805
3191.62	0.479349
3272.46	0.483165
3351.67	0.485974
3429.2	0.48817
3505	0.489983
3579.05	0.491568
3651.29	0.493061
3721.59	0.494638
3789.5	0.496584
3842.51	0.498358
3908.88	0.500842
3976.35	0.50113
4026.26	0.506328
4069.32	0.498685
4113	0.499827
4155.74	0.501382
4196.93	0.503236
4236.2	0.505541
4271.72	0.508544
4308.78	0.512494
4342.38	0.518255
4373.18	0.524273
4402.45	0.529036
4430.52	0.533381
4453.35	0.533242
4477.79	0.539021
4497.83	0.539929
4517.42	0.544799
4536.07	0.548182
4553.79	0.550104
4570.65	0.55351
4588.37	0.559137
4604.48	0.564539
4619.24	0.570876
4632.26	0.579486
4643.97	0.592161
4654.04	0.612472
4662.45	0.633036
4669.5	0.613349
4676.61	0.485628
4687.09	0.379971
4694.58	0.340009
4698.49	0.322176
2702.7	0.227234
2691.42	0.299235
2644.15	0.400704
2787.64	0.451152
2898.96	0.46518
2997.75	0.471234
3090.08	0.473753
3178.07	0.474929
3262.58	0.475782
3344.19	0.476738
3423.29	0.477928
3500.1	0.479364
3574.7	0.481009
3647.04	0.482819
3716.92	0.484749
3783.82	0.486759
3846.49	0.488844
3905.26	0.492342
3964.75	0.495072
4017.74	0.497374
4065.65	0.500396
4111.09	0.505687
4154.48	0.511212
4195.88	0.516768
4235.47	0.522329
4274.01	0.52771
4306.87	0.52755
4339.87	0.532819
4370.93	0.538078
4400.04	0.542944
4427.36	0.547608
4452.87	0.552527
4474.26	0.553729
4494.78	0.557566
4514.5	0.562428
4533.03	0.567285
4553.21	0.572968
4567.36	0.576584
4584.54	0.582947
4600.71	0.589154
4616.16	0.595
4628.79	0.601424
4640.95	0.623236
4651.25	0.650179
4659.97	0.685005
4666.71	0.724658
4673.83	0.638768
4683.47	0.422969
4690.97	0.357995
4694.99	0.335807
2653.4	0.222126
2638.13	0.269926
2604.02	0.414794
2745.74	0.464393
2866.13	0.467755
2973.44	0.468083
3072.37	0.467547
3165.16	0.467122
3252.76	0.46715
3336.37	0.46764
3416.82	0.468504
3494.58	0.469659
3569.79	0.47105
3642.46	0.472641
3712.47	0.47441
3779.64	0.476348
3843.94	0.478496
3898.26	0.480258
3957.04	0.481122
4011.71	0.48299
4061.92	0.485666
4108.8	0.48937
4152.87	0.493826
4194.35	0.498867
4233.56	0.504218
4270.79	0.509538
4305.33	0.514396
4338.45	0.520518
4369.69	0.526985
4398.46	0.53397
4425.17	0.541083
4449.98	0.547925
4472.51	0.554363
4493.17	0.560838
4510.55	0.565799
4532.75	0.570668
4549.22	0.57371
4565.19	0.576995
4580.33	0.583989
4595.91	0.589615
4613.15	0.597277
4627.54	0.608786
4639.39	0.629257
4649.25	0.65632
4658.03	0.690364
4665.41	0.72774
4672.24	0.661087
4681.01	0.443784
4688.06	0.368187
4692.13	0.3437
2620.2	0.219273
2608.51	0.243072
2587	0.427575
2721.3	0.471738
2842.96	0.471883
2954.3	0.471754
3057.75	0.471903
3154.45	0.472426
3244	0.473317
3328.8	0.474543
3410.18	0.475984
3488.7	0.477565
3564.54	0.479256
3637.67	0.481056
3708.01	0.482988
3775.48	0.485077
3840.26	0.487326
3903.07	0.489674
3950.59	0.488061
4007.36	0.489881
4058.75	0.493379
4106.58	0.497241
4151.11	0.50141
4192.37	0.506005
4230.96	0.511086
4267.63	0.516533
4302.61	0.522242
4336.35	0.527953
4368.41	0.533576
4396.51	0.539324
4422.54	0.545949
4447.14	0.552328
4470.5	0.558299
4490.5	0.561315
4510.34	0.565357
4528.97	0.565998
4546.65	0.56604
4564.26	0.568441
4579.77	0.57328
4596.94	0.579393
4613.02	0.587855
4626.87	0.601873
4638.79	0.626463
4647.1	0.656316
4657.1	0.688193
4664.39	0.703765
4671.29	0.610239
4679.14	0.441673
4685.29	0.372371
4689.93	0.347978
2598.74	0.21866
2590.97	0.230384
2577.01	0.447975
2705.99	0.485292
2826.76	0.48531
2939.94	0.485705
3046.91	0.486366
3148.07	0.487006
3237.29	0.486644
3321.98	0.487812
3403.75	0.489262
3482.9	0.490857
3559.39	0.492558
3633.1	0.49438
3703.83	0.496361
3771.46	0.498552
3836	0.501016
3897.41	0.503856
3954.66	0.507484
4005.81	0.507348
4056.65	0.51079
4105.18	0.514569
4150.15	0.518385
4190.61	0.522216
4227.89	0.526944
4263.75	0.532223
4298.79	0.537758
4333.61	0.543241
4368.82	0.548223
4394.39	0.545672
4419.18	0.55003
4443.45	0.552754
4465.11	0.555096
4488.6	0.557762
4509.09	0.561803
4528	0.563908
4546.38	0.565829
4563.23	0.569527
4580.32	0.575539
4596.83	0.583762
4612.77	0.594109
4625.69	0.606464
4637.15	0.629657
4647.85	0.661189
4656.91	0.698544
4663.99	0.731396
4670.4	0.678595
4678.44	0.46454
4685.01	0.380236
4688.92	0.350844
2584.78	0.219034
2579.79	0.229305
2570.33	0.481851
2695.61	0.513583
2814.94	0.514119
2928.73	0.515291
3038.9	0.516683
3150.87	0.517319
3232.52	0.506321
3315.51	0.505835
3397.4	0.506651
3477.21	0.507624
3554.5	0.508579
3628.96	0.509506
3700.25	0.510434
3768.01	0.51143
3832.41	0.512587
3893.46	0.51398
3950.89	0.515683
4002.23	0.517639
4054.51	0.520351
4105.05	0.522749
4151.47	0.52569
4189.86	0.524931
4224.12	0.526569
4258.61	0.53042
4293.1	0.529865
4328.4	0.532888
4361.01	0.535928
4389	0.535769
4414.08	0.538231
4440.47	0.543334
4464.31	0.549626
4487.42	0.555694
4505.43	0.559267
4526.79	0.563234
4545.85	0.567921
4564	0.573424
4579.28	0.578232
4595.13	0.582921
4610.28	0.591058
4624.9	0.605292
4637.32	0.629953
4648	0.661651
4656.79	0.698887
4663.75	0.730424
4670.07	0.676849
4678.06	0.465038
4684.64	0.381535
4688.35	0.351195
2575.62	0.219713
2572.36	0.23328
2565.74	0.491076
2688.16	0.513268
2805.64	0.511507
2918.16	0.509701
3026.08	0.507822
3129.04	0.505661
3220.36	0.502242
3307.23	0.501737
3391.17	0.501717
3472.47	0.501946
3551.14	0.502414
3627.01	0.50316
3699.49	0.504246
3767.26	0.505843
3831.55	0.507678
3892.86	0.509671
3951.51	0.511876
4008.79	0.514253
4052.71	0.516005
4109.24	0.519396
4148.91	0.514271
4186.89	0.517335
4222.95	0.520427
4256.62	0.524225
4293.95	0.528324
4325.19	0.528491
4354.91	0.530905
4384.5	0.534255
4411.02	0.539046
4437.69	0.544565
4462.03	0.551095
4482.33	0.556144
4504.37	0.560883
4525.85	0.565371
4544.17	0.568909
4562.05	0.574131
4578.69	0.579599
4592.45	0.583526
4609.43	0.590837
4623.89	0.607166
4636.88	0.630908
4647.79	0.661698
4656.58	0.69816
4663.5	0.72844
4669.82	0.669993
4677.82	0.459699
4684.38	0.37941
4688.01	0.350172
2569.6	0.220581
2567.36	0.239444
2562.54	0.494215
2682.59	0.509964
2798.21	0.507982
2909.14	0.506061
3015.24	0.50429
3115.97	0.50269
3209.97	0.501338
3299.22	0.500589
3384.92	0.500034
3467.7	0.49961
3547.92	0.499313
3625.83	0.499175
3700.87	0.499299
3767.49	0.497103
3831.17	0.498192
3892.49	0.499882
3951.04	0.501926
4006.03	0.504215
4057.31	0.506726
4102.65	0.506039
4145.94	0.508316
4184.38	0.51302
4221.28	0.518275
4256.1	0.521719
4288.94	0.525239
4322.29	0.530145
4352.95	0.535911
4381.97	0.541719
4410.24	0.547548
4434.98	0.550719
4457.75	0.55501
4480.25	0.558364
4501.81	0.561145
4523.12	0.563852
4542.62	0.564041
4561.28	0.566996
4578.37	0.573397
4593.98	0.582384
4608.76	0.593014
4621.97	0.609743
4636.16	0.631858
4647.45	0.661509
4656.34	0.697172
4663.26	0.726341
4669.62	0.662056
4677.66	0.452987
4684.2	0.376309
4687.78	0.348719
2565.65	0.222647
2564.02	0.24838
2560.29	0.512913
2678.43	0.525449
2792.46	0.523919
2902	0.52277
3006.87	0.522099
3106.82	0.521968
3201.67	0.5224
3292.15	0.523103
3379.01	0.523877
3462.88	0.52465
3544.42	0.525359
3624.9	0.525833
3708.12	0.5255
3768.07	0.519485
3830.59	0.519362
3892.29	0.519507
3951.54	0.519506
4004.4	0.518764
4053.25	0.519792
4098.28	0.522221
4145.29	0.525031
4180.96	0.520064
4217.3	0.521305
4253.28	0.524856
4287.04	0.528987
4319.79	0.533408
4350.4	0.538402
4378.02	0.542702
4406.68	0.5463
4432.49	0.550169
4453.75	0.552788
4478.24	0.55753
4500.53	0.559919
4519.58	0.561572
4540.66	0.564714
4559.92	0.568325
4577.35	0.573232
4593.32	0.580584
4608.11	0.591474
4622.01	0.609493
4636	0.631287
4647.29	0.660588
4656.15	0.695909
4663.04	0.724316
4669.44	0.654517
4677.53	0.446638
4684.07	0.373314
4687.62	0.347292
2563.13	0.225704
2561.86	0.260038
2558.8	0.523221
2675.6	0.533084
2788.38	0.531485
2896.81	0.530093
3000.77	0.528959
3100.23	0.528066
3195.28	0.527368
3286.3	0.526782
3373.75	0.526262
3458.07	0.525793
3539.66	0.52537
3618.8	0.524998
3695.07	0.524692
3763.04	0.524592
3828.7	0.525468
3893.57	0.526292
3959.78	0.527006
4007.04	0.522608
4052.87	0.523164
4100.36	0.524466
4138.25	0.527332
4180.57	0.531986
4216.47	0.531037
4251.49	0.532197
4284.47	0.534312
4318.17	0.53776
4349.03	0.541461
4379.21	0.545548
4405.04	0.548174
4427.25	0.550746
4449.01	0.551788
4473.46	0.552462
4497.17	0.55499
4517.86	0.557981
4539.93	0.561165
4559.46	0.565735
4576.86	0.572181
4592.21	0.581269
4605.97	0.592053
4622.51	0.607148
4636.2	0.629296
4647.3	0.658917
4656.05	0.694378
4662.87	0.722443
4669.28	0.648043
4677.42	0.441247
4683.95	0.370755
4687.49	0.346051
2561.62	0.228214
2560.57	0.268324
2557.96	0.515015
2673.96	0.522927
2785.85	0.521436
2893.34	0.520026
2996.5	0.518733
3095.46	0.517561
3190.39	0.516526
3281.53	0.515654
3369.18	0.514964
3453.58	0.514457
3534.91	0.514118
3613.19	0.513904
3687.96	0.513755
3758.1	0.51363
3825.35	0.514105
3891.21	0.514974
3958.27	0.516013
4004.14	0.509411
4048.13	0.511147
4095.71	0.513784
4144.03	0.51647
4177.22	0.512146
4212.94	0.511701
4250.7	0.515655
4287.09	0.521376
4318.86	0.523445
4348.95	0.530285
4378.14	0.536578
4400.78	0.538339
4424.67	0.540889
4449.61	0.545807
4473.02	0.551309
4494.6	0.556386
4518.86	0.560663
4539.66	0.561735
4558.99	0.565889
4576.23	0.57157
4590.55	0.580141
4608.04	0.589325
4623.49	0.603977
4636.62	0.626772
4647.41	0.656895
4655.99	0.692737
4662.71	0.720767
4669.11	0.642717
4677.29	0.436831
4683.82	0.368643
4687.34	0.345006
2560.89	0.229241
2560	0.271527
2557.69	0.493323
2673.54	0.49997
2784.84	0.499016
2891.36	0.498122
2993.64	0.497157
3091.98	0.496247
3186.59	0.495431
3277.61	0.494761
3365.22	0.494271
3449.54	0.493971
3530.62	0.493845
3608.52	0.493847
3682.97	0.493955
3753.55	0.494215
3820.88	0.494856
3885.08	0.495751
3945.87	0.496366
4001.3	0.495033
4037.43	0.492204
4087.86	0.492367
4133.05	0.493756
4170.58	0.493601
4210.87	0.496685
4248.74	0.502365
4285.74	0.508253
4321.03	0.514528
4348.35	0.516535
4373.67	0.523064
4400.56	0.526024
4425.88	0.533964
4450.55	0.541164
4474.19	0.54733
4496.92	0.552272
4519.64	0.555998
4540.81	0.559482
4559.91	0.563766
4577.56	0.569556
4593.78	0.57732
4609.81	0.586836
4624.4	0.601047
4637.01	0.62432
4647.5	0.654907
4655.89	0.691176
4662.51	0.719301
4668.9	0.638247
4677.11	0.433142
4683.64	0.36686
4687.16	0.344106
2560.76	0.230371
2560.02	0.274723
2557.98	0.475579
2674.72	0.481036
2785.66	0.480146
2890.73	0.479671
2991.86	0.479249
3089.37	0.478844
3183.54	0.478529
3274.28	0.47837
3361.75	0.478393
3445.95	0.478621
3526.74	0.479065
3604.52	0.479685
3679.08	0.480523
3749.53	0.481687
3816.8	0.483147
3879.65	0.48497
3936.13	0.485965
3989.59	0.487163
4036.94	0.48915
4082.46	0.487884
4127	0.491007
4168.43	0.494071
4208.47	0.497743
4244.94	0.50232
4283.43	0.508134
4319.86	0.514575
4347.55	0.51633
4371.86	0.520829
4399.4	0.528639
4425.39	0.536384
4450.25	0.543249
4474.1	0.548944
4497.18	0.553298
4519.9	0.556531
4541.94	0.55945
4560.15	0.562849
4578.17	0.568323
4595	0.575575
4610.71	0.58511
4624.89	0.5988
4637.18	0.622303
4647.43	0.653235
4655.68	0.68986
4662.21	0.718038
4668.61	0.634179
4676.86	0.429828
4683.41	0.365269
4686.92	0.343291
2561.06	0.234024
2560.53	0.285061
2558.99	0.474628
2678.79	0.477878
2789.48	0.474708
2891.19	0.472121
2990.82	0.471751
3087.24	0.471519
3181.05	0.471425
3271.35	0.471537
3358.67	0.471862
3442.91	0.472416
3523.02	0.473263
3600.88	0.474319
3676.49	0.475588
3745.88	0.474817
3814.39	0.475765
3872.21	0.476309
3930.52	0.478467
3983.64	0.481496
4032.46	0.485131
4078.42	0.489389
4123.26	0.494268
4165.7	0.499493
4206.24	0.504988
4245.42	0.510665
4280.5	0.512519
4315.72	0.517331
4341.42	0.519996
4368.79	0.525167
4397.37	0.53175
4423.73	0.53906
4448.78	0.545558
4472.69	0.55088
4495.74	0.55488
4518.82	0.557787
4542.15	0.560408
4558.47	0.562773
4577.8	0.567558
4595.1	0.574483
4610.84	0.583938
4624.88	0.597289
4637	0.620869
4647.11	0.652059
4655.28	0.688916
4661.78	0.716959
4668.2	0.630067
4676.52	0.426598
4683.09	0.363754
4686.61	0.34251
2561.52	0.240332
2561.28	0.304183
2560.72	0.496551
2689.06	0.497535
2799.47	0.492737
2890.99	0.48705
2990.22	0.485381
3084.91	0.484584
3179.23	0.484375
3268.53	0.484263
3355.8	0.484617
3441.14	0.485162
3518.7	0.484216
3596.58	0.485155
3667.49	0.486235
3743.43	0.488531
3819.3	0.490009
3872.39	0.479254
3927.33	0.48069
3979.29	0.482838
4028.17	0.485574
4072.91	0.488707
4119.35	0.493094
4162.33	0.49807
4202.86	0.503337
4241.02	0.508807
4276.17	0.514523
4309.46	0.520883
4339.18	0.527601
4369.42	0.534215
4395.21	0.536291
4421.11	0.542013
4446.28	0.546835
4470.08	0.551071
4492.26	0.554785
4515.47	0.557641
4538.64	0.560206
4559.65	0.56362
4577.28	0.566886
4594.55	0.573801
4610.36	0.583215
4624.39	0.596394
4636.44	0.620081
4646.49	0.651525
4654.65	0.688459
4661.17	0.716053
4667.67	0.625602
4676.08	0.42329
4682.7	0.362264
4686.23	0.341745
2561.72	0.239511
2561.37	0.295504
2560.08	0.499369
2682.45	0.501697
2793.88	0.499765
2898.34	0.498569
2991.63	0.49545
3080.41	0.493775
3179.84	0.491814
3265.17	0.489545
3352.25	0.489181
3431.12	0.488756
3514.53	0.488761
3592.45	0.489183
3665.99	0.489918
3738.28	0.490693
3807.36	0.49173
3868.24	0.493404
3925.97	0.496255
3976.75	0.497362
4024.81	0.501118
4072.74	0.505267
4116.19	0.504761
4158.77	0.508155
4199.23	0.511685
4237.11	0.515341
4271.2	0.519445
4299.84	0.523426
4334.12	0.526735
4364.84	0.530897
4392.65	0.535297
4417.57	0.540736
4443.83	0.545501
4467.7	0.550631
4490.04	0.554711
4510.13	0.557403
4535.22	0.559511
4557.08	0.562646
4575.44	0.567566
4593.21	0.573635
4609.35	0.582891
4623.47	0.596009
4635.49	0.620002
4645.51	0.651881
4653.77	0.688632
4660.39	0.71533
4667.02	0.620772
4675.55	0.419963
4682.22	0.360843
4685.77	0.341024
2561.83	0.243476
2561.58	0.303006
2560.49	0.512918
2683.91	0.514904
2792.59	0.513345
2898.01	0.512094
2991.66	0.511281
3089.16	0.510597
3172.13	0.509882
3260.19	0.511387
3349.68	0.512856
3432.48	0.513385
3513.21	0.513324
3590.07	0.513715
3663.13	0.514675
3733.68	0.516016
3801.01	0.518243
3864.73	0.521569
3929.11	0.523817
3974.51	0.520876
4019.15	0.523406
4067.75	0.527543
4112.77	0.531549
4156.07	0.535361
4197.28	0.539157
4236.82	0.540972
4267.74	0.538102
4299.9	0.541782
4332.02	0.544502
4362.34	0.5483
4390.81	0.552283
4418.06	0.555642
4441.54	0.556283
4464.73	0.558732
4485.55	0.561083
4510.57	0.561808
4532.9	0.562778
4555.87	0.565366
4576.6	0.570044
4591.25	0.57465
4608.07	0.582993
4622.23	0.596172
4634.13	0.620904
4644.04	0.653875
4652.65	0.68963
4659.48	0.714839
4666.28	0.616163
4674.94	0.417017
4681.67	0.359654
4685.25	0.340434
2561.64	0.255259
2561.72	0.336725
2562.23	0.512076
2697.22	0.512201
2791.93	0.50853
2885.88	0.507705
2988.44	0.506725
3085.81	0.506031
3177.64	0.505648
3270.63	0.505858
3351.37	0.505988
3433.58	0.50759
3513.4	0.509459
3589.18	0.510692
3660.49	0.511985
3730.03	0.513065
3796.04	0.514233
3858.34	0.515476
3917.6	0.516619
3969.86	0.517371
4020.15	0.519945
4064.37	0.518945
4109.14	0.520268
4150.5	0.520992
4192.19	0.522155
4230.78	0.523615
4265.59	0.525172
4297.7	0.529842
4330.61	0.534882
4360.77	0.540879
4389.07	0.546645
4415.51	0.551912
4439.83	0.556477
4464.13	0.560348
4487.18	0.563664
4510.93	0.566535
4534.44	0.569797
4554.77	0.570419
4574.5	0.575023
4592.24	0.581421
4607.11	0.588419
4620.77	0.601902
4632.36	0.624892
4641.61	0.658097
4651.42	0.691082
4658.57	0.714608
4665.51	0.613344
4674.28	0.415311
4681.08	0.358989
4684.68	0.340124
2560.62	0.241937
2560.29	0.300181
2559.1	0.494898
2679.38	0.496896
2785.63	0.492933
2886.94	0.491175
2987.69	0.490614
3085.31	0.490086
3179.31	0.489855
3270.54	0.489998
3356.16	0.490494
3438.54	0.491508
3515.07	0.492394
3590.29	0.493824
3657.17	0.495776
3727.47	0.497839
3792.36	0.499459
3852.6	0.500012
3910.74	0.50035
3964.89	0.499826
4014.05	0.499876
4061.27	0.501558
4105.97	0.505019
4148.44	0.508768
4189.44	0.513135
4228.16	0.517682
4264.04	0.52278
4299.17	0.528272
4329.56	0.530445
4358.77	0.534793
4386.99	0.539174
4413	0.543315
4436.12	0.547583
4462.83	0.550126
4486.17	0.553472
4509.55	0.556278
4532.68	0.558737
4553.81	0.561617
4573.58	0.566305
4591.29	0.573066
4606.13	0.583114
4620.22	0.59513
4632.31	0.619564
4642.32	0.652677
4650.99	0.688816
4657.88	0.714278
4664.77	0.614073
4673.59	0.415537
4680.46	0.358932
4684.1	0.3401
2559.5	0.235316
2558.9	0.284651
2557.15	0.487725
2672.69	0.491801
2781.55	0.490047
2885.83	0.488792
2987.25	0.487865
3085.65	0.487158
3180.95	0.486612
3273.25	0.486172
3361.43	0.485769
3442.24	0.485113
3519.18	0.48577
3594.81	0.486834
3663.03	0.484145
3727.66	0.482684
3787.78	0.48184
3850.28	0.480518
3907.36	0.482911
3961.12	0.485503
4010.69	0.48862
4058.1	0.492325
4102.45	0.496524
4145.32	0.500886
4186.49	0.505532
4225.93	0.510445
4260.86	0.512064
4295.61	0.515684
4327.58	0.518929
4358.75	0.523613
4387.68	0.530538
4414.49	0.537359
4439.54	0.543673
4464.32	0.548833
4487.19	0.55319
4506.3	0.556874
4530.79	0.559874
4551.98	0.563587
4572.47	0.56859
4590.91	0.575463
4607.59	0.584636
4619.18	0.594537
4631.89	0.617006
4642.11	0.649086
4650.46	0.68666
4657.16	0.713826
4664.02	0.613809
4672.91	0.414403
4679.86	0.357956
4683.53	0.339431
2558.65	0.233873
2557.99	0.282248
2556.13	0.497188
2669.92	0.501942
2779.36	0.500575
2884.87	0.499363
2987.11	0.498241
3086.32	0.497202
3182.82	0.496279
3277.29	0.495465
3371.36	0.494705
3447.12	0.489456
3521.94	0.488634
3593.38	0.48754
3664.78	0.486497
3730.9	0.486564
3795.16	0.487509
3850.54	0.486139
3904.54	0.487067
3958.83	0.487273
4006.8	0.490398
4055.33	0.494499
4097.82	0.495258
4141.28	0.498565
4182.7	0.50142
4219.53	0.504173
4258.01	0.508257
4293.55	0.513784
4326.82	0.519794
4358.43	0.52601
4388.07	0.532237
4415.43	0.538285
4441.04	0.543995
4465.6	0.548971
4487.82	0.551676
4509.09	0.555099
4530.11	0.558208
4548.75	0.562166
4571.23	0.566601
4590.08	0.572937
4606.45	0.582088
4620.34	0.595097
4631.53	0.613508
4641.49	0.646136
4649.68	0.684704
4656.29	0.712592
4663.22	0.606759
4672.25	0.407081
4679.3	0.353867
4683.02	0.336749
2558.1	0.234448
2557.46	0.284475
2555.66	0.508393
2668.83	0.513246
2778.46	0.511875
2884.54	0.510635
2987.33	0.509519
3087.04	0.508545
3184.01	0.507724
3278.96	0.507015
3373.68	0.506355
3449.69	0.504781
3525.5	0.505232
3598.98	0.505715
3669.2	0.506227
3733.39	0.506726
3794.76	0.507753
3852.56	0.509122
3910.31	0.510589
3960.2	0.511726
3999.74	0.505512
4047.84	0.506316
4094.26	0.509223
4137.85	0.511942
4179.08	0.514887
4217.91	0.518279
4255.47	0.521294
4291.2	0.524955
4325.22	0.5288
4357.67	0.532642
4388.41	0.536533
4415.87	0.538052
4441.41	0.541767
4464.53	0.54596
4488.35	0.549478
4510.46	0.552959
4531.55	0.555843
4551.5	0.558886
4571.41	0.562685
4589.49	0.568733
4605.48	0.577376
4619.2	0.589287
4630.16	0.612984
4640.34	0.642991
4648.57	0.681401
4655.2	0.707645
4662.42	0.582366
4671.58	0.387031
4678.81	0.344389
4682.59	0.330625
2557.84	0.23498
2557.23	0.285686
2555.53	0.503813
2668.61	0.508492
2778.43	0.507265
2884.85	0.506231
2987.96	0.505424
3087.83	0.504841
3184.56	0.504474
3278.13	0.504299
3367.92	0.504265
3450.11	0.504464
3529.06	0.505305
3605.53	0.506596
3677.37	0.508823
3736.52	0.507213
3795.77	0.510121
3852.44	0.512846
3903.5	0.515398
3955.27	0.519226
4001.37	0.523532
4047.63	0.527099
4092.66	0.53056
4135.73	0.534589
4176.79	0.538878
4215.9	0.543222
4253.34	0.547247
4289.14	0.551227
4323.69	0.55503
4357.33	0.558376
4391.53	0.560741
4416.92	0.556277
4441.53	0.558422
4465.25	0.561014
4488.45	0.563246
4510.74	0.565497
4532	0.568019
4552.11	0.571145
4571.16	0.575038
4588.68	0.580236
4604.44	0.587594
4618.3	0.598302
4630.41	0.614263
4638.88	0.627578
4647.32	0.646308
4654.33	0.627784
4662	0.485495
4670.45	0.358531
4678.33	0.330822
4682.24	0.321206
2557.83	0.235521
2557.24	0.286251
2555.58	0.498155
2668.88	0.502435
2778.96	0.500983
2885.68	0.499652
2989.01	0.498493
3088.95	0.497529
3185.45	0.496781
3278.31	0.496282
3367.06	0.496098
3451.17	0.496231
3532.48	0.496708
3614.12	0.497437
3676.21	0.491395
3740.74	0.492535
3798.13	0.492077
3852.93	0.494955
3904.28	0.498401
3953.79	0.502303
4000.7	0.505804
4046.53	0.509567
4090.97	0.513143
4133.59	0.516499
4174.49	0.519629
4213.65	0.522601
4251.01	0.525498
4286.52	0.528277
4321.28	0.530709
4354.61	0.533231
4386.63	0.535529
4415.58	0.536159
4440.94	0.540748
4464.88	0.545665
4488.07	0.549807
4510.72	0.553006
4532.34	0.556019
4552.48	0.559459
4571.33	0.563994
4588.7	0.570349
4604.38	0.579242
4618.22	0.591295
4630.06	0.613773
4639.73	0.645528
4647.13	0.67589
4653.62	0.691308
4661.54	0.521961
4671.04	0.352955
4678.21	0.32461
4681.93	0.315325
2558.05	0.23657
2557.44	0.288215
2555.77	0.513847
2669.52	0.518174
2780	0.516648
2887.02	0.515279
2990.55	0.514102
3090.61	0.513124
3187.11	0.512356
3279.73	0.511818
3367.99	0.511542
3452.19	0.51152
3532.7	0.511756
3608.5	0.512303
3677.72	0.514373
3749.37	0.515346
3800.41	0.506955
3854.25	0.508419
3904.29	0.509475
3952.38	0.51131
3998.58	0.513625
4044.33	0.516071
4088.62	0.518664
4130.7	0.52146
4171.51	0.524457
4210.78	0.527586
4248.12	0.530846
4282.23	0.534394
4317.85	0.537937
4350.76	0.541982
4382.35	0.54628
4415.4	0.550517
4439.45	0.547009
4463.04	0.549827
4486.06	0.552726
4509.64	0.554842
4532.03	0.556849
4551.97	0.559327
4570.76	0.561244
4588.16	0.567047
4603.86	0.575256
4617.72	0.586505
4629.51	0.606454
4639.11	0.638149
4646.34	0.678758
4653.11	0.693663
4661.31	0.523659
4670.94	0.353099
4677.85	0.322947
4681.42	0.312884
2558.5	0.236978
2557.88	0.288091
2556.19	0.512104
2670.72	0.516404
2781.79	0.514844
2889.16	0.513425
2992.88	0.512193
3093.16	0.511159
3190.01	0.510317
3282.91	0.509657
3370.41	0.50919
3454.41	0.509053
3535.13	0.509138
3607.06	0.509228
3674.45	0.510418
3739.39	0.5117
3798.28	0.512948
3859.06	0.515178
3904.98	0.513313
3951.47	0.515679
3994.75	0.518831
4041.95	0.522925
4087.25	0.526581
4127.48	0.526792
4168.58	0.530204
4208.54	0.533452
4246.59	0.536622
4283.24	0.539686
4314.99	0.539453
4346.12	0.542355
4374.52	0.545432
4407.59	0.547546
4435.18	0.549907
4459.82	0.554012
4481.12	0.558215
4508.16	0.561782
4531.9	0.564707
4554.07	0.567778
4569.38	0.569499
4587.05	0.575222
4602.88	0.582876
4616.81	0.592957
4628.7	0.609695
4638.56	0.630502
4646.77	0.640512
4653.21	0.567774
4661.8	0.417921
4670.68	0.337825
4677.16	0.319498
4680.53	0.311599
2559.2	0.237372
2558.56	0.287893
2556.82	0.514905
2672.56	0.519142
2784.45	0.517554
2892.11	0.516227
2995.85	0.515128
3096.33	0.514207
3194.1	0.513456
3288.77	0.513011
3373.66	0.513785
3457.25	0.514141
3543.81	0.514058
3607.7	0.506647
3671.24	0.506532
3733.08	0.507118
3791.92	0.507651
3848.7	0.508306
3900.36	0.508567
3949.61	0.510092
3997.68	0.512049
4039.25	0.511432
4079.5	0.511775
4125.11	0.510326
4165.63	0.51214
4207.15	0.51485
4245.3	0.518697
4280.95	0.52298
4314.28	0.527146
4345.87	0.532511
4375.91	0.538088
4405.86	0.543222
4433.67	0.547692
4459.32	0.551841
4483.44	0.555284
4507.98	0.557881
4531.37	0.560353
4550.51	0.562826
4569.08	0.566492
4586.74	0.572589
4602.87	0.581377
4617.05	0.59362
4629.09	0.616915
4639.05	0.649459
4647.03	0.687845
4653.65	0.693397
4661.14	0.519781
4670.83	0.352583
4677.75	0.323081
4681.32	0.313448
2560.16	0.237891
2559.53	0.287963
2557.82	0.508171
2675.46	0.512116
2788.6	0.510404
2896.24	0.508946
2999.4	0.507716
3099.5	0.506643
3198.58	0.505686
3301.8	0.504725
3375.78	0.496492
3454.58	0.496239
3532.53	0.495357
3603.84	0.492452
3667.89	0.490911
3728.85	0.491057
3786.45	0.491308
3843.89	0.491532
3897.22	0.49302
3947.42	0.495487
3995.93	0.498544
4037.33	0.500615
4076.97	0.504609
4124.42	0.507851
4167.96	0.512224
4206.63	0.513769
4244.06	0.517585
4278.56	0.521671
4312.89	0.526426
4344.81	0.532621
4375.07	0.538729
4404.05	0.544378
4432.14	0.549286
4458.29	0.553488
4483.3	0.55681
4506.89	0.559194
4530.47	0.561822
4547.65	0.563164
4570.22	0.566875
4585.73	0.570914
4602.54	0.578916
4617.01	0.590043
4629.24	0.610841
4639.37	0.641066
4647.41	0.677715
4653.71	0.693865
4660.46	0.519001
4670.83	0.357606
4678.03	0.327349
4681.72	0.317644
2561.39	0.239614
2560.81	0.291298
2559.25	0.506565
2680.01	0.509961
2795.4	0.508301
2902.11	0.50715
3003.26	0.506678
3100.9	0.506291
3195.99	0.505848
3288.15	0.505494
3370.37	0.50564
3450.18	0.506785
3528.78	0.50804
3608.62	0.509317
3666.82	0.500941
3726.58	0.501839
3785.96	0.503536
3840.6	0.50249
3894.66	0.504178
3944.37	0.505118
3990.89	0.507123
4036.63	0.507805
4081.24	0.510049
4125.08	0.51278
4167.22	0.516215
4206.83	0.520207
4244.27	0.524501
4278.96	0.529209
4311.44	0.531557
4343.04	0.536725
4373.22	0.541383
4400.93	0.546116
4430.44	0.550405
4456.35	0.553209
4480.86	0.555669
4505.58	0.557765
4528.66	0.560551
4550.73	0.564164
4568.39	0.566754
4585.78	0.57234
4602.29	0.580323
4616.76	0.592298
4629.06	0.615024
4639.44	0.646351
4647.74	0.68414
4654.25	0.70952
4661.3	0.574913
4670.99	0.379194
4678.19	0.337341
4681.93	0.324697
2562.83	0.242542
2562.37	0.298422
2561.17	0.506486
2686.93	0.508483
2807.98	0.50563
2910.8	0.500363
3007.97	0.49877
3102.19	0.497972
3193.63	0.497605
3281.84	0.497327
3364.92	0.496965
3444.5	0.496973
3521.22	0.497131
3594.61	0.497192
3659.86	0.496361
3722.12	0.49828
3782.47	0.500746
3838.29	0.502551
3890.01	0.50565
3944.19	0.508883
3994.01	0.512636
4041.55	0.516462
4084.05	0.518818
4125.76	0.522628
4167.88	0.526116
4207.93	0.52955
4245.72	0.532921
4280.75	0.536321
4310.7	0.539472
4341.21	0.54402
4371.19	0.545012
4402.47	0.548213
4428.42	0.549778
4454.67	0.553562
4476.93	0.55732
4503.85	0.560063
4525.76	0.563584
4549.94	0.567532
4570.99	0.573099
4587.47	0.578167
4601.78	0.583198
4616.26	0.596254
4628.38	0.621362
4639.28	0.652637
4648	0.689589
4654.84	0.716526
4661.82	0.609848
4671.12	0.403077
4678.32	0.348155
4682.09	0.331146
2564.29	0.243977
2563.93	0.305212
2563.06	0.520145
2695.28	0.521516
2835.71	0.519127
2922.45	0.507071
3012.96	0.504672
3103.61	0.503515
3191.84	0.502601
3278.03	0.502068
3360.36	0.501891
3439.07	0.502073
3514.36	0.502638
3586.14	0.503684
3653.34	0.505423
3717	0.507186
3776.05	0.509324
3836.24	0.511996
3892.92	0.514515
3945.84	0.516288
3996.93	0.519125
4047.53	0.522107
4086.6	0.520011
4123.46	0.524405
4169.3	0.528111
4210.28	0.532236
4249.39	0.536352
4282.84	0.537743
4313.56	0.537865
4342.98	0.541784
4374.31	0.546101
4399.7	0.550121
4429.88	0.552974
4456.75	0.556269
4481.31	0.55934
4505.06	0.562133
4526.83	0.56554
4550.12	0.569312
4570.54	0.57505
4588.87	0.583289
4602.3	0.591987
4615.64	0.602444
4626.54	0.629093
4639.01	0.658185
4648.28	0.693389
4655.4	0.719833
4662.36	0.626986
4671.41	0.419883
4678.54	0.35716
4682.33	0.33675
2565.6	0.236265
2564.89	0.285301
2563.06	0.513121
2691.58	0.517119
2815.75	0.515102
2924.09	0.512799
3014.48	0.509131
3105.39	0.508614
3189.97	0.507739
3277.06	0.507163
3358.39	0.507714
3436	0.508826
3510.13	0.5101
3581.99	0.511631
3647.9	0.513544
3713.67	0.515891
3775.75	0.518127
3836.92	0.519944
3899.11	0.521611
3947.88	0.517889
3998.77	0.519819
4049.75	0.522084
4091.96	0.521942
4133.26	0.52341
4173.31	0.521444
4212.3	0.52271
4247.6	0.525179
4281.79	0.527893
4316.92	0.532588
4348.44	0.538702
4378.57	0.544595
4406.45	0.550226
4434.2	0.554797
4460.45	0.558897
4485.11	0.5625
4507.88	0.565877
4529.69	0.570185
4550.99	0.575583
4569.96	0.578942
4588.4	0.586168
4604.47	0.596262
4615.98	0.606385
4628.48	0.629564
4639.68	0.66034
4648.82	0.695714
4656.04	0.721925
4662.99	0.635669
4671.87	0.429565
4678.93	0.363373
4682.71	0.340893
2567.2	0.227908
2566.01	0.263519
2563.1	0.511614
2688.75	0.519694
2808.35	0.518114
2917.84	0.516994
3016.18	0.516409
3109.58	0.515971
3199.37	0.515708
3279.24	0.513541
3357.6	0.512897
3432.19	0.512419
3508.57	0.512191
3579.85	0.513221
3646.41	0.514623
3711.71	0.516133
3774.05	0.517775
3834.22	0.519597
3893.38	0.521577
3944.17	0.521757
3997.99	0.525018
4054.83	0.527853
4096.12	0.527991
4137.47	0.5321
4179.38	0.531488
4216.21	0.529993
4253.38	0.532137
4287.74	0.536557
4321.33	0.541722
4352.84	0.546881
4382.74	0.551838
4411.08	0.556261
4437.85	0.559766
4463.63	0.563264
4488.74	0.566502
4509.62	0.566672
4530.96	0.569314
4547.45	0.572284
4570.15	0.575461
4589.09	0.582414
4605.23	0.59257
4618.31	0.613608
4629.3	0.633415
4640.14	0.66288
4649.42	0.697954
4656.76	0.723688
4663.73	0.640718
4672.51	0.435042
4679.51	0.367092
4683.28	0.343465
2569.69	0.223008
2567.93	0.248827
2563.91	0.510036
2688.64	0.522828
2807.87	0.521305
2919.86	0.520019
3020.15	0.519068
3114.8	0.518799
3197.25	0.517997
3278.16	0.51861
3360.59	0.519347
3440.71	0.520123
3509.63	0.519161
3580.05	0.520323
3643.81	0.521641
3710.34	0.523529
3772.16	0.525839
3830.15	0.528508
3883.99	0.531821
3935.01	0.536428
3991.68	0.540868
4046.81	0.544409
4095.53	0.548835
4142.09	0.550522
4190.01	0.552239
4225.78	0.544305
4259.47	0.546093
4291.99	0.549583
4325.44	0.553263
4356.55	0.557063
4386.24	0.560887
4415.17	0.564289
4440.41	0.564327
4465.49	0.566452
4488.2	0.568775
4510.31	0.571281
4530.11	0.57472
4551.32	0.578242
4571.83	0.583512
4590.27	0.590932
4606.51	0.603259
4620.9	0.622374
4631.44	0.642798
4639.88	0.669558
4650.07	0.70062
4657.64	0.725435
4664.63	0.644344
4673.35	0.438062
4680.3	0.368932
4684.05	0.344703
2573.69	0.220639
2571.15	0.239653
2565.66	0.505557
2690.69	0.524082
2811.37	0.522695
2930.6	0.521295
3026.99	0.518529
3111.54	0.517256
3199.34	0.517618
3282.58	0.518215
3363.34	0.518967
3440.51	0.519819
3512.89	0.520761
3583.57	0.521812
3651.78	0.522979
3711.31	0.522966
3771.79	0.524544
3828	0.526011
3875.26	0.526041
3918.03	0.528058
3984.74	0.528561
4043.17	0.527875
4095.24	0.528064
4143.46	0.529798
4189.07	0.532137
4229.45	0.534434
4264.63	0.537586
4298.58	0.541848
4331.04	0.545106
4360.55	0.545432
4389.18	0.548505
4415.37	0.551721
4443.04	0.555613
4468.81	0.559732
4491.14	0.561118
4512.12	0.562237
4530.62	0.565818
4554.19	0.569543
4574.58	0.574708
4592.63	0.581979
4608.53	0.59181
4622.46	0.609597
4633.45	0.637958
4643.5	0.670245
4651.47	0.700728
4658.85	0.72683
4665.74	0.64711
4674.39	0.438707
4681.3	0.368953
4685.02	0.344691
2580.09	0.219622
2576.35	0.233127
2568.54	0.490068
2693.79	0.515981
2812.93	0.514911
2925.11	0.513977
3025.28	0.512917
3116.12	0.512836
3203.47	0.51326
3287.02	0.513841
3367.26	0.514556
3442.74	0.515618
3515.55	0.516478
3587.29	0.517132
3650.82	0.516039
3714.57	0.51651
3772.17	0.514882
3825.28	0.515511
3879.83	0.516087
3932.14	0.519596
3983.7	0.524037
4043.56	0.52757
4096.44	0.530422
4145.08	0.53315
4191.05	0.535786
4236.05	0.53806
4268.85	0.53502
4301.61	0.537255
4332.17	0.540492
4364.86	0.544383
4391.82	0.545046
4420.67	0.549227
4445.48	0.549239
4469.37	0.551829
4492.1	0.555785
4515.9	0.559803
4537.09	0.563822
4558.1	0.568097
4577.47	0.573763
4594.91	0.581616
4610.11	0.592454
4624.49	0.610629
4637.02	0.63711
4645.91	0.666106
4654.09	0.700793
4660.33	0.720488
4667.08	0.644561
4675.66	0.434328
4682.49	0.366508
4686.18	0.343293
2590.1	0.21855
2584.6	0.227665
2573.36	0.470119
2699.75	0.505123
2818.29	0.504451
2928.73	0.503677
3030.28	0.502952
3121.72	0.502611
3209	0.502899
3292.42	0.503355
3373.65	0.503736
3445.46	0.500646
3517.09	0.500401
3585.14	0.50026
3651.74	0.498491
3711.36	0.498483
3775.02	0.499069
3833.14	0.500705
3889.26	0.502647
3943.06	0.5049
3993.15	0.507691
4048.75	0.510179
4099.76	0.513296
4147.31	0.516254
4191.91	0.519242
4233.33	0.522385
4269.75	0.52383
4303.86	0.527279
4336.03	0.531159
4366.71	0.535654
4396.3	0.537506
4421.44	0.539809
4447.94	0.543954
4473.83	0.548825
4497.3	0.554324
4520.25	0.55891
4541.67	0.562909
4561.53	0.566974
4580.11	0.572565
4597.22	0.580143
4610.16	0.588971
4626.02	0.60157
4638.53	0.623181
4647.81	0.65562
4656.19	0.688489
4662.72	0.706181
4668.89	0.600512
4677.12	0.424026
4683.81	0.362272
4687.47	0.341073
2605.45	0.217074
2597.6	0.223829
2581.72	0.447045
2710.49	0.491467
2828.77	0.494078
2938.45	0.496392
3042.84	0.497929
3129.11	0.491869
3216.05	0.492185
3297.73	0.492665
3374.75	0.492554
3447.92	0.4883
3520.03	0.488514
3588.24	0.488805
3655.73	0.490232
3719	0.491752
3781.15	0.493463
3840.8	0.4953
3898.82	0.497372
3955.49	0.499771
4008.72	0.503138
4056.23	0.498844
4104.29	0.501129
4150.26	0.503057
4193.71	0.505132
4234.52	0.507936
4272.17	0.512797
4306.85	0.518278
4338.82	0.523415
4367.96	0.528954
4399.38	0.534909
4427.42	0.541489
4454.67	0.547761
4478.48	0.551578
4500.89	0.556244
4524.02	0.560612
4545.73	0.565019
4564.14	0.566865
4582.06	0.571327
4597.68	0.57778
4613.88	0.586954
4628.52	0.601283
4640.86	0.625652
4651.1	0.65947
4658.31	0.69102
4664.61	0.722497
4670.87	0.634588
4678.32	0.426519
4685.04	0.362292
4688.85	0.340911
2628.39	0.215284
2617.97	0.223237
2598.55	0.4283
2728.66	0.461847
2844.97	0.465865
2950.78	0.469507
3043.46	0.472505
3138.8	0.475867
3228.54	0.478507
3303.3	0.472126
3376.49	0.472867
3453.93	0.474482
3526.35	0.476333
3595.24	0.47827
3661.77	0.480338
3725.62	0.482545
3787.6	0.484961
3847.88	0.487585
3907.47	0.490365
3969.08	0.492923
4011.71	0.485587
4062.08	0.488906
4109.69	0.492702
4154.73	0.496773
4197.53	0.50112
4237.09	0.505903
4275.1	0.511366
4308.34	0.513297
4342.05	0.517921
4373.2	0.52446
4403.52	0.53081
4431.98	0.536983
4458.21	0.542991
4482.75	0.549199
4506.47	0.554956
4527.2	0.556879
4546.44	0.559783
4566.47	0.563398
4584.54	0.568416
4601.2	0.575175
4616.87	0.584284
4630.94	0.597184
4642.93	0.620536
4652.68	0.653105
4659.79	0.697312
4666.35	0.73147
4672.37	0.679773
4680.18	0.457933
4685.98	0.37327
4690.4	0.345056
2661.36	0.213403
2647.63	0.229274
2620.19	0.404794
2756.74	0.435241
2873.38	0.4434
2974.37	0.45017
3069.78	0.456165
3151.68	0.452036
3228.62	0.453788
3311.73	0.456311
3388.22	0.458713
3462.69	0.461086
3533.99	0.463403
3602.36	0.465767
3668.25	0.468212
3731.83	0.470752
3793.44	0.473385
3853.3	0.476104
3911.62	0.478892
3968.04	0.481759
4018.42	0.484849
4068.14	0.488697
4115.09	0.493047
4158.9	0.4978
4202.09	0.5025
4238.72	0.502578
4273.87	0.506307
4310.95	0.511274
4345.38	0.516612
4376.88	0.522568
4407.17	0.528717
4436.52	0.5349
4461.26	0.535473
4485.75	0.540431
4508.31	0.545732
4530.41	0.551963
4550.2	0.557767
4568.66	0.562352
4586.28	0.567656
4603.53	0.574074
4619.2	0.583204
4633.05	0.596469
4644.83	0.621568
4654.55	0.656997
4662.42	0.701647
4667.96	0.734665
4674.02	0.691697
4682.14	0.470833
4688.84	0.379018
4692.81	0.346215
2707.52	0.211461
2693.96	0.246221
2653.6	0.364368
2800.95	0.411889
2914.22	0.425598
3000.73	0.428153
3080.05	0.434123
3166.27	0.439658
3245.88	0.444056
3324.24	0.44789
3399.46	0.451297
3472.1	0.454454
3542.07	0.457424
3609.47	0.460281
3674.55	0.463074
3737.5	0.465823
3798.53	0.468542
3857.74	0.471242
3915.14	0.47393
3970.56	0.476617
4023.32	0.479421
4074.52	0.4825
4121.22	0.486763
4161.29	0.486208
4199.64	0.489318
4240.29	0.493449
4277.47	0.498255
4313.86	0.50287
4349.35	0.507588
4379.53	0.507713
4409.56	0.512454
4436.16	0.517641
4464.17	0.524549
4489.24	0.532547
4512.24	0.540519
4533.81	0.547844
4553.69	0.554249
4572.08	0.559798
4586.29	0.565214
4605.24	0.571302
4621.1	0.579803
4634.81	0.591652
4646.45	0.614477
4656	0.647738
4663.24	0.691347
4668.34	0.731966
4675.72	0.673502
4684.63	0.454817
4691.78	0.372129
4695.72	0.341659
2766.5	0.209176
2773.78	0.266406
2793.1	0.352486
2874.11	0.391671
2951.95	0.398334
3029.53	0.410607
3106.37	0.419804
3184.85	0.426915
3261.79	0.432808
3337.33	0.437971
3410.71	0.442637
3481.66	0.44691
3550.19	0.450745
3616.41	0.454195
3680.48	0.457329
3742.62	0.460178
3802.96	0.462818
3861.52	0.465331
3918.19	0.467794
3973.29	0.470151
4027.36	0.472452
4082.97	0.47448
4120.72	0.468565
4163.87	0.470701
4204.84	0.474317
4242.99	0.478255
4279.53	0.483407
4315.36	0.484741
4348.66	0.48823
4382.4	0.493314
4412.85	0.50072
4440.8	0.508742
4467.6	0.516918
4492.46	0.525297
4515.39	0.533745
4536.75	0.541766
4556.58	0.549032
4574.9	0.555312
4591.54	0.56082
4607.91	0.565914
4622.94	0.573098
4636.3	0.583133
4647.85	0.598645
4657.59	0.625633
4664.47	0.649752
4670.77	0.649385
4679.21	0.547673
4688.22	0.413583
4695.32	0.355778
4699.14	0.330957
2819.14	0.19792
2830.89	0.236294
2866.81	0.315866
2921.5	0.356875
2986.43	0.379641
3056.16	0.392846
3128.45	0.401763
3202.4	0.409373
3276.55	0.416017
3350.05	0.422078
3421.85	0.427898
3491.16	0.433603
3558.15	0.43867
3623.05	0.443132
3685.93	0.447188
3747.15	0.450756
3806.79	0.453977
3864.81	0.456989
3920.4	0.460156
3974.64	0.462804
4027.37	0.465222
4078.32	0.46757
4124.6	0.469661
4166.09	0.471943
4210.35	0.475285
4244.77	0.467754
4276.2	0.469287
4317.25	0.474492
4353.06	0.481192
4385.86	0.48918
4416	0.497411
4444.02	0.50572
4470.44	0.514019
4495.15	0.522234
4517.74	0.530859
4538.97	0.538861
4558.8	0.546242
4577.33	0.552979
4594.97	0.558834
4609.84	0.557316
4624.33	0.560919
4637.4	0.564081
4648.83	0.565048
4658.34	0.559978
4667.55	0.544357
4675.7	0.500578
4684.38	0.428272
4692.92	0.365945
4699.44	0.333117
4702.97	0.314749
2859.71	0.181534
2871.86	0.202996
2904.53	0.267414
2954.85	0.330719
3013.33	0.358929
3077.73	0.373874
3146.06	0.383081
3217.01	0.389752
3289.32	0.395265
3361.87	0.400373
3432.93	0.406346
3500.45	0.413576
3565.69	0.419804
3629.26	0.42475
3690.6	0.429216
3750.81	0.433241
3809.85	0.436827
3868.11	0.439855
3921.59	0.439752
3975.12	0.442052
4026.76	0.443958
4075.95	0.445344
4120.18	0.44606
4166.11	0.447066
4208.84	0.450312
4247.22	0.452562
4283.75	0.456558
4321.74	0.46119
4357.84	0.466172
4389.42	0.475114
4418.75	0.48379
4446.4	0.491117
4472.6	0.497261
4497.72	0.501625
4519.34	0.498372
4540.59	0.499865
4560.47	0.501325
4578.88	0.501674
4595.06	0.500432
4611.82	0.502484
4626.56	0.501783
4639.75	0.495929
4651.5	0.483009
4661.98	0.460773
4671.8	0.428671
4681.11	0.387609
4689.97	0.352646
4697.75	0.327989
4703.55	0.310775
4706.59	0.295727
2886.71	0.168887
2899.3	0.181513
2924.16	0.213406
2973.9	0.29171
3030.97	0.336752
3092.7	0.355087
3158.63	0.36438
3227.87	0.370264
3299.45	0.374813
3372.35	0.378899
3444.63	0.383245
3509.26	0.390126
3572.3	0.398333
3635.11	0.405016
3693.87	0.401787
3753.13	0.403894
3811.16	0.405854
3866.88	0.407975
3922.72	0.410766
3976.1	0.414744
4027.27	0.418139
4076.02	0.42094
4122.03	0.423183
4166.74	0.425446
4209.2	0.426961
4249.12	0.42818
4287.53	0.430187
4325.81	0.432915
4364.87	0.434229
4393.02	0.424631
4421.11	0.423075
4448.23	0.422027
4473.97	0.419854
4496.93	0.415385
4521.02	0.413706
4542.78	0.414678
4562.84	0.414845
4581.34	0.414115
4598.33	0.412155
4614.44	0.408875
4629.23	0.401795
4642.7	0.390813
4654.94	0.376928
4666.08	0.361112
4676.38	0.344927
4685.88	0.329734
4694.47	0.316523
4701.66	0.30541
4706.6	0.292493
4708.98	0.275072
2900.06	0.162715
2912.56	0.171348
2936.77	0.196032
2979.02	0.2551
3039.04	0.319554
3100.21	0.34319
3165.15	0.352946
3233.77	0.358225
3305.58	0.362067
3380.72	0.365354
3461.26	0.368145
3517.14	0.349299
3576.39	0.347538
3632.96	0.343773
3694.77	0.344183
3754.4	0.346922
3812.32	0.349148
3868.54	0.350876
3923.6	0.352159
3976.76	0.353116
4027.79	0.35385
4076.55	0.354426
4123.01	0.354987
4167.58	0.355618
4210.09	0.356255
4250.53	0.356898
4289.4	0.357512
4327.12	0.358057
4363.09	0.358534
4394	0.353942
4422.71	0.354546
4449.85	0.355018
4475.46	0.355165
4499.4	0.35496
4522.66	0.354407
4544.39	0.353447
4564.54	0.35199
4583.18	0.349956
4600.43	0.347267
4616.5	0.343889
4631.32	0.339771
4644.9	0.334885
4657.29	0.329264
4668.62	0.323074
4679.02	0.316445
4688.53	0.309311
4697.06	0.301468
4703.68	0.288886
4708.01	0.273087
4710.11	0.262278
4370.27	0.446794
4393.05	0.447516
4421	0.450791
4448.06	0.456806
4473.94	0.464806
4491.8	0.471674
4499.58	0.510126
4519.07	0.511984
4540.43	0.515692
4560.3	0.520792
4578.76	0.52762
4592.57	0.534117
4597.37	0.565078
4609.58	0.566642
4624.17	0.569815
4637.23	0.573529
4648.64	0.578282
4657.21	0.58459
4659.33	0.63964
4664.1	0.649529
4666.53	0.649689
2715	0.514122
2792.48	0.51291
2868.51	0.511128
2904.85	0.510801
2991.29	0.509224
3089.76	0.506398
3154.09	0.503568
3185.67	0.498128
3264.82	0.496799
3352.92	0.495227
3412.62	0.49356
3444.75	0.493958
3518.3	0.492847
3597.18	0.49182
3648.88	0.490455
3678.87	0.490592
3745.46	0.48992
3814.43	0.490434
3855.16	0.489981
3880.92	0.493388
3935.66	0.492833
3989.21	0.492813
4017.3	0.492606
4031.82	0.493185
3984.29	0.537488
4007.72	0.537073
4053.01	0.537404
4099.38	0.537358
4138.26	0.539655
4179.85	0.539726
4216.38	0.540336
4251.95	0.540214
4276.69	0.54007
4289.18	0.542526
4318.26	0.543237
4348.66	0.546549
4377.36	0.548405
4400.74	0.551859
4424.42	0.553222
4449.38	0.555116
4472.66	0.556557
4492.99	0.557688
4495.99	0.560577
4395.44	0.572558
4417.14	0.57336
4441.41	0.574557
4465.13	0.576228
4488.3	0.577948
4510.58	0.580013
4531.84	0.582395
4551.95	0.585121
4570.97	0.588041
4588.48	0.591374
4604.24	0.594776
4618.14	0.597269
4630.21	0.596704
4638.97	0.58748
4647.53	0.568408
4654.73	0.517069
4662.11	0.424612
4665.84	0.366451
4460.9	0.533403
4478.14	0.537438
4485.13	0.558272
4497.6	0.559143
4517.28	0.563868
4535.94	0.569688
4552.8	0.575781
4558.68	0.593812
4567.37	0.594619
4584.42	0.59731
4600.66	0.603114
4616.17	0.610739
4620.88	0.621089
4627.44	0.622373
4639.24	0.629212
4649.26	0.629131
4658.14	0.6047
4661.49	0.571242
4664.93	0.567486
4671.7	0.503366
4679.11	0.410735
4684.4	0.374805
4014.34	0.505201
4035.51	0.505105
4050.95	0.509802
4081.86	0.509531
4126.69	0.512748
4168.29	0.516109
4208.54	0.518751
4233.56	0.519958
4247.15	0.528267
4280.27	0.529105
4315.2	0.531496
4341.66	0.537508
4366.27	0.539631
4375.26	0.549365
4394.82	0.549723
4421	0.552744
4446.15	0.554758
4469.93	0.556244
4482.65	0.556862
4490.62	0.55742
4501.57	0.557604
2900.19	0.525417
2923.68	0.524338
2954.85	0.524483
3013.95	0.523366
3105.51	0.522897
3185.52	0.521569
3218.19	0.525623
3277.98	0.524568
3357.83	0.525116
3426.97	0.524066
3454.41	0.528434
3508.75	0.527554
3580.15	0.52752
3638.33	0.526403
3661.64	0.527592
3710.56	0.52679
3771.96	0.526092
3820.88	0.524804
3834.97	0.5208
3879.19	0.520099
3932.38	0.519679
3973.93	0.51846
3983.1	0.508437
3720.26	0.53365
3768.17	0.533171
3830.54	0.532703
3892.08	0.532179
3951.04	0.532093
4004.05	0.533091
4052.94	0.534389
4098.31	0.535886
4144.43	0.536288
4180.91	0.539461
4217.21	0.541187
4253.03	0.542919
4286.87	0.545119
4319.53	0.546581
4350.41	0.547858
4373.69	0.548042
4382.74	0.551439
4404.16	0.551461
4426.9	0.552108
4442.15	0.552024
4030.96	0.521023
4069.33	0.521872
4112.88	0.523713
4155.55	0.526004
4196.7	0.528604
4236.17	0.531177
4267.27	0.532529
4279.32	0.54792
4306.23	0.548382
4339.57	0.552189
4370.7	0.555076
4399.85	0.557999
4427.16	0.560949
4452.52	0.563923
4474.12	0.567751
4494.67	0.570878
4514.53	0.573222
4530	0.574292
4535.38	0.580502
4548.9	0.581072
4565.11	0.582951
4575.55	0.584078
3826.66	0.507781
3872.28	0.50819
3927.02	0.509934
3978.94	0.512407
4028.21	0.514725
4057.25	0.515559
4074.63	0.526111
4115.87	0.526715
4158.51	0.528513
4198.95	0.530539
4236.75	0.533166
4270.76	0.536889
4299.99	0.542051
4333.78	0.544192
4364.5	0.547619
4392.56	0.550709
4414.16	0.552119
4422.12	0.560481
4441.12	0.560628
4464.57	0.561196
4480.46	0.561292
3983.84	0.494649
4016.54	0.493668
4030.61	0.482599
4069.19	0.481862
4113.86	0.481522
4157	0.481039
4198.47	0.480587
4238.08	0.479955
4275.67	0.478827
4311.77	0.476938
4345.73	0.473786
4367.6	0.470819
4379.44	0.454757
4405.64	0.454326
4432.7	0.456392
4458.28	0.45793
4481.06	0.459891
4502.13	0.462399
4521.27	0.46486
4536.88	0.467071
3170.17	0.532261
3233.23	0.531537
3315.52	0.530648
3397.25	0.529543
3477	0.528739
3554.26	0.528164
3628.7	0.527786
3699.96	0.52763
3767.74	0.527709
3832.14	0.527925
3893.16	0.528274
3950.44	0.528824
4002.22	0.529959
4054.36	0.529889
4104.67	0.529764
4150.75	0.529773
4189.39	0.529798
4223.04	0.529856
4236.86	0.530836
4335.27	0.41853
4346.93	0.419598
4354.38	0.484059
4377.33	0.487414
4388.17	0.521286
4404.04	0.522124
4424.08	0.525849
4431.86	0.542565
4451.49	0.544039
4457.49	0.560438
4474.01	0.56104
4485.04	0.564617
4493.42	0.566188
4507.93	0.567536
4512.43	0.569679
4528.16	0.569981
4534.22	0.574049
4546.33	0.574242
4558.35	0.57714
4564.51	0.581803
4577.5	0.583564
4580.81	0.593903
4592.33	0.59524
4599.97	0.600571
4608.65	0.600873
4618.8	0.609327
4621.27	0.609414
4178.64	0.537747
4190.98	0.537455
4224.21	0.538471
4258.74	0.53952
4291.23	0.539953
4303.53	0.54448
4324.62	0.544411
4354.81	0.548275
4384.27	0.55115
4409.86	0.554838
4419.77	0.562285
4434.58	0.562377
4457.68	0.565258
4480.15	0.567287
4501.06	0.569099
4509.05	0.572757
4518.7	0.572788
4540.42	0.577525
4559.71	0.581679
4577.07	0.586141
4584.93	0.589916
4592.17	0.590506
4604.1	0.592092
2642.41	0.496514
2662.76	0.497894
2728.67	0.496717
2844.32	0.495538
2950.61	0.496114
3029.66	0.49518
3056.91	0.512878
3128.28	0.511998
3215.7	0.512759
3298.05	0.512854
3348.37	0.512121
3376.7	0.520048
3445.19	0.51954
3517.03	0.519799
3582.47	0.519572
3608.97	0.525374
3650.09	0.524612
3714.14	0.524574
3772.33	0.524398
3817.2	0.523836
3833.52	0.529462
3874.61	0.52897
3911.19	0.528593
3982.23	0.507004
4001.37	0.507069
4014.35	0.524269
4055.96	0.524726
4104.08	0.527145
4149.98	0.530278
4193.26	0.533849
4213.54	0.537655
4233.01	0.538064
4269.5	0.539726
4303.68	0.542198
4336.03	0.544701
4363.21	0.545775
4371.6	0.55519
4391.61	0.555404
4420.34	0.556788
4445.38	0.558691
4469.47	0.560393
4486.16	0.561144
4493.04	0.565191
4511.88	0.565388
4524.87	0.565986
4323.09	0.532772
4329.03	0.534988
4348.25	0.535286
4371.61	0.539718
4380.94	0.550499
4400.79	0.551164
4421.61	0.553572
4429.18	0.562615
4449.27	0.563519
4468.56	0.565417
4478.84	0.5713
4500.68	0.57262
4516.56	0.574593
4523.66	0.578247
4542.43	0.580656
4551.78	0.585931
4561.87	0.585963
4578.15	0.590075
4584.34	0.596182
4595.02	0.596564
4609.36	0.602467
4614.81	0.619824
4625.48	0.623466
4635.82	0.639473
4639.67	0.650364
4645.91	0.655985
3317.66	0.515115
3375.74	0.514408
3454.51	0.513806
3532.02	0.513015
3603.21	0.513561
3667.54	0.515225
3728.56	0.516272
3784.47	0.517
3808.02	0.523235
3839.98	0.522679
3894.13	0.52408
3944.03	0.525648
3990.78	0.527527
4036.51	0.528857
4081.14	0.530618
4124.9	0.53236
4166.96	0.534379
4206.57	0.53651
4244.04	0.538141
4277.04	0.539113
4289.79	0.543135
4309.18	0.542937
4322.69	0.544355
3655.21	0.5123
3673.45	0.511666
3691.2	0.519106
3735.95	0.51855
3795.6	0.519035
3852.87	0.518654
3889.81	0.517866
3911.93	0.517744
3960.12	0.517221
4000.61	0.513492
4045.92	0.513294
4065.52	0.51472
4097	0.514315
4141.07	0.518335
4182.92	0.521023
4212.95	0.522205
4227.96	0.53026
4260.44	0.530901
4295.39	0.535157
4326.92	0.53895
4340.9	0.544073
4358.31	0.543904
4386.78	0.545773
4412.73	0.547102
4428.9	0.54782
3909.51	0.534328
3913.57	0.534413
3948.1	0.534106
3998.74	0.534073
4049.06	0.533968
4091.82	0.536
4133.14	0.537158
4173.17	0.538313
4211.98	0.539865
4247.94	0.542075
4274.38	0.542736
4285.64	0.552724
4313.06	0.553253
4343.04	0.556024
4373.86	0.557123
4399.97	0.560273
4429.63	0.561319
4456.53	0.562934
4481.18	0.564049
4504.68	0.564422
4516.61	0.564602
4519.6	0.563768
4090.13	0.486248
4118.16	0.486552
4132.03	0.501609
4161.15	0.501607
4194.61	0.503907
4206.31	0.516904
4238.59	0.517359
4263.77	0.519847
4276.3	0.527753
4307.76	0.52924
4322.23	0.53571
4338.79	0.535547
4365.97	0.53753
4374.37	0.545772
4396.03	0.545899
4417.16	0.548488
4423.56	0.558799
4445.37	0.559487
4461.14	0.56197
4469.53	0.567612
4490.48	0.568692
4498.68	0.573776
4510.34	0.573779
4528.75	0.574093
4535.05	0.572447
4544.07	0.572389
4532.53	0.566611
4534.33	0.568269
4546.76	0.568653
4553.69	0.574045
4567.31	0.574565
4573.86	0.584548
4586.39	0.585246
4591.5	0.597272
4601.61	0.598221
4606.52	0.615884
4615.45	0.61946
4620.42	0.640694
4628.77	0.64492
4633	0.666883
4639.54	0.671111
4644.68	0.673592
4651.3	0.673864
4655.42	0.634308
4660.62	0.62177
4664.43	0.543819
4669.09	0.525194
4673.03	0.432609
4678.17	0.411327
4681.3	0.382975
4682.08	0.377662
4212.7	0.493833
4245.04	0.497093
4264.62	0.50054
4280.12	0.505275
4315.25	0.507217
4346.56	0.511026
4357.7	0.526265
4379.13	0.526607
4409.51	0.531735
4431.3	0.534946
4439.28	0.550444
4460.98	0.551533
4485.57	0.556665
4498.47	0.560352
4506.96	0.565462
4527.1	0.566866
4545.31	0.569577
4551.69	0.576685
4563.92	0.576992
4581.98	0.580193
4594.78	0.582559
4598.79	0.588171
4608.93	0.588992
3941.59	0.530011
3974.7	0.529644
4014.09	0.529375
4028.93	0.532393
4063.75	0.5321
4108.82	0.533377
4150.47	0.534562
4191.93	0.535283
4230.44	0.537004
4265.47	0.539127
4295.55	0.540167
4307.32	0.544898
4328.87	0.544901
4358.58	0.548161
4386.78	0.550129
4412.78	0.552436
4436.35	0.554718
4462.54	0.555407
4485.14	0.556182
4493.75	0.55711
4502.47	0.556997
3963.35	0.528918
4004	0.529457
4028	0.531324
4052.79	0.530739
4100.69	0.530751
4124.5	0.531841
4145.09	0.531692
4181.32	0.531931
4204.76	0.532862
4221.57	0.53516
4256.29	0.53656
4279.63	0.538086
4294.42	0.541947
4325.36	0.542998
4348.22	0.544711
4361.56	0.549629
4388.97	0.550684
4409.26	0.553081
4420	0.559684
4443.41	0.560418
4461.87	0.56171
4471.27	0.564497
4490.37	0.564832
4505.69	0.565671
4508.99	0.565823
4119.55	0.533521
4148.79	0.533624
4186.73	0.535449
4222.97	0.538122
4254.18	0.539526
4266.72	0.54696
4292.58	0.546989
4328.12	0.550223
4360.65	0.553767
4388.81	0.55823
4402.73	0.561095
4418.55	0.560903
4443.2	0.564026
4465.19	0.567237
4488.59	0.569147
4502.75	0.570358
4510.92	0.573899
4528.75	0.574667
4546.59	0.577345
4564.23	0.580121
4577.08	0.582194
4582.09	0.589194
4594.13	0.589678
4552.24	0.563636
4555.7	0.56907
4563.94	0.569099
4568.77	0.568395
4571.81	0.573104
4580.05	0.574196
4585.4	0.57689
4588.76	0.588568
4596.4	0.590574
4601.88	0.595257
4605.37	0.608565
4612.09	0.614855
4617.85	0.61839
4621.63	0.634925
4627.69	0.641817
4633.06	0.642165
4637.5	0.653074
4642.64	0.662732
4647.41	0.663132
4651.38	0.683509
4655.47	0.700238
4659.43	0.70292
4662.66	0.719229
4666.13	0.73101
4667.08	0.73183
3734.16	0.479748
3748.22	0.484109
3779.48	0.48358
3795.9	0.495723
3829.86	0.495188
3847.3	0.488014
3868.71	0.487281
3895.79	0.486618
3910.07	0.498445
3940.85	0.498428
3955.87	0.517123
3977.4	0.518823
4000.67	0.518258
4016.15	0.51789
4045.02	0.517516
4058.67	0.519211
4078.88	0.521107
4097.1	0.522697
4107.55	0.522496
4133.1	0.521912
4145.12	0.506087
4159.84	0.501238
4169.74	0.493869
4059.12	0.533661
4096.38	0.533738
4131.18	0.533593
4140.84	0.534406
4172.89	0.534233
4212.38	0.536569
4240.99	0.53753
4252.58	0.5463
4282.36	0.546533
4313.64	0.548922
4333.91	0.549923
4343.24	0.555324
4371.13	0.555964
4402.62	0.557311
4418.74	0.558257
4430.76	0.559779
4456.22	0.560531
4480.7	0.561982
4492.63	0.562828
4506.58	0.562604
4530.07	0.56316
4545.63	0.563287
4547.53	0.563085
4547.55	0.563285
3967.9	0.527238
3999.82	0.527538
4047.68	0.52896
4094	0.531015
4137.6	0.533729
4178.83	0.536513
4217.74	0.539422
4255.25	0.541801
4290.98	0.544334
4325	0.546688
4357.41	0.548763
4387.99	0.550723
4415.58	0.553088
4441.46	0.55509
4456.71	0.555913
4466.32	0.559274
4487.56	0.559957
4508.99	0.561101
4529.75	0.561648
4546.1	0.562318
4543.77	0.563591
4545.46	0.564276
4555.69	0.564512
4560.21	0.568491
4567.74	0.570364
4574.93	0.570513
4579.29	0.577081
4588.66	0.577734
4592.69	0.585472
4599.3	0.58707
4605.67	0.586965
4609.6	0.595506
4617.14	0.596638
4620.61	0.603814
4625.26	0.613901
4629.79	0.615132
4632.03	0.625077
4637.53	0.628508
4639.91	0.64931
4643.08	0.655991
4646.2	0.656342
4648.17	0.586581
4652.22	0.573165
4654.32	0.591296
4657.97	0.527142
4659.95	0.520258
4372.44	0.560454
4394.38	0.561466
4419.13	0.563823
4443.66	0.566219
4461.26	0.567531
4471.1	0.571938
4490.22	0.572881
4510.24	0.57625
4529.04	0.579224
4544.95	0.581284
4551.54	0.589984
4564.78	0.59074
4580.3	0.596278
4596.01	0.599162
4612.22	0.601861
4617.65	0.607725
4628.06	0.607604
4640.8	0.612331
4651.35	0.601394
4660.43	0.581037
4666.01	0.548639
4669.84	0.523694
4674.51	0.488997
3617.24	0.523949
3667.04	0.523944
3726.53	0.524333
3785.6	0.524893
3840.49	0.526927
3894.33	0.528208
3944.08	0.530805
3991.59	0.53266
4020.75	0.533224
4041.88	0.538455
4083.74	0.539022
4125.74	0.540683
4167.69	0.54152
4207.72	0.54303
4245.46	0.544673
4280.32	0.546397
4310.74	0.548495
4341.63	0.548907
4367.16	0.548605
4377.31	0.550411
4393.82	0.550356
3763.56	0.529178
3800.26	0.528948
3853.93	0.530443
3904.08	0.532731
3952.19	0.534726
3998.49	0.536703
4044.15	0.538065
4088.36	0.539619
4130.51	0.541375
4171.29	0.542682
4210.52	0.543861
4247.99	0.544918
4278.91	0.5454
4290.41	0.55175
4314.24	0.551748
4345.77	0.55385
4374.92	0.555147
4407.04	0.55539
4434.82	0.556748
4459.58	0.557895
4476.06	0.558423
3468.13	0.398758
3517.11	0.401717
3576.8	0.409236
3614.12	0.414643
3637.44	0.441511
3693.68	0.442638
3752.99	0.445105
3811.03	0.448295
3865.48	0.451067
3889.38	0.460423
3921.07	0.459875
3974.92	0.461477
4026.56	0.462675
4075.9	0.464212
4116.49	0.46492
4132.77	0.474108
4165.57	0.473725
4209.69	0.472943
4244.44	0.469951
4272.16	0.469678
4240.23	0.547235
4240.38	0.547626
4268.95	0.548151
4301.71	0.549601
4323.47	0.550578
4333.12	0.557642
4360.31	0.558331
4389.21	0.561155
4410.05	0.562503
4417.96	0.571597
4440.19	0.57195
4465.48	0.573553
4484.99	0.574272
4491.88	0.57879
4509.38	0.579252
4530.75	0.582747
4546.62	0.587006
4554.31	0.591953
4569.55	0.592376
4588.22	0.597511
4603.23	0.602992
4607	0.615372
4615.42	0.617752
4622.97	0.628443
4202.84	0.568507
4225.93	0.568591
4259.32	0.570099
4292.01	0.571782
4325.14	0.57279
4356.32	0.574994
4386.07	0.576909
4414.75	0.578516
4440.29	0.581322
4465.21	0.583378
4488.05	0.58681
4510.04	0.589781
4530.1	0.59424
4551.19	0.596732
4571.6	0.600179
4590.01	0.611219
4606.26	0.625361
4620.56	0.640013
4631.31	0.65743
4638.1	0.66927
2893.32	0.454567
2898.12	0.455918
2918.03	0.455735
3000.92	0.456403
3054.87	0.456668
3076.3	0.476507
3151.71	0.476229
3218.14	0.476178
3240.17	0.495904
3302.84	0.495345
3372.83	0.497139
3398.17	0.5097
3447.27	0.508952
3519.74	0.511119
3555.97	0.51232
3585.9	0.514735
3651.9	0.514528
3697.67	0.514486
3718.29	0.524063
3771.99	0.523618
3819.88	0.523513
3835.38	0.529189
3874.5	0.528697
3912.71	0.528577
4147.45	0.535839
4177.9	0.537961
4201.46	0.539779
4217.19	0.547667
4251.16	0.548539
4284.46	0.551771
4318.08	0.553683
4335.41	0.555021
4350.21	0.55621
4377.99	0.558486
4406.47	0.560665
4432.07	0.563858
4443.74	0.566898
4457.37	0.566789
4480.13	0.569656
4501.83	0.572226
4522.35	0.573915
4531.06	0.57763
4543.73	0.577711
4561.9	0.580714
4578.47	0.582762
4589.78	0.583594
2853.36	0.528103
2922.2	0.527216
3012.99	0.526852
3103.49	0.525801
3191.71	0.525031
3277.76	0.52434
3360.08	0.524174
3438.79	0.524167
3514.06	0.524277
3585.73	0.524563
3653	0.525243
3716.61	0.525798
3776.11	0.526587
3835.91	0.526207
3892.52	0.526276
3945.62	0.526284
3996.75	0.525886
4046.2	0.525181
4085.94	0.52482
4115	0.524863
2996.91	0.524914
3029.08	0.523661
3108.85	0.522677
3141.08	0.523022
3196.62	0.521906
3276.56	0.520686
3310.28	0.51954
3356.97	0.518468
3432.23	0.5177
3470.09	0.516558
3509.72	0.515494
3582.18	0.514688
3621.88	0.513436
3653.61	0.512282
3717.29	0.511495
3757.44	0.510483
3783.37	0.509688
3838.43	0.509248
3876.4	0.508721
3896.46	0.509177
3944.46	0.508568
3981.18	0.507812
3998.02	0.507128
4037.09	0.506955
4067.43	0.507485
4072.26	0.511541
4235.79	0.556365
4239.65	0.556085
4268.1	0.557283
4299.88	0.558619
4331.83	0.559966
4362.15	0.562291
4390.66	0.564793
4417.74	0.567012
4441.44	0.570181
4464.52	0.572566
4485.92	0.57549
4510.67	0.576755
4528.28	0.577756
4536.12	0.587221
4554.37	0.58822
4574.2	0.5924
4591.95	0.596961
4606.93	0.607075
4620.53	0.621931
4632.08	0.639585
4640.84	0.657428
4426.75	0.562467
4439.54	0.562601
4462.97	0.564998
4486.06	0.567367
4509.49	0.568998
4532.01	0.570987
4548.76	0.572214
4555.52	0.581061
4569.27	0.582223
4586.81	0.584097
4602.66	0.586243
4616.64	0.587146
4628.63	0.584568
4638.65	0.573473
4647.01	0.542473
4653.66	0.456758
4661.98	0.373073
4670.49	0.32994
4676.84	0.317389
4679.09	0.312343
3863.98	0.522557
3905.25	0.522635
3951.73	0.522688
3988.66	0.522325
4003.1	0.523801
4038.65	0.52357
4079.81	0.525712
4125.22	0.526428
4152.93	0.526957
4169.26	0.532426
4206.31	0.533256
4243.86	0.536752
4277.36	0.539754
4291.12	0.546232
4311.01	0.546118
4342.89	0.548831
4373.25	0.550832
4397.39	0.551603
4406	0.555615
4428	0.555638
4454.43	0.556901
4473.37	0.557529
4052.1	0.534001
4065.02	0.534907
4091.96	0.534528
4130.66	0.53546
4144.94	0.542255
4179.14	0.542062
4211.61	0.543604
4227.27	0.549665
4259.51	0.549481
4283.61	0.549356
4299.07	0.548704
4330.74	0.548934
4346.29	0.54923
4364.54	0.548874
4390.76	0.549847
4401.47	0.551661
4421.42	0.551728
4445.57	0.553721
4456.43	0.558517
4478.41	0.558924
4496.71	0.560287
4506.87	0.56166
4527.18	0.562239
4539.52	0.563176
4550.12	0.5633
4568.22	0.564528
4576.27	0.565297
4581.74	0.565305
4316.47	0.524262
4319.34	0.524355
4337.25	0.524628
4348.29	0.529586
4362.46	0.53253
4373.57	0.53725
4384.85	0.544388
4399.54	0.544446
4408.15	0.552807
4424.23	0.553049
4433.45	0.555558
4447.03	0.556472
4457.75	0.557935
4468.45	0.558876
4481.41	0.55879
4489.98	0.56204
4502.97	0.562384
4510.09	0.566786
4521.72	0.567696
4529.15	0.57082
4538.26	0.572745
4548.58	0.572648
4555.52	0.57079
4565.68	0.570438
4569.1	0.555007
4150.6	0.536035
4173.27	0.53656
4184.27	0.546509
4216.1	0.54693
4251.24	0.548606
4284.46	0.550458
4317.92	0.551652
4348.92	0.553984
4378.85	0.555745
4404.77	0.558532
4427.21	0.561586
4449.21	0.563277
4473.39	0.564522
4497.16	0.565827
4513.94	0.566631
4521.13	0.572159
4539.19	0.572746
4558.7	0.575602
4576.02	0.578192
4586.66	0.580197
2776.85	0.505594
2803.6	0.504119
2864.87	0.50373
2901.68	0.508532
2992	0.507339
3066.89	0.505907
3096.6	0.512626
3172.24	0.511435
3255.12	0.509374
3287.52	0.506137
3350.5	0.504847
3432.95	0.502431
3471.24	0.499857
3514.51	0.498692
3590.56	0.497917
3638.62	0.496538
3665.31	0.495394
3727.71	0.494779
3779.85	0.494297
3800.83	0.501385
3850.17	0.500997
3901.71	0.502484
3921.79	0.509482
3959.28	0.508827
3992.84	0.506068
3393.15	0.510314
3402.39	0.51003
3447.18	0.50924
3521.89	0.508869
3591.32	0.508672
3620.38	0.513783
3662.09	0.512999
3727.34	0.517321
3787.68	0.52106
3818.17	0.522792
3851.89	0.521996
3910.41	0.524679
3965	0.527464
3994.45	0.528515
4019.62	0.530823
4064.31	0.531842
4109.49	0.532521
4137.34	0.532747
4156.72	0.53509
4197.05	0.534399
4236.7	0.532287
4259.33	0.52951
4272.33	0.525161
4296.19	0.525105
3549.06	0.525762
3607.97	0.525913
3671.13	0.525964
3732.83	0.526234
3791.7	0.526983
3848.22	0.527698
3900.07	0.529436
3949.41	0.530716
3997.12	0.531594
4039.65	0.533833
4076.52	0.534323
4093.59	0.54168
4126.54	0.541525
4168.33	0.5436
4208.3	0.544164
4246.4	0.544617
4282.79	0.544841
4314.88	0.545264
4345.8	0.545508
4371.88	0.545715
