2788.37	0.333626
2798.02	0.345901
2817.57	0.349757
2846.57	0.35165
2883.75	0.352772
2927.38	0.353445
2975.78	0.353832
3027.49	0.354029
3081.34	0.354105
3136.44	0.354105
3192.11	0.354061
3247.81	0.353996
3303.08	0.353929
3357.4	0.353874
3410.1	0.353839
3460.26	0.353436
3508.69	0.353562
3555.52	0.353726
3600.47	0.353906
3643.16	0.353962
3683.45	0.353987
3721.64	0.354199
3758.03	0.354444
3792.82	0.354642
3826.18	0.354762
3858.09	0.35478
3888.11	0.35468
3913.68	0.351883
3938.48	0.351673
3962.03	0.35141
3984.29	0.350934
4005.22	0.350213
4024.75	0.349211
4043.01	0.3479
4060.21	0.346252
4076.66	0.344268
4092.73	0.341986
4108.14	0.339392
4122.76	0.336533
4136.55	0.333475
4149.52	0.330288
4161.67	0.327037
4172.99	0.323767
4183.43	0.320478
4192.91	0.317124
4201.3	0.313615
4208.44	0.309818
4214.13	0.305599
4218.14	0.300883
4220.18	0.297112
2777.65	0.338512
2787.31	0.355037
2807.28	0.363201
2837.46	0.369038
2876.25	0.373574
2921.46	0.377006
2971.21	0.379523
3023.97	0.381285
3078.62	0.382464
3134.31	0.383215
3190.43	0.383663
3246.51	0.3839
3302.2	0.383973
3357.13	0.383872
3410.64	0.383516
3459.99	0.380568
3508.22	0.380488
3555.28	0.380632
3600.55	0.380743
3643.32	0.380327
3683.3	0.37977
3721.17	0.380146
3757.3	0.380884
3791.93	0.381877
3825.24	0.383064
3857.59	0.384318
3890.13	0.385131
3912.04	0.373933
3937.33	0.37072
3960.89	0.370924
3983.18	0.371038
4004.18	0.370797
4023.56	0.370033
4041.6	0.368862
4058.48	0.367205
4074.53	0.365092
4090.88	0.362663
4106.39	0.358936
4121.01	0.354144
4134.78	0.348543
4147.71	0.342426
4159.82	0.336249
4171.14	0.330469
4181.62	0.325367
4191.18	0.320963
4199.68	0.317074
4206.94	0.313414
4212.77	0.309689
4216.89	0.305689
4219.02	0.30214
2756.23	0.34395
2765.57	0.366062
2786.01	0.380036
2818.95	0.391162
2861.42	0.400581
2910.03	0.409249
2962.54	0.415937
3017.41	0.420907
3073.6	0.424472
3130.41	0.426957
3187.34	0.428647
3244.08	0.429754
3300.46	0.430395
3356.61	0.430516
3413.52	0.429638
3459.05	0.416483
3507.08	0.416156
3554.91	0.416091
3601.14	0.415466
3644.27	0.413069
3683.23	0.409684
3720.36	0.40933
3756	0.409771
3790.24	0.410723
3823.13	0.412072
3854.75	0.413841
3885.15	0.416356
3912.79	0.421684
3935.6	0.411764
3958.78	0.407492
3981.11	0.408873
4002.52	0.410078
4021.47	0.408336
4039.15	0.408314
4055.36	0.408312
4069.92	0.408905
4087.66	0.411817
4103.31	0.409219
4117.87	0.402527
4131.54	0.391933
4144.34	0.378686
4156.33	0.364227
4167.59	0.350415
4178.1	0.338613
4187.78	0.329469
4196.46	0.323016
4203.98	0.318494
4210.17	0.315043
4214.54	0.311909
4216.8	0.30908
2724.45	0.3486
2732.05	0.377536
2751.54	0.398414
2790.13	0.415867
2839.26	0.429709
2893.59	0.43986
2950.43	0.446826
3008.44	0.4513
3066.85	0.453957
3125.22	0.455354
3183.25	0.455901
3240.75	0.455885
3297.65	0.455503
3353.94	0.454899
3409.71	0.454261
3454.1	0.452552
3504.57	0.451372
3554.53	0.451477
3603.21	0.450158
3647.68	0.445886
3683.24	0.443856
3719.22	0.442695
3754.23	0.442518
3788.01	0.443062
3820.39	0.444342
3851.19	0.446655
3880.96	0.450556
3908.7	0.456417
3932.96	0.464475
3957.15	0.468722
3978.78	0.47031
4002.87	0.475455
4019.72	0.46509
4037.42	0.466773
4053.85	0.471226
4069.4	0.474063
4085.15	0.470759
4100.08	0.470909
4114.48	0.470586
4127.92	0.46677
4140.37	0.457166
4151.88	0.439209
4162.76	0.411503
4173.13	0.378975
4182.87	0.352638
4191.75	0.335344
4199.58	0.326003
4206.5	0.321621
4211.35	0.31858
4213.83	0.316138
2684.07	0.348863
2685.98	0.385196
2696.63	0.421073
2749.74	0.441419
2811.13	0.455705
2873.82	0.465014
2936.29	0.470754
2998.12	0.474138
3059.14	0.476041
3119.29	0.477041
3178.53	0.477508
3236.83	0.477676
3294.15	0.477708
3350.44	0.477749
3405.55	0.477983
3459.13	0.478737
3501.11	0.476826
3553.97	0.477116
3607.96	0.476336
3648.03	0.483934
3682.71	0.47895
3718.06	0.478341
3752.77	0.478391
3786.34	0.478773
3818.45	0.479507
3847.58	0.480712
3878.1	0.483187
3905.86	0.487215
3931.38	0.491572
3955.71	0.494433
3979.09	0.497067
3998.12	0.495378
4018.53	0.499299
4035.28	0.499849
4051.67	0.502825
4067.28	0.50428
4082.13	0.503941
4096.28	0.505343
4111.17	0.510124
4124.71	0.514414
4137.13	0.517953
4148.18	0.518882
4158.38	0.512779
4167.81	0.487616
4177.01	0.431674
4185.78	0.366509
4193.49	0.338911
4202.16	0.33072
4207.69	0.32646
4210.44	0.323744
2640.75	0.34707
2630.28	0.379206
2598.08	0.435271
2700.15	0.464805
2780.8	0.47556
2853.34	0.481182
2921.8	0.48385
2987.58	0.484923
3051.23	0.485185
3113.13	0.485076
3173.54	0.484828
3232.61	0.484565
3290.36	0.484357
3346.72	0.484257
3401.5	0.484316
3454.25	0.484602
3503.94	0.485209
3550.7	0.485323
3598.26	0.486164
3640.79	0.488894
3679.4	0.490958
3716.18	0.493665
3751.44	0.496323
3785.19	0.49899
3817.59	0.501718
3849.25	0.504292
3876.3	0.503526
3903.56	0.50615
3929.3	0.508932
3953.51	0.511411
3976.29	0.513925
3997.61	0.517004
4015.49	0.51687
4032.67	0.518795
4049.18	0.522253
4064.69	0.52595
4081.57	0.530251
4093.43	0.532674
4107.79	0.537659
4121.32	0.542832
4134.21	0.548609
4144.77	0.555486
4155.12	0.563336
4164.21	0.565005
4172.78	0.548435
4180.53	0.498536
4189.98	0.384399
4198.41	0.345697
4204.1	0.3359
4207.02	0.331848
2606.99	0.344164
2595.59	0.369823
2569.36	0.455225
2670.45	0.483085
2757.39	0.486402
2835.8	0.487219
2908.84	0.48675
2977.99	0.485776
3043.82	0.484718
3107.14	0.48377
3168.53	0.482994
3228.28	0.482405
3286.47	0.482009
3343.06	0.481808
3397.9	0.481807
3450.83	0.482014
3501.76	0.482444
3544.98	0.482776
3591.91	0.483157
3635.77	0.484147
3676.22	0.485475
3714.14	0.487345
3749.92	0.48962
3783.73	0.492206
3815.81	0.494972
3846.37	0.497787
3874.81	0.500537
3902.16	0.503926
3928.05	0.507376
3951.97	0.510909
3974.26	0.514444
3995.02	0.518007
4013.9	0.521776
4031.24	0.526197
4045.8	0.530064
4064.39	0.534943
4078.16	0.537456
4091.5	0.541753
4104.16	0.547128
4117.15	0.552782
4131.53	0.56166
4143.53	0.572876
4153.51	0.585958
4161.95	0.605477
4169.73	0.62786
4177.44	0.594677
4186.65	0.434977
4195.03	0.360304
4200.71	0.344599
4203.83	0.339078
2583.82	0.339118
2575.04	0.358701
2557.42	0.469119
2653.37	0.491703
2741.12	0.490899
2822.28	0.489573
2898.45	0.488128
2970.34	0.486792
3037.5	0.485686
3101.63	0.484861
3163.65	0.48427
3223.93	0.483886
3282.55	0.483696
3339.45	0.483705
3394.5	0.483921
3447.62	0.484359
3498.89	0.485021
3548.83	0.485875
3586.77	0.484459
3632.27	0.484974
3673.66	0.48663
3712.32	0.488665
3748.46	0.491004
3782.07	0.493654
3813.62	0.496592
3843.69	0.499736
3872.49	0.503036
3900.34	0.506376
3926.9	0.509701
3950.25	0.513221
3971.96	0.517132
3992.55	0.521209
4012.12	0.525524
4028.91	0.52808
4045.57	0.531364
4061.18	0.532019
4076	0.532582
4090.73	0.535332
4103.68	0.540981
4117.97	0.548702
4131.31	0.559145
4142.8	0.57305
4152.77	0.590654
4159.7	0.617438
4168.34	0.624922
4176.26	0.537564
4184.58	0.423175
4192.17	0.366143
4197.38	0.350251
4201.11	0.344236
2568.66	0.329256
2562.6	0.344703
2551.06	0.480721
2643.01	0.499247
2729.96	0.497753
2812.3	0.496424
2890.91	0.495289
2965.98	0.494247
3032.78	0.492634
3096.73	0.492072
3158.98	0.491775
3219.67	0.491658
3278.73	0.491692
3336.01	0.491874
3391.32	0.492218
3444.5	0.49275
3495.53	0.493505
3544.32	0.494543
3590.01	0.496104
3631	0.494836
3671.92	0.496393
3711.14	0.498256
3747.62	0.500284
3780.57	0.502423
3811.03	0.505384
3840.42	0.508883
3869.23	0.51268
3897.96	0.516482
3927.11	0.519848
3948.34	0.518755
3969.01	0.521245
3989.33	0.522556
4007.52	0.523174
4027.25	0.524222
4044.48	0.526739
4060.37	0.529248
4075.77	0.532033
4089.85	0.536609
4104.08	0.544311
4117.78	0.554085
4130.96	0.566098
4141.66	0.577455
4151.25	0.594074
4160.11	0.625978
4167.74	0.657459
4174.65	0.630674
4182.82	0.476154
4190.8	0.37887
4196.39	0.356114
4199.48	0.34779
2558.76	0.306657
2554.8	0.323031
2547.18	0.498354
2636.21	0.514658
2721.93	0.513423
2804.56	0.51257
2885.41	0.51192
2968.44	0.510971
3029.51	0.505067
3092.11	0.503786
3154.37	0.503215
3215.49	0.502832
3275.1	0.502514
3332.92	0.502252
3388.6	0.502064
3441.85	0.501996
3492.71	0.502113
3541.18	0.50247
3586.97	0.503123
3628.07	0.504022
3670.12	0.505451
3710.93	0.506812
3748.56	0.508374
3779.79	0.507971
3807.75	0.508939
3835.97	0.511295
3864.29	0.511336
3893.42	0.512962
3920.42	0.5143
3943.69	0.513756
3964.59	0.513982
3986.67	0.515909
4006.71	0.518724
4026.16	0.522188
4041.33	0.524818
4059.3	0.528729
4075.26	0.534399
4090.4	0.541762
4103.09	0.54845
4116.23	0.554743
4128.75	0.563549
4140.84	0.575922
4151.17	0.594116
4159.98	0.626239
4167.31	0.658611
4173.9	0.638642
4181.81	0.486376
4189.77	0.382471
4195.38	0.35794
4198.31	0.348979
2551.83	0.270136
2549.67	0.29544
2544.67	0.50321
2631.42	0.516238
2715.63	0.513916
2797.18	0.51163
2876.23	0.509402
2952.39	0.507147
3020.56	0.504507
3085.97	0.503169
3149.71	0.502096
3211.91	0.501198
3272.54	0.50048
3331.41	0.49997
3388	0.499707
3441.21	0.499842
3491.96	0.500193
3540.61	0.500764
3587.35	0.501563
3633.21	0.502546
3668.49	0.503361
3714.12	0.505051
3746.25	0.50214
3777.15	0.503532
3806.59	0.505019
3834.18	0.50697
3864.84	0.509249
3890.62	0.509444
3915.21	0.510234
3939.79	0.511436
3961.9	0.513343
3984.23	0.515877
4004.69	0.519515
4021.79	0.522951
4040.34	0.527155
4058.38	0.532402
4073.71	0.537394
4088.62	0.543989
4102.48	0.550092
4113.86	0.554551
4127.88	0.562902
4139.8	0.577041
4150.56	0.594812
4159.52	0.625955
4166.8	0.657201
4173.3	0.633738
4181.13	0.481737
4188.99	0.381245
4194.54	0.357568
4197.4	0.348709
2547.78	0.249245
2546.27	0.278376
2542.97	0.503123
2627.87	0.513421
2710.62	0.510899
2790.9	0.508408
2868.49	0.506032
2942.88	0.503768
3012.97	0.501629
3080.1	0.499908
3145.1	0.498453
3208.38	0.497238
3270.16	0.496258
3330.57	0.495529
3389.11	0.495102
3441.38	0.49369
3491.62	0.49399
3540.23	0.49457
3586.87	0.495365
3630.85	0.496346
3672.05	0.497414
3708.59	0.496854
3743.63	0.497706
3774.88	0.500014
3804.99	0.502684
3833.54	0.504215
3860.52	0.505625
3888.03	0.508029
3913.42	0.511167
3937.55	0.514662
3961.15	0.518432
3981.86	0.520722
4000.97	0.523757
4019.9	0.526368
4038.04	0.528671
4055.95	0.531513
4072.3	0.53223
4087.88	0.535425
4102.07	0.54323
4114.97	0.553516
4127.12	0.565229
4137.99	0.578892
4149.71	0.595589
4158.94	0.625487
4166.25	0.655343
4172.77	0.626721
4180.6	0.474246
4188.39	0.378562
4193.87	0.356325
4196.68	0.347877
2545.38	0.246234
2544.24	0.277566
2541.72	0.511947
2625.2	0.520118
2706.72	0.517801
2785.9	0.515702
2862.5	0.513908
2936.23	0.512461
3006.87	0.511387
3074.85	0.510581
3140.67	0.509951
3204.73	0.509455
3267.48	0.509051
3329.85	0.508645
3394.78	0.507927
3441.82	0.504008
3491.13	0.503631
3540.03	0.503531
3587.2	0.503464
3629.46	0.502943
3668.66	0.503624
3704.94	0.505104
3742.95	0.506684
3771.93	0.503932
3801.56	0.504363
3831	0.506224
3858.73	0.508465
3885.74	0.510956
3911.07	0.513878
3934.04	0.516232
3957.98	0.518129
3979.61	0.520112
3997.45	0.521674
4018.04	0.52529
4036.82	0.527324
4052.86	0.528664
4070.51	0.532388
4086.57	0.537006
4101.04	0.543055
4114.25	0.55146
4126.4	0.563731
4137.85	0.5785
4149.33	0.594889
4158.51	0.624257
4165.78	0.653219
4172.3	0.619617
4180.16	0.466893
4187.89	0.375835
4193.3	0.354956
4196.08	0.346967
2543.87	0.251027
2542.95	0.28482
2540.84	0.519552
2623.32	0.525837
2703.89	0.523358
2782.19	0.521047
2858.05	0.518961
2931.35	0.517097
3002.06	0.515437
3070.38	0.51394
3136.59	0.512586
3200.93	0.511372
3263.66	0.510304
3324.94	0.509391
3384.37	0.508657
3437.66	0.508277
3489.41	0.508503
3540.81	0.508722
3593.52	0.50885
3631.31	0.506153
3668.08	0.506358
3706.39	0.506953
3737.01	0.508272
3771.41	0.510844
3800.62	0.51059
3829.26	0.511335
3856.35	0.512371
3884.17	0.513776
3909.72	0.51527
3934.82	0.517407
3956.37	0.518878
3974.99	0.520456
3993.27	0.520814
4013.86	0.520262
4033.82	0.521548
4051.23	0.523942
4069.76	0.527762
4086.05	0.533621
4100.48	0.541489
4113.16	0.551925
4124.44	0.563828
4138	0.576715
4149.23	0.592937
4158.24	0.622269
4165.4	0.650941
4171.89	0.613314
4179.77	0.460656
4187.45	0.37351
4192.81	0.35374
4195.56	0.346159
2542.98	0.256617
2542.18	0.291012
2540.33	0.51849
2622.24	0.523467
2702.12	0.520983
2779.69	0.51859
2854.9	0.51634
2927.76	0.514243
2998.31	0.512308
3066.66	0.510548
3132.94	0.508977
3197.29	0.507599
3259.76	0.506416
3320.31	0.505414
3378.52	0.504572
3433.45	0.503878
3486.42	0.503546
3538.58	0.50347
3591.97	0.503535
3628.64	0.499813
3663.89	0.500433
3702.24	0.50176
3741.36	0.503119
3768.3	0.500919
3797.38	0.500373
3828.25	0.502417
3858.18	0.505384
3884.37	0.506489
3909.28	0.5099
3933.56	0.512874
3952.51	0.513363
3972.56	0.513554
3993.54	0.515434
4013.29	0.518509
4031.5	0.522315
4051.93	0.526812
4069.36	0.528576
4085.48	0.533786
4099.78	0.540525
4111.59	0.550249
4125.92	0.560919
4138.55	0.574185
4149.32	0.590557
4158.06	0.619919
4165.07	0.648691
4171.52	0.60803
4179.41	0.455615
4187.04	0.371622
4192.36	0.352724
4195.08	0.34548
2542.58	0.261114
2541.87	0.294689
2540.21	0.507898
2622.03	0.512047
2701.48	0.509962
2778.31	0.507918
2852.82	0.505851
2925.16	0.503872
2995.41	0.502006
3063.61	0.500287
3129.8	0.498739
3194.02	0.497375
3256.23	0.49619
3316.42	0.495165
3374.33	0.494285
3429.57	0.493573
3482.56	0.49315
3533.36	0.492944
3581.7	0.492655
3625.96	0.491338
3654.88	0.490198
3695.51	0.489987
3732.07	0.490354
3762.57	0.489897
3795.34	0.491323
3826.3	0.494309
3856.7	0.497371
3885.8	0.500527
3908.45	0.501454
3929.56	0.503927
3952.01	0.503924
3973.29	0.507329
3994.09	0.510652
4014.07	0.513806
4033.29	0.517031
4052.43	0.520499
4070.16	0.524764
4086.08	0.530465
4100.71	0.537785
4114.06	0.547144
4127.17	0.558175
4139.07	0.57178
4149.4	0.588329
4157.88	0.617627
4164.73	0.646616
4171.13	0.603484
4179.03	0.451416
4186.63	0.370053
4191.92	0.351864
4194.62	0.344904
2542.59	0.266477
2541.97	0.298906
2540.5	0.496946
2623	0.500167
2702.21	0.498261
2777.97	0.496573
2851.6	0.494903
2923.29	0.493253
2993.16	0.491694
3061.08	0.490274
3127.11	0.489017
3191.18	0.487944
3253.11	0.487066
3313.16	0.486371
3371.11	0.485882
3426.2	0.485664
3479.1	0.485718
3528.78	0.486072
3573.67	0.485996
3616.35	0.48602
3654.3	0.486537
3690.93	0.485929
3726.92	0.487388
3760.55	0.488837
3793.14	0.49081
3822.96	0.493284
3854.57	0.496321
3884.66	0.499521
3907.58	0.499747
3927.81	0.501233
3950.82	0.504646
3972.67	0.508061
3993.66	0.511111
4013.84	0.51397
4033.35	0.516916
4052.49	0.520238
4070.93	0.52429
4086.11	0.52929
4101.03	0.536361
4114.87	0.545233
4127.7	0.556193
4139.24	0.569879
4149.29	0.586557
4157.58	0.61571
4164.31	0.644806
4170.69	0.599189
4178.61	0.447528
4186.2	0.368645
4191.47	0.351094
4194.16	0.344392
2542.9	0.275389
2542.47	0.315194
2541.32	0.494189
2626.05	0.496053
2705.11	0.493265
2778.46	0.49077
2850.99	0.489218
2921.84	0.487775
2991.4	0.486443
3058.94	0.485265
3124.81	0.484258
3188.86	0.483434
3250.22	0.482831
3310.28	0.482416
3369.01	0.482189
3423.23	0.480933
3477.06	0.480547
3522.7	0.48001
3568.97	0.480457
3611.34	0.481501
3650.46	0.483015
3687.46	0.485074
3723.69	0.487593
3758.13	0.490406
3791.16	0.493464
3823.23	0.496612
3852.04	0.497721
3881.09	0.500132
3902.37	0.50109
3925.11	0.503333
3948.99	0.506253
3971.14	0.509396
3992.28	0.512251
4012.51	0.515007
4032	0.51797
4051.43	0.521367
4070.97	0.525369
4084.53	0.529165
4100.53	0.535547
4114.75	0.544066
4127.59	0.554909
4139.01	0.568604
4148.9	0.585367
4157.08	0.614356
4163.75	0.643265
4170.15	0.594654
4178.14	0.443504
4185.73	0.367273
4190.99	0.350359
4193.68	0.343909
2543.28	0.286176
2543.05	0.343486
2542.64	0.502682
2633.51	0.502905
2712.47	0.499592
2778.49	0.495839
2850.72	0.493869
2920.29	0.492321
2990.2	0.491117
3056.96	0.490026
3122.75	0.489235
3187.61	0.488611
3246.97	0.487324
3306.98	0.486985
3361.97	0.486731
3421.23	0.48724
3480.83	0.48746
3522.72	0.481667
3566.32	0.481966
3607.74	0.482667
3646.89	0.48376
3682.87	0.485094
3720.38	0.487263
3755.25	0.489775
3788.27	0.49248
3819.49	0.495313
3848.35	0.498272
3875.81	0.501548
3900.42	0.50481
3925.58	0.508131
3947.12	0.509019
3968.86	0.511429
3990.08	0.51341
4010.18	0.515423
4028.93	0.517983
4048.47	0.521215
4067.87	0.52509
4085.34	0.530246
4099.91	0.534953
4114.09	0.543461
4126.99	0.554246
4138.38	0.567925
4148.21	0.584754
4156.34	0.613717
4163	0.64203
4169.5	0.589506
4177.59	0.439078
4185.21	0.365875
4190.49	0.349634
4193.18	0.343444
2543.47	0.285778
2543.18	0.329839
2542.19	0.504304
2628.81	0.505531
2708.47	0.503084
2783.9	0.50106
2851.86	0.498247
2917.07	0.496024
2990.75	0.493697
3054.53	0.491562
3120.12	0.490321
3179.95	0.489029
3243.71	0.488075
3303.7	0.487479
3360.71	0.487158
3417.11	0.48703
3471.33	0.487055
3519.38	0.487369
3565.18	0.488634
3605.65	0.489217
3644.15	0.491295
3682.72	0.493647
3717.82	0.493458
3752.34	0.495379
3785.28	0.497378
3816.23	0.499434
3844.2	0.501691
3867.79	0.503754
3896.14	0.505407
3921.68	0.507186
3944.91	0.50888
3965.82	0.5109
3987.93	0.512731
4008.09	0.515166
4026.95	0.517994
4043.84	0.52105
4064.83	0.524431
4083.03	0.52909
4098.19	0.53579
4112.78	0.543457
4125.95	0.554082
4137.41	0.567777
4147.21	0.584757
4155.31	0.614045
4162.06	0.641142
4168.73	0.583715
4176.98	0.434323
4184.66	0.364483
4189.96	0.348936
4192.66	0.343007
2543.5	0.293189
2543.28	0.34688
2542.47	0.513383
2629.81	0.514037
2707.5	0.511414
2783.62	0.509222
2851.85	0.507874
2923.52	0.506232
2984.98	0.504743
3050.7	0.504163
3118.06	0.503385
3180.88	0.502479
3242.57	0.501398
3301.74	0.500755
3358.36	0.500542
3413.39	0.500652
3466.22	0.501342
3516.51	0.502734
3567.61	0.503664
3603.8	0.500911
3639.54	0.50215
3678.66	0.504395
3715.01	0.5069
3750.1	0.50946
3783.66	0.51181
3815.96	0.513056
3841.3	0.511645
3867.78	0.513499
3894.36	0.514762
3919.58	0.51662
3943.36	0.518586
3966.22	0.520352
3985.97	0.520603
4005.52	0.52218
4023.05	0.524475
4044.05	0.525846
4062.73	0.527969
4081.85	0.532069
4098.96	0.538593
4110.96	0.544694
4124.68	0.554522
4136.17	0.568288
4145.89	0.585611
4153.89	0.616052
4160.94	0.640812
4167.88	0.577814
4176.32	0.429792
4184.07	0.363248
4189.41	0.34834
4192.12	0.342644
2543.3	0.304957
2543.24	0.383247
2543.69	0.514747
2639.27	0.513851
2706.97	0.51264
2774.72	0.510968
2849.33	0.509413
2920.83	0.50763
2988.87	0.506061
3058.37	0.504755
3119.18	0.503941
3181.53	0.50355
3242.52	0.503327
3300.84	0.502778
3356.09	0.502423
3410.31	0.502218
3462.08	0.502218
3511.22	0.502442
3558.21	0.5028
3599.86	0.503373
3640.13	0.504813
3675.71	0.503998
3711.86	0.504631
3745.36	0.505001
3779.26	0.505679
3810.77	0.506388
3839.3	0.507119
3865.75	0.509114
3892.99	0.511242
3918.08	0.513666
3941.74	0.516018
3963.94	0.518348
3984.41	0.52084
4004.9	0.523785
4024.31	0.527437
4044.24	0.531692
4063.88	0.536916
4080.76	0.538758
4097.03	0.544936
4111.57	0.553053
4123.67	0.561369
4134.77	0.573739
4144.25	0.589778
4151.73	0.62007
4159.77	0.640993
4167.05	0.573474
4175.67	0.42665
4183.49	0.362421
4188.85	0.347954
4191.58	0.342421
2542.61	0.292368
2542.33	0.347963
2541.44	0.507806
2626.49	0.508658
2702.35	0.505486
2775.38	0.503136
2848.67	0.501443
2920.35	0.499794
2989.98	0.498351
3058.13	0.497208
3122.62	0.496299
3185.14	0.495809
3243.67	0.495396
3301.54	0.495297
3353.33	0.495607
3408.11	0.496022
3458.97	0.496092
3506.46	0.495812
3552.53	0.495427
3595.67	0.494584
3634.99	0.493949
3672.94	0.494394
3709.03	0.495899
3743.46	0.497638
3776.83	0.499799
3808.47	0.502066
3837.91	0.50462
3866.87	0.507334
3892.02	0.508411
3916.31	0.510225
3939.88	0.511808
3961.69	0.513267
3981.15	0.514986
4003.64	0.516255
4023.3	0.518575
4042.96	0.521588
4062.29	0.525141
4079.83	0.529487
4096.15	0.535745
4110.66	0.543946
4122.75	0.555207
4134.18	0.56795
4144.06	0.584907
4152.18	0.615002
4159.33	0.6391
4166.44	0.572774
4175.07	0.425849
4182.92	0.362063
4188.31	0.347755
4191.05	0.342301
2541.84	0.278852
2541.37	0.315706
2540.03	0.501385
2621.7	0.503734
2699.4	0.501259
2774.54	0.499124
2848.32	0.497303
2920.55	0.49567
2991.15	0.494212
3060.1	0.492898
3126.53	0.491714
3187.86	0.490598
3246.71	0.490153
3304.93	0.489953
3357.81	0.487909
3408.17	0.486625
3455.27	0.485419
3504.46	0.484055
3549.67	0.484729
3592.47	0.485581
3632.13	0.48681
3670.24	0.488498
3706.05	0.490551
3740.8	0.492754
3774.32	0.495134
3806.56	0.497623
3835.22	0.498368
3863.86	0.49985
3890.31	0.5009
3916.19	0.502614
3940.35	0.505652
3962.83	0.508632
3983.92	0.51151
4004.8	0.514235
4024.06	0.517285
4040.12	0.5211
4060.59	0.525096
4078.19	0.530338
4095.09	0.536881
4110.21	0.545293
4123.8	0.555901
4133.19	0.56692
4143.59	0.582935
4151.91	0.61132
4158.86	0.636922
4165.9	0.571232
4174.54	0.424209
4182.39	0.361153
4187.79	0.347137
4190.54	0.341843
2541.21	0.272084
2540.67	0.304591
2539.29	0.504229
2619.68	0.507046
2697.78	0.504841
2773.8	0.50277
2848.16	0.500834
2921.01	0.499031
2992.5	0.497362
3063.1	0.49583
3134	0.494416
3191.54	0.490876
3248.78	0.489525
3303.78	0.488052
3359.07	0.486736
3410.6	0.486287
3461	0.48641
3504.63	0.485343
3547.39	0.485495
3590.59	0.485327
3628.96	0.486798
3667.97	0.488822
3702.28	0.489127
3737.51	0.490656
3771.23	0.491843
3801.32	0.492898
3832.89	0.494679
3862.17	0.497287
3889.69	0.500115
3915.96	0.503039
3940.69	0.505941
3963.6	0.508786
3985.12	0.511718
4005.8	0.514759
4024.49	0.516515
4042.34	0.519589
4059.9	0.523447
4075.37	0.528942
4093.93	0.534979
4109.38	0.542777
4122.71	0.55298
4133.99	0.566014
4143.15	0.580469
4151.32	0.608196
4158.23	0.633216
4165.37	0.563127
4174.09	0.417122
4181.89	0.358074
4187.3	0.345127
4190.07	0.340336
2540.81	0.270935
2540.27	0.305795
2538.93	0.511144
2618.84	0.513915
2697.05	0.511588
2773.48	0.509375
2848.24	0.507285
2921.44	0.505327
2993.29	0.503532
3064.27	0.501906
3135.68	0.500435
3193.39	0.498676
3251.39	0.498012
3307.99	0.497339
3362.41	0.496677
3412.47	0.496074
3460.61	0.496163
3506.18	0.496698
3551.95	0.497374
3591.7	0.497699
3623.33	0.494558
3661.97	0.494612
3699.44	0.495872
3734.79	0.497182
3768.36	0.498649
3800.1	0.500378
3830.92	0.501921
3860.36	0.503767
3888.49	0.505653
3915.43	0.507437
3941.04	0.509109
3964	0.509153
3985.43	0.510381
4004.86	0.511979
4024.88	0.513936
4043.41	0.516903
4061	0.520554
4077.55	0.525235
4093.95	0.530924
4108.76	0.538682
4121.77	0.548704
4132.89	0.561721
4141.86	0.578959
4150.27	0.603723
4157.43	0.621568
4164.95	0.538089
4173.71	0.398814
4181.31	0.351491
4186.82	0.340931
4189.64	0.337156
2540.62	0.271705
2540.1	0.308737
2538.81	0.512825
2618.64	0.515579
2696.95	0.513349
2773.61	0.511241
2848.6	0.509297
2921.91	0.507523
2993.57	0.505918
3063.5	0.504477
3131.15	0.503218
3193.56	0.502358
3253.95	0.501645
3312.87	0.501227
3368.59	0.501315
3414.73	0.500099
3461.22	0.500716
3505.93	0.501301
3546.39	0.501936
3587.62	0.503452
3624.52	0.505109
3661.73	0.506237
3698.13	0.50745
3733.08	0.50911
3766.55	0.511039
3798.55	0.51315
3829.3	0.51527
3858.81	0.517539
3887.38	0.519844
3915.29	0.521955
3943.76	0.523477
3964.95	0.520754
3985.57	0.521958
4005.47	0.523854
4024.92	0.525934
4043.57	0.528336
4061.28	0.531179
4077.94	0.534764
4093.62	0.539035
4107.95	0.54425
4120.77	0.550569
4132.01	0.557317
4141.94	0.561181
4149.08	0.554635
4157.02	0.514673
4165.14	0.428155
4173.36	0.364214
4180.24	0.342132
4186.34	0.335321
4189.27	0.332713
2540.61	0.272567
2540.11	0.310114
2538.86	0.509979
2618.82	0.512576
2697.33	0.510314
2774.18	0.508144
2849.32	0.50611
2922.68	0.504226
2994.17	0.502502
3063.55	0.500954
3130.41	0.499614
3194.27	0.498479
3256.49	0.497585
3319.41	0.496886
3367.56	0.493554
3417.89	0.493201
3462.92	0.492193
3506.15	0.492801
3546.87	0.493762
3586.33	0.495047
3623.9	0.496188
3660.78	0.497531
3696.7	0.498849
3731.3	0.500137
3764.64	0.501403
3796.68	0.502682
3827.36	0.504007
3856.62	0.505327
3885.36	0.506447
3913.01	0.507506
3939.65	0.508264
3963.82	0.507789
3985.06	0.509522
4005.15	0.511775
4024.61	0.514235
4043.57	0.516998
4061.57	0.52062
4078.26	0.525348
4093.76	0.531461
4107.96	0.539392
4120.69	0.549581
4131.87	0.562442
4141.54	0.577879
4149.64	0.59377
4156.43	0.589886
4164.59	0.477943
4173.61	0.366595
4180.95	0.338204
4186.29	0.331694
4189.01	0.329534
2540.77	0.273358
2540.27	0.311731
2539	0.516865
2619.29	0.519471
2698.08	0.517141
2775.16	0.51493
2850.45	0.512879
2923.91	0.510995
2995.4	0.509284
3064.61	0.507757
3131.11	0.50643
3195.06	0.505309
3256.65	0.504391
3315.06	0.503689
3368.76	0.503763
3424.69	0.503462
3464.74	0.499434
3507.23	0.499507
3546.92	0.499384
3585.25	0.499666
3622.25	0.500214
3659.05	0.500861
3694.85	0.501588
3729	0.502443
3762.26	0.503447
3794.39	0.504576
3825.05	0.505858
3853.15	0.507404
3882.6	0.509049
3909.89	0.511157
3936.18	0.513418
3963.76	0.515595
3983.88	0.513824
4003.66	0.515055
4022.96	0.516789
4042.67	0.518679
4061.32	0.521165
4077.85	0.5248
4093.31	0.528475
4107.51	0.535953
4120.25	0.545683
4131.43	0.558204
4141.03	0.574187
4149.05	0.592675
4156.01	0.571985
4164.43	0.471542
4173.63	0.363638
4180.97	0.336907
4186.05	0.330406
4188.63	0.328146
2541.1	0.273529
2540.59	0.310937
2539.3	0.516511
2620.14	0.519101
2699.35	0.516725
2776.69	0.51447
2852.13	0.512376
2925.76	0.510446
2997.53	0.508685
3066.97	0.507098
3132.92	0.505701
3196.73	0.504524
3258.51	0.503534
3313.93	0.502698
3366.2	0.502391
3416.88	0.502218
3463.1	0.502128
3511.09	0.502521
3547.52	0.501228
3584.58	0.501805
3619.24	0.502785
3657.19	0.504362
3693.8	0.505713
3726.44	0.505391
3759.91	0.506708
3792.59	0.508021
3823.82	0.509404
3854.01	0.51084
3880.25	0.510562
3906.07	0.511901
3929.7	0.513405
3957.3	0.514376
3980.39	0.515451
4001.06	0.517587
4018.93	0.52047
4041.54	0.523671
4061.31	0.526884
4079.62	0.53033
4092.2	0.533236
4106.6	0.538514
4119.43	0.54433
4130.67	0.549478
4140.37	0.548408
4148.91	0.523233
4157.35	0.450599
4164.88	0.379566
4173.56	0.344484
4180.6	0.333175
4185.51	0.329409
4188	0.327725
2541.59	0.273779
2541.08	0.309989
2539.77	0.516256
2621.47	0.518871
2701.28	0.516538
2778.83	0.514379
2854.3	0.512398
2928.1	0.510575
3000.57	0.508908
3071.37	0.507464
3135.39	0.506679
3198.92	0.505755
3265.21	0.504709
3314.46	0.500945
3363.74	0.500095
3411.99	0.499589
3458.16	0.499103
3502.96	0.498755
3543.92	0.498259
3583.17	0.498524
3621.65	0.499134
3655.07	0.498462
3687.56	0.498246
3724.52	0.497081
3757.49	0.497703
3791.41	0.498952
3822.71	0.500919
3852.06	0.503069
3879.6	0.50506
3905.82	0.507451
3930.84	0.509783
3955.89	0.51186
3979.21	0.513756
4000.76	0.51588
4021	0.51839
4041.53	0.52123
4061.01	0.524745
4076.84	0.528292
4092.09	0.534114
4106.52	0.541623
4119.61	0.551864
4131.05	0.565049
4140.86	0.581476
4149.06	0.604695
4156.56	0.581692
4165.28	0.444924
4173.53	0.362001
4180.96	0.337099
4186.1	0.330827
4188.7	0.328597
2542.28	0.275164
2541.78	0.311316
2540.47	0.512727
2623.54	0.515172
2704.24	0.512748
2781.79	0.510438
2856.85	0.508316
2930.39	0.506379
3003.87	0.504628
3081.13	0.502993
3136.94	0.498528
3196.84	0.497402
3256.52	0.495994
3311.46	0.49367
3361.14	0.49185
3408.69	0.491117
3453.88	0.490524
3499.16	0.490052
3541.45	0.490508
3581.44	0.491605
3620.29	0.493094
3653.55	0.494105
3685.52	0.496185
3723.97	0.497653
3759.4	0.499771
3791	0.500423
3821.7	0.50201
3850.12	0.503628
3878.47	0.505558
3904.98	0.508195
3930.21	0.510693
3954.47	0.513026
3978.05	0.515319
4000.02	0.517866
4021.01	0.520875
4040.74	0.524038
4060.36	0.527957
4074.59	0.530278
4093.17	0.535149
4105.88	0.540039
4119.55	0.549412
4131.25	0.561909
4141.22	0.57802
4149.52	0.600658
4156.61	0.604503
4164.35	0.498546
4172.47	0.368097
4180.94	0.340333
4186.43	0.333247
4189.16	0.33074
2543.13	0.278761
2542.69	0.319516
2541.48	0.513754
2626.75	0.515855
2709.07	0.513534
2785.96	0.51143
2859.57	0.509735
2931.31	0.508192
3001.81	0.506725
3070.74	0.505447
3132.73	0.504725
3193.38	0.504417
3253.55	0.504235
3315.12	0.504129
3360.27	0.499795
3406.91	0.49964
3453.52	0.499968
3496.63	0.498981
3539.51	0.499404
3579.11	0.499631
3616.33	0.500387
3653.06	0.500498
3689.05	0.5012
3724.58	0.502123
3758.89	0.503356
3791.26	0.504849
3821.99	0.506473
3850.57	0.508312
3877.4	0.509094
3903.65	0.511119
3928.82	0.512833
3952	0.514682
3976.76	0.516799
3998.51	0.518298
4019.07	0.520218
4039.79	0.522851
4059.01	0.52721
4077.26	0.532732
4091.81	0.536536
4106.05	0.543037
4119.51	0.551609
4131.24	0.564779
4141.29	0.581411
4149.74	0.607714
4156.81	0.624383
4164.28	0.53327
4173.21	0.389444
4181.25	0.347448
4186.75	0.337593
4189.52	0.33417
2544.1	0.283186
2543.74	0.33275
2542.82	0.514563
2631.63	0.515722
2718.02	0.512938
2792.14	0.50907
2862.87	0.50681
2932.11	0.505119
2999.9	0.503788
3065.86	0.502614
3128.48	0.501518
3188.93	0.500671
3247.65	0.499974
3304.2	0.499319
3354.81	0.498393
3403.4	0.498782
3450.8	0.499456
3494.84	0.499914
3535.85	0.500995
3579.02	0.502134
3618.92	0.503475
3657.15	0.504929
3691.48	0.50563
3725.31	0.507074
3759.6	0.508338
3792.34	0.50964
3823.35	0.510984
3852.2	0.512361
3876.97	0.513676
3902.31	0.515606
3927.27	0.515716
3953.4	0.516916
3975.16	0.517478
3997.21	0.51958
4015.92	0.522537
4038.47	0.525818
4056.74	0.530907
4076.76	0.536772
4094.07	0.544363
4107.56	0.550788
4119.24	0.555633
4131	0.568897
4140.93	0.586483
4149.78	0.615237
4157.06	0.638019
4164.41	0.562759
4173.4	0.412534
4181.5	0.355121
4187.05	0.34235
4189.87	0.337696
2545.03	0.282922
2544.71	0.339829
2544.1	0.520997
2637.46	0.52144
2737.82	0.518804
2800.41	0.513812
2866.36	0.51155
2932.99	0.509733
2998.4	0.508067
3062.85	0.506684
3124.9	0.505552
3184.7	0.504658
3242.32	0.504011
3297.64	0.503665
3349.78	0.503713
3399.47	0.503847
3445.82	0.504215
3493.34	0.504822
3538.32	0.50537
3580.53	0.505593
3621.47	0.506527
3662.22	0.507642
3693.76	0.505604
3723.65	0.507512
3760.96	0.508894
3794.45	0.51094
3826.54	0.513252
3854.08	0.514338
3879.44	0.514533
3903.86	0.516342
3929.96	0.51813
3951.2	0.519911
3976.52	0.521228
3999.09	0.523138
4019.7	0.525667
4039.58	0.528913
4057.73	0.533603
4077.04	0.538929
4093.84	0.546383
4108.83	0.556581
4119.78	0.566586
4130.66	0.574733
4139.6	0.593049
4149.72	0.621534
4157.39	0.645471
4164.72	0.580766
4173.63	0.428806
4181.8	0.361498
4187.41	0.346497
4190.27	0.34081
2545.81	0.269023
2545.25	0.305791
2543.95	0.519536
2634.59	0.521851
2723.18	0.519339
2801.35	0.517002
2867.21	0.514406
2934.03	0.512746
2996.73	0.51095
3061.87	0.509441
3123.2	0.508463
3182.2	0.507861
3238.97	0.507486
3294.39	0.507353
3345.53	0.507547
3396.9	0.508061
3445.67	0.508683
3494	0.509264
3543.4	0.509858
3582.32	0.507759
3623.11	0.508596
3664.15	0.509582
3698.26	0.509376
3731.79	0.509897
3764.37	0.508997
3796.2	0.509472
3825.11	0.510555
3853.23	0.511734
3882.27	0.513589
3908.46	0.515922
3933.61	0.518187
3956.96	0.520529
3980.27	0.522796
4002.33	0.525522
4023.03	0.528859
4042.08	0.532993
4060.24	0.53889
4077.88	0.54623
4093.48	0.550904
4108.57	0.559305
4121.67	0.570276
4131.1	0.578144
4141.35	0.59394
4150.44	0.623975
4157.99	0.649528
4165.23	0.59142
4174.05	0.43889
4182.26	0.365921
4187.91	0.34948
4190.79	0.343118
2546.72	0.255358
2545.82	0.287365
2543.77	0.518831
2632.27	0.524234
2717.51	0.521836
2796.43	0.519696
2868.07	0.517816
2936.78	0.516041
3003.48	0.514433
3063.31	0.512542
3122.44	0.511386
3179.17	0.510203
3237.65	0.509242
3292.65	0.508953
3344.33	0.509021
3395.36	0.509276
3444.36	0.50969
3491.92	0.510257
3538.91	0.510936
3579.46	0.510934
3622.63	0.512209
3668.41	0.513106
3701.8	0.512881
3735.35	0.514367
3769.5	0.514048
3799.58	0.513107
3830.03	0.514228
3858.32	0.516109
3886.11	0.518148
3912.31	0.520173
3937.27	0.522197
3961.02	0.524237
3983.48	0.52627
4005.13	0.529272
4026.18	0.533083
4043.63	0.534266
4061.39	0.538067
4075.05	0.542115
4093.79	0.546605
4109.32	0.555197
4122.47	0.566983
4133.18	0.582985
4142.19	0.598471
4151.01	0.626874
4158.66	0.652614
4165.92	0.598043
4174.69	0.445001
4182.91	0.3686
4188.59	0.351269
4191.48	0.344513
2548.15	0.247303
2546.89	0.277996
2544.05	0.517667
2631.81	0.526646
2716.77	0.524204
2797.51	0.521914
2870.59	0.519984
2940.26	0.518361
3001.54	0.51701
3062.2	0.516006
3124.42	0.515212
3185.46	0.514314
3238.33	0.513331
3292.7	0.513024
3342.25	0.513002
3394.26	0.51361
3442.89	0.513862
3488.76	0.514288
3531.56	0.515098
3572.31	0.516514
3617.78	0.517843
3662.21	0.518868
3701.63	0.520442
3739.43	0.521398
3778.47	0.522761
3807.69	0.517443
3835.36	0.518372
3862.15	0.520388
3889.82	0.522521
3915.66	0.524916
3940.41	0.527607
3964.6	0.530399
3985.74	0.530525
4006.76	0.532595
4025.78	0.535306
4044.27	0.538556
4060.77	0.542999
4078.38	0.547638
4095.29	0.554417
4110.43	0.563241
4123.73	0.574463
4135.54	0.588201
4144.14	0.605731
4151.04	0.631085
4159.43	0.655388
4166.82	0.602688
4175.58	0.448656
4183.79	0.369855
4189.47	0.352007
4192.36	0.345065
2550.61	0.252263
2548.82	0.279734
2544.85	0.511929
2632.81	0.524448
2718.85	0.522031
2804.92	0.519595
2875.26	0.517042
2937.56	0.514824
3002.76	0.513365
3065.17	0.512165
3126.24	0.511183
3185.07	0.510331
3240.66	0.509514
3295.33	0.508965
3348.45	0.508674
3395.07	0.508097
3442.69	0.508382
3487.19	0.508639
3524.75	0.508215
3558.89	0.50865
3612.37	0.508567
3659.42	0.507594
3701.52	0.50737
3740.67	0.508154
3777.84	0.509172
3810.85	0.510215
3839.73	0.511899
3867.71	0.514347
3894.58	0.516258
3919.06	0.516082
3942.9	0.517419
3964.78	0.518707
3987.95	0.520969
4009.57	0.524058
4028.29	0.525199
4045.88	0.526463
4061.33	0.531337
4080.94	0.536724
4097.8	0.543627
4112.65	0.552543
4125.67	0.563947
4137.09	0.578412
4146.07	0.60122
4154.26	0.629117
4160.96	0.646567
4168.11	0.60401
4176.76	0.449441
4184.92	0.369597
4190.56	0.351724
4193.44	0.344828
2555.35	0.286778
2552.42	0.304686
2546.13	0.501004
2634.41	0.515911
2719.46	0.513756
2800.47	0.511667
2873.58	0.509172
2940.55	0.507434
3005.53	0.506241
3068.24	0.505233
3128.97	0.504407
3186.58	0.503907
3242.56	0.503316
3298.09	0.502732
3347.6	0.501337
3397.57	0.500815
3442.98	0.499051
3485.04	0.498606
3528.43	0.49842
3570.22	0.500256
3611.59	0.502785
3659.82	0.504765
3702.6	0.506362
3742.11	0.50799
3779.57	0.509642
3816.38	0.511108
3843.3	0.50928
3870.29	0.510517
3895.54	0.512374
3922.65	0.514758
3945.08	0.515235
3969.17	0.517672
3989.95	0.517511
4009.99	0.51858
4029.09	0.521126
4049.08	0.524691
4066.82	0.529428
4084.32	0.535169
4100.38	0.542504
4114.77	0.551917
4127.23	0.564279
4139.04	0.578832
4149.31	0.599981
4156.56	0.626721
4163.44	0.640662
4169.94	0.568677
4178.29	0.4417
4186.28	0.367612
4191.84	0.350586
4194.7	0.344015
2562.46	0.329994
2557.8	0.341234
2548.57	0.488551
2637.96	0.50491
2722.77	0.503101
2802.65	0.501328
2876.85	0.499672
2944.33	0.498397
3009.33	0.497425
3072.01	0.496645
3133.53	0.495908
3188.4	0.493297
3243.52	0.492206
3296.2	0.491208
3348.12	0.489257
3394.86	0.488441
3445.04	0.488207
3491.11	0.488816
3535.82	0.489734
3578.87	0.490904
3619.11	0.492406
3663.95	0.493654
3705.25	0.495475
3743.89	0.497436
3780.24	0.499613
3814.11	0.502035
3844	0.503368
3872.09	0.505677
3898.67	0.508128
3924.11	0.510805
3948.72	0.511789
3969.71	0.512856
3991.89	0.514712
4013.64	0.517184
4033.39	0.520419
4052.7	0.524017
4070.68	0.528272
4087.27	0.533433
4102.72	0.540374
4116.89	0.549201
4127.54	0.559214
4140.58	0.571571
4150.9	0.587538
4158.48	0.618432
4165.52	0.634243
4172.46	0.554391
4180.02	0.420872
4187.74	0.365344
4193.25	0.349609
4196.12	0.343405
2573.01	0.356449
2566.45	0.367685
2553.28	0.478059
2644.78	0.495334
2729.68	0.495121
2809.2	0.494925
2885.59	0.494485
2949.36	0.490414
3014.2	0.489554
3075.64	0.488827
3133.97	0.487698
3189.85	0.484621
3245.39	0.483969
3298.21	0.483415
3350.83	0.483853
3400.49	0.484489
3449.55	0.485348
3496.9	0.486367
3543.18	0.48758
3588.59	0.489013
3631.38	0.491059
3669.76	0.488737
3708.72	0.490124
3746.1	0.491228
3781.56	0.492359
3814.93	0.493887
3845.84	0.496746
3874.42	0.499904
3900.85	0.502766
3925.03	0.505571
3951.18	0.508693
3974.61	0.512272
3997.47	0.515917
4017.47	0.518209
4036.34	0.5212
4055.84	0.525042
4074.08	0.530013
4089.5	0.53316
4104.44	0.539018
4117.41	0.546933
4130.82	0.557843
4142.91	0.571904
4153.16	0.589755
4161.57	0.623552
4167.66	0.647308
4174.08	0.602539
4182.07	0.44504
4189.04	0.367631
4194.66	0.350495
4197.7	0.343986
2589.15	0.36942
2580.7	0.383265
2564.17	0.468802
2656.89	0.479354
2740.66	0.479792
2817.56	0.480214
2885.48	0.480362
2955.9	0.480956
3022.81	0.481274
3079.11	0.477264
3134.68	0.476695
3193.78	0.476796
3249.55	0.477262
3302.97	0.47792
3354.93	0.478774
3405.12	0.479799
3454.13	0.481018
3502.06	0.482399
3549.67	0.48388
3599.15	0.485172
3633.49	0.480439
3674.2	0.482293
3712.83	0.484504
3749.51	0.486915
3784.48	0.489447
3816.88	0.492304
3848.12	0.495342
3875.54	0.495936
3903.42	0.498081
3929.27	0.501613
3954.52	0.505083
3978.31	0.5085
4000.31	0.511996
4020.96	0.515977
4040.94	0.520294
4058.42	0.521921
4074.63	0.524462
4091.47	0.528781
4106.6	0.535472
4120.49	0.544052
4133.5	0.554861
4145.16	0.568592
4155.18	0.585699
4163.27	0.61741
4169.26	0.657259
4175.63	0.640839
4183.47	0.48523
4191.19	0.376811
4196.05	0.35253
4199.6	0.344688
2612.86	0.376421
2602.2	0.393861
2578.55	0.457409
2676.22	0.464446
2760.37	0.466964
2833.89	0.469383
2903.91	0.471462
2964.62	0.468465
3022.1	0.468137
3084.55	0.468409
3142.6	0.46873
3199.56	0.46914
3254.55	0.469577
3307.67	0.470103
3359.23	0.470745
3409.3	0.47151
3458.12	0.472404
3505.81	0.473419
3552.51	0.474536
3597.89	0.475733
3638.56	0.476916
3678.85	0.478965
3717.02	0.481531
3752.75	0.484419
3788.07	0.487063
3818.14	0.486544
3847.06	0.488249
3877.64	0.491163
3906.12	0.494581
3932.26	0.498569
3957.47	0.502756
3981.97	0.506949
4002.71	0.507416
4023.31	0.510144
4042.33	0.512962
4061	0.517229
4077.73	0.522249
4093.28	0.527354
4108.08	0.53444
4122.52	0.542618
4135.59	0.553566
4147.12	0.567947
4157.03	0.586124
4165.15	0.621031
4171.85	0.657779
4177.33	0.641577
4185.54	0.47697
4193.79	0.373235
4199.35	0.350335
4202.38	0.342332
2646.34	0.380378
2635.92	0.40173
2602.67	0.435317
2707.54	0.450652
2789.33	0.455392
2852.44	0.455536
2910.71	0.457322
2974.52	0.459305
3033.99	0.46055
3093.02	0.461526
3150.18	0.462263
3205.85	0.462902
3259.9	0.463484
3312.37	0.464063
3363.4	0.464677
3413.09	0.465349
3461.55	0.4661
3508.82	0.466943
3554.87	0.467887
3599.54	0.468941
3642.23	0.470197
3683.79	0.471798
3721.82	0.474342
3754.54	0.473728
3785.96	0.475439
3819.33	0.477988
3849.92	0.481465
3879.94	0.484992
3909.28	0.488648
3934.3	0.489334
3959.29	0.492519
3981.49	0.495625
4004.94	0.499693
4026.02	0.504236
4045.44	0.508758
4063.69	0.513199
4080.53	0.517816
4096.09	0.523054
4108.07	0.529484
4124	0.537683
4137.3	0.547998
4148.78	0.561271
4158.63	0.578153
4166.74	0.604467
4173.03	0.631201
4178.65	0.553893
4188.62	0.416489
4197.08	0.357841
4202.7	0.342836
4205.56	0.336602
2689.25	0.382755
2691.4	0.406899
2702.96	0.427699
2760.18	0.438483
2816.26	0.438376
2872.83	0.443078
2929.33	0.446711
2987.5	0.449473
3045.04	0.451539
3102.02	0.453197
3157.85	0.45459
3212.31	0.455808
3265.34	0.456853
3316.98	0.457785
3367.32	0.45867
3416.47	0.459539
3464.47	0.460448
3511.31	0.461441
3556.86	0.462555
3601.34	0.46371
3645.16	0.46492
3690.4	0.466045
3721.18	0.461786
3756.43	0.463116
3790.02	0.465644
3821.35	0.4689
3851.4	0.472763
3880.98	0.473644
3908.53	0.475758
3936.48	0.479232
3961.81	0.48396
3985.15	0.488843
4007.61	0.493704
4028.53	0.498475
4047.9	0.503195
4065.99	0.507497
4082.8	0.511497
4098.33	0.515344
4112.42	0.519505
4126.26	0.525774
4138.96	0.533146
4150.26	0.540974
4160.15	0.546015
4168.95	0.534415
4175.97	0.485039
4183.66	0.403465
4193.37	0.359678
4201.06	0.341288
4206.28	0.333321
4208.94	0.329074
2728.96	0.383644
2736.67	0.40227
2756.25	0.413212
2795.14	0.420133
2841.66	0.425728
2892.2	0.430283
2945.12	0.433949
2999.9	0.436923
3055.37	0.439394
3110.83	0.441596
3165.51	0.443729
3218.77	0.445854
3270.67	0.447649
3321.37	0.44917
3370.84	0.450548
3419.34	0.451722
3466.87	0.452812
3513.35	0.453917
3558.11	0.455318
3601.98	0.456333
3644.78	0.457299
3686.27	0.458307
3724.05	0.458797
3758.01	0.460165
3794.34	0.461896
3822.64	0.454873
3848.52	0.454099
3882.4	0.458039
3912.04	0.462672
3939.26	0.46849
3964.36	0.473611
3987.78	0.478121
4009.94	0.482191
4030.76	0.485915
4049.85	0.490454
4067.83	0.493537
4084.65	0.495778
4100.37	0.496474
4115.41	0.493548
4128.1	0.485843
4140.55	0.47769
4151.97	0.464417
4162.26	0.442337
4171.31	0.40695
4181.17	0.373668
4189.99	0.349571
4198.32	0.336467
4205.09	0.329136
4209.81	0.324653
4212.23	0.321563
2759.95	0.381999
2769.22	0.397543
2789.35	0.404672
2821.56	0.40957
2862.08	0.413481
2908.14	0.416677
2957.96	0.419275
3010.4	0.421414
3064.44	0.423265
3119.11	0.425086
3173.22	0.427271
3225.14	0.430272
3275.74	0.43261
3325.44	0.434258
3373.78	0.435778
3421.54	0.436825
3468.66	0.437607
3515.4	0.437988
3558.51	0.436838
3601.89	0.436801
3643.89	0.436311
3684.03	0.434887
3720.23	0.432192
3757.86	0.429849
3792.99	0.429528
3824.6	0.427675
3854.76	0.428309
3886.17	0.430261
3916.1	0.43256
3942.34	0.438997
3966.8	0.443137
3989.93	0.44533
4011.94	0.445927
4033.13	0.44443
4051.39	0.439039
4069.39	0.435969
4086.3	0.432379
4102	0.426604
4115.89	0.417129
4130.51	0.408809
4143.6	0.39586
4155.56	0.380328
4166.5	0.364404
4176.53	0.349998
4186.09	0.338879
4194.75	0.330608
4202.39	0.325032
4208.55	0.320986
4212.86	0.317701
4215.08	0.314902
2780.68	0.380002
2790.13	0.393772
2809.58	0.398442
2838.84	0.400895
2876.06	0.402713
2919.34	0.403946
2967.1	0.404733
3018.17	0.405188
3071.63	0.40543
3126.65	0.405642
3181.75	0.406259
3231.44	0.409058
3280.26	0.412101
3329.38	0.41378
3375.75	0.40967
3422.83	0.40794
3469.22	0.405743
3514.02	0.403262
3559.06	0.400739
3602.4	0.400262
3644.11	0.399657
3683.99	0.398961
3721.71	0.398142
3758.44	0.397781
3793.38	0.397254
3826.28	0.396651
3858	0.396335
3889.7	0.396151
3922.13	0.395193
3945.53	0.39174
3968.98	0.39001
3991.69	0.388104
4013.31	0.384995
4032.63	0.379702
4052.99	0.375493
4071.47	0.372916
4088.6	0.369609
4104.51	0.365546
4119.26	0.360766
4133.42	0.355671
4146.57	0.349801
4158.7	0.343424
4169.86	0.337078
4180.11	0.331297
4189.54	0.326403
4197.98	0.322274
4205.24	0.318694
4211.04	0.315357
4215.1	0.312057
4217.2	0.308906
2791.01	0.378386
2800.37	0.391052
2819.32	0.394575
2847.33	0.395726
2883.1	0.396056
2925.08	0.395966
2971.88	0.395613
3022.41	0.395081
3076.03	0.394422
3132.79	0.393661
3194.27	0.39279
3237.17	0.381291
3283.12	0.377138
3327.38	0.371527
3376.17	0.368692
3423.6	0.367995
3469.98	0.367357
3515.22	0.366742
3559.73	0.366148
3602.89	0.365569
3644.49	0.365001
3684.35	0.36444
3722.43	0.363884
3759.04	0.363325
3794.01	0.362738
3827.35	0.362114
3859.45	0.361433
3890.66	0.360664
3920.47	0.359773
3946.21	0.356178
3970.19	0.355084
3992.93	0.353916
4014.44	0.352568
4034.61	0.351029
4054.28	0.349384
4072.74	0.347534
4089.96	0.3454
4105.99	0.342973
4120.96	0.340271
4135.07	0.337354
4148.22	0.33425
4160.41	0.331028
4171.63	0.327765
4181.93	0.324522
4191.29	0.32132
4199.61	0.318109
4206.7	0.314801
4212.34	0.311296
4216.29	0.307579
4218.34	0.304256
3926.63	0.396824
3945.58	0.396832
3968.9	0.398009
3991.58	0.401041
4013.3	0.406587
4028.31	0.412443
4034.78	0.438121
4051.2	0.438384
4069.29	0.437613
4086.19	0.43769
4101.93	0.439385
4113.7	0.442789
4117.64	0.467882
4127.97	0.466871
4140.51	0.457615
4151.92	0.444976
4162.17	0.430775
4170.04	0.422527
4171.49	0.452552
4175.87	0.447651
4178.75	0.40934
2651.97	0.511253
2707.42	0.510257
2762.25	0.508674
2788.61	0.505883
2851.61	0.504625
2923.99	0.502311
2971.63	0.500117
2995.13	0.496125
3054.29	0.495089
3120.65	0.493764
3165.94	0.492516
3190.4	0.492753
3246.69	0.491867
3307.48	0.49088
3347.57	0.48982
3370.9	0.489849
3422.92	0.489242
3477.12	0.489229
3509.33	0.48882
3529.79	0.490806
3573.31	0.490311
3616.07	0.490128
3638.63	0.489958
3650.35	0.490673
3613.13	0.514697
3631.87	0.514318
3668.21	0.514472
3705.61	0.51431
3737.05	0.515443
3770.83	0.515382
3800.56	0.515537
3829.64	0.515247
3849.87	0.514973
3859.99	0.515829
3883.91	0.516165
3909.08	0.517645
3932.94	0.518394
3952.5	0.519848
3972.37	0.520493
3993.36	0.521547
4012.99	0.522585
4030.14	0.523593
4032.66	0.526571
3947.04	0.53079
3965.16	0.531492
3985.49	0.532557
4005.38	0.533938
4024.8	0.535415
4043.44	0.537127
4061.15	0.538983
4077.82	0.540879
4093.48	0.542485
4107.82	0.543461
4120.65	0.542782
4131.95	0.53843
4141.85	0.527145
4149.26	0.495595
4157.21	0.44687
4165.24	0.390543
4173.18	0.357938
4176.29	0.344495
4004.49	0.489387
4018.87	0.49318
4024.7	0.510554
4035.11	0.511504
4051.57	0.514956
4067.19	0.519677
4081.31	0.525429
4086.2	0.542065
4093.46	0.543201
4107.71	0.545873
4121.29	0.549082
4134.24	0.551138
4138.09	0.566694
4143.52	0.567723
4153.48	0.565991
4162.08	0.553985
4169.95	0.520988
4173.26	0.452342
4176.65	0.442409
4184.63	0.391988
4192.01	0.362032
4196.6	0.351132
3636.4	0.495522
3653.34	0.495334
3665.66	0.497086
3690.49	0.496784
3726.71	0.498231
3760.45	0.499824
3793.22	0.501106
3813.63	0.501661
3824.7	0.505366
3851.87	0.505757
3880.68	0.50681
3902.6	0.50955
3923.03	0.510719
3930.51	0.515614
3946.82	0.515765
3968.79	0.517283
3989.97	0.518482
4010.04	0.519575
4020.75	0.520225
4027.44	0.520876
4036.64	0.521236
2784.34	0.520069
2801.32	0.519272
2823.86	0.519134
2866.87	0.518288
2934.15	0.517267
2993.43	0.515998
3017.69	0.516804
3062.41	0.515956
3122.65	0.515269
3175.19	0.514156
3196.06	0.514921
3237.69	0.514138
3292.81	0.512911
3338.01	0.511535
3356.19	0.50946
3394.5	0.50871
3442.84	0.507577
3481.55	0.506291
3492.75	0.501581
3527.93	0.500937
3570.42	0.50045
3603.73	0.499442
3611.07	0.493013
3404.31	0.512539
3441.92	0.512118
3491.11	0.511686
3539.88	0.511169
3586.82	0.510916
3629.19	0.511318
3668.43	0.511963
3704.98	0.512727
3742.27	0.51287
3771.91	0.514446
3801.51	0.515431
3830.82	0.516442
3858.61	0.5177
3885.55	0.518526
3911.09	0.519203
3930.39	0.519222
3937.83	0.520983
3955.66	0.520946
3974.71	0.521233
3987.51	0.521045
3651.83	0.491798
3682.75	0.492302
3717.99	0.493573
3752.64	0.495259
3786.17	0.497333
3818.43	0.499549
3843.89	0.501006
3853.7	0.514427
3875.81	0.514805
3903.34	0.516832
3929.13	0.518482
3953.36	0.52027
3976.14	0.522252
3997.32	0.52444
4015.38	0.527329
4032.58	0.530328
4049.2	0.533106
4062.13	0.534835
4066.59	0.543072
4077.89	0.543963
4091.44	0.546075
4100.16	0.547213
3486.65	0.49612
3522.67	0.496244
3566.1	0.497011
3607.49	0.498133
3646.95	0.499191
3670.29	0.499595
3684.29	0.505041
3717.58	0.505359
3752.15	0.506213
3785.07	0.507193
3815.96	0.508501
3843.86	0.510382
3867.95	0.513009
3895.9	0.514234
3921.43	0.515949
3944.86	0.51757
3962.96	0.518405
3969.65	0.523864
3985.63	0.523991
4005.37	0.524476
4018.76	0.524674
3613.99	0.464296
3640.32	0.462848
3651.79	0.445622
3682.96	0.444609
3719.11	0.443725
3754.14	0.442846
3787.91	0.4419
3820.28	0.440676
3851.11	0.438901
3880.82	0.436416
3908.85	0.432601
3926.94	0.429115
3936.72	0.411381
3958.47	0.410195
3980.99	0.410251
4002.32	0.409997
4021.36	0.409382
4039.02	0.409239
4055.11	0.409128
4068.27	0.409093
2982.87	0.51673
3030.1	0.516087
3092.17	0.515229
3154.29	0.514207
3215.37	0.513295
3274.96	0.512526
3332.74	0.511898
3388.41	0.511431
3441.65	0.511145
3492.52	0.510996
3540.95	0.51098
3586.62	0.511134
3628.08	0.511697
3670.01	0.511583
3710.63	0.511382
3747.98	0.511242
3779.41	0.51115
3806.86	0.511101
3818.17	0.511663
3899.76	0.401448
3909.43	0.40258
3915.85	0.446375
3934.94	0.449585
3943.98	0.481754
3957.18	0.482884
3973.81	0.487456
3980.22	0.504292
3996.55	0.506025
4001.5	0.523117
4015.28	0.523976
4024.48	0.528364
4031.46	0.530653
4043.59	0.532317
4047.32	0.535342
4060.5	0.535853
4065.57	0.540414
4075.71	0.540818
4085.73	0.545142
4090.82	0.550649
4101.59	0.553489
4104.25	0.564087
4113.74	0.566134
4119.94	0.573153
4127.02	0.573493
4135.34	0.578617
4137.27	0.578439
3770.67	0.514969
3780.71	0.514682
3807.83	0.515295
3836.09	0.515876
3862.76	0.515975
3872.82	0.517854
3890.18	0.517709
3915.15	0.519699
3939.62	0.521456
3960.94	0.523912
3969.18	0.529185
3981.54	0.52928
4000.91	0.53168
4019.81	0.533756
4037.39	0.53576
4044.05	0.539504
4052.13	0.539619
4070.3	0.544726
4086.39	0.549939
4100.78	0.555719
4107.2	0.560649
4113.13	0.561385
4122.9	0.563821
2594.74	0.49483
2609.5	0.495511
2656.9	0.49464
2740.23	0.493656
2817.48	0.493384
2875.51	0.492501
2895.87	0.501234
2948.77	0.500536
3013.97	0.500534
3075.93	0.500276
3114.15	0.499716
3135.84	0.504239
3188.21	0.50378
3243.5	0.503702
3294.18	0.503452
3314.91	0.506964
3347.04	0.506336
3397.25	0.506064
3443.12	0.505805
3478.63	0.505421
3491.58	0.510053
3524.25	0.509635
3553.43	0.5091
3609.79	0.493422
3625.26	0.49343
3635.89	0.503418
3669.56	0.503698
3708.57	0.50513
3745.9	0.507045
3781.23	0.509231
3797.87	0.511527
3813.86	0.511629
3843.81	0.512703
3871.96	0.514233
3898.69	0.515781
3921.23	0.516464
3928.25	0.521499
3944.92	0.521617
3968.91	0.522545
3989.87	0.523873
4010.08	0.525276
4024.09	0.526128
4029.87	0.529914
4045.67	0.530347
4056.53	0.531474
3887.39	0.50969
3892.4	0.511207
3908.39	0.511348
3927.91	0.514005
3935.86	0.520314
3952.53	0.52073
3970.06	0.522481
3976.57	0.529022
3993.5	0.529924
4009.79	0.531991
4018.53	0.537263
4036.95	0.538959
4050.34	0.54163
4056.38	0.545577
4072.14	0.549081
4079.98	0.556015
4088.46	0.556213
4102.03	0.561926
4107.21	0.570061
4116.11	0.570871
4127.97	0.578305
4132.59	0.58946
4141.49	0.591114
4150.19	0.599551
4153.48	0.610567
4158.7	0.617
3093.1	0.506771
3136.95	0.50615
3196.82	0.505408
3256.16	0.504525
3311.01	0.504329
3360.9	0.504821
3408.5	0.50514
3452.36	0.505348
3470.94	0.50881
3496.17	0.508326
3539.12	0.508666
3578.87	0.509035
3616.26	0.509617
3652.99	0.509986
3689	0.51058
3724.47	0.511191
3758.7	0.511943
3791.08	0.512764
3821.83	0.513363
3849.02	0.513659
3859.63	0.515626
3875.71	0.515394
3886.93	0.515936
3351.3	0.502454
3365.47	0.501905
3379.36	0.504787
3414.31	0.50425
3461.12	0.503858
3506.3	0.503064
3535.61	0.502231
3553.24	0.501471
3591.64	0.500986
3624.04	0.499016
3660.44	0.498753
3676.24	0.499411
3701.65	0.499027
3737.37	0.500978
3771.43	0.50234
3795.96	0.502984
3808.25	0.50728
3834.9	0.507552
3863.7	0.509576
3889.8	0.511518
3901.44	0.514248
3915.94	0.514036
3939.72	0.514652
3961.47	0.515041
3975.07	0.515224
3551.73	0.516309
3554.96	0.51629
3582.52	0.515974
3623.11	0.515752
3663.61	0.515399
3698.18	0.516081
3731.71	0.516436
3764.28	0.516806
3795.96	0.517353
3825.42	0.51818
3847.15	0.51835
3856.42	0.522493
3879.06	0.52276
3903.93	0.524197
3929.61	0.524887
3951.44	0.526929
3976.31	0.527909
3998.9	0.529488
4019.58	0.530931
4039.25	0.53173
4049.16	0.532215
4051.64	0.53116
3696.25	0.473957
3719.12	0.474208
3730.57	0.484583
3754.44	0.484589
3781.87	0.486523
3791.52	0.496327
3818.04	0.496708
3838.77	0.498713
3849.13	0.504736
3875.08	0.505795
3887.09	0.510038
3900.83	0.509873
3923.4	0.511235
3930.45	0.516629
3948.5	0.516686
3966.16	0.518331
3971.58	0.524653
3989.86	0.525305
4003.1	0.527719
4010.16	0.532781
4027.72	0.534576
4034.55	0.541995
4044.29	0.542207
4059.62	0.543172
4064.79	0.542154
4072.25	0.542209
4062	0.533203
4063.53	0.536116
4073.85	0.536973
4079.66	0.544224
4090.92	0.545237
4096.38	0.557249
4106.68	0.558514
4110.93	0.572541
4119.21	0.574241
4123.32	0.585608
4130.68	0.587113
4134.89	0.598121
4141.8	0.599368
4145.47	0.60129
4150.91	0.600541
4155.42	0.579877
4161.07	0.575356
4165.02	0.515316
4170.09	0.499198
4174.33	0.415952
4179.91	0.399898
4183.8	0.373069
4188.86	0.364944
4191.82	0.356449
4192.52	0.354292
3796.28	0.47571
3822.88	0.478743
3839.05	0.482287
3851.9	0.486565
3880.9	0.488076
3906.82	0.490884
3916.15	0.500959
3933.98	0.501224
3959.27	0.504762
3977.5	0.507175
3984.27	0.517205
4002.49	0.518138
4023.18	0.522097
4034.11	0.525331
4041.34	0.529567
4058.33	0.531355
4073.68	0.534848
4079.04	0.543114
4089.3	0.543727
4104.36	0.548155
4114.96	0.551739
4118.2	0.557823
4126.53	0.559205
3577.55	0.50831
3603.96	0.508029
3635.45	0.507942
3647.27	0.511115
3675.23	0.510842
3711.62	0.511265
3745.36	0.511644
3779.07	0.511815
3810.51	0.512407
3839.24	0.513145
3863.99	0.513384
3873.68	0.515104
3891.48	0.514975
3916.18	0.516303
3939.72	0.517094
3961.52	0.518183
3981.34	0.519477
4003.4	0.520001
4022.42	0.520598
4029.61	0.521308
4036.91	0.521215
3596.04	0.509892
3628.58	0.510122
3647.97	0.511024
3668.01	0.510512
3706.68	0.510364
3726.02	0.510714
3742.79	0.51043
3772.25	0.510472
3791.43	0.511023
3805.24	0.512145
3833.71	0.513061
3852.96	0.51416
3865.22	0.516557
3890.78	0.517196
3909.75	0.518267
3920.88	0.520922
3943.69	0.521477
3960.64	0.522897
3969.69	0.526664
3989.31	0.527157
4004.82	0.528088
4012.75	0.5301
4028.81	0.530462
4041.67	0.531151
4044.48	0.530227
3722.48	0.512512
3746.19	0.512494
3777.04	0.513491
3806.63	0.515043
3832.22	0.515962
3842.6	0.520179
3863.89	0.520117
3893.21	0.521731
3920.15	0.523562
3943.57	0.52598
3955.24	0.527646
3968.49	0.527433
3989.13	0.529283
4007.6	0.531477
4027.25	0.533304
4039.16	0.534688
4046.04	0.53798
4061	0.538886
4075.95	0.541611
4090.71	0.544753
4101.44	0.547198
4105.62	0.552192
4115.67	0.552854
4078.07	0.528076
4080.96	0.533712
4087.77	0.534707
4091.83	0.53616
4094.46	0.542357
4101.26	0.544226
4105.74	0.547715
4108.6	0.561519
4114.88	0.564633
4119.43	0.570383
4122.39	0.581603
4127.97	0.584976
4132.8	0.58741
4136.13	0.59853
4141.19	0.603882
4145.75	0.604033
4149.7	0.611931
4154.06	0.621292
4158.17	0.621702
4161.86	0.63075
4165.51	0.637019
4169.06	0.636948
4172.47	0.590812
4176.3	0.558293
4177.31	0.555149
3416.09	0.457571
3427.02	0.462446
3451.53	0.462124
3464.21	0.480941
3491.02	0.480826
3504.59	0.4863
3521.53	0.486371
3543.03	0.485842
3554.42	0.491312
3578.98	0.491258
3590.98	0.503326
3608.19	0.504967
3626.82	0.504512
3639.14	0.504276
3662.3	0.503932
3673.16	0.503876
3689.37	0.505059
3703.98	0.505774
3712.22	0.506322
3732.81	0.505886
3742.25	0.497663
3754.05	0.494641
3761.9	0.490099
3671.89	0.515427
3702.02	0.515287
3730.23	0.514926
3738	0.514648
3764.06	0.514376
3796.29	0.515105
3819.71	0.515318
3829.19	0.518331
3853.7	0.51834
3879.53	0.519257
3896.32	0.519621
3904.03	0.521509
3927.24	0.521838
3953.54	0.522658
3967.01	0.523403
3977.04	0.524388
3998.39	0.525277
4018.92	0.527201
4028.84	0.528629
4040.48	0.52846
4060.01	0.529608
4072.9	0.530094
4074.44	0.528903
4074.46	0.529116
3597.88	0.505428
3623.42	0.505514
3661.87	0.506241
3699.26	0.50721
3734.62	0.508555
3768.18	0.509972
3799.99	0.511481
3830.77	0.512725
3860.21	0.514048
3888.34	0.51528
3915.24	0.516373
3940.71	0.517435
3963.78	0.518823
3985.48	0.520213
3998.3	0.52105
4006.4	0.524096
4024.26	0.525032
4042.24	0.52664
4059.58	0.527779
4073.17	0.529059
4072.39	0.529272
4073.73	0.530411
4082.19	0.530971
4085.79	0.535492
4091.92	0.538439
4097.77	0.538713
4101.18	0.546624
4108.81	0.547799
4111.94	0.556347
4117.25	0.558305
4122.37	0.558181
4125.44	0.566166
4131.52	0.56785
4134.22	0.570365
4137.96	0.573615
4141.59	0.573523
4143.39	0.553679
4147.97	0.550964
4149.98	0.558575
4153.09	0.52659
4156.05	0.520328
4158.75	0.401064
4163.58	0.386486
4165.68	0.401476
4169.68	0.372584
4171.9	0.368697
3930.14	0.526455
3948.36	0.527153
3968.99	0.528756
3989.53	0.530322
4004.32	0.531307
4012.62	0.534097
4028.68	0.534902
4045.49	0.537237
4061.25	0.539223
4074.59	0.540833
4080.11	0.545677
4091.19	0.54625
4104.17	0.548268
4117.28	0.548449
4130.84	0.546766
4135.5	0.535088
4144.26	0.53206
4155.16	0.514307
4164.45	0.480083
4173.4	0.413451
4180.27	0.368721
4185.59	0.351052
4191.02	0.339954
3321.82	0.51023
3360.47	0.510033
3406.9	0.509951
3453.27	0.509885
3496.58	0.510526
3539.28	0.510891
3578.91	0.511924
3616.93	0.512576
3640.39	0.51272
3657.45	0.514921
3691.26	0.515049
3725.32	0.515583
3759.47	0.515787
3792.19	0.516335
3823.16	0.517007
3851.87	0.517771
3877.02	0.518802
3902.67	0.518987
3923.95	0.518758
3932.46	0.520236
3946.28	0.520138
3435.83	0.508849
3464.66	0.508524
3507.01	0.508877
3546.78	0.509526
3585.13	0.510135
3622.21	0.510792
3658.94	0.511205
3694.67	0.511724
3728.88	0.512375
3762.11	0.512847
3794.2	0.51328
3824.97	0.513677
3850.44	0.513807
3859.95	0.517328
3879.65	0.517247
3905.8	0.518273
3930.05	0.51889
3956.85	0.518948
3980.1	0.519621
4000.86	0.520286
4014.68	0.520673
3199.59	0.407616
3237.22	0.4089
3283.53	0.412974
3312.71	0.416411
3331.21	0.432752
3375.63	0.433384
3422.74	0.434898
3469.14	0.43731
3512.94	0.439844
3532.38	0.447895
3558.08	0.44747
3601.75	0.448148
3643.75	0.448741
3684	0.449837
3717.23	0.45065
3730.67	0.459806
3757.59	0.459508
3793.8	0.458412
3822.37	0.455169
3845.2	0.454437
3819.81	0.516819
3819.94	0.517068
3843.4	0.51748
3870.38	0.518651
3888.35	0.519499
3896.32	0.524376
3918.88	0.524981
3942.94	0.527259
3960.34	0.528769
3966.94	0.53733
3985.55	0.537903
4006.75	0.539969
4023.07	0.541272
4028.8	0.546422
4043.41	0.54728
4061.2	0.552027
4074.33	0.557962
4080.61	0.564279
4093.14	0.565122
4108.41	0.571919
4120.62	0.577647
4123.65	0.585969
4130.49	0.587032
4136.67	0.592851
3788.96	0.533692
3807.84	0.533772
3835.26	0.535162
3862.19	0.536594
3889.58	0.53771
3915.48	0.53974
3940.28	0.541726
3964.25	0.543615
3985.64	0.546792
4006.52	0.549572
4025.65	0.554034
4044.03	0.558374
4060.74	0.564703
4078.24	0.569328
4095.06	0.575163
4110.19	0.582781
4123.52	0.591051
4135.27	0.598541
4144.05	0.613869
4149.62	0.622674
2774.17	0.46913
2777.66	0.469865
2792.13	0.469735
2852.64	0.470074
2892.48	0.470208
2908.67	0.480737
2964.68	0.480432
3014.45	0.480244
3031.41	0.490015
3078.79	0.489542
3132	0.490358
3151.63	0.496975
3189.36	0.496375
3245.21	0.497532
3273.41	0.49819
3296.8	0.499503
3348.27	0.499286
3384.19	0.499274
3400.49	0.505505
3442.85	0.505139
3480.76	0.505078
3493.06	0.509913
3524.16	0.5095
3554.65	0.509087
3744.16	0.513191
3768.91	0.514561
3788.2	0.515708
3801.19	0.5197
3829.01	0.520234
3856.37	0.522063
3884.13	0.523318
3898.56	0.524173
3910.92	0.524823
3934.03	0.526491
3957.81	0.528274
3979.28	0.530951
3989.14	0.533639
4000.64	0.533555
4019.8	0.536424
4038.05	0.539499
4055.31	0.542003
4062.66	0.54635
4073.32	0.546603
4088.49	0.550497
4102.29	0.553296
4111.65	0.554587
2750.55	0.520115
2800.28	0.519348
2866.44	0.51838
2932.95	0.517192
2998.35	0.516084
3062.69	0.515048
3124.74	0.514246
3184.53	0.51356
3242.13	0.51297
3297.36	0.512495
3349.55	0.512224
3399.19	0.511943
3445.9	0.511805
3493.11	0.511201
3538.03	0.510743
3580.38	0.510276
3621.35	0.50965
3661.15	0.508863
3693.24	0.508146
3716.79	0.507906
2853.29	0.519208
2876.82	0.518272
2935.62	0.517387
2959.68	0.517075
3001.09	0.516207
3061.04	0.514621
3086.6	0.512851
3121.98	0.512007
3179.23	0.510779
3208.25	0.509663
3238.67	0.508833
3294.56	0.507822
3325.35	0.506701
3350.01	0.505666
3399.71	0.504818
3431.19	0.503821
3451.53	0.502738
3494.97	0.502162
3525.05	0.501463
3540.96	0.500767
3579.18	0.500107
3608.53	0.49922
3621.99	0.497515
3653.37	0.497247
3677.82	0.497305
3681.73	0.498255
3815.14	0.521947
3818.29	0.52167
3841.62	0.522562
3867.79	0.523529
3894.23	0.524504
3919.44	0.526173
3943.25	0.528199
3965.96	0.530347
3985.89	0.53375
4005.33	0.536867
4023.34	0.540989
4044.1	0.543363
4058.8	0.545342
4065.27	0.556835
4080.4	0.558701
4096.76	0.564662
4111.29	0.571548
4123.5	0.580791
4134.58	0.589921
4144.03	0.599629
4151.1	0.619199
3973.28	0.521727
3983.98	0.521751
4003.62	0.52337
4022.97	0.524969
4042.55	0.526177
4061.32	0.527424
4075.21	0.528051
4080.83	0.530062
4092.13	0.529833
4106.46	0.528648
4119.33	0.524602
4130.64	0.515048
4140.44	0.495061
4149.07	0.456121
4157.42	0.400394
4165	0.3606
4173.44	0.339275
4180.39	0.331831
4185.26	0.329099
4186.93	0.327973
3515	0.505529
3547.76	0.505387
3584.81	0.505132
3614.39	0.504667
3626.01	0.505148
3654.6	0.504877
3687.83	0.505852
3724.63	0.506193
3747.17	0.506456
3760.49	0.50947
3790.76	0.509838
3821.57	0.511453
3849.17	0.512916
3860.59	0.516153
3877.07	0.515966
3903.55	0.517172
3928.85	0.518148
3949.07	0.518604
3956.35	0.52134
3974.81	0.521313
3997.01	0.522156
4012.92	0.522732
3665.94	0.514722
3676.44	0.515396
3698.29	0.515039
3729.72	0.515348
3741.42	0.518085
3769.32	0.517769
3795.91	0.518002
3808.89	0.519729
3835.4	0.519373
3855.3	0.518975
3868.11	0.517968
3894.33	0.517991
3907.24	0.517861
3922.39	0.517511
3944.19	0.518093
3953.08	0.519103
3969.71	0.519067
3989.9	0.520273
3998.97	0.522933
4017.42	0.523254
4032.8	0.524449
4041.29	0.525538
4058.4	0.526197
4068.76	0.527249
4077.67	0.527332
4092.9	0.528875
4099.64	0.529491
4104.24	0.529568
3881.68	0.503862
3884.09	0.50393
3898.94	0.50407
3908.21	0.507085
3920.09	0.509085
3929.5	0.512086
3939.11	0.5169
3951.5	0.516895
3958.95	0.521708
3972.48	0.521859
3980.4	0.523203
3991.86	0.523863
4000.97	0.524594
4010.06	0.524765
4021.02	0.524651
4028.31	0.526805
4039.27	0.527142
4045.32	0.530416
4055.09	0.531365
4061.34	0.533006
4068.99	0.533414
4077.64	0.533213
4083.5	0.52601
4092.03	0.525114
4094.96	0.507542
3747.26	0.512871
3765.62	0.513214
3774.47	0.518763
3800.35	0.518999
3829.08	0.519762
3856.37	0.520627
3883.98	0.521245
3909.64	0.522515
3934.54	0.523621
3956.16	0.525452
3974.97	0.527639
3993.45	0.529071
4013.8	0.530321
4033.8	0.531822
4047.88	0.533037
4053.85	0.539155
4068.95	0.540182
4085.22	0.543891
4099.59	0.547426
4108.37	0.550244
2696.29	0.504865
2715.47	0.503808
2759.68	0.503393
2786.35	0.505091
2852.16	0.504154
2907.14	0.503078
2929.04	0.506663
2985.08	0.505766
3046.91	0.504249
3071.15	0.50267
3118.55	0.501681
3181.07	0.499517
3210.23	0.497472
3243.28	0.496576
3301.78	0.495433
3338.95	0.494132
3359.62	0.492258
3408.23	0.491592
3449.05	0.490908
3465.5	0.493518
3504.35	0.493115
3545.16	0.493695
3561.11	0.497178
3590.97	0.496631
3617.81	0.495006
3150.5	0.501793
3157.53	0.501547
3191.61	0.500924
3248.77	0.500513
3302.23	0.500194
3324.74	0.502946
3357.1	0.502303
3407.96	0.504259
3455.24	0.506117
3479.29	0.506978
3505.92	0.506313
3552.31	0.507339
3595.81	0.508498
3619.45	0.508988
3639.71	0.509932
3675.68	0.510184
3712.18	0.510286
3734.8	0.510186
3750.61	0.510887
3783.46	0.510405
3815.86	0.509096
3834.43	0.507283
3845.13	0.504831
3864.78	0.504708
3269.27	0.508893
3314.7	0.508693
3363.68	0.508301
3411.83	0.507952
3458.02	0.507845
3502.6	0.507777
3543.72	0.508229
3583.03	0.508551
3621.23	0.508704
3655.43	0.509524
3685.18	0.509634
3698.98	0.51316
3725.7	0.512922
3759.73	0.513731
3792.42	0.513788
3823.68	0.513813
3853.65	0.513728
3880.17	0.513748
3905.81	0.51372
3927.5	0.513669
