2785.42	0.159227
2796.3	0.158445
2818.04	0.156994
2850.23	0.154993
2891.68	0.15256
2940.75	0.149795
2995.86	0.146781
3055.61	0.143585
3118.95	0.140269
3185.08	0.136882
3253.4	0.133461
3323.47	0.13004
3394.88	0.126643
3467.1	0.123294
3539.3	0.120025
3610.31	0.116878
3681.38	0.113903
3752.9	0.111153
3824.57	0.108759
3895.76	0.106921
3965.9	0.105815
4034.99	0.106131
4102.96	0.109101
4170.09	0.117
4236.95	0.132775
4302.79	0.157113
4369.91	0.177897
4427.83	0.173029
4481.97	0.167722
4533.61	0.167297
4583.68	0.171218
4632.45	0.176443
4679.6	0.182341
4725.45	0.192873
4767.85	0.212045
4810.8	0.243422
4860.03	0.285112
4908.41	0.309081
4952.74	0.320105
4994.4	0.325344
5033.74	0.326732
5070.77	0.324705
5105.39	0.319382
5137.48	0.310881
5167.07	0.299905
5190.88	0.283276
5208.02	0.25273
5219.63	0.211799
5228.12	0.185806
5232.46	0.166997
2774.76	0.159818
2785.66	0.159039
2807.82	0.157569
2841.23	0.155509
2884.31	0.152995
2935.03	0.150146
2991.55	0.147054
3052.43	0.143792
3116.63	0.140422
3183.4	0.136991
3252.25	0.133535
3322.82	0.130084
3394.84	0.126659
3467.99	0.123287
3541.45	0.120014
3611.29	0.116943
3682.08	0.114224
3753.98	0.112179
3826.36	0.111554
3898.12	0.113032
3968.21	0.115457
4037.14	0.120785
4104.42	0.130948
4170.29	0.148383
4237.05	0.175649
4299.73	0.221925
4382.32	0.282682
4430.85	0.236113
4483.15	0.220466
4533.72	0.22119
4583.6	0.231208
4632.73	0.246676
4679.4	0.261847
4728.26	0.293431
4773.26	0.328347
4816.68	0.362103
4863.91	0.392272
4910.35	0.409616
4954.41	0.423443
4996.21	0.434966
5035.79	0.443884
5073.08	0.449164
5107.94	0.449327
5140.11	0.442203
5169.07	0.425422
5193.47	0.396753
5212.36	0.354921
5225.7	0.293762
5232.04	0.206527
5236.32	0.185048
2753.41	0.160923
2763.98	0.160177
2786.58	0.158702
2822.77	0.156522
2869.57	0.153842
2923.81	0.150824
2983.22	0.147578
3046.32	0.144188
3112.17	0.140714
3180.18	0.137202
3249.99	0.133683
3321.4	0.130179
3394.42	0.126709
3469.44	0.123301
3548.18	0.120045
3612.37	0.117308
3682.75	0.115587
3755.64	0.116796
3829.7	0.125069
3902.71	0.142223
3972.03	0.152813
4040.73	0.169196
4106.13	0.194595
4167.73	0.231131
4241.56	0.292484
4309.38	0.334271
4377.68	0.353715
4438.43	0.372942
4489.71	0.367712
4540.22	0.370649
4590.84	0.385334
4641.31	0.399265
4687.77	0.402023
4733.13	0.417866
4776.01	0.437069
4815.86	0.456283
4866.63	0.468684
4913	0.484488
4957.1	0.501776
4999.29	0.518801
5039.49	0.5347
5077.49	0.548321
5113.19	0.558089
5146.25	0.561409
5176	0.555823
5201.32	0.536377
5220.97	0.490617
5234.88	0.401701
5241.7	0.282586
5244.23	0.208495
2721.69	0.162416
2730.44	0.161787
2751.94	0.160417
2793.92	0.158029
2847.63	0.155074
2907.69	0.151788
2971.51	0.148313
3037.84	0.144738
3106.01	0.141121
3175.69	0.137501
3246.72	0.133901
3319.06	0.130341
3392.77	0.126844
3468.01	0.123473
3544.94	0.120453
3608.24	0.118912
3681.78	0.119824
3756.55	0.132237
3833.26	0.172009
3909.92	0.244937
3975.4	0.26685
4047.98	0.308018
4116.34	0.339594
4182.88	0.368512
4249.75	0.389579
4314.42	0.405646
4377.9	0.42168
4437.45	0.438202
4490.57	0.456852
4545.43	0.467485
4596.02	0.479458
4653.42	0.491947
4695.33	0.462142
4739.34	0.470633
4782.96	0.485535
4826.18	0.499513
4871.63	0.512553
4916.05	0.528254
4960.07	0.546533
5002.96	0.564222
5044.29	0.580418
5083.48	0.593509
5120.91	0.603104
5155.95	0.613223
5187.76	0.622812
5215.29	0.62186
5235.76	0.590675
5248.72	0.505319
5255.39	0.37287
5256.43	0.241983
2681.35	0.164048
2684.32	0.163663
2696.95	0.162718
2753.49	0.159986
2819.53	0.15662
2888.06	0.152966
2957.61	0.149194
3027.87	0.145391
3098.77	0.141604
3170.35	0.137858
3242.73	0.134169
3316.03	0.130549
3390.36	0.127026
3465.72	0.123704
3541.99	0.120997
3618.51	0.120647
3679.87	0.127391
3753.79	0.166554
3848.34	0.288035
3920.15	0.355405
3985.91	0.350455
4056.28	0.369942
4125.23	0.386478
4192.42	0.400769
4257.95	0.413713
4318.37	0.4237
4381.53	0.434486
4440.74	0.449415
4496.56	0.464578
4551.28	0.479391
4605.18	0.494202
4651.99	0.501118
4701.33	0.513956
4744.06	0.519001
4788.58	0.531321
4832.5	0.541013
4875.95	0.55033
4917.82	0.559505
4962.66	0.576098
5006.92	0.590011
5050.36	0.599841
5090.93	0.608092
5130.65	0.622437
5168.28	0.642915
5203.18	0.671799
5235.24	0.705165
5256.15	0.718205
5268.64	0.569053
5274.14	0.417195
5275.42	0.292236
2638.17	0.165451
2628.64	0.165253
2598.09	0.164627
2703.66	0.162125
2789.09	0.158279
2867.6	0.154205
2943.28	0.150113
3017.62	0.146072
3091.26	0.142109
3164.71	0.13824
3238.41	0.134466
3312.67	0.130794
3387.67	0.127254
3463.4	0.123962
3539.63	0.121296
3615.65	0.120548
3689.76	0.126031
3761.16	0.134244
3839.46	0.161266
3909.03	0.203952
3982.82	0.267537
4062.65	0.337708
4133.65	0.376951
4200.98	0.402903
4265.99	0.42468
4330.01	0.444131
4386.81	0.445417
4445.35	0.460411
4501.76	0.474835
4556.13	0.489073
4608.74	0.503226
4659.59	0.517616
4704.74	0.523561
4748.84	0.53607
4793.4	0.551866
4836.44	0.567418
4884.15	0.583295
4918.43	0.593441
4964.7	0.604673
5010.94	0.61468
5058.71	0.624963
5098.36	0.623671
5141.1	0.642887
5181.42	0.669218
5219.14	0.708917
5254.92	0.763581
5297.29	0.813439
5295.87	0.603673
5296.68	0.440914
5297.21	0.314216
2604.59	0.166447
2594.06	0.166222
2569.41	0.16557
2673.93	0.163424
2765.66	0.159547
2850.14	0.155257
2930.55	0.150933
3008.4	0.146694
3084.33	0.142583
3159.3	0.138618
3234.1	0.134797
3309.24	0.131142
3385.02	0.127735
3461.44	0.124798
3538.35	0.122911
3615.33	0.123758
3691.95	0.132125
3759.47	0.155945
3838.01	0.15257
3911.92	0.172723
3981.69	0.227886
4069.62	0.309591
4141.74	0.353409
4208.4	0.379852
4272.33	0.39851
4334.19	0.414208
4393.23	0.429366
4451.48	0.443648
4508.01	0.457533
4561.72	0.471606
4613.31	0.48705
4662.98	0.503264
4710.19	0.520345
4754.48	0.537651
4795.1	0.55345
4844.32	0.569363
4884.06	0.579967
4924.46	0.585406
4965.04	0.59948
5008.42	0.607381
5059.18	0.619381
5107.9	0.629798
5153.7	0.650219
5196.33	0.678113
5239.97	0.714924
5279.53	0.762076
5323.46	0.809574
5320.22	0.609095
5319.59	0.45537
5319.64	0.32309
2581.63	0.167132
2573.64	0.166855
2557.57	0.166199
2656.98	0.164196
2749.54	0.160401
2836.87	0.156036
2920.6	0.15157
3001.4	0.147188
3078.73	0.142989
3154.53	0.139016
3229.99	0.135312
3305.81	0.132052
3382.49	0.129644
3459.78	0.128713
3537.73	0.130262
3615.72	0.137444
3692.87	0.158729
3771.79	0.208013
3837.56	0.226307
3917.55	0.263213
4000.41	0.326854
4077.99	0.363186
4148.93	0.385908
4215	0.402814
4277.69	0.418776
4338.49	0.43415
4398.04	0.448744
4457.07	0.462336
4514.94	0.474756
4567.37	0.484951
4617.78	0.500951
4666.93	0.518352
4716.77	0.535822
4758.51	0.541256
4802.04	0.557293
4845.06	0.556693
4886.26	0.564712
4930.52	0.578245
4971.38	0.593395
5021.23	0.602063
5071.58	0.611336
5120.04	0.624221
5168.65	0.645216
5205.73	0.672402
5255.75	0.709539
5297.32	0.758332
5338.14	0.797802
5341.14	0.604416
5341.79	0.462426
5341.96	0.328212
2566.73	0.167628
2561.37	0.16731
2551.35	0.166621
2646.85	0.164675
2738.69	0.160952
2827.34	0.15656
2913.76	0.151991
2998.15	0.147497
3075.03	0.143365
3150.5	0.139705
3225.98	0.136915
3302	0.136299
3379.84	0.140107
3457.71	0.148017
3537	0.158816
3615.9	0.1787
3688.85	0.224438
3782.51	0.30158
3862.67	0.346601
3935.95	0.359554
4012.3	0.386204
4087.19	0.403813
4157.48	0.417404
4221.75	0.429355
4282.15	0.444977
4341.64	0.462087
4401.18	0.478181
4461.76	0.492988
4525.3	0.506132
4573.11	0.497679
4621.7	0.506425
4668.54	0.511427
4712.02	0.520853
4761.85	0.531651
4807.17	0.5492
4850.03	0.560442
4895.24	0.570242
4938.44	0.584203
4984.22	0.596176
5032.76	0.605243
5084.67	0.617728
5130.27	0.626451
5175.12	0.648068
5226.07	0.678281
5275.77	0.719045
5322.48	0.767496
5369.82	0.81082
5366.54	0.62372
5364.85	0.4761
5364.26	0.334253
2557.25	0.168005
2553.83	0.167654
2547.64	0.166922
2640.35	0.164998
2731.06	0.161326
2820.13	0.15692
2909.12	0.152235
3002.66	0.147492
3073.01	0.14411
3146.75	0.14215
3221.55	0.144519
3295.9	0.159965
3375.83	0.193699
3452.11	0.222473
3534.35	0.264086
3622.42	0.310353
3707.3	0.344886
3791.49	0.371536
3871.2	0.391837
3944.22	0.408677
4021.23	0.422108
4097.39	0.435773
4169	0.449456
4229.62	0.447463
4285.06	0.450463
4342.62	0.459832
4401.46	0.450918
4461.79	0.458241
4520.21	0.468569
4570.67	0.469281
4618.27	0.4789
4670.28	0.493328
4719.02	0.51139
4768.48	0.529094
4807.2	0.542749
4856.83	0.558972
4903.41	0.575235
4950.03	0.590769
4993.63	0.599804
5039.89	0.604714
5087.02	0.614427
5140.42	0.628289
5192.05	0.649854
5244.24	0.680303
5295.22	0.721129
5344.44	0.768134
5393.9	0.809748
5389.44	0.625843
5386.64	0.47965
5385.54	0.335901
2551.25	0.168299
2549.09	0.167923
2545.25	0.167154
2635.81	0.165253
2725.09	0.161653
2813.09	0.157329
2900.06	0.15276
2985.64	0.148238
3063.96	0.144141
3140.93	0.140756
3217.95	0.139015
3295.77	0.141521
3376.31	0.152498
3456.15	0.173069
3537.12	0.201403
3624.18	0.256943
3718.35	0.323823
3802.07	0.362324
3882.53	0.387248
3963.01	0.405384
4028	0.415563
4112.29	0.430786
4173.08	0.415664
4232.62	0.427046
4290.37	0.43896
4345.27	0.451371
4409.17	0.464211
4462.71	0.462089
4515.78	0.470279
4570.62	0.478694
4621.47	0.489537
4673.13	0.501417
4723.27	0.517963
4765.83	0.53366
4814.64	0.550491
4864.98	0.566742
4910.18	0.57609
4956.2	0.589743
5000.59	0.600337
5042.73	0.607168
5096.86	0.615792
5150.36	0.630643
5205.6	0.651726
5260.08	0.681663
5312.74	0.721889
5363.54	0.768034
5414	0.808855
5409.6	0.622561
5406.5	0.476975
5405.19	0.334306
2547.46	0.168525
2546.09	0.168131
2543.66	0.167335
2632.53	0.165454
2720.43	0.161919
2807.15	0.15767
2892.54	0.153183
2976.08	0.148744
3056.48	0.144665
3135.24	0.141613
3213.36	0.141742
3291.74	0.151399
3374.58	0.178807
3454.24	0.230743
3552.37	0.291607
3641.07	0.314341
3726.95	0.340683
3809.75	0.359339
3890.09	0.373293
3967.43	0.384267
4041.96	0.39577
4109.68	0.39634
4175.83	0.409151
4235.89	0.419586
4295.48	0.434567
4351.63	0.443517
4406.76	0.454687
4464.76	0.468092
4519.74	0.482875
4573.2	0.497831
4626.64	0.513003
4675.49	0.52151
4723.16	0.531054
4771.16	0.540983
4818.9	0.55146
4867.4	0.563941
4914	0.568163
4962.14	0.582281
5009.1	0.595607
5056.18	0.605893
5105.87	0.617653
5156.42	0.63327
5216.99	0.653414
5274.11	0.682606
5328.37	0.722187
5380.3	0.767775
5431.39	0.808132
5427.32	0.61831
5424.28	0.472121
5422.94	0.331299
2545.09	0.168694
2544.19	0.168286
2542.59	0.167468
2630.19	0.165599
2716.95	0.162111
2802.63	0.157916
2887.02	0.153483
2969.86	0.149115
3050.85	0.145259
3130.34	0.143424
3208.13	0.150273
3280.99	0.194614
3376.25	0.309452
3469.36	0.375461
3572.89	0.406704
3649.81	0.390918
3732.29	0.403491
3815.43	0.414616
3897.11	0.424089
3971.76	0.430488
4042.61	0.440992
4109.64	0.452133
4182.02	0.460765
4237.25	0.444308
4295.08	0.447891
4354.03	0.455672
4410.91	0.466048
4467.88	0.477234
4523.45	0.489584
4574.12	0.497737
4627.65	0.506098
4678.06	0.517378
4721.37	0.526787
4774.5	0.541718
4822.94	0.547449
4866.09	0.557144
4917.96	0.571702
4968.02	0.585315
5016.73	0.59657
5063.81	0.605182
5113.44	0.617458
5166.02	0.634002
5228.74	0.653944
5287.27	0.682858
5342.53	0.722101
5395.15	0.767431
5446.65	0.807539
5442.92	0.614478
5440.04	0.467029
5438.75	0.328035
2543.66	0.168809
2543.04	0.168392
2541.92	0.167557
2628.66	0.165694
2714.59	0.162235
2799.48	0.158073
2883.2	0.153663
2965.68	0.149276
3046.92	0.145234
3127.09	0.142409
3206.28	0.144064
3284.01	0.16222
3363.07	0.228711
3464.1	0.32481
3559.96	0.373001
3646.26	0.398882
3732.35	0.421852
3819.95	0.43814
3912.02	0.44944
3979.53	0.438101
4046.7	0.443678
4117.17	0.450857
4175.47	0.46262
4241.32	0.476941
4299.65	0.473311
4357.41	0.473076
4412.93	0.476697
4470.84	0.483126
4526.14	0.493619
4581.65	0.505561
4631.17	0.515023
4674.72	0.523293
4718.96	0.524091
4770.57	0.528049
4823.26	0.539397
4870.93	0.553139
4923.93	0.567443
4974.29	0.582846
5022.66	0.595683
5069.31	0.606199
5116.58	0.618999
5180.19	0.63315
5241.5	0.653293
5299.95	0.68241
5355.46	0.721662
5408.38	0.767008
5460.06	0.807051
5456.59	0.611472
5453.88	0.462524
5452.65	0.325053
2542.9	0.168878
2542.45	0.168452
2541.6	0.167604
2627.9	0.165742
2713.3	0.162298
2797.57	0.158158
2880.75	0.153761
2962.94	0.149345
3044.27	0.145105
3124.94	0.141398
3205.21	0.139316
3285.46	0.142349
3366.41	0.159835
3445.99	0.207743
3548	0.29691
3636.51	0.351967
3726.66	0.384364
3817.05	0.403527
3911.55	0.41681
3977.6	0.403346
4042.56	0.415286
4113.87	0.427316
4188.02	0.437894
4239.92	0.425227
4297.38	0.425003
4359.79	0.435539
4421.25	0.448664
4476.93	0.451587
4531.15	0.467125
4585.49	0.482637
4628.06	0.483848
4674.65	0.492718
4725.92	0.508767
4775.76	0.526111
4823.57	0.544914
4879.43	0.561647
4930.8	0.569626
4981.28	0.584018
5029.55	0.595988
5073.56	0.606746
5133.58	0.617451
5194.2	0.631662
5253.93	0.652204
5311.76	0.681596
5367.12	0.72102
5420.05	0.766547
5471.76	0.806651
5468.47	0.609266
5465.89	0.458804
5464.71	0.322494
2542.64	0.168905
2542.3	0.168471
2541.61	0.167611
2628.03	0.165744
2713.16	0.162302
2796.83	0.158178
2879.45	0.153801
2961.28	0.149381
3042.54	0.145049
3123.42	0.140951
3204.22	0.137414
3285.32	0.135351
3367.18	0.137186
3450.17	0.147945
3535.75	0.172953
3614.31	0.224736
3715.31	0.298464
3805.96	0.339932
3893.91	0.361463
3975.57	0.370926
4029.94	0.365476
4105.84	0.370237
4175.25	0.377862
4233.61	0.381938
4298.76	0.392622
4361.29	0.407226
4423.87	0.421668
4485.67	0.4363
4534.72	0.437723
4581.04	0.452751
4632.24	0.464093
4682.24	0.48291
4733.07	0.501066
4783.82	0.518875
4834.79	0.536296
4888.08	0.552494
4940.6	0.568246
4990.59	0.583303
5040.64	0.595955
5091.7	0.605246
5148.24	0.615871
5206.67	0.630298
5265.11	0.651086
5322.26	0.680713
5377.32	0.720342
5430.13	0.766103
5481.78	0.80633
5478.6	0.607639
5476.12	0.455721
5474.98	0.320291
2542.77	0.168897
2542.56	0.168452
2542.05	0.167577
2629.42	0.16569
2714.51	0.162233
2797.23	0.158131
2879.08	0.153792
2960.4	0.149395
3041.47	0.145048
3122.33	0.14083
3203.28	0.136867
3284.56	0.133446
3366.27	0.131317
3449.1	0.132243
3533.06	0.139706
3615.59	0.158833
3700.48	0.193958
3789.4	0.258025
3877.67	0.301125
3958.17	0.329652
4031.67	0.350777
4101.89	0.352975
4170.89	0.368649
4235.99	0.381917
4300.47	0.393809
4360.22	0.404529
4424.76	0.417961
4487.65	0.433673
4537.96	0.439262
4582.56	0.450483
4635.14	0.469434
4686.68	0.488205
4738.08	0.50645
4789.52	0.524233
4841.56	0.541452
4895.45	0.55762
4951.15	0.572381
4998.56	0.583416
5049.88	0.595789
5103.27	0.604462
5159.32	0.614856
5216.81	0.629283
5274.45	0.650178
5331.07	0.679968
5385.85	0.719772
5438.53	0.765737
5490.12	0.806078
5487.02	0.606315
5484.63	0.452989
5483.52	0.318288
2543.16	0.168863
2543.15	0.168402
2543.08	0.167495
2633.07	0.165546
2718.27	0.162049
2798.57	0.158018
2879.4	0.153745
2959.98	0.149395
3040.91	0.145068
3121.52	0.14085
3202.46	0.136847
3283.81	0.133321
3364.55	0.13103
3446.7	0.13231
3530.28	0.145124
3610.26	0.174144
3701.08	0.209033
3783.15	0.203935
3863.95	0.219393
3944.13	0.255738
4028.32	0.304495
4100.3	0.342933
4169.35	0.372463
4235.77	0.394484
4300.73	0.411954
4364.88	0.427647
4424.42	0.431913
4485.73	0.444319
4531.6	0.452697
4582.56	0.46284
4636.66	0.476553
4688.98	0.494238
4740.86	0.512007
4792.52	0.529605
4844.45	0.546856
4899.08	0.562713
4957.37	0.576569
5001.32	0.585328
5056.18	0.595795
5111.07	0.604079
5167.35	0.614246
5224.51	0.628614
5281.69	0.649567
5337.96	0.679488
5392.56	0.719415
5445.19	0.765499
5496.76	0.805888
5493.75	0.605047
5491.43	0.450315
5490.36	0.316335
2543.6	0.168824
2543.85	0.168341
2544.68	0.167373
2641.5	0.1652
2726.98	0.161609
2799.47	0.157909
2880.14	0.153696
2959.45	0.149411
3040.96	0.145099
3120.76	0.14095
3201.66	0.13709
3284.15	0.134107
3361.83	0.1333
3442.75	0.137547
3517.87	0.158622
3602.73	0.239133
3717.69	0.325821
3794.64	0.305347
3873.72	0.324398
3950.66	0.338697
4026.4	0.35063
4095.2	0.361284
4166.68	0.376243
4234.12	0.392524
4299.18	0.407128
4361.85	0.421819
4421.17	0.436921
4478.57	0.452955
4531.98	0.469895
4587.9	0.485504
4637.64	0.488127
4689.54	0.50232
4741.76	0.515611
4793.24	0.530103
4842.7	0.546127
4897.17	0.56193
4954.87	0.575967
5010.89	0.588797
5061.51	0.595631
5116.4	0.603872
5172.89	0.613905
5229.92	0.62823
5286.76	0.649283
5342.74	0.679379
5397.33	0.719373
5450.05	0.765432
5501.7	0.805755
5498.81	0.603643
5496.58	0.447507
5495.54	0.314358
2543.84	0.168799
2544.03	0.168316
2544.24	0.167369
2636.69	0.165353
2723.01	0.16175
2806.12	0.157578
2882.4	0.153609
2956.94	0.149579
3043.02	0.145065
3119.29	0.141168
3199.68	0.137409
3275.03	0.134151
3357.77	0.13248
3438.04	0.137147
3516.16	0.161834
3599.08	0.227266
3709.73	0.309343
3797.77	0.352042
3880.32	0.377839
3954.32	0.391455
4026.15	0.407435
4098.32	0.421657
4165.45	0.423105
4232.52	0.431823
4297.47	0.439963
4359.72	0.447736
4417.53	0.454363
4466.92	0.463422
4527.87	0.468017
4584.54	0.477604
4637.94	0.488757
4687.6	0.500986
4741.3	0.512333
4792.59	0.528976
4842.53	0.546349
4890.14	0.562294
4952.34	0.573776
5010.04	0.586426
5062.91	0.597271
5119.05	0.603989
5176.3	0.613775
5233.26	0.62807
5289.59	0.649354
5345.14	0.679825
5400.03	0.719772
5453.11	0.765573
5504.98	0.805676
5502.24	0.602046
5500.12	0.444606
5499.12	0.312422
2543.93	0.168791
2544.22	0.168301
2544.64	0.167341
2637.99	0.165305
2722.29	0.16174
2806.32	0.157548
2882.98	0.153529
2965.01	0.149281
3036.87	0.145476
3115.4	0.141583
3197.75	0.137615
3276.71	0.134752
3356.4	0.134837
3434.54	0.149081
3507.71	0.220134
3611.31	0.33263
3708.76	0.385153
3799.26	0.414367
3891.18	0.433275
3957.28	0.427594
4023.31	0.444433
4095.58	0.461969
4164.38	0.477814
4232.57	0.491031
4298.27	0.502766
4362.85	0.506555
4414.86	0.494147
4470.67	0.500303
4527.92	0.508838
4583.84	0.518475
4638.29	0.528636
4692.32	0.538544
4741.11	0.543011
4791.23	0.55362
4838.03	0.567336
4897.04	0.57502
4952.43	0.583476
5012.62	0.592635
5072.27	0.600395
5119.47	0.605286
5178.4	0.613936
5234.94	0.62812
5290.14	0.649938
5344.39	0.681454
5400.62	0.720796
5454.5	0.765914
5506.72	0.805647
5504.15	0.60051
5502.11	0.442072
5501.15	0.3108
2543.79	0.168807
2544.33	0.168304
2546.02	0.167289
2648.3	0.164951
2721.87	0.161757
2796.55	0.15804
2880.23	0.153719
2962.04	0.149389
3041.62	0.145215
3124.88	0.141378
3199.56	0.138912
3277.93	0.138297
3356.42	0.137846
3433.09	0.150753
3505.55	0.195872
3611.35	0.29971
3706.51	0.357146
3794.26	0.386959
3878.5	0.405098
3954.11	0.417497
4028.27	0.431442
4094.31	0.428257
4162.42	0.434983
4226.78	0.43946
4293.15	0.443103
4356.09	0.448025
4414.47	0.452311
4469.99	0.463718
4528.19	0.475991
4583.78	0.491235
4637.82	0.506831
4690.21	0.522576
4740.45	0.538227
4792.81	0.553436
4844.7	0.56858
4900.82	0.581904
4959.87	0.59281
5014.55	0.596051
5071.94	0.603008
5128.57	0.610986
5181.26	0.617919
5235.67	0.630961
5288.56	0.65163
5337.86	0.684904
5399.59	0.722156
5454.68	0.766216
5507.14	0.805661
5504.63	0.600023
5502.62	0.441033
5501.67	0.310024
2543.16	0.168859
2543.33	0.16838
2543.56	0.167444
2634.49	0.165472
2716.78	0.162038
2797.27	0.158042
2879.49	0.153755
2961.51	0.149395
3042.95	0.145143
3124.56	0.141264
3203.73	0.138593
3282.42	0.13995
3357.57	0.154614
3432.54	0.188287
3508.95	0.200176
3603.19	0.255351
3703.41	0.319894
3788.32	0.345063
3871.07	0.359135
3950.04	0.366355
4022.49	0.374112
4092.65	0.386379
4160.31	0.40091
4225.99	0.414745
4290.92	0.428729
4353.91	0.442169
4413.93	0.456077
4474.54	0.469911
4528.97	0.471512
4583.25	0.48066
4637.09	0.492212
4688.5	0.504319
4736.05	0.518447
4793.3	0.527622
4845.66	0.542584
4900.32	0.5577
4957.99	0.571864
5014.3	0.584672
5071.4	0.595436
5127.71	0.603283
5180.54	0.613866
5236.26	0.627212
5291.49	0.648854
5345.45	0.680388
5401.19	0.720045
5454.58	0.765602
5506.43	0.805707
5503.71	0.602237
5501.66	0.442564
5500.71	0.310297
2542.4	0.16892
2542.33	0.168457
2542.01	0.167551
2629.3	0.165651
2713.54	0.162206
2796.33	0.158121
2879.09	0.153777
2961.76	0.149374
3044.36	0.145089
3126.98	0.141238
3208.57	0.138803
3285.78	0.141039
3361.39	0.15794
3436.87	0.212746
3523.46	0.268509
3615.66	0.283278
3701.88	0.270948
3783.21	0.252202
3865.88	0.2799
3948.24	0.312617
4021.3	0.341956
4091.16	0.366994
4157.65	0.387102
4223.52	0.402556
4288.46	0.416305
4352.69	0.4293
4410.92	0.43084
4470.54	0.440724
4527.13	0.450187
4584.32	0.462686
4639.5	0.478424
4692.68	0.494688
4744.54	0.511402
4798.08	0.527506
4849.58	0.544281
4894.69	0.562136
4955.52	0.576694
5011.72	0.589687
5070.62	0.59877
5129.2	0.606506
5188.57	0.616891
5235.07	0.626871
5292.63	0.647027
5347.45	0.677456
5401.2	0.717988
5453.12	0.764852
5504.16	0.805803
5501.2	0.604367
5499.17	0.44215
5498.26	0.30872
2541.77	0.168973
2541.61	0.168515
2541.22	0.167613
2627.13	0.165729
2711.77	0.162291
2795.51	0.158173
2878.92	0.153785
2962.29	0.149345
3045.98	0.145059
3130.67	0.141442
3217.89	0.140535
3290.07	0.148166
3362.32	0.174667
3440.54	0.203094
3520.87	0.21455
3621.07	0.288108
3714.55	0.332488
3792.1	0.339869
3869.29	0.353231
3947.74	0.360608
4017.63	0.373939
4089.36	0.390814
4153.13	0.394029
4219.6	0.404505
4284.46	0.413425
4343.61	0.420908
4407.36	0.431573
4468.17	0.444586
4527.05	0.458281
4585.11	0.472133
4641.67	0.486401
4696.03	0.500982
4749.2	0.516771
4802.83	0.532883
4853.17	0.541341
4903.62	0.557069
4955.99	0.571977
5005.22	0.58734
5069.19	0.596713
5128.65	0.604013
5186.56	0.613812
5242.46	0.62873
5293.43	0.644194
5346.77	0.674811
5399.12	0.71599
5449.68	0.76401
5499.74	0.805969
5496.84	0.603233
5495.14	0.433099
5494.34	0.301124
2541.34	0.169009
2541.18	0.168552
2540.85	0.167647
2626.21	0.165766
2710.93	0.162332
2795.08	0.1582
2878.91	0.153787
2962.69	0.149314
3046.81	0.144959
3132.01	0.141081
3220.06	0.138892
3293.15	0.138244
3368.49	0.147734
3443.73	0.182132
3534.61	0.269576
3630.78	0.343855
3717.96	0.384928
3799.14	0.411378
3880.98	0.430804
3952.37	0.440956
4009.77	0.420774
4080.26	0.426499
4149.59	0.435969
4216.03	0.444185
4280.36	0.45232
4342.6	0.461056
4404.65	0.4675
4465.63	0.475549
4525.77	0.483858
4585.36	0.492047
4644.06	0.500741
4698.58	0.503778
4751.45	0.513735
4801.32	0.524949
4855.19	0.538034
4907.74	0.553151
4960.62	0.567966
5013.89	0.581742
5071.21	0.592479
5128.44	0.600507
5184.91	0.609243
5239.55	0.622384
5289.91	0.643952
5343.4	0.671877
5394.94	0.712848
5443.89	0.762178
5492.07	0.806131
5490.43	0.589426
5489.71	0.402808
5489.21	0.281488
2541.11	0.169028
2540.97	0.16857
2540.7	0.167662
2625.89	0.165781
2710.68	0.162348
2795.03	0.158211
2879.06	0.15379
2962.92	0.14931
3046.78	0.144937
3130.72	0.140945
3214.18	0.138137
3293.44	0.139182
3372.16	0.153866
3449.17	0.208007
3554.49	0.303911
3639.07	0.315051
3722.19	0.341778
3802.12	0.36027
3874.33	0.377511
3948.22	0.395028
4014.55	0.414396
4081.98	0.434989
4148.78	0.45352
4214	0.470529
4277.72	0.48651
4340.08	0.50164
4401.62	0.515592
4462.44	0.529093
4523.3	0.541965
4585.03	0.553401
4650.71	0.561621
4701.33	0.542156
4752.44	0.548755
4803.82	0.559451
4856.43	0.570074
4909.49	0.580731
4962.93	0.590737
5016.87	0.598727
5072.13	0.605134
5127.91	0.612525
5183.62	0.622091
5238.83	0.635186
5294	0.653254
5338.32	0.667987
5389.52	0.697646
5436.12	0.737354
5478.15	0.773448
5482.54	0.527098
5483.94	0.345655
5483.97	0.248015
2541.06	0.169029
2540.94	0.16857
2540.7	0.167662
2625.96	0.165779
2710.87	0.162343
2795.37	0.158202
2879.5	0.15378
2963.33	0.149311
3046.9	0.144979
3130.11	0.141141
3212.59	0.138994
3293.74	0.143073
3374.62	0.168992
3469.73	0.24354
3553.2	0.253458
3645.23	0.279889
3725.33	0.285528
3804.95	0.315034
3877.5	0.340207
3947.5	0.363758
4014.5	0.3846
4081.18	0.401803
4146.99	0.417012
4211.44	0.430692
4274.8	0.442875
4337.08	0.453879
4398.27	0.464054
4458.33	0.473391
4519.25	0.481288
4580.03	0.488713
4640.9	0.494864
4698.17	0.49595
4750.58	0.507959
4802.34	0.522417
4854.82	0.537466
4908.57	0.552355
4962.57	0.567485
5016.1	0.582147
5070.35	0.594084
5125.43	0.602099
5180.81	0.611246
5235.89	0.624643
5290.06	0.645117
5342.04	0.675892
5387.77	0.708396
5434.4	0.760166
5481.33	0.806422
5479.81	0.557405
5479.67	0.341678
5479.6	0.240726
2541.18	0.169013
2541.06	0.168554
2540.83	0.167647
2626.35	0.165762
2711.48	0.162317
2796.13	0.158168
2880.33	0.153747
2964.16	0.149301
3047.6	0.14506
3130.45	0.141549
3212.31	0.140618
3293.15	0.149416
3370.26	0.194564
3472.67	0.305083
3565.51	0.367241
3663.45	0.396852
3733.13	0.374998
3807.96	0.388036
3877.98	0.398381
3945.9	0.408005
4011.94	0.41789
4078.39	0.427226
4143.95	0.436993
4207.61	0.447458
4270.77	0.457928
4333.11	0.468666
4394.05	0.479768
4451.38	0.491378
4513.25	0.503425
4572.81	0.516747
4632.44	0.530973
4697.58	0.545153
4747.17	0.526594
4797.96	0.534346
4849.76	0.545914
4905.27	0.556549
4960.75	0.56892
5013.07	0.58085
5066.73	0.589961
5121.58	0.599262
5176.81	0.60763
5231.7	0.619743
5285.39	0.638488
5336.44	0.667592
5382.1	0.711729
5429.67	0.761276
5476.96	0.806591
5475.34	0.567827
5475.21	0.34399
5475.29	0.240357
2541.46	0.16898
2541.34	0.168523
2541.09	0.167618
2627.09	0.165727
2712.58	0.162267
2797.4	0.158106
2881.66	0.153691
2965.53	0.149305
3049.09	0.145306
3131.9	0.142656
3212.8	0.144396
3294.07	0.15886
3378.72	0.194431
3465.36	0.243977
3565.26	0.317129
3653.46	0.358926
3732.9	0.382887
3816.22	0.402268
3879.83	0.398861
3945.01	0.411246
4006.44	0.42533
4074.63	0.440401
4141.51	0.454329
4202.34	0.455529
4265.83	0.467517
4329.13	0.478881
4391.14	0.490066
4452.88	0.500951
4508.16	0.500103
4564.17	0.509723
4617.13	0.519679
4681.23	0.52377
4737.04	0.528746
4789.13	0.542304
4836.23	0.559313
4898.92	0.574282
4957.45	0.587842
5016.85	0.598747
5060.67	0.599846
5116.39	0.607294
5171.79	0.617484
5226.7	0.630867
5280.54	0.64971
5332.7	0.67676
5383.36	0.713015
5422.5	0.740349
5465.34	0.7735
5469.37	0.502714
5470.61	0.310153
5471.08	0.235036
2541.91	0.168931
2541.79	0.168475
2541.51	0.167574
2628.32	0.165676
2714.34	0.162191
2799.29	0.158017
2883.46	0.153629
2967.36	0.149408
3051.46	0.146166
3135.24	0.146759
3212.03	0.161017
3287.88	0.223832
3397.29	0.322076
3477.68	0.317074
3562.12	0.335004
3645.15	0.352383
3724.86	0.368499
3802.37	0.381648
3873.43	0.392182
3942.13	0.403927
4010.26	0.415408
4070.25	0.416683
4129.28	0.421454
4197.6	0.421258
4259.79	0.428515
4325.28	0.437422
4387.17	0.448011
4446.8	0.45886
4504.49	0.468493
4561.13	0.480798
4617.04	0.493676
4675.02	0.507426
4731.09	0.519935
4785.16	0.534081
4838.38	0.54897
4895.15	0.563276
4952	0.576234
5002.13	0.587775
5054.84	0.595738
5109.48	0.603202
5165.35	0.612298
5220.83	0.625694
5275.33	0.646291
5328.27	0.677139
5379.06	0.719928
5427.27	0.770792
5470.17	0.806757
5468.11	0.571238
5467.8	0.346229
5467.9	0.243772
2542.53	0.168868
2542.43	0.168411
2542.17	0.167514
2630.29	0.165602
2717.16	0.162082
2802.02	0.157897
2885.61	0.153561
2969.09	0.149605
3054.15	0.147821
3144.87	0.156483
3210.28	0.183924
3287.34	0.219618
3379.57	0.255443
3469.65	0.272717
3553.64	0.283685
3636.42	0.293065
3716.43	0.302423
3795.55	0.319514
3868.48	0.340848
3937.87	0.360235
4005.97	0.377134
4065.58	0.387478
4123.73	0.400844
4194.71	0.411598
4261.92	0.424483
4322.81	0.427209
4383.28	0.437982
4440.55	0.449003
4499.79	0.461042
4556.79	0.475785
4612.85	0.490822
4668.71	0.505906
4725.18	0.520732
4780.1	0.536274
4835.03	0.551942
4889.41	0.565176
4946.95	0.578329
4990.93	0.586543
5053.48	0.595907
5100.3	0.601428
5157.77	0.609808
5213.79	0.62212
5268.74	0.640977
5322.36	0.669101
5373.6	0.708551
5421.38	0.757457
5464.16	0.804598
5465.04	0.546843
5464.67	0.357683
5464.69	0.253526
2543.29	0.168792
2543.27	0.168331
2543.16	0.16743
2633.48	0.165485
2721.99	0.161904
2806.05	0.157712
2887.96	0.153403
2969.32	0.149276
3050.9	0.145956
3132.33	0.145447
3207.17	0.152942
3281.41	0.185414
3373.41	0.275783
3474.97	0.345868
3550.75	0.336033
3632.03	0.353464
3713.11	0.36828
3787.99	0.370282
3862.04	0.380148
3931.15	0.387141
3996.55	0.396113
4061.97	0.400731
4127.34	0.408547
4193.07	0.416391
4257.89	0.425603
4320.3	0.436446
4380.85	0.448822
4438.63	0.462704
4495.06	0.468413
4551.2	0.48206
4606.78	0.49508
4659.72	0.508955
4718.77	0.523424
4773.08	0.533997
4826.6	0.546526
4881.92	0.558795
4937.19	0.573008
4994.22	0.585337
5042.41	0.592827
5094.76	0.600882
5150.24	0.609935
5205.76	0.623269
5260.64	0.643565
5315.19	0.673158
5367.71	0.713881
5417.56	0.762674
5466.07	0.806788
5463.14	0.593475
5461.47	0.402807
5461.16	0.278783
2544.12	0.168711
2544.23	0.16824
2544.5	0.16731
2638.43	0.165278
2731.27	0.161537
2812.28	0.15741
2890.97	0.153276
2969.44	0.149316
3047.82	0.145991
3125.81	0.144599
3202.1	0.148409
3280.04	0.161786
3362.17	0.18774
3447.09	0.228793
3531.14	0.257843
3623.55	0.307625
3705.98	0.338666
3782.21	0.354183
3852.72	0.371485
3927.22	0.387962
3997.26	0.403387
4065.82	0.417307
4127.92	0.423868
4190.37	0.434729
4255.09	0.444
4318.25	0.454497
4379.54	0.465528
4438.35	0.47727
4490.25	0.487177
4544.08	0.502253
4599.41	0.50424
4660.1	0.514593
4711.3	0.516508
4765.04	0.530243
4812.61	0.547084
4872.48	0.561421
4923.85	0.577883
4985.84	0.590285
5044.54	0.599823
5093.98	0.604968
5141.24	0.611221
5196.3	0.625634
5249.96	0.647692
5306.4	0.677774
5360.66	0.718139
5412.28	0.765267
5462.81	0.806889
5459.33	0.607252
5457.08	0.434664
5456.41	0.297632
2544.89	0.16864
2545.08	0.168159
2545.78	0.167183
2644.43	0.164961
2752.4	0.160577
2820.89	0.156983
2894.31	0.15337
2969.76	0.150317
3045.16	0.149559
3120.56	0.156492
3193.53	0.184504
3270.38	0.215245
3350.46	0.250883
3440.27	0.292999
3527.99	0.325195
3614.42	0.342866
3694.1	0.358919
3775.18	0.374796
3852.14	0.390187
3925.21	0.401289
3997.01	0.414269
4069.23	0.426594
4126.82	0.425202
4181.91	0.441032
4252.26	0.453808
4316.9	0.467393
4380.1	0.480768
4436.36	0.485029
4490.1	0.485695
4542.74	0.493505
4600.71	0.503311
4649.14	0.514225
4708.43	0.521419
4763.52	0.534447
4816.19	0.548976
4869.62	0.56366
4920.7	0.579234
4979.45	0.591072
5036.04	0.599904
5092.15	0.608916
5136.2	0.617811
5186.07	0.628179
5233.48	0.652815
5296.06	0.68167
5352.38	0.7209
5405.28	0.766665
5456.82	0.807072
5453.42	0.61084
5450.96	0.450239
5449.97	0.309458
2545.53	0.168589
2545.44	0.168134
2545.41	0.167232
2640.99	0.165179
2735.99	0.161346
2821.33	0.157024
2894.53	0.153133
2970.05	0.149477
3042.27	0.14643
3119.02	0.14497
3193.1	0.149597
3267.29	0.167923
3340.68	0.217131
3426.47	0.266172
3518.29	0.316007
3606.81	0.361434
3689.39	0.391306
3771.06	0.411212
3854.97	0.425962
3922.36	0.414877
3994.15	0.423389
4067.65	0.431758
4129.66	0.435121
4190.93	0.442088
4253.09	0.436557
4315.09	0.442997
4372.64	0.448228
4429.28	0.450536
4489.05	0.459758
4545.13	0.474737
4600.83	0.490377
4654.22	0.506791
4709.29	0.522387
4763.43	0.53847
4816.46	0.554729
4867.96	0.570858
4919.86	0.585756
4974.02	0.597119
5027.03	0.602069
5083.41	0.610688
5137.42	0.622161
5177.97	0.630388
5231.48	0.652596
5288.13	0.682814
5343.63	0.722356
5396.86	0.767563
5448.89	0.807343
5445.63	0.611443
5443.14	0.457292
5442.06	0.316871
2546.28	0.168536
2545.81	0.168113
2544.93	0.167282
2638.09	0.165332
2729.25	0.161672
2815.11	0.15741
2894.48	0.153151
2972.12	0.149111
3049.2	0.145721
3119.74	0.144636
3190.6	0.149565
3259.47	0.165346
3338.05	0.160376
3413.44	0.19276
3504.47	0.276773
3598.32	0.345899
3681.67	0.382489
3761.71	0.404108
3841.69	0.419101
3910.85	0.418818
3986.3	0.430963
4068.22	0.441042
4129.36	0.437483
4192.23	0.445998
4255.9	0.445268
4313.36	0.444555
4374.07	0.450005
4431.45	0.462122
4489.3	0.476375
4545.62	0.491048
4601.05	0.505946
4655.49	0.521101
4708.99	0.536315
4762.49	0.551525
4816.41	0.566154
4864.31	0.57131
4915.54	0.583992
4957.68	0.593773
5018.58	0.599708
5075	0.607189
5128.49	0.61841
5177.76	0.6368
5223.27	0.653733
5277.58	0.684153
5333.27	0.723685
5386.87	0.768375
5439.23	0.807715
5436.09	0.611464
5433.68	0.460274
5432.62	0.32099
2547.56	0.168452
2546.63	0.168055
2544.92	0.16727
2637.15	0.165356
2727.81	0.161723
2815.47	0.15742
2896.31	0.153071
2974.92	0.148916
3045.62	0.145541
3117.15	0.143049
3191.88	0.140797
3267.18	0.147104
3333.76	0.170733
3409.42	0.212068
3491.95	0.256429
3590	0.324978
3672.25	0.370466
3748.65	0.398843
3820.99	0.42008
3890.66	0.43847
3969.77	0.456237
4048.65	0.472571
4120.14	0.492273
4190.38	0.509991
4264.63	0.52047
4322.16	0.495167
4376.6	0.498961
4431.05	0.507557
4489.04	0.516351
4545.03	0.526767
4600.33	0.537357
4655.81	0.547877
4706.92	0.54977
4759.49	0.558854
4808.72	0.568334
4858.06	0.577441
4905.91	0.58938
4958.47	0.598187
5013.67	0.60443
5068.29	0.613172
5122.09	0.625162
5176.16	0.64199
5221	0.662797
5261.88	0.688603
5321.14	0.725321
5375.38	0.769183
5427.91	0.808191
5424.87	0.611412
5422.61	0.460881
5421.63	0.322651
2549.83	0.168313
2548.27	0.167941
2545.47	0.167193
2637.74	0.165281
2729.37	0.16159
2822.73	0.157037
2900.51	0.152817
2970.75	0.14904
3045.46	0.145019
3118.8	0.141391
3192.3	0.138502
3265.06	0.138788
3335.43	0.150069
3404.22	0.197271
3501.89	0.300275
3582.61	0.335811
3661.74	0.371556
3734.67	0.398693
3799.32	0.410724
3858.18	0.429717
3951.06	0.440426
4034.45	0.447774
4110.66	0.454415
4183.26	0.460583
4253.97	0.466337
4318.56	0.468834
4376.54	0.480129
4434.83	0.493151
4489.87	0.502219
4543.85	0.503949
4597.84	0.513417
4648.73	0.520732
4703.46	0.530777
4756.52	0.544655
4805.31	0.553944
4851.84	0.563753
4895.24	0.579564
4953.36	0.590236
5007.76	0.598952
5060.9	0.606884
5113.27	0.617679
5165.41	0.6332
5213.14	0.657901
5264.4	0.692007
5310.17	0.725974
5362.89	0.769539
5414.83	0.808782
5411.95	0.610857
5410.01	0.458714
5409.2	0.321925
2553.7	0.168103
2551.19	0.167761
2546.61	0.167069
2638.92	0.165207
2729.23	0.161616
2816.76	0.157348
2897.24	0.153015
2972.45	0.148864
3046.95	0.144863
3120.58	0.141207
3193.67	0.13859
3264.91	0.139671
3335.73	0.154599
3406.25	0.213299
3489.92	0.278098
3574.78	0.327975
3650.68	0.351257
3723.47	0.376578
3796.44	0.38612
3867.47	0.407624
3938.8	0.427819
4024.81	0.440043
4102.4	0.451751
4175.82	0.463746
4247.3	0.475638
4319.57	0.486996
4374.47	0.477142
4431.17	0.484816
4484.79	0.493014
4543.29	0.503668
4592.93	0.506998
4649.22	0.518626
4699.89	0.519159
4749.81	0.527727
4798.2	0.538006
4849.86	0.552678
4898.99	0.569924
4950.84	0.585085
5002.32	0.596612
5053.2	0.605434
5103.11	0.617402
5156.84	0.633506
5211.16	0.656652
5255.58	0.68657
5306.13	0.728934
5348.5	0.769611
5399.07	0.809471
5397.23	0.605247
5396.05	0.450187
5395.52	0.317849
2560.12	0.167804
2556.25	0.167487
2548.91	0.166841
2642.09	0.165
2731.88	0.161438
2817.94	0.15722
2899.42	0.152869
2975.1	0.148703
3049.63	0.144781
3123.21	0.141467
3197.13	0.140837
3264.72	0.147568
3333.18	0.173792
3406.35	0.206271
3485.53	0.214043
3556.93	0.205413
3628.01	0.225027
3713.43	0.291604
3794.76	0.339923
3870.21	0.374491
3941.76	0.39943
4020.57	0.415897
4095.83	0.42885
4168.21	0.439727
4238	0.449234
4304.04	0.457544
4365.49	0.459966
4424.68	0.467684
4481.98	0.476076
4538.1	0.484982
4593.74	0.486501
4642.64	0.489502
4693.93	0.498157
4747.67	0.510698
4797.69	0.528213
4848.54	0.546234
4898.39	0.564084
4947.47	0.580923
4996.73	0.594307
5045.5	0.60388
5087.63	0.614801
5145.45	0.627158
5197.89	0.645949
5243.9	0.675624
5293.65	0.713408
5340.29	0.757651
5378.06	0.792377
5381.18	0.584887
5381.26	0.430904
5380.92	0.310225
2570.48	0.167397
2564.83	0.167096
2553.56	0.166457
2648.63	0.164602
2738.29	0.161038
2823.81	0.15682
2907.57	0.152356
2979.15	0.148448
3053.57	0.144685
3125.81	0.141401
3195.89	0.13871
3264.97	0.139176
3335.93	0.145502
3408.04	0.142157
3483.7	0.142634
3556.21	0.144319
3626.88	0.163729
3698.34	0.236317
3789.45	0.331296
3871.52	0.372077
3946.69	0.39824
4016.59	0.397995
4089.48	0.409019
4160.94	0.415694
4230.47	0.421231
4295.63	0.425128
4358.59	0.434193
4418.92	0.44528
4475.86	0.45556
4530.79	0.466067
4589.04	0.477556
4643.48	0.493539
4698.78	0.510292
4747.08	0.51744
4794.26	0.534424
4846.23	0.551955
4896.83	0.569186
4942.61	0.579534
4990.87	0.592486
5035.82	0.601454
5085.46	0.611357
5137.49	0.625389
5188.45	0.646234
5238.75	0.677093
5280.7	0.713292
5326.69	0.762341
5372.05	0.808423
5367.78	0.602178
5366.62	0.428378
5365.65	0.307832
2586.55	0.166863
2579.09	0.166567
2564.53	0.165855
2660.54	0.163923
2748.89	0.160447
2831.56	0.156406
2905.98	0.152359
2984.58	0.148082
3061.15	0.144014
3127.46	0.140659
3194.55	0.137546
3267.35	0.133973
3338.85	0.131375
3410.53	0.128377
3483.15	0.126596
3555.18	0.127706
3626.42	0.139777
3695.34	0.183983
3781.48	0.279204
3874.15	0.336651
3936.52	0.307771
4008.87	0.340299
4082.61	0.366361
4153.68	0.384058
4222.85	0.39769
4288.21	0.410574
4352.21	0.424413
4411.81	0.429549
4471.42	0.439859
4528.84	0.454994
4585.98	0.470771
4641.38	0.486738
4694.57	0.503231
4745.84	0.52003
4797.21	0.537358
4843.54	0.544626
4889.49	0.557009
4937.28	0.571387
4984.39	0.586826
5031.32	0.598345
5079.7	0.608179
5128.78	0.621611
5177.03	0.641544
5223.25	0.671695
5264.36	0.717234
5311.16	0.766579
5358.31	0.811405
5353.58	0.616985
5351.34	0.481829
5349	0.324168
2610.13	0.166163
2600.53	0.165916
2578.94	0.165246
2679.64	0.163147
2768.21	0.15944
2847.29	0.155414
2924.07	0.151255
2992.33	0.147574
3058.28	0.143988
3131.21	0.140111
3201.03	0.136465
3271.51	0.132894
3341.92	0.129503
3412.56	0.126261
3483.68	0.123522
3555.06	0.122141
3626.88	0.124733
3699.76	0.137053
3776.83	0.162715
3852.53	0.195052
3919.87	0.193945
3992.11	0.259423
4073.95	0.332421
4145.33	0.370047
4216.32	0.393372
4279.51	0.39916
4340.43	0.410757
4405.22	0.425017
4466.77	0.441913
4524.91	0.459663
4582.49	0.476764
4639.41	0.493226
4690.34	0.495659
4742.68	0.506597
4791.18	0.516776
4840.51	0.53206
4887.81	0.55028
4931.13	0.566936
4977.09	0.583531
5024.71	0.59622
5072.21	0.606095
5119.25	0.619716
5165.22	0.640715
5209.71	0.673229
5253.67	0.719003
5292.81	0.767371
5338.21	0.812943
5332.82	0.628124
5330.35	0.484656
5329.35	0.328087
2643.41	0.165183
2634.01	0.164981
2602.72	0.164362
2710.86	0.161836
2797.1	0.157932
2865.47	0.154371
2929.61	0.150815
3001.07	0.146964
3069.28	0.143253
3138.53	0.139574
3207.37	0.135976
3276.36	0.132463
3345.49	0.129049
3414.94	0.125755
3484.85	0.122676
3555.33	0.120066
3626.57	0.118593
3698.91	0.119653
3772.71	0.124913
3845.98	0.134042
3916.21	0.146167
3982.3	0.196428
4065.42	0.298665
4132.48	0.337661
4200.68	0.3628
4270	0.383151
4334.4	0.404213
4399.02	0.423459
4462.99	0.440903
4519.34	0.445132
4577.66	0.455702
4630.33	0.462943
4686.31	0.472674
4738.93	0.487835
4788.9	0.504761
4837.6	0.523389
4884.65	0.542685
4930.08	0.562131
4967.02	0.579994
5017.53	0.593167
5064.22	0.603038
5109.24	0.6156
5152.56	0.634993
5193.56	0.665376
5231.4	0.71061
5266.9	0.766816
5310.29	0.814349
5308.1	0.623936
5308.03	0.475379
5308.25	0.324073
2686.18	0.163808
2689.46	0.163422
2703.11	0.162466
2763.97	0.159609
2823.73	0.156473
2885.26	0.153147
2947.81	0.149709
3013.39	0.14616
3079.63	0.142597
3146.73	0.139052
3214.14	0.135552
3281.71	0.13212
3349.52	0.128768
3417.7	0.125507
3486.41	0.12236
3555.81	0.119388
3626.05	0.11675
3697.17	0.114821
3768.95	0.114413
3841.14	0.11772
3913.6	0.13392
3988.11	0.196636
4047.03	0.218451
4111.71	0.241333
4194	0.30927
4261.47	0.354757
4324.66	0.382984
4390.62	0.394483
4452.98	0.401825
4515.41	0.409852
4573.97	0.424004
4629.22	0.439051
4683.53	0.455984
4735.77	0.473159
4785.84	0.491016
4834.39	0.509457
4881.33	0.528325
4926.5	0.547577
4969.25	0.567029
5013.45	0.58503
5057.14	0.597797
5099.62	0.608448
5140.18	0.623937
5177.76	0.648047
5208.36	0.681828
5238.77	0.719344
5269.2	0.733225
5280.65	0.587361
5285.67	0.454913
5287.29	0.31111
2725.79	0.162215
2734.63	0.161593
2756.32	0.160235
2798.35	0.157875
2848.77	0.155076
2904.25	0.152008
2963.25	0.148765
3025.39	0.145404
3089.55	0.141982
3155.12	0.138547
3221.31	0.135137
3287.5	0.131784
3353.91	0.128509
3420.8	0.125313
3488.2	0.122203
3556.47	0.119184
3625.69	0.116299
3695.75	0.113678
3765.59	0.111687
3836.24	0.111308
3907.09	0.1157
3977.27	0.132746
4042.04	0.164942
4102.24	0.222263
4188.3	0.313699
4251.35	0.303863
4307.02	0.315062
4383.24	0.343027
4450.79	0.367953
4512.85	0.391299
4571.14	0.411625
4626.69	0.431189
4680.51	0.450343
4732.55	0.469361
4782.19	0.488927
4830.74	0.508818
4877.86	0.529098
4923.54	0.549609
4968.54	0.569381
5008.96	0.578263
5050.73	0.592348
5091.02	0.601727
5129.32	0.609953
5163.72	0.618496
5194.94	0.627189
5222.68	0.632525
5246.2	0.609817
5259.54	0.536498
5266.72	0.415618
5268.34	0.276955
2756.71	0.160767
2767.13	0.160039
2789.32	0.158601
2824.53	0.156488
2868.96	0.153929
2919.96	0.151064
2975.88	0.147984
3035.71	0.144756
3098.5	0.141434
3163.37	0.138071
3229.06	0.13472
3293.73	0.131443
3358.58	0.128252
3424.21	0.125131
3490.05	0.122104
3557.18	0.119137
3625.56	0.116246
3695.65	0.113529
3762.47	0.111429
3831.99	0.110318
3901.29	0.111663
3969.4	0.118198
4032.67	0.129591
4103.52	0.138601
4174.93	0.164134
4239.82	0.171303
4298.43	0.200511
4378.21	0.289017
4450.04	0.348809
4510.84	0.38363
4568.04	0.408791
4623.15	0.430574
4676.81	0.451017
4729.46	0.470924
4777.51	0.476675
4826.57	0.490618
4874.07	0.501869
4919.77	0.512002
4961.37	0.521582
5004.92	0.530268
5045.91	0.543687
5084.69	0.555191
5121.01	0.562917
5154.2	0.565294
5184.05	0.561517
5209.95	0.548273
5230.78	0.516697
5245.03	0.441611
5252.54	0.341653
5254.15	0.221393
2777.42	0.1597
2788.02	0.158947
2809.51	0.157525
2841.7	0.155537
2882.81	0.153122
2931.04	0.150388
2984.93	0.147414
3043.45	0.144261
3105.81	0.14098
3171.32	0.137621
3238.4	0.134256
3300.45	0.131086
3363.2	0.128006
3428.24	0.124923
3491.5	0.122067
3557.6	0.119191
3624.75	0.116357
3691.66	0.113625
3760.5	0.110789
3829.37	0.108406
3898.02	0.106596
3966.02	0.10575
4033.05	0.106073
4101.83	0.108175
4170.55	0.115486
4236.32	0.1285
4297.26	0.1734
4375.61	0.286368
4453.96	0.355558
4508.89	0.343437
4564.05	0.36189
4618.58	0.373708
4671.93	0.382555
4720.35	0.386972
4772.77	0.392867
4823.32	0.403344
4871.33	0.413107
4916.94	0.422314
4960.1	0.430826
5002.2	0.442026
5042.34	0.450128
5080.25	0.454931
5115.62	0.455177
5148.09	0.449124
5177.3	0.435718
5202.41	0.412974
5222.16	0.380144
5236.18	0.327129
5242.38	0.227596
5246.47	0.198883
2787.72	0.159132
2798.25	0.158379
2819.23	0.156979
2850.17	0.155048
2889.82	0.152702
2936.75	0.15003
2989.69	0.147103
3047.72	0.143973
3110.43	0.140673
3178.2	0.137209
3253.36	0.133526
3307.15	0.13074
3366.25	0.127906
3424.58	0.125066
3490.79	0.122065
3557.19	0.11912
3624.12	0.116224
3691.45	0.113382
3759.64	0.110593
3828.1	0.107947
3896.48	0.105487
3964.53	0.103298
4032.31	0.101536
4100.57	0.100683
4168.76	0.10208
4236.05	0.108536
4303.24	0.128497
4374.78	0.167534
4442.74	0.209454
4501.92	0.215502
4557.89	0.228916
4612.93	0.242985
4666.12	0.254677
4716.26	0.264402
4768.24	0.283787
4821.2	0.300379
4869.81	0.311856
4915.54	0.319866
4958.96	0.325479
5000.66	0.329653
5040.42	0.330837
5077.96	0.329083
5113.02	0.324292
5145.33	0.316398
5174.81	0.306122
5199.93	0.292497
5218.61	0.269386
5230.19	0.223671
5238.45	0.198656
5242.76	0.179919
4464.3	0.439279
4508.79	0.444443
4563.79	0.458213
4618.31	0.474732
4672.2	0.490024
4711.99	0.497812
4732.36	0.54609
4776.88	0.548589
4826.26	0.560361
4873.77	0.570247
4919.81	0.57962
4957.05	0.583236
4973.49	0.627483
5008.27	0.630227
5050.42	0.64814
5090.69	0.662112
5129.16	0.677084
5162.78	0.687425
5180.49	0.699786
5206.1	0.700567
5217.99	0.719052
2662.04	0.164296
2722.37	0.161731
2782.75	0.158851
2811.97	0.157144
2882.75	0.153543
2965.6	0.149303
3021.08	0.146407
3048.43	0.144724
3119.12	0.141241
3200.46	0.137619
3257.3	0.13571
3288.1	0.134823
3361.61	0.134653
3443.59	0.140792
3499.3	0.153391
3532.91	0.156623
3608.3	0.189698
3700.13	0.276791
3761.32	0.315618
3793.05	0.344027
3876.82	0.352577
3957.6	0.360474
4000.18	0.363632
4021.68	0.368571
3947.08	0.491921
3980.62	0.491541
4046.98	0.4935
4115.94	0.494526
4175.62	0.501522
4240.52	0.502222
4299.71	0.504037
4358.6	0.50378
4401.34	0.503883
4424.45	0.514459
4476.01	0.515874
4530.85	0.523757
4584.12	0.527046
4628.13	0.537956
4674.32	0.540864
4725.65	0.544829
4775.19	0.547436
4820.07	0.550185
4826.97	0.561643
4658.43	0.622379
4701.91	0.626739
4752.36	0.632638
4803.76	0.639925
4856.31	0.646636
4909.35	0.654178
4962.81	0.661567
5016.8	0.668424
5071.99	0.674419
5127.72	0.681119
5183.39	0.68851
5238.59	0.69621
5293.06	0.703449
5338.29	0.71951
5389.1	0.724056
5435.63	0.728424
5475.49	0.72528
5478.9	0.550183
4657.44	0.560835
4694.42	0.566649
4713.64	0.585021
4743.28	0.585267
4788.35	0.59781
4832.4	0.615284
4874.81	0.630884
4893.54	0.670556
4918.19	0.671651
4964.48	0.682583
5011.06	0.695823
5060.75	0.703815
5081.18	0.721898
5107.27	0.721988
5153.18	0.737472
5196.19	0.756786
5240.91	0.764397
5267.86	0.765783
5295.54	0.765466
5335.38	0.767949
5340.85	0.592509
5341.66	0.478771
3995.33	0.412855
4027.56	0.413818
4052.44	0.429631
4100.89	0.429899
4170.46	0.442652
4235.84	0.453253
4300.88	0.460619
4343.18	0.463717
4367.43	0.48773
4424.11	0.489664
4484.93	0.494851
4532.27	0.512155
4578.78	0.516325
4598.05	0.540916
4636.89	0.541407
4689.41	0.550208
4741.64	0.554703
4793.41	0.557903
4823.54	0.558796
4843.58	0.562267
4869.75	0.562759
2803.21	0.158047
2821.86	0.156942
2846.53	0.155593
2894.24	0.153169
2970.25	0.149619
3038.4	0.147082
3066.29	0.146641
3118.75	0.146038
3190.85	0.15189
3254.53	0.166047
3279.76	0.173178
3330.39	0.19871
3409.64	0.310931
3486.47	0.349786
3515.93	0.391844
3581.38	0.393372
3661.67	0.406032
3723.9	0.408939
3738.37	0.416625
3795.8	0.416869
3867.69	0.421305
3923.27	0.420752
3932.1	0.400456
3588.38	0.469402
3649.99	0.470284
3732.27	0.473477
3815.25	0.475589
3896.53	0.478173
3971.39	0.483716
4042.29	0.488181
4109.83	0.49201
4180.74	0.493401
4237.26	0.502347
4295.07	0.505896
4353.78	0.508996
4410.83	0.512608
4467.74	0.514557
4523.82	0.51578
4567.71	0.515821
4587.36	0.523836
4629.47	0.523687
4674.16	0.525205
4705.07	0.524628
3927.13	0.447757
3985.95	0.456122
4056	0.467507
4124.94	0.478766
4192.18	0.487392
4258.24	0.492847
4312.63	0.495397
4337.19	0.524163
4385.57	0.525026
4444.91	0.538497
4501.43	0.546092
4555.84	0.553513
4608.45	0.560892
4659.03	0.56801
4704.49	0.57803
4748.8	0.584131
4793.91	0.586797
4831.62	0.587793
4848.71	0.596632
4883.25	0.596842
4924.5	0.599437
4952.33	0.599773
3728.15	0.409634
3794.31	0.415349
3873.35	0.429165
3950.38	0.440427
4026.57	0.448482
4072.66	0.453078
4100.8	0.488944
4165.04	0.490707
4232.22	0.494666
4297.15	0.498635
4359.26	0.503727
4416.85	0.511363
4467.27	0.523935
4527.45	0.528199
4584.14	0.535058
4638.11	0.540607
4681.86	0.542444
4700	0.564716
4740.35	0.564903
4791.07	0.567369
4826.67	0.567778
3858.33	0.358596
3903.36	0.364883
3918.99	0.375149
3975.2	0.385819
4047.49	0.403302
4116.04	0.416264
4182.77	0.426934
4249.54	0.433448
4314.27	0.437208
4377.54	0.438356
4437.46	0.438621
4475.04	0.437382
4493.15	0.423596
4539.81	0.426181
4590.7	0.43291
4640.95	0.438012
4687.6	0.443618
4732.86	0.448631
4775.44	0.45314
4811.38	0.456653
3019.27	0.146859
3073.82	0.144839
3146.89	0.144646
3221.16	0.152401
3292.85	0.186646
3374.44	0.293519
3451.85	0.362796
3534.23	0.395876
3622.02	0.420127
3707.06	0.433465
3791.07	0.442403
3870.67	0.44959
3944.37	0.455882
4021.14	0.457401
4096.97	0.458003
4168.03	0.458701
4229.03	0.458857
4283.45	0.458443
4306.45	0.460614
4404.8	0.362709
4427.61	0.365987
4444.49	0.458535
4488.65	0.463805
4512.72	0.507725
4545.5	0.507872
4586.98	0.512506
4607.23	0.530684
4649.14	0.53279
4667	0.55669
4704.42	0.557229
4732.17	0.564312
4754.79	0.568126
4790.52	0.571129
4805.72	0.583452
4843.72	0.58417
4862.74	0.598162
4895.27	0.598178
4929.73	0.600734
4951.11	0.613088
4989.95	0.615757
5005.53	0.6292
5043	0.630204
5072.86	0.633413
5105.73	0.632438
5146.93	0.634587
5161.64	0.634193
4211.95	0.49808
4231.46	0.497766
4285.27	0.50113
4342.96	0.504953
4399.14	0.507393
4423.27	0.524369
4461.56	0.524311
4515.66	0.538488
4570.35	0.545147
4620.19	0.552634
4642.84	0.566443
4674.5	0.566312
4723.01	0.575749
4771.07	0.580255
4818.04	0.583274
4839.12	0.589138
4863.6	0.588905
4917.62	0.604364
4967.89	0.614063
5017.12	0.618601
5044.02	0.619695
5069.2	0.619329
5110.17	0.619758
2595.87	0.16521
2611.24	0.165046
2660.63	0.163841
2748.52	0.160462
2831.62	0.156434
2895.45	0.153084
2918.84	0.151623
2978.57	0.148511
3053.42	0.144851
3126.38	0.142158
3172.78	0.142671
3199.81	0.144231
3264.27	0.155029
3330.78	0.202962
3404.28	0.316547
3436.25	0.373818
3489.11	0.378194
3574.11	0.394185
3651.19	0.404266
3714.27	0.408489
3740.48	0.428059
3798.27	0.42794
3848.75	0.430457
3895.16	0.423903
3926.05	0.426546
3952.29	0.480982
4016.1	0.482813
4089.24	0.48996
4160.7	0.496683
4230.68	0.50272
4267.46	0.50552
4302.91	0.506213
4365.13	0.513777
4424.47	0.519407
4482.23	0.524512
4533.3	0.526818
4553.12	0.549629
4592.43	0.549932
4648.72	0.554669
4699.77	0.560608
4750.5	0.564182
4788.6	0.56549
4808.07	0.577842
4851.37	0.578201
4881.8	0.579931
4492.47	0.481115
4501.43	0.485536
4534.66	0.485862
4576.72	0.492181
4591.81	0.522899
4628.17	0.524023
4667.81	0.528418
4679.68	0.55871
4719.5	0.56005
4758.38	0.562867
4776.69	0.584747
4823.31	0.586412
4857.86	0.588704
4869.59	0.596384
4913.44	0.598138
4933.84	0.613246
4956.32	0.612975
4998.67	0.616632
5012.1	0.628614
5040.09	0.628617
5083.11	0.632057
5095.74	0.650692
5130.07	0.65133
5167.82	0.656386
5176.07	0.671459
5200.99	0.672672
3158.16	0.175728
3207.6	0.215975
3287.62	0.326344
3379.16	0.350309
3468.98	0.369154
3553.21	0.386894
3636.05	0.400043
3713.47	0.4107
3744.49	0.44457
3787.34	0.444284
3861.42	0.449927
3930.74	0.456192
3996.44	0.462377
4061.87	0.466865
4127.27	0.471439
4192.92	0.475701
4257.62	0.479924
4320.06	0.483864
4380.65	0.486539
4435.2	0.487869
4455.59	0.499026
4487.98	0.498679
4511.67	0.502916
3525.42	0.367564
3550.53	0.370114
3574.66	0.405912
3638.18	0.40752
3721.84	0.420323
3802.44	0.430558
3853.98	0.434778
3883.79	0.458364
3952.35	0.458427
4011.07	0.444976
4077.32	0.445229
4105.58	0.45022
4152.14	0.449815
4219.41	0.459072
4284.92	0.463544
4332.87	0.465639
4356.54	0.486474
4410.38	0.487757
4470.3	0.495949
4526.05	0.501785
4551.13	0.511884
4582.7	0.511429
4636.84	0.515137
4688.11	0.517557
4721.27	0.519003
3867.52	0.478308
3874.04	0.478938
3922.62	0.478955
3994.2	0.480536
4066.72	0.482062
4129.48	0.491273
4190.89	0.496092
4252.96	0.499658
4314.72	0.504094
4373.54	0.509308
4418.81	0.511255
4440.45	0.542009
4489.23	0.543254
4542.94	0.551899
4599.96	0.554712
4649.71	0.565737
4708.07	0.568735
4763.23	0.574284
4816.19	0.577877
4869.43	0.578568
4899.05	0.578868
4907.17	0.578119
3998.31	0.311591
4045.48	0.354538
4077.81	0.409224
4132.14	0.411204
4194.15	0.424106
4221.22	0.458678
4279.39	0.460124
4326.37	0.465778
4353.46	0.486971
4411.3	0.490279
4441.77	0.500282
4475.55	0.499639
4528.22	0.505637
4549.53	0.524853
4593.2	0.524914
4636.24	0.533434
4653.74	0.56332
4699.85	0.564596
4735.71	0.568527
4757.47	0.583713
4804.6	0.585659
4827.86	0.593178
4858	0.59289
4903.88	0.593725
4924.15	0.594213
4948.55	0.594026
4954.09	0.590518
4957.37	0.592462
4988.39	0.592509
5003.54	0.598475
5039.36	0.598388
5054.7	0.613319
5090.57	0.613237
5102.59	0.629164
5133.74	0.629561
5146.5	0.647962
5175.93	0.64863
5189.57	0.673258
5220.86	0.67403
5232.56	0.712005
5259.78	0.713241
5276.61	0.743602
5308.02	0.744163
5320.07	0.775929
5346.57	0.776322
5354.69	0.79221
5375.54	0.792373
5371.37	0.790142
5367.19	0.657488
5358.35	0.652901
5357.14	0.64213
4192.38	0.417118
4252.16	0.43612
4291.87	0.450846
4324.77	0.465321
4390.46	0.470433
4450.24	0.478104
4475.57	0.505652
4518.42	0.505806
4577.79	0.519249
4622.99	0.523933
4643.52	0.555872
4689.76	0.557385
4742.83	0.569945
4774.42	0.573564
4797.4	0.586005
4843.48	0.5882
4888.12	0.591825
4908.56	0.601674
4942.06	0.601439
4991.2	0.61018
5030.55	0.611691
5048.71	0.615539
5083.44	0.615391
3909.35	0.469256
3957.71	0.469284
4016.61	0.470123
4040.45	0.482743
4093.36	0.482649
4162.02	0.488897
4226.8	0.493436
4292.82	0.496324
4355.65	0.501577
4414.46	0.507713
4466.79	0.510146
4488.67	0.527348
4527.84	0.527408
4583.01	0.537296
4636.79	0.542076
4688.18	0.548119
4736.68	0.554347
4792.93	0.556135
4843.81	0.558391
4864.65	0.562688
4885.52	0.562399
3918.82	0.461019
3977.32	0.463062
4011.46	0.468268
4046.78	0.467359
4117.58	0.467791
4152.4	0.471078
4182.06	0.471074
4237.67	0.469144
4272.67	0.470514
4296.52	0.476532
4351.89	0.479076
4388.93	0.481661
4410.71	0.492479
4463	0.493827
4501.67	0.49607
4522.02	0.508684
4570.66	0.510699
4607.26	0.514695
4624.2	0.537372
4668.49	0.538768
4703.93	0.541496
4719.53	0.55464
4758.31	0.555172
4790.09	0.557117
4793.4	0.553814
4128.08	0.476737
4172.98	0.477316
4232.43	0.481575
4290.4	0.48699
4340.51	0.489783
4358.58	0.514204
4400.87	0.514467
4461.49	0.522039
4519.55	0.529363
4569.92	0.541347
4593.46	0.552435
4621.08	0.552141
4668.18	0.559262
4712.31	0.567032
4761.6	0.570418
4790.38	0.573603
4804.67	0.58912
4844.7	0.590217
4886.37	0.595215
4930.49	0.597116
4962.6	0.597852
4971.95	0.607856
5003.74	0.607935
5013.65	0.593797
5021.59	0.599841
5043.65	0.599102
5054.02	0.597168
5058.51	0.602765
5081.43	0.603239
5093.69	0.603879
5098.57	0.615916
5121.29	0.617114
5134.94	0.621339
5140.79	0.634918
5161.21	0.636679
5176.09	0.63937
5179.45	0.658751
5198.58	0.661332
5211.57	0.659673
5213.96	0.676374
5230.47	0.680028
5242.14	0.67618
5240.91	0.70772
5253.19	0.716233
5262.41	0.717348
5255.38	0.745601
5262.74	0.766229
5264.52	0.766656
3552.17	0.120073
3568.78	0.120073
3604.75	0.119483
3625.8	0.122348
3666.29	0.126927
3690.78	0.129818
3720.04	0.154728
3755.62	0.173541
3780.82	0.307493
3830.45	0.337246
3864.08	0.407343
3902.17	0.419516
3941.9	0.418642
3972.6	0.426562
4017.45	0.426321
4043.82	0.440672
4077.12	0.445819
4107.82	0.450659
4127.62	0.446363
4167.95	0.445342
4189.71	0.405898
4214.42	0.396291
4232.12	0.382349
4074.58	0.464336
4129.94	0.465286
4183.83	0.466385
4201.46	0.484543
4252.42	0.484795
4315.42	0.492902
4363.24	0.49577
4384.73	0.522396
4435.62	0.52324
4490.48	0.531913
4528.2	0.53469
4547.28	0.5573
4599.39	0.559235
4660.7	0.562843
4693.93	0.567913
4719.31	0.576843
4772.9	0.578917
4826.77	0.583196
4855.56	0.584362
4888.82	0.583871
4946.14	0.585952
4986.15	0.587326
4992.35	0.588229
4992.41	0.5896
3963.49	0.500564
4009.82	0.502119
4080.05	0.507117
4149.26	0.513495
4215.73	0.520813
4280.06	0.527872
4342.42	0.534761
4404.42	0.540103
4465.42	0.54545
4525.58	0.550108
4585.12	0.553932
4643.5	0.557444
4698.3	0.562823
4751.8	0.566107
4784.46	0.567461
4804.88	0.582656
4852.91	0.583901
4903.71	0.586028
4955.42	0.586465
4998.3	0.587708
4958.64	0.590912
4965.55	0.59154
4994.7	0.591624
5012.51	0.600556
5037.47	0.602854
5061.56	0.602586
5080.3	0.612393
5111.93	0.612354
5130.09	0.622262
5155	0.624069
5179.06	0.623452
5196.54	0.636351
5227.36	0.636804
5243.83	0.653571
5266.46	0.658814
5288.35	0.658787
5302.11	0.685205
5331.06	0.686424
5343.21	0.71828
5362.21	0.726089
5380.65	0.726476
5390.8	0.757823
5416.07	0.758983
5428.67	0.799776
5449.45	0.804974
5461.15	0.804532
4532.06	0.545656
4573.21	0.547536
4621.52	0.551487
4668.85	0.556702
4702.52	0.559108
4719.29	0.578596
4758.19	0.580022
4801.97	0.584935
4845.15	0.587283
4881.1	0.588877
4892.74	0.625532
4924	0.627556
4965.13	0.639232
5008.8	0.645306
5055.25	0.649453
5066.54	0.686403
5096.88	0.686114
5140.61	0.708028
5180.96	0.724285
5217.95	0.738353
5234.22	0.751808
5237.65	0.71818
5250.35	0.718348
3486.04	0.420255
3551.11	0.424574
3631.88	0.431876
3712.6	0.43913
3787.76	0.447766
3861.62	0.455246
3930.79	0.463376
3997.39	0.468857
4038.01	0.471012
4066.86	0.487956
4127.66	0.490105
4190.45	0.493737
4254.91	0.496326
4318.04	0.499992
4379.26	0.503661
4437.77	0.507186
4490.44	0.511621
4545	0.512213
4591.13	0.510845
4607.78	0.5149
4638.29	0.514711
3682.73	0.466873
3732.89	0.467737
3807.5	0.477016
3877.68	0.486785
3945.62	0.49446
4011.81	0.50145
4078.18	0.506617
4143.66	0.511666
4207.43	0.516551
4270.58	0.52001
4332.9	0.522731
4394.08	0.524799
4445.99	0.525546
4465.68	0.544401
4507.13	0.544492
4563.8	0.550118
4618.18	0.552513
4680.45	0.552887
4736.57	0.556179
4788.84	0.5587
4825.12	0.559775
3260.08	0.133104
3307.42	0.130731
3367.11	0.127912
3405.75	0.126068
3430.84	0.12477
3491.53	0.12209
3557.69	0.119225
3624.91	0.116434
3690.59	0.113963
3721.42	0.113125
3761.94	0.111869
3831.92	0.111156
3901.18	0.113779
3969.3	0.126011
4025.59	0.162169
4044.75	0.226012
4102	0.303968
4186.75	0.317068
4250.58	0.313466
4299.86	0.315214
4326.21	0.52388
4326.72	0.52445
4374.73	0.526074
4431.66	0.529861
4472.04	0.532143
4492.73	0.55146
4543.43	0.552935
4598.21	0.560256
4640.61	0.562717
4660.15	0.584907
4706.45	0.585492
4759.73	0.590671
4803.5	0.591899
4822.31	0.609025
4863.85	0.610091
4915.39	0.62278
4957.3	0.629668
4981.86	0.632447
5026.2	0.632107
5083.39	0.638521
5134.56	0.640881
5151.99	0.650509
5185.71	0.650369
5218.2	0.653505
4285.21	0.57919
4322.37	0.579591
4376.48	0.583971
4431.23	0.587273
4488.72	0.589345
4544.8	0.593693
4600.18	0.597188
4655.35	0.599836
4706.86	0.612331
4759.11	0.618802
4808.56	0.632013
4857.81	0.641254
4906.09	0.651762
4958.55	0.657656
5013.49	0.662633
5068.08	0.669028
5121.94	0.675602
5175.46	0.681136
5221.05	0.691791
5253.35	0.694529
2779.8	0.158784
2783.73	0.158564
2800.06	0.157706
2865.83	0.154373
2910.25	0.152001
2929.23	0.150873
2992.51	0.147581
3050.01	0.144612
3070.9	0.143463
3127.18	0.140817
3191.67	0.138704
3216.95	0.140434
3264.38	0.141848
3335.27	0.158745
3368.9	0.212232
3404.98	0.261718
3485.54	0.316317
3547.82	0.351519
3578.5	0.398481
3650.56	0.402448
3717.57	0.408776
3742.87	0.426522
3798.14	0.426268
3850.85	0.43041
4193.32	0.493266
4240.91	0.497752
4277.64	0.501592
4301.35	0.526555
4356.96	0.52866
4412.92	0.536368
4470.48	0.54069
4499.47	0.545708
4523.69	0.552186
4574.1	0.555376
4627.33	0.559649
4676.78	0.566459
4697.67	0.579724
4723.03	0.579588
4771.05	0.58277
4818.97	0.586431
4864.91	0.588259
4881.88	0.600429
4909.9	0.600329
4956.05	0.605377
5000.43	0.608073
5034.66	0.607899
2766.3	0.159752
2820.8	0.157017
2894.46	0.153562
2969.76	0.151035
3045.1	0.152153
3119.99	0.165987
3190.5	0.222656
3269.85	0.333608
3350.45	0.378597
3439.92	0.400071
3527.7	0.413342
3613.81	0.421074
3694.03	0.429299
3774.73	0.433357
3851.71	0.437146
3925.04	0.439607
3996.89	0.43991
4067.54	0.439371
4125.96	0.440651
4169.29	0.441742
2876.16	0.154249
2902.31	0.152691
2968.75	0.149311
2996.91	0.148011
3045.11	0.145903
3115.89	0.145043
3146.9	0.150932
3189.77	0.155667
3256.95	0.19789
3296.75	0.31125
3340.34	0.32328
3427.36	0.355188
3483.04	0.36846
3527.91	0.375563
3614.78	0.378758
3670.17	0.380913
3706.81	0.38643
3782.37	0.389305
3835.22	0.39232
3864.25	0.400974
3931.34	0.40166
3983.67	0.402338
4008.72	0.404874
4065.3	0.406052
4110.14	0.40886
4117.8	0.420942
4361.26	0.564662
4367.56	0.564303
4415.52	0.567113
4470.67	0.570199
4527.67	0.573373
4583.58	0.578979
4638.08	0.584933
4691.81	0.590037
4741.04	0.598379
4790.99	0.604479
4839.23	0.614909
4897.96	0.61787
4942.77	0.619315
4964.35	0.648804
5014.02	0.650513
5071.7	0.656568
5128.19	0.661118
5181.22	0.668619
5235.43	0.67323
5287.96	0.678838
5333.84	0.68531
4721	0.596489
4747.41	0.596713
4797.94	0.60131
4849.96	0.609411
4905.23	0.614936
4961.12	0.619351
5004.86	0.621768
5021.93	0.670583
5061.01	0.673944
5116.23	0.677776
5171.57	0.682989
5226.44	0.689047
5280.28	0.695399
5332.48	0.700925
5382.59	0.703474
5422.63	0.698761
5462.79	0.691626
5469.03	0.47858
5470.53	0.301539
5470.89	0.262261
3823	0.439944
3880.22	0.441762
3945.4	0.44435
3997.78	0.445279
4018.23	0.457959
4069.47	0.458163
4129.82	0.465029
4197.83	0.467414
4239.88	0.468941
4264.3	0.485354
4322.44	0.487417
4383.06	0.494322
4438.52	0.499776
4461.08	0.517147
4494.62	0.516955
4551.09	0.52204
4606.94	0.525483
4652.57	0.526881
4667.86	0.542142
4710.71	0.542098
4764.7	0.545702
4805.03	0.547552
4075.19	0.462307
4092.13	0.464908
4129.85	0.464375
4186.42	0.466198
4205.02	0.481756
4255.62	0.481716
4304.73	0.486101
4325.71	0.512727
4376.6	0.512752
4414.34	0.51318
4436.38	0.514605
4489.11	0.515388
4513.56	0.517497
4543.14	0.516873
4590.3	0.517939
4606.5	0.523298
4642.7	0.523311
4687.8	0.526427
4704.26	0.549213
4746.95	0.550151
4782.8	0.553979
4799.4	0.566608
4843.23	0.567928
4868.09	0.571699
4888.24	0.573689
4929.48	0.575444
4944.62	0.580197
4956.87	0.580172
4488.38	0.45982
4492.39	0.460005
4523.4	0.460178
4539.48	0.470581
4563.58	0.475139
4580.94	0.487927
4599.33	0.499873
4625.53	0.499742
4637.92	0.526331
4667.92	0.526607
4680.36	0.532133
4705.65	0.533632
4723.1	0.537542
4739.78	0.539131
4763.68	0.538902
4775.22	0.548669
4801.03	0.54922
4809.91	0.566611
4833.78	0.568239
4845.43	0.578791
4861.4	0.583814
4882.27	0.583642
4891.3	0.591366
4913.5	0.591455
4916.49	0.562327
4190.53	0.500956
4227.02	0.502577
4246.62	0.529311
4299.03	0.530439
4357.07	0.535874
4412.95	0.540876
4470.54	0.544225
4525.99	0.550424
4581.09	0.555447
4630.69	0.564855
4674.71	0.575417
4719.48	0.579405
4770.67	0.582031
4823.75	0.583857
4864	0.584831
4884.16	0.597555
4929.91	0.597834
4980.97	0.604009
5029.4	0.606949
5061.76	0.607538
2709.42	0.162549
2730.31	0.161414
2779.07	0.159028
2808.87	0.157355
2882.82	0.15361
2945.78	0.150364
2971.42	0.148849
3037.06	0.14553
3110.97	0.142223
3140.56	0.141351
3198.84	0.139734
3277.34	0.142
3314.45	0.154367
3356.83	0.162838
3430.7	0.214173
3493.73	0.309651
3527.42	0.3373
3615.76	0.343258
3692.42	0.35047
3722.17	0.395921
3791.64	0.397827
3865.81	0.406316
3896.3	0.430172
3951.01	0.42931
3999.75	0.421589
3238.46	0.145649
3247.22	0.148429
3289.92	0.1558
3360.06	0.198743
3438.56	0.309262
3472	0.369356
3523.14	0.372773
3615.13	0.388078
3701.12	0.409065
3742.01	0.436638
3787.7	0.435905
3870.68	0.445416
3949.96	0.456545
3992.2	0.462616
4027.87	0.472322
4094.28	0.475013
4162.93	0.477714
4205.28	0.479051
4234.13	0.489055
4298.06	0.487879
4362.7	0.483862
4399.72	0.477878
4420.05	0.468701
4460.7	0.468581
3403.66	0.413019
3478.05	0.423662
3561.86	0.434238
3644.75	0.444817
3724.51	0.454701
3801.72	0.462437
3873.08	0.471479
3941.92	0.476926
4009.59	0.480248
4070.97	0.486729
4125.28	0.488646
4151.11	0.508159
4201.07	0.508211
4265.63	0.515177
4328.96	0.51668
4391.05	0.517764
4452.32	0.518203
4508.14	0.519497
4563.74	0.519781
4612.23	0.520266
