2930.03	0.153121
2944.74	0.155458
2973.87	0.160308
3016.15	0.167617
3068.24	0.177338
3127.15	0.18977
3193.61	0.201238
3265.41	0.212937
3338.45	0.22681
3414.23	0.241439
3491.04	0.253316
3567.78	0.262448
3643.62	0.269574
3717.83	0.275209
3789.3	0.279257
3856.21	0.281169
3920.83	0.285443
3983.53	0.289468
4043.72	0.292242
4100.65	0.293697
4154.08	0.294439
4204.65	0.295569
4252.99	0.297263
4299.91	0.300014
4344.68	0.303635
4387.38	0.307813
4427.51	0.312563
4461.45	0.312976
4493.99	0.321772
4524.76	0.328971
4553.79	0.334946
4581.08	0.339945
4606.52	0.344034
4630.28	0.347104
4652.6	0.34899
4673.88	0.349621
4694.59	0.349014
4714.31	0.347262
4732.83	0.344441
4750.09	0.340597
4766.08	0.335783
4780.87	0.330096
4794.51	0.323639
4807.11	0.316541
4818.81	0.3089
4829.73	0.300573
4838.7	0.28564
4845.37	0.265046
4849.66	0.246929
4851.75	0.240001
2914.94	0.157335
2929.76	0.162972
2959.86	0.173595
3005.14	0.185877
3059.84	0.19881
3117.6	0.219519
3186.41	0.263299
3264.86	0.306775
3340.53	0.327203
3416.8	0.338489
3493.51	0.346821
3570.02	0.353574
3645.73	0.359136
3720.1	0.363613
3792.12	0.366406
3857.9	0.364167
3922.03	0.367542
3984.61	0.370759
4044.82	0.372662
4101.62	0.373151
4154.59	0.373217
4204.73	0.375062
4252.69	0.378375
4298.85	0.382431
4343.21	0.386567
4386.24	0.390556
4429.5	0.393263
4458.47	0.374638
4491.78	0.374558
4522.69	0.379758
4551.88	0.385014
4579.37	0.390081
4604.73	0.395008
4628.32	0.400401
4650.29	0.406542
4671.12	0.4128
4692.24	0.418981
4712.13	0.42246
4730.67	0.423247
4747.85	0.420992
4763.72	0.41484
4778.34	0.403471
4791.81	0.386807
4804.2	0.36679
4815.66	0.345477
4826.32	0.325625
4835.92	0.308979
4843.62	0.293084
4848.52	0.266575
4850.83	0.247859
2884.42	0.167292
2898.61	0.182097
2929.29	0.210212
2983.39	0.277626
3046.92	0.330273
3112.44	0.365669
3183.55	0.389972
3260.07	0.402081
3337.71	0.4121
3415.51	0.420094
3493.08	0.426033
3570.08	0.430747
3646.31	0.434879
3721.92	0.438558
3798.34	0.441625
3858.73	0.429143
3922.4	0.432635
3985.77	0.435346
4047.02	0.436385
4104.13	0.434814
4155.64	0.431397
4204.69	0.432038
4251.85	0.43435
4297.21	0.437532
4340.79	0.441603
4382.63	0.446753
4422.8	0.453574
4459.2	0.465953
4489.23	0.455928
4519.64	0.45301
4548.96	0.45777
4577.09	0.462067
4602.03	0.462044
4625.24	0.466401
4646.49	0.471998
4665.56	0.480608
4688.8	0.492836
4709.13	0.502006
4727.83	0.509545
4745.09	0.515039
4760.91	0.517467
4775.31	0.515241
4788.31	0.505881
4800.02	0.485708
4810.68	0.450752
4820.81	0.40058
4830.55	0.353174
4839.34	0.321076
4845.9	0.299072
4848.87	0.270959
2838.65	0.18341
2849.27	0.215534
2891.35	0.296001
2948.03	0.341878
3017.29	0.382138
3092.8	0.411059
3170.95	0.431755
3251	0.444173
3331.41	0.45243
3411.3	0.458559
3490.28	0.463294
3568.15	0.466997
3644.84	0.469908
3720.37	0.47226
3794.82	0.474369
3853.93	0.476179
3920.84	0.478543
3986.96	0.480855
4051.32	0.481944
4110.22	0.480714
4157.13	0.478523
4204.51	0.480749
4250.65	0.482537
4295.2	0.484451
4337.92	0.487079
4378.53	0.491058
4417.71	0.497015
4454.14	0.504887
4485.98	0.513575
4517.78	0.517427
4546.24	0.518845
4577.97	0.523138
4600.19	0.509762
4623.44	0.514476
4645.08	0.523384
4665.58	0.53222
4686.3	0.537762
4705.92	0.545566
4724.76	0.553496
4742.25	0.559969
4758.3	0.565066
4772.76	0.56965
4785.67	0.574271
4796.94	0.576216
4806.69	0.566112
4815.41	0.523755
4824.22	0.440352
4833.87	0.365952
4841.49	0.324956
4845.71	0.301778
2780.66	0.195012
2785.86	0.245112
2808.29	0.336753
2888.08	0.383451
2976.94	0.416919
3065.59	0.439404
3152.88	0.453222
3238.71	0.462161
3322.9	0.468675
3405.34	0.473923
3486.02	0.47836
3564.95	0.482188
3642.14	0.485536
3717.56	0.48854
3791.06	0.491384
3862.18	0.494367
3917.98	0.497972
3987.81	0.501986
4059.03	0.502975
4111.95	0.506909
4157.83	0.497452
4204.4	0.499829
4250.09	0.502409
4294.26	0.505129
4336.52	0.508124
4374.86	0.511675
4414.88	0.516079
4451.28	0.52283
4484.73	0.5299
4516.59	0.535904
4547.22	0.541305
4572.26	0.542112
4599.02	0.548582
4621.03	0.549749
4642.63	0.5553
4663.24	0.559318
4682.88	0.561956
4701.56	0.565734
4721.17	0.571495
4739.07	0.57668
4755.51	0.582706
4770.06	0.590615
4783.11	0.605756
4794.35	0.627441
4803.69	0.652699
4811.15	0.661763
4818.03	0.562192
4828.78	0.420274
4837.19	0.351834
4841.73	0.322895
2716.81	0.196972
2701.31	0.223172
2660.58	0.355959
2813.8	0.41267
2931.8	0.433652
3035.95	0.443709
3132.82	0.448542
3224.88	0.451372
3313.15	0.453743
3398.29	0.456249
3480.77	0.459057
3560.87	0.462173
3638.71	0.465543
3714.27	0.469077
3787.35	0.47266
3857.42	0.476187
3923.24	0.479605
3985.12	0.484235
4047.9	0.4885
4103.98	0.491039
4154.85	0.495009
4203.23	0.501834
4249.55	0.508986
4293.88	0.516126
4336.39	0.523078
4377.86	0.529636
4413.39	0.529591
4449.15	0.536043
4482.87	0.54248
4514.53	0.548561
4544.31	0.554338
4572.19	0.560275
4595.65	0.562209
4618.16	0.567204
4639.86	0.57295
4660.3	0.578085
4682.58	0.583599
4698.22	0.587768
4717.28	0.594922
4735.23	0.602354
4752.44	0.608906
4766.54	0.613612
4780.14	0.634919
4791.62	0.66229
4801.29	0.699125
4808.75	0.741503
4815.87	0.702457
4825.67	0.463184
4833.85	0.370813
4838.43	0.336991
2667.18	0.198479
2651.46	0.21324
2617.02	0.378728
2768.13	0.431478
2896.08	0.438766
3009.58	0.441752
3113.8	0.443245
3211.23	0.444593
3303	0.446277
3390.45	0.448341
3474.53	0.450708
3555.75	0.45331
3634.34	0.456105
3710.31	0.459066
3783.58	0.462171
3853.96	0.465409
3921.46	0.468815
3978.69	0.471437
4040.69	0.472733
4098.49	0.475684
4151.71	0.479428
4201.57	0.484067
4248.57	0.489369
4292.95	0.495306
4335.03	0.501734
4375.08	0.508263
4412.34	0.514221
4448.18	0.521299
4482.07	0.528691
4513.36	0.536725
4542.47	0.545191
4569.55	0.553545
4594.21	0.561501
4616.82	0.56935
4635.99	0.575189
4660.33	0.580153
4678.51	0.582888
4696.19	0.585708
4712.98	0.593208
4730.24	0.599115
4749.34	0.6084
4765.4	0.61937
4778.67	0.639753
4789.72	0.667071
4799.53	0.701399
4807.7	0.741224
4814.67	0.710646
4823.64	0.479458
4831.26	0.380583
4835.87	0.344217
2632.31	0.202285
2620.4	0.213117
2596.98	0.400438
2740.79	0.44623
2870.45	0.44909
2988.58	0.451402
3097.89	0.453714
3199.74	0.456138
3293.81	0.458707
3382.72	0.461473
3467.94	0.464347
3550.11	0.467268
3629.46	0.470218
3706.01	0.473213
3779.67	0.476276
3850.42	0.479431
3918.46	0.482664
3984.55	0.485872
4034.78	0.484319
4094.75	0.486724
4149.2	0.491132
4200.02	0.495803
4247.48	0.500617
4291.59	0.505778
4332.97	0.511647
4372.39	0.518017
4410.1	0.524696
4446.57	0.531321
4481.31	0.537856
4511.83	0.544143
4540.18	0.552042
4566.99	0.559631
4592.59	0.566451
4614.4	0.569573
4636.11	0.574335
4656.57	0.574867
4675.98	0.575387
4695.42	0.57809
4712.58	0.582936
4731.65	0.588812
4749.52	0.597131
4764.96	0.612397
4778.34	0.636287
4787.67	0.665688
4798.85	0.698803
4806.86	0.725416
4813.94	0.667327
4822.13	0.475747
4828.8	0.384467
4834.01	0.348318
2608.68	0.207312
2600.34	0.215901
2584.71	0.429262
2723.34	0.46772
2852.4	0.469454
2972.78	0.471514
3086.09	0.47363
3192.9	0.475457
3286.84	0.475878
3375.81	0.478112
3461.6	0.480581
3544.56	0.483124
3624.7	0.485701
3701.93	0.488335
3776.08	0.491078
3847.04	0.494004
3914.86	0.497199
3979.5	0.500792
4039.91	0.505242
4093.99	0.505613
4147.86	0.50998
4199.42	0.514703
4247.33	0.519428
4290.54	0.524328
4330.48	0.530262
4369.01	0.536597
4406.74	0.54296
4444.32	0.54897
4482.44	0.554154
4510.19	0.550768
4537.21	0.555596
4563.54	0.558714
4587.09	0.562108
4612.73	0.565842
4635.14	0.571267
4655.83	0.573845
4676.06	0.575848
4694.67	0.579432
4713.56	0.584918
4731.9	0.592436
4749.6	0.604615
4764	0.616258
4776.79	0.639347
4788.83	0.670419
4799.01	0.707874
4806.91	0.744086
4813.57	0.721685
4821.89	0.498289
4828.99	0.393615
4833.43	0.351057
2592.92	0.211992
2587.25	0.218789
2576.8	0.470069
2711.62	0.503452
2839.35	0.505193
2960.58	0.507655
3077.49	0.510284
3195.88	0.511903
3282	0.498496
3369.34	0.498553
3455.38	0.500204
3539.14	0.502016
3620.21	0.50378
3698.31	0.50549
3773.1	0.507178
3844.25	0.508915
3911.93	0.51077
3976.2	0.512822
4036.77	0.515187
4091.05	0.517833
4146.45	0.521212
4200.13	0.523983
4249.57	0.527528
4290.58	0.526299
4327.28	0.527865
4364.35	0.532106
4401.51	0.530731
4439.48	0.534317
4474.72	0.538165
4504.94	0.538033
4532.14	0.541502
4560.82	0.548052
4586.76	0.556172
4611.97	0.56381
4631.57	0.568355
4654.96	0.573014
4675.9	0.577876
4695.89	0.583165
4712.86	0.587646
4730.42	0.591747
4747.15	0.600521
4763.46	0.61575
4777.38	0.639767
4789.38	0.670989
4799.28	0.708322
4807.07	0.743103
4813.65	0.719218
4821.95	0.497887
4829.08	0.394771
4833.32	0.351227
2582.51	0.215409
2578.71	0.221472
2571.58	0.476841
2703.42	0.49996
2829.31	0.498966
2949.35	0.497851
3064.03	0.496562
3173.06	0.494817
3269.51	0.491238
3361.04	0.491459
3449.32	0.492301
3534.72	0.493424
3617.3	0.494797
3696.93	0.496459
3773.01	0.498484
3844.19	0.50102
3911.78	0.503945
3976.33	0.506986
4038.18	0.510137
4098.71	0.513255
4145.35	0.515205
4205.38	0.519379
4247.63	0.51306
4288.17	0.517213
4326.73	0.521279
4362.78	0.526012
4402.98	0.530864
4436.58	0.530593
4468.65	0.533674
4500.68	0.537852
4529.45	0.543702
4558.35	0.550326
4584.84	0.55833
4606.9	0.564541
4630.92	0.570293
4654.44	0.57509
4674.56	0.578311
4694.23	0.58329
4712.55	0.588678
4727.84	0.592715
4746.63	0.600647
4762.75	0.617651
4777.3	0.640762
4789.56	0.671126
4799.47	0.707724
4807.23	0.74145
4813.82	0.713489
4822.15	0.491919
4829.29	0.39183
4833.45	0.350035
2575.69	0.217554
2573.13	0.226846
2567.99	0.479866
2697.34	0.496672
2821.34	0.495666
2939.81	0.494737
3052.67	0.49398
3159.47	0.493435
3258.85	0.493243
3352.98	0.493719
3443.19	0.494292
3530.2	0.494856
3614.47	0.495384
3696.28	0.495891
3775.09	0.496476
3845.09	0.493869
3912.09	0.494974
3976.67	0.496908
4038.45	0.499115
4096.59	0.501647
4150.94	0.505004
4199.12	0.504019
4245.2	0.507045
4286.22	0.512453
4325.73	0.518816
4362.93	0.522896
4398.18	0.527445
4434.1	0.533514
4467.18	0.540535
4498.53	0.54744
4529.1	0.554228
4555.92	0.557809
4580.72	0.56263
4605.19	0.566724
4628.68	0.570211
4651.91	0.573379
4673.22	0.573581
4693.75	0.576652
4712.62	0.58261
4729.9	0.590878
4746.27	0.603137
4761.04	0.620213
4776.92	0.641735
4789.62	0.671007
4799.64	0.706853
4807.41	0.739747
4814.02	0.707088
4822.42	0.484654
4829.58	0.387821
4833.7	0.348407
2571.25	0.219072
2569.46	0.237609
2565.46	0.503998
2692.84	0.517878
2815.23	0.517322
2932.31	0.517203
3043.98	0.517606
3150.05	0.518588
3250.42	0.520147
3345.93	0.52187
3437.45	0.523514
3525.69	0.525016
3611.4	0.526333
3695.96	0.5273
3783.41	0.527251
3846.45	0.520245
3912.23	0.520866
3977.23	0.521546
4039.73	0.52197
4095.61	0.521529
4147.36	0.522626
4195.19	0.525155
4245.29	0.528098
4283.28	0.521661
4322.09	0.522975
4360.61	0.527062
4396.84	0.531945
4432.07	0.537084
4465.14	0.542797
4494.94	0.547763
4525.86	0.552083
4553.78	0.557013
4576.83	0.560333
4603.5	0.565942
4627.7	0.568708
4648.42	0.571147
4671.52	0.57452
4692.7	0.577957
4711.96	0.582526
4729.6	0.589298
4745.96	0.601443
4761.42	0.620063
4777.15	0.641252
4789.86	0.670175
4799.88	0.705704
4807.62	0.738103
4814.26	0.701063
4822.74	0.477807
4829.93	0.383997
4834.02	0.346808
2568.46	0.220138
2567.14	0.250658
2563.87	0.512087
2689.89	0.523421
2811.03	0.522898
2927.02	0.522567
3037.82	0.522474
3143.47	0.522596
3244.14	0.522885
3340.3	0.523261
3432.51	0.523679
3521.27	0.524115
3607.07	0.52455
3690.25	0.524963
3770.39	0.525331
3841.86	0.525756
3910.94	0.527202
3979.29	0.5284
4049.15	0.529408
4099.13	0.524252
4147.73	0.524979
4198.03	0.526597
4238.37	0.530265
4283.43	0.535814
4321.87	0.534365
4359.37	0.535213
4394.74	0.537407
4430.9	0.541525
4464.15	0.546289
4496.68	0.551514
4524.61	0.554804
4548.64	0.557803
4572.21	0.558974
4598.74	0.560395
4624.54	0.563975
4647.08	0.567892
4671.18	0.571264
4692.62	0.575534
4711.79	0.581492
4728.76	0.590069
4744.02	0.60233
4762.46	0.617806
4777.81	0.639368
4790.32	0.66861
4800.21	0.704284
4807.88	0.736557
4814.52	0.695897
4823.06	0.471985
4830.28	0.380742
4834.36	0.345412
2566.86	0.221011
2565.8	0.256748
2562.99	0.499281
2688.19	0.50874
2808.45	0.508292
2923.52	0.507931
3033.56	0.507684
3138.77	0.507549
3239.4	0.50754
3335.77	0.50769
3428.25	0.508017
3517.15	0.508509
3602.72	0.509128
3685.03	0.509805
3763.63	0.510433
3837.38	0.510937
3908.15	0.512081
3977.53	0.513622
4048.27	0.515287
4096.72	0.507567
4143.36	0.510011
4193.77	0.513275
4245.1	0.516497
4280.44	0.510967
4318.6	0.510813
4359.02	0.51564
4398	0.522438
4432.18	0.524644
4464.6	0.532695
4496.12	0.540038
4520.51	0.541951
4546.31	0.54572
4573.34	0.552333
4598.73	0.559405
4622.18	0.5658
4648.56	0.570625
4671.31	0.57178
4692.55	0.575695
4711.54	0.581051
4727.38	0.589361
4746.78	0.598982
4764	0.614785
4778.72	0.636979
4790.88	0.666702
4800.58	0.702747
4808.14	0.735145
4814.76	0.69165
4823.35	0.467211
4830.59	0.378058
4834.67	0.344231
2566.09	0.221177
2565.23	0.256804
2562.72	0.472574
2687.78	0.480762
2807.46	0.480833
2921.57	0.481007
3030.75	0.481093
3135.37	0.481247
3235.74	0.481506
3332.06	0.481926
3424.56	0.482536
3513.44	0.483336
3598.8	0.484291
3680.74	0.485331
3759.03	0.486404
3833.27	0.487552
3904.13	0.489037
3971.78	0.490708
4035.89	0.491945
4094.49	0.490806
4132.81	0.48678
4186.14	0.4873
4234.07	0.4894
4273.93	0.48968
4316.98	0.493667
4357.49	0.500506
4397.12	0.50745
4435.05	0.514775
4464.46	0.516669
4491.7	0.524698
4520.75	0.528987
4548.13	0.538631
4574.84	0.547515
4600.47	0.555349
4625.16	0.561716
4649.88	0.566281
4673.02	0.569977
4693.98	0.573964
4713.43	0.579348
4731.38	0.586729
4749.19	0.596011
4765.45	0.61201
4779.6	0.634662
4791.41	0.664824
4800.9	0.701279
4808.34	0.733899
4814.94	0.688107
4823.57	0.463232
4830.84	0.375796
4834.92	0.34321
2565.97	0.221371
2565.29	0.257369
2563.03	0.452171
2689.06	0.45915
2808.39	0.459146
2921	0.459676
3029	0.460377
3132.82	0.461108
3232.78	0.461943
3328.86	0.462952
3421.28	0.464153
3510.09	0.465562
3595.2	0.467182
3677.06	0.468951
3755.51	0.470903
3829.63	0.473155
3900.45	0.475649
3966.72	0.478468
4026.25	0.4802
4082.65	0.482218
4132.72	0.485117
4180.95	0.483599
4228.23	0.487648
4272.3	0.491527
4315.02	0.495799
4353.97	0.500894
4395.15	0.507483
4434.21	0.51497
4464.06	0.517265
4490.23	0.522771
4519.96	0.532188
4548.07	0.541554
4574.98	0.550134
4600.82	0.557516
4625.87	0.563264
4650.61	0.567264
4674.73	0.570248
4694.68	0.573184
4714.52	0.578244
4733.14	0.585069
4750.61	0.594045
4766.42	0.609855
4780.19	0.632759
4791.74	0.663247
4801.08	0.700045
4808.42	0.732843
4815	0.684934
4823.69	0.45967
4831	0.373784
4835.08	0.34228
2566.3	0.222695
2565.86	0.266707
2564.09	0.453532
2693.41	0.458252
2812.48	0.455157
2921.53	0.452737
3027.98	0.453345
3130.67	0.454133
3230.3	0.455075
3325.97	0.456236
3418.29	0.457612
3507.2	0.459208
3591.63	0.461101
3673.62	0.463176
3753.24	0.465427
3826.27	0.465019
3898.38	0.46681
3959.33	0.467868
4020.85	0.471039
4076.93	0.475306
4128.54	0.480223
4177.21	0.485777
4224.78	0.491903
4269.89	0.498294
4313.08	0.50481
4354.89	0.511399
4392.47	0.513467
4430.26	0.519027
4457.88	0.522281
4487.41	0.528185
4518.23	0.535807
4546.71	0.544722
4573.81	0.552943
4599.71	0.559943
4624.71	0.565257
4649.82	0.568758
4675.3	0.57129
4693.24	0.573248
4714.51	0.577554
4733.65	0.584025
4751.15	0.592787
4766.8	0.608348
4780.38	0.631406
4791.78	0.662139
4801.02	0.699168
4808.32	0.731988
4814.92	0.681797
4823.68	0.456206
4831.04	0.371869
4835.13	0.341383
2566.79	0.225959
2566.66	0.286894
2565.91	0.483582
2704.43	0.485968
2823.19	0.480957
2921.31	0.474994
3027.35	0.474015
3128.25	0.47399
3228.46	0.474634
3323.11	0.475286
3415.42	0.476444
3505.54	0.477732
3587.31	0.477147
3669.34	0.478825
3744.01	0.480654
3823.99	0.483867
3903.93	0.485792
3959.91	0.472638
4017.9	0.474503
4072.78	0.477271
4124.49	0.48069
4171.84	0.484391
4221.08	0.489619
4266.77	0.495711
4309.93	0.502143
4350.67	0.508812
4388.27	0.515745
4423.93	0.523334
4455.88	0.531351
4488.43	0.539006
4516.27	0.541217
4544.27	0.548202
4571.51	0.55434
4597.29	0.559999
4621.32	0.565042
4646.54	0.568566
4671.83	0.571118
4694.88	0.574132
4714.3	0.576901
4733.4	0.583349
4750.99	0.592008
4766.61	0.607416
4780.12	0.630653
4791.45	0.661639
4800.68	0.698763
4808	0.731348
4814.66	0.678454
4823.53	0.452654
4830.94	0.369985
4835.05	0.3405
2567	0.225861
2566.76	0.279534
2565.24	0.485388
2697.37	0.489443
2817.26	0.488276
2929.22	0.487973
3028.93	0.485221
3123.56	0.484354
3229.26	0.483124
3319.73	0.481126
3411.88	0.481574
3495.2	0.481944
3583.23	0.482646
3665.34	0.483932
3742.79	0.485511
3818.92	0.487008
3891.69	0.488744
3955.86	0.491277
4016.78	0.494942
4070.41	0.496175
4121.23	0.500698
4171.96	0.505635
4218.08	0.50504
4263.35	0.50901
4306.45	0.513079
4346.88	0.517194
4383.38	0.521619
4414.07	0.526115
4450.87	0.529609
4483.92	0.534556
4513.91	0.53993
4540.83	0.54665
4569.19	0.552583
4595.01	0.559454
4619.2	0.565021
4641.05	0.568394
4668.43	0.570338
4692.39	0.573167
4712.61	0.57766
4732.26	0.583168
4750.21	0.591628
4765.92	0.606987
4779.38	0.630563
4790.68	0.661987
4800.02	0.698972
4807.45	0.730943
4814.23	0.67488
4823.23	0.449068
4830.72	0.368189
4834.86	0.339663
2567.08	0.227868
2566.96	0.287343
2565.69	0.499482
2698.99	0.503183
2815.94	0.502691
2928.97	0.502496
3029.07	0.502091
3132.98	0.502457
3221.22	0.502363
3314.69	0.505297
3409.43	0.508396
3496.94	0.510218
3582.12	0.511309
3663.13	0.512622
3740.09	0.514422
3814.4	0.516535
3885.32	0.519579
3952.49	0.523816
4020.43	0.52673
4068.39	0.52405
4115.6	0.527553
4167	0.532915
4214.75	0.537789
4260.81	0.542028
4304.69	0.546111
4346.88	0.547644
4379.96	0.543647
4414.44	0.547779
4448.92	0.551245
4481.54	0.555791
4512.2	0.56065
4541.58	0.564859
4566.96	0.565918
4592.06	0.569228
4614.64	0.57219
4641.84	0.572988
4666.22	0.573746
4691.37	0.575928
4714.17	0.580087
4730.4	0.584251
4749.08	0.591677
4764.83	0.607085
4778.16	0.631385
4789.32	0.663932
4799.04	0.69999
4806.71	0.730791
4813.65	0.671507
4822.8	0.445897
4830.38	0.366691
4834.54	0.338979
2566.85	0.232997
2567.11	0.310357
2567.53	0.498812
2713.32	0.49983
2815.26	0.49445
2916.06	0.494412
3025.77	0.494062
3129.6	0.494336
3227.27	0.494963
3325.91	0.496306
3411.41	0.496864
3498.33	0.499727
3582.59	0.502944
3662.49	0.505544
3737.62	0.508171
3810.86	0.510294
3880.4	0.512392
3946.07	0.514429
4008.57	0.516197
4063.76	0.517202
4116.95	0.520347
4163.77	0.519226
4211.24	0.520929
4255.2	0.521805
4299.59	0.523013
4340.77	0.524627
4377.99	0.526315
4412.4	0.531919
4447.7	0.53798
4480.14	0.545383
4510.61	0.552651
4539.11	0.559471
4565.37	0.565473
4591.66	0.570425
4616.64	0.574399
4642.45	0.577424
4668.1	0.580298
4690.41	0.580614
4712.15	0.584961
4731.76	0.590966
4748.26	0.597613
4763.46	0.612325
4776.44	0.634819
4786.84	0.668111
4797.9	0.701446
4805.92	0.7308
4813	0.669567
4822.26	0.444171
4829.92	0.365894
4834.13	0.33863
2565.81	0.226576
2565.56	0.282081
2564.2	0.476585
2694.15	0.4801
2808.54	0.476223
2917.26	0.4752
3025.03	0.475523
3129.15	0.475893
3229.13	0.476588
3325.92	0.47765
3416.6	0.479116
3503.69	0.481084
3584.47	0.482772
3663.81	0.485123
3734.31	0.488004
3808.38	0.491105
3876.74	0.493799
3940.26	0.494991
4001.57	0.495882
4058.73	0.495671
4110.71	0.496155
4160.7	0.498558
4208.09	0.50307
4253.21	0.507881
4296.86	0.513339
4338.15	0.518921
4376.51	0.525001
4414.13	0.531332
4446.77	0.533406
4478.21	0.538476
4508.6	0.543966
4536.64	0.549352
4561.61	0.555057
4590.49	0.558551
4615.77	0.56318
4641.15	0.566739
4666.38	0.569292
4689.53	0.57185
4711.3	0.576038
4730.88	0.582292
4747.37	0.591702
4763.03	0.605867
4776.55	0.630033
4787.82	0.662708
4797.61	0.699171
4805.32	0.730393
4812.34	0.670543
4821.65	0.444882
4829.39	0.365984
4833.64	0.338657
2564.66	0.223842
2564.12	0.268178
2562.13	0.470208
2686.97	0.475948
2804.18	0.475014
2916.08	0.474626
3024.57	0.474536
3129.51	0.474661
3230.87	0.474921
3328.81	0.475244
3422.19	0.475534
3507.62	0.475377
3588.85	0.476794
3668.62	0.478651
3740.53	0.475862
3808.65	0.47437
3872.01	0.473768
3937.9	0.47254
3998.11	0.475946
4054.88	0.479543
4107.27	0.483712
4157.47	0.488486
4204.5	0.493753
4250.03	0.499104
4293.86	0.504655
4335.94	0.510399
4373.27	0.512116
4410.48	0.516495
4444.78	0.520532
4478.28	0.526307
4509.44	0.534609
4538.36	0.542946
4565.42	0.550876
4592.22	0.557534
4616.99	0.563208
4637.75	0.567692
4664.45	0.570708
4687.67	0.574058
4710.22	0.578609
4730.61	0.585033
4749.12	0.59366
4762.02	0.605301
4776.23	0.627583
4787.72	0.659198
4797.14	0.697025
4804.64	0.729909
4811.58	0.670898
4820.97	0.444142
4828.82	0.364898
4833.13	0.337902
2563.76	0.223453
2563.15	0.26729
2561.05	0.482762
2684	0.489262
2801.85	0.488738
2915.06	0.488377
3024.41	0.48808
3130.21	0.487847
3232.83	0.487717
3333.06	0.487668
3432.66	0.487621
3512.74	0.48193
3591.74	0.481781
3667.08	0.481267
3742.33	0.480725
3812	0.481292
3879.74	0.48276
3938.14	0.481275
3995.11	0.482588
4052.45	0.482967
4103.18	0.486836
4154.57	0.491839
4199.64	0.492751
4245.81	0.496792
4289.89	0.500287
4329.15	0.503611
4370.26	0.508522
4408.31	0.515093
4444	0.522233
4477.99	0.529631
4509.91	0.537129
4539.43	0.544549
4567.09	0.551667
4593.68	0.557877
4617.78	0.56133
4640.9	0.565627
4663.82	0.568989
4684.23	0.572705
4708.95	0.576635
4729.79	0.582458
4747.97	0.590854
4763.41	0.606126
4775.92	0.624141
4787.12	0.656292
4796.35	0.6951
4803.72	0.729039
4810.68	0.666233
4820.25	0.43653
4828.27	0.359778
4832.64	0.334725
2563.17	0.22384
2562.58	0.270043
2560.56	0.493626
2682.86	0.500394
2800.89	0.500011
2914.71	0.499794
3024.63	0.499732
3130.94	0.499836
3234.06	0.500097
3334.79	0.500442
3435.07	0.50077
3515.41	0.499531
3595.44	0.501267
3672.91	0.503038
3746.9	0.504838
3814.53	0.506582
3879.2	0.508453
3940.15	0.510336
4001.11	0.511964
4053.84	0.513321
4095.69	0.505423
4146.62	0.506624
4195.84	0.510237
4242.14	0.513513
4286.01	0.517
4327.4	0.520967
4367.51	0.524424
4405.77	0.528658
4442.26	0.533104
4477.15	0.537548
4510.27	0.542098
4539.91	0.544086
4567.52	0.548846
4592.54	0.554333
4618.38	0.559056
4642.41	0.563519
4665.42	0.56677
4687.28	0.569592
4709.19	0.572864
4729.19	0.578275
4746.95	0.586308
4762.2	0.599131
4774.45	0.623712
4785.89	0.653233
4795.16	0.692026
4802.5	0.726058
4809.63	0.647713
4819.44	0.412796
4827.76	0.347533
4832.22	0.327309
2562.88	0.224131
2562.32	0.270792
2560.4	0.486321
2682.58	0.492794
2800.79	0.492499
2914.96	0.492434
3025.2	0.492633
3131.66	0.493083
3234.51	0.493763
3333.77	0.49464
3428.83	0.495627
3515.7	0.496725
3599.04	0.498661
3679.68	0.501063
3755.4	0.504554
3817.76	0.502742
3880.22	0.506908
3940	0.510711
3993.88	0.514083
4048.56	0.518627
4097.32	0.523943
4146.31	0.528747
4194.06	0.5334
4239.8	0.538621
4283.48	0.544123
4325.16	0.549688
4365.14	0.554842
4403.44	0.559804
4440.5	0.564298
4476.67	0.567979
4513.54	0.570454
4540.97	0.565252
4567.58	0.568079
4593.27	0.571335
4618.45	0.573873
4642.71	0.576213
4665.92	0.578808
4687.96	0.581886
4708.93	0.585597
4728.32	0.590591
4745.81	0.598113
4761.22	0.610728
4774.75	0.627148
4784.26	0.641091
4793.75	0.663985
4801.27	0.671706
4808.89	0.550018
4818.2	0.371891
4827.24	0.329983
4831.84	0.315411
2562.84	0.224511
2562.3	0.27146
2560.43	0.480957
2682.78	0.486857
2801.24	0.486164
2915.67	0.485606
3026.11	0.485233
3132.63	0.485062
3235.21	0.485109
3333.7	0.485408
3427.64	0.486029
3516.54	0.486976
3602.38	0.488299
3688.51	0.489854
3754.01	0.482265
3822.03	0.484266
3882.55	0.484211
3940.36	0.488372
3994.55	0.493206
4046.86	0.498458
4096.47	0.50311
4145.01	0.508015
4192.14	0.512654
4237.42	0.517001
4280.94	0.521056
4322.68	0.524903
4362.57	0.528621
4400.56	0.532117
4437.84	0.535084
4473.68	0.538075
4508.18	0.540801
4539.45	0.541714
4566.88	0.547553
4592.8	0.553931
4617.96	0.559404
4642.59	0.563504
4666.17	0.56684
4688.24	0.570128
4709	0.574244
4728.22	0.580053
4745.65	0.588216
4761.05	0.601757
4774.3	0.624644
4785.19	0.656268
4793.51	0.68709
4800.57	0.719299
4808.13	0.596947
4818.63	0.368118
4826.98	0.322986
4831.41	0.308186
2563.04	0.225349
2562.48	0.2748
2560.59	0.500283
2683.38	0.506439
2802.21	0.505841
2916.92	0.505416
3027.53	0.505189
3134.12	0.505155
3236.67	0.505314
3334.87	0.505681
3428.27	0.506283
3517.26	0.50708
3602.25	0.508076
3682.21	0.509375
3755.21	0.512568
3830.77	0.514068
3884.63	0.503507
3941.45	0.505593
3994.29	0.507234
4045.11	0.50982
4093.99	0.512914
4142.46	0.516097
4189.44	0.51948
4234.17	0.523104
4277.61	0.526985
4319.47	0.531063
4359.34	0.535341
4395.82	0.539987
4434.02	0.544559
4469.39	0.54948
4503.42	0.55448
4539.1	0.559354
4565.13	0.554817
4590.68	0.558581
4615.65	0.562502
4641.28	0.565247
4665.7	0.567526
4687.52	0.569923
4708.23	0.571604
4727.48	0.576857
4744.93	0.584561
4760.37	0.595904
4773.58	0.617338
4784.38	0.648563
4792.5	0.69062
4799.86	0.721578
4807.66	0.601034
4818.32	0.369978
4826.41	0.321415
4830.68	0.305223
2563.47	0.225755
2562.9	0.274989
2561	0.497094
2684.56	0.503103
2803.95	0.502423
2918.97	0.501896
3029.74	0.501579
3136.53	0.501475
3239.41	0.501561
3337.88	0.501806
3430.47	0.502206
3519.23	0.502979
3604.44	0.50394
3680.31	0.50476
3751.39	0.506793
3819.87	0.508812
3882.01	0.510647
3946.16	0.513825
3994.67	0.511603
4043.81	0.514807
4089.6	0.518975
4139.62	0.524106
4187.68	0.528808
4230.47	0.529234
4274.24	0.533685
4316.86	0.537928
4357.51	0.542028
4396.76	0.545897
4430.82	0.54558
4464.27	0.549267
4494.84	0.552957
4530.52	0.555276
4560.34	0.558151
4587	0.563455
4610.09	0.568779
4639.46	0.572853
4665.36	0.57599
4689.67	0.578821
4706.53	0.579949
4726.09	0.585413
4743.68	0.592833
4759.19	0.605016
4772.51	0.622763
4783.62	0.645734
4792.78	0.66684
4799.39	0.631119
4808.02	0.479486
4817.94	0.345975
4825.45	0.31655
4829.44	0.30342
2564.16	0.226256
2563.56	0.275607
2561.61	0.502925
2686.36	0.5088
2806.55	0.508016
2921.8	0.507517
3032.54	0.507246
3139.49	0.507132
3243.31	0.507157
3343.63	0.507479
3433.44	0.50922
3521.76	0.510323
3613.13	0.510925
3680.56	0.501728
3747.58	0.502174
3812.8	0.503476
3874.88	0.504682
3934.83	0.505994
3989.41	0.506807
4041.49	0.509083
4092.41	0.511718
4136.47	0.51112
4179.18	0.511718
4227.65	0.510285
4270.8	0.51271
4315.1	0.51606
4355.86	0.520613
4394.03	0.525581
4429.79	0.530331
4463.76	0.536606
4496.11	0.543277
4528.43	0.549728
4558.47	0.555458
4586.23	0.560986
4612.36	0.565572
4639.01	0.568752
4664.5	0.571245
4685.48	0.573568
4705.95	0.576613
4725.48	0.582253
4743.42	0.590215
4759.2	0.604372
4772.69	0.627552
4783.9	0.659688
4792.9	0.699194
4799.99	0.727085
4807.09	0.597902
4817.8	0.368757
4825.85	0.321268
4830.08	0.305943
2565.12	0.226619
2564.53	0.275568
2562.61	0.494992
2689.3	0.500442
2810.72	0.499496
2925.9	0.498865
3035.94	0.49847
3142.44	0.4982
3247.61	0.497982
3356.94	0.497665
3435.19	0.487714
3518.44	0.488186
3600.74	0.487721
3675.98	0.484742
3743.54	0.483769
3807.82	0.484553
3868.57	0.485414
3929.27	0.486159
3985.62	0.488308
4038.72	0.491529
4090.06	0.495352
4134.01	0.497908
4176.13	0.502676
4226.57	0.506674
4273	0.511873
4314.24	0.513507
4354.22	0.518105
4391.14	0.523024
4428.01	0.52873
4462.34	0.536148
4494.93	0.543632
4526.19	0.550771
4556.54	0.557179
4584.84	0.562824
4611.94	0.56718
4637.56	0.569918
4663.32	0.572392
4682.12	0.573538
4706.95	0.576812
4724.08	0.580601
4742.76	0.588007
4758.86	0.600147
4772.55	0.62161
4783.94	0.651359
4793.01	0.688654
4799.91	0.719494
4806.35	0.592858
4817.59	0.373463
4825.88	0.326228
4830.22	0.311294
2566.36	0.227604
2565.83	0.278739
2564.07	0.491965
2693.99	0.496798
2817.73	0.495888
2931.82	0.495615
3039.67	0.496101
3143.5	0.496602
3244.39	0.496962
3341.99	0.497386
3428.93	0.498233
3513.21	0.500416
3596.16	0.502645
3680.39	0.504818
3741.8	0.494664
3804.84	0.496213
3867.53	0.498654
3925.29	0.497623
3982.38	0.499927
4035.01	0.501187
4084.28	0.503651
4132.79	0.504606
4180.2	0.507529
4226.84	0.510937
4271.77	0.515159
4314.04	0.520107
4354.06	0.525556
4391.21	0.531508
4426.14	0.534294
4460.1	0.540682
4492.6	0.546591
4522.48	0.552724
4554.38	0.55836
4582.45	0.562292
4609.04	0.565762
4635.85	0.568374
4661.02	0.571079
4685.22	0.57411
4704.62	0.576331
4723.84	0.581514
4742.17	0.589023
4758.26	0.602704
4772.02	0.625552
4783.69	0.656399
4793.05	0.69455
4800.28	0.728082
4807.13	0.644873
4817.44	0.404221
4825.71	0.338908
4830.09	0.320174
2567.79	0.229462
2567.39	0.286268
2566.04	0.491483
2701.21	0.494723
2830.88	0.492319
2940.73	0.486962
3044.26	0.486281
3144.4	0.48643
3241.37	0.486978
3334.76	0.48744
3422.58	0.487721
3506.61	0.48835
3587.56	0.48904
3664.97	0.489491
3733.78	0.488681
3799.47	0.491304
3863.14	0.494528
3922.19	0.496835
3976.88	0.500667
4034.17	0.504877
4086.96	0.50975
4137.48	0.514575
4182.64	0.517383
4227.04	0.522182
4271.95	0.526697
4314.72	0.531296
4355.15	0.535761
4392.72	0.540167
4424.92	0.544106
4457.69	0.549834
4490.01	0.551032
4523.87	0.555149
4551.91	0.556984
4580.29	0.562113
4604.41	0.567147
4633.63	0.570377
4657.49	0.573922
4684.02	0.577435
4707.21	0.582367
4725.4	0.586801
4741.26	0.591489
4757.35	0.606988
4770.93	0.631615
4783.17	0.662454
4793	0.699719
4800.62	0.7327
4807.6	0.671253
4817.35	0.434075
4825.49	0.352922
4829.9	0.327886
2569.24	0.230875
2568.93	0.294177
2567.98	0.508987
2709.95	0.5113
2860.19	0.509372
2952.74	0.493904
3049.12	0.491909
3145.4	0.491431
3238.91	0.491229
3330.13	0.491371
3417.13	0.491858
3500.21	0.492708
3579.63	0.493948
3655.34	0.495696
3726.17	0.498229
3793.39	0.500781
3855.71	0.503692
3919.27	0.50735
3979.17	0.511138
4035.19	0.513827
4089.35	0.517726
4143.04	0.521735
4184.65	0.519956
4223.9	0.525832
4272.81	0.530878
4316.61	0.536035
4358.46	0.540827
4394.39	0.542253
4427.49	0.542098
4459.21	0.546462
4493.02	0.551656
4520.45	0.556615
4553.06	0.560309
4582.15	0.564805
4608.78	0.568858
4634.61	0.572115
4658.35	0.575473
4683.87	0.578872
4706.37	0.584201
4726.67	0.59177
4741.49	0.601224
4756.31	0.612634
4768.51	0.639086
4782.52	0.6678
4792.96	0.703355
4800.92	0.735185
4807.98	0.683175
4817.4	0.452114
4825.38	0.364483
4829.78	0.334502
2570.56	0.226153
2569.89	0.27643
2567.95	0.498049
2705.88	0.502999
2838.7	0.501524
2954.25	0.499316
3050.37	0.495311
3146.8	0.49576
3236.34	0.495774
3328.5	0.496054
3414.38	0.497795
3496.26	0.50012
3574.38	0.502569
3650.23	0.505289
3719.67	0.508464
3788.99	0.512268
3854.47	0.515911
3919.05	0.51884
3984.78	0.521206
4036.47	0.516739
4090.5	0.519171
4144.73	0.521846
4189.67	0.521802
4233.63	0.523612
4276.47	0.521088
4318.24	0.522663
4356.12	0.525305
4392.84	0.527998
4430.6	0.533461
4464.57	0.541062
4497.1	0.548552
4527.22	0.555907
4557.24	0.562042
4585.67	0.567499
4612.43	0.572025
4637.24	0.575775
4661.07	0.579931
4684.44	0.584808
4705.37	0.58794
4725.8	0.594726
4743.62	0.606488
4756.34	0.616255
4770.32	0.639443
4782.9	0.669884
4793.21	0.705589
4801.28	0.736865
4808.38	0.688941
4817.62	0.461843
4825.46	0.372234
4829.83	0.339372
2572.18	0.221337
2570.99	0.255937
2567.96	0.4961
2702.75	0.504855
2830.6	0.504089
2947.28	0.503878
3051.77	0.504427
3150.77	0.505158
3245.78	0.506078
3330.15	0.504124
3412.77	0.503992
3491.45	0.504487
3571.95	0.505319
3647.05	0.507661
3717.14	0.510288
3785.97	0.512837
3851.72	0.515336
3915.27	0.517806
3977.91	0.520231
4031.69	0.519927
4088.83	0.523751
4149.33	0.527133
4193.38	0.526886
4237.6	0.53186
4282.32	0.531188
4321.71	0.52948
4361.65	0.531877
4398.58	0.53735
4434.75	0.54392
4468.73	0.550583
4501.03	0.557145
4531.68	0.563193
4560.66	0.568118
4588.64	0.57265
4615.9	0.576338
4638.7	0.57661
4662.08	0.57915
4680.21	0.581849
4705.21	0.584565
4726.17	0.590773
4744.04	0.602367
4758.63	0.623526
4770.87	0.642656
4783.04	0.672304
4793.5	0.707742
4801.72	0.738397
4808.87	0.692385
4818.02	0.467145
4825.74	0.376789
4830.09	0.342396
2574.79	0.219334
2572.96	0.237587
2568.83	0.494234
2702.52	0.507462
2829.85	0.506835
2949.07	0.5065
3055.52	0.506548
3155.71	0.507454
3242.87	0.506905
3328.34	0.508617
3415.19	0.510508
3499.66	0.51249
3572.22	0.511576
3646.3	0.513835
3713.38	0.516224
3783.58	0.518955
3848.78	0.522399
3910	0.526238
3966.99	0.530775
4021.07	0.536776
4081.25	0.542866
4139.9	0.548093
4191.83	0.55461
4241.57	0.557622
4292.89	0.559059
4331.32	0.549615
4367.47	0.55155
4402.45	0.555726
4438.5	0.560153
4472.1	0.56477
4504.22	0.569292
4535.52	0.573257
4562.93	0.573594
4590.21	0.576127
4614.95	0.578633
4639.08	0.58117
4660.81	0.584644
4684.09	0.58807
4706.68	0.592702
4727.06	0.600372
4745.09	0.613462
4761.14	0.631962
4772.92	0.652416
4782.38	0.678793
4793.85	0.710321
4802.32	0.739978
4809.51	0.695094
4818.59	0.470124
4826.25	0.379082
4830.56	0.343892
2579.14	0.217791
2576.35	0.227031
2570.71	0.490808
2704.6	0.509671
2833.32	0.509244
2960.06	0.50878
3062.25	0.505606
3151.72	0.50473
3244.34	0.506381
3332.08	0.508488
3417.12	0.510703
3498.38	0.512984
3574.57	0.515385
3648.98	0.517786
3720.91	0.520175
3783.65	0.520663
3847.4	0.523339
3906.65	0.525967
3956.73	0.526563
4002.1	0.52977
4072.94	0.531042
4135.11	0.530715
4190.64	0.530873
4242.2	0.532433
4291.09	0.535249
4334.46	0.537795
4372.32	0.541891
4408.95	0.547072
4443.87	0.550838
4475.83	0.551328
4506.87	0.555289
4535.3	0.559381
4565.33	0.564091
4593.35	0.569285
4617.71	0.571394
4640.61	0.572862
4660.87	0.576444
4686.77	0.579654
4709.25	0.5843
4729.25	0.590894
4746.89	0.601863
4762.43	0.619965
4774.77	0.647639
4786.08	0.680286
4795.01	0.711132
4803.28	0.741258
4810.38	0.69747
4819.38	0.470989
4826.97	0.379265
4831.25	0.343993
2586.12	0.21582
2581.91	0.221975
2573.82	0.474238
2707.84	0.499943
2834.75	0.500005
2953.8	0.500282
3059.77	0.500498
3155.66	0.501913
3247.7	0.503878
3335.65	0.505982
3420.05	0.508177
3499.53	0.510656
3576.19	0.512837
3651.69	0.514705
3718.64	0.514499
3785.91	0.515861
3846.88	0.514863
3903.16	0.516007
3960.78	0.516811
4016.16	0.521239
4070.89	0.526538
4134.67	0.530692
4191.1	0.534206
4243.13	0.537579
4292.42	0.540761
4340.79	0.543465
4376.16	0.539839
4411.56	0.54275
4444.59	0.546576
4479.94	0.551102
4509.14	0.551773
4540.5	0.556886
4567.55	0.556846
4593.59	0.560153
4618.39	0.564927
4644.34	0.569752
4667.53	0.574086
4690.63	0.578084
4712.01	0.583255
4731.34	0.590382
4748.22	0.602631
4764.28	0.62107
4778.36	0.646803
4788.35	0.675987
4797.59	0.712081
4804.48	0.738915
4811.46	0.696313
4820.4	0.466425
4827.91	0.376285
4832.14	0.342472
2597.13	0.212966
2590.93	0.219265
2579.04	0.455879
2714.14	0.490351
2840.17	0.491045
2957.07	0.491585
3064.19	0.49215
3160.49	0.493055
3252.31	0.494711
3340.04	0.496484
3425.33	0.498111
3501.03	0.495464
3576.57	0.495984
3648.29	0.49654
3718.58	0.495
3781.56	0.495599
3848.78	0.496753
3910.29	0.499518
3969.73	0.502451
4026.83	0.505536
4080.18	0.50907
4139.36	0.512138
4193.83	0.515921
4244.74	0.519482
4292.59	0.52297
4337.1	0.526434
4376.41	0.527591
4413.3	0.531249
4448.15	0.535478
4481.44	0.540292
4513.59	0.542035
4540.97	0.544301
4569.77	0.54932
4598.01	0.555445
4623.62	0.562577
4648.68	0.568389
4672.15	0.572968
4694	0.576989
4714.52	0.582161
4733.47	0.589365
4747.85	0.598778
4765.57	0.612544
4779.61	0.633435
4790.06	0.665144
4799.51	0.69898
4806.77	0.724794
4813	0.658868
4821.62	0.453642
4829.01	0.370143
4833.2	0.339642
2614.06	0.208904
2605.46	0.216705
2588.2	0.431575
2725.67	0.475482
2851.06	0.481283
2966.72	0.486237
3076.38	0.489668
3166.98	0.483322
3258.33	0.484762
3344.26	0.486219
3425.19	0.486682
3502.21	0.482344
3578.4	0.483504
3650.29	0.484804
3721.49	0.487356
3788.34	0.489887
3854.06	0.492403
3917.25	0.494849
3978.82	0.497372
4039.08	0.500162
4095.74	0.504148
4146.5	0.498733
4197.93	0.50123
4247.21	0.503273
4293.92	0.505462
4337.77	0.508515
4378.39	0.513939
4415.92	0.520206
4450.57	0.525976
4482.3	0.532341
4516.42	0.539349
4546.96	0.547256
4576.7	0.554772
4602.65	0.559205
4627.09	0.565246
4652.42	0.570525
4676.23	0.575333
4696.5	0.577098
4716.33	0.581223
4733.66	0.587261
4751.65	0.596153
4767.97	0.612145
4781.82	0.635703
4793.36	0.668669
4801.48	0.700751
4808.52	0.736914
4814.87	0.688487
4822.62	0.457172
4830.01	0.369152
4834.33	0.338783
2639.27	0.203608
2628.4	0.213142
2606.89	0.404538
2745.52	0.433583
2868.23	0.443932
2979.21	0.453075
3076.13	0.45974
3175.75	0.465585
3269.67	0.470114
3348.34	0.46353
3425.55	0.465298
3507.04	0.468139
3583.48	0.471138
3656.23	0.474
3726.56	0.47679
3794.12	0.479493
3859.79	0.482228
3923.77	0.485027
3987.13	0.487907
4052.82	0.490533
4098.32	0.481009
4152.09	0.485143
4203.03	0.489823
4251.34	0.494756
4297.35	0.499951
4339.94	0.505542
4380.97	0.511756
4417.03	0.5139
4453.56	0.519399
4487.42	0.527243
4520.4	0.53493
4551.42	0.542494
4580.07	0.549875
4606.89	0.557344
4632.85	0.564149
4655.57	0.566428
4676.71	0.570008
4698.73	0.573777
4718.7	0.578426
4737.19	0.584714
4754.64	0.593113
4770.32	0.608048
4783.76	0.630764
4794.74	0.662676
4802.78	0.70654
4810.11	0.743908
4816.31	0.722721
4824.36	0.490781
4830.65	0.384917
4835.63	0.343888
2674.94	0.197116
2661.68	0.208634
2631.08	0.36982
2776.4	0.389165
2898.77	0.406942
3003.43	0.424142
3102.15	0.437102
3187.55	0.432914
3268.15	0.436509
3355.32	0.440356
3435.99	0.444384
3514.67	0.448152
3590.13	0.45168
3662.53	0.455149
3732.35	0.458641
3799.76	0.462195
3865.16	0.465829
3928.76	0.469535
3990.83	0.473289
4050.98	0.477097
4104.77	0.480963
4157.91	0.485922
4208.19	0.491254
4255.2	0.496892
4301.64	0.502406
4341.19	0.502755
4379.18	0.507556
4419.29	0.513646
4456.62	0.520212
4490.86	0.527279
4523.86	0.534273
4555.87	0.541123
4582.96	0.541608
4609.81	0.54726
4634.53	0.553546
4658.77	0.560969
4680.55	0.567759
4700.83	0.572715
4720.31	0.577711
4739.45	0.583667
4756.91	0.591944
4772.34	0.607319
4785.56	0.631703
4796.5	0.666433
4805.39	0.710681
4811.59	0.746611
4817.85	0.733208
4826.13	0.507505
4833.29	0.394783
4837.82	0.346222
2723.36	0.189789
2711.85	0.203794
2674.41	0.307311
2824.81	0.349343
2941.38	0.37554
3029.62	0.387155
3111.07	0.400628
3200.23	0.412127
3283.54	0.420367
3366.17	0.426953
3445.86	0.432623
3523	0.437805
3597.34	0.442662
3668.95	0.447311
3738.07	0.451817
3804.95	0.456203
3869.81	0.460485
3932.79	0.464663
3993.91	0.468733
4053.02	0.472697
4109.37	0.47667
4164.15	0.480782
4214.19	0.486061
4257.23	0.485962
4298.54	0.490007
4342.33	0.495072
4382.49	0.500879
4421.91	0.506221
4460.42	0.511327
4493.28	0.511119
4526.06	0.51612
4555.14	0.521647
4585.78	0.529094
4613.27	0.53829
4638.51	0.547682
4662.2	0.556482
4684.07	0.564152
4704.35	0.570409
4720.07	0.575749
4741.08	0.581282
4758.74	0.588982
4774.02	0.602291
4787.07	0.625104
4797.82	0.657861
4806	0.701553
4811.76	0.746425
4819.31	0.725247
4828.36	0.495734
4836.02	0.388643
4840.53	0.342635
2782.67	0.181828
2787.28	0.200316
2811.07	0.264854
2901.88	0.314187
2978.61	0.320423
3055.52	0.35308
3133.62	0.378848
3215.19	0.394864
3296.5	0.405635
3376.97	0.414418
3455.44	0.422086
3531.36	0.429117
3604.57	0.435575
3675.19	0.441488
3743.43	0.446871
3809.57	0.45171
3873.8	0.456066
3936.16	0.46002
3996.56	0.463671
4055.37	0.466977
4113.16	0.470034
4172.73	0.472716
4213.25	0.466062
4259.55	0.468854
4303.65	0.473409
4344.78	0.477956
4384.28	0.483526
4423.16	0.484724
4459.36	0.48828
4496.07	0.493523
4529.3	0.501806
4559.87	0.510854
4589.22	0.520133
4616.49	0.529736
4641.68	0.539546
4665.17	0.549056
4687	0.557812
4707.22	0.565341
4725.62	0.571548
4743.79	0.576572
4760.52	0.583354
4775.44	0.592859
4788.35	0.610573
4799.29	0.637605
4807	0.666602
4813.9	0.683691
4822.36	0.614525
4831.58	0.456385
4839.37	0.371423
4843.8	0.332423
2836.7	0.169678
2848.98	0.177189
2879.5	0.187496
2936	0.196398
2995.01	0.221429
3073.99	0.293763
3148.41	0.344584
3226.67	0.36987
3306.73	0.384974
3386.57	0.395332
3464.58	0.404175
3539.54	0.41318
3611.65	0.421451
3681.19	0.42882
3748.36	0.435408
3813.69	0.441105
3877.31	0.446153
3939.19	0.450762
3998.51	0.455386
4056.44	0.459264
4112.81	0.462728
4167.36	0.46592
4217	0.468687
4261.58	0.471454
4309.26	0.47512
4346.43	0.466123
4380.4	0.467907
4424.9	0.473413
4463.81	0.480954
4499.54	0.489748
4532.44	0.499029
4563.1	0.508577
4592.04	0.518273
4619.16	0.528068
4643.99	0.538322
4667.35	0.548104
4689.21	0.55714
4709.67	0.565146
4729.19	0.571892
4745.7	0.571487
4761.84	0.575953
4776.41	0.580596
4789.18	0.584456
4799.75	0.585362
4809.79	0.579905
4818.35	0.551635
4827.06	0.484896
4836.03	0.400051
4843.46	0.344315
4847.64	0.314004
2878.04	0.160381
2891.89	0.162949
2921.22	0.166335
2966.48	0.169668
3020.79	0.177656
3082.43	0.197983
3150.5	0.254683
3231.53	0.322027
3313.88	0.351366
3394.92	0.366762
3473.48	0.378324
3547.47	0.389791
3618.42	0.399374
3686.84	0.407761
3752.59	0.415337
3817.05	0.421606
3880.18	0.427162
3942.43	0.43195
3999.56	0.432683
4056.77	0.435891
4112	0.438554
4164.67	0.440594
4212.1	0.44209
4261.4	0.443845
4307.38	0.448549
4348.76	0.452607
4388.25	0.458554
4429.43	0.464499
4468.68	0.470628
4503.09	0.480269
4535.13	0.49044
4565.38	0.499441
4594.1	0.507336
4621.65	0.513494
4645.44	0.511658
4668.85	0.514484
4690.79	0.517132
4711.14	0.518844
4729.05	0.519371
4747.61	0.522849
4763.97	0.524933
4778.58	0.523023
4791.57	0.515534
4803.01	0.499849
4813.49	0.473857
4823.17	0.43297
4832.59	0.382641
4841.2	0.341852
4847.85	0.313306
4851.24	0.287756
2905.31	0.15489
2919.01	0.155392
2946.5	0.15586
2986.89	0.156288
3037.06	0.158694
3094.49	0.167601
3156.02	0.19127
3224.55	0.2442
3317.12	0.304592
3402.17	0.331408
3483.83	0.344543
3555.68	0.35709
3624.68	0.371284
3692.3	0.383602
3755.5	0.383272
3819.25	0.387381
3881.51	0.390503
3941.13	0.393975
4000.84	0.39847
4057.9	0.405043
4112.56	0.411479
4164.67	0.41761
4213.92	0.423238
4261.85	0.428415
4307.45	0.432419
4350.45	0.435374
4391.96	0.438578
4433.48	0.442289
4475.97	0.444168
4506.69	0.433017
4537.38	0.431983
4567.06	0.431514
4595.3	0.429888
4620.51	0.42586
4647	0.424539
4670.98	0.426778
4693.12	0.428396
4713.57	0.42936
4732.36	0.429422
4750.17	0.428518
4766.47	0.424016
4781.26	0.415101
4794.69	0.400762
4806.88	0.382164
4818.06	0.361553
4828.35	0.340587
4837.74	0.321612
4845.71	0.305569
4851.07	0.287073
4853.58	0.260904
2918.76	0.152434
2932.16	0.15223
2958.6	0.151724
2996.96	0.151182
3045.02	0.152027
3100.34	0.157888
3160.04	0.17709
3222.46	0.225469
3317.6	0.296269
3407.65	0.321746
3500.18	0.328066
3563.24	0.300589
3628.95	0.297469
3688.89	0.291182
3755.99	0.297007
3821.01	0.309164
3883.3	0.319548
3943.33	0.328087
4001.98	0.3347
4058.59	0.339562
4112.98	0.343065
4165.01	0.345337
4214.68	0.346801
4262.45	0.348188
4308.14	0.349289
4351.75	0.350514
4393.79	0.351833
4434.72	0.353024
4473.88	0.354103
4507.6	0.348707
4538.98	0.350353
4568.7	0.35197
4596.79	0.353186
4623.08	0.353932
4648.67	0.354147
4672.62	0.353833
4694.86	0.352934
4715.46	0.35136
4734.52	0.34898
4752.29	0.34569
4768.66	0.341408
4783.61	0.336161
4797.25	0.330034
4809.68	0.323104
4821.06	0.315545
4831.52	0.307362
4840.82	0.296905
4847.89	0.27984
4852.46	0.259385
4854.66	0.248093
4481.85	0.460189
4506.71	0.461071
4537.25	0.464804
4566.88	0.471498
4595.27	0.480109
4614.95	0.487014
4623.63	0.5276
4645.12	0.52962
4668.66	0.534235
4690.6	0.540008
4711	0.547176
4726.35	0.553281
4731.8	0.583011
4745.39	0.584413
4761.65	0.588411
4776.21	0.592959
4788.97	0.5983
4798.55	0.609415
4801.1	0.663561
4806.54	0.672701
4809.2	0.682205
2732.45	0.505408
2815.82	0.504161
2897.37	0.502416
2936.26	0.504371
3028.64	0.502747
3133.59	0.5
3201.97	0.497076
3235.44	0.492031
3319.35	0.490665
3412.55	0.489179
3475.57	0.487449
3509.36	0.488072
3586.89	0.486913
3669.96	0.485883
3724.33	0.484424
3755.77	0.484298
3825.82	0.483678
3898.41	0.484576
3941.18	0.484212
3968.11	0.488546
4025.76	0.488016
4082.24	0.488068
4111.77	0.487821
4126.96	0.488054
4075.08	0.541778
4099.86	0.541359
4147.87	0.54177
4197.02	0.541781
4238.4	0.54448
4282.7	0.544581
4321.79	0.545261
4359.9	0.545127
4386.55	0.545021
4400.17	0.548305
4431.52	0.549122
4464.29	0.553183
4495.27	0.555462
4520.47	0.559993
4546.03	0.561733
4573.1	0.564137
4598.35	0.565903
4620.43	0.56727
4623.69	0.57055
4517.76	0.584116
4541.2	0.584901
4567.46	0.586058
4593.16	0.587681
4618.3	0.589254
4642.54	0.5911
4665.75	0.593179
4687.8	0.595485
4708.74	0.597865
4728.12	0.601333
4745.59	0.608157
4761.03	0.614408
4774.48	0.616699
4784.33	0.604828
4793.92	0.588354
4801.71	0.549287
4809.14	0.46133
4813.2	0.380428
4580.08	0.545137
4599.09	0.54905
4606.94	0.570182
4620.76	0.570917
4642.48	0.575703
4663.11	0.581111
4681.85	0.58631
4688.51	0.604261
4698.23	0.605873
4717.15	0.611532
4735.17	0.620318
4752.49	0.628215
4757.86	0.634789
4765.27	0.635554
4778.5	0.642792
4789.69	0.645284
4799.56	0.628176
4803.42	0.590431
4807.37	0.587276
4814.47	0.533864
4822.15	0.434315
4827.83	0.386862
4108.34	0.504254
4130.83	0.50422
4147.4	0.510408
4180.3	0.51016
4227.91	0.514196
4272.15	0.518234
4315.11	0.521275
4341.97	0.522686
4356.69	0.532786
4392.21	0.533753
4429.71	0.536607
4458.15	0.543986
4484.75	0.546399
4494.63	0.558172
4515.83	0.558584
4544.15	0.562435
4571.36	0.564971
4597.14	0.566877
4611.03	0.567646
4619.8	0.568392
4631.73	0.568598
2928.95	0.517438
2953.99	0.516263
2987.03	0.516558
3049.79	0.515364
3146.9	0.515343
3231.53	0.51413
3265.81	0.520159
3328.82	0.519064
3413.01	0.520332
3485.81	0.519402
3514.31	0.525638
3571.3	0.524766
3646.38	0.525555
3707.45	0.524671
3731.55	0.528048
3782.89	0.527279
3847.57	0.527079
3899.02	0.525904
3913.56	0.522847
3960.13	0.522158
4016.41	0.521939
4060.38	0.520721
4069.83	0.509846
3796.18	0.537686
3846.56	0.53724
3912.19	0.536877
3977.02	0.536429
4039.22	0.536441
4095.25	0.537633
4147.04	0.539045
4195.23	0.540652
4244.37	0.541079
4283.22	0.544748
4322	0.546685
4360.35	0.548635
4396.66	0.551141
4431.81	0.552767
4465.16	0.554191
4490.38	0.554412
4500.39	0.558514
4523.65	0.558542
4548.26	0.559302
4564.78	0.559218
4116.95	0.525651
4157.82	0.526729
4204.28	0.529009
4249.9	0.53173
4294.03	0.534628
4336.51	0.537374
4370.18	0.538672
4383.46	0.555171
4412.68	0.555666
4448.82	0.560404
4482.61	0.56388
4514.32	0.567344
4544.1	0.570761
4571.8	0.574126
4595.49	0.57844
4618.04	0.581659
4639.92	0.583812
4657.05	0.584647
4663.15	0.590079
4678.15	0.590503
4696.11	0.592262
4707.68	0.593305
3911.68	0.507658
3959.79	0.508218
4017.57	0.510457
4072.42	0.513542
4124.54	0.516402
4155.39	0.517462
4173.93	0.5304
4217.73	0.531112
4263.07	0.53323
4306.16	0.535581
4346.5	0.538609
4382.91	0.542918
4414.22	0.549048
4450.51	0.551479
4483.56	0.555627
4513.82	0.55937
4537.19	0.561
4545.91	0.571291
4566.5	0.571475
4591.89	0.572253
4609.12	0.5724
4066.92	0.499532
4101.4	0.498737
4115.89	0.490814
4156.77	0.490304
4204.37	0.490569
4250.52	0.490446
4295.06	0.490328
4337.76	0.490087
4378.41	0.489441
4417.51	0.488033
4454.32	0.485399
4478	0.482742
4490.72	0.467038
4519.22	0.466718
4548.79	0.469034
4576.81	0.47069
4601.85	0.472777
4625.04	0.475614
4646.15	0.47835
4663.41	0.480783
3216.22	0.53174
3282.71	0.531044
3369.33	0.53027
3455.21	0.529291
3538.92	0.528695
3619.96	0.528362
3698.04	0.528243
3772.8	0.528356
3843.97	0.528708
3911.65	0.529167
3975.89	0.52973
4036.3	0.530477
4091.05	0.531837
4146.31	0.531778
4199.74	0.531622
4248.81	0.531603
4290.09	0.531513
4326.13	0.531492
4340.98	0.53255
4442.21	0.42392
4454.98	0.424926
4463.26	0.495899
4488.37	0.499189
4500.38	0.532443
4517.82	0.533106
4539.87	0.536372
4548.64	0.552303
4570.26	0.553727
4577.12	0.570095
4595.38	0.570633
4607.67	0.574302
4617.08	0.575789
4633.17	0.577141
4638.34	0.57939
4655.7	0.579677
4662.56	0.584226
4676.01	0.58437
4689.42	0.586786
4696.45	0.590982
4710.94	0.5923
4714.86	0.601027
4727.73	0.603346
4736.36	0.612041
4746.15	0.612495
4757.59	0.619964
4760.54	0.620002
4278.6	0.541844
4291.78	0.541546
4327.37	0.54272
4364.5	0.543988
4399.56	0.544609
4413.06	0.550677
4435.93	0.550631
4468.54	0.55551
4500.44	0.558864
4528.25	0.563134
4539.22	0.57162
4555.46	0.571703
4580.63	0.575053
4605.08	0.577287
4627.9	0.579189
4636.77	0.58294
4647.43	0.582945
4671.26	0.587886
4692.49	0.591734
4711.69	0.595727
4720.52	0.59894
4728.69	0.599477
4741.94	0.602407
2654.31	0.486021
2675.68	0.488417
2745.46	0.487175
2867.48	0.486589
2979.01	0.488683
3061.92	0.488073
3090.96	0.509849
3166.09	0.508983
3257.97	0.510413
3344.65	0.510844
3397.99	0.510175
3428.39	0.519482
3500.72	0.519056
3576.51	0.519682
3645.61	0.519617
3674.09	0.52618
3717.81	0.525382
3785.47	0.525681
3847.07	0.525671
3894.75	0.525092
3912.36	0.531028
3956.04	0.530531
3994.85	0.530331
4066.93	0.507908
4087.47	0.508016
4101.64	0.528923
4146.2	0.529442
4197.69	0.532265
4246.92	0.535822
4293.49	0.539843
4315.54	0.543877
4336.71	0.544388
4376.14	0.54632
4413.11	0.549079
4448.16	0.55187
4477.73	0.55304
4487.07	0.564392
4508.89	0.564628
4540.15	0.566306
4567.44	0.568574
4593.72	0.570501
4612.02	0.571281
4619.72	0.575925
4640.35	0.576095
4654.58	0.576619
4437.58	0.536346
4443.8	0.53882
4464.35	0.53915
4489.42	0.544106
4499.23	0.557202
4520.52	0.557964
4542.91	0.560705
4550.81	0.571645
4572.48	0.57258
4593.29	0.574504
4604.2	0.581205
4627.86	0.582451
4645.06	0.584255
4652.54	0.587597
4673.02	0.589576
4683.12	0.594249
4694.06	0.594235
4711.94	0.597421
4718.62	0.605857
4730.31	0.606799
4746.07	0.61668
4751.98	0.631216
4763.77	0.634238
4775.25	0.649353
4779.4	0.660483
4786.34	0.665434
3373.71	0.511612
3435.14	0.510921
3518.36	0.510528
3600.19	0.509917
3675.3	0.510946
3743.16	0.513274
3807.51	0.514712
3866.43	0.515729
3891.08	0.523399
3924.66	0.522839
3981.83	0.524627
4034.64	0.526673
4084.15	0.529091
4132.66	0.530799
4180.09	0.532984
4226.66	0.535162
4271.49	0.537634
4313.77	0.540258
4353.82	0.542279
4389.11	0.543502
4402.62	0.54858
4423.31	0.548394
4437.82	0.550177
3731.87	0.509859
3751.12	0.509223
3769.92	0.519067
3817.14	0.518547
3880.05	0.519674
3940.45	0.519668
3979.46	0.519013
4002.84	0.519761
4053.76	0.519218
4096.61	0.514531
4144.6	0.514337
4165.39	0.515925
4198.78	0.515512
4245.6	0.52029
4290.12	0.523387
4322.13	0.524728
4338.11	0.534239
4372.82	0.534983
4410.24	0.540006
4444.05	0.544378
4459.04	0.550377
4477.73	0.550211
4508.37	0.552586
4536.34	0.554318
4553.81	0.555298
3995.53	0.536729
3999.98	0.53685
4036.69	0.536554
4090.48	0.536611
4143.99	0.536603
4189.52	0.539244
4233.51	0.540739
4276.32	0.542145
4317.89	0.544048
4356.5	0.546757
4385.01	0.547595
4397.32	0.560484
4426.94	0.561087
4459.26	0.564483
4492.54	0.56577
4520.74	0.569719
4552.79	0.570957
4581.9	0.572954
4608.64	0.574247
4634.23	0.574616
4647.33	0.574773
4650.65	0.574082
4180.43	0.486529
4210.55	0.486872
4225.66	0.503649
4257.09	0.503639
4293.23	0.506096
4306.1	0.519834
4341.05	0.520318
4368.43	0.523024
4382.23	0.531774
4416.42	0.53342
4432.35	0.540786
4450.52	0.540601
4480.18	0.542843
4489.61	0.552363
4513.29	0.552492
4536.39	0.555569
4543.58	0.568424
4567.43	0.56915
4584.75	0.57177
4594.1	0.578031
4617.02	0.579024
4626.19	0.583596
4639.11	0.583548
4659.38	0.583736
4666.49	0.582045
4676.47	0.58196
4665.71	0.576776
4667.59	0.578113
4681.13	0.578361
4688.54	0.583043
4703.42	0.5834
4710.46	0.592393
4724.21	0.592882
4729.65	0.607925
4740.7	0.610391
4745.95	0.626841
4755.75	0.62996
4761.07	0.651693
4770.27	0.655501
4774.77	0.679671
4781.97	0.68373
4787.47	0.690742
4794.76	0.691773
4799.06	0.663459
4804.66	0.655699
4808.55	0.575128
4813.31	0.560351
4817.27	0.460696
4822.48	0.436807
4825.71	0.395075
4826.54	0.389486
4311.78	0.496676
4346.74	0.50017
4368.01	0.503826
4384.9	0.50918
4423.03	0.511253
4457.12	0.515389
4469.4	0.532776
4492.84	0.533109
4526.01	0.538798
4549.92	0.542145
4558.82	0.559847
4582.64	0.560958
4609.63	0.566729
4623.9	0.570592
4633.36	0.576384
4655.46	0.577746
4675.51	0.580386
4682.69	0.58732
4696.25	0.587541
4716.25	0.59047
4730.52	0.592457
4735.15	0.59814
4746.48	0.598827
4033.62	0.533745
4068.61	0.533367
4110.32	0.533057
4126.17	0.535628
4163.1	0.535332
4210.91	0.537009
4255.17	0.538523
4299.31	0.539449
4340.4	0.541623
4377.87	0.544323
4410.12	0.545659
4422.84	0.551925
4446.02	0.551967
4478	0.55614
4508.36	0.558694
4536.4	0.561719
4561.85	0.564718
4590.18	0.56562
4614.68	0.566694
4624.08	0.567928
4633.57	0.567818
4053.63	0.53118
4096.54	0.531872
4121.69	0.534326
4147.68	0.533728
4198.37	0.533714
4223.48	0.53507
4245.12	0.534943
4283.64	0.534944
4308.43	0.535918
4326.08	0.538647
4363.12	0.5402
4387.97	0.541872
4403.55	0.546439
4436.75	0.547547
4461.26	0.549387
4475.37	0.555278
4504.91	0.556504
4526.77	0.559283
4538.15	0.567623
4563.49	0.568458
4583.47	0.569985
4593.49	0.573495
4614.26	0.573833
4630.94	0.574768
4634.36	0.575189
4216.35	0.536533
4247.51	0.536688
4287.99	0.538833
4326.74	0.541885
4360.09	0.543413
4373.29	0.552223
4400.97	0.552281
4439.18	0.556207
4474.32	0.560462
4504.69	0.565906
4519.58	0.569558
4536.56	0.569375
4563.26	0.573107
4587.18	0.576938
4612.7	0.578949
4628.06	0.580205
4636.81	0.584062
4656.34	0.584785
4675.93	0.587525
4695.38	0.589987
4709.56	0.591729
4714.99	0.598798
4728.28	0.599199
4687.8	0.574426
4691.48	0.579447
4700.47	0.579329
4705.61	0.578327
4708.72	0.582501
4717.72	0.583336
4723.42	0.585632
4726.85	0.596241
4735.2	0.597793
4741.03	0.604851
4744.62	0.619068
4751.94	0.624817
4758.12	0.628371
4761.97	0.645323
4768.57	0.651827
4774.33	0.652137
4778.9	0.663786
4784.5	0.672908
4789.62	0.673135
4793.68	0.694859
4798.12	0.710786
4802.37	0.713318
4805.65	0.73303
4809.39	0.745538
4810.4	0.746297
3801.93	0.478559
3817.25	0.483138
3850.57	0.482569
3868.82	0.49291
3904.87	0.492284
3924.07	0.481344
3947.18	0.481044
3976.1	0.480353
3991.86	0.496361
4024.61	0.496393
4041.18	0.517122
4064.4	0.519055
4089.4	0.51845
4106.44	0.517948
4137.28	0.517566
4152.37	0.520782
4174.19	0.523036
4193.93	0.525064
4205.6	0.523741
4232.95	0.523082
4246.25	0.503817
4262.15	0.49821
4273.01	0.489966
4153.91	0.534673
4193.68	0.534845
4230.99	0.534857
4241.6	0.537462
4276.01	0.537344
4318.33	0.540382
4349.15	0.541603
4361.8	0.55295
4393.87	0.553241
4427.58	0.556199
4449.56	0.557391
4459.82	0.564561
4489.95	0.565343
4524.05	0.567011
4541.58	0.568193
4554.69	0.570257
4582.3	0.571114
4608.89	0.572713
4621.97	0.573472
4637.23	0.573235
4662.88	0.573684
4679.93	0.573738
4682.09	0.57376
4682.11	0.57396
4061.99	0.532097
4095.76	0.53249
4146.45	0.534216
4195.56	0.5367
4241.88	0.539941
4285.74	0.54323
4327.21	0.546644
4367.28	0.549405
4405.53	0.552357
4442.02	0.555103
4476.88	0.557533
4509.81	0.559863
4539.6	0.562748
4567.57	0.565122
4584.08	0.566021
4594.47	0.570018
4617.51	0.570713
4640.8	0.57189
4663.44	0.572332
4681.33	0.572868
4676.9	0.574405
4678.9	0.574957
4690.23	0.575111
4695.48	0.579051
4703.95	0.580596
4712.04	0.580716
4717.11	0.586785
4727.56	0.587271
4732.26	0.594342
4739.69	0.595411
4746.86	0.59523
4751.34	0.605701
4759.76	0.608363
4763.7	0.615985
4768.94	0.625873
4774.03	0.626948
4776.56	0.640729
4782.72	0.644567
4785.36	0.66662
4788.84	0.680397
4792.26	0.681967
4794.12	0.646075
4798.36	0.635333
4800.45	0.667862
4804	0.599441
4805.86	0.594276
4486.37	0.568555
4510.19	0.569598
4537.14	0.572063
4563.75	0.574695
4582.8	0.57606
4593.31	0.581216
4614.1	0.582082
4636.01	0.585339
4656.64	0.587885
4674.08	0.589551
4681.19	0.597742
4695.77	0.598298
4712.95	0.607136
4730.33	0.614054
4748.26	0.619628
4754.15	0.629389
4765.7	0.630227
4779.89	0.64339
4791.52	0.650125
4801.51	0.638553
4807.5	0.603502
4811.44	0.58539
4815.98	0.564132
3689.48	0.523337
3742.02	0.523445
3804.79	0.524096
3867.15	0.524972
3925.16	0.527592
3982.03	0.529297
4034.69	0.532477
4084.97	0.534808
4115.73	0.535549
4137.9	0.542212
4182.32	0.542976
4227.01	0.545104
4271.74	0.546226
4314.49	0.548171
4354.87	0.550224
4392.27	0.552306
4424.96	0.554789
4458.14	0.555255
4485.6	0.554881
4496.36	0.556901
4514.13	0.556856
3845.73	0.531825
3884.46	0.531655
3941.1	0.533695
3994.06	0.536763
4044.9	0.539394
4093.89	0.541953
4142.26	0.543746
4189.17	0.545743
4233.97	0.547969
4277.38	0.549622
4319.2	0.551109
4359.22	0.552437
4392.26	0.553045
4404.51	0.560698
4430.03	0.560723
4463.89	0.563282
4495.27	0.564828
4529.93	0.565127
4559.95	0.566859
4586.74	0.568321
4604.6	0.568989
3507.89	0.373009
3563.07	0.376441
3629.15	0.385471
3669.79	0.392722
3694.79	0.430141
3755.26	0.43245
3819.06	0.436788
3881.33	0.441869
3939.62	0.4461
3965.15	0.457841
3999	0.457283
4056.56	0.459291
4111.79	0.460739
4164.63	0.462505
4208.18	0.46328
4225.74	0.473416
4261.03	0.472989
4308.55	0.472063
4346.07	0.468615
4376.04	0.468327
4345.27	0.554726
4345.45	0.555139
4376.27	0.555728
4411.68	0.557319
4435.35	0.558342
4446.04	0.566297
4475.56	0.56704
4506.92	0.570307
4529.65	0.571694
4538.47	0.581622
4562.69	0.581944
4590.22	0.583543
4611.55	0.584123
4619.26	0.588362
4638.44	0.588699
4661.86	0.59168
4679.37	0.595069
4688.03	0.598924
4704.95	0.59917
4725.62	0.60776
4742.26	0.615964
4746.61	0.626598
4756.07	0.62858
4764.51	0.638593
4306.67	0.577828
4331.47	0.577912
4367.31	0.579517
4402.47	0.581285
4438.18	0.582282
4471.86	0.584585
4504.04	0.586495
4535.08	0.588013
4562.82	0.590652
4589.92	0.592377
4614.81	0.595277
4638.82	0.597574
4660.84	0.602372
4683.97	0.607086
4706.42	0.613949
4726.77	0.62462
4744.82	0.637254
4760.76	0.651172
4772.78	0.668261
4780.38	0.679439
2920.73	0.425745
2925.49	0.429914
2945.28	0.430045
3029.86	0.433741
3085.81	0.436146
3108.77	0.466434
3187.61	0.46649
3257.53	0.466976
3281.55	0.492434
3347.85	0.491924
3421.86	0.494291
3449.3	0.508374
3501.49	0.50759
3578.15	0.510525
3616.88	0.51175
3649	0.514462
3718.77	0.514354
3767.41	0.514428
3789.72	0.525311
3846.7	0.524877
3897.56	0.524803
3914.32	0.530663
3955.92	0.530159
3996.46	0.530313
4248.73	0.539929
4281.14	0.542334
4306.14	0.544429
4322.7	0.554253
4359.03	0.555238
4394.71	0.559052
4430.77	0.561293
4449.25	0.563016
4464.98	0.56462
4494.9	0.566983
4525.62	0.569402
4553.28	0.573004
4565.73	0.576624
4580.34	0.576521
4605.07	0.579526
4628.69	0.582083
4651.02	0.583582
4660.36	0.587371
4674.1	0.587415
4694.07	0.590155
4712.32	0.591992
4724.87	0.592791
2879.01	0.523083
2952.45	0.522205
3049.13	0.522329
3145.24	0.521493
3238.76	0.521063
3329.82	0.520691
3416.82	0.520982
3499.91	0.521436
3579.31	0.522
3654.9	0.522756
3725.81	0.524014
3792.97	0.525037
3855.76	0.526393
3918.91	0.526221
3978.76	0.526654
4034.96	0.526979
4089.16	0.526748
4141.64	0.526135
4183.95	0.526081
4214.89	0.526312
3030.35	0.516651
3064.45	0.515313
3148.92	0.514526
3183.28	0.516387
3242.17	0.515213
3326.69	0.514611
3362.58	0.514451
3412.08	0.513319
3491.54	0.513113
3531.81	0.512083
3573.9	0.510943
3650.46	0.510476
3692.61	0.509283
3726.4	0.508201
3793.72	0.507526
3836.34	0.506611
3864.03	0.506311
3922.34	0.505967
3962.7	0.505571
3984.22	0.506852
4035.1	0.506291
4074.13	0.50563
4092.22	0.505692
4133.76	0.505562
4166.07	0.506259
4171.32	0.511427
4345.78	0.565923
4349.89	0.565642
4380.34	0.566918
4414.41	0.568379
4448.72	0.5699
4481.33	0.572524
4512.04	0.575303
4541.24	0.577678
4566.86	0.58098
4591.84	0.583222
4615.06	0.585823
4641.99	0.586751
4661.26	0.587439
4669.93	0.595765
4689.99	0.596455
4711.86	0.599748
4731.45	0.607733
4748.05	0.620017
4763.2	0.633818
4776.13	0.650565
4785.97	0.667542
4551.39	0.573979
4565.22	0.574133
4590.6	0.576693
4615.65	0.579201
4641.13	0.580749
4665.68	0.582631
4683.98	0.583684
4691.31	0.593204
4706.42	0.594233
4725.83	0.595954
4743.44	0.598211
4759.01	0.599606
4772.43	0.597929
4783.69	0.589757
4793.01	0.5662
4799.95	0.493138
4808.36	0.389331
4817.78	0.331698
4825.1	0.312472
4827.75	0.30435
3951.36	0.523417
3994.96	0.523621
4044.08	0.523873
4083.09	0.523612
4098.22	0.525911
4135.85	0.525712
4179.51	0.528311
4227.75	0.529175
4257.17	0.529799
4274.42	0.53629
4313.9	0.537265
4354.01	0.541406
4389.83	0.544932
4404.45	0.55291
4425.7	0.55282
4459.94	0.556131
4492.62	0.558581
4518.61	0.559519
4527.75	0.564731
4551.47	0.564797
4580.04	0.5665
4600.55	0.567358
4147.8	0.535784
4161.27	0.536826
4189.7	0.536436
4230.79	0.537485
4245.72	0.545561
4282.07	0.54542
4316.63	0.547591
4333.03	0.556277
4367.5	0.556156
4393.22	0.556135
4409.53	0.555677
4443.52	0.556002
4460.1	0.556591
4479.62	0.556232
4507.95	0.557246
4519.36	0.55936
4540.94	0.55945
4567.11	0.561776
4578.69	0.568204
4602.57	0.568679
4622.44	0.570311
4633.34	0.572178
4655.53	0.572781
4668.97	0.573771
4680.48	0.573938
4700.33	0.575064
4709.09	0.575857
4715.09	0.575843
4431.2	0.526834
4434.17	0.526926
4453.33	0.527197
4464.86	0.532674
4479.93	0.535874
4491.6	0.541405
4503.47	0.549406
4519.16	0.549478
4528.05	0.560184
4545.3	0.560456
4554.84	0.5636
4569.4	0.564618
4580.72	0.566454
4592	0.567628
4605.88	0.567552
4614.82	0.571357
4628.85	0.571721
4636.26	0.576733
4648.86	0.57759
4656.77	0.580788
4666.57	0.58284
4677.8	0.582741
4685.18	0.582183
4696.32	0.581943
4699.93	0.567042
4250.98	0.541025
4275.28	0.5416
4287.29	0.553124
4321.46	0.553585
4359.1	0.555645
4394.72	0.557918
4430.63	0.55939
4464.02	0.56228
4496.29	0.564431
4524.32	0.567826
4548.6	0.571504
4572.43	0.573451
4598.66	0.574831
4624.55	0.576191
4642.93	0.576905
4650.98	0.582331
4670.8	0.582793
4692.24	0.58541
4711.31	0.58769
4723.08	0.589435
2798.84	0.497139
2827.6	0.495534
2893.31	0.495193
2932.77	0.501223
3029.31	0.499996
3109.17	0.498518
3140.86	0.506532
3221.33	0.505282
3309.32	0.503138
3343.73	0.499668
3410.48	0.498312
3497.67	0.496291
3538.14	0.493869
3583.86	0.492634
3664.09	0.492288
3714.77	0.491028
3742.92	0.490861
3808.69	0.490349
3863.63	0.490077
3885.72	0.49975
3937.74	0.499412
3992.11	0.501347
4013.28	0.510018
4052.88	0.509333
4088.39	0.506014
3455.67	0.507334
3465.44	0.507078
3512.79	0.506255
3591.68	0.506002
3664.91	0.505968
3695.55	0.512048
3739.53	0.511236
3808.3	0.516672
3871.88	0.521295
3904	0.523492
3939.51	0.522664
4001.23	0.526166
4058.83	0.529735
4089.89	0.531079
4116.41	0.534057
4163.7	0.535406
4211.61	0.536363
4241.1	0.536745
4261.56	0.539943
4304.46	0.539118
4346.75	0.536577
4370.87	0.533372
4384.64	0.528187
4410.16	0.52813
3618.66	0.526628
3680.82	0.527009
3747.45	0.527372
3812.53	0.528023
3874.64	0.529249
3934.32	0.530372
3989.1	0.532734
4041.28	0.534439
4091.82	0.535594
4136.91	0.538403
4176.08	0.539042
4194.36	0.547746
4229.46	0.547625
4273.98	0.550331
4316.62	0.551117
4357.32	0.551744
4396.28	0.552073
4430.7	0.552642
4463.92	0.552972
4492	0.55325
