2800.25	0.158138
2811.74	0.157325
2834.7	0.155819
2868.71	0.153744
2912.51	0.151221
2964.4	0.148353
3022.68	0.145226
3085.92	0.141914
3152.96	0.138479
3222.94	0.134977
3295.24	0.131451
3369.35	0.12794
3444.86	0.124488
3521.28	0.121157
3597.83	0.118049
3673.44	0.115303
3749.36	0.113446
3825.52	0.112955
3900.47	0.11402
3973.31	0.116069
4043.72	0.119007
4112.21	0.125426
4178.43	0.1372
4242.22	0.155425
4306.33	0.176446
4371.85	0.19589
4434.41	0.211298
4489.21	0.198997
4540.63	0.193997
4590.25	0.194175
4638.98	0.19819
4685.81	0.206071
4728.84	0.218383
4771.83	0.240859
4816.81	0.273099
4864.8	0.303664
4909.63	0.321997
4952.76	0.331107
4994.32	0.335872
5034.22	0.337655
5072.32	0.336745
5108.42	0.333105
5142.31	0.326647
5173.72	0.317311
5202.52	0.305687
5226.66	0.290176
5244.15	0.263127
5255.19	0.218481
5263.34	0.196286
5267.54	0.180029
2789.04	0.158761
2800.55	0.157952
2823.95	0.156425
2859.24	0.154286
2904.77	0.151676
2958.4	0.148718
3018.19	0.145509
3082.64	0.142125
3150.61	0.138633
3221.32	0.135087
3294.19	0.131533
3368.82	0.128025
3444.91	0.124656
3522.2	0.121652
3599.92	0.11948
3674.33	0.117864
3750.31	0.119644
3827.69	0.126324
3903.2	0.137301
3976.09	0.147072
4045.75	0.153565
4114.13	0.165621
4179.75	0.186198
4240.05	0.214147
4303.51	0.255268
4375.37	0.297988
4448.04	0.315127
4493	0.269358
4542.07	0.257737
4590.47	0.267631
4640.61	0.288247
4690.08	0.310814
4735.34	0.331417
4778.56	0.355318
4821.47	0.377473
4865.06	0.397499
4910.14	0.416258
4953.72	0.429773
4995.59	0.441036
5035.78	0.450463
5074.16	0.457352
5110.55	0.460553
5144.73	0.4587
5176.36	0.449993
5204.87	0.432629
5229.16	0.404261
5247.86	0.365784
5261.26	0.310862
5267.05	0.21599
5271.3	0.195894
2766.58	0.159929
2777.74	0.159155
2801.61	0.157623
2839.83	0.155353
2889.28	0.152565
2946.63	0.149425
3009.51	0.14605
3076.35	0.142529
3146.14	0.138928
3218.23	0.135301
3292.16	0.131703
3367.68	0.128233
3444.72	0.125192
3523.67	0.123691
3606.27	0.128003
3674.56	0.129023
3750.32	0.144533
3831.33	0.17375
3907.05	0.210617
3981.05	0.237925
4047.87	0.249838
4118.81	0.28641
4186.82	0.32147
4250.54	0.349341
4313.68	0.369207
4378.42	0.380049
4442.19	0.38913
4499.34	0.409758
4547.73	0.405925
4596.29	0.408694
4645.71	0.420726
4694.93	0.432778
4739.66	0.434668
4782.43	0.448315
4823.41	0.464114
4862.04	0.479158
4910.98	0.491014
4955.37	0.504893
4997.73	0.520445
5038.51	0.535709
5077.59	0.549519
5114.75	0.560506
5149.84	0.567205
5182.4	0.568008
5211.76	0.560942
5236.83	0.541496
5256.24	0.497926
5269.93	0.414867
5277.24	0.311115
5279.07	0.216288
2733.21	0.16151
2742.46	0.160863
2765.17	0.159444
2809.48	0.156948
2866.21	0.153861
2929.72	0.150434
2997.3	0.146814
3067.63	0.143094
3139.99	0.13934
3213.97	0.135605
3289.31	0.131954
3365.86	0.128545
3443.51	0.125916
3522.25	0.126099
3601.9	0.136555
3666.57	0.173953
3742.74	0.226934
3839.66	0.316936
3924.99	0.359905
4003.6	0.379873
4065.5	0.377242
4130.51	0.39433
4195.21	0.407556
4258.4	0.419317
4320.41	0.430252
4381.22	0.441001
4441.09	0.452797
4497.52	0.466424
4548.05	0.483271
4600.56	0.49221
4649.26	0.50197
4704.71	0.512065
4745.02	0.48555
4787.31	0.493053
4829.24	0.506746
4870.92	0.519807
4914.78	0.532052
4957.62	0.546715
5000.19	0.563428
5041.84	0.578912
5082.19	0.591827
5120.69	0.600698
5157.5	0.609727
5191.95	0.62024
5223.25	0.629863
5250.38	0.628786
5270.67	0.594419
5283.54	0.513311
5290.6	0.387398
5291.98	0.261263
2690.77	0.163243
2693.93	0.162862
2707.3	0.161905
2766.92	0.15903
2836.62	0.155498
2909.07	0.151675
2982.77	0.147737
3057.39	0.143776
3132.82	0.139847
3209.04	0.135999
3286.04	0.132312
3363.76	0.129023
3442.02	0.127051
3520.29	0.130324
3596.33	0.155827
3675.79	0.254773
3752.59	0.348838
3848.95	0.397556
3943.7	0.422512
4013.98	0.430897
4076.07	0.408142
4139.71	0.41856
4203.15	0.429026
4265.61	0.438904
4326.78	0.448254
4383.61	0.45551
4443.42	0.463966
4499.68	0.476568
4552.93	0.489829
4605.34	0.503012
4657.2	0.516192
4702.17	0.52212
4749.83	0.533564
4791.06	0.537954
4833.88	0.549278
4876.21	0.558476
4918.17	0.567146
4958.76	0.575172
5002.39	0.589004
5045.63	0.598893
5088.23	0.606952
5128.05	0.615701
5167.03	0.631176
5203.95	0.652823
5238.19	0.682192
5269.73	0.714076
5290.46	0.72355
5303.07	0.572648
5308.88	0.426248
5310.81	0.306221
2645.32	0.164735
2635.32	0.164558
2603.24	0.163951
2714.42	0.161325
2804.5	0.157272
2887.47	0.153003
2967.71	0.148743
3046.84	0.144561
3125.46	0.1405
3204.04	0.136619
3282.85	0.133011
3361.92	0.129929
3441.2	0.128131
3520.36	0.13002
3598.47	0.142941
3674.72	0.183932
3760.73	0.262024
3853.28	0.310257
3938.67	0.34694
4013.26	0.366148
4081.09	0.387151
4146.48	0.406871
4210.12	0.42505
4272.24	0.442204
4333.15	0.458739
4393.71	0.474602
4447.57	0.474707
4503.26	0.487605
4557.11	0.500201
4609.2	0.512842
4659.75	0.525507
4708.71	0.538363
4752.16	0.543686
4794.69	0.555245
4837.67	0.569587
4879.29	0.583299
4925.62	0.595912
4959.14	0.60273
5004.3	0.613923
5049.51	0.624245
5096.31	0.634654
5135.24	0.633141
5177.14	0.653477
5216.65	0.680769
5253.65	0.720336
5288.9	0.771275
5330.91	0.818083
5329.7	0.607626
5330.79	0.44874
5331.56	0.32353
2609.97	0.165793
2598.9	0.165589
2573.02	0.164964
2683.01	0.16273
2779.64	0.158667
2868.84	0.154233
2954.13	0.149871
3037.27	0.145735
3118.74	0.14183
3199.51	0.138355
3280.15	0.13553
3360.65	0.133865
3441.11	0.134496
3521.47	0.140258
3600.42	0.157729
3678.51	0.196485
3766.31	0.264038
3852.48	0.306095
3938.37	0.322539
4014.93	0.353057
4085.2	0.376927
4151.96	0.39478
4216.11	0.408915
4277.95	0.421799
4337.98	0.434151
4396.55	0.446365
4452.7	0.458892
4508.26	0.471216
4562.32	0.483546
4613.8	0.496271
4663.36	0.510361
4711.17	0.525265
4756.66	0.54099
4799.47	0.556793
4838.63	0.570982
4886.48	0.584447
4925.16	0.592902
4964.56	0.59666
5004.34	0.607779
5046.88	0.616275
5096.7	0.628703
5144.48	0.639549
5189.34	0.66088
5231.08	0.689539
5273.88	0.726072
5312.88	0.77002
5356.48	0.814222
5353.41	0.615027
5352.99	0.463128
5353.17	0.332145
2585.78	0.166517
2577.38	0.16626
2560.5	0.165648
2664.97	0.163611
2762.29	0.159766
2854.29	0.155624
2942.99	0.152047
3029.79	0.149471
3113.24	0.146804
3195.71	0.145416
3278.14	0.14587
3359.82	0.14973
3441.11	0.159337
3522.93	0.180233
3599.93	0.231513
3696.16	0.308205
3783.09	0.350919
3870.36	0.374563
3938.26	0.381135
4017.14	0.391228
4089.17	0.40434
4157.21	0.416959
4221.86	0.428731
4283.22	0.440151
4342.19	0.451993
4399.85	0.464137
4456.57	0.47633
4512.95	0.488183
4568.33	0.49934
4618.6	0.508686
4667.03	0.523253
4714.35	0.538995
4762.37	0.554536
4802.79	0.559499
4845	0.57325
4886.79	0.573374
4926.92	0.580604
4970.08	0.591368
5010.24	0.601289
5059.27	0.609189
5108.73	0.619304
5156.26	0.633457
5203.84	0.656007
5240.13	0.68438
5289.16	0.721349
5330.14	0.767029
5370.64	0.800322
5373.76	0.608932
5374.5	0.470851
5374.77	0.337571
2570.06	0.167036
2564.42	0.166741
2553.88	0.166134
2654.02	0.164291
2750.27	0.160998
2843.08	0.158514
2933.74	0.160101
3025.57	0.16807
3108.76	0.167752
3191.94	0.171443
3276.59	0.1798
3358.22	0.199415
3438.39	0.239707
3535.24	0.303224
3621.2	0.346014
3708.06	0.373394
3792.25	0.391724
3874.49	0.405437
3952.5	0.418166
4023.23	0.421656
4094.32	0.43354
4163.33	0.444154
4228.64	0.453848
4288.84	0.463223
4345.85	0.475954
4402.33	0.489994
4459.08	0.503498
4516.97	0.516262
4577.8	0.527961
4623.64	0.520356
4670.32	0.528395
4715.48	0.53301
4757.45	0.541545
4805.59	0.551406
4849.49	0.567081
4891.18	0.576667
4935.19	0.58518
4977.39	0.595607
5022.53	0.603471
5070.33	0.612972
5121.34	0.626512
5166.1	0.635998
5210.04	0.659089
5259.87	0.690382
5308.56	0.730606
5354.6	0.775033
5401.59	0.815397
5398.46	0.629833
5396.9	0.484429
5396.4	0.343736
2560.04	0.167428
2556.43	0.167104
2549.9	0.166503
2646.89	0.164904
2741.56	0.162695
2833.64	0.165192
2922.04	0.190155
3028.69	0.267801
3102.81	0.245778
3185.35	0.273027
3275.69	0.307293
3366.39	0.334207
3455.46	0.358822
3545.31	0.378034
3632.27	0.393448
3717.19	0.406452
3799.69	0.418488
3879.66	0.429642
3956.36	0.440255
4026.44	0.450192
4099.33	0.459028
4171.08	0.468168
4238.56	0.478393
4295.81	0.475689
4348.33	0.477788
4403.01	0.485978
4459.05	0.478218
4516.67	0.484941
4572.56	0.494223
4620.98	0.494664
4666.67	0.503243
4716.69	0.516412
4763.71	0.53304
4811.52	0.549247
4849.09	0.561501
4897.29	0.575732
4942.71	0.589162
4988.5	0.600062
5031.44	0.607475
5077.04	0.612397
5123.45	0.622706
5175.87	0.637842
5226.43	0.66095
5277.47	0.692433
5327.41	0.732641
5375.94	0.775632
5425.03	0.814293
5420.72	0.632222
5418.07	0.488015
5417.05	0.345553
2553.69	0.167728
2551.41	0.167376
2547.34	0.166703
2641.97	0.16497
2735.12	0.16199
2826.66	0.160157
2916.95	0.163581
3008.23	0.176167
3093.23	0.181327
3176.92	0.200163
3264.95	0.241165
3371.2	0.30156
3464.69	0.338779
3554.76	0.363707
3642.29	0.381725
3726.21	0.395822
3807.71	0.409116
3887.17	0.421732
3964.8	0.433713
4042.21	0.444975
4104.01	0.451204
4184.03	0.462227
4241.66	0.448194
4298.13	0.45762
4352.99	0.46756
4405.24	0.478155
4466.13	0.489446
4517.29	0.48747
4568.03	0.494634
4620.55	0.502316
4669.35	0.512407
4719.08	0.523489
4767.45	0.538748
4808.64	0.552919
4855.95	0.567882
4904.91	0.581591
4949.01	0.589574
4994.23	0.599209
5038.05	0.608202
5079.55	0.614834
5132.86	0.624107
5185.38	0.640336
5239.5	0.6629
5292.78	0.693808
5344.37	0.733384
5394.46	0.775558
5444.55	0.813368
5440.29	0.628901
5437.33	0.485449
5436.11	0.344076
2549.67	0.167959
2548.21	0.167584
2545.63	0.166857
2638.42	0.165053
2730.08	0.161769
2820.35	0.158645
2909.12	0.158029
2996.46	0.164938
3083.08	0.188176
3172.68	0.250367
3276.2	0.320732
3374.37	0.354867
3468.53	0.374938
3560.97	0.388452
3651.86	0.397321
3734.21	0.398478
3814.75	0.405894
3893.99	0.413333
3971.3	0.420039
4045.57	0.426132
4116.68	0.43409
4181.07	0.433074
4243.86	0.443176
4300.91	0.451471
4357.58	0.464141
4411.05	0.471593
4463.58	0.481066
4518.93	0.492776
4571.51	0.505905
4622.74	0.519371
4674.07	0.533068
4721.11	0.540769
4767.1	0.549471
4813.53	0.558602
4859.84	0.56827
4907.07	0.579095
4952.49	0.583291
4999.64	0.593993
5046.04	0.602883
5092.52	0.613426
5141.46	0.626174
5191.08	0.64313
5250.44	0.664651
5306.32	0.694751
5359.49	0.733668
5410.69	0.775334
5461.42	0.812613
5457.48	0.624526
5454.57	0.480708
5453.32	0.341131
2547.16	0.168129
2546.2	0.167739
2544.49	0.166984
2635.91	0.165182
2726.32	0.161958
2815.25	0.15922
2901.82	0.161604
2982.83	0.188406
3080.11	0.283445
3179.72	0.357103
3278.6	0.396574
3375.01	0.421734
3469.86	0.439544
3565.32	0.452063
3666.51	0.460488
3741.14	0.442832
3820.46	0.44971
3900.29	0.456351
3978.55	0.462018
4049.91	0.465451
4117.44	0.472632
4181.15	0.480625
4249.89	0.487213
4302.28	0.472273
4357.2	0.474875
4413.26	0.481504
4467.44	0.490625
4521.78	0.500618
4574.89	0.511686
4623.42	0.519072
4674.82	0.526853
4723.35	0.537291
4765.11	0.545822
4816.46	0.559215
4863.5	0.564877
4905.53	0.573876
4956.03	0.586204
5005.1	0.596236
5053.19	0.603805
5099.73	0.61254
5148.65	0.625899
5200.32	0.643891
5261.76	0.665184
5319.03	0.694986
5373.18	0.73357
5425.06	0.775027
5476.19	0.811989
5472.59	0.620555
5469.84	0.475706
5468.63	0.337884
2545.65	0.168245
2544.99	0.167844
2543.79	0.167063
2634.32	0.16524
2723.93	0.161938
2812.19	0.158765
2898.62	0.158914
2981.91	0.174294
3068.66	0.241284
3174.52	0.330476
3274.76	0.375295
3371.57	0.401786
3466.79	0.420903
3561.17	0.435511
3654.24	0.446921
3738.99	0.455991
3822.46	0.466179
3906.66	0.473991
3994.5	0.480436
4058.62	0.470248
4122.37	0.473614
4188.82	0.47862
4243.94	0.487872
4306.3	0.499906
4361.64	0.496459
4416.51	0.49606
4469.33	0.499439
4524.52	0.505618
4577.32	0.515282
4630.46	0.526289
4677.97	0.534787
4719.88	0.5422
4762.53	0.543451
4812.4	0.547593
4863.44	0.558064
4909.78	0.570554
4961.45	0.582678
5010.85	0.594259
5058.71	0.602836
5104.86	0.613654
5151.44	0.627515
5213.98	0.642967
5274.06	0.664488
5331.27	0.694509
5385.67	0.733126
5437.85	0.774643
5489.17	0.811472
5485.83	0.617428
5483.24	0.471259
5482.09	0.334887
2544.85	0.168314
2544.37	0.167903
2543.46	0.167097
2633.61	0.165237
2722.8	0.161802
2810.76	0.15802
2897.56	0.155353
2983.42	0.157613
3069.24	0.175953
3156.93	0.234577
3264.93	0.31842
3362.71	0.36352
3459.49	0.390117
3554.51	0.407279
3647.37	0.419997
3735.86	0.429777
3822.03	0.438551
3907.9	0.446438
3996.9	0.453179
4058.8	0.43976
4119.86	0.448547
4186.53	0.457455
4256.09	0.465634
4305.12	0.452692
4359.5	0.452554
4418.66	0.462447
4477.08	0.474855
4530.09	0.477747
4581.84	0.491986
4633.82	0.506218
4674.7	0.507625
4719.51	0.515754
4768.91	0.530343
4817.06	0.546147
4863.4	0.562971
4917.77	0.577292
4967.88	0.58429
5017.43	0.595065
5065.18	0.603144
5108.71	0.61413
5167.91	0.62583
5227.51	0.641373
5286.06	0.663333
5342.67	0.693661
5396.93	0.732482
5449.12	0.774221
5500.47	0.811045
5497.31	0.615126
5494.85	0.467568
5493.75	0.332293
2544.57	0.168341
2544.22	0.16792
2543.5	0.167096
2633.83	0.165204
2722.86	0.161678
2810.46	0.157574
2897.2	0.153641
2983.7	0.151034
3070.78	0.152609
3159.19	0.164647
3247.75	0.197763
3345.29	0.266922
3447.82	0.326525
3545.5	0.358522
3641.67	0.376285
3732.66	0.388324
3819.97	0.397727
3904.24	0.406032
3985	0.413402
4060.09	0.417095
4110.35	0.405964
4180	0.408991
4244.47	0.414801
4299.22	0.417294
4360.74	0.425806
4419.87	0.438495
4479.28	0.451406
4538.11	0.464623
4584.95	0.466015
4629.3	0.479682
4678.36	0.489792
4726.46	0.506876
4775.47	0.523474
4824.54	0.539816
4873.94	0.555693
4925.76	0.570089
4977.04	0.583343
5026.19	0.594559
5075.78	0.602926
5126.33	0.612461
5182.1	0.624105
5239.56	0.639906
5296.85	0.662149
5352.8	0.692743
5406.77	0.731803
5458.85	0.773813
5510.15	0.8107
5507.1	0.613425
5504.73	0.464491
5503.67	0.330038
2544.7	0.168333
2544.48	0.167902
2543.96	0.16706
2635.32	0.165137
2724.36	0.161557
2811.06	0.157348
2897.18	0.153028
2983.32	0.149039
3070.24	0.146202
3158.4	0.146387
3248.2	0.153352
3340.23	0.172013
3427.81	0.21247
3531.81	0.276136
3637.63	0.320182
3730.92	0.345767
3818.99	0.363634
3902.03	0.378279
3976.69	0.38679
4048.26	0.395201
4113.04	0.403996
4176.73	0.401412
4240.65	0.410995
4301.59	0.420487
4362.3	0.429496
4418.76	0.438017
4479.96	0.44959
4539.84	0.463296
4587.85	0.468106
4630.52	0.477998
4680.94	0.494908
4730.52	0.511812
4780.09	0.528415
4829.82	0.54466
4880.26	0.560246
4932.67	0.574446
4987.07	0.586584
5033.73	0.594667
5084.62	0.602732
5137.49	0.611567
5192.8	0.62299
5249.35	0.638809
5305.85	0.661185
5361.29	0.691968
5414.99	0.731229
5466.95	0.773475
5518.19	0.810426
5515.22	0.612035
5512.93	0.461745
5511.91	0.327972
2545.09	0.168301
2545.09	0.167855
2545.03	0.166984
2639.11	0.165002
2728.23	0.16138
2812.36	0.157219
2897.3	0.152898
2982.42	0.148741
3068.65	0.145366
3155.7	0.144394
3244.65	0.150038
3337.23	0.16877
3426.31	0.203423
3527.3	0.265223
3636.81	0.312155
3729.39	0.320362
3819.71	0.332476
3896.18	0.338225
3973.62	0.35251
4044.73	0.370396
4111.27	0.387134
4175.35	0.402514
4239.33	0.41716
4301.51	0.431278
4362.61	0.444756
4423.24	0.457934
4479.71	0.46163
4538.04	0.472528
4581.78	0.479811
4630.51	0.488687
4682.37	0.501073
4732.68	0.51715
4782.69	0.533377
4832.61	0.549443
4882.92	0.564983
4936.04	0.578743
4993.03	0.589844
5036.28	0.596082
5090.63	0.602709
5144.99	0.611116
5200.53	0.622315
5256.75	0.638084
5312.82	0.660534
5367.91	0.691465
5421.44	0.730867
5473.34	0.773251
5524.58	0.810218
5521.69	0.610695
5519.48	0.45904
5518.49	0.325946
2545.54	0.168263
2545.8	0.167797
2546.67	0.166877
2647.82	0.164693
2737.13	0.161055
2812.94	0.157287
2897.42	0.153196
2980.65	0.149583
3066.5	0.147888
3151.05	0.152718
3236.25	0.179936
3334.58	0.263219
3437.21	0.314717
3537.26	0.353382
3630.42	0.37712
3730.18	0.393784
3830.04	0.403247
3899.64	0.378569
3972.5	0.383707
4042.35	0.390129
4109.34	0.398839
4171.47	0.405804
4237.47	0.415212
4300.41	0.427133
4361.42	0.439388
4420.54	0.451995
4476.73	0.465137
4531.3	0.479291
4582.23	0.494332
4635.71	0.508635
4683.39	0.511108
4733.28	0.52418
4783.58	0.536471
4833.29	0.549819
4881.17	0.564329
4934.1	0.578134
4990.46	0.589522
5045.62	0.598438
5095.75	0.60253
5150.09	0.610861
5205.83	0.621932
5261.92	0.637668
5317.66	0.66023
5372.47	0.691344
5425.99	0.730813
5477.99	0.773184
5529.31	0.81007
5526.54	0.609206
5524.42	0.456191
5523.46	0.323888
2545.77	0.16824
2545.96	0.167775
2546.19	0.166881
2642.7	0.164868
2732.79	0.161269
2819.49	0.15752
2898.89	0.154926
2976.29	0.153692
3065.33	0.158993
3144.05	0.17939
3233.42	0.209759
3325.62	0.249602
3442.68	0.318608
3542.54	0.356128
3636.13	0.378568
3728.87	0.392833
3818.34	0.404188
3897.69	0.415122
3973.91	0.426104
4042.04	0.431178
4107.68	0.441109
4174.27	0.451544
4236.57	0.450918
4299.19	0.458378
4360.14	0.465939
4418.8	0.473244
4473.5	0.479338
4520.4	0.487456
4578.46	0.491514
4632.61	0.500469
4683.78	0.510934
4731.5	0.522483
4783.17	0.53319
4832.66	0.548642
4881	0.564485
4927.24	0.578514
4987.92	0.587841
5044.66	0.596727
5097.01	0.603923
5152.57	0.610953
5209.05	0.621778
5265.07	0.637495
5320.32	0.660302
5374.71	0.691792
5428.54	0.731193
5480.89	0.773307
5532.43	0.80998
5529.82	0.607505
5527.8	0.453242
5526.88	0.321869
2545.85	0.168233
2546.14	0.167763
2546.58	0.166863
2643.95	0.164846
2731.85	0.161342
2819.35	0.15784
2898.94	0.15618
2983.43	0.160084
3055.63	0.177773
3141.43	0.198222
3229.96	0.229219
3343.9	0.31863
3449.18	0.367466
3546.64	0.398393
3638.67	0.420709
3728.04	0.437437
3814.26	0.450823
3896.89	0.463951
3981.78	0.473331
4042.73	0.467925
4103.72	0.478449
4170.84	0.491429
4235.02	0.503388
4298.9	0.51389
4360.73	0.523727
4421.68	0.52682
4470.91	0.515733
4523.91	0.52134
4578.46	0.528971
4631.92	0.537581
4684.13	0.546911
4736.12	0.556135
4783.08	0.560466
4831.41	0.570358
4876.69	0.582531
4933.96	0.589101
4987.98	0.595285
5047.23	0.600566
5106.23	0.607093
5152.87	0.612292
5211	0.621946
5266.6	0.637557
5320.75	0.660917
5373.88	0.693447
5429.03	0.732186
5482.18	0.773612
5534.06	0.809943
5531.61	0.605866
5529.68	0.450663
5528.79	0.320169
2545.67	0.16825
2546.23	0.167768
2547.99	0.166819
2654.63	0.164516
2731.31	0.161358
2809.09	0.15783
2896.12	0.154497
2980.98	0.154505
3062.88	0.167224
3147.33	0.222524
3240.32	0.275543
3350.93	0.318665
3454.26	0.351092
3549.81	0.379733
3639.52	0.400373
3727.29	0.415555
3811.46	0.428325
3891.95	0.439063
3969.54	0.447948
4039.16	0.45416
4107.8	0.463638
4169.22	0.460196
4232.82	0.465381
4293.11	0.468778
4355.55	0.471637
4415	0.475592
4470.32	0.479106
4523.08	0.489165
4578.57	0.500129
4631.72	0.513928
4683.54	0.528013
4733.91	0.542259
4782.29	0.556465
4832.81	0.570201
4883.02	0.583516
4937.55	0.594379
4995.3	0.602587
5049.14	0.603677
5105.82	0.610555
5161.75	0.618988
5213.69	0.626556
5267.2	0.640727
5319.1	0.662724
5367.39	0.696947
5427.95	0.7335
5482.28	0.773882
5534.41	0.809952
5532.02	0.605338
5530.11	0.449601
5529.25	0.31934
2544.99	0.168303
2545.17	0.167843
2545.4	0.166958
2640.18	0.164985
2725.93	0.1615
2809.76	0.157591
2895.37	0.153929
2980.77	0.152028
3065.74	0.156179
3151.46	0.177504
3239.77	0.230623
3358.74	0.308301
3458.08	0.339652
3553.9	0.357072
3638.35	0.370194
3727.01	0.38402
3809.79	0.396325
3887.78	0.402445
3963.45	0.40878
4035.03	0.413058
4101.44	0.417574
4166.69	0.425146
4229.95	0.435998
4291.65	0.446812
4352.91	0.458164
4412.55	0.469554
4469.54	0.481847
4527.27	0.49448
4579.22	0.495945
4631.13	0.504339
4682.77	0.514798
4732.19	0.525843
4777.98	0.53886
4833.22	0.547394
4883.89	0.561129
4936.96	0.574583
4993.27	0.586363
5048.63	0.595649
5105.15	0.60238
5160.84	0.610244
5212.94	0.621887
5267.75	0.636594
5321.93	0.659796
5374.79	0.692367
5429.47	0.731445
5482.13	0.773315
5533.66	0.809996
5531.07	0.607649
5529.13	0.451146
5528.27	0.319641
2544.18	0.168365
2544.1	0.167919
2543.77	0.16706
2634.73	0.165157
2722.49	0.161672
2808.71	0.157724
2894.83	0.154207
2980.73	0.153027
3066.47	0.159898
3153.44	0.189361
3253.33	0.25949
3367.69	0.315361
3466.86	0.343574
3562.6	0.358563
3648.59	0.357653
3730.5	0.357945
3807.05	0.35805
3887.22	0.359011
3961.28	0.373123
4032.02	0.387054
4098.76	0.399658
4164.1	0.41172
4226.71	0.42376
4288.78	0.435251
4350.17	0.446579
4411.06	0.457912
4466.43	0.459358
4523.25	0.468112
4577.3	0.476442
4632.02	0.487639
4684.96	0.50206
4736.1	0.51707
4786.06	0.532547
4837.76	0.547401
4887.62	0.562627
4931.44	0.578236
4990.79	0.589982
5046.04	0.59866
5104.34	0.605297
5162.25	0.613695
5220.81	0.625149
5266.54	0.63622
5323.02	0.657881
5376.73	0.689387
5429.45	0.729435
5480.68	0.772622
5531.41	0.810093
5528.58	0.609895
5526.67	0.450767
5525.86	0.318111
2543.49	0.168419
2543.34	0.167978
2542.94	0.167122
2632.43	0.165241
2720.6	0.161795
2807.79	0.157951
2894.49	0.155053
2980.46	0.157115
3063.99	0.180233
3160.88	0.263085
3282.27	0.333518
3380.75	0.341241
3475.06	0.358139
3564.14	0.370894
3653.47	0.381455
3736.5	0.391148
3817.95	0.399155
3889.08	0.399024
3959.38	0.403939
4030.67	0.406313
4095.17	0.414027
4162.07	0.425342
4222.06	0.426476
4284.74	0.435219
4346.09	0.442783
4402.19	0.44903
4462.8	0.45841
4520.79	0.470116
4577.1	0.482575
4632.72	0.495353
4687.03	0.50862
4739.31	0.522267
4790.55	0.536989
4842.36	0.55181
4891.12	0.559689
4940.14	0.573739
4991.25	0.586178
5039.6	0.59729
5102.85	0.603405
5161.65	0.610998
5218.78	0.621861
5273.76	0.638184
5323.79	0.654926
5376.06	0.686709
5427.41	0.727485
5477.29	0.771843
5527.04	0.810263
5524.29	0.608742
5522.72	0.441876
5522.06	0.310357
2543.01	0.168457
2542.86	0.168016
2542.53	0.167157
2631.42	0.165279
2719.69	0.161836
2807.4	0.157963
2894.73	0.154957
2981.57	0.156546
3066.72	0.177293
3163.32	0.254346
3291.87	0.32744
3390.53	0.342392
3484.42	0.373303
3575.04	0.393747
3662.21	0.409701
3742.32	0.425468
3819.58	0.441133
3893.31	0.45419
3968.36	0.464203
4034.19	0.470606
4087.34	0.452162
4153.1	0.455283
4218.13	0.462572
4280.79	0.469387
4341.72	0.476288
4400.86	0.483838
4459.98	0.489644
4518.23	0.496952
4575.8	0.504623
4632.96	0.512331
4689.37	0.520595
4741.82	0.523907
4792.77	0.53347
4840.93	0.544241
4893.09	0.55652
4944.15	0.570285
4995.77	0.583056
5048.09	0.593697
5104.75	0.600291
5161.38	0.60715
5217.11	0.616836
5270.88	0.631399
5320.31	0.654622
5372.75	0.683724
5423.32	0.724408
5471.61	0.770149
5519.48	0.810426
5517.98	0.594864
5517.46	0.411034
5517.12	0.291306
2542.73	0.168479
2542.6	0.168037
2542.34	0.167176
2631.02	0.165299
2719.36	0.161852
2807.4	0.157927
2895.33	0.154641
2983.36	0.154712
3071.6	0.167015
3160.56	0.215872
3289.86	0.300779
3394.99	0.345767
3491.98	0.371634
3585.74	0.387778
3674.79	0.40105
3748.36	0.395763
3822.79	0.408279
3894.83	0.420992
3960.68	0.432379
4028.64	0.444003
4090.26	0.457381
4153.38	0.471978
4216.28	0.485248
4278	0.497997
4338.52	0.51049
4397.92	0.522743
4456.68	0.534372
4514.88	0.545988
4573.24	0.557298
4632.54	0.567439
4695.8	0.574702
4744.47	0.558951
4793.74	0.565421
4843.37	0.575345
4894.33	0.584905
4945.91	0.593734
4998.16	0.600401
5051.21	0.606526
5105.73	0.61303
5160.82	0.62073
5215.77	0.630801
5270.11	0.64464
5324.3	0.663537
5367.8	0.678728
5418.08	0.708139
5464.02	0.745384
5505.72	0.776389
5510.18	0.534391
5511.76	0.355193
5511.86	0.257783
2542.62	0.168484
2542.51	0.168044
2542.29	0.167189
2630.94	0.16533
2719.34	0.161934
2807.55	0.158183
2895.81	0.155542
2984.31	0.158047
3072.46	0.179316
3170.67	0.247699
3294.23	0.319741
3399.68	0.351299
3498.85	0.367773
3598.57	0.378159
3674.63	0.366015
3754.5	0.374287
3826.25	0.376837
3895.69	0.388616
3961.91	0.400688
4026.86	0.413796
4089.51	0.426459
4152.03	0.438957
4214.07	0.450521
4275.12	0.461102
4335.35	0.470752
4394.73	0.479726
4453.2	0.488285
4510.7	0.496358
4569.14	0.503359
4627.56	0.510108
4686.16	0.515866
4741.36	0.517302
4791.92	0.528667
4841.93	0.542261
4892.77	0.556233
4945	0.569687
4997.72	0.582638
5050.28	0.593854
5103.91	0.601335
5158.41	0.60887
5213.08	0.618993
5267.29	0.633792
5320.49	0.655812
5371.46	0.687646
5416.35	0.71997
5462.34	0.768204
5508.97	0.810727
5507.57	0.562044
5507.56	0.347887
5507.55	0.248042
2542.67	0.168474
2542.56	0.168037
2542.34	0.167203
2631.07	0.165398
2719.51	0.162176
2807.69	0.159061
2895.9	0.158832
2984.39	0.17071
3072.98	0.225724
3193	0.318024
3302.95	0.362535
3405.01	0.389689
3501.91	0.408226
3593.38	0.423461
3677.43	0.438372
3765.59	0.447997
3829.36	0.423249
3897.55	0.429994
3961.96	0.436412
4024.95	0.44336
4086.64	0.451138
4149.05	0.45858
4210.9	0.466488
4271.21	0.475004
4331.26	0.483602
4390.7	0.492534
4448.95	0.501938
4503.85	0.511995
4563.23	0.52271
4620.49	0.534743
4677.92	0.547626
4740.81	0.560321
4788.69	0.54491
4837.75	0.552638
4887.92	0.563637
4941.87	0.573385
4996.01	0.584026
5047.34	0.593141
5100.32	0.598762
5154.66	0.605772
5209.19	0.615016
5263.23	0.628503
5315.95	0.648901
5366.02	0.679324
5410.83	0.723234
5457.74	0.769301
5504.72	0.810908
5503.22	0.572263
5503.21	0.34857
5503.34	0.246595
2542.88	0.168449
2542.75	0.16802
2542.5	0.16723
2631.46	0.165546
2719.89	0.16275
2807.65	0.16122
2895	0.166575
2983.82	0.194018
3087.99	0.268582
3205.66	0.326655
3310.72	0.355976
3410.42	0.37537
3506.45	0.389819
3592.74	0.400171
3674.15	0.414153
3753.51	0.425817
3826.56	0.434024
3903.32	0.444538
3962.37	0.439879
4023.13	0.448532
4080.7	0.458801
4144.94	0.470532
4208.16	0.481773
4265.87	0.482486
4326.28	0.492423
4386.67	0.502019
4445.97	0.511705
4505.13	0.521371
4558.2	0.520262
4612.04	0.528979
4663.03	0.538154
4724.85	0.542036
4778.74	0.547014
4829.1	0.559654
4874.73	0.575115
4935.65	0.587889
4992.86	0.597915
5051.23	0.607552
5094.55	0.607534
5149.62	0.615259
5204.28	0.625944
5258.33	0.640122
5311.22	0.659895
5362.39	0.687478
5412.16	0.722809
5450.78	0.747948
5493.3	0.775772
5497.4	0.508146
5498.73	0.313981
5499.24	0.240481
2543.25	0.16841
2543.11	0.167994
2542.81	0.16728
2632.29	0.165831
2720.8	0.163988
2807.47	0.166765
2890.38	0.19171
2992.86	0.271602
3106.32	0.33957
3217.01	0.373272
3316.52	0.394741
3414.66	0.411271
3517.04	0.422362
3593.33	0.401683
3669.92	0.406556
3745.32	0.413682
3818.07	0.420721
3889.42	0.427357
3955.5	0.432973
4019.73	0.441449
4083.84	0.44992
4140.44	0.45002
4196.28	0.452937
4261.08	0.451939
4320.25	0.457776
4382.72	0.465296
4441.9	0.474509
4499.04	0.484049
4554.42	0.492591
4608.89	0.503696
4662.76	0.515461
4718.69	0.5281
4772.85	0.539761
4825.16	0.552905
4876.76	0.566517
4931.98	0.57913
4987.53	0.589767
5036.8	0.59782
5088.94	0.602588
5143	0.610056
5198.13	0.620146
5252.74	0.634958
5306.23	0.65713
5358.12	0.689086
5407.95	0.731314
5455.55	0.778017
5498.16	0.811092
5496.23	0.575682
5496.04	0.349773
5496.19	0.249545
2543.79	0.168359
2543.66	0.167959
2543.37	0.167343
2633.94	0.166141
2723.19	0.165153
2809.49	0.171646
2889.74	0.214063
3001.58	0.309587
3113.92	0.353768
3233.1	0.372243
3319.22	0.353043
3411.36	0.360845
3503.19	0.365698
3587.85	0.365097
3664.69	0.36954
3738.69	0.376877
3809.49	0.384227
3881.45	0.391174
3949.45	0.399582
4014.75	0.408889
4079.08	0.418459
4135.56	0.42465
4190.7	0.435066
4258.08	0.444118
4322.11	0.455143
4380.22	0.457229
4438.03	0.466511
4492.91	0.476046
4549.77	0.486615
4604.6	0.499827
4658.62	0.513477
4712.52	0.527317
4767.08	0.541016
4820.23	0.555308
4873.52	0.569427
4926.46	0.580897
4982.7	0.591457
5025.93	0.597092
5087.77	0.602806
5134.13	0.608097
5190.85	0.617405
5245.97	0.631084
5299.9	0.651552
5352.42	0.68095
5402.67	0.720271
5449.77	0.765826
5492.29	0.80787
5493.29	0.551326
5493.04	0.361832
5493.09	0.260056
2544.48	0.1683
2544.4	0.167938
2544.22	0.167545
2636.73	0.166738
2727.99	0.165836
2815.4	0.167483
2900.49	0.182374
2991.12	0.233396
3107.47	0.312854
3216.29	0.350633
3312.17	0.372678
3404.9	0.391978
3496.88	0.406497
3591.17	0.419167
3660.72	0.399144
3733.23	0.405192
3806.46	0.413377
3875.13	0.413146
3943.78	0.420138
4008.52	0.424836
4070.06	0.431408
4131.92	0.434084
4193.94	0.440543
4256.42	0.447523
4318.18	0.455654
4377.77	0.465183
4435.7	0.476156
4491.09	0.48855
4545.26	0.493574
4599.27	0.505822
4652.82	0.517644
4703.9	0.530337
4760.95	0.543574
4813.5	0.553317
4865.41	0.564803
4919.22	0.575677
4973.25	0.587452
5029.34	0.596436
5077	0.600707
5128.85	0.607718
5183.61	0.617693
5238.24	0.632438
5292.06	0.654333
5345.48	0.685088
5396.97	0.725468
5446.12	0.770625
5494.31	0.811156
5491.52	0.598332
5489.98	0.408487
5489.67	0.28541
2545.25	0.168251
2545.25	0.16803
2545.25	0.168711
2640.37	0.171105
2735.92	0.177638
2822.17	0.178505
2908	0.185361
2996.36	0.202533
3091.46	0.239395
3204.83	0.295616
3304.1	0.330832
3396.43	0.353685
3485.6	0.368627
3571.73	0.378478
3649.1	0.382445
3724.21	0.392678
3798.19	0.402297
3868.43	0.408822
3934.17	0.41754
4004.12	0.427785
4070.18	0.439026
4135.22	0.449974
4194.23	0.454667
4253.69	0.463808
4315.44	0.47193
4375.81	0.481253
4434.49	0.491145
4490.89	0.501729
4540.75	0.51069
4592.55	0.524323
4645.84	0.526095
4704.35	0.535678
4753.82	0.537583
4805.83	0.550208
4851.95	0.565452
4910.17	0.5779
4960.39	0.5911
5021.39	0.599179
5079.43	0.606762
5128.32	0.612256
5174.95	0.619199
5229.09	0.635054
5281.7	0.658701
5336.96	0.68981
5390.15	0.72966
5441.05	0.773023
5491.24	0.811275
5487.88	0.612928
5485.72	0.442047
5485.04	0.304271
2546.04	0.168218
2546.02	0.168299
2545.99	0.172074
2642.23	0.189057
2753.48	0.249079
2827.81	0.244637
2910.95	0.274155
3003.81	0.304344
3098.39	0.32824
3198.61	0.342429
3294.59	0.354576
3385.99	0.366137
3473.58	0.376631
3557.8	0.386383
3637.32	0.39627
3714.34	0.404647
3786.43	0.412369
3861.16	0.420862
3933.03	0.430641
4001.68	0.439293
4069.54	0.449235
4138.12	0.458864
4192.92	0.457166
4245.48	0.470362
4312.68	0.481427
4374.54	0.493326
4435.13	0.505279
4489.13	0.509061
4540.75	0.50947
4591.39	0.516464
4647.23	0.525461
4693.95	0.535448
4751.24	0.542193
4804.56	0.554103
4855.64	0.56717
4907.61	0.579841
4957.55	0.592185
5015.43	0.599697
5071.39	0.606913
5126.75	0.616871
5170.16	0.626668
5219.19	0.637879
5265.67	0.664093
5326.94	0.693786
5382.15	0.732381
5434.31	0.774313
5485.49	0.811476
5482.21	0.616682
5479.83	0.458148
5478.85	0.317398
2546.83	0.168124
2546.63	0.167931
2546.32	0.168752
2643.4	0.171575
2741.26	0.180314
2830.22	0.195921
2909.51	0.218465
2996.88	0.246491
3088.49	0.269674
3194.61	0.312315
3288.8	0.346015
3378.21	0.369688
3463.88	0.386309
3548.66	0.399038
3626.22	0.411017
3704.7	0.424902
3780.03	0.438229
3855.8	0.449732
3934.62	0.459688
3998.32	0.449144
4066.49	0.455928
4136.47	0.462794
4195.63	0.465479
4254.17	0.471281
4313.6	0.466288
4372.96	0.471617
4428.12	0.475858
4482.5	0.477752
4539.97	0.486026
4593.96	0.499639
4647.62	0.51389
4699.13	0.5289
4752.33	0.543128
4804.74	0.557743
4856.18	0.572177
4906.28	0.585738
4957.1	0.596684
5010.53	0.60494
5062.84	0.609598
5118.4	0.618776
5171.53	0.631182
5211.41	0.640196
5263.85	0.663831
5319.31	0.694969
5373.71	0.733822
5426.19	0.775138
5477.85	0.811766
5474.7	0.617292
5472.32	0.46554
5471.29	0.32556
2547.82	0.168032
2547.29	0.167708
2546.33	0.1674
2642.4	0.166627
2737.04	0.165875
2826.86	0.16824
2910.04	0.181053
2989.53	0.225126
3096.96	0.306178
3190.1	0.328511
3280.99	0.34454
3368.35	0.360051
3457.35	0.374247
3540.32	0.393631
3618.3	0.410004
3696.01	0.424198
3771.37	0.436394
3845.75	0.446711
3921.2	0.4553
3986.78	0.452813
4058.65	0.462121
4136.86	0.470268
4195.33	0.466834
4255.52	0.474105
4316.55	0.473319
4371.66	0.472359
4429.88	0.477048
4485.01	0.487736
4540.66	0.500671
4594.88	0.513972
4648.28	0.52763
4700.77	0.541562
4752.44	0.555253
4804.22	0.568795
4856.6	0.581416
4903.15	0.586389
4953.24	0.596059
4994.71	0.601788
5054.81	0.606542
5110.4	0.614724
5163.01	0.627123
5211.36	0.647061
5255.97	0.665048
5309.13	0.696339
5363.71	0.735124
5416.56	0.775875
5468.53	0.81216
5465.51	0.61729
5463.2	0.468676
5462.21	0.330046
2549.37	0.167924
2548.39	0.167575
2546.63	0.167007
2642.45	0.165541
2736.91	0.16328
2828.48	0.163799
2912.68	0.176181
2994.69	0.224157
3082.01	0.261803
3178.38	0.299662
3276.79	0.333646
3371.71	0.365359
3451.76	0.373062
3533.03	0.39109
3607.22	0.406734
3686.96	0.421106
3761.54	0.435307
3832.76	0.448345
3901.04	0.460585
3967.25	0.473076
4042.71	0.486778
4118.14	0.49988
4186.65	0.516425
4254.02	0.53126
4325.29	0.539724
4380.49	0.517469
4432.83	0.520605
4485.18	0.528363
4540.99	0.536253
4594.9	0.545775
4648.15	0.555297
4701.62	0.564673
4750.92	0.566904
4801.74	0.575329
4849.46	0.583874
4897.42	0.591556
4944.14	0.599905
4995.83	0.606431
5050.21	0.6127
5104.02	0.621848
5156.93	0.634643
5209.98	0.652661
5253.91	0.674451
5293.92	0.700843
5352	0.736708
5405.47	0.776597
5457.6	0.812658
5454.67	0.617213
5452.51	0.469323
5451.61	0.331898
2551.93	0.167769
2550.31	0.16743
2547.42	0.166836
2643.69	0.16529
2739.37	0.163155
2836.53	0.165776
2916.23	0.182721
2995.88	0.199277
3079.49	0.18186
3157.85	0.214228
3265.79	0.294646
3361.06	0.345498
3445.86	0.376284
3528.03	0.399011
3608.83	0.416997
3679.69	0.42227
3752.4	0.436235
3820.57	0.449369
3881.15	0.455569
3936.78	0.467242
4025.17	0.474201
4104.92	0.478868
4178	0.48326
4247.71	0.487599
4315.63	0.492021
4377.67	0.494028
4433.37	0.503685
4489.35	0.515222
4542.4	0.52308
4594.27	0.524436
4646.19	0.533289
4695.16	0.54056
4747.95	0.550098
4799.24	0.562805
4846.46	0.571305
4891.59	0.579933
4933.86	0.592659
4990.91	0.599373
5044.62	0.605794
5097.01	0.614338
5148.54	0.62619
5199.7	0.643144
5246.43	0.669393
5296.56	0.704187
5341.46	0.737299
5393.4	0.776901
5444.93	0.813272
5442.17	0.616611
5440.33	0.467135
5439.59	0.331255
2556.15	0.167545
2553.54	0.167226
2548.78	0.166617
2645.43	0.164846
2740.06	0.161583
2831.93	0.158676
2916.85	0.157861
2998.37	0.159265
3078.95	0.163877
3155.55	0.196567
3255.42	0.274753
3351.56	0.338398
3437.21	0.373254
3519.86	0.395761
3594.85	0.406465
3671.73	0.419625
3743.72	0.42694
3811.22	0.436955
3879.24	0.439993
3946.26	0.452562
4014.25	0.465339
4096.53	0.473822
4171	0.48214
4241.52	0.491229
4310.18	0.500704
4379.58	0.510101
4432.2	0.50123
4486.55	0.50812
4538.02	0.515819
4594.28	0.525541
4642.05	0.528188
4696.18	0.538921
4744.94	0.539483
4793.07	0.547778
4839.83	0.557418
4889.92	0.570532
4937.74	0.585017
4988.58	0.596037
5039.45	0.603667
5089.67	0.612846
5138.79	0.625896
5191.53	0.643423
5244.7	0.668027
5288.16	0.698724
5337.68	0.740105
5379.48	0.776916
5429.62	0.813982
5427.89	0.61062
5426.8	0.458617
5426.34	0.327301
2563.03	0.167231
2558.98	0.166935
2551.31	0.166348
2649.12	0.164521
2743.44	0.161039
2833.98	0.157465
2919.95	0.155537
3000.35	0.158391
3080.03	0.173405
3153.98	0.221917
3256.17	0.307918
3342.06	0.321485
3426.04	0.340405
3503.92	0.355027
3583.77	0.366829
3656.55	0.376824
3734.39	0.388076
3807.73	0.400585
3879.61	0.414499
3950.22	0.428999
4018.31	0.442305
4094.05	0.452436
4166.27	0.461114
4235.66	0.468979
4302.55	0.476404
4365.96	0.483354
4424.66	0.485524
4481.26	0.492383
4536.11	0.500053
4589.89	0.508383
4643.3	0.509943
4690.27	0.512684
4739.7	0.520874
4791.47	0.532545
4839.77	0.548728
4889.02	0.564944
4937.51	0.580232
4985.53	0.593211
5034.15	0.601835
5082.33	0.611097
5123.81	0.622829
5180.59	0.636373
5231.95	0.656591
5276.94	0.687442
5325.67	0.7249
5371.6	0.766077
5409.11	0.795437
5412.3	0.591174
5412.46	0.439699
5412.2	0.320146
2574.02	0.166806
2568.11	0.166527
2556.3	0.165957
2656.28	0.164136
2750.61	0.160791
2840.57	0.158051
2928.25	0.160881
3001.76	0.177935
3084.52	0.207337
3164.54	0.227748
3246.75	0.236039
3329.65	0.248199
3414.06	0.257739
3483.73	0.242599
3569	0.293039
3647.85	0.340662
3725.85	0.374541
3802.15	0.397057
3878.18	0.414032
3954.17	0.427998
4026.07	0.441479
4093.21	0.43599
4162.7	0.442849
4230.76	0.447114
4296.93	0.450952
4359.15	0.454359
4419.21	0.462402
4476.75	0.472505
4531.18	0.481966
4583.59	0.491727
4639.44	0.502426
4691.69	0.517133
4744.84	0.532381
4791.44	0.539005
4837.02	0.554269
4887.29	0.569655
4936.48	0.584011
4981.16	0.592311
5028.63	0.600781
5072.98	0.608522
5121.89	0.619329
5173.01	0.634673
5222.91	0.657079
5272.1	0.689111
5313.18	0.724789
5358.47	0.770215
5403.47	0.812908
5399.34	0.609073
5398.3	0.437262
5397.41	0.318106
2591.01	0.166244
2583.19	0.165976
2567.93	0.165354
2669.06	0.163502
2762.13	0.160302
2849.25	0.1573
2927.75	0.155132
3011.45	0.154342
3094.5	0.162488
3165.81	0.180913
3243.69	0.194122
3326.82	0.167893
3406.1	0.165496
3480.79	0.162788
3553.4	0.185146
3630.44	0.259277
3713.67	0.336954
3792.91	0.378205
3873.64	0.400785
3959.75	0.415858
4019.52	0.39435
4090.4	0.402341
4159.54	0.412885
4226.63	0.422958
4291.94	0.432984
4353.77	0.443849
4414.58	0.455716
4471.03	0.45947
4527.82	0.468359
4582.63	0.481741
4637.32	0.495839
4690.46	0.510243
4741.54	0.525293
4790.87	0.540619
4840.44	0.556122
4885.25	0.562548
4929.76	0.573875
4976.25	0.58597
5022.44	0.597016
5068.78	0.605291
5116.45	0.615883
5164.67	0.630575
5211.93	0.652062
5257.12	0.683462
5297.36	0.728615
5343.45	0.774037
5390.21	0.815975
5385.61	0.623932
5383.5	0.489188
5381.3	0.333792
2615.89	0.165501
2605.81	0.16528
2583.15	0.16468
2689.33	0.162485
2782.8	0.158664
2866.41	0.154715
2947.93	0.151164
3020.86	0.149147
3091.96	0.148074
3171.35	0.145622
3248.86	0.144504
3326.71	0.138597
3403.23	0.135771
3477.97	0.133953
3551.85	0.13977
3625.68	0.160499
3695.76	0.205495
3777.17	0.276805
3859.59	0.329818
3941.34	0.356381
4014.8	0.368196
4087.12	0.388344
4156.37	0.404978
4222.32	0.420228
4288.51	0.434223
4347.48	0.436225
4404.71	0.445738
4466.03	0.457533
4524.54	0.471589
4579.95	0.48654
4634.95	0.501244
4689.52	0.515521
4738.33	0.517303
4788.54	0.527424
4835.23	0.537478
4882.81	0.551687
4928.53	0.56809
4970.65	0.582342
5015.54	0.594871
5062.48	0.603401
5109.29	0.61373
5155.51	0.628659
5200.54	0.651299
5244.04	0.685142
5287.08	0.730508
5325.63	0.774759
5370.68	0.817531
5365.46	0.634621
5363.17	0.491878
5362.29	0.337214
2650.96	0.164454
2641.11	0.164276
2608.24	0.163685
2722.32	0.161035
2813.42	0.156952
2885.82	0.153319
2953.94	0.149681
3030.22	0.145823
3103.48	0.142243
3178.35	0.138626
3253.26	0.135168
3328.14	0.131447
3402.47	0.12823
3476.09	0.125636
3549.34	0.125186
3622.5	0.129363
3695.16	0.141978
3768.49	0.165234
3836.61	0.211803
3925.22	0.295181
4006.68	0.344846
4083.8	0.37534
4153.61	0.397565
4215.29	0.404265
4276.22	0.416196
4340.42	0.427472
4400.86	0.44204
4461.79	0.456246
4522.43	0.469625
4575.96	0.471779
4631.39	0.480739
4681.64	0.487487
4735.3	0.496605
4785.79	0.510843
4833.8	0.526708
4880.66	0.543899
4926.04	0.561346
4970	0.578217
5005.98	0.592345
5055.63	0.600998
5101.62	0.610362
5145.85	0.624102
5188.31	0.645073
5228.41	0.676879
5265.43	0.722071
5300.34	0.774247
5343.4	0.81895
5341.4	0.629534
5341.52	0.481823
5341.89	0.332486
2696.01	0.162988
2699.51	0.162606
2714	0.161639
2778.31	0.158636
2841.5	0.15533
2906.68	0.15185
2973.13	0.148259
3043.02	0.144562
3113.9	0.140861
3185.95	0.137175
3258.48	0.133551
3331.04	0.130001
3403.41	0.126638
3475.56	0.12357
3547.62	0.121153
3619.8	0.120102
3692.06	0.121897
3764.29	0.129696
3834.84	0.153294
3903.5	0.221826
3994.37	0.32496
4083.32	0.368338
4142.35	0.359402
4207.95	0.375085
4273.12	0.392443
4334.7	0.408628
4394.39	0.422857
4455.95	0.428814
4514.32	0.434112
4573.36	0.44023
4628.95	0.452625
4681.65	0.466236
4733.66	0.481646
4783.76	0.497352
4831.79	0.513782
4878.38	0.530784
4923.52	0.548103
4967.1	0.565439
5008.59	0.582097
5051.81	0.595564
5094.8	0.604679
5136.54	0.616104
5176.31	0.632907
5213.11	0.658412
5243.08	0.692768
5272.94	0.728669
5303.05	0.738515
5314.62	0.589982
5319.77	0.461452
5321.75	0.320795
2737.71	0.161292
2747.08	0.160651
2770.03	0.159241
2814.49	0.156769
2867.84	0.153836
2926.63	0.150627
2989.28	0.147238
3055.39	0.143726
3123.81	0.140153
3193.84	0.136568
3264.57	0.133018
3335.16	0.129549
3405.68	0.126203
3476.26	0.12302
3546.92	0.120094
3617.98	0.117642
3689.47	0.116221
3761.15	0.117349
3831.67	0.12551
3902.01	0.152085
3970.02	0.214367
4061.11	0.304375
4132.66	0.344932
4197.31	0.37344
4270.79	0.400048
4328.49	0.387184
4380.91	0.389791
4451.06	0.399256
4513.83	0.41198
4572.23	0.427901
4627.45	0.444212
4680.45	0.460759
4732.03	0.477521
4781.96	0.494549
4829.44	0.512301
4875.83	0.530452
4920.95	0.54889
4964.89	0.567218
5008.47	0.584203
5047.72	0.591335
5088.59	0.6011
5128.13	0.609296
5165.7	0.617565
5199.44	0.626232
5230.11	0.634871
5257.41	0.639791
5280.65	0.615594
5293.94	0.542207
5301.31	0.425698
5303.8	0.293533
2770.26	0.159756
2781.28	0.158999
2804.77	0.157503
2842.02	0.155297
2889.05	0.152627
2943.1	0.149638
3002.43	0.146426
3065.99	0.14306
3132.78	0.139599
3201.81	0.136099
3271.68	0.132619
3340.34	0.129233
3408.95	0.125964
3478.04	0.122814
3547.01	0.11984
3616.94	0.117118
3687.75	0.115012
3759.85	0.114833
3828.07	0.12051
3898.47	0.138189
3967.17	0.181189
4042.57	0.216222
4111	0.228094
4178.56	0.245312
4254.56	0.294467
4321.52	0.325936
4384.81	0.358961
4450.84	0.385866
4515.07	0.405243
4571.85	0.423981
4625.98	0.442609
4678.6	0.460535
4730.09	0.478117
4780.75	0.495321
4826.46	0.499221
4872.95	0.510903
4918.13	0.520605
4961.85	0.529667
5001.89	0.538382
5044.03	0.545879
5083.94	0.557376
5121.89	0.56646
5157.51	0.571838
5190.12	0.572373
5219.49	0.567447
5245.08	0.554088
5265.7	0.524184
5279.73	0.454357
5287.36	0.359991
5289.12	0.233819
2792.04	0.158628
2803.27	0.157843
2826.01	0.156364
2860.06	0.154295
2903.6	0.151781
2954.69	0.148935
3011.84	0.145838
3073.94	0.142558
3140.15	0.139148
3209.69	0.135663
3280.84	0.132179
3346.55	0.128908
3412.77	0.12576
3481.07	0.122664
3547.31	0.119867
3616.22	0.117219
3685.93	0.114995
3755.11	0.113462
3826.11	0.111437
3897.09	0.113361
3968.13	0.120977
4040.1	0.132475
4109.57	0.140212
4177.33	0.15039
4242.38	0.180743
4309.58	0.2587
4380.51	0.344315
4448.93	0.386697
4520.59	0.408698
4571.62	0.39022
4623.85	0.399702
4675.98	0.407099
4727.3	0.413083
4774.01	0.414377
4823.91	0.415784
4870.99	0.423331
4916.14	0.43141
4959.52	0.439409
5000.93	0.446756
5041.61	0.456708
5080.63	0.463361
5117.64	0.466646
5152.28	0.46543
5184.11	0.458279
5212.77	0.444511
5237.7	0.422626
5257.38	0.390471
5271.2	0.339319
5278.01	0.25159
5281.38	0.207598
2802.89	0.158028
2814.03	0.157244
2836.23	0.155788
2868.97	0.153781
2910.95	0.151341
2960.66	0.148563
3016.78	0.145519
3078.34	0.142266
3144.85	0.138842
3216.71	0.135254
3296.3	0.131455
3353.17	0.128583
3415.52	0.125686
3476.8	0.122788
3546.1	0.119769
3615.33	0.116858
3684.88	0.114078
3754.63	0.111459
3825.17	0.109009
3896.06	0.107355
3967.15	0.106918
4038.2	0.107928
4107.95	0.109982
4176.34	0.115329
4243.42	0.130475
4309.79	0.161941
4372.74	0.20872
4440.73	0.254752
4511.35	0.280063
4566.95	0.271089
4620.24	0.279311
4672.81	0.288764
4725.09	0.297789
4774.6	0.306052
4823.24	0.318393
4870.05	0.326365
4915.07	0.332333
4958.36	0.336703
4999.97	0.339548
5040.25	0.341599
5078.89	0.341232
5115.53	0.338361
5149.8	0.332833
5181.33	0.324498
5209.84	0.313523
5235.27	0.300329
5254.23	0.279584
5266.04	0.236993
5273.64	0.207616
5277.7	0.192903
4530.29	0.475176
4571.65	0.477818
4623.69	0.485818
4675.78	0.49615
4727.53	0.506587
4765.26	0.512347
4783.82	0.559983
4825.87	0.562181
4872.67	0.572468
4917.87	0.580996
4961.94	0.588886
4997.78	0.591881
5013.41	0.640673
5047.06	0.643487
5088.28	0.657993
5127.8	0.670994
5165.53	0.686383
5198.49	0.697053
5215.8	0.710035
5240.87	0.710802
5252.54	0.728411
2668.95	0.163919
2731.82	0.161472
2794.71	0.159224
2825.16	0.158362
2898.63	0.157471
2983.93	0.162762
3040.74	0.172305
3069.99	0.172208
3141.1	0.20192
3234.37	0.304495
3306.86	0.332169
3341.12	0.364844
3436.54	0.371474
3537.9	0.376743
3604	0.376791
3640.71	0.375113
3728.74	0.376804
3819.49	0.383127
3872.07	0.386532
3904.14	0.404091
3976.13	0.405054
4047.67	0.407466
4084.77	0.408292
4103.25	0.409232
4027.81	0.514806
4059.66	0.514409
4122.6	0.515947
4187.67	0.516753
4244.1	0.522861
4305.55	0.523501
4361.71	0.525243
4417.64	0.525088
4458.25	0.525244
4480.16	0.535441
4529.23	0.536748
4581.56	0.544011
4632.52	0.547033
4674.78	0.556971
4719.21	0.55948
4768.67	0.562968
4816.54	0.565196
4860.02	0.567536
4866.73	0.57734
4703.22	0.635045
4745.04	0.639418
4793.67	0.645031
4843.33	0.651612
4894.23	0.657602
4945.8	0.664123
4998.06	0.670419
5051.15	0.676592
5105.59	0.682427
5160.62	0.689064
5215.53	0.696444
5269.87	0.704089
5323.38	0.711128
5367.78	0.726247
5417.69	0.73012
5463.57	0.733414
5503.09	0.729696
5506.52	0.556419
4708.58	0.571611
4744.04	0.576474
4762.13	0.594714
4790.42	0.594926
4833.68	0.611723
4876.1	0.630265
4917	0.645069
4935.04	0.680371
4958.91	0.681353
5004.08	0.691548
5049.64	0.704604
5098.3	0.712254
5118.3	0.729161
5143.86	0.729244
5188.83	0.744193
5230.97	0.762323
5274.83	0.768728
5301.28	0.769798
5328.46	0.769507
5367.92	0.770049
5373.48	0.594665
5374.36	0.486024
4078.41	0.453881
4108.22	0.454188
4131.48	0.467292
4175.87	0.467126
4240.31	0.476069
4301.49	0.482921
4362.73	0.487876
4402.71	0.490328
4425.68	0.511418
4479.42	0.513153
4537.28	0.517938
4582.43	0.533699
4626.93	0.537396
4645.42	0.55966
4682.68	0.560087
4733.16	0.568127
4783.47	0.572051
4833.47	0.574767
4862.64	0.57548
4882.04	0.57854
4907.44	0.578917
2808.56	0.300733
2828.82	0.301538
2856.26	0.310036
2909.21	0.316726
2997.34	0.338009
3084.65	0.354369
3120.22	0.38343
3188.64	0.383596
3281.08	0.393776
3361.15	0.397088
3389.49	0.423752
3450.84	0.423833
3533	0.43216
3599.46	0.433955
3622.8	0.453184
3679.03	0.45288
3752.52	0.456112
3810.78	0.455936
3824.89	0.45947
3878.7	0.458997
3946.56	0.460482
3999.72	0.459519
4008.59	0.443358
3681.58	0.499169
3741.31	0.499352
3820.46	0.500809
3900.11	0.501868
3977.99	0.503459
4049.54	0.507691
4117.12	0.511353
4181.34	0.514615
4248.67	0.515722
4302.29	0.523612
4357.19	0.52673
4413.03	0.529455
4467.37	0.532755
4521.66	0.534492
4575.25	0.535588
4617.25	0.53563
4635.99	0.543063
4676.36	0.542934
4719.35	0.544376
4749.14	0.54393
4020.67	0.488748
4076.03	0.492021
4139.56	0.498439
4202.94	0.505047
4265.42	0.510978
4327.09	0.515502
4378.06	0.517676
4400.82	0.543814
4446.45	0.544551
4502.86	0.556032
4556.81	0.562577
4608.94	0.568867
4659.48	0.575005
4708.18	0.580885
4751.94	0.589152
4794.67	0.593872
4838.2	0.595656
4874.61	0.596229
4890.94	0.604523
4924.44	0.604801
4964.63	0.607951
4991.88	0.608488
3839.63	0.458919
3899.47	0.460772
3972.13	0.467773
4042	0.474967
4109.68	0.480626
4151.09	0.483097
4176.72	0.510694
4236.23	0.512292
4298.93	0.515842
4359.85	0.519623
4418.37	0.524438
4472.86	0.531569
4520.74	0.543235
4578.06	0.547101
4632.24	0.553467
4683.96	0.55855
4726.02	0.560156
4743.5	0.580259
4782.35	0.580413
4831.26	0.582615
4865.7	0.582913
3953.68	0.439698
3997.54	0.439825
4012.61	0.448862
4065.36	0.450668
4130.39	0.455265
4195.03	0.458768
4258.26	0.462139
4320.28	0.465041
4381.1	0.467084
4440.79	0.467951
4497.6	0.468103
4533.52	0.466965
4551.06	0.455611
4595.98	0.456782
4645.59	0.460614
4694.53	0.463641
4739.43	0.468575
4782.22	0.473439
4822.92	0.476997
4857.71	0.479543
3045.57	0.393621
3103.4	0.402408
3185.63	0.423998
3275.5	0.439138
3366.08	0.448074
3455.33	0.456555
3544.98	0.462289
3632.03	0.46777
3716.95	0.471695
3799.44	0.474873
3879.36	0.477661
3955.86	0.480462
4026.54	0.484343
4099.23	0.485095
4170.69	0.485266
4237.66	0.485543
4295.27	0.485356
4346.81	0.484851
4368.66	0.486713
4468.66	0.385139
4489.48	0.387156
4505.17	0.486661
4546.72	0.490703
4569.49	0.527156
4600.65	0.527232
4640.31	0.531178
4659.26	0.548184
4699.36	0.549974
4716.07	0.572076
4751.85	0.572512
4778.33	0.578522
4799.81	0.581759
4834.17	0.584014
4848.66	0.593172
4885.5	0.593607
4903.75	0.609413
4935.25	0.609496
4968.73	0.614214
4989.59	0.621754
5027.79	0.624158
5042.96	0.638249
5079.8	0.639353
5109.07	0.642849
5141.31	0.641944
5181.72	0.644386
5196.05	0.644053
4279.14	0.519675
4297.56	0.519371
4348.54	0.522291
4403.34	0.525628
4456.8	0.527733
4479.72	0.542885
4516.2	0.542824
4567.92	0.555375
4620.3	0.561093
4668.11	0.567565
4689.8	0.579777
4720.19	0.579647
4766.97	0.587534
4813.47	0.590989
4859.02	0.593119
4879.46	0.597528
4903.23	0.597296
4955.72	0.616184
5004.99	0.623235
5053.56	0.626735
5080.01	0.627948
5104.76	0.627675
5145.13	0.628235
2600.96	0.164764
2617.14	0.164678
2669.15	0.163541
2761.74	0.160637
2849.24	0.158708
2916	0.162447
2939.18	0.17402
2998.3	0.199297
3083.8	0.298403
3165.95	0.347677
3226.68	0.364661
3259.72	0.409268
3341.51	0.414789
3425.8	0.427446
3502.68	0.436903
3540.18	0.447742
3593.33	0.446854
3671.33	0.45377
3744.15	0.456418
3802.39	0.456667
3826.33	0.467305
3880.25	0.466878
3927.89	0.467982
3979.45	0.4681
4008.2	0.468716
4031.99	0.505492
4092.74	0.50668
4162.47	0.512912
4230.51	0.518911
4297.03	0.524515
4331.65	0.527071
4364.99	0.527774
4424.33	0.534142
4481.06	0.539275
4536.34	0.543913
4585.21	0.545931
4603.93	0.567137
4641.59	0.567399
4695.7	0.57156
4744.83	0.57683
4793.74	0.57984
4830.5	0.580863
4849.21	0.591513
4891.17	0.591744
4920.79	0.592983
4544.48	0.505378
4553.1	0.509314
4584.89	0.509609
4625.21	0.515381
4639.83	0.54266
4674.81	0.543625
4713.01	0.547398
4724.61	0.573229
4763.07	0.574298
4800.73	0.57651
4818.6	0.594303
4863.9	0.595507
4897.66	0.597086
4909.22	0.605888
4951.98	0.609612
4972.15	0.622194
4994.35	0.621862
5036.17	0.625341
5049.54	0.6378
5077.21	0.63786
5119.62	0.641581
5132.13	0.661511
5165.89	0.662245
5202.91	0.667721
5211.07	0.683383
5235.49	0.684625
3251.43	0.418805
3319.07	0.419521
3411.21	0.424645
3502.58	0.429124
3587.13	0.43614
3664.29	0.445348
3738.35	0.451551
3806.92	0.456082
3835.36	0.476553
3874.64	0.476082
3943.28	0.479627
4008.16	0.483882
4069.98	0.488645
4131.84	0.492241
4193.87	0.496363
4256.28	0.500241
4317.93	0.504089
4377.55	0.507731
4435.53	0.5102
4487.82	0.511394
4507.44	0.521432
4538.58	0.521109
4561.37	0.524926
3648.77	0.431053
3671.12	0.430755
3692.38	0.458656
3747.7	0.458688
3822.58	0.465499
3895.35	0.469476
3942.71	0.470801
3970.8	0.484208
4034.19	0.484017
4088.59	0.472055
4150.47	0.472198
4177.22	0.476435
4221.11	0.475966
4284.56	0.48413
4346.54	0.488393
4392.09	0.4904
4414.68	0.509433
4465.91	0.510608
4523.02	0.518242
4576.29	0.523657
4600.35	0.532852
4630.61	0.532442
4682.54	0.535846
4731.82	0.538044
4763.75	0.539358
3946.21	0.503659
3952.52	0.504124
3998.59	0.504085
4066.55	0.505398
4135.59	0.506666
4195.46	0.514773
4254.13	0.519031
4313.48	0.522132
4372.6	0.526031
4428.98	0.530795
4472.4	0.53249
4493.09	0.560524
4539.92	0.561582
4591.59	0.569334
4646.51	0.571691
4694.52	0.581465
4750.9	0.583891
4804.3	0.588553
4855.66	0.591411
4907.44	0.591821
4936.31	0.591931
4944.19	0.591306
4094.68	0.419656
4139.53	0.422283
4166.72	0.455326
4215.03	0.455405
4270.03	0.460874
4293.67	0.485325
4347.4	0.486278
4391.12	0.490943
4415.94	0.50928
4470.52	0.512161
4499.13	0.521628
4530.93	0.521064
4581.07	0.526139
4601.1	0.54356
4642.79	0.5436
4684.04	0.550932
4700.61	0.577618
4744.92	0.57863
4779.38	0.581697
4800.23	0.594468
4845.79	0.595859
4868.23	0.603593
4897.41	0.602921
4942.13	0.603862
4961.82	0.602976
4985.75	0.602401
4989.65	0.599482
4992.93	0.60151
5023.48	0.60144
5038.53	0.609897
5073.97	0.609766
5089.39	0.621336
5124.95	0.62125
5136.97	0.638589
5167.74	0.639086
5180.41	0.658482
5209.4	0.659223
5222.88	0.684773
5253.62	0.685577
5265.17	0.723577
5291.88	0.724737
5308.5	0.753564
5339.37	0.754039
5351.4	0.78229
5377.6	0.782578
5385.84	0.795342
5406.63	0.795445
5402.73	0.793332
5398.76	0.662104
5390.23	0.657531
5389.07	0.646787
4274.68	0.465986
4329.35	0.473243
4365.23	0.479893
4394.77	0.489846
4455.82	0.493261
4511.63	0.499422
4534.91	0.524898
4575.15	0.525041
4631.52	0.536463
4674.45	0.540514
4693.65	0.569618
4737.79	0.570869
4788.68	0.58149
4818.88	0.584398
4840.73	0.59492
4885.23	0.596514
4928.49	0.598819
4948.15	0.612539
4980.66	0.612402
5028.95	0.617824
5067.72	0.619224
5085.52	0.623447
5119.69	0.623385
3998.55	0.497431
4043.15	0.497271
4097.47	0.497666
4119.32	0.507096
4168.38	0.506989
4232.46	0.512259
4293.15	0.516289
4355.26	0.518878
4414.59	0.523652
4470.32	0.529257
4520.04	0.531405
4540.83	0.547172
4578.15	0.547234
4630.91	0.556239
4682.49	0.560535
4731.88	0.566007
4778.6	0.571599
4832.89	0.5731
4882.11	0.57502
4902.31	0.578725
4922.56	0.578466
4003.71	0.486805
4058.46	0.48834
4089.93	0.493729
4122.55	0.49292
4189.21	0.493208
4222.03	0.496093
4249.96	0.496146
4302.68	0.494441
4335.93	0.495696
4358.58	0.501225
4411.31	0.503506
4446.7	0.505849
4467.58	0.515662
4517.57	0.516923
4554.65	0.519018
4574.27	0.530789
4620.97	0.532584
4656.22	0.536101
4672.69	0.55645
4715.43	0.557633
4749.74	0.559901
4765	0.571271
4802.6	0.571684
4833.5	0.573243
4836.9	0.571175
4199	0.501307
4241.56	0.501772
4297.95	0.505568
4353.03	0.510468
4400.77	0.512975
4418.12	0.534778
4458.48	0.535001
4516.38	0.541916
4571.94	0.548512
4620.29	0.559158
4643.06	0.568684
4669.71	0.568411
4715.14	0.574587
4757.75	0.581129
4805.41	0.583758
4833.43	0.585992
4847.52	0.59759
4886.47	0.598285
4927.07	0.604013
4970.09	0.607447
5001.65	0.608664
5011.03	0.616727
5042.28	0.616803
5047.95	0.600598
5055.89	0.608738
5077.75	0.606988
5088.13	0.604277
5092.74	0.609694
5115.51	0.610163
5127.79	0.611138
5132.82	0.624339
5155.32	0.625702
5168.91	0.630499
5174.83	0.645014
5194.98	0.646926
5209.72	0.64988
5213.19	0.670294
5232.03	0.672935
5244.88	0.671313
5247.44	0.68829
5263.68	0.691879
5275.22	0.687972
5274.2	0.719875
5286.32	0.727649
5295.45	0.728702
5288.77	0.75568
5296.16	0.773817
5297.95	0.774128
3610.11	0.136289
3626.18	0.161867
3661.96	0.19268
3684.61	0.325097
3734.69	0.341376
3762.25	0.329114
3801.72	0.350084
3848.74	0.350304
3878.95	0.40912
3925.62	0.410762
3954.02	0.452755
3988.26	0.456818
4024.3	0.45589
4051.69	0.460028
4093.97	0.459666
4118.51	0.470842
4150.21	0.474839
4179.45	0.478723
4198.62	0.474092
4236.85	0.473093
4257.65	0.439289
4280.95	0.430027
4297.79	0.417625
4142.94	0.490517
4195.88	0.49133
4247.45	0.492277
4264.27	0.508529
4312.97	0.508726
4373.27	0.515971
4419.07	0.518478
4439.6	0.542555
4488.42	0.543274
4541.11	0.550998
4577.37	0.553364
4595.66	0.573773
4645.83	0.575376
4704.95	0.578286
4737.02	0.582423
4761.49	0.59024
4813.34	0.591857
4865.6	0.595153
4893.59	0.595952
4925.92	0.595519
4981.93	0.596905
5021.22	0.597665
5027.27	0.598075
5027.33	0.598694
4044.5	0.520813
4087.42	0.522167
4152.92	0.526563
4217.83	0.532246
4280.52	0.538914
4341.45	0.545389
4400.7	0.551743
4459.77	0.556634
4518.03	0.561533
4575.63	0.565773
4632.74	0.569216
4688.84	0.572367
4741.57	0.577233
4793.13	0.580072
4824.66	0.581161
4844.39	0.594348
4890.91	0.595279
4940.28	0.596775
4990.74	0.596959
5032.81	0.597636
4994.4	0.59913
5001.13	0.599494
5029.8	0.599449
5047.23	0.609642
5071.87	0.611773
5095.66	0.611303
5114.16	0.619834
5145.4	0.619841
5163.24	0.630731
5187.77	0.63265
5211.48	0.63207
5228.64	0.645923
5258.94	0.646471
5275.1	0.664004
5297.3	0.669354
5318.79	0.66937
5332.26	0.695608
5360.67	0.696798
5372.61	0.728917
5391.29	0.735971
5409.42	0.736315
5419.51	0.763309
5444.46	0.764255
5456.97	0.802202
5477.65	0.808263
5489.29	0.807827
4584.28	0.563526
4623.75	0.565119
4670.16	0.568445
4715.81	0.572797
4748.4	0.574724
4764.78	0.591195
4802.49	0.592278
4844.95	0.5962
4886.91	0.597876
4922.03	0.598952
4933.54	0.636806
4964.1	0.6388
5004.42	0.648591
5047.25	0.654789
5092.84	0.658997
5103.97	0.696053
5133.77	0.695849
5176.65	0.717972
5216.2	0.733918
5252.52	0.747068
5268.61	0.75875
5272.11	0.723954
5284.71	0.723708
3601.42	0.467227
3660.99	0.468531
3733.19	0.47166
3806.08	0.475003
3875	0.480657
3943.46	0.485035
4008.22	0.490658
4070.87	0.49466
4109.17	0.496417
4136.29	0.511592
4193.99	0.513472
4253.78	0.516725
4315.27	0.519035
4375.61	0.522372
4434.24	0.525727
4490.35	0.528956
4540.95	0.532982
4593.45	0.533495
4637.91	0.53227
4654.03	0.536059
4683.49	0.535885
3783.26	0.496887
3829.16	0.49732
3897.17	0.503342
3961.71	0.510705
4024.72	0.517094
4086.55	0.52309
4148.88	0.527438
4210.66	0.531748
4271.07	0.535969
4331.1	0.538918
4390.52	0.541264
4448.99	0.543084
4498.68	0.543753
4517.48	0.56144
4557.22	0.561528
4611.7	0.5667
4664.05	0.568905
4724.11	0.569246
4778.3	0.572316
4828.83	0.574593
4863.97	0.575518
3303.41	0.131018
3353.46	0.12858
3416.42	0.12571
3457.16	0.123856
3483.71	0.122549
3547.31	0.119951
3616.29	0.117395
3686.06	0.115586
3753.97	0.116167
3785.71	0.121702
3827.32	0.125892
3898.01	0.148594
3964.64	0.21189
4042.19	0.327278
4108.78	0.363594
4141.18	0.392854
4196.32	0.393391
4269.74	0.395857
4327.93	0.390477
4374.19	0.390258
4385.98	0.542556
4386.44	0.543087
4432.45	0.544455
4487	0.547668
4525.62	0.549575
4545.23	0.566665
4593.87	0.567886
4646.55	0.574239
4687.26	0.576235
4705.91	0.595441
4750.51	0.595855
4802.02	0.599715
4844.43	0.601178
4862.45	0.622374
4902.71	0.62352
4953.11	0.633158
4994.3	0.638866
5018.35	0.64155
5062.02	0.641282
5118.36	0.648216
5168.68	0.650922
5185.73	0.661375
5218.82	0.661313
5250.68	0.66473
4345.05	0.590115
4380.72	0.590407
4432.74	0.593954
4485.39	0.596509
4540.72	0.598113
4594.73	0.603658
4648.04	0.61043
4701.16	0.616067
4750.87	0.627545
4801.37	0.633659
4849.3	0.645185
4897.19	0.65332
4944.34	0.662294
4995.9	0.668071
5050.02	0.673177
5103.79	0.679945
5156.75	0.686954
5209.28	0.692851
5253.94	0.70388
5285.58	0.706555
2795.09	0.157818
2799.26	0.157597
2816.55	0.156734
2886.21	0.153425
2933.36	0.151559
2953.49	0.151277
3021.08	0.150367
3082.79	0.155937
3104.69	0.170718
3163.99	0.194103
3239.87	0.276958
3270.98	0.349596
3328.83	0.35304
3413.99	0.38355
3462.74	0.406189
3503.81	0.421093
3584.24	0.426577
3643.53	0.4314
3674.82	0.455092
3743.54	0.455355
3805.52	0.456637
3828.58	0.466275
3880.1	0.465775
3929.86	0.467945
4261.09	0.514427
4306.06	0.518431
4340.83	0.521965
4363.28	0.544613
4416.09	0.546487
4469.32	0.553582
4524.2	0.557349
4551.93	0.56174
4575.13	0.567491
4623.41	0.570184
4674.53	0.573642
4722.16	0.57936
4742.42	0.590258
4766.98	0.590109
4813.45	0.592548
4859.96	0.595108
4904.75	0.596289
4921.36	0.6107
4948.76	0.610651
4994.09	0.613949
5037.88	0.615741
5071.61	0.615534
2768	0.354724
2827.47	0.36452
2911.12	0.393506
3003.74	0.411871
3098.58	0.421604
3198.21	0.428134
3294.14	0.435655
3385.59	0.442812
3473.2	0.448966
3557.34	0.454147
3637.01	0.45914
3713.91	0.462281
3786.57	0.466078
3860.87	0.467251
3932.69	0.468817
4001.57	0.470152
4069.48	0.470154
4136.54	0.469467
4192.12	0.470274
4233.44	0.471053
2889.74	0.19173
2915.85	0.200763
2993.61	0.300681
3024.41	0.368289
3081.78	0.371276
3177.2	0.39237
3221.35	0.40603
3279.75	0.405258
3368.49	0.419549
3414.79	0.423712
3463.11	0.422483
3549.06	0.427195
3597.73	0.427372
3637.39	0.428322
3714.86	0.428983
3765.35	0.429032
3799.07	0.432458
3868.74	0.432849
3918.24	0.433286
3945.81	0.438877
4008.73	0.438585
4058.01	0.43829
4081.73	0.44076
4135.32	0.44087
4177.89	0.44221
4185.25	0.452486
4420.2	0.578358
4426.15	0.57805
4471.56	0.580432
4523.94	0.583028
4578.25	0.585662
4631.69	0.590303
4683.96	0.595166
4735.7	0.599128
4783.02	0.613911
4831.16	0.621897
4877.85	0.63152
4934.85	0.634623
4978.46	0.636291
4999.71	0.659144
5048.61	0.660723
5105.57	0.666604
5161.35	0.671518
5213.63	0.679595
5266.94	0.684581
5318.49	0.690583
5363.45	0.697301
4763.44	0.609195
4788.96	0.609778
4837.73	0.618868
4888.13	0.626811
4941.84	0.632265
4996.39	0.63645
5039.19	0.638986
5056.21	0.677592
5094.88	0.680591
5149.45	0.684292
5204.05	0.689429
5258.08	0.69533
5310.96	0.701329
5362.19	0.706209
5411.44	0.707848
5450.95	0.701403
5490.78	0.693671
5497.07	0.482111
5498.65	0.306289
5499.03	0.266835
3909.63	0.471041
3962.76	0.472282
4023.53	0.474118
4072.51	0.474726
4091.5	0.484858
4139.72	0.484969
4196.8	0.490743
4261.31	0.492844
4301.27	0.494225
4324.42	0.509092
4379.86	0.510926
4437.83	0.517308
4490.97	0.522297
4512.64	0.53815
4544.84	0.537975
4599.16	0.542631
4652.99	0.545733
4697.02	0.546966
4711.83	0.561048
4753.26	0.561017
4805.51	0.564256
4844.6	0.565863
4143.79	0.489187
4159.89	0.491464
4195.82	0.490954
4249.89	0.492539
4267.76	0.506085
4316.28	0.506022
4363.49	0.510019
4383.86	0.533598
4432.85	0.533617
4469.32	0.534025
4490.8	0.535514
4541.69	0.536244
4565.45	0.53845
4594.11	0.537891
4639.56	0.538956
4655.4	0.544263
4690.32	0.544281
4733.89	0.547074
4750.04	0.567516
4791.32	0.568282
4826.15	0.571436
4842.5	0.582108
4884.98	0.583145
4909.23	0.586186
4928.94	0.587795
4969.09	0.589081
4984.03	0.592568
4996.03	0.592508
4540.6	0.486235
4544.4	0.486444
4573.97	0.486589
4589.32	0.495965
4612.46	0.500088
4629.21	0.511368
4647.04	0.522082
4672.29	0.521956
4684.43	0.545342
4713.36	0.545582
4725.55	0.551195
4750.03	0.552545
4767.04	0.55639
4783.34	0.55809
4806.57	0.557885
4818.03	0.566816
4843.17	0.567257
4852.15	0.581978
4875.51	0.583215
4887.16	0.591731
4902.95	0.595451
4923.43	0.59527
4932.56	0.59983
4954.36	0.599759
4957.4	0.577143
4257.98	0.521966
4292.62	0.523349
4311.3	0.546606
4361.06	0.547581
4416.19	0.552526
4469.36	0.557099
4524.24	0.560006
4577.18	0.565498
4629.93	0.56972
4677.53	0.577736
4719.89	0.586541
4763.07	0.58959
4812.54	0.591578
4863.97	0.592872
4903.07	0.593472
4922.51	0.606587
4967.08	0.607125
5017.17	0.612927
5065.03	0.614436
5097.03	0.614897
2718.78	0.162101
2740.59	0.160946
2791.42	0.158943
2822.36	0.157737
2899.25	0.156076
2964.09	0.16023
2989.4	0.170145
3053.35	0.198646
3137.61	0.302358
3169.47	0.362084
3240.19	0.366135
3349.85	0.378275
3400.18	0.385358
3457.01	0.384402
3554.16	0.390771
3615.86	0.392399
3651.05	0.400656
3730.51	0.402577
3797.52	0.406704
3825	0.439496
3888.64	0.439662
3955.94	0.443907
3983.12	0.460756
4033.02	0.459884
4078.08	0.452953
3313.89	0.409956
3324.46	0.412629
3380.68	0.412402
3474.83	0.417192
3561.3	0.422423
3596.26	0.440089
3647.63	0.439474
3730.06	0.451466
3806.67	0.464596
3844.74	0.474035
3887.11	0.473078
3963.1	0.479987
4035.14	0.486798
4074.21	0.489926
4107.42	0.496951
4169.21	0.499225
4233.33	0.501442
4273.14	0.50256
4300.36	0.510893
4360.55	0.509755
4421.56	0.50608
4456.62	0.500735
4475.9	0.492316
4514.5	0.492208
3523.23	0.472502
3593.6	0.475343
3669.77	0.478943
3745.04	0.483153
3817.84	0.487769
3888.89	0.491748
3955.22	0.497963
4019.58	0.50191
4083.23	0.504532
4141.15	0.510037
4192.57	0.511653
4217.21	0.528327
4264.67	0.528334
4326.11	0.534375
4386.53	0.535627
4445.89	0.536535
4504.6	0.536878
4558.18	0.538004
4611.64	0.538238
4658.32	0.538683
