2771.52	0.341911
2780.78	0.351012
2799.42	0.354323
2827.02	0.356006
2862.38	0.356966
2903.87	0.357499
2949.92	0.357754
2999.13	0.357826
3050.41	0.357777
3102.92	0.35765
3156.01	0.357477
3209.17	0.357277
3261.95	0.357069
3313.87	0.356865
3364.28	0.35667
3412.31	0.356128
3458.72	0.356062
3503.63	0.356028
3546.77	0.35599
3587.78	0.35582
3626.52	0.35561
3663.27	0.355573
3698.32	0.355573
3731.87	0.355524
3764.05	0.355401
3794.88	0.35518
3823.9	0.354844
3848.64	0.351941
3872.65	0.351493
3895.48	0.351012
3917.08	0.350338
3937.4	0.34944
3956.39	0.348285
3974.17	0.346853
3990.94	0.345124
4007	0.343109
4022.73	0.340857
4037.84	0.338362
4052.2	0.335672
4065.77	0.332849
4078.54	0.329957
4090.52	0.32705
4101.67	0.324156
4111.93	0.321269
4121.21	0.318347
4129.39	0.31532
4136.31	0.312105
4141.79	0.308647
4145.63	0.305022
4147.61	0.302126
2761.41	0.346253
2770.68	0.359199
2789.71	0.366289
2818.43	0.371427
2855.3	0.37539
2898.29	0.378359
2945.6	0.380515
2995.81	0.382005
3047.85	0.382981
3100.92	0.38358
3154.43	0.383914
3207.95	0.384059
3261.13	0.384059
3313.64	0.3839
3364.83	0.383511
3412.08	0.380694
3458.3	0.380548
3503.43	0.380593
3546.88	0.380608
3587.97	0.380106
3626.41	0.379458
3662.85	0.379653
3697.66	0.380172
3731.04	0.380911
3763.19	0.381811
3794.43	0.38276
3825.88	0.383288
3847.08	0.372512
3871.56	0.368942
3894.4	0.368768
3916.02	0.368489
3936.41	0.367848
3955.25	0.366685
3972.81	0.365123
3989.26	0.363099
4004.94	0.360669
4020.93	0.358014
4036.14	0.354274
4050.51	0.349672
4064.05	0.344505
4076.8	0.339126
4088.76	0.333914
4099.93	0.329171
4110.24	0.325024
4119.6	0.321421
4127.87	0.318192
4134.91	0.315131
4140.52	0.312065
4144.46	0.308922
4146.5	0.306184
2741.22	0.351218
2750.18	0.369319
2769.64	0.381737
2800.93	0.391778
2841.28	0.400288
2887.47	0.408161
2937.39	0.414231
2989.59	0.418731
3043.08	0.421943
3097.21	0.424164
3151.49	0.425652
3205.64	0.426604
3259.49	0.427126
3313.16	0.427165
3367.61	0.426276
3411.21	0.413468
3457.24	0.413084
3503.11	0.41295
3547.49	0.412299
3588.92	0.409975
3626.39	0.406721
3662.12	0.406296
3696.45	0.406592
3729.46	0.407344
3761.2	0.408447
3791.73	0.409916
3821.11	0.412052
3847.84	0.416753
3869.93	0.406783
3892.39	0.402264
3914.04	0.403136
3934.82	0.403803
3953.23	0.401409
3970.43	0.400675
3986.21	0.399765
4000.41	0.399057
4017.76	0.400111
4033.11	0.395785
4047.42	0.388145
4060.88	0.377983
4073.52	0.366291
4085.39	0.354385
4096.54	0.343537
4106.91	0.334489
4116.42	0.327691
4124.87	0.322849
4132.14	0.319338
4138.08	0.316577
4142.26	0.31407
4144.42	0.311847
2711.26	0.355613
2718.56	0.380015
2737.1	0.398902
2773.71	0.415042
2820.33	0.427857
2871.91	0.437278
2925.92	0.443735
2981.08	0.447856
3036.67	0.450264
3092.26	0.451478
3147.58	0.451887
3202.46	0.451763
3256.79	0.451294
3310.6	0.450619
3363.96	0.449918
3406.47	0.448073
3454.84	0.446629
3502.76	0.446635
3549.49	0.44529
3592.22	0.440977
3626.42	0.439057
3661.05	0.437906
3694.78	0.437678
3727.35	0.438153
3758.59	0.439357
3788.32	0.441585
3817.1	0.445388
3843.92	0.451147
3867.4	0.459158
3890.83	0.463292
3911.8	0.464538
3935.17	0.469233
3951.53	0.458853
3968.72	0.459845
3984.7	0.463369
3999.84	0.464999
4015.19	0.460169
4029.77	0.45845
4043.86	0.455658
4057.05	0.448654
4069.35	0.435462
4080.85	0.414362
4091.8	0.387357
4102.15	0.362463
4111.79	0.343778
4120.44	0.331686
4127.99	0.325238
4134.62	0.322066
4139.24	0.319751
4141.61	0.317852
2673.19	0.356263
2675.1	0.38735
2685.29	0.420474
2735.58	0.439569
2793.75	0.453107
2853.21	0.461998
2912.52	0.467507
2971.28	0.470757
3029.34	0.47257
3086.61	0.473498
3143.08	0.473897
3198.7	0.473999
3253.44	0.473966
3307.24	0.473939
3359.97	0.474107
3411.27	0.474797
3451.52	0.472541
3502.22	0.472654
3554.05	0.471794
3592.55	0.479539
3625.91	0.474873
3659.93	0.474136
3693.37	0.474051
3725.73	0.474291
3756.71	0.474876
3784.84	0.475913
3814.34	0.478236
3841.19	0.482123
3865.89	0.48632
3889.45	0.488986
3912.12	0.491398
3930.58	0.489486
3950.39	0.493076
3966.66	0.493465
3982.58	0.49604
3997.76	0.497067
4012.21	0.496176
4025.98	0.496905
4040.49	0.500965
4053.7	0.503956
4065.85	0.505039
4076.74	0.501153
4086.94	0.486741
4096.6	0.451965
4106.12	0.397535
4114.73	0.352668
4122.17	0.334894
4130.49	0.329516
4135.75	0.326495
4138.37	0.324455
2632.37	0.355016
2622.59	0.38248
2592.38	0.434612
2688.79	0.462596
2765.11	0.473143
2833.84	0.478775
2898.8	0.481521
2961.29	0.48267
3021.82	0.482977
3080.75	0.482876
3138.32	0.482605
3194.67	0.482293
3249.81	0.482017
3303.68	0.481836
3356.08	0.48181
3406.59	0.482015
3454.21	0.482554
3499.06	0.4823
3544.72	0.483027
3585.57	0.485837
3622.7	0.487863
3658.1	0.49035
3692.06	0.492737
3724.61	0.495111
3755.87	0.497538
3786.45	0.499816
3812.6	0.499002
3838.97	0.501384
3863.89	0.503946
3887.34	0.506224
3909.42	0.508563
3930.1	0.511497
3947.46	0.511228
3964.15	0.512922
3980.18	0.516127
3995.25	0.51947
4011.66	0.523349
4023.19	0.525567
4037.17	0.530296
4050.33	0.535112
4062.89	0.540151
4073.21	0.544765
4083.41	0.547101
4092.56	0.537796
4101.41	0.506381
4109.59	0.449416
4118.89	0.367466
4126.87	0.341848
4132.28	0.334727
4135.05	0.331678
2600.57	0.352749
2589.9	0.374761
2565.3	0.455134
2660.76	0.481405
2743	0.48489
2817.27	0.48592
2886.55	0.485628
2952.21	0.484768
3014.8	0.483765
3075.07	0.482826
3133.57	0.482025
3190.55	0.481389
3246.11	0.480927
3300.18	0.480648
3352.65	0.48056
3403.31	0.480671
3452.13	0.480995
3493.57	0.481206
3538.62	0.481557
3580.75	0.482527
3619.64	0.483763
3656.14	0.485456
3690.6	0.4875
3723.2	0.489816
3754.15	0.492291
3783.66	0.494812
3811.15	0.497302
3837.61	0.500337
3862.68	0.50342
3885.86	0.506586
3907.47	0.5098
3927.62	0.513118
3945.95	0.516718
3962.78	0.520985
3976.92	0.524647
3994.98	0.52934
4008.36	0.531579
4021.33	0.535969
4033.63	0.541045
4046.27	0.546641
4060.26	0.555654
4071.95	0.566974
4081.71	0.578914
4090.04	0.593529
4097.86	0.605036
4106.03	0.550741
4115.44	0.40762
4123.49	0.354692
4128.92	0.342681
4131.89	0.338428
2578.78	0.348512
2570.57	0.365517
2554.05	0.469674
2644.67	0.490724
2727.65	0.490047
2804.51	0.488822
2876.74	0.487427
2945	0.486091
3008.84	0.484944
3069.86	0.484054
3128.95	0.483383
3186.44	0.482909
3242.4	0.482623
3296.76	0.482528
3349.41	0.482633
3400.26	0.48295
3449.39	0.483483
3497.28	0.484201
3533.7	0.482807
3577.41	0.483217
3617.2	0.484686
3654.41	0.486515
3689.21	0.488633
3721.61	0.491045
3752.06	0.493723
3781.1	0.49659
3808.93	0.4996
3835.88	0.50265
3861.59	0.505698
3884.21	0.508934
3905.27	0.512583
3925.24	0.516447
3944.24	0.520593
3960.54	0.523094
3976.71	0.526326
3991.89	0.526929
4006.28	0.527777
4020.6	0.530742
4033.18	0.53661
4047.07	0.544592
4060.04	0.555214
4071.22	0.569046
4080.93	0.586032
4087.71	0.609549
4096.36	0.6035
4104.61	0.505623
4113.09	0.403247
4120.52	0.360814
4125.57	0.348255
4129.16	0.343529
2564.58	0.340408
2558.91	0.353891
2548.08	0.481224
2634.91	0.498262
2717.14	0.496767
2795.1	0.49541
2869.64	0.49422
2940.9	0.493108
3004.4	0.491448
3065.25	0.490781
3124.54	0.490365
3182.41	0.490124
3238.78	0.490029
3293.5	0.490079
3346.39	0.490285
3397.3	0.490675
3446.19	0.49128
3492.98	0.492157
3536.83	0.493528
3576.21	0.492194
3615.55	0.493596
3653.3	0.495298
3688.43	0.497169
3720.19	0.49914
3749.58	0.501892
3777.96	0.505138
3805.8	0.50865
3833.6	0.512159
3861.82	0.515254
3882.39	0.514283
3902.43	0.516574
3922.15	0.51777
3939.79	0.518314
3958.95	0.519311
3975.69	0.521819
3991.12	0.52456
4006.08	0.527534
4019.76	0.532228
4033.58	0.540139
4046.9	0.550154
4059.7	0.562407
4070.11	0.573769
4079.45	0.589471
4088.09	0.620128
4095.6	0.648084
4102.79	0.597409
4111.25	0.44893
4119.08	0.371989
4124.49	0.353996
4127.48	0.347177
2555.44	0.322372
2551.67	0.335697
2544.45	0.497704
2628.52	0.512666
2709.58	0.511353
2787.81	0.510388
2864.47	0.509614
2943.29	0.508571
3001.33	0.503208
3060.89	0.501909
3120.19	0.501259
3178.46	0.500792
3235.35	0.500392
3290.58	0.500051
3343.83	0.499784
3394.79	0.499632
3443.51	0.499658
3489.99	0.499914
3533.93	0.500452
3573.42	0.501223
3613.84	0.502491
3653.11	0.503687
3689.35	0.505051
3719.45	0.504654
3746.43	0.505501
3773.69	0.507624
3801.05	0.507644
3829.22	0.509077
3855.36	0.510222
3877.9	0.509614
3898.16	0.50963
3919.58	0.511317
3939.03	0.51393
3957.92	0.517304
3972.66	0.520016
3990.1	0.52409
4005.61	0.529992
4020.31	0.53762
4032.63	0.54451
4045.39	0.550995
4057.55	0.559862
4069.29	0.572158
4079.35	0.589524
4087.93	0.620439
4095.13	0.650111
4101.92	0.610301
4110.13	0.460351
4117.96	0.375613
4123.41	0.355916
4126.24	0.348502
2549.33	0.289674
2546.99	0.30818
2542.09	0.502407
2624.01	0.514359
2703.64	0.512044
2780.85	0.509769
2855.79	0.507562
2928.07	0.505349
2992.85	0.50282
3055.08	0.501452
3115.77	0.500333
3175.07	0.499381
3232.93	0.498602
3289.16	0.49802
3343.26	0.497672
3394.19	0.497698
3442.8	0.49793
3489.45	0.498368
3534.31	0.499022
3578.36	0.499847
3612.28	0.50054
3656.19	0.502037
3687.14	0.499389
3716.92	0.500617
3745.32	0.501922
3771.96	0.503641
3801.59	0.505673
3826.53	0.505801
3850.33	0.506419
3874.14	0.5074
3895.57	0.509028
3917.24	0.511317
3937.09	0.514807
3953.69	0.518249
3971.71	0.522591
3989.23	0.528018
4004.12	0.533201
4018.59	0.539951
4032.04	0.546108
4043.09	0.550681
4056.69	0.559099
4068.27	0.573235
4078.74	0.590115
4087.45	0.62008
4094.59	0.64855
4101.28	0.60533
4109.38	0.456934
4117.12	0.374895
4122.51	0.355715
4125.27	0.348351
2545.21	0.259679
2543.76	0.28641
2540.5	0.502048
2620.68	0.511794
2698.92	0.509294
2774.93	0.506827
2848.47	0.504473
2919.07	0.502233
2985.66	0.500113
3049.51	0.498382
3111.41	0.496907
3171.73	0.495661
3230.68	0.494641
3288.37	0.493861
3344.35	0.493366
3394.36	0.491984
3442.49	0.492166
3489.1	0.492614
3533.85	0.493262
3576.1	0.494082
3615.71	0.494985
3650.87	0.49439
3684.62	0.495091
3714.74	0.497139
3743.79	0.499531
3771.35	0.500869
3797.43	0.502095
3824.03	0.504264
3848.6	0.507155
3871.98	0.510433
3894.87	0.514031
3914.96	0.516264
3933.5	0.519255
3951.88	0.521924
3969.49	0.524271
3986.88	0.527175
4002.75	0.527976
4017.87	0.531209
4031.65	0.539152
4044.17	0.549578
4055.95	0.561457
4066.5	0.57506
4077.89	0.590795
4086.86	0.619532
4094.02	0.646369
4100.73	0.597543
4108.81	0.45037
4116.46	0.372734
4121.78	0.354641
4124.49	0.347608
2542.87	0.251617
2541.77	0.281758
2539.34	0.509933
2618.18	0.517794
2695.25	0.515479
2770.21	0.513365
2842.81	0.51154
2912.78	0.510039
2979.89	0.508888
3044.54	0.507995
3107.21	0.507275
3168.27	0.50669
3228.14	0.506201
3287.71	0.50572
3349.79	0.504964
3394.81	0.501381
3442.04	0.500975
3488.92	0.500815
3534.18	0.500686
3574.77	0.500145
3612.46	0.500701
3647.37	0.501996
3683.97	0.50338
3711.9	0.500814
3740.48	0.501149
3768.9	0.50281
3795.71	0.504834
3821.83	0.507108
3846.34	0.509815
3868.6	0.511988
3891.8	0.513748
3912.78	0.515608
3930.1	0.517135
3950.08	0.520753
3968.32	0.522851
3983.89	0.524279
4001.02	0.528121
4016.61	0.532856
4030.64	0.539006
4043.47	0.547489
4055.24	0.559878
4066.34	0.5746
4077.49	0.590136
4086.41	0.618223
4093.52	0.643794
4100.25	0.589728
4108.34	0.443822
4115.92	0.370452
4121.17	0.353415
4123.85	0.346765
2541.43	0.255119
2540.54	0.287333
2538.52	0.517012
2616.41	0.523058
2692.58	0.520587
2766.71	0.518277
2838.61	0.516186
2908.16	0.514312
2975.33	0.512636
3040.31	0.511123
3103.34	0.509752
3164.66	0.508522
3224.5	0.507435
3283.03	0.506499
3339.84	0.505736
3390.83	0.505314
3440.39	0.505441
3489.67	0.505563
3540.25	0.505603
3576.55	0.503116
3611.9	0.503257
3648.76	0.503746
3678.24	0.504901
3711.39	0.507222
3739.57	0.506981
3767.22	0.507621
3793.4	0.508518
3820.3	0.509725
3845.04	0.511033
3869.36	0.513009
3890.25	0.514395
3908.3	0.515907
3926.05	0.516239
3946.03	0.51565
3965.42	0.516929
3982.32	0.519371
4000.3	0.523304
4016.1	0.529316
4030.1	0.53734
4042.4	0.547941
4053.33	0.559934
4066.47	0.572752
4077.37	0.58834
4086.12	0.616164
4093.12	0.640997
4099.85	0.582972
4107.94	0.438265
4115.45	0.368483
4120.65	0.352318
4123.3	0.346009
2540.58	0.260651
2539.81	0.293234
2538.04	0.516351
2615.39	0.521116
2690.92	0.518628
2764.34	0.516232
2835.62	0.513981
2904.76	0.511883
2971.77	0.509946
3036.77	0.508181
3099.87	0.506598
3161.18	0.505203
3220.78	0.503994
3278.6	0.502961
3334.24	0.502083
3386.8	0.501348
3437.52	0.500948
3487.52	0.500787
3538.75	0.500761
3573.97	0.497361
3607.85	0.497858
3644.74	0.499024
3682.41	0.500216
3708.38	0.498204
3736.42	0.497618
3766.22	0.499408
3795.15	0.502036
3820.48	0.502974
3844.59	0.506007
3868.12	0.508673
3886.49	0.509053
3905.95	0.509071
3926.3	0.510786
3945.48	0.513789
3963.16	0.517633
3982.99	0.522256
3999.91	0.524149
4015.55	0.529487
4029.42	0.536345
4040.87	0.546197
4054.76	0.556982
4067	0.570167
4077.43	0.586127
4085.92	0.613751
4092.78	0.638262
4099.48	0.577419
4107.57	0.433788
4115.03	0.366878
4120.18	0.3514
4122.8	0.345374
2540.2	0.265426
2539.51	0.296879
2537.93	0.5068
2615.2	0.510753
2690.31	0.508635
2763.04	0.506558
2833.66	0.50447
2902.3	0.502471
2969.02	0.500586
3033.86	0.498846
3096.87	0.497273
3158.06	0.495876
3217.41	0.494652
3274.88	0.493583
3330.23	0.492655
3383.07	0.491888
3433.81	0.491393
3482.5	0.491103
3528.88	0.490742
3571.37	0.489433
3599.16	0.488466
3638.25	0.488228
3673.44	0.488499
3702.83	0.488005
3734.43	0.48922
3764.32	0.491856
3793.69	0.494547
3821.85	0.49731
3843.78	0.498048
3864.23	0.5001
3886	0.499788
3906.64	0.502794
3926.84	0.50585
3946.24	0.508881
3964.9	0.512122
3983.48	0.5157
4000.69	0.520124
4016.14	0.526011
4030.32	0.533516
4043.26	0.543051
4055.96	0.554198
4067.48	0.567724
4077.49	0.584038
4085.72	0.611404
4092.44	0.635732
4099.1	0.572711
4107.19	0.430063
4114.61	0.36554
4119.72	0.350624
4122.33	0.344836
2540.21	0.27117
2539.63	0.301423
2538.21	0.496568
2616.12	0.499663
2691.01	0.497727
2762.72	0.495995
2832.51	0.494283
2900.52	0.492593
2966.88	0.490996
3031.46	0.489534
3094.31	0.488231
3155.36	0.487106
3214.43	0.486169
3271.76	0.485408
3327.14	0.484846
3379.84	0.484541
3430.49	0.484495
3478.1	0.484733
3521.16	0.484578
3562.13	0.484506
3598.6	0.484882
3633.83	0.484344
3668.48	0.485606
3700.87	0.486844
3732.3	0.488565
3761.08	0.490728
3791.63	0.493389
3820.73	0.496189
3842.92	0.496203
3862.53	0.497323
3884.84	0.500282
3906.04	0.503318
3926.42	0.50613
3946.02	0.508907
3964.97	0.511912
3983.54	0.515385
4001.43	0.519622
4016.16	0.524811
4030.62	0.532072
4044.03	0.541114
4056.46	0.552182
4067.64	0.565799
4077.36	0.582369
4085.41	0.609436
4092.02	0.633446
4098.67	0.568259
4106.78	0.426611
4114.18	0.364339
4119.27	0.349931
4121.87	0.344359
2540.49	0.280378
2540.09	0.320478
2538.99	0.493847
2619.01	0.495643
2693.76	0.492923
2763.19	0.490469
2831.93	0.488866
2899.15	0.487371
2965.22	0.485985
3029.43	0.484746
3092.12	0.483673
3153.15	0.482778
3211.68	0.482093
3269.01	0.481589
3325.14	0.481267
3377	0.480014
3428.54	0.479544
3472.27	0.478949
3516.65	0.47927
3557.32	0.480152
3594.9	0.481472
3630.48	0.483306
3665.36	0.485554
3698.53	0.488062
3730.39	0.490786
3761.35	0.493577
3789.18	0.494535
3817.28	0.496614
3837.88	0.497338
3859.92	0.499199
3883.07	0.501722
3904.57	0.504526
3925.09	0.507184
3944.73	0.509902
3963.66	0.512966
3982.52	0.516543
4001.46	0.520742
4014.62	0.524702
4030.13	0.531257
4043.9	0.539941
4056.34	0.550887
4067.39	0.564523
4076.97	0.581247
4084.91	0.608033
4091.46	0.631356
4098.15	0.563493
4106.31	0.423031
4113.71	0.363165
4118.8	0.34927
4121.39	0.343911
2540.84	0.290796
2540.63	0.348036
2540.24	0.501411
2626.07	0.501588
2700.74	0.498458
2763.23	0.494938
2831.68	0.492976
2897.69	0.491389
2964.08	0.490124
3027.56	0.488968
3090.17	0.488093
3151.97	0.487379
3208.58	0.486086
3265.87	0.485641
3318.4	0.48527
3375.09	0.485611
3432.14	0.485703
3472.29	0.48045
3514.1	0.48064
3553.85	0.481198
3591.47	0.482118
3626.07	0.483256
3662.17	0.485182
3695.76	0.48742
3727.6	0.489829
3757.74	0.492344
3785.62	0.494958
3812.18	0.497842
3836	0.500697
3860.38	0.503645
3881.26	0.504373
3902.36	0.506528
3922.96	0.508363
3942.47	0.51034
3960.67	0.51298
3979.64	0.516391
3998.45	0.520467
4015.39	0.52583
4029.52	0.53068
4043.25	0.539348
4055.74	0.55023
4066.77	0.563851
4076.28	0.580671
4084.17	0.607337
4090.73	0.629429
4097.52	0.558012
4105.78	0.419095
4113.21	0.361967
4118.3	0.348619
4120.9	0.343479
2541.02	0.290845
2540.75	0.335786
2539.81	0.50288
2621.62	0.504014
2696.95	0.501577
2768.36	0.49953
2832.77	0.496814
2894.64	0.494602
2964.62	0.492309
3025.25	0.490247
3087.67	0.488972
3144.67	0.487654
3205.46	0.486657
3262.73	0.485999
3317.2	0.485606
3371.13	0.485405
3423.04	0.485351
3469.07	0.485573
3513	0.486678
3551.85	0.487176
3588.83	0.489041
3625.93	0.491157
3659.71	0.490964
3692.96	0.492668
3724.73	0.494433
3754.6	0.496237
3781.62	0.498207
3804.44	0.499986
3831.88	0.501391
3856.61	0.502885
3879.13	0.504301
3899.42	0.506036
3920.88	0.507698
3940.44	0.510094
3958.75	0.51302
3975.14	0.516242
3995.5	0.519808
4013.14	0.524663
4027.84	0.531565
4041.96	0.539374
4054.71	0.550092
4065.81	0.563722
4075.29	0.580676
4083.15	0.607596
4089.81	0.62767
4096.78	0.551791
4105.2	0.414874
4112.67	0.360774
4117.78	0.347993
4120.39	0.343074
2541.04	0.297552
2540.84	0.352679
2540.08	0.51128
2622.56	0.511818
2696.03	0.509183
2768.09	0.506972
2832.76	0.505606
2900.76	0.503947
2959.13	0.502447
3021.6	0.501741
3085.71	0.500841
3145.54	0.49987
3204.37	0.498762
3260.85	0.498069
3314.95	0.497783
3367.57	0.497804
3418.14	0.498362
3466.33	0.499571
3515.33	0.500366
3550.07	0.497779
3584.41	0.498875
3622.02	0.500892
3657.01	0.503157
3690.82	0.505473
3723.18	0.507587
3754.36	0.508702
3778.83	0.507381
3804.44	0.509029
3830.16	0.510144
3854.59	0.51183
3877.64	0.51366
3899.81	0.515369
3918.98	0.515641
3937.94	0.517255
3954.96	0.519656
3975.33	0.521167
3993.45	0.523434
4011.98	0.527709
4028.57	0.534434
4040.18	0.540681
4053.47	0.550598
4064.59	0.564274
4073.99	0.581471
4081.75	0.609502
4088.72	0.626303
4095.97	0.545418
4104.57	0.41086
4112.1	0.359711
4117.25	0.347457
4119.86	0.342738
2540.87	0.310429
2540.79	0.386631
2541.23	0.51271
2631.5	0.511774
2695.53	0.510707
2759.65	0.509013
2830.36	0.507443
2898.19	0.505627
2962.81	0.504016
3028.88	0.502641
3086.75	0.501768
3146.15	0.501257
3204.3	0.500907
3259.97	0.500268
3312.76	0.499824
3364.6	0.499545
3414.16	0.499465
3461.24	0.499605
3506.3	0.499882
3546.27	0.500387
3584.97	0.501654
3619.18	0.500874
3653.97	0.501391
3686.24	0.501667
3718.92	0.502221
3749.33	0.502783
3776.89	0.503349
3802.46	0.505033
3828.82	0.506853
3853.13	0.50897
3876.07	0.511089
3897.6	0.513288
3917.46	0.515767
3937.34	0.518816
3956.17	0.522672
3975.51	0.527164
3994.55	0.532616
4010.91	0.534671
4026.68	0.541029
4040.75	0.549296
4052.47	0.557729
4063.22	0.56992
4072.39	0.585346
4079.64	0.61332
4087.58	0.625521
4095.18	0.540655
4103.95	0.408045
4111.54	0.358989
4116.72	0.347105
4119.34	0.342526
2540.22	0.296915
2539.94	0.353681
2539.1	0.50676
2619.42	0.50751
2691.14	0.504468
2760.26	0.502127
2829.72	0.500382
2897.71	0.498685
2963.84	0.497184
3028.63	0.49597
3090	0.494977
3149.57	0.494383
3205.39	0.493879
3260.62	0.493668
3310.1	0.493849
3362.47	0.49413
3411.16	0.494088
3456.65	0.493756
3500.83	0.493323
3542.24	0.492471
3580	0.491793
3616.49	0.492129
3651.22	0.493429
3684.39	0.494938
3716.56	0.496821
3747.09	0.498786
3775.53	0.500999
3803.53	0.503362
3827.88	0.504255
3851.4	0.50582
3874.25	0.507192
3895.41	0.508496
3914.28	0.510126
3936.11	0.511424
3955.18	0.513837
3974.25	0.517013
3993	0.520745
4010	0.525268
4025.8	0.531691
4039.86	0.540032
4051.56	0.551359
4062.63	0.564025
4072.2	0.580902
4080.08	0.608413
4087.16	0.623729
4094.6	0.539734
4103.39	0.407206
4111.01	0.358642
4116.19	0.346907
4118.83	0.342401
2539.5	0.283989
2539.06	0.321428
2537.77	0.500585
2614.89	0.502836
2688.34	0.500361
2759.46	0.498204
2829.37	0.496351
2897.89	0.494681
2964.93	0.493184
3030.49	0.491831
3093.71	0.49061
3152.14	0.489477
3208.26	0.488948
3263.84	0.488649
3314.36	0.486713
3362.52	0.485466
3407.6	0.484252
3454.72	0.482905
3498.06	0.483434
3539.14	0.484131
3577.23	0.485174
3613.87	0.486643
3648.34	0.488443
3681.81	0.490371
3714.13	0.492449
3745.24	0.494612
3772.93	0.495206
3800.61	0.496417
3826.21	0.497199
3851.28	0.498583
3874.69	0.50124
3896.5	0.503912
3916.95	0.506596
3937.21	0.509266
3955.91	0.512382
3971.49	0.516364
3991.33	0.520518
4008.39	0.525946
4024.76	0.532655
4039.41	0.541204
4052.57	0.551856
4061.66	0.56293
4071.73	0.579095
4079.84	0.60475
4086.73	0.621451
4094.11	0.538034
4102.9	0.405662
4110.5	0.357822
4115.7	0.346335
4118.33	0.341968
2538.92	0.276881
2538.41	0.308547
2537.07	0.502805
2612.98	0.505587
2686.8	0.503366
2758.75	0.501275
2829.21	0.499322
2898.31	0.497503
2966.2	0.495816
3033.33	0.494265
3100.81	0.492831
3155.63	0.489538
3210.22	0.488182
3262.72	0.486711
3315.54	0.485396
3364.82	0.484902
3413.06	0.484937
3454.87	0.483906
3495.86	0.483967
3537.32	0.483746
3574.18	0.485019
3611.69	0.486787
3644.71	0.487024
3678.65	0.488325
3711.15	0.489296
3740.19	0.490128
3770.67	0.49162
3798.98	0.493873
3825.61	0.496333
3851.04	0.498904
3875.01	0.501494
3897.23	0.504092
3918.11	0.506872
3938.17	0.509881
3956.3	0.511673
3973.61	0.514854
3990.64	0.518869
4005.63	0.524547
4023.61	0.530733
4038.58	0.538632
4051.49	0.548838
4062.42	0.561719
4071.3	0.576786
4079.27	0.601522
4086.17	0.61658
4093.66	0.529648
4102.48	0.399363
4110.01	0.355162
4115.22	0.344536
4117.87	0.340587
2538.54	0.27542
2538.02	0.309344
2536.73	0.509123
2612.18	0.511865
2686.1	0.509533
2758.43	0.507311
2829.26	0.505212
2898.7	0.503241
2966.94	0.501429
3034.41	0.499784
3102.39	0.49829
3157.37	0.496602
3212.68	0.495872
3266.71	0.495131
3318.71	0.494404
3366.59	0.493742
3412.67	0.493731
3456.34	0.494141
3500.23	0.494679
3538.39	0.494899
3568.77	0.49207
3605.93	0.492073
3641.98	0.493151
3676.03	0.494277
3708.39	0.495544
3739.02	0.497045
3768.79	0.49837
3797.24	0.499963
3824.46	0.501586
3850.54	0.503112
3875.35	0.504537
3897.61	0.504462
3918.4	0.50552
3937.25	0.506988
3956.66	0.508959
3974.63	0.512045
3991.69	0.515887
4007.72	0.520792
4023.6	0.526692
4037.94	0.534591
4050.54	0.544661
4061.32	0.557591
4070.04	0.574662
4078.28	0.596421
4085.49	0.600786
4093.37	0.503703
4102.14	0.38447
4109.43	0.349454
4114.73	0.340831
4117.44	0.337712
2538.36	0.276131
2537.86	0.312533
2536.61	0.511205
2611.97	0.513905
2685.99	0.511639
2758.54	0.50949
2829.58	0.507496
2899.12	0.505666
2967.17	0.503998
3033.65	0.502487
3098.04	0.501155
3157.49	0.50021
3215.1	0.499381
3271.34	0.498827
3324.58	0.498734
3368.73	0.497547
3413.24	0.497955
3456.08	0.498342
3494.88	0.498791
3534.45	0.500049
3569.91	0.501445
3605.69	0.50239
3640.72	0.503436
3674.38	0.504898
3706.65	0.506618
3737.53	0.508514
3767.23	0.510429
3795.74	0.512487
3823.38	0.514586
3850.4	0.51652
3877.99	0.517924
3898.53	0.515444
3918.53	0.516614
3937.82	0.518481
3956.69	0.520561
3974.77	0.522973
3991.93	0.525818
4008.07	0.529354
4023.25	0.533487
4037.13	0.538398
4049.54	0.544014
4060.44	0.54911
4070.13	0.549075
4077.21	0.536286
4085.29	0.487075
4093.61	0.405393
4101.71	0.358364
4108.37	0.341382
4114.25	0.335895
4117.06	0.333732
2538.34	0.276993
2537.86	0.31407
2536.65	0.50872
2612.14	0.511259
2686.33	0.508961
2759.06	0.506751
2830.25	0.504674
2899.83	0.502741
2967.72	0.500962
3033.67	0.499352
3097.3	0.497937
3158.15	0.496716
3217.49	0.495724
3277.57	0.494921
3323.58	0.491847
3371.72	0.491385
3414.83	0.49035
3456.26	0.490768
3495.31	0.491514
3533.2	0.492564
3569.29	0.49349
3604.75	0.49461
3639.33	0.495723
3672.65	0.496823
3704.8	0.497911
3735.72	0.499014
3765.35	0.500154
3793.63	0.501279
3821.42	0.502208
3848.19	0.50307
3874	0.503652
3897.43	0.50309
3918.02	0.504637
3937.51	0.506782
3956.38	0.509246
3974.76	0.512108
3992.21	0.515881
4008.37	0.520786
4023.38	0.527067
4037.12	0.535119
4049.44	0.545304
4060.28	0.557848
4069.68	0.571845
4077.73	0.5798
4084.71	0.561051
4093.22	0.44558
4102.04	0.358733
4109.07	0.337746
4114.2	0.332577
4116.81	0.330823
2538.49	0.277743
2538.01	0.315719
2536.79	0.51493
2612.57	0.517475
2687.04	0.515117
2759.98	0.512872
2831.31	0.510781
2900.98	0.50885
2968.87	0.507084
3034.66	0.505492
3097.95	0.504087
3158.88	0.502878
3217.62	0.50186
3273.39	0.501043
3324.71	0.500936
3378.21	0.500508
3416.56	0.496916
3457.29	0.496855
3495.35	0.496622
3532.15	0.496755
3567.7	0.497132
3603.09	0.497606
3637.54	0.498161
3670.44	0.498842
3702.5	0.499667
3733.5	0.500612
3763.11	0.501701
3790.27	0.503028
3818.75	0.504445
3845.17	0.506295
3870.64	0.508289
3897.37	0.510221
3916.88	0.508674
3936.06	0.509865
3954.77	0.511605
3973.88	0.513574
3991.95	0.516194
4007.96	0.520051
4022.93	0.524077
4036.68	0.531698
4049	0.541495
4059.83	0.553895
4069.17	0.568796
4077.12	0.579697
4084.36	0.538176
4093.09	0.438417
4102.06	0.356097
4109.1	0.336477
4113.96	0.331363
4116.44	0.329538
2538.8	0.277885
2538.31	0.314903
2537.07	0.514602
2613.37	0.517135
2688.23	0.514739
2761.41	0.512459
2832.88	0.510334
2902.72	0.508368
2970.88	0.506565
3036.89	0.504929
3099.65	0.503475
3160.45	0.502228
3219.38	0.501159
3272.29	0.500245
3322.25	0.499802
3370.72	0.499493
3414.98	0.499275
3460.97	0.499493
3495.91	0.498256
3531.5	0.49866
3564.79	0.499427
3601.29	0.500742
3636.52	0.501873
3667.96	0.501522
3700.23	0.502643
3731.76	0.503767
3761.92	0.504961
3791.1	0.506213
3816.48	0.5059
3841.48	0.507055
3864.36	0.508373
3891.11	0.509231
3913.5	0.510245
3933.54	0.512292
3950.87	0.515133
3972.79	0.518282
3991.94	0.521415
4009.67	0.524633
4021.84	0.527464
4035.78	0.532213
4048.19	0.536908
4059.09	0.539456
4068.58	0.532238
4077.14	0.49665
4085.8	0.422135
4093.4	0.368352
4101.9	0.342072
4108.7	0.333523
4113.44	0.330535
4115.82	0.329176
2539.26	0.278161
2538.77	0.314007
2537.51	0.514217
2614.62	0.516773
2690.05	0.514417
2763.43	0.512222
2834.93	0.510199
2904.92	0.50833
2973.75	0.506611
3041.06	0.505104
3101.99	0.50419
3162.52	0.503164
3225.75	0.502047
3272.78	0.498667
3319.88	0.497775
3366.03	0.497187
3410.23	0.496627
3453.16	0.496202
3492.44	0.495661
3530.12	0.495809
3567.1	0.49627
3599.23	0.495596
3630.5	0.495322
3666.09	0.494202
3697.87	0.494669
3730.6	0.495711
3760.82	0.497398
3789.2	0.499235
3815.83	0.50092
3841.21	0.502967
3865.46	0.504993
3889.74	0.506852
3912.36	0.508629
3933.26	0.510733
3952.88	0.513323
3972.78	0.516297
3991.66	0.519968
4006.99	0.523622
4021.76	0.529734
4035.72	0.537362
4048.38	0.547661
4059.47	0.560697
4068.98	0.576558
4077.08	0.591055
4084.84	0.546111
4093.9	0.413644
4101.95	0.354798
4109.08	0.336692
4114.02	0.33178
4116.51	0.329972
2539.9	0.279675
2539.43	0.315764
2538.17	0.511065
2616.58	0.513447
2692.84	0.511004
2766.22	0.508661
2837.33	0.506501
2907.08	0.504526
2976.86	0.502739
3050.33	0.501075
3103.45	0.497039
3160.52	0.495868
3217.44	0.49445
3269.9	0.49224
3317.36	0.490454
3362.85	0.489667
3406.11	0.489019
3449.5	0.488496
3490.05	0.488844
3528.45	0.489775
3565.76	0.491058
3597.75	0.491913
3628.52	0.493724
3665.54	0.494963
3699.71	0.49678
3730.2	0.497274
3759.85	0.498575
3787.31	0.499879
3814.74	0.501472
3840.4	0.503749
3864.85	0.505952
3888.37	0.508093
3911.24	0.510317
3932.54	0.512913
3952.89	0.516066
3972.02	0.5194
3991.03	0.523474
4004.82	0.525918
4022.81	0.5309
4035.12	0.535872
4048.35	0.545335
4059.68	0.557879
4069.34	0.573893
4077.46	0.592123
4084.71	0.579234
4092.85	0.465185
4100.88	0.360415
4109.07	0.33965
4114.35	0.333991
4116.97	0.331926
2540.7	0.283351
2540.28	0.324521
2539.12	0.512368
2619.61	0.514387
2697.4	0.512048
2770.16	0.509895
2839.89	0.508122
2907.93	0.506506
2974.88	0.504978
3040.41	0.503644
3099.41	0.502862
3157.19	0.50243
3214.58	0.502117
3273.36	0.501879
3316.51	0.497985
3361.12	0.497734
3405.75	0.497918
3447.06	0.496945
3488.18	0.497223
3526.2	0.497354
3561.95	0.497952
3597.27	0.49797
3631.91	0.498493
3666.13	0.499209
3699.2	0.500201
3730.44	0.501426
3760.12	0.502766
3787.75	0.5043
3813.7	0.50489
3839.11	0.50664
3863.5	0.508143
3885.97	0.509845
3909.98	0.511934
3931.08	0.513481
3951.02	0.515505
3971.1	0.518294
3989.73	0.522862
4007.41	0.528574
4021.51	0.532513
4035.3	0.539075
4048.33	0.547649
4059.69	0.560817
4069.42	0.577611
4077.66	0.600467
4084.79	0.603147
4092.68	0.497923
4101.63	0.376742
4109.38	0.345783
4114.67	0.337846
4117.33	0.335023
2541.6	0.287566
2541.27	0.337659
2540.38	0.513312
2624.2	0.514411
2705.85	0.511681
2775.98	0.508014
2843	0.505748
2908.67	0.50401
2973.04	0.502612
3035.74	0.501371
3095.33	0.500219
3152.93	0.499297
3208.92	0.49852
3262.91	0.497794
3311.26	0.496853
3357.74	0.497078
3403.12	0.497563
3445.33	0.497878
3484.66	0.498756
3526.1	0.499685
3564.43	0.500795
3601.2	0.50201
3634.24	0.502536
3666.83	0.50375
3699.89	0.504811
3731.48	0.505908
3761.43	0.507043
3789.32	0.508203
3813.28	0.509332
3837.82	0.511039
3862	0.511075
3887.33	0.512168
3908.43	0.512706
3929.82	0.514833
3947.96	0.517909
3969.83	0.521366
3987.54	0.526696
4006.93	0.53276
4023.69	0.540509
4036.76	0.547048
4048.08	0.55185
4059.47	0.564985
4069.08	0.582445
4077.69	0.60854
4084.95	0.620807
4092.69	0.527727
4101.81	0.394742
4109.64	0.352466
4114.99	0.342064
4117.69	0.338239
2542.48	0.286967
2542.17	0.343975
2541.59	0.51895
2629.71	0.519345
2724.57	0.516729
2783.81	0.512376
2846.29	0.510168
2909.49	0.508338
2971.6	0.506642
3032.86	0.505213
3091.91	0.504018
3148.87	0.503045
3203.82	0.502305
3256.62	0.501845
3306.44	0.501751
3353.96	0.501758
3398.34	0.501995
3443.87	0.502447
3487.01	0.502847
3527.53	0.502938
3566.87	0.503692
3606.06	0.504618
3636.42	0.502683
3665.22	0.504336
3701.19	0.5055
3733.5	0.507288
3764.5	0.509345
3791.12	0.510331
3815.67	0.510444
3839.31	0.512032
3864.6	0.513638
3885.19	0.515309
3909.74	0.516607
3931.63	0.518547
3951.63	0.521173
3970.9	0.524569
3988.49	0.529458
4007.21	0.534979
4023.49	0.542625
4038	0.552959
4048.6	0.563021
4059.14	0.571032
4067.81	0.588541
4077.64	0.615103
4085.23	0.630667
4092.92	0.546341
4102.02	0.408884
4109.95	0.357942
4115.36	0.345756
4118.1	0.341085
2543.22	0.27322
2542.69	0.309734
2541.44	0.517763
2626.98	0.52004
2710.7	0.517545
2784.67	0.515252
2847.07	0.512796
2910.44	0.511108
2969.98	0.509306
3031.9	0.507778
3090.26	0.50673
3146.46	0.506036
3200.59	0.505567
3253.5	0.50534
3302.35	0.505434
3351.47	0.505808
3398.16	0.506275
3444.47	0.506696
3491.86	0.507122
3529.23	0.5052
3568.43	0.505859
3607.91	0.506639
3640.75	0.506393
3673.05	0.506768
3704.47	0.505919
3735.18	0.506248
3763.11	0.507104
3790.29	0.508045
3818.38	0.509607
3843.74	0.511633
3868.11	0.513667
3890.76	0.515868
3913.36	0.518106
3934.76	0.520896
3954.84	0.524375
3973.32	0.528704
3990.92	0.534817
4008.02	0.542354
4023.14	0.547232
4037.75	0.555737
4050.43	0.566718
4059.57	0.574437
4069.52	0.589385
4078.35	0.617701
4085.78	0.636207
4093.38	0.557537
4102.41	0.417854
4110.4	0.361756
4115.86	0.348423
4118.63	0.343192
2544.08	0.259724
2543.21	0.289846
2541.25	0.517147
2624.76	0.522351
2705.31	0.51995
2779.98	0.51779
2847.85	0.515873
2913.02	0.514061
2976.36	0.512414
3033.24	0.510608
3089.5	0.509464
3143.54	0.508303
3199.3	0.507372
3251.79	0.506985
3301.17	0.506921
3349.97	0.507023
3396.88	0.507264
3442.46	0.507641
3487.53	0.508118
3526.46	0.50801
3567.94	0.509028
3611.99	0.509708
3644.14	0.509424
3676.47	0.51066
3709.4	0.510335
3738.43	0.509389
3767.84	0.510352
3795.19	0.511992
3822.09	0.51379
3847.46	0.515618
3871.65	0.517511
3894.68	0.519506
3916.47	0.52158
3937.47	0.5247
3957.88	0.528685
3974.81	0.530078
3992.04	0.534039
4005.28	0.538203
4023.44	0.542814
4038.49	0.55153
4051.23	0.563365
4061.59	0.579239
4070.35	0.593358
4078.92	0.620683
4086.44	0.640135
4094.04	0.564465
4103.03	0.423318
4111.05	0.364058
4116.54	0.350016
4119.32	0.344458
2545.46	0.25389
2544.23	0.282933
2541.49	0.515876
2624.29	0.524442
2704.57	0.521983
2780.96	0.519667
2850.2	0.517717
2916.28	0.516043
2974.48	0.514656
3032.15	0.513558
3091.35	0.512673
3149.51	0.511683
3199.92	0.510711
3251.82	0.510315
3299.16	0.510207
3348.9	0.510698
3395.45	0.510797
3439.41	0.511058
3480.46	0.511671
3519.58	0.512826
3563.27	0.513921
3606.01	0.514767
3643.96	0.516133
3680.39	0.517003
3718.05	0.518256
3746.25	0.513179
3772.98	0.514018
3798.89	0.515917
3825.66	0.51794
3850.69	0.520262
3874.68	0.522919
3898.13	0.525738
3918.64	0.525931
3939.03	0.528078
3957.48	0.530909
3975.42	0.534312
3991.42	0.538906
4008.51	0.543673
4024.91	0.550585
4039.57	0.559474
4052.46	0.57062
4063.89	0.584351
4072.26	0.599276
4078.97	0.623614
4087.21	0.643225
4094.92	0.569108
4103.91	0.426479
4111.93	0.365088
4117.42	0.350646
4120.21	0.344937
2547.89	0.268434
2546.13	0.291502
2542.19	0.510529
2625.2	0.52193
2706.51	0.519501
2787.94	0.517056
2854.59	0.514541
2913.68	0.512294
2975.59	0.510755
3034.93	0.509489
3093.04	0.508441
3149.09	0.507521
3202.11	0.506627
3254.3	0.506004
3305.06	0.505633
3349.65	0.505037
3395.24	0.505226
3437.88	0.505384
3473.91	0.504935
3506.68	0.505219
3558.05	0.505052
3603.3	0.504023
3643.83	0.503709
3681.55	0.504359
3717.4	0.505247
3749.27	0.506149
3777.18	0.507687
3804.23	0.509944
3830.23	0.511718
3853.95	0.511496
3877.06	0.512696
3898.28	0.513845
3920.76	0.516059
3941.73	0.519214
3959.9	0.520429
3976.98	0.521747
3991.97	0.526813
4011	0.532392
4027.36	0.539475
4041.76	0.548542
4054.37	0.560111
4065.43	0.574841
4074.16	0.595426
4082.13	0.621227
4088.75	0.631624
4096.22	0.569197
4105.1	0.426784
4113.06	0.364792
4118.51	0.350356
4121.29	0.344695
2552.27	0.310989
2549.29	0.322638
2543.38	0.500346
2626.68	0.513524
2707.04	0.511363
2783.69	0.509265
2852.95	0.506756
2916.47	0.504972
2978.17	0.503724
3037.79	0.502656
3095.59	0.501767
3150.48	0.501188
3203.87	0.500528
3256.89	0.499888
3304.21	0.49853
3352.01	0.497948
3395.49	0.496236
3435.8	0.495707
3477.41	0.49545
3517.53	0.497099
3557.27	0.499393
3603.66	0.501175
3644.84	0.502614
3682.91	0.504096
3719.04	0.505606
3754.58	0.506952
3780.58	0.505251
3806.69	0.506354
3831.13	0.50802
3857.39	0.510232
3879.12	0.510674
3902.49	0.512983
3922.65	0.512788
3942.11	0.513745
3960.66	0.516263
3980.07	0.519919
3997.29	0.524828
4014.28	0.530758
4029.87	0.538271
4043.83	0.547839
4055.91	0.560381
4067.36	0.575117
4077.35	0.59428
4084.4	0.619494
4091.26	0.621882
4098.07	0.533379
4106.62	0.41956
4114.41	0.363124
4119.79	0.349368
4122.55	0.343973
2558.55	0.348803
2554.18	0.357351
2545.63	0.488924
2629.99	0.502976
2710.12	0.501161
2785.7	0.499386
2855.99	0.497724
2919.99	0.496426
2981.73	0.495403
3041.32	0.494567
3099.86	0.49378
3152.16	0.491298
3204.74	0.490181
3255.04	0.489148
3304.66	0.487236
3349.37	0.486381
3397.41	0.486089
3441.57	0.486609
3484.45	0.487425
3525.78	0.48848
3564.46	0.489848
3607.58	0.490979
3647.34	0.492649
3684.57	0.494461
3719.64	0.496475
3752.33	0.498707
3781.21	0.499893
3808.38	0.501967
3834.1	0.504158
3858.75	0.506548
3882.61	0.507381
3902.97	0.508288
3924.49	0.509965
3945.61	0.512323
3964.8	0.515523
3983.57	0.51919
4001.03	0.523585
4017.15	0.528914
4032.15	0.536019
4045.91	0.545016
4056.25	0.55516
4068.91	0.567487
4078.94	0.583247
4086.31	0.611616
4093.33	0.61731
4100.58	0.523626
4108.27	0.403451
4115.85	0.361439
4121.2	0.348624
4123.98	0.343503
2568.29	0.369643
2562.22	0.379081
2550.04	0.478904
2636.38	0.493908
2716.6	0.493596
2791.83	0.493294
2864.19	0.492765
2924.69	0.488971
2986.27	0.488061
3044.7	0.487278
3100.22	0.486107
3153.46	0.483211
3206.45	0.482506
3256.88	0.481888
3307.17	0.482227
3354.68	0.482753
3401.66	0.483493
3447.05	0.484384
3491.46	0.485461
3535.07	0.486748
3576.19	0.488628
3613.12	0.486488
3650.63	0.487725
3686.66	0.488681
3720.86	0.489644
3753.07	0.490962
3782.93	0.493534
3810.57	0.496382
3836.15	0.498952
3859.59	0.501448
3884.93	0.504286
3907.67	0.507611
3929.87	0.511074
3949.29	0.513299
3967.63	0.516276
3986.58	0.520213
4004.32	0.525359
4019.3	0.528709
4033.82	0.534733
4046.42	0.542807
4059.46	0.553881
4071.21	0.567901
4081.18	0.58539
4089.39	0.616955
4095.43	0.636338
4102.16	0.571434
4110.34	0.424638
4117.17	0.363414
4122.63	0.349411
4125.57	0.34401
2583.4	0.379866
2575.59	0.391296
2560.28	0.469573
2647.75	0.478785
2726.9	0.479133
2799.66	0.479455
2864.01	0.479494
2930.8	0.479968
2994.35	0.480165
3047.9	0.476385
3100.81	0.475731
3157.12	0.475736
3210.33	0.476091
3261.35	0.476624
3311.02	0.477345
3359.04	0.478227
3405.98	0.479293
3451.93	0.480513
3497.63	0.481827
3545.16	0.48296
3578.17	0.478468
3617.34	0.480156
3654.54	0.482182
3689.89	0.484384
3723.62	0.486685
3754.9	0.489287
3785.09	0.492029
3811.61	0.49249
3838.59	0.494376
3863.64	0.49761
3888.12	0.500809
3911.2	0.503991
3932.57	0.507302
3952.63	0.511148
3972.05	0.515432
3989.05	0.517104
4004.83	0.51971
4021.21	0.524176
4035.92	0.531095
4049.43	0.539896
4062.1	0.550874
4073.45	0.564615
4083.21	0.581735
4091.12	0.611639
4097.04	0.647885
4103.65	0.612246
4111.81	0.458069
4119.38	0.370079
4124.07	0.350597
4127.49	0.344256
2605.66	0.385167
2595.81	0.399368
2573.8	0.458184
2665.92	0.464324
2745.41	0.46669
2814.99	0.468941
2881.34	0.470822
2938.96	0.467943
2993.58	0.467495
3052.97	0.467639
3108.24	0.467847
3162.53	0.468144
3215	0.468465
3265.75	0.468872
3315.05	0.46939
3362.97	0.470027
3409.75	0.470789
3455.48	0.471669
3500.3	0.472647
3543.9	0.473702
3583	0.474715
3621.77	0.476593
3658.53	0.478971
3692.96	0.481654
3727.04	0.484095
3756.07	0.483595
3784.02	0.485133
3813.59	0.487834
3841.15	0.491031
3866.47	0.494758
3890.92	0.49866
3914.69	0.502576
3934.83	0.502982
3954.86	0.505469
3973.36	0.508079
3991.52	0.512279
4007.81	0.517367
4022.94	0.522636
4037.36	0.530009
4051.41	0.538391
4064.15	0.549508
4075.38	0.563871
4085.06	0.58198
4093.01	0.614747
4099.7	0.643305
4105.44	0.60781
4114.02	0.445275
4122.05	0.365562
4127.38	0.347924
4130.28	0.341624
2637.1	0.387958
2627.45	0.405896
2596.47	0.436523
2695.36	0.450895
2772.64	0.455408
2832.42	0.455528
2887.67	0.457088
2948.23	0.458876
3004.75	0.459949
3060.91	0.460772
3115.35	0.461368
3168.43	0.461874
3220.03	0.462329
3270.16	0.462785
3318.97	0.463279
3366.54	0.463835
3412.97	0.464474
3458.31	0.465209
3502.52	0.466049
3545.43	0.467002
3586.48	0.468153
3626.48	0.469643
3663.11	0.472047
3694.65	0.471491
3724.97	0.473075
3757.17	0.475472
3786.73	0.478755
3815.76	0.482066
3844.15	0.48547
3868.39	0.486091
3892.62	0.488975
3914.16	0.491719
3936.93	0.495399
3957.43	0.49957
3976.32	0.503781
3994.09	0.508025
4010.48	0.51257
4025.64	0.51785
4037.32	0.524374
4052.86	0.532879
4065.83	0.543292
4077.04	0.556421
4086.67	0.572924
4094.68	0.593872
4101.04	0.605323
4107.08	0.502421
4117.27	0.390559
4125.36	0.352061
4130.71	0.340886
4133.43	0.336123
2677.43	0.389511
2679.6	0.409734
2690.73	0.428796
2744.88	0.43907
2797.95	0.43891
2851.55	0.443326
2905.16	0.446702
2960.41	0.449244
3015.13	0.451118
3069.36	0.452604
3122.56	0.453844
3174.5	0.454923
3225.14	0.455842
3274.49	0.456659
3322.65	0.457436
3369.71	0.458204
3415.72	0.459015
3460.65	0.459913
3504.38	0.460931
3547.12	0.461984
3589.26	0.46308
3632.8	0.464094
3662.46	0.460002
3696.43	0.461222
3728.83	0.463569
3759.07	0.466701
3788.11	0.470289
3816.72	0.470967
3843.38	0.472772
3870.44	0.475948
3895	0.480291
3917.65	0.484737
3939.46	0.489165
3959.8	0.49349
3978.65	0.497777
3996.27	0.501645
4012.65	0.505229
4027.8	0.508651
4041.55	0.512349
4055.08	0.518539
4067.5	0.524945
4078.58	0.530211
4088.35	0.528945
4097.25	0.50437
4104.55	0.446325
4112.39	0.378525
4121.87	0.350857
4129.22	0.338307
4134.2	0.33255
4136.72	0.329341
2714.77	0.389744
2722.15	0.404913
2740.81	0.414656
2777.7	0.421119
2821.8	0.426385
2869.74	0.430653
2920	0.434064
2972.06	0.436809
3024.83	0.439073
3077.65	0.441087
3129.76	0.443046
3180.57	0.445009
3230.15	0.446654
3278.61	0.44803
3325.95	0.449267
3372.4	0.450298
3417.97	0.451243
3462.56	0.452197
3505.54	0.453448
3547.69	0.454274
3588.85	0.45504
3628.79	0.455815
3665.18	0.455975
3697.92	0.457197
3732.97	0.458655
3760.3	0.451503
3785.3	0.450275
3818.06	0.453925
3846.75	0.458235
3873.1	0.463717
3897.43	0.46838
3920.15	0.472354
3941.68	0.475843
3961.94	0.478951
3980.52	0.482894
3998.03	0.485052
4014.44	0.486028
4029.8	0.484849
4044.52	0.479054
4056.98	0.469249
4069.25	0.457492
4080.57	0.440867
4090.86	0.416713
4099.97	0.384639
4109.79	0.359985
4118.47	0.342912
4126.55	0.33377
4133.06	0.328547
4137.56	0.325198
4139.87	0.322817
2743.9	0.387959
2752.78	0.399798
2771.93	0.406122
2802.52	0.410509
2840.99	0.41407
2884.73	0.416959
2932.07	0.419281
2981.94	0.421166
3033.36	0.42278
3085.44	0.424377
3137.03	0.426348
3186.58	0.429136
3234.92	0.431262
3282.44	0.43271
3328.71	0.434036
3374.47	0.434843
3419.65	0.43537
3464.5	0.435486
3505.9	0.434186
3547.59	0.433908
3587.98	0.433161
3626.62	0.431436
3661.48	0.42834
3697.76	0.425569
3731.65	0.424873
3762.18	0.422516
3791.33	0.422705
3821.73	0.424271
3850.7	0.426234
3876.09	0.432278
3899.79	0.435715
3922.23	0.437094
3943.61	0.436745
3964.24	0.434195
3982.03	0.428602
3999.59	0.424684
4016.1	0.420181
4031.48	0.413451
4045.12	0.402884
4059.57	0.393497
4072.49	0.381491
4084.31	0.368182
4095.14	0.355233
4105.06	0.343929
4114.48	0.335417
4122.96	0.329257
4130.38	0.325061
4136.31	0.321931
4140.44	0.319342
4142.57	0.317139
2763.4	0.385957
2772.44	0.396016
2790.98	0.399572
2818.77	0.401674
2854.14	0.403108
2895.26	0.404006
2940.67	0.404496
2989.26	0.40468
3040.15	0.404673
3092.58	0.404648
3145.12	0.405021
3192.55	0.407461
3239.21	0.410023
3286.19	0.411315
3330.58	0.407187
3375.69	0.405237
3420.18	0.402768
3463.19	0.39994
3506.45	0.397302
3548.09	0.396671
3588.2	0.39595
3626.58	0.395138
3662.91	0.394148
3698.32	0.393545
3732.03	0.392761
3763.82	0.391876
3794.49	0.391273
3825.16	0.390926
3856.54	0.390078
3879.19	0.387421
3901.9	0.385725
3923.92	0.383791
3944.93	0.380613
3963.75	0.375171
3983.6	0.37074
4001.64	0.367965
4018.39	0.36457
4033.98	0.360557
4048.46	0.355992
4062.41	0.351224
4075.37	0.345856
4087.34	0.340275
4098.36	0.334945
4108.46	0.330221
4117.73	0.32626
4125.98	0.322906
4133.04	0.319978
4138.64	0.317254
4142.54	0.314612
4144.55	0.312164
2773.11	0.384371
2782.08	0.393292
2800.13	0.395636
2826.78	0.396253
2860.78	0.396265
2900.69	0.395949
2945.19	0.395423
2993.28	0.394751
3044.33	0.393974
3098.41	0.393111
3157.04	0.392156
3198.01	0.381619
3241.93	0.377517
3284.26	0.372027
3330.97	0.369224
3376.42	0.368444
3420.89	0.367718
3464.32	0.36701
3507.06	0.366313
3548.53	0.365638
3588.54	0.364967
3626.9	0.3643
3663.58	0.363633
3698.87	0.362957
3732.62	0.362246
3764.82	0.361491
3795.85	0.36068
3826.05	0.359792
3854.9	0.358805
3879.82	0.355403
3903.06	0.354206
3925.12	0.352933
3946.03	0.35149
3965.67	0.349868
3984.84	0.348165
4002.86	0.346288
4019.7	0.344167
4035.42	0.341806
4050.12	0.339232
4064	0.336513
4076.96	0.333673
4088.97	0.330776
4100.04	0.327887
4110.17	0.32505
4119.37	0.322277
4127.5	0.319527
4134.4	0.31674
4139.86	0.313865
4143.65	0.310937
4145.61	0.308359
3860.9	0.391041
3879.24	0.390952
3901.83	0.391663
3923.81	0.39374
3944.93	0.397586
3959.56	0.402658
3965.85	0.425295
3981.85	0.425164
3999.5	0.423433
4016.01	0.422341
4031.42	0.422689
4042.94	0.424971
4046.75	0.446984
4056.87	0.445137
4069.22	0.433423
4080.53	0.418406
4090.78	0.402537
4098.66	0.394164
4099.99	0.418
4104.44	0.412922
4107.38	0.383822
2643.51	0.508981
2695.95	0.508018
2747.85	0.506475
2772.83	0.503631
2832.53	0.502421
2901.21	0.500195
2946.46	0.498095
2968.78	0.494322
3025.03	0.493328
3088.18	0.492043
3131.33	0.490851
3154.63	0.491019
3208.32	0.490168
3266.34	0.489205
3304.65	0.488193
3326.95	0.488209
3376.71	0.487624
3428.6	0.487583
3459.47	0.487199
3479.07	0.489037
3520.82	0.488558
3561.87	0.488361
3583.55	0.488194
3594.82	0.488886
3559.08	0.510826
3577.09	0.510454
3612.03	0.510576
3648.02	0.510398
3678.28	0.511382
3710.84	0.511302
3739.52	0.511389
3767.59	0.511077
3787.13	0.51079
3796.91	0.511478
3820.04	0.511778
3844.4	0.51311
3867.52	0.513788
3886.49	0.515131
3905.77	0.515754
3926.14	0.516799
3945.19	0.517867
3961.84	0.518923
3964.29	0.521973
3881.17	0.524615
3898.74	0.525283
3918.45	0.526298
3937.74	0.527591
3956.58	0.528958
3974.64	0.530504
3991.81	0.532113
4007.96	0.53364
4023.12	0.534709
4037.01	0.534838
4049.44	0.532822
4060.41	0.526416
4070.06	0.512299
4077.39	0.477082
4085.46	0.427491
4093.67	0.381822
4101.51	0.353706
4104.53	0.343257
3936.74	0.482309
3950.7	0.485992
3956.38	0.502846
3966.49	0.503783
3982.49	0.506902
3997.67	0.511238
4011.41	0.516695
4016.17	0.532742
4023.23	0.533865
4037.1	0.5361
4050.31	0.538375
4062.93	0.539348
4066.67	0.556721
4071.97	0.557924
4081.7	0.554755
4090.19	0.539619
4098.07	0.502354
4101.46	0.432965
4104.95	0.423392
4113.09	0.383961
4120.36	0.357708
4124.81	0.348971
3581.41	0.492989
3597.69	0.492792
3609.53	0.494224
3633.41	0.493921
3668.27	0.49516
3700.78	0.496534
3732.38	0.497643
3752.08	0.498114
3762.77	0.501324
3789.03	0.501657
3816.89	0.502564
3838.11	0.504989
3857.9	0.506069
3865.16	0.510611
3880.98	0.510753
3902.29	0.512215
3922.86	0.513433
3942.34	0.514593
3952.73	0.515312
3959.22	0.516012
3968.15	0.516421
2768.59	0.517599
2784.66	0.51684
2806	0.516677
2846.76	0.515868
2910.57	0.51483
2966.84	0.513588
2989.88	0.514132
3032.39	0.513316
3089.71	0.512533
3139.75	0.511423
3159.63	0.511806
3199.32	0.511045
3251.93	0.509771
3295.11	0.508398
3312.48	0.506169
3349.11	0.505439
3395.39	0.504304
3432.48	0.503042
3443.2	0.498429
3476.94	0.497802
3517.72	0.497326
3549.71	0.49636
3556.74	0.490433
3358.91	0.509028
3394.9	0.508614
3442.02	0.508177
3488.78	0.507653
3533.82	0.507364
3574.52	0.507667
3612.24	0.508206
3647.41	0.508864
3683.32	0.508971
3711.89	0.510364
3740.44	0.511272
3768.73	0.51221
3795.6	0.513375
3821.64	0.514144
3846.37	0.514773
3865.07	0.514785
3872.27	0.516412
3889.56	0.516377
3908.03	0.516651
3920.45	0.516466
3596.21	0.486726
3625.94	0.4872
3659.86	0.488423
3693.25	0.490062
3725.57	0.492099
3756.7	0.494297
3781.29	0.49579
3790.76	0.50897
3812.13	0.509346
3838.76	0.511207
3863.73	0.512739
3887.2	0.514412
3909.28	0.516283
3929.83	0.518359
3947.36	0.521075
3964.06	0.523989
3980.2	0.526759
3992.77	0.52855
3997.12	0.536977
4008.1	0.537895
4021.27	0.540019
4029.74	0.54113
3437.72	0.493385
3472.24	0.493482
3513.89	0.494155
3553.63	0.495143
3591.54	0.496072
3613.98	0.496432
3627.44	0.501337
3659.49	0.501614
3692.79	0.502346
3724.54	0.503194
3754.34	0.504341
3781.3	0.506012
3804.59	0.508378
3831.64	0.509517
3856.37	0.511106
3879.09	0.512649
3896.65	0.513486
3903.14	0.518924
3918.64	0.519075
3937.8	0.519607
3950.79	0.51985
3559.85	0.459401
3585.15	0.457903
3596.18	0.440273
3626.15	0.439238
3660.95	0.438304
3694.69	0.437371
3727.25	0.436345
3758.48	0.435012
3788.25	0.433097
3816.96	0.430457
3844.07	0.42645
3861.57	0.422822
3871.03	0.404561
3892.09	0.403206
3913.93	0.402827
3934.63	0.402163
3953.13	0.400973
3970.3	0.400282
3985.97	0.399682
3998.81	0.399215
2957	0.513453
3001.89	0.512828
3060.95	0.511988
3120.12	0.510993
3178.35	0.510092
3235.22	0.509322
3290.42	0.508683
3343.64	0.508194
3394.61	0.507876
3443.33	0.507688
3489.77	0.507629
3533.6	0.507731
3573.43	0.508208
3613.74	0.50808
3652.82	0.507858
3688.79	0.507688
3719.1	0.507565
3745.58	0.507489
3756.49	0.507984
3835.2	0.398366
3844.56	0.399331
3850.8	0.440842
3869.3	0.444044
3878.06	0.47588
3890.86	0.477048
3906.99	0.481654
3913.22	0.498433
3929.07	0.500212
3933.87	0.517474
3947.26	0.518384
3956.2	0.522947
3962.98	0.52536
3974.77	0.527084
3978.42	0.530384
3991.23	0.530959
3996.16	0.535883
4006.02	0.536339
4015.76	0.540866
4020.72	0.546462
4031.17	0.549439
4033.76	0.559867
4042.97	0.561994
4048.99	0.569147
4055.86	0.569521
4063.91	0.574752
4065.78	0.574549
3710.67	0.510985
3720.35	0.510702
3746.51	0.511263
3773.8	0.511794
3799.57	0.511869
3809.31	0.513552
3826.1	0.513404
3850.27	0.515248
3873.97	0.516935
3894.65	0.519336
3902.65	0.524525
3914.65	0.524632
3933.45	0.527047
3951.79	0.52919
3968.86	0.531253
3975.33	0.535005
3983.17	0.535136
4000.82	0.540292
4016.43	0.545622
4030.39	0.55155
4036.62	0.556604
4042.37	0.55736
4051.84	0.559918
2589.09	0.492851
2603.02	0.493535
2647.77	0.492715
2726.49	0.491802
2799.59	0.49153
2854.58	0.490703
2873.93	0.498689
2924.13	0.498025
2986.06	0.497961
3044.98	0.497685
3081.38	0.497155
3102.07	0.501256
3151.98	0.500812
3204.72	0.500714
3253.12	0.500476
3272.94	0.503703
3303.67	0.503099
3351.7	0.502814
3395.63	0.502553
3429.67	0.502197
3442.09	0.506597
3473.43	0.506193
3501.44	0.505654
3555.39	0.490592
3570.27	0.490598
3580.53	0.499865
3612.93	0.500124
3650.49	0.501434
3686.47	0.503204
3720.55	0.505234
3736.63	0.507362
3752.08	0.507437
3781.03	0.508417
3808.25	0.509821
3834.13	0.511261
3855.97	0.511914
3862.79	0.516654
3878.96	0.516773
3902.23	0.517691
3922.58	0.519014
3942.2	0.520452
3955.81	0.521369
3961.43	0.525244
3976.77	0.525726
3987.31	0.526942
3823.38	0.505567
3828.23	0.507017
3843.72	0.507144
3862.63	0.509652
3870.35	0.515645
3886.52	0.516053
3903.52	0.517792
3909.84	0.524228
3926.27	0.525155
3942.08	0.527286
3950.56	0.532541
3968.44	0.534307
3981.43	0.53708
3987.3	0.540977
4002.6	0.544598
4010.21	0.551698
4018.44	0.551924
4031.6	0.557728
4036.64	0.565903
4045.28	0.566762
4056.8	0.57434
4061.29	0.585438
4069.94	0.587185
4078.4	0.595791
4081.63	0.603588
4086.74	0.60919
3061.71	0.50418
3103.46	0.503574
3160.51	0.50283
3217.1	0.501949
3269.46	0.501681
3317.14	0.502046
3362.67	0.502285
3404.66	0.502434
3422.45	0.50555
3446.63	0.50508
3487.81	0.505306
3525.97	0.505547
3561.89	0.50599
3597.21	0.506253
3631.86	0.506722
3666.02	0.507218
3699.03	0.507845
3730.27	0.508541
3759.97	0.50905
3786.25	0.509297
3796.51	0.511124
3812.06	0.510894
3822.93	0.511363
3308.05	0.499668
3321.59	0.499137
3334.88	0.501623
3368.32	0.501098
3413.14	0.500652
3456.43	0.499849
3484.55	0.499036
3501.47	0.498288
3538.34	0.497807
3569.46	0.495988
3604.46	0.495702
3619.65	0.496209
3644.1	0.495829
3678.52	0.497531
3711.35	0.49873
3735.02	0.499307
3746.88	0.50318
3772.62	0.503409
3800.47	0.505205
3825.72	0.506971
3837	0.509497
3851.05	0.509285
3874.1	0.509829
3895.19	0.510183
3908.38	0.51036
3499.86	0.512742
3502.96	0.512712
3529.43	0.512396
3568.44	0.512144
3607.39	0.511762
3640.67	0.512289
3672.97	0.512556
3704.38	0.512843
3734.95	0.513294
3763.41	0.514003
3784.41	0.514142
3793.39	0.517918
3815.3	0.518173
3839.38	0.519538
3864.26	0.520238
3885.42	0.522293
3909.54	0.523345
3931.44	0.525023
3951.5	0.526583
3970.57	0.527478
3980.19	0.528024
3982.59	0.526956
3638.44	0.471546
3660.48	0.471797
3671.53	0.481655
3694.55	0.481667
3721.03	0.483532
3730.37	0.49274
3755.98	0.49311
3776.02	0.495035
3786.06	0.500698
3811.17	0.501711
3822.82	0.505714
3836.14	0.505553
3858.02	0.506857
3864.88	0.51199
3882.4	0.512046
3899.54	0.513653
3904.82	0.519828
3922.57	0.520505
3935.43	0.522994
3942.3	0.528117
3959.35	0.530054
3965.98	0.537823
3975.44	0.538075
3990.31	0.539145
3995.33	0.538218
4002.57	0.538293
3992.61	0.528631
3994.1	0.531723
4004.11	0.532651
4009.73	0.540058
4020.64	0.541136
4025.93	0.553195
4035.91	0.554522
4040.03	0.568249
4048.05	0.56999
4052.04	0.580501
4059.17	0.581958
4063.26	0.591346
4069.98	0.59245
4073.56	0.591172
4078.87	0.590442
4083.31	0.565401
4088.88	0.559565
4092.91	0.492606
4098.15	0.475381
4102.45	0.40334
4108.14	0.39171
4112	0.368226
4116.99	0.361102
4119.93	0.353834
4120.61	0.352058
3734.84	0.472031
3760.53	0.47509
3776.17	0.478745
3788.59	0.483081
3816.64	0.484538
3841.74	0.487248
3850.8	0.49688
3868.08	0.49714
3892.6	0.500478
3910.3	0.502808
3916.9	0.51236
3934.61	0.513287
3954.74	0.51719
3965.39	0.520445
3972.44	0.524665
3988.97	0.526537
4003.9	0.530177
4009.12	0.538593
4019.1	0.539255
4033.74	0.543839
4044.04	0.54758
4047.18	0.55368
4055.27	0.555146
3524.87	0.504627
3550.23	0.504354
3580.48	0.504269
3591.83	0.5072
3618.73	0.506927
3653.74	0.507244
3686.24	0.507522
3718.74	0.507628
3749.09	0.508101
3776.83	0.50871
3800.76	0.508888
3810.13	0.510408
3827.36	0.510273
3851.28	0.511482
3874.1	0.512227
3895.24	0.513296
3914.47	0.514612
3935.87	0.515188
3954.32	0.515835
3961.3	0.516559
3968.37	0.516476
3542.67	0.506408
3573.91	0.506603
3592.56	0.507409
3611.84	0.506911
3649.04	0.506728
3667.67	0.506981
3683.82	0.506675
3712.21	0.50666
3730.71	0.50715
3744.03	0.508124
3771.52	0.508977
3790.12	0.510018
3801.97	0.512223
3826.69	0.512803
3845.04	0.513792
3855.81	0.516206
3877.9	0.516716
3894.33	0.518066
3903.09	0.521632
3922.12	0.522111
3937.17	0.523027
3944.86	0.524963
3960.44	0.525332
3972.93	0.525999
3975.64	0.524846
3664.24	0.508721
3687.08	0.50869
3716.81	0.509586
3745.37	0.510992
3770.07	0.51184
3780.1	0.515674
3800.67	0.515604
3829.02	0.517058
3855.1	0.518735
3877.78	0.520987
3889.09	0.522581
3901.93	0.522371
3921.95	0.524122
3939.87	0.526248
3958.95	0.528083
3970.51	0.529494
3977.18	0.532688
3991.71	0.533608
4006.24	0.536357
4020.57	0.539476
4031	0.541844
4035.06	0.546062
4044.83	0.546715
4008.18	0.523021
4010.97	0.528357
4017.57	0.529577
4021.51	0.531751
4024.06	0.538147
4030.65	0.540126
4034.99	0.543687
4037.77	0.557625
4043.85	0.560868
4048.26	0.566654
4051.14	0.577693
4056.55	0.581161
4061.23	0.58358
4064.47	0.594677
4069.41	0.597901
4073.86	0.597703
4077.74	0.604301
4082	0.612434
4086.03	0.61245
4089.71	0.614336
4093.39	0.611327
4096.95	0.60846
4100.4	0.557625
4104.54	0.509173
4105.64	0.504287
3370.07	0.453269
3380.53	0.458177
3404.01	0.45789
3416.15	0.477385
3441.84	0.477341
3454.83	0.484274
3471.08	0.484588
3491.71	0.484085
3502.65	0.48923
3526.23	0.48918
3537.76	0.500447
3554.3	0.502093
3572.21	0.501656
3584.06	0.501379
3606.32	0.50104
3616.77	0.500874
3632.38	0.501991
3646.44	0.502635
3654.38	0.503176
3674.19	0.502758
3683.27	0.495251
3694.64	0.492419
3702.19	0.488198
3615.34	0.511704
3644.35	0.511546
3671.53	0.511175
3679.03	0.510866
3704.16	0.510587
3735.27	0.511163
3757.89	0.511309
3767.06	0.513901
3790.76	0.513889
3815.75	0.51467
3832.01	0.514985
3839.49	0.516641
3861.98	0.516965
3887.46	0.517799
3900.53	0.518568
3910.25	0.519548
3930.96	0.520505
3950.87	0.522546
3960.49	0.524063
3971.76	0.523908
3990.7	0.52514
4003.18	0.525677
4004.67	0.524304
4004.68	0.524516
3544.32	0.501731
3568.86	0.501792
3605.84	0.50243
3641.81	0.503271
3675.87	0.504452
3708.23	0.505707
3738.91	0.507055
3768.64	0.508173
3797.1	0.509371
3824.31	0.510502
3850.36	0.511523
3875.03	0.51254
3897.4	0.513906
3918.45	0.515312
3930.89	0.516207
3938.75	0.519315
3956.08	0.520326
3973.51	0.522043
3990.33	0.523286
4003.5	0.524656
4002.84	0.524694
4004.15	0.525896
4012.35	0.526508
4015.83	0.531076
4021.76	0.534167
4027.42	0.534465
4030.72	0.542509
4038.1	0.54376
4041.11	0.552329
4046.25	0.554243
4051.2	0.554103
4054.16	0.561658
4060.04	0.563359
4062.65	0.564627
4066.28	0.566911
4069.79	0.566609
4071.58	0.537018
4076.11	0.532522
4078.09	0.539325
4081.31	0.500185
4084.37	0.492882
4087.18	0.387957
4092.09	0.374857
4094.26	0.388238
4098.16	0.364183
4100.32	0.360913
3864.75	0.521258
3882.41	0.521914
3902.41	0.523423
3922.34	0.524893
3936.69	0.52583
3944.73	0.528404
3960.32	0.529162
3976.65	0.531269
3991.96	0.532944
4004.91	0.534323
4010.27	0.538156
4021.03	0.53861
4033.65	0.539701
4046.4	0.538862
4059.61	0.535871
4064.18	0.520283
4072.74	0.516302
4083.47	0.494436
4092.79	0.455723
4101.98	0.393113
4109.03	0.358122
4114.45	0.343131
4119.76	0.335604
3279.77	0.507079
3316.71	0.506862
3361.12	0.506731
3405.51	0.506609
3447.01	0.507107
3487.96	0.507382
3526.01	0.508257
3562.54	0.508793
3585.09	0.508896
3601.49	0.510813
3634.03	0.510897
3666.84	0.511327
3699.77	0.511478
3731.34	0.511938
3761.25	0.51252
3789	0.513199
3813.33	0.514147
3838.17	0.514328
3858.78	0.514121
3867.03	0.515623
3880.42	0.515531
3388.88	0.505051
3416.49	0.50472
3457.07	0.504963
3495.22	0.505454
3532.03	0.50593
3567.66	0.506459
3602.99	0.50678
3637.37	0.5072
3670.33	0.507745
3702.36	0.508137
3733.33	0.508496
3763.04	0.508827
3787.65	0.508922
3796.85	0.51214
3815.9	0.512053
3841.21	0.512983
3864.7	0.513552
3890.68	0.513611
3913.22	0.514267
3933.35	0.514929
3946.75	0.51533
3162.12	0.405124
3198.07	0.406402
3242.33	0.410365
3270.24	0.413754
3287.94	0.428998
3330.47	0.429624
3375.61	0.43112
3420.1	0.433552
3462.16	0.43616
3480.81	0.444263
3505.5	0.443871
3547.45	0.444465
3587.84	0.445022
3626.59	0.446112
3658.6	0.446988
3671.55	0.45629
3697.51	0.456007
3732.45	0.454823
3760.04	0.451442
3782.09	0.450604
3757.89	0.512262
3758.02	0.512491
3780.69	0.512889
3806.78	0.514026
3824.18	0.514865
3831.91	0.519524
3853.77	0.52014
3877.1	0.522432
3893.98	0.524021
3900.4	0.532675
3918.45	0.533297
3939.02	0.535453
3954.86	0.536849
3960.43	0.541997
3974.6	0.542909
3991.85	0.547764
4004.58	0.55382
4010.66	0.560171
4022.8	0.561064
4037.6	0.567877
4049.42	0.573628
4052.35	0.581537
4058.98	0.582624
4064.97	0.588329
3728.18	0.52862
3746.4	0.528706
3772.89	0.530102
3798.93	0.531532
3825.44	0.532683
3850.52	0.53472
3874.55	0.536735
3897.79	0.538668
3918.54	0.541868
3938.79	0.54472
3957.35	0.54925
3975.19	0.55369
3991.4	0.560101
4008.37	0.564887
4024.68	0.570864
4039.35	0.578606
4052.26	0.587034
4063.63	0.594799
4072.18	0.605319
4077.62	0.611992
2758.2	0.468169
2761.52	0.468909
2775.29	0.468796
2832.61	0.469168
2870.42	0.469358
2885.84	0.47932
2939.02	0.479047
2986.33	0.478906
3002.51	0.488058
3047.59	0.487614
3098.27	0.488367
3117.02	0.494455
3152.99	0.493883
3206.28	0.494926
3233.24	0.495527
3255.6	0.496705
3304.8	0.496496
3339.17	0.496496
3354.8	0.502267
3395.37	0.501917
3431.71	0.501864
3443.5	0.506471
3473.34	0.506074
3502.6	0.505641
3685.12	0.509321
3708.97	0.510606
3727.58	0.511685
3740.12	0.51531
3766.99	0.515811
3793.42	0.517516
3820.27	0.51873
3834.24	0.519568
3846.2	0.520185
3868.59	0.521812
3891.64	0.523601
3912.46	0.526293
3922.03	0.529022
3933.18	0.528951
3951.78	0.531871
3969.5	0.535047
3986.25	0.537682
3993.39	0.542132
4003.74	0.542418
4018.47	0.546423
4031.86	0.549331
4040.94	0.55071
2736.62	0.5174
2783.68	0.516651
2846.37	0.515645
2909.45	0.514455
2971.56	0.513336
3032.71	0.51229
3091.75	0.511451
3148.71	0.510725
3203.63	0.510093
3256.36	0.509571
3306.22	0.509237
3353.71	0.508903
3398.42	0.508704
3443.65	0.508099
3486.74	0.507611
3527.39	0.507117
3566.76	0.506485
3605.03	0.505705
3635.92	0.50498
3658.61	0.504718
2833.77	0.516534
2856.07	0.515642
2911.86	0.514797
2934.72	0.514533
2974.05	0.513703
3031.05	0.512146
3055.38	0.510423
3089.07	0.509613
3143.61	0.50835
3171.29	0.507235
3200.31	0.506439
3253.66	0.505405
3283.08	0.504292
3306.66	0.503244
3354.2	0.502399
3384.34	0.501411
3403.82	0.500302
3445.45	0.499719
3474.31	0.499014
3489.58	0.498242
3526.27	0.497583
3554.47	0.496694
3567.4	0.49496
3597.58	0.494679
3621.11	0.49468
3624.88	0.495356
3753.57	0.516901
3756.61	0.516629
3779.15	0.517485
3804.45	0.518416
3830.03	0.519373
3854.45	0.521003
3877.53	0.523018
3899.56	0.525197
3918.9	0.528655
3937.76	0.531887
3955.24	0.536157
3975.38	0.538678
3989.63	0.540783
3995.89	0.552318
4010.56	0.554284
4026.41	0.56033
4040.49	0.567311
4052.3	0.576638
4063.02	0.585923
4072.17	0.59596
4079.04	0.61258
3906.6	0.515667
3916.98	0.515675
3936.02	0.517149
3954.78	0.518572
3973.77	0.519607
3991.95	0.520573
4005.41	0.520927
4010.85	0.521213
4021.79	0.520464
4035.65	0.518306
4048.11	0.512541
4059.08	0.500343
4068.67	0.476814
4077.29	0.435079
4085.83	0.388255
4093.48	0.354121
4101.77	0.338187
4108.5	0.332488
4113.19	0.330298
4114.8	0.329387
3464.72	0.502074
3496.14	0.501913
3531.72	0.501636
3560.13	0.501174
3571.29	0.501586
3598.79	0.501311
3630.77	0.502141
3666.2	0.50243
3687.93	0.502655
3700.77	0.50537
3729.97	0.505684
3759.72	0.507113
3786.4	0.50844
3797.45	0.511427
3813.39	0.51124
3839.02	0.512358
3863.54	0.513307
3883.14	0.513789
3890.19	0.516568
3908.1	0.51656
3929.62	0.517456
3945.05	0.518096
3609.64	0.511013
3619.74	0.511645
3640.77	0.511295
3671.05	0.511526
3682.33	0.513856
3709.23	0.513534
3734.89	0.513673
3747.42	0.515121
3773.02	0.514749
3792.25	0.514315
3804.63	0.513255
3829.99	0.513261
3842.48	0.513096
3857.13	0.512752
3878.26	0.513274
3886.85	0.51417
3902.97	0.514129
3922.56	0.515309
3931.33	0.51789
3949.25	0.518225
3964.17	0.519452
3972.41	0.520529
3989.03	0.521208
3999.1	0.522263
4007.75	0.522327
4022.57	0.523887
4029.13	0.524374
4033.6	0.524456
3817.86	0.499961
3820.18	0.500023
3834.57	0.500144
3843.54	0.502971
3855.05	0.504884
3864.18	0.507769
3873.5	0.51244
3885.51	0.512438
3892.75	0.517096
3905.87	0.51725
3913.55	0.518535
3924.67	0.519188
3933.51	0.519863
3942.31	0.51992
3952.94	0.519809
3960.01	0.521799
3970.65	0.522145
3976.5	0.525154
3985.98	0.52605
3992.05	0.527133
3999.46	0.52704
4007.85	0.526801
4013.54	0.518571
4021.84	0.517535
4024.69	0.499264
3688.13	0.509017
3705.82	0.509338
3714.35	0.514409
3739.31	0.514624
3767.05	0.5153
3793.43	0.516081
3820.13	0.516658
3844.96	0.517852
3869.08	0.518925
3890.05	0.520709
3908.29	0.522871
3926.22	0.524332
3945.97	0.525631
3965.39	0.527203
3979.06	0.528498
3984.86	0.534663
3999.51	0.53576
4015.3	0.539583
4029.23	0.543246
4037.75	0.54618
2685.43	0.502989
2703.58	0.501985
2745.43	0.50157
2770.69	0.50297
2833.06	0.50207
2885.22	0.501043
2906	0.50426
2959.22	0.503405
3018	0.501963
3041.05	0.500536
3086.16	0.49959
3145.71	0.497511
3173.51	0.495561
3205.01	0.494704
3260.85	0.493563
3296.36	0.492295
3316.1	0.490433
3362.58	0.489776
3401.64	0.48909
3417.38	0.491303
3454.61	0.490907
3493.72	0.491401
3509.03	0.494527
3537.69	0.493999
3563.47	0.492501
3116.51	0.499285
3123.22	0.499043
3155.7	0.498445
3210.21	0.498032
3261.24	0.497704
3282.76	0.500161
3313.69	0.499541
3362.32	0.501253
3407.58	0.502917
3430.62	0.503699
3456.14	0.503057
3500.62	0.50392
3542.38	0.504917
3565.09	0.505349
3584.57	0.506153
3619.15	0.506322
3654.28	0.506361
3676.07	0.506229
3691.31	0.506786
3722.99	0.506313
3754.25	0.505054
3772.19	0.503319
3782.53	0.501006
3801.53	0.500869
3229.63	0.505495
3273.01	0.50526
3319.82	0.504826
3365.87	0.504423
3410.1	0.504237
3452.82	0.504094
3492.26	0.504414
3530	0.504633
3566.7	0.504708
3599.58	0.505368
3628.22	0.50543
3641.52	0.50851
3667.25	0.508266
3700.06	0.508944
3731.6	0.508949
3761.78	0.508926
3790.76	0.508803
3816.4	0.508772
3841.22	0.508711
3862.23	0.508631
