2978.69	0.148279
2992.69	0.147387
3020.55	0.145687
3061.42	0.143298
3113.1	0.140412
3172.64	0.137209
3237.08	0.133839
3303.83	0.130432
3370.79	0.127093
3436.37	0.123901
3499.42	0.120909
3559.09	0.118148
3614.82	0.115635
3666.16	0.113376
3712.68	0.111376
3753.94	0.109633
3790.81	0.10811
3823.73	0.106775
3852.9	0.105611
3878.48	0.104603
3900.82	0.103735
3920.48	0.102979
3937.99	0.102313
3953.83	0.101715
3968.4	0.10117
3982.05	0.100664
3994.89	0.100191
4006.03	0.0997813
4017.27	0.0993721
4028.61	0.0989614
4040.25	0.0985421
4052.35	0.098109
4065.03	0.0976579
4078.55	0.09718
4093.26	0.0966634
4109.64	0.0960932
4128.21	0.0954531
4148.76	0.0947515
4171.17	0.0939948
4195.3	0.0931896
4220.9	0.0923468
4247.55	0.0914848
4274.63	0.0906415
4301.24	0.0899173
4326.21	0.0895891
4348.09	0.0901306
4365.44	0.0909756
4377.62	0.0884724
4385.16	0.0873901
4388.72	0.0870812
2960.08	0.149703
2974.12	0.148816
3002.66	0.147034
3045.49	0.144433
3099.82	0.141309
3162.03	0.137894
3228.77	0.134353
3297.35	0.130815
3365.73	0.127379
3432.38	0.124116
3496.25	0.121071
3556.59	0.118271
3612.93	0.115724
3664.97	0.113432
3712.27	0.111401
3753.04	0.10967
3789.88	0.108147
3823.06	0.106802
3852.53	0.105626
3878.25	0.104613
3900.51	0.103747
3920.09	0.102994
3937.59	0.102328
3953.47	0.101729
3968.15	0.10118
3982.12	0.100661
3996.25	0.100142
4005.99	0.0997828
4017.58	0.0993611
4029.08	0.0989443
4040.94	0.0985177
4053.28	0.0980761
4066.05	0.0976218
4079.58	0.097144
4094.19	0.0966313
4110.39	0.0960665
4129.58	0.0954064
4150.66	0.0946872
4173.61	0.0939132
4198.4	0.0930885
4224.83	0.0922269
4252.5	0.0913681
4280.83	0.0906659
4308.94	0.0907393
4335.54	0.093716
4358.82	0.103414
4376.66	0.114018
4388.87	0.0952011
4395.98	0.088538
4399.2	0.0870434
2923.02	0.152312
2936.54	0.151516
2965.82	0.149655
3013.13	0.146622
3073.42	0.143015
3141.28	0.139188
3212.71	0.135322
3284.92	0.131538
3356.01	0.12792
3424.7	0.124525
3490.1	0.121384
3551.66	0.11851
3609.11	0.115902
3662.52	0.113544
3712.73	0.1114
3750.79	0.109758
3787.74	0.108234
3821.7	0.106859
3851.98	0.105651
3878.03	0.104623
3899.88	0.103771
3919.27	0.103025
3936.74	0.10236
3952.67	0.101759
3967.41	0.101208
3981.29	0.100692
3994.68	0.100199
4007.24	0.0997383
4018.39	0.0993327
4029.99	0.0989123
4042.27	0.0984709
4055.3	0.0980059
4068.2	0.0975474
4081.74	0.0970696
4096.1	0.0965668
4111.11	0.0960422
4132.41	0.0953115
4154.45	0.09456
4178.38	0.0937576
4204.46	0.0929074
4232.52	0.0920549
4262.16	0.0913831
4292.96	0.0918486
4323.99	0.0974926
4353.51	0.121233
4378.4	0.178247
4396.3	0.223232
4410.56	0.129849
4417.24	0.0957334
4419.73	0.0878997
2868.42	0.155834
2879.1	0.155341
2906.68	0.153609
2963.18	0.14985
3034.46	0.14548
3111.62	0.141025
3190.14	0.136681
3267.56	0.132545
3342.46	0.128673
3413.93	0.125097
3481.38	0.121826
3544.49	0.118859
3603.12	0.116183
3657.35	0.113779
3707.43	0.11163
3744.38	0.110031
3783.75	0.108401
3819.62	0.106946
3851.74	0.105666
3878.59	0.104605
3898.74	0.103817
3917.84	0.103084
3935.36	0.102416
3951.44	0.101808
3966.32	0.101251
3980.2	0.100734
3993.61	0.100239
4006.4	0.0997713
4018.21	0.0993391
4031.06	0.0988743
4043.61	0.0984221
4059.01	0.0978746
4071.19	0.0974413
4084.86	0.0969581
4100.3	0.0964188
4117.56	0.0958212
4137.86	0.0951281
4160.14	0.0943753
4185.21	0.0935681
4213.16	0.0927992
4243.68	0.0923713
4276.05	0.0931301
4310.26	0.100292
4344.89	0.131414
4376.37	0.224146
4417.03	0.34302
4438.08	0.402256
4440.5	0.209535
4447.91	0.12051
4449.27	0.0924892
2799.69	0.159689
2801.27	0.159697
2814.93	0.158691
2894.36	0.153937
2985.07	0.148573
3075.59	0.14329
3163.2	0.138328
3246.93	0.133754
3326.27	0.129578
3400.91	0.125789
3470.69	0.122369
3535.53	0.119294
3595.41	0.116542
3650.41	0.114089
3700.58	0.111912
3745.82	0.109996
3778.42	0.10861
3816.92	0.107057
3852.91	0.10563
3877.66	0.10464
3897.55	0.103862
3916.59	0.103131
3934.27	0.102457
3950.58	0.101841
3965.67	0.101276
3979.13	0.100774
3993.12	0.100256
4006.23	0.0997755
4018.97	0.0993109
4032.15	0.0988342
4046.16	0.0983324
4059.26	0.0978653
4074.08	0.0973398
4088.49	0.0968317
4105.32	0.0962491
4123.97	0.0956166
4144.76	0.0949456
4166.86	0.0942269
4193.4	0.0936434
4223.95	0.094099
4257.88	0.0979881
4293.01	0.106291
4330.66	0.138599
4369.04	0.232464
4421.17	0.363511
4464.05	0.461294
4485.08	0.549355
4487	0.331766
4486.86	0.16505
4485.74	0.104549
2726.62	0.163113
2708.67	0.163155
2654.49	0.162107
2810.84	0.15822
2931.8	0.151925
3037.84	0.145731
3134.99	0.140094
3225.13	0.135052
3308.9	0.130555
3386.67	0.126547
3458.76	0.122973
3525.34	0.119789
3586.54	0.116956
3642.45	0.114446
3693.12	0.112233
3738.44	0.110302
3777.86	0.108652
3812.36	0.107236
3844.86	0.105939
3871.92	0.104865
3894.75	0.10397
3915.05	0.103188
3933.36	0.102489
3950.03	0.101859
3965.49	0.10128
3980.33	0.100729
3993.13	0.100255
4006.44	0.0997686
4019.72	0.0992852
4033.24	0.0987964
4047.32	0.0982914
4062.19	0.0977625
4076.82	0.0972462
4092.37	0.0966988
4110.07	0.0960865
4129.15	0.0954356
4152.65	0.0947121
4171.72	0.0945175
4201.79	0.0962061
4235.57	0.107493
4274.17	0.145026
4309.14	0.175527
4354.39	0.252736
4408.5	0.3465
4457.99	0.428974
4503.62	0.527046
4554.11	0.649775
4538.48	0.420067
4526.33	0.216273
4524.91	0.122475
2669.49	0.166047
2650.44	0.165693
2606.9	0.164135
2759.93	0.161011
2889.89	0.154601
3004.76	0.147883
3108.96	0.141736
3204.42	0.136298
3291.84	0.131517
3372.22	0.127315
3446.29	0.123603
3514.47	0.120315
3576.97	0.117402
3633.95	0.114828
3685.5	0.112564
3731.79	0.110583
3773.13	0.108857
3805.46	0.107517
3838.37	0.106194
3866.99	0.105059
3891.52	0.104098
3912.96	0.103269
3931.97	0.102542
3949.05	0.101896
3964.69	0.101309
3979.36	0.100764
3993.14	0.100255
4006.82	0.0997537
4020.52	0.0992554
4034.24	0.0987594
4048.43	0.0982501
4063.42	0.0977163
4079.31	0.0971556
4095.98	0.0965728
4113.08	0.0959798
4135.43	0.0952286
4156.3	0.0945922
4180.36	0.0941304
4207.57	0.094934
4239.6	0.10176
4280.82	0.138902
4324.78	0.223715
4385.44	0.310004
4441.52	0.380535
4499.57	0.445358
4548.7	0.525915
4600.4	0.645042
4582.76	0.423775
4567.55	0.235519
4564.78	0.130097
2629.98	0.168517
2615.49	0.167754
2586.61	0.165775
2729.9	0.162749
2859.99	0.156445
2978.47	0.149537
3087.14	0.143096
3186.71	0.137377
3276.39	0.132384
3358.36	0.128045
3433.83	0.12423
3503.33	0.120855
3567.06	0.117866
3625.14	0.115227
3677.69	0.112907
3724.92	0.110875
3767.27	0.109097
3805.53	0.107531
3832.24	0.106431
3862.69	0.10523
3888.37	0.104222
3910.75	0.103355
3930.43	0.102602
3947.85	0.101942
3963.65	0.101348
3978.5	0.100796
3992.85	0.100266
4007.22	0.0997395
4021.74	0.0992117
4035.6	0.0987104
4049.98	0.0981946
4065.39	0.0976465
4083.03	0.097027
4099.12	0.0964659
4117.81	0.0958225
4138.34	0.0951335
4159.99	0.0944224
4186.61	0.0936315
4214.39	0.0929866
4253.11	0.0930144
4297.43	0.0990879
4345.91	0.128804
4399.65	0.218299
4459.23	0.34523
4528.67	0.430195
4580.24	0.521545
4628.2	0.626018
4620.36	0.411278
4609.25	0.255121
4603.65	0.13531
2603.97	0.170405
2594.07	0.169297
2575.58	0.166887
2711.19	0.163806
2838.92	0.157639
2958.4	0.150712
3070.19	0.144116
3174.07	0.13819
3263.42	0.133097
3345.44	0.128723
3421.61	0.124856
3492.15	0.121412
3557.02	0.118351
3616.22	0.115644
3669.78	0.113265
3717.84	0.111185
3760.76	0.109373
3798.86	0.1078
3831.93	0.106458
3859.69	0.105345
3885.48	0.104334
3908.67	0.103437
3929.04	0.102656
3946.6	0.10199
3962.32	0.101398
3977.31	0.10084
3992.17	0.100291
4007.49	0.0997296
4024.11	0.0991275
4037.31	0.0986497
4051.77	0.0981336
4066.77	0.097604
4081.88	0.0970676
4101.13	0.0963984
4120.8	0.0957141
4141.77	0.0949958
4167.14	0.0941483
4194.09	0.0932597
4226.42	0.092316
4265.48	0.0920037
4313.04	0.0975028
4359.31	0.127994
4409.22	0.230553
4491.59	0.363977
4561.43	0.450267
4621.61	0.53739
4678.08	0.646453
4661.04	0.44016
4644.82	0.250295
4639.43	0.133418
2587.12	0.17169
2580.6	0.170327
2568.77	0.167588
2698.7	0.164467
2823.56	0.158431
2942.69	0.151537
3057.08	0.144791
3171.33	0.138377
3252.72	0.133624
3332.98	0.129407
3409.44	0.125539
3480.93	0.122034
3546.98	0.118894
3607.38	0.116109
3662	0.11366
3710.83	0.111526
3754.33	0.109672
3792.9	0.108066
3826.83	0.106681
3855.17	0.105538
3882.19	0.104473
3906.85	0.103517
3928.38	0.102689
3945.52	0.102035
3960.46	0.101472
3975.44	0.100914
3990.61	0.100352
4006.51	0.0997692
4022.2	0.0991994
4036.44	0.0986861
4050.53	0.0981765
4067.2	0.0975834
4084.59	0.0969694
4104.38	0.0962812
4121.54	0.0956813
4146.48	0.0948332
4173.31	0.0939317
4203.95	0.0929599
4236.18	0.0921004
4274.05	0.0920105
4316.89	0.0957453
4371.05	0.122812
4433.89	0.246968
4518.77	0.374211
4591.18	0.457064
4655.51	0.540435
4714.87	0.645534
4696.08	0.446296
4678.38	0.25858
4671.92	0.134259
2576.24	0.172507
2571.96	0.170983
2564.25	0.168052
2689.76	0.164945
2811.54	0.159074
2928.55	0.152342
3040.2	0.145774
3145.35	0.139755
3236.74	0.134522
3321.17	0.129983
3399.93	0.125946
3473.13	0.122337
3540.72	0.11912
3602.61	0.11627
3658.49	0.113773
3707.67	0.111623
3751.38	0.109764
3790.39	0.108144
3825.26	0.106725
3857.1	0.105458
3879.81	0.104552
3907.71	0.103481
3926.39	0.102758
3943.68	0.102102
3959.76	0.101498
3974.69	0.10094
3991.52	0.100318
4006	0.0997881
4020.54	0.0992581
4036.22	0.0986923
4051.7	0.0981365
4068.59	0.0975339
4086.96	0.0968883
4104.27	0.096282
4126.46	0.0955153
4152.61	0.094629
4179.41	0.0937345
4210.11	0.0927841
4242.89	0.0919658
4277.66	0.0918066
4326.89	0.0951055
4381.31	0.127539
4454.49	0.26152
4541.8	0.380273
4616.63	0.460529
4683.37	0.541768
4744.11	0.645053
4725.4	0.445973
4707.44	0.259355
4700.55	0.134003
2569.17	0.173016
2566.31	0.171403
2561.14	0.168377
2683.12	0.16531
2802.07	0.159585
2916.75	0.152993
3026.1	0.146533
3128.82	0.140585
3222.93	0.135261
3309.9	0.130565
3390.6	0.126401
3465.43	0.122693
3534.63	0.119391
3598.38	0.116455
3656.43	0.113874
3704.95	0.111731
3748.44	0.109881
3787.7	0.108253
3822.84	0.106824
3853.77	0.105586
3880.82	0.10452
3903.51	0.103636
3924.28	0.102839
3942.12	0.102159
3958.84	0.101531
3974.64	0.100943
3989.73	0.100382
4005.58	0.0998012
4020.96	0.0992407
4036.62	0.0986749
4053.39	0.0980751
4070.16	0.0974794
4088.16	0.0968474
4108.24	0.0961517
4130.36	0.0953939
4155.38	0.0945398
4182.43	0.0936367
4213.95	0.0925994
4248.95	0.0915776
4288.52	0.0912967
4335.48	0.0974189
4386.64	0.132311
4471.41	0.272291
4561.23	0.384556
4638.05	0.462789
4706.36	0.542674
4767.94	0.644905
4749.71	0.444002
4731.87	0.256827
4725.09	0.13281
2564.58	0.173337
2562.59	0.171677
2558.95	0.168611
2678.16	0.165588
2794.71	0.15998
2907.36	0.153496
3015.04	0.147111
3116.73	0.141198
3211.59	0.135855
3299.84	0.131088
3381.84	0.126842
3457.9	0.123057
3528.46	0.119675
3594.43	0.116627
3658.64	0.1138
3702.27	0.111842
3745.07	0.110039
3784.82	0.108394
3820.74	0.106933
3850.89	0.105713
3877.13	0.104672
3900.13	0.103774
3922.99	0.102899
3939.98	0.102248
3956.99	0.101603
3973.73	0.100978
3989.64	0.100388
4005.62	0.0998022
4021.53	0.0992238
4036.75	0.0986733
4053.81	0.0980632
4071.22	0.0974468
4087.45	0.0968677
4109.83	0.0960933
4132.47	0.0953185
4154.96	0.0945444
4185.36	0.0935426
4218.58	0.0924819
4255.12	0.0914532
4294.52	0.090882
4341.43	0.0957478
4395.52	0.135397
4486.83	0.278415
4578.03	0.387173
4656.1	0.464263
4725.4	0.543373
4787.51	0.644959
4769.76	0.441836
4752.15	0.253556
4745.7	0.131357
2561.63	0.173541
2560.17	0.171858
2557.45	0.16878
2674.56	0.165797
2789.19	0.16028
2900.15	0.15388
3006.48	0.147558
3107.38	0.141679
3202.29	0.136338
3291.06	0.13154
3373.74	0.127249
3450.46	0.123422
3521.42	0.120012
3586.84	0.11698
3646.51	0.114311
3696.68	0.112086
3742.09	0.110148
3784.08	0.108404
3824.18	0.106789
3851.13	0.105687
3875.74	0.10472
3900.37	0.103773
3919.24	0.103037
3939.7	0.102258
3956.7	0.101616
3973.26	0.101
3989.05	0.100414
4005.64	0.0998053
4021.74	0.0992159
4038.72	0.0986045
4054.78	0.0980304
4069.98	0.0974906
4086.74	0.0968994
4108.07	0.0961571
4132.37	0.0953233
4157.07	0.0944746
4188.13	0.0934368
4221.87	0.0923387
4258.67	0.0912646
4298.99	0.0910519
4343.71	0.0960926
4409.16	0.136473
4501.28	0.280403
4592.69	0.388367
4671.33	0.465136
4741.15	0.543901
4803.54	0.645127
4786.18	0.439982
4768.81	0.250503
4762.72	0.130004
2559.82	0.173665
2558.68	0.171972
2556.5	0.168898
2672.17	0.165949
2785.33	0.160498
2894.83	0.154163
2999.92	0.147897
3100.01	0.142057
3194.61	0.136733
3283.45	0.131928
3366.38	0.127616
3443.38	0.123765
3514.46	0.120339
3579.62	0.117305
3638.64	0.114643
3690.88	0.11234
3737.87	0.110328
3780.93	0.108533
3822.02	0.106877
3848.62	0.105793
3872.86	0.104822
3897.78	0.103857
3921.96	0.102932
3938.05	0.102315
3955.09	0.10167
3972.99	0.101003
3990.51	0.100356
4006.37	0.0997742
4022.24	0.0991968
4038.88	0.0985986
4052.84	0.0980973
4069.04	0.0975205
4088.36	0.0968413
4109.21	0.096116
4131.61	0.095342
4161.37	0.0943373
4192.2	0.0933094
4226.52	0.0922076
4263.53	0.0911352
4301.34	0.0907398
4358.71	0.0957346
4422.32	0.135991
4513.84	0.280379
4605.16	0.38873
4683.98	0.465612
4754.03	0.544292
4816.55	0.64535
4799.48	0.438585
4782.31	0.247936
4776.52	0.128875
2558.85	0.17373
2557.92	0.172033
2556.06	0.168968
2671.08	0.166046
2783.14	0.160633
2891.21	0.15435
2995.03	0.148144
3094.17	0.142352
3188.25	0.137056
3276.87	0.132259
3359.8	0.127942
3436.87	0.124079
3507.98	0.120641
3573.16	0.117596
3632.3	0.114918
3685.32	0.112582
3732.9	0.110543
3775.47	0.108762
3813.45	0.107212
3846.13	0.1059
3866.24	0.105082
3893.34	0.104031
3916.39	0.103142
3934.84	0.102434
3954.2	0.101705
3972.24	0.10103
3990.1	0.10037
4007.78	0.0997226
4022.25	0.0991947
4036.54	0.0986792
4052.87	0.0980926
4070.26	0.0974741
4089.68	0.0967908
4111.28	0.0960386
4135.69	0.0951974
4164.57	0.0942211
4196.72	0.0931507
4231.36	0.0920192
4270.63	0.0908495
4315.63	0.0902751
4371.12	0.0952126
4433.66	0.13517
4524.19	0.279586
4615.38	0.388697
4694.21	0.465864
4764.33	0.544589
4826.89	0.645591
4810.03	0.437595
4793.03	0.245933
4787.48	0.12799
2558.51	0.173748
2557.78	0.172042
2556.23	0.168981
2671.71	0.166069
2783	0.160665
2889.2	0.154433
2991.49	0.148307
3089.51	0.142579
3182.93	0.137324
3271.16	0.132545
3353.94	0.128232
3430.99	0.124365
3502.04	0.12092
3567.37	0.117862
3626.85	0.115164
3680.17	0.112812
3728.25	0.110753
3770.24	0.108988
3806.25	0.107513
3838.59	0.10621
3865.72	0.105111
3890.24	0.10415
3913.18	0.103268
3933.8	0.10248
3953.26	0.101746
3970.8	0.101085
3989.43	0.100395
4007.69	0.099727
4022.49	0.0991861
4036.17	0.0986895
4053.12	0.0980833
4071.18	0.0974417
4091.02	0.0967436
4113.19	0.0959718
4138.47	0.0951018
4168.15	0.0940985
4202.93	0.0929523
4236.25	0.0918525
4277.04	0.0906407
4324.63	0.0899849
4380.35	0.0948197
4442.64	0.134393
4532.28	0.278638
4623.36	0.388532
4702.14	0.466021
4772.27	0.544832
4834.84	0.645825
4818.13	0.436892
4801.28	0.244468
4795.91	0.127322
2558.61	0.17373
2558.16	0.172
2557.2	0.168902
2675.33	0.165941
2785.99	0.160513
2888.48	0.154406
2988.94	0.148412
3085.58	0.142767
3178.43	0.137559
3266.12	0.132803
3348.73	0.128499
3425.81	0.124627
3496.44	0.121194
3562.07	0.118123
3622.34	0.115385
3675.25	0.113064
3724.95	0.11095
3764.78	0.109212
3802.59	0.10765
3835.04	0.106333
3863.21	0.105209
3888.28	0.104223
3911.58	0.103324
3932.81	0.102513
3952.57	0.101766
3971.5	0.101059
3988.73	0.100422
4006.6	0.0997694
4020.28	0.0992671
4036	0.0986985
4053.57	0.0980678
4072.08	0.0974105
4092.28	0.0967003
4114.71	0.0959202
4140.07	0.0950463
4170.4	0.0940214
4207.21	0.092816
4238.42	0.091786
4281.87	0.090492
4330.89	0.0897853
4387.07	0.0945316
4449.36	0.13374
4538.22	0.277762
4629.14	0.388389
4707.86	0.46618
4778.01	0.545063
4840.6	0.646039
4824.02	0.436384
4807.3	0.243302
4802.07	0.12682
2558.85	0.173701
2558.75	0.171936
2558.95	0.168721
2685.17	0.165432
2795.22	0.159918
2887.19	0.154384
2986.98	0.148529
3081.63	0.142978
3174.78	0.137789
3261.43	0.133068
3343.99	0.128774
3421.85	0.124852
3490.48	0.121535
3556.79	0.118455
3614.61	0.115723
3673.17	0.11313
3728.19	0.110784
3764.58	0.10921
3800.24	0.107752
3832.15	0.106459
3860.58	0.105325
3885.31	0.104342
3909.71	0.103397
3931.4	0.102567
3951.33	0.101813
3969.95	0.101117
3987.3	0.100473
4004.18	0.0998533
4020.24	0.0992667
4037.81	0.0986337
4054.41	0.0980383
4073.06	0.0973781
4093.58	0.0966591
4116.04	0.0958823
4139.97	0.0950513
4169.95	0.0940353
4206.12	0.0928439
4246.15	0.0915632
4286.43	0.0903451
4335.48	0.0896375
4391.89	0.094324
4454.14	0.133232
4542.17	0.277051
4632.72	0.388424
4711.4	0.466462
4781.66	0.545335
4844.35	0.646227
4827.9	0.43595
4811.31	0.24233
4806.22	0.126446
2558.92	0.173699
2558.74	0.171951
2558.16	0.168835
2678.31	0.16583
2789.15	0.160292
2893.66	0.154058
2986.94	0.148605
3075.4	0.143389
3173.36	0.137933
3256.12	0.133425
3338.93	0.12918
3412.02	0.125339
3486.64	0.1217
3553.44	0.118531
3613.56	0.115752
3669.57	0.113275
3720.18	0.1111
3762.3	0.109304
3799.94	0.107756
3831.18	0.106481
3859.08	0.105368
3885.34	0.104342
3908.2	0.103458
3929.85	0.102631
3949.99	0.101869
3968.73	0.101167
3985.85	0.100531
4000.58	0.0999862
4019.1	0.0993129
4037.03	0.0986647
4054.96	0.0980229
4072.88	0.0973852
4093.83	0.0966481
4116.26	0.0958693
4140.89	0.0950261
4167.13	0.0941315
4205.52	0.0928676
4246.17	0.0915601
4288.52	0.0903474
4338.31	0.089599
4395.22	0.094309
4457.32	0.133154
4544.32	0.276719
4633.83	0.389037
4712.7	0.467096
4783.34	0.545722
4846.26	0.646392
4829.97	0.435497
4813.52	0.241471
4808.54	0.126172
2558.86	0.173699
2558.82	0.171943
2558.52	0.168814
2679.5	0.165799
2787.47	0.160315
2892.72	0.154089
2986.26	0.148559
3083.28	0.14309
3165.05	0.138383
3250.67	0.133764
3336.15	0.129244
3412.94	0.125285
3485.31	0.121738
3551.41	0.118603
3611.36	0.115846
3666.3	0.113409
3715.87	0.111267
3760.05	0.109396
3801.94	0.107686
3829.88	0.106534
3855.92	0.105495
3882.97	0.104434
3906.83	0.103508
3928.91	0.102664
3949.55	0.101885
3969.24	0.10115
3984.84	0.100566
4001.6	0.0999486
4019.14	0.0993101
4036.99	0.0986652
4055.45	0.0980043
4075.28	0.097303
4094.88	0.0966146
4117.06	0.0958501
4140.12	0.0950546
4172.63	0.0939725
4207.02	0.0928283
4249.41	0.0914838
4297.38	0.0902672
4339.66	0.0901751
4397.76	0.0959842
4459.39	0.137286
4544.92	0.277987
4631.29	0.391486
4711.63	0.468433
4783.23	0.546267
4846.57	0.646543
4830.43	0.435073
4814.11	0.240783
4809.21	0.126002
2558.56	0.173713
2558.85	0.171922
2560.2	0.168638
2692.48	0.165147
2786.56	0.160246
2880.5	0.15475
2983.22	0.148788
3080.25	0.143163
3170.74	0.13799
3260.71	0.133184
3337.11	0.129129
3413.09	0.125356
3484.91	0.121767
3550.19	0.118668
3608.89	0.115953
3663.29	0.113539
3712.14	0.111423
3755.59	0.109584
3794.61	0.107976
3827.08	0.106649
3856.31	0.105486
3880.9	0.104521
3904.84	0.103598
3926.29	0.102768
3947.38	0.101968
3966.73	0.101242
3984.37	0.100585
4001.14	0.0999665
4019	0.0993131
4036.78	0.0986705
4055.1	0.0980148
4074.25	0.0973357
4094.36	0.0966276
4117.53	0.0958246
4143.26	0.094939
4174.69	0.0938833
4212.49	0.0926895
4252.03	0.0916192
4298.37	0.0911827
4349.22	0.094516
4400.52	0.11489
4460.39	0.184823
4544.31	0.295161
4620.51	0.398348
4708.69	0.470338
4781.93	0.546712
4845.57	0.646688
4829.49	0.435065
4813.23	0.240552
4808.38	0.125971
2557.69	0.17379
2557.52	0.172052
2557.03	0.168956
2674.85	0.166019
2780.37	0.160724
2881.73	0.154745
2982.66	0.14878
3080	0.143113
3172.68	0.137876
3261.08	0.133111
3342.18	0.128846
3417.96	0.125033
3485.72	0.121712
3550.2	0.118741
3605.45	0.116124
3660.74	0.113669
3708.97	0.111568
3751.02	0.109783
3789.68	0.108194
3823.78	0.106805
3853.24	0.105605
3879.87	0.104553
3903.85	0.103622
3925.83	0.102778
3946.54	0.101994
3965.93	0.101267
3984.1	0.100591
4002.48	0.0999168
4019.35	0.099301
4036.89	0.0986692
4055.26	0.0980142
4074.09	0.0973479
4093.07	0.0966765
4118.23	0.0958087
4144.02	0.0949236
4174.25	0.0938917
4210.77	0.0926924
4251.22	0.0914066
4297.37	0.0901404
4348.16	0.0898199
4401.34	0.0964005
4461.98	0.134887
4544.11	0.272356
4630.35	0.388727
4709.97	0.467062
4780.76	0.545821
4843.55	0.646831
4827.23	0.436033
4810.96	0.240893
4806.15	0.12602
2556.69	0.173874
2556.22	0.172168
2555.06	0.169129
2668.3	0.166275
2776.45	0.160975
2880.83	0.15486
2982.48	0.148792
3080.62	0.143063
3174.61	0.13777
3264.06	0.132944
3347.55	0.1286
3421.8	0.124805
3489.98	0.121481
3554.38	0.118485
3609.71	0.115942
3660.13	0.113745
3705.13	0.111772
3749.8	0.109839
3788.09	0.108239
3822.13	0.106851
3851.76	0.105659
3878.54	0.104605
3902.39	0.103677
3924.62	0.102824
3945.48	0.102034
3965.32	0.101291
3983.04	0.100632
4001.2	0.0999658
4018.74	0.099326
4037.04	0.0986616
4055.79	0.0979901
4075.31	0.0972976
4096.23	0.0965624
4120.21	0.0957333
4145.98	0.0948531
4171.42	0.0939848
4209.58	0.0927321
4249.75	0.0914333
4297.27	0.0900813
4350.33	0.0896402
4410.65	0.0966413
4461.78	0.131581
4543.36	0.263847
4632.39	0.382663
4709.46	0.463764
4778.21	0.544646
4839.91	0.64702
4823.36	0.436502
4807.21	0.240072
4802.59	0.125634
2555.88	0.173937
2555.32	0.172238
2554.09	0.1692
2665.64	0.166358
2774.41	0.161088
2880.07	0.154932
2982.6	0.148796
3081.59	0.143006
3176.77	0.137645
3268.25	0.132714
3357.11	0.128165
3426.45	0.124549
3492.67	0.121398
3553.68	0.118537
3612.53	0.115807
3664.12	0.113502
3711.43	0.111465
3750.38	0.109811
3786.55	0.108312
3821.04	0.106897
3849.73	0.105738
3877.15	0.104663
3900.05	0.10377
3922.74	0.102903
3943.87	0.102102
3962.47	0.101397
3982.05	0.100668
4000.62	0.0999841
4018.9	0.0993168
4037.6	0.0986412
4056.92	0.0979502
4076.99	0.0972382
4098.66	0.096478
4123.28	0.0956276
4148.82	0.0947565
4177.52	0.0937929
4210.84	0.0927029
4245.99	0.0915782
4297.22	0.0901906
4351.07	0.0900276
4409.99	0.0981596
4471.57	0.15283
4544.5	0.256151
4631.8	0.376484
4706.7	0.459893
4773.38	0.543053
4833.74	0.647302
4817.44	0.433858
4801.94	0.234002
4797.9	0.123714
2555.35	0.173975
2554.8	0.172274
2553.65	0.169225
2664.61	0.166384
2773.59	0.161127
2879.88	0.154956
2983.01	0.148786
3082.56	0.142962
3178.27	0.137572
3270.27	0.132614
3359.81	0.128042
3429.91	0.12438
3497.2	0.121124
3559.9	0.118192
3617.34	0.115577
3667.27	0.113347
3712.5	0.111395
3752.87	0.109688
3790.81	0.108131
3821.92	0.106874
3845.54	0.105915
3873.04	0.104836
3898.52	0.103838
3921.46	0.102953
3942.59	0.102149
3962.27	0.101407
3981.44	0.100693
4000.21	0.100001
4019.04	0.0993144
4038.42	0.0986146
4058.67	0.0978922
4078.97	0.097173
4100.55	0.0964196
4123.02	0.0956346
4150.28	0.0947051
4180.35	0.0936993
4214.48	0.0926088
4253.3	0.0915533
4300.16	0.0911187
4352.56	0.0943127
4410.51	0.109549
4470.75	0.154314
4545.58	0.279943
4628.87	0.371879
4701.5	0.453604
4765.6	0.539364
4823.41	0.647581
4809.12	0.41856
4795.59	0.218707
4792.59	0.118523
2555.11	0.17399
2554.58	0.172285
2553.52	0.169227
2664.4	0.166381
2773.59	0.161123
2880.26	0.154943
2983.76	0.148758
3083.55	0.142927
3179.12	0.137549
3269.97	0.132647
3355.13	0.128233
3430.87	0.124362
3500.92	0.120957
3566	0.117927
3624.34	0.115271
3669.98	0.113227
3713.56	0.111367
3753.23	0.1097
3787.36	0.108261
3820.16	0.106925
3847.75	0.105813
3874.04	0.104779
3898.54	0.103826
3921.11	0.102959
3942.07	0.102162
3961.81	0.10142
3980.84	0.100712
3999.57	0.100022
4018.63	0.0993261
4038.76	0.0985985
4061.6	0.0977866
4080.65	0.0971098
4101.79	0.0963717
4125.37	0.0955585
4152.4	0.0946504
4183.11	0.0936891
4217.98	0.0928995
4257.62	0.0934508
4302.92	0.100846
4352.88	0.135252
4409.49	0.202981
4477.11	0.274633
4557.11	0.349332
4622.33	0.390565
4694.07	0.444073
4754.87	0.519567
4804.38	0.622744
4799.16	0.36074
4790.59	0.196283
4787.61	0.110255
2555.13	0.173987
2554.61	0.172279
2553.6	0.169212
2664.72	0.166357
2774.22	0.161088
2881.22	0.154895
2985	0.148699
3084.91	0.142864
3180.33	0.137494
3270.56	0.132612
3354.77	0.128219
3432.18	0.124303
3504.22	0.12081
3573.43	0.117624
3623.79	0.115269
3673.91	0.113066
3716.16	0.111228
3754.45	0.109616
3788.55	0.108201
3819.75	0.106934
3847.76	0.105812
3873.78	0.104787
3897.91	0.103849
3920.23	0.102992
3941.12	0.102198
3960.9	0.101454
3979.89	0.100747
3998.44	0.100063
4017.51	0.0993669
4037.29	0.0986519
4058.32	0.0979012
4079.71	0.0971445
4101.24	0.0963882
4124.93	0.0955682
4151.88	0.0946509
4182.92	0.0936219
4218.07	0.0925189
4257.35	0.0914789
4302.08	0.0911416
4353.05	0.0946726
4410.47	0.11048
4471.35	0.155063
4550.81	0.281638
4629.9	0.387572
4694.19	0.447166
4755.02	0.536101
4811.17	0.647756
4797.14	0.408618
4786.12	0.21162
4783.47	0.115562
2555.38	0.173967
2554.87	0.172256
2553.85	0.169181
2665.49	0.166314
2775.45	0.161021
2882.82	0.154808
2986.86	0.148599
3086.93	0.142759
3182.37	0.137391
3272.38	0.132519
3356.1	0.128141
3433.56	0.124244
3504.94	0.120794
3569.41	0.117773
3625.54	0.115185
3680.6	0.112795
3717.86	0.111147
3755.29	0.109594
3788.41	0.108221
3818.66	0.106989
3846.29	0.10588
3872.35	0.104852
3896.49	0.103912
3918.65	0.103058
3939.62	0.102259
3959.61	0.101507
3978.72	0.100796
3996.59	0.100134
4016.02	0.0994224
4035.44	0.098719
4056.09	0.0979787
4080.57	0.0971186
4100.97	0.0963976
4124.18	0.0956
4150.72	0.094711
4182.65	0.0937218
4218.61	0.092835
4256.74	0.0921831
4300.36	0.0914221
4351.05	0.0953186
4408.42	0.110163
4470.87	0.146687
4542.82	0.249948
4623.94	0.364384
4688.09	0.453497
4750.57	0.536896
4807.15	0.647779
4793.25	0.410359
4782.52	0.213226
4780.22	0.119133
2555.88	0.173931
2555.36	0.172216
2554.3	0.169135
2666.77	0.166249
2777.39	0.160921
2885.17	0.154677
2989.44	0.14845
3089.73	0.142601
3185.48	0.137231
3275.69	0.132361
3358.59	0.128004
3435.7	0.124136
3507.18	0.120709
3568.35	0.117805
3623.07	0.115303
3673.26	0.113096
3716.46	0.111214
3758.6	0.109456
3788.85	0.108193
3818.03	0.107015
3844	0.105968
3871.05	0.104898
3895.7	0.10394
3916.89	0.103123
3938.1	0.102317
3958.5	0.101549
3978.02	0.100821
3997.32	0.10011
4014.83	0.0994685
4033.15	0.0988072
4051.36	0.0981519
4074.93	0.0973199
4097.39	0.0965303
4120.63	0.0957258
4144.16	0.0949128
4179.39	0.0937629
4217.07	0.0927985
4260.72	0.0941492
4296.81	0.103627
4346.49	0.143462
4402.05	0.207508
4468.88	0.276899
4544.66	0.352254
4621.07	0.40841
4691.51	0.472988
4742.64	0.52441
4792.45	0.623267
4786.91	0.358926
4779.66	0.207365
4777.82	0.132099
2556.63	0.173875
2556.09	0.172156
2554.98	0.169067
2668.73	0.166158
2780.26	0.16078
2888.42	0.154495
2992.75	0.148246
3093.22	0.142386
3189.77	0.136994
3281.54	0.132095
3361.79	0.127811
3438.2	0.123985
3514.34	0.120391
3568.37	0.117812
3619.91	0.115477
3667.84	0.113359
3711.29	0.111473
3751.16	0.109785
3785.56	0.108346
3816.61	0.107077
3845.35	0.105926
3869.08	0.104984
3891.21	0.104117
3915.46	0.103186
3936.46	0.102377
3957.62	0.101579
3977.09	0.100853
3995.66	0.100166
4013.78	0.099503
4032.14	0.0988377
4051.23	0.0981519
4072.45	0.0974001
4094.85	0.0966131
4118.84	0.095779
4145.47	0.0948639
4177.61	0.093791
4214.02	0.0926373
4250.05	0.0917673
4292.55	0.0918631
4341.8	0.0957879
4398.11	0.111084
4458.11	0.152411
4535.04	0.275534
4618.07	0.381545
4689.83	0.463919
4752.69	0.552492
4804	0.647706
4789.53	0.414383
4777.82	0.215775
4775.35	0.120429
2557.64	0.173797
2557.11	0.172069
2555.99	0.168969
2671.73	0.166032
2784.62	0.160585
2892.87	0.15425
2996.68	0.147997
3096.77	0.142136
3194.47	0.136672
3294.13	0.131459
3363.76	0.127675
3435.72	0.124164
3504.55	0.120897
3565.17	0.118039
3617.33	0.115618
3664.71	0.113505
3707.39	0.111646
3748.06	0.109898
3783.67	0.108413
3815.34	0.10712
3844.3	0.105964
3868.04	0.105023
3889.92	0.10416
3915.14	0.103192
3937.56	0.102337
3957.22	0.101596
3976.29	0.100886
3994.21	0.100223
4012.71	0.0995425
4031.11	0.0988746
4050.17	0.0981903
4070.51	0.0974669
4092.96	0.0966785
4117.19	0.0958357
4144.56	0.0948986
4175.44	0.0938626
4211.71	0.0926944
4242.78	0.0917074
4292.3	0.0904107
4333.97	0.0900107
4391.05	0.0937414
4452.84	0.120189
4521.3	0.23174
4611.9	0.359854
4686.14	0.443524
4749.34	0.528242
4800.39	0.646963
4789.11	0.398419
4776.39	0.214753
4773.28	0.118245
2558.9	0.173695
2558.44	0.171946
2557.46	0.168813
2676.37	0.165825
2791.67	0.160283
2899.15	0.153914
3001.07	0.147748
3098.84	0.142039
3192.84	0.136801
3282.29	0.132041
3360.17	0.127889
3433.39	0.124218
3502.88	0.120872
3570.49	0.117751
3617.63	0.115545
3663.81	0.113517
3707.44	0.111643
3745.51	0.110023
3781.51	0.108537
3812.95	0.107256
3841.12	0.106112
3867.58	0.105048
3892.18	0.10408
3915.41	0.103184
3937.12	0.102357
3957.23	0.101598
3976.29	0.100887
3994.31	0.100221
4011.91	0.0995718
4030.12	0.0989134
4048.99	0.0982372
4068.14	0.0975534
4091.47	0.0967328
4115.12	0.0959132
4141.11	0.0950245
4171.03	0.0940046
4205.36	0.0928683
4245.62	0.0915939
4283.84	0.0904999
4329.75	0.0897487
4384.05	0.0927509
4444.32	0.121578
4515.49	0.247734
4605.98	0.373156
4682.07	0.455881
4748.25	0.539418
4806.81	0.646412
4790.54	0.431301
4775.09	0.232423
4770.91	0.123994
2560.33	0.173574
2560	0.171782
2559.43	0.168549
2683.4	0.165421
2804.57	0.159655
2908.33	0.153357
3006.35	0.147427
3100.83	0.141943
3191.43	0.136888
3277.29	0.132275
3356.24	0.128126
3429.58	0.12443
3497.79	0.121127
3560.46	0.118198
3613.77	0.115729
3662.09	0.113582
3706.46	0.11167
3745.37	0.110033
3779.97	0.108573
3814.38	0.107167
3844.16	0.105966
3870.93	0.10491
3894.11	0.104003
3916.04	0.103157
3937.57	0.102339
3957.77	0.101577
3976.88	0.100864
3995.04	0.100194
4011.24	0.0995996
4028.66	0.0989683
4047.24	0.0983003
4068.94	0.0975321
4088.84	0.0968258
4111.76	0.0960329
4134.25	0.095252
4165.93	0.0941818
4197.34	0.0931257
4240.14	0.0917687
4286.44	0.0905403
4330.25	0.090499
4376.05	0.0940856
4434.41	0.127427
4508.17	0.26443
4598.98	0.381424
4676.69	0.461411
4744.99	0.542518
4806.02	0.645878
4788.87	0.438104
4772.32	0.243924
4767.21	0.127519
2561.79	0.173457
2561.51	0.171621
2561.39	0.168216
2691.93	0.164724
2832.85	0.157978
2920.57	0.152451
3011.88	0.147071
3102.87	0.141905
3190.45	0.137035
3274.5	0.132515
3352.94	0.128408
3425.73	0.124726
3492.94	0.121444
3554.52	0.118537
3609.72	0.115983
3659.3	0.113786
3703.37	0.111829
3745.81	0.110021
3783.47	0.108447
3816.61	0.107084
3846.78	0.105872
3875.15	0.104756
3896.16	0.103926
3915.32	0.103181
3938.49	0.102301
3958.88	0.101532
3978.37	0.100806
3995.5	0.100175
4011.95	0.099574
4028.58	0.0989684
4047.85	0.0982793
4065.06	0.0976625
4087.81	0.096864
4111.21	0.0960493
4136.21	0.0951889
4164.69	0.0942295
4195.46	0.0931888
4235.9	0.0919081
4280.1	0.0907556
4329.34	0.0912324
4372.45	0.100631
4424.53	0.141525
4491.67	0.278865
4589.66	0.386621
4669.35	0.463962
4738.97	0.543523
4801.07	0.645469
4783.83	0.439483
4766.87	0.247885
4761.3	0.129108
2563.23	0.173375
2562.53	0.171589
2561.33	0.168341
2688.62	0.165129
2813.56	0.159174
2923.39	0.152552
3014.9	0.146886
3106.58	0.141748
3191.05	0.136993
3276.25	0.132355
3353.99	0.128279
3425.97	0.124649
3492.23	0.12142
3553.83	0.118569
3608.81	0.115974
3660.67	0.113657
3706.82	0.11164
3749.51	0.109831
3790.18	0.108159
3820.02	0.106926
3849.38	0.105761
3877.34	0.104668
3899.52	0.103797
3920.64	0.102986
3940.51	0.102228
3959.66	0.10151
3977.04	0.100859
3994.06	0.100226
4012.12	0.0995638
4029.53	0.0989312
4047.72	0.0982779
4066.44	0.0976099
4087.5	0.096869
4110.43	0.0960703
4135.61	0.095204
4163.24	0.094266
4194.85	0.0932198
4232.49	0.0921054
4273.79	0.0913893
4322.54	0.0928484
4374.43	0.105454
4416.26	0.148442
4494.96	0.276015
4582.83	0.386559
4660.55	0.464522
4730.21	0.543787
4792.75	0.645168
4775.53	0.439763
4758.44	0.249537
4752.7	0.129924
2565.06	0.173273
2563.74	0.171547
2561.25	0.168412
2686.34	0.165308
2807.27	0.159531
2918.91	0.15298
3019.16	0.146814
3113.64	0.141304
3202.85	0.136303
3280.79	0.132067
3355.82	0.128236
3425.18	0.124779
3494.42	0.12132
3556.19	0.118392
3611.42	0.115833
3662.7	0.113553
3708.88	0.111548
3750.69	0.109778
3789	0.108197
3820.21	0.106912
3851.03	0.105686
3881.67	0.104492
3902.89	0.103662
3923.34	0.102877
3943.67	0.102107
3961.35	0.10144
3979.2	0.100773
3996.01	0.100152
4013.12	0.0995262
4030.31	0.0989027
4048.16	0.0982615
4067.04	0.0975895
4087.35	0.0968734
4109.92	0.0960876
4135.59	0.0952087
4161.31	0.0943392
4192.23	0.0933429
4220.64	0.0924571
4265.91	0.0913162
4313.58	0.09187
4364.53	0.103106
4415.86	0.168543
4488.54	0.29015
4570.74	0.388601
4648.14	0.465107
4718.16	0.543986
4781.09	0.644986
4763.94	0.439628
4746.86	0.250009
4741.14	0.130383
2567.87	0.173095
2565.78	0.171418
2561.92	0.168326
2686.9	0.165208
2808.2	0.1594
2923.05	0.152778
3025.83	0.146484
3122.05	0.14085
3204.36	0.136159
3283.38	0.131967
3363.01	0.127812
3437.02	0.124125
3498.78	0.121083
3559.79	0.118269
3612.7	0.115808
3664.74	0.113475
3710.43	0.11149
3750.79	0.109779
3785.8	0.10832
3816.95	0.107042
3849.43	0.105755
3879.18	0.104587
3904.05	0.103616
3926.68	0.102746
3949.26	0.101896
3965.89	0.101269
3981.71	0.100683
3997.37	0.100103
4014.24	0.0994878
4031.08	0.098877
4048.68	0.0982451
4067.76	0.0975676
4086.99	0.0968909
4108.81	0.0961364
4131.51	0.0953557
4157.08	0.0944983
4185.16	0.093615
4219.49	0.0927918
4260.41	0.0930656
4306.08	0.0994198
4355.97	0.131666
4413.75	0.212674
4487.15	0.325856
4548.04	0.398733
4631.28	0.466867
4702.56	0.544331
4765.94	0.644965
4748.95	0.4389
4732.01	0.249161
4726.49	0.1304
2572.41	0.172785
2569.25	0.171172
2563.51	0.168128
2689.8	0.164954
2813.46	0.158982
2936.42	0.151984
3035.61	0.145887
3121.79	0.140835
3210.88	0.135822
3293.08	0.131384
3370.76	0.127372
3442.31	0.123798
3506.89	0.120661
3567.24	0.11786
3622.17	0.115372
3668	0.113338
3712.43	0.111442
3751.62	0.109775
3782.2	0.108489
3808.45	0.107395
3847.1	0.105863
3878.6	0.104614
3904.93	0.103584
3928.06	0.102695
3949.15	0.101897
3967.49	0.101209
3983.6	0.100609
3999.64	0.100019
4015.47	0.099443
4031.25	0.0988703
4047.94	0.0982727
4064.75	0.0976719
4084.39	0.0969788
4105.72	0.0962375
4127.69	0.0954852
4150.54	0.0947034
4174.85	0.0938788
4211.72	0.0927119
4251.35	0.0916962
4295.31	0.0919845
4344.21	0.100642
4397.44	0.149599
4474.19	0.299017
4551.01	0.403645
4614.34	0.468015
4684.06	0.54441
4747.08	0.645185
4730.43	0.436551
4713.81	0.245394
4708.82	0.129327
2579.72	0.172263
2574.92	0.170767
2566.12	0.167884
2693.97	0.164773
2817.19	0.158887
2933.9	0.152213
3037.92	0.145881
3131.31	0.140306
3219.79	0.135341
3302.41	0.130902
3379.46	0.126936
3449.23	0.123446
3513.81	0.120341
3574.69	0.117531
3625.61	0.115207
3674.15	0.113096
3715.38	0.111329
3751.46	0.109778
3787.08	0.108286
3818.93	0.106989
3848.37	0.1058
3880.17	0.104552
3906.52	0.103524
3929.44	0.102643
3950.26	0.101854
3970.26	0.101106
3984.94	0.100559
4000.05	0.100005
4014.66	0.0994699
4031.26	0.0988705
4046.12	0.0983359
4064.22	0.0976933
4082.08	0.0970654
4101.2	0.0963963
4121.51	0.0956879
4145.71	0.0948576
4172.64	0.0939451
4205.42	0.0928737
4242.6	0.0917707
4284.2	0.0913268
4330.44	0.0967228
4384.83	0.137932
4466.17	0.287693
4534.99	0.391523
4606.2	0.472238
4661.42	0.544683
4723.24	0.645683
4708.24	0.426877
4692.47	0.23254
4688.46	0.125688
2591.35	0.171392
2584.16	0.170068
2570.62	0.167413
2701.32	0.164359
2825.22	0.158451
2941.09	0.151773
3047.25	0.145397
3141.58	0.13978
3229.94	0.134848
3312.32	0.130431
3390.21	0.126432
3455.91	0.123164
3518.94	0.120178
3576.49	0.117482
3630.18	0.115055
3675.79	0.112991
3721.97	0.111007
3761.1	0.109348
3796.44	0.107888
3827.99	0.106611
3855.23	0.105519
3884.17	0.10439
3909	0.103426
3930.92	0.102586
3950.68	0.101838
3968.63	0.101166
3984.45	0.100579
3999.65	0.10002
4014.64	0.0994719
4029.89	0.0989196
4045.84	0.0983469
4060.8	0.0978127
4077.46	0.097222
4097.14	0.096532
4117.65	0.0958176
4141.39	0.0950035
4168.29	0.0940939
4198.89	0.093083
4234.03	0.0920111
4273.27	0.0914032
4311.96	0.0942079
4371.48	0.119185
4433.56	0.230833
4512.42	0.364575
4584.92	0.445032
4646.53	0.526451
4691.1	0.621537
4683.15	0.3819
4669.98	0.211607
4666.03	0.120063
2609.59	0.17001
2599.22	0.168917
2578.85	0.166534
2713.96	0.163547
2838.93	0.157635
2954.9	0.150942
3064.68	0.144407
3153.54	0.13913
3241.32	0.134367
3321.62	0.130086
3395.74	0.126178
3463.22	0.122803
3526.39	0.119834
3584.64	0.117069
3638.96	0.114615
3686.71	0.112503
3730.65	0.110625
3769.87	0.10898
3805.3	0.107526
3837.46	0.106233
3865.75	0.105108
3889.29	0.104186
3911.88	0.103317
3932.54	0.102528
3951.39	0.101815
3968.62	0.101165
3984.43	0.100578
3999.3	0.10003
4013.61	0.0995077
4027.73	0.0989963
4043.4	0.0984312
4059.38	0.0978599
4077.42	0.0972237
4094.59	0.0966218
4113.32	0.0959671
4137.14	0.0951506
4163.89	0.0942492
4191.96	0.0933267
4225.9	0.0923184
4261.28	0.0916137
4305.02	0.0939278
4357.79	0.118001
4415.84	0.233667
4499.88	0.368048
4561.27	0.444575
4622.94	0.530908
4678.06	0.644659
4661.19	0.429612
4647.69	0.233903
4641.21	0.133038
2637.44	0.168033
2623.64	0.16723
2596.81	0.165086
2735.12	0.162054
2859.16	0.156361
2971.63	0.150005
3069.35	0.144039
3168.83	0.138325
3260.02	0.133308
3333.04	0.129367
3402.43	0.125805
3474.55	0.122254
3538.37	0.119203
3596.16	0.116523
3648.81	0.114162
3696.15	0.112093
3739.04	0.110267
3777.76	0.108652
3813.16	0.107207
3846.97	0.105864
3869.03	0.10497
3893.68	0.104014
3915.51	0.103172
3935.14	0.102423
3953.07	0.101746
3969.25	0.10114
3984.7	0.100567
3998.59	0.100057
4012.73	0.0995388
4026.85	0.0990262
4041.72	0.0984907
4057.38	0.0979311
4074.04	0.0973409
4091.94	0.0967119
4112.46	0.0960012
4133.12	0.0952955
4156.7	0.0944936
4183.69	0.0935838
4215.26	0.092584
4251.25	0.0917692
4293.48	0.0933778
4342.45	0.112458
4394	0.210313
4471.63	0.352103
4531.34	0.450746
4594.88	0.53749
4653.17	0.646968
4636.22	0.44887
4625.17	0.319825
4611.76	0.160962
2678.07	0.16553
2660.18	0.165166
2620.57	0.163665
2768.68	0.160472
2894.79	0.154305
3002.75	0.14795
3103.72	0.141963
3187.77	0.13718
3265.2	0.13287
3347.55	0.128583
3420.27	0.124873
3488.44	0.12155
3550.6	0.11861
3607.1	0.116018
3658.39	0.113734
3704.72	0.111722
3746.56	0.109948
3784.29	0.108382
3818.36	0.106995
3848.95	0.105773
3874.41	0.104762
3897.96	0.103847
3918.9	0.103041
3937.44	0.102334
3954.99	0.101674
3969.54	0.10113
3983.37	0.100616
3998.02	0.100076
4012.07	0.0995627
4025.83	0.0990627
4040.28	0.0985421
4055.85	0.0979863
4071.3	0.0974384
4088.97	0.0968206
4106.87	0.0961915
4127.73	0.0954719
4151.35	0.0946696
4174.83	0.0938797
4204.64	0.0929159
4239.81	0.0920519
4279.88	0.0931527
4325.17	0.109138
4372.72	0.198199
4444.9	0.347866
4508.08	0.447637
4561.1	0.537095
4616.46	0.648582
4597.18	0.452205
4580.97	0.286696
4574.35	0.144143
2735.13	0.16259
2717.19	0.162642
2661.59	0.161628
2822.03	0.157677
2945.49	0.151219
3037.07	0.145761
3120.37	0.140739
3209.62	0.135847
3289.6	0.131512
3366.11	0.127568
3436.87	0.124026
3502.43	0.120858
3562.58	0.11804
3617.44	0.115544
3667.28	0.113338
3712.4	0.11139
3753.13	0.10967
3789.82	0.108153
3822.78	0.106815
3852.27	0.105637
3878.35	0.104609
3901.98	0.103693
3922.29	0.102912
3938.77	0.102285
3953.99	0.101711
3969.68	0.101124
3983.84	0.100598
3997.82	0.100083
4011.89	0.0995696
4024.73	0.0991027
4038.76	0.0985988
4052.39	0.098109
4068.12	0.0975496
4084.85	0.0969604
4102.72	0.0963346
4122.68	0.0956442
4145	0.0948817
4169.8	0.094048
4193.06	0.0932762
4228.27	0.0923052
4265.87	0.0925225
4307.15	0.101802
4350.3	0.160584
4412.61	0.317378
4467.3	0.431126
4515.76	0.532716
4566.38	0.650413
4549.92	0.439256
4534.03	0.239571
4533.34	0.129201
2808.08	0.159175
2809.99	0.159189
2824.78	0.158188
2909.55	0.153283
2993.66	0.148135
3075.74	0.143241
3155.62	0.13865
3235.61	0.134309
3311.95	0.130281
3384.63	0.126583
3452.69	0.123225
3515.79	0.120206
3573.83	0.117509
3626.9	0.115112
3675.2	0.112986
3719.03	0.111103
3758.67	0.109436
3794.38	0.107964
3826.39	0.106667
3855.21	0.105518
3881.41	0.104489
3906.46	0.103524
3922.51	0.102901
3940.03	0.102236
3955.9	0.101638
3970.26	0.101102
3983.81	0.100599
3997.3	0.100104
4010.24	0.0996303
4023.7	0.0991399
4037.15	0.0986545
4050.9	0.0981613
4065.77	0.0976324
4081.79	0.0970667
4099.14	0.0964592
4118.32	0.0957941
4139.62	0.0950636
4163.17	0.0942667
4188.8	0.0934187
4219.09	0.092528
4253.12	0.0922002
4290.42	0.0963965
4329.98	0.126517
4372.31	0.242906
4419.2	0.377712
4460.57	0.473894
4494.55	0.553539
4496.39	0.348299
4493.54	0.175645
4493.33	0.107467
2876.34	0.155343
2887.16	0.154849
2915.07	0.153118
2971.93	0.149376
3039.83	0.145181
3112.03	0.140975
3185.74	0.136874
3259.78	0.132921
3332.19	0.129175
3401.76	0.125687
3467.33	0.122493
3528.04	0.119612
3583.92	0.117034
3635.14	0.114735
3681.83	0.112691
3724.38	0.110871
3763.03	0.109252
3797.93	0.107818
3828.92	0.106564
3856.97	0.105449
3882.31	0.104455
3905.14	0.103571
3924.56	0.102825
3941	0.1022
3957.82	0.10157
3970.56	0.101093
3981.97	0.100667
3996.91	0.100117
4010.33	0.0996259
4023.26	0.0991554
4036.23	0.098687
4049.67	0.0982049
4064.06	0.0976928
4079.62	0.097143
4096.33	0.0965572
4114.86	0.0959135
4135.43	0.0952071
4158.3	0.0944349
4184.14	0.0936235
4210.87	0.0930193
4242.05	0.0935235
4275.66	0.099797
4310.81	0.126751
4347.98	0.177849
4380.34	0.236255
4419.85	0.349219
4444.92	0.414356
4447.3	0.21912
4454.87	0.124357
4456.41	0.0932267
2930.31	0.15186
2943.73	0.151073
2972.72	0.149241
3019.18	0.146272
3077.17	0.1428
3141.86	0.139141
3210.12	0.135436
3279.87	0.131779
3349.25	0.128249
3416.7	0.124917
3480.54	0.121846
3538.84	0.119092
3592.46	0.116632
3641.87	0.114428
3686.8	0.11247
3728.15	0.110709
3766	0.109128
3800.69	0.107709
3830.13	0.106518
3857.64	0.10543
3882.38	0.104459
3904.41	0.103604
3923.01	0.102886
3941.28	0.10219
3957.34	0.101585
3971.25	0.101065
3984.23	0.100583
3997.8	0.100084
4011.08	0.0995984
4023.38	0.0991508
4035.83	0.0987011
4048.9	0.0982326
4062.95	0.0977322
4078.49	0.0971833
4094.26	0.09663
4112.36	0.0960026
4132.33	0.095318
4154.28	0.094579
4176.92	0.0938258
4203.24	0.0929764
4231.92	0.0922499
4262.59	0.0922798
4294.66	0.0952809
4327.15	0.104899
4356.89	0.124854
4382.4	0.183897
4402.84	0.234472
4417.05	0.133733
4423.86	0.0966358
4426.43	0.0879129
2966.84	0.149292
2980.63	0.148425
3008.59	0.146685
3050.33	0.144157
3102.84	0.141137
3162.8	0.137841
3227.37	0.134409
3294.38	0.13095
3362.05	0.127553
3428.91	0.124295
3492.91	0.121267
3547.92	0.118657
3598.95	0.116328
3646.99	0.114197
3689.52	0.112361
3729.92	0.110653
3767	0.109106
3800.28	0.107737
3831.63	0.106459
3859.16	0.105362
3883.59	0.104404
3905.24	0.103565
3924.33	0.102832
3941.81	0.102169
3957.54	0.101576
3971.78	0.101044
3985.23	0.100546
3998.74	0.100049
4013.04	0.0995278
4023.95	0.0991296
4035.82	0.098702
4048.52	0.0982472
4062.11	0.0977641
4075.76	0.0972792
4092.09	0.0967053
4109.77	0.0960899
4129.1	0.0954238
4150.16	0.0947057
4172.84	0.0939403
4197.82	0.0931116
4224.78	0.0922506
4253.27	0.0914442
4282.62	0.0909603
4311.77	0.0914141
4339.07	0.0942263
4363.1	0.104727
4381.8	0.116713
4394.75	0.0959725
4402.17	0.0885513
4405.52	0.0868907
2985.15	0.147895
2998.84	0.147027
3026.02	0.145374
3065.77	0.143055
3115.85	0.140258
3173.55	0.137148
3236.33	0.133858
3302.09	0.130496
3369.35	0.127143
3437.52	0.123845
3507.78	0.1206
3554.54	0.118345
3602.14	0.116212
3645.85	0.114235
3690.97	0.112288
3731.69	0.110558
3768.65	0.109016
3802.11	0.107645
3832.66	0.106414
3859.95	0.105329
3884.21	0.104379
3905.73	0.103545
3924.87	0.102811
3942.12	0.102156
3957.74	0.101569
3972.04	0.101035
3985.53	0.100535
3998.71	0.10005
4011.66	0.0995775
4023.46	0.0991478
4035.4	0.0987168
4047.91	0.0982679
4061.19	0.0977946
4075.31	0.0972942
4091.12	0.0967392
4108.48	0.0961345
4127.47	0.0954791
4148.17	0.094772
4170.62	0.0940133
4194.99	0.0932004
4221.09	0.0923434
4248.47	0.0914661
4276.42	0.0906175
4303.94	0.0898998
4329.7	0.0895529
4352.35	0.0901886
4370.45	0.0912298
4383.23	0.0884356
4391.11	0.0872385
4394.83	0.086902
4015.15	0.0994483
4024.07	0.0991258
4035.89	0.0987005
4048.61	0.0982453
4062.44	0.097756
4073.67	0.0973619
4079.78	0.0971372
4094.32	0.0966302
4112.51	0.0960004
4132.52	0.0953168
4154.82	0.0945818
4175.73	0.0939682
4187.3	0.0937221
4210.79	0.0934239
4242.21	0.0951275
4275.65	0.107245
4309.47	0.161954
4347.26	0.312393
4375.2	0.410484
4415.32	0.419817
4431.77	0.472884
2710.03	0.164032
2787.04	0.160156
2862.91	0.155899
2899.33	0.153442
2985.73	0.148566
3083.69	0.143115
3147.17	0.13953
3178.63	0.137498
3255.57	0.133467
3339.28	0.129218
3394.64	0.126386
3424.52	0.124677
3489.86	0.121593
3556.98	0.118503
3599.16	0.11656
3623.66	0.115319
3674.7	0.113114
3724.73	0.110998
3752.86	0.109794
3770.67	0.108976
3805.79	0.107546
3838.22	0.106246
3854.47	0.105592
3862.96	0.105229
3838.06	0.106228
3851.36	0.105679
3875.7	0.10473
3899.76	0.103807
3919.17	0.103047
3939.3	0.102282
3956.65	0.101624
3973.52	0.100998
3985.45	0.100558
3991.62	0.100316
4006.21	0.0997841
4022.28	0.0992003
4038.61	0.0986138
4053.04	0.0980929
4069.16	0.0975196
4088.52	0.0968405
4109.22	0.0961222
4130.07	0.0954065
4133.7	0.0952681
4064.61	0.0976732
4081.21	0.0970914
4102.17	0.0963643
4125.82	0.0955554
4152.86	0.094673
4183.6	0.0938298
4218.51	0.0935955
4258.15	0.0966506
4303.1	0.11419
4350.71	0.184819
4408.75	0.342162
4477.02	0.468707
4555.94	0.502699
4621.95	0.540655
4693.02	0.55754
4753.63	0.584616
4800.27	0.620971
4799.6	0.552464
4060.28	0.0978276
4071.32	0.0974399
4078.14	0.0971978
4088.43	0.0968352
4105.46	0.0962487
4124.25	0.0956275
4145.02	0.0950866
4156.95	0.0951421
4171.92	0.0952129
4202.07	0.0991726
4235.98	0.122484
4274.27	0.214833
4295.03	0.396329
4324.38	0.435906
4384.74	0.504068
4441.3	0.552452
4501.05	0.572444
4538.61	0.576617
4576.86	0.575968
4623.88	0.623752
4619.74	0.467491
4610.28	0.368297
3853.34	0.105607
3865.06	0.105138
3873.27	0.104809
3889.83	0.104168
3912.98	0.103282
3933.71	0.102489
3953.32	0.101752
3965.52	0.101297
3972.33	0.101028
3988.67	0.100427
4006.42	0.09978
4020.59	0.0992589
4035	0.0987433
4041.34	0.0985066
4054.33	0.0980425
4073.2	0.097376
4093.77	0.096657
4116.49	0.0958794
4131.39	0.095376
4141.68	0.095007
4155.96	0.0945291
2898.01	0.154011
2921.91	0.152342
2953.9	0.150285
3014.19	0.146853
3106.59	0.141761
3186.69	0.137357
3219.98	0.13525
3279.24	0.132151
3355.87	0.12827
3420.68	0.125098
3447.66	0.123553
3497.61	0.121159
3559.66	0.118309
3608.32	0.116098
3628.45	0.115082
3667.1	0.113394
3712.36	0.11147
3746.75	0.110032
3757.13	0.109531
3786.41	0.108324
3818.91	0.107005
3843.02	0.106053
3848.83	0.105798
3667.4	0.11336
3702.08	0.111859
3744.79	0.11007
3784.48	0.108426
3820.27	0.106968
3850.56	0.105738
3876.87	0.104691
3900.06	0.103783
3922.54	0.102924
3939.95	0.102253
3956.96	0.101608
3973.65	0.100985
3989.64	0.100392
4005.63	0.0998061
4021.74	0.0992226
4034.87	0.0987528
4040.81	0.0985298
4054.39	0.0980486
4069.93	0.0974991
4081.51	0.097095
3879.83	0.104549
3897.49	0.103867
3916.48	0.103139
3934.14	0.102466
3950.46	0.10185
3965.66	0.101281
3977.55	0.100841
3982.37	0.100654
3992.95	0.100264
4006.43	0.0997717
4019.75	0.0992864
4033.29	0.0987965
4047.38	0.0982912
4062.19	0.0977652
4076.91	0.0972449
4092.63	0.0966929
4110.7	0.0960741
4128.01	0.0955063
4137.57	0.0951976
4156.18	0.0946704
4180.71	0.0943185
4199.12	0.0948019
3733.23	0.110538
3764.37	0.109229
3799.87	0.107783
3831.76	0.106493
3860.42	0.105355
3876.53	0.104716
3886.18	0.104311
3907.94	0.103475
3929.68	0.102644
3949.85	0.10188
3968.59	0.101177
3985.68	0.100541
4000.75	0.0999814
4019.07	0.099318
4037.06	0.0986686
4055.26	0.0980194
4071.18	0.0974599
4078.47	0.0971906
4094.83	0.096621
4117.24	0.0958542
4134.56	0.0952666
3856.65	0.105475
3873.06	0.104839
3880.48	0.104529
3898.38	0.103837
3917.66	0.103096
3935.22	0.102425
3951.34	0.101815
3966.24	0.101256
3980.15	0.100739
3993.56	0.100244
4006.47	0.0997731
4014.93	0.0994655
4019.19	0.0993038
4029.98	0.0989141
4042.34	0.0984704
4055.3	0.0980078
4068.25	0.0975473
4081.8	0.0970694
4096.05	0.0965716
4109.43	0.096107
3190.41	0.137012
3253.05	0.133569
3332.58	0.129459
3408.88	0.125611
3480.35	0.122107
3546.41	0.118963
3606.83	0.116171
3661.48	0.113715
3710.37	0.111572
3753.91	0.109712
3792.51	0.1081
3826.38	0.106713
3855.01	0.105554
3881.97	0.104491
3906.55	0.103537
3927.97	0.102713
3945.26	0.102051
3959.98	0.101497
3965.97	0.10127
4000.64	0.099982
4005.02	0.0998201
4008.64	0.0996857
4018.21	0.099341
4023.64	0.099144
4031.17	0.098871
4041.53	0.098504
4046.85	0.0983074
4058.67	0.0978906
4064.6	0.097676
4076.88	0.0972462
4087.39	0.0968834
4096.27	0.0965643
4111.67	0.096041
4119.5	0.0957642
4137.98	0.0951511
4148.9	0.0947688
4167.44	0.0941474
4189.76	0.0934649
4204.93	0.0929713
4233.89	0.0923086
4247.02	0.0923061
4278.2	0.0926879
4305.34	0.0975366
4335.61	0.10096
4376.81	0.126792
4391.22	0.133409
3940.49	0.102236
3945.99	0.102017
3960.51	0.101472
3975.53	0.100913
3989.93	0.100385
3995.84	0.100162
4005.8	0.0997964
4020.61	0.0992574
4036.27	0.0986932
4051.55	0.098149
4059.2	0.0978728
4070.04	0.0974849
4088.31	0.096845
4108.44	0.0961492
4130.28	0.0954094
4141.22	0.0950325
4154.01	0.0945852
4185.51	0.0935554
4218.89	0.0925309
4255.95	0.091741
4278.38	0.0920345
4299.49	0.0920634
4337.7	0.0956436
2643.99	0.163817
2665.25	0.163679
2735.12	0.161816
2858.36	0.156351
2971.19	0.150061
3053.56	0.145195
3079.84	0.143246
3152.56	0.139171
3240.74	0.134428
3321.44	0.130178
3368.2	0.127696
3393.2	0.126225
3455.46	0.123208
3518.64	0.120227
3573.46	0.117705
3593.11	0.116703
3624.92	0.115244
3673.6	0.113144
3715.24	0.11136
3745.38	0.110088
3755.35	0.109615
3781.66	0.108524
3804.22	0.107594
3853.54	0.105599
3863.1	0.105216
3868.8	0.104979
3889.09	0.104198
3911.72	0.103329
3932.38	0.10254
3951.21	0.101832
3960.01	0.1015
3968.5	0.101173
3984.39	0.100584
3999.64	0.100022
4014.8	0.0994697
4028.72	0.0989707
4034.42	0.0987571
4046.13	0.0983366
4064.21	0.097697
4082.22	0.0970633
4101.87	0.0963805
4118.77	0.0958073
4128.91	0.0954439
4150.56	0.0947137
4167.39	0.0941542
4009.31	0.0996665
4012.24	0.0995572
4022.3	0.0991939
4035.45	0.098726
4040.82	0.0985269
4052.98	0.0980939
4066.97	0.0976046
4071.82	0.097423
4087.11	0.0968892
4103.23	0.0963415
4111.11	0.096048
4132.92	0.0953089
4150.91	0.0947063
4156.88	0.0944866
4182.36	0.0936602
4195.71	0.093271
4210.49	0.0928107
4241.61	0.0921832
4251.97	0.0925924
4274.57	0.0929801
4313.38	0.100006
4324.85	0.114614
4358.95	0.142126
4400.53	0.243169
4411.7	0.330606
4451.63	0.345175
3308.97	0.130493
3363.53	0.127685
3435.43	0.124206
3503.87	0.120965
3564.4	0.118112
3616.79	0.115679
3664.2	0.113566
3705.65	0.11178
3722.31	0.111031
3744.78	0.110061
3780.95	0.10858
3812.61	0.107283
3840.95	0.106128
3867.43	0.105062
3892.07	0.104092
3915.28	0.103196
3936.97	0.102369
3957.12	0.101608
3976.22	0.100897
3993.35	0.100268
4000.1	0.100015
4010.52	0.0996322
4018.16	0.0993529
3606.51	0.116152
3621.26	0.115414
3634.91	0.114752
3669.33	0.113263
3713.26	0.111398
3753.25	0.109729
3777.54	0.108724
3791.69	0.108095
3821.75	0.106891
3845.94	0.105904
3871.77	0.104906
3882.48	0.104464
3899.53	0.103796
3922.61	0.102914
3943.96	0.102107
3959.03	0.101544
3966.45	0.101249
3982.9	0.100641
4001.18	0.0999706
4018.5	0.0993433
4026.59	0.0990473
4036.82	0.0986727
4055.29	0.0980167
4074.08	0.0973551
4087.19	0.0968978
3797.26	0.107854
3799.34	0.107763
3820	0.106929
3849.22	0.105779
3876.87	0.104697
3899.4	0.103808
3920.53	0.102995
3940.44	0.102236
3959.52	0.101521
3977.29	0.100857
3990.73	0.100364
3996.96	0.100121
4011.8	0.0995824
4028.79	0.0989639
4047.74	0.0982872
4065.45	0.0976499
4087.9	0.0968655
4111.37	0.0960495
4136.59	0.0951858
4165.01	0.0942427
4182.56	0.093663
4187.39	0.0934847
3909.5	0.103403
3921.35	0.102951
3926.85	0.102736
3938.7	0.102289
3952	0.101794
3956.67	0.10161
3969.52	0.101134
3979.73	0.100759
3985.2	0.100549
3998.51	0.100064
4005.62	0.0998035
4013.64	0.0995072
4027.22	0.09902
4033.26	0.0987972
4045.8	0.0983504
4059.3	0.0978752
4065.8	0.0976357
4082.28	0.0970619
4096.73	0.0965678
4106.29	0.0962188
4127.78	0.095492
4140.75	0.0950596
4157.23	0.094501
4184.4	0.0936606
4198.02	0.0931962
4214.46	0.0926765
4215.93	0.0925702
4218.86	0.0924682
4241.13	0.0917829
4253.08	0.0914324
4281.62	0.0907025
4295.42	0.0909361
4327.4	0.0913024
4339.47	0.0958956
4370.14	0.104049
4383.48	0.128514
4413.63	0.167887
4432.9	0.304062
4484.94	0.345006
4503.63	0.436136
4544.73	0.439992
4567.9	0.494432
4611.13	0.495423
4625.09	0.555196
4658.59	0.556413
4664.9	0.61725
4687.57	0.621037
4675.2	0.621732
4660.63	0.545435
4642.5	0.543589
4639.52	0.536336
3958.7	0.101535
3970.7	0.10109
3978.08	0.100817
3984.03	0.10059
3997.32	0.100105
4009.72	0.0996545
4015.08	0.0994542
4024.64	0.099107
4038.95	0.0985944
4050.95	0.0981688
4057.18	0.097938
4071.3	0.09744
4089.45	0.0968094
4102.41	0.0963651
4112.65	0.0959966
4133.42	0.095289
4156.85	0.0945072
4170.48	0.0940524
4191.9	0.0933559
4226.59	0.0924127
4258.56	0.092123
4275.93	0.092381
4308.07	0.094049
3809.55	0.107359
3829.82	0.106545
3852.78	0.105647
3861.1	0.105296
3880.44	0.104544
3904.6	0.103614
3926.23	0.102776
3947.24	0.101979
3966.59	0.101252
3984.4	0.10059
4000.22	0.100011
4006.96	0.0997556
4019.11	0.0993119
4036.94	0.0986709
4055.3	0.0980161
4074.14	0.0973491
4093.56	0.0966616
4118.39	0.0958127
4143.45	0.0949666
4154.8	0.094577
4166.34	0.0941746
3824.97	0.106745
3848.47	0.105811
3861.77	0.105284
3875.55	0.10473
3900.47	0.103779
3912.42	0.103319
3922.8	0.102909
3940.13	0.102247
3951.08	0.101836
3958.95	0.101528
3974.73	0.100944
3985.26	0.100558
3991.82	0.100308
4006.11	0.099787
4016.85	0.0994018
4022.72	0.0991805
4036.51	0.0986858
4047.41	0.0982981
4052.66	0.0981017
4066.85	0.0976035
4079.03	0.0971781
4084.33	0.0969808
4099.14	0.0964684
4112.28	0.0960221
4112.77	0.0959954
3912.56	0.103288
3926.3	0.102763
3943.59	0.102109
3959.77	0.101501
3973.58	0.100989
3979.06	0.100779
3990.44	0.10036
4006.48	0.0997732
4022.12	0.099206
4036.37	0.0986943
4043.42	0.0984388
4051.72	0.0981367
4066.8	0.0976047
4082.19	0.0970587
4101.26	0.0964022
4113.44	0.0959856
4119.39	0.0957683
4138.4	0.0951385
4160.35	0.0944403
4186.87	0.0938308
4207.97	0.0943103
4213.32	0.0963773
4236.22	0.101097
4257.31	0.0924497
4264.55	0.09543
4282.91	0.0973748
4291.91	0.0922849
4296.73	0.090582
4317.38	0.0902711
4328.85	0.0899421
4334.67	0.0917205
4357.11	0.0960793
4371.2	0.101205
4377.84	0.11397
4398.78	0.145491
4414.08	0.171083
4417.14	0.248166
4449.29	0.307526
4471.16	0.298968
4470.42	0.35831
4494.08	0.375183
4509.67	0.365064
4503.04	0.419594
4518.17	0.448038
4528.36	0.450541
4510.22	0.470228
4514.1	0.527945
4514.81	0.530757
3714.66	0.111312
3722.69	0.110961
3742.11	0.110143
3749.94	0.109811
3770.02	0.108992
3778.31	0.108635
3789.13	0.108195
3803.92	0.107588
3809.73	0.107351
3826.34	0.106691
3832.6	0.106432
3842.87	0.106032
3854.32	0.105575
3861.08	0.105297
3875.64	0.104731
3881.53	0.104492
3891.06	0.104129
3899.55	0.103799
3904.06	0.103626
3916.66	0.103146
3922.47	0.102913
3929.61	0.10264
3934.44	0.10245
3883.87	0.104398
3902.95	0.103664
3920.08	0.103017
3924.54	0.102834
3940.31	0.102239
3959.73	0.101513
3973.95	0.100987
3979.99	0.100747
3995.31	0.100184
4012.14	0.0995721
4023.96	0.099148
4029.92	0.0989204
4047.39	0.0982969
4069.36	0.0975251
4082.19	0.0970759
4092.05	0.0967121
4115.31	0.0959114
4141.59	0.0950244
4157.19	0.0944998
4175.55	0.093867
4211.44	0.0927269
4239.37	0.091877
4243.53	0.0918437
4243.58	0.0918445
3826.49	0.106679
3845.51	0.105917
3872.88	0.104849
3898.31	0.103854
3921.3	0.102966
3942.46	0.102159
3962.22	0.101414
3981.41	0.1007
4000.22	0.100006
4019.1	0.099317
4038.52	0.0986166
4058.71	0.0978974
4079.18	0.0971735
4101.07	0.0964152
4115.62	0.0959133
4124.84	0.0955731
4149.19	0.0947526
4178.07	0.0937894
4210.89	0.0927273
4241.09	0.091774
4208.24	0.0927807
4213.1	0.09262
4233.91	0.0919672
4247.56	0.0915369
4267.84	0.0910274
4287.55	0.0904612
4304.59	0.0906968
4333.14	0.0912368
4350.82	0.0948809
4375.74	0.0972478
4400	0.0978886
4419.34	0.111733
4453.33	0.138583
4472.02	0.184918
4506.98	0.320606
4543.56	0.34465
4568.16	0.423255
4611.79	0.426796
4631.47	0.473424
4659.12	0.487931
4686.01	0.488789
4701.03	0.557538
4734.83	0.560063
4754.17	0.630243
4781.19	0.647052
4796.46	0.646696
4026.02	0.0990554
4037.45	0.098645
4051.84	0.0981333
4067.03	0.0975988
4078.58	0.0971945
4084.33	0.0969812
4099.22	0.0964644
4117.98	0.0958217
4138.57	0.0951434
4156.99	0.094613
4162.46	0.0945992
4180.52	0.0944821
4207.94	0.0963696
4240.1	0.108334
4276.23	0.152546
4279.76	0.206207
4306.7	0.258814
4354.19	0.393351
4407.86	0.451848
4455.49	0.480526
4471.18	0.526705
4468.1	0.535537
4479.74	0.548789
3577.45	0.117369
3617.63	0.115553
3663.59	0.113544
3707.01	0.11168
3745.3	0.110049
3781.15	0.108568
3812.63	0.107284
3841.4	0.106123
3858.41	0.105442
3870.84	0.10492
3893.84	0.104023
3915.97	0.103166
3937.46	0.102349
3957.68	0.101585
3976.8	0.100872
3994.89	0.100204
4011.37	0.0995983
4029.05	0.0989606
4044.56	0.0984117
4050.4	0.0981923
4061.2	0.0978091
3690.91	0.112309
3717.62	0.111162
3754.93	0.109622
3788.15	0.108245
3818.42	0.10701
3846.12	0.105897
3872.15	0.10487
3896.28	0.103929
3918.5	0.103072
3939.5	0.102272
3959.5	0.101519
3978.73	0.100805
3994.98	0.100207
4001.34	0.0999634
4014.59	0.0994805
4033.17	0.0988112
4051.93	0.0981349
4074.89	0.0973293
4097.47	0.0965356
4120.76	0.0957325
4138.65	0.0951242
3513.59	0.120267
3554.46	0.118361
3602.28	0.116245
3630.63	0.114977
3648.43	0.114123
3689.17	0.112391
3729.65	0.11068
3766.72	0.109137
3799.13	0.107816
3812.23	0.107261
3829.62	0.106544
3857.37	0.10545
3882.17	0.104475
3904.25	0.103619
3921.28	0.102966
3927.74	0.102706
3940.71	0.102214
3957.52	0.101585
3970.41	0.101101
3980.5	0.100726
3972.13	0.101033
3972.21	0.10103
3985.04	0.100556
4000.21	0.100003
4011.06	0.099611
4016.52	0.0994031
4031.24	0.0988727
4048.22	0.0982665
4062.43	0.0977672
4069.55	0.0975025
4087.02	0.096893
4109.18	0.0961299
4129.49	0.0954437
4139.11	0.0950915
4161.38	0.0943471
4192.5	0.0933689
4221.04	0.0926313
4239.26	0.0924032
4273.63	0.0921191
4322.97	0.0954851
4371.92	0.111989
4389.35	0.131505
4424.29	0.160625
4465.73	0.245862
3955.25	0.101668
3966.01	0.101265
3981.73	0.100686
3997.51	0.100102
4014.26	0.0994912
4031.18	0.0988776
4048.84	0.0982433
4067.82	0.0975707
4087.26	0.0968864
4108.95	0.0961376
4131.81	0.0953546
4157.38	0.0945137
4185.74	0.0937025
4220.12	0.0933138
4260.84	0.095648
4306.23	0.110848
4354.05	0.175363
4413.61	0.329371
4486.79	0.397112
4535.22	0.408199
2927.3	0.152169
2931.71	0.151876
2950	0.150764
3037.05	0.1458
3091.72	0.142597
3111.06	0.141343
3187.65	0.137207
3253.35	0.133695
3272.34	0.132479
3332.49	0.129405
3398.18	0.12613
3418.94	0.124952
3462.55	0.122838
3525.65	0.119929
3554.21	0.118559
3577.27	0.117426
3630	0.115097
3663.77	0.113609
3677.15	0.112949
3715.1	0.111354
3747.3	0.109999
3756.64	0.109556
3781.63	0.108521
3805.16	0.107552
3923.64	0.102864
3938.37	0.102307
3949.57	0.101892
3957.05	0.101603
3973.14	0.101007
3989.09	0.100415
4005.64	0.099812
4014.31	0.0994959
4021.65	0.0992202
4036.87	0.0986709
4053.86	0.0980649
4070.97	0.0974639
4078.8	0.097184
4088.38	0.0968399
4108.42	0.0961486
4130.65	0.0953892
4154.28	0.0945985
4163.55	0.0942797
4179.71	0.0937376
4210.29	0.092819
4243.06	0.0920692
4271.04	0.0919053
2850.61	0.156564
2920.25	0.152404
3011.83	0.147065
3102.61	0.141922
3190.15	0.137068
3274.04	0.132565
3352.44	0.128467
3425.23	0.124788
3492.41	0.121508
3553.91	0.118601
3609.15	0.116046
3658.76	0.113835
3703.13	0.111865
3745.29	0.110069
3782.94	0.108492
3816.22	0.10712
3846.45	0.105903
3874.25	0.10481
3895.7	0.103959
3910.88	0.10337
3004.37	0.147891
3037.62	0.145683
3118.49	0.141126
3149.1	0.139152
3203.61	0.136185
3281.29	0.132176
3311.76	0.130463
3355.16	0.128252
3424.76	0.124856
3457.34	0.123173
3491.75	0.121441
3553.6	0.118629
3585.11	0.117164
3609.88	0.115969
3659.26	0.113817
3688.53	0.112531
3706.98	0.111651
3745.28	0.110058
3770.14	0.109039
3782.65	0.108485
3812.9	0.107269
3835.15	0.106379
3845.34	0.105926
3867.84	0.105039
3884.6	0.104391
3887.25	0.104281
3968.77	0.101176
3970.7	0.101094
3985.1	0.100557
4001.69	0.099948
4019.17	0.0993119
4037.04	0.0986663
4055.55	0.0980038
4075.29	0.0973069
4095.1	0.0966109
4117.25	0.0958482
4141.19	0.0950268
4173.81	0.0939787
4201.72	0.0931564
4216.36	0.0927648
4252.34	0.0921562
4298.81	0.0932114
4349.2	0.102009
4399.24	0.142702
4459.85	0.283043
4543.26	0.379906
4614.28	0.39866
4090.36	0.0967765
4101.36	0.0963837
4124.54	0.0955972
4151.3	0.0947336
4183.22	0.0939144
4219.56	0.0938618
4251.34	0.0967854
4265.16	0.103583
4297.24	0.126235
4343.44	0.213075
4401.34	0.374015
4468.68	0.485509
4544.29	0.519778
4620.37	0.53881
4689.9	0.557294
4741.94	0.592182
4788.02	0.619775
4786.33	0.377019
4779.72	0.214282
4778.55	0.16818
3761.84	0.109303
3788.93	0.108194
3818.06	0.107026
3840.12	0.106153
3848.39	0.1058
3868.67	0.105005
3891.32	0.104117
3915.45	0.103198
3929.78	0.102653
3938.2	0.102313
3957.07	0.101606
3976.24	0.100893
3993.67	0.100253
4001.05	0.0999757
4011.82	0.0995766
4030.17	0.0989146
4049.19	0.0982353
4065.82	0.0976517
4071.96	0.0974222
4088.79	0.096831
4111.79	0.096039
4130.68	0.0953927
3877.72	0.104651
3884.9	0.104365
3899.45	0.103802
3919.32	0.103049
3926.73	0.102748
3943.53	0.102117
3959.1	0.101538
3966.56	0.101245
3981.72	0.100686
3992.99	0.100275
3999.98	0.100007
4015.28	0.0994545
4022.53	0.0991912
4031.23	0.0988724
4045.3	0.0983712
4049.95	0.0981992
4060.9	0.0978102
4075.23	0.0973106
4079.86	0.0971361
4094.68	0.0966218
4108.26	0.0961579
4113.87	0.0959506
4133.01	0.0953056
4143.79	0.0949398
4152	0.0946473
4173.73	0.0939311
4180.6	0.0937043
4187.4	0.0934735
4007.31	0.0997416
4008.58	0.099695
4017.9	0.0993595
4023	0.0991681
4030.7	0.0988937
4036.57	0.0986789
4043.18	0.0984442
4052.08	0.0981275
4057.03	0.0979496
4067.61	0.0975811
4072.11	0.0974151
4081.56	0.0970861
4088.13	0.0968498
4094.11	0.0966406
4103.4	0.0963157
4107.57	0.0961685
4118.76	0.0957863
4122.22	0.0956655
4133.53	0.0952943
4138.54	0.0951301
4145.33	0.0949359
4155.23	0.0946376
4157.21	0.0946663
4168.49	0.0945536
4167.37	0.0943303
3925.51	0.1028
3936.28	0.102396
3941.47	0.102188
3956.53	0.101626
3973.17	0.101007
3989.11	0.100415
4005.61	0.0998092
4021.8	0.0992167
4038.66	0.0986101
4054.76	0.0980342
4070.16	0.097486
4087.19	0.0968851
4108.48	0.0961482
4133.08	0.0953124
4153.89	0.0946154
4164.85	0.0942212
4192.23	0.0933296
4226.81	0.0922483
4263.83	0.0912548
4291.29	0.0909434
2772.46	0.161296
2799.3	0.159577
2860.36	0.156034
2896.97	0.15368
2987.21	0.148602
3061.49	0.144403
3090.53	0.142477
3164.99	0.13839
3245.43	0.134172
3276.28	0.132239
3336.05	0.129194
3412.18	0.125478
3446.26	0.123688
3484.94	0.121753
3550.17	0.118788
3589.6	0.116968
3611.26	0.115866
3660.01	0.113772
3699.14	0.112094
3714.97	0.111312
3749.96	0.109844
3784.51	0.108434
3797.54	0.107863
3821.21	0.106914
3841.38	0.106104
3377.25	0.127057
3385.53	0.126572
3426.31	0.124538
3492.43	0.12144
3551.56	0.118718
3574.98	0.11755
3608.77	0.115994
3659.76	0.113782
3704.82	0.111827
3726.37	0.110872
3750.26	0.109824
3789.32	0.108224
3823.64	0.106835
3841.01	0.106133
3855.84	0.105512
3880.79	0.104532
3904.93	0.103605
3919.25	0.103056
3929.17	0.102656
3949.4	0.101896
3969.14	0.101162
3980.33	0.100748
3986.56	0.100506
3998.72	0.100061
3518.78	0.120124
3568.43	0.11782
3619.62	0.115511
3667.45	0.113399
3710.93	0.11151
3750.62	0.109829
3785.17	0.108381
3816.3	0.107106
3844.87	0.105961
3869.19	0.104994
3889.51	0.104203
3898.82	0.103822
3916.3	0.103152
3937.94	0.102332
3958.39	0.10156
3977.98	0.100829
3997.16	0.100121
4014.88	0.0994709
4033.08	0.0988145
4049.67	0.0982206
