2911.99	0.15228
2924.91	0.151409
2950.67	0.149761
2988.52	0.147461
3036.58	0.144687
3092.32	0.141594
3153.18	0.138312
3216.91	0.134952
3281.7	0.131607
3346.13	0.128353
3409.14	0.125245
3469.93	0.122319
3527.89	0.119598
3582.49	0.117099
3633.14	0.114833
3679.18	0.112811
3721.45	0.111001
3760.28	0.109373
3795.7	0.107916
3827.72	0.10662
3856.55	0.10547
3882.72	0.104442
3906.76	0.10351
3929.11	0.102655
3950.19	0.101858
3970.31	0.101105
3989.45	0.100398
4006.17	0.0997803
4023.02	0.0991675
4039.9	0.0985585
4057.01	0.0979466
4074.49	0.0973268
4092.43	0.096696
4111.13	0.0960448
4130.98	0.0953598
4152.54	0.0946241
4176.43	0.0938201
4202.3	0.0929602
4229.92	0.0920547
4259.05	0.0911139
4289.37	0.0901543
4320.36	0.0892102
4351.32	0.0883799
4381.32	0.0879679
4409.06	0.0887456
4432.99	0.091502
4451.77	0.0933504
4465.19	0.087765
4473.41	0.0852676
4477.25	0.084578
2896.11	0.153545
2909.07	0.152674
2935.41	0.15095
2974.95	0.148468
3025.3	0.145486
3083.33	0.142207
3146.17	0.138773
3211.48	0.135296
3277.46	0.131864
3342.8	0.128546
3406.5	0.125391
3467.86	0.122428
3526.37	0.119675
3581.65	0.117143
3633.11	0.114846
3678.53	0.112838
3720.71	0.111031
3759.8	0.109394
3795.55	0.107924
3827.7	0.106622
3856.39	0.105476
3882.43	0.104453
3906.4	0.103524
3928.76	0.102668
3949.94	0.101867
3970.48	0.101098
3991.5	0.100325
4006.04	0.0997848
4023.35	0.0991561
4040.42	0.0985403
4057.76	0.0979203
4075.53	0.0972911
4093.54	0.096658
4112.19	0.0960087
4131.85	0.0953302
4153.14	0.0946027
4177.77	0.0937763
4204.25	0.0928971
4232.45	0.0919754
4262.29	0.0910239
4293.46	0.0900797
4325.45	0.0892734
4357.63	0.0891635
4389.04	0.0917619
4418.18	0.102159
4442.97	0.123311
4461.83	0.135033
4476.03	0.102059
4483.85	0.0884985
4487.31	0.0850568
2864.45	0.155844
2876.95	0.155034
2903.91	0.153229
2947.32	0.150391
3002.83	0.147001
3065.75	0.143363
3132.62	0.139641
3201.03	0.135944
3269.33	0.132349
3336.38	0.128912
3401.36	0.12567
3463.74	0.122641
3523.23	0.119831
3579.86	0.11723
3634.49	0.114811
3676.69	0.112909
3718.89	0.111107
3758.79	0.109438
3795.45	0.107933
3827.98	0.106614
3856.08	0.105489
3881.78	0.104479
3905.62	0.103555
3927.96	0.1027
3949.1	0.101899
3969.4	0.101139
3989.2	0.100407
4007.84	0.0997225
4024.32	0.0991241
4041.4	0.0985074
4059.22	0.0978716
4077.81	0.0972152
4095.87	0.0965805
4114.44	0.0959347
4133.68	0.0952729
4153.32	0.0945993
4180.59	0.0936885
4208.16	0.0927765
4237.43	0.0918455
4268.64	0.0909486
4301.5	0.0902663
4335.42	0.090455
4369.88	0.0948437
4403.7	0.114195
4434.54	0.166714
4462.52	0.247309
4486.94	0.285886
4497.06	0.152784
4504.18	0.102888
4506.89	0.0879073
2817.72	0.158883
2827.73	0.158289
2853.17	0.156567
2904.57	0.153175
2969.62	0.149167
3040.59	0.144995
3113.57	0.140854
3186.45	0.136844
3257.98	0.133022
3327.36	0.129424
3394.04	0.126066
3457.69	0.122954
3518.12	0.120085
3575.33	0.117449
3629.47	0.11504
3670.47	0.113189
3715.2	0.111268
3757.19	0.109512
3795.98	0.107922
3829.54	0.106559
3855.38	0.105519
3880.57	0.104533
3904.33	0.103612
3926.72	0.102754
3947.9	0.101951
3968.02	0.101196
3987.69	0.100467
4006.54	0.0997753
4023.91	0.0991382
4042.63	0.0984648
4060.66	0.0978188
4082.4	0.0970546
4099.25	0.0964617
4117.92	0.0958106
4138.39	0.0951102
4160.71	0.0943595
4186.42	0.0935225
4214.07	0.0926469
4244.55	0.0918937
4277.78	0.0917895
4313.19	0.0932986
4349.65	0.0985756
4386.78	0.122505
4421.85	0.196097
4468.44	0.320604
4502.32	0.406557
4522.5	0.451982
4526.06	0.245531
4532.75	0.137947
4534.67	0.0974125
2758.77	0.162122
2760.82	0.161895
2774.07	0.160746
2845.45	0.156633
2927.41	0.151848
3009.98	0.14699
3090.82	0.142318
3169.12	0.137921
3244.43	0.133828
3316.47	0.13004
3385.06	0.12655
3450.09	0.123345
3511.48	0.120412
3569.18	0.117736
3623.13	0.115306
3673.06	0.11311
3710.14	0.11147
3754.97	0.109606
3798.29	0.107845
3828.99	0.106577
3854.41	0.105556
3879.43	0.104577
3903.29	0.103652
3925.87	0.102787
3947.23	0.101978
3966.6	0.101248
3986.99	0.100489
4006.21	0.0997826
4024.84	0.0991033
4043.92	0.0984164
4063.87	0.0977079
4082.13	0.0970636
4102.55	0.0963485
4121.87	0.0956795
4143.84	0.0949476
4167.65	0.0942236
4193.64	0.0936279
4220.87	0.0929951
4252.99	0.0939651
4288.94	0.101112
4327.82	0.116546
4366.41	0.13661
4404.54	0.209311
4458.93	0.333089
4505.27	0.423784
4544.39	0.506331
4564.98	0.577659
4568.39	0.369397
4567.75	0.188725
4568.6	0.116287
2695.99	0.164906
2680.94	0.16472
2634.9	0.163647
2773.45	0.160226
2881.82	0.154716
2977.92	0.149121
3067.03	0.143877
3150.85	0.139072
3229.92	0.134695
3304.57	0.130712
3375.05	0.127088
3441.45	0.123788
3503.82	0.120788
3562.13	0.118067
3616.29	0.115611
3666	0.113414
3710.49	0.111483
3750.49	0.109786
3789.27	0.108196
3822.47	0.106839
3851.34	0.105678
3877.8	0.104636
3902.36	0.103682
3925.34	0.1028
3947.13	0.101974
3968.44	0.101178
3987.04	0.100487
4006.43	0.0997768
4025.71	0.099076
4045.13	0.0983768
4065.03	0.0976683
4085.64	0.0969441
4105.39	0.0962566
4126.03	0.0955422
4148.95	0.0947766
4173.14	0.0940222
4202.4	0.0935888
4225.63	0.0958894
4261.03	0.110621
4298.85	0.165198
4342.65	0.22463
4384.18	0.251242
4438.94	0.336198
4490.98	0.404296
4537.77	0.475175
4581.32	0.560122
4630.22	0.676007
4616.63	0.45014
4605.82	0.238107
4605.78	0.13745
2646.96	0.167207
2630.85	0.166711
2593.81	0.165317
2729.73	0.16255
2846.06	0.156991
2949.89	0.150988
3045.16	0.145318
3133.57	0.14017
3215.74	0.135542
3292.54	0.131389
3364.6	0.127645
3432.25	0.124258
3495.6	0.121191
3554.67	0.118418
3609.44	0.115921
3659.88	0.113682
3706.17	0.111682
3743.47	0.110082
3782.38	0.108471
3817.19	0.107052
3847.95	0.105816
3875.67	0.104721
3901	0.103735
3924.38	0.102837
3946.31	0.102005
3967.25	0.10122
3987.13	0.100482
4006.96	0.0997545
4026.74	0.0990362
4046.34	0.0983303
4066.28	0.0976197
4086.92	0.0968931
4108.24	0.0961512
4130.11	0.0954021
4151.97	0.0946668
4180.21	0.0938149
4205.82	0.0934293
4234.63	0.0943639
4266.32	0.101223
4302.14	0.128092
4346.39	0.204289
4407.17	0.295728
4466.75	0.362658
4521.98	0.426611
4577.17	0.488486
4624.34	0.558776
4674.65	0.670884
4659.34	0.451904
4646.78	0.264741
4644.51	0.14693
2613.12	0.169157
2600.87	0.16834
2576.39	0.166666
2704.05	0.164015
2820.66	0.158565
2927.73	0.152416
3026.95	0.1465
3118.95	0.14111
3203	0.136297
3281.04	0.132027
3354.19	0.128198
3422.84	0.124739
3487.12	0.12161
3547.02	0.118783
3602.52	0.116239
3653.68	0.113957
3700.81	0.111909
3744.59	0.11006
3776.14	0.108717
3812.87	0.107229
3844.83	0.105943
3873.57	0.104806
3899.59	0.103791
3923.27	0.102881
3945.26	0.102045
3966.3	0.101255
3986.87	0.100492
4007.53	0.0997339
4028.35	0.0989797
4047.99	0.0982712
4068.04	0.0975576
4089.08	0.0968174
4112.5	0.0960092
4133.52	0.0952917
4157.41	0.094501
4183.07	0.0937149
4209.65	0.0930047
4241.53	0.0925201
4274.02	0.0929453
4318.14	0.0971408
4367.27	0.121312
4419.06	0.194691
4493.18	0.326384
4543.11	0.408825
4606.13	0.477063
4655.36	0.555919
4702.24	0.651685
4696.31	0.440221
4687.59	0.281496
4682.58	0.152607
2590.89	0.170709
2582.56	0.169622
2566.96	0.167619
2688.14	0.164925
2802.83	0.159583
2910.89	0.153416
3012.94	0.147367
3108.86	0.141793
3192.46	0.136903
3270.39	0.132613
3344	0.128749
3413.42	0.125237
3478.58	0.122049
3539.33	0.119167
3595.59	0.116573
3647.35	0.11425
3694.81	0.112177
3738.13	0.11033
3776.86	0.108709
3810.23	0.107332
3842.21	0.106048
3871.81	0.104879
3898.56	0.103835
3922.24	0.102922
3943.95	0.102095
3965.02	0.101304
3986.13	0.10052
4007.96	0.0997188
4031.55	0.098868
4050.06	0.0981996
4070.02	0.0974949
4090.45	0.0967838
4110.67	0.0960741
4135.81	0.0952164
4160.91	0.0943605
4187.06	0.0934926
4217.87	0.0925231
4250	0.0915881
4287.67	0.0911082
4332.01	0.0946649
4384	0.124297
4433.56	0.217221
4504.47	0.34016
4575.35	0.422957
4638.84	0.494352
4696.13	0.568762
4751.09	0.671999
4736.58	0.468808
4723.5	0.27972
4718.3	0.151895
2576.54	0.171813
2571.08	0.170522
2561.17	0.168243
2677.55	0.165498
2789.85	0.160251
2897.7	0.154105
3002.19	0.14791
3107.78	0.141862
3183.94	0.137317
3260.11	0.13319
3333.84	0.129342
3403.99	0.125789
3470.08	0.122541
3531.79	0.119595
3588.89	0.116943
3641.2	0.114575
3689.02	0.112468
3732.6	0.110594
3772.03	0.108936
3805.94	0.107529
3839.26	0.106184
3870.55	0.104947
3898.67	0.103847
3921.61	0.102956
3942.07	0.102177
3962.91	0.101393
3984.24	0.100599
4006.66	0.0997757
4028.78	0.098975
4048.69	0.0982601
4068.2	0.0975555
4090.9	0.0967563
4114.04	0.0959495
4139.75	0.0950721
4161.6	0.0943209
4192.57	0.0932971
4225.07	0.09226
4261.33	0.0913511
4298.74	0.0913109
4341.68	0.0960386
4388.91	0.118358
4446.46	0.212092
4530.08	0.349332
4603.05	0.430464
4668.9	0.500181
4730.14	0.571104
4787.89	0.670865
4771.87	0.474163
4757.69	0.288138
4751.15	0.153195
2567.28	0.172533
2563.72	0.171112
2557.33	0.168663
2669.95	0.165912
2779.64	0.160798
2885.62	0.154799
2987.57	0.148785
3084.53	0.143143
3169.8	0.138149
3249.7	0.133727
3325.44	0.12972
3397.08	0.126067
3464.54	0.122743
3527.63	0.119733
3585.91	0.117034
3638.46	0.11465
3686.41	0.112538
3730.4	0.110652
3770.87	0.108957
3808.95	0.107403
3837	0.106251
3872.34	0.104873
3896.63	0.103911
3919.68	0.103025
3941.54	0.102195
3962.15	0.101417
3985.71	0.100544
4006.01	0.0997995
4026.41	0.0990565
4048.25	0.0982719
4069.57	0.0975115
4092.49	0.0966997
4116.82	0.0958571
4139.27	0.0950832
4167.41	0.0941314
4199.73	0.0930722
4232.07	0.0920764
4268.39	0.0912841
4306.51	0.0915488
4346.34	0.0957893
4401.36	0.117759
4460.29	0.229185
4549.88	0.359581
4626.31	0.435421
4694.84	0.503209
4758.51	0.572132
4817.66	0.670195
4801.83	0.473296
4787.53	0.288146
4780.5	0.152992
2561.28	0.172986
2558.93	0.171493
2554.68	0.168957
2664.29	0.166225
2771.53	0.161231
2875.45	0.15536
2975.27	0.149455
3069.91	0.143893
3157.59	0.138818
3239.73	0.134256
3317.16	0.130133
3390.24	0.126389
3459.16	0.122984
3524.05	0.119891
3584.5	0.11711
3636.28	0.114734
3683.93	0.112638
3728.11	0.110748
3768.79	0.109046
3805.66	0.10753
3838.9	0.106188
3867.52	0.105049
3894.41	0.103998
3918.07	0.103083
3940.79	0.10222
3962.44	0.10141
3983.38	0.100626
4005.53	0.0998117
4027.03	0.099029
4048.76	0.0982467
4071.74	0.0974322
4094.27	0.0966406
4117.97	0.0958222
4143.88	0.0949431
4171.85	0.094008
4202.85	0.0929809
4235.66	0.091942
4273.19	0.0908204
4314	0.090336
4359.24	0.0948419
4411.22	0.129591
4470.03	0.246456
4565.93	0.367603
4646.03	0.439041
4716.95	0.505218
4782.32	0.572844
4842.36	0.669886
4827.04	0.470943
4812.89	0.284918
4806.05	0.151599
2557.39	0.173271
2555.78	0.171742
2552.82	0.169168
2660.06	0.166463
2765.21	0.161565
2867.34	0.155791
2965.62	0.149959
3059.26	0.144437
3147.56	0.139352
3230.8	0.13473
3309.34	0.130537
3383.5	0.126723
3453.66	0.123243
3520.74	0.120035
3587.66	0.11699
3634.24	0.114818
3681.12	0.112781
3725.78	0.110878
3767.24	0.109147
3803.03	0.107657
3835.1	0.106353
3863.98	0.105203
3893.52	0.104055
3915.86	0.103183
3938.66	0.102307
3961.51	0.101447
3983.48	0.100627
4005.69	0.0998121
4027.81	0.0990102
4048.83	0.0982526
4072.14	0.0974255
4095.54	0.0966062
4116.99	0.0958459
4145.87	0.0948681
4174.5	0.0939131
4202.36	0.0929808
4239.26	0.0918458
4278.77	0.0908238
4321.34	0.0905148
4366.3	0.0935553
4417.75	0.124568
4483.35	0.257605
4581.52	0.371749
4663.57	0.441273
4735.99	0.506544
4802.42	0.573403
4863.02	0.669808
4848.18	0.46852
4834.26	0.28098
4827.87	0.149838
2554.91	0.17345
2553.73	0.171905
2551.55	0.16932
2656.98	0.16664
2760.47	0.161816
2861.1	0.156117
2958.15	0.150344
3051.04	0.14486
3139.34	0.139785
3222.99	0.135143
3302.07	0.130914
3376.73	0.127067
3447.13	0.123569
3513.44	0.120391
3575.31	0.117528
3628.61	0.115075
3678.17	0.112887
3725.31	0.11087
3771.68	0.108957
3803.73	0.107604
3833.86	0.106392
3864.69	0.10519
3888.89	0.104224
3915.74	0.103187
3938.56	0.102315
3961.12	0.101471
3982.85	0.100659
4005.83	0.0998158
4028.14	0.0989974
4051.53	0.0981604
4073.41	0.0973849
4093.82	0.0966674
4115.95	0.0958969
4143.64	0.0949504
4174.53	0.0939139
4205.25	0.092881
4243.01	0.0916662
4283.13	0.0904929
4325.95	0.0899857
4371.61	0.0952244
4420.49	0.126506
4501.67	0.259392
4597.44	0.372823
4679.49	0.442294
4752.45	0.507334
4819.41	0.57383
4880.29	0.669876
4865.83	0.4665
4852.12	0.277318
4846.21	0.148165
2553.39	0.173558
2552.48	0.172009
2550.74	0.169426
2654.96	0.166769
2757.17	0.161997
2856.51	0.156355
2952.45	0.150636
3044.58	0.145192
3132.56	0.140138
3216.21	0.135496
3295.45	0.131255
3370.26	0.127393
3440.62	0.123887
3506.48	0.120715
3567.47	0.117866
3622.79	0.115338
3673.9	0.113075
3722.09	0.111006
3769.44	0.109051
3800.91	0.107728
3830.29	0.106516
3861.38	0.10529
3892.42	0.104085
3913.54	0.10326
3936.33	0.102386
3960.72	0.10147
3984.92	0.100574
4006.93	0.0997656
4028.94	0.0989658
4051.89	0.0981466
4070.92	0.0974675
4092.76	0.0966974
4118.37	0.0958095
4145.44	0.0948844
4173.89	0.0939216
4210.77	0.0927164
4248.18	0.0915306
4288.96	0.0903946
4332.05	0.0898842
4375.11	0.0937509
4438.27	0.126261
4517.17	0.257517
4611.76	0.37262
4693.46	0.44262
4766.5	0.507769
4833.63	0.574155
4894.61	0.670029
4880.42	0.464999
4866.89	0.274246
4861.38	0.146752
2552.6	0.173614
2551.87	0.172063
2550.4	0.169488
2654.08	0.166847
2755.35	0.162106
2853.43	0.156509
2948.22	0.150845
3039.49	0.145448
3126.95	0.140426
3210.36	0.135797
3289.52	0.131557
3364.31	0.12769
3434.59	0.124178
3500.32	0.121002
3561.29	0.118144
3617.26	0.11559
3668.81	0.113306
3716.21	0.111262
3759.67	0.109439
3798.1	0.107856
3822.41	0.106833
3855.86	0.105511
3885.2	0.10436
3909.31	0.103417
3935.17	0.102433
3959.74	0.101505
3984.4	0.100589
4008.99	0.0996898
4029.1	0.0989563
4048.84	0.0982474
4071.28	0.0974455
4094.79	0.0966179
4120.55	0.0957251
4148.56	0.0947663
4179.51	0.093723
4215.26	0.0925476
4254.24	0.0912973
4295.36	0.0900675
4341.02	0.0893341
4392.23	0.0930668
4453.31	0.124784
4529.94	0.255011
4623.87	0.371997
4705.23	0.442625
4778.15	0.508013
4845.29	0.574413
4906.26	0.670225
4892.26	0.463944
4878.89	0.271821
4873.68	0.145627
2552.35	0.173627
2551.79	0.17207
2550.59	0.169496
2654.75	0.166857
2755.37	0.162121
2851.8	0.156572
2945.22	0.15098
3035.46	0.145644
3122.31	0.140662
3205.32	0.136055
3284.29	0.131824
3358.98	0.127958
3429.1	0.124445
3494.88	0.121262
3556.1	0.118388
3612.25	0.115827
3664.13	0.113532
3710.77	0.111508
3751.69	0.109784
3789.37	0.108226
3821.84	0.10687
3852.14	0.105655
3881.27	0.104518
3908.13	0.103475
3934.08	0.102486
3957.89	0.101577
3983.58	0.100621
4008.94	0.0996939
4029.55	0.09894
4048.5	0.0982523
4071.8	0.0974263
4096.22	0.0965681
4122.53	0.0956559
4151.27	0.0946731
4183.28	0.0935955
4220	0.0923892
4262.11	0.091056
4301.61	0.0898547
4349.03	0.0890696
4403.22	0.0926096
4464.6	0.123607
4539.92	0.252844
4633.58	0.371334
4714.66	0.442536
4787.44	0.508185
4854.53	0.574641
4915.46	0.670437
4901.6	0.4632
4888.35	0.269967
4883.38	0.144761
2552.48	0.173608
2552.18	0.17203
2551.5	0.169421
2658.12	0.166729
2758.25	0.161971
2851.34	0.156538
2943.14	0.151063
3032.12	0.145804
3118.45	0.14087
3200.93	0.136288
3279.7	0.13207
3354.39	0.128203
3424.01	0.124708
3489.99	0.121517
3552.02	0.118599
3607.61	0.116082
3660.98	0.113743
3704.74	0.111763
3747.42	0.109945
3785.11	0.108372
3818.77	0.106991
3849.64	0.10575
3879.15	0.10459
3906.79	0.103518
3933.16	0.10251
3958.94	0.101539
3982.7	0.100656
4007.52	0.0997519
4026.53	0.0990514
4048.3	0.0982665
4072.43	0.0974057
4097.43	0.0965272
4124.2	0.0956001
4153.27	0.0946072
4185.39	0.0935237
4222.88	0.092293
4267.39	0.0908993
4304.4	0.0897832
4355	0.0888934
4410.9	0.0922997
4472.9	0.122734
4547.42	0.251074
4640.92	0.370729
4721.74	0.442489
4794.39	0.508383
4861.45	0.574874
4922.38	0.670647
4908.63	0.462648
4895.5	0.268451
4890.73	0.144089
2552.74	0.173579
2552.74	0.171971
2553.1	0.169262
2667.12	0.166276
2766.81	0.161427
2850.39	0.156503
2941.61	0.151151
3028.8	0.145985
3115.42	0.141069
3196.9	0.136527
3275.6	0.132321
3351.07	0.128398
3418.63	0.125029
3485.07	0.121843
3544.11	0.118954
3605.35	0.116152
3664.49	0.113553
3704.57	0.111755
3744.86	0.11006
3781.88	0.108518
3815.8	0.107132
3846.1	0.105895
3876.9	0.104681
3905.08	0.103585
3931.62	0.102569
3956.91	0.101615
3980.79	0.100724
4004.21	0.0998629
4026.5	0.0990477
4050.77	0.0981792
4073.45	0.0973713
4098.57	0.0964939
4125.72	0.0955582
4154.82	0.0945713
4185.19	0.0935337
4222.34	0.0923097
4266.14	0.0909301
4313.57	0.0895917
4360.5	0.0887424
4416.53	0.0920887
4478.95	0.122064
4552.85	0.249416
4646.01	0.370205
4726.4	0.442623
4798.99	0.508722
4866.14	0.57516
4927.15	0.670847
4913.53	0.462149
4900.52	0.267127
4895.91	0.14356
2552.81	0.173574
2552.75	0.171979
2552.41	0.169345
2660.96	0.166602
2761.37	0.161736
2856.49	0.156169
2941.89	0.151174
3023.41	0.146331
3114.54	0.141164
3192.36	0.136833
3271.14	0.132689
3341.6	0.128887
3414.73	0.125207
3481.48	0.121933
3542.83	0.118993
3601.34	0.116317
3655.54	0.113912
3701.82	0.111871
3744.31	0.110072
3780.58	0.108547
3813.92	0.107182
3846.29	0.105889
3875.23	0.10475
3903.35	0.103661
3930.1	0.102638
3955.45	0.10168
3978.94	0.100802
3999.27	0.100046
4024.9	0.0991169
4049.63	0.0982273
4074.11	0.097358
4098.23	0.0965069
4126	0.0955433
4155.05	0.0945536
4186.2	0.0935129
4218.72	0.092436
4265.34	0.090969
4313.62	0.089586
4362.88	0.0891249
4419.9	0.0923763
4483.18	0.122298
4556.83	0.248006
4648.95	0.36983
4728.35	0.443315
4801.16	0.509425
4868.7	0.575563
4929.94	0.671035
4916.47	0.461603
4903.59	0.265908
4899.12	0.143145
2552.78	0.173574
2552.83	0.171972
2552.74	0.169324
2662.06	0.166568
2759.88	0.161754
2855.7	0.156186
2941.37	0.151121
3030.85	0.14602
3106.89	0.141585
3187.25	0.137163
3268.43	0.13277
3342.45	0.12884
3413.35	0.125248
3479.34	0.122009
3540.45	0.119096
3597.76	0.116466
3650.77	0.114098
3699.3	0.111975
3746.69	0.109989
3779.16	0.108606
3810.26	0.107333
3843.41	0.106004
3873.56	0.104813
3902.28	0.103698
3929.67	0.102654
3956.26	0.101655
3977.59	0.100846
4000.7	0.0999928
4024.96	0.099112
4049.54	0.0982281
4074.7	0.0973346
4101.32	0.0964058
4127.14	0.0955131
4155.8	0.0945494
4184.99	0.0935762
4225.27	0.0923244
4266.98	0.0910422
4317.29	0.0897592
4372.94	0.09038
4421.07	0.0973783
4485.97	0.131712
4560.84	0.252228
4649.69	0.3703
4726.49	0.445777
4800.83	0.510848
4869.34	0.576123
4930.96	0.671216
4917.66	0.461074
4904.88	0.264899
4900.52	0.142858
2552.51	0.17359
2552.86	0.17196
2554.26	0.169189
2673.81	0.166014
2759.05	0.161713
2844.48	0.156812
2938.38	0.151367
3027.78	0.146138
3111.93	0.141248
3196.59	0.136616
3269.38	0.132647
3342.69	0.128896
3412.98	0.125277
3478.14	0.122078
3537.92	0.11921
3594.59	0.116609
3646.73	0.114273
3694.36	0.112191
3738.29	0.110329
3775.9	0.108746
3810.9	0.107318
3841.1	0.106107
3871.24	0.104926
3898.9	0.103836
3926.76	0.102767
3952.83	0.10178
3976.94	0.100875
4000.06	0.100019
4024.78	0.0991138
4049.28	0.0982316
4074.29	0.0973437
4100.06	0.0964405
4126.61	0.0955179
4156.6	0.0944999
4189.15	0.093408
4227.98	0.0921844
4273.52	0.0912109
4320.17	0.0916393
4373.58	0.0984366
4430.1	0.130543
4487.35	0.204515
4568.66	0.302614
4647.75	0.37813
4716.77	0.452128
4798.61	0.512811
4868.66	0.576583
4930.55	0.671395
4917.29	0.461051
4904.55	0.264555
4900.24	0.142758
2551.72	0.173661
2551.66	0.172077
2551.38	0.169464
2657.79	0.166782
2753.32	0.162148
2845.44	0.156826
2937.69	0.15138
3027.35	0.146108
3113.52	0.141154
3196.65	0.13657
3273.91	0.132395
3347.18	0.128592
3413.89	0.125212
3478.36	0.122145
3534.56	0.119388
3592.04	0.116749
3643.45	0.114432
3689.54	0.112409
3732.9	0.110577
3772.17	0.108933
3806.98	0.107472
3839.49	0.106158
3869.65	0.104964
3898.03	0.103856
3925.43	0.102805
3951.62	0.101814
3976.49	0.100883
4001.88	0.0999505
4025.21	0.0990995
4049.35	0.0982359
4074.4	0.0973524
4099.73	0.0964668
4124.82	0.095589
4157.44	0.094488
4190.14	0.0933893
4227.6	0.0921459
4271.75	0.0907932
4319.6	0.0895672
4373.05	0.0894622
4430.6	0.0960291
4489.05	0.134122
4561.95	0.245945
4651.11	0.366481
4727.13	0.443489
4800.41	0.50967
4867.96	0.5758
4928.97	0.671568
4915.43	0.462237
4902.65	0.265126
4898.37	0.142767
2550.81	0.173739
2550.48	0.172185
2549.59	0.169626
2651.82	0.167024
2749.68	0.162378
2844.52	0.156931
2937.42	0.151395
3027.79	0.146063
3115.18	0.141054
3199.31	0.136412
3278.88	0.13216
3350.72	0.128372
3417.84	0.124993
3482.41	0.121889
3539.09	0.119187
3591.69	0.116821
3639.53	0.114653
3688.04	0.112482
3730.86	0.110636
3769.98	0.108993
3805.06	0.107542
3837.74	0.106226
3867.74	0.105036
3896.43	0.103918
3924	0.10286
3950.81	0.101847
3975.06	0.10094
4000.11	0.100021
4024.37	0.099136
4049.62	0.0982203
4075.25	0.0973099
4101.52	0.0963881
4129.14	0.0954313
4160.14	0.0943819
4192.72	0.0932951
4224.16	0.0922505
4270.43	0.0908021
4318.03	0.0894412
4373.09	0.0888175
4433.05	0.0942366
4498.29	0.135123
4559.87	0.241481
4652.72	0.36144
4729.96	0.438056
4800.32	0.506537
4865.74	0.574762
4925.63	0.671784
4911.81	0.462983
4899.08	0.264387
4894.99	0.142208
2550.08	0.173798
2549.65	0.172251
2548.7	0.169697
2649.39	0.167107
2747.79	0.162481
2843.78	0.156997
2937.46	0.151399
3028.62	0.146009
3117.12	0.140934
3203.21	0.136187
3288.01	0.131724
3355.23	0.128108
3420.46	0.124904
3481.57	0.121944
3541.55	0.119065
3595.39	0.116574
3646.04	0.11432
3688.65	0.11245
3729.15	0.110721
3768.74	0.109049
3802.7	0.107636
3836.2	0.106296
3864.99	0.10515
3894.19	0.104018
3921.99	0.102951
3946.96	0.101992
3973.67	0.100991
3999.29	0.100044
4024.59	0.099121
4050.36	0.0981934
4076.74	0.0972578
4103.72	0.0963114
4132.28	0.0953252
4163.95	0.0942548
4196.16	0.0931856
4231.6	0.0920409
4271.94	0.0908157
4313.64	0.0897678
4373.1	0.089487
4433.85	0.0956005
4496.77	0.133712
4574.17	0.270959
4654.74	0.356023
4729.35	0.432593
4797.61	0.503017
4861.08	0.5734
4919.67	0.672093
4905.99	0.460519
4893.73	0.257655
4890.27	0.139711
2549.6	0.173832
2549.18	0.172285
2548.3	0.169722
2648.45	0.167132
2747.04	0.162517
2843.58	0.157019
2937.81	0.15139
3029.48	0.14597
3118.48	0.140866
3205.06	0.136094
3290.5	0.131608
3358.31	0.127955
3424.58	0.124641
3487.46	0.121601
3546.18	0.118831
3598.39	0.116413
3646.82	0.114253
3691.12	0.112318
3733.96	0.110509
3769.99	0.109015
3797.97	0.107844
3831.35	0.106509
3863.11	0.105239
3892.54	0.104084
3920.31	0.103012
3946.71	0.102006
3972.85	0.101027
3998.7	0.100071
4024.7	0.0991231
4051.36	0.0981655
4078.92	0.0971914
4106.14	0.0962378
4134.55	0.0952624
4163.57	0.094266
4198	0.0931326
4235.12	0.09199
4276.39	0.0910359
4322.33	0.0913339
4376.55	0.0966376
4435.77	0.113378
4498.91	0.151416
4571.7	0.25692
4649.43	0.364974
4724.71	0.427685
4792.07	0.49737
4853.39	0.570311
4909.61	0.672409
4897.74	0.445209
4886.92	0.236268
4884.7	0.133462
2549.39	0.173846
2548.99	0.172295
2548.19	0.169723
2648.26	0.16713
2747.04	0.162514
2843.93	0.157008
2938.51	0.151367
3030.39	0.14594
3119.25	0.14085
3204.7	0.136133
3285.88	0.131809
3359.17	0.12794
3428.18	0.124474
3493.53	0.121327
3553.39	0.118503
3601.26	0.116279
3647.97	0.114222
3691.47	0.112338
3729.74	0.11067
3767.5	0.109088
3800.17	0.107732
3832.2	0.106444
3862.86	0.105229
3891.85	0.104096
3919.45	0.103033
3945.97	0.102025
3971.95	0.101052
3997.76	0.100098
4024.1	0.099137
4051.78	0.0981412
4082.8	0.0970514
4108.27	0.096156
4136.02	0.0952084
4166.34	0.0942069
4200.38	0.0932071
4238.21	0.0926103
4280.28	0.0942893
4326.88	0.106385
4377.61	0.153773
4433.31	0.216219
4503.13	0.287656
4578.28	0.356469
4656.66	0.405211
4717.64	0.436422
4784.79	0.486868
4842.98	0.552959
4891.29	0.647298
4887.95	0.380137
4880.59	0.211052
4879.22	0.124678
2549.41	0.173842
2549.03	0.172287
2548.27	0.169709
2648.56	0.167108
2747.63	0.162481
2844.85	0.156963
2939.68	0.151312
3031.69	0.145882
3120.41	0.140798
3205.27	0.136098
3285.55	0.131791
3360.5	0.127878
3431.51	0.12432
3501.13	0.121008
3552.8	0.118499
3605.28	0.116111
3650.57	0.114071
3692.61	0.112245
3730.95	0.110602
3766.95	0.109099
3800.15	0.107732
3831.86	0.106455
3862.08	0.105257
3890.76	0.104137
3918.24	0.103079
3944.78	0.10207
3970.67	0.1011
3996.19	0.100155
4022.52	0.0991944
4049.72	0.0982158
4078.33	0.0972042
4106.98	0.0962031
4135.26	0.0952237
4165.73	0.0941946
4199.62	0.0930929
4237.85	0.0919714
4280.25	0.0911294
4326.72	0.0916103
4378.69	0.0971955
4436.25	0.115138
4498.27	0.154182
4570.48	0.262346
4653.1	0.36656
4724.38	0.4386
4784.06	0.490982
4842.35	0.567466
4897.05	0.672632
4885.52	0.433919
4875.99	0.225021
4874.5	0.129997
2549.65	0.173823
2549.27	0.172264
2548.5	0.169679
2649.29	0.167068
2748.8	0.16242
2846.37	0.156881
2941.46	0.151216
3033.64	0.145779
3122.41	0.140696
3207.09	0.136002
3286.93	0.131709
3361.96	0.127816
3432.32	0.124303
3497.09	0.121161
3554.71	0.118402
3612.59	0.115805
3652.66	0.113966
3693.83	0.112207
3731.12	0.110614
3766.04	0.109153
3798.77	0.107804
3830.47	0.106525
3860.64	0.105327
3889.03	0.104214
3916.53	0.103154
3943.24	0.102139
3969.17	0.101168
3993.66	0.100256
4020.42	0.0992739
4047.07	0.0983114
4075.13	0.0973134
4107.86	0.096183
4134.6	0.0952528
4164.42	0.0942783
4197.76	0.0933219
4237.01	0.0926961
4280.18	0.0936014
4325.04	0.0964809
4376.68	0.0981147
4433.87	0.114775
4497.02	0.146606
4563.25	0.231299
4648.07	0.344001
4718.8	0.420064
4777.88	0.496472
4837.48	0.56816
4892.52	0.67266
4881.07	0.436223
4871.89	0.227022
4870.5	0.134248
2550.1	0.173787
2549.71	0.172225
2548.92	0.169634
2650.49	0.167008
2750.62	0.162326
2848.59	0.156757
2943.93	0.151071
3036.36	0.145623
3125.47	0.140534
3210.4	0.135839
3289.52	0.131562
3364.28	0.127696
3434.78	0.124207
3496.25	0.121185
3552.39	0.118522
3605.01	0.116128
3651.38	0.114033
3697.77	0.112039
3731.89	0.110569
3765.59	0.109173
3796.29	0.107901
3829.06	0.106575
3859.88	0.105353
3886.99	0.104289
3914.69	0.103225
3941.86	0.102192
3968.27	0.1012
3994.66	0.100225
4018.7	0.0993433
4043.79	0.0984422
4068.53	0.0975569
4100.15	0.0964563
4129.73	0.0954305
4159.72	0.0944164
4189.41	0.0934395
4232.9	0.0923122
4278.2	0.0932496
4328.84	0.111108
4371.55	0.159798
4425.24	0.218063
4493.25	0.285312
4565.98	0.355093
4642.81	0.403105
4714.48	0.453881
4780.44	0.513
4829.22	0.557344
4877.8	0.647749
4874.16	0.379421
4868.06	0.217229
4867.13	0.146869
2550.78	0.173733
2550.38	0.172166
2549.54	0.16957
2652.31	0.166925
2753.3	0.162197
2851.64	0.156585
2947.09	0.150874
3039.74	0.145408
3129.67	0.140293
3216.17	0.135563
3292.86	0.131353
3367.07	0.127522
3442.37	0.123855
3496.77	0.121168
3549.64	0.118688
3599.82	0.116395
3646.31	0.114308
3689.94	0.112402
3728.52	0.110737
3764.27	0.109234
3798.26	0.10784
3827.04	0.10667
3854.51	0.105571
3885.3	0.104371
3912.57	0.103302
3940.66	0.102231
3966.95	0.101242
3992.34	0.1003
4017.22	0.0993877
4042.4	0.0984782
4068.36	0.0975512
4096.85	0.0965543
4126.38	0.0955313
4157.35	0.0944741
4190.91	0.0933513
4230.5	0.0921188
4274.35	0.0911177
4316.96	0.0922532
4366.53	0.099646
4421.58	0.11589
4481.62	0.152981
4552.68	0.261371
4637.67	0.365095
4711.64	0.435879
4777.74	0.506757
4837.78	0.58148
4887.61	0.672498
4875.53	0.440685
4865.88	0.231312
4864.11	0.135984
2551.7	0.173658
2551.31	0.172082
2550.47	0.169477
2655.06	0.166808
2757.32	0.162018
2855.79	0.156357
2950.8	0.150636
3043.16	0.145162
3134.26	0.139968
3228.39	0.134916
3295.06	0.131197
3364.98	0.127682
3432.94	0.124361
3493.85	0.121397
3547.27	0.11883
3596.8	0.116546
3642.39	0.114493
3686.69	0.112524
3726.54	0.110809
3762.96	0.109279
3797.2	0.107878
3825.86	0.106714
3852.9	0.105623
3884.87	0.104376
3914.07	0.103246
3940.18	0.102253
3965.91	0.101289
3990.32	0.100381
4015.69	0.0994444
4040.9	0.0985316
4066.81	0.0976071
4094.11	0.0966464
4123.7	0.0956221
4154.97	0.0945539
4189.45	0.0934028
4227.4	0.0921863
4271.19	0.0909196
4307.95	0.0901111
4365.49	0.0900746
4412.53	0.0932422
4475.1	0.11402
4538.53	0.204828
4629.76	0.338228
4706.22	0.418293
4773.34	0.487562
4833.23	0.56049
4882.89	0.671801
4873.92	0.422663
4863.5	0.229549
4861.18	0.134008
2552.83	0.17356
2552.52	0.171963
2551.81	0.169329
2659.31	0.166616
2763.79	0.161736
2861.59	0.156051
2954.91	0.15041
3045.14	0.145078
3132.75	0.140103
3217.1	0.135505
3291.51	0.131425
3362.55	0.127751
3431.14	0.124342
3499.18	0.121095
3547.54	0.118747
3595.89	0.116551
3642.59	0.114481
3684.3	0.112649
3724.63	0.110937
3760.69	0.10943
3793.72	0.108052
3825.5	0.10674
3855.88	0.105519
3885.34	0.104363
3913.54	0.103273
3940.21	0.102256
3965.87	0.101292
3990.39	0.100382
4014.49	0.0994894
4039.36	0.0985941
4064.97	0.0976836
4090.65	0.096774
4121.38	0.0957085
4151.92	0.0946703
4184.79	0.0935725
4221.84	0.0923388
4263.3	0.0910327
4310.87	0.0897467
4355.08	0.0892195
4407.26	0.0915961
4467.47	0.111618
4529.74	0.212462
4620.93	0.348854
4698.81	0.429025
4767.8	0.498645
4830.56	0.569893
4887.4	0.671188
4873.71	0.457915
4861.5	0.256035
4857.71	0.140323
2554.1	0.173444
2553.92	0.171807
2553.6	0.169084
2665.72	0.166242
2775.58	0.161152
2870.04	0.15554
2959.82	0.150114
3047.04	0.14499
3131.47	0.140192
3212.37	0.13574
3287.73	0.131666
3358.79	0.127973
3425.98	0.124613
3488.84	0.121576
3543.36	0.118956
3593.85	0.116634
3641.35	0.114518
3683.9	0.112674
3722.51	0.110991
3761.88	0.109336
3796.94	0.107884
3829.42	0.106573
3858.16	0.105425
3886.03	0.10433
3914.03	0.103253
3940.82	0.102232
3966.58	0.101265
3991.3	0.100349
4013.46	0.0995345
4037.23	0.0986764
4062.42	0.0977759
4091.52	0.0967577
4117.76	0.0958345
4147.45	0.0948274
4175.98	0.0938526
4215.32	0.0925595
4253.27	0.0913376
4303.97	0.0899601
4357.52	0.0898894
4407.03	0.0961501
4457.99	0.11852
4522.18	0.228227
4609.6	0.360507
4689.33	0.436331
4760.5	0.50389
4825.56	0.572623
4884.91	0.670632
4870.49	0.464726
4857.43	0.269378
4852.65	0.144725
2555.38	0.173336
2555.25	0.171659
2555.37	0.168793
2673.45	0.165635
2801.35	0.159644
2881.29	0.154703
2965.02	0.149755
3049.06	0.14492
3130.67	0.140301
3209.85	0.135947
3284.67	0.131928
3355.13	0.128261
3421.26	0.124931
3482.91	0.121926
3539.26	0.119225
3590.94	0.116858
3637.79	0.114704
3684.04	0.112673
3726.16	0.110859
3764.23	0.109247
3799.88	0.107778
3834.33	0.106397
3860.44	0.105339
3884.81	0.104371
3914.97	0.103212
3942.07	0.102177
3968.43	0.10119
3991.81	0.100325
4014.35	0.0995025
4037.09	0.0986749
4063.25	0.0977478
4086.31	0.096926
4116.35	0.0958877
4146.62	0.0948513
4178.26	0.0937846
4213.53	0.0926304
4250.76	0.0914263
4298.55	0.0901782
4349.64	0.0903648
4405.15	0.10082
4451.02	0.153775
4517	0.259858
4589.91	0.373185
4677.48	0.441161
4751.15	0.506361
4817.79	0.573531
4878.33	0.670222
4863.94	0.465985
4850.57	0.274094
4845.32	0.146799
2556.61	0.173266
2556.11	0.17163
2555.27	0.168896
2670.36	0.165991
2783.63	0.16073
2883.67	0.154807
2967.58	0.149613
3052.24	0.144797
3130.89	0.140294
3211.1	0.135834
3285.23	0.131841
3354.89	0.128219
3420.09	0.124931
3481.73	0.121983
3537.56	0.119249
3591.45	0.116754
3640.58	0.114529
3687.25	0.112486
3732.99	0.11055
3767.53	0.109077
3802.48	0.107661
3836.65	0.106299
3864.44	0.105183
3891.44	0.104129
3917.48	0.103123
3943.01	0.102157
3966.5	0.101269
3989.74	0.100397
4014.55	0.0994859
4038.44	0.0986187
4063.21	0.097735
4088.35	0.0968454
4116.13	0.0958816
4145.75	0.0948671
4177.56	0.0937967
4211.66	0.0926762
4249.78	0.0915305
4294.07	0.0909288
4341.67	0.0933904
4396.43	0.108845
4451.69	0.168275
4509.07	0.263469
4590.55	0.369109
4668.42	0.440876
4740.48	0.506917
4807.41	0.573786
4868.51	0.669943
4854.2	0.466158
4840.75	0.276001
4835.32	0.147837
2558.14	0.173183
2557.1	0.171598
2555.13	0.168967
2668.12	0.166177
2777.64	0.161098
2879.2	0.155242
2971	0.149598
3058.23	0.144436
3141.49	0.139663
3215.05	0.135558
3286.66	0.131793
3353.73	0.128352
3421.56	0.124861
3483.24	0.121836
3539.43	0.119132
3592.78	0.116672
3641.99	0.114459
3687.73	0.112458
3730.89	0.110624
3766.93	0.109091
3803.65	0.107595
3841.29	0.106102
3868.06	0.105031
3894.51	0.104
3921.24	0.102976
3944.87	0.102072
3969.15	0.101158
3992.23	0.100299
4015.84	0.099436
4039.5	0.0985801
4063.83	0.0977112
4089.19	0.0968172
4115.97	0.0958857
4145.08	0.0948906
4177.4	0.0938166
4209.05	0.0928067
4246.35	0.0918018
4279.96	0.0912386
4332.5	0.0918772
4386.15	0.10243
4440.39	0.151103
4512.96	0.290809
4579.74	0.374324
4654.14	0.442252
4726.47	0.507579
4793.97	0.574015
4855.54	0.669813
4841.32	0.465955
4827.89	0.276569
4822.48	0.148352
2560.51	0.173031
2558.8	0.171486
2555.65	0.168898
2668.4	0.16611
2778.15	0.161012
2882.55	0.155085
2976.6	0.14932
3065.4	0.144038
3142.2	0.139563
3216.76	0.135502
3292.61	0.131433
3364.41	0.127743
3425.21	0.124642
3486.22	0.121732
3540.09	0.119136
3594.26	0.116619
3642.98	0.114429
3687.1	0.112494
3726.44	0.1108
3762.42	0.109276
3801.01	0.107712
3837.41	0.106253
3868.74	0.105001
3898.11	0.103853
3928.14	0.102712
3950.7	0.10185
3972.35	0.101044
3993.94	0.10024
4017.27	0.0993893
4040.47	0.0985502
4064.46	0.0976943
4090.08	0.0967954
4115.39	0.0959184
4143.56	0.0949679
4172.26	0.0940192
4203.9	0.0930906
4237.91	0.0925126
4278.67	0.0939943
4325.99	0.105261
4376.22	0.152237
4432.15	0.227694
4511.7	0.328681
4575.63	0.396009
4631.04	0.450028
4708.75	0.509255
4777.41	0.574392
4839.38	0.669877
4825.26	0.465268
4811.91	0.275792
4806.72	0.148266
2564.34	0.17276
2561.72	0.171266
2556.96	0.168722
2670.74	0.165899
2782.5	0.160663
2894.23	0.154382
2985	0.148794
3064.52	0.144062
3147.33	0.139296
3224.76	0.135003
3298.91	0.131055
3368.32	0.127474
3432.04	0.124269
3492.69	0.121355
3549.15	0.118705
3597.18	0.116495
3644.67	0.114405
3687.48	0.112521
3721.83	0.111025
3752	0.109724
3797.59	0.107876
3836.02	0.106316
3869.19	0.104989
3899.23	0.103813
3927.36	0.102735
3952.34	0.101787
3974.59	0.100951
3996.93	0.100128
4018.91	0.0993299
4040.74	0.0985394
4063.59	0.0977276
4086.29	0.0969219
4112.38	0.0960133
4140.05	0.0950714
4167.9	0.0941451
4196.42	0.0931987
4226.04	0.0922785
4270.04	0.0912878
4316.23	0.0920034
4366.19	0.101309
4419.71	0.142615
4489.05	0.268689
4561.89	0.381175
4632.25	0.454575
4691.45	0.509854
4758.39	0.574445
4819.86	0.670205
4805.94	0.463203
4792.75	0.272143
4788.16	0.146876
2570.55	0.172297
2566.53	0.1709
2559.14	0.168499
2674.12	0.165751
2785.32	0.160614
2891.17	0.154651
2986.17	0.148857
3072.23	0.143637
3154.6	0.138899
3232.48	0.134593
3306.15	0.130679
3373.97	0.127172
3437.85	0.123992
3499.2	0.121059
3551.66	0.118575
3602.7	0.116277
3647.11	0.114312
3686.79	0.112545
3726.7	0.110815
3763.4	0.109277
3798.29	0.107827
3837.22	0.106266
3870.52	0.104937
3900.42	0.103767
3928.32	0.102694
3955.74	0.101661
3976.15	0.100893
3997.3	0.100117
4017.76	0.0993658
4040.88	0.0985353
4061.36	0.0978028
4085.91	0.0969414
4109.65	0.0961185
4134.66	0.0952566
4160.74	0.0943607
4191.14	0.09334
4224.03	0.0922654
4263.1	0.0911211
4306.44	0.0905187
4353.87	0.094351
4404.71	0.125186
4469.91	0.252764
4555.24	0.37626
4616.95	0.444637
4682.85	0.513524
4735.69	0.574474
4795.8	0.670825
4783.26	0.45413
4770.58	0.259242
4767.13	0.142773
2580.48	0.171529
2574.41	0.17027
2562.96	0.168069
2680.26	0.165392
2791.88	0.160257
2896.84	0.154305
2993.72	0.148462
3080.66	0.143201
3163.01	0.138487
3240.79	0.134191
3315.38	0.13023
3379.49	0.126933
3442.02	0.12387
3500.08	0.12105
3555.31	0.118466
3603.21	0.116213
3652.76	0.114008
3695.96	0.11211
3736.04	0.1104
3772.88	0.108864
3805.72	0.10751
3841.38	0.106089
3872.99	0.104836
3901.75	0.103715
3928.37	0.102693
3953.07	0.10176
3975.19	0.100933
3996.6	0.100142
4017.75	0.0993695
4039.14	0.0985972
4061.28	0.0978073
4081.75	0.0970819
4104.31	0.0962917
4130.25	0.0953951
4156.67	0.0944899
4186.47	0.0934914
4219.34	0.0924148
4255.82	0.0912995
4296.75	0.0904959
4341.44	0.0927899
4384.3	0.110742
4446.24	0.201699
4531.77	0.338974
4596.64	0.423605
4662.06	0.49031
4720.53	0.559962
4764.05	0.646781
4758.15	0.410642
4746.74	0.230791
4744.22	0.137717
2596.11	0.170343
2587.34	0.169265
2570.04	0.167283
2691.03	0.164672
2803.43	0.15954
2908.4	0.153576
3008.56	0.147576
3090.59	0.142627
3172.56	0.138062
3248.55	0.133897
3319.51	0.130039
3385.26	0.126637
3448.07	0.123582
3506.73	0.120688
3562.7	0.118062
3613.12	0.115744
3660.7	0.113635
3704.38	0.11174
3745	0.11002
3783	0.108449
3817.37	0.107044
3846.91	0.105861
3876.03	0.104721
3903.35	0.10366
3928.9	0.102682
3952.66	0.101772
3974.89	0.100939
3996.03	0.100158
4016.39	0.0994145
4036.38	0.0986926
4058.45	0.0979008
4080.51	0.0971181
4104.84	0.0962722
4127.59	0.0954876
4151.84	0.0946538
4181.8	0.0936516
4214.54	0.0925927
4248	0.0916207
4287.52	0.0909378
4327.86	0.0921011
4376.2	0.1074
4430.35	0.191994
4512.61	0.336893
4583.74	0.423974
4638.9	0.488621
4697.23	0.562845
4750.74	0.66991
4736.07	0.454248
4725.48	0.253538
4719.61	0.150883
2620.03	0.168713
2608.37	0.16786
2585.66	0.166037
2709.22	0.163378
2820.67	0.158414
2922.47	0.152746
3011.64	0.147302
3103.22	0.141946
3188.32	0.137137
3257.65	0.133287
3324.47	0.129744
3394.62	0.126161
3458.07	0.123015
3516.67	0.120188
3571.28	0.117643
3621.63	0.115356
3668.44	0.11329
3711.93	0.111414
3752.93	0.109687
3793.38	0.10804
3820.43	0.106906
3851.44	0.105677
3879.79	0.104563
3905.99	0.103546
3930.53	0.102607
3953.12	0.101751
3975.05	0.100933
3994.97	0.100199
4015.33	0.0994506
4035.55	0.0987176
4056.63	0.0979634
4078.42	0.0971918
4101.06	0.0963995
4124.82	0.0955777
4151.3	0.0946805
4177.38	0.0938141
4206.37	0.0928586
4238.94	0.0918103
4275.88	0.0908831
4316.85	0.0914515
4363.27	0.102915
4413.22	0.169463
4490.49	0.318949
4556.17	0.413124
4609.86	0.494137
4669.79	0.568428
4726.14	0.672638
4711.39	0.474809
4702.13	0.337156
4690.77	0.185985
2654.93	0.166732
2639.84	0.166226
2606.29	0.164859
2738.05	0.162041
2851.09	0.156675
2948.82	0.150991
3041.05	0.145464
3118.98	0.140948
3191.57	0.136809
3269.51	0.132612
3339.58	0.12891
3406.37	0.125531
3468.48	0.122478
3526.15	0.119727
3579.71	0.117246
3629.32	0.115008
3675.34	0.112986
3718.04	0.111152
3757.74	0.109485
3794.49	0.107976
3825.99	0.106688
3855.97	0.105497
3883.42	0.104419
3908.4	0.10345
3932.64	0.102526
3953.2	0.101751
3972.99	0.101007
3994.17	0.100225
4014.57	0.099478
4034.44	0.098757
4055.07	0.0980187
4076.87	0.0972481
4097.97	0.0965093
4121.55	0.0956995
4145.01	0.0948865
4171.6	0.0939893
4200.77	0.0930275
4229.3	0.0921109
4264.36	0.0911543
4304.61	0.091311
4348.84	0.0999814
4395.18	0.153851
4465.63	0.306821
4529.04	0.410489
4586.67	0.491463
4637.04	0.568548
4690.78	0.674536
4674.2	0.480044
4661.58	0.318745
4655.75	0.16944
2703.98	0.164418
2688.93	0.164242
2641.54	0.163194
2784.06	0.159703
2894.66	0.154029
2978.03	0.149096
3054.44	0.144442
3137.08	0.139789
3212.24	0.135594
3285.14	0.131708
3353.68	0.128151
3418.32	0.124907
3478.8	0.12196
3535.16	0.119292
3587.57	0.116879
3636.22	0.114696
3681.34	0.112721
3723.14	0.110932
3761.81	0.109311
3797.49	0.107845
3830.02	0.106529
3860.39	0.105325
3887.24	0.104271
3909.67	0.103402
3930.87	0.102592
3953.08	0.101752
3973.51	0.100986
3993.9	0.100233
4014.48	0.0994825
4033.15	0.0988047
4053.3	0.0980871
4072.58	0.0973984
4094.45	0.096629
4117.07	0.0958439
4140.64	0.0950326
4166.24	0.0941658
4194.07	0.0932397
4224.2	0.092267
4251.74	0.0914654
4292.62	0.0910756
4334.92	0.0960538
4379.21	0.131423
4433.28	0.263399
4496.07	0.390346
4547.19	0.478912
4593.74	0.565331
4643.11	0.676711
4629.47	0.470418
4617.89	0.278919
4616.55	0.147783
2766.74	0.161634
2769.11	0.161414
2783.49	0.160268
2860.03	0.155999
2935.8	0.151419
3010.71	0.146914
3084.4	0.142587
3159	0.138423
3231.17	0.134495
3300.89	0.130825
3367.24	0.127428
3429.86	0.124313
3488.6	0.121473
3543.48	0.118892
3594.62	0.116549
3642.2	0.114425
3686.4	0.112498
3727.35	0.110751
3765.15	0.109169
3800.25	0.107729
3833.17	0.106401
3865.67	0.105125
3887.06	0.104273
3910.93	0.103351
3933.15	0.102504
3953.66	0.101728
3973.36	0.100992
3993.17	0.100264
4012.21	0.0995666
4032.02	0.0988453
4051.55	0.0981439
4071.18	0.0974451
4091.97	0.0967143
4113.81	0.0959547
4136.83	0.0951622
4161.61	0.0943208
4188.4	0.0934249
4217.28	0.0924824
4247.97	0.0915636
4283.41	0.0909942
4322.35	0.0933184
4364.01	0.112102
4406.27	0.193463
4461.79	0.337276
4503.32	0.437035
4541.79	0.518429
4575.24	0.581266
4579.13	0.389582
4574.31	0.2036
4577.26	0.121844
2825.34	0.158407
2835.5	0.157816
2861.31	0.156098
2913.12	0.152721
2975.04	0.148868
3041.45	0.144921
3109.92	0.141009
3179.49	0.137184
3248.41	0.133502
3315.61	0.130015
3379.95	0.12676
3440.59	0.123766
3497.51	0.121031
3550.83	0.118538
3600.58	0.11627
3647.06	0.114204
3690.4	0.112321
3730.65	0.11061
3767.45	0.109072
3801.76	0.107667
3833.69	0.106382
3863.35	0.105209
3889.31	0.10419
3911.93	0.103314
3935.65	0.102418
3953.95	0.101725
3970.59	0.101095
3992.65	0.100282
4012.56	0.099551
4031.7	0.0988559
4050.66	0.0981744
4069.97	0.0974873
4090.19	0.096776
4111.52	0.0960336
4133.82	0.095265
4157.92	0.0944459
4183.98	0.0935747
4212.26	0.0926706
4243.47	0.0919451
4274.99	0.0923393
4310.92	0.0980725
4348.32	0.125225
4388.85	0.191099
4429.58	0.253471
4471.9	0.330264
4505.53	0.411619
4529.97	0.460944
4535.82	0.26525
4540.77	0.143692
4542.78	0.0992905
2871.54	0.155397
2883.97	0.154598
2910.68	0.152822
2953.36	0.150045
3006.74	0.146777
3066.71	0.143293
3130.59	0.139725
3196.58	0.136158
3263.07	0.132663
3328.64	0.129309
3391.69	0.12616
3450.25	0.123277
3505.21	0.120649
3556.96	0.118244
3605.11	0.116058
3650.52	0.11405
3693.16	0.112204
3733.34	0.110503
3768.46	0.109033
3802.21	0.107663
3833.44	0.106406
3862.04	0.10527
3886.89	0.104288
3911.91	0.103316
3934.59	0.10245
3954.68	0.101689
3973.79	0.100974
3993.98	0.10023
4013.82	0.0995051
4032.1	0.0988406
4050.38	0.0981837
4069.23	0.0975136
4089.05	0.0968159
4110.43	0.0960729
4131.54	0.0953454
4155.19	0.0945448
4180.65	0.0936993
4207.98	0.0928303
4235.59	0.0919914
4267.24	0.0911275
4300.94	0.0911346
4336.35	0.0946453
4372.99	0.107837
4407.72	0.130132
4438.66	0.174898
4467.4	0.253375
4494.4	0.29849
4503.79	0.158327
4511.46	0.104851
4514.33	0.0882618
2902.74	0.153133
2915.48	0.152281
2941.3	0.150598
2979.85	0.148185
3028.52	0.1453
3084.45	0.142132
3145.23	0.138803
3208.99	0.135406
3274.21	0.132022
3339.57	0.128726
3403.12	0.125607
3458.68	0.122854
3511.26	0.120351
3561.87	0.118008
3607.68	0.115953
3652.18	0.114002
3694.04	0.112194
3732.58	0.110552
3769.76	0.108982
3803.5	0.107597
3834.37	0.106353
3862.57	0.105234
3888.2	0.104229
3912.3	0.103298
3934.62	0.102447
3955.29	0.101666
3975.19	0.100922
3995.39	0.100177
4016.81	0.0993979
4033.07	0.0988048
4050.51	0.0981804
4068.87	0.0975294
4088.11	0.0968542
4107.02	0.0961896
4129.16	0.0954251
4152.46	0.0946307
4177.28	0.0937955
4203.72	0.09292
4231.6	0.0920112
4261.75	0.0910631
4293.69	0.09019
4326.86	0.0897412
4360.45	0.0906549
4392.81	0.0941784
4422.46	0.103942
4447.61	0.12553
4467.1	0.139258
4482.26	0.103713
4490.58	0.0888041
4494.25	0.0849717
2918.35	0.151891
2931	0.151044
2956.15	0.149441
2992.97	0.147207
3039.55	0.144516
3093.57	0.141511
3152.84	0.138305
3215.62	0.134989
3280.66	0.131634
3347.58	0.128283
3417.73	0.124925
3465.2	0.122534
3514.37	0.120237
3560.3	0.118065
3608.8	0.11589
3653.68	0.113909
3695.46	0.112102
3734.28	0.110453
3770.67	0.108937
3804.17	0.107566
3834.87	0.10633
3862.96	0.105216
3888.69	0.104209
3912.56	0.103288
3934.76	0.102441
3955.59	0.101655
3975.6	0.100908
3995.35	0.100179
4014.8	0.0994693
4032.45	0.0988275
4050.07	0.0981945
4068.22	0.097549
4087.1	0.0968842
4106.71	0.0961983
4128.15	0.0954587
4151.1	0.0946758
4175.58	0.0938502
4201.67	0.0929822
4229.37	0.0920731
4258.88	0.0911226
4289.9	0.0901528
4321.89	0.0892208
4353.96	0.0884638
4384.86	0.0881447
4413.26	0.0889044
4437.74	0.0918737
4457.15	0.0941011
4471.23	0.0879379
4479.87	0.0851676
4483.93	0.0844045
4019.96	0.0992782
4033.22	0.0988003
4050.6	0.0981801
4068.97	0.0975293
4088.49	0.096848
4103.95	0.0963147
4112.14	0.0960135
4131.56	0.0953497
4155.34	0.0945472
4180.83	0.0937104
4208.55	0.0928966
4233.83	0.0924919
4247.26	0.0928269
4274.8	0.0941679
4310.88	0.104573
4346.98	0.150734
4388.16	0.306821
4430.61	0.445365
4461.09	0.469894
4499.44	0.473486
4514.83	0.517614
2689.72	0.16506
2759.52	0.161634
2828.55	0.157818
2861.8	0.155608
2940.93	0.15112
3031.29	0.14603
3090.31	0.142648
3119.59	0.140741
3191.92	0.136861
3271.58	0.132708
3324.95	0.129897
3353.86	0.128204
3418.12	0.125074
3485.38	0.121877
3528.47	0.119823
3553.59	0.118512
3607.12	0.116128
3660.86	0.113789
3691.77	0.112417
3711.42	0.111483
3751.24	0.109819
3789.02	0.108267
3808.39	0.107464
3818.5	0.107015
3788.23	0.108265
3804.1	0.107588
3833.9	0.106402
3864	0.105231
3888.88	0.104236
3915.28	0.10322
3938.55	0.102327
3961.52	0.10147
3977.94	0.100861
3986.47	0.100519
4006.71	0.0997816
4028.98	0.0989743
4051.48	0.0981716
4071.15	0.0974647
4092.85	0.0967005
4118.52	0.0958143
4145.4	0.0948985
4171.91	0.0940075
4176.42	0.0938372
4086.82	0.0969
4108.96	0.0961391
4136.44	0.0952176
4166.83	0.0942645
4200.85	0.0934812
4238.7	0.0938157
4280.71	0.0993211
4326.93	0.125316
4374.82	0.218793
4433	0.39709
4502.87	0.482636
4578.03	0.514214
4655.23	0.530072
4717.28	0.566732
4783.9	0.580697
4841.95	0.602496
4887.43	0.642201
4887.73	0.518358
4084.14	0.0969901
4099.28	0.096468
4108.16	0.0961584
4121.76	0.0956895
4143.98	0.0949656
4167.96	0.0943457
4193.76	0.094582
4207.88	0.0971269
4225.76	0.100152
4260.92	0.125612
4297.19	0.227122
4345.57	0.423023
4371.96	0.493048
4406.31	0.499292
4466.07	0.539119
4521.71	0.577255
4578.76	0.593683
4615.21	0.596558
4652.29	0.596023
4698.15	0.649257
4695.78	0.4786
4688.42	0.386306
3806.84	0.107487
3821.05	0.106901
3831.21	0.106483
3851.71	0.105675
3881.07	0.104534
3908.06	0.103486
3934.21	0.102495
3950.79	0.101871
3960.12	0.101495
3982.64	0.100664
4007.26	0.0997684
4026.94	0.0990421
4046.88	0.0983345
4055.57	0.0980082
4073.3	0.0973801
4098.72	0.0964947
4125.91	0.0955602
4155.31	0.0945768
4174.17	0.0939558
4187.12	0.0934961
4204.85	0.092922
2860.75	0.156095
2882.54	0.154605
2911.76	0.152742
2966.99	0.149577
3052.3	0.144799
3126.86	0.14062
3157.93	0.13862
3213.69	0.135626
3286.77	0.131814
3349.34	0.128658
3375.28	0.127127
3424.18	0.124706
3486.17	0.121763
3535.63	0.119435
3556.09	0.118364
3596.34	0.116548
3644.66	0.114429
3682.14	0.11281
3693.36	0.112243
3726.05	0.110854
3763.45	0.109293
3791.83	0.108144
3798.44	0.107841
3597.04	0.116495
3634.15	0.114828
3680.91	0.112809
3725.49	0.110911
3766.78	0.109184
3802.72	0.107686
3834.84	0.106376
3863.96	0.105213
3892.98	0.104088
3915.86	0.10319
3938.66	0.102314
3961.43	0.101457
3983.5	0.100634
4005.71	0.0998201
4028.08	0.0990128
4046.19	0.0983693
4054.34	0.0980614
4072.83	0.0974137
4093.71	0.0966838
4109.04	0.0961572
3831.78	0.106454
3854.39	0.105561
3879.34	0.104587
3903.17	0.103664
3925.76	0.102799
3947.27	0.101987
3964.38	0.101348
3971.4	0.101069
3986.78	0.1005
4006.4	0.0997832
4025.72	0.09908
4045.17	0.0983794
4065.08	0.0976708
4085.58	0.0969512
4105.48	0.0962583
4126.32	0.095543
4149.65	0.094789
4171.4	0.0941953
4182.91	0.0939782
4205.6	0.0938176
4234.95	0.0952702
4256.45	0.0995998
3670.04	0.113267
3704.42	0.111772
3744.54	0.110091
3781.54	0.108554
3815.75	0.107165
3835.52	0.106362
3847.46	0.105843
3874.99	0.10477
3903.2	0.103678
3929.96	0.102652
3955.29	0.101694
3978.72	0.100817
3999.52	0.10004
4024.85	0.0991265
4049.63	0.0982366
4074.45	0.0973593
4095.85	0.0966177
4105.48	0.0962625
4127	0.095528
4155.97	0.0945634
4177.94	0.0938444
3802.91	0.107644
3823.18	0.106838
3832.19	0.106446
3855.02	0.105542
3880.4	0.104548
3904.2	0.103624
3926.62	0.102764
3947.82	0.101959
3967.97	0.101203
3987.62	0.100476
4006.65	0.0997808
4019.13	0.0993272
4025.46	0.0990828
4041.35	0.0985127
4059.28	0.0978734
4077.78	0.0972203
4095.9	0.0965828
4114.49	0.0959371
4133.57	0.0952823
4151.13	0.0946854
3125.66	0.140564
3184.38	0.137246
3259.88	0.133219
3333.44	0.129391
3403.56	0.125844
3469.64	0.122595
3531.35	0.119647
3588.46	0.116992
3640.82	0.114618
3688.66	0.112506
3732.25	0.110629
3771.6	0.108972
3805.83	0.107546
3839.07	0.106204
3870.25	0.104972
3898.18	0.103878
3921.32	0.102977
3941.43	0.102212
3949.76	0.101892
3998.04	0.100086
4004.58	0.0998429
4009.91	0.0996437
4024.03	0.0991385
4031.87	0.0988552
4042.76	0.0984614
4057.51	0.0979459
4064.83	0.0976735
4081.21	0.0971045
4088.98	0.0968251
4105.43	0.0962596
4119.05	0.0958
4130.45	0.0953941
4150.01	0.094757
4159.57	0.0944367
4182.56	0.0937352
4195.74	0.093269
4218.18	0.0925479
4244.64	0.0919495
4262.43	0.0915657
4296.04	0.0920195
4311.17	0.0940049
4346.86	0.0998945
4377.31	0.123178
4411.29	0.140131
4457.14	0.215715
4477.02	0.24911
3914.91	0.103232
3922.29	0.102928
3942.15	0.102177
3963.05	0.101392
3983.31	0.100648
3991.7	0.100329
4005.73	0.0998123
4026.49	0.0990573
4048.3	0.098276
4069.29	0.0975355
4079.54	0.0971671
4094.07	0.0966512
4118.12	0.0958227
4144.08	0.0949447
4171.69	0.0940368
4185.25	0.0935867
4201.09	0.0930492
4239.37	0.0919184
4279.06	0.0911487
4322.19	0.0922759
4347.78	0.0973655
4371.89	0.10075
4413.89	0.123346
2627.4	0.164949
2646.57	0.164809
2709.24	0.163186
2820.01	0.1584
2922.17	0.152776
2997.58	0.148317
3022.34	0.146505
3089.74	0.142654
3172.11	0.138105
3248.53	0.133962
3293.7	0.131494
3318.26	0.130018
3379.12	0.126967
3441.81	0.123907
3497.24	0.121265
3517.9	0.120176
3551	0.118608
3602.21	0.116323
3647.05	0.11434
3680.29	0.11289
3691.64	0.112331
3721.29	0.111063
3747.15	0.109962
3801.57	0.107698
3813.49	0.107206
3821.06	0.106881
3846.71	0.105875
3875.88	0.104735
3903.19	0.103676
3928.74	0.102705
3941.03	0.102235
3952.89	0.10177
3975.11	0.100942
3996.59	0.100147
4017.95	0.0993694
4037.43	0.098676
4045.24	0.0983802
4061.34	0.0978062
4085.86	0.09695
4109.8	0.0961192
4135.43	0.0952445
4156.91	0.0945369
4169.45	0.0940973
4196.39	0.093224
4216.93	0.0925983
4011.17	0.0996096
4015.21	0.0994579
4029.15	0.0989562
4047.28	0.0983176
4054.56	0.0980478
4071.08	0.0974647
4089.89	0.0968175
4096.26	0.0965784
4116.41	0.0958866
4137.3	0.0951941
4147.44	0.0948155
4175.01	0.0939081
4197.26	0.0931958
4204.64	0.0929282
4235.51	0.0920205
4251.3	0.0918273
4268.79	0.0915067
4304.94	0.0924828
4316.57	0.0962545
4342.07	0.101326
4383.64	0.139351
4390.84	0.204734
4433.61	0.313565
4492.28	0.358635
4503.15	0.403942
4536.73	0.409034
3242.62	0.133969
3294.92	0.131197
3364.79	0.127712
3432.36	0.124417
3493.17	0.121461
3546.82	0.118885
3596.4	0.116602
3640.69	0.114632
3658.96	0.11378
3683.62	0.112684
3724.11	0.110982
3760.37	0.109457
3793.59	0.108068
3825.38	0.106755
3855.8	0.105532
3885.23	0.104377
3913.4	0.103289
3940.1	0.102271
3965.81	0.101308
3989.1	0.100453
3998.27	0.100104
4012.48	0.0995819
4022.9	0.099201
3535.14	0.119433
3550.29	0.118647
3564.55	0.117928
3600.68	0.116311
3647.73	0.114251
3691.61	0.112364
3718.97	0.111198
3735.07	0.110459
3769.86	0.109031
3798.52	0.107829
3829.89	0.106595
3843.11	0.106031
3864.43	0.105179
3894.07	0.104032
3922.17	0.102958
3942.4	0.102195
3952.41	0.101788
3974.88	0.100953
4000.09	0.100029
4024.03	0.099165
4035.16	0.0987577
4049.23	0.0982427
4074.41	0.0973587
4099.68	0.0964809
4117.04	0.0958845
3740.96	0.110191
3743.5	0.110076
3767.61	0.109076
3802.37	0.107679
3836.14	0.106334
3864.34	0.105197
3891.36	0.104139
3917.42	0.103134
3942.86	0.102172
3966.88	0.101268
3985.24	0.100591
3993.8	0.100252
4014.13	0.0995157
4037.36	0.0986716
4063.07	0.0977615
4086.81	0.0969123
4116.42	0.0958945
4146.76	0.0948579
4178.64	0.0937902
4213.84	0.0926611
4235.2	0.0919854
4241.1	0.0917696
3869.73	0.104957
3885.59	0.104341
3893.31	0.104031
3909.6	0.103408
3928.19	0.10271
3934.96	0.102436
3953.18	0.101756
3967.84	0.101217
3975.74	0.100907
3994.84	0.100211
4004.99	0.0998394
4016.42	0.0994151
4035.59	0.0987319
4043.86	0.0984259
4061.2	0.0978145
4079.55	0.0971778
4088.04	0.0968643
4109.88	0.0961179
4128.57	0.0954943
4140.75	0.0950528
4167.94	0.0941741
4183.81	0.0937323
4204.04	0.0931338
4236.91	0.0925166
4253.14	0.0918956
4272.64	0.0914455
4276.47	0.0909926
4279.72	0.0908093
4305.93	0.0902139
4319.54	0.0900292
4352.42	0.0899975
4367.7	0.0936622
4403.62	0.100172
4415.82	0.125303
4447.87	0.166633
4461.85	0.283723
4506.89	0.336727
4529.1	0.402538
4576.01	0.406767
4591.43	0.482383
4628.03	0.484351
4648.57	0.531246
4688.47	0.53209
4701.25	0.581543
4733.01	0.582392
4738.72	0.642883
4760.64	0.646303
4748.8	0.645591
4735.5	0.556845
4718.14	0.555252
4715.39	0.548404
3936.92	0.102365
3954.19	0.10172
3964.97	0.101317
3973.69	0.100979
3993.19	0.100267
4011.4	0.099607
4019.15	0.0993147
4033	0.0988126
4053.53	0.0980842
4070.34	0.0974948
4078.73	0.097182
4097.94	0.0965144
4122.08	0.0956921
4138.65	0.0951368
4151.54	0.0946772
4177.68	0.0938134
4206.38	0.0929096
4222.46	0.0924586
4247.86	0.0917643
4288.24	0.0915161
4324.64	0.0942279
4344.23	0.0979545
4379.97	0.109452
3755.57	0.109591
3779.19	0.108614
3806.63	0.107518
3816.83	0.107074
3840.62	0.106133
3871.01	0.104945
3898.89	0.103845
3926.62	0.102781
3952.67	0.101795
3977	0.100884
3998.8	0.100085
4008.09	0.0997286
4024.88	0.0991167
4049.4	0.0982416
4074.43	0.0973581
4099.76	0.0964716
4125.41	0.0955743
4157.57	0.094501
4189.34	0.0934545
4203.5	0.0929783
4217.84	0.0924862
3772.94	0.108886
3800.79	0.107748
3816.96	0.107092
3833.71	0.106401
3864.87	0.105196
3880.11	0.1046
3893.34	0.104064
3916.08	0.103183
3930.62	0.10263
3941	0.102214
3962.58	0.101412
3977.14	0.100878
3986.16	0.100527
4006.18	0.0997995
4021.25	0.0992629
4029.49	0.0989489
4048.79	0.0982616
4063.9	0.0977285
4071.19	0.0974537
4090.54	0.0967854
4106.9	0.0962232
4114.11	0.0959542
4133.53	0.0952984
4150.48	0.0947453
4151.43	0.0946944
3878.65	0.104612
3896.57	0.103916
3919.6	0.103034
3941.59	0.1022
3960.61	0.101491
3968.13	0.101197
3984.03	0.10061
4006.61	0.099783
4028.64	0.0989869
4048.58	0.0982753
4058.39	0.0979208
4069.91	0.0975021
4090.45	0.0967872
4111.02	0.096066
4135.93	0.0952292
4151.58	0.0947163
4159.3	0.0944504
4183.1	0.0937467
4210.04	0.0931373
4241.75	0.0934473
4266.45	0.0978552
4272.64	0.106919
4298.35	0.125488
4325.63	0.0985018
4333.1	0.119122
4354.96	0.1299
4365.69	0.10199
4370.52	0.0917947
4393.64	0.0926025
4406.21	0.092558
4411.81	0.103282
4435.81	0.127409
4449.69	0.153787
4455.01	0.186363
4482.72	0.262886
4510.11	0.302792
4516	0.379824
4542.41	0.387759
4559.54	0.381551
4559.13	0.422951
4580.25	0.432294
4594.07	0.423925
4586.56	0.468019
4599.18	0.491447
4607.19	0.493949
4588.77	0.509787
4592.27	0.561202
4592.9	0.563669
3636.74	0.114703
3646.06	0.114276
3668	0.113317
3677.68	0.112891
3700.78	0.111916
3711.02	0.111461
3724.18	0.110909
3741.72	0.110168
3749.46	0.109842
3769.35	0.10903
3777.66	0.108676
3790.62	0.10816
3804.92	0.107576
3813.79	0.107199
3831.95	0.106478
3839.8	0.106153
3852.15	0.105675
3863.24	0.105236
3869.36	0.104997
3885.58	0.104369
3893.11	0.104059
3902.46	0.103694
3908.78	0.10344
3844.07	0.105978
3868.2	0.105033
3890.42	0.104185
3896.47	0.103928
3917.24	0.103136
3943.13	0.102162
3962.38	0.101445
3970.63	0.101108
3991.56	0.10034
4014.6	0.0995025
4030.76	0.0989263
4038.92	0.0986115
4062.6	0.0977736
4092.05	0.0967541
4109	0.096168
4122.05	0.0956864
4152.11	0.0946738
4185.32	0.0935869
4204.7	0.0929714
4227.43	0.0922189
4270.81	0.0910156
4303.94	0.0904919
4309	0.0912695
4309.06	0.0912879
3775.43	0.108771
3798	0.107844
3831.22	0.106523
3862.92	0.105257
3892.39	0.1041
3920.19	0.103026
3946.68	0.102016
3972.83	0.101036
3998.72	0.100079
4024.77	0.0991299
4051.46	0.0981731
4078.92	0.0972046
4106.34	0.0962464
4135.14	0.0952673
4153.94	0.094632
4165.81	0.094195
4196.51	0.0931948
4232.17	0.0920614
4271.91	0.0908885
4307.81	0.0899749
4268.49	0.0908762
4274.34	0.0907047
4299.03	0.0900226
4315.19	0.0896804
4338.78	0.0898449
4361.71	0.0897423
4381.04	0.0950236
4413.33	0.103896
4431.91	0.131308
4459.88	0.138605
4487.13	0.140331
4503.82	0.193827
4551.6	0.297729
4576.05	0.369592
4612.03	0.398098
4646.94	0.399595
4667.54	0.468055
4707.8	0.469826
4725.83	0.512672
4751.25	0.52398
4775.95	0.52466
4789.65	0.581104
4821.73	0.582893
4839.22	0.65625
4864.76	0.671838
4879.19	0.67155
4034.22	0.0987657
4050.24	0.0981947
4070.09	0.0974967
4090.77	0.0967802
4106.3	0.0962455
4114.09	0.0959561
4133.6	0.0952958
4157.58	0.094513
4183.33	0.0937846
4206.04	0.0935276
4212.96	0.0942631
4234.7	0.0958927
4266.56	0.106137
4301.82	0.145641
4342.56	0.260169
4351.96	0.403472
4383.56	0.413539
4438.43	0.467291
4490.3	0.497608
4535.46	0.520674
4550.73	0.559895
4548.22	0.567831
4559.71	0.57735
3506.33	0.120685
3547.62	0.118749
3595.75	0.116574
3642.22	0.114516
3684.15	0.112674
3724.31	0.110969
3760.41	0.109458
3794.15	0.108062
3814.56	0.107224
3829.47	0.106577
3857.91	0.105446
3886.01	0.104341
3913.93	0.103265
3940.73	0.102243
3966.49	0.101276
3991.11	0.100364
4013.64	0.0995349
4037.74	0.0986701
4058.77	0.0979339
4066.64	0.097635
4081.14	0.0971253
3623.7	0.115257
3652.48	0.113977
3693.52	0.112234
3730.9	0.110637
3765.84	0.109174
3798.65	0.107821
3830.31	0.106544
3860.45	0.105347
3888.92	0.104231
3916.43	0.10317
3943.15	0.102156
3969.22	0.101182
3991.47	0.100363
4000.19	0.100023
4018.36	0.0993619
4043.8	0.0984517
4069.25	0.097539
4100.02	0.096476
4129.76	0.0954457
4159.82	0.0944357
4182.44	0.0937035
3423.64	0.124569
3465.18	0.122543
3514.64	0.120262
3544.57	0.118863
3563.49	0.117917
3607.39	0.11598
3651.97	0.114027
3693.82	0.112224
3731.41	0.110641
3747.12	0.109948
3767.95	0.10906
3801.97	0.107684
3833.23	0.106425
3861.92	0.105288
3884.72	0.104397
3893.68	0.104023
3911.59	0.103332
3935.27	0.10244
3953.77	0.101737
3968.45	0.101184
3958.33	0.101557
3958.45	0.101552
3976.29	0.10089
3997.53	0.100116
4012.71	0.0995695
4020.34	0.0992749
4040.7	0.0985449
4063.94	0.0977231
4083.04	0.0970613
4092.42	0.0967117
4115.38	0.0959253
4143.97	0.094967
4169.64	0.0941368
4181.63	0.0937056
4209.07	0.092856
4246.61	0.0919931
4280.33	0.0923036
4301.62	0.0940625
4341.29	0.0977171
4396.45	0.12266
4446.8	0.204386
4469.08	0.320152
4516.75	0.35474
4566.47	0.373581
3936.27	0.102397
3950.88	0.101844
3972.39	0.101048
3994.15	0.10024
4017.29	0.099397
4040.57	0.0985549
4064.64	0.0976968
4090.09	0.0968053
4115.68	0.0959195
4143.67	0.0949815
4172.56	0.0940572
4204.18	0.0932712
4238.51	0.0933985
4279.24	0.0981373
4325.98	0.121891
4373.76	0.211151
4432.64	0.382411
4510.67	0.428264
4575.48	0.453187
4619.4	0.458199
2876.97	0.15496
2881.18	0.154687
2898.64	0.153641
2978.11	0.149115
3028.85	0.146117
3047.64	0.144902
3118.93	0.140962
3180.87	0.137562
3199.7	0.136345
3257.18	0.133316
3320.61	0.130042
3341.61	0.128819
3384.63	0.126665
3447.49	0.123664
3476.89	0.122202
3500.85	0.120989
3555.23	0.118501
3591.05	0.116866
3605.84	0.116114
3646.87	0.114336
3682.38	0.11279
3693.05	0.112264
3721.24	0.111061
3748.24	0.109912
3894.64	0.103992
3914.02	0.10325
3929.02	0.10269
3939.07	0.102295
3960.98	0.101481
3982.93	0.100661
4005.83	0.0998285
4017.81	0.0993908
4027.97	0.0990058
4048.97	0.0982513
4072.18	0.097431
4095.16	0.0966345
4105.54	0.0962673
4118.19	0.0958163
4144.06	0.0949434
4172.16	0.094009
4201.44	0.0930724
4212.76	0.0927309
4232.33	0.0921466
4268.55	0.0914926
4306.66	0.0921176
4338.74	0.0952077
2817.54	0.158407
2881.04	0.154657
2965.02	0.14974
3048.88	0.144926
3130.46	0.140319
3209.49	0.135981
3284.3	0.13197
3354.74	0.128307
3420.84	0.124982
3482.41	0.121979
3538.79	0.119281
3590.48	0.1169
3637.66	0.114735
3683.6	0.112719
3725.69	0.110904
3763.91	0.109284
3799.61	0.107812
3833.32	0.106461
3859.94	0.10538
3879.19	0.104619
2956.45	0.150622
2986.89	0.148603
3061.6	0.144312
3090.45	0.142427
3141.54	0.139581
3214.92	0.135684
3244.34	0.133986
3286.06	0.131803
3353.44	0.128414
3385.66	0.126701
3419.68	0.124944
3481.62	0.122033
3513.94	0.120474
3539.48	0.119204
3590.99	0.116884
3622.21	0.115464
3642	0.11449
3683.88	0.112698
3711.75	0.111522
3725.98	0.110871
3760.68	0.109443
3786.7	0.108376
3798.58	0.107825
3825.67	0.106733
3846.34	0.105919
3849.62	0.105779
3955.65	0.101692
3958.26	0.101575
3977.97	0.100835
4000.83	0.0999934
4025	0.0991166
4049.59	0.0982324
4074.81	0.0973374
4101.29	0.0964152
4127.38	0.095514
4155.98	0.0945588
4186.23	0.0935874
4226.58	0.0925401
4260.38	0.0922503
4277.92	0.0928948
4320.31	0.0961039
4373.55	0.113495
4427.5	0.178772
4487.19	0.332782
4568.24	0.418842
4646.59	0.436517
4711.12	0.452647
4120.67	0.0957491
4135.06	0.0952457
4164.8	0.0943283
4198.38	0.0936246
4237.54	0.0943054
4280.91	0.101256
4316.95	0.126215
4329.83	0.168199
4370.01	0.299863
4425.06	0.438251
4492.94	0.501661
4565.79	0.532115
4642.19	0.546745
4713.77	0.56384
4779.05	0.581037
4828.65	0.616691
4873.62	0.64415
4873.62	0.383671
4868.17	0.225961
4867.52	0.179245
3701.43	0.111859
3732.03	0.110568
3765.7	0.109184
3791.85	0.108124
3801.95	0.10768
3826.59	0.106694
3854.71	0.105569
3885.37	0.104387
3903.99	0.103668
3914.99	0.103211
3940.03	0.102266
3965.86	0.101299
3989.59	0.100426
3999.66	0.100045
4014.36	0.0994969
4039.42	0.098598
4065.2	0.0976853
4087.45	0.0969152
4095.5	0.0966134
4117.65	0.0958455
4147.44	0.0948399
4171.45	0.0940345
3837.48	0.106263
3846.32	0.105901
3864.41	0.105187
3889.75	0.104214
3899.14	0.10382
3921.09	0.102988
3941.83	0.102211
3951.71	0.101814
3972.37	0.101049
3987.86	0.100484
3997.42	0.100111
4018.65	0.099348
4028.72	0.0989827
4040.84	0.098539
4060.25	0.0978534
4066.8	0.0976106
4081.87	0.0970803
4101.38	0.0964117
4107.92	0.0961636
4127.67	0.0954907
4145.43	0.0948989
4152.98	0.0946223
4177.23	0.0938292
4190.91	0.0933787
4201.47	0.0930074
4228.02	0.0921787
4236.66	0.0919297
4244.89	0.0916815
4008.51	0.099711
4010.27	0.099647
4023.2	0.0991829
4030.25	0.0989156
4040.85	0.0985412
4048.87	0.0982479
4057.79	0.0979359
4069.87	0.0975104
4076.44	0.0972766
4090.64	0.0967904
4096.71	0.0965652
4109.22	0.0961365
4117.93	0.0958256
4125.95	0.0955482
4138.14	0.0951278
4143.75	0.0949333
4158.08	0.0944563
4162.67	0.0943064
4176.87	0.0938811
4183.33	0.0937273
4192.1	0.0936798
4204.55	0.0935238
4207.79	0.0941611
4221.81	0.09548
4221.17	0.093782
3896.87	0.10392
3911.11	0.103378
3918.11	0.103091
3938.37	0.102328
3961.03	0.101481
3982.95	0.100661
4005.79	0.0998224
4028.21	0.0990007
4051.42	0.0981708
4073.35	0.0973929
4094.03	0.0966641
4116.5	0.0958818
4144.09	0.094946
4175.33	0.0939129
4201.25	0.0930769
4214.84	0.0926102
4248.09	0.091619
4289.19	0.0906417
4332.29	0.0905873
4363.63	0.0931078
2746.22	0.162634
2770.53	0.161131
2826.13	0.157957
2859.54	0.155834
2942.18	0.151162
3010.69	0.147247
3037.63	0.145451
3106.89	0.141582
3182.4	0.137534
3211.58	0.135675
3268.45	0.132698
3341.91	0.129001
3375.3	0.127193
3413.23	0.125242
3478.42	0.122182
3518.6	0.120261
3540.8	0.119096
3591.63	0.116844
3633.21	0.115002
3650.09	0.114133
3688.27	0.112482
3726.97	0.110858
3741.89	0.110182
3769.23	0.109059
3793.05	0.108077
3307.48	0.130616
3315.55	0.130129
3355.17	0.128088
3420.3	0.124935
3479.58	0.122117
3503.58	0.120879
3538.21	0.119234
3591.37	0.116854
3639.32	0.114704
3662.79	0.113626
3688.84	0.112447
3732.58	0.110608
3772.14	0.108965
3792.77	0.108107
3810.44	0.107345
3841.03	0.10612
3871.44	0.104935
3889.9	0.104215
3902.72	0.103684
3929.51	0.102668
3956.15	0.101673
3971.43	0.101103
3979.93	0.100767
3996.71	0.100153
3446.84	0.123576
3496.91	0.121168
3549.43	0.118716
3599.5	0.11643
3646.02	0.114343
3689.46	0.112445
3728.2	0.110772
3764.02	0.109264
3797.78	0.107879
3827.27	0.106679
3852.46	0.105682
3864.08	0.10519
3886.35	0.104324
3914.55	0.103243
3941.77	0.102207
3968.25	0.101211
3994.46	0.100243
4018.76	0.0993489
4043.68	0.0984553
4066.24	0.0976537
