2794.29	0.330036
2804.06	0.343923
2823.9	0.348043
2853.36	0.350007
2891.14	0.351177
2935.49	0.351892
2984.69	0.352318
3037.24	0.352554
3091.96	0.352669
3147.94	0.35271
3204.48	0.352709
3261.04	0.352689
3317.14	0.35267
3372.27	0.352667
3425.74	0.352689
3476.62	0.352334
3525.73	0.352527
3573.2	0.352763
3618.76	0.353024
3662.01	0.353165
3702.81	0.353278
3741.48	0.353586
3778.31	0.353925
3813.52	0.354216
3847.26	0.354431
3879.54	0.354541
3909.89	0.354533
3935.73	0.351782
3960.79	0.351664
3984.58	0.351486
4007.05	0.351088
4028.19	0.350436
4047.89	0.349494
4066.31	0.348233
4083.65	0.346622
4100.22	0.344657
4116.41	0.342374
4131.92	0.339754
4146.62	0.336844
4160.48	0.33371
4173.51	0.330425
4185.71	0.327058
4197.08	0.323658
4207.58	0.320228
4217.12	0.316722
4225.59	0.313042
4232.8	0.309036
4238.56	0.30454
4242.61	0.299376
4244.66	0.295243
2783.35	0.335196
2793.13	0.35341
2813.4	0.362035
2844.07	0.368135
2883.5	0.372885
2929.46	0.376491
2980.03	0.379142
3033.66	0.381006
3089.19	0.38226
3145.77	0.383065
3202.76	0.383554
3259.71	0.383821
3316.24	0.383917
3371.99	0.383831
3426.28	0.383481
3476.34	0.380479
3525.24	0.380418
3572.94	0.380591
3618.82	0.380732
3662.16	0.38034
3702.65	0.379809
3740.99	0.380245
3777.57	0.381058
3812.61	0.38214
3846.3	0.383426
3879.02	0.384789
3911.92	0.385703
3934.06	0.374359
3959.61	0.371278
3983.42	0.37162
4005.92	0.371877
4027.12	0.371785
4046.68	0.371173
4064.88	0.370157
4081.89	0.36865
4098.07	0.366676
4114.54	0.364357
4130.15	0.360652
4144.85	0.355794
4158.69	0.350061
4171.67	0.343719
4183.84	0.337211
4195.2	0.33105
4205.73	0.325583
4215.35	0.32087
4223.92	0.316729
4231.26	0.312847
4237.16	0.308881
4241.33	0.304543
4243.49	0.300684
2761.49	0.340862
2770.96	0.36476
2791.71	0.37936
2825.2	0.390884
2868.39	0.400623
2917.82	0.409577
2971.21	0.416486
3026.98	0.421623
3084.08	0.425313
3141.8	0.427893
3199.63	0.429654
3257.24	0.430816
3314.47	0.4315
3371.45	0.43165
3429.2	0.430777
3475.37	0.417514
3524.07	0.417205
3572.56	0.417164
3619.41	0.416548
3663.1	0.414124
3702.56	0.410689
3740.15	0.410353
3776.23	0.41084
3810.88	0.411858
3844.16	0.41329
3876.13	0.415157
3906.86	0.417798
3934.8	0.423338
3957.85	0.41342
3981.27	0.409227
4003.82	0.410773
4025.44	0.412151
4044.57	0.410625
4062.41	0.41084
4078.75	0.411142
4093.43	0.41218
4111.31	0.41567
4127.06	0.413661
4141.7	0.407644
4155.42	0.397211
4168.29	0.383522
4180.32	0.368216
4191.59	0.353287
4202.14	0.340408
4211.87	0.330327
4220.63	0.323206
4228.24	0.31827
4234.5	0.314549
4238.93	0.311175
4241.23	0.308106
2729.07	0.345642
2736.76	0.376507
2756.56	0.398157
2795.82	0.416068
2845.81	0.43027
2901.07	0.440675
2958.88	0.447818
3017.85	0.452415
3077.22	0.455161
3136.53	0.456624
3195.47	0.457224
3253.86	0.457251
3311.62	0.456904
3368.74	0.456331
3425.32	0.455719
3470.35	0.454062
3521.52	0.45298
3572.17	0.453121
3621.49	0.451815
3666.54	0.447563
3702.56	0.445496
3738.99	0.444335
3774.43	0.444176
3808.61	0.444744
3841.37	0.446051
3872.51	0.44839
3902.62	0.452322
3930.66	0.45821
3955.18	0.466274
3979.61	0.470547
4001.46	0.472232
4025.79	0.477511
4042.8	0.467133
4060.66	0.469028
4077.24	0.473764
4092.93	0.476967
4108.81	0.474121
4123.86	0.474797
4138.37	0.475158
4151.88	0.472358
4164.39	0.464058
4175.93	0.447449
4186.77	0.420506
4197.11	0.385943
4206.87	0.356551
4215.83	0.337044
4223.75	0.326451
4230.77	0.32155
4235.69	0.318213
4238.21	0.315554
2687.87	0.345778
2689.77	0.384273
2700.57	0.421174
2754.64	0.44196
2817.14	0.456503
2880.93	0.465956
2944.47	0.471775
3007.35	0.475207
3069.38	0.477143
3130.5	0.478172
3190.68	0.478665
3249.88	0.47886
3308.07	0.47892
3365.2	0.478987
3421.11	0.479247
3475.45	0.480025
3518.02	0.478239
3571.6	0.478593
3626.31	0.477844
3666.9	0.485383
3702.03	0.48029
3737.82	0.479729
3772.96	0.479831
3806.92	0.480266
3839.4	0.481056
3868.86	0.482323
3899.73	0.484852
3927.78	0.488929
3953.57	0.49334
3978.15	0.496264
4001.77	0.49897
4020.98	0.497349
4041.59	0.501374
4058.5	0.501967
4075.04	0.505065
4090.79	0.506649
4105.77	0.506467
4120.04	0.508048
4135.06	0.512997
4148.71	0.517594
4161.22	0.521746
4172.34	0.523966
4182.56	0.520343
4191.93	0.499041
4201	0.444657
4209.78	0.372858
4217.57	0.340726
4226.36	0.331304
4231.98	0.326514
4234.78	0.323523
2643.68	0.34381
2632.96	0.377838
2600.07	0.435361
2704.09	0.465452
2786.23	0.476273
2860.06	0.481887
2929.72	0.484526
2996.62	0.485573
3061.33	0.485821
3124.24	0.485712
3185.61	0.485476
3245.6	0.485234
3304.23	0.485055
3361.43	0.484987
3417.01	0.48508
3470.51	0.485397
3520.89	0.486032
3568.29	0.486275
3616.49	0.487159
3659.57	0.489861
3698.68	0.491938
3735.92	0.494724
3771.61	0.497478
3805.76	0.50025
3838.54	0.503086
3870.55	0.505767
3897.91	0.505022
3925.46	0.507735
3951.47	0.510597
3975.92	0.513151
3998.93	0.515728
4020.46	0.518859
4038.51	0.51877
4055.86	0.520769
4072.52	0.524305
4088.17	0.528109
4105.21	0.532537
4117.17	0.535015
4131.66	0.540063
4145.31	0.545307
4158.31	0.551227
4168.95	0.558615
4179.36	0.567881
4188.45	0.572756
4196.93	0.561526
4204.54	0.516174
4213.99	0.391795
4222.56	0.347262
4228.36	0.336389
4231.33	0.331934
2609.22	0.340718
2597.57	0.367832
2570.77	0.455088
2673.79	0.483532
2762.36	0.486788
2842.18	0.487532
2916.52	0.487004
2986.85	0.485993
3053.78	0.484921
3118.14	0.483975
3180.51	0.483212
3241.19	0.482644
3300.27	0.482275
3357.71	0.482105
3413.36	0.482138
3467.04	0.482381
3518.69	0.482852
3562.49	0.483227
3610.06	0.483618
3654.49	0.484618
3695.46	0.485981
3733.86	0.487913
3770.08	0.49027
3804.29	0.492949
3836.74	0.495817
3867.64	0.498733
3896.4	0.501573
3924.04	0.505088
3950.2	0.508669
3974.37	0.512338
3996.87	0.515993
4017.84	0.51965
4036.9	0.523482
4054.41	0.527954
4069.1	0.531881
4087.86	0.536809
4101.76	0.539402
4115.23	0.543665
4127.99	0.549127
4141.1	0.554785
4155.61	0.563599
4167.71	0.574758
4177.77	0.588206
4186.24	0.609043
4194.03	0.633486
4201.61	0.608481
4210.72	0.445202
4219.2	0.362512
4224.96	0.345327
4228.13	0.339312
2585.56	0.335427
2576.58	0.356038
2558.58	0.468772
2656.37	0.491913
2745.76	0.49107
2828.4	0.489715
2905.92	0.48826
2979.05	0.486931
3047.34	0.485845
3112.52	0.485048
3175.54	0.48449
3236.77	0.484141
3296.29	0.483989
3354.04	0.484037
3409.9	0.484295
3463.78	0.484777
3515.76	0.485486
3566.39	0.486389
3604.84	0.484966
3650.94	0.485521
3692.86	0.487243
3732.01	0.489351
3768.59	0.491767
3802.6	0.4945
3834.52	0.497528
3864.93	0.500769
3894.04	0.504169
3922.2	0.507611
3949.03	0.511035
3972.62	0.514656
3994.55	0.518662
4015.34	0.522816
4035.09	0.52719
4052.04	0.529764
4068.86	0.533066
4084.62	0.533734
4099.57	0.534214
4114.44	0.536903
4127.51	0.542483
4141.93	0.550115
4155.39	0.560481
4166.99	0.574377
4177.03	0.592281
4184.01	0.619848
4192.67	0.630987
4200.49	0.548417
4208.75	0.430492
4216.38	0.368187
4221.64	0.350983
4225.42	0.344473
2570.07	0.324662
2563.87	0.341131
2552.09	0.480426
2645.8	0.499479
2734.38	0.49799
2818.22	0.496676
2898.22	0.495565
2974.59	0.494552
3042.52	0.49296
3107.53	0.492438
3170.77	0.492185
3232.42	0.492115
3292.39	0.492197
3350.53	0.492429
3406.65	0.492823
3460.6	0.493408
3512.35	0.494218
3561.81	0.495315
3608.11	0.496947
3649.65	0.495708
3691.09	0.497319
3730.81	0.499241
3767.73	0.501323
3801.07	0.503519
3831.89	0.506548
3861.61	0.510132
3890.74	0.514024
3919.78	0.517927
3949.24	0.521386
3970.69	0.520251
3991.56	0.522815
4012.08	0.524171
4030.44	0.524823
4050.36	0.525897
4067.75	0.528424
4083.79	0.530863
4099.33	0.533587
4113.54	0.538121
4127.9	0.545752
4141.74	0.555443
4155.03	0.567358
4165.84	0.578673
4175.51	0.595742
4184.44	0.627895
4192.11	0.660258
4198.95	0.640528
4207.02	0.485927
4215.04	0.38151
4220.68	0.356882
4223.81	0.347992
2559.9	0.299924
2555.84	0.318393
2548.12	0.498531
2638.86	0.515261
2726.19	0.514057
2810.32	0.513246
2892.61	0.512643
2977.08	0.511729
3039.18	0.505634
3102.81	0.504362
3166.07	0.503821
3228.16	0.50347
3288.7	0.503183
3347.38	0.50295
3403.89	0.502792
3457.9	0.502753
3509.48	0.502903
3558.62	0.503295
3605.03	0.503988
3646.67	0.504932
3689.26	0.506415
3730.58	0.507832
3768.67	0.509462
3800.27	0.509056
3828.56	0.510066
3857.11	0.512501
3885.75	0.512546
3915.19	0.514239
3942.47	0.515646
3965.98	0.515126
3987.09	0.515431
4009.39	0.517453
4029.62	0.520351
4049.25	0.523858
4064.57	0.52647
4082.7	0.530332
4098.81	0.535924
4114.1	0.543192
4126.9	0.549805
4140.17	0.556033
4152.81	0.564809
4165.01	0.577164
4175.43	0.595777
4184.31	0.628151
4191.7	0.661222
4198.23	0.647119
4206.04	0.495612
4214.03	0.385089
4219.7	0.358675
4222.66	0.349135
2552.62	0.263848
2550.52	0.291007
2545.57	0.503348
2633.97	0.5168
2719.76	0.514479
2802.8	0.51219
2883.26	0.509957
2960.74	0.50769
3030.06	0.505011
3096.56	0.503686
3161.33	0.502632
3224.52	0.501755
3286.08	0.50106
3345.84	0.500576
3403.26	0.500344
3457.25	0.500518
3508.71	0.500911
3558.03	0.501528
3605.41	0.502379
3651.88	0.503418
3687.61	0.504275
3733.81	0.506031
3766.34	0.503028
3797.61	0.504478
3827.39	0.506026
3855.29	0.508059
3886.29	0.510423
3912.36	0.51064
3937.21	0.511494
3962.03	0.512778
3984.36	0.514789
4006.92	0.517418
4027.57	0.521121
4044.83	0.524565
4063.56	0.528729
4081.77	0.533915
4097.24	0.538841
4112.3	0.545379
4126.29	0.551462
4137.78	0.555884
4151.93	0.564203
4163.97	0.57829
4174.83	0.596512
4183.86	0.627889
4191.19	0.659864
4197.65	0.642309
4205.39	0.490587
4213.28	0.383666
4218.88	0.358243
4221.77	0.348825
2548.64	0.246339
2547.13	0.275954
2543.82	0.503428
2630.35	0.513903
2714.65	0.511375
2796.39	0.508878
2875.37	0.506495
2951.06	0.504226
3022.33	0.502082
3090.58	0.500366
3156.64	0.49892
3220.92	0.497716
3283.66	0.49675
3344.98	0.496039
3404.39	0.495636
3457.41	0.494212
3508.36	0.494553
3557.65	0.49518
3604.91	0.496025
3649.48	0.497064
3691.21	0.49819
3728.22	0.497641
3763.69	0.498547
3795.31	0.500948
3825.77	0.503716
3854.64	0.505318
3881.93	0.506795
3909.74	0.509285
3935.39	0.512513
3959.76	0.516089
3983.61	0.519926
4004.52	0.522242
4023.81	0.525299
4042.92	0.527897
4061.23	0.530188
4079.31	0.533007
4095.81	0.533696
4111.54	0.536877
4125.88	0.544633
4138.9	0.55487
4151.17	0.566518
4162.15	0.58014
4173.98	0.597327
4183.29	0.627445
4190.66	0.658091
4197.12	0.635599
4204.87	0.482817
4212.69	0.380785
4218.22	0.356942
4221.06	0.347962
2546.23	0.244615
2545.09	0.276214
2542.54	0.51258
2627.63	0.520859
2710.67	0.518544
2791.3	0.516453
2869.26	0.514674
2944.28	0.513247
3016.12	0.512203
3085.23	0.51143
3152.13	0.510833
3217.21	0.510368
3280.93	0.509994
3344.24	0.509614
3410.13	0.508907
3457.85	0.504874
3507.86	0.504503
3557.44	0.504422
3605.25	0.504374
3648.07	0.503858
3687.77	0.504579
3724.51	0.506123
3762.99	0.507772
3792.32	0.504955
3822.29	0.505419
3852.07	0.507352
3880.11	0.509671
3907.42	0.512241
3933.01	0.515242
3956.22	0.517664
3980.4	0.519615
4002.24	0.521647
4020.26	0.523226
4041.04	0.526847
4060	0.528865
4076.19	0.530178
4094.01	0.533862
4110.22	0.538437
4124.83	0.544448
4138.18	0.552823
4150.44	0.565044
4162.01	0.579778
4173.6	0.596609
4182.86	0.626238
4190.19	0.656054
4196.66	0.628817
4204.44	0.475224
4212.21	0.37789
4217.67	0.355522
4220.48	0.34703
2544.71	0.249668
2543.78	0.283933
2541.64	0.520362
2625.71	0.526738
2707.78	0.524259
2787.52	0.52195
2864.73	0.519869
2939.31	0.518011
3011.23	0.516358
3080.69	0.514868
3147.97	0.513521
3213.34	0.512313
3277.05	0.511251
3339.26	0.510345
3399.57	0.50962
3453.63	0.509252
3506.12	0.509512
3558.23	0.509763
3611.65	0.509921
3649.94	0.50715
3687.19	0.507375
3725.98	0.508007
3756.98	0.509384
3791.79	0.512045
3821.34	0.511784
3850.31	0.512567
3877.71	0.513653
3905.83	0.515132
3931.65	0.516696
3957.01	0.518894
3978.78	0.520399
3997.57	0.522005
4016.04	0.522377
4036.82	0.521845
4056.97	0.523139
4074.55	0.525519
4093.25	0.529299
4109.69	0.535104
4124.27	0.542915
4137.08	0.553293
4148.46	0.565152
4162.16	0.578027
4173.5	0.594594
4182.6	0.624271
4189.81	0.653849
4196.25	0.622786
4204.06	0.46878
4211.78	0.37543
4217.19	0.354264
4219.97	0.346203
2543.81	0.255232
2543	0.290216
2541.12	0.51914
2624.6	0.524197
2705.98	0.521718
2784.97	0.519329
2861.52	0.517083
2935.66	0.514989
3007.41	0.513057
3076.9	0.511301
3144.27	0.509735
3209.64	0.508365
3273.08	0.50719
3334.56	0.5062
3393.64	0.505371
3449.37	0.504691
3503.09	0.504383
3555.98	0.504336
3610.09	0.504434
3647.24	0.500599
3682.95	0.50126
3721.78	0.502643
3761.39	0.504059
3788.66	0.50179
3818.08	0.501254
3849.3	0.503385
3879.56	0.506471
3906.04	0.507636
3931.21	0.511185
3955.74	0.514277
3974.88	0.514809
3995.13	0.515067
4016.3	0.517016
4036.24	0.520127
4054.62	0.523926
4075.25	0.528382
4092.84	0.530102
4109.12	0.535267
4123.56	0.541963
4135.49	0.55164
4149.97	0.562256
4162.73	0.575528
4173.6	0.592146
4182.43	0.621939
4189.49	0.651655
4195.88	0.617715
4203.69	0.463569
4211.37	0.373436
4216.75	0.353212
4219.5	0.345509
2543.41	0.25962
2542.68	0.293901
2541	0.508167
2624.39	0.512389
2705.32	0.510319
2783.56	0.508289
2859.41	0.506234
2933.02	0.504263
3004.47	0.502407
3073.8	0.500698
3141.07	0.499161
3206.32	0.49781
3269.51	0.496641
3330.62	0.495633
3389.39	0.494772
3445.43	0.49408
3499.18	0.493684
3550.68	0.493508
3599.68	0.493245
3644.53	0.491925
3673.83	0.490724
3714.98	0.490521
3752	0.49092
3782.86	0.490473
3816.02	0.49197
3847.34	0.495076
3878.08	0.498268
3907.5	0.501563
3930.38	0.502556
3951.71	0.505183
3974.38	0.505292
3995.86	0.508849
4016.86	0.512279
4037.03	0.515489
4056.43	0.518719
4075.75	0.522153
4093.65	0.526364
4109.73	0.531999
4124.51	0.539254
4137.99	0.548547
4151.23	0.559526
4163.25	0.573146
4173.68	0.589862
4182.25	0.619663
4189.15	0.649627
4195.49	0.613348
4203.31	0.459225
4210.97	0.371779
4216.31	0.352322
4219.05	0.34492
2543.41	0.264835
2542.79	0.298105
2541.29	0.496944
2625.38	0.500229
2706.06	0.498336
2783.21	0.496667
2858.17	0.495015
2931.11	0.493382
3002.17	0.49184
3071.23	0.490437
3138.34	0.489199
3203.43	0.488146
3266.34	0.487292
3327.3	0.486622
3386.12	0.48616
3442.01	0.485975
3495.67	0.486064
3546.05	0.486461
3591.55	0.486413
3634.8	0.486472
3673.25	0.487036
3710.35	0.486402
3746.79	0.487928
3780.82	0.489448
3813.8	0.491507
3843.96	0.494088
3875.93	0.497256
3906.34	0.500598
3929.5	0.500897
3949.94	0.502513
3973.18	0.506094
3995.24	0.509654
4016.42	0.512803
4036.79	0.515704
4056.49	0.518639
4075.81	0.521913
4094.43	0.5259
4109.76	0.530833
4124.83	0.537836
4138.8	0.546644
4151.77	0.557556
4163.43	0.571259
4173.58	0.588048
4181.95	0.617758
4188.74	0.647872
4195.05	0.609224
4202.9	0.455204
4210.54	0.370295
4215.86	0.351524
4218.59	0.344395
2543.72	0.273615
2543.29	0.313442
2542.12	0.494199
2628.48	0.496084
2709.01	0.493273
2783.7	0.490765
2857.54	0.489234
2929.63	0.487814
3000.38	0.486504
3069.06	0.48535
3136	0.484368
3201.08	0.483573
3263.4	0.483002
3324.38	0.48262
3383.99	0.482429
3439	0.481175
3493.61	0.480821
3539.89	0.480307
3586.79	0.480799
3629.73	0.481901
3669.36	0.483482
3706.83	0.485618
3743.52	0.48823
3778.38	0.491146
3811.8	0.494318
3844.24	0.497589
3873.36	0.498748
3902.73	0.501275
3924.23	0.502314
3947.21	0.504694
3971.33	0.507762
3993.69	0.511037
4015.03	0.513977
4035.45	0.51676
4055.12	0.519697
4074.75	0.523033
4094.47	0.526966
4108.16	0.530704
4124.33	0.537022
4138.69	0.545479
4151.67	0.556276
4163.2	0.569989
4173.2	0.58683
4181.45	0.616417
4188.17	0.646447
4194.5	0.604843
4202.41	0.451045
4210.06	0.368849
4215.39	0.350763
4218.11	0.343901
2544.11	0.284495
2543.88	0.34191
2543.47	0.503032
2636.08	0.503271
2716.51	0.499894
2783.73	0.496058
2857.26	0.494085
2928.05	0.492552
2999.16	0.491372
3067.04	0.490305
3133.91	0.489545
3199.8	0.488955
3260.1	0.487671
3321.03	0.487372
3376.84	0.487159
3436.98	0.487729
3497.43	0.487994
3539.91	0.482012
3584.1	0.482351
3626.08	0.483104
3665.74	0.484258
3702.19	0.48566
3740.17	0.487914
3775.46	0.49052
3808.87	0.493327
3840.45	0.496269
3869.63	0.499348
3897.4	0.50276
3922.27	0.506168
3947.68	0.509627
3969.43	0.510574
3991.39	0.513086
4012.81	0.515132
4033.1	0.517169
4052.03	0.519708
4071.76	0.522881
4091.34	0.526685
4108.98	0.531768
4123.71	0.536423
4138.03	0.54487
4151.06	0.55561
4162.57	0.569308
4172.51	0.586202
4180.71	0.615789
4187.43	0.645403
4193.84	0.599848
4201.86	0.446472
4209.54	0.367376
4214.88	0.350011
4217.61	0.343423
2544.31	0.283929
2544.01	0.327841
2543.01	0.504716
2631.28	0.505974
2712.44	0.503525
2789.24	0.50151
2858.41	0.498666
2924.77	0.49644
2999.72	0.494102
3064.56	0.491945
3131.23	0.490718
3192.03	0.489438
3256.78	0.488501
3317.7	0.487927
3375.57	0.487633
3432.79	0.487532
3487.79	0.487586
3536.52	0.487933
3582.95	0.489255
3623.97	0.489866
3662.96	0.492015
3702.04	0.494447
3737.57	0.494256
3772.51	0.49625
3805.84	0.498329
3837.15	0.500471
3865.43	0.502826
3889.29	0.504988
3917.94	0.50673
3943.74	0.508611
3967.2	0.510409
3988.31	0.512541
4010.64	0.514444
4030.98	0.516908
4050.03	0.519711
4067.08	0.522712
4088.28	0.526029
4106.65	0.530618
4121.98	0.537244
4136.71	0.544856
4150.02	0.555438
4161.6	0.569153
4171.5	0.586204
4179.68	0.616132
4186.48	0.644765
4193.06	0.594238
4201.24	0.441553
4208.98	0.36591
4214.34	0.349287
4217.08	0.342975
2544.34	0.291528
2544.12	0.344856
2543.3	0.514029
2632.3	0.514723
2711.45	0.512109
2788.95	0.509926
2858.41	0.508587
2931.33	0.506954
2993.84	0.505473
3060.67	0.504942
3129.14	0.504212
3192.97	0.503332
3255.63	0.502263
3315.71	0.501639
3373.19	0.501454
3429.02	0.501596
3482.62	0.502332
3533.61	0.503789
3585.41	0.504764
3622.09	0.501959
3658.3	0.503244
3697.92	0.505566
3734.73	0.508151
3770.24	0.510794
3804.2	0.513226
3836.88	0.514518
3862.5	0.513074
3889.27	0.515003
3916.13	0.51632
3941.61	0.518245
3965.64	0.520267
3988.72	0.522062
4008.66	0.522309
4028.39	0.523879
4046.09	0.52614
4067.3	0.527465
4086.16	0.529537
4105.47	0.533575
4122.76	0.540025
4134.88	0.546069
4148.74	0.555855
4160.36	0.569646
4170.18	0.587078
4178.25	0.618158
4185.35	0.644727
4192.2	0.588539
4200.57	0.436865
4208.39	0.364611
4213.78	0.348669
4216.53	0.342603
2544.13	0.303191
2544.08	0.381929
2544.54	0.515358
2641.94	0.51448
2710.91	0.513215
2779.9	0.511553
2855.85	0.510004
2928.61	0.508236
2997.81	0.506685
3068.47	0.505407
3130.28	0.504617
3193.64	0.504272
3255.59	0.504098
3314.81	0.503585
3370.89	0.503263
3425.91	0.503085
3478.42	0.503113
3528.26	0.503365
3575.9	0.503751
3618.1	0.504343
3658.9	0.50584
3694.93	0.505012
3731.54	0.505683
3765.45	0.506083
3799.75	0.506803
3831.63	0.507561
3860.49	0.508348
3887.22	0.510455
3914.75	0.512697
3940.11	0.515238
3964	0.517684
3986.42	0.520074
4007.09	0.522583
4027.77	0.525502
4047.37	0.529087
4067.5	0.533259
4087.33	0.5384
4104.37	0.540171
4120.82	0.546282
4135.5	0.554339
4147.73	0.562604
4158.95	0.575016
4168.52	0.591366
4176.08	0.622222
4184.18	0.64517
4191.36	0.584377
4199.9	0.433627
4207.79	0.363746
4213.22	0.348272
4215.99	0.342376
2543.44	0.290662
2543.15	0.345924
2542.25	0.50806
2628.93	0.508948
2706.21	0.505732
2780.58	0.503381
2855.19	0.501709
2928.13	0.500079
2998.95	0.498659
3068.24	0.497544
3133.79	0.496666
3197.32	0.496216
3256.77	0.495836
3315.53	0.495778
3368.1	0.496136
3423.68	0.4966
3475.28	0.496712
3523.43	0.49645
3570.15	0.496082
3613.87	0.495244
3653.7	0.494624
3692.15	0.495106
3728.69	0.496681
3763.54	0.498499
3797.31	0.500754
3829.31	0.503126
3859.08	0.505799
3888.36	0.50864
3913.78	0.509783
3938.31	0.511693
3962.12	0.513361
3984.15	0.514885
4003.79	0.516647
4026.51	0.517915
4046.35	0.520211
4066.2	0.523171
4085.73	0.526661
4103.44	0.530944
4119.92	0.537141
4134.59	0.545289
4146.8	0.556514
4158.35	0.569282
4168.34	0.586324
4176.54	0.61711
4183.73	0.643249
4190.73	0.58375
4199.3	0.432854
4207.22	0.363386
4212.67	0.348073
4215.45	0.342258
2542.64	0.277001
2542.17	0.313808
2540.81	0.501565
2624.05	0.503945
2703.2	0.501473
2779.73	0.499348
2854.83	0.49754
2928.33	0.495923
3000.14	0.49448
3070.25	0.493182
3137.77	0.492011
3200.09	0.490903
3259.86	0.490487
3318.98	0.490324
3372.65	0.488242
3423.75	0.486946
3471.53	0.485745
3521.42	0.484375
3567.25	0.485101
3610.63	0.486009
3650.81	0.487302
3689.41	0.489065
3725.67	0.491204
3760.85	0.493501
3794.77	0.495986
3827.38	0.498588
3856.36	0.499383
3885.32	0.500962
3912.05	0.502106
3938.2	0.50394
3962.6	0.507122
3985.31	0.510222
4006.59	0.513183
4027.68	0.51594
4047.13	0.518975
4063.35	0.522737
4084.01	0.526677
4101.79	0.531852
4118.87	0.538334
4134.14	0.546691
4147.87	0.557273
4157.36	0.568282
4167.86	0.584292
4176.27	0.613425
4183.25	0.641104
4190.17	0.582272
4198.76	0.431197
4206.68	0.362446
4212.15	0.347439
4214.94	0.341792
2542	0.2704
2541.45	0.303405
2540.05	0.504642
2621.99	0.507467
2701.56	0.505269
2778.97	0.503207
2854.68	0.501279
2928.8	0.499484
3001.52	0.497822
3073.31	0.496299
3145.37	0.494892
3203.83	0.491266
3261.97	0.489919
3317.81	0.488446
3373.93	0.48713
3426.23	0.486697
3477.35	0.486849
3521.59	0.48577
3564.94	0.485953
3608.73	0.485802
3647.6	0.487342
3687.12	0.489452
3721.86	0.48978
3757.52	0.491387
3791.64	0.492648
3822.08	0.493781
3854	0.495663
3883.61	0.498397
3911.43	0.501357
3937.96	0.504409
3962.94	0.507429
3986.09	0.510371
4007.82	0.513368
4028.69	0.516433
4047.57	0.518183
4065.59	0.521224
4083.32	0.525028
4098.95	0.530455
4117.7	0.536436
4133.31	0.544192
4146.78	0.554384
4158.18	0.567471
4167.43	0.581765
4175.66	0.610323
4182.6	0.637749
4189.62	0.574329
4198.29	0.423831
4206.17	0.359209
4211.65	0.345353
4214.46	0.34024
2541.59	0.269363
2541.04	0.304691
2539.68	0.511768
2621.14	0.514547
2700.82	0.512225
2778.65	0.510017
2854.76	0.507932
2929.25	0.50598
3002.34	0.504192
3074.5	0.502575
3147.08	0.501112
3205.72	0.499331
3264.63	0.49869
3322.1	0.498041
3377.34	0.497403
3428.13	0.496823
3476.96	0.496947
3523.17	0.497524
3569.57	0.498246
3609.86	0.498608
3641.9	0.495358
3681.04	0.49543
3718.98	0.496753
3754.76	0.498126
3788.73	0.499662
3820.85	0.501468
3852.02	0.503087
3881.78	0.505021
3910.21	0.507
3937.43	0.508877
3963.3	0.510639
3986.49	0.510733
4008.13	0.51203
4027.75	0.513684
4047.96	0.515646
4066.68	0.518578
4084.45	0.522164
4101.16	0.526765
4117.73	0.532377
4132.69	0.540079
4145.84	0.550074
4157.07	0.563118
4166.13	0.580384
4174.6	0.60604
4181.76	0.627367
4189.16	0.54966
4197.9	0.404659
4205.59	0.352255
4211.17	0.340976
4214.03	0.336951
2541.4	0.270147
2540.87	0.307514
2539.57	0.513282
2620.94	0.516054
2700.73	0.513838
2778.8	0.511747
2855.13	0.509823
2929.74	0.50807
3002.63	0.50649
3073.73	0.505075
3142.49	0.503843
3205.9	0.503013
3267.24	0.502343
3327.06	0.501974
3383.61	0.502128
3430.44	0.500902
3477.59	0.501595
3522.93	0.502254
3563.95	0.502958
3605.73	0.504568
3643.11	0.506322
3680.8	0.507518
3717.65	0.508793
3753.03	0.510523
3786.9	0.512527
3819.27	0.514713
3850.37	0.516903
3880.2	0.519244
3909.08	0.521621
3937.28	0.523792
3966.05	0.525354
3987.45	0.522552
4008.28	0.523771
4028.37	0.525678
4048.01	0.527757
4066.84	0.530151
4084.73	0.532987
4101.56	0.536576
4117.4	0.540876
4131.89	0.546164
4144.84	0.552668
4156.2	0.559867
4166.21	0.564854
4173.38	0.560279
4181.27	0.523845
4189.32	0.436643
4197.57	0.366579
4204.52	0.342442
4210.7	0.335118
4213.66	0.332339
2541.39	0.271006
2540.88	0.308833
2539.62	0.510305
2621.13	0.51292
2701.11	0.510672
2779.39	0.508518
2855.88	0.506501
2930.53	0.504636
3003.24	0.502933
3073.79	0.501409
3141.75	0.500097
3206.64	0.498995
3269.83	0.498138
3333.72	0.497478
3382.58	0.494053
3433.65	0.493741
3479.32	0.492743
3523.17	0.493421
3564.44	0.494461
3604.43	0.495832
3642.49	0.497052
3679.84	0.498475
3716.21	0.499867
3751.23	0.501223
3784.97	0.502551
3817.39	0.503891
3848.42	0.505279
3878	0.506665
3907.04	0.507852
3934.98	0.508982
3961.9	0.509805
3986.31	0.509367
4007.76	0.511176
4028.05	0.51348
4047.7	0.515947
4066.84	0.518681
4085.03	0.522252
4101.88	0.526916
4117.55	0.532966
4131.9	0.540846
4144.76	0.551018
4156.07	0.563941
4165.82	0.579625
4173.96	0.597719
4180.69	0.598756
4188.72	0.489676
4197.79	0.369889
4205.23	0.338409
4210.64	0.331381
4213.4	0.329064
2541.56	0.27181
2541.04	0.310429
2539.77	0.517443
2621.61	0.520069
2701.88	0.517749
2780.38	0.515551
2857.03	0.513515
2931.78	0.511648
3004.5	0.509958
3074.88	0.508455
3142.47	0.507157
3207.44	0.506068
3270	0.505186
3329.31	0.504526
3383.81	0.504666
3440.55	0.504411
3481.18	0.500227
3524.27	0.500348
3564.49	0.500265
3603.34	0.500602
3640.83	0.501213
3678.1	0.501924
3714.34	0.502713
3748.91	0.503632
3782.56	0.504701
3815.06	0.505895
3846.08	0.507245
3874.49	0.508866
3904.25	0.510589
3931.84	0.512786
3958.39	0.515141
3986.26	0.517406
4006.57	0.515562
4026.55	0.516815
4046.04	0.518553
4065.95	0.520419
4084.78	0.522861
4101.48	0.526422
4117.1	0.529984
4131.45	0.537404
4144.32	0.5471
4155.62	0.559623
4165.32	0.575739
4173.37	0.596261
4180.25	0.582541
4188.54	0.483644
4197.8	0.366824
4205.26	0.337109
4210.41	0.330068
4213.02	0.327639
2541.89	0.271993
2541.37	0.309653
2540.07	0.517079
2622.47	0.519687
2703.18	0.51732
2781.94	0.515075
2858.75	0.512993
2933.67	0.511077
3006.68	0.509332
3077.28	0.507764
3144.31	0.506387
3209.15	0.505236
3271.9	0.504275
3328.16	0.503467
3381.22	0.503209
3432.64	0.503085
3479.52	0.503041
3528.18	0.503498
3565.11	0.502186
3602.67	0.502826
3637.78	0.503883
3676.22	0.505554
3713.29	0.506984
3746.32	0.506673
3780.19	0.508061
3813.25	0.509441
3844.83	0.510889
3875.36	0.51239
3901.89	0.512123
3927.98	0.513527
3951.85	0.515099
3979.72	0.516113
4003.05	0.517218
4023.92	0.519391
4041.96	0.52229
4064.8	0.525501
4084.77	0.528726
4103.27	0.532227
4115.98	0.535135
4130.54	0.540547
4143.5	0.546658
4154.85	0.552522
4164.64	0.553275
4173.18	0.531687
4181.54	0.460906
4189.03	0.384365
4197.77	0.345504
4204.88	0.333079
4209.86	0.329006
4212.38	0.327195
2542.4	0.272238
2541.87	0.308704
2540.54	0.516877
2623.83	0.519509
2705.14	0.517186
2784.13	0.515041
2860.96	0.513076
2936.06	0.511271
3009.78	0.509623
3081.76	0.508203
3146.83	0.507464
3211.38	0.506577
3278.7	0.505558
3328.71	0.501658
3378.73	0.500824
3427.68	0.500348
3474.52	0.499889
3519.94	0.499569
3561.46	0.49909
3601.24	0.499397
3640.23	0.50006
3674.07	0.499388
3706.97	0.499192
3744.38	0.49801
3777.75	0.498684
3812.06	0.500001
3843.72	0.502064
3873.4	0.504322
3901.23	0.506422
3927.72	0.508939
3953	0.511387
3978.3	0.513552
4001.85	0.515502
4023.62	0.517644
4044.05	0.520133
4064.79	0.522928
4084.47	0.526387
4100.46	0.529892
4115.87	0.535614
4130.45	0.543075
4143.67	0.553281
4155.24	0.566501
4165.15	0.583005
4173.4	0.608268
4180.82	0.592796
4189.4	0.456812
4197.72	0.365056
4205.25	0.337292
4210.46	0.330489
4213.09	0.328096
2543.1	0.273575
2542.59	0.309885
2541.27	0.513216
2625.94	0.51568
2708.16	0.513263
2787.15	0.510967
2863.56	0.50886
2938.39	0.506938
3013.14	0.505201
3091.69	0.503578
3148.42	0.498962
3209.28	0.497853
3269.89	0.49645
3325.68	0.494089
3376.09	0.492258
3424.34	0.491544
3470.18	0.490972
3516.1	0.490518
3558.97	0.49101
3599.5	0.492164
3638.85	0.493723
3672.54	0.494786
3704.91	0.496957
3743.83	0.498505
3779.69	0.500727
3811.65	0.501433
3842.71	0.50312
3871.44	0.504848
3900.1	0.506899
3926.88	0.509671
3952.37	0.512286
3976.87	0.514701
4000.68	0.517031
4022.87	0.519571
4044.06	0.522536
4063.98	0.525639
4083.8	0.529501
4098.18	0.531779
4116.95	0.53661
4129.79	0.541468
4143.61	0.550804
4155.43	0.563284
4165.51	0.57932
4173.87	0.603152
4180.93	0.611978
4188.52	0.510254
4196.65	0.37126
4205.23	0.340621
4210.79	0.332984
4213.55	0.330306
2543.97	0.277122
2543.52	0.317845
2542.3	0.514141
2629.22	0.516268
2713.09	0.513955
2791.4	0.511869
2866.34	0.510203
2939.34	0.508688
3011.05	0.507244
3081.14	0.505986
3144.15	0.505286
3205.77	0.505023
3266.89	0.504887
3329.4	0.504828
3375.22	0.500337
3422.54	0.500216
3469.82	0.500594
3513.54	0.499602
3557	0.500076
3597.13	0.500336
3634.84	0.501148
3672.05	0.50129
3708.49	0.502055
3744.46	0.503051
3779.17	0.504369
3811.92	0.505958
3843	0.507685
3871.89	0.509634
3899.01	0.510486
3925.53	0.512618
3950.96	0.514417
3974.37	0.51633
3999.37	0.518469
4021.34	0.51996
4042.1	0.521849
4063.02	0.524428
4082.44	0.528712
4100.87	0.534163
4115.58	0.53792
4129.96	0.544395
4143.56	0.552959
4155.42	0.566135
4165.56	0.582743
4174.09	0.609978
4181.16	0.630279
4188.49	0.545264
4197.39	0.394698
4205.53	0.348088
4211.1	0.337511
4213.91	0.333858
2544.96	0.2816
2544.6	0.331059
2543.66	0.5149
2634.19	0.516079
2722.21	0.513276
2797.7	0.509337
2869.71	0.507081
2940.17	0.505407
3009.12	0.5041
3076.19	0.50295
3139.84	0.501874
3201.27	0.501054
3260.9	0.500386
3318.32	0.499757
3369.69	0.498836
3418.99	0.499283
3467.08	0.500026
3511.73	0.500535
3553.3	0.501691
3597.06	0.502906
3637.47	0.504331
3676.2	0.50587
3710.96	0.506633
3745.19	0.50816
3779.9	0.509496
3813.02	0.510872
3844.38	0.512291
3873.54	0.513746
3898.57	0.515131
3924.18	0.517147
3949.4	0.517289
3975.78	0.518536
3997.76	0.519115
4020.03	0.521218
4038.91	0.52414
4061.69	0.527361
4080.15	0.532365
4100.36	0.538155
4117.85	0.545683
4131.49	0.552065
4143.29	0.556919
4155.17	0.570222
4165.2	0.587918
4174.13	0.61736
4181.44	0.642661
4188.66	0.57446
4197.6	0.419362
4205.78	0.356163
4211.4	0.342466
4214.25	0.337494
2545.91	0.281456
2545.58	0.338372
2544.97	0.521615
2640.14	0.522076
2742.39	0.519435
2806.13	0.514209
2873.27	0.511929
2941.07	0.510119
3007.61	0.508465
3073.14	0.507101
3136.22	0.505992
3196.97	0.505127
3255.5	0.504516
3311.67	0.504212
3364.59	0.504313
3415.01	0.504494
3462.03	0.504912
3510.22	0.505577
3555.82	0.506177
3598.59	0.506448
3640.07	0.507446
3681.33	0.508627
3713.27	0.506555
3743.52	0.508551
3781.28	0.510011
3815.15	0.512148
3847.6	0.514549
3875.44	0.515669
3901.08	0.515892
3925.75	0.517787
3952.12	0.519651
3973.57	0.521481
3999.13	0.522814
4021.93	0.524722
4042.74	0.527223
4062.82	0.530418
4081.15	0.535038
4100.65	0.540295
4117.63	0.547677
4132.77	0.55781
4143.83	0.567778
4154.82	0.575955
4163.85	0.594682
4174.07	0.62359
4181.79	0.649367
4189	0.592142
4197.84	0.436296
4206.08	0.362886
4211.76	0.346779
4214.65	0.340704
2546.7	0.267567
2546.14	0.30457
2544.82	0.520061
2637.22	0.522386
2727.49	0.519871
2807.09	0.517521
2874.14	0.514878
2942.14	0.51323
3005.92	0.511439
3072.16	0.509938
3134.5	0.508987
3194.45	0.50842
3252.11	0.508078
3308.38	0.50798
3360.3	0.508209
3412.42	0.508772
3461.89	0.509445
3510.89	0.51008
3560.98	0.51073
3600.41	0.508568
3641.73	0.509467
3683.3	0.510524
3717.83	0.510329
3751.77	0.5109
3784.73	0.509978
3816.93	0.510502
3846.17	0.511666
3874.6	0.512931
3903.94	0.514896
3930.4	0.517348
3955.8	0.519709
3979.39	0.522116
4002.92	0.524405
4025.2	0.527119
4046.1	0.530411
4065.34	0.534479
4083.68	0.540297
4101.49	0.547565
4117.26	0.552169
4132.51	0.560526
4145.74	0.571462
4155.27	0.579353
4165.61	0.595578
4174.8	0.625997
4182.39	0.652978
4189.53	0.60254
4198.27	0.446717
4206.54	0.367535
4212.26	0.349876
4215.17	0.343082
2547.63	0.253926
2546.72	0.286535
2544.64	0.519327
2634.87	0.524796
2721.72	0.522401
2802.11	0.52027
2875.03	0.518406
2944.96	0.516647
3012.8	0.515054
3073.64	0.513134
3133.74	0.511975
3191.38	0.510786
3250.79	0.509814
3306.63	0.509558
3359.09	0.50967
3410.87	0.509977
3460.57	0.510449
3508.8	0.511082
3556.43	0.511831
3597.52	0.511865
3641.25	0.513232
3687.61	0.514207
3721.41	0.514005
3755.37	0.515583
3789.92	0.515264
3820.35	0.514323
3851.15	0.515499
3879.74	0.51747
3907.83	0.519603
3934.3	0.521709
3959.51	0.523791
3983.49	0.525858
4006.17	0.527886
4028.04	0.530853
4049.29	0.534606
4066.91	0.535718
4084.85	0.539462
4098.64	0.543467
4117.56	0.547911
4133.25	0.556453
4146.55	0.568214
4157.37	0.584167
4166.46	0.600326
4175.36	0.628875
4183.07	0.655864
4190.24	0.608965
4198.92	0.453013
4207.19	0.370353
4212.93	0.351735
4215.86	0.344524
2549.1	0.245469
2547.81	0.276522
2544.94	0.518212
2634.41	0.527307
2720.98	0.524875
2803.22	0.522597
2877.62	0.520676
2948.51	0.519075
3010.85	0.517738
3072.52	0.51677
3135.77	0.51601
3197.79	0.515148
3251.48	0.514162
3306.69	0.513889
3356.99	0.513899
3409.76	0.51455
3459.09	0.514858
3505.6	0.515345
3548.98	0.516227
3590.28	0.517739
3636.34	0.519156
3681.34	0.520246
3721.25	0.521896
3759.5	0.52288
3799	0.524283
3828.55	0.51888
3856.53	0.519843
3883.62	0.521904
3911.58	0.524081
3937.69	0.526508
3962.69	0.529216
3987.12	0.532003
4008.46	0.532109
4029.68	0.534156
4048.89	0.536828
4067.56	0.540026
4084.22	0.544414
4102	0.549005
4119.08	0.555731
4134.37	0.564523
4147.81	0.575776
4159.74	0.589587
4168.42	0.607808
4175.38	0.633466
4183.84	0.65862
4191.15	0.61347
4199.81	0.456816
4208.08	0.371692
4213.81	0.352512
4216.74	0.345101
2551.58	0.247854
2549.75	0.276362
2545.77	0.51242
2635.45	0.52523
2723.12	0.52282
2810.77	0.520392
2882.38	0.517829
2945.78	0.515625
3012.1	0.5142
3075.57	0.513026
3137.63	0.512071
3197.41	0.511246
3253.87	0.510459
3309.38	0.509937
3363.29	0.509676
3410.59	0.509106
3458.89	0.509424
3504.01	0.509717
3542.09	0.509301
3576.69	0.509789
3630.87	0.509734
3678.52	0.50878
3721.15	0.508588
3760.77	0.50942
3798.37	0.510484
3831.76	0.511578
3860.97	0.513314
3889.24	0.515831
3916.4	0.517793
3941.14	0.517635
3965.22	0.519027
3987.31	0.52037
4010.71	0.522658
4032.53	0.525731
4051.43	0.526849
4069.19	0.528095
4084.79	0.5329
4104.59	0.538218
4121.61	0.545055
4136.61	0.553917
4149.76	0.565272
4161.3	0.579597
4170.36	0.6032
4178.63	0.63161
4185.36	0.65065
4192.44	0.61508
4201	0.457773
4209.21	0.371452
4214.91	0.352233
4217.82	0.344868
2556.25	0.276943
2553.45	0.298372
2547.1	0.501043
2637.09	0.516664
2723.76	0.514513
2806.27	0.512431
2880.7	0.509946
2948.84	0.508229
3014.94	0.507059
3078.7	0.506075
3140.43	0.505274
3198.96	0.504803
3255.81	0.504238
3312.2	0.503677
3362.45	0.50227
3413.14	0.50177
3459.2	0.499989
3501.84	0.499575
3545.83	0.499416
3588.19	0.501317
3630.09	0.503928
3678.94	0.505976
3722.25	0.507627
3762.23	0.509304
3800.14	0.511003
3837.37	0.512511
3864.58	0.510636
3891.87	0.511919
3917.39	0.513842
3944.78	0.516288
3967.44	0.516779
3991.76	0.519267
4012.73	0.51912
4032.96	0.520234
4052.25	0.522797
4072.42	0.526335
4090.33	0.531014
4108	0.536687
4124.21	0.543958
4138.74	0.553318
4151.33	0.565621
4163.26	0.580016
4173.62	0.602017
4180.94	0.62901
4187.85	0.645825
4194.25	0.580488
4202.52	0.449941
4210.57	0.36935
4216.19	0.351042
4219.08	0.344023
2563.75	0.322168
2559.02	0.334719
2549.59	0.488333
2640.72	0.505518
2727.15	0.503714
2808.51	0.501945
2884.05	0.500294
2952.72	0.499029
3018.84	0.498077
3082.57	0.497319
3145.09	0.496601
3200.84	0.493947
3256.81	0.492866
3310.3	0.491881
3362.99	0.489918
3410.42	0.489117
3461.31	0.488903
3508.03	0.489542
3553.34	0.490495
3596.96	0.491706
3637.73	0.493255
3683.13	0.494545
3724.95	0.496417
3764.05	0.498426
3800.83	0.500655
3835.09	0.503137
3865.31	0.504516
3893.71	0.506904
3920.57	0.509444
3946.27	0.512224
3971.12	0.513262
3992.32	0.51439
4014.71	0.516316
4036.66	0.518839
4056.6	0.522097
4076.09	0.525678
4094.24	0.529887
4110.98	0.53499
4126.57	0.541873
4140.88	0.55064
4151.63	0.560597
4164.8	0.572954
4175.22	0.589056
4182.86	0.620581
4189.92	0.639007
4196.77	0.564778
4204.27	0.427356
4212.03	0.366849
4217.59	0.349975
4220.5	0.34336
2574.65	0.350853
2567.92	0.362933
2554.41	0.47757
2647.7	0.495752
2734.22	0.49558
2815.2	0.495426
2892.98	0.495023
2957.87	0.490854
3023.82	0.490014
3086.28	0.489309
3145.57	0.488197
3202.34	0.485056
3258.74	0.484422
3312.36	0.48389
3365.77	0.484363
3416.16	0.485037
3465.91	0.485936
3513.92	0.486999
3560.82	0.488258
3606.83	0.489741
3650.18	0.491845
3689.04	0.489458
3728.48	0.490895
3766.31	0.492048
3802.18	0.493237
3835.94	0.494835
3867.19	0.497794
3896.08	0.501061
3922.79	0.504027
3947.22	0.506944
3973.63	0.51017
3997.29	0.513847
4020.36	0.517564
4040.55	0.519889
4059.59	0.522893
4079.27	0.526708
4097.68	0.53162
4113.23	0.534699
4128.31	0.540497
4141.4	0.548353
4154.94	0.559193
4167.14	0.573248
4177.47	0.591319
4185.96	0.625624
4192.07	0.650302
4198.41	0.612661
4206.31	0.452542
4213.33	0.36922
4219	0.350885
4222.07	0.343958
2591.18	0.364984
2582.5	0.379848
2565.54	0.468327
2660.07	0.47944
2745.43	0.479917
2823.75	0.480383
2892.9	0.480574
2964.57	0.481218
3032.62	0.481582
3089.86	0.477489
3146.33	0.476952
3206.37	0.477088
3263	0.477596
3317.24	0.478298
3369.97	0.479199
3420.88	0.480276
3470.58	0.481549
3519.17	0.482986
3567.42	0.484526
3617.55	0.485875
3652.33	0.481059
3693.56	0.482968
3732.66	0.485244
3769.78	0.487726
3805.16	0.490339
3837.93	0.493285
3869.52	0.496427
3897.23	0.497072
3925.4	0.49931
3951.52	0.502949
3977.02	0.506519
4001.05	0.510023
4023.25	0.513591
4044.09	0.517626
4064.25	0.521962
4081.88	0.523578
4098.24	0.526101
4115.23	0.530371
4130.49	0.536983
4144.5	0.545483
4157.63	0.556224
4169.39	0.569948
4179.5	0.587116
4187.65	0.619313
4193.66	0.660009
4199.97	0.649342
4207.7	0.494829
4215.45	0.379366
4220.37	0.353227
4223.96	0.34482
2615.41	0.37263
2604.46	0.39147
2580.21	0.456927
2679.81	0.464351
2765.57	0.466934
2840.44	0.469423
2911.73	0.471581
2973.48	0.468544
3031.94	0.468263
3095.43	0.468586
3154.42	0.468951
3212.28	0.469405
3268.12	0.469885
3322.04	0.470457
3374.36	0.471145
3425.15	0.471958
3474.66	0.4729
3523	0.473965
3570.32	0.475133
3616.3	0.476382
3657.49	0.477628
3698.28	0.479738
3736.92	0.482371
3773.07	0.485332
3808.81	0.488048
3839.21	0.487526
3868.46	0.48929
3899.38	0.492277
3928.16	0.495769
3954.56	0.499846
3980.03	0.50413
4004.76	0.508421
4025.69	0.50891
4046.48	0.511726
4065.67	0.514624
4084.5	0.518924
4101.38	0.523927
4117.06	0.528978
4131.99	0.535968
4146.55	0.54407
4159.73	0.554946
4171.35	0.569326
4181.35	0.587597
4189.52	0.623026
4196.25	0.66161
4201.66	0.651229
4209.72	0.488284
4218.02	0.376222
4223.65	0.351232
4226.73	0.342576
2649.61	0.377041
2638.91	0.399986
2604.85	0.434687
2711.79	0.45041
2795.14	0.455248
2859.39	0.455408
2918.7	0.457286
2983.61	0.459348
3044.09	0.460661
3104.09	0.461699
3162.17	0.462492
3218.71	0.463184
3273.59	0.463816
3326.85	0.464443
3378.62	0.465104
3429.02	0.465821
3478.15	0.466615
3526.07	0.4675
3572.74	0.468484
3617.98	0.469576
3661.22	0.470871
3703.3	0.47251
3741.79	0.475105
3774.9	0.47447
3806.69	0.476223
3840.44	0.478824
3871.37	0.482362
3901.72	0.485958
3931.37	0.489695
3956.65	0.490396
3981.88	0.493683
4004.3	0.496911
4027.96	0.501117
4049.24	0.505796
4068.83	0.510433
4087.24	0.514952
4104.21	0.519599
4119.9	0.524821
4131.98	0.531209
4148.05	0.5393
4161.45	0.549564
4173.02	0.56286
4182.94	0.57978
4191.09	0.607554
4197.38	0.637796
4202.87	0.570993
4212.72	0.426861
4221.3	0.360165
4227	0.343605
4229.92	0.33679
2693.44	0.379758
2695.56	0.405617
2707.26	0.42711
2765.53	0.438103
2822.65	0.438025
2880.22	0.442843
2937.71	0.446581
2996.88	0.449432
3055.38	0.451579
3113.29	0.453307
3170.01	0.454763
3225.31	0.456038
3279.15	0.457135
3331.56	0.458114
3382.63	0.45904
3432.47	0.459949
3481.15	0.460894
3528.62	0.461922
3574.77	0.463071
3619.83	0.464262
3664.21	0.46551
3710	0.46667
3741.16	0.462348
3776.84	0.463713
3810.81	0.466298
3842.5	0.469592
3872.89	0.473544
3902.78	0.474487
3930.62	0.476701
3958.86	0.480274
3984.45	0.485134
4008.02	0.490168
4030.68	0.495179
4051.79	0.500105
4071.33	0.504976
4089.57	0.509425
4106.52	0.513558
4122.18	0.517528
4136.38	0.521804
4150.33	0.528052
4163.12	0.535624
4174.5	0.544062
4184.43	0.550788
4193.2	0.5433
4200.15	0.498135
4207.74	0.414124
4217.5	0.363485
4225.3	0.34256
4230.61	0.333675
4233.32	0.32901
2733.99	0.380925
2741.8	0.401081
2761.68	0.412486
2801.25	0.41959
2848.59	0.425312
2900.01	0.429979
2953.85	0.433748
3009.54	0.436813
3065.93	0.439368
3122.29	0.441648
3177.83	0.443851
3231.91	0.446043
3284.6	0.4479
3336.04	0.449478
3386.23	0.45091
3435.41	0.452137
3483.6	0.45328
3530.71	0.454437
3576.06	0.45589
3620.49	0.45697
3663.83	0.458002
3705.84	0.459086
3744.08	0.459683
3778.44	0.461101
3815.2	0.462922
3843.82	0.455933
3869.98	0.455302
3904.23	0.459335
3934.18	0.464078
3961.68	0.470011
3987.03	0.475287
4010.68	0.47998
4033.04	0.484245
4054.05	0.488171
4073.31	0.492898
4091.43	0.49626
4108.39	0.498868
4124.24	0.500105
4139.38	0.498016
4152.15	0.490915
4164.67	0.483909
4176.12	0.471951
4186.42	0.45094
4195.45	0.415655
4205.28	0.379467
4214.13	0.352444
4222.53	0.337692
4229.4	0.329468
4234.19	0.324517
4236.65	0.32114
2765.63	0.379332
2775.02	0.396473
2795.49	0.403939
2828.23	0.409039
2869.45	0.413075
2916.29	0.416384
2966.95	0.419086
3020.27	0.421321
3075.19	0.423263
3130.73	0.42517
3185.69	0.427438
3238.41	0.43052
3289.77	0.432937
3340.2	0.434661
3389.23	0.436252
3437.66	0.437387
3485.43	0.438259
3532.8	0.438733
3576.47	0.43763
3620.42	0.43768
3662.94	0.437284
3703.58	0.435967
3740.22	0.433412
3778.3	0.431213
3813.84	0.431014
3845.81	0.429326
3876.29	0.43011
3908.04	0.43221
3938.29	0.434651
3964.8	0.441207
3989.5	0.445581
4012.85	0.448041
4035.06	0.448937
4056.44	0.447776
4074.85	0.442458
4093	0.439671
4110.04	0.436391
4125.86	0.430954
4139.83	0.42186
4154.51	0.414064
4167.63	0.401352
4179.65	0.385073
4190.62	0.368115
4200.68	0.352517
4210.27	0.340386
4218.98	0.331268
4226.69	0.325125
4232.93	0.320709
4237.3	0.317148
4239.56	0.314115
2786.81	0.377331
2796.38	0.392698
2816.13	0.397854
2845.87	0.400441
2883.72	0.402378
2927.72	0.403732
2976.28	0.40463
3028.19	0.405188
3082.52	0.405527
3138.42	0.405829
3194.38	0.40654
3244.82	0.409468
3294.38	0.412687
3344.21	0.414511
3391.24	0.410418
3438.98	0.40877
3486	0.406662
3531.4	0.404275
3577.04	0.401865
3620.93	0.401467
3663.16	0.400933
3703.53	0.400282
3741.72	0.399499
3778.89	0.399219
3814.23	0.398777
3847.51	0.398285
3879.57	0.398127
3911.6	0.398088
3944.36	0.397113
3968.02	0.393219
3991.71	0.391434
4014.63	0.389526
4036.44	0.386491
4055.93	0.381278
4076.46	0.377171
4095.09	0.374683
4112.35	0.37143
4128.37	0.367375
4143.2	0.362542
4157.43	0.357335
4170.64	0.35128
4182.81	0.344656
4194.02	0.33796
4204.31	0.331789
4213.79	0.326536
4222.28	0.322109
4229.61	0.318281
4235.47	0.314712
4239.59	0.311157
4241.72	0.307724
2797.35	0.375695
2806.83	0.389968
2826.07	0.393997
2854.54	0.395373
2890.91	0.395838
2933.59	0.395841
2981.16	0.395559
3032.52	0.395084
3087	0.394472
3144.66	0.39375
3207.1	0.392911
3250.65	0.381091
3297.28	0.376922
3342.18	0.371273
3391.67	0.36843
3439.77	0.367765
3486.78	0.367157
3532.63	0.366573
3577.72	0.36601
3621.43	0.365464
3663.55	0.36493
3703.91	0.364408
3742.45	0.363892
3779.5	0.363374
3814.88	0.362831
3848.59	0.362253
3881.04	0.361622
3912.59	0.360903
3942.71	0.36006
3968.72	0.356398
3992.93	0.355345
4015.89	0.354217
4037.6	0.352907
4057.94	0.351401
4077.77	0.349782
4096.38	0.347948
4113.72	0.345817
4129.86	0.343376
4144.92	0.340638
4159.1	0.337661
4172.31	0.33447
4184.55	0.331139
4195.82	0.327748
4206.17	0.324363
4215.58	0.321009
4223.96	0.317633
4231.11	0.314136
4236.81	0.310397
4240.81	0.306365
4242.89	0.302741
3948.92	0.398985
3968.07	0.399024
3991.63	0.400471
4014.51	0.404158
4036.44	0.409775
4051.58	0.415676
4058.1	0.442308
4074.66	0.442695
4092.9	0.44223
4109.93	0.442678
4125.78	0.444792
4137.63	0.448527
4141.61	0.474489
4152.01	0.473744
4164.62	0.465365
4176.07	0.453692
4186.33	0.440288
4194.19	0.432531
4195.68	0.464243
4200.04	0.459819
4202.89	0.420416
2654.88	0.51196
2711.36	0.510953
2767.2	0.509356
2794.04	0.50659
2858.16	0.505316
2931.81	0.502972
2980.27	0.500746
3004.16	0.496674
3064.32	0.495624
3131.76	0.494285
3177.79	0.493017
3202.63	0.493275
3259.81	0.492377
3321.53	0.491383
3362.23	0.490307
3385.9	0.490341
3438.69	0.489727
3493.67	0.489724
3526.33	0.489307
3547.07	0.491343
3591.18	0.490843
3634.51	0.490666
3657.37	0.490495
3669.25	0.491217
3631.52	0.515986
3650.51	0.515605
3687.32	0.515768
3725.19	0.515612
3757.02	0.516798
3791.2	0.516745
3821.29	0.516924
3850.7	0.516642
3871.15	0.516373
3881.39	0.517289
3905.58	0.51764
3931.01	0.519176
3955.12	0.519954
3974.87	0.521455
3994.94	0.522111
4016.12	0.523174
4035.94	0.524206
4053.25	0.525199
4055.8	0.528153
3969.36	0.532869
3987.66	0.533581
4008.19	0.53466
4028.28	0.536066
4047.89	0.537573
4066.71	0.539332
4084.6	0.541257
4101.44	0.543258
4117.26	0.545017
4131.75	0.54624
4144.72	0.545957
4156.13	0.542223
4166.11	0.531826
4173.55	0.501574
4181.47	0.453566
4189.44	0.393821
4197.39	0.359643
4200.53	0.345003
4027.42	0.491716
4041.93	0.495539
4047.82	0.513087
4058.33	0.51404
4074.94	0.517589
4090.7	0.522418
4104.94	0.528247
4109.88	0.545055
4117.2	0.546189
4131.58	0.548967
4145.27	0.552416
4158.33	0.554753
4162.22	0.569752
4167.7	0.570729
4177.73	0.56937
4186.38	0.558213
4194.25	0.526519
4197.53	0.458967
4200.9	0.449073
4208.81	0.394913
4216.22	0.363675
4220.85	0.351929
3655.11	0.496327
3672.27	0.496143
3684.75	0.498004
3709.9	0.497704
3746.57	0.499223
3780.72	0.500892
3813.88	0.502235
3834.53	0.502819
3845.72	0.506702
3873.2	0.507114
3902.32	0.508221
3924.47	0.511078
3945.11	0.512281
3952.66	0.517316
3969.13	0.517471
3991.31	0.519017
4012.7	0.520216
4032.96	0.521292
4043.77	0.52192
4050.52	0.522555
4059.82	0.5229
2789.76	0.52085
2807.05	0.520041
2830.01	0.519912
2873.8	0.519053
2942.26	0.518039
3002.56	0.516761
3027.24	0.517661
3072.72	0.516802
3133.95	0.51615
3187.34	0.515037
3208.55	0.515938
3250.83	0.515148
3306.8	0.513941
3352.69	0.512565
3371.14	0.510552
3410.02	0.509796
3459.05	0.508665
3498.31	0.507371
3509.66	0.502636
3545.32	0.501986
3588.38	0.501496
3622.13	0.500474
3629.57	0.493871
3419.8	0.513705
3457.95	0.513281
3507.84	0.512849
3557.29	0.512335
3604.86	0.512094
3647.8	0.512531
3687.54	0.513214
3724.55	0.514015
3762.3	0.514172
3792.3	0.515814
3822.24	0.516828
3851.89	0.517867
3879.99	0.519159
3907.22	0.520007
3933.03	0.520704
3952.53	0.520726
3960.05	0.522538
3978.06	0.522502
3997.29	0.522796
4010.21	0.522609
3670.75	0.493489
3702.06	0.494004
3737.74	0.495292
3772.82	0.496996
3806.75	0.499085
3839.38	0.501307
3865.13	0.502753
3875.05	0.516252
3897.41	0.516631
3925.24	0.518717
3951.3	0.520408
3975.78	0.522237
3998.77	0.524255
4020.17	0.526477
4038.4	0.529419
4055.76	0.532439
4072.54	0.535214
4085.59	0.53692
4090.09	0.545084
4101.49	0.545964
4115.16	0.548069
4123.96	0.549212
3503.32	0.497
3539.85	0.497134
3583.88	0.497934
3625.83	0.499105
3665.81	0.500208
3689.45	0.500626
3703.62	0.506264
3737.33	0.506595
3772.32	0.507492
3805.63	0.508519
3836.87	0.509884
3865.09	0.511842
3889.44	0.514564
3917.69	0.515823
3943.48	0.517588
3967.15	0.519243
3985.43	0.520084
3992.18	0.525565
4008.31	0.525686
4028.25	0.526158
4041.76	0.526342
3632.42	0.465942
3659.1	0.464512
3670.71	0.447441
3702.27	0.446435
3738.88	0.445567
3774.33	0.444704
3808.51	0.443781
3841.25	0.442589
3872.43	0.440854
3902.47	0.438413
3930.81	0.434654
3949.09	0.43121
3958.98	0.413638
3980.95	0.412506
4003.7	0.412703
4025.24	0.412581
4044.46	0.412153
4062.27	0.412188
4078.5	0.41225
4091.78	0.412366
2991.75	0.517799
3039.77	0.51715
3102.87	0.516285
3166	0.515254
3228.04	0.514339
3288.54	0.513572
3347.2	0.512947
3403.69	0.512488
3457.7	0.512214
3509.28	0.512077
3558.39	0.512076
3604.67	0.512249
3646.68	0.512842
3689.15	0.512732
3730.28	0.512538
3768.08	0.512408
3799.9	0.512327
3827.67	0.512287
3839.1	0.512872
3921.65	0.402539
3931.42	0.403657
3937.89	0.448214
3957.19	0.451433
3966.31	0.483719
3979.64	0.484837
3996.43	0.489394
4002.91	0.506256
4019.4	0.507974
4024.39	0.525014
4038.3	0.525857
4047.58	0.530188
4054.62	0.532435
4066.86	0.534079
4070.63	0.537021
4083.93	0.537513
4089.04	0.541969
4099.27	0.542357
4109.38	0.54661
4114.52	0.552082
4125.39	0.554874
4128.08	0.565512
4137.66	0.567529
4143.92	0.574485
4151.07	0.574814
4159.47	0.579879
4161.42	0.579712
3791.05	0.51629
3801.21	0.516002
3828.65	0.516633
3857.23	0.517232
3884.19	0.517341
3894.36	0.519295
3911.91	0.519151
3937.15	0.521198
3961.86	0.522985
3983.4	0.525466
3991.72	0.530779
4004.2	0.53087
4023.75	0.533269
4042.83	0.535324
4060.58	0.537309
4067.3	0.541047
4075.45	0.541157
4093.8	0.546244
4110.04	0.551414
4124.57	0.557141
4131.06	0.562027
4137.04	0.562756
4146.91	0.565148
2596.71	0.495433
2611.76	0.496117
2660.08	0.495229
2744.99	0.494222
2823.68	0.493952
2882.74	0.493054
2903.45	0.502064
2957.27	0.501355
3023.58	0.501375
3086.57	0.501125
3125.41	0.500554
3147.45	0.505228
3200.64	0.504763
3256.79	0.504692
3308.25	0.504438
3329.27	0.50805
3361.88	0.507414
3412.82	0.507147
3459.34	0.506887
3495.35	0.506494
3508.47	0.5112
3541.58	0.510777
3571.16	0.510245
3628.32	0.494343
3643.99	0.494351
3654.75	0.504593
3688.84	0.50488
3728.32	0.506354
3766.1	0.50832
3801.84	0.510562
3818.67	0.512919
3834.83	0.513032
3865.12	0.514138
3893.57	0.515713
3920.58	0.517302
3943.35	0.517998
3950.43	0.523151
3967.27	0.52327
3991.5	0.524204
4012.66	0.525539
4033.06	0.526934
4047.2	0.527767
4053.03	0.531526
4068.98	0.531943
4079.94	0.53304
3909.1	0.511058
3914.16	0.512601
3930.32	0.512747
3950.03	0.515462
3958.07	0.521895
3974.9	0.522316
3992.59	0.524076
3999.17	0.53066
4016.26	0.531555
4032.71	0.533602
4041.53	0.53888
4060.13	0.540553
4073.64	0.543188
4079.75	0.547147
4095.66	0.550609
4103.58	0.557483
4112.13	0.557671
4125.83	0.563347
4131.07	0.571455
4140.05	0.572247
4152.02	0.579617
4156.69	0.590756
4165.67	0.592377
4174.43	0.601828
4177.75	0.612877
4183.01	0.619402
3103.85	0.507593
3148.43	0.506967
3209.26	0.506226
3269.52	0.505342
3325.21	0.505171
3375.85	0.505707
3424.15	0.506054
3468.64	0.506282
3487.48	0.509864
3513.07	0.509375
3556.61	0.509757
3596.89	0.510171
3634.77	0.510804
3671.98	0.51121
3708.44	0.511849
3744.34	0.512502
3778.98	0.5133
3811.73	0.514167
3842.83	0.514801
3870.33	0.515118
3881.05	0.51714
3897.3	0.516908
3908.64	0.517478
3366.08	0.503341
3380.46	0.502786
3394.54	0.505813
3430.01	0.505272
3477.48	0.504901
3523.3	0.504111
3553.01	0.503272
3570.88	0.502509
3609.8	0.502023
3642.62	0.499999
3679.49	0.499742
3695.48	0.50045
3721.21	0.500065
3757.38	0.502103
3791.84	0.503523
3816.66	0.504191
3829.09	0.508639
3856.04	0.508927
3885.16	0.511036
3911.53	0.513045
3923.29	0.515856
3937.95	0.515643
3961.96	0.51629
3983.93	0.516697
3997.66	0.516887
3569.42	0.517472
3572.69	0.517457
3600.61	0.517142
3641.73	0.51693
3682.75	0.516588
3717.74	0.517324
3751.68	0.517711
3784.64	0.518112
3816.68	0.518696
3846.48	0.519569
3868.44	0.519752
3877.81	0.524042
3900.69	0.524316
3925.82	0.525784
3951.76	0.526475
3973.81	0.52852
3998.92	0.52948
4021.73	0.531028
4042.62	0.532434
4062.48	0.533201
4072.49	0.533666
4075	0.532615
3715.92	0.474742
3739.08	0.474994
3750.65	0.485557
3774.8	0.48556
3802.55	0.487517
3812.3	0.497522
3839.11	0.497906
3860.07	0.499937
3870.54	0.506079
3896.77	0.507155
3908.9	0.511483
3922.77	0.511318
3945.57	0.512701
3952.68	0.518192
3970.91	0.518251
3988.74	0.519914
3994.19	0.526302
4012.65	0.526948
4026	0.529341
4033.13	0.534387
4050.86	0.536135
4057.75	0.543434
4067.58	0.543633
4083.06	0.544563
4088.28	0.543514
4095.82	0.543562
4085.46	0.534764
4087.01	0.537615
4097.44	0.538448
4103.3	0.545633
4114.67	0.546622
4120.19	0.558586
4130.6	0.559826
4134.89	0.573864
4143.25	0.575539
4147.4	0.587004
4154.84	0.588498
4159.09	0.599653
4166.06	0.602232
4169.75	0.606167
4175.24	0.606091
4179.79	0.584456
4185.47	0.580202
4189.39	0.522928
4194.41	0.507438
4198.63	0.421516
4204.17	0.404542
4208.07	0.37481
4213.14	0.366384
4216.12	0.357413
4216.82	0.355106
3817.15	0.476892
3844.06	0.479918
3860.41	0.48343
3873.39	0.487696
3902.7	0.489226
3928.9	0.492072
3938.32	0.502316
3956.33	0.502584
3981.86	0.506193
4000.26	0.508638
4007.08	0.51885
4025.47	0.519787
4046.35	0.523771
4057.37	0.527004
4064.65	0.531249
4081.79	0.53301
4097.27	0.536454
4102.68	0.544667
4113.03	0.545262
4128.23	0.549636
4138.93	0.553165
4142.2	0.559237
4150.62	0.56059
3595.48	0.509532
3622.25	0.509248
3654.16	0.509161
3666.13	0.512406
3694.45	0.512133
3731.29	0.512593
3765.45	0.513008
3799.56	0.513203
3831.37	0.513838
3860.42	0.514624
3885.44	0.514888
3895.24	0.516688
3913.23	0.516562
3938.18	0.51794
3961.96	0.518753
3983.98	0.519856
4003.99	0.52115
4026.26	0.52166
4045.46	0.522242
4052.73	0.522949
4060.1	0.522853
3614.21	0.511043
3647.18	0.511285
3666.82	0.51222
3687.12	0.511703
3726.27	0.511567
3745.85	0.511952
3762.82	0.511675
3792.64	0.511737
3812.04	0.512308
3826.02	0.513481
3854.82	0.514419
3874.28	0.515538
3886.68	0.518
3912.52	0.51866
3931.69	0.51976
3942.94	0.522501
3965.98	0.523073
3983.1	0.524521
3992.24	0.528363
4012.06	0.528861
4027.72	0.529799
4035.73	0.531833
4051.94	0.532192
4064.93	0.532887
4067.76	0.532033
3742.28	0.513764
3766.27	0.513751
3797.49	0.514783
3827.43	0.516385
3853.31	0.517329
3863.81	0.521681
3885.33	0.521623
3914.97	0.523295
3942.19	0.525183
3965.86	0.527662
3977.65	0.529358
3991.04	0.529143
4011.88	0.531031
4030.52	0.53325
4050.36	0.535074
4062.38	0.536446
4069.33	0.539764
4084.44	0.540665
4099.53	0.543381
4114.42	0.546524
4125.25	0.548982
4129.47	0.554196
4139.61	0.554856
4101.7	0.529789
4104.62	0.535498
4111.5	0.536422
4115.61	0.537666
4118.25	0.543795
4125.13	0.545626
4129.65	0.549086
4132.54	0.562822
4138.88	0.565887
4143.48	0.571608
4146.47	0.582827
4152.11	0.586144
4156.98	0.588555
4160.34	0.599515
4165.45	0.605878
4170.04	0.606151
4174.02	0.614441
4178.4	0.62408
4182.54	0.624595
4186.24	0.635887
4189.88	0.645048
4193.43	0.64587
4196.82	0.6038
4200.57	0.574711
4201.56	0.572064
3431.8	0.45901
3442.88	0.46387
3467.75	0.463536
3480.61	0.482093
3507.79	0.481954
3521.55	0.486911
3538.73	0.486904
3560.52	0.486366
3572.05	0.491969
3596.95	0.491913
3609.09	0.504263
3626.53	0.505901
3645.4	0.50544
3657.88	0.505218
3681.33	0.504871
3692.33	0.504856
3708.74	0.506062
3723.54	0.506803
3731.89	0.50735
3752.73	0.506908
3762.29	0.498425
3774.24	0.495334
3782.19	0.490678
3691.13	0.516646
3721.63	0.516513
3750.18	0.516156
3758.05	0.515889
3784.41	0.515619
3817.01	0.516406
3840.7	0.516644
3850.29	0.519821
3875.06	0.519839
3901.17	0.520808
3918.13	0.521192
3925.92	0.523172
3949.37	0.523505
3975.92	0.524325
3989.53	0.525063
3999.66	0.526051
4021.22	0.526918
4041.95	0.528803
4051.97	0.5302
4063.72	0.530027
4083.45	0.531144
4096.48	0.531613
4098.03	0.530481
4098.05	0.530694
3616.11	0.506654
3641.99	0.506749
3680.94	0.507506
3718.79	0.50852
3754.59	0.509922
3788.55	0.511396
3820.73	0.512964
3851.86	0.514254
3881.62	0.515622
3910.05	0.516893
3937.24	0.518015
3962.96	0.519097
3986.27	0.5205
4008.18	0.521889
4021.13	0.52271
4029.3	0.525738
4047.33	0.52665
4065.49	0.528222
4083	0.529326
4096.73	0.530575
4095.9	0.530847
4097.26	0.531965
4105.81	0.532508
4109.44	0.537009
4115.63	0.539906
4121.54	0.540172
4125	0.548032
4132.71	0.549182
4135.87	0.557716
4141.24	0.559685
4146.42	0.559565
4149.53	0.567691
4155.67	0.569367
4158.41	0.572266
4162.19	0.575776
4165.85	0.575739
4167.66	0.558861
4172.26	0.556675
4174.29	0.56452
4177.37	0.535127
4180.3	0.529275
4182.95	0.40827
4187.74	0.391485
4189.82	0.409437
4193.85	0.375888
4196.08	0.371883
3952.29	0.528205
3970.7	0.528918
3991.54	0.530553
4012.28	0.53215
4027.22	0.53315
4035.6	0.536007
4051.81	0.536825
4068.78	0.539228
4084.69	0.541303
4098.15	0.542975
4103.73	0.548114
4114.91	0.548718
4128	0.551002
4141.23	0.551459
4154.91	0.550132
4159.61	0.539591
4168.43	0.536833
4179.39	0.52041
4188.69	0.487986
4197.56	0.421915
4204.37	0.373031
4209.63	0.354618
4215.09	0.341924
3336.19	0.511249
3375.43	0.511059
3422.54	0.510994
3469.57	0.51095
3513.48	0.511642
3556.77	0.512039
3596.93	0.513131
3635.45	0.513826
3659.22	0.513985
3676.49	0.516291
3710.73	0.516434
3745.2	0.517006
3779.76	0.517229
3812.86	0.517811
3844.18	0.518517
3873.2	0.519315
3898.62	0.52038
3924.54	0.520568
3946.04	0.520334
3954.64	0.521809
3968.6	0.521709
3451.86	0.510101
3481.09	0.509778
3524.04	0.510172
3564.36	0.510877
3603.21	0.511535
3640.78	0.512238
3677.98	0.512683
3714.16	0.513238
3748.79	0.513927
3782.41	0.514427
3814.87	0.514886
3845.99	0.515307
3871.74	0.51545
3881.36	0.519081
3901.28	0.519002
3927.7	0.520064
3952.2	0.520701
3979.27	0.52076
4002.75	0.521443
4023.72	0.522111
4037.68	0.522494
3212.5	0.408345
3250.7	0.409636
3297.69	0.413752
3327.3	0.417208
3346.07	0.43392
3391.12	0.434555
3438.89	0.436073
3485.92	0.438475
3530.31	0.440981
3550	0.449033
3576.04	0.448599
3620.27	0.449308
3662.79	0.449915
3703.55	0.451014
3737.18	0.451808
3750.77	0.460917
3778.01	0.460614
3814.65	0.459545
3843.55	0.456342
3866.62	0.455642
3840.84	0.518362
3840.97	0.518617
3864.69	0.519034
3891.95	0.520217
3910.11	0.52107
3918.16	0.526029
3940.95	0.526633
3965.26	0.52891
3982.82	0.530397
3989.49	0.53893
4008.27	0.539488
4029.67	0.541524
4046.16	0.542795
4051.94	0.547942
4066.69	0.548781
4084.65	0.553488
4097.91	0.559377
4104.26	0.565678
4116.91	0.566505
4132.34	0.57329
4144.68	0.579005
4147.74	0.587525
4154.65	0.588585
4160.89	0.594487
3809.61	0.535416
3828.7	0.535495
3856.43	0.536883
3883.65	0.538319
3911.34	0.539424
3937.51	0.541454
3962.55	0.543432
3986.77	0.545306
4008.36	0.548475
4029.44	0.551229
4048.75	0.555665
4067.32	0.559968
4084.19	0.566263
4101.86	0.57083
4118.85	0.576612
4134.13	0.584183
4147.6	0.592396
4159.47	0.599791
4168.33	0.616506
4173.95	0.625863
2779.74	0.46935
2783.29	0.470086
2798	0.46995
2859.59	0.470281
2900.13	0.470398
2916.57	0.481141
2973.55	0.480826
3024.15	0.480625
3041.37	0.490628
3089.53	0.490146
3143.59	0.490986
3163.53	0.4978
3201.84	0.49719
3258.55	0.498388
3287.18	0.499068
3310.9	0.50043
3363.14	0.500211
3399.58	0.500194
3416.1	0.506583
3459.06	0.506212
3497.51	0.506148
3509.97	0.511055
3541.49	0.510637
3572.39	0.510231
3764.22	0.514479
3789.27	0.515878
3808.79	0.517051
3821.92	0.521177
3850.06	0.521724
3877.72	0.5236
3905.78	0.524871
3920.37	0.525734
3932.86	0.526398
3956.21	0.528083
3980.23	0.529868
4001.9	0.532543
4011.87	0.53522
4023.48	0.535132
4042.82	0.537986
4061.24	0.541027
4078.66	0.543487
4086.09	0.547798
4096.85	0.548042
4112.17	0.551897
4126.09	0.55466
4135.54	0.555923
2755.35	0.520978
2806	0.520204
2873.34	0.51925
2941.02	0.518062
3007.56	0.516959
3072.98	0.515928
3136.05	0.51514
3196.8	0.514469
3255.3	0.513895
3311.39	0.513437
3364.35	0.51319
3414.73	0.512929
3462.11	0.512813
3509.98	0.512211
3555.52	0.511763
3598.43	0.511306
3639.94	0.510684
3680.25	0.509896
3712.74	0.509181
3736.58	0.508949
2860.02	0.520055
2883.97	0.519104
2943.81	0.518205
2968.28	0.517877
3010.39	0.516996
3071.35	0.515401
3097.32	0.513617
3133.27	0.512761
3191.44	0.511545
3220.91	0.510428
3251.81	0.509587
3308.55	0.508583
3339.8	0.507458
3364.83	0.506426
3415.26	0.505577
3447.19	0.504576
3467.82	0.503501
3511.86	0.502927
3542.36	0.502231
3558.48	0.501561
3597.21	0.500901
3626.95	0.500016
3640.57	0.498325
3672.36	0.498061
3697.12	0.498138
3701.07	0.499191
3836.04	0.523657
3839.23	0.523378
3862.83	0.524285
3889.28	0.525264
3916	0.526247
3941.47	0.527933
3965.52	0.529964
3988.45	0.532102
4008.58	0.535484
4028.2	0.53856
4046.39	0.542627
4067.35	0.544949
4082.19	0.546883
4088.73	0.558339
4104.01	0.560167
4120.54	0.566083
4135.22	0.572914
4147.56	0.582089
4158.76	0.591113
4168.3	0.601558
4175.45	0.621347
3995.86	0.523784
4006.67	0.523815
4026.5	0.525482
4046.04	0.527138
4065.82	0.5284
4084.77	0.529734
4098.81	0.530446
4104.49	0.533015
4115.91	0.532947
4130.38	0.532073
4143.39	0.528589
4154.82	0.519931
4164.7	0.501258
4173.35	0.463905
4181.62	0.407365
4189.17	0.363378
4197.66	0.339763
4204.68	0.331612
4209.6	0.328667
4211.3	0.327458
3532.15	0.506658
3565.35	0.506523
3602.9	0.506276
3632.86	0.505813
3644.63	0.506317
3673.6	0.506047
3707.25	0.507073
3744.49	0.507432
3767.31	0.507707
3780.79	0.510829
3811.41	0.511215
3842.57	0.5129
3870.48	0.514416
3882.02	0.517752
3898.68	0.517566
3925.43	0.518809
3950.99	0.519801
3971.42	0.520253
3978.76	0.522983
3997.41	0.52295
4019.83	0.523781
4035.89	0.524337
3685.1	0.515941
3695.73	0.516628
3717.85	0.51627
3749.67	0.516606
3761.51	0.519496
3789.74	0.519182
3816.64	0.519452
3829.77	0.521288
3856.58	0.520938
3876.7	0.520552
3889.65	0.519564
3916.15	0.519593
3929.2	0.519475
3944.51	0.519124
3966.54	0.519728
3975.52	0.520777
3992.32	0.520744
4012.71	0.521963
4021.87	0.524658
4040.5	0.524975
4056.02	0.52616
4064.6	0.527251
4081.86	0.527904
4092.32	0.528951
4101.31	0.529038
4116.68	0.530571
4123.49	0.531219
4128.13	0.531293
3903.33	0.505142
3905.76	0.505213
3920.78	0.50536
3930.14	0.508447
3942.14	0.510481
3951.65	0.51353
3961.35	0.518406
3973.85	0.5184
3981.38	0.52328
3995.04	0.523431
4003.04	0.524801
4014.61	0.525464
4023.81	0.526216
4032.99	0.526425
4044.05	0.526311
4051.42	0.528517
4062.48	0.528851
4068.6	0.532202
4078.46	0.533162
4084.78	0.534964
4092.5	0.535516
4101.23	0.535325
4107.15	0.528437
4115.76	0.527581
4118.71	0.510199
3767.35	0.514156
3785.94	0.514507
3794.89	0.520228
3821.07	0.520472
3850.13	0.521267
3877.73	0.522164
3905.63	0.522799
3931.57	0.524098
3956.72	0.525218
3978.56	0.527069
3997.55	0.52927
4016.22	0.530695
4036.76	0.53193
4056.95	0.533408
4071.16	0.534597
4077.19	0.540695
4092.43	0.541699
4108.86	0.545369
4123.37	0.548859
4132.24	0.551639
2700.02	0.505435
2719.56	0.50436
2764.59	0.503945
2791.74	0.505751
2858.72	0.504802
2914.67	0.503709
2936.95	0.507423
2993.94	0.506512
3056.82	0.504969
3081.46	0.503331
3129.64	0.502327
3193.17	0.500134
3222.8	0.498057
3256.36	0.497147
3315.77	0.496004
3353.51	0.494692
3374.48	0.492817
3423.81	0.492149
3465.22	0.491465
3481.91	0.494217
3521.31	0.493812
3562.68	0.494422
3578.85	0.498032
3609.11	0.497479
3636.3	0.495811
3162.14	0.502591
3169.28	0.502344
3203.9	0.501712
3261.95	0.501302
3316.24	0.500986
3339.09	0.50384
3371.93	0.503189
3423.53	0.505231
3471.5	0.507157
3495.88	0.508047
3522.89	0.507374
3569.92	0.508457
3614.01	0.509674
3637.95	0.510185
3658.48	0.511178
3694.9	0.511459
3731.86	0.511584
3754.76	0.511495
3770.76	0.512249
3804	0.511764
3836.77	0.510436
3855.56	0.508593
3866.38	0.506086
3886.24	0.505968
3282.83	0.510004
3328.95	0.509817
3378.67	0.50944
3427.51	0.509109
3474.37	0.509031
3519.58	0.50899
3561.26	0.509489
3601.1	0.509847
3639.8	0.510029
3674.43	0.510906
3704.56	0.511032
3718.53	0.514716
3745.57	0.51448
3780.01	0.515335
3813.07	0.515412
3844.69	0.515454
3875	0.515382
3901.8	0.515421
3927.71	0.515405
3949.63	0.515364
