2769.85	0.160431
2780.1	0.159678
2800.59	0.158279
2830.93	0.15635
2869.97	0.154006
2916.18	0.151345
2968.03	0.148444
3024.22	0.14537
3083.72	0.142179
3145.78	0.138918
3209.83	0.135625
3275.44	0.132328
3342.22	0.129052
3409.69	0.12582
3477.08	0.122657
3543.28	0.119594
3609.43	0.116642
3675.8	0.113783
3742.02	0.111016
3807.6	0.108357
3872.37	0.105841
3936.82	0.103534
4001.53	0.1016
4066.94	0.100515
4133.22	0.101542
4200.04	0.107342
4265.96	0.120506
4326.73	0.127736
4386.79	0.123038
4444.91	0.123118
4500.94	0.126916
4554.57	0.131191
4605.43	0.134452
4653.51	0.142538
4699.41	0.155816
4745.64	0.173672
4791.64	0.20027
4835.44	0.2321
4882.44	0.268637
4929.75	0.293539
4973.32	0.305469
5012.79	0.308971
5049.12	0.307113
5082.83	0.301344
5112.07	0.291181
5135.79	0.273553
5152.63	0.238132
5165.03	0.202163
5173.8	0.169757
5178.24	0.146936
2759.76	0.160993
2770.04	0.160242
2790.92	0.158826
2822.4	0.156842
2863	0.154423
2910.76	0.151682
2963.95	0.148708
3021.19	0.14557
3081.51	0.142328
3144.17	0.139025
3208.7	0.135698
3274.76	0.132371
3342.09	0.129066
3410.42	0.125799
3478.97	0.122599
3544.12	0.119551
3610.08	0.116618
3676.88	0.113766
3743.7	0.111014
3809.54	0.108421
3873.88	0.106089
3937.85	0.104228
4002.17	0.103303
4067.34	0.104523
4133.76	0.111156
4201.3	0.131455
4270.13	0.182706
4326.25	0.200798
4388.17	0.175488
4446.56	0.172824
4502.7	0.180968
4556.36	0.190128
4606.86	0.193198
4653.89	0.204566
4696.94	0.221138
4743.62	0.261683
4795.59	0.324029
4843.04	0.361978
4889.05	0.387921
4933.93	0.406097
4976.27	0.419789
5015.55	0.429145
5051.82	0.433228
5084.94	0.429753
5114.17	0.415368
5138.74	0.387826
5158.19	0.342225
5170.38	0.266301
5177.89	0.193286
5182.19	0.168319
2739.57	0.162043
2749.53	0.161322
2770.83	0.1599
2804.94	0.157806
2849.05	0.155232
2900.13	0.152332
2956.05	0.149213
3015.4	0.145953
3077.27	0.142612
3141.08	0.139232
3206.49	0.135843
3273.31	0.132464
3341.53	0.129105
3411.54	0.125758
3484.97	0.122383
3544.95	0.119498
3610.76	0.116606
3678.87	0.113768
3747.4	0.111106
3814.1	0.108882
3876.95	0.107489
3939.71	0.107896
4003.08	0.111581
4067.33	0.120769
4133.36	0.137465
4200.16	0.165096
4260.68	0.220184
4336.23	0.301288
4395.08	0.300521
4451.76	0.300912
4507.63	0.316927
4562.59	0.331612
4612.37	0.332652
4659.49	0.354105
4703.97	0.382787
4745.92	0.410832
4799.88	0.427963
4848.26	0.448032
4894.34	0.469269
4938.72	0.489793
4980.94	0.50905
5020.54	0.526458
5057.39	0.540836
5091.2	0.549104
5121.37	0.547043
5146.99	0.528586
5166.94	0.480165
5180.7	0.386043
5186.28	0.240477
5190.21	0.196844
2709.56	0.163454
2717.81	0.16284
2738.07	0.161514
2777.65	0.159231
2828.28	0.156403
2884.88	0.153255
2944.97	0.14992
3007.36	0.146484
3071.4	0.143006
3136.78	0.139522
3203.31	0.136057
3270.94	0.132623
3339.74	0.129227
3409.88	0.125874
3481.61	0.122565
3540.75	0.119759
3610	0.116714
3681.37	0.113877
3753.95	0.111601
3823.55	0.111271
3881.1	0.114475
3941.62	0.126007
4003.04	0.148844
4064.14	0.187922
4129.6	0.225832
4202.73	0.283376
4272.59	0.338516
4339.22	0.37731
4398.23	0.406125
4458.76	0.421429
4514.21	0.438299
4576.26	0.455464
4621.04	0.420886
4667.39	0.431248
4713.15	0.449046
4758.6	0.465355
4806.48	0.479985
4852.94	0.497452
4898.86	0.517982
4943.58	0.538352
4986.54	0.558209
5027.01	0.576675
5065.31	0.592439
5101.1	0.603165
5133.57	0.612725
5161.62	0.612399
5182.3	0.584762
5195.24	0.490618
5201.36	0.347457
5202.37	0.221634
2671.42	0.164991
2674.2	0.164598
2686.08	0.163658
2739.43	0.161067
2801.71	0.157865
2866.3	0.154376
2931.81	0.150763
2997.92	0.147113
3064.53	0.143472
3131.68	0.139868
3199.44	0.136317
3267.91	0.132823
3337.16	0.129389
3407.27	0.126016
3478.21	0.122704
3549.7	0.119464
3607.97	0.116857
3683.61	0.114075
3764.43	0.112607
3827.04	0.11625
3883.05	0.132051
3940.6	0.178813
4000.73	0.220899
4069.03	0.272821
4143.15	0.315634
4211.02	0.34471
4280.57	0.371017
4345.79	0.397057
4407.02	0.418594
4466.67	0.437755
4524.99	0.455902
4575.51	0.464781
4628.13	0.480358
4673.28	0.486997
4720.16	0.501632
4766.44	0.512362
4812.21	0.522137
4855.98	0.53261
4902.52	0.552209
4948.36	0.570221
4993.12	0.585864
5034.67	0.59727
5075.38	0.610146
5113.98	0.628751
5149.78	0.656424
5182.61	0.69121
5203.75	0.708905
5215.96	0.560416
5220.69	0.401003
5220.95	0.268172
2630.59	0.166311
2621.57	0.166088
2592.66	0.165436
2692.31	0.16306
2772.92	0.159426
2846.95	0.155551
2918.26	0.151641
2988.23	0.147764
3057.44	0.143956
3126.34	0.140233
3195.3	0.136596
3264.57	0.133044
3334.27	0.129573
3404.44	0.126181
3474.95	0.122876
3545.34	0.119682
3614.37	0.116698
3681.57	0.11391
3752.79	0.111513
3819.37	0.110428
3882.63	0.112943
3945.28	0.125451
4007.05	0.158494
4070.93	0.24236
4149.18	0.343434
4223.93	0.385115
4287.76	0.390479
4352.52	0.410834
4414.25	0.42967
4473.26	0.4476
4529.96	0.464928
4584.42	0.482217
4632.58	0.489506
4679.34	0.503823
4726.39	0.521738
4771.69	0.539597
4821.6	0.558851
4857.25	0.572131
4905.16	0.589445
4952.8	0.600602
5001.96	0.610317
5042.56	0.61024
5086.42	0.627686
5127.85	0.652249
5166.6	0.691321
5203.2	0.750428
5246.03	0.806505
5244.21	0.59642
5244.56	0.428119
5244.61	0.299125
2598.84	0.167251
2588.87	0.167003
2565.55	0.166325
2664.22	0.164279
2750.77	0.160622
2830.45	0.15655
2906.24	0.152421
2979.54	0.148355
3050.94	0.144402
3121.29	0.140575
3191.28	0.136867
3261.28	0.133264
3331.48	0.129757
3401.91	0.126344
3472.51	0.12303
3543.15	0.119841
3613.83	0.116868
3676.44	0.114596
3746.78	0.111827
3815.88	0.109848
3883.04	0.110003
3949.07	0.115094
4014.36	0.131902
4078.14	0.174156
4149.93	0.250025
4229.54	0.327031
4296.89	0.366074
4361.09	0.391374
4422.67	0.410546
4480.68	0.428447
4536.05	0.44722
4589.1	0.466261
4639.29	0.485799
4686.11	0.505336
4729.1	0.52327
4780.65	0.542096
4822.14	0.556016
4864.29	0.561364
4906.24	0.582405
4950.71	0.594216
5002.7	0.605599
5052.64	0.615706
5099.72	0.634712
5143.58	0.661153
5188.48	0.69766
5228.9	0.748477
5273.26	0.802871
5269.7	0.599703
5268.71	0.442996
5268.47	0.309639
2577.13	0.167905
2569.57	0.16761
2554.36	0.166927
2648.19	0.165013
2735.54	0.161433
2817.92	0.157289
2896.86	0.15302
2972.99	0.148811
3045.76	0.144753
3116.96	0.140863
3187.65	0.13711
3258.27	0.133471
3328.99	0.129935
3399.84	0.126502
3470.75	0.123187
3541.71	0.120052
3612.93	0.117334
3685.26	0.11597
3742.92	0.116123
3815.31	0.114586
3885.29	0.119166
3953.45	0.132618
4020.86	0.160606
4083.01	0.223527
4165.11	0.318169
4236.84	0.366386
4303.72	0.394607
4368.48	0.414826
4431.23	0.431304
4487.71	0.443871
4541.71	0.462908
4594.12	0.483382
4647.06	0.503952
4691.1	0.509942
4736.92	0.529079
4782.05	0.527659
4825.05	0.536482
4871.19	0.552701
4913.41	0.573608
4964.44	0.589293
5015.79	0.600278
5065.42	0.611376
5115.4	0.630031
5153.59	0.654993
5205.09	0.691522
5247.55	0.743894
5288.86	0.792657
5291.62	0.597526
5292.07	0.449465
5292.03	0.314556
2563.04	0.168386
2557.97	0.168053
2548.48	0.16734
2638.61	0.165477
2725.29	0.161958
2808.93	0.157782
2890.44	0.153401
2970.01	0.149044
3042.44	0.144958
3113.5	0.141076
3184.48	0.13732
3255.63	0.133665
3326.93	0.130115
3398.31	0.126684
3469.63	0.123429
3540.77	0.120541
3611.72	0.118696
3682.24	0.120343
3750.73	0.133816
3817.34	0.13855
3888.92	0.159388
3956.17	0.203916
4032.73	0.276135
4106.04	0.333402
4175.53	0.373744
4242.75	0.404308
4308.49	0.429796
4374.41	0.451513
4443.04	0.468659
4494.45	0.458842
4546.49	0.468785
4596.35	0.47455
4642.48	0.485891
4695.19	0.498404
4742.95	0.518704
4787.87	0.532181
4835.1	0.54351
4880.06	0.56061
4927.27	0.578558
4976.72	0.593574
5029.68	0.605423
5076.33	0.613136
5122.36	0.632498
5174.91	0.660553
5226.13	0.701091
5273.9	0.754391
5321.73	0.804034
5318.17	0.614456
5316.23	0.46329
5315.46	0.320261
2554.07	0.168758
2550.83	0.168394
2544.97	0.167639
2632.47	0.165794
2718.08	0.162317
2802.14	0.158116
2886.11	0.153583
2974.37	0.148789
3040.78	0.144986
3110.47	0.141243
3181.56	0.137522
3253.3	0.133871
3325.35	0.130336
3397.47	0.126996
3469.37	0.124084
3540.71	0.122342
3611.52	0.124209
3681.09	0.137381
3746.99	0.180248
3811.41	0.227664
3895.51	0.289693
3976.98	0.341414
4054.49	0.381381
4120.8	0.389329
4181.85	0.398891
4245.2	0.413173
4309.44	0.403656
4374.9	0.412076
4438.02	0.424004
4492.25	0.425507
4543.32	0.437357
4598.83	0.454387
4650.57	0.475242
4702.84	0.495463
4743.56	0.511224
4795.64	0.529984
4844.22	0.549526
4892.46	0.569945
4937.41	0.584221
4984.54	0.592616
5032.47	0.602945
5087.12	0.615037
5140.17	0.634171
5194.01	0.662514
5246.56	0.703217
5296.92	0.755032
5346.87	0.803025
5342.14	0.616159
5339.08	0.466778
5337.8	0.321595
2548.39	0.169052
2546.34	0.168663
2542.71	0.167872
2628.18	0.166045
2712.45	0.162634
2795.51	0.158513
2877.6	0.154118
2958.4	0.149696
3032.37	0.145533
3105.11	0.141561
3177.84	0.137709
3250.83	0.133965
3324.1	0.130347
3397.54	0.126925
3470.6	0.123902
3542.06	0.121778
3613.41	0.12194
3684.82	0.127672
3755.49	0.148987
3824.13	0.212141
3902.73	0.291223
3996.48	0.347603
4062.8	0.339918
4127.17	0.363818
4189.56	0.384246
4249.1	0.40219
4318.42	0.419625
4376.28	0.417845
4433.58	0.428002
4492.61	0.437922
4547.12	0.450567
4602.25	0.464333
4655.48	0.48328
4700.44	0.501306
4751.88	0.520611
4804.66	0.540064
4851.7	0.551049
4899.33	0.568876
4944.88	0.585748
4987.89	0.596007
5043.01	0.604297
5097.74	0.617221
5154.52	0.635931
5210.71	0.66385
5265	0.704005
5316.98	0.754862
5367.93	0.802193
5363.27	0.612953
5359.91	0.463939
5358.43	0.319797
2544.8	0.16928
2543.5	0.168874
2541.2	0.168055
2625.07	0.166243
2708.03	0.162892
2789.9	0.158842
2870.53	0.154525
2949.44	0.150175
3025.47	0.145934
3100.09	0.141847
3174.27	0.137898
3248.52	0.134086
3323.21	0.130475
3398.56	0.127353
3474	0.125756
3543.97	0.127433
3615.29	0.135955
3688.22	0.150131
3761.54	0.173667
3829.53	0.218871
3917.49	0.283007
3992.71	0.288252
4066.63	0.323868
4131.65	0.348625
4195.65	0.37612
4256.37	0.390467
4316.13	0.405596
4378.84	0.423357
4438.11	0.442433
4495.57	0.460932
4552.81	0.478992
4604.92	0.488735
4655.55	0.499744
4706.35	0.511007
4756.66	0.522579
4807.48	0.537109
4856.03	0.540956
4906.1	0.558456
4954.33	0.578362
5002.13	0.594803
5052.71	0.605847
5104.43	0.619639
5166.65	0.637529
5225.54	0.664794
5281.47	0.704338
5334.61	0.754535
5386.19	0.801528
5381.87	0.608912
5378.59	0.458922
5377.08	0.316698
2542.55	0.169451
2541.7	0.169031
2540.19	0.168189
2622.84	0.166388
2704.73	0.163079
2785.6	0.159078
2865.29	0.154804
2943.57	0.150478
3020.24	0.146218
3095.85	0.142078
3171	0.138074
3246.23	0.134241
3322.15	0.13081
3399.95	0.129134
3483.03	0.136548
3543.74	0.1613
3613.09	0.206239
3688.09	0.250601
3773.69	0.302149
3848.61	0.336643
3922.93	0.36658
3993.86	0.391145
4072.15	0.406961
4131.75	0.391504
4194.3	0.39789
4258.23	0.408907
4319.99	0.422438
4381.75	0.436315
4441.79	0.451161
4496.44	0.461304
4553.93	0.470983
4607.79	0.484078
4653.91	0.495051
4710.22	0.512214
4761.23	0.518056
4806.44	0.528436
4860.61	0.545701
4912.63	0.5628
4962.69	0.579825
5010.46	0.594175
5060.92	0.605823
5114.63	0.620334
5179.1	0.63806
5239.45	0.665083
5296.4	0.704293
5350.26	0.75413
5402.24	0.80099
5398.27	0.60531
5395.17	0.453705
5393.71	0.313428
2541.19	0.169569
2540.61	0.169138
2539.55	0.168279
2621.37	0.166482
2702.45	0.163201
2782.55	0.159235
2861.58	0.154991
2939.49	0.150684
3016.32	0.146424
3092.38	0.142266
3168.03	0.138233
3243.67	0.134349
3319.65	0.130714
3396.24	0.127776
3472.79	0.12733
3543.25	0.135085
3611.88	0.172319
3696.26	0.280784
3790.86	0.358135
3858.42	0.356601
3927.08	0.375491
4001.05	0.391076
4062.95	0.409282
4134.13	0.432232
4197.21	0.430713
4260.37	0.434385
4321.1	0.439135
4384.32	0.445628
4444.45	0.457345
4504.51	0.470623
4557.81	0.481507
4604.44	0.491199
4651.59	0.491523
4706.36	0.495433
4762.03	0.508053
4812.12	0.523336
4867.46	0.540046
4919.71	0.559591
4969.32	0.57893
5016.56	0.595352
5064.64	0.607305
5129.63	0.61959
5192.6	0.637492
5252.84	0.664701
5310.05	0.703893
5364.21	0.753649
5416.36	0.800555
5412.67	0.602505
5409.75	0.449125
5408.35	0.310493
2540.46	0.16964
2540.03	0.169199
2539.23	0.168327
2620.62	0.16653
2701.17	0.163266
2780.66	0.159324
2859.13	0.155107
2936.68	0.150822
3013.45	0.146574
3089.62	0.142416
3165.47	0.138375
3241.21	0.134466
3317.04	0.130734
3392.97	0.127347
3468.54	0.124974
3542.57	0.126087
3616.83	0.139087
3693.38	0.182494
3786.9	0.26721
3851.26	0.264039
3918.43	0.291152
3992.06	0.34203
4071.24	0.373328
4127.82	0.367712
4191.96	0.372523
4261.43	0.389625
4329.53	0.405627
4390.71	0.407457
4449.85	0.425504
4508.84	0.442937
4554.76	0.443538
4604.74	0.453951
4659.47	0.472705
4712.34	0.492658
4762.81	0.514266
4821.41	0.534076
4875.01	0.543116
4927.34	0.561465
4976.84	0.579652
5021.47	0.596269
5082.48	0.605942
5144.4	0.618276
5205.72	0.636522
5265.32	0.663966
5322.36	0.703287
5376.52	0.753134
5428.7	0.800202
5425.18	0.600459
5422.41	0.445373
5421.06	0.308013
2540.2	0.169668
2539.88	0.169219
2539.23	0.168334
2620.7	0.166532
2700.96	0.163272
2779.84	0.15935
2857.73	0.155164
2934.85	0.150906
3011.41	0.146678
3087.53	0.142531
3163.39	0.138492
3239.13	0.134575
3314.83	0.130797
3390.6	0.127216
3466.26	0.124041
3541.49	0.121991
3617.26	0.123236
3694.38	0.132494
3773.39	0.15123
3849.44	0.156874
3899.86	0.169809
3971.06	0.208929
4044.98	0.25166
4110.01	0.263315
4188.96	0.294957
4261.84	0.33529
4332.05	0.363097
4400.37	0.384466
4453.95	0.388464
4504.37	0.405467
4559.91	0.418893
4613.53	0.441741
4667.64	0.463394
4721.38	0.484087
4775.09	0.50399
4830.99	0.522531
4885.79	0.541088
4937.58	0.560176
4988.83	0.579257
5040.51	0.594597
5097.9	0.604597
5157.56	0.61708
5217.53	0.635522
5276.42	0.663162
5333.13	0.702645
5387.18	0.752647
5439.29	0.799924
5435.89	0.598968
5433.22	0.442291
5431.92	0.305907
2540.31	0.169661
2540.11	0.169201
2539.63	0.168299
2621.97	0.166478
2702.16	0.163206
2780.11	0.15931
2857.22	0.155165
2933.79	0.150944
3010.07	0.146743
3086.02	0.142613
3161.83	0.138582
3237.55	0.134665
3313.1	0.130876
3388.93	0.12723
3465.04	0.123796
3540.39	0.120818
3616.33	0.118865
3692.13	0.119493
3763.91	0.123334
3835.41	0.129195
3901.01	0.140263
3964.87	0.17435
4034.03	0.215967
4105.54	0.253823
4185.47	0.285122
4259.24	0.314158
4332.74	0.347914
4402.55	0.375347
4457.7	0.38524
4506.43	0.399987
4563.36	0.424003
4618.58	0.447493
4673.25	0.469474
4727.68	0.49023
4782.52	0.509994
4839.05	0.528658
4897.17	0.546334
4946.24	0.560298
4998.77	0.578868
5052.78	0.593686
5109.62	0.603746
5168.28	0.6162
5227.42	0.634715
5285.75	0.662485
5342.17	0.702107
5396.08	0.75225
5448.12	0.79971
5444.81	0.597752
5442.22	0.439593
5440.96	0.30402
2540.67	0.169629
2540.66	0.169152
2540.59	0.168215
2625.38	0.166334
2705.64	0.163026
2781.28	0.159202
2857.4	0.155124
2933.23	0.150951
3009.31	0.146779
3084.98	0.142668
3160.75	0.138647
3236.64	0.13473
3311.63	0.130967
3387.65	0.127328
3465.28	0.12389
3539.46	0.121099
3616.25	0.119122
3684.41	0.118588
3757.41	0.122135
3829.18	0.130927
3898.32	0.139802
3965.71	0.144597
4033.3	0.168411
4099.95	0.22697
4187.24	0.318987
4263.44	0.364181
4331.2	0.376
4399.75	0.39299
4450.44	0.403674
4506.14	0.417057
4564.8	0.433847
4620.94	0.455178
4676.19	0.47619
4730.91	0.496586
4785.67	0.516384
4842.99	0.5348
4903.8	0.551662
4949.32	0.562825
5005.54	0.578832
5061.1	0.593247
5118.15	0.603243
5176.47	0.615625
5235.12	0.634177
5293.07	0.662055
5349.31	0.701781
5403.15	0.751998
5455.18	0.79955
5451.95	0.596587
5449.44	0.436978
5448.22	0.302197
2541.08	0.16959
2541.31	0.169091
2542.09	0.168092
2633.28	0.165994
2713.79	0.162595
2782.06	0.159089
2858	0.155067
2932.62	0.150956
3009.25	0.146788
3084.16	0.142715
3159.97	0.138704
3237.14	0.134719
3309.69	0.131125
3385.41	0.127571
3457.34	0.124282
3538.22	0.121731
3623.23	0.122822
3685.23	0.131268
3751.73	0.158604
3824.08	0.198317
3895.26	0.218316
3963.08	0.199586
4030.17	0.215863
4106.75	0.2751
4188.04	0.324589
4260.95	0.356172
4327.94	0.382163
4391.95	0.404489
4450.72	0.426813
4511.67	0.445973
4565.44	0.4493
4621.18	0.465639
4676.9	0.480847
4731.54	0.497332
4783.79	0.51561
4841.03	0.533866
4901.29	0.550821
4959.29	0.567846
5011.21	0.578589
5066.8	0.593026
5124.08	0.602975
5182.25	0.615296
5240.55	0.633932
5298.2	0.661974
5354.42	0.701766
5408.35	0.751936
5460.45	0.799442
5457.34	0.595293
5454.93	0.434252
5453.75	0.300362
2541.29	0.169566
2541.47	0.169066
2541.67	0.168086
2628.74	0.166137
2710.03	0.162725
2788.28	0.158753
2860.09	0.154952
2930.22	0.151079
3011.16	0.146688
3082.81	0.142816
3158.25	0.138906
3228.95	0.135143
3306.66	0.131255
3382.28	0.127583
3456.82	0.124185
3533.56	0.121442
3610.39	0.120805
3681.27	0.126703
3752.19	0.149184
3819.49	0.1831
3891.34	0.257832
3971.45	0.33293
4042.2	0.353139
4115.45	0.379961
4189	0.395138
4259.29	0.404614
4324.11	0.411621
4378.89	0.422529
4445.89	0.428861
4507.69	0.439612
4565.48	0.452181
4618.88	0.465576
4676.26	0.47804
4730.73	0.496578
4783.5	0.516084
4833.59	0.534307
4898.67	0.547977
4958.51	0.564326
5012.68	0.581144
5069.66	0.593223
5127.76	0.602883
5185.88	0.615158
5243.67	0.634005
5300.86	0.662414
5357.38	0.702192
5411.67	0.752105
5463.99	0.799382
5461.03	0.593804
5458.71	0.431444
5457.57	0.298573
2541.38	0.169559
2541.65	0.169052
2542.04	0.168058
2629.95	0.16609
2709.34	0.162714
2788.46	0.158719
2860.62	0.154864
2937.82	0.15075
3005.43	0.147007
3079.32	0.143065
3156.76	0.138954
3231.09	0.135055
3306.3	0.131258
3380.88	0.127641
3454.86	0.124369
3529.53	0.122215
3603.93	0.124713
3676.41	0.147112
3752.2	0.234252
3820.39	0.275212
3893.14	0.333819
3971.02	0.379153
4044.87	0.41388
4119.38	0.441219
4192.35	0.461256
4264.17	0.469192
4321.93	0.455602
4383.58	0.462943
4446.32	0.473522
4507.15	0.485675
4565.95	0.497737
4623.89	0.509188
4675.91	0.514326
4729.1	0.526041
4778.59	0.541584
4840.73	0.550169
4898.74	0.56037
4961.18	0.573049
5022.26	0.586702
5070.23	0.595012
5130.08	0.603049
5187.79	0.615195
5244.42	0.634538
5300.27	0.663988
5358.14	0.703245
5413.24	0.752497
5465.92	0.799366
5463.12	0.592353
5460.87	0.429005
5459.76	0.297059
2541.25	0.169575
2541.75	0.169056
2543.34	0.168007
2639.67	0.16575
2708.95	0.16273
2779.27	0.159199
2858.07	0.155067
2935.08	0.150884
3010	0.146751
3088.39	0.142575
3158.79	0.138807
3232.85	0.135054
3307.18	0.131247
3380.76	0.127703
3452.93	0.124501
3526.42	0.122301
3599.31	0.123695
3670.87	0.137169
3741.11	0.180255
3815.51	0.265983
3896.57	0.34182
3966.53	0.353082
4041.05	0.373719
4113.2	0.38377
4187.55	0.390479
4257.75	0.397751
4322.46	0.404257
4383.63	0.418156
4447.25	0.433477
4507.58	0.451864
4565.84	0.470549
4621.96	0.48939
4675.49	0.507834
4731.02	0.525468
4785.84	0.543101
4844.84	0.559022
4906.48	0.572894
4963.18	0.577816
5021.94	0.590244
5079.56	0.599825
5133.17	0.606027
5188.73	0.617485
5242.97	0.636006
5293.69	0.667297
5357.21	0.704647
5413.53	0.752847
5466.45	0.799389
5463.7	0.591908
5461.47	0.428001
5460.38	0.296324
2540.66	0.169628
2540.82	0.169132
2541.03	0.168164
2626.68	0.166258
2704.19	0.16301
2779.99	0.159213
2857.43	0.155111
2934.66	0.150902
3011.35	0.146706
3088.24	0.142582
3162.92	0.138609
3237.41	0.134776
3309.38	0.131209
3382.74	0.127939
3450.41	0.125053
3524.55	0.123589
3596.04	0.128809
3664.34	0.159194
3739.21	0.205848
3813.9	0.22322
3884.47	0.202229
3951.01	0.22128
4030.71	0.282361
4111.66	0.331561
4186.15	0.364975
4256.55	0.389423
4322.83	0.409551
4389.17	0.427296
4448.47	0.429632
4507.3	0.440081
4565.26	0.453876
4620.31	0.468275
4670.96	0.484685
4731.7	0.495085
4787.02	0.511814
4844.49	0.528904
4904.76	0.545623
4963.17	0.561993
5021.74	0.578198
5078.89	0.59223
5132.55	0.602972
5189.4	0.614381
5246.03	0.633526
5301.57	0.66296
5358.93	0.702499
5413.5	0.752183
5465.79	0.799438
5462.82	0.594053
5460.54	0.429417
5459.44	0.296499
2539.95	0.169689
2539.88	0.16921
2539.58	0.168274
2621.81	0.166438
2701.18	0.163174
2779.17	0.15929
2857.13	0.155132
2934.99	0.150875
3012.79	0.146625
3090.65	0.142444
3167.67	0.138387
3240.84	0.13457
3313.27	0.131002
3387.37	0.127767
3457.17	0.125739
3525.84	0.125734
3592.16	0.12869
3665.31	0.129459
3738.09	0.142398
3811.63	0.150959
3881.93	0.154311
3951.9	0.176896
4019.17	0.217559
4108.18	0.297558
4184.08	0.347235
4256.08	0.373973
4320.19	0.379097
4385.39	0.39234
4447	0.403765
4508.98	0.419133
4568.28	0.438006
4625.1	0.457085
4680.25	0.476263
4736.97	0.494483
4791.31	0.513484
4838.69	0.534078
4902.32	0.551586
4960.64	0.568954
5021.05	0.584233
5080.49	0.596291
5140.81	0.605637
5188.27	0.614114
5247.25	0.631849
5303.67	0.660141
5358.97	0.700412
5412.05	0.751373
5463.51	0.799533
5460.29	0.596056
5458.01	0.428858
5456.92	0.294828
2539.36	0.169741
2539.22	0.169268
2538.85	0.168338
2619.8	0.166515
2699.56	0.163256
2778.47	0.159337
2857.06	0.155133
2935.6	0.150827
3014.43	0.146511
3094.26	0.14222
3176.68	0.137936
3245.55	0.134289
3316.09	0.130909
3385.95	0.127735
3458.45	0.124692
3528.82	0.123539
3600.61	0.128527
3665.33	0.146052
3733.2	0.177976
3809.68	0.178519
3876.15	0.194191
3950.56	0.257476
4027.32	0.302603
4105.92	0.332149
4180.35	0.350352
4246.62	0.365954
4316.91	0.382517
4383.46	0.399539
4447.4	0.416243
4510.04	0.43276
4570.71	0.449335
4628.73	0.46585
4685.25	0.483471
4742.01	0.501436
4795.09	0.510829
4848.07	0.528606
4902.82	0.546117
4953.93	0.565679
5019.69	0.580341
5080.06	0.593254
5138.85	0.602853
5195.88	0.615743
5248.12	0.629227
5302.99	0.65758
5356.85	0.698377
5408.53	0.750468
5459	0.799694
5455.84	0.59486
5453.84	0.419691
5452.88	0.286922
2538.97	0.169776
2538.82	0.169304
2538.51	0.168372
2618.97	0.16655
2698.84	0.163292
2778.16	0.159358
2857.17	0.15513
2936.11	0.1508
3015.36	0.146461
3095.61	0.142148
3178.63	0.137844
3247.53	0.134166
3318.97	0.130628
3390.94	0.127285
3462.54	0.124493
3530.88	0.123752
3598.79	0.13047
3663.13	0.164712
3740.15	0.26913
3814.08	0.332683
3873.33	0.338342
3949.84	0.364594
4028.76	0.384043
4104.57	0.397796
4177.2	0.408497
4246.48	0.42021
4314.72	0.428997
4381.2	0.43929
4446.27	0.449452
4510.37	0.458933
4573.2	0.468389
4631.38	0.471151
4687.58	0.481902
4740.39	0.493918
4797.21	0.508034
4852.4	0.524648
4907.63	0.541515
4962.89	0.558329
5021.79	0.573373
5079.98	0.587835
5137.25	0.598932
5192.96	0.610085
5244.55	0.629057
5299.52	0.654768
5352.52	0.695189
5402.56	0.748478
5451.16	0.799852
5449.29	0.58067
5448.33	0.390562
5447.71	0.266087
2538.77	0.169793
2538.64	0.16932
2538.38	0.168386
2618.73	0.166563
2698.69	0.163302
2778.24	0.159361
2857.47	0.155126
2936.52	0.150795
3015.53	0.146474
3094.54	0.142223
3173.02	0.138091
3247.51	0.134183
3321.9	0.130496
3396.96	0.127156
3470.57	0.125074
3533.83	0.126859
3599.66	0.138755
3664.62	0.170501
3733.56	0.170354
3804.6	0.18887
3867.77	0.229378
3953.17	0.318079
4031.32	0.370555
4105.63	0.404716
4176.82	0.432953
4245.6	0.45753
4312.8	0.478791
4378.71	0.497741
4444.27	0.514684
4510.38	0.529175
4580.37	0.539659
4634.39	0.514627
4688.68	0.521664
4743.04	0.533435
4798.49	0.545186
4854.17	0.557364
4909.96	0.569726
4965.83	0.581882
5022.49	0.592697
5079.3	0.600888
5135.98	0.609752
5192.31	0.621794
5248.79	0.638495
5294.29	0.652325
5346.86	0.681721
5394.47	0.724445
5437	0.768415
5441.25	0.515238
5442.43	0.331729
5442.31	0.235067
2538.74	0.169793
2538.62	0.169319
2538.4	0.168383
2618.85	0.166557
2698.97	0.163291
2778.71	0.159343
2858.09	0.155102
2937.17	0.150772
3015.97	0.14646
3094.32	0.142228
3171.85	0.138114
3248.08	0.134152
3324.76	0.13037
3405.09	0.126887
3468.66	0.124653
3537.29	0.124015
3601.48	0.128471
3667.29	0.141606
3734.61	0.155241
3804.26	0.173429
3869.67	0.206875
3948.33	0.267449
4030.06	0.326885
4103.75	0.3631
4174.35	0.387808
4243.02	0.405768
4309.8	0.420777
4374.84	0.433615
4440.4	0.443906
4505.49	0.453082
4570.39	0.46034
4631.33	0.461213
4686.9	0.474396
4741.58	0.49021
4796.84	0.506715
4853.23	0.523275
4909.62	0.540707
4965.15	0.55882
5020.9	0.575956
5076.87	0.590545
5133.04	0.600737
5189.17	0.61215
5244.65	0.630141
5298.06	0.658769
5345.06	0.690759
5392.73	0.746405
5440.07	0.800125
5438.32	0.550397
5437.99	0.332229
5437.75	0.231201
2538.86	0.169775
2538.75	0.169302
2538.54	0.168366
2619.28	0.166536
2699.66	0.163258
2779.61	0.159297
2859.14	0.155047
2938.31	0.150711
3017.11	0.1464
3095.26	0.142175
3172.38	0.138078
3248.7	0.134142
3324.52	0.130425
3398.82	0.12721
3469.49	0.126014
3545.38	0.134387
3600.55	0.16174
3665.05	0.208616
3730.09	0.250091
3804.25	0.297086
3876.8	0.333713
3951.92	0.360591
4027.26	0.37843
4099.47	0.393855
4170.13	0.408458
4239	0.423646
4305.63	0.439167
4367.8	0.454945
4434.4	0.470378
4498.16	0.486637
4561.72	0.503352
4630.92	0.519709
4683.39	0.497395
4736.95	0.505259
4791.44	0.517352
4849.65	0.528852
4907.6	0.542724
4961.95	0.557108
5017.15	0.569586
5072.96	0.585416
5128.9	0.597463
5184.79	0.607856
5239.76	0.624038
5292.22	0.650674
5339.14	0.69411
5387.78	0.747515
5435.48	0.800274
5433.64	0.560911
5433.32	0.336441
5433.26	0.231891
2539.15	0.169741
2539.03	0.169268
2538.8	0.168334
2620.05	0.166496
2700.82	0.1632
2780.99	0.15922
2860.66	0.154953
2940.02	0.150605
3019.14	0.146282
3097.58	0.142052
3174.1	0.137973
3250.3	0.134065
3326.35	0.130362
3396.76	0.127129
3465.41	0.124865
3534.24	0.125583
3599.36	0.13523
3670.07	0.171814
3728.56	0.215841
3799.8	0.266399
3872.99	0.322083
3950.27	0.366094
4026.03	0.3955
4094.59	0.401126
4165.4	0.418965
4235.2	0.435505
4302.92	0.451219
4369.77	0.465615
4429.29	0.465674
4489.28	0.477551
4545.76	0.489182
4613.86	0.493954
4672.94	0.499165
4727.9	0.514105
4777.44	0.533051
4843.16	0.550313
4904.21	0.566695
4965.71	0.581454
5010.65	0.584969
5067.32	0.595973
5123.64	0.605465
5179.62	0.617738
5234.74	0.635084
5288.3	0.660875
5340.3	0.697675
5380.24	0.727832
5423.54	0.769356
5427.42	0.493779
5428.49	0.304336
5428.85	0.228114
2539.59	0.169691
2539.47	0.169219
2539.22	0.168287
2621.27	0.166439
2702.59	0.163116
2782.95	0.159111
2862.63	0.154827
2942.17	0.150456
3022.11	0.146096
3102.16	0.141817
3176.52	0.137805
3252.51	0.13394
3334.35	0.130166
3397.01	0.127673
3461.59	0.126748
3526.54	0.130837
3590.03	0.150009
3658.64	0.19176
3723.06	0.227325
3796.7	0.275486
3875.56	0.318913
3944.18	0.333939
4012.2	0.349621
4090.25	0.355207
4159.68	0.370586
4231.7	0.385979
4299.33	0.400629
4364	0.4146
4426.13	0.426851
4486.73	0.441928
4546.25	0.457386
4607.74	0.473323
4667.02	0.487507
4724	0.503323
4779.9	0.519989
4839.33	0.53626
4898.56	0.551537
4950.49	0.566223
5004.6	0.578615
5060.11	0.592156
5116.77	0.601655
5173.33	0.613031
5229.16	0.631101
5283.58	0.659736
5335.8	0.702319
5385.02	0.757976
5428.29	0.800407
5425.98	0.564383
5425.46	0.340198
5425.44	0.235651
2540.18	0.169626
2540.09	0.169152
2539.86	0.168221
2623.18	0.16636
2705.35	0.163001
2785.66	0.158976
2864.86	0.154691
2944.11	0.150311
3025.2	0.145866
3112.77	0.141257
3177.71	0.13771
3249.31	0.134172
3322.71	0.130759
3392.31	0.127904
3457.14	0.126431
3521	0.12835
3583.41	0.137186
3653.65	0.142369
3722.27	0.161007
3792.93	0.181841
3864.05	0.214158
3932.11	0.24524
4005.47	0.294198
4088.18	0.331532
4162.9	0.360728
4229.77	0.369312
4295.68	0.385338
4357.82	0.399685
4421.65	0.41524
4482.58	0.433916
4542.19	0.452361
4601.35	0.470237
4660.98	0.487277
4718.82	0.504856
4776.48	0.522575
4833.33	0.537833
4893.25	0.55366
4938.77	0.564058
5003	0.578108
5050.55	0.589178
5108.77	0.599466
5165.84	0.609912
5222.14	0.626271
5277.3	0.65201
5330.05	0.690698
5378.92	0.743228
5422.05	0.799514
5422.7	0.540061
5422.1	0.350944
5421.98	0.24398
2540.91	0.169549
2540.9	0.169069
2540.81	0.168131
2626.23	0.166237
2709.97	0.162821
2789.55	0.1588
2867.18	0.154592
2944.4	0.150341
3022.02	0.146108
3099.79	0.141958
3171.56	0.138088
3243.76	0.134389
3317.59	0.130823
3395.65	0.127637
3454.68	0.126351
3517.49	0.1295
3581.66	0.148517
3646.12	0.197357
3714.58	0.225712
3785.58	0.258036
3859.85	0.292455
3936.68	0.308059
4012.51	0.332677
4087.04	0.351127
4158.97	0.367818
4227.38	0.384257
4293.38	0.399977
4355.94	0.417128
4416.61	0.424473
4476.63	0.441245
4535.74	0.456969
4591.85	0.473286
4654.21	0.489886
4711.4	0.501885
4767.59	0.515957
4825.49	0.529897
4883.03	0.546787
4941.98	0.562687
4991.33	0.573387
5044.56	0.588142
5100.76	0.59935
5157.35	0.610726
5213.6	0.628507
5269.74	0.655855
5323.82	0.696108
5374.81	0.748966
5423.73	0.800382
5420.55	0.585903
5418.64	0.394485
5418.24	0.268326
2541.71	0.169467
2541.82	0.168975
2542.08	0.168006
2630.93	0.166025
2718.78	0.162451
2795.47	0.158492
2870.04	0.154443
2944.49	0.150362
3018.96	0.1463
3093.14	0.14231
3165.37	0.138456
3237.04	0.134757
3308.71	0.131216
3379.91	0.127941
3445.7	0.125366
3511.21	0.124555
3577.72	0.129896
3643.09	0.145123
3708.16	0.161725
3779.7	0.191604
3859.93	0.267062
3943.74	0.335492
4015.32	0.356891
4085.3	0.378763
4156.75	0.393288
4225.84	0.406931
4292.37	0.420827
4355.79	0.435043
4411.45	0.447001
4468.94	0.464798
4527.79	0.467316
4592.14	0.479283
4646.23	0.481509
4702.83	0.497115
4752.79	0.516237
4815.46	0.532801
4868.9	0.552693
4933.04	0.569244
4993.09	0.585025
5043.26	0.594017
5091.19	0.600328
5147.35	0.612691
5202.39	0.632226
5260.5	0.660233
5316.37	0.700368
5369.17	0.751777
5420.15	0.800454
5416.43	0.598953
5413.96	0.423558
5413.26	0.287138
2542.44	0.169394
2542.62	0.168894
2543.3	0.167877
2636.6	0.165708
2738.77	0.161489
2803.61	0.157988
2873.17	0.154239
2944.74	0.150358
3016.45	0.146452
3088.76	0.142568
3160.12	0.138792
3230.74	0.13517
3300.78	0.131761
3370.09	0.128761
3437.45	0.126864
3504	0.127379
3567.46	0.134419
3633.94	0.161273
3707.12	0.204432
3781.33	0.247752
3868.68	0.308429
3952.28	0.346442
4017.23	0.349252
4078.01	0.381049
4155.19	0.400319
4225.35	0.42034
4293.54	0.437962
4353.95	0.443365
4411.43	0.444459
4467.53	0.454246
4529.08	0.465888
4580.35	0.478655
4642.96	0.48676
4700.96	0.501625
4756.25	0.518238
4812.17	0.535311
4865.35	0.55432
4926.05	0.570506
4983.91	0.585803
5040.89	0.5979
5085.67	0.605597
5136.56	0.614775
5185.21	0.636893
5249.64	0.663945
5307.63	0.703117
5361.75	0.753295
5413.75	0.800604
5410.14	0.60206
5407.52	0.438165
5406.59	0.298047
2543.04	0.169343
2542.96	0.168868
2542.94	0.167924
2633.34	0.165925
2723.21	0.162263
2803.96	0.158102
2873.26	0.154255
2944.79	0.150419
3013.25	0.146657
3086.14	0.142702
3156.42	0.138957
3225.83	0.135364
3294.54	0.131954
3363.82	0.128846
3429.07	0.12602
3496.81	0.125109
3562.67	0.132289
3626.86	0.172476
3713.81	0.288131
3790.1	0.315707
3871.32	0.34758
3953.28	0.367647
4021.73	0.376864
4089.14	0.387158
4156.71	0.381979
4223.74	0.390255
4285.73	0.398027
4346.49	0.402341
4410.33	0.414031
4469.96	0.432266
4528.98	0.450888
4585.41	0.46998
4643.5	0.487997
4700.48	0.506349
4756.1	0.525077
4809.97	0.544172
4863.99	0.562999
4919.83	0.579569
4974.08	0.588965
5031.47	0.599413
5086.55	0.609749
5127.92	0.616839
5182.84	0.636762
5241.2	0.665012
5298.36	0.704551
5352.81	0.754279
5405.32	0.800839
5401.85	0.602652
5399.21	0.444664
5398.07	0.3042
2543.75	0.169289
2543.31	0.168846
2542.48	0.167975
2630.56	0.166082
2716.77	0.162598
2797.99	0.158521
2873.08	0.154394
2946.55	0.150326
3019.56	0.146291
3086.46	0.142625
3153.98	0.139082
3220.48	0.135674
3290.62	0.132051
3358.66	0.128745
3424.48	0.125792
3491.67	0.123991
3558.25	0.127046
3624.53	0.149422
3694.05	0.227995
3781.67	0.295447
3866.84	0.353292
3956.76	0.380526
4023.27	0.381249
4091.35	0.394308
4160.13	0.395136
4221.95	0.395587
4287.11	0.402891
4348.47	0.417882
4410.09	0.435026
4469.9	0.452469
4528.6	0.469845
4586.1	0.487375
4642.55	0.504828
4698.87	0.522501
4755.35	0.539938
4805.47	0.545037
4858.9	0.560258
4902.55	0.573856
4965.01	0.585108
5022.39	0.596493
5076.94	0.606416
5127.38	0.622503
5174.08	0.637722
5230.03	0.666268
5287.4	0.705874
5342.23	0.755192
5395.09	0.801171
5391.73	0.602692
5389.13	0.447389
5387.93	0.307604
2544.96	0.169203
2544.07	0.168788
2542.46	0.167966
2629.64	0.166112
2715.34	0.162659
2798.22	0.15855
2874.65	0.154355
2948.98	0.150219
3015.85	0.146465
3083.58	0.142821
3154.24	0.13902
3225.83	0.135314
3289.31	0.132048
3356.27	0.128864
3419.08	0.12596
3487.54	0.123446
3553.63	0.123616
3617.81	0.134258
3677.7	0.183743
3761.84	0.30358
3850.56	0.372061
3937.36	0.408246
4014.84	0.441114
4090.28	0.468703
4169.75	0.484587
4231.22	0.454953
4289.25	0.460825
4347.25	0.471909
4408.92	0.482713
4468.37	0.495145
4526.95	0.507612
4585.51	0.519969
4639.51	0.521761
4694.97	0.53163
4746.77	0.541731
4798.47	0.552083
4848.45	0.566822
4902.86	0.580038
4959.4	0.59133
5015.07	0.600941
5069.99	0.61192
5125.35	0.627054
5171.44	0.646064
5213.52	0.670508
5274.57	0.707532
5330.07	0.756125
5383.11	0.801604
5379.84	0.602659
5377.38	0.447937
5376.23	0.308966
2547.09	0.169063
2545.62	0.168673
2542.97	0.167891
2630.16	0.166045
2716.76	0.16254
2804.97	0.158192
2878.48	0.15413
2944.85	0.150442
3015.38	0.146515
3084.61	0.14272
3153.94	0.139005
3222.61	0.135416
3289.28	0.132002
3356.8	0.128737
3424.86	0.125747
3486.33	0.123737
3551.03	0.123605
3613.27	0.130567
3667.42	0.156112
3716.97	0.228634
3827.39	0.330149
3920.75	0.371004
4004.17	0.392217
4082.47	0.406149
4158	0.417045
4226.72	0.422592
4288.42	0.438283
4350.43	0.454885
4408.68	0.466559
4466.14	0.469299
4523.47	0.480321
4577.43	0.487968
4635.31	0.498866
4691.26	0.514289
4742.68	0.524608
4791.56	0.535714
4836.95	0.554497
4897.31	0.568827
4953.12	0.583724
5007.11	0.59619
5060.46	0.605974
5113.83	0.619408
5162.92	0.641533
5215.77	0.673913
5262.87	0.708232
5316.83	0.756575
5369.31	0.802151
5366.2	0.602157
5364.03	0.445808
5363.03	0.308137
2550.75	0.168851
2548.38	0.168491
2544.04	0.167766
2631.25	0.165973
2716.55	0.162571
2799.23	0.15851
2875.22	0.154366
2946.21	0.150364
3016.48	0.146447
3085.86	0.142635
3154.7	0.13894
3221.84	0.135414
3288.91	0.132011
3357.4	0.128723
3420.62	0.125943
3486.54	0.123827
3548.83	0.12329
3608.47	0.124939
3671.48	0.131334
3734.22	0.160157
3803.07	0.245344
3906.21	0.337394
3993.47	0.379266
4073.12	0.405522
4149.32	0.426808
4226.06	0.444779
4284.63	0.434092
4345.17	0.44411
4402.31	0.453812
4464.46	0.46637
4517.14	0.471165
4576.99	0.484308
4630.79	0.485187
4683.67	0.494406
4734.75	0.505585
4789.05	0.522118
4840.44	0.542416
4894.3	0.561891
4947.19	0.579688
4998.85	0.594332
5049.63	0.605655
5104.59	0.619723
5160.45	0.640494
5206.25	0.668633
5258.35	0.711347
5301.63	0.756769
5352.77	0.802798
5350.7	0.597062
5349.28	0.437249
5348.51	0.303808
2556.82	0.168552
2553.15	0.168216
2546.2	0.167537
2634.2	0.16577
2719	0.162402
2800.25	0.158394
2877.13	0.154233
2948.5	0.150211
3018.72	0.146308
3087.99	0.142499
3157.56	0.138748
3221.59	0.135411
3287.66	0.132122
3352.49	0.128949
3418.31	0.125899
3479.49	0.123093
3547.24	0.120382
3612.31	0.118731
3678.12	0.120184
3744.36	0.132807
3808.76	0.17726
3892.87	0.257532
3983.42	0.334034
4062.08	0.371403
4136.35	0.393766
4206.46	0.408865
4272.51	0.413748
4336.12	0.424109
4397.57	0.434487
4457.64	0.444869
4517.07	0.446779
4569.22	0.450459
4623.61	0.460165
4680.64	0.474323
4733.48	0.493948
4786.99	0.514417
4839.19	0.535267
4890.22	0.556241
4940.97	0.575732
4990.52	0.592329
5033.36	0.603711
5092.46	0.614387
5146.32	0.630968
5193.78	0.658393
5245.07	0.695797
5292.82	0.743723
5330.96	0.786802
5333.89	0.573603
5333.67	0.417544
5332.94	0.295086
2566.61	0.168151
2561.26	0.16783
2550.59	0.167157
2640.35	0.165378
2725	0.162013
2805.71	0.158008
2884.7	0.153728
2952.14	0.149925
3022.2	0.146115
3090.13	0.142424
3155.87	0.138826
3220.58	0.135417
3287.03	0.132117
3351.35	0.128822
3417.65	0.12561
3482.53	0.122576
3549.06	0.119829
3616.05	0.11817
3684.42	0.121026
3754.11	0.141536
3819.96	0.214647
3890.59	0.253493
3972.98	0.298694
4049.29	0.327036
4123.33	0.349079
4194.06	0.360757
4261.99	0.3792
4327.35	0.39544
4388.73	0.408349
4448.27	0.420868
4510.74	0.434401
4568.93	0.453155
4627.86	0.472855
4679.02	0.480986
4728.86	0.500806
4783.69	0.521364
4836.7	0.542328
4884.33	0.554913
4934.31	0.57267
4980.29	0.58854
5030.7	0.600264
5083.85	0.612484
5136.18	0.630904
5188.07	0.65948
5231.33	0.695559
5278.44	0.748785
5324.29	0.801885
5319.76	0.592401
5318.33	0.414646
5317.11	0.292384
2581.8	0.167635
2574.74	0.167316
2560.95	0.166568
2651.6	0.164719
2734.98	0.161437
2812.98	0.157604
2883.15	0.153748
2957.17	0.149641
3029.18	0.145664
3091.44	0.14224
3154.29	0.13887
3222.15	0.135289
3288.33	0.131892
3353.55	0.128601
3419.08	0.125416
3484.68	0.122358
3551.24	0.119574
3619.12	0.117824
3689.5	0.120776
3765.14	0.14358
3822.5	0.151494
3894.11	0.149852
3965.77	0.166489
4032.69	0.196539
4101.6	0.252664
4179.79	0.317221
4250.43	0.355505
4316.7	0.36863
4381.68	0.384136
4444.01	0.405196
4505.58	0.425937
4564.99	0.446025
4621.91	0.465814
4676.55	0.485354
4730.96	0.505551
4779.86	0.514198
4828.27	0.527823
4878.21	0.544569
4927.12	0.564529
4975.24	0.583005
5024.37	0.597268
5074.46	0.609142
5123.99	0.626698
5171.67	0.65451
5214.1	0.699548
5262.05	0.753645
5309.74	0.804613
5304.8	0.606805
5302.4	0.470235
5300.16	0.310002
2604.1	0.166969
2595	0.166695
2574.57	0.165988
2669.64	0.163992
2753.23	0.160498
2827.82	0.15668
2900.18	0.15271
2964.43	0.149176
3026.44	0.145727
3094.87	0.141996
3160.2	0.138464
3225.88	0.135012
3291.11	0.131662
3356.03	0.128409
3421.11	0.125249
3486.6	0.122182
3552.91	0.119246
3620.4	0.116613
3689.39	0.114888
3759.51	0.115463
3825.99	0.115072
3895.24	0.116502
3963.72	0.125137
4028.91	0.149984
4092.25	0.216882
4160.67	0.265517
4232.9	0.301036
4305.97	0.344327
4373.25	0.379203
4436.58	0.407596
4499.19	0.431743
4560.59	0.453439
4615.62	0.458563
4671.88	0.471629
4723.57	0.482399
4775.79	0.499288
4825.68	0.519817
4870.95	0.539187
4918.88	0.56006
4967.9	0.579208
5016.24	0.594817
5064.24	0.607247
5111.43	0.625732
5157.32	0.65577
5202.69	0.701062
5242.79	0.754583
5288.69	0.80611
5283.02	0.618244
5280.29	0.473572
5279.16	0.314875
2635.57	0.166045
2626.67	0.165817
2597.05	0.165166
2699.15	0.162766
2780.54	0.15908
2845	0.155695
2905.43	0.152306
2972.69	0.148618
3036.8	0.14506
3101.76	0.14153
3166.17	0.138077
3230.51	0.134705
3294.72	0.131418
3358.94	0.128217
3423.43	0.125095
3488.44	0.12205
3554.24	0.119081
3621.03	0.116216
3688.9	0.113536
3757.72	0.111194
3826.76	0.109183
3897.18	0.108759
3964.05	0.114271
4023.42	0.134727
4083.15	0.160918
4149.32	0.169805
4212.2	0.237253
4292.4	0.330343
4363.53	0.376365
4425.64	0.39196
4490.65	0.409083
4548.82	0.41903
4609.77	0.431216
4666.55	0.448753
4719.97	0.467872
4771.64	0.488977
4821.31	0.510937
4869.04	0.533573
4907.64	0.555632
4959.88	0.574101
5007.59	0.590979
5053.54	0.603714
5098	0.620764
5140.27	0.648646
5179.36	0.692982
5215.81	0.754013
5259.68	0.807481
5257.19	0.615343
5256.84	0.465363
5256.81	0.312415
2676.02	0.164754
2679.09	0.164358
2691.93	0.163405
2749.35	0.16069
2805.73	0.157717
2863.73	0.154546
2922.64	0.151257
2984.34	0.147855
3046.59	0.144436
3109.53	0.141034
3172.63	0.137676
3235.73	0.134383
3298.86	0.131164
3362.19	0.128021
3425.9	0.12495
3490.24	0.121944
3555.4	0.118997
3621.47	0.116112
3688.41	0.113309
3756.69	0.110644
3827.14	0.108308
3903.49	0.107222
3957.58	0.108074
4020.77	0.109358
4083.99	0.11975
4144.56	0.148831
4203.56	0.226674
4276.05	0.272789
4346.47	0.294085
4415.4	0.325852
4482.93	0.361893
4545.1	0.38716
4605.06	0.409666
4661.76	0.431016
4715.42	0.452255
4766.96	0.47358
4816.52	0.49505
4864.02	0.516956
4908.79	0.539656
4954.83	0.562701
4999.87	0.582455
5043.31	0.597562
5084.94	0.611296
5123.6	0.633155
5155.14	0.665574
5186.4	0.704495
5217.35	0.723804
5228.63	0.582573
5233.46	0.443027
5234.58	0.297221
2713.49	0.163255
2721.82	0.162646
2742.26	0.161331
2781.9	0.159076
2829.43	0.156401
2881.71	0.153463
2937.26	0.150354
2995.71	0.147128
3055.99	0.143844
3117.5	0.140546
3179.5	0.137271
3241.38	0.134051
3303.34	0.130903
3365.66	0.127825
3428.4	0.124814
3491.95	0.121858
3556.48	0.118948
3621.95	0.116089
3687.55	0.11331
3754.54	0.110623
3822.72	0.10809
3891.68	0.105999
3956.94	0.105246
4018.11	0.108152
4086.06	0.123133
4140.01	0.152924
4194.53	0.145068
4269.08	0.153347
4335.97	0.171213
4395.67	0.226039
4474.86	0.318801
4539.61	0.368433
4599.92	0.399711
4656.8	0.42491
4710.08	0.44888
4761.58	0.472217
4811.3	0.495609
4859.39	0.519422
4906.52	0.543151
4949.05	0.554052
4992.64	0.572477
5034.24	0.587931
5073.58	0.598885
5108.93	0.607393
5140.91	0.616081
5169.3	0.621506
5193.2	0.601929
5206.72	0.52585
5213.69	0.397351
5214.63	0.251126
2742.75	0.161886
2752.56	0.161181
2773.49	0.159796
2806.67	0.157767
2848.54	0.155311
2896.59	0.152561
2949.22	0.149604
3005.49	0.146503
3064.48	0.143312
3125.34	0.14008
3186.9	0.13686
3247.42	0.133711
3308.02	0.130638
3369.31	0.127626
3430.75	0.124695
3493.44	0.121801
3557.41	0.11893
3623.2	0.116072
3686.28	0.113389
3752.24	0.110779
3818.63	0.10827
3884.71	0.106013
3946.68	0.104117
4012.98	0.102277
4078.18	0.102763
4139.66	0.105227
4201.7	0.106091
4269.25	0.114863
4334.81	0.138534
4390.83	0.195918
4467.59	0.304902
4532.87	0.367752
4593.9	0.401234
4651.93	0.427352
4703.56	0.435809
4755.35	0.453858
4805.34	0.468385
4853.63	0.481222
4897.75	0.492637
4943.9	0.503592
4987.04	0.519861
5027.46	0.534659
5065	0.546391
5099.07	0.55254
5129.51	0.551428
5155.8	0.539034
5176.93	0.505365
5191.62	0.421337
5199.32	0.306645
5201.5	0.209545
2762.34	0.160872
2772.34	0.160145
2792.59	0.158775
2822.92	0.156862
2861.66	0.154539
2907.08	0.151911
2957.79	0.149053
3012.82	0.146023
3071.4	0.14287
3132.87	0.13964
3195.75	0.136403
3253.86	0.133357
3312.56	0.130385
3373.39	0.127399
3432.54	0.124623
3494.39	0.12181
3557.31	0.119006
3620.15	0.116247
3685.17	0.113403
3750.48	0.110706
3815.92	0.108096
3881.03	0.105586
3945.15	0.103199
4010.07	0.10098
4074.74	0.0992539
4138.63	0.0985101
4203.34	0.100874
4270.63	0.115894
4339.53	0.172476
4392.8	0.219833
4458.16	0.268689
4525.22	0.299539
4587.28	0.31158
4641.82	0.315739
4697.82	0.328973
4749.66	0.352037
4799.46	0.37202
4847.85	0.3886
4894.49	0.40179
4939.98	0.416236
4982.68	0.427369
5022.47	0.435036
5059.26	0.438122
5092.77	0.434639
5122.52	0.422854
5147.77	0.400102
5167.58	0.364054
5182.02	0.303593
5188.41	0.207973
5193.1	0.181188
2772.09	0.160331
2782.02	0.159604
2801.79	0.158255
2830.94	0.156395
2868.3	0.154136
2912.48	0.151566
2962.3	0.148753
3016.87	0.145745
3075.77	0.142572
3139.37	0.139237
3209.82	0.135689
3260.19	0.133013
3315.51	0.130277
3370.09	0.127539
3432.07	0.12463
3494.26	0.121769
3557.04	0.118941
3620.35	0.116147
3684.73	0.113379
3749.61	0.110684
3814.65	0.108061
3879.51	0.105516
3944.04	0.103067
4008.72	0.100745
4073.35	0.0986553
4137.97	0.0971103
4203.29	0.0971517
4269.76	0.101853
4335.93	0.117544
4397.1	0.141509
4460.04	0.164546
4522.99	0.181204
4583.26	0.191989
4639.65	0.19677
4692.69	0.20805
4742.14	0.225478
4792.12	0.249121
4841.67	0.272269
4890.57	0.291063
4937.38	0.304873
4980.18	0.311364
5019.8	0.312977
5056.45	0.310596
5090.24	0.304813
5120.34	0.2957
5145	0.280989
5163.07	0.252784
5175.36	0.210915
5184.41	0.180855
5189.07	0.158217
4346.67	0.278152
4392.83	0.350585
4457.87	0.385872
4524.69	0.418596
4587.32	0.442039
4632.47	0.45447
4654.83	0.520653
4702.79	0.52397
4755	0.53961
4805.03	0.552256
4853.68	0.563935
4893.25	0.568673
4911.37	0.602926
4948.31	0.605371
4992.32	0.629044
5033.92	0.646499
5073.45	0.663122
5108.03	0.672969
5126.37	0.684149
5152.8	0.684899
5165.03	0.704162
2652.61	0.165132
2709.42	0.162699
2766.27	0.159949
2793.78	0.158327
2860.4	0.154866
2938.37	0.150752
2990.55	0.147915
3016.24	0.146308
3082.64	0.142826
3158.97	0.138908
3212.18	0.136149
3240.87	0.134472
3309.51	0.131163
3386.21	0.127634
3438.2	0.125368
3468.34	0.12388
3539.28	0.121361
3616.59	0.119769
3664.2	0.120419
3694.37	0.1209
3763.56	0.124672
3834.96	0.133647
3872.99	0.151959
3892.36	0.165394
3825.86	0.443439
3859.53	0.444225
3927.47	0.450812
3999.85	0.454444
4063.21	0.464484
4133.28	0.465869
4197.33	0.468415
4261.65	0.468229
4308.23	0.468225
4333.21	0.479753
4389.69	0.481215
4449.51	0.489922
4507.33	0.49348
4554.81	0.505909
4604.36	0.509332
4659.15	0.514005
4711.72	0.517154
4759.11	0.520449
4766.34	0.534017
4588.63	0.601142
4634.99	0.605403
4688.6	0.611642
4742.97	0.619925
4798.35	0.627617
4854.02	0.636603
4909.8	0.645739
4965.72	0.6545
5022.33	0.661868
5079.11	0.669227
5135.77	0.676679
5192.09	0.684394
5247.84	0.691782
5294.24	0.708875
5346.39	0.714285
5393.92	0.720258
5434.32	0.718179
5437.66	0.540069
4580.54	0.53961
4620.13	0.547034
4640.82	0.567347
4672.4	0.567681
4719.86	0.584027
4766.31	0.595629
4811.13	0.607612
4831.01	0.652346
4856.95	0.65359
4904.94	0.667693
4952.94	0.682365
5004.09	0.69079
5025.14	0.710356
5052	0.710451
5099.18	0.726579
5143.43	0.74723
5189.42	0.756441
5217.16	0.758343
5245.62	0.757981
5286.03	0.763679
5291.3	0.589094
5291.97	0.467857
3867.61	0.163709
3897.21	0.171424
3918.82	0.181466
3960.97	0.210585
4033.53	0.320198
4105.53	0.365838
4185.63	0.389464
4237.73	0.399385
4266.05	0.442165
4330.73	0.445859
4398.82	0.453811
4451.12	0.475028
4501.92	0.47984
4522.68	0.509413
4564.62	0.509991
4621.02	0.519989
4676.75	0.525278
4731.68	0.529129
4763.48	0.530247
4784.6	0.534247
4812.13	0.53487
2786.87	0.159006
2804.51	0.157941
2827.84	0.156623
2872.99	0.154228
2944.99	0.150416
3009.55	0.146938
3035.89	0.145304
3085.58	0.142661
3154.31	0.139089
3215.55	0.136004
3239.29	0.134567
3288.71	0.132093
3356.49	0.128923
3413.44	0.126492
3435.85	0.125675
3485.77	0.124238
3551.32	0.124817
3605.12	0.130475
3620.18	0.130204
3670.91	0.135979
3734.69	0.166428
3787.2	0.209605
3797.49	0.19375
3494.63	0.154987
3541.08	0.195864
3612.46	0.317022
3688.08	0.383226
3772.88	0.409644
3848.34	0.428705
3922.6	0.440707
3994.14	0.449461
4070.75	0.452614
4131.75	0.465162
4194.29	0.470325
4257.98	0.474244
4319.9	0.478348
4381.59	0.480622
4442.17	0.482058
4489.5	0.482118
4510.64	0.491379
4555.94	0.491194
4603.82	0.492887
4636.77	0.492141
3833.12	0.121583
3882.75	0.144641
3938.12	0.226693
4000.48	0.367533
4069	0.413911
4143.32	0.436154
4204.72	0.443909
4232.07	0.487177
4286.3	0.488578
4351.99	0.505945
4413.86	0.51516
4472.93	0.524065
4529.63	0.53294
4583.81	0.541521
4632.29	0.553505
4679.27	0.561177
4726.92	0.564935
4766.73	0.566422
4785	0.577698
4821.25	0.578101
4864.27	0.581877
4893.08	0.582748
3631.8	0.126631
3685.06	0.139043
3748.9	0.186132
3823.1	0.30369
3896.03	0.362663
3946.69	0.385025
3974.48	0.44667
4041.98	0.452832
4115.32	0.459767
4188.65	0.4646
4258.76	0.469981
4323.32	0.478155
4379.25	0.492329
4445.4	0.497021
4507.23	0.504583
4565.62	0.510834
4612.65	0.512915
4632.04	0.538568
4675.06	0.53879
4728.9	0.541618
4766.56	0.542124
3773.65	0.113344
3814.21	0.11494
3830.94	0.114046
3880.93	0.117517
3941.62	0.13053
4002.76	0.157424
4061.73	0.217058
4129.46	0.332751
4202.28	0.363458
4272.21	0.377797
4339.05	0.381031
4380.28	0.380347
4399.36	0.361392
4451.26	0.363507
4507.38	0.369889
4562.1	0.376214
4612.02	0.384461
4659.16	0.395074
4703.41	0.404504
4741.21	0.411133
2990.06	0.147735
3041.57	0.144898
3110.72	0.141233
3181.66	0.137535
3253.34	0.133903
3325.36	0.130398
3397.46	0.127138
3469.33	0.124467
3540.65	0.123495
3611.35	0.127842
3680.49	0.148912
3744	0.220655
3811.75	0.353825
3895.09	0.3847
3976.52	0.398309
4053.48	0.404754
4120.18	0.409064
4180.06	0.410328
4205.37	0.413959
4294.14	0.29273
4321.92	0.316555
4342.7	0.416187
4393.98	0.423909
4421.67	0.472676
4458.75	0.472743
4504.48	0.478384
4527.08	0.499625
4572.49	0.502141
4592.07	0.529324
4632.24	0.530007
4662.01	0.53855
4686.39	0.543059
4724.32	0.547132
4740.66	0.563423
4780.65	0.564562
4800.86	0.58336
4835.05	0.583491
4870.94	0.587458
4893.49	0.595554
4933.71	0.596707
4949.85	0.616251
4988.18	0.617472
5018.86	0.620363
5052.57	0.619295
5094.82	0.621044
5110.08	0.620568
4101.45	0.459503
4122.82	0.459546
4182.07	0.46489
4245.53	0.469794
4306.93	0.472765
4333.38	0.492776
4375.01	0.492716
4433.45	0.50962
4492.31	0.517678
4545.75	0.526676
4569.99	0.543163
4603.83	0.543025
4655.37	0.554819
4706.23	0.560936
4755.73	0.565404
4777.96	0.573584
4803.72	0.573345
4860.15	0.592516
4912.44	0.599311
4963.06	0.606148
4990.62	0.607682
5016.41	0.6076
5058.11	0.608113
2590.54	0.165937
2605.05	0.165775
2651.67	0.164638
2734.63	0.161445
2813.03	0.157621
2873.23	0.15441
2895.3	0.152994
2951.59	0.149938
3022.06	0.14613
3090.69	0.142438
3134.46	0.140066
3160.16	0.13855
3221.49	0.135429
3287.8	0.13215
3350.53	0.1292
3378.01	0.127947
3419.94	0.12616
3486.28	0.124265
3549.22	0.124719
3599.82	0.130469
3619.17	0.140363
3666.56	0.163936
3708.63	0.214411
3777.94	0.203385
3807.53	0.278905
3826.82	0.369068
3890.41	0.394441
3972.4	0.423089
4048.93	0.445182
4123.88	0.46059
4165.09	0.466793
4204.87	0.467854
4272.11	0.479089
4335.9	0.485654
4397.85	0.491514
4452.7	0.494254
4474.45	0.519404
4516.56	0.519749
4576.45	0.525334
4630.66	0.532109
4684.4	0.536339
4724.73	0.537998
4745.47	0.552232
4791.04	0.552721
4822.89	0.554948
4407.78	0.436008
4417.56	0.443272
4453.86	0.443914
4499.58	0.452194
4515.72	0.489433
4554.86	0.49075
4597.31	0.49594
4609.77	0.533081
4652.14	0.534805
4693.29	0.538484
4712.52	0.56611
4761.57	0.56849
4797.67	0.571911
4809.74	0.581439
4855.34	0.584236
4876.31	0.596264
4899.42	0.596102
4942.91	0.597838
4956.37	0.615225
4984.75	0.61539
5028.47	0.618655
5041.15	0.635355
5076.15	0.635842
5114.82	0.640215
5123.13	0.654201
5148.73	0.655309
3126.68	0.140368
3177.85	0.137701
3249.43	0.134218
3322.41	0.130923
3391.89	0.12842
3456.97	0.128343
3520.6	0.13593
3578.8	0.167194
3598.92	0.24334
3644.29	0.298883
3714.27	0.344858
3785.38	0.368698
3859.73	0.389612
3936.43	0.401619
4012.25	0.414131
4086.71	0.42488
4158.58	0.434165
4227.07	0.441445
4293.12	0.445652
4352.19	0.447319
4374.16	0.460838
4408.98	0.460466
4434.29	0.465528
3447.33	0.126394
3466.16	0.125907
3485.26	0.12748
3533.35	0.130252
3599.34	0.148345
3662.32	0.213809
3716.27	0.323709
3743.51	0.378456
3814	0.389432
3874.82	0.378912
3945.93	0.382108
3974.04	0.389123
4026.53	0.391075
4105.54	0.401293
4180.63	0.411995
4234.42	0.41701
4260.32	0.444608
4319.57	0.446909
4385.11	0.457573
4445.76	0.46479
4472.69	0.476994
4506.7	0.476484
4564.97	0.480737
4619.87	0.483594
4655.21	0.485318
3725.85	0.406407
3734.15	0.415673
3790.06	0.419164
3871.18	0.425525
3952.19	0.430965
4021.48	0.444762
4089.03	0.45232
4156.52	0.457879
4223.32	0.464689
4286.66	0.471201
4335.2	0.473636
4358.33	0.509908
4410.49	0.511437
4467.73	0.521417
4528.29	0.524873
4580.96	0.537539
4642.57	0.541319
4700.65	0.547898
4756.23	0.552324
4811.94	0.553409
4842.9	0.55389
4851.41	0.552987
3913.91	0.108997
3954.63	0.11278
3977.99	0.128665
4022.65	0.148646
4073.81	0.239889
4098.1	0.356359
4160.66	0.377631
4217.84	0.402869
4251.11	0.442434
4316.15	0.449279
4350.48	0.462945
4388.27	0.462217
4445.62	0.470238
4469.33	0.492291
4516.46	0.492361
4562.55	0.502514
4581.63	0.536334
4630.75	0.537928
4668.9	0.542836
4692.2	0.560427
4741.94	0.563044
4766.57	0.572258
4798.37	0.57191
4846.34	0.573384
4867.66	0.574344
4893.05	0.574161
4900.69	0.570435
4904.03	0.573412
4936.09	0.57362
4951.51	0.583891
4988.11	0.583982
5003.48	0.59833
5039.8	0.59828
5051.64	0.615922
5083.16	0.616256
5095.93	0.633091
5125.84	0.633629
5139.61	0.656511
5171.61	0.657196
5183.43	0.694262
5211.35	0.695565
5228.45	0.727389
5260.64	0.728059
5272.69	0.764494
5299.63	0.765075
5307.5	0.786479
5328.39	0.78677
5323.75	0.784163
5319.18	0.646911
5309.85	0.642389
5308.56	0.631663
4089.59	0.132988
4138.27	0.19807
4175.14	0.328934
4204.3	0.371276
4275.83	0.399697
4344.34	0.432987
4375.29	0.469676
4424.46	0.470127
4490.78	0.489167
4541.08	0.494819
4564.55	0.531204
4614.94	0.533103
4672.03	0.54883
4706.07	0.553522
4730.98	0.568508
4779.75	0.571685
4826.83	0.577427
4848.53	0.590078
4883.63	0.590063
4934.58	0.596908
4974.99	0.597875
4993.69	0.604437
5029.09	0.604341
3770.21	0.371921
3820.76	0.383088
3885.35	0.39547
3909.83	0.436409
3965.82	0.438036
4040.75	0.446379
4113.2	0.452622
4187.18	0.45726
4257.24	0.463835
4322.42	0.471028
4380.14	0.47386
4404.32	0.493988
4447.18	0.494024
4507.01	0.505557
4564.93	0.511076
4619.95	0.517951
4671.62	0.525052
4731.29	0.527183
4785.05	0.529818
4807.04	0.534743
4829.03	0.534397
3793.54	0.367686
3851.09	0.385423
3888.38	0.414281
3926.92	0.413822
4001.63	0.417369
4039.54	0.422821
4072.1	0.42326
4132.23	0.421313
4170.43	0.423555
4196.66	0.430343
4256.63	0.435149
4296.66	0.43912
4320.11	0.45293
4376.59	0.454443
4418.21	0.456862
4439.99	0.47122
4492.22	0.473537
4531.32	0.478153
4549.19	0.504758
4596.27	0.50646
4633.75	0.509844
4650.02	0.525593
4690.88	0.526274
4724.22	0.528748
4727.43	0.523895
4013.59	0.420386
4062.57	0.422907
4126.91	0.433495
4189.57	0.443883
4243.8	0.448484
4262.96	0.479137
4308.82	0.479486
4374.56	0.487663
4437.3	0.495882
4491.4	0.509681
4516.42	0.522909
4545.83	0.522568
4595.96	0.530875
4642.77	0.540123
4694.88	0.544524
4724.99	0.548921
4739.73	0.568849
4781.65	0.570494
4825.12	0.577495
4871.07	0.580612
4904.1	0.5825
4913.43	0.594329
4945.93	0.59446
4962.52	0.574899
4970.56	0.584657
4993.16	0.583873
5003.74	0.581237
5008.09	0.589786
5031.26	0.590285
5043.46	0.591001
5047.94	0.604114
5070.82	0.605275
5084.4	0.608656
5090.02	0.620877
5110.71	0.622399
5125.68	0.624659
5128.75	0.642306
5148.23	0.644716
5161.31	0.643017
5163.35	0.659023
5180.19	0.662659
5191.97	0.65896
5190.31	0.6891
5202.79	0.698518
5212.09	0.699696
5204.43	0.728887
5211.72	0.753123
5213.47	0.753769
3488.65	0.122193
3504.01	0.121459
3537.46	0.119955
3556.62	0.119132
3594.45	0.117578
3615.36	0.116719
3641.44	0.11612
3673.75	0.115146
3693.42	0.11807
3731.42	0.122924
3751.78	0.143528
3775.87	0.204961
3809.2	0.254274
3837.03	0.308625
3890.53	0.320709
3919.41	0.363512
3957.15	0.381532
3991.67	0.391886
4012.11	0.39082
4054.4	0.390041
4073.2	0.333862
4097.47	0.318636
4109.05	0.265427
3963.64	0.412048
4023.84	0.414579
4082.12	0.417246
4100.79	0.439601
4155.98	0.440187
4224.05	0.450784
4275.53	0.454917
4298.53	0.487386
4353.15	0.488426
4411.82	0.498521
4452.02	0.501871
4472.33	0.527998
4527.77	0.530385
4592.77	0.534924
4627.9	0.541098
4654.74	0.551376
4711.2	0.554072
4767.74	0.559486
4797.88	0.561128
4832.68	0.560524
4892.39	0.563306
4933.83	0.565206
4940.29	0.566849
4940.35	0.568728
3825.4	0.452909
3873.48	0.45873
3949.78	0.471047
4028.4	0.480109
4104.2	0.489446
4176.82	0.497505
4246.24	0.505359
4314.44	0.511528
4380.94	0.517553
4446.04	0.522746
4510.09	0.526977
4572.59	0.530819
4631.07	0.536685
4687.93	0.540374
4722.51	0.542
4744.14	0.559133
4794.78	0.560777
4848.12	0.563579
4902.18	0.564293
4946.74	0.566117
4904.99	0.571981
4912.22	0.572998
4942.44	0.573262
4960.9	0.587958
4986.54	0.589774
5011.27	0.589872
5030.42	0.59883
5062.63	0.598797
5081.11	0.610594
5106.51	0.612336
5131.04	0.611668
5148.95	0.623127
5180.41	0.623439
5197.3	0.638854
5220.51	0.643823
5242.96	0.643722
5257.12	0.669759
5286.83	0.670976
5299.27	0.70185
5318.74	0.710582
5337.64	0.711017
5347.89	0.748437
5373.65	0.749966
5386.36	0.798054
5407.26	0.799572
5419.03	0.799496
4450.3	0.515043
4494.55	0.517335
4546.28	0.52219
4596.64	0.528657
4632.22	0.531796
4649.76	0.555879
4690.76	0.557854
4736.82	0.564271
4782.08	0.567819
4819.43	0.57035
4831.33	0.605728
4863.82	0.607853
4906.31	0.624395
4951.1	0.631044
4998.63	0.635081
5010.05	0.671905
5041.08	0.671498
5085.93	0.692713
5127.38	0.709016
5165.33	0.724025
5181.82	0.739969
5185.09	0.708238
5197.9	0.709022
3404.42	0.127808
3455.09	0.127788
3517.49	0.134373
3580.3	0.164529
3644.54	0.262622
3714.26	0.349476
3785.45	0.383829
3861.23	0.404229
3910.01	0.412072
3944.43	0.438917
4014.77	0.444181
4085.25	0.452397
4156.5	0.457097
4225.58	0.462029
4292.05	0.466268
4355.15	0.470367
4411.63	0.475614
4469.88	0.476325
4518.93	0.474765
4536.57	0.479399
4568.87	0.479199
3560.01	0.156547
3598.27	0.191278
3664.26	0.318308
3730	0.396754
3803.87	0.434057
3876.7	0.454576
3951.72	0.465893
4026.85	0.474281
4099.18	0.481994
4169.84	0.48702
4238.7	0.490709
4305.6	0.493472
4361.98	0.494488
4383.4	0.516049
4428.12	0.516144
4488.86	0.522742
4546.85	0.525502
4613.02	0.525895
4672.43	0.529521
4727.58	0.532364
4765.75	0.533603
3216.12	0.135286
3260.45	0.132999
3316.31	0.130273
3352.42	0.128488
3375.84	0.127244
3432.57	0.124634
3494.48	0.121827
3557.47	0.119034
3619.11	0.116388
3647.88	0.115077
3685.88	0.113429
3752.25	0.110841
3818.64	0.108389
3885.02	0.106402
3942.54	0.105969
3968.07	0.108197
4017.41	0.111443
4085.08	0.126201
4139.86	0.150386
4187.58	0.145739
4233.05	0.492067
4233.66	0.49271
4284.9	0.49489
4345.7	0.499748
4389.03	0.502683
4411.57	0.525751
4465.68	0.527637
4523.87	0.536479
4568.96	0.539663
4589.95	0.566192
4638.99	0.567045
4695.2	0.574085
4741.27	0.576098
4761.32	0.593106
4804.91	0.59363
4858.73	0.603389
4902.19	0.612659
4927.66	0.616628
4973.22	0.616281
5031.47	0.624966
5083.7	0.626886
5101.67	0.635248
5136.21	0.63498
5169.54	0.637651
4191.71	0.558638
4231.41	0.559255
4289.1	0.56501
4347.4	0.569564
4408.55	0.57242
4468.09	0.578118
4526.73	0.582947
4584.93	0.586932
4639.4	0.594176
4694.56	0.597619
4746.6	0.610392
4798.22	0.621459
4848.59	0.634629
4902.9	0.64127
4959.21	0.646572
5014.88	0.65318
5069.86	0.659121
5124.67	0.66404
5171.5	0.673871
5204.75	0.67659
2764.26	0.159899
2767.96	0.159689
2783.33	0.158869
2845.33	0.155691
2887.17	0.153422
2905.04	0.152344
2964.6	0.149172
3018.67	0.146261
3038.32	0.145044
3091.17	0.142252
3151.64	0.139087
3175.52	0.137708
3220.09	0.135437
3287.14	0.132175
3322.93	0.130425
3353.16	0.12891
3418.75	0.126027
3466.75	0.124485
3490.23	0.124233
3548.77	0.12431
3602.77	0.129704
3621.25	0.140505
3666.47	0.161855
3710.47	0.215559
4076.98	0.451973
4129.16	0.460418
4171.14	0.466789
4198.67	0.496429
4259.87	0.498926
4321.08	0.507515
4383.95	0.512332
4415.55	0.517778
4441.98	0.525185
4496.4	0.529099
4553.57	0.534513
4606.38	0.542747
4628.51	0.55914
4655.39	0.559005
4706.2	0.563305
4756.68	0.568566
4804.78	0.571423
4822.29	0.589323
4851.34	0.589407
4899.11	0.593315
4944.69	0.595893
4979.65	0.596313
2751.93	0.160668
2803.53	0.157962
2873.31	0.154225
2944.77	0.150354
3016.5	0.146452
3088.7	0.142582
3160.06	0.138817
3230.7	0.135218
3300.71	0.13188
3369.92	0.129097
3437.34	0.127789
3503.72	0.130257
3567.35	0.144303
3630.85	0.193048
3706.37	0.306637
3782.03	0.354662
3868.12	0.368271
3950.04	0.371454
4016.04	0.377178
4064.02	0.381557
2855.47	0.155483
2880.18	0.15399
2942.99	0.150593
2969.72	0.148958
3015.38	0.146475
3082.49	0.142942
3112.35	0.141248
3153.47	0.139094
3220.8	0.135716
3256.58	0.133907
3294.21	0.132012
3364.27	0.129092
3404.73	0.128233
3437.75	0.127431
3504.56	0.128482
3548.95	0.132888
3578.81	0.134267
3643.27	0.153088
3688.61	0.197966
3715.74	0.252885
3785.61	0.278232
3842.63	0.286016
3866.44	0.280262
3932.07	0.302241
3988.87	0.315224
3998.17	0.347686
4262.39	0.539682
4269.39	0.539235
4322.63	0.542709
4383.54	0.546483
4446.02	0.550769
4506.84	0.557814
4565.7	0.565314
4623.31	0.571988
4675.77	0.58273
4728.76	0.587865
4779.8	0.593726
4841.65	0.59494
4888.67	0.595447
4911.1	0.630565
4962.58	0.632441
5021.68	0.64111
5079.19	0.646138
5133.17	0.652894
5188.52	0.656942
5242.37	0.661854
5289.56	0.667785
4655.67	0.580441
4683.61	0.580763
4736.86	0.585823
4791.59	0.590715
4849.56	0.593298
4907.96	0.595623
4953.51	0.596554
4970.92	0.659474
5010.94	0.663466
5067.16	0.667706
5123.43	0.673269
5179.38	0.679509
5234.48	0.686244
5288.05	0.692533
5339.46	0.696382
5380.3	0.694591
5420.93	0.688529
5427.06	0.473098
5428.41	0.298898
5428.7	0.257625
3673.27	0.201233
3728.86	0.309532
3800.36	0.349315
3862	0.362785
3884.78	0.39399
3943.32	0.396121
4012.7	0.407485
4090.33	0.413829
4137.77	0.41785
4165.26	0.438715
4229.3	0.442821
4295.41	0.453328
4355.59	0.461054
4379.96	0.481852
4416.1	0.481645
4476.48	0.487673
4535.9	0.491706
4584.23	0.493343
4600.34	0.510535
4645.6	0.510482
4702.46	0.51462
4744.82	0.516787
3959.18	0.406869
3979.05	0.413759
4021.78	0.413462
4084.24	0.417521
4104.89	0.438835
4159.79	0.43897
4212.61	0.444508
4234.99	0.47688
4289.22	0.476995
4329.1	0.477598
4352.12	0.479014
4407.83	0.479902
4433.33	0.481905
4464.34	0.481204
4514.25	0.482229
4530.99	0.487596
4569.28	0.487594
4616.93	0.49105
4633.85	0.517299
4678.86	0.518466
4716.43	0.523157
4733.4	0.538455
4779.5	0.540126
4805.32	0.544765
4826.15	0.547141
4869.15	0.5495
4884.51	0.555825
4897.15	0.555843
4402.71	0.411756
4407.12	0.411924
4441.4	0.412417
4459.29	0.42459
4485.51	0.431652
4504.25	0.448607
4523.86	0.462428
4552.02	0.462276
4565.06	0.494273
4597.12	0.494595
4610.24	0.500261
4637.08	0.501931
4655.49	0.505798
4672.97	0.50718
4698.14	0.50691
4709.97	0.517753
4736.99	0.518436
4745.85	0.539007
4770.65	0.541148
4782.43	0.55381
4798.71	0.560676
4820.25	0.560512
4829.12	0.57082
4852.04	0.57108
4854.77	0.536579
4081.21	0.461266
4120.12	0.463509
4140.27	0.500899
4196.67	0.502542
4260.03	0.507968
4321.12	0.513233
4383.99	0.517049
4444.27	0.524104
4503.89	0.53009
4557.28	0.541376
4604.41	0.554319
4652.1	0.559842
4706.41	0.563456
4762.49	0.566106
4804.87	0.567669
4826.16	0.585422
4873.96	0.586037
4926.91	0.59275
4976.62	0.595624
5009.49	0.596598
2697.25	0.163469
2716.92	0.162407
2762.83	0.160129
2790.87	0.158539
2860.48	0.154942
2919.72	0.151793
2943.84	0.150302
3005.61	0.146997
3075.19	0.14338
3103.15	0.141678
3158.14	0.138843
3232.45	0.135156
3268.26	0.13331
3309.02	0.131266
3383.21	0.12814
3432.05	0.126783
3459.74	0.126303
3526.07	0.12677
3583.62	0.131574
3607.4	0.137419
3664.82	0.156194
3726.9	0.225458
3756.57	0.334967
3812.68	0.339786
3862.98	0.338751
3196.39	0.136843
3204.83	0.136347
3245.8	0.134266
3316.24	0.130981
3384.2	0.128186
3413.72	0.127573
3456.45	0.126429
3525.69	0.127479
3591.85	0.138091
3624.41	0.166823
3660.91	0.187887
3738.5	0.30307
3814.01	0.368531
3859.78	0.394918
3896.31	0.416871
3966.58	0.424195
4041.72	0.432154
4089.04	0.435479
4121.09	0.449776
4192.1	0.449005
4263.94	0.445254
4304.8	0.438547
4327	0.428583
4372	0.428448
3339.53	0.129979
3397.45	0.1281
3461.61	0.128398
3526.22	0.136888
3587.88	0.172941
3657.07	0.288157
3722.96	0.374887
3796.66	0.40679
3874.76	0.423772
3944.94	0.436385
4007.54	0.441737
4036.74	0.47202
4093.06	0.472307
4165.09	0.482151
4234.94	0.484473
4302.76	0.486193
4369.12	0.48698
4429.24	0.488787
4488.8	0.489227
4540.53	0.48985
