2756.09	0.161883
2765.57	0.161143
2784.5	0.159776
2812.5	0.157909
2848.47	0.155662
2890.92	0.153128
2938.37	0.150382
2989.54	0.147482
3043.43	0.144482
3099.27	0.141424
3156.48	0.138348
3214.61	0.135283
3273.27	0.132256
3332.01	0.12929
3390.12	0.126409
3446.66	0.12364
3502.58	0.120986
3558.1	0.118428
3612.93	0.115964
3666.67	0.113599
3719.19	0.111338
3770.9	0.109171
3822.27	0.10708
3873.66	0.105047
3925.34	0.103062
3977.39	0.101122
4029.01	0.0992458
4075.42	0.0975278
4123.07	0.0958629
4171.14	0.0942335
4219.61	0.092647
4268.35	0.0911204
4317.02	0.0896673
4365.8	0.0883082
4414.97	0.0871265
4465.09	0.0861304
4516.92	0.0855108
4569.13	0.0858984
4620.73	0.0890692
4671.04	0.0977557
4718.75	0.115185
4762.96	0.14116
4805.08	0.168261
4841.91	0.195489
4872.69	0.211606
4898.25	0.211645
4918.91	0.188387
4934.3	0.145465
4944.06	0.108389
4948.66	0.0894892
2746.47	0.162514
2755.97	0.16177
2775.27	0.160376
2804.35	0.158445
2841.78	0.156113
2885.7	0.153493
2934.4	0.150666
2986.58	0.147697
3041.22	0.144641
3097.63	0.14154
3155.29	0.138429
3213.82	0.135335
3272.97	0.132278
3332.42	0.129279
3391.51	0.126362
3447.16	0.12361
3502.9	0.120967
3558.76	0.118404
3614.08	0.115925
3668.02	0.113552
3720.21	0.111299
3771.57	0.109147
3822.67	0.107068
3873.89	0.105041
3925.63	0.103052
3978.63	0.101079
4035.16	0.0990718
4075.28	0.0975668
4123.88	0.0958884
4172.11	0.0942867
4220.9	0.0928226
4270.1	0.0916372
4318.75	0.0907352
4367.35	0.0899731
4416.07	0.0901238
4465.46	0.0908991
4518.62	0.092979
4571.67	0.0985523
4623.46	0.113617
4674.05	0.141448
4721.04	0.184333
4762.86	0.233748
4810.43	0.29478
4848.73	0.329881
4880.66	0.345031
4906.98	0.336299
4928.13	0.295266
4939.91	0.194163
4949.99	0.139133
4954.68	0.108676
2727.21	0.163663
2736.41	0.162936
2756.11	0.161521
2787.68	0.159469
2828.41	0.156975
2875.46	0.154186
2926.74	0.151204
2980.88	0.148105
3036.99	0.144944
3094.48	0.141762
3152.95	0.138588
3212.18	0.135441
3272.11	0.132333
3333	0.129257
3396.17	0.126176
3447.44	0.123578
3503.03	0.120956
3559.96	0.118363
3616.64	0.115839
3671.26	0.113437
3722.29	0.11122
3772.81	0.10911
3823.37	0.107061
3874.16	0.105056
3925.34	0.103089
3977.11	0.101156
4029.71	0.0992611
4080.56	0.0974862
4126.28	0.096091
4173.92	0.0947136
4223.28	0.0941446
4274.01	0.0958565
4322.17	0.0994238
4370.53	0.100254
4418.18	0.106714
4463.59	0.115366
4521.66	0.125477
4575.98	0.144967
4626.19	0.190448
4679.38	0.265775
4732.82	0.339092
4779.72	0.390368
4823.12	0.429483
4860.94	0.460909
4893.27	0.482599
4920.06	0.483614
4940.98	0.435852
4954.78	0.312589
4961.86	0.181418
4966.27	0.140368
2698.64	0.165156
2706.23	0.164514
2724.94	0.16317
2761.65	0.160935
2808.53	0.158194
2860.76	0.155156
2915.97	0.151951
2972.97	0.148668
3031.13	0.145362
3090.08	0.142071
3149.59	0.138817
3209.59	0.135614
3270.05	0.132468
3331.09	0.129381
3392.88	0.126354
3443.26	0.123812
3501.76	0.12103
3561.38	0.118318
3621.34	0.115669
3678.23	0.113162
3725.11	0.111116
3774.34	0.109094
3824.26	0.10709
3874.57	0.105115
3925.1	0.103177
3975.59	0.101283
4026.93	0.0994286
4077.58	0.0976768
4124.97	0.0962333
4176.12	0.0959312
4225.04	0.0987033
4282.75	0.119219
4325.51	0.153379
4375.64	0.139166
4426.26	0.160099
4476.34	0.187098
4526.82	0.211997
4583.23	0.266593
4641.35	0.339184
4695.68	0.391583
4747	0.429638
4793.81	0.464206
4836.89	0.500101
4875.68	0.534493
4909.95	0.564176
4939.26	0.579687
4960.66	0.560885
4973.95	0.434089
4977.06	0.222328
4982.72	0.174495
2662.37	0.166724
2664.8	0.166269
2675.62	0.165258
2725.27	0.162757
2783.12	0.159679
2842.86	0.156317
2903.16	0.152836
2963.66	0.149331
3024.23	0.145855
3084.84	0.142439
3145.51	0.139096
3206.28	0.13583
3267.18	0.132644
3328.22	0.129536
3389.34	0.126503
3450.24	0.123539
3499.3	0.121129
3562.46	0.118269
3629.17	0.115363
3680.47	0.113039
3726.52	0.111048
3775.17	0.109058
3824.9	0.107067
3875.15	0.1051
3925.54	0.103173
3973.52	0.101338
4025.89	0.0994122
4076.92	0.0976453
4127.18	0.096188
4178.66	0.0959987
4231.59	0.102217
4278.11	0.123688
4329.63	0.182521
4377.69	0.245033
4437.11	0.304469
4492.42	0.33527
4546.44	0.356631
4598.89	0.381318
4654.13	0.419924
4708.16	0.451986
4760.15	0.479946
4807.09	0.505762
4851.42	0.540988
4892.44	0.574788
4930.6	0.601998
4966.22	0.635286
4988.28	0.666235
4999.67	0.516123
5003.44	0.31538
5005.21	0.20189
2623.57	0.168033
2614.89	0.167713
2587.29	0.166933
2680.53	0.164679
2755.6	0.161239
2824.2	0.157524
2889.93	0.153753
2954.04	0.150019
3017.03	0.14637
3079.28	0.142828
3141.08	0.139396
3202.6	0.136069
3263.94	0.132843
3325.07	0.129714
3385.84	0.126684
3445.84	0.123763
3503.96	0.120986
3559.98	0.118384
3618.65	0.115791
3672.84	0.113379
3723.9	0.111162
3774.5	0.109052
3825.08	0.107003
3875.76	0.105003
3926.83	0.103043
3979.4	0.101109
4027.13	0.099408
4078.11	0.0978281
4129.34	0.0968797
4180.82	0.0984705
4232.44	0.109982
4282.51	0.154941
4330.96	0.219244
4388.93	0.280579
4449.32	0.339182
4504.65	0.384493
4563.65	0.423787
4605.23	0.446339
4662.36	0.479992
4718.02	0.506827
4774.31	0.528784
4819.28	0.534158
4866.38	0.566285
4910.46	0.593882
4952.15	0.624284
4991.92	0.685865
5036.9	0.775517
5033.09	0.556212
5031.71	0.368044
5030.23	0.223242
2593.39	0.168969
2583.84	0.168613
2561.58	0.16781
2653.76	0.165889
2734.34	0.162452
2808.2	0.158558
2878.09	0.154574
2945.3	0.150649
3010.32	0.14685
3073.92	0.1432
3136.67	0.139692
3198.89	0.13631
3260.69	0.133045
3322.09	0.12989
3382.98	0.126844
3443.21	0.12391
3502.78	0.121095
3554.86	0.118644
3612.69	0.116037
3668.53	0.113573
3721.99	0.111261
3774.19	0.109072
3825.62	0.106976
3876.52	0.104956
3927.32	0.102997
3978.37	0.101089
4028.75	0.0992553
4080.24	0.0974893
4132.17	0.0959175
4183.57	0.0951149
4235.05	0.0975482
4286.56	0.11307
4336.77	0.165849
4396.46	0.271978
4453.89	0.341017
4517.95	0.389555
4568.18	0.418081
4618.9	0.424502
4668.75	0.461327
4720.08	0.48647
4778.23	0.517396
4833.19	0.542978
4883.82	0.574982
4930.79	0.600718
4979.53	0.630964
5023.12	0.683372
5069.44	0.771009
5063.64	0.55685
5060.53	0.386796
5058.35	0.242824
2572.72	0.169654
2565.48	0.169248
2550.92	0.168443
2638.4	0.166652
2719.63	0.163292
2795.94	0.159332
2868.72	0.155212
2938.51	0.151143
3004.8	0.147238
3069.17	0.143521
3132.56	0.139963
3195.35	0.136542
3257.65	0.133242
3319.43	0.130058
3380.62	0.126987
3441.16	0.124028
3501.22	0.121176
3561.49	0.118404
3608.82	0.116195
3666.77	0.113664
3721.6	0.111301
3775	0.109066
3827.14	0.106937
3877.98	0.104908
3928.23	0.102959
3978.85	0.101061
4030.21	0.0992028
4083	0.0974126
4136.75	0.0958938
4187.4	0.0955137
4238.17	0.10028
4289.3	0.12742
4342.4	0.229098
4402.93	0.304126
4463.25	0.360657
4520.96	0.364404
4574.44	0.381124
4630.87	0.407643
4680.92	0.444962
4740.15	0.477192
4797.33	0.509278
4850.86	0.54081
4903.86	0.574578
4944.35	0.597723
5000.02	0.62463
5045.83	0.678763
5089.27	0.758105
5090.28	0.552132
5088.95	0.395187
5086.83	0.253335
2559.27	0.170203
2554.4	0.169752
2545.29	0.168906
2629.16	0.167151
2709.63	0.163846
2787.03	0.159854
2862.11	0.155624
2935	0.151412
3000.95	0.147482
3065.17	0.143769
3128.82	0.140202
3192.09	0.136759
3254.92	0.133432
3317.2	0.13022
3378.77	0.127126
3439.5	0.124152
3499.4	0.121298
3558.43	0.118563
3615.6	0.115964
3668.29	0.113603
3722.91	0.111274
3777.44	0.109015
3830.43	0.106859
3880.6	0.104846
3929.49	0.102943
3979.41	0.101078
4031.18	0.0992378
4085.9	0.0975455
4145.62	0.0968517
4192.17	0.0996875
4240.94	0.115571
4288.34	0.154042
4338.15	0.196811
4400.97	0.24095
4470.53	0.320289
4529.99	0.367854
4589.55	0.39392
4644.76	0.422341
4700.63	0.455633
4757.3	0.489519
4815.69	0.524662
4865.45	0.544373
4913.6	0.577563
4969.7	0.601195
5025.53	0.63265
5077.53	0.690013
5127.57	0.771692
5121.82	0.574853
5117.83	0.4072
5115.4	0.261918
2550.68	0.170658
2547.56	0.170163
2541.91	0.169253
2623.18	0.167496
2702.55	0.164223
2780.23	0.160205
2857.48	0.15583
2938.22	0.151193
2998.6	0.147543
3061.53	0.143957
3125.26	0.140417
3189.04	0.136962
3252.55	0.13361
3315.52	0.130372
3377.64	0.127253
3438.58	0.124264
3498.45	0.121407
3557.25	0.118679
3614.65	0.116081
3668.05	0.1137
3724.61	0.111285
3781.8	0.108939
3837.01	0.106698
3885.1	0.104769
3930.43	0.103037
3978.94	0.101264
4030.18	0.0995131
4084.84	0.0979027
4139.76	0.0972816
4189.02	0.0985702
4237.11	0.0992678
4293.06	0.104905
4349.19	0.12727
4406.37	0.189981
4468.53	0.284362
4540.64	0.359723
4602.44	0.404677
4660.96	0.443656
4714.18	0.470649
4768.09	0.487319
4820.87	0.518713
4879.56	0.54975
4935.24	0.580091
4992.7	0.602875
5050.15	0.634796
5105.09	0.690905
5157.36	0.770304
5150.36	0.576822
5145.25	0.411695
5142.67	0.265277
2545.23	0.171025
2543.25	0.170492
2539.71	0.169522
2618.97	0.167763
2696.98	0.164546
2773.65	0.160607
2849.14	0.15637
2923.06	0.152102
2990.35	0.148104
3056.06	0.144307
3121.28	0.140647
3186.2	0.137108
3250.84	0.133684
3315.05	0.130379
3378.29	0.127204
3439.35	0.124186
3499.26	0.121317
3558.51	0.118568
3617.38	0.115913
3677.34	0.113309
3725.59	0.111181
3789.94	0.108596
3837.37	0.106619
3885.15	0.104745
3932.9	0.102931
3979.73	0.101189
4035.8	0.0993249
4084.73	0.0981097
4134.57	0.0980016
4187.74	0.102228
4238.64	0.115297
4296.25	0.119003
4354.64	0.154537
4403.04	0.22651
4481.76	0.331038
4552.35	0.387783
4611.86	0.410504
4670	0.441657
4723.85	0.474801
4773.57	0.496867
4834.7	0.523513
4893.21	0.555014
4952.86	0.582756
5012.93	0.604176
5072.34	0.635773
5129.09	0.690913
5182.46	0.769213
5175.55	0.574266
5170.2	0.409375
5167.6	0.263991
2541.76	0.171306
2540.49	0.170743
2538.23	0.169725
2615.89	0.167967
2692.59	0.164801
2768.08	0.160934
2842.16	0.15678
2914.33	0.152588
2983.46	0.148516
3050.87	0.144612
3117.39	0.14086
3183.46	0.137239
3249.4	0.133736
3315.41	0.130343
3381.04	0.127076
3441.19	0.124071
3500.74	0.121233
3560.19	0.118497
3619.18	0.115854
3676.92	0.113323
3733.34	0.110918
3785.2	0.10875
3837.15	0.106642
3885.67	0.104701
3935.29	0.10282
3983.61	0.101063
4032.23	0.0993026
4085.14	0.0976441
4137.23	0.0968644
4189.81	0.100342
4244.05	0.126222
4295.23	0.204403
4354.89	0.276562
4421.58	0.328459
4489.06	0.356795
4555.73	0.384622
4617.51	0.392009
4679.62	0.420873
4737.06	0.457366
4791.77	0.494961
4847.03	0.528919
4902.37	0.560616
4967.83	0.585095
5030.92	0.605162
5092.17	0.636364
5150.19	0.690805
5204.27	0.768389
5197.74	0.570777
5192.49	0.404654
5189.9	0.260703
2539.56	0.171507
2538.73	0.170922
2537.23	0.169869
2613.66	0.16811
2689.26	0.164984
2763.75	0.161167
2836.9	0.15706
2908.43	0.152898
2978.1	0.148811
3046.37	0.14486
3113.74	0.141053
3180.67	0.137373
3247.71	0.133795
3316.03	0.130267
3389.15	0.126671
3443.6	0.123917
3502.34	0.121176
3562.42	0.118453
3622.36	0.115801
3678.05	0.113333
3731.84	0.111034
3783.75	0.108884
3840.9	0.106613
3885.75	0.104808
3933.92	0.102941
3984.58	0.101113
4035.07	0.0994562
4087.44	0.0982921
4140.42	0.0992178
4190.35	0.105546
4244.18	0.130982
4299.56	0.185179
4346.21	0.213412
4425.75	0.320251
4494.41	0.35246
4553.77	0.372873
4623.07	0.402311
4687.64	0.430882
4747.64	0.461273
4802.66	0.4941
4857.92	0.529865
4914.79	0.562571
4982.95	0.586097
5047.73	0.605649
5110.11	0.636641
5168.91	0.690648
5223.42	0.76777
5217.28	0.5675
5212.21	0.399644
5209.62	0.257
2538.22	0.17164
2537.64	0.171042
2536.58	0.169964
2612.13	0.168203
2686.9	0.165103
2760.6	0.161322
2833.06	0.15725
2904.19	0.153111
2973.95	0.14903
3042.56	0.145068
3110.33	0.141242
3177.57	0.137549
3244.6	0.133979
3311.68	0.130521
3378.45	0.127189
3440.02	0.124112
3501.69	0.121176
3565.04	0.118285
3632.47	0.115356
3682.64	0.113062
3733.56	0.110917
3788.28	0.108745
3834.22	0.106836
3887.94	0.104736
3936.57	0.102899
3986.41	0.101162
4035.87	0.0995736
4089.38	0.0983751
4142.24	0.0984275
4197.58	0.105171
4248.26	0.129019
4293.34	0.186625
4345.04	0.237369
4413.15	0.264435
4492.08	0.307995
4559.88	0.347313
4631.77	0.386478
4696.93	0.42358
4756.36	0.4606
4810.29	0.499151
4863.28	0.534802
4932.76	0.561694
4999.19	0.585872
5063.83	0.605631
5126.47	0.636607
5185.57	0.690424
5240.27	0.767309
5234.42	0.564849
5229.52	0.39521
5226.91	0.253603
2537.48	0.17172
2537.05	0.171111
2536.23	0.170016
2611.29	0.168252
2685.47	0.165168
2758.52	0.161414
2830.4	0.157372
2901.12	0.15326
2970.75	0.149196
3039.41	0.14524
3107.27	0.141415
3174.52	0.137726
3241.26	0.134168
3307.52	0.13074
3372.88	0.127447
3436.31	0.124307
3499.4	0.121294
3563.67	0.118347
3631.9	0.115379
3680.4	0.113177
3728.87	0.111015
3783.64	0.10879
3842.33	0.106475
3884.56	0.104768
3932.37	0.102906
3986.06	0.100943
4041.36	0.099083
4092.94	0.0975451
4145.17	0.0967164
4199.69	0.0987922
4244.17	0.108223
4294.48	0.121317
4352.75	0.141287
4410.55	0.199025
4485.86	0.309886
4568.59	0.376946
4639.55	0.395607
4705.54	0.429285
4765.31	0.4636
4816.86	0.501962
4884.37	0.531821
4950.41	0.559938
5014.96	0.585184
5078.8	0.605341
5141.21	0.636382
5200.28	0.690163
5254.98	0.766973
5249.32	0.562883
5244.55	0.391509
5241.92	0.25076
2537.18	0.171755
2536.85	0.171138
2536.18	0.170029
2611.22	0.168259
2685.05	0.16518
2757.46	0.161449
2828.71	0.15744
2898.97	0.153359
2968.33	0.14932
3036.86	0.145379
3104.66	0.141564
3171.79	0.137882
3238.27	0.134334
3304.14	0.130919
3369.16	0.127638
3432.91	0.1245
3495.96	0.121495
3558.44	0.118613
3619.93	0.11587
3678.43	0.113288
3718.25	0.111448
3775.5	0.109109
3829.72	0.106929
3877.12	0.105003
3931.15	0.102933
3984.99	0.100916
4041.15	0.0989305
4098.78	0.0970504
4146.47	0.0958462
4193.39	0.0955441
4246.8	0.0937938
4301.92	0.0944782
4361.13	0.10068
4423.32	0.12801
4487.74	0.211245
4577.73	0.326373
4652.66	0.386119
4718.47	0.42568
4780.26	0.462674
4839.75	0.497663
4902.84	0.528886
4966.24	0.558261
5029.17	0.584421
5092.13	0.604982
5154.12	0.636104
5213.01	0.68992
5267.62	0.766737
5262.07	0.561463
5257.4	0.388489
5254.75	0.248356
2537.23	0.171754
2537.01	0.171126
2536.5	0.169998
2612.25	0.168211
2685.92	0.165125
2757.39	0.161424
2827.86	0.157459
2897.54	0.153418
2966.57	0.149409
3034.87	0.145489
3102.53	0.141686
3169.55	0.138012
3235.76	0.134475
3301.51	0.131066
3366.63	0.127786
3430.21	0.12467
3493.11	0.121682
3554.31	0.118823
3611.15	0.116268
3667	0.113802
3718.66	0.111465
3770.84	0.109277
3824.49	0.107145
3877.08	0.105068
3930.9	0.103018
3982.51	0.101025
4040.51	0.0989489
4099.54	0.0969698
4148.45	0.0953717
4193.52	0.0938954
4248.93	0.0923023
4306.21	0.0918229
4366.41	0.096253
4429.44	0.123667
4494.71	0.227197
4586.27	0.344668
4666.21	0.398126
4728.88	0.426776
4792.28	0.46243
4854.5	0.495645
4916.95	0.527049
4979.18	0.557025
5041.11	0.583798
5103.38	0.604687
5164.99	0.635884
5223.69	0.689752
5278.2	0.766583
5272.74	0.560379
5268.14	0.385903
5265.47	0.246359
2537.51	0.171729
2537.47	0.171082
2537.34	0.169917
2615.23	0.168071
2688.89	0.164956
2758.16	0.161331
2827.65	0.157436
2896.58	0.153447
2965.36	0.14947
3033.33	0.145574
3100.89	0.141783
3167.95	0.13811
3233.59	0.134598
3299.38	0.131189
3365.6	0.127845
3428.16	0.124819
3491.99	0.12184
3547.76	0.119115
3606.26	0.116447
3661.77	0.113963
3715.07	0.111618
3767.65	0.109387
3821.57	0.107208
3875.47	0.105079
3930.04	0.10299
3986.13	0.100925
4039.89	0.0990353
4097.43	0.0971689
4142.08	0.095843
4193.64	0.0946769
4250.76	0.09337
4309.11	0.094382
4369.51	0.102822
4431.6	0.141722
4504.86	0.263505
4592.05	0.364357
4674.36	0.410163
4732.06	0.432729
4800.21	0.462742
4864.41	0.494706
4927.2	0.525976
4989.07	0.556229
5050.45	0.583398
5112.28	0.604528
5173.65	0.635808
5232.25	0.689708
5286.71	0.766498
5281.34	0.559418
5276.81	0.383508
5274.14	0.244494
2537.85	0.171696
2538.03	0.171027
2538.67	0.169793
2622.36	0.167736
2696.13	0.164534
2758.58	0.161223
2827.84	0.157389
2895.59	0.153468
2964.8	0.149499
3032.04	0.145643
3099.57	0.141863
3167.63	0.13812
3231.13	0.134748
3296.75	0.131394
3358.37	0.128179
3426.75	0.124835
3497.73	0.121501
3549.19	0.119003
3604.54	0.116519
3659.01	0.114103
3712.55	0.111786
3763.54	0.109576
3819.21	0.107318
3873.86	0.105161
3928.45	0.103074
3983.04	0.101061
4036.62	0.0991784
4090.48	0.0975016
4142.58	0.09647
4199.6	0.0972424
4252.7	0.10224
4310.9	0.113258
4370	0.139692
4433.19	0.197561
4509.05	0.280581
4591.37	0.363928
4671.37	0.407821
4744.06	0.442278
4806.78	0.462395
4871.08	0.494139
4934.25	0.525338
4996.06	0.555774
5057.12	0.583245
5118.64	0.604577
5179.97	0.635962
5238.64	0.689836
5293.16	0.76647
5287.91	0.5584
5283.48	0.381098
5280.82	0.242752
2538.02	0.171678
2538.15	0.171006
2538.27	0.169792
2618.11	0.167879
2692.56	0.164663
2764.04	0.160888
2829.4	0.157262
2893	0.153581
2966.03	0.149405
3030.3	0.14574
3097.56	0.142056
3160.09	0.138547
3228.19	0.134923
3293.77	0.13149
3357.7	0.128202
3422.73	0.125015
3487.15	0.121952
3546.11	0.119148
3604.3	0.116515
3657.64	0.114099
3710.43	0.111802
3765.6	0.10951
3818.4	0.107394
3872.95	0.105285
3927.62	0.103242
3981.85	0.101344
4034.09	0.0998705
4080.27	0.0994962
4139.28	0.102044
4196.18	0.1137
4251.81	0.143487
4310.51	0.16867
4373.91	0.167267
4433.97	0.22586
4513.83	0.320093
4582.41	0.377222
4667.95	0.405354
4742.92	0.435974
4808.01	0.467804
4874.16	0.494588
4938.49	0.525117
5000.43	0.555595
5061.06	0.583372
5122.16	0.604966
5183.85	0.636467
5242.89	0.690187
5297.63	0.766495
5292.54	0.557235
5288.21	0.37867
5285.56	0.241083
2538.08	0.171674
2538.29	0.170995
2538.59	0.169766
2619.16	0.167834
2691.82	0.164655
2764.04	0.160857
2829.7	0.15718
2899.68	0.153255
2960.66	0.14971
3026.93	0.145987
3095.99	0.142127
3161.72	0.138483
3227.64	0.134943
3292.35	0.131545
3355.86	0.128287
3419.3	0.125156
3482.08	0.122139
3543.9	0.11923
3609.13	0.116324
3657.08	0.114123
3706.27	0.111993
3761.96	0.109674
3816.6	0.107467
3872.53	0.105301
3928.31	0.103262
3984.88	0.101397
4031.82	0.100255
4084.07	0.101126
4139.37	0.109746
4194.1	0.144183
4251.06	0.207396
4315.48	0.270899
4378.24	0.312609
4445.84	0.359123
4511.72	0.398428
4593.25	0.414036
4667.71	0.431581
4745.61	0.45368
4818.86	0.480506
4874.32	0.499637
4940.92	0.525822
5002.69	0.555787
5062.3	0.583939
5122.07	0.606235
5185.23	0.637512
5245.14	0.690757
5300.24	0.766566
5295.32	0.556105
5291.09	0.376566
5288.46	0.239706
2537.94	0.171693
2538.37	0.171002
2539.76	0.169716
2628.02	0.167507
2691.41	0.164669
2755.63	0.161332
2827.36	0.157402
2897.18	0.153419
2964.73	0.149492
3034.96	0.145532
3097.59	0.141983
3163.01	0.138457
3228.18	0.134921
3292.05	0.131578
3354.04	0.128381
3416.54	0.125295
3478.03	0.122331
3538.37	0.119501
3598.06	0.116806
3653.02	0.114322
3708.7	0.111927
3759.81	0.109811
3814.02	0.107661
3866.68	0.105542
3922.83	0.103415
3977.96	0.101398
4030.93	0.0995752
4083.22	0.0981547
4140.03	0.0979215
4196.81	0.102365
4255.1	0.117408
4314.11	0.143599
4368.94	0.200093
4448.56	0.316905
4523.04	0.39111
4599.81	0.432829
4677.51	0.461986
4747.53	0.466748
4817.91	0.48988
4884.41	0.51425
4943.95	0.532922
5003.73	0.558983
5061.17	0.584765
5115.49	0.608665
5184.68	0.638872
5245.88	0.691247
5301.23	0.766673
5296.38	0.555841
5292.19	0.375645
5289.57	0.238946
2537.39	0.171747
2537.51	0.171083
2537.64	0.169884
2616.12	0.168013
2687.07	0.164962
2756.29	0.161368
2826.78	0.157459
2896.79	0.153445
2965.95	0.149454
3034.85	0.145549
3101.29	0.141807
3167.03	0.138201
3229.94	0.134801
3293.53	0.131566
3351.67	0.128521
3414.77	0.125419
3475.2	0.122489
3533.59	0.11973
3591.92	0.117111
3648.48	0.114595
3702.06	0.112187
3756.23	0.109897
3810.22	0.107694
3864.32	0.10554
3919.6	0.103421
3975.12	0.101356
4029.96	0.0993979
4087.6	0.0976401
4141.52	0.0966443
4197.61	0.0975064
4255.55	0.102655
4312.69	0.118397
4365.76	0.160798
4438.02	0.22736
4522.2	0.318793
4599.49	0.374058
4676.68	0.405785
4748.87	0.433696
4818.89	0.462539
4884.8	0.492643
4944.04	0.525467
5005.09	0.554214
5064.8	0.582737
5124.22	0.60542
5186.81	0.636905
5246.13	0.690522
5300.82	0.766799
5295.76	0.557726
5291.54	0.376519
5288.93	0.238707
2536.74	0.171809
2536.65	0.171164
2536.31	0.170002
2611.68	0.168197
2684.32	0.165125
2755.55	0.161444
2826.52	0.157479
2897.11	0.153418
2967.27	0.149374
3037.04	0.145415
3105.56	0.141594
3170.13	0.138009
3233.44	0.134616
3297.6	0.131306
3357.36	0.128235
3415.67	0.125426
3471.54	0.122717
3531.54	0.119846
3588.7	0.117208
3644.75	0.114688
3698.85	0.112297
3753.26	0.110006
3806.84	0.107806
3861.39	0.10565
3916.91	0.103522
3973.83	0.101425
4027.18	0.0995508
4083.83	0.0977739
4139.73	0.096317
4198.53	0.0950667
4258.15	0.0958016
4318.18	0.10096
4378.65	0.121332
4443.7	0.179818
4526.88	0.287527
4592.1	0.369106
4674.53	0.407309
4746.57	0.4421
4818.67	0.472827
4887.07	0.502813
4953.51	0.532249
5004.34	0.553696
5066.48	0.580785
5126.71	0.603239
5187.03	0.63497
5244.74	0.689593
5298.54	0.766981
5293.25	0.559409
5289.08	0.375455
5286.51	0.236442
2536.2	0.17186
2536.04	0.171221
2535.65	0.170068
2609.85	0.168275
2682.87	0.165203
2754.94	0.161487
2826.5	0.157477
2897.71	0.153367
2968.8	0.14926
3040.33	0.145195
3113.62	0.141154
3174.36	0.137724
3236.02	0.134495
3296.55	0.131369
3358.84	0.128172
3418.56	0.125203
3478.74	0.122322
3532.46	0.119787
3586.74	0.117311
3643.23	0.114761
3695.65	0.112431
3751.55	0.110119
3803	0.108004
3858.13	0.105864
3913.57	0.103749
3965.72	0.101752
4023.94	0.0997503
4081.69	0.0981446
4139.91	0.0975668
4199.81	0.0997385
4261.25	0.10754
4323.11	0.121085
4383.2	0.161615
4457.45	0.270153
4534.32	0.325245
4604.83	0.371164
4674.96	0.404911
4738.1	0.439853
4816.93	0.466505
4886.69	0.495114
4951.76	0.525057
5012.67	0.55568
5067.7	0.577444
5126.14	0.601208
5184.81	0.633053
5240.98	0.688506
5293.73	0.767254
5288.55	0.557837
5284.8	0.366381
5282.43	0.227909
2535.85	0.171892
2535.69	0.171255
2535.34	0.170101
2609.11	0.168308
2682.24	0.165235
2754.71	0.161504
2826.67	0.15747
2898.26	0.153336
2969.74	0.149207
3041.67	0.145122
3115.51	0.141065
3176.4	0.137632
3238.93	0.134303
3301.34	0.13107
3362.85	0.127946
3420.98	0.125042
3478.52	0.12228
3534.75	0.119633
3593.34	0.116985
3646.02	0.114664
3689.31	0.112738
3744.17	0.110477
3799.83	0.108188
3854.97	0.106007
3910.12	0.103922
3965.25	0.10203
4022.14	0.100661
4080.11	0.100999
4139.34	0.10667
4199.9	0.12703
4262.78	0.170502
4326.99	0.197078
4388.76	0.234848
4463.52	0.296502
4540.12	0.345772
4611.28	0.381636
4680.89	0.409055
4748.61	0.434638
4818.93	0.45837
4886.26	0.48544
4950	0.514601
5009.77	0.545426
5064.1	0.577169
5122.52	0.599216
5180.11	0.630104
5234.42	0.686113
5285.19	0.767536
5281.42	0.543142
5278.93	0.335904
5277.29	0.216199
2535.67	0.171906
2535.53	0.171268
2535.24	0.170112
2608.92	0.168317
2682.16	0.165243
2754.86	0.161504
2827.05	0.157462
2898.76	0.153327
2970.06	0.149214
3040.93	0.145188
3110.84	0.141296
3176.68	0.137634
3241.85	0.134146
3306.97	0.13078
3370.21	0.12756
3424.01	0.124861
3479.68	0.12223
3534.79	0.119677
3586.18	0.117262
3640.39	0.114836
3690.83	0.112599
3743.8	0.110382
3797.91	0.108172
3852.39	0.106004
3907.3	0.103893
3962.77	0.101909
4019.35	0.100444
4077.15	0.101637
4136.47	0.11624
4194.61	0.186158
4276.19	0.32405
4338.24	0.315864
4401.63	0.356105
4471.27	0.39144
4543.07	0.416522
4613.85	0.438714
4683.43	0.459164
4751.55	0.479069
4819.01	0.498021
4884.72	0.518027
4947.88	0.540712
5008.63	0.564956
5068.57	0.587564
5117.02	0.599456
5173.84	0.622213
5225.27	0.667423
5269.64	0.74203
5272.48	0.465274
5272.43	0.27354
5272.03	0.204046
2535.66	0.171903
2535.53	0.171265
2535.27	0.170108
2609.07	0.16831
2682.49	0.16523
2755.39	0.161484
2827.74	0.157436
2899.51	0.153299
2970.66	0.149194
3040.98	0.145185
3110.08	0.141309
3177.5	0.137587
3244.71	0.133993
3314.42	0.130433
3369.07	0.127577
3427.67	0.124703
3481.61	0.122079
3534.96	0.119587
3586.79	0.117191
3638.78	0.114867
3690.16	0.112619
3742.69	0.110413
3796.11	0.108232
3850.01	0.106085
3904.62	0.10398
3960.01	0.101951
4016.22	0.100176
4073.32	0.0995056
4133.33	0.103522
4195.7	0.123782
4263.56	0.170434
4332.91	0.195419
4393.73	0.227003
4469.16	0.288169
4542.3	0.339243
4613.64	0.374589
4683.83	0.403491
4751.49	0.431913
4817.92	0.460636
4882.66	0.489677
4945.21	0.519366
5005.51	0.549605
5063.95	0.578549
5120.78	0.602168
5171.71	0.626099
5223.37	0.683796
5272.77	0.76788
5269.09	0.520684
5267.5	0.293439
5266.69	0.203769
2535.79	0.171884
2535.67	0.171246
2535.42	0.170089
2609.52	0.168288
2683.21	0.165196
2756.33	0.161436
2828.84	0.157378
2900.73	0.153234
2971.91	0.149127
3042.09	0.145123
3110.86	0.141259
3178.4	0.137556
3244.94	0.134015
3309.59	0.130644
3370.59	0.127483
3436.01	0.124313
3484.18	0.121916
3536.79	0.11951
3587.43	0.117191
3638.03	0.11494
3688.67	0.112736
3741.08	0.110541
3794.32	0.108375
3847.52	0.106265
3901.89	0.104201
3957.25	0.102231
4013.14	0.100524
4067.48	0.0995411
4128.06	0.101101
4188.41	0.117816
4247.71	0.192462
4334.29	0.32743
4397.29	0.335798
4465.22	0.359703
4535.09	0.378383
4608.91	0.393837
4681.08	0.411854
4747.29	0.432105
4813.47	0.450371
4878.14	0.479012
4940.58	0.508822
5000.68	0.539565
5058.54	0.569839
5114.15	0.59573
5165	0.628892
5217.67	0.684674
5267.42	0.768021
5263.68	0.528855
5261.95	0.300066
5261.27	0.205723
2536.08	0.17185
2535.95	0.171212
2535.68	0.170055
2610.28	0.168248
2684.36	0.165137
2757.73	0.161358
2830.41	0.157282
2902.5	0.153123
2973.99	0.149003
3044.45	0.144991
3112.71	0.141142
3180.17	0.137459
3246.97	0.13394
3308.31	0.130705
3367.66	0.127665
3426.77	0.124758
3482.27	0.122039
3541.77	0.119301
3588.39	0.117147
3637.35	0.115004
3684.67	0.112922
3738.48	0.110645
3792.95	0.108432
3843.72	0.10641
3898.21	0.10435
3954.24	0.10236
4010.99	0.100688
4069.46	0.100246
4123.56	0.103176
4179.9	0.1154
4233.71	0.152662
4305.29	0.21287
4378.44	0.270977
4451.63	0.340803
4517.11	0.393972
4601.49	0.426987
4677.46	0.456759
4751.79	0.481944
4805.37	0.483488
4871.01	0.506862
4933.82	0.532807
4994.2	0.559358
5052.55	0.584477
5109.66	0.605467
5165.88	0.637089
5208.81	0.670763
5253.82	0.743861
5256.12	0.454069
5256.17	0.267724
5256.01	0.208629
2536.51	0.1718
2536.37	0.17116
2536.09	0.170005
2611.47	0.168188
2686.11	0.165052
2759.69	0.161248
2832.41	0.157152
2904.69	0.152969
2976.94	0.148808
3048.86	0.144745
3115.2	0.140956
3182.47	0.137284
3254.34	0.133549
3308.96	0.130667
3364.94	0.127841
3421.14	0.125079
3476.41	0.122411
3531.63	0.119829
3583.76	0.117421
3635.48	0.115115
3688.15	0.112841
3735.62	0.110822
3783.49	0.10884
3840.18	0.106612
3893.2	0.104478
3950.82	0.10231
4007.19	0.100294
4063.43	0.0985165
4119.74	0.0972807
4177.29	0.0976927
4236.7	0.103082
4302.04	0.120468
4367.11	0.156496
4436.31	0.25363
4518.91	0.346095
4596.97	0.393715
4671.4	0.422972
4734.62	0.448151
4798.96	0.467473
4863.31	0.494302
4926.43	0.522156
4987.12	0.551171
5045.83	0.579332
5103.7	0.60223
5160.4	0.635872
5213.61	0.696619
5258.74	0.768013
5254.45	0.53352
5252.48	0.306752
5251.24	0.209788
2537.09	0.171731
2536.97	0.171089
2536.7	0.169932
2613.31	0.168102
2688.77	0.164933
2762.36	0.161109
2834.69	0.157011
2906.73	0.152816
2980.03	0.148569
3058.68	0.14418
3116.61	0.140827
3180.02	0.137444
3244.57	0.134092
3305.35	0.130946
3361.64	0.128056
3416.92	0.125328
3470.85	0.122723
3526.4	0.120071
3580.02	0.1176
3632.56	0.115252
3685.54	0.112966
3732.59	0.110953
3779.48	0.108962
3838.31	0.106637
3895.75	0.1044
3949.46	0.102385
4004.5	0.100395
4058.4	0.0984937
4115.78	0.0965557
4173.62	0.0951819
4233.19	0.0954537
4295.5	0.102073
4360.7	0.13179
4424.49	0.222474
4513.34	0.337704
4589.01	0.388524
4665.05	0.419909
4720.87	0.437699
4797.4	0.461331
4852.45	0.484053
4917.4	0.512593
4978.55	0.542818
5037.59	0.572481
5096	0.596817
5153.34	0.625323
5206.54	0.679112
5251.67	0.767793
5250.35	0.510339
5247.91	0.31343
5246.25	0.213541
2537.8	0.171648
2537.75	0.170997
2537.6	0.169827
2616.21	0.167967
2693.18	0.164744
2766.15	0.160925
2837.08	0.156899
2907.34	0.152826
2977.59	0.148782
3047.56	0.144835
3111.7	0.141177
3175.75	0.137673
3240.73	0.134228
3308.88	0.130737
3360.06	0.128064
3414.32	0.125409
3470.07	0.122754
3523.2	0.120251
3577.54	0.117798
3629.44	0.115505
3679.74	0.113284
3731.21	0.111038
3783.91	0.108833
3838.39	0.106664
3893.67	0.10453
3948.57	0.102465
4003.58	0.100473
4057.89	0.0985949
4112.6	0.0969056
4169.52	0.096122
4228.06	0.0981381
4285.84	0.11156
4351.01	0.182027
4418.5	0.254057
4501.22	0.318944
4580.41	0.363115
4653.68	0.402998
4725.4	0.433316
4783.74	0.452482
4845.04	0.481623
4907.65	0.512629
4968.2	0.54458
5027.18	0.575172
5086.8	0.599184
5145.7	0.630141
5201.23	0.685794
5252.42	0.76755
5247.05	0.552032
5243.19	0.354453
5240.86	0.224579
2538.57	0.171559
2538.64	0.170892
2538.81	0.169682
2620.64	0.167736
2701.44	0.16436
2771.81	0.160605
2840	0.156731
2907.79	0.15282
2975.26	0.148939
3042.08	0.145145
3106.73	0.141497
3170.4	0.138002
3233.59	0.134635
3295.86	0.131407
3352.94	0.128449
3409.23	0.125656
3465.73	0.122938
3519.84	0.120434
3571.5	0.118013
3627.6	0.115501
3681.55	0.113131
3735.64	0.110838
3785.9	0.108742
3837.71	0.106665
3892.82	0.104554
3948.26	0.102478
4003.84	0.100487
4059.02	0.09869
4109.51	0.0974727
4163.94	0.0976179
4221.41	0.101488
4286.04	0.116681
4343.86	0.134267
4405.44	0.185347
4479.22	0.288177
4567.82	0.360361
4636.42	0.410421
4714.8	0.443245
4785.43	0.474431
4842.41	0.495314
4895.52	0.516349
4955.68	0.548792
5013.53	0.579762
5075.56	0.602199
5136.55	0.633716
5194.08	0.688712
5247.44	0.767441
5241.52	0.562395
5236.99	0.378176
5234.6	0.238859
2539.3	0.171482
2539.42	0.170802
2539.97	0.16954
2625.97	0.167407
2720	0.163402
2779.53	0.160079
2843.15	0.156489
2908.37	0.152769
2973.42	0.149037
3038.62	0.14534
3102.56	0.141756
3165.39	0.138308
3227.23	0.134997
3287.94	0.131829
3346.53	0.128802
3403.92	0.12598
3458.72	0.123268
3516.59	0.12055
3573.17	0.117945
3628.14	0.115471
3683.51	0.113081
3740.7	0.110708
3786.9	0.108734
3832.42	0.106848
3891.99	0.104559
3948.49	0.102417
4005.87	0.100387
4058.6	0.0987519
4110.56	0.0976198
4163.35	0.0976295
4223.68	0.102432
4275.31	0.12138
4339.7	0.17772
4407.07	0.241362
4488.71	0.318986
4564.25	0.370609
4632.12	0.41283
4706.04	0.44475
4774.01	0.475882
4838.62	0.506757
4887.42	0.530815
4941.92	0.552615
4993.32	0.585004
5062.38	0.604867
5125.8	0.635917
5184.8	0.690129
5239.28	0.767472
5233.47	0.564404
5228.77	0.388391
5226.32	0.246908
2539.91	0.171429
2539.8	0.170775
2539.69	0.169587
2623.12	0.167622
2705.94	0.164153
2780.16	0.160185
2843.64	0.15649
2908.95	0.152798
2971.16	0.149201
3036.96	0.145444
3100.02	0.141894
3161.86	0.138487
3222.62	0.135199
3283.31	0.132079
3340.3	0.12907
3399.1	0.126118
3456.55	0.123286
3515.3	0.120502
3577.46	0.117683
3628.3	0.115358
3683.62	0.11303
3741.49	0.110663
3791.53	0.108564
3842.44	0.106542
3894.89	0.104525
3948.68	0.102546
4000.09	0.100696
4052.45	0.099048
4109.98	0.0980791
4166.45	0.0989911
4225.03	0.103387
4283.08	0.116725
4343.96	0.154269
4410.8	0.245996
4491.94	0.341768
4562.67	0.393433
4630.1	0.432271
4697.3	0.464652
4760.94	0.48203
4826.32	0.50969
4886.89	0.538306
4930.81	0.555982
4988.92	0.584718
5051.65	0.605553
5114.29	0.636933
5173.71	0.690957
5228.74	0.767641
5223.09	0.564638
5218.39	0.392511
5215.88	0.250704
2540.65	0.171372
2540.19	0.170752
2539.33	0.169644
2620.74	0.167785
2700.31	0.164484
2775.1	0.160591
2844.02	0.156621
2911.15	0.152701
2977.44	0.148827
3037.87	0.145324
3098.54	0.141952
3157.85	0.138733
3220.05	0.135344
3279.87	0.132193
3337.34	0.129185
3395.57	0.126257
3453.07	0.123435
3510.64	0.120697
3569.64	0.117999
3621.99	0.115583
3680.1	0.113104
3744.5	0.110482
3793.56	0.108436
3845.16	0.106413
3899.12	0.10447
3948.97	0.102746
4002.86	0.101259
4055.78	0.101637
4111.42	0.107275
4168	0.120815
4226.75	0.13953
4285.67	0.172224
4344.45	0.23863
4419.84	0.339445
4493.23	0.394643
4556.46	0.402763
4622.47	0.428286
4675.38	0.450516
4749.39	0.471256
4814.96	0.499499
4874.85	0.530362
4928.53	0.563566
4977.75	0.584849
5037.91	0.60627
5100.79	0.637884
5160.64	0.691758
5216.06	0.767964
5210.51	0.564553
5205.86	0.393968
5203.33	0.252118
2541.87	0.171271
2541	0.170684
2539.39	0.169631
2620.1	0.167813
2699.33	0.164538
2775.76	0.160603
2846	0.15656
2914.01	0.152565
2974.82	0.148956
3036.01	0.145477
3099.65	0.141878
3163.48	0.138379
3219.73	0.135301
3278.66	0.132262
3333.52	0.1294
3392.72	0.126421
3449.49	0.123641
3504.61	0.121001
3557.79	0.118507
3610.09	0.116102
3670.54	0.113532
3732.08	0.110967
3789.14	0.108576
3846.65	0.106325
3909.22	0.104405
3958.77	0.103824
4007.33	0.106385
4056.73	0.119652
4110.87	0.162622
4164.56	0.213513
4224.82	0.268616
4289.5	0.329072
4350.73	0.360982
4418.14	0.386577
4482.2	0.402988
4546.32	0.420687
4608.24	0.444096
4674.19	0.465661
4741.02	0.48609
4804.58	0.512598
4864.99	0.541621
4924.26	0.570438
4973.12	0.591158
5018.3	0.608891
5085.08	0.639201
5145.65	0.692644
5201.28	0.768457
5195.83	0.564367
5191.29	0.393736
5188.74	0.251837
2543.98	0.171097
2542.54	0.170542
2539.94	0.169541
2620.8	0.167738
2700.98	0.164409
2782.44	0.160232
2850.05	0.156315
2910.81	0.152754
2975.21	0.148977
3037.95	0.14535
3100.39	0.141824
3161.71	0.13844
3220.78	0.135231
3280.09	0.13213
3339.21	0.129105
3392.2	0.126448
3447.56	0.123806
3500.52	0.12126
3546.92	0.11906
3590.18	0.117018
3660.13	0.114041
3724.46	0.111299
3784.72	0.10876
3843.63	0.106387
3902.57	0.104177
3957.88	0.102312
4009.15	0.101434
4062.35	0.104312
4114.49	0.11673
4165.58	0.152484
4222.65	0.202397
4276.14	0.212285
4338.79	0.253299
4410.33	0.328165
4473.62	0.358813
4535.91	0.385386
4592.83	0.41932
4666.69	0.442592
4732.93	0.469494
4794.74	0.498746
4853.36	0.529308
4910.2	0.559479
4961.93	0.588013
5018.88	0.611569
5070.28	0.639627
5129.24	0.693043
5184.33	0.769142
5179.05	0.563514
5174.79	0.390984
5172.28	0.24914
2547.54	0.170826
2545.24	0.170312
2541.03	0.169389
2622.07	0.167652
2701.2	0.164429
2777.69	0.160534
2847.76	0.156529
2912.9	0.152657
2977.06	0.148879
3040.01	0.14523
3102.03	0.141719
3162	0.138393
3221.41	0.135191
3281.55	0.132053
3336.47	0.129214
3393.18	0.126428
3446.18	0.123887
3496.5	0.121441
3549.19	0.118941
3601.69	0.116566
3655.54	0.114173
3721.22	0.111425
3782.08	0.108867
3841.12	0.106468
3900.2	0.104191
3961.77	0.10208
4009.71	0.10091
4060.82	0.101103
4110.87	0.102293
4167.67	0.11051
4217.58	0.13129
4273.44	0.184217
4332.4	0.226916
4392.23	0.238484
4453.95	0.266105
4529.2	0.333599
4595.28	0.385622
4661.54	0.425495
4724.45	0.459585
4783.69	0.49326
4839.59	0.527931
4898.22	0.559792
4957.04	0.587819
5006.19	0.607601
5063.4	0.642458
5110.4	0.693319
5164.24	0.770001
5160.12	0.557227
5156.66	0.381766
5154.28	0.242372
2553.4	0.170444
2549.86	0.169969
2543.16	0.169115
2625.1	0.167422
2703.9	0.16424
2779.21	0.160397
2850.2	0.156369
2915.77	0.152474
2979.92	0.148708
3042.79	0.14506
3105.51	0.141488
3162.65	0.138336
3221.13	0.135236
3278.06	0.132235
3335.33	0.129327
3388.04	0.126625
3445.82	0.123807
3500.53	0.121165
3555.12	0.118621
3609.49	0.116168
3662.47	0.113822
3723.08	0.111294
3781.64	0.10887
3839.11	0.106552
3895.97	0.10434
3951.68	0.10229
4004.25	0.100532
4056.68	0.0992237
4109.35	0.0989067
4162.9	0.100957
4217.81	0.108351
4267.66	0.119422
4323.83	0.123608
4384.8	0.136592
4441.38	0.175629
4519.09	0.283439
4589.67	0.365244
4653.53	0.412408
4714.47	0.449997
4771.47	0.48615
4819.2	0.521572
4882.95	0.549398
4939.7	0.577381
4990.3	0.601143
5046.43	0.629533
5098.7	0.679966
5138.46	0.75267
5139.67	0.522726
5137.66	0.359836
5135.46	0.232366
2562.8	0.169954
2557.65	0.169504
2547.39	0.168674
2631.13	0.166984
2709.94	0.163811
2784.84	0.159972
2857.88	0.155822
2919.85	0.152141
2983.84	0.148467
3045.48	0.144938
3104.84	0.141526
3162.74	0.138308
3221.57	0.135215
3278.25	0.13217
3336.01	0.129196
3391.87	0.126363
3448.46	0.123602
3504.66	0.120924
3561.31	0.118313
3618.8	0.115754
3674.81	0.113279
3727.27	0.111078
3782.68	0.10884
3838.22	0.10663
3893.52	0.104478
3947.07	0.102356
4000.24	0.100404
4052.78	0.0986444
4104.38	0.0973638
4155.61	0.0966316
4211.95	0.095248
4267.22	0.0963843
4326.22	0.10548
4377.89	0.134434
4430.21	0.189214
4511.79	0.308346
4581.57	0.382485
4641.58	0.413088
4702.93	0.446121
4757.25	0.477868
4813.91	0.511135
4871.18	0.544105
4926.28	0.575478
4981.57	0.600542
5028.89	0.628595
5080.58	0.684194
5128.76	0.769279
5122.11	0.551537
5119.01	0.360022
5116.74	0.233856
2577.34	0.169366
2570.54	0.168927
2557.24	0.168028
2641.98	0.166268
2719.7	0.163171
2792.15	0.159506
2857.07	0.155794
2925.3	0.151825
2991.21	0.14799
3047.7	0.144719
3104.33	0.141528
3165.26	0.13816
3224.02	0.13499
3281.4	0.131945
3338.44	0.129008
3394.86	0.126173
3451.4	0.123418
3508.31	0.120724
3566.7	0.118052
3629.67	0.115315
3674.58	0.113243
3729.44	0.110951
3783.92	0.108716
3838.01	0.106544
3891.99	0.104435
3944.41	0.102413
3997.73	0.100464
4048.29	0.098717
4100.75	0.0968242
4153.47	0.0951386
4208.16	0.0936866
4263.63	0.0937747
4319.11	0.100854
4373.07	0.136782
4432.82	0.251156
4499.54	0.313216
4565.56	0.356492
4630.16	0.393657
4690.94	0.431139
4748.16	0.466808
4803.89	0.502031
4858.14	0.536459
4910.37	0.569351
4961.01	0.596724
5007.47	0.631557
5060.09	0.689659
5110.21	0.772538
5103.3	0.571213
5099.63	0.424871
5096.88	0.269239
2598.67	0.168666
2589.89	0.168281
2570.19	0.167432
2659.33	0.165538
2737.41	0.162233
2806.76	0.158572
2873.76	0.154726
2932.82	0.151315
2989.53	0.148005
3051.87	0.144442
3110.87	0.141099
3169.72	0.137857
3227.63	0.134736
3284.7	0.131728
3341.29	0.128825
3397.58	0.126014
3453.87	0.123282
3510.44	0.120618
3567.53	0.118013
3624.84	0.11548
3677.86	0.113119
3732.25	0.110828
3785.9	0.108612
3838.4	0.106492
3892.64	0.104395
3941.57	0.102533
3990.44	0.100673
4044.57	0.0987221
4098.02	0.0968429
4150.63	0.0951308
4204.95	0.0939641
4261.22	0.096195
4313.4	0.10956
4367.99	0.149679
4424.61	0.147487
4480.11	0.199172
4554.58	0.316898
4615.17	0.377386
4676.6	0.421156
4735.7	0.458823
4791.19	0.495181
4843.67	0.531341
4893.64	0.566678
4942.41	0.59658
4992.12	0.631781
5036.23	0.690709
5084.35	0.774499
5076.51	0.580408
5071.97	0.430026
5070.12	0.276113
2628.73	0.167739
2620.11	0.16741
2591.71	0.166621
2687.55	0.164325
2763.65	0.16081
2823.49	0.157552
2879.41	0.154281
2941.4	0.150719
3000.07	0.147307
3059.15	0.143944
3117.29	0.140682
3174.89	0.137521
3231.85	0.134465
3288.25	0.131509
3344.28	0.128647
3400.12	0.12587
3455.97	0.123169
3511.97	0.120535
3568.15	0.117966
3624.38	0.115464
3679.96	0.113042
3736.07	0.110694
3789.41	0.108476
3837.53	0.106534
3885.68	0.104642
3938.37	0.102611
3989.48	0.100684
4042.5	0.0987853
4097.25	0.0969117
4147.35	0.0953295
4201.14	0.0940678
4251.84	0.0930895
4308.1	0.0928109
4363.73	0.0967844
4419.54	0.102779
4475.11	0.136363
4533.52	0.242032
4607.06	0.354656
4658.03	0.410516
4721.75	0.447889
4777.28	0.484729
4828.25	0.522006
4875.76	0.559029
4920.64	0.591659
4963.41	0.626121
5003.91	0.689872
5049.68	0.776398
5045.15	0.577863
5042.8	0.419023
5041.07	0.263772
2667.35	0.166445
2670.05	0.165987
2681.76	0.164957
2735.31	0.162326
2787.97	0.159452
2841.82	0.156377
2896.28	0.153194
2953.03	0.149917
3009.95	0.146648
3067.12	0.143419
3124.01	0.140256
3180.43	0.137176
3236.38	0.134187
3291.94	0.131289
3347.25	0.128476
3402.5	0.125739
3457.81	0.123071
3513.24	0.120467
3568.73	0.117924
3624.65	0.115433
3681.68	0.112967
3742.9	0.110449
3786.12	0.10859
3837	0.106536
3887.89	0.10455
3937.43	0.102638
3987.43	0.100775
4039.66	0.0989397
4090.93	0.0971277
4144.88	0.0952276
4197.96	0.0934876
4250.48	0.0918658
4304.61	0.0905177
4359.23	0.0902549
4414	0.0936394
4468.77	0.112853
4521.16	0.180033
4595.23	0.305515
4654.03	0.380292
4710.5	0.427135
4763.49	0.466179
4812.7	0.503861
4858.06	0.541619
4899.11	0.577902
4933.11	0.608046
4967.37	0.644082
5000.46	0.674544
5010.88	0.542211
5014.03	0.375241
5013.31	0.223079
2703.17	0.164899
2710.86	0.164262
2729.79	0.162925
2766.68	0.160708
2810.89	0.158098
2859.34	0.155246
2910.61	0.152246
2964.27	0.149154
3019.3	0.146028
3075.09	0.14291
3130.92	0.139834
3186.18	0.13683
3241.03	0.13391
3295.65	0.131073
3350.08	0.128316
3404.63	0.125626
3459.41	0.122994
3514.39	0.120419
3568.85	0.117921
3623.88	0.115482
3679.35	0.113091
3735.04	0.110757
3787.64	0.108553
3836.93	0.106556
3892.01	0.10446
3936.73	0.102728
3979	0.101073
4037.4	0.0989904
4091.69	0.0970443
4144.52	0.095195
4196.74	0.093448
4249.06	0.0918314
4302.26	0.0906061
4356.14	0.0909499
4409.44	0.0969416
4462.76	0.122488
4513.46	0.197023
4583.68	0.321493
4644.2	0.392497
4696.72	0.417567
4748.72	0.4534
4797.07	0.484788
4841.72	0.513826
4880.63	0.54131
4914.53	0.566605
4944.66	0.58195
4969.79	0.572436
4983.9	0.465446
4989.62	0.282818
4992.53	0.189961
2731.19	0.163432
2740.29	0.16272
2759.71	0.161336
2790.54	0.159339
2829.38	0.156946
2873.81	0.154289
2922.3	0.151453
2973.87	0.148498
3027.64	0.145477
3082.76	0.142434
3138.1	0.139419
3192.09	0.136486
3245.66	0.13364
3299.31	0.130864
3352.58	0.12818
3406.37	0.125544
3460.68	0.122945
3515.96	0.120367
3568.4	0.117948
3622.72	0.115574
3676.94	0.113241
3730.52	0.110979
3780.52	0.108856
3834.12	0.106663
3886.66	0.104598
3936.19	0.102664
3985.75	0.100786
4040.17	0.0988462
4095	0.0969236
4146	0.0951376
4196.82	0.0934714
4248.31	0.0920345
4300.88	0.0916625
4355.11	0.0970121
4405.39	0.117231
4456.35	0.174697
4510.29	0.224817
4571.39	0.265836
4627.5	0.284721
4684.79	0.323609
4735.71	0.37171
4783.42	0.410475
4827.64	0.441025
4865.96	0.465852
4898.79	0.484241
4926.61	0.487113
4949.22	0.452658
4963.66	0.342149
4969.88	0.197425
4975.35	0.151711
2749.98	0.162307
2759.26	0.161584
2778.06	0.160231
2806.2	0.158361
2842.07	0.156113
2884.01	0.153592
2930.65	0.150869
2981.02	0.148
3034.34	0.145028
3089.92	0.141995
3146.37	0.13897
3198.13	0.136141
3249.95	0.133389
3303.13	0.130635
3354.34	0.128087
3407.39	0.125521
3460.84	0.122982
3513.7	0.120505
3568.01	0.117974
3621.95	0.115565
3675.54	0.113236
3728.48	0.110982
3780.37	0.108808
3832.79	0.106685
3884.87	0.10463
3936.28	0.10264
3988.42	0.100686
4043.48	0.0987126
4103.23	0.0966631
4148.89	0.095068
4197.61	0.0935598
4247.97	0.0922801
4299.33	0.0916293
4348.17	0.0914689
4403.01	0.0937193
4457.23	0.105553
4512.22	0.125382
4568.34	0.141142
4622.77	0.151436
4674.94	0.174322
4720.59	0.213769
4768.39	0.263788
4815.61	0.31037
4854.11	0.335691
4886.63	0.348239
4913.76	0.341696
4936.43	0.308379
4948.24	0.210144
4958.66	0.148976
4963.73	0.11481
2759.35	0.16169
2768.56	0.160973
2786.91	0.159651
2813.93	0.157844
2848.49	0.155671
2889.26	0.153219
2935.03	0.150551
2984.94	0.147713
3038.49	0.144731
3095.92	0.141607
3159.04	0.138291
3203.83	0.135811
3252.63	0.133275
3300.42	0.130762
3354.18	0.128093
3407.56	0.125488
3460.92	0.122933
3514.22	0.120427
3567.95	0.117957
3621.59	0.115559
3674.91	0.113235
3727.73	0.110985
3780	0.108808
3832.22	0.106695
3884.28	0.10464
3936.29	0.102638
3988.98	0.100675
4043.01	0.0987346
4097.5	0.0968326
4147.35	0.095077
4196.88	0.0934246
4247.07	0.0918439
4297.86	0.0903677
4348.83	0.0890514
4402.17	0.0883113
4456.41	0.0892912
4511.33	0.0928392
4566.42	0.0976008
4620.32	0.102382
4672.13	0.112003
4720.47	0.131573
4766.75	0.154759
4809.78	0.178833
4847.08	0.201639
4878.59	0.214682
4905.05	0.21487
4926.71	0.194847
4942.75	0.153289
4952.9	0.113236
4957.72	0.0921484
4112.08	0.0963313
4149.28	0.0950944
4197.76	0.0936582
4248.11	0.0926326
4300.03	0.0932971
4339.26	0.0986131
4358.88	0.10706
4404.61	0.132777
4454.02	0.216051
4509.98	0.370707
4571.26	0.432924
4623.51	0.465958
4648.6	0.526571
4695.33	0.529423
4748.14	0.55876
4796.56	0.578695
4841.51	0.596562
4880.07	0.610994
4901.21	0.625209
4930.51	0.625874
4943.94	0.643845
2639.86	0.166923
2691.83	0.164626
2743.74	0.162007
2768.85	0.160477
2829.48	0.157173
2900.15	0.153245
2947.27	0.150546
2970.52	0.149044
3030.12	0.145742
3098.16	0.142042
3145.31	0.139442
3170.78	0.137884
3230.91	0.134763
3297.38	0.131397
3342.05	0.129125
3368.02	0.127683
3427.93	0.124846
3492.19	0.121873
3531.19	0.120006
3555.89	0.118732
3610.82	0.116301
3666.74	0.113861
3696.87	0.11251
3712.31	0.111756
3658.59	0.114166
3683.62	0.11301
3733.96	0.11093
3787.44	0.10881
3834.57	0.106854
3887.44	0.104815
3936.86	0.10296
3987.61	0.101216
4025.13	0.0999925
4045.06	0.0991824
4092.5	0.0980236
4145.25	0.097947
4198.61	0.101253
4244.53	0.111832
4294.16	0.131158
4351.29	0.16138
4408.99	0.252846
4480.12	0.327092
4490.29	0.374545
4285.12	0.518602
4338.55	0.530771
4401.82	0.543351
4471.16	0.551822
4542.71	0.558877
4613.47	0.567787
4683.05	0.576647
4751.24	0.585275
4818.65	0.592639
4884.4	0.600286
4947.56	0.617243
5008.37	0.633074
5067.62	0.645126
5117.02	0.668317
5173.28	0.67564
5224.48	0.687112
5266.74	0.692935
5269.53	0.500834
4286.65	0.13704
4321.42	0.218987
4341.59	0.380214
4377.1	0.413835
4436.5	0.469871
4492.05	0.511431
4545.55	0.542634
4571.89	0.570132
4604.56	0.570486
4661.99	0.586283
4718.17	0.599464
4777.12	0.609504
4801.63	0.637139
4832.35	0.637272
4883.3	0.67048
4930.69	0.698952
4980.71	0.711033
5011.66	0.714931
5043.35	0.714304
5086.12	0.732884
5089.89	0.554352
5089.03	0.44947
3692.92	0.112608
3716.47	0.111558
3734.56	0.11076
3770.41	0.1093
3824.39	0.107172
3877.21	0.105092
3931.53	0.103054
3967.87	0.101709
3988.85	0.10084
4039.88	0.0990927
4096.9	0.0972925
4143.08	0.096224
4190.24	0.0967996
4210.69	0.100351
4252.23	0.105006
4310.74	0.120018
4367.88	0.165628
4433.82	0.302593
4482.38	0.353217
4514.4	0.374287
4552.6	0.377815
2764.18	0.161023
2780.39	0.160024
2801.91	0.158755
2843.36	0.156457
2909.1	0.152786
2967.85	0.149446
2991.96	0.147882
3037.01	0.145353
3098.81	0.141949
3153.56	0.13902
3175.09	0.137669
3219.13	0.135326
3278.83	0.132267
3328.66	0.129728
3348.44	0.128588
3391.67	0.126477
3447.78	0.123816
3493.57	0.121663
3506.27	0.120929
3548.73	0.11897
3602.01	0.116584
3644.72	0.114748
3653.17	0.114303
3400.19	0.126023
3443.85	0.123899
3502.47	0.121187
3562.4	0.118477
3622.04	0.115838
3677.89	0.113366
3731.72	0.111064
3784.03	0.108894
3840.02	0.106684
3885.97	0.104822
3934.16	0.102977
3984.61	0.101211
4035.27	0.0997477
4087.59	0.0992573
4141.01	0.101753
4184.11	0.109339
4203.62	0.117195
4246.55	0.138745
4293.12	0.18793
4327.58	0.217736
3685.55	0.112778
3726.73	0.111047
3775.27	0.109071
3824.96	0.107089
3875.21	0.10513
3925.99	0.103207
3968.51	0.101635
3986.86	0.100891
4026.57	0.0995398
4078.08	0.098122
4129.35	0.0977751
4180.79	0.101572
4232.1	0.120975
4280.21	0.192279
4330.72	0.34396
4388.78	0.402394
4449.63	0.426135
4499.07	0.432927
4522.53	0.451974
4566.98	0.453137
4618.81	0.459718
4653.08	0.461927
3504.91	0.121084
3549.3	0.119004
3604.47	0.116541
3658.97	0.114136
3713.11	0.111825
3746.91	0.110383
3768.01	0.109405
3818.36	0.107429
3872.96	0.105329
3927.57	0.103302
3981.67	0.101462
4033.69	0.10016
4080.89	0.10045
4139.1	0.105409
4195.78	0.12402
4249.7	0.17617
4303.83	0.290502
4325.67	0.382792
4377.59	0.389567
4445.84	0.396558
4495.76	0.399041
3636.77	0.114986
3670.13	0.113553
3684.12	0.112864
3724.98	0.111137
3774.4	0.109115
3824.3	0.107111
3874.59	0.105137
3925.11	0.103202
3975.66	0.101315
4026.92	0.0994852
4078	0.0977727
4112.11	0.0967432
4129.54	0.0961104
4173.76	0.0949994
4223.37	0.0946731
4273.82	0.0963582
4322.16	0.099524
4370.43	0.101187
4417.66	0.10741
4458.49	0.11458
2952.47	0.150183
2999.26	0.147453
3061.69	0.143936
3125.29	0.140416
3189.02	0.136969
3252.5	0.133623
3315.44	0.130388
3377.54	0.127273
3438.49	0.124286
3498.36	0.121431
3557.13	0.118706
3614.37	0.116116
3668.23	0.11371
3724.66	0.11131
3781.6	0.108978
3836.37	0.106763
3884.75	0.104824
3929.2	0.103139
3948.49	0.102403
4053.24	0.0984446
4071.32	0.0977858
4086.26	0.0973555
4125.42	0.096323
4146.74	0.0967388
4176.41	0.0967939
4215.66	0.102534
4233.87	0.109588
4274.16	0.141211
4285.86	0.208761
4330.72	0.309757
4367.49	0.354971
4396.84	0.366672
4447.34	0.392284
4468.03	0.434715
4519.31	0.439275
4545.66	0.477178
4589.37	0.478035
4633.75	0.490515
4661.88	0.510684
4709.71	0.51554
4729.15	0.551674
4773.71	0.553609
4808.62	0.558341
4846.68	0.55769
4892.45	0.562255
4909.67	0.562644
3871.22	0.105389
3886.78	0.104696
3930.8	0.103042
3979.44	0.101304
4028.27	0.0997856
4049.48	0.0993503
4083.99	0.0986166
4134.72	0.0996494
4187.52	0.109875
4235.13	0.155078
4254.41	0.26597
4293.82	0.320695
4354.8	0.396716
4421.44	0.427586
4487.69	0.441323
4516.59	0.460411
4550.18	0.460173
4622.35	0.500334
4687.17	0.516628
4747.75	0.528133
4779.77	0.531094
4809.75	0.531856
4856.04	0.535305
2585.06	0.167381
2598.55	0.167233
2642.04	0.166182
2719.36	0.163166
2792.15	0.159508
2847.71	0.156418
2867.73	0.155092
2919.32	0.152145
2983.68	0.148474
3045.91	0.144941
3085.13	0.142695
3107.88	0.141293
3162.53	0.138342
3221.21	0.135241
3276.18	0.132396
3299.71	0.131075
3335.87	0.129233
3392.91	0.12646
3446.49	0.123894
3489.27	0.12187
3505.74	0.120981
3546.35	0.119105
3583.26	0.117401
3643.99	0.114651
3664.83	0.113717
3680.59	0.112986
3727.17	0.111095
3782.69	0.108864
3838.23	0.106666
3893.81	0.104557
3923	0.103478
3951.25	0.10237
4004.2	0.100678
4056.73	0.0996082
4109.86	0.100589
4158.5	0.107876
4177.78	0.122167
4216.87	0.142215
4271.24	0.207447
4332.09	0.322952
4393.49	0.35934
4446.35	0.379973
4475.97	0.411939
4535.06	0.414378
4575.12	0.419971
4104.62	0.0969324
4113.83	0.0968361
4146.62	0.0962402
4189.44	0.0979955
4206	0.103734
4244.29	0.115096
4285.41	0.162376
4296.27	0.267518
4345.85	0.347357
4401.57	0.37874
4428.46	0.434863
4494.67	0.443867
4542.31	0.454157
4558.44	0.468475
4616.48	0.476033
4641.89	0.503355
4669.95	0.503215
4721.21	0.509845
4736.08	0.538683
4768.13	0.539157
4816.03	0.544142
4828.41	0.57764
4865.19	0.578395
4905.25	0.5835
4912.59	0.597476
4939.28	0.597913
3071.08	0.143341
3116.69	0.140803
3180.1	0.137445
3244.27	0.134119
3304.96	0.130982
3361.51	0.128084
3416.87	0.125361
3469.2	0.122876
3491.86	0.121731
3522.86	0.120257
3577.25	0.117838
3629.3	0.115528
3679.83	0.113292
3731.32	0.111052
3784.06	0.108852
3838.46	0.10669
3893.65	0.104568
3948.59	0.102518
4003.68	0.100571
4055.08	0.0989441
4075.41	0.0985449
4107.38	0.09782
4131.21	0.09793
3350.64	0.128614
3366.79	0.127715
3382.84	0.126838
3423.63	0.124874
3479.66	0.122246
3535.4	0.119689
3572.65	0.117992
3595.27	0.116875
3646.08	0.114675
3690.44	0.112702
3742.08	0.110626
3764.77	0.109588
3802.38	0.108047
3858.15	0.105891
3914.2	0.103775
3956.46	0.102219
3977.65	0.101318
4026.92	0.0996318
4083.86	0.0979459
4138.97	0.0970771
4164.71	0.0982903
4197.32	0.0989412
4255.43	0.10515
4312.25	0.123015
4349.19	0.151
3587.73	0.117167
3592.29	0.116937
3628.75	0.115336
3683.84	0.113046
3740.9	0.110716
3791.56	0.108589
3842.57	0.106562
3895	0.104558
3948.6	0.102606
4001.23	0.100791
4042.9	0.0995875
4063.04	0.0989781
4110.06	0.0982558
4163.9	0.0994237
4223.03	0.107462
4275.43	0.138469
4337.28	0.237706
4407.14	0.371074
4488.05	0.39872
4563.4	0.407788
4603.1	0.412146
4613.99	0.410832
3751.21	0.11006
3783.65	0.10873
3801.66	0.107956
3837.54	0.106547
3880.37	0.104932
3897.77	0.104181
3941.7	0.102559
3978.6	0.10125
3999.36	0.10043
4048.07	0.0988687
4074.63	0.0984579
4104.38	0.0977718
4153.48	0.0992071
4174.26	0.106581
4217.22	0.116177
4258.59	0.169064
4275.92	0.277472
4332.32	0.346422
4381.31	0.384668
4411.18	0.424796
4473	0.435498
4505.21	0.449809
4546.06	0.449152
4605.72	0.451795
4632.62	0.451359
4663.73	0.451039
4674.07	0.450272
4678.22	0.454952
4717.57	0.455466
4736.4	0.474865
4779.79	0.475374
4797.13	0.509625
4838.27	0.51015
4850.49	0.544634
4884.55	0.545421
4897.13	0.57109
4928.5	0.571624
4941.9	0.593865
4975.16	0.594098
4986.61	0.62889
5015.96	0.630106
5033.34	0.659471
5067.78	0.660187
5079.57	0.704494
5108.09	0.705782
5114.69	0.751153
5135.63	0.752461
5128.51	0.747842
5121.57	0.606447
5109.56	0.60376
5107.85	0.597015
3895.15	0.104315
3937.58	0.10272
3965.5	0.101669
3988.35	0.100749
4039.81	0.0989672
4088.78	0.0973193
4109.69	0.0966399
4146.9	0.09552
4201.61	0.0948076
4245.19	0.0975977
4265.71	0.103818
4312.77	0.122017
4365.84	0.205371
4405.64	0.348456
4433.52	0.408981
4499.35	0.44017
4563.88	0.461257
4594.17	0.485068
4640.31	0.485335
4703.03	0.504438
4751.22	0.508662
4774.14	0.521348
4814.35	0.521971
3622.36	0.115666
3657.54	0.114116
3701.19	0.112299
3718.72	0.111484
3759.34	0.109844
3813.9	0.107689
3866.93	0.105562
3922.76	0.103456
3977.81	0.101467
4031.25	0.0997053
4080.55	0.0984508
4101.98	0.0980291
4140.77	0.0974384
4197.69	0.0990459
4255.44	0.106231
4312.2	0.129189
4364.05	0.201137
4438.27	0.331611
4518.4	0.354831
4548.53	0.369132
4578.8	0.369389
3637.31	0.115087
3680.41	0.113212
3706.55	0.112094
3733.69	0.110914
3788.76	0.108763
3816.79	0.107633
3840.94	0.10661
3886.25	0.104815
3915.79	0.103674
3936.27	0.102795
3984.04	0.101102
4017.16	0.10005
4037.24	0.0993739
4085.18	0.098308
4121.8	0.0982902
4141.63	0.0980722
4189.21	0.100286
4226.08	0.110394
4243.35	0.124966
4287.74	0.166838
4327.69	0.260356
4346.85	0.334231
4402.5	0.350273
4446.7	0.357962
4451.46	0.342571
3802.34	0.108035
3837.49	0.10662
3885.18	0.104767
3933.16	0.102961
3976.07	0.101433
3992.53	0.10084
4029.88	0.099619
4084.81	0.0981813
4139.4	0.0981694
4188.59	0.102622
4212.33	0.114207
4240.27	0.12353
4287.38	0.166434
4337.27	0.263769
4401.15	0.359743
4444.95	0.383017
4466.13	0.427241
4520.32	0.432236
4574.44	0.446418
4630.48	0.454393
4668.81	0.459756
4677.78	0.486045
4714.66	0.486859
4747.99	0.462018
4757.6	0.481093
4784.76	0.479375
4797.89	0.471482
4803.2	0.484803
4829.89	0.486363
4843.7	0.488141
4847.53	0.523677
4872.23	0.52605
4886.03	0.535614
4890.55	0.559767
4911.88	0.561655
4926.7	0.564722
4927.89	0.58824
4947.66	0.589698
4960.22	0.588136
4960.2	0.601254
4977.16	0.604376
4988.36	0.60158
4984.09	0.620761
4996.52	0.630711
5005.26	0.63172
4994.05	0.654881
5000.46	0.687425
5001.94	0.689086
3399.26	0.126006
3412.13	0.125342
3440.42	0.123979
3456.11	0.12322
3487.77	0.121757
3504.77	0.120947
3526.03	0.119982
3552.61	0.118771
3568.32	0.118055
3599.58	0.116685
3616.92	0.115904
3640.83	0.114895
3666.47	0.113784
3685.18	0.112943
3717.52	0.111598
3734.97	0.110851
3759.66	0.109884
3782.37	0.108955
3796.68	0.108372
3828.06	0.10713
3843.7	0.106419
3862.8	0.105637
3876	0.105056
3749.63	0.110227
3794.11	0.108439
3838.01	0.106783
3851.88	0.106158
3894.53	0.10456
3949.17	0.102577
3991.64	0.101106
4010.7	0.100322
4058.11	0.0989108
4111.18	0.0980439
4148.69	0.0988894
4167.64	0.0998685
4221.55	0.106585
4285.66	0.13988
4314.8	0.227066
4349.89	0.304286
4418.58	0.386877
4500.7	0.419383
4541.12	0.430143
4587.76	0.429337
4663.78	0.437046
4714.72	0.441284
4722.43	0.448803
4722.5	0.4515
3654.54	0.11424
3689.61	0.112723
3744.25	0.110489
3799.8	0.10822
3854.97	0.106048
3910.13	0.103999
3965.41	0.102238
4022.26	0.101325
4080.23	0.103063
4139.42	0.112288
4199.69	0.138888
4259.19	0.195858
4325.92	0.302107
4390.25	0.357473
4435.84	0.372815
4461.76	0.40953
4533.37	0.422186
4604.53	0.432688
4673.88	0.436359
4729.16	0.440549
4676	0.450181
4685.04	0.452592
4723.21	0.453319
4745.92	0.483701
4776.62	0.488822
4806.23	0.489303
4828.22	0.514533
4865.33	0.515149
4886.1	0.540195
4914.68	0.543047
4942.3	0.542833
4962.06	0.564756
4995.9	0.56535
5014.11	0.58541
5038.69	0.588494
5062.46	0.588545
5077.48	0.614592
5109.08	0.615807
5122.17	0.639118
5143.08	0.648487
5163.37	0.648866
5174.08	0.696828
5201.65	0.699601
5214.88	0.761121
5236.43	0.76783
5248.56	0.767688
4152.31	0.0982555
4192.47	0.102914
4240.7	0.124486
4286.65	0.189189
4328.69	0.312158
4347.13	0.383538
4402.37	0.40406
4462.99	0.422902
4520.79	0.433563
4566.83	0.442474
4579.81	0.517338
4618.27	0.51998
4668.66	0.535177
4720.32	0.542985
4773.2	0.546757
4784.09	0.592575
4817.79	0.592458
4865.94	0.623722
4910.03	0.645149
4950.64	0.660488
4967.36	0.682081
4969.2	0.662938
4982.29	0.666268
3316.48	0.130262
3360.42	0.12804
3414.45	0.125411
3469.9	0.122777
3523.27	0.120266
3577.42	0.117826
3629.38	0.11553
3680.74	0.113291
3713.13	0.111885
3736.57	0.110792
3785.89	0.10877
3838	0.106683
3892.88	0.104584
3948.27	0.102519
4003.79	0.100562
4058.68	0.0988792
4109.94	0.0980235
4165.07	0.0992006
4213.08	0.103768
4231.05	0.108691
4263.67	0.118506
3449.43	0.123581
3484.2	0.121911
3536.64	0.119528
3587.42	0.117208
3638.05	0.114955
3688.83	0.11275
3741.18	0.110564
3794.34	0.108409
3847.65	0.106309
3902.03	0.104286
3957.37	0.102448
4013.49	0.101164
4062.67	0.101571
4081.99	0.104647
4122.66	0.109789
4179.12	0.133711
4231.19	0.20466
4304.58	0.327579
4378.06	0.372595
4451.13	0.389447
4501.62	0.394538
3164.64	0.137923
3204.03	0.135797
3253.27	0.133264
3284.82	0.131619
3305.2	0.130492
3354.32	0.128092
3407.43	0.12553
3460.92	0.122997
3512.72	0.120607
3536.53	0.119432
3568.02	0.117963
3622.68	0.115594
3676.91	0.113263
3730.72	0.111002
3776.97	0.109088
3797	0.10817
3836.48	0.106596
3891.31	0.10452
3936.4	0.102766
3973.58	0.101336
3967.76	0.102036
3968.13	0.102028
4010.15	0.101401
4061.43	0.103681
4098.54	0.114613
4117.2	0.12891
4163.58	0.174007
4222.33	0.305966
4271.27	0.380764
4294.55	0.449702
4350.4	0.455715
4418.49	0.468962
4475.57	0.474903
4500.72	0.508923
4555.64	0.510762
4622.09	0.529392
4674.86	0.541739
4705.75	0.546634
4759.63	0.546695
4826.09	0.562636
4883.78	0.567185
4903.86	0.581605
4941.38	0.581611
4976.71	0.585405
3927.12	0.105335
3959.3	0.106083
4007.35	0.114333
4055.94	0.145599
4107.66	0.244179
4163.94	0.380377
4224.5	0.4584
4288.91	0.494062
4350.79	0.516505
4417.65	0.526574
4481.9	0.541124
4545.9	0.552211
4608.18	0.564923
4674.01	0.571385
4740.58	0.578139
4804.16	0.587318
4864.72	0.595082
4923.57	0.599222
4973.27	0.612362
5008.89	0.614349
2748.9	0.161575
2752.27	0.161378
2766.28	0.160605
2823.76	0.157543
2862.22	0.155361
2878.31	0.154364
2932.95	0.151305
2982.22	0.148511
2999.66	0.147387
3047.43	0.144727
3101.8	0.141725
3122.72	0.140449
3162.28	0.13832
3221.57	0.135249
3252.6	0.133584
3278.68	0.13217
3335.65	0.129333
3376.73	0.127301
3396.4	0.126231
3446.12	0.123899
3491.75	0.12174
3507.51	0.120889
3546.22	0.119104
3584.79	0.117322
3846.78	0.106269
3885.75	0.104768
3917.07	0.103656
3938.05	0.102857
3986.23	0.10123
4036.15	0.0997466
4089.39	0.0991189
4117.31	0.100642
4140.88	0.101621
4190.42	0.111792
4242.56	0.152954
4297.48	0.285851
4322.88	0.393998
4354.95	0.400861
4421.43	0.421784
4488.96	0.435532
4552.08	0.44468
4574.37	0.47918
4611.2	0.479588
4669.59	0.488758
4723.51	0.495944
4764.02	0.497399
2732.07	0.162624
2779.44	0.160048
2843.27	0.156467
2908.37	0.152757
2973.43	0.149029
3038.53	0.145343
3102.47	0.141764
3165.31	0.138319
3227.13	0.135012
3287.75	0.131848
3346.4	0.128829
3403.72	0.125999
3458.98	0.123273
3516.48	0.120578
3573.01	0.11798
3628.18	0.115504
3683.58	0.11312
3739.43	0.11081
3786.35	0.108815
3822	0.107356
2828.86	0.157598
2851.58	0.156178
2909.01	0.15289
2933.05	0.151333
2974.38	0.14896
3034.93	0.14558
3061.42	0.143983
3098.08	0.141956
3158.04	0.138747
3189.36	0.136991
3222.32	0.135195
3283.63	0.132092
3318.51	0.130275
3346.82	0.128766
3404.33	0.125987
3441.93	0.124167
3466.67	0.122879
3520.13	0.120448
3558.48	0.118724
3579.43	0.11769
3629.65	0.115516
3669.44	0.113797
3688.07	0.11285
3732.47	0.110984
3768.42	0.109523
3774.46	0.109246
3983.77	0.101734
3989.34	0.101488
4032.8	0.101161
4084.37	0.104244
4139.11	0.120164
4191.86	0.180293
4250.42	0.326096
4314.94	0.427029
4378.1	0.477856
4445.54	0.498471
4513.13	0.512753
4594.05	0.51652
4654.03	0.518586
4682.69	0.562076
4746.43	0.563476
4817.28	0.575356
4883.73	0.583688
4943.77	0.593858
5003.45	0.59788
5060.63	0.602982
5111.07	0.609373
4363.88	0.47955
4397.65	0.482324
4465.09	0.497988
4535.11	0.510308
4608.6	0.517405
4681.14	0.524697
4736.29	0.527891
4757.64	0.596635
4805.4	0.598802
4870.65	0.603578
4933.46	0.61953
4993.88	0.635389
5052.29	0.648938
5109.39	0.658676
5164.84	0.665957
5208.59	0.676677
5250.87	0.676679
5255.71	0.439505
5256.11	0.277376
5256.04	0.216266
3546.79	0.119023
3588.8	0.117131
3637.8	0.115009
3678.22	0.113295
3694.48	0.112532
3735.13	0.110852
3784.09	0.108831
3840.62	0.106649
3876.67	0.105243
3898.02	0.10431
3949.34	0.102421
4004.54	0.100447
4056.86	0.09872
4079.32	0.0981553
4112.4	0.0972283
4169.64	0.0969636
4228.45	0.10106
4278.03	0.1152
4294.72	0.127391
4343.17	0.143031
4404.43	0.196871
4466.3	0.278252
3745.88	0.110469
3760.41	0.109838
3791.75	0.108563
3839.02	0.106763
3855.64	0.106081
3899.01	0.104614
3942.1	0.103931
3961.73	0.104706
4007.46	0.106901
4042.46	0.110418
4063.77	0.107002
4113.94	0.115879
4138.23	0.113696
4167.57	0.112873
4214.9	0.127917
4231.11	0.119195
4267.98	0.120272
4316.44	0.122967
4332.44	0.122785
4376.83	0.153261
4416.81	0.269839
4436.41	0.348642
4498.69	0.366254
4530.66	0.37952
4555.49	0.384179
4612.18	0.393465
4629.36	0.409996
4645.02	0.410779
4100.04	0.0971451
4103.95	0.0969919
4134.16	0.0961174
4150.14	0.0955066
4174.97	0.0957004
4193.43	0.0964548
4213.64	0.104604
4241.54	0.111978
4255.12	0.141715
4286.7	0.178774
4301.92	0.189442
4329.66	0.216115
4354.69	0.253431
4372.61	0.211028
4400.31	0.230347
4414.49	0.269762
4459.16	0.311803
4473.86	0.374332
4506.57	0.38228
4521.29	0.405658
4540.15	0.42557
4565.64	0.425641
4572.95	0.453214
4598.57	0.454419
4598.79	0.396092
3847.82	0.106318
3877.2	0.105201
3892.79	0.104539
3936.36	0.102959
3986.39	0.101246
4036.21	0.0997418
4089.37	0.0988471
4142.38	0.100117
4197.16	0.109957
4247.33	0.143172
4291.68	0.240354
4345.53	0.370337
4413.69	0.402193
4492.12	0.422438
4549.03	0.429248
4575.48	0.472773
4637.9	0.474897
4704.7	0.489748
4764.79	0.498157
4802.95	0.502538
2680.96	0.165329
2698.98	0.16435
2740.88	0.162177
2766.4	0.160679
2829.73	0.157242
2883.4	0.154232
2905.12	0.152831
2960.79	0.149694
3023.17	0.146264
3048.06	0.144677
3096.97	0.142006
3162.6	0.13852
3193.93	0.136736
3229.58	0.134802
3293.88	0.131574
3335.81	0.129428
3359.5	0.1281
3415.84	0.125433
3464.35	0.123138
3484.38	0.122018
3532.25	0.119812
3584.17	0.117495
3605.41	0.116443
3645.12	0.114725
3681.75	0.113134
3131.08	0.140112
3138.48	0.139646
3174.53	0.137682
3236.1	0.1345
3294.95	0.131513
3320.18	0.130116
3356.72	0.12826
3415.55	0.125443
3471.67	0.122755
3500.75	0.121312
3533.17	0.119745
3591.81	0.117135
3648.89	0.114628
3680.91	0.11321
3708.45	0.111945
3759.96	0.109827
3814.68	0.107682
3849.64	0.106315
3873.88	0.105268
3928.19	0.103328
3984.79	0.10153
4018.16	0.100696
4036.59	0.100077
4074.48	0.099694
3258.85	0.133248
3309.33	0.130643
3364.98	0.127847
3421.07	0.125095
3476.38	0.12243
3531.36	0.119863
3583.7	0.117448
3635.54	0.115139
3687.83	0.112891
3736.44	0.110829
3780.33	0.109047
3801.37	0.108102
3842.93	0.106483
3898.31	0.104436
3954.34	0.10254
4011.13	0.101145
4069.09	0.101321
4123.66	0.105647
4179.48	0.11972
4228.71	0.149836
