2752.93	0.161994
2762.39	0.161262
2781.27	0.159907
2809.21	0.158053
2845.12	0.155815
2887.55	0.153288
2935.04	0.150544
2986.36	0.147642
3040.5	0.144633
3096.74	0.141563
3154.51	0.138466
3213.39	0.135373
3273.01	0.132309
3332.89	0.129297
3392.35	0.126361
3450.41	0.123529
3508.06	0.120806
3565.53	0.118173
3622.52	0.115626
3678.61	0.113173
3733.65	0.11082
3788.07	0.108559
3842.35	0.106372
3896.86	0.104243
3951.88	0.10216
4007.48	0.100124
4062.78	0.0981552
4112.63	0.0963482
4163.9	0.0946125
4215.69	0.0929538
4267.88	0.0914423
4320.14	0.0901467
4371.83	0.0889523
4422.91	0.0878235
4473.76	0.0871914
4525.2	0.0871508
4578.09	0.0885222
4630.9	0.0930765
4682.94	0.10385
4732.43	0.12364
4779.43	0.15013
4824.44	0.178471
4863.84	0.207328
4898.79	0.226633
4930.33	0.237335
4955.45	0.229211
4975.36	0.203536
4990.62	0.160869
5000.47	0.120268
5005.18	0.0976312
2743.45	0.162584
2752.92	0.16185
2772.17	0.160472
2801.18	0.15856
2838.54	0.156245
2882.42	0.153637
2931.16	0.150816
2983.46	0.147848
3038.36	0.144787
3095.16	0.141674
3153.38	0.138543
3212.67	0.135421
3272.76	0.132328
3333.39	0.129282
3393.85	0.12631
3451	0.123494
3508.47	0.120783
3566.29	0.118145
3623.79	0.115585
3680.09	0.113123
3734.79	0.110778
3788.84	0.108533
3842.83	0.106359
3897.17	0.104237
3952.24	0.102153
4008.85	0.100093
4069.42	0.098044
4112.52	0.0965535
4164.83	0.0949015
4216.85	0.0935344
4269.49	0.0929926
4322.42	0.0938612
4374.22	0.0944296
4424.95	0.0939834
4474.97	0.09605
4525.44	0.0998982
4579.57	0.108185
4632.4	0.125209
4685.21	0.153476
4733.07	0.197042
4779.06	0.24793
4829.45	0.307935
4870.66	0.342993
4906.45	0.365228
4937.29	0.370836
4963.05	0.354769
4984.37	0.309738
4995.73	0.207766
5005.8	0.151742
5010.61	0.119887
2724.46	0.163665
2733.64	0.162951
2753.28	0.161559
2784.74	0.159536
2825.38	0.157069
2872.35	0.154301
2923.64	0.151334
2977.9	0.148241
3034.25	0.145079
3092.12	0.141887
3151.15	0.138695
3211.13	0.135521
3272.02	0.132376
3334.12	0.129252
3398.8	0.126112
3451.43	0.123455
3508.75	0.120766
3567.68	0.118098
3626.61	0.115491
3683.63	0.113
3737.11	0.110693
3790.28	0.108493
3843.69	0.106353
3897.55	0.104256
3952.02	0.102198
4007.3	0.100188
4063.62	0.0982895
4118.25	0.0968964
4167.46	0.0969799
4218.88	0.0971626
4272.23	0.102559
4327	0.117726
4378.77	0.124672
4428.82	0.122443
4476.62	0.133281
4522.5	0.148041
4581.91	0.171189
4631.76	0.214756
4692.46	0.29189
4744.76	0.351818
4793.45	0.397429
4839.53	0.432252
4880.53	0.462339
4916.82	0.487223
4948.37	0.502689
4974.89	0.497175
4995.85	0.446975
5009.72	0.329724
5016.57	0.19246
5021.2	0.153259
2696.27	0.165083
2703.85	0.164457
2722.52	0.163142
2759.08	0.160944
2805.8	0.15824
2857.91	0.155233
2913.09	0.152053
2970.18	0.148784
3028.56	0.145483
3087.88	0.142186
3147.95	0.138916
3208.69	0.135686
3270.11	0.132503
3332.34	0.12937
3395.57	0.126287
3447.34	0.123686
3507.64	0.120833
3569.36	0.118044
3631.71	0.115309
3691.14	0.112709
3740.29	0.11058
3792.1	0.108478
3844.82	0.106389
3898.16	0.10433
3951.91	0.102315
4005.77	0.100376
4060.71	0.0985844
4115.04	0.0973106
4165.95	0.0982297
4220.79	0.108919
4273.08	0.134006
4334.24	0.213344
4384.69	0.219624
4435.31	0.193239
4481.96	0.221814
4535.59	0.268296
4595.81	0.314678
4649.87	0.359679
4704.56	0.401947
4756.23	0.435677
4805.03	0.466269
4850.41	0.495995
4892.09	0.527296
4929.89	0.556652
4963.7	0.579557
4992.87	0.588892
5014.3	0.567302
5027.74	0.449244
5031.96	0.241791
5036.6	0.186101
2660.47	0.166587
2662.95	0.166151
2673.79	0.16517
2723.18	0.16271
2780.76	0.159674
2840.33	0.156353
2900.55	0.152906
2961.11	0.149424
3021.87	0.145958
3082.84	0.14254
3144.06	0.139183
3205.57	0.135893
3267.41	0.132671
3329.63	0.129517
3392.17	0.126429
3454.74	0.123399
3505.35	0.120924
3570.72	0.117983
3640.08	0.114984
3693.65	0.112573
3741.93	0.110504
3793.13	0.108434
3845.64	0.106363
3898.89	0.10432
3952.46	0.102339
4003.61	0.100484
4059.58	0.0986087
4114.22	0.0976009
4168.01	0.0997889
4222.7	0.114802
4277.28	0.170114
4327.9	0.223096
4395.95	0.299508
4447.47	0.331033
4501.16	0.371365
4555	0.395022
4609.26	0.409619
4660.43	0.427014
4713.79	0.45773
4765.87	0.484545
4816.02	0.509398
4861.62	0.533154
4904.89	0.563981
4945.34	0.590593
4983.23	0.613629
5018.31	0.648116
5040.26	0.676363
5051.94	0.526943
5055.88	0.336504
5056.98	0.21258
2622.17	0.167854
2613.64	0.167559
2586.44	0.166819
2679	0.164586
2753.65	0.161186
2822	0.157518
2887.61	0.15379
2951.75	0.150087
3014.92	0.146454
3077.52	0.142914
3139.85	0.139471
3202.11	0.136121
3264.39	0.13286
3326.68	0.129687
3388.85	0.126604
3450.46	0.12362
3510.4	0.120772
3568.37	0.118094
3629.33	0.115418
3685.86	0.112917
3739.33	0.110613
3792.54	0.108416
3845.93	0.106279
3899.6	0.104194
3953.89	0.102182
4009.92	0.100397
4060.92	0.0994679
4115.39	0.101082
4169.73	0.112567
4222.54	0.155028
4275.57	0.218538
4342.48	0.301595
4402.55	0.337952
4458.63	0.368658
4514.12	0.400519
4567.03	0.430152
4624.54	0.461294
4665.09	0.480317
4720.3	0.509647
4773.98	0.533332
4828.41	0.552381
4872.29	0.558358
4918.52	0.585159
4962.26	0.606297
5003.54	0.639053
5042.67	0.701771
5087.14	0.78421
5083.91	0.566149
5082.81	0.38386
5081.53	0.238003
2592.38	0.168758
2582.98	0.168434
2561.04	0.167673
2652.59	0.16576
2732.74	0.162358
2806.31	0.158514
2876.06	0.154579
2943.29	0.150691
3008.48	0.146913
3072.43	0.143269
3135.7	0.139752
3198.65	0.136349
3261.39	0.133051
3323.94	0.129853
3386.2	0.126754
3448.04	0.12376
3509.43	0.120875
3563.35	0.118353
3623.4	0.115662
3681.6	0.113109
3737.55	0.110707
3792.41	0.108428
3846.66	0.106241
3900.56	0.104129
3954.52	0.102088
4008.92	0.100139
4062.74	0.0984069
4117.85	0.0973182
4173.45	0.098656
4228.38	0.108478
4283.63	0.13878
4338.86	0.20118
4410.82	0.30643
4468.54	0.370631
4520.14	0.402914
4580.32	0.432964
4628.44	0.456583
4677.08	0.461768
4725.05	0.494551
4774.72	0.517045
4831.33	0.54432
4884.88	0.56659
4934.71	0.591695
4981.34	0.613702
5029.48	0.645863
5072.46	0.699246
5118.33	0.780057
5113.2	0.56751
5110.58	0.400797
5108.78	0.259655
2571.98	0.169408
2564.86	0.169041
2550.53	0.168281
2637.48	0.166494
2718.29	0.163167
2794.33	0.159257
2866.97	0.155189
2936.77	0.151161
3003.23	0.147281
3067.96	0.143572
3131.88	0.140007
3195.39	0.136566
3258.63	0.133235
3321.56	0.130009
3384.12	0.126886
3446.26	0.123867
3508.15	0.120946
3570.51	0.118096
3619.7	0.115814
3680.06	0.113195
3737.43	0.110741
3793.52	0.108415
3848.5	0.106194
3902.3	0.104073
3955.67	0.102042
4009.59	0.100099
4064.46	0.0983703
4120.97	0.0975349
4178.49	0.100547
4232.48	0.115322
4286.26	0.158424
4347.13	0.262872
4419.2	0.36074
4474.51	0.381002
4530.34	0.413438
4584.04	0.412015
4634.33	0.424959
4687.88	0.448187
4735.9	0.480684
4793.08	0.509063
4848.7	0.537414
4901.08	0.564612
4953.46	0.590977
4993.89	0.609291
5049	0.639144
5094.16	0.694516
5137.13	0.767904
5138.7	0.564252
5137.89	0.408257
5136.24	0.269062
2558.73	0.169917
2553.94	0.169511
2544.98	0.168719
2628.4	0.166973
2708.51	0.1637
2785.65	0.159758
2860.62	0.15558
2933.54	0.151409
2999.67	0.147505
3064.25	0.1438
3128.44	0.140228
3192.44	0.136765
3256.21	0.133408
3319.65	0.130156
3382.6	0.127011
3444.92	0.123978
3506.64	0.121056
3567.69	0.118247
3627.08	0.115567
3681.98	0.113122
3739.14	0.110708
3796.4	0.108361
3852.26	0.106114
3905.34	0.104017
3957.24	0.10206
4010.41	0.100258
4065.71	0.0990508
4124.19	0.101197
4187.34	0.121639
4234.06	0.178529
4290.4	0.24817
4353.27	0.293853
4413.13	0.323682
4480.35	0.353949
4539.18	0.395074
4593.01	0.418979
4648.58	0.436577
4700.73	0.461163
4754.25	0.489996
4809.01	0.519807
4865.82	0.55052
4914.67	0.567247
4962.47	0.592802
5018.32	0.613301
5073.46	0.647668
5124.59	0.705766
5174.13	0.780802
5169.09	0.585046
5165.76	0.421079
5163.85	0.276936
2550.27	0.170334
2547.2	0.169892
2541.66	0.169046
2622.54	0.167305
2701.59	0.164065
2779.05	0.160097
2856.22	0.155773
2937.04	0.151178
2997.61	0.14755
3060.92	0.14397
3125.2	0.140424
3189.73	0.136949
3254.19	0.133568
3318.33	0.13029
3381.84	0.127122
3444.37	0.124076
3506.05	0.121154
3566.86	0.118353
3626.46	0.115677
3682.13	0.113218
3741.31	0.110716
3801.36	0.108285
3859.56	0.105966
3910.43	0.104002
3958.53	0.102355
4010.17	0.101097
4064.86	0.101039
4123.23	0.104877
4181.42	0.124318
4232.3	0.166089
4289.04	0.161988
4351.8	0.173443
4415.58	0.244785
4489.82	0.33889
4540.87	0.381754
4603.83	0.414949
4660.88	0.446199
4716.25	0.478822
4767.17	0.502543
4819.18	0.517476
4870.47	0.545414
4927.89	0.571783
4983.16	0.594525
5040.42	0.61504
5097.11	0.649823
5151.11	0.706572
5202.86	0.779511
5196.6	0.586638
5192.2	0.425229
5190.16	0.279387
2544.9	0.170673
2542.96	0.170198
2539.51	0.169302
2618.43	0.167565
2696.16	0.164381
2772.65	0.160489
2848.06	0.1563
2922.05	0.152072
2989.55	0.148098
3055.64	0.144309
3121.42	0.140642
3187.1	0.137084
3252.72	0.133629
3318.13	0.130284
3382.78	0.127059
3445.43	0.123983
3507.16	0.121049
3568.44	0.118226
3629.58	0.115492
3692.09	0.112804
3742.62	0.110596
3810.19	0.107917
3860.17	0.105866
3910.68	0.103953
3961.3	0.102193
4011.08	0.100814
4070.84	0.100963
4123.07	0.106226
4176.17	0.12344
4232.18	0.17337
4292.24	0.209027
4351.06	0.206641
4428.49	0.300635
4487.08	0.361424
4551.2	0.400587
4614.81	0.432595
4670.15	0.449557
4725.08	0.476952
4776.46	0.506268
4824.27	0.525968
4883.54	0.549551
4940.82	0.57602
5000.05	0.596336
5059.86	0.616334
5118.46	0.65075
5174.23	0.706501
5227.06	0.778476
5220.9	0.583965
5216.27	0.422648
5214.21	0.277707
2541.5	0.170936
2540.26	0.170436
2538.06	0.169498
2615.43	0.167765
2691.89	0.164633
2767.22	0.16081
2841.25	0.156702
2913.49	0.152548
2982.85	0.1485
3050.64	0.144603
3117.73	0.140844
3184.58	0.137204
3251.52	0.133669
3318.78	0.130233
3385.88	0.126915
3447.63	0.123852
3508.99	0.120949
3570.5	0.118142
3631.75	0.115422
3691.95	0.112808
3751	0.110319
3805.44	0.108067
3860.16	0.105882
3911.4	0.103885
3963.95	0.10206
4015.19	0.100599
4066.76	0.0995856
4122.83	0.101271
4177.88	0.113333
4233.38	0.15381
4295.95	0.25233
4364.19	0.327971
4429.73	0.369651
4493.66	0.391227
4556.02	0.407994
4617.78	0.42927
4675.56	0.433731
4734.08	0.459105
4788.9	0.491008
4841.6	0.524289
4895.31	0.554032
4949.47	0.580433
5014.44	0.597894
5077.18	0.617303
5137.55	0.651274
5194.56	0.706308
5248.09	0.777673
5242.31	0.580434
5237.77	0.417771
5235.73	0.274359
2539.35	0.171128
2538.54	0.170608
2537.08	0.16964
2613.26	0.167908
2688.66	0.164813
2763.02	0.16104
2836.13	0.156977
2907.76	0.15285
2977.66	0.148786
3046.33	0.144842
3114.28	0.141026
3182	0.137325
3250.07	0.133713
3319.69	0.13014
3394.51	0.126488
3450.42	0.123678
3510.98	0.120878
3573.15	0.118086
3635.41	0.115357
3693.46	0.11281
3749.74	0.110435
3804.22	0.108218
3864.42	0.105903
3911.71	0.104103
3962.61	0.102431
4016.16	0.101498
4069.38	0.103061
4123.94	0.113389
4176.93	0.156132
4231.77	0.212586
4299.41	0.268064
4369.92	0.316352
4428.35	0.353473
4498.1	0.392451
4561.21	0.404212
4616.39	0.41729
4681.21	0.441953
4742.08	0.467197
4799.22	0.494267
4852.06	0.523428
4905.68	0.554796
4961.44	0.581846
5029.03	0.598496
5093.38	0.617745
5154.85	0.651468
5212.62	0.706062
5266.58	0.777052
5261.17	0.577137
5256.79	0.412667
5254.77	0.270723
2538.05	0.171258
2537.48	0.170724
2536.45	0.169732
2611.79	0.167999
2686.39	0.16493
2759.99	0.161191
2832.44	0.157161
2903.67	0.153056
2973.68	0.148996
3042.71	0.14504
3111.07	0.141205
3179.1	0.137491
3247.14	0.133888
3315.49	0.130387
3383.77	0.127004
3446.97	0.123867
3510.54	0.120865
3576.1	0.1179
3646.16	0.114887
3698.48	0.112516
3751.79	0.110304
3809.19	0.108073
3857.55	0.106126
3914.2	0.104122
3965.61	0.102751
4018.31	0.102431
4070.46	0.105293
4126.27	0.118355
4180.23	0.156188
4238.6	0.222129
4304.61	0.287068
4362.94	0.334135
4422.23	0.352967
4491.51	0.361091
4561.21	0.38189
4623.09	0.406128
4689.84	0.431916
4751.1	0.461923
4807.67	0.493658
4859.54	0.527579
4910.88	0.558763
4978.84	0.580976
5044.72	0.598234
5108.93	0.61764
5170.65	0.651336
5228.71	0.705747
5282.85	0.776575
5277.71	0.574473
5273.5	0.408188
5271.47	0.267416
2537.33	0.171335
2536.91	0.170791
2536.12	0.169782
2611	0.168046
2685.04	0.164993
2758.02	0.161279
2829.91	0.157278
2900.76	0.153198
2970.65	0.149154
3039.73	0.145203
3108.19	0.14137
3176.23	0.137659
3243.98	0.13407
3311.48	0.1306
3378.3	0.127256
3443.39	0.124055
3508.4	0.120975
3574.9	0.117953
3645.77	0.114899
3696.32	0.112624
3747.02	0.11038
3804.46	0.108081
3866.23	0.105709
3910.78	0.103992
3961.35	0.102117
4018.25	0.100415
4076.89	0.100183
4131.61	0.102914
4186.78	0.11601
4243.69	0.157625
4295.41	0.212492
4353.71	0.225147
4422.79	0.274171
4494.36	0.341112
4560.16	0.389173
4633.69	0.424315
4698.57	0.437973
4760.09	0.466197
4816.67	0.495927
4866.06	0.52976
4931.35	0.556008
4995.94	0.579412
5059.96	0.597658
5123.4	0.617243
5184.89	0.651007
5242.92	0.705397
5297.07	0.776213
5292.11	0.572489
5288	0.404533
5285.98	0.264621
2537.05	0.171369
2536.73	0.170816
2536.09	0.169792
2610.98	0.16805
2684.7	0.165001
2757.05	0.16131
2828.34	0.15734
2898.75	0.153291
2968.39	0.149269
3037.35	0.145334
3105.75	0.141509
3173.68	0.137807
3241.16	0.134228
3308.25	0.130772
3374.72	0.127441
3440.13	0.124244
3505.07	0.121173
3569.69	0.118216
3633.52	0.115393
3694.46	0.112724
3736.11	0.110813
3796.1	0.108393
3853.12	0.106134
3903.12	0.104138
3960.33	0.101997
4017.48	0.0999834
4077.25	0.0983127
4138.81	0.0980145
4189.79	0.102716
4240.05	0.116238
4300.4	0.114493
4361.24	0.127076
4423.39	0.166077
4498.23	0.269466
4574.07	0.358291
4645.41	0.401516
4711.88	0.433598
4772.68	0.463824
4831.11	0.495068
4888.14	0.525824
4949.22	0.553321
5011.25	0.577934
5073.69	0.59704
5136.27	0.616776
5197.36	0.650629
5255.23	0.705069
5309.29	0.775945
5304.44	0.571042
5300.41	0.40157
5298.39	0.262251
2537.11	0.171367
2536.91	0.170802
2536.43	0.169759
2612.05	0.167999
2685.64	0.164942
2757.08	0.161279
2827.61	0.157353
2897.45	0.153342
2966.77	0.14935
3035.51	0.145434
3103.79	0.141622
3171.61	0.137928
3238.82	0.134359
3305.79	0.130911
3372.36	0.127581
3437.58	0.124408
3502.35	0.121354
3565.65	0.118421
3624.59	0.115792
3682.72	0.113247
3736.67	0.110824
3791.39	0.108557
3847.83	0.106348
3903.36	0.104194
3960.37	0.102079
4015.18	0.100037
4076.98	0.0980709
4140.1	0.0969352
4192.76	0.0969978
4241.58	0.0966761
4302.22	0.0971585
4363.92	0.109105
4424.69	0.159161
4506.54	0.287167
4583.06	0.370442
4655	0.412272
4725.32	0.442688
4782.94	0.46449
4842.8	0.494677
4902.41	0.523916
4962.88	0.551619
5023.77	0.576837
5085.22	0.596537
5147.14	0.61639
5207.86	0.650324
5265.55	0.704824
5319.51	0.775757
5314.74	0.569915
5310.77	0.399045
5308.75	0.260215
2537.41	0.17134
2537.38	0.170757
2537.28	0.169676
2615.08	0.167857
2688.68	0.164771
2757.94	0.161182
2827.51	0.157323
2896.62	0.153362
2965.71	0.149401
3034.14	0.145507
3102.32	0.141708
3170.19	0.138015
3236.82	0.134472
3303.84	0.131023
3371.55	0.127628
3435.72	0.12455
3501.41	0.121508
3558.99	0.118712
3619.63	0.115967
3677.4	0.113402
3733.07	0.110973
3788.18	0.108659
3844.91	0.1064
3901.82	0.104192
3959.63	0.102046
4019.24	0.100025
4076.6	0.0984426
4138.2	0.0977534
4186.19	0.0992859
4241.87	0.103606
4303.56	0.10719
4365.94	0.130193
4427.8	0.195052
4513.7	0.31728
4587.65	0.384732
4659.69	0.423323
4732.94	0.451894
4786.29	0.469038
4850.56	0.494835
4912.04	0.523044
4972.81	0.550638
5033.34	0.576134
5094.25	0.59621
5155.73	0.616169
5216.22	0.650184
5273.81	0.704715
5327.72	0.775638
5323.04	0.568894
5319.14	0.39668
5317.12	0.258285
2537.76	0.171306
2537.95	0.1707
2538.62	0.169553
2622.24	0.167525
2695.98	0.164351
2758.45	0.16107
2827.82	0.157269
2895.77	0.153374
2965.3	0.14942
3033	0.145565
3101.16	0.141776
3170.08	0.138013
3234.53	0.134614
3301.33	0.131223
3364.27	0.12796
3434.39	0.124557
3507.45	0.121151
3560.62	0.118588
3618.01	0.116033
3674.7	0.113541
3730.63	0.111147
3784.05	0.108854
3842.59	0.106517
3900.28	0.104299
3958.1	0.102205
4016.08	0.100361
4073.13	0.0991896
4130.63	0.0996955
4186.41	0.105831
4248.1	0.125907
4302.9	0.169883
4363.74	0.219902
4440.7	0.288376
4517.08	0.344458
4585.71	0.386875
4657.13	0.421747
4729.65	0.450191
4797.53	0.477328
4856.9	0.494477
4918.51	0.522583
4979.66	0.550096
5040.13	0.575743
5100.69	0.596075
5161.86	0.616193
5222.31	0.650299
5279.96	0.70479
5333.94	0.775578
5329.37	0.567796
5325.56	0.394271
5323.55	0.256418
2537.94	0.171286
2538.08	0.170678
2538.22	0.169548
2618.02	0.167663
2692.45	0.164475
2763.99	0.160736
2829.48	0.157139
2893.3	0.153479
2966.69	0.149317
3031.41	0.145655
3099.28	0.141963
3162.53	0.138437
3231.62	0.134785
3298.37	0.131315
3363.66	0.127979
3430.32	0.124736
3496.61	0.121608
3557.5	0.118732
3617.85	0.116024
3673.35	0.113531
3728.5	0.111157
3786.35	0.108798
3841.92	0.106642
3899.52	0.104587
3957.39	0.102905
4014.89	0.102411
4070.23	0.105846
4118.77	0.117787
4180.08	0.150243
4244.29	0.196539
4305.55	0.228684
4368.07	0.257002
4447.82	0.305272
4518.91	0.355272
4585.47	0.394738
4647.38	0.425769
4725.92	0.446686
4796.25	0.471671
4858.18	0.499117
4921.58	0.523004
4983.83	0.549944
5044.39	0.575595
5104.51	0.596147
5165.23	0.616602
5226.01	0.650794
5284.03	0.705098
5338.22	0.775572
5333.8	0.566539
5330.09	0.391826
5328.1	0.2546
2538.01	0.171282
2538.23	0.170666
2538.55	0.169522
2619.09	0.167617
2691.75	0.164465
2764.05	0.160703
2829.85	0.157055
2900.06	0.153153
2961.36	0.149619
3028.1	0.145898
3097.76	0.142031
3164.26	0.138369
3231.14	0.134802
3297	0.131367
3361.86	0.128063
3426.88	0.124876
3491.47	0.121794
3555.32	0.118812
3622.98	0.115824
3672.89	0.113552
3724.29	0.111354
3782.65	0.108963
3840.13	0.106725
3899.21	0.104764
3958.23	0.10372
4018.12	0.105811
4067.5	0.116928
4120.76	0.159255
4178.55	0.215242
4244.56	0.275357
4312.05	0.331788
4382.43	0.37421
4449.57	0.393312
4517.58	0.415205
4579.53	0.441128
4655.69	0.453454
4725.3	0.467761
4798.79	0.486628
4868.62	0.510098
4921.89	0.527191
4986.3	0.550495
5046.66	0.575713
5105.71	0.596525
5165.06	0.617945
5227.28	0.651856
5286.14	0.705632
5340.69	0.775615
5336.44	0.56532
5332.81	0.389703
5330.84	0.253079
2537.88	0.1713
2538.32	0.170673
2539.73	0.169473
2627.96	0.167294
2691.36	0.16448
2755.64	0.161173
2827.51	0.157273
2897.56	0.153313
2965.46	0.1494
3036.22	0.145442
3099.45	0.141885
3165.66	0.138341
3231.77	0.134777
3296.77	0.131397
3360.08	0.128154
3424.12	0.125014
3487.37	0.121987
3549.68	0.119087
3611.55	0.116317
3668.73	0.113756
3726.93	0.11129
3780.51	0.109118
3837.53	0.106935
3893.08	0.104803
3952.49	0.102864
4010.98	0.101626
4067.28	0.102134
4122.87	0.10775
4183.78	0.123334
4245.21	0.147497
4304.24	0.193434
4378.26	0.283695
4450.3	0.358103
4521.71	0.405054
4589.83	0.441777
4661.42	0.469909
4734.47	0.492441
4800.72	0.496687
4867.84	0.517549
4931.76	0.539458
4989.44	0.555922
5047.83	0.577949
5104.6	0.597108
5158.47	0.620589
5226.65	0.653246
5286.79	0.706095
5341.59	0.775697
5337.39	0.565004
5333.8	0.388778
5331.84	0.252269
2537.33	0.171354
2537.46	0.170752
2537.61	0.169637
2616.07	0.167793
2687.01	0.164767
2756.3	0.161205
2826.93	0.157329
2897.18	0.153341
2966.7	0.149364
3036.11	0.14546
3103.19	0.141709
3169.74	0.138083
3233.63	0.134654
3298.38	0.131383
3357.75	0.128292
3422.39	0.125137
3484.54	0.122145
3544.84	0.119318
3605.27	0.116629
3664.07	0.114036
3719.97	0.111547
3776.71	0.109177
3833.46	0.1069
3890.52	0.104677
3949.02	0.102531
4007.95	0.100579
4066.34	0.0992758
4127.84	0.100633
4185.16	0.109359
4243.36	0.137093
4302.75	0.195345
4371.03	0.250063
4441.56	0.32089
4521.8	0.35677
4591.72	0.392107
4661.86	0.420307
4733.59	0.444578
4801.7	0.468732
4868.49	0.49425
4931.89	0.521183
4989.32	0.550187
5048.95	0.574419
5108.05	0.595649
5167.04	0.617085
5228.69	0.65121
5286.99	0.705369
5341.12	0.775802
5336.72	0.566946
5333.08	0.389727
5331.11	0.252151
2536.68	0.171415
2536.6	0.170831
2536.28	0.169753
2611.62	0.167974
2684.27	0.164929
2755.56	0.161281
2826.67	0.157351
2897.51	0.153315
2968.03	0.149285
3038.32	0.145327
3107.51	0.141496
3172.89	0.137891
3237.19	0.134467
3302.53	0.131118
3363.63	0.128
3423.4	0.125142
3480.84	0.122376
3542.72	0.119435
3601.9	0.116725
3660.16	0.114128
3716.59	0.111656
3773.57	0.109287
3829.87	0.10701
3887.39	0.104786
3946.11	0.10263
4006.5	0.100693
4063.32	0.0994266
4123.88	0.099621
4183.93	0.102758
4247.49	0.106697
4311.77	0.124127
4376.33	0.161987
4446.17	0.245325
4528.75	0.336891
4598.05	0.385369
4655.58	0.422943
4731.45	0.450017
4799.37	0.47783
4868.18	0.504065
4934	0.530347
4998.43	0.556011
5048.11	0.574016
5109.58	0.59428
5169.44	0.61475
5228.88	0.649217
5285.58	0.704449
5338.84	0.775963
5334.2	0.568696
5330.59	0.388767
5328.64	0.249919
2536.14	0.171465
2535.99	0.170889
2535.62	0.169819
2609.79	0.168052
2682.81	0.165006
2754.95	0.161324
2826.64	0.157349
2898.1	0.153265
2969.57	0.149172
3041.63	0.145108
3115.67	0.141055
3177.18	0.137604
3239.8	0.134346
3301.46	0.131183
3365.07	0.127938
3426.29	0.124915
3488.22	0.121972
3543.67	0.119375
3599.89	0.11683
3658.58	0.114203
3713.26	0.111797
3771.79	0.109414
3825.85	0.10724
3883.93	0.105073
3942.49	0.103016
3997.7	0.101355
4059.43	0.100769
4120.99	0.103809
4184.44	0.114767
4249.95	0.132058
4316.77	0.157115
4378.66	0.212327
4461.64	0.316955
4536.61	0.373304
4602.83	0.391926
4667.04	0.419343
4732.04	0.445426
4791.57	0.474555
4866.66	0.49791
4933.7	0.523267
4996.73	0.549685
5056.28	0.575568
5110.69	0.591857
5168.83	0.612584
5226.66	0.647245
5281.87	0.703388
5334.1	0.776212
5329.55	0.567179
5326.33	0.379889
5324.49	0.240894
2535.79	0.171498
2535.63	0.170923
2535.31	0.169852
2609.05	0.168086
2682.18	0.165039
2754.71	0.161342
2826.8	0.157343
2898.64	0.153235
2970.5	0.14912
3042.97	0.145035
3117.55	0.140967
3179.19	0.137514
3242.69	0.134155
3306.27	0.130882
3369.11	0.127711
3428.71	0.124752
3487.92	0.12193
3545.99	0.119217
3606.73	0.116496
3661.52	0.114107
3706.67	0.112123
3764.07	0.109802
3822.47	0.107487
3880.49	0.105419
3938.64	0.103949
3996.78	0.10448
4056.43	0.111751
4116	0.139479
4180.78	0.194458
4248.16	0.239142
4326.03	0.291746
4398.16	0.319861
4469.84	0.3515
4536.1	0.376688
4606	0.39896
4672.36	0.421956
4737.6	0.444517
4801.74	0.467191
4868.83	0.48893
4933.48	0.513658
4995.14	0.540055
5053.46	0.566906
5107.15	0.591823
5165.22	0.610372
5222.02	0.644192
5275.43	0.701055
5325.73	0.776467
5322.58	0.552517
5320.6	0.34991
5319.06	0.223336
2535.61	0.171513
2535.47	0.170938
2535.21	0.169864
2608.85	0.168096
2682.08	0.165048
2754.84	0.161343
2827.16	0.157336
2899.12	0.153227
2970.79	0.149128
3042.18	0.145103
3112.77	0.141201
3179.43	0.137517
3245.62	0.133997
3311.96	0.130589
3376.61	0.127318
3431.79	0.124568
3489.09	0.12188
3545.99	0.119264
3599.2	0.116779
3655.53	0.11428
3708.13	0.11197
3763.54	0.109682
3820.31	0.107411
3877.63	0.105226
3935.52	0.1033
3994.08	0.102407
4053.77	0.106231
4114.12	0.131377
4175.45	0.230906
4254.99	0.359478
4340.27	0.423272
4407.03	0.397107
4474.24	0.413821
4540.86	0.434781
4607.96	0.453521
4674.4	0.471363
4740.01	0.488629
4804.75	0.505989
4869.23	0.523272
4932.23	0.541933
4993.25	0.562543
5052.5	0.583275
5111.63	0.599933
5159.72	0.610424
5215.83	0.635246
5266.48	0.681286
5310.5	0.749402
5313.9	0.476972
5314.28	0.287295
5313.7	0.211844
2535.59	0.171511
2535.47	0.170935
2535.24	0.169861
2608.99	0.16809
2682.39	0.165036
2755.35	0.161323
2827.82	0.15731
2899.84	0.1532
2971.35	0.149109
3042.18	0.145102
3111.96	0.141215
3180.22	0.137471
3248.48	0.133844
3319.52	0.130239
3375.39	0.127336
3435.48	0.124409
3490.98	0.121726
3546.07	0.119171
3599.76	0.116707
3653.79	0.114312
3707.37	0.111992
3762.31	0.109715
3818.35	0.107471
3875.04	0.105294
3932.59	0.103291
3991.03	0.101882
4050.4	0.102744
4110.84	0.11204
4174.86	0.146022
4241.21	0.213151
4324.41	0.277198
4404.94	0.300447
4474.12	0.332398
4540.46	0.365996
4606.91	0.393327
4674	0.416593
4740.17	0.440548
4804.41	0.465883
4867.84	0.491748
4930.02	0.51796
4990.5	0.544549
5049.3	0.57055
5107	0.592723
5163.49	0.613636
5213.76	0.640051
5264.58	0.698775
5313.54	0.776803
5310.49	0.528258
5309.29	0.301588
5308.49	0.210869
2535.72	0.171493
2535.6	0.170917
2535.37	0.169842
2609.42	0.168068
2683.09	0.165002
2756.26	0.161277
2828.9	0.157253
2901.02	0.153137
2972.56	0.149045
3043.25	0.145042
3112.69	0.141168
3181.08	0.137443
3248.66	0.133868
3314.52	0.130455
3376.89	0.127243
3444.01	0.124012
3493.61	0.12156
3547.94	0.119095
3600.42	0.116712
3653.01	0.114393
3705.82	0.112124
3760.64	0.109872
3816.47	0.107685
3872.4	0.105674
3929.63	0.104107
3987.89	0.103888
4046.43	0.107607
4102.8	0.119713
4166.25	0.149552
4236.85	0.264534
4318.98	0.365248
4404.87	0.413372
4469.25	0.390045
4534.71	0.400272
4600.51	0.415257
4669.79	0.429292
4737.73	0.446496
4800.47	0.465253
4863.52	0.482108
4925.6	0.508144
4985.97	0.5351
5044.58	0.562087
5101.63	0.586526
5156.96	0.606885
5207.16	0.643024
5259	0.699715
5308.3	0.776954
5305.15	0.537302
5303.82	0.308332
5303.25	0.212447
2536	0.171458
2535.88	0.170882
2535.63	0.169809
2610.17	0.168029
2684.22	0.164945
2757.63	0.1612
2830.42	0.157159
2902.74	0.153028
2974.6	0.148922
3045.57	0.144912
3114.5	0.141052
3182.81	0.137348
3250.66	0.133796
3313.16	0.130521
3373.82	0.127432
3434.45	0.12447
3491.58	0.12169
3553.06	0.118885
3601.37	0.11667
3652.28	0.114466
3701.61	0.112318
3757.88	0.109975
3815.02	0.107738
3868.41	0.105806
3925.78	0.104205
3984.8	0.103983
4044.33	0.109
4104.39	0.135165
4160.61	0.188311
4225.1	0.239286
4297.04	0.315935
4380.47	0.354235
4455.55	0.376913
4524.08	0.404787
4584.36	0.435944
4662.76	0.461989
4734.19	0.486061
4804.77	0.508025
4855.85	0.510332
4918.79	0.531802
4979.48	0.555276
5038.36	0.578057
5095.96	0.596941
5152.58	0.617131
5208.07	0.650682
5250.38	0.684719
5295.06	0.751427
5297.92	0.463394
5298.29	0.277539
5298.16	0.214072
2536.42	0.171408
2536.3	0.170831
2536.03	0.169759
2611.34	0.16797
2685.93	0.164861
2759.54	0.161092
2832.37	0.157032
2904.88	0.152877
2977.5	0.148731
3049.95	0.144669
3116.95	0.140869
3185.09	0.137173
3258.11	0.133404
3313.78	0.130484
3371.01	0.127615
3428.64	0.124803
3485.52	0.122078
3542.53	0.119433
3596.54	0.11696
3650.3	0.114586
3705.25	0.112244
3754.91	0.110166
3805.11	0.108131
3864.72	0.105843
3920.59	0.103719
3981.42	0.101811
4041.07	0.100939
4100.75	0.103359
4161.55	0.112403
4225.2	0.129762
4290.58	0.162516
4357.94	0.237112
4446.08	0.325036
4519.65	0.374446
4588.3	0.408186
4659.07	0.43557
4728.37	0.458238
4788.12	0.479474
4849.4	0.497257
4911.1	0.521752
4972.1	0.546892
5031.28	0.571865
5089.29	0.593327
5146.84	0.613866
5202.78	0.650415
5255.13	0.711556
5299.86	0.776993
5296.19	0.541612
5294.71	0.315069
5293.58	0.216516
2536.99	0.17134
2536.89	0.170761
2536.64	0.169688
2613.16	0.167886
2688.56	0.164744
2762.16	0.160957
2834.59	0.156896
2906.85	0.152729
2980.53	0.148497
3059.77	0.144108
3118.29	0.140744
3182.52	0.137341
3248.09	0.133958
3310.01	0.130774
3367.54	0.127841
3424.22	0.125064
3479.69	0.122405
3537.03	0.119688
3592.57	0.11715
3647.19	0.114733
3702.45	0.112375
3751.67	0.110295
3800.86	0.108234
3862.73	0.105836
3923.34	0.103563
3980.16	0.101605
4038.53	0.0999432
4095.91	0.0989918
4157.56	0.0988943
4220.06	0.104058
4283.73	0.122982
4346.69	0.179725
4436.48	0.293351
4513.06	0.36654
4584.44	0.406756
4652.28	0.433339
4722.45	0.457136
4774.89	0.471917
4847.65	0.493023
4900.41	0.513419
4963.19	0.539083
5022.85	0.565343
5081.16	0.588766
5139.37	0.607881
5195.97	0.639382
5248.25	0.694414
5292.92	0.776835
5292.23	0.518266
5290.41	0.324037
5288.95	0.219602
2537.69	0.171258
2537.65	0.170672
2537.53	0.169587
2616.02	0.167754
2692.92	0.16456
2765.88	0.160778
2836.91	0.15679
2907.36	0.152745
2977.95	0.148716
3048.41	0.144772
3113.16	0.141104
3178.01	0.137581
3244	0.134105
3313.44	0.130572
3365.76	0.127857
3421.41	0.125154
3478.79	0.122444
3533.67	0.11988
3589.97	0.117363
3643.92	0.115003
3696.35	0.112711
3750.18	0.110388
3805.48	0.108109
3862.81	0.105879
3921.16	0.10372
3979.25	0.101748
4037.58	0.100212
4095.24	0.0998344
4153.44	0.102384
4213.48	0.117132
4273.91	0.159703
4337.39	0.225946
4428.21	0.32949
4503.24	0.365291
4573.49	0.393953
4643.72	0.417747
4711.16	0.444557
4778.75	0.468846
4834.33	0.485301
4893.18	0.511417
4953.72	0.53908
5012.83	0.56663
5071.14	0.590464
5130.51	0.610589
5188.61	0.644444
5243.17	0.700951
5293.84	0.776663
5289.15	0.560708
5285.9	0.365517
5284.29	0.234274
2538.44	0.171172
2538.52	0.170571
2538.72	0.16945
2620.41	0.167531
2701.12	0.164185
2771.48	0.160467
2839.73	0.15663
2907.7	0.152746
2975.48	0.14888
3042.74	0.145089
3107.98	0.141434
3172.41	0.13792
3236.54	0.134525
3299.95	0.13126
3358.25	0.128258
3415.97	0.125415
3474.1	0.122641
3529.99	0.120076
3583.49	0.117589
3641.78	0.115003
3698.05	0.112557
3754.69	0.110188
3807.46	0.108022
3862.01	0.10589
3920.22	0.103771
3978.89	0.101865
4037.81	0.100704
4096.22	0.102104
4149.24	0.111481
4204.68	0.148179
4264.93	0.210356
4344.8	0.269146
4419.13	0.290052
4493.93	0.343628
4556.28	0.389563
4632.22	0.418894
4694.75	0.452062
4768.4	0.478224
4835.8	0.505085
4890.66	0.523639
4942.06	0.542346
5000.81	0.570085
5058.07	0.59367
5119.72	0.613951
5179.82	0.648238
5236.33	0.70392
5289.15	0.776616
5283.91	0.571774
5280.02	0.38991
5278.32	0.250767
2539.15	0.171096
2539.29	0.170485
2539.87	0.169313
2625.7	0.167213
2719.61	0.163246
2779.11	0.159957
2842.8	0.156399
2908.18	0.152703
2973.5	0.148985
3039.11	0.145293
3103.61	0.141702
3167.17	0.138236
3229.91	0.134898
3291.69	0.131695
3351.51	0.128625
3410.33	0.125753
3466.67	0.122985
3526.38	0.120203
3584.98	0.117529
3642.13	0.114984
3699.92	0.112523
3759.8	0.110084
3808.34	0.108038
3856.29	0.106109
3919.22	0.1038
3979.1	0.101842
4040	0.101067
4095.77	0.104162
4150.07	0.115767
4203.79	0.147357
4267.66	0.209533
4332.18	0.278827
4417.66	0.322512
4492.35	0.361247
4560.73	0.394226
4627.97	0.422875
4690.28	0.453771
4759.82	0.479838
4824.74	0.506619
4887.03	0.53381
4934.44	0.554813
4987.74	0.57315
5038.6	0.597412
5107.08	0.616877
5169.52	0.65061
5227.46	0.705414
5281.36	0.776695
5276.25	0.574033
5272.19	0.400722
5270.38	0.259782
2539.75	0.171044
2539.65	0.170457
2539.57	0.169359
2622.8	0.167423
2705.48	0.163988
2779.65	0.160063
2843.16	0.156405
2908.58	0.152742
2971.01	0.149162
3037.21	0.145409
3100.8	0.141853
3163.32	0.138431
3224.93	0.135117
3286.7	0.131962
3344.81	0.12891
3405	0.125908
3464.04	0.123016
3524.67	0.120165
3589.09	0.117271
3641.99	0.114877
3699.76	0.112486
3760.42	0.110071
3813.04	0.108005
3866.69	0.106154
3922.18	0.104358
3979.27	0.103047
4034.02	0.102669
4089.8	0.104166
4151.21	0.108912
4211.08	0.121562
4272.83	0.152043
4334.47	0.211197
4420.88	0.309468
4493.24	0.368563
4560.92	0.406465
4624.89	0.43868
4687.76	0.46893
4751.43	0.496555
4812.31	0.512179
4875.31	0.536774
4934.12	0.561835
4977.18	0.57626
5034.67	0.597464
5096.88	0.617651
5158.51	0.651751
5216.84	0.706321
5271.29	0.7769
5266.33	0.574341
5262.28	0.405309
5260.38	0.264165
2540.46	0.170987
2540.02	0.170434
2539.19	0.169413
2620.37	0.167582
2699.76	0.164315
2774.44	0.160467
2843.35	0.156542
2910.58	0.152656
2977.13	0.1488
3037.92	0.145304
3099.07	0.141928
3159.01	0.138693
3222.02	0.135279
3282.82	0.132095
3341.41	0.129045
3401.01	0.126066
3460.09	0.123184
3519.49	0.120378
3580.64	0.117606
3635.06	0.115117
3695.74	0.112569
3763.25	0.109905
3814.87	0.107941
3869.31	0.106578
3926.27	0.107342
3979.07	0.109682
4037.09	0.115286
4093.32	0.129156
4153.38	0.146005
4213.96	0.172604
4271.41	0.223366
4349.48	0.312082
4422.07	0.367757
4491.23	0.406662
4558.79	0.43698
4618.03	0.442388
4680.29	0.464757
4730.55	0.484479
4801.27	0.503021
4864.46	0.528168
4922.61	0.555177
4975.28	0.582565
5024.08	0.597613
5083.71	0.618509
5145.58	0.652817
5204.34	0.707189
5259.15	0.777244
5254.3	0.574292
5250.31	0.40702
5248.36	0.265982
2541.64	0.17089
2540.78	0.170368
2539.22	0.169401
2619.66	0.167612
2698.66	0.164373
2774.95	0.160487
2845.15	0.156492
2913.23	0.152535
2974.24	0.148946
3035.78	0.145473
3099.87	0.14187
3164.39	0.138355
3221.38	0.135253
3281.25	0.132183
3337.15	0.129282
3397.74	0.126249
3456.05	0.12341
3512.88	0.120706
3567.95	0.118142
3622.31	0.115665
3685.38	0.113021
3749.83	0.110408
3809.81	0.108176
3870.4	0.107384
3936.09	0.114455
3987.59	0.136336
4040.27	0.179698
4090.29	0.220408
4152.13	0.27263
4216.99	0.325489
4283.17	0.370954
4353.63	0.404641
4418.7	0.412897
4485.25	0.427918
4547.13	0.442015
4608.18	0.456373
4666.85	0.476925
4729.58	0.496366
4793.54	0.515378
4854.84	0.539224
4913.48	0.564637
4971.53	0.588092
5019.99	0.602911
5064.78	0.621553
5130.52	0.65425
5189.99	0.708128
5245.01	0.777742
5240.25	0.574157
5236.36	0.406967
5234.4	0.26601
2543.69	0.170725
2542.28	0.170234
2539.75	0.169316
2620.28	0.167541
2700.19	0.164252
2781.46	0.16013
2849.01	0.156261
2909.83	0.152734
2974.35	0.148984
3037.38	0.145367
3100.26	0.141838
3162.2	0.138438
3222.05	0.135203
3282.33	0.132067
3342.67	0.128996
3396.92	0.126291
3453.75	0.123596
3508.31	0.120988
3556.34	0.118726
3601.26	0.116621
3674.15	0.113557
3741.47	0.110733
3804.79	0.108174
3866.9	0.106074
3929.2	0.105301
3987.9	0.107744
4042.78	0.119435
4098.17	0.152035
4151.17	0.206331
4211.04	0.261046
4279.43	0.308431
4344.22	0.332067
4412.42	0.363365
4478.6	0.393937
4540.55	0.411526
4599.08	0.429329
4652.6	0.456348
4722.55	0.476839
4785.86	0.500902
4845.42	0.52725
4902.31	0.554288
4957.98	0.579442
5009.37	0.600148
5065.81	0.624472
5116.45	0.654784
5174.32	0.708572
5228.79	0.778411
5224.2	0.57341
5220.57	0.404401
5218.63	0.263651
2547.18	0.170474
2544.92	0.170019
2540.8	0.169172
2621.45	0.167459
2700.27	0.164274
2776.53	0.160431
2846.47	0.15648
2911.62	0.15265
2975.9	0.148901
3039.12	0.145263
3101.57	0.141749
3162.14	0.138408
3222.33	0.13518
3283.45	0.132007
3339.48	0.129125
3397.54	0.126289
3452.03	0.123692
3503.93	0.121183
3558.37	0.118616
3612.85	0.116172
3668.95	0.113703
3737.69	0.110865
3801.63	0.108232
3863.9	0.105857
3926.41	0.104034
3991.74	0.104275
4042.54	0.109834
4095.85	0.127903
4148.68	0.146514
4208.05	0.190283
4261.73	0.24093
4336.65	0.307962
4401.11	0.329194
4465.49	0.350146
4528.93	0.372214
4594.86	0.400386
4655.65	0.432708
4717.98	0.463818
4778.02	0.493007
4835.06	0.522808
4889.28	0.553342
4946.65	0.579877
5005.06	0.599942
5053.87	0.620158
5110.16	0.657786
5156.36	0.708878
5209.56	0.779227
5206.1	0.567402
5203.21	0.395643
5201.39	0.256999
2552.93	0.170124
2549.46	0.169702
2542.87	0.168914
2624.37	0.167238
2702.81	0.164092
2777.84	0.160303
2848.67	0.15633
2914.22	0.152479
2978.48	0.148742
3041.6	0.145105
3104.74	0.141532
3162.47	0.138364
3221.73	0.13524
3279.58	0.132205
3337.96	0.129255
3391.87	0.126505
3451.17	0.123628
3507.56	0.12092
3564.04	0.118304
3620.54	0.115776
3675.83	0.11335
3739.26	0.110737
3800.79	0.10823
3861.41	0.105859
3921.57	0.103738
3980.65	0.102413
4036.5	0.102692
4092.06	0.107344
4147.67	0.121152
4203.6	0.149535
4262.48	0.182085
4319.51	0.198395
4376.95	0.206473
4448.74	0.25815
4522.73	0.332478
4589.39	0.382711
4651.75	0.419922
4711.14	0.453693
4769.05	0.485072
4823.89	0.516767
4870.07	0.547877
4932.24	0.571529
4988.37	0.59266
5038.78	0.612767
5094.1	0.643992
5145.39	0.695544
5184.77	0.762379
5186.57	0.534973
5185.04	0.374866
5183.4	0.245695
2562.18	0.169674
2557.12	0.169271
2547.03	0.168498
2630.27	0.166819
2708.66	0.163681
2783.25	0.159895
2856.09	0.155804
2918.04	0.152163
2982.14	0.148514
3044.04	0.144996
3103.75	0.141584
3162.19	0.138354
3221.8	0.135236
3279.31	0.132159
3338.16	0.129142
3395.3	0.126257
3453.41	0.123436
3511.37	0.120689
3570.04	0.118004
3629.81	0.115364
3688.27	0.112805
3743.26	0.110529
3801.54	0.10822
3860.14	0.105959
3918.67	0.103811
3975.42	0.101639
4031.93	0.100021
4087.89	0.0995919
4142.88	0.102825
4197.55	0.109896
4258.46	0.11219
4318.13	0.129169
4377.69	0.192204
4443.53	0.272829
4511.25	0.342676
4580.79	0.392815
4644.86	0.431228
4700.93	0.45328
4758.88	0.48127
4810.78	0.509164
4865.51	0.538647
4921.35	0.56705
4975.79	0.591257
5030.87	0.612542
5077.51	0.643262
5128.22	0.699899
5175.85	0.7785
5169.88	0.561435
5167.32	0.373423
5165.57	0.245672
2576.5	0.169128
2569.82	0.16873
2556.76	0.16788
2640.92	0.166134
2718.2	0.16307
2790.33	0.159454
2855.06	0.155791
2923.19	0.151865
2989.17	0.148059
3045.89	0.144798
3102.91	0.141605
3164.33	0.138225
3223.8	0.135031
3282.06	0.131952
3340.18	0.128971
3397.91	0.126082
3456	0.123265
3514.72	0.1205
3575.24	0.117751
3640.79	0.114927
3687.68	0.112777
3745.13	0.110402
3802.42	0.108082
3859.5	0.105824
3916.63	0.103638
3972.24	0.101568
4028.94	0.0997701
4082.87	0.0985495
4138.88	0.0967185
4195.3	0.0963457
4253.92	0.0982775
4312.78	0.112329
4369.35	0.162393
4437.53	0.27806
4508.53	0.365996
4570.54	0.389613
4631.03	0.412205
4690.98	0.4381
4748.18	0.468565
4802.78	0.499313
4856.55	0.530464
4909.39	0.560494
4960.87	0.586931
5011.33	0.60867
5057.13	0.646581
5108.76	0.705384
5158.29	0.781596
5152.05	0.580171
5148.88	0.434977
5146.63	0.277379
2597.52	0.168465
2588.89	0.168112
2569.54	0.167305
2657.98	0.165426
2735.56	0.162162
2804.58	0.158552
2871.37	0.15476
2930.4	0.151382
2987.18	0.148095
3049.7	0.144544
3109.05	0.141199
3168.42	0.137941
3227.03	0.134795
3284.99	0.131751
3342.69	0.128802
3400.29	0.125937
3458.15	0.123143
3516.53	0.120409
3575.7	0.117728
3635.34	0.115112
3690.72	0.112664
3747.72	0.110287
3804.15	0.107981
3859.56	0.105772
3916.97	0.103593
3968.93	0.101675
4020.91	0.0997526
4078.58	0.0977914
4135.63	0.09607
4191.84	0.0956295
4249.63	0.101355
4307.73	0.137446
4363.77	0.205172
4427.87	0.25112
4491.95	0.281835
4560.67	0.350604
4624.08	0.39625
4678.84	0.428188
4735.7	0.461011
4791.77	0.492573
4845.16	0.524443
4896.17	0.556057
4945.33	0.584829
4993.87	0.608864
5042.85	0.64708
5086.07	0.706469
5133.65	0.783418
5126.53	0.589545
5122.64	0.440273
5121.29	0.285197
2627.15	0.167573
2618.69	0.167269
2590.74	0.16652
2685.79	0.16425
2761.38	0.160785
2820.97	0.157573
2876.72	0.154344
2938.62	0.150816
2997.36	0.147425
3056.64	0.144069
3115.14	0.140801
3173.25	0.137624
3230.92	0.134539
3288.23	0.131546
3345.37	0.128638
3402.55	0.125806
3459.96	0.123043
3517.77	0.120339
3576	0.117694
3634.52	0.115109
3692.59	0.1126
3751.42	0.110162
3807.54	0.107852
3858.35	0.105825
3909.34	0.103849
3965.22	0.101726
4019.57	0.0997233
4076.06	0.097815
4134.47	0.0962734
4187.92	0.0963283
4245.13	0.100287
4299	0.106578
4360.47	0.116176
4420.35	0.136013
4476.17	0.172995
4546.67	0.290514
4613.71	0.371056
4673.47	0.416483
4719.49	0.453295
4779.48	0.483508
4832.75	0.515451
4882.2	0.54813
4928.77	0.579095
4973.34	0.604073
5015.51	0.640824
5055.11	0.705761
5100.42	0.785129
5096.53	0.587643
5094.83	0.430853
5093.65	0.278362
2665.22	0.166325
2667.96	0.165885
2679.7	0.164886
2732.93	0.162298
2785.26	0.159472
2838.89	0.156442
2893.2	0.153297
2949.92	0.150046
3006.91	0.146791
3064.31	0.143564
3121.57	0.140392
3178.53	0.137293
3235.19	0.134275
3291.67	0.131338
3348.1	0.128478
3404.69	0.125687
3461.57	0.122957
3518.8	0.120283
3576.32	0.117663
3634.54	0.115089
3694.14	0.112534
3758.37	0.109919
3803.87	0.107977
3857.54	0.105833
3911.4	0.103759
3963.96	0.101761
4017.12	0.0998358
4072.78	0.0979883
4127.49	0.0962376
4185.05	0.0943513
4241.72	0.093178
4297.91	0.0926669
4356.18	0.0941506
4414.55	0.101917
4471.8	0.128984
4526.51	0.216136
4602	0.331729
4662.98	0.389879
4716.57	0.429074
4769.77	0.4657
4820.67	0.499121
4868.35	0.532322
4912.58	0.564893
4953.12	0.593219
4986.77	0.620297
5020.41	0.657857
5053.04	0.686542
5063.68	0.553827
5067.29	0.394279
5066.83	0.238928
2700.51	0.164848
2708.19	0.164226
2727.05	0.162918
2763.76	0.160741
2807.76	0.158172
2856.04	0.155356
2907.21	0.152384
2960.86	0.149309
3016.01	0.146191
3072.04	0.143071
3128.26	0.139983
3184.08	0.136958
3239.66	0.134008
3295.2	0.131132
3350.76	0.128328
3406.65	0.125583
3462.99	0.122889
3519.76	0.120245
3576.24	0.11767
3633.52	0.115151
3691.48	0.112674
3749.88	0.110249
3805.23	0.107951
3857.26	0.105866
3915.57	0.103679
3963.02	0.101866
4007.93	0.10013
4070.11	0.0979617
4128	0.095941
4184.35	0.0940465
4240.09	0.0924064
4295.92	0.0913798
4352.61	0.0926699
4409.56	0.102469
4465.61	0.134804
4518.41	0.217904
4591.55	0.333307
4652.72	0.394051
4708.59	0.43643
4757.97	0.456588
4808.06	0.48676
4854.89	0.513798
4898.02	0.539074
4935.82	0.5626
4969.24	0.581682
4999.09	0.59181
5024.01	0.579966
5038	0.479947
5044.33	0.316081
5046.35	0.202713
2728.11	0.16346
2737.17	0.162761
2756.52	0.161401
2787.21	0.159434
2825.9	0.157071
2870.21	0.154438
2918.64	0.15162
2970.24	0.148675
3024.15	0.145655
3079.54	0.142606
3135.31	0.139575
3189.86	0.136621
3244.18	0.133743
3298.76	0.130928
3353.15	0.128197
3408.27	0.125508
3464.15	0.122846
3521.25	0.120199
3575.63	0.117706
3632.17	0.115255
3688.82	0.112837
3744.98	0.110487
3797.57	0.108271
3854.08	0.105979
3909.66	0.10382
3962.2	0.101793
4014.89	0.0998257
4072.83	0.0978046
4131.28	0.0958117
4185.65	0.0940086
4239.8	0.0925716
4294.54	0.0924613
4349.97	0.0986495
4405.2	0.133286
4458.46	0.196193
4515.62	0.252067
4581.46	0.301067
4641.34	0.331268
4693.95	0.354794
4746.96	0.385338
4797.49	0.418715
4844.02	0.447038
4885.85	0.47134
4922.69	0.491316
4954.76	0.504482
4982.24	0.502104
5004.6	0.466248
5019.15	0.364464
5024.52	0.211239
5030.2	0.16666
2746.6	0.162405
2755.85	0.161692
2774.57	0.160356
2802.6	0.158507
2838.36	0.156278
2880.2	0.153771
2926.82	0.151058
2977.24	0.148191
3030.72	0.145215
3086.61	0.142172
3143.53	0.139129
3195.86	0.136276
3248.42	0.133494
3302.56	0.130699
3354.88	0.128106
3409.26	0.125489
3464.25	0.12289
3518.83	0.120345
3575.08	0.117737
3631.2	0.115249
3687.17	0.112833
3742.66	0.110489
3797.23	0.108221
3852.51	0.106003
3907.61	0.103852
3962.15	0.101768
4017.58	0.0997252
4076.19	0.0976757
4139.87	0.0955926
4188.51	0.0940808
4240.37	0.0930851
4293.83	0.0936004
4348	0.0978361
4399.47	0.103748
4458.81	0.115762
4517.26	0.13754
4576.47	0.15761
4633.16	0.179846
4684.83	0.19945
4732.79	0.231336
4786.46	0.285593
4834.38	0.325969
4875.98	0.35292
4912.41	0.369868
4944.05	0.374048
4970.74	0.361122
4992.89	0.322851
5004.43	0.223742
5014.48	0.163524
5019.61	0.12827
2755.82	0.16183
2764.99	0.161122
2783.27	0.159812
2810.2	0.158019
2844.66	0.155858
2885.35	0.153414
2931.11	0.150751
2981.08	0.147912
3034.83	0.144923
3092.6	0.141785
3156.29	0.138447
3201.61	0.135945
3251.12	0.13338
3299.74	0.130831
3354.63	0.128117
3409.33	0.125459
3464.23	0.122843
3519.26	0.120268
3574.93	0.117723
3630.74	0.115244
3686.42	0.112833
3741.78	0.110492
3796.75	0.108221
3851.83	0.106013
3906.91	0.103864
3962.08	0.101768
4018.09	0.099715
4075.61	0.0976915
4133.67	0.0957159
4186.79	0.0939135
4239.53	0.0923084
4292.9	0.090997
4346.85	0.0902425
4401.13	0.0902056
4458.46	0.0923894
4516.55	0.0984503
4574.56	0.106682
4630.75	0.116107
4683.8	0.127259
4734.16	0.144827
4783.62	0.167125
4828.94	0.193362
4868.38	0.215947
4904.95	0.232538
4937.34	0.240921
4963.54	0.234257
4983.64	0.211496
4999.23	0.170406
5009.34	0.127268
5014.25	0.102073
4149.29	0.0953265
4188.93	0.0942446
4240.52	0.0936021
4293.91	0.0956111
4348.37	0.107277
4387.75	0.141108
4404.6	0.185275
4457.16	0.304808
4515.46	0.399918
4580.82	0.448551
4641.16	0.481509
4689.46	0.498427
4712.87	0.549047
4756.77	0.551217
4807.53	0.57426
4854.45	0.590291
4897.86	0.610352
4935.2	0.62564
4955.57	0.638268
4984.23	0.638875
4997.41	0.65757
2639.8	0.166717
2691.78	0.16444
2743.74	0.161846
2768.88	0.160329
2829.63	0.157049
2900.55	0.153144
2947.89	0.150455
2971.24	0.148957
3031.24	0.145657
3099.89	0.14195
3147.57	0.13934
3173.31	0.137773
3234.33	0.134629
3301.99	0.131226
3347.59	0.128926
3374.08	0.127461
3435.5	0.124578
3501.62	0.121543
3541.86	0.119632
3567.32	0.118324
3624.27	0.115827
3682.45	0.11331
3713.86	0.111913
3729.93	0.111132
3673.41	0.11366
3699.52	0.112464
3752.22	0.110325
3808.33	0.108157
3857.93	0.106204
3913.69	0.104368
3965.91	0.103201
4019.6	0.103152
4059.35	0.104203
4080.69	0.103546
4131.01	0.109027
4186.38	0.130838
4239.89	0.188932
4295.01	0.308324
4353.63	0.351123
4422.58	0.374946
4493.29	0.389467
4555.26	0.398369
4564.36	0.423955
4350.3	0.551792
4407.62	0.556063
4473.98	0.561162
4540.61	0.568769
4607.64	0.575669
4674.07	0.58316
4739.7	0.590469
4804.53	0.597282
4868.97	0.606666
4931.93	0.621007
4992.97	0.635825
5052.27	0.648886
5110.68	0.658425
5159.7	0.677069
5215.27	0.684049
5265.75	0.694376
5307.67	0.697677
5310.68	0.508867
4338.09	0.343362
4383.89	0.414053
4409.01	0.482168
4446.38	0.484518
4500.78	0.518384
4554.82	0.54446
4608.1	0.560507
4633.14	0.586758
4664.48	0.587037
4720.04	0.599954
4774.11	0.624287
4830.96	0.635082
4854.48	0.66048
4884.1	0.660612
4934.2	0.6871
4981.22	0.711046
5030.56	0.722854
5060.81	0.726333
5091.8	0.725778
5134.06	0.74142
5138.31	0.565982
5137.92	0.454189
3709.63	0.112017
3734.29	0.110927
3753.31	0.110097
3790.95	0.108583
3847.75	0.106379
3903.52	0.104229
3961.07	0.102153
3999.74	0.100868
4022.14	0.100083
4076.6	0.0987766
4137.63	0.0986332
4187.21	0.10354
4237.6	0.123872
4258.15	0.16245
4299.06	0.218276
4363.73	0.352868
4440.39	0.391832
4516.77	0.410015
4558.71	0.415988
4586.4	0.425293
4620.66	0.426535
2763.76	0.160895
2779.96	0.159904
2801.44	0.158651
2842.89	0.156374
2908.75	0.152731
2967.68	0.149409
2991.81	0.147855
3037.08	0.145333
3099.34	0.141925
3154.63	0.138986
3176.27	0.137633
3220.81	0.135277
3281.43	0.132189
3332.17	0.129617
3352.23	0.128465
3396.39	0.126319
3454	0.123606
3501.11	0.121405
3514.1	0.120654
3557.92	0.118645
3613.19	0.116192
3657.62	0.114303
3666.29	0.113845
3405.85	0.125825
3450.7	0.12366
3511.13	0.120889
3573.15	0.118111
3635.09	0.115397
3693.3	0.112846
3749.62	0.11047
3804.54	0.108237
3863.49	0.105997
3911.95	0.104191
3962.86	0.102761
4016.16	0.102724
4069.44	0.107496
4123.47	0.127289
4174.9	0.185975
4225.55	0.289295
4247.7	0.331531
4302.72	0.339049
4362.2	0.351364
4403.59	0.35341
3698.97	0.1123
3742.16	0.110503
3793.25	0.10845
3845.72	0.106391
3898.97	0.104371
3952.96	0.102458
3998.29	0.101127
4017.89	0.100956
4060.3	0.100913
4115.25	0.105385
4169.32	0.125724
4220.1	0.198252
4275.4	0.352799
4341.84	0.415438
4402.03	0.440693
4458.43	0.459397
4514.76	0.469116
4561.87	0.47194
4584.6	0.486554
4627.27	0.487286
4677	0.493142
4709.97	0.495119
3514.87	0.120721
3560.75	0.118588
3617.97	0.116057
3674.68	0.113578
3731.25	0.111194
3766.72	0.109712
3788.9	0.108707
3841.9	0.106723
3899.54	0.104744
3957.35	0.103272
4014.69	0.10337
4069.74	0.108191
4119.16	0.124917
4177.69	0.173128
4243.11	0.296051
4306.07	0.369725
4364.38	0.392631
4391.68	0.433858
4448.22	0.434744
4517.17	0.440696
4564.42	0.441912
3648.01	0.114593
3682.82	0.11311
3697.37	0.112395
3740.18	0.110603
3792.18	0.108501
3844.88	0.106414
3898.2	0.104358
3951.93	0.102354
4005.86	0.100452
4060.71	0.0987911
4115.51	0.097797
4152.18	0.0980977
4170.99	0.0977837
4218.71	0.0987065
4272.3	0.104735
4326.76	0.11775
4378.61	0.124232
4428.6	0.124084
4476.1	0.13436
4517.34	0.146645
2951.34	0.150175
2998.3	0.147459
3061.1	0.143949
3125.25	0.140422
3189.73	0.136956
3254.17	0.13358
3318.28	0.130306
3381.76	0.127142
3444.3	0.124098
3505.98	0.121178
3566.76	0.118381
3626.19	0.115714
3682.34	0.113229
3741.38	0.110745
3801.17	0.108331
3858.9	0.106047
3910.08	0.104091
3957.24	0.102516
3977.77	0.102012
4088.86	0.0976012
4108.28	0.0970686
4124.36	0.0975156
4166.5	0.098618
4189.22	0.107728
4220.93	0.115592
4261.22	0.163205
4277.13	0.214828
4326.27	0.34182
4351.47	0.405508
4402.04	0.409386
4438.62	0.429037
4468.74	0.437312
4514.54	0.44776
4534.63	0.47692
4582.5	0.479423
4607.45	0.509996
4648.43	0.510418
4690.44	0.520653
4717.16	0.538011
4762.91	0.542097
4781.58	0.573741
4824.44	0.575251
4858.19	0.578906
4895.01	0.578348
4939.73	0.581708
4956.46	0.581926
3895.75	0.10467
3912.21	0.103965
3958.94	0.102474
4010.71	0.101557
4062.81	0.102704
4085.4	0.10636
4122.22	0.110885
4176.07	0.135365
4229.83	0.214626
4290.78	0.353271
4320.15	0.43509
4363.05	0.438261
4429.39	0.458838
4493.43	0.471858
4554.75	0.480261
4581.7	0.494845
4612.98	0.4945
4680.55	0.528453
4741.66	0.543318
4799.4	0.55333
4830.21	0.555744
4859.05	0.556407
4903.88	0.559202
2584.33	0.167249
2597.76	0.167098
2640.99	0.166051
2717.86	0.163068
2790.35	0.159458
2845.8	0.156406
2865.9	0.155088
2917.51	0.152168
2981.99	0.148522
3044.5	0.144999
3084.06	0.142748
3107.11	0.141337
3162.36	0.13837
3221.83	0.135245
3277.73	0.132366
3301.87	0.131019
3338.87	0.129144
3397.28	0.126321
3452.37	0.1237
3496.54	0.121624
3513.67	0.120703
3555.76	0.118773
3594.07	0.117019
3655.79	0.114238
3677.62	0.113268
3694.29	0.112505
3743.17	0.110552
3801.56	0.108256
3860.17	0.106041
3919.01	0.10413
3950.08	0.103713
3980.17	0.103043
4036.41	0.104001
4092.04	0.110965
4147.7	0.135995
4195.26	0.20719
4216.3	0.329971
4261.53	0.366384
4335.85	0.393377
4400.96	0.410201
4466.52	0.422364
4517.05	0.427752
4543.36	0.452716
4598.34	0.453489
4635.97	0.457011
4145.39	0.098865
4155	0.101823
4189.82	0.107345
4234.15	0.140446
4246.52	0.198909
4295.16	0.30154
4348.87	0.354484
4368.37	0.417632
4422.88	0.423353
4475.7	0.432552
4500.66	0.479293
4561.55	0.483824
4605.62	0.489793
4620.39	0.502391
4674.6	0.508064
4698.58	0.531865
4725.07	0.531735
4773.98	0.537233
4788.32	0.562201
4819.26	0.562549
4865.86	0.566441
4878.25	0.59276
4914.47	0.59321
4954.36	0.596337
4962.06	0.608967
4988.81	0.60973
3072.31	0.143266
3118.39	0.14072
3182.61	0.137341
3247.8	0.133986
3309.63	0.130811
3367.43	0.12787
3424.19	0.125099
3478.02	0.122564
3501.37	0.121394
3533.36	0.119885
3589.69	0.117405
3643.79	0.115028
3696.46	0.11272
3750.31	0.110405
3805.64	0.108134
3862.9	0.105922
3921.16	0.103814
3979.28	0.10201
4037.67	0.101107
4092.12	0.10292
4113.36	0.109348
4146.83	0.11613
4171.14	0.133263
3356.57	0.128393
3373.09	0.127476
3389.56	0.126581
3431.42	0.124581
3489.08	0.121897
3546.65	0.119277
3585.26	0.117535
3608.74	0.116382
3661.6	0.11412
3707.88	0.112088
3761.9	0.109959
3785.72	0.108884
3825.21	0.107297
3883.97	0.105124
3943.18	0.103103
3987.99	0.101778
4010.57	0.100923
4063.06	0.0999516
4123.9	0.1012
4182.79	0.11009
4209.16	0.130977
4242.76	0.147879
4300.89	0.209829
4370.8	0.305816
4419.71	0.321123
3599.68	0.116745
3604.47	0.116506
3642.47	0.114859
3700.02	0.112512
3759.82	0.110145
3813.08	0.108062
3866.84	0.106217
3922.32	0.104532
3979.19	0.103503
4035.18	0.104041
4079.32	0.107491
4100.27	0.111905
4149.03	0.128793
4201.46	0.187651
4266.89	0.321709
4333.09	0.399803
4416.88	0.421447
4491.72	0.438492
4560.49	0.449232
4627.51	0.452139
4663.97	0.453568
4674.04	0.452479
3767.12	0.109512
3801.29	0.108125
3820.42	0.107313
3858.37	0.105842
3903.78	0.104164
3922.37	0.103386
3969.08	0.101734
4008.42	0.100568
4030.66	0.0999615
4082.64	0.0995286
4111.03	0.10321
4142.83	0.10552
4194.93	0.123999
4215.75	0.165786
4260.32	0.209759
4314.98	0.334006
4341.05	0.415496
4401.1	0.4225
4449.16	0.436217
4479.35	0.465736
4539.71	0.470488
4569.67	0.483318
4607.97	0.482711
4664.46	0.485131
4689.96	0.485274
4719.49	0.484975
4730.89	0.482836
4734.81	0.487256
4771.78	0.487718
4789.35	0.505295
4830.58	0.50574
4847.13	0.536247
4886.69	0.536671
4898.57	0.566512
4931.68	0.567094
4944.15	0.587852
4974.98	0.588167
4988.47	0.609875
5021.51	0.61042
5033.2	0.64302
5062.46	0.644213
5079.9	0.675061
5113.99	0.675826
5125.9	0.719734
5154.12	0.720895
5161.06	0.761225
5182.01	0.762225
5175.57	0.757825
5169.33	0.615239
5158.08	0.61146
5156.51	0.601265
3918.9	0.103527
3963.94	0.101866
3993.71	0.100785
4018.09	0.0998339
4072.95	0.0980907
4125.22	0.0968863
4147.64	0.0974561
4187.39	0.098041
4245.4	0.107416
4289.86	0.144069
4307.39	0.198029
4362.78	0.313055
4428.45	0.409206
4474.41	0.442818
4508.14	0.474852
4570.34	0.485941
4629.41	0.497718
4657.11	0.51659
4699.83	0.51667
4759.02	0.532709
4804.94	0.536303
4826.66	0.547732
4865.4	0.548227
3636.76	0.115144
3673.4	0.113547
3719.02	0.111679
3737.42	0.110842
3780.03	0.109164
3837.42	0.106983
3893.35	0.104878
3952.44	0.103064
4010.83	0.102156
4067.61	0.103477
4120.03	0.108556
4142.83	0.111727
4183.92	0.119235
4241.42	0.159932
4301.65	0.27546
4370.69	0.366137
4442.04	0.400283
4520.94	0.408603
4589.08	0.41627
4616.46	0.423759
4643.64	0.423361
3651.41	0.114597
3696.33	0.112663
3723.61	0.111519
3751.94	0.110304
3809.7	0.108099
3839.13	0.106958
3864.47	0.105912
3912.25	0.104127
3943.42	0.103041
3965.02	0.102137
4015.66	0.100928
4050.9	0.101511
4072.35	0.102415
4123.51	0.108908
4162.31	0.124484
4183.12	0.134055
4231.82	0.177354
4273.7	0.259178
4293.92	0.343645
4353.19	0.359863
4401.75	0.370976
4422.69	0.40315
4474.1	0.406429
4514.66	0.412655
4518.25	0.403881
3823.26	0.107338
3860.31	0.105877
3910.72	0.104004
3961.58	0.102345
4007.19	0.101477
4024.69	0.101994
4064.52	0.10258
4123.11	0.10918
4180.62	0.137197
4228.71	0.219036
4256.11	0.353129
4289.95	0.365902
4352.86	0.393734
4413.34	0.415606
4479.7	0.428502
4516.38	0.439325
4533.76	0.471351
4583.54	0.474143
4634.39	0.484213
4687.58	0.489851
4724.53	0.494287
4733.61	0.516742
4769.45	0.517407
4801.13	0.491503
4810.3	0.508809
4836.09	0.507268
4848.39	0.501011
4853.23	0.514174
4878.76	0.515582
4891.91	0.517301
4895.62	0.548928
4919.61	0.550888
4933.09	0.559198
4937.72	0.579762
4958.76	0.581127
4973.5	0.583683
4975.15	0.600174
4994.93	0.602183
5007.68	0.600622
5008.2	0.61336
5025.34	0.61631
5036.85	0.613262
5033.34	0.635452
5045.94	0.645657
5054.96	0.646753
5044.74	0.672192
5051.44	0.703694
5053.01	0.70513
3401.99	0.125937
3415.29	0.125254
3444.43	0.123857
3460.77	0.123072
3493.5	0.12157
3511.25	0.120731
3533.41	0.119734
3561.03	0.118484
3577.59	0.117737
3610.15	0.116321
3628.46	0.115505
3653.58	0.11446
3680.48	0.113305
3700.27	0.112426
3734.21	0.111033
3752.71	0.110252
3778.77	0.109256
3802.78	0.108294
3818.01	0.107696
3851.08	0.106428
3867.67	0.105653
3887.9	0.104834
3901.93	0.104196
3768.65	0.109676
3815.46	0.108011
3861.84	0.106768
3876.62	0.105994
3921.81	0.104508
3979.79	0.103299
4024.94	0.103171
4045.08	0.103183
4095.17	0.106723
4150.35	0.124788
4187.22	0.166702
4204.33	0.202588
4264.65	0.324162
4345.84	0.391488
4393.83	0.414454
4428.82	0.442412
4502.76	0.450745
4573.37	0.463914
4609.57	0.467674
4651.34	0.466758
4721.36	0.471546
4769.15	0.474735
4776.5	0.480158
4776.57	0.48253
3670.41	0.11367
3707	0.11211
3764.17	0.109828
3822.45	0.107566
3880.5	0.105634
3938.65	0.104694
3996.86	0.107234
4056.14	0.121622
4113.3	0.17318
4179.8	0.306275
4248.23	0.385603
4325.35	0.410156
4397.91	0.425852
4470.02	0.4337
4513.08	0.437583
4539.42	0.461968
4602.27	0.465505
4666.94	0.470662
4731.15	0.472104
4783.16	0.475228
4734.41	0.484465
4742.81	0.486442
4778.14	0.487052
4799.32	0.513347
4828.43	0.517812
4856.51	0.51822
4877.63	0.540278
4913.29	0.540778
4933.4	0.562452
4960.99	0.564783
4987.65	0.564606
5006.83	0.582384
5039.89	0.582754
5057.75	0.597534
5082.06	0.599489
5105.56	0.599438
5120.46	0.626897
5151.82	0.627982
5164.84	0.65278
5185.5	0.662343
5205.55	0.662759
5216.13	0.709774
5243.33	0.712307
5256.42	0.771667
5277.8	0.776877
5289.83	0.776749
4193.67	0.143817
4232.38	0.215206
4290.21	0.354857
4353.68	0.393034
4400.16	0.404335
4422.43	0.452042
4473.97	0.457091
4530.14	0.469061
4583.95	0.475317
4627.16	0.480694
4639.6	0.543983
4676.47	0.546127
4724.98	0.559831
4774.99	0.566047
4826.61	0.568922
4837.72	0.610041
4870.86	0.609204
4918.09	0.643225
4961.82	0.660787
5002.07	0.675595
5018.87	0.696449
5021.16	0.673739
5034.27	0.676422
3321.22	0.130088
3366.14	0.127832
3421.56	0.125157
3478.63	0.122467
3533.76	0.119897
3589.86	0.117393
3643.87	0.11503
3697.42	0.112722
3731.24	0.111273
3755.72	0.110142
3807.47	0.10806
3862.33	0.10593
3920.28	0.103862
3978.91	0.102107
4037.74	0.101481
4095.78	0.10468
4149.45	0.119474
4205.6	0.161126
4254.8	0.211374
4274.6	0.252133
4316.92	0.277576
3457.84	0.123262
3493.64	0.121554
3547.81	0.119114
3600.43	0.116729
3653.05	0.114412
3706	0.112144
3760.75	0.109914
3816.51	0.107784
3872.54	0.105958
3929.75	0.105068
3987.9	0.107241
4046.3	0.119156
4095.25	0.156427
4109.17	0.223843
4158.58	0.313848
4225.06	0.390606
4297.98	0.414714
4379.66	0.420656
4454.8	0.428015
4523.53	0.434212
4570.08	0.436687
3161.95	0.138074
3201.81	0.135929
3251.79	0.133368
3283.91	0.131699
3304.7	0.130552
3354.88	0.128111
3409.31	0.125497
3464.35	0.122904
3517.86	0.120451
3542.58	0.119238
3575.26	0.117721
3632.16	0.115276
3688.8	0.112861
3745.22	0.110512
3793.89	0.108517
3815.08	0.107553
3856.79	0.10591
3914.84	0.103745
3962.68	0.101909
4002.17	0.10041
3998.04	0.106399
3998.44	0.106488
4042.85	0.114472
4095.47	0.148484
4131.06	0.237657
4152.99	0.334919
4210.72	0.382305
4279.84	0.419068
4334.33	0.431682
4359.13	0.487892
4418.09	0.489933
4485.49	0.501019
4540.8	0.505232
4565.36	0.534555
4617.23	0.535967
4679.95	0.553307
4730.09	0.563949
4759.57	0.567999
4811.09	0.568012
4875.14	0.581259
4931.13	0.584511
4950.66	0.595472
4987.29	0.595399
5022.2	0.597777
3953.49	0.143124
3985.06	0.175591
4038.65	0.30705
4090.23	0.4259
4151.78	0.472148
4216.7	0.504168
4283.15	0.520491
4353	0.528272
4418.51	0.539859
4484.66	0.547473
4546.77	0.560151
4607.75	0.570408
4666.82	0.581778
4729.45	0.586695
4793.16	0.591693
4854.53	0.598504
4913.31	0.608945
4970.89	0.615714
5020.14	0.625207
5055.45	0.62729
2746.55	0.161552
2749.94	0.161355
2763.98	0.160585
2821.25	0.157564
2859.69	0.155404
2875.89	0.154406
2930.54	0.151372
2979.94	0.148594
2997.59	0.147463
3045.63	0.144806
3100.41	0.1418
3121.69	0.14051
3161.74	0.138366
3221.83	0.135269
3253.52	0.13358
3280.19	0.13214
3338.31	0.129262
3380.45	0.12719
3400.82	0.126088
3451.98	0.123705
3499.08	0.121491
3515.5	0.120608
3555.62	0.118773
3595.67	0.116938
3870.93	0.105521
3912.04	0.104117
3945.09	0.103445
3967.19	0.103125
4018.1	0.103382
4070.64	0.108519
4125.73	0.130101
4152.44	0.169882
4174.64	0.198369
4231.48	0.325527
4299.17	0.392744
4368.01	0.425594
4395.61	0.460204
4429.51	0.460308
4493.42	0.468596
4555.97	0.47712
4614.4	0.482189
4635.25	0.510814
4669.59	0.51108
4724.73	0.519007
4776.16	0.525248
4815.1	0.526446
2731.68	0.162478
2779.03	0.159927
2842.92	0.156377
2908.19	0.152691
2973.52	0.148978
3039.03	0.145295
3103.54	0.141709
3167.1	0.138247
3229.82	0.134913
3291.52	0.131714
3351.4	0.128653
3410.15	0.125773
3466.96	0.12299
3526.29	0.120232
3584.84	0.117567
3642.2	0.115021
3700.02	0.112567
3758.49	0.110193
3807.77	0.108131
3845.32	0.106636
2827.85	0.157531
2850.56	0.156125
2908.06	0.152868
2932.27	0.151316
2973.8	0.148951
3034.73	0.145575
3061.55	0.143969
3098.6	0.141932
3159.24	0.138707
3191.1	0.136931
3224.64	0.135113
3287.05	0.131974
3322.77	0.130128
3351.8	0.128589
3410.78	0.125761
3449.51	0.123903
3475.08	0.122581
3530.31	0.120092
3570.09	0.118322
3591.92	0.117253
3644.15	0.115016
3685.64	0.113243
3705.11	0.112256
3751.55	0.11033
3789.27	0.108825
3795.62	0.108543
4016.83	0.110816
4022.71	0.111343
4067.96	0.133731
4118.07	0.210676
4178.08	0.358651
4244.16	0.435848
4311.84	0.478647
4381.98	0.498439
4449.35	0.515091
4517.04	0.525519
4580.79	0.536878
4656.45	0.539858
4712.57	0.541525
4739.48	0.578146
4799.75	0.579245
4867.3	0.58878
4931.2	0.595012
4989.36	0.605382
5047.63	0.611589
5104.06	0.616924
5154.09	0.621275
4435.21	0.51389
4469.47	0.514568
4534.54	0.523968
4600.55	0.533009
4669.53	0.538212
4737.86	0.544236
4790.19	0.546907
4810.47	0.610717
4855.96	0.615839
4918.47	0.62215
4979.16	0.635467
5038.09	0.648042
5095.72	0.658179
5152.31	0.666065
5207.06	0.672733
5250.23	0.680486
5292.21	0.678452
5297.52	0.447576
5298.21	0.284979
5298.17	0.219544
3558.26	0.118598
3601.81	0.116655
3652.76	0.114473
3694.91	0.112711
3711.89	0.111926
3754.4	0.1102
3805.75	0.108126
3865.19	0.105897
3903.21	0.104486
3925.75	0.103522
3980.04	0.101728
4038.59	0.100283
4094.24	0.100483
4118.03	0.103828
4153.13	0.106691
4213.28	0.12712
4271.89	0.19343
4332.37	0.31561
4355.43	0.36382
4418.02	0.367426
4493.13	0.381662
4546.28	0.390009
3765.21	0.109871
3780.41	0.109298
3813.28	0.108085
3863.05	0.106887
3880.43	0.107809
3926.11	0.109408
3971.27	0.122832
3990.94	0.144817
4040.26	0.178028
4076.61	0.184058
4099.38	0.164246
4150.74	0.203349
4176.74	0.195396
4207.96	0.193944
4258.69	0.219878
4277.19	0.202796
4318.72	0.204856
4368.43	0.250731
4385.24	0.318756
4443.22	0.358148
4492.52	0.382384
4512	0.421161
4569.88	0.425957
4600.53	0.434707
4624.77	0.438394
4676.32	0.442431
4692.94	0.453441
4707.45	0.453586
4140.96	0.0987702
4145.18	0.0984019
4177.62	0.0991542
4194.55	0.0991139
4220.87	0.109568
4239.95	0.123577
4259.51	0.185821
4292.01	0.237078
4312.7	0.338031
4353.96	0.343911
4372.71	0.35824
4406.65	0.363711
4429.67	0.370352
4451.65	0.369856
4484.05	0.370183
4498.68	0.389008
4532.48	0.391714
4542.62	0.427434
4571.73	0.431367
4584.46	0.451403
4602.01	0.463175
4626.09	0.463047
4633.59	0.484626
4658.8	0.485516
4659.94	0.437394
3871.73	0.105652
3902.76	0.104652
3919.3	0.104171
3965.37	0.103269
4018.25	0.103762
4070.71	0.109128
4125.89	0.130009
4177.93	0.199898
4238.28	0.35045
4304.01	0.405234
4362.84	0.441939
4422.85	0.457128
4491.45	0.46585
4561.59	0.472721
4613.75	0.476234
4639.43	0.505875
4697.1	0.507182
4759.38	0.519745
4816.23	0.526687
4852.75	0.530276
2680.82	0.165143
2698.84	0.16417
2740.78	0.162018
2766.36	0.160531
2829.83	0.157121
2883.69	0.154129
2905.53	0.152732
2961.5	0.149603
3024.33	0.146176
3049.45	0.144586
3098.84	0.141908
3165.27	0.138405
3197.08	0.136606
3233.28	0.134654
3298.76	0.131391
3341.59	0.129215
3365.83	0.127863
3423.59	0.12515
3473.46	0.122808
3494.07	0.121659
3543.48	0.119401
3597.25	0.117023
3619.3	0.115939
3660.6	0.114172
3698.79	0.112534
3133.34	0.140007
3140.84	0.139538
3177.37	0.137561
3239.9	0.134352
3299.85	0.131329
3325.64	0.129911
3362.98	0.128025
3423.29	0.12516
3481	0.122416
3510.99	0.120939
3544.43	0.119332
3605.17	0.116655
3664.52	0.114075
3697.94	0.112618
3726.69	0.111313
3780.68	0.109148
3838.23	0.107023
3875.1	0.105868
3900.65	0.105028
3958.1	0.104336
4018.01	0.106861
4053.22	0.110943
4072.79	0.109368
4112.65	0.117263
3262.71	0.133097
3314.17	0.130459
3371.07	0.127621
3428.59	0.124818
3485.51	0.122097
3542.27	0.119468
3596.5	0.116989
3650.39	0.114614
3704.93	0.112303
3755.78	0.110194
3801.81	0.108414
3823.9	0.107556
3867.59	0.106127
3925.88	0.105033
3984.84	0.106337
4044.28	0.115206
4103.8	0.144557
4158.52	0.202679
4225	0.299336
4290.41	0.316043
