2811.52	0.158511
2822.31	0.157705
2843.83	0.156206
2875.57	0.154147
2916.13	0.151674
2963.65	0.148905
3016.25	0.14593
3072.28	0.142826
3130.42	0.139662
3189.63	0.136495
3249.12	0.133373
3308.29	0.130333
3366.61	0.127405
3423.56	0.124612
3478.43	0.121978
3530.38	0.11952
3580.23	0.117229
3628.21	0.115082
3674.13	0.113073
3717.74	0.111203
3759.02	0.109466
3798.42	0.107843
3836.39	0.106312
3873.33	0.104852
3909.56	0.103448
3945.26	0.102092
3980.06	0.100798
4010.91	0.0996441
4042.24	0.0985101
4073.61	0.0973924
4105.14	0.0962874
4136.86	0.0951934
4168.71	0.0941106
4201	0.0930303
4234.24	0.0919379
4269.11	0.0908145
4306.45	0.0896434
4345.48	0.0884463
4385.66	0.0872582
4426.52	0.0861396
4467.5	0.0852582
4507.92	0.085158
4546.95	0.0873625
4583.43	0.0946206
4615.58	0.108731
4641.56	0.123608
4661.33	0.123125
4675.4	0.0976817
4684.02	0.0845286
4688.07	0.08036
2799.69	0.159448
2810.5	0.158632
2832.46	0.157076
2865.49	0.1549
2907.81	0.152287
2957.09	0.149384
3011.2	0.146294
3068.42	0.143099
3127.46	0.139864
3187.35	0.136645
3247.37	0.133483
3306.99	0.130411
3365.8	0.127453
3423.42	0.124628
3479.18	0.121961
3530.33	0.119518
3580.03	0.117235
3628.3	0.11508
3674.62	0.113058
3718.38	0.11118
3759.41	0.10945
3798.54	0.107838
3836.34	0.106314
3873.19	0.104857
3909.5	0.103449
3945.87	0.102067
3983.97	0.100666
4010.68	0.0996533
4042.71	0.0984976
4074.26	0.0973727
4106.05	0.0962598
4138.1	0.0951564
4169.93	0.0940743
4202.02	0.0930017
4234.84	0.091926
4269.17	0.0908271
4307.57	0.0896549
4347.44	0.088488
4388.37	0.0874517
4430.03	0.0867957
4471.89	0.087307
4513.16	0.0916735
4552.99	0.106729
4590.25	0.138815
4622.52	0.186774
4647.82	0.220979
4667.66	0.215664
4683.46	0.140271
4692.5	0.0994364
4696.49	0.0849448
2776.04	0.16113
2786.49	0.160331
2808.92	0.158714
2844.93	0.156323
2891.21	0.153444
2944.23	0.150287
3001.42	0.146981
3061	0.143613
3121.79	0.140247
3182.97	0.13693
3243.95	0.133695
3304.35	0.130567
3363.98	0.127555
3422.96	0.124659
3482.35	0.121847
3529.6	0.119538
3579.19	0.117269
3628.38	0.115083
3675.83	0.113019
3720.08	0.11112
3760.2	0.109419
3798.71	0.107834
3836.16	0.106326
3872.78	0.104879
3908.79	0.103482
3944.46	0.102125
3980.06	0.100801
4014.02	0.0995488
4044.2	0.0984609
4075.48	0.0973449
4107.78	0.0962187
4140.97	0.0950852
4172.55	0.0940123
4204.28	0.0929605
4236.16	0.0919534
4267.67	0.0910444
4310.04	0.0900038
4351.42	0.0891666
4393.69	0.0892512
4436.83	0.0914657
4480.32	0.0990894
4522.63	0.122293
4562.28	0.178604
4604.67	0.272649
4642.57	0.34815
4671.21	0.38886
4691.04	0.376761
4698.77	0.212828
4708.78	0.134664
4712.76	0.0985866
2741.02	0.163289
2749.55	0.162593
2770.8	0.161029
2812.95	0.15833
2866.58	0.155071
2925.8	0.15155
2987.67	0.147934
3050.67	0.144323
3113.9	0.140775
3176.82	0.137326
3239.05	0.133998
3300.37	0.130802
3360.64	0.127746
3419.9	0.124829
3478.25	0.122054
3524.42	0.119802
3576.71	0.117392
3628.27	0.115101
3678.41	0.112932
3724.29	0.110958
3761.11	0.109388
3798.69	0.107856
3835.74	0.106368
3872.14	0.104931
3907.85	0.103545
3942.81	0.10221
3977.77	0.100904
4011.79	0.0996541
4043.3	0.0984913
4077.11	0.0972934
4109.38	0.0961583
4147.7	0.0948743
4176.69	0.0939182
4208.41	0.0928864
4241.81	0.092106
4276.99	0.0921062
4316.23	0.0936401
4357.43	0.094818
4401.14	0.100919
4446	0.116338
4491.58	0.146826
4532.9	0.215772
4587.04	0.327677
4631.49	0.40364
4668.75	0.461222
4698.5	0.509146
4718.03	0.519016
4727.87	0.343061
4732.32	0.182069
4735.8	0.123522
2696.7	0.165514
2699.06	0.165039
2710.86	0.16387
2768.47	0.160777
2835.17	0.157044
2903.35	0.153068
2971.28	0.149071
3038.43	0.145166
3104.53	0.141403
3169.43	0.137801
3233.05	0.134366
3295.32	0.131097
3356.19	0.127992
3415.59	0.125048
3473.42	0.122261
3529.34	0.119622
3572.92	0.117547
3627.67	0.115129
3683.49	0.112743
3725.05	0.110914
3761.2	0.109379
3798.37	0.107866
3835.37	0.106384
3871.82	0.104946
3907.55	0.103564
3940.92	0.102275
3976.79	0.100923
4011.2	0.0996535
4044.75	0.0984331
4078.96	0.0972201
4114.25	0.0960033
4145.88	0.0949343
4180.85	0.0938361
4212.81	0.0932698
4247.89	0.0944103
4284.46	0.102376
4322.29	0.125682
4362.78	0.129429
4408.68	0.151206
4453.68	0.202307
4509.82	0.280628
4562.13	0.348021
4612.1	0.412622
4656.83	0.468552
4696.56	0.525987
4732.66	0.581367
4753.91	0.620197
4761.19	0.448943
4758.93	0.229869
4763.86	0.153149
2649.38	0.167351
2638.47	0.166968
2604.36	0.165985
2713.99	0.163312
2801.19	0.159116
2879.88	0.154659
2954.23	0.150265
3025.64	0.146055
3094.6	0.142068
3161.44	0.138311
3226.41	0.134768
3289.62	0.131426
3351.08	0.128272
3410.73	0.125298
3468.39	0.122502
3523.64	0.119888
3575.47	0.11748
3624.09	0.115281
3673.48	0.113144
3717.76	0.111224
3758.19	0.109507
3797.06	0.107905
3834.84	0.106382
3871.71	0.104924
3908	0.103516
3944.59	0.10213
3977.25	0.100902
4011.72	0.0996452
4046.09	0.0984045
4080.55	0.097183
4115.4	0.0959772
4150.74	0.0948005
4183.67	0.0937981
4217.38	0.0930645
4253.54	0.0935548
4290.55	0.0995883
4333.19	0.137713
4362.55	0.216591
4417.92	0.301805
4473.66	0.360287
4534.26	0.402277
4582.91	0.407927
4634.11	0.456845
4680.95	0.506079
4723.61	0.559505
4764.88	0.617705
4811.55	0.727486
4803.16	0.50606
4797.86	0.303626
4797.96	0.175538
2612.51	0.16874
2600.65	0.168227
2573.16	0.167143
2681.17	0.164932
2774.74	0.160743
2859.54	0.156036
2938.73	0.15135
3013.74	0.146886
3085.07	0.142706
3153.5	0.138813
3219.6	0.135177
3283.64	0.131769
3345.71	0.128566
3405.76	0.125557
3463.68	0.122735
3519.33	0.120096
3572.71	0.117637
3617.88	0.115568
3666.85	0.113417
3712.74	0.111439
3755.31	0.109636
3795.62	0.107969
3834.21	0.106409
3871.39	0.104934
3907.62	0.103526
3943.29	0.102168
3977.91	0.100869
4012.87	0.0995874
4047.86	0.0983265
4082.35	0.0971003
4116.97	0.0958953
4152.01	0.0947072
4187.21	0.0935765
4222.29	0.0927005
4256.13	0.0926815
4299.18	0.097953
4335.84	0.120175
4373.67	0.17145
4416.57	0.236432
4475.5	0.319992
4540.71	0.377573
4602	0.418685
4657.77	0.469002
4707.59	0.520334
4757.9	0.568415
4802.85	0.61598
4850.97	0.722088
4840.88	0.505579
4834.3	0.321677
4832.74	0.18992
2587.16	0.169867
2578.15	0.169208
2560.09	0.168043
2662.12	0.165967
2756.18	0.161875
2843.68	0.157079
2926.11	0.152219
3004.01	0.147573
3076.78	0.143253
3146.1	0.139272
3212.95	0.135574
3277.66	0.132114
3340.32	0.128868
3400.87	0.125821
3459.2	0.122966
3515.26	0.120295
3569.23	0.117796
3621.74	0.115438
3661.59	0.113629
3709.46	0.111584
3753.3	0.109728
3794.7	0.108016
3833.98	0.106426
3871.27	0.104943
3907.26	0.10354
3942.77	0.102185
3978.23	0.100857
4014.27	0.0995372
4050.68	0.098232
4084.87	0.0970123
4119.27	0.0958183
4154.58	0.0946308
4192.6	0.093478
4226.11	0.0927251
4262.99	0.0929228
4301.35	0.0958737
4340.02	0.101955
4384.47	0.116262
4428.2	0.149896
4487.03	0.230014
4562.82	0.344326
4625.15	0.408173
4683.78	0.465001
4726.45	0.513563
4783.19	0.561921
4830.43	0.613185
4875.68	0.704733
4873.58	0.49626
4869.27	0.330321
4866.76	0.197617
2570.59	0.170816
2564.5	0.170025
2553.1	0.168712
2650.47	0.166636
2743.34	0.162614
2831.86	0.157792
2916.74	0.152816
2997.99	0.148014
3070.33	0.143654
3139.46	0.139671
3206.57	0.135957
3271.8	0.132466
3335.06	0.129181
3396.17	0.126096
3454.96	0.123207
3511.32	0.12051
3565.29	0.117998
3616.85	0.115663
3665.22	0.113514
3708.67	0.111613
3752.36	0.109774
3794.72	0.108032
3834.76	0.106412
3871.71	0.104936
3906.86	0.103561
3942.05	0.102217
3978	0.100871
4015.59	0.0994952
4056.32	0.098051
4088.08	0.0969189
4121.82	0.0957731
4155.86	0.0946535
4188.87	0.0935694
4228.76	0.0924159
4267.34	0.0915559
4306.19	0.0914323
4349.93	0.0947055
4394.16	0.103041
4443.6	0.144783
4508.89	0.272117
4584.33	0.3774
4642.64	0.4167
4696.29	0.472363
4756	0.523259
4813.23	0.57235
4867.88	0.623306
4920.25	0.722801
4910.52	0.523104
4902.96	0.337641
4899.46	0.201773
2559.94	0.171567
2556	0.170664
2548.85	0.169189
2642.81	0.167075
2734.09	0.163099
2822.69	0.158268
2909.8	0.153145
2999.5	0.147897
3065.53	0.143858
3133.14	0.140024
3200.28	0.13634
3266.04	0.132832
3329.99	0.129513
3391.82	0.126389
3451.2	0.123465
3507.84	0.120741
3561.88	0.118212
3613.37	0.115866
3662.14	0.113699
3706.14	0.111771
3751.41	0.109856
3795.92	0.108033
3837.71	0.106337
3873.22	0.104911
3905.96	0.103636
3940.32	0.102323
3976.14	0.100982
4014.08	0.0995914
4051.82	0.0982429
4085.67	0.0970452
4118.55	0.0958606
4156.19	0.0945721
4193.63	0.0933207
4233.99	0.0920573
4267.39	0.0911103
4312.9	0.0904985
4358.57	0.0944765
4406.19	0.126328
4455.28	0.201622
4524.94	0.295375
4590.95	0.368222
4659.98	0.424036
4721.93	0.477563
4782.63	0.527951
4841.71	0.575674
4899.84	0.624705
4954.64	0.721326
4943.41	0.526751
4934.43	0.344065
4930.02	0.205201
2553.13	0.17211
2550.6	0.171127
2546.06	0.169531
2637.35	0.167398
2726.79	0.1635
2814.04	0.158778
2899.06	0.15382
2981.26	0.148969
3054.95	0.144539
3125.64	0.140462
3194.41	0.136643
3261.39	0.133043
3326.5	0.12965
3389.56	0.126462
3450.03	0.123486
3506.79	0.12074
3560.86	0.118204
3612.74	0.115843
3662.74	0.113629
3712.1	0.111514
3750.48	0.109849
3800.58	0.107833
3836.55	0.106347
3871.95	0.104948
3906.61	0.103604
3940.09	0.102317
3979.39	0.100857
4013.48	0.0996129
4047.96	0.0983641
4084.8	0.0970612
4120.38	0.0958122
4158.17	0.0945022
4197.18	0.0932155
4232.24	0.0921053
4274.78	0.091007
4321.7	0.0914396
4366.4	0.100303
4413.07	0.141989
4465.15	0.227794
4531.29	0.315143
4607.34	0.375605
4675.7	0.432783
4742.08	0.483163
4805.61	0.531385
4866.97	0.577412
4927.23	0.625187
4983.24	0.720293
4972.07	0.524931
4962.72	0.343058
4957.99	0.205132
2548.75	0.172477
2547.1	0.171444
2544.15	0.169774
2633.3	0.167637
2720.99	0.163814
2806.71	0.159189
2890.02	0.15433
2970.22	0.149563
3045.93	0.145057
3118.46	0.140863
3188.62	0.136944
3256.8	0.133262
3323.22	0.129793
3388	0.126524
3450.68	0.123465
3506.56	0.120731
3560.25	0.118219
3612.28	0.115864
3662.39	0.113653
3709.99	0.111595
3755.07	0.109689
3795.49	0.108013
3835	0.106414
3871.07	0.10497
3907.06	0.103576
3941.83	0.102263
3976.23	0.100957
4013.19	0.0995993
4049.29	0.0982928
4085.69	0.0970014
4123.76	0.0956893
4160.36	0.0944549
4197.95	0.0932611
4237.95	0.092144
4279.94	0.0913836
4325.05	0.0918331
4371	0.0957063
4421.92	0.10588
4474.35	0.1624
4551.22	0.298345
4619.96	0.386598
4684.97	0.443127
4758.47	0.488218
4825.56	0.534053
4889.11	0.57858
4950.9	0.62552
5007.71	0.719628
4996.98	0.521897
4987.7	0.339056
4983.09	0.202859
2545.94	0.172715
2544.83	0.171655
2542.82	0.169944
2630.3	0.16781
2716.51	0.164045
2800.9	0.15949
2883.02	0.154694
2962.41	0.149965
3038.65	0.145452
3112.08	0.141212
3183.14	0.137235
3252.21	0.133493
3319.72	0.129953
3386.69	0.126563
3456.29	0.123206
3506.68	0.120705
3559.53	0.118275
3612.08	0.115921
3663.01	0.11369
3708.99	0.111676
3752.12	0.109843
3792.67	0.108165
3836.05	0.106429
3869.65	0.105073
3905.02	0.103677
3941.51	0.102286
3977.34	0.100939
4014.07	0.0995955
4050.92	0.0982753
4085.81	0.0970354
4124.18	0.0957082
4162.08	0.094427
4196.16	0.0932548
4240.64	0.0919569
4283.55	0.0911043
4323.99	0.0915843
4375.46	0.0984597
4427.6	0.128627
4483.97	0.196051
4560.7	0.291993
4630.87	0.385843
4698.14	0.44674
4774.73	0.490776
4843.83	0.535633
4908.8	0.579318
4971.55	0.625788
5028.87	0.719225
5018.62	0.51896
5009.55	0.334435
5005.25	0.199759
2544.18	0.172864
2543.39	0.171793
2541.93	0.170061
2628.17	0.167932
2713.2	0.16421
2796.51	0.159707
2877.72	0.154958
2956.54	0.150263
3032.78	0.145763
3106.54	0.141512
3178.02	0.137514
3247.42	0.133753
3314.98	0.130212
3380.88	0.126874
3444.73	0.123747
3501.96	0.120942
3557.57	0.118338
3612.96	0.11584
3670.1	0.113378
3711.41	0.111525
3752.11	0.109818
3795.06	0.108098
3830.17	0.106641
3870.44	0.105043
3905.99	0.103654
3941.92	0.102303
3977.13	0.100977
4014.84	0.0995986
4051.74	0.0982463
4090.36	0.0968934
4126.17	0.095657
4159.12	0.0945392
4194.15	0.093386
4237.03	0.0920502
4283.5	0.0907836
4328.26	0.0898873
4381.33	0.0907992
4435.22	0.103051
4488.75	0.163487
4565.71	0.309997
4633.69	0.396649
4716.81	0.446242
4791.91	0.49109
4861.07	0.536198
4926.47	0.579689
4989.64	0.625985
5047.21	0.719011
5037.33	0.516579
5028.5	0.330221
5024.52	0.196717
2543.14	0.172953
2542.55	0.171877
2541.4	0.170137
2626.85	0.168012
2711.01	0.164319
2793.39	0.159855
2873.79	0.155148
2952.04	0.150488
3028.04	0.146011
3101.79	0.141768
3173.35	0.137767
3242.78	0.134004
3310.13	0.130467
3375.33	0.12715
3437.97	0.124051
3497.08	0.121179
3554.14	0.1185
3610.48	0.11595
3668.5	0.113449
3708.67	0.111661
3747.75	0.109952
3790.84	0.108196
3835.81	0.106405
3867.47	0.105122
3902.65	0.103738
3941.42	0.102266
3980.74	0.10081
4016.98	0.0994838
4053.4	0.098173
4091.29	0.09685
4122.4	0.0957629
4157.7	0.0945529
4198.35	0.0932066
4240.22	0.0918748
4282.9	0.0906769
4336.26	0.0902252
4388.38	0.0929163
4442.56	0.108504
4494.94	0.170097
4569.23	0.30998
4656.48	0.392434
4735.44	0.444377
4808.51	0.490557
4876.92	0.536218
4942.16	0.579833
5005.37	0.626129
5062.98	0.71893
5053.37	0.514836
5044.73	0.326758
5041.03	0.19409
2542.65	0.172996
2542.18	0.171917
2541.23	0.170173
2626.43	0.16805
2709.99	0.164371
2791.47	0.159939
2871.02	0.155274
2948.62	0.150654
3024.23	0.146207
3097.78	0.141981
3169.23	0.137989
3238.54	0.13423
3305.67	0.130698
3370.57	0.127386
3432.97	0.12429
3492.52	0.121409
3549.72	0.118726
3604.73	0.116224
3657.37	0.113908
3706.02	0.111799
3738.2	0.110351
3783.77	0.108487
3825.67	0.106794
3861.46	0.105341
3901.28	0.103794
3940.24	0.1023
3980.24	0.100811
4020.75	0.0993412
4054.01	0.0981312
4086.61	0.0969788
4123.54	0.0956788
4161.61	0.0943767
4202.44	0.0930198
4245.66	0.0916206
4291.89	0.090206
4343.45	0.088962
4397.56	0.0892135
4451.95	0.0986028
4507.13	0.152839
4595.07	0.301383
4676.19	0.388899
4751.98	0.442693
4823.32	0.489863
4890.86	0.536047
4955.72	0.579883
5018.77	0.626258
5076.33	0.71894
5066.9	0.513622
5058.41	0.324028
5054.91	0.191934
2542.58	0.173002
2542.24	0.171916
2541.49	0.170162
2627.27	0.168028
2710.46	0.164347
2790.71	0.159953
2869.23	0.155345
2946.05	0.150774
3021.19	0.146364
3094.41	0.142162
3165.67	0.138183
3234.86	0.134431
3301.73	0.130906
3366.54	0.127596
3429.08	0.124494
3488.58	0.121624
3545.83	0.118947
3599.77	0.116468
3648.77	0.114297
3695.72	0.112258
3737.96	0.110387
3779.35	0.108658
3820.84	0.106995
3860.59	0.105409
3900.37	0.103866
3937.88	0.102398
3979.35	0.100849
4020.98	0.0993393
4055.09	0.0980882
4086.41	0.096955
4124.7	0.0956316
4164.22	0.0942857
4205.87	0.0929007
4250.11	0.0914674
4297.8	0.0899989
4350.56	0.0886828
4408.73	0.0888701
4460.69	0.0974007
4517.76	0.14995
4609.42	0.297287
4690.53	0.386811
4765.26	0.441506
4835.6	0.48929
4902.48	0.535888
4966.97	0.579933
5029.85	0.626405
5087.31	0.719012
5078.01	0.512757
5069.65	0.321861
5066.3	0.190179
2542.79	0.17298
2542.66	0.171878
2542.33	0.170087
2630.33	0.167896
2713.29	0.164191
2790.91	0.159892
2868.18	0.155373
2944.04	0.150867
3018.8	0.146498
3091.59	0.142322
3162.68	0.138357
3231.85	0.134608
3298.16	0.131107
3363.05	0.127795
3426.51	0.124638
3485.19	0.121838
3543.6	0.119145
3593.32	0.116755
3643.98	0.114479
3690.74	0.112425
3734.39	0.110538
3776.27	0.108776
3818.11	0.107079
3858.92	0.105451
3899.31	0.103875
3940.04	0.102324
3978.44	0.100895
4019.08	0.0994291
4050.38	0.0982681
4086.27	0.0969875
4125.83	0.0956023
4166.19	0.0942287
4208.47	0.0928261
4253.14	0.0913837
4300.95	0.0899155
4354.74	0.0886613
4416.04	0.0893656
4464.67	0.0983589
4525.83	0.149183
4618.87	0.295051
4700.83	0.385473
4775.32	0.440641
4845.12	0.488899
4911.53	0.535855
4975.78	0.580055
5038.56	0.626604
5095.99	0.719125
5086.81	0.512067
5078.55	0.319993
5075.33	0.188745
2543.08	0.172951
2543.2	0.171824
2543.74	0.169955
2638.05	0.167523
2720.88	0.163726
2790.71	0.159818
2867.6	0.155388
2942.03	0.150966
3017.13	0.146611
3089.07	0.142477
3160.09	0.138525
3230.13	0.134711
3294.34	0.131343
3359.31	0.128064
3418.92	0.124992
3483.22	0.12189
3548.04	0.118888
3593.77	0.116707
3641.65	0.114587
3687.53	0.112581
3731.41	0.110703
3772.22	0.108954
3815.58	0.107186
3857.04	0.10553
3897.55	0.103947
3937.31	0.102428
3975.74	0.100984
4013.94	0.0995827
4050.57	0.0982456
4090.41	0.0968504
4127.35	0.0955665
4167.72	0.0942154
4210.46	0.0928238
4255.12	0.0914374
4300.46	0.0900304
4353.95	0.0888854
4414.61	0.0899238
4476.81	0.104751
4533.46	0.151178
4625.97	0.293451
4708.25	0.38428
4782.52	0.439877
4851.84	0.48869
4917.85	0.536071
4982.06	0.580332
5044.92	0.626894
5102.42	0.719264
5093.38	0.511386
5085.24	0.318261
5082.12	0.187479
2543.2	0.172939
2543.27	0.171816
2543.22	0.169984
2633.09	0.16773
2716.59	0.16392
2796.29	0.159475
2868.56	0.155314
2938.28	0.151173
3017.39	0.146597
3086.11	0.142665
3156.99	0.138795
3221.78	0.135171
3290.88	0.131528
3355.93	0.128166
3417.79	0.125029
3479.06	0.12207
3538.11	0.119304
3590.66	0.116847
3641.07	0.1146
3686	0.112603
3729.22	0.110745
3773.17	0.10892
3814.14	0.107257
3855.51	0.10562
3896.16	0.104038
3935.79	0.102525
3973.38	0.101107
4006.33	0.0998728
4048.19	0.0983772
4088.62	0.0969503
4128.38	0.0955815
4167.08	0.0942713
4210.85	0.0928377
4255.4	0.0915692
4301.62	0.090746
4348.46	0.0911543
4413.83	0.0930602
4477.78	0.107091
4536.31	0.178933
4631.31	0.298451
4713.23	0.383663
4787.07	0.439131
4855.68	0.488752
4921.12	0.536844
4985.7	0.580912
5048.98	0.627327
5106.7	0.719425
5097.85	0.510607
5089.82	0.316594
5086.79	0.186338
2543.22	0.172938
2543.38	0.171808
2543.53	0.169961
2634.13	0.16769
2715.54	0.163924
2795.92	0.159464
2868.47	0.155244
2945.1	0.150849
3011.11	0.146952
3081.98	0.142953
3154.84	0.138882
3222.91	0.135122
3289.83	0.131561
3354.06	0.128234
3415.58	0.125127
3475.44	0.122221
3533.06	0.119499
3588.15	0.116949
3644.54	0.114469
3684.85	0.112652
3725.14	0.110923
3769.73	0.109066
3812.24	0.107331
3854.59	0.105647
3896.13	0.104042
3937.56	0.102474
3971.49	0.101158
4008.86	0.099776
4048.43	0.0983583
4088.55	0.0969468
4129.34	0.0955598
4171.83	0.0942503
4212.25	0.0933492
4256.02	0.0935299
4299.17	0.0975931
4356.31	0.112688
4415.9	0.126173
4482.68	0.138621
4551.97	0.230596
4631.2	0.328329
4715.58	0.38778
4789.05	0.439158
4856.43	0.489539
4920.44	0.539195
4986.67	0.582052
5050.92	0.627924
5109.02	0.719602
5100.35	0.509841
5092.43	0.315172
5089.47	0.185464
2543.03	0.172956
2543.43	0.171809
2544.81	0.169885
2643.96	0.167286
2714.94	0.163923
2786.5	0.160008
2865.84	0.155491
2942.32	0.151011
3015.41	0.146698
3090.32	0.142465
3156.05	0.138746
3223.62	0.13513
3289.87	0.131567
3353.25	0.128289
3413.34	0.125237
3472.39	0.122369
3528.93	0.119689
3582.82	0.1172
3634.67	0.114891
3681.07	0.112829
3726.57	0.110885
3767.37	0.109188
3809.66	0.107487
3849.87	0.105851
3891.84	0.104213
3932.31	0.102659
3970.6	0.101205
4007.95	0.0998148
4048.24	0.098344
4088.26	0.0969266
4128.85	0.0955257
4170.11	0.0941416
4211.83	0.0928176
4257.85	0.0917318
4306.49	0.0927217
4362.65	0.107284
4424.19	0.186409
4483.5	0.237226
4562.44	0.318912
4644.95	0.37552
4718.31	0.40924
4789.17	0.44788
4854.25	0.492572
4912.75	0.544144
4985.65	0.583515
5051.31	0.628428
5109.68	0.719792
5101.07	0.509766
5093.18	0.314654
5090.26	0.185078
2542.39	0.173017
2542.44	0.171905
2542.43	0.170094
2630.62	0.16789
2710.09	0.164274
2787.22	0.160042
2865.18	0.155534
2941.86	0.151016
3016.69	0.146637
3090.2	0.142458
3159.94	0.138544
3227.69	0.134861
3291.16	0.131474
3354.08	0.128319
3410.49	0.125404
3470.21	0.12251
3525.83	0.119857
3577.97	0.117433
3628.83	0.115176
3676.86	0.113066
3721.19	0.111103
3764.68	0.109269
3806.89	0.10754
3848.2	0.105879
3889.53	0.104262
3930.25	0.102699
3969.85	0.101203
4010.93	0.0997024
4048.98	0.0983274
4088.33	0.0969547
4128.91	0.0955723
4169.45	0.0942078
4208.89	0.0928939
4259.08	0.0913975
4308.05	0.0903535
4362.56	0.0917405
4424.13	0.103589
4486.98	0.127225
4552.22	0.188784
4645.4	0.307322
4719.27	0.386825
4791.5	0.436501
4858.81	0.487129
4922.33	0.537541
4987.81	0.581332
5051.31	0.627742
5108.9	0.719979
5100.05	0.511363
5092.11	0.315474
5089.23	0.185083
2541.65	0.173085
2541.47	0.171996
2540.94	0.170231
2625.63	0.168097
2707.02	0.164462
2786.4	0.160127
2864.89	0.155549
2942.19	0.150977
3018.09	0.146545
3092.49	0.142313
3164.37	0.138321
3230.86	0.134657
3294.73	0.131279
3358.02	0.128066
3415.54	0.12516
3470.5	0.122551
3522.05	0.120086
3576.14	0.117532
3626.13	0.115258
3673.82	0.113148
3718.56	0.111198
3762.27	0.109364
3804.19	0.107639
3845.89	0.10597
3887.43	0.104343
3929.15	0.102747
3967.7	0.101297
4008.14	0.0998229
4047.65	0.0983921
4088.88	0.0969067
4130.47	0.0954645
4172.54	0.0940361
4215.89	0.0926035
4263.39	0.0911326
4311.96	0.0898095
4357.35	0.0892952
4421.88	0.091298
4484.58	0.106336
4550.35	0.177501
4647.84	0.319791
4730.94	0.398241
4790.66	0.436792
4860.77	0.483595
4925.15	0.533128
4988.02	0.579131
5049.62	0.626843
5106.2	0.720213
5097.08	0.512654
5089.18	0.31487
5086.42	0.183921
2541.04	0.173137
2540.79	0.172058
2540.19	0.1703
2623.6	0.168177
2705.42	0.164548
2785.75	0.160176
2864.89	0.155546
2942.86	0.150923
3019.75	0.146426
3095.96	0.14209
3172.73	0.137881
3235.13	0.134378
3297.26	0.131167
3357.07	0.128122
3417.39	0.125069
3473.67	0.122315
3528.82	0.119719
3576.88	0.117487
3624.29	0.115355
3672.41	0.113215
3715.75	0.111315
3760.61	0.109455
3800.86	0.107792
3843.1	0.106119
3884.73	0.104492
3923.21	0.102974
3965.45	0.101377
4006.75	0.0998488
4047.95	0.0983552
4090.02	0.0968657
4132.76	0.0953894
4175.9	0.0939339
4220.58	0.0925019
4268.78	0.0912154
4316.62	0.090445
4367.72	0.0911551
4423.58	0.0952693
4478.36	0.110335
4549.01	0.171676
4648.04	0.306254
4729	0.387501
4800.04	0.442032
4862	0.478246
4924.56	0.528899
4985.61	0.576825
5045.42	0.62573
5100.82	0.720544
5091.8	0.510656
5084.34	0.307812
5081.96	0.17912
2540.65	0.173169
2540.39	0.172089
2539.86	0.170329
2622.8	0.168206
2704.76	0.16458
2785.55	0.160194
2865.14	0.155538
2943.55	0.150888
3020.87	0.146367
3097.51	0.142008
3174.85	0.13778
3237.59	0.13426
3300.65	0.130943
3362.27	0.127801
3421.63	0.124836
3476.33	0.12215
3529.07	0.119662
3579.24	0.117343
3630.01	0.115084
3674.46	0.113149
3710.21	0.111576
3754.49	0.109743
3798.35	0.107927
3840.73	0.106218
3882.2	0.10458
3922.89	0.103
3964.21	0.101441
4005.8	0.0999039
4048.04	0.0983791
4091.4	0.0968567
4135.92	0.0953502
4179.27	0.0939456
4223.63	0.0927317
4267.92	0.0922747
4319.06	0.0947298
4373.08	0.105217
4429.75	0.123576
4490.22	0.151224
4553.89	0.215402
4648.21	0.315114
4726.53	0.378778
4796.39	0.428288
4857.41	0.479302
4920.49	0.524632
4980.57	0.573221
5038.24	0.623251
5091.43	0.720886
5083.89	0.495345
5077.68	0.282768
5076.35	0.170563
2540.46	0.173181
2540.23	0.172099
2539.76	0.170334
2622.62	0.168209
2704.73	0.164582
2785.81	0.160189
2865.68	0.155524
2944.26	0.150871
3021.42	0.146364
3097	0.142061
3170.34	0.137997
3238.16	0.134251
3303.88	0.130779
3368.06	0.127517
3428.89	0.124475
3479.32	0.12199
3530.27	0.119621
3579.48	0.117375
3624.33	0.115306
3670.43	0.113274
3712.13	0.11145
3754.8	0.109666
3797.34	0.107921
3839.19	0.106237
3880.47	0.10461
3921.4	0.103027
3962.51	0.101474
4004.08	0.0999349
4046.91	0.0983871
4091.92	0.0968147
4141.91	0.0952565
4182.32	0.0943056
4225.37	0.0947432
4270.98	0.100918
4319.8	0.127606
4374.85	0.186508
4430.1	0.235452
4498.83	0.297988
4568.98	0.356707
4648.05	0.399212
4723.45	0.431829
4794.21	0.465491
4861.75	0.501433
4914.34	0.525467
4974.08	0.564822
5028.29	0.608202
5074.4	0.696865
5074.23	0.420074
5070.5	0.230554
5070.49	0.161397
2540.47	0.173176
2540.25	0.172092
2539.81	0.170323
2622.86	0.168194
2705.2	0.16456
2786.53	0.160157
2866.62	0.155484
2945.29	0.150828
3022.32	0.146327
3097.36	0.142039
3169.87	0.13799
3239.29	0.134193
3307	0.130623
3375.56	0.127179
3428.1	0.124479
3483.19	0.121824
3532.58	0.119464
3580.21	0.117278
3625.33	0.115232
3669.44	0.113292
3711.89	0.111457
3754.17	0.109685
3796.15	0.107964
3837.54	0.106298
3878.62	0.104679
3919.53	0.103101
3960.41	0.101555
4001.43	0.10003
4044.19	0.0984821
4088.4	0.0969233
4134.55	0.0953619
4180.07	0.0939086
4224.06	0.0927933
4270.22	0.0927679
4320.22	0.0967287
4375.69	0.111146
4435.14	0.136064
4498.07	0.16337
4558.66	0.221615
4646.5	0.321593
4722.16	0.384692
4792.28	0.433414
4857.84	0.481356
4918.73	0.530596
4971.96	0.568286
5026.72	0.620884
5078.41	0.721187
5070.97	0.480034
5066.11	0.257761
5065.28	0.165109
2540.65	0.173157
2540.44	0.172071
2540	0.170299
2623.44	0.168163
2706.14	0.164513
2787.75	0.160094
2868.06	0.155408
2946.88	0.150744
3023.97	0.146241
3098.87	0.141957
3171.03	0.137919
3240.56	0.134143
3307.63	0.130622
3371.31	0.127357
3429.93	0.124376
3491.13	0.121467
3535.07	0.119323
3581.89	0.117214
3625.89	0.115232
3668.76	0.113348
3710.59	0.111543
3752.8	0.109774
3794.64	0.108057
3835.53	0.106408
3876.48	0.104796
3917.45	0.103218
3958.2	0.10168
3997.35	0.100211
4040.62	0.0986246
4083.85	0.0970896
4129.03	0.0955577
4180.89	0.094073
4222.36	0.0934974
4267.36	0.0953412
4315.93	0.105638
4370.43	0.138666
4432.53	0.19041
4495.17	0.204469
4556.22	0.204103
4641.39	0.293364
4717.4	0.367313
4787.47	0.41846
4852.51	0.466951
4912.34	0.517654
4965.31	0.571776
5021.08	0.621544
5073.09	0.721259
5065.69	0.484369
5060.96	0.261471
5060.16	0.169517
2541.01	0.173123
2540.79	0.172034
2540.33	0.17026
2624.4	0.168115
2707.6	0.16444
2789.55	0.159994
2870.08	0.155288
2949.13	0.15061
3026.55	0.146096
3101.74	0.141805
3173.33	0.137781
3242.72	0.134028
3310	0.130529
3370.44	0.12739
3427.51	0.124519
3482.95	0.121845
3533.66	0.119409
3586.54	0.117012
3626.94	0.115173
3668.38	0.113377
3707.52	0.111673
3750.95	0.109841
3793.74	0.108088
3832.74	0.10651
3873.84	0.104899
3915.36	0.103299
3956.75	0.101733
3998.89	0.100179
4037.66	0.0987639
4078.22	0.0973398
4118.01	0.0959617
4168.28	0.0943503
4214.37	0.0930544
4259.92	0.0925154
4303.58	0.0949049
4364.77	0.110093
4422.6	0.169593
4501.07	0.307273
4556.78	0.348833
4634.19	0.389051
4709.13	0.422237
4779.74	0.458049
4845.78	0.49694
4907.56	0.539453
4966.62	0.582679
5011.96	0.61135
5058.59	0.697309
5057.99	0.416449
5055.59	0.233342
5055.22	0.178258
2541.55	0.173072
2541.32	0.17198
2540.83	0.170204
2625.86	0.168048
2709.76	0.164336
2792.01	0.159855
2872.63	0.155124
2951.91	0.150422
3030.13	0.145872
3106.82	0.141536
3176.33	0.137576
3245.41	0.133843
3317.58	0.130145
3371.26	0.127352
3425.07	0.124681
3477.83	0.122131
3528.48	0.119725
3577.8	0.117451
3623.16	0.115384
3666.98	0.113451
3710.42	0.111588
3748.67	0.109967
3786.45	0.108398
3830.27	0.10665
3870.42	0.105022
3913.17	0.103363
3954.31	0.101798
3994.8	0.100289
4034.97	0.0988188
4075.74	0.0973648
4117.6	0.0959038
4162.96	0.0943845
4209.09	0.0928953
4256.22	0.0915836
4305.69	0.0911064
4361.99	0.0944472
4421.97	0.110989
4478.67	0.157472
4540.02	0.226318
4624.57	0.330567
4702.3	0.389957
4773.95	0.435807
4840.32	0.482079
4902.45	0.530778
4961.53	0.578864
5018.01	0.633029
5065.21	0.721072
5057.3	0.489601
5052.25	0.268076
5050.88	0.172373
2542.27	0.173002
2542.06	0.171902
2541.58	0.170121
2628.09	0.167948
2713	0.164191
2795.34	0.159676
2875.59	0.154936
2954.64	0.15022
3033.98	0.145583
3117.68	0.14092
3178.28	0.13742
3243.4	0.133987
3308.37	0.130657
3368.27	0.127595
3422.49	0.124849
3474.48	0.122318
3524.01	0.119961
3573.79	0.117619
3620.54	0.115494
3665.09	0.113527
3708.84	0.111656
3746.78	0.110045
3783.81	0.108481
3829.27	0.106661
3872.55	0.104946
3912.34	0.103409
3952.49	0.101895
3991.3	0.100441
4032.17	0.0989206
4073	0.0974583
4114.78	0.095999
4158.28	0.0945169
4204.54	0.0929959
4252.22	0.091532
4303.15	0.0904131
4357.26	0.0911313
4417.87	0.097057
4466.86	0.113348
4538.56	0.163689
4605.98	0.269614
4692.36	0.363146
4765.94	0.419067
4832.79	0.468342
4895.51	0.517517
4954.95	0.566708
5011.32	0.61544
5058.62	0.720559
5053.72	0.467668
5048.09	0.266467
5046.25	0.171715
2543.15	0.17291
2543.01	0.171795
2542.66	0.169992
2631.53	0.167784
2718.25	0.16396
2799.99	0.159439
2878.78	0.154773
2955.97	0.150185
3032.15	0.145758
3106.89	0.141541
3174.25	0.137705
3240.22	0.134131
3305.72	0.130706
3372.81	0.127324
3422.03	0.124795
3472.94	0.122346
3523.94	0.119958
3571.26	0.117761
3618.62	0.115647
3662.65	0.11372
3704.41	0.111895
3746.14	0.110089
3787.74	0.108349
3829.73	0.106654
3871.41	0.10501
3912.03	0.103436
3952.08	0.10192
3991.08	0.100463
4029.93	0.0990151
4070.1	0.0975949
4111.31	0.0961656
4152.23	0.0947529
4200.29	0.0931779
4246.98	0.0917647
4295.86	0.0905061
4349.46	0.0892948
4407.15	0.0910495
4470.31	0.106266
4524.57	0.155207
4599.46	0.262056
4683.07	0.360701
4755.88	0.422152
4822.45	0.474528
4886.21	0.524729
4947.32	0.57312
5006.35	0.622353
5060.16	0.720017
5051.04	0.506996
5043.85	0.303041
5040.77	0.179716
2544.12	0.172807
2544.1	0.171663
2544.09	0.169798
2636.73	0.167487
2727.89	0.163485
2806.81	0.159034
2882.61	0.154544
2957.19	0.150137
3030.5	0.145877
3102.05	0.141809
3170.12	0.13798
3235.9	0.134401
3299.83	0.13104
3361.44	0.127897
3416.6	0.125086
3469.59	0.122503
3521.39	0.120058
3569.6	0.117855
3614.73	0.115773
3662.56	0.113658
3707.18	0.111719
3750.54	0.109891
3790.12	0.108244
3829.96	0.10663
3871.44	0.105003
3912.34	0.103421
3952.67	0.101894
3992.12	0.100431
4027.85	0.0991202
4066.22	0.0977563
4106.82	0.0963364
4153.27	0.0947671
4194.46	0.0933601
4240.07	0.0919141
4282.83	0.0906176
4340.1	0.0894188
4393.2	0.091484
4460.91	0.109338
4524.82	0.192791
4603.99	0.312424
4671.81	0.370283
4743.28	0.428189
4808.24	0.482109
4874.39	0.530881
4937.81	0.576994
4999.11	0.624867
5055.25	0.719597
5045.44	0.514723
5037.15	0.319208
5033.87	0.188395
2545.07	0.172716
2545.1	0.171546
2545.49	0.169594
2642.99	0.167047
2749.14	0.162303
2815.96	0.158367
2886.7	0.154233
2958.54	0.150054
3029.34	0.145957
3099.28	0.14199
3166.75	0.138225
3231.83	0.134687
3294.58	0.131372
3354.81	0.128276
3411.64	0.125391
3465.73	0.122773
3516.32	0.120314
3568.29	0.117907
3617.67	0.115663
3664.29	0.113586
3709.92	0.111624
3755.87	0.109715
3792.05	0.10818
3827	0.106734
3871.75	0.104979
3913.31	0.103362
3954.76	0.101797
3992.26	0.100407
4028.8	0.0990836
4065.74	0.0977493
4108.03	0.0962911
4144.93	0.0950065
4192.22	0.0934527
4238.78	0.0919843
4286.17	0.0907039
4337.47	0.0901749
4389.93	0.0942485
4454.19	0.120999
4517.31	0.211396
4604.3	0.341058
4664.27	0.400151
4728.58	0.434704
4786.28	0.490916
4860.2	0.535351
4926.34	0.57904
4989.32	0.625827
5046.66	0.719347
5036.9	0.516048
5028.35	0.325655
5024.86	0.19295
2545.93	0.17266
2545.68	0.171519
2545.3	0.169662
2640.13	0.167317
2733.89	0.163188
2817.37	0.158474
2888.14	0.154176
2960.33	0.150014
3028.34	0.146041
3099.06	0.141995
3165.79	0.13826
3230.01	0.13476
3291.8	0.131468
3352.03	0.128424
3407.78	0.125532
3463.69	0.122781
3516.77	0.120221
3569.44	0.117776
3623.48	0.115363
3666.29	0.113433
3711.55	0.111527
3757.67	0.10963
3796.63	0.107998
3835.6	0.106429
3874.68	0.104887
3914.06	0.103376
3951.11	0.101951
3988.36	0.100529
4028.66	0.0990479
4067.7	0.0976403
4108.02	0.0962321
4148.43	0.0948394
4192.28	0.0933944
4237.92	0.0919956
4285.54	0.0910328
4335.02	0.0926585
4388.27	0.109564
4444.83	0.192325
4514.3	0.28426
4594.37	0.356881
4665.88	0.408945
4716.93	0.438717
4781.9	0.48837
4848.59	0.535669
4913.82	0.579702
4977.31	0.626219
5035.25	0.719258
5025.61	0.51615
5017.07	0.328196
5013.48	0.195012
2546.97	0.172599
2546.31	0.171498
2545.05	0.169731
2637.88	0.167501
2728.27	0.163548
2812.71	0.158903
2889.85	0.154256
2964.16	0.149811
3036.43	0.145549
3101.41	0.141786
3165.79	0.138243
3227.52	0.13493
3291.26	0.131498
3351.11	0.128398
3407.32	0.125517
3462.73	0.122796
3515.91	0.120249
3567.56	0.117849
3618.72	0.11555
3663.08	0.113545
3710.68	0.111522
3761.83	0.109427
3799.79	0.107845
3838.74	0.106281
3878.98	0.104707
3915.5	0.103272
3954.14	0.101795
3991.53	0.100388
4030.23	0.0989788
4069.12	0.0975863
4108.92	0.0961972
4149.83	0.0948125
4192.18	0.0934744
4237.02	0.0924429
4285.19	0.0935726
4330.61	0.10195
4381.76	0.132808
4428.68	0.173546
4496.98	0.21475
4583.74	0.322164
4654.34	0.392704
4714.86	0.450867
4769.18	0.489123
4833.22	0.536661
4898.82	0.580354
4962.85	0.626615
5021.23	0.719353
5011.7	0.515972
5003.22	0.329009
4999.64	0.195747
2548.62	0.172481
2547.46	0.171413
2545.29	0.169698
2637.64	0.167497
2727.94	0.163549
2814.51	0.158844
2893.36	0.154097
2968.86	0.149551
3035.35	0.145567
3101.2	0.141837
3169.07	0.138036
3235.4	0.134451
3292.89	0.131356
3352.04	0.128368
3405.86	0.125618
3462.18	0.122842
3514.8	0.120327
3564.45	0.118009
3610.83	0.115884
3655.15	0.113889
3704.89	0.111786
3754.04	0.10974
3798.32	0.107891
3841.71	0.106136
3887.81	0.104356
3923.55	0.102956
3958.33	0.101652
3993.58	0.10033
4032.05	0.0989379
4070.37	0.097574
4109.73	0.0962277
4151.13	0.094954
4191.18	0.094114
4234.64	0.0945465
4277.52	0.100162
4322.33	0.126867
4370.06	0.185633
4426.02	0.25132
4496.56	0.32126
4571.51	0.372274
4642.31	0.417034
4709.6	0.463051
4763.3	0.502431
4811.13	0.541637
4881.11	0.581522
4945.96	0.627141
5004.62	0.719664
4995.18	0.515557
4986.83	0.328502
4983.37	0.195297
2551.38	0.172262
2549.51	0.171233
2546.14	0.169572
2639	0.167369
2730.69	0.163334
2823.17	0.158331
2899.19	0.153727
2966.73	0.149666
3037.8	0.145457
3105.77	0.141538
3172.29	0.137825
3236.27	0.134349
3296.63	0.131135
3355.87	0.128112
3413.21	0.125249
3463.5	0.122788
3514.87	0.120392
3562.85	0.118143
3603.35	0.116267
3640.22	0.114569
3698.28	0.112114
3749.89	0.109927
3796.73	0.107968
3841.19	0.106164
3884.55	0.104464
3924.35	0.10292
3960.64	0.101534
3997.76	0.100168
4034.25	0.0988589
4070.62	0.0975598
4108.41	0.0962616
4145.5	0.0949991
4187.37	0.0937076
4230.55	0.0930979
4272.71	0.0943564
4315.1	0.0959231
4357.81	0.107487
4418.05	0.134863
4475.09	0.203686
4557.34	0.322935
4628.2	0.392406
4693.67	0.442837
4750.58	0.495019
4810.67	0.544996
4864.18	0.581587
4927.17	0.627279
4985.26	0.720236
4976.02	0.514212
4967.96	0.32561
4964.77	0.192845
2555.91	0.171894
2553	0.17093
2547.64	0.169384
2641.09	0.167262
2731.96	0.163339
2819.19	0.158637
2898.37	0.153893
2971.15	0.149437
3041.94	0.145232
3110.27	0.141289
3176.41	0.137594
3239	0.13418
3299.68	0.13098
3359.75	0.127925
3413.08	0.125236
3466.8	0.122663
3515.49	0.12038
3560.59	0.118241
3607.12	0.116089
3652.01	0.114098
3696.66	0.112143
3749.23	0.10995
3796.47	0.10798
3840.95	0.106172
3884.27	0.104461
3928.36	0.102775
3962.04	0.101485
3997.49	0.10019
4031.94	0.0989217
4070.89	0.0975512
4105.12	0.0963565
4145.55	0.095013
4183.82	0.0938368
4223.36	0.0926812
4263.7	0.0915652
4309.49	0.090532
4356.97	0.0917978
4410.57	0.102065
4465.02	0.148501
4538.23	0.283757
4609.42	0.383293
4678.51	0.441224
4743.92	0.492703
4795.83	0.53819
4855.3	0.584071
4905.22	0.627287
4962.06	0.721065
4954.12	0.506678
4946.85	0.315893
4944.01	0.186769
2563.26	0.171318
2558.81	0.170439
2550.4	0.169029
2645.31	0.166979
2736.15	0.163091
2822.35	0.158428
2902.87	0.153645
2976.28	0.149155
3047.1	0.144966
3115.4	0.141023
3182.39	0.137267
3241.86	0.134041
3301.48	0.130947
3358.37	0.128015
3414.27	0.125239
3464.44	0.122727
3518.17	0.120175
3567.33	0.117866
3614.98	0.115702
3660.93	0.113674
3704.13	0.111793
3752.59	0.109781
3797.85	0.107914
3841	0.106172
3882.6	0.104532
3922.49	0.102995
3959.31	0.101602
3995.52	0.10026
4031.55	0.0989497
4067.99	0.0976501
4105.44	0.0963427
4139.67	0.0951621
4176.95	0.0939004
4218.51	0.0925316
4259.66	0.091221
4304.52	0.0900045
4352.04	0.089791
4402.4	0.0953835
4455.39	0.129794
4516.95	0.254244
4581.33	0.368166
4658.93	0.42347
4723.26	0.472216
4777.15	0.52383
4835.31	0.570554
4890.72	0.614967
4932.19	0.699228
4930.14	0.466873
4924.12	0.288134
4921.33	0.180804
2574.92	0.170512
2568.47	0.169723
2555.68	0.168425
2653.11	0.166414
2744.28	0.162538
2830.26	0.157874
2913.32	0.15295
2982.7	0.148717
3053.32	0.144642
3120.21	0.140825
3183.8	0.137205
3244.45	0.133891
3304.45	0.130801
3361.54	0.127805
3418.12	0.124968
3471.24	0.122352
3523.49	0.119876
3573.73	0.117548
3622.77	0.115343
3670.94	0.113242
3716.53	0.111269
3757.8	0.109544
3800.24	0.107824
3841.71	0.106165
3882	0.104581
3920.44	0.103061
3957.67	0.101644
3993.83	0.100301
4028.96	0.099023
4063.53	0.0977884
4101.58	0.0964424
4138.96	0.0951467
4179.14	0.0938083
4215.97	0.0926044
4254.11	0.0913899
4299.35	0.0902508
4346.81	0.090899
4392.93	0.100312
4443.96	0.138332
4495.64	0.217446
4573.73	0.344459
4643.51	0.415093
4706.09	0.469435
4765.15	0.521873
4814.12	0.568025
4869.06	0.618015
4919.66	0.72027
4909.05	0.503222
4902.49	0.300291
4897.06	0.192498
2592.86	0.169508
2584.32	0.168814
2567.65	0.167529
2666.66	0.165456
2756.82	0.161683
2840.12	0.157243
2914.02	0.152822
2990.94	0.14825
3064.01	0.143975
3125.25	0.140437
3185.61	0.137075
3249.92	0.133591
3310.24	0.130411
3367.78	0.127442
3423.43	0.124663
3476.89	0.12206
3528.84	0.119606
3579.44	0.117276
3629.62	0.115034
3681.85	0.112801
3718.18	0.111171
3761.49	0.109377
3803.14	0.107675
3843.36	0.106059
3882.54	0.10452
3919.78	0.103073
3956.94	0.10167
3991.5	0.100394
4027.15	0.0990747
4062.64	0.0977971
4099.37	0.0965065
4136.74	0.0952188
4174.6	0.0939424
4213.23	0.092678
4254.75	0.0914547
4294.4	0.0905708
4336.74	0.0902965
4383.04	0.0914173
4432.61	0.10692
4483.13	0.177402
4559.29	0.320612
4626.1	0.403049
4685.77	0.460265
4740.24	0.514478
4788.27	0.571023
4844.33	0.622811
4897.12	0.723637
4886.13	0.524255
4878.93	0.379582
4870.5	0.227736
2619.1	0.168356
2608.06	0.167821
2583.39	0.166716
2688.21	0.164491
2779.2	0.160436
2859.08	0.155982
2935.49	0.151425
3001.62	0.147528
3064.28	0.143845
3132.51	0.139983
3195.66	0.136459
3257.46	0.133134
3316.81	0.130021
3373.84	0.127106
3428.87	0.124373
3482.01	0.121803
3533.53	0.119379
3583.64	0.117082
3632.59	0.1149
3680.17	0.112838
3722.9	0.110982
3765.49	0.10921
3806.3	0.107539
3845.13	0.105976
3884.3	0.104448
3918.77	0.103121
3952.7	0.101818
3989.74	0.100443
4025.88	0.0991193
4061.16	0.0978474
4097.5	0.0965723
4135.3	0.0952775
4170.86	0.0940803
4209.5	0.0928267
4247.12	0.0915802
4288.19	0.0903519
4331.13	0.0894751
4372.2	0.090012
4419.62	0.099383
4469.29	0.150652
4540.69	0.296485
4606.22	0.392258
4663.95	0.455126
4716.67	0.513777
4768.19	0.569982
4815.33	0.623568
4865.89	0.725842
4853.76	0.53192
4845.4	0.375388
4839.52	0.22147
2656.02	0.166956
2645.11	0.166575
2609.89	0.165595
2722.91	0.162857
2811.78	0.158529
2880.41	0.154601
2944.02	0.150742
3013.8	0.146688
3078.74	0.142916
3143.09	0.139302
3205.2	0.135887
3265.45	0.132665
3323.65	0.129633
3379.82	0.126782
3434.11	0.1241
3486.63	0.121571
3537.57	0.119183
3587.02	0.116922
3635.06	0.11478
3681.61	0.112754
3726.2	0.110848
3769.88	0.10904
3810.26	0.107382
3845.62	0.105961
3880.23	0.104599
3917.49	0.103156
3952.87	0.101805
3988.97	0.100467
4025.83	0.0991292
4059.3	0.0979226
4095.14	0.0966779
4128.98	0.0954879
4166.75	0.0942
4204.54	0.0929409
4242.7	0.0916905
4282.59	0.0904466
4324.2	0.089349
4367.49	0.0892832
4405.32	0.094867
4458.72	0.128963
4515.21	0.249178
4584.23	0.370401
4640.37	0.440014
4689.28	0.502026
4733.68	0.562794
4777.02	0.62201
4824.3	0.728238
4815.68	0.526445
4809.89	0.350511
4807.84	0.202559
2703.36	0.165117
2706.01	0.164645
2718.82	0.163469
2780.95	0.160227
2842.22	0.156686
2904	0.153009
2965.74	0.149319
3029.31	0.145637
3092.08	0.142062
3154.1	0.138618
3214.66	0.135328
3273.47	0.132206
3330.42	0.129257
3385.55	0.126474
3438.94	0.123848
3490.72	0.121366
3541	0.119016
3589.81	0.11679
3637.12	0.11468
3683.27	0.112671
3728.83	0.110735
3776.18	0.108802
3808.71	0.107433
3846.26	0.105927
3882.79	0.104497
3917.62	0.103146
3952.09	0.101836
3987.49	0.10054
4021.89	0.0992792
4057.87	0.0979705
4093.1	0.0967236
4128	0.0955067
4164.19	0.0942762
4201.09	0.0930442
4238.72	0.091813
4277.74	0.0905868
4318.32	0.0894772
4360.4	0.0891899
4403.31	0.0935305
4450.48	0.11701
4497.86	0.196603
4563.4	0.32678
4616.39	0.407981
4661.1	0.4716
4696.54	0.537445
4731.79	0.589626
4765.35	0.623812
4773.34	0.472776
4773.09	0.276428
4775.47	0.167352
2747.41	0.162897
2756.07	0.162208
2777.64	0.160652
2820.16	0.157966
2871.07	0.154837
2926.34	0.151504
2984.2	0.148092
3044	0.144665
3104.44	0.141279
3164.7	0.137978
3223.88	0.134798
3281.26	0.131768
3336.87	0.128901
3390.85	0.12619
3443.19	0.123626
3494.15	0.121194
3543.79	0.118883
3592.08	0.116688
3638.4	0.114621
3683.75	0.112655
3728.06	0.110777
3771.22	0.108991
3810.83	0.107359
3846.93	0.105906
3886.29	0.104391
3917.62	0.103174
3946.79	0.102034
3986.41	0.100573
4022.74	0.0992357
4057.81	0.0979668
4092.35	0.096743
4127	0.0955383
4162.46	0.0943316
4198.8	0.0931201
4235.53	0.0919227
4273.81	0.0907535
4313.69	0.0898963
4355.32	0.0913982
4399.03	0.109088
4439.76	0.166025
4485.69	0.233283
4541.89	0.309113
4591.54	0.370978
4635.81	0.418335
4672.12	0.465297
4702.6	0.512281
4726.36	0.526589
4737.81	0.370408
4740.85	0.196754
4745.88	0.131588
2781.98	0.160756
2792.37	0.159971
2814.59	0.158385
2849.94	0.156047
2894.34	0.153271
2944.75	0.150246
2999.19	0.147081
3056.39	0.143848
3115.16	0.140604
3174.43	0.137403
3232.86	0.134302
3288.69	0.131358
3342.79	0.128578
3395.59	0.125939
3446.61	0.123451
3496.7	0.121074
3545.8	0.118796
3594.25	0.116604
3638.73	0.114612
3683.45	0.112695
3726.8	0.11086
3768.4	0.10913
3806.17	0.107558
3845.72	0.105957
3883.35	0.104478
3917.99	0.103129
3951.95	0.10183
3988.66	0.100476
4025.19	0.0991466
4058.92	0.0979231
4092.44	0.0967375
4126.45	0.0955579
4161.42	0.0943696
4198.02	0.0931616
4232.94	0.0920528
4270.77	0.0910147
4310.02	0.090504
4350.59	0.0918001
4390.11	0.0953833
4434.33	0.101892
4479	0.125455
4523.23	0.160596
4562.29	0.219277
4611.6	0.297206
4647.76	0.353107
4676.94	0.39235
4698.77	0.386979
4707.9	0.22993
4717.84	0.1423
4722.28	0.101846
2805.24	0.159096
2815.86	0.1583
2837.36	0.156785
2869.51	0.154671
2910.32	0.152142
2957.68	0.149336
3009.85	0.146345
3065.48	0.143237
3123.53	0.140071
3183.04	0.136903
3242.38	0.13381
3295.69	0.130979
3347.81	0.128306
3399.87	0.125705
3448.74	0.123354
3498.03	0.121042
3546.33	0.118813
3592.73	0.116699
3639.23	0.114596
3683.8	0.112654
3726.68	0.110829
3767.79	0.109113
3806.93	0.107503
3845.42	0.105959
3882.64	0.104494
3918.5	0.103104
3954.13	0.101749
3991.11	0.100379
4030.79	0.0989507
4060.91	0.0978505
4092.99	0.0967275
4126.21	0.0955829
4160.3	0.0944295
4193.01	0.0933148
4230.23	0.0920927
4267.89	0.0909005
4306.55	0.0897672
4346.25	0.0888134
4386.67	0.0881749
4428.96	0.088444
4472	0.0922754
4514.68	0.101596
4555.38	0.120369
4593.98	0.14868
4627.29	0.192354
4654.03	0.22483
4674.87	0.22294
4691.52	0.146678
4701.25	0.102173
4705.56	0.0857311
2816.85	0.158175
2827.4	0.157392
2848.37	0.155936
2879.18	0.153938
2918.41	0.151539
2964.34	0.148848
3015.41	0.145945
3070.41	0.142891
3128.56	0.139733
3189.82	0.13649
3255.82	0.133127
3301.71	0.130654
3350.66	0.128194
3397.66	0.1258
3449.16	0.123323
3498.82	0.120972
3547.05	0.118735
3593.85	0.116604
3639.68	0.114563
3684	0.112635
3726.67	0.110818
3767.67	0.109107
3807.07	0.107493
3845.35	0.105958
3882.51	0.104496
3918.74	0.103095
3954.68	0.101732
3990.95	0.100389
4027.1	0.099077
4059.95	0.0978842
4092.5	0.0967329
4125.53	0.095588
4159.15	0.0944422
4193.18	0.0932956
4229.24	0.0921123
4266.49	0.0909139
4304.81	0.089712
4344.16	0.0885232
4384.49	0.0873788
4425.97	0.0864018
4468	0.0860122
4509.67	0.0868525
4549.84	0.0901144
4587.48	0.0975238
4620.65	0.111129
4647.65	0.125984
4668.42	0.126764
4683.36	0.0997838
4692.56	0.0850933
4696.89	0.0803732
4036.62	0.098722
4061.17	0.0978463
4093.1	0.0967339
4126.33	0.0955929
4160.83	0.0944383
4187.29	0.0935733
4200.82	0.0930921
4232.85	0.0921152
4270.87	0.0911943
4310.15	0.0913345
4351.08	0.0964822
4386.18	0.117473
4402.42	0.152787
4436.75	0.233793
4485.41	0.402119
4541.15	0.480865
4591.22	0.531399
4635.44	0.55327
4660.91	0.561337
4693.44	0.56236
4707.39	0.589344
2657.21	0.166572
2715.38	0.163864
2773.22	0.160794
2801.16	0.159008
2868.17	0.155236
2945.55	0.150842
2996.7	0.14787
3022.03	0.146211
3085.83	0.142674
3157.52	0.13879
3206.52	0.136102
3233.07	0.13449
3294	0.131368
3359.81	0.128076
3403.2	0.125895
3428.51	0.124509
3484.85	0.121872
3543.66	0.119181
3578.64	0.117533
3600.88	0.11641
3648.39	0.114331
3695.42	0.112307
3720.34	0.111212
3733.22	0.1106
3691.54	0.112421
3712.08	0.111491
3752.32	0.109828
3794.28	0.10815
3830.33	0.106652
3869.94	0.105091
3906.1	0.103676
3942.68	0.102306
3969.33	0.101312
3983.33	0.100721
4016.64	0.0995183
4053.45	0.0981999
4090.58	0.0969045
4122.72	0.095769
4157.76	0.0945749
4198.46	0.0932416
4240.02	0.0919437
4279.87	0.0908496
4286.42	0.0908296
4148.27	0.0953374
4183.25	0.0953147
4225.74	0.0985715
4271.02	0.114358
4317.33	0.171373
4373.48	0.314716
4429.96	0.452027
4498.45	0.504453
4569.13	0.531562
4647.56	0.542388
4722.87	0.55594
4793.69	0.569888
4860.53	0.581889
4914.21	0.615027
4973.53	0.631017
5027.33	0.652764
5071.06	0.66959
5072.68	0.482635
4150.66	0.0947889
4176.42	0.0940882
4190.52	0.0940308
4212.56	0.0938702
4247.96	0.0965772
4284.43	0.113329
4319.1	0.182608
4335.78	0.327182
4362.08	0.392812
4417.51	0.484686
4473.88	0.525064
4537.6	0.540429
4565.79	0.561973
4600.74	0.561982
4657.17	0.591818
4707.45	0.63666
4759.48	0.659688
4793.15	0.665246
4827.51	0.664317
4872.07	0.695023
4873.16	0.499959
4869.66	0.407907
3717.67	0.111269
3736.6	0.110442
3750.7	0.109829
3778.92	0.108679
3820.69	0.107015
3860.61	0.105425
3900.73	0.103883
3927	0.102879
3941.97	0.102249
3978.39	0.100912
4018.68	0.0994614
4051.06	0.0982598
4083.9	0.0971197
4098.15	0.0965848
4127.05	0.0955914
4167.88	0.0942326
4210.66	0.0928631
4255.69	0.0915975
4283.71	0.0911847
4302.83	0.0909948
4328.42	0.0912382
2798.77	0.159476
2816.98	0.158293
2841.32	0.156789
2887.74	0.154139
2960.45	0.150004
3024.81	0.14631
3051.5	0.14456
3100.36	0.141829
3165.99	0.138247
3223.29	0.135216
3246.51	0.13378
3292.12	0.131396
3352.11	0.128382
3401.28	0.125928
3421.28	0.124812
3462.83	0.122827
3514.99	0.120407
3556.73	0.118491
3568.79	0.117827
3606.57	0.116123
3652.2	0.114114
3688.01	0.112592
3695.69	0.112209
3466.47	0.122625
3506.78	0.120699
3559.51	0.118293
3611.93	0.115948
3662.62	0.113727
3708.75	0.111707
3751.93	0.109869
3792.79	0.108175
3835.34	0.10648
3869.74	0.105081
3905.13	0.103688
3941.47	0.102305
3977.44	0.100955
4014.15	0.0996176
4051.35	0.0982953
4081.4	0.0972531
4094.88	0.0967421
4125.16	0.0957181
4158.86	0.0945841
4183.17	0.0937971
3729.03	0.11072
3761.29	0.109381
3798.36	0.107878
3835.32	0.106399
3871.77	0.104966
3907.76	0.10358
3937.28	0.102459
3949.73	0.101939
3976.82	0.100931
4011.67	0.0996633
4046.1	0.0984194
4080.58	0.097197
4115.42	0.0959955
4150.57	0.0948429
4183.74	0.0939037
4217.68	0.0935325
4254.38	0.095349
4287.08	0.102147
4303.09	0.108606
4335.12	0.128164
4374.01	0.175598
4402.15	0.213174
3554.4	0.118531
3593.75	0.116715
3641.46	0.114613
3687.34	0.112615
3731.66	0.110737
3758.49	0.109596
3774.99	0.10884
3814	0.107281
3855.43	0.105643
3896.06	0.104061
3935.61	0.102549
3973.07	0.101134
4006.76	0.0998668
4048.11	0.0984026
4088.6	0.0969834
4128.87	0.0956313
4163.12	0.0946069
4178.25	0.0943018
4211.88	0.0937465
4256.12	0.0942714
4288.71	0.0969708
3689.68	0.11245
3716.89	0.111305
3728.59	0.110753
3760.85	0.109411
3798.62	0.107873
3835.68	0.106384
3872.08	0.104946
3907.79	0.10356
3942.8	0.102225
3977.71	0.100925
4012.02	0.0996748
4034.71	0.098851
4046.29	0.098387
4075.36	0.0973629
4107.84	0.0962317
4140.85	0.0951032
4172.55	0.094026
4204.27	0.0929791
4235.9	0.0919893
4264.14	0.0911751
3015.05	0.146763
3066.11	0.14377
3133.15	0.140019
3200.14	0.136356
3265.85	0.132856
3329.78	0.12954
3391.59	0.126419
3450.96	0.123496
3507.62	0.120771
3561.66	0.118242
3613.14	0.115897
3661.78	0.113734
3706.17	0.111784
3751.34	0.109878
3795.65	0.108065
3837.14	0.106385
3872.88	0.104946
3905.02	0.1037
3918.71	0.103158
3995.99	0.100223
4008	0.099769
4017.8	0.0994012
4043.63	0.0984944
4057.72	0.0979924
4077.32	0.0972921
4103.44	0.0964149
4115.94	0.0959499
4144.1	0.0950306
4156.53	0.0946374
4183.64	0.0938331
4205.09	0.0933409
4222.79	0.0928311
4252.69	0.0930327
4266.34	0.093633
4300.4	0.0958358
4318.65	0.0962964
4350.1	0.0988551
4384.45	0.127255
4405.5	0.156339
4452.29	0.29884
4473.2	0.39975
4531.07	0.417527
4573.15	0.436126
4619.38	0.435465
4672.88	0.445807
4692.34	0.446782
3862.91	0.10536
3874.38	0.10486
3906.18	0.103633
3940.63	0.102325
3974.7	0.101075
3989.16	0.100513
4012.99	0.0996381
4048.1	0.0983713
4084.84	0.0970776
4119.78	0.0958767
4136.39	0.0952987
4159.93	0.0944926
4198.1	0.0933031
4238.16	0.0922819
4279.5	0.0919794
4299.07	0.0932427
4321.94	0.0941848
4375.17	0.10727
4425.68	0.162541
4484.28	0.314512
4525.99	0.383766
4564.9	0.388633
4624.38	0.397118
2600.56	0.166718
2616.15	0.166578
2666.71	0.165332
2756.36	0.16167
2840.01	0.157248
2902.91	0.153595
2924.64	0.152071
2982.06	0.148727
3053.05	0.14466
3120.46	0.140849
3161.72	0.138496
3184.96	0.137062
3241.64	0.134057
3301.44	0.130965
3356.07	0.128199
3378.05	0.126981
3412.47	0.12526
3466.43	0.122701
3515.63	0.120397
3553.69	0.118634
3567.58	0.117904
3602.79	0.116307
3634.31	0.114883
3693.19	0.11229
3709.68	0.111567
3721.33	0.111035
3757.64	0.109559
3800.16	0.107842
3841.62	0.106188
3882.01	0.10462
3902.44	0.103816
3922.19	0.103013
3959.23	0.10162
3995.53	0.100274
4031.88	0.0989594
4065	0.0978071
4078.12	0.097307
4105.02	0.0963759
4145.4	0.0950541
4183.97	0.0939003
4224.36	0.0930227
4256.97	0.093478
4275.15	0.0949717
4314.95	0.0974744
4344.64	0.104926
4024.59	0.0992001
4031.15	0.098951
4054.1	0.0981345
4083.95	0.0971141
4095.7	0.0966854
4122.64	0.0957648
4152.94	0.094772
4162.97	0.0944082
4194.8	0.0933959
4227.18	0.0925092
4242.86	0.0920649
4284.18	0.0915955
4316.48	0.0935208
4327.4	0.0936945
4370.4	0.103617
4390.03	0.139806
4411.92	0.167268
4463.75	0.310372
4482.32	0.374294
4524.67	0.387675
4584.75	0.406311
4599.17	0.468718
4642.15	0.47099
4686.46	0.482343
4693.27	0.511923
4721.15	0.513778
3130.64	0.140038
3178.27	0.137404
3243.36	0.133998
3307.96	0.130694
3367.77	0.127641
3422.23	0.124886
3474.28	0.122359
3522.39	0.120104
3542.9	0.119087
3570.75	0.117781
3618.22	0.115689
3662.43	0.113745
3704.39	0.111906
3746.13	0.110103
3787.77	0.108363
3829.71	0.106672
3871.32	0.105033
3911.97	0.103462
3952.08	0.101951
3989.03	0.100597
4003.58	0.100038
4026.31	0.0992051
4043.12	0.0985967
3410.27	0.125466
3425.74	0.12462
3440.72	0.123817
3478.86	0.122011
3530.15	0.119642
3579.87	0.117392
3612.18	0.11594
3631.54	0.115002
3674.43	0.113161
3711.06	0.111548
3752.7	0.109859
3770.71	0.109046
3800.26	0.107827
3843.05	0.106137
3885.12	0.104503
3916.29	0.103308
3931.83	0.102645
3967.47	0.101321
4008.13	0.0998426
4047.09	0.098457
4065.2	0.0978015
4088.12	0.0969721
4128.89	0.0955928
4169.3	0.094247
4196.65	0.0933596
3632.7	0.114914
3636.22	0.114741
3666.55	0.11342
3711.6	0.111542
3757.12	0.109673
3796.6	0.108015
3835.61	0.106442
3874.7	0.104903
3913.93	0.1034
3951.83	0.101955
3981.38	0.100862
3995.43	0.100291
4028.44	0.0991107
4066.15	0.0977536
4107.71	0.0963234
4145.65	0.094998
4192.23	0.0934925
4238.88	0.0920768
4286.56	0.0909907
4337.69	0.0908627
4367.82	0.0921096
4376.11	0.0919054
3782.4	0.108523
3806.69	0.107538
3819.49	0.106997
3845.58	0.10597
3876.17	0.104801
3888.04	0.104294
3918.81	0.103133
3944.16	0.102194
3958.1	0.101625
3991.3	0.100422
4009.04	0.0997732
4028.98	0.0990281
4062.08	0.097875
4076	0.0973651
4105.26	0.0963655
4135.67	0.0953746
4149.05	0.0949335
4184.08	0.0939548
4213.12	0.0938008
4231.57	0.0940097
4272.42	0.0983729
4294.28	0.116357
4322.51	0.131773
4368.58	0.176731
4391.22	0.159861
4418.45	0.170162
4424.8	0.108801
4429.13	0.105705
4463.92	0.115836
4480.45	0.134398
4520.01	0.179495
4540.09	0.313346
4598.41	0.34826
4617.32	0.421526
4660.68	0.42492
4677.07	0.465962
4714.13	0.467142
4729.32	0.510364
4766.11	0.511422
4777.72	0.56175
4808.58	0.562926
4826.04	0.592078
4861.6	0.592378
4873.04	0.637602
4902.68	0.639093
4908.1	0.696164
4929.06	0.698829
4918.95	0.695553
4908.46	0.579257
4892.87	0.578195
4890.48	0.572887
3888.48	0.104294
3918.13	0.103166
3937.19	0.102438
3952.7	0.101814
3987.56	0.100549
4020.39	0.099368
4034.23	0.0988339
4059.01	0.0979424
4095.47	0.0966839
4124.63	0.0956927
4138.51	0.0951716
4170.73	0.0941023
4210.12	0.0928589
4235.72	0.0921496
4255.13	0.091572
4294.71	0.091005
4336.25	0.0932379
4357.82	0.100961
4392.27	0.111022
4442.52	0.174979
4492.7	0.318188
4521.08	0.360321
4574.84	0.368404
3655.62	0.113934
3685.1	0.112651
3720.74	0.111169
3734.6	0.110532
3766.89	0.109216
3809.48	0.107509
3849.98	0.105862
3891.73	0.104234
3932.14	0.102685
3970.77	0.101225
4005.97	0.0999389
4021.08	0.0993491
4048.43	0.098363
4088.39	0.0969753
4128.91	0.0955925
4169.43	0.0942301
4209.72	0.0929091
4259.12	0.0915181
4306.68	0.090491
4327.34	0.090024
4348.17	0.0895501
3672.97	0.113218
3708.63	0.111686
3729.96	0.110777
3752.08	0.109821
3795.39	0.108107
3817.15	0.107227
3835.96	0.106434
3870.01	0.105075
3892.09	0.104212
3907.62	0.103557
3942.11	0.10227
3965.77	0.101403
3980.28	0.100824
4013.78	0.0996191
4039.21	0.0987336
4053.07	0.0981969
4085.82	0.0970548
4111.34	0.0961777
4123.71	0.095715
4155.98	0.0946718
4182.88	0.0938553
4194.99	0.0934882
4226.07	0.0928374
4252.65	0.0929194
4254.93	0.0927646
3809.97	0.10742
3836.56	0.10635
3871.91	0.104961
3906.75	0.103615
3937.53	0.102457
3949.51	0.101973
3975.87	0.100999
4014.03	0.0996097
4051.58	0.0982721
4085.46	0.097086
4102.08	0.0964959
4121.57	0.0957971
4155.81	0.0946743
4189.37	0.0936069
4228.88	0.0926879
4253.27	0.0929486
4265.58	0.0937166
4301.27	0.0968391
4340.39	0.104822
4384.39	0.128238
4416.39	0.185714
4425.77	0.294355
4469.11	0.319665
4495.57	0.211857
4506.66	0.325123
4533.75	0.324264
4539.66	0.219338
4543.69	0.191626
4575.79	0.264423
4598.14	0.302902
4609.83	0.382464
4642.79	0.390002
4662.39	0.408966
4669.94	0.444354
4695.02	0.447687
4712.65	0.452448
4713.57	0.494926
4735.1	0.498769
4748.63	0.495269
4747.19	0.524103
4764.29	0.530131
4775.03	0.524088
4767.69	0.553191
4778.87	0.56958
4785.95	0.570951
4770.25	0.582772
4774.83	0.617586
4775.77	0.620189
3485.05	0.121705
3496.32	0.121144
3521.73	0.119953
3534.63	0.119346
3562.35	0.118096
3576.15	0.117449
3593.55	0.116673
3615.86	0.115676
3627.65	0.115149
3653.46	0.114038
3666.29	0.113467
3684.77	0.112694
3704.81	0.111836
3718.51	0.111224
3743.84	0.110174
3756.33	0.109637
3774.79	0.108905
3791.6	0.108217
3801.64	0.10781
3825.41	0.106863
3836.84	0.106363
3850.99	0.105789
3860.64	0.105378
3765.8	0.109237
3800.12	0.107845
3833.07	0.106561
3842.86	0.106124
3874.38	0.104907
3914.35	0.103386
3944.84	0.102241
3958.24	0.101666
3991.89	0.100435
4029.22	0.0990932
4055.53	0.0981757
4068.88	0.0976537
4107.07	0.0963418
4154.04	0.0947851
4180.68	0.0939198
4201.19	0.0931876
4247.15	0.0918769
4296.45	0.0911058
4324.39	0.0921695
4357.06	0.0926275
4417.19	0.0994105
4461.47	0.116829
4468.11	0.13497
4468.18	0.135201
3681.47	0.11281
3710.38	0.111567
3754.47	0.109754
3798.24	0.107949
3840.65	0.106238
3882.14	0.104599
3922.94	0.103016
3964.24	0.10146
4005.88	0.0999244
4048.17	0.0984029
4091.53	0.0968909
4135.83	0.0954099
4179.47	0.0940389
4224.4	0.0928563
4253.17	0.0922498
4271.33	0.0915409
4316.9	0.0911616
4368.22	0.092607
4423.2	0.097727
4470.65	0.108817
4417.26	0.091338
4425.07	0.0932847
4457.53	0.100574
4478.54	0.114505
4506.61	0.165113
4534.09	0.199652
4564.48	0.341744
4618.01	0.357829
4646.83	0.409825
4682.49	0.415934
4717.05	0.415345
4740.82	0.456471
4780.62	0.457921
4801.57	0.495725
4828.97	0.503434
4855.48	0.503853
4871.44	0.546433
4905.75	0.547639
4920.1	0.580294
4942.22	0.586557
4963.68	0.586907
4975.29	0.641114
5004.55	0.644486
5019.33	0.707709
5042.32	0.720545
5055.29	0.720362
4060.9	0.0978721
4088.35	0.0969174
4121.9	0.0957875
4156.35	0.0946757
4181.9	0.0939142
4194.91	0.0935322
4226.11	0.0929752
4263.15	0.0936726
4301.59	0.0991674
4334.5	0.117952
4343.98	0.150921
4371.42	0.210645
4416.69	0.360384
4475.55	0.41086
4534.77	0.42417
4545.33	0.518444
4581.27	0.518935
4633.48	0.551126
4680.34	0.571746
4721.82	0.587964
4737.19	0.617032
4736.26	0.613818
4748.37	0.619989
3380.11	0.126878
3422.26	0.124781
3472.95	0.122357
3523.68	0.119985
3571.23	0.11778
3618.4	0.115677
3662.49	0.113746
3705.15	0.1119
3731.68	0.110757
3751.01	0.109872
3789.98	0.108267
3830.09	0.106641
3871.4	0.105021
3912.29	0.10344
3952.58	0.101915
3991.84	0.100462
4028.14	0.0991289
4067.03	0.097761
4100.89	0.0966124
4113.46	0.0961249
4136.65	0.0953325
3503.35	0.120819
3535	0.119326
3581.67	0.117236
3625.79	0.115251
3668.67	0.113366
3710.61	0.111557
3752.76	0.109793
3794.55	0.10808
3835.53	0.106429
3876.49	0.10482
3917.45	0.103246
3958.39	0.101711
3993.9	0.100407
4007.87	0.0998534
4037.13	0.0988029
4078.2	0.0973749
4119.09	0.0959732
4167.96	0.0944711
4214.29	0.0933019
4259.92	0.09304
4293.3	0.0946139
3261.54	0.132759
3301.82	0.130649
3351.14	0.128197
3381.99	0.126641
3401.75	0.125584
3448.6	0.123369
3497.95	0.121058
3546.26	0.118835
3591.63	0.116797
3611.71	0.11584
3638.28	0.114634
3683.31	0.112716
3726.67	0.110881
3768.42	0.109151
3803.23	0.107728
3817.74	0.107081
3846.51	0.105934
3885.74	0.10443
3917.36	0.103197
3943.05	0.102206
3932.6	0.102593
3932.83	0.102583
3962.32	0.101481
3997.91	0.100195
4023.56	0.0992835
4036.55	0.0987706
4070.53	0.0975795
4108.92	0.0962871
4139.94	0.0953693
4154.81	0.0950101
4191.07	0.0944075
4235.13	0.0953504
4273.41	0.0994359
4290.97	0.100117
4330.25	0.109302
4380.08	0.156578
4426.75	0.297373
4454.52	0.384553
4513.55	0.415198
4593.94	0.444091
4661.86	0.456348
4684.37	0.483207
4727.8	0.483451
4767.57	0.491553
3900.72	0.10384
3923.92	0.102946
3958.47	0.101661
3993.97	0.100336
4032.09	0.0989626
4070.51	0.0976054
4109.95	0.0962916
4151.05	0.095147
4191.5	0.0947369
4234.61	0.0968931
4277.46	0.109304
4320.32	0.15803
4369.23	0.30546
4426.07	0.440786
4496.45	0.483261
4570.98	0.49992
4641.82	0.5158
4708.57	0.526529
4763.25	0.543657
4801.12	0.546768
2795.85	0.159364
2799.55	0.159137
2814.91	0.158255
2880.61	0.154598
2923.69	0.152067
2940.8	0.150978
3001.68	0.147525
3055.67	0.144453
3073.56	0.143286
3124.9	0.140451
3182.54	0.137313
3203.29	0.136056
3243.94	0.133908
3304.19	0.130855
3334.2	0.129274
3359.06	0.127949
3414.4	0.125258
3452.76	0.123399
3469.98	0.122479
3515.35	0.120397
3555.98	0.118517
3569.18	0.117823
3602.7	0.116306
3635.62	0.114817
3839.14	0.106254
3868.3	0.105109
3891.42	0.104238
3906.94	0.103614
3941.74	0.10232
3977.3	0.100984
4014.85	0.0996311
4034.56	0.0989119
4051.23	0.0982687
4086.02	0.09704
4124.19	0.0957297
4161.41	0.0945011
4177.99	0.0939686
4198.15	0.0933018
4238.13	0.0922705
4280.29	0.0919109
4322.87	0.0943319
4338.94	0.101334
4366.18	0.109804
4411.93	0.159239
4465.13	0.283894
4518.63	0.314739
2762.68	0.161356
2815.81	0.158328
2886.77	0.15421
2958.47	0.150046
3029.26	0.145956
3099.08	0.142001
3166.55	0.138244
3231.62	0.13471
3294.34	0.131399
3354.5	0.128307
3411.36	0.12543
3465.43	0.122802
3516.4	0.120329
3568.03	0.117942
3617.36	0.115702
3664.15	0.11362
3709.82	0.111659
3754.72	0.109798
3791.52	0.108239
3818.98	0.107113
2875.32	0.155227
2900.85	0.153566
2964.49	0.149844
2990.12	0.148151
3034.84	0.145575
3099.81	0.141971
3127.08	0.140335
3165.28	0.138247
3227.49	0.134964
3258.64	0.133235
3291.48	0.131468
3352.15	0.128451
3385.33	0.126752
3411.91	0.125359
3465.96	0.122787
3500.14	0.12115
3522.21	0.120012
3569.74	0.117873
3602.78	0.116404
3620.27	0.115558
3662.75	0.113732
3695.67	0.11232
3710.83	0.111569
3746.61	0.110069
3774.95	0.108912
3779.55	0.108704
3936.7	0.102535
3940.77	0.102336
3972.16	0.10114
4009.12	0.0997823
4048.5	0.0983741
4088.62	0.0969678
4129.46	0.0955993
4171.71	0.0943779
4212.51	0.0938391
4256.09	0.0958471
4300.39	0.108324
4355.19	0.154476
4402.19	0.268617
4425.36	0.372958
4483.3	0.448986
4562.3	0.484462
4644.16	0.496686
4717.9	0.51363
4788.57	0.523505
4853.36	0.534404
4907.97	0.544532
4200.69	0.0943329
4222.95	0.0943135
4267.7	0.0988352
4316.18	0.118833
4367.72	0.18332
4431.92	0.317302
4488.32	0.391818
4507.81	0.535163
4557.6	0.54462
4633.73	0.552704
4708.49	0.564232
4779.12	0.578052
4845.26	0.592042
4907.19	0.608678
4965.54	0.627278
5011.54	0.65309
5055.08	0.662889
5057.53	0.401512
5055.62	0.250047
5055.36	0.198267
3590.89	0.11678
3627.23	0.115164
3668.67	0.113383
3702.1	0.11197
3715.41	0.111353
3748.19	0.109994
3786.84	0.108391
3830.52	0.106672
3857.89	0.105587
3874.11	0.104882
3912.19	0.103429
3952.48	0.101914
3990.15	0.100527
4006.19	0.0999113
4029.75	0.0990297
4070.18	0.0976091
4111.64	0.0961828
4147	0.0950081
4159.53	0.094547
4194.21	0.0933947
4239.97	0.0919578
4276.02	0.0908861
3760.07	0.109524
3771.88	0.109013
3796.72	0.107997
3833.07	0.106567
3846.2	0.10598
3878.84	0.104724
3910.64	0.103514
3925.46	0.102885
3958.4	0.101665
3983.43	0.100753
3998.69	0.100137
4033.83	0.0988977
4050.6	0.0982969
4070.82	0.0975604
4103.32	0.0964493
4114.52	0.0960309
4139.85	0.0951651
4172.34	0.0941023
4183.81	0.0936612
4216.05	0.0926288
4244.43	0.0918114
4257.06	0.0914393
4294.2	0.0906291
4315.28	0.0902321
4331.94	0.0897236
4370.49	0.0904557
4383.74	0.0923566
4395.52	0.0938508
4020.82	0.0993501
4023.63	0.0992503
4044.87	0.0984952
4056.26	0.09805
4073.63	0.0974522
4086.65	0.0969828
4101.02	0.0965076
4120.66	0.0958387
4131.1	0.0954859
4154.01	0.0947406
4163.92	0.0943686
4183.9	0.0937303
4197.9	0.0932651
4211.08	0.0928163
4230.5	0.0921843
4239.95	0.0919426
4262.12	0.0914383
4269.89	0.0918924
4291.36	0.0935176
4301.72	0.0971906
4315.41	0.110605
4334.02	0.122918
4339.73	0.157462
4358.32	0.204776
4361.39	0.156043
3841.17	0.106212
3862.91	0.105366
3874.06	0.104887
3905.78	0.103677
3941.85	0.102321
3977.34	0.100984
4014.81	0.0996134
4051.85	0.0982595
4090.16	0.0969196
4126.04	0.0956799
4159.38	0.0945476
4194.91	0.0933967
4237.56	0.0921686
4284.46	0.0912618
4322.15	0.091693
4341.59	0.0933347
4387.8	0.0991616
4442.12	0.1238
4493.68	0.194699
4548.59	0.302135
2703.81	0.164664
2724.03	0.1635
2770.67	0.16095
2798.89	0.159217
2868.87	0.155294
2927.57	0.151921
2950.99	0.150368
3011.19	0.146939
3077.83	0.143261
3104	0.14157
3155.32	0.138777
3223.07	0.135207
3254.7	0.133417
3290.68	0.131485
3354.31	0.128336
3394.82	0.126291
3417.47	0.125043
3470.57	0.122563
3515.34	0.120471
3533.68	0.119468
3576.6	0.117515
3621.92	0.115517
3640.03	0.114642
3673.63	0.113201
3703.96	0.111893
3190.74	0.13681
3198.29	0.136337
3235.21	0.134344
3297.25	0.131181
3355.33	0.128275
3379.65	0.126951
3414.81	0.125193
3470.29	0.122573
3522.03	0.120128
3548.25	0.118849
3577.42	0.117458
3628.63	0.115203
3677.06	0.113096
3703.5	0.111937
3726.21	0.110907
3767.4	0.109201
3810.09	0.107497
3836.87	0.106423
3855.46	0.105615
3895.98	0.104065
3937.46	0.102508
3961.66	0.101595
3975.09	0.101046
4002.18	0.100056
3322	0.129854
3371.53	0.127337
3425	0.124695
3477.66	0.122154
3528.33	0.119751
3577.43	0.117488
3622.98	0.115414
3666.89	0.113477
3710.02	0.111632
3749.18	0.109973
3783.8	0.108555
3800.09	0.107828
3832.02	0.106555
3873.81	0.104925
3915.35	0.103324
3956.8	0.101755
3998.61	0.100214
4037.77	0.0987822
4078.02	0.0973726
4114.33	0.0961271
