2745.93	0.351012
2754.46	0.357514
2771.57	0.360175
2796.87	0.361477
2829.27	0.362136
2867.32	0.362411
2909.57	0.362436
2954.77	0.362295
3001.92	0.362041
3050.25	0.361714
3099.18	0.36134
3148.22	0.360938
3196.97	0.360522
3245	0.360104
3291.68	0.359679
3336.23	0.358937
3379.32	0.358606
3421.08	0.358304
3461.25	0.357981
3499.48	0.357523
3535.66	0.357018
3570.02	0.356665
3602.84	0.356352
3634.3	0.355994
3664.52	0.355565
3693.5	0.355047
3720.82	0.354419
3744.15	0.351428
3766.83	0.350688
3788.42	0.349938
3808.87	0.349024
3828.15	0.347917
3846.2	0.346592
3863.13	0.34504
3879.15	0.343257
3894.54	0.341271
3909.67	0.339143
3924.25	0.336869
3938.14	0.334499
3951.32	0.332087
3963.74	0.329679
3975.39	0.327308
3986.2	0.324983
3996.12	0.322691
4005.04	0.320398
4012.83	0.318067
4019.37	0.31567
4024.51	0.313219
4028.08	0.310824
4029.91	0.308912
2736.76	0.354729
2745.29	0.364418
2762.75	0.370211
2789.06	0.374396
2822.83	0.377582
2862.24	0.379932
2905.65	0.381602
2951.76	0.38272
2999.6	0.38341
3048.44	0.383786
3097.74	0.383939
3147.12	0.383932
3196.25	0.383798
3244.82	0.383524
3292.23	0.383049
3336.05	0.380383
3378.97	0.380103
3420.93	0.379974
3461.39	0.379811
3499.7	0.379155
3535.59	0.378346
3569.66	0.378253
3602.26	0.378437
3633.56	0.378798
3663.74	0.379282
3693.11	0.379785
3722.73	0.379885
3742.71	0.369699
3765.84	0.365724
3787.43	0.364993
3807.9	0.364181
3827.24	0.363006
3845.13	0.361324
3861.86	0.359301
3877.56	0.356889
3892.58	0.354171
3907.95	0.351352
3922.63	0.347764
3936.55	0.343701
3949.71	0.339469
3962.13	0.335342
3973.79	0.33153
3984.64	0.328147
3994.61	0.325193
4003.61	0.322588
4011.48	0.32021
4018.12	0.317955
4023.38	0.315762
4027.04	0.313636
4028.92	0.311833
2718.42	0.359111
2726.67	0.373225
2744.51	0.383657
2773.15	0.392172
2810.06	0.399396
2852.38	0.406062
2898.16	0.411237
2946.07	0.415051
2995.24	0.417745
3045.04	0.419575
3095.06	0.420765
3145.01	0.421486
3194.75	0.421829
3244.4	0.421748
3294.84	0.420844
3335.27	0.408637
3378.02	0.408157
3420.68	0.407908
3462.01	0.407201
3500.64	0.40496
3535.62	0.401858
3569.02	0.401276
3601.17	0.401313
3632.12	0.401722
3661.92	0.402403
3690.62	0.403356
3718.28	0.404814
3743.49	0.408339
3764.38	0.398184
3785.58	0.393586
3806.06	0.393376
3825.76	0.392954
3843.24	0.38989
3859.59	0.38813
3874.63	0.385997
3888.21	0.383433
3904.88	0.381889
3919.69	0.376507
3933.57	0.369111
3946.67	0.360612
3959.03	0.351852
3970.66	0.34353
3981.55	0.336367
3991.64	0.330737
4000.78	0.326551
4008.81	0.323455
4015.65	0.321089
4021.2	0.319169
4025.07	0.317438
4027.07	0.31594
2691.22	0.36315
2697.96	0.382737
2714.93	0.398979
2748.4	0.4131
2791.02	0.424382
2838.21	0.432706
2887.69	0.438392
2938.28	0.441983
2989.35	0.444026
3040.49	0.444987
3091.45	0.445214
3142.07	0.444958
3192.26	0.444389
3242.03	0.443635
3291.46	0.442861
3330.89	0.440849
3375.81	0.439034
3420.38	0.4389
3463.9	0.437526
3503.75	0.433185
3535.69	0.431463
3568.07	0.430322
3599.65	0.430003
3630.19	0.430352
3659.51	0.431411
3687.47	0.433469
3714.55	0.437063
3739.84	0.442575
3762	0.450371
3784.12	0.454154
3803.94	0.45465
3826.06	0.458441
3841.56	0.447762
3857.87	0.447348
3873.06	0.448978
3887.48	0.448097
3902.16	0.440033
3916.17	0.434515
3929.78	0.427414
3942.62	0.415783
3954.79	0.398608
3966.25	0.378917
3977.1	0.360625
3987.3	0.345947
3996.65	0.335463
4004.85	0.328845
4011.92	0.325228
4018.07	0.323299
4022.35	0.321796
4024.52	0.320536
2656.67	0.364196
2658.51	0.389501
2667.91	0.41872
2713.75	0.435932
2766.83	0.448311
2821.16	0.456543
2875.44	0.461691
2929.32	0.464741
2982.62	0.466431
3035.29	0.46727
3087.29	0.467591
3138.58	0.467618
3189.14	0.467507
3238.9	0.467399
3287.74	0.467481
3335.33	0.468082
3372.71	0.465339
3419.86	0.465193
3468.14	0.464228
3504.05	0.472159
3535.2	0.467998
3567.02	0.467106
3598.33	0.466847
3628.68	0.466904
3657.76	0.467287
3684.21	0.468081
3711.97	0.470169
3737.27	0.473818
3760.58	0.477733
3782.83	0.480055
3804.26	0.482051
3821.73	0.47967
3840.49	0.482597
3855.91	0.482588
3871.03	0.484327
3885.45	0.48441
3899.19	0.482193
3912.33	0.481123
3926.22	0.483002
3938.91	0.482261
3950.69	0.476911
3961.44	0.462406
3971.81	0.435806
3981.91	0.396969
3991.48	0.362339
3999.66	0.340439
4006.61	0.33151
4014.31	0.328779
4019.15	0.32703
4021.54	0.325745
2619.63	0.363617
2610.88	0.385874
2583.64	0.432522
2671.25	0.458249
2740.76	0.46843
2803.51	0.474045
2862.92	0.476898
2920.17	0.478164
2975.72	0.478551
3029.89	0.478483
3082.9	0.4782
3134.85	0.47784
3185.77	0.47749
3235.59	0.477216
3284.12	0.477087
3330.96	0.47719
3375.19	0.477644
3416.9	0.47684
3459.42	0.47741
3497.51	0.480333
3532.18	0.482307
3565.28	0.484471
3597.09	0.486462
3627.6	0.488414
3656.96	0.490414
3685.72	0.492273
3710.33	0.491423
3735.19	0.493467
3758.7	0.495721
3780.86	0.497711
3801.73	0.499788
3821.31	0.502492
3837.75	0.501978
3853.56	0.503244
3868.77	0.505947
3883.07	0.508564
3898.67	0.511495
3909.63	0.513109
3922.94	0.516985
3935.5	0.520407
3947.53	0.522712
3957.52	0.520401
3967.63	0.509376
3977.06	0.480819
3986.42	0.435013
3995.01	0.389208
4003.69	0.351123
4010.96	0.337736
4015.9	0.33356
4018.42	0.331655
2590.8	0.362273
2581.23	0.380163
2559.08	0.453599
2645.8	0.47773
2720.66	0.481461
2788.42	0.482819
2851.75	0.482814
2911.88	0.482157
2969.3	0.481268
3024.69	0.480373
3078.53	0.479567
3131.06	0.478887
3182.35	0.478355
3232.35	0.477983
3280.93	0.477785
3327.92	0.477774
3373.25	0.477955
3411.79	0.477991
3453.73	0.47829
3493.01	0.479247
3529.32	0.480358
3563.44	0.481788
3595.71	0.483478
3626.27	0.485379
3655.33	0.487409
3683.09	0.489484
3708.96	0.491587
3733.91	0.494108
3757.57	0.496679
3779.47	0.499347
3799.91	0.502138
3818.98	0.505133
3836.35	0.508493
3852.3	0.512477
3865.72	0.515691
3882.84	0.51992
3895.54	0.521553
3907.86	0.526034
3919.56	0.530385
3931.59	0.535611
3944.95	0.544531
3956.14	0.555446
3965.57	0.562991
3973.82	0.565413
3981.99	0.548552
3990.93	0.475352
4000.27	0.375646
4007.66	0.347863
4012.65	0.340278
4015.38	0.337545
2571.07	0.359381
2563.71	0.373457
2548.88	0.469154
2631.19	0.488188
2706.72	0.487738
2776.82	0.486713
2842.83	0.485442
2905.32	0.484152
2963.87	0.482985
3019.94	0.482033
3074.31	0.481274
3127.3	0.480694
3178.95	0.480286
3229.21	0.480055
3277.96	0.480011
3325.11	0.480163
3370.72	0.480516
3415.26	0.481041
3449.16	0.479683
3489.91	0.479954
3527.06	0.481155
3561.84	0.482675
3594.43	0.484454
3624.8	0.486495
3653.39	0.488773
3680.7	0.491217
3706.9	0.493795
3732.3	0.496418
3756.57	0.499063
3777.95	0.501887
3797.87	0.505165
3816.78	0.50872
3834.78	0.51259
3850.22	0.514994
3865.56	0.518118
3879.95	0.51859
3893.6	0.520051
3907.21	0.523472
3919.16	0.529747
3932.37	0.53812
3944.71	0.548856
3955.38	0.562349
3964.65	0.578199
3971.25	0.590058
3980.12	0.559372
3988.98	0.455187
3997.55	0.378797
4004.59	0.353905
4009.32	0.345531
4012.67	0.342409
2558.27	0.353386
2553.18	0.364983
2543.48	0.480832
2622.35	0.495864
2697.18	0.494403
2768.28	0.493038
2836.38	0.491799
2901.62	0.490612
2959.84	0.488912
3015.74	0.48811
3070.29	0.487541
3123.62	0.487136
3175.65	0.48687
3226.23	0.486742
3275.2	0.486764
3322.39	0.48696
3367.78	0.487361
3411.28	0.488016
3452.11	0.48912
3488.83	0.487732
3525.56	0.48891
3560.84	0.490365
3593.74	0.491982
3623.51	0.493676
3651.1	0.496079
3677.78	0.498911
3703.99	0.501967
3730.19	0.505018
3756.84	0.507704
3776.27	0.506932
3795.23	0.508959
3813.89	0.510025
3830.6	0.510531
3848.76	0.51152
3864.63	0.514061
3879.27	0.517264
3893.46	0.520573
3906.45	0.525449
3919.57	0.533681
3932.22	0.54403
3944.38	0.556452
3954.29	0.567683
3963.2	0.582843
3971.5	0.609659
3978.97	0.622811
3986.81	0.536706
3995.58	0.411291
4003.05	0.363329
4008.13	0.351026
4010.93	0.346146
2550.12	0.340549
2546.7	0.351467
2540.22	0.495956
2616.57	0.508867
2690.33	0.507455
2761.66	0.506345
2831.69	0.505406
2903.85	0.50424
2957.07	0.499688
3011.78	0.49838
3066.33	0.497629
3120.02	0.49705
3172.52	0.496539
3223.56	0.496087
3272.85	0.495706
3320.09	0.495433
3365.32	0.495324
3408.52	0.495426
3449.44	0.495786
3486.24	0.496358
3523.98	0.497377
3560.69	0.498314
3594.63	0.499375
3622.85	0.498982
3648.17	0.499638
3673.8	0.501398
3699.56	0.501367
3726.1	0.502511
3750.76	0.503384
3772.06	0.502704
3791.22	0.50246
3811.5	0.503872
3829.93	0.506292
3847.83	0.509623
3861.8	0.512544
3878.35	0.51693
3893.05	0.523198
3906.99	0.531197
3918.68	0.538337
3930.79	0.545097
3942.34	0.553963
3953.5	0.565999
3963.08	0.582944
3971.3	0.610381
3978.36	0.630322
3985.7	0.556547
3994.27	0.423566
4001.81	0.366897
4006.95	0.353079
4009.6	0.347684
2544.87	0.313906
2542.59	0.327943
2538.11	0.500224
2612.49	0.510741
2684.95	0.508452
2755.34	0.50621
2823.79	0.504049
2889.94	0.501911
2949.32	0.499559
3006.47	0.498161
3062.29	0.496984
3116.92	0.495961
3170.3	0.495098
3222.27	0.494415
3272.34	0.493944
3319.54	0.493808
3364.67	0.493861
3408.03	0.4941
3449.79	0.494533
3490.87	0.495122
3522.54	0.495629
3563.59	0.49683
3592.56	0.494572
3620.49	0.495543
3647.15	0.496568
3672.19	0.497936
3700.08	0.499607
3723.58	0.499636
3746.04	0.500028
3768.54	0.500726
3788.81	0.502004
3809.32	0.504008
3828.13	0.507376
3843.86	0.510906
3860.94	0.515517
3877.55	0.521227
3891.66	0.52669
3905.38	0.533647
3918.13	0.539866
3928.61	0.54462
3941.51	0.553036
3952.5	0.566967
3962.45	0.583388
3970.78	0.609867
3977.75	0.62818
3984.95	0.55316
3993.39	0.42216
4000.84	0.366809
4005.94	0.353138
4008.54	0.347731
2541.26	0.280557
2539.84	0.301137
2536.65	0.500064
2609.48	0.508609
2680.68	0.506154
2749.96	0.503734
2817.13	0.501429
2881.73	0.499236
2942.76	0.497156
3001.38	0.49542
3058.3	0.493921
3113.86	0.492634
3168.25	0.491555
3221.56	0.490697
3273.36	0.490098
3319.72	0.488751
3364.39	0.488755
3407.72	0.489004
3449.38	0.489433
3488.77	0.490014
3525.74	0.490675
3558.62	0.490024
3590.21	0.490506
3618.45	0.492171
3645.73	0.494159
3671.63	0.495225
3696.18	0.496203
3721.25	0.498052
3744.44	0.500614
3766.53	0.503611
3788.17	0.507009
3807.19	0.509207
3824.75	0.512197
3842.17	0.515003
3858.86	0.517435
3875.34	0.520423
3890.38	0.52136
3904.71	0.524646
3917.77	0.53278
3929.62	0.543397
3940.79	0.555416
3950.78	0.568698
3961.6	0.583937
3970.15	0.609097
3977.15	0.62444
3984.35	0.545629
3992.73	0.417275
4000.08	0.365322
4005.12	0.352316
4007.68	0.347133
2538.98	0.26258
2537.94	0.28954
2535.63	0.506424
2607.23	0.513684
2677.35	0.511384
2745.68	0.509261
2811.98	0.507402
2875.99	0.505835
2937.49	0.504582
2996.84	0.503567
3054.47	0.502717
3110.7	0.501998
3165.93	0.501375
3220.97	0.500774
3278.43	0.499951
3320.15	0.49688
3364	0.496411
3407.57	0.496145
3449.71	0.495908
3487.54	0.495327
3522.72	0.495693
3555.36	0.496708
3589.63	0.497804
3615.81	0.495503
3642.63	0.49571
3669.35	0.497085
3694.58	0.498803
3719.2	0.500779
3742.33	0.503205
3763.36	0.50515
3785.3	0.50675
3805.15	0.50848
3821.55	0.509996
3840.49	0.513667
3857.76	0.515897
3872.52	0.517491
3888.75	0.521505
3903.52	0.526399
3916.81	0.532675
3928.95	0.541239
3940.1	0.553698
3950.61	0.568163
3961.18	0.583299
3969.67	0.607565
3976.63	0.620242
3983.84	0.537856
3992.2	0.412185
3999.47	0.363615
4004.44	0.351301
4006.96	0.346394
2537.63	0.262179
2536.78	0.291396
2534.91	0.512615
2605.64	0.518277
2674.94	0.515837
2742.5	0.513544
2808.16	0.511459
2871.78	0.509579
2933.33	0.507886
2992.96	0.506351
3050.91	0.504956
3107.38	0.503695
3162.58	0.502572
3216.65	0.501592
3269.22	0.500776
3316.46	0.500276
3362.46	0.50024
3408.27	0.500205
3455.36	0.50011
3489.19	0.497936
3522.2	0.497974
3556.66	0.498296
3584.26	0.499218
3615.33	0.501176
3641.78	0.500951
3667.77	0.501445
3692.41	0.502153
3717.77	0.503101
3741.1	0.504169
3764.08	0.50595
3783.84	0.507246
3800.93	0.508697
3817.73	0.509038
3836.67	0.508442
3855.03	0.509748
3871.04	0.51228
3888.08	0.516377
3903.05	0.52261
3916.3	0.530858
3927.94	0.541674
3938.27	0.553674
3950.71	0.566292
3961.02	0.581674
3969.34	0.605315
3976.22	0.616091
3983.42	0.531141
3991.75	0.407846
3998.95	0.362107
4003.86	0.350374
4006.35	0.345718
2536.85	0.267028
2536.12	0.2966
2534.49	0.512374
2604.71	0.516833
2673.43	0.514362
2740.35	0.511981
2805.43	0.509745
2868.67	0.50766
2930.07	0.505729
2989.72	0.503964
3047.72	0.50237
3104.18	0.500952
3159.14	0.499707
3212.55	0.498626
3264.02	0.497691
3312.72	0.496889
3359.79	0.496385
3406.26	0.496096
3453.95	0.495933
3486.77	0.493011
3518.39	0.493321
3552.87	0.494234
3588.13	0.495167
3612.47	0.493401
3638.79	0.492727
3666.79	0.494133
3694.03	0.496276
3717.91	0.496975
3740.67	0.49951
3762.9	0.501793
3780.28	0.502061
3798.7	0.501873
3817.98	0.503423
3836.15	0.506392
3852.91	0.510339
3871.69	0.515165
3887.71	0.517272
3902.52	0.522793
3915.64	0.529815
3926.48	0.539809
3939.61	0.550666
3951.18	0.563696
3961.04	0.579642
3969.12	0.602746
3975.87	0.61231
3983.04	0.525672
3991.35	0.404362
3998.48	0.360868
4003.34	0.349595
4005.81	0.345148
2536.5	0.272043
2535.86	0.300044
2534.39	0.504232
2604.55	0.507921
2672.88	0.505775
2739.17	0.50367
2803.64	0.501567
2866.41	0.499557
2927.54	0.49766
2987.05	0.495903
3044.96	0.494304
3101.3	0.49287
3156.02	0.491598
3209.1	0.490472
3260.3	0.489479
3309.25	0.488634
3356.33	0.488036
3401.57	0.487623
3444.72	0.487152
3484.32	0.485848
3510.25	0.485146
3546.76	0.484854
3579.7	0.48496
3607.23	0.484375
3636.88	0.485249
3664.97	0.487351
3692.63	0.489491
3719.17	0.491693
3739.87	0.492163
3759.21	0.493641
3779.8	0.492898
3799.35	0.495415
3818.49	0.498187
3836.88	0.501139
3854.57	0.504471
3872.17	0.508246
3888.46	0.512917
3903.08	0.519077
3916.5	0.526844
3928.73	0.536598
3940.73	0.547832
3951.62	0.561249
3961.06	0.577702
3968.9	0.60027
3975.53	0.608921
3982.67	0.52105
3990.96	0.401465
3998.03	0.359833
4002.86	0.348939
4005.31	0.344667
2536.51	0.27819
2535.98	0.307482
2534.65	0.494951
2605.4	0.497998
2673.52	0.496038
2738.88	0.494258
2802.59	0.492501
2864.79	0.490772
2925.59	0.489136
2984.85	0.48763
3042.61	0.486274
3098.81	0.485086
3153.28	0.484073
3206.22	0.483227
3257.44	0.482564
3306.25	0.482135
3353.24	0.481943
3397.47	0.482006
3437.53	0.481731
3475.69	0.481509
3509.71	0.481665
3542.62	0.481213
3575.03	0.482157
3605.38	0.483056
3634.87	0.484384
3661.92	0.486071
3690.67	0.488173
3718.11	0.490394
3739.07	0.49009
3757.59	0.49069
3778.71	0.493051
3798.79	0.495638
3818.11	0.498219
3836.68	0.500977
3854.63	0.504137
3872.23	0.50786
3889.16	0.512376
3903.09	0.517838
3916.77	0.525364
3929.44	0.534617
3941.18	0.545774
3951.74	0.559324
3960.91	0.576113
3968.58	0.598217
3975.12	0.605771
3982.26	0.516619
3990.54	0.39879
3997.59	0.358899
4002.39	0.348355
4004.83	0.344241
2536.75	0.287572
2536.38	0.328929
2535.36	0.492448
2608.03	0.494134
2676.04	0.491526
2739.32	0.489144
2802.07	0.487485
2863.55	0.485932
2924.07	0.484484
2982.99	0.483176
3040.6	0.482024
3096.78	0.481039
3150.74	0.480249
3203.68	0.479628
3255.59	0.479178
3303.62	0.477944
3351.43	0.47736
3392.04	0.47669
3433.31	0.476826
3471.19	0.477463
3506.25	0.478485
3539.48	0.479961
3572.1	0.481775
3603.19	0.483796
3633.07	0.485994
3662.18	0.488233
3688.38	0.48895
3714.87	0.490543
3734.31	0.490926
3755.14	0.492253
3777.05	0.494264
3797.4	0.496687
3816.85	0.499176
3835.47	0.501938
3853.39	0.50521
3871.25	0.509072
3889.18	0.513558
3901.62	0.517757
3916.29	0.524547
3929.3	0.533433
3941.05	0.544468
3951.48	0.558061
3960.52	0.575006
3968.08	0.596738
3974.59	0.602625
3981.77	0.511764
3990.09	0.396037
3997.12	0.357978
4001.92	0.3478
4004.35	0.343845
2537.05	0.297235
2536.86	0.355065
2536.5	0.498708
2614.46	0.498818
2682.41	0.495957
2739.36	0.492778
2801.86	0.490829
2862.21	0.489194
2923.03	0.487847
2981.28	0.486605
3038.82	0.485616
3095.7	0.484778
3147.89	0.483486
3200.78	0.482892
3249.36	0.482358
3301.84	0.482453
3354.76	0.482361
3392.05	0.47792
3430.94	0.477956
3467.96	0.478305
3503.04	0.478966
3535.35	0.479806
3569.12	0.481348
3600.59	0.483155
3630.46	0.485102
3658.78	0.487123
3685.03	0.489213
3710.07	0.491524
3732.55	0.493814
3755.59	0.496274
3775.35	0.496811
3795.32	0.498693
3814.83	0.500414
3833.32	0.50242
3850.56	0.505233
3868.52	0.508929
3886.32	0.5133
3902.34	0.518953
3915.69	0.523998
3928.66	0.532857
3940.45	0.543824
3950.87	0.557405
3959.84	0.574423
3967.35	0.5959
3973.89	0.59931
3981.19	0.506071
3989.59	0.393059
3996.63	0.357027
4001.43	0.347254
4003.86	0.343463
2537.2	0.297713
2536.97	0.345313
2536.11	0.500014
2610.41	0.500988
2678.96	0.49858
2744.05	0.496512
2802.86	0.493948
2859.44	0.491765
2923.54	0.489533
2979.17	0.487595
3036.53	0.486284
3088.98	0.484945
3145.01	0.4839
3197.87	0.483159
3248.23	0.482664
3298.17	0.482353
3346.3	0.482183
3389.06	0.482279
3429.91	0.483134
3466.09	0.483481
3500.58	0.485009
3535.24	0.486746
3566.83	0.486526
3597.99	0.487879
3627.79	0.489273
3655.86	0.490684
3681.29	0.49222
3702.79	0.493583
3728.67	0.494634
3752.04	0.495751
3773.34	0.496821
3792.54	0.498231
3812.87	0.499748
3831.4	0.502188
3848.73	0.505325
3864.25	0.508808
3883.51	0.512649
3900.19	0.517785
3914.08	0.524961
3927.42	0.532928
3939.46	0.543721
3949.93	0.557298
3958.87	0.574416
3966.36	0.595859
3973.03	0.595784
3980.52	0.499537
3989.04	0.389925
3996.11	0.356067
4000.93	0.34673
4003.36	0.343107
2537.24	0.303849
2537.03	0.361122
2536.35	0.507368
2611.26	0.507741
2678.11	0.505113
2743.8	0.502892
2802.85	0.501517
2865.04	0.499849
2918.5	0.498367
2975.81	0.497508
3034.71	0.496465
3089.77	0.495418
3144	0.49428
3196.13	0.493519
3246.14	0.493124
3294.86	0.493009
3341.75	0.493366
3386.5	0.494291
3432.08	0.494868
3464.43	0.492566
3496.46	0.493429
3531.59	0.495086
3564.32	0.496967
3595.99	0.498895
3626.35	0.500661
3655.65	0.50159
3678.68	0.500398
3702.8	0.50177
3727.07	0.502697
3750.14	0.504182
3771.94	0.505881
3792.92	0.507575
3811.07	0.507912
3829.02	0.509629
3845.13	0.512214
3864.41	0.513953
3881.54	0.516427
3899.07	0.520947
3914.74	0.527936
3925.71	0.534356
3938.25	0.544323
3948.75	0.557888
3957.61	0.575181
3965	0.597231
3972	0.592288
3979.79	0.49281
3988.46	0.386994
3995.58	0.355201
4000.42	0.34628
4002.86	0.342809
2537.08	0.319415
2536.99	0.390918
2537.39	0.508817
2619.39	0.507843
2677.64	0.506968
2736.09	0.505262
2800.63	0.50368
2862.66	0.501835
2921.84	0.50018
2982.47	0.498725
3035.65	0.497786
3090.31	0.497125
3143.91	0.496613
3195.3	0.495858
3244.09	0.495294
3292.09	0.494905
3338.03	0.494701
3381.75	0.494703
3423.66	0.494836
3460.88	0.495205
3496.97	0.496188
3528.92	0.495459
3561.47	0.495782
3591.69	0.495901
3622.34	0.49625
3650.91	0.496585
3676.84	0.4969
3700.92	0.498156
3725.79	0.499573
3748.76	0.501326
3770.44	0.503206
3790.82	0.50532
3809.62	0.50787
3828.44	0.511139
3846.26	0.515328
3864.56	0.520164
3882.57	0.525932
3898.03	0.52833
3912.92	0.534915
3926.21	0.543339
3937.27	0.551869
3947.42	0.563751
3956.06	0.578801
3962.98	0.60021
3970.94	0.589488
3979.09	0.487688
3987.89	0.384938
3995.05	0.354594
3999.91	0.345976
4002.37	0.342614
2536.51	0.303404
2536.22	0.361803
2535.45	0.504277
2608.39	0.504881
2673.63	0.502036
2736.62	0.499721
2800.02	0.497917
2862.2	0.496166
2922.76	0.494597
2982.21	0.493294
3038.6	0.492191
3093.43	0.491455
3144.88	0.490827
3195.87	0.490464
3241.6	0.490466
3290.09	0.490554
3335.22	0.490349
3377.46	0.48994
3418.55	0.489434
3457.1	0.488563
3492.31	0.487825
3526.38	0.487986
3558.86	0.488961
3589.92	0.490102
3620.1	0.491554
3648.78	0.493065
3675.54	0.494788
3701.92	0.496677
3724.89	0.497329
3747.11	0.498597
3768.71	0.499744
3788.73	0.500908
3806.59	0.502502
3827.25	0.50391
3845.3	0.506514
3863.34	0.509952
3881.07	0.513952
3897.14	0.518726
3912.07	0.525368
3925.35	0.533863
3936.39	0.545206
3946.85	0.557799
3955.87	0.574724
3963.41	0.595824
3970.58	0.587921
3978.59	0.486445
3987.39	0.384174
3994.56	0.354266
3999.42	0.345784
4001.88	0.342484
2535.85	0.291203
2535.45	0.330831
2534.25	0.498552
2604.26	0.500643
2671.07	0.498183
2735.87	0.496008
2799.68	0.494121
2862.34	0.492409
2923.74	0.490865
2983.89	0.489464
3041.98	0.488196
3095.76	0.487038
3147.5	0.486389
3198.81	0.485943
3245.53	0.484175
3290.11	0.482988
3331.9	0.481771
3375.64	0.480452
3415.94	0.480763
3454.18	0.481223
3489.7	0.481981
3523.91	0.483107
3556.15	0.484506
3587.5	0.486001
3617.81	0.487613
3647.03	0.489289
3673.08	0.489649
3699.16	0.490468
3723.31	0.490871
3746.97	0.491806
3769.11	0.493982
3789.74	0.496307
3809.1	0.498818
3828.28	0.501501
3845.97	0.504784
3860.71	0.509041
3879.47	0.513428
3895.59	0.519114
3911.06	0.526034
3924.89	0.534721
3937.32	0.545364
3945.91	0.556622
3955.43	0.572901
3963.21	0.592382
3970.23	0.585567
3978.19	0.484581
3986.96	0.382911
3994.1	0.353557
3998.95	0.345281
4001.41	0.34209
2535.33	0.284014
2534.87	0.316025
2533.62	0.499956
2602.52	0.502646
2669.66	0.500414
2735.21	0.498304
2799.52	0.496333
2862.7	0.494498
2924.88	0.492792
2986.47	0.491217
3048.49	0.489758
3098.95	0.486846
3149.28	0.485489
3197.75	0.484027
3246.58	0.482714
3292.21	0.482145
3336.95	0.48204
3375.77	0.481058
3413.88	0.480973
3452.48	0.480657
3486.85	0.481618
3521.88	0.482993
3552.75	0.483109
3584.54	0.484055
3615.02	0.484693
3642.28	0.485185
3670.95	0.486249
3697.61	0.48799
3722.73	0.489934
3746.74	0.492033
3769.39	0.494231
3790.41	0.496555
3810.17	0.499207
3829.15	0.502254
3846.31	0.504159
3862.68	0.507528
3878.77	0.511772
3892.94	0.51769
3909.92	0.524053
3924.06	0.532041
3936.26	0.542176
3946.61	0.554698
3955.03	0.570407
3962.72	0.588823
3969.8	0.578918
3977.88	0.476187
3986.6	0.378481
3993.64	0.351375
3998.5	0.343777
4000.97	0.340894
2534.99	0.28215
2534.52	0.315859
2533.3	0.505396
2601.78	0.508068
2669.01	0.505738
2734.9	0.503512
2799.54	0.501408
2863.04	0.499426
2925.53	0.497596
2987.44	0.495925
3049.91	0.494401
3100.52	0.492836
3151.52	0.492005
3201.41	0.491167
3249.49	0.49035
3293.83	0.489608
3336.56	0.489442
3377.11	0.48965
3417.94	0.489969
3453.48	0.490032
3481.81	0.487655
3516.5	0.487589
3550.21	0.488395
3582.09	0.48923
3612.44	0.490185
3641.2	0.491337
3669.19	0.492328
3695.98	0.493547
3721.64	0.494794
3746.26	0.495964
3769.71	0.497068
3790.76	0.496888
3810.42	0.497775
3828.25	0.499129
3846.62	0.501191
3863.61	0.504494
3879.73	0.508631
3894.86	0.513852
3909.86	0.520037
3923.4	0.528072
3935.31	0.538111
3945.52	0.550674
3953.85	0.565972
3961.85	0.580596
3969.36	0.557749
3977.74	0.451373
3986.26	0.368503
3993.08	0.346833
3998.03	0.340747
4000.55	0.338459
2534.82	0.282712
2534.36	0.319158
2533.19	0.507871
2601.58	0.510465
2668.89	0.508159
2734.97	0.505958
2799.8	0.503903
2863.38	0.502
2925.71	0.50025
2986.7	0.498649
3045.87	0.49722
3100.6	0.496149
3153.71	0.495162
3205.65	0.494422
3254.89	0.494079
3295.78	0.492939
3337.06	0.493063
3376.86	0.493182
3412.94	0.493385
3449.79	0.494285
3482.86	0.495324
3516.27	0.496026
3549.03	0.496835
3580.56	0.498003
3610.81	0.499403
3639.81	0.500968
3667.73	0.502563
3694.58	0.504291
3720.63	0.506071
3746.13	0.507725
3772.2	0.508927
3791.62	0.506882
3810.52	0.508023
3828.77	0.509836
3846.61	0.511886
3863.7	0.514259
3879.91	0.517014
3895.15	0.520325
3909.48	0.524021
3922.58	0.528088
3934.3	0.531924
3944.66	0.533123
3954.01	0.52482
3961.07	0.501219
3969.47	0.442317
3978.01	0.378853
3985.77	0.351551
3992.04	0.340583
3997.55	0.33673
4000.17	0.335132
2534.8	0.28354
2534.36	0.320896
2533.22	0.505886
2601.72	0.508314
2669.18	0.505973
2735.43	0.503714
2800.39	0.501584
2864.01	0.499591
2926.17	0.497744
2986.69	0.496053
3045.16	0.494541
3101.17	0.493206
3155.88	0.492083
3211.38	0.49114
3253.94	0.488446
3298.52	0.487837
3338.5	0.486775
3376.99	0.486928
3413.31	0.487372
3448.6	0.488093
3482.26	0.488723
3515.38	0.489532
3547.71	0.49035
3578.92	0.491168
3609.07	0.491982
3638.1	0.492808
3665.95	0.493657
3692.58	0.49448
3718.77	0.495127
3744.03	0.495715
3768.41	0.496078
3790.56	0.49546
3810.03	0.496827
3828.46	0.498901
3846.3	0.501438
3863.67	0.504482
3880.15	0.508482
3895.41	0.51363
3909.57	0.520109
3922.54	0.528223
3934.17	0.538118
3944.44	0.549326
3953.47	0.558189
3961.55	0.548725
3968.96	0.508294
3977.84	0.402748
3986.18	0.35051
3992.72	0.337393
3997.49	0.333864
3999.92	0.332613
2534.93	0.284217
2534.49	0.322537
2533.34	0.511175
2602.11	0.513602
2669.81	0.51121
2736.24	0.508921
2801.34	0.506778
2865.03	0.504783
2927.21	0.502942
2987.57	0.501261
3045.73	0.499751
3101.82	0.498418
3155.99	0.497261
3207.49	0.496284
3254.95	0.49592
3304.52	0.495313
3340.1	0.492348
3377.93	0.492104
3413.33	0.491722
3447.61	0.49165
3480.77	0.491795
3513.82	0.492034
3546.04	0.49235
3576.85	0.49278
3606.91	0.493341
3636.02	0.49401
3663.86	0.4948
3689.42	0.495788
3716.26	0.496853
3741.19	0.498317
3765.24	0.499921
3790.51	0.5015
3808.94	0.500347
3827.08	0.501536
3844.77	0.50332
3862.83	0.505428
3879.89	0.508265
3895	0.512481
3909.13	0.517132
3922.1	0.524882
3933.73	0.534556
3943.99	0.545985
3952.96	0.556324
3960.95	0.549496
3968.72	0.479232
3977.76	0.395758
3986.2	0.34834
3992.74	0.33621
3997.27	0.332767
3999.57	0.331477
2535.21	0.28434
2534.76	0.321766
2533.6	0.510893
2602.83	0.513317
2670.89	0.510898
2737.54	0.508587
2802.76	0.506425
2866.61	0.504413
2929.03	0.502555
2989.59	0.500854
3047.27	0.499323
3103.24	0.497978
3157.58	0.496798
3206.44	0.495773
3252.65	0.495138
3297.55	0.494639
3338.61	0.494242
3381.33	0.49421
3413.84	0.493062
3446.99	0.493225
3478.05	0.493693
3512.12	0.494636
3545.08	0.495449
3574.52	0.495057
3604.78	0.495886
3634.38	0.496727
3662.73	0.497639
3690.2	0.498615
3714.12	0.498244
3737.7	0.499139
3759.31	0.50021
3784.59	0.500939
3805.75	0.501916
3824.71	0.503861
3841.08	0.506616
3861.79	0.509589
3879.88	0.512426
3896.61	0.515033
3908.09	0.517444
3921.23	0.5208
3932.95	0.522721
3943.31	0.519278
3952.54	0.500301
3961.22	0.451428
3970.24	0.386166
3977.78	0.356443
3985.93	0.339677
3992.33	0.334209
3996.77	0.332157
3998.99	0.331194
2535.63	0.284679
2535.18	0.321062
2533.99	0.510362
2603.96	0.512803
2672.53	0.510419
2739.37	0.50818
2804.62	0.506103
2868.61	0.504173
2931.64	0.502387
2993.4	0.500793
3049.4	0.499695
3105.13	0.498524
3163.45	0.497308
3206.88	0.49449
3250.44	0.493543
3293.18	0.492841
3334.19	0.49218
3374.06	0.491648
3410.6	0.491047
3445.69	0.491021
3480.18	0.491258
3510.19	0.49058
3539.42	0.49021
3572.75	0.489136
3602.54	0.489346
3633.26	0.490058
3661.67	0.491313
3688.39	0.492687
3713.49	0.493938
3737.45	0.495534
3760.35	0.49719
3783.3	0.49882
3804.68	0.500516
3824.45	0.502671
3843	0.505423
3861.8	0.508601
3879.64	0.512477
3894.1	0.516238
3908.03	0.522806
3921.2	0.53052
3933.15	0.540702
3943.63	0.552869
3952.72	0.564514
3960.82	0.55873
3969.14	0.48363
3978.48	0.378159
3986.06	0.347301
3992.72	0.336447
3997.32	0.33317
3999.65	0.331884
2536.2	0.286334
2535.77	0.323459
2534.59	0.507784
2605.73	0.510039
2675.06	0.507578
2741.9	0.505196
2806.79	0.502988
2870.56	0.500964
2934.48	0.49913
3001.89	0.497429
3050.72	0.494037
3103.27	0.492811
3155.75	0.491388
3204.19	0.48936
3248.09	0.487634
3290.21	0.486772
3330.33	0.486039
3370.63	0.485435
3408.34	0.485607
3444.1	0.486272
3478.91	0.487227
3508.78	0.487837
3537.55	0.489227
3572.21	0.490109
3604.25	0.491471
3632.87	0.491718
3660.75	0.492597
3686.61	0.49345
3712.46	0.494581
3736.68	0.496406
3759.78	0.498279
3782.01	0.500248
3803.64	0.502474
3823.78	0.505218
3843.02	0.508617
3861.09	0.512204
3879.05	0.516488
3892.07	0.519116
3909.05	0.524238
3920.67	0.529307
3933.16	0.538831
3943.87	0.55114
3953.04	0.565172
3960.99	0.572021
3968.66	0.530527
3977.34	0.418161
3985.04	0.352086
3992.72	0.338983
3997.66	0.335077
4000.1	0.333571
2536.91	0.289957
2536.53	0.332695
2535.45	0.509458
2608.48	0.511332
2679.2	0.508974
2745.47	0.506757
2809.11	0.504878
2871.32	0.503162
2932.63	0.501551
2992.75	0.50014
3046.98	0.499267
3100.16	0.498652
3153.08	0.498144
3207.36	0.497711
3247.27	0.494458
3288.59	0.494065
3329.98	0.494028
3368.36	0.493075
3406.6	0.493132
3442	0.493119
3475.35	0.493486
3508.33	0.493357
3540.71	0.493609
3572.76	0.494019
3603.77	0.49466
3633.1	0.495505
3661.01	0.496449
3687.02	0.497577
3711.49	0.497919
3735.47	0.499346
3758.51	0.500628
3779.75	0.502213
3802.46	0.504348
3822.4	0.506032
3841.26	0.508239
3860.24	0.511262
3877.84	0.516119
3894.53	0.52208
3907.85	0.526215
3920.86	0.532826
3933.17	0.541362
3943.9	0.554467
3953.1	0.570518
3961.09	0.584511
3968.51	0.558556
3977.05	0.44519
3985.77	0.362814
3993.04	0.343761
3997.99	0.338259
4000.48	0.336197
2537.72	0.293721
2537.41	0.345268
2536.59	0.510574
2612.64	0.511574
2686.88	0.50893
2750.77	0.505557
2811.93	0.503287
2871.97	0.501485
2930.92	0.499989
2988.44	0.498652
3043.2	0.497421
3096.2	0.496391
3147.82	0.495497
3197.67	0.494671
3242.38	0.493712
3285.42	0.493701
3327.52	0.493912
3366.72	0.494031
3403.3	0.494626
3441.89	0.495259
3477.64	0.496038
3511.98	0.496913
3542.89	0.497186
3573.4	0.498063
3604.41	0.498834
3634.08	0.499639
3662.25	0.500483
3688.51	0.501354
3711.1	0.502251
3734.25	0.503702
3757.1	0.503682
3781.03	0.504699
3800.99	0.505262
3821.22	0.507497
3838.37	0.510791
3859.04	0.514519
3875.77	0.520183
3894.09	0.526501
3909.92	0.534411
3922.26	0.541078
3932.95	0.545808
3943.71	0.558768
3952.8	0.576181
3961.07	0.595079
3968.51	0.58095
3976.92	0.471885
3985.98	0.374655
3993.33	0.349046
3998.33	0.341742
4000.85	0.338963
2538.51	0.292678
2538.23	0.350204
2537.68	0.515037
2617.64	0.515367
2703.91	0.51279
2757.89	0.509335
2814.92	0.50721
2872.7	0.505372
2929.58	0.503644
2985.77	0.502158
3040.03	0.500884
3092.44	0.49981
3143.09	0.498945
3191.84	0.498332
3237.91	0.498042
3281.91	0.49788
3323.06	0.497946
3365.35	0.498181
3405.47	0.498365
3443.21	0.498264
3479.91	0.49875
3516.51	0.499395
3544.91	0.497623
3571.88	0.498887
3605.61	0.499741
3635.96	0.501155
3665.11	0.502852
3690.19	0.503699
3713.33	0.503703
3735.64	0.505036
3759.54	0.506466
3779	0.508066
3802.22	0.509409
3822.92	0.511454
3841.83	0.514261
3860.06	0.517894
3876.69	0.523072
3894.36	0.52886
3909.74	0.53672
3923.44	0.5471
3933.45	0.557151
3943.41	0.564983
3951.61	0.581989
3961	0.602817
3968.66	0.594681
3977	0.490379
3986.17	0.384302
3993.64	0.353482
3998.72	0.344802
4001.28	0.341415
2539.2	0.279683
2538.71	0.316748
2537.54	0.514299
2615.14	0.516509
2691.26	0.514054
2758.65	0.511848
2815.61	0.509605
2873.55	0.50789
2928.06	0.506094
2984.86	0.50455
3038.48	0.503402
3090.2	0.50257
3140.09	0.501961
3188.93	0.501596
3234.09	0.501541
3279.57	0.501692
3322.86	0.501909
3365.87	0.502071
3409.96	0.502235
3444.77	0.500563
3481.34	0.500949
3518.23	0.501422
3548.95	0.501101
3579.21	0.501256
3608.67	0.500457
3637.52	0.500568
3663.78	0.501103
3689.38	0.501717
3715.86	0.502915
3739.8	0.504593
3762.84	0.506398
3784.25	0.508504
3805.63	0.510792
3825.88	0.513743
3844.87	0.517471
3862.34	0.522099
3878.98	0.528513
3895.14	0.536305
3909.42	0.541477
3923.22	0.550022
3935.2	0.560705
3943.84	0.568199
3953.25	0.582722
3961.67	0.606001
3969.13	0.603003
3977.35	0.501848
3986.53	0.39091
3994.1	0.356566
3999.23	0.347022
4001.82	0.343228
2539.99	0.267618
2539.18	0.294247
2537.34	0.513807
2613.1	0.518713
2686.32	0.516323
2754.35	0.514147
2816.28	0.512186
2875.87	0.51033
2933.89	0.508634
2986.07	0.506949
3037.76	0.505824
3087.48	0.504694
3138.87	0.503805
3187.32	0.503255
3232.96	0.502976
3278.14	0.502835
3321.64	0.502808
3363.97	0.502896
3405.9	0.503074
3442.16	0.50281
3480.87	0.50346
3522.02	0.503844
3552.1	0.503486
3582.4	0.504385
3613.29	0.504041
3640.56	0.503076
3668.22	0.503818
3693.97	0.505156
3719.34	0.506676
3743.29	0.508303
3766.16	0.510098
3787.93	0.512112
3808.55	0.514311
3828.42	0.517645
3847.73	0.521902
3863.74	0.523641
3880.03	0.527826
3892.56	0.532135
3909.72	0.536891
3923.94	0.545719
3935.97	0.557457
3945.77	0.572584
3954.06	0.585714
3962.23	0.609192
3969.73	0.608486
3977.94	0.508858
3987.12	0.395048
3994.75	0.358391
3999.92	0.348334
4002.53	0.344303
2541.26	0.268639
2540.11	0.292871
2537.52	0.512506
2612.64	0.520241
2685.62	0.517773
2755.21	0.515437
2818.4	0.513474
2878.82	0.511742
2932.12	0.510317
2985.02	0.509098
3039.42	0.508096
3092.95	0.50699
3139.41	0.506037
3187.32	0.505525
3231.07	0.505304
3277.13	0.505626
3320.3	0.505515
3361.12	0.505544
3399.3	0.505881
3435.74	0.506679
3476.49	0.507456
3516.41	0.50806
3551.92	0.509146
3586.05	0.509881
3621.39	0.510975
3647.89	0.506268
3673.03	0.506998
3697.43	0.508763
3722.68	0.510668
3746.31	0.512931
3768.98	0.515584
3791.16	0.518482
3810.56	0.518811
3829.86	0.521097
3847.33	0.524115
3864.31	0.527746
3879.45	0.532539
3895.61	0.53746
3911.13	0.544516
3924.99	0.553436
3937.17	0.564422
3947.96	0.57754
3955.92	0.588964
3962.33	0.60951
3970.48	0.611835
3978.8	0.513106
3987.99	0.397302
3995.63	0.359137
4000.8	0.348813
4003.41	0.344679
2543.63	0.297049
2541.81	0.311588
2538.1	0.507739
2613.43	0.51734
2687.35	0.514915
2761.54	0.51248
2822.37	0.51005
2876.41	0.507798
2933.1	0.506168
2987.53	0.50483
3040.92	0.503702
3092.51	0.502696
3141.39	0.501704
3189.57	0.500976
3236.52	0.500489
3277.81	0.499863
3320.09	0.499905
3359.67	0.499915
3393.18	0.499435
3423.69	0.499493
3471.58	0.499187
3513.85	0.498088
3551.76	0.497646
3587.1	0.4981
3620.73	0.498801
3650.67	0.499501
3676.94	0.500827
3702.43	0.502818
3726.94	0.504422
3749.34	0.504167
3771.19	0.505211
3791.26	0.506212
3812.54	0.508422
3832.39	0.511733
3849.6	0.513081
3865.78	0.514475
3879.98	0.519813
3898	0.525663
3913.48	0.532997
3927.1	0.542279
3939.03	0.554017
3949.47	0.568515
3957.76	0.586865
3965.39	0.605866
3972.07	0.594563
3980.11	0.511036
3989.18	0.396968
3996.75	0.358815
4001.89	0.348529
4004.49	0.344439
2547.13	0.338223
2544.43	0.347278
2539.16	0.498545
2614.74	0.509261
2687.8	0.507112
2757.62	0.505023
2820.83	0.502528
2878.9	0.500703
2935.41	0.499391
2990.1	0.498253
3043.22	0.497285
3093.74	0.496601
3142.97	0.495852
3191.92	0.495135
3235.68	0.49384
3279.95	0.493178
3320.28	0.491554
3357.72	0.490904
3396.41	0.49055
3433.76	0.491912
3470.81	0.493847
3514.13	0.495331
3552.65	0.49652
3588.31	0.497764
3622.21	0.49905
3655.6	0.500209
3680.08	0.498684
3704.68	0.499578
3727.74	0.500963
3752.53	0.502949
3773.07	0.503358
3795.18	0.505534
3814.28	0.50532
3832.72	0.50615
3850.3	0.508677
3868.7	0.512505
3885.02	0.517681
3901.12	0.523884
3915.89	0.531646
3929.11	0.541432
3940.54	0.554134
3951.37	0.568557
3960.84	0.585909
3967.6	0.604891
3974.63	0.57982
3981.96	0.477864
3990.68	0.391222
3998.07	0.357529
4003.15	0.347759
4005.75	0.343858
2552.52	0.368633
2548.68	0.375693
2541.16	0.488283
2617.7	0.499475
2690.56	0.497673
2759.39	0.495912
2823.54	0.494257
2882.06	0.492941
2938.6	0.491856
2993.28	0.490948
3047.08	0.490095
3095.23	0.487814
3143.71	0.486665
3190.16	0.485585
3236.04	0.483742
3277.45	0.482829
3321.99	0.482455
3363	0.482833
3402.89	0.483485
3441.39	0.484361
3477.46	0.485527
3517.73	0.48649
3554.93	0.487912
3589.8	0.489465
3622.7	0.491192
3653.41	0.493099
3680.59	0.494034
3706.19	0.495742
3730.46	0.497547
3753.74	0.499535
3776.31	0.500174
3795.58	0.500887
3815.96	0.502363
3835.98	0.50463
3854.19	0.507859
3871.99	0.511681
3888.56	0.516308
3903.85	0.521888
3918.07	0.529235
3931.13	0.538457
3940.93	0.548723
3952.93	0.560988
3962.43	0.576714
3969.52	0.59775
3976.66	0.580769
3984.44	0.474725
3992.22	0.382587
3999.48	0.356403
4004.54	0.347292
4007.16	0.343556
2561.23	0.383698
2555.88	0.391326
2545.12	0.478681
2623.47	0.491061
2696.39	0.490644
2764.91	0.490225
2830.95	0.489593
2886.27	0.486202
2942.69	0.485233
2996.31	0.484383
3047.33	0.48316
3096.34	0.480529
3145.21	0.479747
3191.77	0.479031
3238.28	0.479216
3282.29	0.479569
3325.87	0.480122
3368.03	0.480812
3409.34	0.481672
3449.97	0.482732
3488.34	0.484357
3522.84	0.482483
3557.94	0.48348
3591.69	0.484199
3623.78	0.484892
3654.03	0.485882
3682.12	0.488024
3708.17	0.490418
3732.31	0.492577
3754.46	0.494649
3778.42	0.497111
3799.96	0.500125
3821	0.50339
3839.42	0.505583
3856.82	0.508608
3874.82	0.512731
3891.66	0.518161
3905.88	0.521828
3919.67	0.528088
3931.64	0.536354
3944.03	0.547569
3955.2	0.561489
3964.67	0.57892
3972.57	0.603882
3978.64	0.609229
3985.93	0.520199
3994.3	0.397304
4000.84	0.35789
4006	0.347839
4008.76	0.343879
2574.85	0.390546
2567.96	0.399409
2554.4	0.469225
2633.74	0.477011
2705.69	0.477282
2771.96	0.477502
2830.7	0.477419
2891.77	0.477755
2949.98	0.477802
2999.14	0.474351
3047.79	0.473584
3099.62	0.473456
3148.68	0.473654
3195.81	0.47401
3241.75	0.474537
3286.24	0.475209
3329.8	0.47605
3372.5	0.47703
3415.02	0.478095
3459.33	0.478991
3490.13	0.474878
3526.72	0.476311
3561.52	0.478045
3594.64	0.479923
3626.29	0.481872
3655.68	0.484091
3684.08	0.486407
3709.08	0.486696
3734.52	0.488215
3758.18	0.491029
3781.34	0.493857
3803.21	0.496735
3823.47	0.499827
3842.51	0.503537
3860.96	0.507825
3877.11	0.509607
3892.12	0.512352
3907.69	0.517053
3921.68	0.524311
3934.54	0.533406
3946.59	0.544578
3957.4	0.55839
3966.7	0.575919
3974.32	0.601557
3980.22	0.625332
3987.4	0.557121
3995.9	0.419375
4003.1	0.361461
4007.49	0.347869
4010.7	0.34347
2594.94	0.393708
2586.2	0.405206
2566.63	0.457808
2650.15	0.46306
2722.41	0.465287
2785.81	0.467362
2846.39	0.469015
2899.11	0.46633
2949.17	0.465743
3003.68	0.465732
3054.5	0.465802
3104.5	0.465956
3152.9	0.466129
3199.79	0.46638
3245.4	0.466733
3289.82	0.467196
3333.23	0.467778
3375.73	0.468472
3417.45	0.469258
3458.08	0.470116
3494.58	0.470903
3530.8	0.472536
3565.2	0.474634
3597.46	0.477004
3629.44	0.479146
3656.72	0.47869
3683.01	0.47997
3710.86	0.482335
3736.85	0.485171
3760.77	0.488488
3783.89	0.49196
3806.4	0.495479
3825.51	0.495803
3844.55	0.497976
3862.13	0.500329
3879.4	0.504495
3894.91	0.509721
3909.32	0.515263
3923.05	0.523108
3936.45	0.531728
3948.59	0.543
3959.32	0.557326
3968.55	0.575587
3976.24	0.602022
3983.08	0.603039
3989.41	0.540903
3998.33	0.40212
4005.84	0.356272
4010.77	0.344762
4013.45	0.340576
2623.33	0.395168
2614.76	0.409552
2587.08	0.436732
2676.76	0.450029
2747.03	0.454335
2801.56	0.45449
2852.03	0.455801
2907.45	0.457376
2959.28	0.458262
3010.85	0.458912
3060.93	0.459347
3109.84	0.459698
3157.44	0.460003
3203.78	0.46031
3248.96	0.460658
3293.05	0.46107
3336.16	0.461567
3378.31	0.462162
3419.46	0.462862
3459.46	0.463674
3497.77	0.464674
3535.15	0.465996
3569.42	0.468188
3598.99	0.467704
3627.44	0.469066
3657.68	0.471213
3685.48	0.474152
3712.83	0.477081
3739.6	0.48005
3762.49	0.480521
3785.41	0.482925
3805.82	0.485109
3827.4	0.488228
3846.88	0.491886
3864.85	0.495689
3881.77	0.499682
3897.4	0.504125
3911.87	0.509408
3923.02	0.515905
3937.86	0.524828
3950.26	0.535086
3960.99	0.547226
3970.24	0.560355
3978.12	0.568047
3984.83	0.544801
3991.54	0.426789
4001.6	0.364594
4009.07	0.34532
4013.98	0.338628
4016.48	0.335592
2659.79	0.395801
2661.9	0.411872
2672.23	0.428878
2721.55	0.438571
2769.89	0.4384
2818.83	0.442509
2867.85	0.445613
2918.46	0.447928
2968.65	0.449602
3018.49	0.450911
3067.45	0.45199
3115.32	0.452922
3162.06	0.453701
3207.7	0.454384
3252.29	0.455029
3295.93	0.455666
3338.65	0.456345
3380.42	0.457106
3421.13	0.457979
3460.98	0.458868
3500.31	0.459776
3541.01	0.460593
3568.76	0.456698
3600.6	0.457705
3630.99	0.459718
3659.4	0.462624
3686.72	0.465733
3713.66	0.466038
3738.81	0.467314
3764.35	0.469998
3787.57	0.473736
3809.02	0.477503
3829.71	0.481265
3849.04	0.484897
3866.99	0.488487
3883.78	0.491592
3899.42	0.494323
3913.91	0.496685
3927.09	0.498991
3940.07	0.504251
3952.01	0.507358
3962.73	0.505498
3972.34	0.490393
3981.49	0.448419
3989.11	0.392795
3996.83	0.355375
4005.84	0.341975
4012.67	0.335392
4017.26	0.332001
4019.57	0.329969
2693.55	0.39533
2700.37	0.406808
2717.48	0.415153
2751.17	0.42104
2791.44	0.425892
2835.26	0.429821
2881.27	0.432938
2928.99	0.435427
2977.43	0.437461
3025.98	0.439267
3073.97	0.441034
3120.82	0.442821
3166.6	0.444291
3211.42	0.445488
3255.28	0.446539
3298.36	0.447364
3340.69	0.448092
3382.16	0.448818
3422.17	0.449839
3461.46	0.450361
3499.88	0.450794
3537.21	0.451173
3571.27	0.450746
3601.96	0.451718
3634.85	0.452716
3660.53	0.445277
3684.05	0.443275
3714.9	0.44643
3741.95	0.450226
3766.82	0.455144
3789.82	0.45906
3811.33	0.46215
3831.76	0.464649
3851.02	0.466641
3868.72	0.469361
3885.45	0.469543
3901.15	0.467703
3915.9	0.462388
3930.14	0.451107
3942.22	0.437748
3954.22	0.421575
3965.36	0.40188
3975.55	0.380896
3984.48	0.360737
3994.11	0.346202
4002.44	0.33653
4010.09	0.331533
4016.17	0.328488
4020.35	0.32638
4022.47	0.324818
2719.9	0.393365
2728.06	0.401522
2745.62	0.406608
2773.6	0.410327
2808.78	0.413389
2848.82	0.415865
2892.19	0.417825
2937.94	0.419382
2985.17	0.420691
3033.06	0.421997
3080.58	0.423681
3126.28	0.426178
3170.94	0.428007
3214.91	0.429163
3257.79	0.430193
3300.25	0.43062
3342.23	0.43075
3383.95	0.430484
3422.5	0.428984
3461.36	0.428375
3499.06	0.427266
3535.17	0.425091
3567.8	0.421351
3601.8	0.417856
3633.61	0.416575
3662.31	0.413516
3689.75	0.413162
3718.38	0.414242
3745.69	0.415687
3769.65	0.420825
3792.05	0.423003
3813.29	0.42294
3833.58	0.420921
3853.21	0.416509
3870.21	0.410704
3887.04	0.405383
3902.92	0.39932
3917.78	0.391822
3930.98	0.38196
3945.02	0.3733
3957.59	0.363717
3969.11	0.354007
3979.66	0.345052
3989.29	0.337565
3998.39	0.332258
4006.5	0.328453
4013.53	0.32578
4019.1	0.323699
4022.95	0.321938
4024.93	0.320447
2737.54	0.391357
2745.87	0.397529
2762.86	0.399864
2788.32	0.401333
2820.69	0.402215
2858.37	0.402658
2900	0.402751
2944.59	0.402582
2991.35	0.402253
3039.58	0.40192
3087.98	0.401959
3131.75	0.403865
3174.87	0.405693
3218.36	0.40639
3259.52	0.402283
3301.42	0.400029
3342.78	0.397588
3382.77	0.394868
3423.03	0.391901
3461.84	0.391053
3499.28	0.390121
3535.15	0.389069
3569.15	0.387799
3602.34	0.386893
3633.99	0.385865
3663.87	0.3848
3692.73	0.384037
3721.62	0.383507
3751.21	0.382482
3772.58	0.380466
3794.04	0.37863
3814.9	0.376508
3834.83	0.373282
3852.74	0.368179
3871.73	0.363761
3889.04	0.36086
3905.14	0.357503
3920.18	0.35367
3934.18	0.349453
3947.71	0.345275
3960.3	0.340908
3971.94	0.336655
3982.62	0.33278
3992.4	0.329431
4001.31	0.326639
4009.2	0.324254
4015.9	0.322154
4021.18	0.320213
4024.83	0.31838
4026.7	0.316744
2746.33	0.38979
2754.59	0.394798
2771.16	0.395883
2795.58	0.395909
2826.73	0.395545
2863.3	0.394952
2904.11	0.394202
2948.25	0.39334
2995.17	0.392393
3044.93	0.391376
3098.92	0.390288
3136.77	0.381389
3177.37	0.377383
3216.56	0.372101
3259.87	0.369363
3302.07	0.36844
3343.4	0.367555
3383.78	0.366689
3423.57	0.365853
3462.23	0.365044
3499.56	0.364232
3535.42	0.363415
3569.75	0.362588
3602.83	0.36175
3634.51	0.36088
3664.77	0.359975
3693.98	0.359028
3722.42	0.358025
3749.62	0.356936
3773.14	0.353825
3795.11	0.352503
3816.01	0.351107
3835.87	0.349561
3854.57	0.347868
3872.9	0.346133
3890.18	0.344276
3906.37	0.342246
3921.52	0.340058
3935.74	0.337749
3949.19	0.335387
3961.76	0.332994
3973.42	0.330619
3984.15	0.328301
3993.94	0.326066
4002.78	0.323913
4010.56	0.321815
4017.12	0.319745
4022.26	0.317688
4025.82	0.315691
4027.64	0.313968
3755.33	0.382111
3772.64	0.381815
3793.99	0.381846
3814.81	0.382802
3834.85	0.385135
3848.73	0.388396
3854.76	0.40314
3870.05	0.402767
3886.97	0.399608
3902.85	0.397032
3917.72	0.395017
3928.83	0.396112
3932.38	0.413975
3942.13	0.411699
3954.19	0.399535
3965.33	0.388168
3975.45	0.374498
3983.16	0.367707
3984.41	0.382321
3988.94	0.37873
3991.85	0.35948
2630.31	0.504822
2678.03	0.503909
2725.33	0.502431
2748.12	0.499551
2802.64	0.498415
2865.45	0.496323
2906.89	0.494366
2927.35	0.490897
2978.97	0.489966
3036.99	0.48874
3076.7	0.487631
3098.16	0.487669
3147.65	0.486873
3201.22	0.48595
3236.64	0.485016
3257.27	0.485013
3303.36	0.484465
3351.49	0.484382
3380.15	0.484036
3398.38	0.485636
3437.21	0.485183
3475.45	0.484968
3495.68	0.484813
3506.19	0.485481
3472.92	0.504399
3489.71	0.504041
3522.33	0.504121
3555.97	0.503922
3584.3	0.504695
3614.82	0.504589
3641.74	0.504583
3668.12	0.504245
3686.51	0.503944
3695.7	0.504392
3717.5	0.504651
3740.49	0.50581
3762.34	0.506419
3780.28	0.50765
3798.53	0.508274
3817.82	0.509343
3835.88	0.510489
3851.65	0.511643
3853.97	0.514809
3775.2	0.514495
3791.81	0.515079
3810.45	0.515965
3828.7	0.517053
3846.51	0.518153
3863.59	0.519301
3879.8	0.520334
3895.05	0.521016
3909.37	0.520877
3922.48	0.519144
3934.24	0.514255
3944.66	0.503606
3953.97	0.484143
3961.25	0.443727
3969.59	0.397293
3977.99	0.366227
3985.56	0.3486
3988.41	0.341852
3827.55	0.469907
3840.78	0.473313
3846.17	0.489343
3855.76	0.490238
3870.95	0.492592
3885.37	0.495986
3898.44	0.500631
3902.97	0.515288
3909.69	0.516302
3922.89	0.517204
3935.5	0.516924
3947.59	0.515016
3951.14	0.535802
3956.2	0.537326
3965.6	0.530211
3973.99	0.507229
3982.1	0.463159
3985.6	0.401562
3989.24	0.395027
3997.48	0.368435
4004.42	0.351856
4008.6	0.346026
3493.68	0.48845
3508.87	0.488241
3519.93	0.489184
3542.23	0.488878
3574.85	0.489801
3605.31	0.490844
3634.96	0.491696
3653.47	0.492044
3663.53	0.494553
3688.24	0.494805
3714.51	0.495515
3734.53	0.497533
3753.24	0.498512
3760.11	0.502655
3775.08	0.5028
3795.26	0.50424
3814.74	0.505544
3833.19	0.506848
3843.04	0.507699
3849.18	0.508479
3857.63	0.508973
2744.02	0.513161
2758.67	0.512461
2778.13	0.512264
2815.33	0.511513
2873.66	0.510454
2925.19	0.509252
2946.3	0.509415
2985.29	0.508649
3037.95	0.507736
3083.99	0.506632
3102.29	0.506478
3138.86	0.505752
3187.42	0.504427
3227.33	0.503071
3243.39	0.500665
3277.31	0.499967
3320.22	0.49884
3354.66	0.497623
3364.61	0.493217
3395.97	0.492619
3433.94	0.492158
3463.75	0.49126
3470.29	0.486075
3286.88	0.503152
3320.25	0.502749
3363.98	0.502302
3407.45	0.501766
3449.37	0.501426
3487.31	0.501588
3522.52	0.50198
3555.4	0.50249
3589.02	0.502548
3615.8	0.503689
3642.6	0.504495
3669.19	0.505342
3694.48	0.506393
3719.03	0.507101
3742.36	0.507683
3760.03	0.507699
3766.84	0.509163
3783.19	0.50914
3800.67	0.50942
3812.43	0.509255
3507.47	0.47835
3535.24	0.478783
3566.96	0.479931
3598.22	0.481502
3628.53	0.483482
3657.75	0.485656
3680.87	0.487211
3689.78	0.499954
3709.9	0.500331
3735	0.50194
3758.56	0.503284
3780.73	0.504761
3801.6	0.506427
3821.05	0.508279
3837.65	0.510627
3853.48	0.513317
3868.79	0.515994
3880.73	0.517842
3884.86	0.526464
3895.3	0.527396
3907.81	0.529475
3915.87	0.530472
3359.94	0.488588
3392.01	0.48864
3430.75	0.489172
3467.76	0.489959
3503.11	0.490703
3524.07	0.491001
3536.65	0.495101
3566.63	0.49531
3597.83	0.495861
3627.62	0.496516
3655.62	0.497435
3680.99	0.498819
3702.93	0.500844
3728.45	0.501884
3751.82	0.503345
3773.3	0.504836
3789.92	0.50572
3796.07	0.511243
3810.74	0.511445
3828.89	0.512069
3841.19	0.512395
3473.55	0.451395
3497.16	0.44982
3507.45	0.431683
3535.44	0.430606
3567.98	0.429567
3599.57	0.428514
3630.1	0.427317
3659.42	0.425752
3687.41	0.423544
3714.43	0.420583
3739.99	0.416195
3756.52	0.412301
3765.44	0.39426
3785.32	0.392452
3805.97	0.391463
3825.59	0.390171
3843.15	0.388051
3859.48	0.386443
3874.41	0.384889
3886.68	0.383613
2916.42	0.507825
2957.6	0.507227
3011.84	0.506416
3066.27	0.505462
3119.93	0.504581
3172.4	0.503813
3223.42	0.503159
3272.68	0.502639
3319.92	0.50227
3365.16	0.502024
3408.33	0.501897
3449.13	0.501916
3486.26	0.502261
3523.89	0.502112
3560.43	0.50186
3594.11	0.501641
3622.52	0.501468
3647.38	0.501351
3657.64	0.501742
3731.52	0.393264
3740.34	0.394158
3746.27	0.430808
3763.78	0.434035
3772.06	0.465946
3784.15	0.467206
3799.39	0.471856
3805.3	0.48871
3820.3	0.490564
3824.87	0.508192
3837.56	0.509195
3846.04	0.514055
3852.49	0.516687
3863.69	0.518501
3867.16	0.522353
3879.33	0.523058
3884.03	0.528775
3893.41	0.529333
3902.66	0.534175
3907.38	0.539862
3917.3	0.543041
3919.76	0.553094
3928.5	0.555336
3934.19	0.5626
3940.7	0.563028
3948.33	0.568346
3950.09	0.568121
3614.62	0.504334
3623.69	0.504059
3648.26	0.504544
3673.91	0.505006
3698.17	0.50506
3707.35	0.506507
3723.19	0.506361
3746	0.508028
3768.39	0.509653
3787.94	0.51203
3795.53	0.517171
3806.89	0.517306
3824.7	0.519768
3842.08	0.522034
3858.27	0.524189
3864.4	0.527932
3871.84	0.52809
3888.56	0.533296
3903.35	0.53878
3916.57	0.544906
3922.47	0.550124
3927.9	0.550908
3936.86	0.553643
2580.5	0.489104
2593.14	0.489819
2633.76	0.489081
2705.32	0.488286
2771.92	0.488042
2822.11	0.487318
2839.84	0.494295
2885.77	0.493685
2942.5	0.493539
2996.58	0.493243
3030.05	0.492763
3049.11	0.496252
3095.07	0.495833
3143.7	0.495702
3188.39	0.495484
3206.75	0.498278
3235.18	0.497716
3279.67	0.497407
3320.41	0.497141
3352.03	0.496827
3363.59	0.500823
3392.73	0.500444
3418.81	0.4999
3468.88	0.485687
3482.78	0.485695
3492.38	0.49389
3522.66	0.494119
3557.81	0.495248
3591.52	0.496803
3623.5	0.49861
3638.63	0.500506
3653.18	0.500549
3680.42	0.501391
3706.08	0.502624
3730.49	0.50393
3751.13	0.504563
3757.62	0.508975
3772.91	0.509107
3794.94	0.51004
3814.21	0.51139
3832.8	0.512918
3845.71	0.51396
3851.05	0.518
3865.59	0.518566
3875.56	0.519925
3720.62	0.498716
3725.2	0.500085
3739.82	0.500201
3757.7	0.502536
3765.01	0.508163
3780.31	0.508575
3796.4	0.510328
3802.38	0.516645
3817.94	0.517623
3832.91	0.519861
3840.94	0.525068
3857.88	0.526942
3870.19	0.529859
3875.74	0.533591
3890.24	0.53735
3897.44	0.544617
3905.24	0.544889
3917.72	0.550669
3922.49	0.558538
3930.69	0.55944
3941.63	0.56679
3945.91	0.576818
3954.14	0.578547
3962.22	0.585881
3965.35	0.588725
3970.31	0.590113
3012.36	0.49954
3050.74	0.498958
3103.26	0.498206
3155.44	0.49733
3203.8	0.496953
3247.88	0.497125
3290.05	0.49724
3328.99	0.497302
3345.51	0.499886
3367.96	0.49944
3406.26	0.499504
3441.8	0.499565
3475.3	0.49981
3508.27	0.499928
3540.67	0.500225
3572.66	0.50056
3603.61	0.501019
3632.95	0.501557
3660.87	0.50196
3685.62	0.502161
3695.29	0.503844
3709.95	0.503624
3720.2	0.504015
3239.57	0.49472
3252.1	0.49422
3264.42	0.496144
3295.41	0.49564
3336.97	0.495125
3377.19	0.49432
3403.34	0.49354
3419.1	0.492812
3453.44	0.492338
3482.46	0.490727
3515.13	0.490404
3529.33	0.490674
3552.19	0.490302
3584.42	0.491635
3615.21	0.492597
3637.44	0.493078
3648.58	0.496359
3672.79	0.496533
3699.03	0.498036
3722.85	0.499596
3733.51	0.501891
3746.78	0.501689
3768.57	0.502176
3788.52	0.502525
3801.01	0.502724
3417.4	0.506623
3420.29	0.506578
3444.96	0.506263
3481.35	0.505971
3517.75	0.505554
3548.88	0.505871
3579.14	0.506016
3608.6	0.506197
3637.31	0.506531
3664.08	0.507103
3683.86	0.50722
3692.32	0.510589
3712.99	0.510844
3735.71	0.512156
3759.22	0.51291
3779.22	0.515039
3802.03	0.516235
3822.74	0.518094
3841.71	0.519852
3859.75	0.520908
3868.83	0.521549
3871.1	0.520457
3546.29	0.467348
3566.92	0.467601
3577.31	0.476747
3598.9	0.476772
3623.75	0.478522
3632.56	0.486796
3656.64	0.487149
3675.52	0.488941
3684.99	0.494016
3708.67	0.494965
3719.69	0.498622
3732.29	0.49847
3752.98	0.499708
3759.52	0.504499
3776.11	0.504562
3792.35	0.506156
3797.38	0.512215
3814.2	0.512949
3826.4	0.515593
3832.93	0.520838
3849.08	0.523008
3855.36	0.531309
3864.33	0.531634
3878.4	0.53287
3883.14	0.532109
3889.99	0.532219
3880.54	0.521416
3881.95	0.524795
3891.4	0.525841
3896.72	0.533437
3907.03	0.534621
3912.03	0.546631
3921.46	0.548052
3925.36	0.56111
3932.93	0.562895
3936.72	0.571804
3943.47	0.573131
3947.37	0.579487
3953.73	0.580237
3957.19	0.572381
3962.27	0.570311
3966.64	0.535055
3972.18	0.526208
3976.37	0.452736
3981.96	0.435907
3986.29	0.385493
3992.05	0.376241
3995.82	0.361275
4000.66	0.356023
4003.52	0.350287
4004.18	0.348974
3636.61	0.465472
3660.76	0.468607
3675.47	0.472505
3687.17	0.476996
3713.6	0.478379
3737.27	0.480974
3745.86	0.49008
3762.2	0.490339
3785.4	0.493396
3802.19	0.495637
3808.49	0.504608
3825.31	0.505544
3844.44	0.509411
3854.58	0.512746
3861.32	0.516968
3877.03	0.518985
3891.23	0.522868
3896.21	0.531493
3905.7	0.532239
3919.6	0.537046
3929.37	0.541019
3932.33	0.547101
3940	0.548699
3440.97	0.498464
3464.58	0.498202
3492.8	0.498113
3503.39	0.500613
3528.51	0.500339
3561.26	0.500502
3591.69	0.500634
3622.18	0.500653
3650.68	0.500972
3676.78	0.501421
3699.32	0.501535
3708.16	0.502844
3724.41	0.50271
3747	0.503801
3768.57	0.50453
3788.57	0.505625
3806.77	0.50703
3827.02	0.507718
3844.48	0.508463
3851.07	0.509211
3857.76	0.509146
3457.6	0.500534
3486.73	0.500677
3504.14	0.501347
3522.14	0.500877
3556.92	0.500639
3574.36	0.500748
3589.48	0.500412
3616.1	0.500304
3633.46	0.500698
3645.96	0.501448
3671.8	0.502204
3689.29	0.503151
3700.44	0.505055
3723.74	0.505548
3741.05	0.506416
3751.2	0.508479
3772.06	0.508927
3787.59	0.51019
3795.86	0.513469
3813.87	0.513932
3828.11	0.514815
3835.37	0.516583
3850.13	0.516958
3861.96	0.517568
3864.51	0.515967
3571.13	0.502341
3592.51	0.502286
3620.39	0.503027
3647.2	0.504214
3670.42	0.504953
3679.84	0.508221
3699.2	0.50814
3725.92	0.509371
3750.52	0.510838
3771.95	0.51287
3782.63	0.514376
3794.77	0.514177
3813.71	0.515785
3830.68	0.517808
3848.76	0.519635
3859.7	0.521059
3866.01	0.523989
3879.79	0.524913
3893.57	0.527684
3907.18	0.53066
3917.09	0.532738
3920.94	0.535125
3930.22	0.535694
3895.21	0.514821
3897.84	0.519337
3904.06	0.520988
3907.8	0.524743
3910.23	0.531474
3916.46	0.533628
3920.57	0.537272
3923.21	0.551232
3928.96	0.554645
3933.14	0.560351
3935.86	0.570591
3940.98	0.574049
3945.42	0.576198
3948.52	0.585747
3953.22	0.58865
3957.47	0.588708
3961.23	0.592108
3965.36	0.594378
3969.27	0.593318
3972.96	0.58505
3976.65	0.575825
3980.19	0.57257
3983.86	0.498484
3988.61	0.43445
3989.87	0.428663
3297.12	0.446202
3306.82	0.451142
3328.6	0.450915
3339.85	0.471221
3363.71	0.471296
3375.77	0.480361
3390.88	0.481104
3410.06	0.480648
3420.25	0.485445
3442.22	0.485406
3452.98	0.495466
3468.41	0.497103
3485.12	0.496698
3496.18	0.496358
3516.98	0.496031
3526.74	0.495724
3541.33	0.496743
3554.49	0.497287
3561.91	0.497793
3580.46	0.497401
3588.93	0.490884
3599.57	0.488316
3606.64	0.484557
3525.16	0.505391
3552.31	0.505207
3577.78	0.504826
3584.82	0.504465
3608.39	0.504178
3637.61	0.504559
3658.89	0.504629
3667.53	0.506723
3689.84	0.506691
3713.41	0.507315
3728.76	0.507583
3735.83	0.508959
3757.07	0.509296
3781.16	0.510187
3793.51	0.511002
3802.71	0.511974
3822.29	0.513049
3841.11	0.515273
3850.2	0.516922
3860.85	0.516793
3878.73	0.518155
3890.52	0.518769
3891.92	0.517058
3891.94	0.517265
3459.02	0.495534
3481.9	0.495558
3516.42	0.496065
3550.06	0.496715
3581.95	0.497652
3612.29	0.498671
3641.11	0.499788
3669.06	0.500734
3695.85	0.501773
3721.51	0.502784
3746.09	0.503735
3769.41	0.504728
3790.56	0.506112
3810.47	0.507592
3822.25	0.508603
3829.69	0.511822
3846.09	0.512967
3862.58	0.514863
3878.48	0.516274
3890.92	0.517784
3890.49	0.517545
3891.72	0.518846
3899.47	0.519544
3902.75	0.524146
3908.35	0.527457
3913.68	0.527794
3916.77	0.535994
3923.73	0.537366
3926.56	0.545908
3931.39	0.547705
3936.05	0.547538
3938.83	0.554231
3944.38	0.555913
3946.84	0.554266
3950.3	0.553757
3953.63	0.552872
3955.47	0.505248
3959.98	0.497402
3961.94	0.502184
3965.38	0.454758
3968.65	0.446757
3971.56	0.370016
3976.49	0.360342
3978.77	0.367565
3982.45	0.354155
3984.51	0.352363
3759.61	0.512783
3776.29	0.513367
3795.22	0.514714
3814.08	0.516007
3827.65	0.516832
3835.26	0.518973
3850.02	0.519614
3865.5	0.521225
3880.02	0.522189
3892.31	0.52298
3897.38	0.524575
3907.59	0.524699
3919.6	0.523628
3931.75	0.520181
3944.38	0.51389
3948.82	0.48971
3957.11	0.483663
3967.7	0.455033
3977.24	0.413804
3986.86	0.370916
3993.95	0.345725
3999.3	0.335955
4004.32	0.331915
3213.29	0.501607
3247.46	0.501361
3288.59	0.501156
3329.77	0.500956
3368.32	0.501254
3406.4	0.501405
3441.84	0.502061
3475.9	0.502443
3496.95	0.502498
3512.26	0.504035
3542.7	0.504061
3573.42	0.504349
3604.3	0.504433
3633.95	0.504782
3662.07	0.505259
3688.21	0.50585
3711.15	0.506723
3734.58	0.50693
3754.05	0.506777
3761.84	0.508349
3774.5	0.508277
3314.42	0.49865
3340.03	0.498313
3377.74	0.498395
3413.23	0.498661
3447.51	0.498945
3480.74	0.49929
3513.73	0.499482
3545.89	0.499759
3576.75	0.500146
3606.79	0.500417
3635.86	0.500669
3663.79	0.500905
3686.96	0.500955
3695.62	0.503747
3713.58	0.503656
3737.45	0.504464
3759.63	0.504983
3784.18	0.50506
3805.49	0.50571
3824.52	0.506379
3837.19	0.506804
3103.62	0.399978
3136.82	0.401283
3177.75	0.405082
3203.59	0.408405
3219.99	0.421808
3259.42	0.422399
3301.35	0.423824
3342.71	0.42624
3381.81	0.429193
3399.15	0.437578
3422.13	0.437245
3461.23	0.437721
3498.93	0.438234
3535.14	0.439325
3565.11	0.440311
3577.25	0.44987
3601.58	0.449609
3634.37	0.448261
3660.29	0.444615
3681.03	0.443589
3658.72	0.504922
3658.84	0.505124
3680.18	0.505505
3704.77	0.506603
3721.2	0.507445
3728.52	0.511826
3749.17	0.512477
3771.23	0.51483
3787.2	0.516573
3793.3	0.525394
3810.39	0.526102
3829.85	0.528402
3844.85	0.529948
3850.13	0.535043
3863.54	0.53604
3879.85	0.541029
3891.89	0.547234
3897.64	0.553594
3909.1	0.554568
3923.08	0.561349
3934.24	0.567103
3937	0.574784
3943.26	0.575951
3948.93	0.581741
3630.9	0.520493
3648.03	0.520592
3672.95	0.522009
3697.47	0.523449
3722.48	0.524666
3746.16	0.526721
3768.86	0.52878
3790.84	0.530774
3810.47	0.533971
3829.64	0.536899
3847.21	0.541456
3864.09	0.545965
3879.43	0.552357
3895.49	0.557265
3910.92	0.563277
3924.78	0.570907
3936.98	0.579117
3947.72	0.586571
3955.85	0.593331
3961.05	0.595727
2733.76	0.465781
2736.8	0.466547
2749.43	0.466468
2801.74	0.466913
2836.32	0.467214
2850.49	0.476428
2899.17	0.476213
2942.55	0.476157
2957.45	0.484471
2998.86	0.484074
3045.46	0.484753
3062.76	0.490122
3095.92	0.489597
3145.07	0.490474
3169.98	0.491005
3190.67	0.491997
3236.18	0.491798
3268.02	0.491816
3282.53	0.496883
3320.17	0.496558
3353.92	0.496512
3364.9	0.50072
3392.65	0.500347
3419.9	0.499888
3590.67	0.502897
3613.03	0.504063
3630.51	0.505051
3642.3	0.508182
3667.55	0.508644
3692.43	0.510189
3717.74	0.511364
3730.91	0.512197
3742.2	0.512774
3763.35	0.514362
3785.15	0.516188
3804.84	0.518936
3813.9	0.521753
3824.45	0.521707
3842.07	0.524715
3858.87	0.528053
3874.74	0.5309
3881.5	0.535512
3891.3	0.535854
3905.26	0.540023
3917.96	0.543105
3926.57	0.544636
2714.89	0.512553
2757.78	0.511831
2815	0.510769
2872.67	0.509576
2929.54	0.508444
2985.64	0.507385
3039.89	0.506498
3092.31	0.505718
3142.93	0.50503
3191.61	0.504445
3237.71	0.504025
3281.68	0.50362
3323.14	0.503337
3365.15	0.50273
3405.22	0.502202
3443.08	0.50167
3479.8	0.501035
3515.56	0.500274
3544.45	0.499545
3565.69	0.499251
2803.36	0.511757
2823.73	0.510933
2874.74	0.51015
2895.68	0.509941
2931.73	0.509171
2984.03	0.507667
3006.39	0.506025
3037.36	0.50527
3087.55	0.50395
3113.07	0.502831
3139.83	0.502091
3189.09	0.501016
3216.29	0.499906
3238.11	0.498838
3282.14	0.497994
3310.09	0.497016
3328.17	0.49585
3366.84	0.495257
3393.68	0.494542
3407.9	0.493648
3442.08	0.492991
3468.37	0.492102
3480.44	0.490339
3508.62	0.490041
3530.63	0.48996
3534.15	0.490278
3654.91	0.508816
3657.77	0.508557
3678.98	0.509368
3702.82	0.510263
3726.95	0.51121
3750.02	0.51281
3771.84	0.514836
3792.68	0.517081
3810.99	0.520621
3828.85	0.524034
3845.39	0.528524
3864.45	0.531276
3877.92	0.533582
3883.84	0.545092
3897.69	0.547214
3912.67	0.553345
3925.96	0.560416
3937.12	0.569799
3947.23	0.579274
3955.85	0.589776
3962.4	0.599898
3799.23	0.505816
3809.04	0.505794
3827.05	0.506981
3844.78	0.508039
3862.73	0.508682
3879.9	0.509039
3892.6	0.508786
3897.74	0.505707
3908.06	0.503839
3921.13	0.499678
3932.91	0.490558
3943.34	0.473551
3952.64	0.443966
3961.36	0.401203
3970.2	0.370204
3977.82	0.347386
3985.79	0.337277
3992.14	0.333538
3996.53	0.332006
3998.03	0.331356
3384.83	0.496168
3414.06	0.495979
3447.2	0.495672
3473.69	0.495217
3484.1	0.495523
3509.78	0.495246
3539.68	0.49586
3572.85	0.496068
3593.22	0.49624
3605.25	0.498529
3632.67	0.498774
3660.64	0.499966
3685.76	0.501138
3696.17	0.503851
3711.2	0.503673
3735.39	0.504718
3758.55	0.505687
3777.07	0.506249
3783.74	0.509153
3800.67	0.509191
3821.03	0.510202
3835.61	0.510964
3519.86	0.504749
3529.3	0.505312
3548.98	0.504972
3577.34	0.5051
3587.9	0.506902
3613.14	0.506576
3637.23	0.506605
3648.99	0.507722
3673.07	0.507331
3691.17	0.506841
3702.81	0.505694
3726.72	0.505682
3738.48	0.505464
3752.29	0.505132
3772.25	0.505574
3780.35	0.506296
3795.58	0.506256
3814.12	0.507431
3822.4	0.509929
3839.37	0.510296
3853.52	0.511572
3861.31	0.512591
3877.09	0.513284
3886.65	0.514286
3894.86	0.514295
3908.97	0.515809
3915.21	0.515909
3919.47	0.515986
3715.42	0.493361
3717.61	0.493415
3731.18	0.493511
3739.65	0.496115
3750.53	0.497933
3759.16	0.500703
3767.99	0.505261
3779.35	0.505275
3786.2	0.509797
3798.62	0.509968
3805.88	0.511194
3816.41	0.511852
3824.76	0.512453
3833.08	0.512317
3843.15	0.512212
3849.82	0.513894
3859.89	0.514251
3865.41	0.516654
3874.39	0.517388
3880.11	0.517233
3887.12	0.515992
3895.07	0.51566
3900.47	0.505245
3908.35	0.503857
3911.1	0.483834
3593.52	0.50265
3610.11	0.502942
3618.11	0.507332
3641.54	0.507522
3667.62	0.508089
3692.44	0.508765
3717.6	0.509297
3741.04	0.510406
3763.83	0.511455
3783.65	0.513196
3800.91	0.515349
3817.9	0.516875
3836.61	0.518268
3855.01	0.519964
3867.96	0.521393
3873.45	0.527593
3887.34	0.528806
3902.28	0.532799
3915.47	0.536659
3923.53	0.53977
2668.47	0.499428
2684.99	0.498509
2723.14	0.498092
2746.18	0.499079
2803.13	0.498234
2850.82	0.497283
2869.84	0.499951
2918.59	0.499161
2972.5	0.497833
2993.65	0.496586
3035.1	0.495709
3089.9	0.493756
3115.51	0.491945
3144.54	0.491151
3196.08	0.490022
3228.89	0.488806
3247.14	0.486976
3290.17	0.486334
3326.38	0.485649
3340.97	0.487282
3375.53	0.486898
3411.9	0.487264
3426.14	0.48986
3452.83	0.489364
3476.86	0.488057
3062.93	0.494808
3069.1	0.49457
3099.02	0.494012
3149.28	0.493592
3196.4	0.493247
3216.3	0.49525
3244.91	0.49467
3289.93	0.496017
3331.9	0.497391
3353.29	0.498055
3376.99	0.497455
3418.36	0.498074
3457.24	0.498831
3478.42	0.499176
3496.6	0.499781
3528.9	0.499833
3561.76	0.499781
3582.18	0.499606
3596.46	0.499971
3626.17	0.499508
3655.55	0.498309
3672.43	0.496673
3682.15	0.494525
3700.04	0.494369
3167.03	0.499692
3207.1	0.499398
3250.4	0.4989
3293.05	0.498419
3334.07	0.498116
3373.75	0.497863
3410.43	0.497988
3445.58	0.498057
3479.82	0.498017
3510.53	0.498449
3537.3	0.498439
3549.75	0.500873
3573.86	0.50062
3604.62	0.501103
3634.23	0.501031
3662.61	0.500941
3689.88	0.500769
3714.05	0.500667
3737.46	0.500567
3757.3	0.500455
