2866.88	0.155051
2878.92	0.154204
2902.91	0.152612
2938.24	0.150404
2983.22	0.147745
3035.61	0.144774
3093.17	0.141604
3153.89	0.13833
3216.17	0.135037
3278.76	0.131793
3340.7	0.128652
3401.24	0.125652
3459.82	0.12282
3515.86	0.120176
3568.71	0.117739
3617.61	0.115522
3663.38	0.113503
3706.28	0.111655
3746.25	0.109968
3783.17	0.108438
3817.15	0.107053
3848.69	0.10579
3878.28	0.104624
3906.35	0.103536
3933.28	0.102507
3959.35	0.101525
3984.4	0.100596
4006.4	0.0997795
4028.63	0.0989721
4050.85	0.0981734
4073.26	0.0973775
4095.94	0.0965807
4118.96	0.095781
4142.6	0.0949687
4167.33	0.0941299
4193.73	0.0932464
4222.52	0.0923004
4253.19	0.091307
4285.4	0.090281
4318.86	0.0892383
4353.16	0.0882086
4387.73	0.0872757
4421.83	0.0867192
4454.42	0.0873459
4484.13	0.0907075
4509.51	0.0968426
4529.31	0.0995504
4543.17	0.0889063
4551.66	0.084016
4555.65	0.0826166
2852.82	0.156187
2864.89	0.155335
2889.41	0.153673
2926.25	0.151308
2973.27	0.148468
3027.72	0.145331
3087.04	0.142025
3149.16	0.138645
3212.51	0.135271
3275.89	0.131969
3338.44	0.128784
3399.5	0.125749
3458.59	0.122886
3515.31	0.120209
3569	0.117741
3617.19	0.115538
3662.84	0.113525
3706.01	0.111668
3746.33	0.109968
3783.39	0.108431
3817.18	0.107052
3848.53	0.105796
3878.01	0.104635
3906.05	0.103547
3933.07	0.102514
3959.66	0.101512
3987.12	0.100501
4006.21	0.0997862
4029	0.0989602
4051.41	0.0981545
4074.06	0.0973503
4097.05	0.0965437
4120.1	0.0957427
4143.65	0.0949342
4168.11	0.0941046
4194.14	0.0932321
4223.78	0.0922626
4255.11	0.0912511
4287.95	0.0902203
4322.13	0.0892067
4357.28	0.0883158
4392.84	0.0879609
4428.11	0.0898071
4462.01	0.0985852
4492.66	0.121236
4518.54	0.151662
4538.49	0.164285
4553.22	0.112503
4561.51	0.09033
4565.18	0.0840017
2824.78	0.158239
2836.43	0.157425
2861.5	0.155686
2901.8	0.153025
2953.45	0.149836
3012.27	0.146383
3075.18	0.142817
3140.07	0.139236
3205.47	0.135713
3270.37	0.132301
3334.05	0.129036
3396.02	0.125939
3456	0.12302
3514.06	0.120275
3571.13	0.117675
3615.78	0.11559
3661.38	0.113586
3705.41	0.111698
3746.72	0.109959
3784.19	0.108404
3817.25	0.107049
3848.14	0.105812
3877.4	0.10466
3905.34	0.103576
3932.24	0.102548
3958.41	0.101561
3984.18	0.100604
4008.56	0.0997073
4030.12	0.0989257
4052.45	0.0981223
4075.6	0.0973026
4099.54	0.0964664
4122.54	0.0956666
4145.91	0.0948654
4169.76	0.0940599
4193.72	0.0932562
4226.47	0.0921991
4259	0.0911748
4292.95	0.0902367
4328.52	0.0895864
4365.32	0.0897171
4402.67	0.0926719
4439.91	0.107017
4475.6	0.149399
4506.89	0.230841
4542.48	0.313043
4563.13	0.325826
4572.02	0.17458
4580.53	0.112359
4583.67	0.0897894
2783.33	0.160911
2792.74	0.160256
2816.44	0.15858
2863.9	0.155479
2924.11	0.151776
2990.14	0.147861
3058.52	0.143921
3127.4	0.140056
3195.66	0.136325
3262.62	0.132764
3327.78	0.129393
3390.84	0.126221
3451.63	0.123249
3510.12	0.120476
3566.44	0.117897
3609.91	0.115868
3658.11	0.113736
3704.34	0.111752
3748.02	0.109921
3786.73	0.10831
3817.1	0.10706
3847.3	0.105857
3876.36	0.104714
3904.25	0.103631
3931.06	0.102605
3956.86	0.101629
3982.33	0.100681
4006.87	0.0997792
4029.52	0.0989466
4053.81	0.0980763
4077.09	0.0972469
4104.91	0.0962811
4126.2	0.0955398
4149.64	0.094734
4174.82	0.093897
4201.84	0.0930474
4232.49	0.0921891
4264.93	0.091387
4300.08	0.0914732
4337.63	0.0937732
4376.83	0.0997085
4416.1	0.115611
4454.33	0.169377
4503.07	0.289677
4543.53	0.385071
4575.95	0.450831
4595.53	0.482561
4603.06	0.285248
4607.6	0.153182
4609.79	0.104753
2730.96	0.16371
2733.2	0.163345
2745.92	0.162154
2811.36	0.158493
2886.76	0.154155
2963.21	0.149655
3038.64	0.145247
3112.35	0.141035
3183.97	0.137056
3253.26	0.133321
3320.09	0.129829
3384.32	0.126573
3445.88	0.123546
3504.7	0.120738
3560.66	0.118142
3613.45	0.11575
3653.48	0.113923
3702.7	0.111824
3751.39	0.109803
3786.64	0.108308
3816.48	0.107082
3846.41	0.105891
3875.51	0.104747
3903.54	0.10366
3930.46	0.102631
3955.2	0.101688
3981.48	0.100705
4006.41	0.0997866
4030.61	0.0989046
4055.3	0.0980198
4080.9	0.0971184
4104.06	0.0963096
4129.81	0.0954207
4153.75	0.0946192
4180.52	0.093831
4209.09	0.0933787
4239.77	0.0939498
4271.52	0.0945208
4308.19	0.102652
4348.19	0.12201
4390.49	0.14889
4430.19	0.190058
4486.43	0.306095
4535.07	0.394972
4577.14	0.46669
4614.64	0.539328
4635.34	0.595652
4640.68	0.399741
4638.49	0.205729
4641.19	0.129156
2675.13	0.166066
2661.97	0.165761
2621.34	0.164704
2747.2	0.161613
2846.38	0.156676
2935	0.151556
3017.87	0.146652
3096.52	0.142075
3171.48	0.137838
3243.08	0.133926
3311.53	0.130312
3376.92	0.126971
3439.27	0.123885
3498.52	0.121039
3554.5	0.118425
3606.86	0.116042
3654.68	0.113906
3698.49	0.111997
3741.83	0.110179
3779.7	0.108593
3813.34	0.10721
3844.83	0.105946
3874.66	0.104769
3903.11	0.103664
3930.53	0.102614
3957.7	0.101593
3981.63	0.100698
4006.7	0.0997809
4031.62	0.0988764
4056.62	0.0979802
4082.04	0.0970825
4108.06	0.0961786
4132.63	0.0953375
4158.05	0.0944841
4185.79	0.093642
4214.67	0.0930862
4249.1	0.0951649
4275.67	0.11051
4313.61	0.17034
4355.8	0.236186
4414.09	0.304391
4460.27	0.320628
4513.67	0.388917
4563.09	0.44582
4607.52	0.510401
4649.75	0.584047
4697.58	0.696794
4685.87	0.473151
4676.41	0.262423
4676.9	0.151227
2631.57	0.167947
2617.39	0.167409
2584.67	0.166141
2708.36	0.163621
2814.8	0.158668
2910.43	0.153214
2998.85	0.147943
3081.64	0.14306
3159.36	0.138597
3232.83	0.134529
3302.63	0.130808
3369.07	0.12739
3432.21	0.124246
3492.04	0.121356
3548.46	0.118708
3601.39	0.11629
3650.91	0.114093
3691.66	0.112295
3734.9	0.11046
3774.39	0.108813
3810.03	0.107349
3842.87	0.106027
3873.49	0.104816
3902.31	0.103695
3929.8	0.102641
3956.4	0.101637
3981.88	0.100686
4007.41	0.0997485
4032.88	0.0988252
4058.02	0.0979234
4083.39	0.097026
4109.33	0.0961223
4135.74	0.0952174
4162.43	0.0943292
4188.65	0.0935114
4222.3	0.0928846
4252.13	0.0940713
4284.97	0.10039
4319.98	0.124486
4357.6	0.184156
4417.32	0.272685
4480.54	0.345649
4539.53	0.40442
4592.45	0.463999
4645.17	0.521887
4690.97	0.582654
4740.26	0.691461
4726.95	0.473859
4716.53	0.289183
4714.31	0.161956
2601.55	0.169528
2590.77	0.168744
2569.2	0.167289
2685.66	0.164897
2792.46	0.160049
2891.09	0.154477
2983.14	0.148992
3069.2	0.143894
3148.57	0.139265
3223.1	0.135093
3293.82	0.131298
3361.09	0.127817
3424.98	0.12462
3485.47	0.121684
3542.46	0.118995
3595.97	0.11654
3646.19	0.114297
3693.81	0.112233
3728.91	0.110698
3770.34	0.108983
3807.22	0.107467
3841.1	0.106102
3872.43	0.104862
3901.47	0.103729
3928.91	0.102675
3955.52	0.101669
3981.76	0.100691
4008.23	0.0997191
4034.89	0.0987557
4059.96	0.0978546
4085.32	0.0969586
4111.62	0.0960439
4140.4	0.0950708
4165.99	0.0942278
4194.63	0.0933691
4224.93	0.0927077
4255.92	0.0924615
4292.36	0.0934775
4328.82	0.0978031
4377.26	0.113852
4429.5	0.171153
4501.8	0.295384
4567.2	0.390307
4613.22	0.452367
4672.94	0.512634
4720.93	0.58056
4767.08	0.672646
4762.75	0.463071
4755.77	0.302149
4751.3	0.167953
2581.87	0.170825
2574.56	0.169828
2560.87	0.168122
2671.66	0.165702
2776.87	0.160944
2876.49	0.155352
2971.2	0.149743
3060.91	0.144475
3139.82	0.139786
3214.17	0.135604
3285.24	0.131782
3353.14	0.12826
3417.76	0.125013
3478.95	0.122028
3536.56	0.119297
3590.51	0.116808
3640.91	0.114544
3687.84	0.112492
3730.68	0.110654
3768.3	0.109063
3805.11	0.107555
3839.89	0.106158
3871.96	0.104888
3900.88	0.103756
3927.82	0.102718
3954.34	0.101715
3981.11	0.100717
4008.91	0.0996959
4038.94	0.0986179
4062.39	0.0977737
4087.47	0.0968981
4112.94	0.0960243
4137.88	0.095159
4168.44	0.09414
4198.49	0.0931484
4229.28	0.09219
4264.87	0.0912658
4301.47	0.0906991
4343.69	0.09294
4392.26	0.112645
4445.58	0.207326
4517.71	0.316848
4579.62	0.400428
4644.78	0.464753
4704.95	0.52775
4760.77	0.591157
4814.66	0.692391
4802.23	0.490981
4791.78	0.303878
4786.55	0.168768
2569.19	0.171787
2564.42	0.170624
2555.77	0.168686
2662.38	0.166216
2765.55	0.161529
2865.08	0.155945
2962.13	0.150191
3060.98	0.14446
3132.92	0.140111
3205.59	0.136089
3276.7	0.132293
3345.21	0.128741
3410.64	0.125446
3472.66	0.12241
3530.97	0.119631
3585.33	0.117103
3635.95	0.114813
3682.99	0.11274
3726.4	0.110871
3764.53	0.109252
3802.78	0.107676
3839.43	0.106205
3873.02	0.10487
3900.92	0.103771
3926.17	0.1028
3952.23	0.101813
3979.11	0.100809
4007.43	0.0997675
4035.45	0.0987569
4060.59	0.0978581
4085.1	0.0969735
4113.36	0.0959878
4141.79	0.0950085
4172.91	0.0939664
4199.01	0.093087
4235.35	0.091935
4272.78	0.0909226
4313.76	0.0910415
4355.21	0.0955554
4401.59	0.120123
4450.79	0.194498
4535.81	0.321058
4606.71	0.407105
4672.77	0.471046
4734.85	0.532769
4794.38	0.592904
4850.89	0.691095
4836.86	0.49561
4824.81	0.310878
4819.15	0.17147
2561.03	0.172436
2557.94	0.171164
2552.39	0.169074
2655.73	0.166588
2756.62	0.162009
2854.51	0.156558
2949.19	0.150982
3039.87	0.145658
3120.27	0.140883
3196.37	0.136588
3269.32	0.132642
3339.18	0.128994
3405.88	0.125623
3469.19	0.122523
3528.63	0.119696
3583.17	0.11715
3633.87	0.114856
3681.3	0.112771
3725.82	0.11086
3768.62	0.109078
3800.89	0.107721
3842.22	0.106088
3871.19	0.10492
3899.12	0.103834
3925.99	0.102803
3951.59	0.101829
3981.18	0.10073
4006.75	0.0997929
4032.48	0.0988564
4059.96	0.0978737
4086.63	0.0969275
4115.1	0.0959262
4144.89	0.0949092
4172.01	0.0939892
4205.51	0.0928845
4243.28	0.0917276
4280.39	0.0909251
4321.36	0.0916333
4363.45	0.098084
4405.67	0.124471
4464.74	0.19685
4550.58	0.334919
4627.04	0.414491
4696.4	0.475407
4760.95	0.535404
4822.77	0.593652
4880.59	0.69027
4866.66	0.494305
4854.24	0.31034
4848.31	0.171212
2555.76	0.172852
2553.73	0.171519
2550.07	0.169345
2650.78	0.166867
2749.52	0.162389
2845.56	0.157053
2938.28	0.151584
3026.76	0.146343
3109.39	0.141491
3187.54	0.137066
3262.03	0.133012
3333.21	0.129277
3401.28	0.125829
3466.36	0.122648
3527.97	0.119739
3581.67	0.117203
3632.02	0.114928
3679.62	0.112843
3724.3	0.11093
3765.65	0.109193
3803.75	0.107624
3837.15	0.106271
3869.09	0.105004
3897.67	0.103883
3925.57	0.102814
3952.34	0.101808
3978.47	0.100823
4006.28	0.0997995
4033.32	0.098816
4060.59	0.0978385
4089.24	0.0968318
4117.04	0.095866
4145.92	0.0948856
4177.1	0.0938522
4210.32	0.092779
4246.63	0.0916523
4284.49	0.0906427
4327.28	0.0898547
4373.03	0.0928101
4422.53	0.118921
4479.31	0.232048
4559.02	0.351747
4643.2	0.420687
4716.5	0.478681
4783.44	0.537172
4846.91	0.594181
4905.6	0.689821
4892.19	0.491651
4879.95	0.306915
4873.88	0.169183
2552.35	0.173114
2550.97	0.171751
2548.45	0.169539
2647.08	0.167075
2743.99	0.162676
2838.43	0.157427
2929.75	0.152027
3017.29	0.146827
3100.49	0.141969
3179.64	0.137492
3255.13	0.133373
3327.29	0.129574
3396.53	0.126053
3463.77	0.122756
3532.06	0.119569
3580.4	0.11725
3629.93	0.115044
3678.01	0.112952
3723.49	0.111012
3763.53	0.109308
3800.13	0.107791
3833.74	0.106429
3868.82	0.105049
3895.63	0.103988
3923.38	0.102908
3951.54	0.101842
3978.87	0.100818
4006.64	0.0997982
4034.36	0.0987962
4060.64	0.0978529
4089.63	0.0968323
4118.47	0.0958327
4144.67	0.0949105
4179.41	0.0937615
4213.42	0.0926646
4246.07	0.0916408
4288.77	0.0906144
4333.93	0.0905623
4381.98	0.0945234
4432.02	0.114414
4486.32	0.221433
4571.6	0.356824
4659.07	0.423871
4734.59	0.480679
4803.06	0.538334
4867.6	0.594604
4926.85	0.689625
4913.99	0.489017
4902.14	0.302883
4895.98	0.166641
2550.19	0.173278
2549.19	0.171902
2547.34	0.169676
2644.4	0.167229
2739.86	0.16289
2832.97	0.157706
2923.18	0.152362
3010.04	0.1472
3093.22	0.142354
3172.72	0.137862
3248.69	0.133715
3321.27	0.129889
3390.64	0.126358
3456.98	0.1231
3519.88	0.120115
3575.01	0.117506
3627.26	0.115139
3677.96	0.112918
3728.89	0.110778
3764.8	0.109222
3799.26	0.10781
3835.02	0.106399
3863.6	0.10524
3895.78	0.103982
3923.59	0.102907
3951.37	0.101865
3978.32	0.100853
4006.96	0.0998017
4034.85	0.0987778
4064.02	0.0977406
4091.16	0.0967862
4116.3	0.0959115
4143.29	0.0949839
4176.71	0.0938621
4213.5	0.092658
4249.6	0.0914815
4293.36	0.0901897
4339.2	0.0894355
4387.49	0.0926389
4437.7	0.122199
4489.2	0.229142
4590.19	0.356798
4675.72	0.424503
4751.32	0.481531
4820.31	0.539001
4885.34	0.594928
4944.88	0.689596
4932.45	0.48686
4920.97	0.298989
4914.86	0.164559
2548.88	0.173377
2548.12	0.171998
2546.66	0.169771
2642.68	0.167337
2737.02	0.163041
2828.99	0.157907
2918.21	0.152612
3004.37	0.147489
3087.25	0.142666
3166.74	0.138179
3242.81	0.134025
3315.47	0.130189
3384.72	0.126656
3450.49	0.12341
3512.36	0.120445
3569.45	0.117765
3623.2	0.115322
3674.92	0.11305
3726.79	0.110868
3761.9	0.109356
3795.27	0.107944
3831.25	0.106505
3867.89	0.105066
3893.21	0.104061
3920.88	0.102989
3950.89	0.101855
3980.95	0.10074
4008.43	0.0997304
4035.95	0.0987327
4064.57	0.0977178
4088.18	0.0968806
4115.11	0.0959395
4146.41	0.0948698
4179.07	0.0937728
4212.93	0.0926531
4256.15	0.0913169
4299.4	0.0901439
4345.92	0.0896373
4394.4	0.0927421
4441.68	0.115919
4508.69	0.22884
4607.16	0.355108
4691.2	0.424203
4766.31	0.481766
4835.28	0.539353
4900.42	0.595176
4960.03	0.68967
4947.87	0.485271
4936.55	0.295659
4930.82	0.162923
2548.22	0.173427
2547.61	0.172047
2546.38	0.169824
2641.98	0.167399
2735.53	0.163127
2826.39	0.158033
2914.57	0.152788
2999.95	0.147709
3082.36	0.142918
3161.6	0.138447
3237.57	0.134298
3310.15	0.130462
3379.25	0.126928
3444.8	0.123682
3506.55	0.120713
3564.19	0.118013
3618.26	0.115557
3668.96	0.113318
3716.32	0.11129
3759.03	0.109493
3786.58	0.1083
3825.01	0.106759
3859.43	0.105391
3888.21	0.104247
3919.57	0.103042
3949.78	0.101893
3980.39	0.100753
4011.11	0.0996312
4036.25	0.0987139
4060.9	0.0978333
4088.85	0.0968397
4117.87	0.0958277
4149.33	0.0947524
4183.1	0.0936163
4219.86	0.0924033
4261.71	0.0910719
4306.7	0.0897292
4353.51	0.0887976
4404.76	0.0910569
4460.99	0.114226
4524.39	0.223987
4621.58	0.353049
4704.6	0.42363
4779.16	0.481737
4847.91	0.539546
4912.99	0.595382
4972.55	0.689807
4960.55	0.484162
4949.37	0.293007
4943.99	0.161603
2548.05	0.173437
2547.59	0.172051
2546.6	0.169825
2642.72	0.167397
2735.72	0.163126
2825.1	0.158077
2912.05	0.152897
2996.51	0.147875
3078.35	0.143124
3157.21	0.138676
3232.98	0.134538
3305.44	0.130707
3374.32	0.127175
3439.84	0.123926
3501.79	0.120946
3559.51	0.118247
3613.79	0.115786
3663.59	0.11357
3707.96	0.11166
3749.55	0.109904
3786.07	0.10834
3820.91	0.106918
3855.03	0.10557
3887.05	0.104312
3918.47	0.103104
3947.66	0.101977
3979.49	0.100789
4011.14	0.0996339
4036.92	0.0986891
4060.6	0.0978304
4089.6	0.0968108
4119.75	0.0957624
4151.87	0.0946643
4186.48	0.0935009
4224.47	0.0922496
4267.39	0.0908846
4315.89	0.0894576
4360.77	0.0885235
4413.91	0.0906501
4473.39	0.112941
4536.08	0.220294
4633.06	0.351418
4715.51	0.423078
4789.63	0.481653
4858.14	0.539695
4923.11	0.595576
4982.61	0.689976
4970.73	0.483378
4959.65	0.29092
4954.56	0.160567
2548.21	0.173416
2547.99	0.172012
2547.47	0.169751
2645.94	0.167268
2738.55	0.162975
2824.9	0.158033
2910.38	0.152959
2993.7	0.14801
3075.07	0.143304
3153.43	0.138882
3229	0.134759
3301.44	0.130929
3369.78	0.127419
3435.45	0.124166
3498.23	0.121137
3555.28	0.118493
3610.92	0.115999
3657.28	0.113843
3703.38	0.111833
3744.89	0.110063
3782.7	0.108477
3818.08	0.107027
3852.59	0.105651
3885.5	0.104358
3917.44	0.103125
3949.09	0.101926
3978.55	0.100829
4009.48	0.0997049
4033.22	0.0988272
4060.39	0.0978504
4090.41	0.0967861
4121.24	0.0957141
4153.9	0.0945992
4188.88	0.0934246
4226.99	0.0921659
4270.78	0.0907777
4321.96	0.0893109
4363.98	0.0884977
4420.67	0.0904244
4481.96	0.112096
4545.03	0.217747
4641.78	0.350033
4723.86	0.422627
4797.62	0.481638
4865.95	0.539891
4930.86	0.595789
4990.32	0.69016
4978.55	0.482778
4967.58	0.289169
4962.74	0.159743
2548.48	0.173387
2548.54	0.171957
2548.99	0.169606
2654.37	0.166851
2746.67	0.162467
2824.25	0.157984
2909.23	0.153019
2990.9	0.148161
3072.57	0.143472
3150	0.139092
3225.48	0.134981
3298.73	0.131091
3364.98	0.127711
3430.95	0.124475
3490.36	0.121496
3553.05	0.118559
3614.73	0.115785
3657.27	0.113824
3700.81	0.111951
3741.56	0.110218
3779.61	0.108632
3814.24	0.107189
3850.14	0.105752
3883.65	0.104433
3915.74	0.103192
3946.72	0.102016
3976.28	0.100908
4005.43	0.0998359
4033.24	0.0988182
4063.48	0.0977431
4091.6	0.0967488
4122.52	0.095683
4155.59	0.0945612
4190.59	0.0933962
4226.67	0.0921837
4270.11	0.0908017
4320.53	0.0893606
4374.32	0.0886146
4426.85	0.0903629
4488.24	0.111553
4551.74	0.215506
4648.12	0.348709
4729.7	0.422274
4803.01	0.481828
4871.28	0.540245
4936.28	0.596059
4995.82	0.690347
4984.17	0.482213
4973.32	0.287593
4968.69	0.159071
2548.57	0.17338
2548.57	0.171958
2548.37	0.169665
2648.72	0.167125
2741.72	0.162726
2830.1	0.157644
2909.78	0.153001
2986.19	0.14845
3072.15	0.143523
3146.09	0.139352
3221.55	0.135312
3289.67	0.131572
3361.19	0.127895
3427.35	0.124572
3489.07	0.121537
3548.88	0.118734
3605.26	0.116171
3654.28	0.113953
3700.17	0.111967
3740.08	0.110248
3777.53	0.108682
3814.66	0.107174
3848.48	0.105824
3881.91	0.104516
3914.18	0.10327
3945.16	0.102093
3974.16	0.101004
3999.4	0.100061
4031.3	0.0989092
4062.05	0.0978081
4092.37	0.0967396
4122.04	0.0957017
4155.89	0.0945424
4190.83	0.0933757
4227.74	0.0921807
4265.77	0.0909891
4319.55	0.0894671
4374.38	0.0886578
4429.42	0.0927616
4491.96	0.113195
4556.77	0.214865
4652.5	0.347511
4732.99	0.422089
4805.48	0.482585
4874.04	0.540961
4939.46	0.596441
4999.23	0.690533
4987.75	0.481578
4977.02	0.286105
4972.58	0.158521
2548.55	0.173379
2548.66	0.17195
2548.69	0.169643
2649.78	0.167088
2740.4	0.162738
2829.47	0.157649
2909.42	0.152941
2993.34	0.148132
3065.05	0.143919
3141.35	0.139668
3219.02	0.1354
3290.57	0.131527
3359.88	0.127935
3425.26	0.124647
3486.68	0.121642
3545.21	0.118888
3600.29	0.116365
3651.69	0.11406
3702.93	0.111868
3738.7	0.110306
3773.62	0.108847
3811.48	0.107304
3846.64	0.105894
3880.83	0.104552
3913.85	0.103284
3946.3	0.10206
3972.56	0.101053
4001.22	0.0999927
4031.39	0.0989005
4061.95	0.0978078
4093.09	0.0967116
4125.75	0.0955878
4157.12	0.0945263
4191.54	0.0934213
4226.13	0.0924012
4273.23	0.0913609
4321.28	0.090411
4378.38	0.0906711
4440.31	0.10155
4492.39	0.133445
4562.1	0.22836
4655.44	0.349344
4733.45	0.42258
4803.98	0.485068
4874.19	0.542381
4940.61	0.596965
5000.78	0.690721
4989.47	0.480955
4978.84	0.284857
4974.56	0.158124
2548.32	0.173396
2548.7	0.171944
2550.1	0.169536
2660.68	0.166602
2739.66	0.162716
2819.01	0.158245
2906.55	0.153192
2990.34	0.148274
3069.73	0.14362
3150.22	0.139145
3220.04	0.135271
3290.97	0.131565
3359.64	0.127957
3424.16	0.124714
3484.21	0.121758
3542.02	0.119036
3596.15	0.116549
3646.51	0.114293
3693.85	0.112244
3735.16	0.110463
3774.52	0.108825
3809.08	0.107417
3844.16	0.106026
3876.87	0.104717
3910.35	0.103421
3942.12	0.10221
3971.79	0.10109
4000.45	0.100025
4031.2	0.0988989
4061.67	0.0978068
4092.63	0.0967165
4124.3	0.0956188
4156.6	0.0945116
4192.64	0.0933169
4231.23	0.0920926
4276.56	0.0910691
4328.73	0.0931186
4381.05	0.105066
4439.41	0.150298
4499.45	0.218024
4576.84	0.310155
4657.1	0.37184
4730.66	0.427212
4794.94	0.490965
4872.39	0.544264
4940.34	0.597397
5000.78	0.69091
4989.52	0.480914
4978.94	0.284424
4974.74	0.157955
2547.59	0.173462
2547.59	0.172052
2547.44	0.169781
2645.83	0.167298
2734.29	0.163116
2819.85	0.158269
2905.85	0.153219
2989.87	0.148259
3071.15	0.143539
3150.16	0.139117
3224.25	0.135041
3295.24	0.131277
3360.67	0.127883
3424.6	0.124769
3481.01	0.121935
3539.58	0.11918
3592.88	0.116715
3641.62	0.114521
3688.21	0.112511
3731.18	0.110673
3769.98	0.109007
3807.01	0.107482
3842.08	0.106072
3875.67	0.104743
3908.63	0.103467
3940.56	0.10225
3971.21	0.101096
4002.71	0.0999396
4031.73	0.0988828
4061.71	0.097818
4092.72	0.0967367
4123.84	0.0956609
4154.37	0.0946041
4193.64	0.093307
4232.45	0.0920353
4276.29	0.0906729
4327.12	0.0895452
4381.41	0.0898805
4441.23	0.0971571
4504.33	0.128843
4570.02	0.232673
4658.47	0.345642
4735.41	0.419569
4805.05	0.48302
4874.32	0.541331
4939.89	0.596725
4999.49	0.691092
4987.98	0.482273
4977.37	0.285152
4973.22	0.157916
2546.76	0.173537
2546.49	0.172153
2545.77	0.169933
2640.28	0.167525
2730.9	0.163328
2818.95	0.158365
2905.55	0.153234
2990.24	0.148217
3072.67	0.143443
3152.63	0.138965
3228.96	0.134812
3298.59	0.131064
3364.43	0.127674
3428.58	0.124514
3485.75	0.121717
3539.46	0.119243
3588.99	0.116943
3639.96	0.114606
3685.87	0.112579
3728.62	0.110743
3767.73	0.109088
3804.96	0.107562
3839.82	0.106156
3873.76	0.104817
3906.91	0.103533
3939.62	0.102289
3969.48	0.101168
4000.53	0.100029
4030.7	0.09893
4062.11	0.0977925
4093.85	0.0966735
4126.15	0.0955522
4159.75	0.0944043
4196.99	0.0931694
4235.61	0.0919133
4272.35	0.0907439
4325.78	0.0892546
4379.93	0.0885059
4441.55	0.092249
4506.63	0.121662
4580.06	0.245517
4655.38	0.34652
4736.82	0.415571
4807.72	0.477904
4874.29	0.538395
4937.83	0.595833
4996.36	0.691319
4984.56	0.483242
4973.99	0.284485
4970.08	0.15719
2546.08	0.173593
2545.73	0.172218
2544.95	0.170004
2638.02	0.167608
2729.13	0.163424
2818.24	0.158424
2905.56	0.153235
2990.99	0.148163
3074.48	0.143324
3156.34	0.138741
3237.76	0.134374
3302.99	0.130793
3367	0.127575
3427.68	0.12457
3487.93	0.121607
3542.93	0.118997
3595.61	0.116594
3640.61	0.11457
3684.08	0.112671
3727.29	0.110804
3765.16	0.109192
3803.35	0.107641
3836.81	0.106286
3871.27	0.104936
3904.61	0.103646
3934.93	0.102467
3967.75	0.10123
3999.49	0.100055
4030.96	0.098908
4063.02	0.0977596
4095.67	0.0966105
4128.83	0.0954604
4163.52	0.0942804
4201.47	0.0930301
4239.59	0.0918149
4280.99	0.0905984
4327.53	0.0895526
4375.08	0.0896674
4441.73	0.0943828
4508.06	0.12197
4576.57	0.233445
4665.9	0.358459
4737.91	0.410055
4806.88	0.472868
4871.6	0.535205
4933.3	0.594692
4990.58	0.691639
4978.86	0.480938
4968.7	0.277387
4965.52	0.154235
2545.64	0.173625
2545.3	0.17225
2544.58	0.17003
2637.14	0.167634
2728.42	0.163458
2818.04	0.158444
2905.88	0.153227
2991.78	0.148126
3075.73	0.14326
3158.06	0.138653
3240.09	0.134265
3305.81	0.130654
3370.82	0.127327
3433.28	0.124233
3492.42	0.121372
3545.8	0.118833
3596.17	0.11653
3643.04	0.114431
3689.27	0.112435
3728.86	0.110759
3760.08	0.109423
3797.97	0.107884
3834.67	0.106393
3869.33	0.105015
3902.59	0.103718
3934.66	0.102485
3966.77	0.101276
3998.77	0.100091
4031.07	0.0989155
4064.17	0.0977331
4098.25	0.0965406
4131.65	0.0953842
4166.15	0.0942219
4200.99	0.0930629
4241.75	0.0918535
4285.03	0.0910297
4332.5	0.0920298
4384.98	0.0995737
4445.18	0.11695
4509.97	0.149337
4577.37	0.238169
4663.16	0.343423
4732.65	0.414071
4802.3	0.468051
4866.22	0.530144
4925.78	0.592138
4980.75	0.691973
4970.67	0.465607
4961.8	0.253533
4959.98	0.147202
2545.44	0.173638
2545.12	0.172259
2544.47	0.170032
2636.97	0.167634
2728.41	0.163457
2818.37	0.158435
2906.52	0.153207
2992.61	0.148101
3076.42	0.14325
3157.65	0.138698
3235.53	0.134472
3306.56	0.130641
3374.28	0.12716
3439.27	0.123955
3499.68	0.121029
3548.75	0.118688
3597.36	0.116496
3643.36	0.114457
3684.46	0.11262
3725.76	0.110852
3762.21	0.109304
3798.63	0.107814
3834.14	0.106385
3868.33	0.105031
3901.4	0.103743
3933.65	0.102508
3965.58	0.101306
3997.55	0.100122
4030.29	0.098929
4064.66	0.0976992
4102.98	0.0963712
4134.19	0.0952927
4167.83	0.0942019
4204.13	0.093208
4244.28	0.0928849
4288.08	0.095915
4335.4	0.113142
4388.48	0.168303
4443.11	0.224262
4513.22	0.293129
4585.72	0.358842
4663.43	0.403535
4738.07	0.444833
4795.47	0.472496
4859.34	0.519406
4915.57	0.576817
4962.98	0.667015
4960.95	0.396044
4954.77	0.218482
4954.28	0.13845
2545.46	0.173634
2545.15	0.172252
2544.54	0.170019
2637.25	0.167614
2728.97	0.163428
2819.21	0.158395
2907.61	0.153158
2993.82	0.148048
3077.5	0.143202
3158.16	0.138666
3235.17	0.134456
3307.84	0.130579
3377.57	0.127004
3446.87	0.123626
3499.03	0.121027
3552.75	0.11852
3599.89	0.116339
3644.37	0.11436
3685.63	0.112548
3725.06	0.110864
3762.13	0.109306
3798.21	0.107827
3833.22	0.106418
3867.04	0.105079
3899.96	0.103798
3932.21	0.102563
3964	0.101366
3995.58	0.100193
4028.29	0.0990012
4062.07	0.0977921
4097.43	0.0965541
4132.57	0.0953418
4166.9	0.0941767
4203.41	0.0930063
4243.48	0.0919109
4288.01	0.0913626
4336.68	0.0931432
4389.52	0.101683
4446.71	0.119429
4509.05	0.153934
4576.03	0.245818
4661.2	0.349364
4735.12	0.416025
4801.3	0.476605
4857.89	0.524008
4914.46	0.589653
4967.9	0.692226
4958.06	0.453066
4950.55	0.237364
4949.38	0.143114
2545.67	0.173614
2545.37	0.172229
2544.76	0.169991
2637.92	0.167577
2730.05	0.163372
2820.63	0.15832
2909.28	0.153068
2995.66	0.147952
3079.39	0.143105
3159.9	0.138573
3236.51	0.134375
3309.28	0.130519
3378.35	0.126991
3442.79	0.123786
3500.97	0.120924
3560.39	0.11819
3602.2	0.116218
3645.83	0.11431
3686	0.112554
3724.28	0.110918
3760.81	0.109382
3796.85	0.107904
3831.78	0.106496
3865.22	0.105167
3898.1	0.103887
3930.47	0.102648
3962.23	0.101452
3992.46	0.100322
4025.64	0.099103
4058.71	0.0979134
4093.38	0.0966914
4133.48	0.0953363
4165.91	0.0942561
4201.65	0.0932835
4241.09	0.0929086
4286.89	0.0949399
4336.4	0.104613
4386.8	0.122058
4443.56	0.119656
4506.68	0.147227
4569.53	0.216851
4656.73	0.32567
4730.3	0.398439
4795.45	0.460474
4851.49	0.528792
4909.23	0.590284
4963.01	0.692267
4953.22	0.455979
4945.98	0.240085
4944.88	0.147692
2546.09	0.173579
2545.78	0.172191
2545.14	0.169948
2639.03	0.167522
2731.74	0.163286
2822.7	0.158205
2911.59	0.152932
2998.22	0.147803
3082.3	0.142947
3163.08	0.138412
3239.04	0.134228
3311.6	0.130397
3380.85	0.126893
3442.01	0.123809
3498.68	0.12105
3552.62	0.118532
3600.93	0.116289
3650.15	0.114124
3686.95	0.1125
3723.92	0.110938
3758.14	0.109489
3795.31	0.107957
3831.01	0.106521
3862.92	0.105252
3895.97	0.103969
3928.83	0.102711
3961.15	0.101491
3993.7	0.100288
4023.46	0.0991956
4054.55	0.0980858
4085.1	0.0969995
4123.91	0.0956687
4159.87	0.0944448
4195.92	0.0932863
4231.16	0.092361
4282.13	0.0925335
4334.44	0.10297
4390.99	0.167762
4432.62	0.220963
4501.26	0.286884
4572.61	0.353714
4650.25	0.398427
4723.49	0.4407
4790.78	0.488968
4853.52	0.542733
4900.67	0.580701
4948.38	0.667447
4945.95	0.395067
4941.31	0.222082
4940.74	0.159561
2546.72	0.173527
2546.4	0.172134
2545.72	0.169887
2640.71	0.167446
2734.22	0.163166
2825.54	0.158044
2914.53	0.152745
3001.4	0.147595
3086.3	0.142709
3168.63	0.138135
3242.32	0.134017
3314.44	0.130214
3388.54	0.126523
3442.75	0.123781
3496.14	0.121212
3547.53	0.118804
3595.88	0.116579
3641.99	0.114516
3683.48	0.112683
3722.63	0.111002
3760.54	0.109415
3793.22	0.108062
3824.9	0.106774
3860.97	0.105353
3893.39	0.104062
3927.3	0.102759
3959.44	0.101542
3990.74	0.100378
4021.56	0.0992471
4052.77	0.0981235
4084.86	0.0969851
4119.84	0.0957758
4155.76	0.094549
4192.98	0.0933069
4232.74	0.0920537
4278.95	0.0909821
4329.3	0.0917136
4377.27	0.101594
4430.54	0.122745
4489.46	0.153284
4556.43	0.247965
4643.92	0.351675
4719.42	0.415899
4787.37	0.475586
4849.82	0.538689
4908.13	0.601604
4956.8	0.692071
4946.41	0.460761
4938.76	0.245596
4937.2	0.149877
2547.55	0.173454
2547.25	0.172052
2546.57	0.169798
2643.25	0.167336
2737.94	0.163001
2829.37	0.157835
2917.98	0.152525
3004.59	0.147362
3090.65	0.142393
3180.37	0.137493
3244.51	0.133855
3312.48	0.130364
3379.29	0.127029
3439.89	0.124013
3493.78	0.121361
3544.47	0.118966
3591.83	0.11678
3638.51	0.11465
3681.32	0.112764
3721.17	0.111054
3759.37	0.109461
3791.84	0.108116
3822.95	0.106835
3860.37	0.105358
3895.19	0.103996
3926.73	0.102787
3958.13	0.101606
3988.17	0.100484
4019.56	0.0993205
4050.82	0.0981925
4082.83	0.0970574
4116.35	0.0958896
4152.33	0.0946616
4189.89	0.0934029
4230.68	0.0920909
4274.82	0.090842
4325.06	0.0899694
4366.41	0.0906225
4429.56	0.0954413
4479.97	0.109715
4543.34	0.178072
4635.81	0.315554
4712.97	0.397798
4781.68	0.45949
4844.64	0.520929
4902.61	0.58374
4951.24	0.691432
4943.93	0.441078
4935.63	0.243071
4933.5	0.148179
2548.58	0.173359
2548.35	0.171938
2547.81	0.169657
2647.17	0.167155
2743.91	0.162739
2834.72	0.157557
2921.75	0.152323
3006.36	0.147296
3089.09	0.142542
3169.36	0.138093
3240.84	0.134102
3309.82	0.130457
3377.23	0.127029
3445.01	0.123715
3493.85	0.121282
3543.4	0.118974
3592.01	0.116766
3636.16	0.11478
3679.5	0.1129
3718.91	0.111219
3755.57	0.109658
3791.45	0.108146
3826.4	0.106716
3860.91	0.105345
3894.49	0.104034
3926.69	0.102796
3958	0.101614
3988.17	0.10049
4017.99	0.0993819
4048.76	0.0982797
4080.36	0.0971647
4111.88	0.0960568
4149.23	0.0947804
4185.93	0.0935592
4224.89	0.0922961
4268.16	0.0908993
4315.7	0.0895955
4369.2	0.0890679
4417.85	0.0917133
4474.01	0.106624
4534.81	0.176019
4626.29	0.320078
4703.59	0.405579
4773.51	0.468979
4838.15	0.530702
4898.88	0.591449
4954.42	0.69082
4942.65	0.47809
4932.69	0.275107
4929	0.155155
2549.73	0.173248
2549.62	0.17179
2549.45	0.169431
2653.08	0.16681
2754.8	0.162197
2842.52	0.157087
2926.26	0.152052
3008.04	0.147222
3087.73	0.142641
3164.68	0.138338
3237.01	0.134353
3305.93	0.130695
3371.86	0.127322
3434.33	0.12423
3489.26	0.12152
3540.93	0.119081
3590.36	0.116822
3635.36	0.114826
3676.76	0.112977
3719.71	0.111131
3758.74	0.109481
3795.67	0.107962
3828.82	0.106614
3861.51	0.105312
3894.88	0.104016
3927.26	0.102773
3958.73	0.101585
3989.18	0.100455
4016.59	0.0994464
4045.98	0.0983895
4077.08	0.0972851
4112.8	0.0960489
4144.73	0.0949356
4180.45	0.0937459
4214.34	0.0926079
4260.37	0.0911468
4303.91	0.089915
4361.08	0.0893608
4420.16	0.095521
4473.24	0.125962
4526.67	0.195829
4615.58	0.330906
4690.39	0.414513
4762.75	0.47588
4829.7	0.535694
4892.8	0.593846
4950.82	0.690295
4938.43	0.485089
4927.64	0.289824
4922.84	0.160204
2550.86	0.173147
2550.81	0.171654
2551.06	0.169175
2660.2	0.166273
2778.65	0.160824
2852.92	0.156316
2931.04	0.151706
3009.85	0.147139
3086.87	0.142731
3162.15	0.138529
3233.93	0.134605
3302.21	0.130979
3367.03	0.127644
3428.22	0.12459
3484.92	0.121801
3537.74	0.119323
3586.29	0.117035
3635.04	0.114843
3680.27	0.112848
3721.94	0.111044
3761.73	0.109373
3800.9	0.107778
3831.09	0.10653
3859.72	0.105373
3895.68	0.103978
3928.49	0.102714
3960.76	0.1015
3989.62	0.100429
4017.56	0.0994111
4045.75	0.0983867
4078.07	0.097251
4106.39	0.0962482
4142.97	0.0950024
4179.38	0.0937762
4216.91	0.0925397
4258.12	0.0912502
4300.9	0.0900776
4354.71	0.0899886
4410.9	0.0978013
4469.26	0.146572
4527.96	0.266426
4603.72	0.347989
4668.77	0.424767
4749.41	0.480602
4819.14	0.538126
4883.97	0.594674
4943.25	0.689928
4930.94	0.486322
4919.83	0.295206
4914.46	0.162694
2551.93	0.173084
2551.55	0.171626
2550.93	0.169263
2657.21	0.166593
2762.02	0.161826
2854.91	0.156421
2933.17	0.1516
3012.5	0.147049
3086.64	0.142759
3162.86	0.138462
3233.93	0.134564
3301.4	0.13098
3365.3	0.127676
3426.48	0.124678
3482.43	0.121866
3537.33	0.119255
3588.26	0.116884
3637.57	0.11467
3686.86	0.112536
3724.87	0.110875
3764.09	0.109258
3803.14	0.10768
3835.44	0.106359
3867.26	0.1051
3898.46	0.103882
3929.44	0.102702
3958.22	0.101605
3986.9	0.100521
4017.69	0.0993889
4047.38	0.0983127
4078.07	0.097225
4109	0.0961391
4142.85	0.0949811
4178.49	0.0937816
4216.2	0.092548
4256	0.0913435
4299.71	0.0906113
4349.38	0.0940764
4401.09	0.114574
4458.21	0.182923
4534.05	0.286466
4593.68	0.353724
4666.47	0.421108
4738.79	0.480461
4807.36	0.538748
4872.64	0.594934
4932.55	0.689706
4920.34	0.486447
4909.14	0.297366
4903.55	0.163917
2553.25	0.173012
2552.39	0.1716
2550.74	0.169335
2654.98	0.166781
2756.21	0.162195
2850.39	0.156857
2935.89	0.151627
3017.61	0.146754
3096.22	0.142182
3166.21	0.138207
3234.85	0.134522
3299.77	0.131122
3366.03	0.127641
3427.1	0.124572
3483.47	0.121782
3537.85	0.119204
3588.88	0.116846
3637.23	0.114676
3683.8	0.112649
3723.36	0.110922
3764.59	0.109211
3807.75	0.107475
3839.03	0.106201
3870.46	0.10496
3902.56	0.103718
3931.26	0.102607
3961.13	0.101475
3989.75	0.100405
4019.15	0.0993303
4048.62	0.0982668
4078.83	0.0971952
4110.06	0.0961044
4142.7	0.0949849
4177.72	0.093816
4216	0.0926289
4252.92	0.0917262
4295.74	0.0916694
4333.75	0.0939046
4392.69	0.104246
4451.57	0.144724
4519.65	0.252356
4592.75	0.370608
4653.95	0.423374
4723.61	0.481601
4792.62	0.539453
4858.5	0.595179
4918.88	0.689651
4906.75	0.486243
4895.55	0.29806
4889.97	0.164461
2555.3	0.172877
2553.84	0.1715
2551.14	0.16928
2655.05	0.166741
2756.38	0.162146
2853.09	0.156739
2940.62	0.151396
3023.76	0.146409
3096.22	0.142126
3167.15	0.138192
3239.73	0.134222
3309.36	0.130561
3368.93	0.127448
3429.35	0.124492
3483.38	0.12182
3538.64	0.119185
3589.16	0.116852
3635.73	0.114754
3678.11	0.112881
3717.61	0.111164
3760.84	0.109379
3802.46	0.107684
3839.03	0.106195
3873.98	0.104808
3910.35	0.103415
3938.05	0.102345
3964.8	0.101346
3991.67	0.100342
4020.78	0.099281
4049.73	0.0982371
4079.54	0.0971816
4111.1	0.0960884
4141.96	0.0950436
4175.88	0.0939574
4210	0.0930097
4247.04	0.0927456
4286.15	0.0953044
4331.91	0.111848
4383.99	0.167885
4441.13	0.235428
4514.71	0.327526
4589.36	0.390842
4648.84	0.440639
4700.75	0.488133
4774.66	0.540996
4841.55	0.59555
4902.24	0.689805
4890.17	0.485658
4879.02	0.297434
4873.7	0.164272
2558.66	0.17263
2556.38	0.171298
2552.25	0.169125
2656.97	0.166565
2760.05	0.161853
2863.48	0.156113
2947.94	0.150932
3022.36	0.146469
3100.23	0.141921
3173.74	0.13777
3244.79	0.133906
3312.07	0.130353
3374.56	0.127129
3434.82	0.124157
3491.85	0.121407
3541.02	0.119083
3590.32	0.116858
3635.47	0.114817
3672.47	0.113164
3705.48	0.111699
3756.29	0.109602
3800.12	0.107789
3838.83	0.106211
3874.62	0.104788
3908.75	0.103467
3939.51	0.102288
3967.18	0.101241
3995.18	0.100208
4022.7	0.0992116
4050.04	0.0982246
4078.52	0.0972205
4106.63	0.0962303
4138.62	0.0951317
4172.08	0.0940287
4205.29	0.0930059
4238.92	0.0919848
4273.3	0.0914136
4323.61	0.0926752
4375.61	0.102927
4430.09	0.137937
4490.38	0.244296
4571.54	0.357697
4635.99	0.430072
4701.17	0.492265
4757.33	0.541303
4822.37	0.595608
4882.47	0.690227
4870.52	0.483885
4859.49	0.294109
4854.86	0.162655
2564.12	0.172207
2560.6	0.170957
2554.13	0.168916
2659.78	0.166437
2762.18	0.161832
2860.02	0.156405
2948.25	0.151042
3028.68	0.146126
3106.19	0.141595
3180.13	0.137425
3250.77	0.133586
3316.55	0.130102
3379.29	0.126898
3440.34	0.1239
3493.39	0.121319
3545.76	0.118897
3592.13	0.116793
3634.21	0.114867
3677.03	0.11296
3717.24	0.111234
3756.22	0.109577
3800.75	0.10776
3839.68	0.106177
3875.39	0.104757
3909.36	0.103436
3943.26	0.10215
3968.79	0.101182
3995.39	0.100206
4021.17	0.0992572
4050.27	0.098218
4075.92	0.0973062
4106.41	0.0962489
4135.57	0.0952535
4165.98	0.0942224
4197.35	0.0931635
4233.41	0.0919871
4271.66	0.0908577
4316.32	0.0901525
4365.03	0.0927397
4417.08	0.11399
4469.33	0.213009
4555.56	0.34975
4629.69	0.426755
4686.06	0.483578
4748.41	0.544491
4799.75	0.595538
4858.44	0.690933
4847.72	0.475382
4837.09	0.281994
4833.77	0.158412
2572.89	0.171516
2567.56	0.170382
2557.48	0.168516
2665.07	0.166113
2767.7	0.161526
2864.6	0.156122
2954.48	0.150713
3035.7	0.145758
3113.23	0.141246
3187.12	0.13708
3258.67	0.133186
3321.02	0.129902
3382.55	0.126811
3440.35	0.123929
3496.1	0.121252
3545.18	0.118878
3596.71	0.11652
3642.59	0.114446
3685.97	0.112546
3726.68	0.110808
3763.82	0.109241
3804.75	0.107581
3841.88	0.106084
3876.36	0.104719
3908.87	0.103457
3939.48	0.102291
3967.25	0.101246
3994.3	0.100245
4021.08	0.0992667
4048.14	0.098293
4076.01	0.0973048
4101.62	0.0964049
4129.64	0.0954333
4161.38	0.094351
4193.23	0.0932768
4228.57	0.0921235
4266.82	0.0909446
4308.43	0.0900034
4354.16	0.0910751
4402.49	0.105556
4445.39	0.16944
4535.72	0.315845
4608.02	0.400055
4666.31	0.465286
4727.77	0.524381
4784.54	0.583531
4827.18	0.667426
4822.71	0.433154
4813.21	0.250653
4810.94	0.153748
2586.75	0.170483
2579.03	0.169492
2563.76	0.167804
2674.52	0.165458
2777.74	0.16088
2874.55	0.155467
2967.41	0.149906
3044.12	0.145241
3121.37	0.140863
3193.65	0.136826
3261.67	0.133048
3325.49	0.129664
3387.36	0.126578
3445.63	0.123623
3502.14	0.120894
3553.95	0.118439
3603.73	0.11617
3650.35	0.11409
3694.63	0.112167
3736.94	0.110378
3775.99	0.108744
3810.31	0.107344
3844.8	0.105973
3877.74	0.104677
3909.07	0.103464
3938.55	0.10232
3966.54	0.101264
3993.4	0.100268
4019.34	0.0993217
4044.79	0.0984053
4072.83	0.0974039
4100.59	0.0964266
4130.79	0.095391
4158.73	0.0944421
4188.11	0.0934488
4223.69	0.0922942
4261.83	0.0911738
4299.99	0.0905593
4344.11	0.0918184
4387.91	0.100616
4436.75	0.153299
4517.64	0.302808
4588.68	0.397521
4653.09	0.464322
4705.04	0.522091
4761.65	0.585794
4813.98	0.690078
4800.97	0.47377
4792.13	0.270759
4786.5	0.16704
2607.99	0.169119
2597.74	0.168299
2577.77	0.166708
2690.65	0.164308
2792.9	0.159867
2886.75	0.15472
2969.42	0.149698
3054.82	0.144652
3134.94	0.140046
3201.01	0.136307
3265.29	0.13282
3333.25	0.129257
3395.66	0.126077
3454.11	0.123172
3509.47	0.120515
3561.41	0.118085
3610.63	0.115848
3657.31	0.113778
3702.28	0.111837
3747.7	0.109949
3778.61	0.108616
3814.67	0.10716
3848.38	0.105813
3880.14	0.104563
3910.42	0.103391
3938.69	0.102309
3966.46	0.101267
3991.93	0.100327
4018.05	0.0993632
4043.99	0.0984248
4070.89	0.0974676
4098.45	0.0965003
4126.72	0.0955232
4155.97	0.0945275
4187.99	0.0934683
4219.06	0.0924733
4252.97	0.0914217
4290.6	0.0903553
4332.29	0.0902655
4377.43	0.0965953
4426.14	0.138016
4493.73	0.276889
4564.95	0.385382
4625.73	0.455357
4676.92	0.526901
4735.06	0.590513
4790.02	0.693113
4776.89	0.494819
4768.67	0.351778
4758.31	0.204145
2639.01	0.167507
2625.76	0.166955
2596.22	0.165693
2716.24	0.163137
2819.74	0.158345
2909.82	0.15318
2995.33	0.148043
3068.34	0.143769
3136.86	0.139802
3210.88	0.135722
3278.28	0.132072
3343.24	0.128694
3404.51	0.125596
3462.24	0.122758
3516.75	0.120156
3568.15	0.117768
3616.74	0.115569
3662.76	0.113537
3706.48	0.111655
3747.83	0.109919
3783.99	0.108402
3819.13	0.106979
3851.96	0.105668
3882.43	0.104467
3912.51	0.10331
3938.43	0.102323
3963.64	0.101368
3990.84	0.10036
4017.15	0.0993954
4042.78	0.0984672
4069.23	0.097526
4096.95	0.0965563
4123.39	0.0956422
4152.51	0.0946592
4181.18	0.0936785
4213.12	0.0926262
4247.39	0.0915423
4280.63	0.0905894
4320.54	0.0901607
4365.62	0.0945899
4413.74	0.126882
4469.84	0.251963
4540.32	0.376539
4599.69	0.453648
4654.69	0.524818
4703.62	0.591011
4756.17	0.695188
4741.54	0.50119
4730.82	0.340067
4725.44	0.192603
2682.64	0.165612
2669.47	0.165315
2627.56	0.164274
2757.21	0.161112
2858.42	0.156018
2935.51	0.151504
3006.53	0.147168
3083.82	0.142743
3154.82	0.138703
3224.34	0.134908
3290.44	0.131388
3353.55	0.128131
3413.41	0.125128
3470.05	0.122364
3523.6	0.119823
3574.2	0.117483
3622.04	0.115327
3667.28	0.113336
3710.02	0.111498
3750.32	0.109802
3787.86	0.108247
3823.66	0.106802
3855.94	0.105512
3883.49	0.104428
3909.92	0.103406
3937.96	0.102335
3964.1	0.101347
3990.43	0.100372
4017.12	0.0993996
4041.3	0.0985231
4067.26	0.0976061
4091.91	0.0967301
4119.64	0.0957653
4147.84	0.0948002
4176.77	0.0938202
4207.64	0.092797
4240.58	0.0917345
4275.66	0.0906931
4307.19	0.0901874
4353.51	0.0924346
4400.51	0.112946
4447.26	0.20667
4514.54	0.349634
4569.62	0.437749
4617.21	0.514581
4662.23	0.588795
4710.83	0.697536
4699.59	0.493534
4691.04	0.310667
4689.12	0.167379
2738.5	0.163252
2741.05	0.162894
2754.86	0.161702
2825.22	0.157885
2894.77	0.153744
2964.12	0.149572
3032.82	0.145492
3102.9	0.141509
3171.3	0.137706
3238.03	0.134107
3302.25	0.130731
3363.61	0.12759
3421.97	0.124683
3477.34	0.121998
3529.78	0.119521
3579.47	0.117234
3626.52	0.115122
3671	0.11317
3712.94	0.111368
3752.72	0.109694
3790.89	0.108121
3829.44	0.106582
3855.3	0.10553
3884.59	0.104381
3912.4	0.103309
3938.43	0.102314
3963.76	0.10136
3989.45	0.100416
4014.25	0.0995069
4040.08	0.0985663
4065.42	0.0976607
4090.67	0.096768
4117.11	0.0958489
4144.48	0.0949103
4172.87	0.0939495
4202.9	0.0929511
4234.79	0.0919154
4268.58	0.0908866
4303.89	0.0901638
4343.97	0.0912859
4386.91	0.102801
4430.04	0.156365
4488.19	0.293442
4537.96	0.397575
4575.93	0.479563
4612.76	0.550591
4646.21	0.598561
4652.35	0.423898
4646.77	0.225424
4651.31	0.13778
2790.57	0.16046
2800.13	0.15981
2824.19	0.15814
2872.07	0.155052
2929.34	0.151492
2991.09	0.147784
3055.19	0.144061
3120.82	0.140382
3186.4	0.136801
3250.96	0.133367
3313.48	0.130119
3373.11	0.127085
3429.88	0.124273
3483.86	0.12167
3535.08	0.119262
3583.79	0.117029
3630.09	0.114959
3673.95	0.113041
3714.89	0.111282
3753.89	0.109647
3790.97	0.108122
3826.14	0.106705
3857.58	0.105446
3885.52	0.104347
3915.34	0.103211
3938.66	0.102319
3960.08	0.101497
3988.77	0.100439
4014.82	0.0994807
4039.87	0.0985715
4064.59	0.0976875
4089.54	0.0968067
4115.34	0.095909
4142.17	0.0949886
4169.76	0.0940537
4199.08	0.0930794
4230.23	0.0920772
4263.46	0.0911663
4299.48	0.0913638
4335.05	0.096296
4374.3	0.120618
4415.66	0.188969
4460.86	0.255001
4508.32	0.326995
4546.74	0.390911
4579.4	0.455107
4603.03	0.489969
4613.23	0.310667
4616.63	0.161893
4619.1	0.108251
2831.56	0.15781
2843.14	0.157009
2867.99	0.155299
2907.6	0.152696
2957.25	0.149619
3013.28	0.14631
3073.33	0.142892
3135.82	0.139443
3199.33	0.13603
3262.58	0.132715
3324.05	0.12956
3381.85	0.126627
3436.85	0.123913
3489.44	0.121391
3539.19	0.119063
3586.92	0.116887
3632.58	0.114851
3676.47	0.112941
3715.67	0.111254
3754.08	0.109658
3790.36	0.108167
3824.28	0.106794
3854.32	0.105581
3885.11	0.104365
3913.62	0.103263
3939.32	0.102279
3964.07	0.101344
3990.48	0.100369
4016.55	0.0994178
4040.55	0.0985455
4064.45	0.0976913
4088.86	0.0968304
4114.23	0.0959479
4141.18	0.0950258
4167.35	0.0941409
4196.2	0.0931919
4226.74	0.0922329
4258.98	0.0913568
4291.05	0.090658
4327.36	0.0902552
4365.3	0.0935341
4404.69	0.107346
4443.61	0.132082
4479.65	0.173551
4512.36	0.241143
4547.56	0.317807
4569.86	0.335574
4579.19	0.184156
4588.69	0.11583
4592.14	0.0907369
2859.18	0.155787
2871.04	0.154954
2895.08	0.153333
2930.98	0.151034
2976.42	0.148285
3028.86	0.145253
3086.19	0.142047
3146.76	0.13875
3209.26	0.135433
3272.52	0.132165
3334.7	0.129031
3389.7	0.12622
3442.49	0.123625
3494.12	0.121155
3541.59	0.118961
3588.46	0.116845
3633.33	0.114852
3675.41	0.113008
3716.68	0.111214
3755.05	0.1096
3790.94	0.10812
3824.42	0.106764
3855.48	0.105522
3885.29	0.104354
3913.42	0.103267
3939.93	0.102254
3965.8	0.101281
3992.3	0.1003
4020.52	0.0992764
4041.9	0.0984956
4064.73	0.0976843
4088.54	0.0968479
4113.21	0.0959927
4137.17	0.0951597
4164.83	0.0942205
4193.39	0.0932662
4223.3	0.0922859
4254.63	0.0912863
4287.17	0.0902834
4321.84	0.0893217
4357.99	0.0888252
4394.98	0.0898774
4431.6	0.0940751
4466.34	0.103862
4497.61	0.124549
4524.29	0.156074
4545.01	0.172372
4560.4	0.115723
4569.18	0.0911287
4573.08	0.084054
2872.99	0.154671
2884.77	0.153847
2908.2	0.152299
2942.55	0.150155
2986.12	0.147575
3036.87	0.144687
3092.88	0.14159
3152.64	0.138362
3215.1	0.135064
3280.02	0.131733
3348.89	0.128345
3396.05	0.125897
3445.51	0.123512
3492.27	0.121227
3542.43	0.118909
3589.68	0.116759
3634.49	0.114762
3676.91	0.112908
3717.44	0.111173
3755.56	0.109573
3791.27	0.108102
3824.64	0.10675
3855.87	0.105505
3885.45	0.104346
3913.48	0.103263
3940.22	0.102243
3966.28	0.101264
3992.23	0.100304
4017.9	0.0993684
4041.17	0.0985225
4064.28	0.0976964
4087.88	0.0968642
4112.15	0.0960191
4137.03	0.0951603
4163.82	0.0942521
4192	0.0933093
4221.57	0.0923347
4252.56	0.0913304
4284.94	0.0903001
4318.91	0.0892528
4354.09	0.0882505
4389.82	0.0874526
4425.07	0.0871796
4458.6	0.0880189
4489.1	0.0913157
4515.29	0.0978323
4535.82	0.101386
4550.21	0.0894694
4559.08	0.0840153
4563.26	0.0824578
4024.66	0.099117
4042.09	0.0984908
4064.82	0.0976858
4088.64	0.0968507
4113.65	0.09599
4133.14	0.0953284
4143.29	0.0949555
4167.33	0.0941519
4196.33	0.0932057
4226.91	0.0922889
4259.56	0.0916884
4288.72	0.0925616
4303.73	0.095421
4334.59	0.103225
4373.13	0.141844
4414.64	0.282297
4460.7	0.440875
4508.18	0.497401
4536.86	0.508351
4572.42	0.51205
4587.08	0.549963
2675.42	0.165756
2740.12	0.162645
2804.26	0.159152
2835.19	0.157124
2909.05	0.152936
2993.79	0.148134
3049.42	0.14492
3077.03	0.143115
3145.72	0.139371
3222.03	0.13532
3273.62	0.13255
3301.59	0.130885
3364.55	0.127748
3431.34	0.124499
3474.68	0.122382
3499.98	0.121033
3554.85	0.118534
3610.88	0.116041
3643.59	0.114549
3664.41	0.113533
3707.54	0.111695
3749.22	0.109948
3770.92	0.109026
3782.21	0.10851
3747.48	0.109979
3765.29	0.109199
3799.36	0.107821
3834.29	0.106445
3863.64	0.105251
3895.3	0.10402
3923.62	0.102923
3951.9	0.101865
3972.27	0.101107
3982.9	0.100671
4008.16	0.0997528
4035.98	0.0987472
4064.05	0.0977529
4088.45	0.0968802
4115.2	0.0959477
4146.54	0.0948814
4178.97	0.0937964
4210.55	0.0927602
4215.85	0.0925685
4107.9	0.0961918
4134.98	0.0952991
4168.27	0.0943149
4204.63	0.093686
4244.71	0.0948751
4288.28	0.10387
4334.05	0.142425
4386.65	0.276166
4443	0.431724
4512.86	0.492703
4585.62	0.523598
4662.93	0.536904
4736.62	0.55092
4795.17	0.584929
4858.66	0.595963
4914.58	0.62499
4959.33	0.654008
4960.22	0.494859
4107.1	0.0962007
4126.12	0.0955594
4136.91	0.0952017
4153.59	0.0946551
4180.66	0.0939474
4209.39	0.094086
4239.64	0.0988043
4255.34	0.112741
4275.34	0.128412
4311.77	0.223756
4355.93	0.428422
4416.94	0.495718
4444.56	0.529952
4479.58	0.530932
4538.81	0.563498
4592.26	0.59521
4646.84	0.618988
4682.05	0.625912
4717.93	0.624796
4763.17	0.670251
4762.28	0.485585
4756.46	0.404681
3768.97	0.10906
3785.11	0.108378
3796.84	0.107884
3820.48	0.106938
3854.85	0.105588
3887.01	0.104325
3918.68	0.103116
3939.05	0.102343
3950.56	0.10187
3978.49	0.10084
4009.17	0.0997271
4033.73	0.0988176
4058.61	0.0979411
4069.4	0.0975342
4091.39	0.0967625
4122.67	0.0956876
4155.78	0.0945688
4191.12	0.0934136
4213.47	0.092702
4228.78	0.0921725
4249.53	0.0915387
2833.83	0.157585
2854.07	0.156227
2881.21	0.154515
2932.66	0.151562
3012.59	0.147044
3082.83	0.143059
3112.08	0.141157
3164.98	0.138264
3235	0.134535
3295.46	0.131419
3320.35	0.129919
3368	0.127501
3429.35	0.124516
3478.87	0.122124
3499.27	0.121026
3540.25	0.119131
3590.37	0.116879
3629.8	0.115132
3641.46	0.11452
3676.42	0.112998
3717.35	0.111251
3748.87	0.109946
3755.99	0.109609
3541.81	0.119036
3580.38	0.117255
3629.8	0.115069
3677.77	0.112982
3723.05	0.11105
3763.23	0.109338
3799.9	0.107815
3833.77	0.10644
3868.2	0.105089
3895.66	0.103995
3923.41	0.102917
3951.47	0.101855
3978.91	0.100828
4006.67	0.0998108
4034.69	0.098804
4057.32	0.0980059
4067.48	0.0976205
4090.42	0.0968258
4116.13	0.0959364
4134.84	0.0953031
3789.92	0.108157
3816.49	0.107086
3846.35	0.105902
3875.41	0.104761
3903.44	0.103675
3930.56	0.102642
3952.42	0.10182
3961.49	0.101452
3981.3	0.100717
4006.66	0.0997911
4031.62	0.0988838
4056.65	0.097986
4082.07	0.0970885
4107.96	0.0961913
4132.72	0.0953462
4158.34	0.0945108
4186.55	0.0937662
4212.32	0.0935581
4225.52	0.093912
4251.79	0.0955437
4285.22	0.103386
4309.04	0.118685
3620.64	0.115468
3657.17	0.113837
3700.54	0.111981
3741.28	0.110254
3779.68	0.108666
3802.32	0.107727
3816.09	0.107115
3848.27	0.105846
3881.78	0.104535
3914.06	0.103288
3944.99	0.102111
3973.9	0.101024
3999.71	0.100055
4031.23	0.0989238
4062.04	0.0978236
4092.77	0.0967477
4119.06	0.0958498
4130.77	0.0954228
4156.9	0.0945562
4191.69	0.0934584
4217.77	0.0926994
3756.67	0.109565
3779.86	0.108621
3790.04	0.108163
3816.77	0.107083
3847.17	0.105873
3876.25	0.104727
3904.16	0.103643
3930.98	0.102615
3956.82	0.101638
3982.25	0.100694
4007.03	0.0997895
4023.32	0.0991974
4031.61	0.0988724
4052.38	0.0981316
4075.66	0.0973076
4099.48	0.0964755
4122.56	0.095672
4145.94	0.0948715
4169.6	0.094075
4191.04	0.0933622
3077.9	0.143226
3133.42	0.140031
3205.46	0.136102
3276.41	0.132327
3344.89	0.128782
3410.3	0.125489
3472.31	0.122453
3530.62	0.119673
3585.01	0.117142
3635.65	0.114849
3682.68	0.112774
3726	0.110907
3764.48	0.109268
3802.63	0.107698
3839.14	0.106233
3872.49	0.104908
3900.61	0.103798
3925.41	0.102846
3935.81	0.102441
3995.71	0.100186
4004.29	0.0998649
4011.27	0.0996032
4029.73	0.0989466
4039.87	0.0985815
4053.98	0.0980732
4072.91	0.0974199
4082.13	0.0970755
4102.83	0.0963671
4112.3	0.0960304
4132.65	0.0953449
4149.13	0.0948071
4162.83	0.0943278
4186.16	0.0936405
4197.22	0.0933349
4224.27	0.0927134
4239.37	0.0921509
4265.18	0.0914257
4295.08	0.0918004
4314.93	0.092453
4352	0.0995907
4367.93	0.113732
4404.54	0.151543
4437.81	0.296855
4479.58	0.327066
4543.45	0.354496
4565.14	0.356632
3892.79	0.104114
3901.79	0.103735
3926.3	0.102799
3952.43	0.101813
3977.97	0.100874
3988.63	0.100463
4006.38	0.09981
4032.58	0.0988591
4060.01	0.0978816
4086.22	0.096964
4098.85	0.0965127
4116.75	0.0958824
4146.07	0.0948904
4177.31	0.0938613
4210.08	0.0928337
4225.97	0.0923666
4244.53	0.0917937
4288.85	0.0909701
4334.19	0.0921558
4382.76	0.102094
4410.97	0.12484
4437.59	0.140111
4481.82	0.212659
2615.64	0.165742
2633.26	0.165603
2690.69	0.164148
2792.33	0.159851
2886.54	0.154737
2956.63	0.150609
2980.15	0.148913
3043.36	0.14526
3121	0.140895
3193.75	0.136873
3237.38	0.13444
3261.44	0.132975
3320.72	0.129929
3382.41	0.12684
3437.72	0.124133
3458.98	0.122986
3492.75	0.121348
3545.32	0.11894
3592.15	0.116817
3627.5	0.115234
3639.89	0.114606
3671.92	0.113202
3700.18	0.111969
3757.18	0.109541
3770.97	0.108957
3780.15	0.108552
3810.13	0.107358
3844.67	0.105989
3877.6	0.104696
3908.96	0.103493
3924.37	0.102896
3939.26	0.102304
3967.17	0.101258
3994.3	0.100253
4021.33	0.0992693
4045.93	0.0983994
4055.72	0.0980262
4075.87	0.097313
4106.32	0.0962634
4135.72	0.0952588
4166.84	0.0942224
4192.47	0.0934297
4207.15	0.0929708
4238.84	0.0920729
4262.72	0.0916686
4013.91	0.0995284
4018.92	0.0993389
4036.32	0.0987147
4058.92	0.0979265
4067.9	0.0975941
4088.38	0.0968789
4111.52	0.0960942
4119.27	0.0958034
4143.82	0.0949748
4169.03	0.0941608
4181.23	0.0937076
4213.98	0.0926759
4240.05	0.0919424
4248.67	0.091648
4284.26	0.0909765
4302.04	0.0920806
4321.73	0.0927925
4361.62	0.101446
4374.11	0.116084
4401.44	0.136071
4445.97	0.243983
4462.54	0.369222
4516.79	0.39168
4568.43	0.413584
4576.99	0.449993
4607.43	0.452603
3194.07	0.13657
3244.43	0.133847
3312.36	0.130385
3378.78	0.127077
3439.29	0.124069
3493.41	0.121409
3544.15	0.119016
3590.17	0.116921
3609.45	0.115996
3635.53	0.11481
3679.02	0.112944
3718.63	0.111246
3755.49	0.109672
3791.38	0.108161
3826.36	0.10673
3860.83	0.10536
3894.37	0.104052
3926.59	0.102815
3957.96	0.101635
3986.58	0.100583
3997.86	0.100152
4015.38	0.0995076
4028.27	0.0990375
3481.25	0.121987
3496.57	0.121173
3511.16	0.120417
3548.22	0.118716
3597.17	0.116522
3643.6	0.11448
3673.08	0.113194
3690.56	0.112373
3728.77	0.110774
3760.75	0.109403
3796.36	0.107982
3811.55	0.107318
3836.22	0.106318
3871.18	0.104952
3904.86	0.103654
3929.43	0.10272
3941.63	0.102213
3969.28	0.101184
4000.51	0.100041
4030.27	0.0989713
4044.08	0.0984664
4061.56	0.0978282
4092.71	0.0967475
4123.75	0.0956827
4144.91	0.0949662
3695.41	0.112138
3698.33	0.112001
3725.02	0.110869
3764.04	0.109276
3802.6	0.107719
3835.37	0.106374
3867.21	0.105111
3898.43	0.103895
3929.29	0.10272
3958.73	0.101605
3981.42	0.100767
3992.07	0.100339
4017.28	0.0994292
4046.06	0.0983853
4077.83	0.0972709
4106.97	0.0962346
4143.01	0.0950157
4179.5	0.0937918
4217.3	0.0925618
4258.4	0.0913182
4283.04	0.0906333
4289.85	0.0903939
3834.37	0.106372
3853.6	0.105612
3863.29	0.105215
3883.43	0.104435
3906.69	0.103556
3915.39	0.103195
3938.44	0.102331
3957.16	0.10164
3967.33	0.101234
3991.76	0.100344
4004.75	0.0998682
4019.36	0.0993235
4043.75	0.0984608
4054.11	0.0980774
4075.89	0.0973162
4098.74	0.0965347
4109.05	0.0961548
4135.81	0.0952587
4158.37	0.0945373
4172.91	0.0940308
4205.25	0.0931533
4223.64	0.0932127
4247.17	0.0930606
4284.94	0.094851
4303.38	0.0934709
4325.46	0.0938427
4331.47	0.0912619
4334.78	0.0906186
4364.07	0.0907898
4378.79	0.0915127
4414.82	0.0949025
4430.88	0.112157
4468.91	0.1409
4477.41	0.229193
4525.2	0.323007
4546.2	0.386068
4590.43	0.390392
4608.57	0.45092
4650.51	0.452886
4664.05	0.515999
4697.94	0.517665
4716.91	0.558862
4754.52	0.559546
4766.54	0.600462
4797.15	0.601944
4802.51	0.663762
4823.89	0.666971
4812.63	0.665172
4800.4	0.565868
4783.75	0.564466
4781.15	0.558052
3916.96	0.103142
3938.99	0.102313
3952.91	0.101788
3964.2	0.101344
3989.5	0.100421
4013.18	0.0995643
4023.18	0.0991831
4041.09	0.0985349
4067.52	0.0976057
4088.89	0.0968643
4099.31	0.0964741
4123.32	0.0956518
4153.07	0.0946578
4172.97	0.094008
4188.28	0.0934701
4219.37	0.0924921
4252.81	0.0916027
4270.96	0.0914553
4299.76	0.0911829
4344.77	0.0942798
4384.1	0.108287
4404.79	0.123684
4441.01	0.164758
3712.73	0.111415
3738.81	0.110311
3769.65	0.109058
3781.32	0.108537
3808.59	0.107444
3843.94	0.106046
3876.9	0.104727
3910.22	0.103438
3941.95	0.102229
3971.89	0.101102
3998.9	0.100112
4010.44	0.0996653
4031.31	0.0989064
4061.77	0.0978283
4092.73	0.0967468
4123.85	0.0956699
4155.06	0.0945913
4193.73	0.0933314
4231.46	0.0921241
4248.11	0.0915804
4264.94	0.0910176
3730.7	0.110677
3761.82	0.109378
3780.15	0.108618
3799.14	0.107818
3835.26	0.106407
3853.15	0.105696
3868.66	0.105057
3895.91	0.103988
3913.45	0.103313
3925.91	0.102803
3952.53	0.101811
3970.62	0.101147
3981.79	0.100708
4006.96	0.0997946
4025.96	0.0991226
4036.35	0.0987237
4060.71	0.097862
4079.71	0.0971967
4088.9	0.096849
4113.03	0.0960287
4133.29	0.0953457
4142.3	0.0950122
4165.98	0.0942429
4186.45	0.093635
4187.88	0.093554
3849.77	0.105768
3871.15	0.104925
3899.05	0.103844
3926.07	0.102811
3949.66	0.101927
3958.93	0.101559
3978.86	0.100822
4007.38	0.0997785
4035.27	0.0987746
4060.44	0.0978812
4072.8	0.0974359
4087.3	0.09691
4112.92	0.0960311
4138.28	0.0951541
4168.56	0.0941729
4187.4	0.0936222
4196.78	0.0933686
4224.92	0.0928323
4256.31	0.0929682
4292.52	0.0964896
4320.08	0.111538
4326.57	0.136169
4353.6	0.178313
4387.42	0.127613
4395.24	0.178772
4417.3	0.179931
4429.58	0.127329
4434.91	0.101324
4459.59	0.106927
4472.86	0.109704
4478.2	0.144014
4503.08	0.204106
4526.08	0.282947
4538.37	0.355734
4568.47	0.367704
4590.21	0.375459
4593.62	0.429783
4618.03	0.435077
4633.81	0.430332
4633.2	0.4666
4651.99	0.473191
4663.96	0.465613
4655.78	0.502107
4667.3	0.524404
4674.44	0.52674
4656.78	0.54196
4660.56	0.585935
4661.27	0.587749
3573.58	0.117552
3583.78	0.117067
3607.32	0.116007
3618.38	0.115506
3643.54	0.114414
3655.27	0.113881
3670.21	0.113238
3689.78	0.11239
3699.13	0.111986
3721.51	0.111052
3731.6	0.110615
3746.77	0.109998
3763.39	0.109306
3774.12	0.108839
3795.17	0.107988
3804.8	0.107582
3819.55	0.107005
3832.87	0.10647
3840.47	0.106169
3859.69	0.105415
3868.72	0.105034
3879.96	0.104589
3887.56	0.104275
3811.01	0.107325
3839.24	0.106203
3865.71	0.105182
3873.19	0.104857
3898.2	0.103898
3929.62	0.102708
3953.24	0.101825
3963.47	0.101398
3989.32	0.100448
4017.87	0.099414
4037.92	0.0987039
4048.05	0.0983097
4077.28	0.0972847
4113.42	0.0960503
4134.08	0.0953457
4149.99	0.0947594
4186.11	0.0935728
4225.46	0.0923535
4248.17	0.0917632
4274.75	0.0909935
4324.57	0.0903225
4361.95	0.0918054
4367.89	0.0960635
4367.95	0.0961247
3734.95	0.110477
3760.16	0.10942
3797.88	0.107897
3834.51	0.106413
3869.21	0.105033
3902.49	0.103734
3934.65	0.102497
3966.76	0.101289
3998.8	0.100103
4031.16	0.0989273
4064.28	0.0977473
4098.21	0.0965632
4131.84	0.0954034
4166.8	0.0942405
4189.37	0.0934992
4203.6	0.092979
4239.93	0.0918649
4281.58	0.0907167
4327.44	0.089822
4368.42	0.0897634
4323.17	0.0893701
4329.83	0.089271
4357.86	0.0888857
4376.1	0.0893025
4402.44	0.093004
4428.03	0.0953781
4448.76	0.119081
4483.03	0.152835
4500.45	0.239723
4535.08	0.300999
4568.7	0.302458
4593.14	0.365435
4642.73	0.374377
4667.59	0.43082
4699.5	0.444954
4730.38	0.445698
4748.54	0.50031
4786.19	0.501899
4802.68	0.541567
4826.53	0.551225
4849.68	0.551795
4862.52	0.597976
4893.4	0.59922
4909.52	0.676541
4933.93	0.691432
4947.7	0.691198
4042.32	0.0984871
4062.61	0.0977693
4087.54	0.0969029
4113.32	0.0960239
4132.54	0.0953744
4142.25	0.0950171
4166.04	0.0942479
4194.79	0.0934284
4225.2	0.0930008
4251.77	0.0941147
4260.01	0.0976029
4284.89	0.104895
4320.03	0.135116
4356.54	0.218786
4413.09	0.351009
4424.14	0.470469
4459.15	0.47274
4513.11	0.505806
4562.42	0.529227
4605.41	0.551103
4620.44	0.583891
4618.38	0.589392
4630.02	0.595528
3452.24	0.123288
3493.99	0.121277
3543.32	0.118992
3591.68	0.116799
3636.05	0.114802
3679.22	0.112932
3718.67	0.111247
3756.14	0.109666
3779.1	0.108703
3795.88	0.107958
3828.61	0.106636
3861.55	0.105323
3894.81	0.10403
3927.18	0.102787
3958.64	0.1016
3988.95	0.100475
4016.81	0.0994491
4046.6	0.0983861
4072.56	0.0974871
4082.22	0.0971162
4100.04	0.0964957
3572	0.117599
3602.06	0.116226
3645.55	0.114336
3685.83	0.112577
3724.13	0.110938
3760.75	0.109398
3796.73	0.107923
3831.63	0.106517
3865.14	0.105186
3898.03	0.103906
3930.41	0.102669
3962.34	0.101472
3989.78	0.100461
4000.55	0.100037
4023.04	0.0992208
4054.54	0.0981016
4085.96	0.096983
4123.71	0.0957016
4159.87	0.094479
4195.99	0.0933421
4222.88	0.0926368
3354.77	0.127981
3396.09	0.1259
3445.88	0.123528
3476.43	0.122051
3495.86	0.12105
3541.36	0.118984
3588.3	0.116868
3633.17	0.11488
3674.25	0.113103
3691.85	0.1123
3715.17	0.11128
3753.87	0.109681
3790.17	0.108187
3824.21	0.106814
3851.82	0.105714
3862.96	0.105237
3885.15	0.104369
3914.88	0.10324
3938.44	0.102335
3957.33	0.101617
3946.49	0.102016
3946.65	0.10201
3968.98	0.101178
3995.7	0.100207
4014.84	0.0995196
4024.47	0.0991432
4049.98	0.0982336
4078.93	0.0972193
4102.51	0.096415
4113.95	0.0959917
4141.91	0.0950608
4176.33	0.0939792
4206.8	0.0931418
4220.88	0.0926812
4252.88	0.0920158
4295.95	0.0928189
4333.83	0.0996803
4357.02	0.111937
4399.61	0.135273
4457.01	0.246495
4529.97	0.362475
4553.43	0.409393
4602.82	0.412755
4647.65	0.425442
3920.34	0.103024
3938.31	0.102338
3964.88	0.101352
3991.93	0.100344
4020.81	0.0992934
4049.85	0.0982469
4079.73	0.09719
4111.08	0.0961089
4142.26	0.0950626
4175.96	0.0940322
4210.29	0.0933086
4247.28	0.0940275
4286.63	0.101048
4331.47	0.134152
4381.88	0.248947
4441.2	0.406862
4514.46	0.454396
4588.26	0.470137
4648.71	0.490885
4689.86	0.495192
2841.37	0.156916
2845.38	0.156661
2862.02	0.155681
2935.65	0.151511
2983.21	0.148698
3001.37	0.147528
3068.34	0.143775
3127.04	0.140495
3145.56	0.139293
3200.58	0.136329
3261.77	0.133094
3282.74	0.13185
3324.91	0.129687
3386.91	0.126649
3416.68	0.12513
3441.09	0.123865
3496.11	0.12128
3533.13	0.119546
3548.95	0.118724
3591.93	0.116815
3629.68	0.115127
3641.39	0.114533
3671.85	0.113201
3701.36	0.111912
3870.55	0.104951
3893.83	0.10405
3912.04	0.103366
3924.27	0.10288
3951.21	0.101877
3978.43	0.100857
4006.96	0.0998211
4021.91	0.0992747
4034.57	0.098791
4060.8	0.0978532
4089.65	0.0968424
4117.98	0.0958732
4130.68	0.0954289
4146.13	0.0948828
4177.28	0.0938592
4210.65	0.0927988
4244.94	0.0918373
4258.06	0.0916915
4280.59	0.0913556
4321.45	0.0927789
4363.46	0.1011
4397.59	0.120442
2793.7	0.159714
2852.71	0.156271
2931.08	0.151687
3009.72	0.147138
3086.72	0.142739
3161.87	0.138552
3233.63	0.134636
3301.9	0.131016
3366.69	0.127685
3427.8	0.124634
3484.53	0.121851
3537.35	0.11936
3586.24	0.11706
3634.67	0.114885
3679.86	0.112891
3721.69	0.111081
3761.53	0.109408
3799.83	0.10785
3830.58	0.106579
3853.13	0.105672
2921.39	0.152623
2949.73	0.150753
3019.74	0.146688
3047.22	0.144879
3095.62	0.142139
3165.5	0.138354
3194.02	0.136678
3234.29	0.134529
3299.59	0.131173
3331.38	0.129449
3364.93	0.127684
3426.46	0.124719
3459.18	0.123098
3485.17	0.121775
3537.86	0.119344
3570.36	0.117831
3591.09	0.116787
3635.4	0.114848
3665.44	0.113552
3680.99	0.112824
3718.94	0.111232
3747.81	0.110024
3761.01	0.109394
3791.65	0.108137
3815.43	0.107186
3819.23	0.10702
3945.59	0.102105
3948.77	0.101957
3973.05	0.101039
4001.4	0.0999949
4031.44	0.0989083
4062	0.0978158
4093.19	0.0967188
4125.68	0.0956049
4157.37	0.0945414
4191.7	0.0934909
4227.52	0.0927231
4274.61	0.0930992
4313.41	0.0975749
4333.24	0.105685
4380	0.132974
4436.01	0.234488
4499.42	0.392819
4576.69	0.449596
4656.47	0.465124
4729.54	0.478293
4789.67	0.491452
4148.99	0.0948625
4166.43	0.0942962
4202.05	0.0935807
4241.74	0.0943754
4287.31	0.101452
4336.53	0.130374
4374.39	0.208156
4391.8	0.339887
4432.65	0.465682
4500.88	0.510227
4572.57	0.538362
4649.66	0.549211
4722.79	0.564845
4790.16	0.581921
4852.35	0.595661
4900.16	0.634641
4944.49	0.653578
4945.43	0.390278
4941.41	0.243552
4940.98	0.187919
3654.1	0.113922
3687.15	0.112496
3724.1	0.110947
3753.3	0.109742
3764.75	0.109226
3792.76	0.108088
3825.18	0.10677
3861.1	0.105371
3883.24	0.104506
3896.35	0.103951
3926.57	0.102803
3958.09	0.101619
3987.28	0.100544
3999.68	0.10007
4017.83	0.0993918
4048.83	0.0982869
4080.64	0.0971709
4107.9	0.0962393
4117.65	0.0958742
4144.56	0.094953
4180.4	0.0937658
4208.95	0.0928267
3804.5	0.107621
3814.59	0.107198
3835.45	0.106361
3865.24	0.105205
3876.18	0.104734
3902.41	0.103733
3927.52	0.102785
3939.4	0.102297
3964.85	0.101354
3984.03	0.100653
3995.83	0.100186
4022.38	0.0992368
4035.01	0.09878
4050.21	0.0982235
4074.55	0.097372
4082.85	0.0970633
4101.76	0.0964044
4126.09	0.0955833
4134.45	0.0952646
4158.82	0.0944492
4180.49	0.0937458
4189.9	0.0934063
4218.9	0.0924946
4235.32	0.0919778
4248.14	0.0915357
4279.19	0.0906896
4289.61	0.0905291
4299.21	0.0903551
4010.75	0.0996506
4012.93	0.0995721
4029.06	0.0989947
4037.8	0.0986593
4050.99	0.0981972
4060.93	0.0978348
4071.92	0.0974565
4086.87	0.0969355
4094.9	0.0966532
4112.39	0.0960641
4119.89	0.0957837
4135.2	0.0952674
4145.87	0.0948897
4155.79	0.0945498
4170.65	0.0940442
4177.64	0.0938084
4194.84	0.0932556
4200.54	0.0931085
4217.38	0.0927432
4225.24	0.0928052
4235.89	0.0936898
4250.68	0.0944677
4255.11	0.098963
4271.42	0.107686
4271.48	0.0987887
3872.86	0.104882
3890.05	0.104222
3898.65	0.103862
3923.39	0.102924
3951.28	0.101877
3978.45	0.100856
4006.92	0.0998112
4034.93	0.0987842
4063.87	0.0977562
4091.07	0.0967987
4116.53	0.0959101
4143.92	0.09497
4177.19	0.0938668
4214.38	0.0926832
4244.84	0.091785
4260.75	0.0913434
4299.2	0.0905629
4346.1	0.0909319
4394.55	0.0961616
4429.04	0.111459
2727.62	0.163554
2750.14	0.162202
2801.82	0.159297
2832.96	0.157342
2910.08	0.152984
2974.33	0.149293
2999.74	0.147599
3065.09	0.143911
3136.8	0.140011
3164.68	0.13822
3219.2	0.135313
3290.28	0.131658
3322.95	0.129852
3360.09	0.127904
3424.73	0.124797
3465.13	0.122818
3487.56	0.121615
3539.46	0.119261
3582.48	0.117309
3600.01	0.116381
3640.26	0.1146
3681.81	0.112819
3698.09	0.112061
3728.06	0.110806
3754.61	0.10969
3256.63	0.133277
3264.48	0.132794
3303	0.130767
3366.91	0.127599
3425.8	0.124735
3449.99	0.123457
3484.93	0.121759
3539.19	0.119271
3588.86	0.116991
3613.55	0.115825
3640.98	0.114555
3687.93	0.11254
3731.25	0.110705
3754.31	0.109723
3774.09	0.108851
3809.04	0.10743
3844.44	0.106034
3866.27	0.105173
3881.42	0.104531
3913.69	0.103301
3946.19	0.102083
3964.97	0.101379
3975.43	0.100959
3996.22	0.100197
3393	0.126237
3442.94	0.123775
3495.99	0.121235
3547.27	0.118835
3595.65	0.11661
3641.55	0.114557
3683.21	0.112716
3722.44	0.111031
3760.09	0.109457
3793.56	0.108071
3822.59	0.106904
3836.08	0.10632
3862.24	0.10529
3895.87	0.10399
3928.77	0.102729
3961.15	0.101507
3993.46	0.100311
4023.54	0.099205
4054.39	0.098105
4082.27	0.0971225
