2915.86	0.164463
2929.53	0.171423
2956.6	0.182587
2995.46	0.196402
3046.26	0.210034
3103.7	0.227118
3169.01	0.248719
3239.62	0.265702
3313.32	0.277163
3388.45	0.28487
3463.9	0.290333
3538.94	0.294441
3613.09	0.297675
3685.76	0.300193
3755.2	0.301459
3820.62	0.301393
3883.29	0.302879
3943.59	0.304329
4001.28	0.305234
4055.91	0.305703
4107.34	0.30635
4155.96	0.308104
4202.16	0.310879
4246.2	0.314195
4288.27	0.317923
4328.41	0.32204
4366.03	0.326575
4397.85	0.32716
4428.55	0.332675
4457.59	0.337468
4484.96	0.341526
4510.65	0.344881
4534.56	0.347503
4556.86	0.349277
4577.79	0.350076
4597.7	0.349852
4617.06	0.348647
4635.47	0.346511
4652.76	0.343499
4668.87	0.339646
4683.83	0.334992
4697.67	0.32956
4710.47	0.323456
4722.32	0.31685
4733.32	0.30982
4743.53	0.302287
4752.08	0.289606
4758.47	0.272068
4762.58	0.255482
4764.59	0.248123
2901.21	0.173572
2914.96	0.185166
2943.37	0.200612
2981.77	0.228462
3040.26	0.291374
3102.06	0.328968
3168.68	0.345105
3239.8	0.35381
3313.66	0.359821
3388.81	0.364522
3464.22	0.368353
3539.22	0.371503
3613.32	0.374066
3686.05	0.376086
3756.28	0.37697
3820.45	0.373559
3882.78	0.375149
3943.3	0.376705
4001.31	0.377709
4055.97	0.377582
4106.92	0.377138
4155.01	0.378407
4200.78	0.380536
4244.51	0.383176
4286.47	0.38624
4327.1	0.389541
4367.87	0.392062
4395.15	0.375311
4426.55	0.375543
4455.7	0.379965
4483.19	0.384416
4509.05	0.388702
4532.85	0.392786
4554.96	0.39704
4575.54	0.401702
4595.02	0.406502
4614.75	0.411149
4633.31	0.413131
4650.61	0.412359
4666.66	0.408398
4681.52	0.400252
4695.25	0.387877
4707.9	0.372124
4719.58	0.354293
4730.44	0.336418
4740.51	0.320444
4749.54	0.307178
4756.76	0.294021
4761.42	0.27328
4763.63	0.256702
2871.58	0.191846
2884.27	0.21691
2920.47	0.289833
2966.87	0.333826
3023.99	0.367012
3089.68	0.391325
3160.57	0.407367
3234.48	0.418944
3310.08	0.426976
3386.32	0.432705
3462.44	0.436987
3537.94	0.440371
3612.56	0.443129
3686.45	0.445234
3760.9	0.446618
3819.88	0.433924
3881.81	0.435472
3943.24	0.43685
4002.4	0.437192
4057.42	0.435111
4106.96	0.431368
4154.02	0.431557
4199.08	0.433318
4242.25	0.436033
4283.61	0.439578
4323.24	0.443983
4361.22	0.449776
4395.65	0.460724
4423.96	0.44984
4452.68	0.446912
4480.3	0.451206
4506.76	0.455071
4530.17	0.455515
4551.93	0.459443
4571.83	0.464528
4589.65	0.47245
4611.33	0.484342
4630.29	0.492526
4647.72	0.498748
4663.8	0.502589
4678.55	0.502844
4691.99	0.49753
4704.17	0.484019
4715.24	0.459011
4725.53	0.420033
4735.37	0.374198
4744.63	0.33859
4752.82	0.315516
4758.81	0.299138
4761.61	0.278458
2827.64	0.210567
2843.76	0.268544
2873.45	0.333885
2927.22	0.378458
2995	0.409724
3069.01	0.432267
3146.12	0.446482
3224.53	0.455766
3303.16	0.462088
3381.39	0.466508
3458.78	0.469678
3535.07	0.472012
3610.12	0.47378
3683.95	0.475188
3756.62	0.476475
3814.18	0.47736
3879.26	0.479175
3943.39	0.481186
4005.61	0.48167
4062.31	0.479764
4107.44	0.477712
4152.94	0.478441
4197.12	0.479296
4239.65	0.480817
4280.31	0.48323
4318.87	0.486907
4356.03	0.492313
4390.54	0.499431
4420.67	0.507473
4450.67	0.511163
4477.48	0.512656
4507.32	0.517673
4528.18	0.505165
4550.01	0.509645
4570.28	0.518177
4589.43	0.526561
4608.78	0.53077
4627.08	0.537771
4644.64	0.544963
4660.94	0.550865
4675.87	0.555534
4689.3	0.559429
4701.3	0.562248
4711.83	0.559985
4721.07	0.541567
4729.58	0.488197
4738.42	0.404871
4747.61	0.349377
4754.58	0.320442
4758.36	0.303726
2770.82	0.217653
2779.43	0.291063
2794.56	0.371254
2870.19	0.413357
2955.82	0.441403
3042.35	0.457993
3127.84	0.467998
3211.85	0.474529
3294.23	0.479198
3374.91	0.482785
3453.88	0.48569
3531.14	0.488134
3606.65	0.490268
3680.35	0.492232
3752.09	0.494203
3821.4	0.496473
3875.57	0.498903
3943.35	0.501897
4012.29	0.502403
4063.34	0.507127
4107.42	0.498924
4152.13	0.500515
4195.91	0.502399
4238.13	0.504521
4278.41	0.507048
4314.88	0.510272
4352.92	0.514401
4387.44	0.520518
4419.1	0.526905
4449.21	0.532095
4478.11	0.536793
4501.65	0.536971
4526.83	0.543002
4547.5	0.543979
4567.73	0.549081
4587	0.552684
4605.33	0.554861
4622.77	0.558426
4641.09	0.564083
4657.77	0.569393
4673.05	0.575591
4686.55	0.583997
4698.68	0.597454
4709.11	0.618747
4717.81	0.641664
4724.92	0.63559
4731.88	0.516092
4742.45	0.394029
4750.26	0.344074
4754.38	0.322411
2707.96	0.215365
2693.56	0.270405
2650.77	0.385718
2798.32	0.439851
2912.59	0.455895
3013.82	0.462954
3108.26	0.46602
3198.14	0.467612
3284.37	0.468887
3367.59	0.470307
3448.23	0.472011
3526.54	0.473999
3602.61	0.476222
3676.4	0.478613
3747.68	0.481098
3815.94	0.483615
3879.92	0.486138
3939.94	0.490104
4000.72	0.493343
4054.88	0.495695
4103.89	0.499033
4150.39	0.504878
4194.82	0.510983
4237.23	0.517088
4277.83	0.523127
4317.36	0.528925
4351.11	0.528821
4385.02	0.534523
4416.95	0.540209
4446.89	0.545509
4475.01	0.550571
4501.28	0.555862
4523.33	0.55732
4544.48	0.561557
4564.84	0.566704
4583.98	0.571637
4604.83	0.577274
4619.45	0.581109
4637.23	0.587773
4653.97	0.594217
4669.96	0.600409
4683.06	0.606405
4695.67	0.628093
4706.33	0.655291
4715.36	0.691096
4722.31	0.731926
4729.34	0.665961
4739	0.438348
4746.74	0.362553
4750.95	0.336333
2658.68	0.214212
2642.48	0.243539
2609.83	0.400864
2755.18	0.45424
2878.74	0.458644
2988.75	0.459637
3090.04	0.459625
3184.93	0.459697
3274.42	0.460227
3359.76	0.461224
3441.85	0.462593
3521.15	0.464248
3597.87	0.46613
3671.99	0.468206
3743.4	0.470447
3811.93	0.47284
3877.55	0.475424
3933.02	0.477489
3993.06	0.478499
4048.94	0.480703
4100.27	0.483722
4148.23	0.487747
4193.35	0.492523
4235.84	0.497925
4276.04	0.503693
4314.23	0.509448
4349.68	0.514677
4383.71	0.521149
4415.82	0.52797
4445.42	0.535379
4472.9	0.543016
4498.45	0.550423
4521.66	0.55741
4542.94	0.564373
4560.89	0.569617
4583.78	0.574471
4600.79	0.577381
4617.31	0.58051
4632.98	0.587699
4649.1	0.59325
4666.92	0.601679
4681.84	0.613017
4694.13	0.63346
4704.36	0.660647
4713.47	0.694875
4721.09	0.73339
4727.9	0.681791
4736.7	0.457393
4743.93	0.372588
4748.18	0.343985
2624.96	0.214122
2612.93	0.226047
2591.36	0.417392
2729.6	0.463509
2854.63	0.464437
2968.9	0.465025
3074.93	0.465844
3173.91	0.466988
3265.48	0.468454
3352.1	0.470225
3435.19	0.472184
3515.32	0.474255
3592.7	0.476406
3667.31	0.478641
3739.06	0.480981
3807.9	0.483447
3874.01	0.48604
3938.13	0.488686
3986.69	0.487069
4044.69	0.489116
4097.23	0.492939
4146.15	0.497078
4191.73	0.501477
4233.99	0.506307
4273.56	0.511688
4311.16	0.517476
4347.07	0.523543
4381.72	0.52959
4414.67	0.535542
4443.57	0.54151
4470.35	0.548595
4495.67	0.555397
4519.74	0.561658
4540.33	0.564719
4560.77	0.56899
4579.99	0.569591
4598.22	0.569773
4616.42	0.572267
4632.46	0.5771
4650.22	0.583113
4666.87	0.591282
4681.22	0.606051
4693.61	0.630364
4702.24	0.660059
4712.61	0.692504
4720.12	0.712902
4727.02	0.633554
4734.95	0.454513
4741.27	0.376606
4746.09	0.348168
2602.74	0.215214
2594.76	0.222015
2580.35	0.441124
2713.4	0.479472
2837.69	0.48004
2953.97	0.480985
3063.7	0.48215
3167.33	0.483222
3258.63	0.483171
3345.2	0.484724
3428.74	0.486544
3509.55	0.488484
3587.62	0.490507
3662.83	0.492629
3735.01	0.494896
3804.01	0.497366
3869.89	0.500109
3932.58	0.503237
3991.06	0.507182
4043.33	0.507242
4095.3	0.511026
4144.94	0.515163
4190.97	0.519324
4232.4	0.523516
4270.61	0.528646
4307.39	0.534272
4343.34	0.540073
4379.09	0.545718
4415.28	0.550775
4441.57	0.54793
4467.09	0.552482
4492.03	0.555377
4514.31	0.558099
4538.48	0.561139
4559.59	0.565647
4579.07	0.567891
4598.04	0.56981
4615.45	0.573445
4633.12	0.579228
4650.22	0.587223
4666.71	0.598005
4680.1	0.610357
4691.98	0.633504
4703.11	0.664855
4712.52	0.702273
4719.85	0.736666
4726.29	0.696575
4734.39	0.477481
4741.13	0.384962
4745.21	0.350981
2588.14	0.216869
2582.92	0.223721
2573.11	0.477643
2702.43	0.51037
2825.34	0.511347
2942.32	0.512997
3055.41	0.514855
3170.17	0.51586
3253.77	0.503989
3338.66	0.503711
3422.36	0.504843
3503.88	0.506124
3582.79	0.507374
3658.8	0.508581
3731.55	0.509774
3800.71	0.511018
3866.44	0.512408
3928.77	0.514023
3987.42	0.515942
4039.88	0.51812
4093.33	0.521058
4145.02	0.523578
4192.54	0.526711
4231.86	0.5258
4266.97	0.527434
4302.35	0.531432
4337.76	0.530619
4373.96	0.53384
4407.46	0.537158
4436.2	0.537014
4461.97	0.539838
4489.11	0.545479
4513.63	0.552437
4537.41	0.559074
4555.94	0.562979
4577.95	0.567163
4597.61	0.571883
4616.35	0.577264
4632.17	0.581909
4648.57	0.586417
4664.22	0.594538
4679.37	0.609441
4692.27	0.633846
4703.37	0.665356
4712.51	0.70265
4719.73	0.735663
4726.09	0.69444
4734.15	0.477573
4740.91	0.386204
4744.78	0.351253
2578.5	0.218404
2575.06	0.22818
2568.21	0.486535
2694.61	0.509322
2815.66	0.50778
2931.41	0.50617
3042.25	0.504455
3147.84	0.5024
3241.4	0.498892
3330.29	0.498617
3416.11	0.498875
3499.18	0.499395
3579.53	0.500164
3656.99	0.501221
3730.97	0.502638
3800.14	0.504583
3865.76	0.506808
3928.36	0.509149
3988.25	0.511659
4046.78	0.514268
4091.7	0.516107
4149.52	0.519777
4190.13	0.514255
4229.03	0.517693
4265.97	0.521114
4300.47	0.525237
4338.78	0.529591
4370.83	0.529616
4401.33	0.532273
4431.74	0.535933
4459	0.541126
4486.4	0.547079
4511.44	0.554153
4532.31	0.559614
4554.98	0.564687
4577.12	0.569246
4596.01	0.572641
4614.47	0.577745
4631.65	0.583143
4645.9	0.587139
4663.46	0.59443
4678.44	0.611324
4691.93	0.634814
4703.27	0.665436
4712.42	0.701972
4719.6	0.733815
4725.96	0.687998
4734.04	0.471928
4740.78	0.383772
4744.58	0.350158
2572.13	0.219573
2569.8	0.234487
2564.82	0.48976
2688.79	0.506036
2807.96	0.504336
2922.12	0.502706
3031.13	0.501237
3134.48	0.499958
3230.82	0.498968
3322.18	0.498609
3409.83	0.498412
3494.43	0.498299
3576.38	0.498261
3655.93	0.498326
3732.54	0.49859
3800.54	0.496203
3865.56	0.497273
3928.17	0.499077
3987.98	0.501235
4044.17	0.503668
4096.6	0.506463
4142.99	0.505656
4187.29	0.508169
4226.66	0.513194
4264.47	0.518851
4300.13	0.522548
4333.8	0.526451
4368.03	0.531782
4399.5	0.538003
4429.3	0.544206
4458.34	0.550383
4483.75	0.55369
4507.19	0.558189
4530.33	0.5618
4552.51	0.564812
4574.43	0.567647
4594.51	0.567814
4613.78	0.570792
4631.44	0.577001
4647.58	0.585775
4662.87	0.596771
4676.57	0.613894
4691.31	0.63577
4703.04	0.665271
4712.29	0.701029
4719.47	0.731882
4725.87	0.680644
4734	0.464942
4740.74	0.380336
4744.49	0.348635
2567.98	0.220857
2566.3	0.244284
2562.44	0.510313
2684.46	0.523408
2802.02	0.522174
2914.78	0.521347
3022.56	0.521019
3125.15	0.521255
3222.38	0.522068
3315.04	0.523127
3403.9	0.524214
3489.65	0.525258
3572.96	0.526196
3655.15	0.526855
3740.12	0.526628
3801.33	0.520319
3865.16	0.52044
3928.17	0.520722
3988.68	0.520806
4042.7	0.520108
4092.64	0.521126
4138.71	0.523591
4186.84	0.526464
4223.34	0.520965
4260.56	0.522265
4297.43	0.526034
4332.05	0.530438
4365.64	0.535119
4397.08	0.540386
4425.44	0.544953
4454.85	0.548822
4481.36	0.553068
4503.2	0.555928
4528.39	0.560973
4551.3	0.563501
4570.9	0.565402
4592.62	0.568593
4612.49	0.572115
4630.51	0.576872
4647.02	0.584068
4662.31	0.595127
4676.71	0.613679
4691.25	0.635229
4702.99	0.664381
4712.22	0.69981
4719.38	0.730018
4725.8	0.673684
4734	0.458347
4740.74	0.377038
4744.47	0.347144
2565.35	0.223351
2564.05	0.256658
2560.89	0.520146
2681.55	0.530542
2797.85	0.529277
2909.49	0.528219
3016.37	0.527417
3118.49	0.526852
3215.95	0.526475
3309.19	0.526204
3398.68	0.525989
3484.9	0.525811
3568.27	0.52566
3649.12	0.525531
3726.99	0.525429
3796.39	0.525477
3863.43	0.526519
3929.68	0.527449
3997.31	0.528252
4045.61	0.523591
4092.48	0.524205
4141.01	0.525612
4179.79	0.528762
4223.11	0.533741
4259.9	0.532602
4295.79	0.533665
4329.6	0.535831
4364.15	0.539546
4395.82	0.543641
4426.78	0.548126
4453.31	0.550974
4476.12	0.553705
4498.48	0.554814
4523.61	0.555757
4547.99	0.558646
4569.27	0.561936
4592	0.565149
4612.14	0.569583
4630.11	0.575835
4645.98	0.584783
4660.22	0.595769
4677.36	0.611362
4691.58	0.633275
4703.13	0.662749
4712.24	0.698321
4719.32	0.728282
4725.76	0.667709
4734.01	0.452745
4740.76	0.374226
4744.47	0.345845
2563.78	0.225234
2562.72	0.264512
2560.02	0.510266
2679.86	0.518701
2795.27	0.517546
2905.96	0.516474
3012.05	0.515519
3113.68	0.514682
3211.05	0.513979
3304.44	0.513439
3394.15	0.513079
3480.47	0.512897
3563.6	0.512866
3643.57	0.512937
3719.93	0.513034
3791.55	0.513103
3860.22	0.513794
3927.48	0.514887
3995.98	0.516138
4042.84	0.509114
4087.82	0.511081
4136.46	0.513933
4185.88	0.516813
4219.85	0.512079
4256.44	0.511714
4295.13	0.515972
4332.42	0.52209
4365.02	0.524218
4395.89	0.531509
4425.86	0.538209
4449.09	0.54008
4473.61	0.543067
4499.23	0.5486
4523.28	0.554665
4545.47	0.560189
4570.41	0.564625
4591.84	0.565695
4611.78	0.569739
4629.58	0.575292
4644.38	0.58378
4662.49	0.592832
4678.5	0.608244
4692.14	0.6308
4703.37	0.660767
4712.3	0.696718
4719.28	0.726716
4725.7	0.662794
4733.99	0.448153
4740.75	0.371906
4744.45	0.344749
2563.02	0.225836
2562.13	0.266819
2559.74	0.486681
2679.43	0.493843
2794.23	0.493226
2903.95	0.492683
3009.16	0.492067
3110.17	0.491511
3207.24	0.491051
3300.53	0.490741
3390.23	0.490613
3476.49	0.490673
3559.38	0.490898
3638.97	0.491234
3715.02	0.49165
3787.1	0.492192
3855.85	0.493106
3921.43	0.494259
3983.52	0.495082
4040.16	0.493799
4077.11	0.490584
4128.64	0.490864
4174.84	0.492497
4213.22	0.49248
4254.49	0.495877
4293.29	0.501971
4331.2	0.508243
4367.39	0.514909
4395.43	0.516903
4421.39	0.524018
4449	0.527454
4475	0.536056
4500.33	0.543892
4524.62	0.550672
4547.98	0.556111
4571.34	0.560099
4593.14	0.563619
4612.84	0.567768
4631.07	0.573392
4647.85	0.580994
4664.46	0.590194
4679.57	0.60537
4692.67	0.628396
4703.58	0.658819
4712.32	0.695191
4719.19	0.725342
4725.6	0.658677
4733.92	0.444317
4740.7	0.369947
4744.39	0.343804
2562.88	0.226509
2562.16	0.269195
2560.03	0.467923
2680.63	0.473896
2795.08	0.473304
2903.31	0.47317
3007.34	0.473121
3107.53	0.473094
3204.17	0.473162
3297.18	0.473392
3386.76	0.473807
3472.92	0.474427
3555.53	0.47526
3635.02	0.47626
3711.2	0.477467
3783.16	0.478991
3851.86	0.480796
3916.06	0.482956
3973.74	0.484203
4028.34	0.485681
4076.73	0.487986
4123.26	0.486631
4168.81	0.490073
4211.2	0.493417
4252.2	0.497303
4289.55	0.502085
4328.97	0.508203
4366.32	0.515047
4394.74	0.517
4419.67	0.521887
4447.94	0.530308
4474.63	0.538675
4500.16	0.546186
4524.65	0.552496
4548.36	0.557329
4571.74	0.560794
4594.44	0.563691
4613.21	0.566899
4631.81	0.572201
4649.22	0.579261
4665.51	0.588411
4680.2	0.603134
4692.96	0.62642
4703.62	0.65718
4712.22	0.693904
4719	0.724165
4725.4	0.654951
4733.77	0.440875
4740.57	0.368202
4744.26	0.342946
2563.18	0.229258
2562.68	0.279285
2561.06	0.467718
2684.8	0.47144
2798.98	0.468274
2903.77	0.46573
3006.28	0.465688
3105.35	0.465795
3201.63	0.466045
3294.21	0.466507
3383.66	0.467183
3469.88	0.468086
3551.81	0.469286
3631.39	0.47069
3708.67	0.472299
3779.55	0.471658
3849.53	0.472901
3908.59	0.47365
3968.16	0.476174
4022.43	0.479638
4072.31	0.483723
4119.29	0.488432
4165.13	0.493749
4208.54	0.499382
4250.03	0.505238
4290.15	0.511246
4326.1	0.513171
4362.2	0.518262
4388.56	0.521142
4416.66	0.526611
4445.99	0.533615
4473.04	0.541539
4498.76	0.548684
4523.32	0.554613
4547	0.559056
4570.73	0.562127
4594.76	0.564673
4611.59	0.566868
4631.55	0.571458
4649.44	0.578177
4665.75	0.587259
4680.3	0.601569
4692.88	0.625014
4703.41	0.656027
4711.91	0.692985
4718.66	0.723182
4725.09	0.651215
4733.52	0.437523
4740.35	0.366539
4744.05	0.342122
2563.64	0.2345
2563.43	0.298512
2562.83	0.492628
2695.38	0.493964
2809.26	0.489041
2903.53	0.483193
3005.63	0.481717
3102.94	0.481154
3199.76	0.481213
3291.33	0.481347
3380.74	0.481965
3468.09	0.482759
3547.43	0.481928
3627.05	0.483122
3699.52	0.484462
3777.12	0.487084
3854.64	0.488738
3908.87	0.477136
3965.01	0.478733
4018.1	0.481107
4068.06	0.484092
4113.78	0.487455
4161.25	0.492179
4205.22	0.497566
4246.7	0.503259
4285.78	0.509164
4321.78	0.515317
4355.89	0.52212
4386.38	0.529315
4417.4	0.536327
4443.87	0.538474
4470.46	0.54468
4496.31	0.55
4520.75	0.554753
4543.53	0.558919
4567.39	0.561967
4591.24	0.564484
4612.91	0.56772
4631.12	0.570788
4648.97	0.57749
4665.36	0.586557
4679.89	0.60061
4692.4	0.624237
4702.87	0.655504
4711.36	0.692547
4718.13	0.722391
4724.63	0.647185
4733.16	0.434088
4740.04	0.364905
4743.75	0.341313
2563.85	0.233913
2563.53	0.290592
2562.17	0.495131
2688.57	0.497989
2803.51	0.496288
2911.1	0.495372
3007.08	0.492347
3098.33	0.490923
3200.4	0.489186
3287.92	0.486996
3377.14	0.486898
3457.89	0.486736
3543.24	0.486988
3622.91	0.487694
3698.08	0.488706
3771.95	0.489711
3842.52	0.490977
3904.71	0.492947
3963.69	0.49608
4015.58	0.497243
4064.69	0.501276
4113.68	0.505716
4158.11	0.505156
4201.67	0.508754
4243.09	0.512472
4281.87	0.516287
4316.81	0.520548
4346.16	0.524725
4381.3	0.528133
4412.81	0.532592
4441.35	0.537358
4466.93	0.543288
4493.88	0.548511
4518.39	0.554275
4541.33	0.55886
4561.99	0.561743
4587.81	0.56376
4610.35	0.566756
4629.31	0.571488
4647.69	0.577313
4664.41	0.586232
4679.03	0.600183
4691.51	0.624151
4701.94	0.655855
4710.55	0.692736
4717.41	0.721808
4724.03	0.642842
4732.69	0.430631
4739.63	0.363347
4743.37	0.340549
2563.95	0.237081
2563.72	0.297934
2562.6	0.509028
2690.08	0.511496
2802.19	0.510287
2910.78	0.509371
3007.14	0.508698
3107.34	0.508349
3192.53	0.507849
3282.86	0.509848
3374.57	0.511875
3459.36	0.512821
3541.96	0.513111
3620.56	0.513795
3695.24	0.515034
3767.33	0.516639
3836.12	0.519159
3901.22	0.522824
3966.99	0.525324
4013.38	0.522495
4059	0.52536
4108.66	0.529907
4154.69	0.534182
4199	0.538115
4241.17	0.542013
4281.66	0.543759
4313.34	0.540498
4346.3	0.544373
4379.23	0.547353
4410.33	0.551431
4439.54	0.555742
4467.49	0.559415
4491.6	0.560193
4515.41	0.562933
4536.8	0.565471
4562.52	0.5662
4585.52	0.567068
4609.19	0.569483
4630.59	0.573944
4645.75	0.578346
4663.17	0.586303
4677.83	0.600329
4690.19	0.625019
4700.5	0.65783
4709.46	0.693744
4716.55	0.721468
4723.34	0.638715
4732.13	0.427572
4739.14	0.362046
4742.9	0.339925
2563.76	0.246448
2563.89	0.327183
2564.38	0.508032
2703.82	0.50845
2801.52	0.504178
2898.32	0.503607
3003.87	0.502819
3103.94	0.502445
3198.24	0.502397
3293.61	0.502996
3376.36	0.503291
3460.54	0.505342
3542.23	0.50769
3619.73	0.509391
3692.62	0.51113
3763.69	0.512557
3831.12	0.514033
3894.77	0.515536
3955.31	0.51688
4008.71	0.517696
4060.1	0.520462
4105.3	0.519439
4151.08	0.520883
4193.39	0.521647
4236.05	0.522822
4275.57	0.524336
4311.23	0.525941
4344.14	0.530964
4377.87	0.536393
4408.81	0.542925
4437.83	0.549259
4464.96	0.5551
4489.91	0.560177
4514.86	0.564419
4538.54	0.567938
4562.96	0.570811
4587.16	0.573878
4608.13	0.57439
4628.5	0.578868
4646.85	0.58509
4662.25	0.591772
4676.39	0.606003
4688.43	0.62879
4698.04	0.662038
4708.25	0.6952
4715.67	0.721345
4722.6	0.636246
4731.5	0.425839
4738.58	0.361331
4742.37	0.339602
2562.73	0.235558
2562.41	0.294453
2561.17	0.488986
2685.42	0.491469
2795.04	0.487497
2899.43	0.485971
3003.11	0.485708
3103.46	0.485482
3199.97	0.485565
3293.54	0.486025
3381.29	0.486856
3465.66	0.488205
3543.96	0.489374
3620.9	0.491132
3689.28	0.493419
3761.13	0.495838
3827.43	0.497818
3888.98	0.498583
3948.37	0.499102
4003.7	0.498679
4053.94	0.498884
4102.2	0.500824
4147.9	0.504663
4191.34	0.50879
4233.3	0.513542
4272.94	0.518449
4309.69	0.523893
4345.69	0.529698
4376.85	0.531866
4406.81	0.536508
4435.76	0.541314
4462.45	0.545923
4486.18	0.550717
4513.6	0.553605
4537.57	0.557384
4561.59	0.560414
4585.41	0.562862
4607.18	0.565595
4627.6	0.570079
4645.92	0.576626
4661.29	0.586433
4675.88	0.599148
4688.42	0.62367
4698.84	0.656619
4707.86	0.692927
4715	0.720985
4721.87	0.637096
4730.83	0.426237
4737.98	0.361322
4741.81	0.339597
2561.59	0.230478
2561	0.279382
2559.16	0.482061
2678.52	0.48668
2790.84	0.485188
2898.29	0.484215
3002.66	0.483561
3103.8	0.483125
3201.65	0.482844
3296.32	0.482654
3386.69	0.482478
3469.44	0.48198
3548.18	0.482893
3625.53	0.48423
3695.28	0.481497
3761.33	0.480025
3822.77	0.479269
3886.63	0.477977
3944.95	0.480727
3999.88	0.483672
4050.54	0.487161
4099	0.491245
4144.35	0.495821
4188.19	0.500531
4230.32	0.505501
4270.7	0.510721
4306.48	0.512396
4342.09	0.516298
4374.86	0.519836
4406.82	0.524929
4436.5	0.532384
4464.01	0.539785
4489.72	0.546705
4515.16	0.55241
4538.65	0.55722
4558.29	0.561144
4583.5	0.564115
4605.35	0.567669
4626.5	0.572485
4645.57	0.579164
4662.84	0.588108
4674.85	0.59854
4688.03	0.621154
4698.66	0.653057
4707.35	0.690772
4714.29	0.720524
4721.11	0.637094
4730.15	0.42522
4737.38	0.3603
4741.26	0.338896
2560.71	0.229534
2560.06	0.27747
2558.12	0.492671
2675.67	0.497989
2788.59	0.496895
2897.3	0.49596
3002.5	0.495108
3104.48	0.494332
3203.55	0.493668
3300.45	0.493104
3396.84	0.492576
3474.42	0.487153
3550.98	0.486548
3624.05	0.485633
3697.04	0.484738
3764.61	0.484958
3830.29	0.486074
3886.88	0.484656
3942.05	0.485719
3997.53	0.485988
4046.56	0.489385
4096.17	0.493812
4139.62	0.494633
4184.07	0.498205
4226.46	0.501293
4264.16	0.504263
4303.56	0.508657
4339.98	0.514576
4374.08	0.521012
4406.5	0.527678
4436.91	0.534388
4464.98	0.540952
4491.27	0.547178
4516.49	0.552596
4539.33	0.55557
4561.2	0.559273
4582.83	0.562435
4602.04	0.566268
4625.24	0.570495
4644.74	0.576606
4661.69	0.585479
4676.08	0.599218
4687.69	0.617677
4698.05	0.650123
4706.56	0.68883
4713.4	0.719461
4720.27	0.630966
4729.46	0.417733
4736.83	0.355833
4740.76	0.336032
2560.15	0.230084
2559.52	0.279908
2557.63	0.503932
2674.55	0.509409
2787.66	0.508365
2896.96	0.507464
3002.72	0.506699
3105.2	0.506084
3204.76	0.505622
3302.14	0.505261
3399.2	0.504922
3477.03	0.503489
3554.61	0.504349
3629.75	0.505239
3701.52	0.506154
3767.13	0.507031
3829.84	0.508298
3888.9	0.509812
3947.91	0.511326
3998.91	0.512548
4039.33	0.505758
4088.5	0.506717
4135.96	0.509884
4180.55	0.512805
4222.73	0.51595
4262.48	0.519557
4300.94	0.52274
4337.55	0.526616
4372.42	0.530688
4405.71	0.53476
4437.25	0.53891
4465.43	0.540616
4491.66	0.544729
4515.4	0.549406
4539.88	0.55335
4562.61	0.557153
4584.32	0.560127
4604.89	0.56305
4625.44	0.566627
4644.15	0.572424
4660.71	0.580883
4674.92	0.592896
4686.29	0.617199
4696.88	0.647017
4705.44	0.685636
4712.27	0.715613
4719.37	0.608665
4728.75	0.395809
4736.33	0.345405
4740.33	0.329437
2559.88	0.230517
2559.28	0.28097
2557.49	0.498311
2674.32	0.503577
2787.61	0.502658
2897.26	0.501947
3003.34	0.501474
3105.98	0.501236
3205.28	0.501219
3301.26	0.501395
3393.26	0.501697
3477.42	0.502187
3558.2	0.503397
3636.41	0.505068
3709.85	0.507739
3770.31	0.506055
3830.86	0.5094
3888.77	0.512499
3940.94	0.515344
3993.85	0.519448
4040.97	0.524135
4088.26	0.528149
4134.31	0.532044
4178.35	0.536511
4220.36	0.541245
4260.39	0.54603
4298.73	0.550447
4335.4	0.554755
4370.81	0.558782
4405.32	0.562246
4440.42	0.564677
4466.48	0.559948
4491.76	0.56233
4516.12	0.565138
4539.97	0.567459
4562.9	0.56973
4584.79	0.57226
4605.53	0.575343
4625.19	0.579151
4643.32	0.584262
4659.64	0.591467
4674	0.60322
4686.57	0.619423
4695.37	0.633006
4704.14	0.653673
4711.26	0.646853
4718.86	0.509433
4727.59	0.362951
4735.85	0.330408
4739.98	0.319137
2559.86	0.230995
2559.27	0.281539
2557.54	0.492617
2674.57	0.497423
2788.12	0.496215
2898.06	0.495132
3004.36	0.494225
3107.06	0.493516
3206.13	0.493026
3301.36	0.492788
3392.3	0.492877
3478.42	0.493286
3561.63	0.494058
3645.13	0.495089
3708.62	0.488509
3774.58	0.489958
3833.24	0.489646
3889.24	0.492982
3941.7	0.49692
3992.3	0.501306
4040.24	0.50522
4087.1	0.509397
4132.54	0.513361
4176.13	0.517079
4217.98	0.520546
4258.06	0.523833
4296.32	0.52702
4332.69	0.530047
4368.32	0.53266
4402.51	0.53535
4435.36	0.537815
4465.09	0.538565
4491.13	0.543625
4515.72	0.54908
4539.55	0.55369
4562.86	0.557179
4585.11	0.560268
4605.87	0.56362
4625.34	0.567975
4643.31	0.574107
4659.55	0.582796
4673.9	0.595125
4686.19	0.618048
4696.26	0.649803
4703.94	0.680428
4710.57	0.704223
4718.3	0.550399
4728.14	0.357807
4735.69	0.323881
4739.64	0.312782
2560.07	0.232007
2559.47	0.283937
2557.72	0.50976
2675.2	0.514674
2789.15	0.513441
2899.38	0.512369
3005.88	0.511492
3108.69	0.510812
3207.74	0.510337
3302.72	0.510086
3393.15	0.51009
3479.37	0.510332
3561.74	0.510816
3639.28	0.511605
3710.05	0.514063
3783.29	0.515229
3835.47	0.506072
3890.49	0.507764
3941.63	0.50903
3990.78	0.511134
4038.01	0.513733
4084.78	0.516455
4130.07	0.519342
4173.12	0.522448
4214.88	0.525777
4255.08	0.529259
4293.31	0.532892
4328.25	0.536829
4364.76	0.540722
4398.51	0.545063
4430.93	0.549615
4464.85	0.554105
4489.56	0.550241
4513.8	0.553406
4537.46	0.556657
4561.7	0.558971
4584.75	0.561044
4605.31	0.563467
4624.72	0.56527
4642.72	0.570855
4658.98	0.57888
4673.35	0.589962
4685.6	0.610728
4695.58	0.642258
4703.09	0.683661
4710	0.706677
4717.99	0.553173
4727.98	0.358504
4735.27	0.32223
4739.06	0.310155
2560.52	0.232421
2559.91	0.283906
2558.15	0.50751
2676.42	0.512369
2790.95	0.511097
2901.52	0.509968
3008.21	0.509032
3111.22	0.508298
3210.63	0.507754
3305.88	0.507385
3395.53	0.507195
3481.53	0.507349
3564.13	0.507715
3637.69	0.508037
3706.61	0.509517
3772.98	0.511058
3833.18	0.512525
3895.3	0.51509
3942.23	0.513103
3989.75	0.515771
4033.99	0.519288
4082.25	0.523763
4128.58	0.527804
4169.75	0.528105
4211.81	0.531895
4252.72	0.535499
4291.68	0.538998
4329.24	0.542345
4361.79	0.54209
4393.72	0.545257
4422.85	0.548546
4456.79	0.550759
4485.12	0.553321
4510.43	0.557856
4532.32	0.562443
4560.12	0.566173
4584.57	0.569136
4607.43	0.572086
4623.24	0.573579
4641.53	0.579194
4657.92	0.586793
4672.36	0.597459
4684.71	0.614891
4694.98	0.636708
4703.47	0.652366
4709.9	0.593602
4718.47	0.439692
4727.69	0.340264
4734.51	0.318276
4738.07	0.308689
2561.23	0.232866
2560.6	0.283924
2558.78	0.51131
2678.26	0.516073
2793.62	0.514739
2904.47	0.513676
3011.16	0.512842
3114.37	0.51218
3214.7	0.511681
3311.76	0.511489
3398.74	0.512593
3484.31	0.513211
3572.87	0.513358
3638.23	0.505317
3703.2	0.505396
3766.41	0.506229
3826.56	0.506993
3884.6	0.507872
3937.4	0.508319
3987.75	0.510099
4036.9	0.51229
4079.4	0.511683
4120.57	0.512122
4167.23	0.510675
4208.71	0.512704
4251.22	0.515639
4290.29	0.519737
4326.82	0.52427
4360.99	0.528658
4393.39	0.534373
4424.21	0.540377
4454.96	0.546007
4483.51	0.550949
4509.85	0.555594
4534.63	0.559422
4559.86	0.562188
4583.94	0.564633
4603.67	0.567022
4622.86	0.570434
4641.13	0.57633
4657.84	0.584859
4672.54	0.597606
4685.05	0.621103
4695.41	0.653503
4703.71	0.6925
4710.42	0.709285
4717.72	0.549425
4727.77	0.35776
4735.06	0.322269
4738.83	0.310757
2562.2	0.233311
2561.58	0.283944
2559.79	0.504092
2681.21	0.508526
2797.82	0.507061
2908.65	0.505872
3014.71	0.504915
3117.52	0.504104
3219.19	0.503388
3324.99	0.502634
3400.77	0.493789
3481.44	0.493776
3561.21	0.49304
3634.15	0.490107
3699.64	0.488744
3761.95	0.489108
3820.82	0.489567
3879.55	0.489968
3934.06	0.49168
3985.38	0.494405
4034.97	0.497726
4077.32	0.499962
4117.88	0.504226
4166.43	0.507735
4211.01	0.512409
4250.6	0.513998
4288.93	0.518104
4324.28	0.522507
4359.48	0.527625
4392.23	0.534288
4423.28	0.540924
4453.02	0.547137
4481.86	0.552598
4508.71	0.557308
4534.41	0.560961
4558.66	0.563425
4582.96	0.565959
4600.67	0.567206
4623.97	0.570744
4640.01	0.57468
4657.42	0.58251
4672.42	0.593743
4685.12	0.615076
4695.65	0.645122
4704.02	0.682128
4710.47	0.705544
4717.05	0.546902
4727.72	0.362757
4735.28	0.326792
4739.17	0.315348
2563.45	0.234755
2562.88	0.287255
2561.24	0.501988
2685.86	0.505848
2804.77	0.504426
2914.6	0.50356
3018.6	0.503406
3118.87	0.503314
3216.42	0.50314
3310.89	0.503042
3395.11	0.50342
3476.8	0.504908
3557.22	0.506486
3638.88	0.50806
3698.39	0.499042
3759.48	0.500162
3820.18	0.502116
3876.05	0.501075
3931.29	0.502979
3982.13	0.504026
4029.7	0.506199
4076.47	0.506972
4122.12	0.509457
4166.98	0.512435
4210.13	0.516174
4250.69	0.520541
4289.04	0.525262
4324.59	0.530419
4357.91	0.532937
4390.31	0.538566
4421.28	0.543695
4449.71	0.548952
4480.02	0.553734
4506.64	0.556939
4531.83	0.559731
4557.24	0.561965
4581	0.564669
4603.76	0.56804
4621.99	0.570475
4639.97	0.575895
4657.07	0.583781
4672.07	0.596118
4684.84	0.619168
4695.63	0.650312
4704.27	0.688299
4710.99	0.717742
4717.89	0.602928
4727.79	0.387517
4735.35	0.337769
4739.29	0.323052
2564.9	0.237341
2564.45	0.294583
2563.2	0.501782
2692.94	0.504167
2817.65	0.501442
2923.46	0.496106
3023.34	0.494803
3120.09	0.494307
3213.88	0.494229
3304.3	0.494189
3389.39	0.494031
3470.84	0.494239
3549.33	0.494572
3624.39	0.494765
3691.1	0.493941
3754.74	0.496107
3816.43	0.498845
3873.51	0.500834
3926.38	0.504213
3981.76	0.507796
4032.71	0.511954
4081.35	0.516149
4124.84	0.518703
4167.53	0.522894
4210.65	0.526773
4251.67	0.530621
4290.39	0.534373
4326.3	0.538122
4357.02	0.541554
4388.31	0.546525
4419.08	0.547603
4451.22	0.551146
4477.87	0.552838
4504.82	0.557099
4527.69	0.56128
4555.36	0.564157
4577.92	0.567637
4602.86	0.57139
4624.6	0.576683
4641.64	0.581489
4656.46	0.586371
4671.45	0.600361
4684.04	0.625402
4695.37	0.65651
4704.45	0.693627
4711.52	0.723321
4718.43	0.634949
4727.87	0.414219
4735.38	0.34967
4739.36	0.329961
2566.39	0.238793
2566.03	0.301133
2565.14	0.516823
2701.51	0.518432
2846.13	0.516185
2935.36	0.502889
3028.37	0.500598
3121.44	0.499666
3211.93	0.498984
3300.26	0.498675
3384.57	0.49872
3465.13	0.499131
3542.15	0.499931
3615.55	0.501228
3684.25	0.503257
3749.34	0.505304
3809.7	0.507735
3871.22	0.51078
3929.14	0.513761
3983.25	0.515851
4035.5	0.519066
4087.25	0.522415
4127.25	0.520435
4164.97	0.525346
4211.92	0.529518
4253.9	0.533992
4293.97	0.538338
4328.28	0.539728
4359.81	0.539735
4390.02	0.543845
4422.18	0.548509
4448.25	0.552894
4479.24	0.556068
4506.85	0.559783
4532.09	0.563173
4556.52	0.566091
4578.93	0.569441
4602.95	0.573053
4624.05	0.578615
4643.01	0.586608
4656.9	0.595306
4670.71	0.606467
4682.04	0.633037
4695	0.661982
4704.64	0.697362
4712.02	0.726254
4718.95	0.650079
4728.1	0.431658
4735.52	0.359608
4739.5	0.335943
2567.74	0.232273
2567.03	0.282432
2565.14	0.50837
2697.7	0.512696
2825.58	0.51086
2937.02	0.508592
3029.87	0.504789
3123.17	0.5046
3209.9	0.504021
3299.15	0.503731
3382.42	0.504692
3461.84	0.506233
3537.64	0.507922
3611.14	0.509876
3678.5	0.512243
3745.71	0.515094
3809.14	0.517797
3871.65	0.519958
3935.22	0.521821
3985.1	0.517838
4037.16	0.519923
4089.34	0.522322
4132.54	0.522198
4174.81	0.523785
4215.85	0.521612
4255.82	0.522972
4292.02	0.525517
4327.09	0.528265
4363.13	0.53328
4395.48	0.539962
4426.41	0.546461
4455.04	0.552735
4483.54	0.557869
4510.51	0.562436
4535.86	0.566334
4559.29	0.569805
4581.76	0.574017
4603.74	0.57918
4623.35	0.582428
4642.44	0.589445
4659.07	0.600115
4670.97	0.610284
4683.95	0.633465
4695.59	0.664113
4705.11	0.699653
4712.59	0.728158
4719.53	0.657603
4728.51	0.441498
4735.82	0.366396
4739.8	0.340359
2569.4	0.225206
2568.18	0.260689
2565.2	0.506727
2694.79	0.515095
2817.95	0.513784
2930.55	0.51297
3031.56	0.512766
3127.4	0.512723
3219.43	0.512862
3301.25	0.510756
3381.44	0.510297
3457.76	0.510143
3535.87	0.510277
3608.73	0.511739
3676.74	0.513546
3743.47	0.515383
3807.17	0.517288
3868.66	0.519307
3929.15	0.521425
3981.08	0.52145
4036.14	0.524917
4094.31	0.527972
4136.6	0.528019
4178.97	0.532493
4221.9	0.531838
4259.63	0.530239
4297.76	0.532476
4333.01	0.537285
4367.48	0.542971
4399.83	0.54869
4430.53	0.554239
4459.64	0.559246
4487.14	0.563237
4513.64	0.567069
4539.46	0.570426
4560.97	0.570596
4582.97	0.573171
4599.99	0.576019
4623.44	0.579005
4643.04	0.585751
4659.74	0.596143
4673.31	0.617525
4684.7	0.637072
4695.97	0.66661
4705.63	0.701861
4713.25	0.729819
4720.22	0.662005
4729.09	0.44699
4736.33	0.370434
4740.29	0.343102
2571.98	0.221125
2570.18	0.244643
2566.07	0.504973
2694.69	0.518095
2817.44	0.516861
2932.59	0.515883
3035.57	0.515254
3132.64	0.515375
3217.14	0.514664
3300	0.515664
3384.34	0.516794
3466.3	0.517985
3536.75	0.51704
3608.71	0.518572
3673.84	0.520236
3741.84	0.522399
3805	0.525114
3864.26	0.52821
3919.3	0.531978
3971.48	0.537121
4029.44	0.542172
4085.86	0.546316
4135.74	0.551466
4183.43	0.553512
4232.56	0.555124
4269.26	0.546659
4303.8	0.548522
4337.17	0.552263
4371.51	0.556215
4403.46	0.560302
4433.96	0.564375
4463.68	0.567978
4489.63	0.568091
4515.43	0.570337
4538.8	0.572706
4561.57	0.57521
4582	0.578636
4603.89	0.58209
4625.07	0.587175
4644.15	0.59437
4660.97	0.607341
4675.89	0.626184
4686.83	0.646612
4695.6	0.673237
4706.2	0.704498
4714.05	0.731495
4721.05	0.665266
4729.87	0.450042
4737.05	0.372451
4740.98	0.344439
2576.18	0.219666
2573.55	0.234799
2567.92	0.500781
2696.83	0.519732
2821.04	0.518668
2943.57	0.517588
3042.51	0.514709
3129.22	0.513607
3219.15	0.514423
3304.35	0.515531
3386.96	0.516775
3465.86	0.518108
3539.84	0.519542
3612.07	0.52105
3681.78	0.522632
3742.6	0.522804
3804.37	0.524757
3861.79	0.526587
3910.11	0.526787
3953.85	0.529198
4022.1	0.529928
4081.89	0.529315
4135.21	0.529465
4184.62	0.531175
4231.38	0.533716
4272.8	0.536139
4308.9	0.539607
4343.76	0.544189
4377.07	0.547635
4407.4	0.548025
4436.83	0.551412
4463.76	0.554946
4492.21	0.559153
4518.72	0.563646
4541.71	0.565255
4563.32	0.566465
4582.39	0.569999
4606.72	0.573518
4627.79	0.578466
4646.47	0.585538
4662.94	0.595493
4677.38	0.613701
4688.8	0.6418
4699.26	0.67424
4707.54	0.704927
4715.2	0.732849
4722.11	0.667891
4730.85	0.450792
4737.97	0.372537
4741.88	0.344471
2582.93	0.218532
2578.99	0.228528
2570.95	0.484969
2700.07	0.511288
2822.67	0.510598
2937.9	0.51007
3040.65	0.509461
3133.74	0.509894
3223.17	0.510835
3308.65	0.511923
3390.7	0.513126
3467.88	0.514654
3542.29	0.515952
3615.59	0.517001
3680.51	0.516169
3745.65	0.516896
3804.54	0.515432
3858.86	0.516263
3914.59	0.516938
3968.05	0.520759
4020.79	0.525501
4082.07	0.52926
4136.22	0.532339
4186.07	0.535276
4233.2	0.538085
4279.36	0.540485
4313.04	0.537252
4346.7	0.539697
4378.09	0.543134
4411.68	0.547248
4439.38	0.547913
4469.06	0.552422
4494.61	0.552407
4519.2	0.555252
4542.61	0.559514
4567.11	0.563797
4588.95	0.567888
4610.63	0.572032
4630.65	0.577486
4648.71	0.585131
4664.45	0.596192
4679.37	0.614772
4692.4	0.640964
4701.64	0.67004
4710.16	0.705351
4716.6	0.728329
4723.38	0.66593
4732.05	0.446312
4739.11	0.369893
4742.97	0.343023
2593.46	0.216845
2587.65	0.22352
2576.04	0.465455
2706.3	0.500962
2828.19	0.500756
2941.54	0.500413
3045.63	0.500095
3139.26	0.500134
3228.58	0.500857
3313.9	0.501721
3396.92	0.502472
3470.36	0.499452
3543.6	0.49945
3613.14	0.499548
3681.22	0.497866
3742.15	0.498114
3807.2	0.498908
3866.62	0.500891
3923.99	0.503126
3979.01	0.505629
4030.28	0.50866
4087.18	0.511353
4139.42	0.514705
4188.15	0.517862
4233.88	0.521001
4276.37	0.524237
4313.78	0.525559
4348.83	0.529088
4381.9	0.533085
4413.45	0.537702
4443.89	0.539533
4469.76	0.541859
4497.02	0.546347
4523.68	0.551681
4547.84	0.557759
4571.48	0.562752
4593.56	0.566917
4614.07	0.57093
4633.27	0.576355
4650.98	0.583811
4664.39	0.59255
4680.84	0.605919
4693.84	0.627239
4703.49	0.659399
4712.22	0.692701
4718.97	0.714006
4725.11	0.62422
4733.45	0.435019
4740.37	0.364974
4744.2	0.340567
2609.6	0.214333
2601.37	0.220032
2584.85	0.441752
2717.51	0.48684
2839	0.490542
2951.44	0.493727
3058.31	0.495882
3146.57	0.489653
3235.51	0.490321
3319.05	0.491109
3397.79	0.491229
3472.59	0.48695
3546.34	0.487481
3616.05	0.488088
3685.02	0.48984
3749.69	0.49163
3813.21	0.493548
3874.2	0.495535
3933.53	0.49772
3991.52	0.500233
4045.99	0.503803
4094.65	0.499114
4143.9	0.501477
4191.01	0.503453
4235.59	0.50558
4277.45	0.508491
4316.1	0.513576
4351.75	0.519344
4384.62	0.524723
4414.61	0.530591
4446.92	0.536952
4475.78	0.544021
4503.84	0.550749
4528.35	0.554813
4551.42	0.55995
4575.27	0.564612
4597.65	0.569132
4616.66	0.570907
4635.19	0.575225
4651.36	0.581509
4668.15	0.590346
4683.32	0.605604
4696.15	0.629637
4706.81	0.663126
4714.31	0.694905
4720.84	0.728511
4727.07	0.656654
4734.6	0.437734
4741.54	0.364647
4745.51	0.340154
2633.67	0.210729
2623.13	0.218146
2602.61	0.420113
2736.53	0.453327
2855.76	0.459399
2964.04	0.464606
3058.79	0.46869
3156.22	0.472902
3247.94	0.476177
3324.4	0.469566
3399.28	0.470645
3478.44	0.472675
3552.5	0.474868
3622.93	0.477073
3690.95	0.479348
3756.23	0.481698
3819.61	0.484216
3881.26	0.486915
3942.22	0.489767
4005.28	0.4924
4048.93	0.484385
4100.51	0.487991
4149.28	0.492088
4195.45	0.496452
4239.35	0.501087
4279.94	0.506145
4318.97	0.51189
4353.15	0.513931
4387.81	0.518899
4419.85	0.525924
4451.04	0.532765
4480.35	0.53944
4507.36	0.545935
4532.64	0.552591
4557.08	0.55871
4578.46	0.56075
4598.3	0.563867
4618.97	0.567504
4637.66	0.572362
4654.91	0.578907
4671.16	0.587638
4685.74	0.601424
4698.19	0.62459
4708.34	0.656897
4715.74	0.700993
4722.54	0.736611
4728.57	0.697618
4736.43	0.4704
4742.39	0.377333
4746.99	0.344683
2667.82	0.206649
2654.52	0.216782
2625.47	0.392111
2765.95	0.42107
2885.13	0.433108
2988.13	0.442476
3085.44	0.450175
3169.09	0.445904
3247.74	0.448183
3332.71	0.451188
3410.96	0.454115
3487.15	0.456957
3560.11	0.459698
3630.05	0.46246
3697.44	0.465288
3762.46	0.468199
3825.48	0.471194
3886.7	0.474264
3946.36	0.477388
4004.1	0.480582
4055.67	0.483983
4106.59	0.488199
4154.69	0.492873
4199.59	0.497924
4243.89	0.502926
4281.5	0.503126
4317.6	0.507252
4355.69	0.51262
4391.09	0.518374
4423.49	0.5247
4454.67	0.531135
4484.89	0.537556
4510.39	0.538087
4535.64	0.543313
4558.9	0.54899
4581.69	0.55565
4602.12	0.561781
4621.16	0.566462
4639.38	0.571622
4657.23	0.577827
4673.48	0.586574
4687.83	0.600688
4700.07	0.625592
4710.18	0.660746
4718.38	0.705265
4724.12	0.739604
4730.2	0.709148
4738.33	0.485028
4745.18	0.384593
4749.34	0.346311
2714.6	0.202687
2701.06	0.219946
2661.33	0.340338
2811.83	0.392613
2927.02	0.411798
3014.85	0.416844
3095.57	0.424752
3183.52	0.431581
3264.92	0.436915
3345.13	0.441514
3422.15	0.445616
3496.56	0.449426
3568.2	0.453018
3637.2	0.456473
3703.78	0.459839
3768.18	0.463133
3830.59	0.466368
3891.15	0.469552
3949.87	0.472688
4006.58	0.475788
4060.58	0.478971
4113.01	0.482393
4160.86	0.487008
4201.93	0.486594
4241.27	0.490032
4282.97	0.494497
4321.15	0.499622
4358.55	0.504449
4395.04	0.509277
4426.1	0.509254
4457.03	0.514097
4484.43	0.519429
4513.3	0.526576
4539.15	0.535033
4562.87	0.543538
4585.12	0.551401
4605.63	0.558245
4624.63	0.564015
4639.32	0.56937
4658.94	0.575228
4675.37	0.583493
4689.58	0.595604
4701.67	0.618706
4711.6	0.651771
4719.14	0.695449
4724.44	0.738108
4731.8	0.695802
4740.72	0.470656
4748.05	0.378006
4752.18	0.34213
2773.95	0.197249
2779.09	0.233758
2808.42	0.318359
2886.69	0.367182
2964.36	0.380116
3043.05	0.397464
3121.41	0.40925
3201.66	0.418072
3280.53	0.425058
3358.02	0.431137
3433.3	0.436675
3506.08	0.441793
3576.33	0.446436
3644.16	0.450642
3709.75	0.454462
3773.34	0.457914
3835.06	0.461072
3894.96	0.46402
3952.92	0.466844
4009.3	0.469493
4064.63	0.472038
4121.59	0.474274
4160.26	0.468113
4204.48	0.470461
4246.5	0.474351
4285.64	0.478457
4323.17	0.483741
4360	0.485015
4394.26	0.488547
4428.97	0.493721
4460.33	0.501457
4489.14	0.509865
4516.76	0.518457
4542.39	0.527301
4566.05	0.536266
4588.09	0.544846
4608.56	0.552656
4627.49	0.559372
4644.68	0.565108
4661.63	0.570147
4677.2	0.577155
4691.06	0.58684
4703.04	0.603437
4713.16	0.630553
4720.3	0.656985
4726.75	0.665373
4735.13	0.574653
4744.17	0.429866
4751.52	0.361231
4755.56	0.331529
2827.45	0.182175
2838.61	0.199764
2869.7	0.248953
2931.89	0.316359
2996.93	0.353634
3067.98	0.376941
3142.13	0.390495
3218.38	0.399495
3294.79	0.40713
3370.44	0.414245
3444.3	0.421106
3515.54	0.42779
3584.32	0.433773
3650.87	0.439075
3715.28	0.443876
3777.94	0.448093
3838.96	0.451888
3898.3	0.455409
3955.17	0.459039
4010.66	0.462077
4064.61	0.464814
4116.77	0.467402
4164.18	0.469684
4206.69	0.472097
4252.09	0.475549
4287.42	0.467571
4319.68	0.469247
4361.88	0.474564
4398.7	0.48156
4432.46	0.489834
4463.5	0.498453
4492.38	0.50723
4519.61	0.516061
4545.1	0.524879
4568.4	0.534113
4590.31	0.542776
4610.79	0.550758
4629.93	0.557956
4648.17	0.564198
4663.56	0.563081
4678.58	0.567076
4692.12	0.570903
4703.97	0.573152
4713.81	0.570709
4723.25	0.559484
4731.47	0.521873
4740.1	0.450218
4748.81	0.377376
4755.64	0.336781
4759.4	0.31438
2868.65	0.168488
2881.81	0.176537
2909.57	0.195046
2954.42	0.241181
3018.83	0.31537
3086.61	0.349494
3158.17	0.366841
3232.01	0.377477
3306.91	0.385188
3381.79	0.391788
3455.19	0.398364
3524.82	0.406397
3591.93	0.413763
3657.2	0.419728
3720.07	0.425031
3781.71	0.429793
3842.12	0.434032
3901.72	0.437598
3956.44	0.437634
4011.18	0.440251
4064.01	0.442445
4114.35	0.444122
4159.64	0.445185
4206.69	0.44653
4250.49	0.450364
4289.85	0.453306
4327.36	0.457978
4366.4	0.463058
4403.53	0.468437
4436.03	0.477633
4466.25	0.486863
4494.73	0.494815
4521.75	0.501617
4547.65	0.506663
4569.97	0.503895
4591.9	0.505869
4612.44	0.507776
4631.46	0.508647
4648.19	0.508094
4665.52	0.510809
4680.77	0.511296
4694.4	0.507154
4706.52	0.496444
4717.28	0.47666
4727.26	0.446552
4736.66	0.404018
4745.72	0.362444
4753.79	0.332306
4759.87	0.311311
4763.03	0.292799
2895.89	0.15998
2909.11	0.163338
2935.57	0.171888
2974.12	0.191715
3024.54	0.239784
3097.15	0.310178
3168.79	0.340023
3241.86	0.353345
3316.5	0.360976
3392.13	0.366682
3466.95	0.372329
3533.71	0.380985
3598.61	0.39113
3663.27	0.398896
3723.49	0.396152
3784.17	0.398641
3843.56	0.400927
3900.57	0.403605
3957.68	0.407291
4012.26	0.412371
4064.57	0.416913
4114.42	0.420902
4161.5	0.424295
4207.27	0.427482
4250.77	0.429705
4291.7	0.4314
4331.13	0.433771
4370.48	0.436828
4410.66	0.438332
4439.64	0.428159
4468.58	0.426746
4496.53	0.425891
4523.08	0.423904
4546.76	0.419587
4571.62	0.418088
4594.09	0.419549
4614.81	0.420273
4633.92	0.420195
4651.48	0.419006
4668.12	0.416635
4683.35	0.410604
4697.24	0.39999
4709.85	0.385495
4721.31	0.368492
4731.86	0.350517
4741.61	0.333192
4750.47	0.317945
4757.92	0.305183
4762.99	0.290318
4765.4	0.269725
2909.35	0.156085
2922.34	0.157697
2947.91	0.162478
2984.68	0.175718
3029.56	0.209819
3098.79	0.279423
3173.3	0.324909
3246.85	0.340225
3322.19	0.346767
3400.41	0.350942
3483.94	0.354451
3541.77	0.332824
3602.98	0.332256
3661.26	0.329869
3724.69	0.332398
3785.71	0.337407
3844.93	0.341571
3902.36	0.34487
3958.6	0.347347
4012.91	0.349178
4065.06	0.350528
4114.91	0.351455
4162.44	0.352207
4208.07	0.353058
4251.62	0.353906
4293.1	0.354784
4333.01	0.355637
4371.79	0.356402
4408.8	0.357096
4440.62	0.352276
4470.19	0.353264
4498.17	0.354129
4524.58	0.354635
4549.27	0.354745
4573.28	0.354447
4595.72	0.353704
4616.53	0.352432
4635.79	0.350543
4653.6	0.347937
4670.2	0.344564
4685.5	0.340369
4699.51	0.335369
4712.28	0.329563
4723.94	0.323077
4734.64	0.316083
4744.43	0.3085
4753.27	0.299737
4760	0.285474
4764.39	0.267885
4766.51	0.25673
4416.21	0.452006
4439.67	0.452783
4468.46	0.456231
4496.36	0.462518
4523.04	0.470783
4541.48	0.477724
4549.55	0.517101
4569.68	0.519038
4591.73	0.523091
4612.26	0.52847
4631.34	0.535465
4645.63	0.541858
4650.64	0.572436
4663.28	0.573963
4678.41	0.577555
4691.94	0.581747
4703.77	0.586938
4712.67	0.593103
4714.91	0.649747
4719.89	0.65979
4722.38	0.66465
2722.16	0.511608
2802.08	0.510378
2880.41	0.5086
2917.81	0.509042
3006.75	0.507441
3107.95	0.504616
3173.99	0.501736
3206.38	0.496341
3287.55	0.49499
3377.81	0.493429
3438.93	0.491728
3471.79	0.492168
3547.02	0.491035
3627.66	0.49001
3680.49	0.488609
3711.11	0.488683
3779.12	0.488025
3849.56	0.488674
3891.12	0.488247
3917.37	0.491964
3973.27	0.491415
4027.96	0.49142
4056.61	0.491199
4071.4	0.491664
4022.36	0.539385
4046.31	0.538968
4092.61	0.539324
4140.02	0.539296
4179.81	0.541739
4222.38	0.54182
4259.81	0.542456
4296.27	0.542334
4321.67	0.542205
4334.54	0.544948
4364.39	0.545703
4395.6	0.549299
4425.06	0.551322
4449.05	0.555173
4473.35	0.556681
4499	0.558765
4522.92	0.560327
4543.81	0.56154
4546.9	0.564543
4444.43	0.577231
4466.71	0.578037
4491.64	0.579232
4516.01	0.580909
4539.82	0.582604
4562.74	0.58463
4584.62	0.586952
4605.37	0.589595
4625	0.592412
4643.11	0.595639
4659.45	0.598947
4673.83	0.603672
4686.35	0.603583
4695.46	0.593894
4704.33	0.577051
4711.68	0.53078
4719.03	0.438526
4722.86	0.371228
4509.3	0.53807
4527.11	0.542071
4534.36	0.563097
4547.26	0.563923
4567.59	0.568681
4586.87	0.574383
4604.32	0.580192
4610.44	0.597448
4619.47	0.598157
4637.12	0.601325
4653.91	0.609808
4669.98	0.617736
4674.9	0.626631
4681.73	0.627713
4693.97	0.634813
4704.36	0.635987
4713.54	0.614931
4717.05	0.579733
4720.64	0.576189
4727.47	0.516213
4734.95	0.419551
4740.35	0.379052
4053.5	0.505107
4075.17	0.505033
4091	0.510265
4122.64	0.510004
4168.5	0.513508
4211.05	0.517119
4252.27	0.519921
4277.94	0.521208
4291.91	0.530189
4325.86	0.531078
4361.68	0.533645
4388.81	0.54016
4414.08	0.5424
4423.36	0.552913
4443.46	0.553297
4470.34	0.556621
4496.17	0.558831
4520.6	0.56047
4533.69	0.561144
4541.92	0.561756
4553.18	0.561945
2912.46	0.523206
2936.61	0.522089
2968.63	0.522286
3029.32	0.521138
3123.29	0.520827
3205.31	0.519533
3238.73	0.524282
3299.95	0.523209
3381.67	0.52402
3452.38	0.523007
3480.35	0.52802
3535.85	0.52714
3608.81	0.527404
3668.2	0.526368
3691.91	0.528336
3741.84	0.527543
3804.55	0.527011
3854.48	0.525756
3868.8	0.522062
3913.94	0.521363
3968.3	0.521004
4010.77	0.519781
4020.08	0.509417
3752.52	0.53549
3801.43	0.535018
3865.12	0.534573
3927.96	0.534062
3988.18	0.533997
4042.35	0.535053
4092.33	0.536392
4138.74	0.537936
4185.95	0.53835
4223.29	0.541708
4260.47	0.543522
4297.18	0.545344
4331.87	0.547665
4365.38	0.549198
4397.09	0.550543
4421.02	0.550746
4430.38	0.554409
4452.41	0.554436
4475.77	0.55513
4491.43	0.555052
4068.15	0.523183
4107.43	0.524109
4152.01	0.52609
4195.72	0.528518
4237.9	0.531219
4278.39	0.533856
4310.34	0.535199
4322.77	0.550986
4350.45	0.551464
4384.71	0.555596
4416.71	0.558698
4446.69	0.561819
4474.8	0.564939
4500.92	0.568053
4523.18	0.572044
4544.37	0.575195
4564.88	0.57746
4580.87	0.578437
4586.47	0.584338
4600.46	0.584853
4617.23	0.586692
4628.03	0.587791
3862.15	0.507982
3908.76	0.508443
3964.69	0.510364
4017.74	0.513063
4068.1	0.515587
4097.81	0.516503
4115.6	0.527924
4157.78	0.528566
4201.4	0.530484
4242.8	0.532634
4281.5	0.535418
4316.36	0.539372
4346.31	0.544895
4380.96	0.547152
4412.46	0.550852
4441.26	0.554193
4463.44	0.555699
4471.65	0.564767
4491.16	0.56493
4515.24	0.565568
4531.57	0.56568
4019.94	0.497024
4053.34	0.496114
4067.63	0.486221
4107.07	0.485559
4152.79	0.485406
4196.98	0.485024
4239.5	0.484678
4280.15	0.484177
4318.76	0.483207
4355.83	0.481468
4390.73	0.47847
4413.19	0.475596
4425.33	0.459636
4452.27	0.45925
4480.13	0.461423
4506.49	0.463019
4530	0.465055
4551.75	0.467707
4571.51	0.470296
4587.64	0.472612
3189.93	0.532558
3254.48	0.53184
3338.67	0.530985
3422.2	0.52991
3503.67	0.529172
3582.55	0.528675
3658.53	0.528381
3731.26	0.528312
3800.44	0.528479
3866.17	0.528774
3928.47	0.529192
3986.96	0.529807
4039.88	0.531018
4093.18	0.530948
4144.64	0.530812
4191.8	0.530814
4231.38	0.530807
4265.86	0.530844
4280.04	0.531857
4379.83	0.420326
4391.84	0.421381
4399.52	0.488691
4423.15	0.492036
4434.35	0.525766
4450.71	0.526544
4471.39	0.530089
4479.48	0.546546
4499.74	0.547999
4506	0.564366
4523.08	0.564944
4534.5	0.568528
4543.2	0.57005
4558.2	0.571392
4562.91	0.573535
4579.16	0.573829
4585.46	0.578053
4597.99	0.578227
4610.45	0.58094
4616.87	0.585434
4630.33	0.587025
4633.83	0.596637
4645.78	0.597801
4653.73	0.604993
4662.75	0.60541
4673.31	0.613536
4675.93	0.613606
4220.37	0.53956
4233	0.539266
4267.06	0.540338
4302.48	0.541464
4335.85	0.541964
4348.54	0.547038
4370.23	0.54698
4401.23	0.551201
4431.5	0.554263
4457.83	0.558177
4468.06	0.56604
4483.33	0.566132
4507.1	0.569176
4530.22	0.571278
4551.75	0.573125
4560.01	0.576833
4569.98	0.576856
4592.37	0.581669
4612.28	0.585733
4630.23	0.59006
4638.39	0.593686
4645.93	0.594271
4658.28	0.595817
2648.13	0.493666
2668.91	0.49537
2736.52	0.494162
2855.08	0.493118
2963.86	0.494119
3044.72	0.49327
3072.67	0.512469
3145.72	0.511585
3235.15	0.512543
3319.39	0.512739
3370.92	0.512013
3400.01	0.520412
3470.07	0.519925
3543.54	0.520297
3610.44	0.520119
3637.64	0.52624
3679.74	0.525466
3745.21	0.52552
3804.71	0.525393
3850.63	0.524823
3867.39	0.530557
3909.45	0.530062
3946.87	0.529742
4018.76	0.507591
4038.38	0.507671
4051.73	0.526208
4094.37	0.52669
4143.67	0.529251
4190.73	0.532546
4235.14	0.536297
4256.01	0.54024
4276.04	0.540692
4313.52	0.542433
4348.65	0.545011
4381.9	0.547623
4409.87	0.548735
4418.56	0.558889
4439.16	0.559114
4468.73	0.560599
4494.5	0.562629
4519.31	0.564416
4536.51	0.565179
4543.65	0.569424
4563.07	0.569608
4576.46	0.570169
4369.59	0.53444
4375.64	0.536754
4395.32	0.537068
4419.26	0.541729
4428.76	0.553344
4449.09	0.55405
4470.44	0.55659
4478.13	0.566293
4498.74	0.567211
4518.53	0.569124
4529.02	0.575276
4551.46	0.57657
4567.77	0.578481
4575	0.582016
4594.33	0.584267
4603.92	0.589322
4614.29	0.589337
4631.09	0.593134
4637.45	0.598884
4648.46	0.599209
4663.25	0.607799
4668.86	0.624256
4679.88	0.6277
4690.59	0.643411
4694.54	0.654374
4701.01	0.659755
3341.24	0.514257
3400.73	0.513551
3481.38	0.513013
3560.69	0.512275
3633.5	0.512983
3699.28	0.514873
3761.65	0.516054
3818.78	0.51688
3842.8	0.523594
3875.41	0.523034
3930.76	0.524585
3981.78	0.526332
4029.57	0.528409
4076.35	0.529881
4122.01	0.531808
4166.8	0.533718
4209.86	0.535918
4250.42	0.538242
4288.8	0.540027
4322.6	0.541099
4335.63	0.545502
4355.47	0.54531
4369.33	0.546862
3687.15	0.511775
3705.8	0.511139
3723.97	0.519448
3769.72	0.518902
3830.69	0.5196
3889.21	0.519341
3926.97	0.518593
3949.58	0.518746
3998.82	0.518215
4040.22	0.514151
4086.55	0.513954
4106.59	0.515437
4138.78	0.51503
4183.86	0.519334
4226.68	0.522184
4257.42	0.523429
4272.78	0.532019
4306.04	0.532702
4341.86	0.537255
4374.17	0.541282
4388.5	0.546742
4406.35	0.546577
4435.55	0.548646
4462.17	0.550134
4478.77	0.550954
3945.78	0.535471
3949.97	0.53557
3985.32	0.535266
4037.13	0.535261
4088.63	0.535189
4132.4	0.537432
4174.69	0.53871
4215.71	0.539964
4255.49	0.541652
4292.37	0.544056
4319.52	0.544789
4331.13	0.555859
4359.3	0.55642
4390.07	0.559423
4421.72	0.560598
4448.53	0.564035
4478.99	0.565152
4506.61	0.566893
4531.95	0.56806
4556.14	0.568424
4568.44	0.568592
4571.54	0.567811
4128.93	0.486713
4157.65	0.487031
4171.91	0.502729
4201.79	0.502726
4236.14	0.505075
4248.2	0.51833
4281.36	0.518796
4307.26	0.52136
4320.2	0.52953
4352.56	0.531077
4367.5	0.53789
4384.57	0.537722
4412.57	0.539798
4421.29	0.548507
4443.61	0.548638
4465.38	0.551404
4472.02	0.562634
4494.5	0.563338
4510.76	0.565875
4519.45	0.571738
4541.04	0.572776
4549.54	0.577642
4561.61	0.577625
4580.62	0.577884
4587.16	0.576196
4596.5	0.576127
4585.12	0.570603
4586.95	0.57213
4599.74	0.572462
4606.84	0.577588
4620.87	0.578047
4627.6	0.587686
4640.53	0.588307
4645.77	0.599879
4656.19	0.601791
4661.21	0.620135
4670.42	0.623625
4675.52	0.64505
4684.15	0.649131
4688.48	0.67195
4695.23	0.676142
4700.5	0.680473
4707.34	0.681099
4711.53	0.646242
4716.85	0.635745
4720.68	0.556964
4725.35	0.539786
4729.3	0.44325
4734.46	0.420616
4737.63	0.387287
4738.42	0.381832
4254.49	0.495099
4287.7	0.498442
4307.82	0.501962
4323.77	0.506901
4359.88	0.508895
4392.1	0.512827
4403.6	0.52888
4425.69	0.529223
4456.98	0.534553
4479.45	0.53783
4487.71	0.554158
4510.1	0.555259
4535.46	0.560617
4548.8	0.564383
4557.58	0.569725
4578.36	0.571107
4597.15	0.573773
4603.78	0.580777
4616.43	0.581049
4635.12	0.584115
4648.39	0.586317
4652.59	0.591832
4663.12	0.592581
3979.74	0.531749
4013.58	0.531375
4053.85	0.531083
4069.06	0.53389
4104.67	0.533594
4150.75	0.535007
4193.36	0.536307
4235.79	0.537103
4275.22	0.53899
4311.11	0.541327
4341.94	0.542485
4354.03	0.547775
4376.13	0.547795
4406.62	0.551394
4435.54	0.553584
4462.22	0.556158
4486.41	0.558702
4513.3	0.559471
4536.51	0.56035
4545.38	0.561379
4554.35	0.561268
4001.16	0.530123
4042.68	0.530716
4067.14	0.532783
4092.4	0.532192
4141.35	0.532201
4165.65	0.533386
4186.64	0.533245
4223.7	0.533418
4247.65	0.534373
4264.78	0.53683
4300.32	0.538291
4324.19	0.539874
4339.28	0.543976
4370.99	0.545056
4394.42	0.546827
4408.03	0.552097
4436.16	0.553221
4456.98	0.555771
4467.94	0.562977
4491.98	0.563752
4510.94	0.565132
4520.55	0.568148
4540.2	0.568485
4555.96	0.569359
4559.31	0.56963
4160.07	0.53498
4190.01	0.535103
4228.85	0.537049
4265.98	0.539866
4297.95	0.54132
4310.73	0.549229
4337.23	0.549269
4373.67	0.55276
4407.08	0.556574
4435.98	0.561395
4450.24	0.564526
4466.45	0.564338
4491.77	0.567687
4514.39	0.571116
4538.47	0.57306
4553.02	0.574276
4561.38	0.57789
4579.76	0.578637
4598.17	0.581323
4616.38	0.583978
4629.67	0.585918
4634.82	0.592872
4647.26	0.593314
4605.57	0.567847
4609.12	0.573127
4617.61	0.573092
4622.54	0.572276
4625.62	0.576784
4634.11	0.577779
4639.58	0.580337
4642.98	0.591681
4650.85	0.593529
4656.47	0.598126
4660	0.612647
4666.92	0.618811
4672.83	0.622355
4676.65	0.639034
4682.89	0.645793
4688.4	0.646132
4692.9	0.65731
4698.19	0.666785
4703.09	0.667126
4707.09	0.688006
4711.3	0.704496
4715.36	0.707123
4718.62	0.72485
4722.18	0.73715
4723.14	0.737968
3764.3	0.48013
3778.81	0.484503
3810.88	0.483955
3827.91	0.495322
3862.7	0.494749
3880.73	0.485994
3902.75	0.485371
3930.5	0.484697
3945.26	0.498021
3976.77	0.49802
3992.29	0.517523
4014.41	0.519295
4038.29	0.518717
4054.28	0.518271
4083.87	0.517894
4097.99	0.520107
4118.76	0.522136
4137.5	0.523893
4148.35	0.52333
4174.54	0.52272
4187	0.505609
4202.12	0.500479
4212.35	0.492755
4098.71	0.534405
4136.88	0.534518
4172.57	0.534429
4182.53	0.535785
4215.42	0.535632
4255.9	0.538221
4285.28	0.539285
4297.22	0.54903
4327.79	0.549287
4359.9	0.551884
4380.74	0.552963
4390.38	0.559013
4419.02	0.559709
4451.38	0.561178
4467.96	0.562206
4480.33	0.56391
4506.5	0.564697
4531.68	0.566183
4543.97	0.566989
4558.35	0.566761
4582.54	0.567267
4598.59	0.567359
4600.57	0.567251
4600.59	0.56745
4006.78	0.52924
4039.4	0.529574
4088.34	0.531105
4135.69	0.533319
4180.3	0.536227
4222.48	0.5392
4262.3	0.5423
4300.72	0.544828
4337.32	0.547523
4372.2	0.550031
4405.44	0.552247
4436.81	0.554353
4465.14	0.556915
4491.71	0.559058
4507.37	0.559913
4517.24	0.563477
4539.07	0.564162
4561.1	0.565308
4582.47	0.565811
4599.31	0.566424
4596.38	0.567801
4598.16	0.568434
4608.74	0.568637
4613.48	0.572585
4621.3	0.574331
4628.78	0.574469
4633.36	0.580859
4643.08	0.58145
4647.32	0.589066
4654.19	0.590539
4660.82	0.59043
4664.92	0.599035
4672.74	0.600232
4676.36	0.60843
4681.2	0.618615
4685.91	0.619815
4688.25	0.631538
4693.96	0.635253
4696.43	0.657143
4699.69	0.668298
4702.89	0.66951
4704.82	0.611983
4708.93	0.595732
4711.05	0.616325
4714.63	0.55433
4716.56	0.548143
4419	0.563807
4441.56	0.564837
4467.03	0.567256
4492.24	0.569749
4510.32	0.571088
4520.38	0.575751
4540.04	0.576673
4560.67	0.580029
4580.05	0.582885
4596.46	0.584823
4603.22	0.593434
4616.89	0.594127
4632.96	0.599414
4649.19	0.604939
4665.94	0.609663
4671.52	0.616507
4682.29	0.616799
4695.49	0.625114
4706.34	0.621709
4715.77	0.596086
4721.42	0.570466
4725.25	0.549314
4729.82	0.519025
3647.69	0.524087
3698.61	0.52412
3759.43	0.524598
3819.81	0.52527
3875.93	0.527522
3930.95	0.528955
3981.83	0.531776
4030.39	0.533812
4060.17	0.534443
4081.71	0.540187
4124.52	0.540827
4167.5	0.542669
4210.45	0.543614
4251.45	0.545284
4290.12	0.547078
4325.86	0.548938
4357.07	0.551183
4388.74	0.55162
4414.92	0.551296
4425.29	0.55318
4442.23	0.553131
3797.79	0.530472
3835.31	0.530263
3890.16	0.531955
3941.41	0.534525
3990.58	0.536752
4037.91	0.538945
4084.59	0.540467
4129.8	0.542189
4172.93	0.544124
4214.65	0.545566
4254.81	0.546864
4293.18	0.548025
4324.84	0.548558
4336.61	0.555366
4361.02	0.555375
4393.35	0.557645
4423.25	0.559039
4456.23	0.559309
4484.76	0.560807
4510.18	0.562072
4527.12	0.562651
3491.02	0.390862
3541.69	0.394049
3603.36	0.40212
3641.81	0.4085
3665.67	0.438846
3723.29	0.440163
3784.02	0.443192
3843.42	0.446797
3899.12	0.449809
3923.52	0.459891
3955.9	0.45934
4010.98	0.461081
4063.81	0.462379
4114.3	0.46401
4155.86	0.464748
4172.55	0.474246
4206.17	0.473849
4251.41	0.473029
4287.08	0.46991
4315.55	0.469647
4283.64	0.550343
4283.81	0.550745
4313.15	0.551291
4346.8	0.552787
4369.2	0.55378
4379.18	0.561168
4407.15	0.561879
4436.87	0.564859
4458.33	0.566222
4466.53	0.575614
4489.4	0.575956
4515.43	0.577556
4535.53	0.578223
4542.67	0.582676
4560.72	0.583096
4582.75	0.58643
4599.16	0.590421
4607.15	0.595062
4622.93	0.59543
4642.27	0.600596
4657.78	0.609131
4661.74	0.619829
4670.49	0.621997
4678.32	0.632444
4245.72	0.572283
4269.4	0.572368
4303.65	0.57391
4337.19	0.575633
4371.19	0.576638
4403.22	0.578881
4433.79	0.580798
4463.25	0.582374
4489.51	0.585119
4515.15	0.587056
4538.66	0.590298
4561.31	0.593025
4582	0.597092
4603.78	0.599259
4624.84	0.60536
4643.88	0.616247
4660.71	0.62999
4675.53	0.644374
4686.7	0.661689
4693.75	0.673318
2905.98	0.446766
2910.82	0.44904
2930.9	0.448952
3015.06	0.450029
3070.06	0.450594
3092.06	0.473289
3169.12	0.473094
3237.09	0.473192
3259.77	0.495118
3323.93	0.494571
3395.57	0.496554
3421.62	0.509819
3471.91	0.509057
3546.05	0.511441
3583.2	0.512673
3613.91	0.515193
3681.39	0.515017
3728.23	0.515008
3749.42	0.52505
3804.36	0.524606
3853.37	0.524511
3869.29	0.530253
3909.34	0.529756
3948.42	0.529726
4189.38	0.537666
4220.54	0.539896
4244.61	0.541818
4260.65	0.550389
4295.46	0.551303
4329.58	0.554753
4364.04	0.556789
4381.77	0.558254
4396.9	0.559578
4425.4	0.561916
4454.63	0.564186
4480.91	0.567526
4492.85	0.570746
4506.8	0.57064
4530.2	0.57356
4552.52	0.576117
4573.63	0.57773
4582.55	0.581445
4595.57	0.581511
4614.32	0.584414
4631.42	0.586381
4643.13	0.587209
2864.28	0.526789
2935.09	0.525899
3028.4	0.525698
3121.3	0.52471
3211.79	0.52405
3299.98	0.523464
3384.28	0.523454
3464.84	0.523607
3541.84	0.523877
3615.14	0.524331
3683.9	0.525217
3748.93	0.525948
3809.75	0.526942
3870.87	0.526634
3928.74	0.526836
3983.03	0.526958
4035.32	0.526622
4085.89	0.525952
4126.57	0.525702
4156.31	0.525811
3011.63	0.522584
3044.65	0.521295
3126.46	0.520364
3159.54	0.521175
3216.48	0.520035
3298.37	0.519008
3332.95	0.518183
3380.79	0.517087
3457.81	0.516487
3496.61	0.515373
3537.21	0.51428
3611.34	0.513571
3651.99	0.512329
3684.52	0.511178
3749.64	0.510427
3790.74	0.509443
3817.33	0.508801
3873.65	0.508394
3912.53	0.507913
3933.12	0.508659
3982.21	0.508067
4019.8	0.507346
4037.09	0.506932
4077.08	0.506775
4108.14	0.507367
4113.12	0.511862
4280.6	0.560173
4284.55	0.559893
4313.7	0.561121
4346.28	0.562507
4379.04	0.563921
4410.14	0.566359
4439.38	0.568965
4467.16	0.57124
4491.5	0.574447
4515.19	0.576775
4537.19	0.579572
4562.64	0.580707
4580.78	0.581588
4588.89	0.590654
4607.71	0.591537
4628.2	0.5954
4646.56	0.59952
4662.06	0.611821
4676.15	0.626511
4688.14	0.64385
4697.24	0.661403
4476.52	0.567014
4489.65	0.567159
4513.72	0.569629
4537.45	0.572062
4561.55	0.573676
4584.73	0.575644
4601.99	0.576824
4608.94	0.586012
4623.13	0.587148
4641.28	0.589023
4657.7	0.591311
4672.19	0.592546
4684.64	0.590465
4695.06	0.580773
4703.71	0.553146
4710.4	0.471957
4718.7	0.379049
4727.51	0.33038
4734.18	0.315569
4736.56	0.309511
3900.33	0.523251
3942.51	0.523373
3990.01	0.523495
4027.75	0.523166
4042.46	0.524912
4078.79	0.524692
4120.89	0.527001
4167.34	0.527771
4195.67	0.528333
4212.35	0.534159
4250.27	0.535046
4288.73	0.538795
4323.04	0.542006
4337.11	0.549031
4357.47	0.548927
4390.16	0.551878
4421.3	0.554058
4446.07	0.554897
4454.86	0.55932
4477.44	0.55936
4504.57	0.560781
4524.03	0.561488
4091.9	0.535045
4105.04	0.535994
4132.55	0.535611
4172.13	0.536597
4186.67	0.543903
4221.65	0.54373
4254.87	0.545509
4270.82	0.552489
4303.84	0.55233
4328.51	0.552244
4344.28	0.551654
4376.75	0.551919
4392.67	0.552315
4411.35	0.551958
4438.28	0.552952
4449.24	0.554865
4469.74	0.554942
4494.56	0.557073
4505.67	0.562423
4528.28	0.562857
4547.1	0.564311
4557.51	0.565832
4578.43	0.566418
4591.13	0.567366
4602.04	0.567501
4620.71	0.568691
4628.99	0.569463
4634.63	0.569463
4363.01	0.525547
4365.92	0.525639
4384.26	0.525916
4395.49	0.531089
4409.98	0.534143
4421.3	0.539158
4432.78	0.546644
4447.81	0.54671
4456.53	0.555893
4473	0.556149
4482.35	0.558889
4496.26	0.559845
4507.19	0.561443
4518.09	0.562475
4531.36	0.562394
4540.07	0.565833
4553.4	0.566184
4560.63	0.570778
4572.57	0.571666
4580.17	0.574809
4589.51	0.576789
4600.13	0.576693
4607.22	0.575375
4617.7	0.575069
4621.19	0.559849
4192.28	0.538131
4215.53	0.538674
4226.87	0.549231
4259.51	0.549669
4295.53	0.551483
4329.59	0.553492
4363.89	0.554791
4395.7	0.557327
4426.42	0.559228
4453.03	0.562226
4476.08	0.565497
4498.68	0.567281
4523.53	0.568574
4547.98	0.569899
4565.27	0.570669
4572.73	0.576149
4591.35	0.576688
4611.48	0.579451
4629.36	0.581929
4640.36	0.583843
2785.92	0.503105
2813.5	0.501577
2876.63	0.5012
2914.53	0.506465
3007.46	0.505252
3084.44	0.503792
3114.96	0.510979
3192.64	0.50976
3277.67	0.507654
3310.9	0.50426
3375.46	0.502941
3459.9	0.500632
3499.09	0.498082
3543.38	0.496888
3621.17	0.496252
3670.32	0.494907
3697.6	0.49407
3761.38	0.493487
3814.65	0.493074
3836.08	0.501065
3886.49	0.500693
3939.15	0.502342
3959.66	0.509948
3997.97	0.509282
4032.28	0.506327
3419.15	0.509622
3428.6	0.509343
3474.47	0.508538
3550.93	0.5082
3621.95	0.508051
3651.66	0.513507
3694.3	0.51271
3761	0.517439
3822.66	0.5215
3853.8	0.523395
3888.25	0.522586
3948.04	0.525567
4003.8	0.528639
4033.87	0.529795
4059.57	0.532343
4105.24	0.533487
4151.44	0.534267
4179.9	0.534549
4199.68	0.537196
4240.94	0.536455
4281.53	0.534182
4304.7	0.531243
4317.98	0.526579
4342.41	0.526523
3578.25	0.526457
3638.5	0.526685
3703.08	0.52684
3766.16	0.52724
3826.33	0.528155
3884.1	0.529014
3937.1	0.530973
3987.54	0.532408
4036.33	0.533391
4079.82	0.535843
4117.54	0.536388
4135.04	0.544258
4168.77	0.544117
4211.55	0.546417
4252.48	0.547064
4291.49	0.547583
4328.78	0.547847
4361.67	0.548322
4393.38	0.548598
4420.14	0.548832
