2754.51	0.161739
2764.11	0.161008
2783.28	0.159653
2811.66	0.157792
2848.16	0.155539
2891.33	0.152987
2939.72	0.150211
2992.08	0.147272
3047.44	0.144221
3105.07	0.141103
3164.41	0.137955
3225.06	0.134804
3286.64	0.131676
3348.69	0.128592
3410.49	0.125578
3471.04	0.122664
3531.36	0.119854
3591.71	0.117131
3651.77	0.114489
3711.08	0.111938
3769.49	0.109486
3827.43	0.107127
3885.41	0.104845
3943.8	0.102627
4002.9	0.100475
4062.73	0.0984215
4122.34	0.0965731
4176.15	0.0949668
4231.63	0.0935497
4287.8	0.0925635
4344.08	0.0924174
4399.55	0.0927778
4453.38	0.0921443
4505.75	0.0920276
4557.2	0.0938812
4608.87	0.0985101
4661.69	0.108064
4712.88	0.125295
4761.97	0.149762
4810.81	0.176787
4854.6	0.207599
4895.56	0.234282
4935.62	0.257933
4971.9	0.268309
5002.92	0.266245
5027.55	0.250772
5045.19	0.217508
5059.44	0.180201
5069	0.138754
5073.74	0.113053
2744.98	0.162298
2754.6	0.161568
2774.15	0.160193
2803.6	0.158278
2841.57	0.155952
2886.2	0.153323
2935.84	0.150475
2989.2	0.147472
3045.32	0.14437
3103.52	0.141211
3163.31	0.138029
3224.38	0.134849
3286.45	0.131691
3349.28	0.128573
3412.13	0.125523
3471.71	0.122624
3531.85	0.119828
3592.58	0.117101
3653.17	0.114446
3712.71	0.111886
3770.76	0.109442
3828.3	0.107102
3885.97	0.104838
3944.17	0.102641
4003.32	0.100539
4064.23	0.0987081
4129.47	0.0979645
4175.87	0.0985607
4232.37	0.0988379
4289.14	0.100284
4346.26	0.105698
4402.39	0.113267
4456.06	0.112389
4507.74	0.114254
4557.75	0.123112
4608.02	0.13705
4662.75	0.158147
4713.12	0.193086
4759.71	0.236627
4815.08	0.300312
4861.2	0.341335
4903.1	0.371318
4941.74	0.389773
4976.69	0.397857
5007.15	0.393347
5032.56	0.370889
5053.23	0.324072
5063.99	0.222053
5073.58	0.168703
5078.46	0.137172
2725.91	0.163332
2735.22	0.162626
2755.16	0.161243
2787.1	0.159223
2828.36	0.156749
2876.12	0.153967
2928.34	0.150976
2983.67	0.147853
3041.25	0.144654
3100.53	0.141418
3161.15	0.138175
3222.92	0.134943
3285.82	0.131733
3350.17	0.128536
3417.44	0.125314
3472.3	0.122577
3532.28	0.119806
3594.17	0.117049
3656.27	0.114348
3716.58	0.11176
3773.34	0.109357
3829.95	0.10707
3886.99	0.104854
3944.68	0.102715
4003.16	0.100726
4062.63	0.0991871
4123.24	0.099387
4181.69	0.107214
4233.38	0.13133
4290.61	0.135592
4349.49	0.155369
4407.2	0.185025
4460.51	0.17244
4510.84	0.177999
4556.53	0.205464
4600.8	0.247774
4667.9	0.299371
4722.06	0.344295
4772.82	0.387328
4822.86	0.420217
4868.83	0.448573
4911.12	0.474132
4950.01	0.497333
4985.26	0.515583
5016.34	0.523631
5042.63	0.511352
5063.31	0.459794
5077.05	0.351998
5082.89	0.205915
5087.98	0.170205
2697.57	0.164704
2705.28	0.164091
2724.24	0.162792
2761.31	0.160599
2808.73	0.157891
2861.66	0.154874
2917.81	0.151676
2976	0.148381
3035.63	0.145046
3096.37	0.141708
3158.04	0.138388
3220.57	0.135102
3284	0.131855
3348.48	0.12865
3414.21	0.125489
3468.22	0.122811
3531.31	0.11987
3596.12	0.116988
3661.83	0.114157
3724.74	0.111459
3776.9	0.109252
3832.05	0.107092
3888.36	0.104996
3945.47	0.103068
4003.15	0.101554
4061.05	0.100982
4120.16	0.102924
4178.4	0.11295
4231.61	0.147241
4288.81	0.224862
4353.78	0.285168
4424.9	0.340914
4474.31	0.297856
4525.48	0.305619
4574.8	0.345262
4624.67	0.378722
4679.44	0.402289
4731.18	0.427199
4781.55	0.454706
4830.51	0.480739
4876.88	0.506001
4919.88	0.531326
4959.92	0.557352
4996.83	0.579746
5030.24	0.594555
5059.14	0.59817
5080.4	0.574215
5093.78	0.463186
5099.82	0.283575
5102.61	0.199902
2661.57	0.166178
2664.13	0.165762
2675.21	0.164809
2725.23	0.162345
2783.59	0.159299
2844.06	0.155967
2905.3	0.152507
2966.99	0.149004
3029.03	0.145509
3091.44	0.142052
3154.26	0.138648
3217.57	0.135302
3281.43	0.132017
3345.88	0.128792
3410.87	0.125626
3476.14	0.122511
3529.13	0.119956
3597.76	0.116919
3670.87	0.113818
3727.52	0.111315
3778.76	0.109183
3833.27	0.107107
3889.33	0.105199
3946.32	0.103864
4003.73	0.104042
4058.55	0.106066
4118.73	0.109809
4177.47	0.129857
4233.42	0.171504
4297.15	0.266034
4368.1	0.346372
4426.52	0.370039
4485.44	0.395823
4535.49	0.408898
4587.25	0.432587
4638.31	0.44811
4689.15	0.459986
4737.55	0.473459
4788.1	0.498374
4837.67	0.521257
4885.56	0.543117
4929.26	0.563771
4971.28	0.587375
5011.19	0.605023
5048.46	0.629389
5082.77	0.664699
5104.46	0.68917
5116.44	0.540133
5120.75	0.364531
5120.93	0.22545
2623.05	0.167432
2614.5	0.167167
2587.19	0.166467
2680.78	0.164217
2756.38	0.160791
2825.71	0.157109
2892.4	0.153368
2957.71	0.149648
3022.19	0.145991
3086.24	0.142415
3150.2	0.138926
3214.27	0.135522
3278.55	0.1322
3343.06	0.128957
3407.65	0.125797
3471.9	0.12273
3534.63	0.119795
3595.49	0.117025
3659.69	0.114256
3719.43	0.111659
3776.12	0.109266
3832.71	0.107001
3889.69	0.104876
3947.14	0.103189
4005.33	0.103661
4065.02	0.115768
4117.83	0.153512
4175.91	0.208871
4239.92	0.272128
4306.81	0.337194
4374.3	0.371539
4437.76	0.398856
4492.66	0.410458
4545.07	0.430727
4597.35	0.454474
4647.33	0.477703
4701.91	0.503092
4740.64	0.5193
4792.83	0.544115
4843.96	0.563797
4896.11	0.579005
4938.42	0.584373
4983.79	0.602181
5026.88	0.622949
5067.34	0.658747
5105.55	0.721528
5149.36	0.793787
5146.78	0.578311
5146.19	0.40152
5145.05	0.263185
2593.09	0.168327
2583.66	0.168037
2561.63	0.167315
2654.24	0.165378
2735.41	0.161944
2810.03	0.158081
2880.92	0.154135
2949.36	0.150234
3015.89	0.146434
3081.31	0.142757
3146.22	0.139197
3210.98	0.135741
3275.73	0.132382
3340.49	0.129116
3405.18	0.125942
3469.64	0.122866
3533.85	0.119896
3590.46	0.117288
3653.66	0.1145
3715.12	0.11185
3774.39	0.109354
3832.7	0.10699
3890.55	0.104749
3948.23	0.102719
4006.2	0.101342
4064.9	0.102343
4123.31	0.109848
4183.97	0.130598
4245.67	0.16613
4306.51	0.227891
4382.32	0.319453
4445.15	0.370749
4502.33	0.40499
4554.57	0.432772
4602.59	0.455908
4659.04	0.479906
4704.43	0.499597
4750.37	0.504447
4795.86	0.53269
4843.36	0.552042
4897.98	0.574185
4949.82	0.590449
4998.76	0.607914
5044.56	0.631231
5091.62	0.665515
5133.68	0.719046
5178.93	0.790105
5174.52	0.580577
5172.51	0.417631
5171.07	0.280949
2572.59	0.168961
2565.44	0.168629
2551.06	0.167907
2639.08	0.166095
2720.96	0.162734
2798.1	0.158805
2871.92	0.154727
2943	0.150686
3010.82	0.146786
3077.03	0.143046
3142.6	0.139439
3207.94	0.135946
3273.19	0.132555
3338.35	0.129262
3403.32	0.126066
3468.08	0.122967
3532.8	0.119959
3598.24	0.117019
3650.04	0.114652
3713.73	0.111937
3774.47	0.109391
3834.04	0.106986
3892.6	0.104724
3950.11	0.102702
4007.42	0.101313
4065.73	0.102112
4125.69	0.110409
4187.44	0.139973
4248.91	0.203972
4322.22	0.290423
4390.15	0.356681
4451.83	0.398213
4512.16	0.430129
4561.47	0.438716
4612.36	0.464389
4662.17	0.462047
4709.19	0.472935
4759.55	0.493098
4805.13	0.521045
4859.69	0.545247
4913.33	0.568417
4964.4	0.588321
5016.17	0.605464
5056.02	0.625576
5109.98	0.658715
5154.15	0.714259
5196.47	0.778801
5198.59	0.579068
5198.33	0.424459
5197.12	0.288237
2559.28	0.169443
2554.48	0.169076
2545.5	0.168326
2630	0.166559
2711.2	0.163253
2789.5	0.159291
2865.7	0.155103
2939.97	0.150919
3007.47	0.146993
3073.54	0.143259
3139.39	0.139645
3205.23	0.136132
3271.04	0.132716
3336.71	0.129398
3402.08	0.126181
3467.02	0.123069
3531.55	0.120064
3595.6	0.117166
3658.11	0.1144
3716.04	0.111867
3776.53	0.109383
3837.29	0.107014
3896.7	0.104913
3953.28	0.103488
4008.71	0.104112
4065.64	0.112022
4125.5	0.140881
4186.19	0.227715
4271.48	0.343439
4333.96	0.357676
4396.47	0.380185
4454.65	0.388762
4507.62	0.404568
4567.16	0.422996
4620.39	0.450538
4669.93	0.468711
4721.76	0.482905
4770.78	0.504046
4821.59	0.52881
4874.01	0.553904
4928.97	0.578014
4976.86	0.589892
5024.3	0.607203
5079.27	0.630269
5133.11	0.667774
5183	0.725409
5231.86	0.790958
5227.53	0.597017
5224.88	0.438048
5223.4	0.294689
2550.79	0.16983
2547.72	0.169431
2542.17	0.168636
2624.15	0.16688
2704.32	0.163609
2782.98	0.159622
2861.45	0.155286
2943.8	0.150676
3005.65	0.147025
3070.44	0.143416
3136.4	0.139829
3202.8	0.136305
3269.33	0.132865
3335.72	0.129522
3401.68	0.126283
3466.83	0.123159
3531.31	0.120157
3595.09	0.117273
3657.79	0.11452
3716.54	0.112007
3779.14	0.109515
3842.81	0.10734
3904.58	0.106228
3958.5	0.108167
4009.01	0.118962
4061.39	0.158004
4121.84	0.210615
4188.79	0.250948
4266.24	0.290933
4332.22	0.295083
4395.16	0.309303
4459.9	0.348475
4518.45	0.388141
4576.93	0.418912
4622.1	0.441134
4679.69	0.465497
4732.89	0.490757
4785.09	0.518446
4833.38	0.538784
4883.21	0.551806
4932.85	0.574503
4989	0.592915
5043.87	0.608682
5100.21	0.632095
5155.52	0.669935
5208.18	0.72612
5259.23	0.789818
5253.74	0.598156
5250.06	0.441755
5248.45	0.296104
2545.41	0.170142
2543.48	0.169717
2540.03	0.16888
2620.06	0.167135
2698.93	0.163922
2776.62	0.16001
2853.32	0.155808
2928.71	0.151564
2997.62	0.147566
3065.25	0.143744
3132.75	0.140036
3200.34	0.136425
3268.06	0.132911
3335.77	0.129499
3402.92	0.126202
3468.21	0.123047
3532.75	0.120032
3597.02	0.117127
3661.36	0.114312
3727.31	0.111566
3780.82	0.109356
3852.43	0.106865
3905.49	0.105584
3959.12	0.106536
4012.63	0.114126
4064.54	0.137559
4127.26	0.203877
4190.21	0.255117
4262.37	0.29786
4334.55	0.322495
4399.5	0.345705
4463.47	0.371686
4523.85	0.402622
4574.28	0.428546
4631.74	0.454124
4690.15	0.479095
4741.69	0.493102
4793.32	0.516868
4842	0.54194
4887.63	0.558785
4944.82	0.577611
5000.99	0.595476
5059.78	0.610289
5118.61	0.633395
5175.77	0.670807
5230.14	0.725972
5282.27	0.78888
5276.88	0.595367
5272.97	0.438867
5271.34	0.294169
2542.01	0.170387
2540.77	0.16994
2538.58	0.169069
2617.08	0.167333
2694.7	0.164173
2771.24	0.16033
2846.54	0.156207
2920.16	0.152036
2990.97	0.147963
3060.36	0.144032
3129.19	0.140228
3197.99	0.136534
3267.08	0.132938
3336.73	0.129433
3406.45	0.12604
3470.8	0.122899
3534.98	0.119919
3599.51	0.117031
3663.97	0.114238
3727.49	0.111587
3789.96	0.109245
3847.65	0.107117
3905.71	0.105944
3960.26	0.10625
4016.53	0.113411
4071.54	0.130745
4128.08	0.154475
4190.72	0.197411
4267.71	0.285706
4338.47	0.353177
4405.47	0.394297
4465.24	0.412371
4522.71	0.428475
4580.25	0.443561
4636.77	0.457928
4693.32	0.476078
4746.82	0.479682
4801.53	0.501664
4853.37	0.529245
4903.75	0.557356
4955.79	0.580696
5008.93	0.598022
5073.34	0.611762
5134.99	0.634349
5193.88	0.671251
5249.46	0.725694
5302.27	0.788133
5297.25	0.591813
5293.43	0.433805
5291.82	0.290956
2539.87	0.170569
2539.06	0.170105
2537.61	0.169207
2614.93	0.167475
2691.51	0.164355
2767.08	0.16056
2841.49	0.15648
2914.48	0.152335
2985.87	0.148244
3056.15	0.144264
3125.88	0.140402
3195.58	0.136645
3265.85	0.132969
3337.96	0.129324
3415.74	0.125592
3474.06	0.12271
3537.42	0.11984
3602.67	0.116982
3668.2	0.114214
3729.45	0.111739
3788.96	0.109846
3846.6	0.109668
3910.04	0.115678
3959.92	0.122288
4014.17	0.142102
4072.08	0.187167
4130.36	0.228022
4203.48	0.293658
4274.65	0.346078
4338.26	0.368623
4404.84	0.386196
4466.88	0.406435
4519.94	0.423274
4583.98	0.446039
4641.7	0.453426
4692.31	0.464985
4752.25	0.486462
4809.11	0.508361
4863.04	0.531854
4913.45	0.556505
4965.33	0.581205
5020.24	0.598697
5087.14	0.612309
5150.34	0.634727
5210.29	0.671343
5266.62	0.725353
5319.85	0.787536
5315.18	0.588519
5311.53	0.428606
5309.94	0.287577
2538.57	0.170694
2538.01	0.170217
2537	0.169298
2613.5	0.167567
2689.28	0.164473
2764.11	0.160711
2837.86	0.156663
2910.48	0.152538
2981.99	0.14845
3052.65	0.144456
3122.81	0.140574
3192.82	0.136804
3263.07	0.133137
3333.86	0.129566
3404.82	0.126106
3470.72	0.122888
3537.23	0.119808
3606.06	0.116773
3679.85	0.113756
3735.1	0.111574
3791.5	0.110312
3852.12	0.11102
3902.92	0.117962
3960.41	0.156136
4015.47	0.214227
4076.85	0.253893
4141.99	0.298816
4210.09	0.32894
4277.1	0.35636
4345.31	0.382432
4406.26	0.39983
4460.64	0.415809
4515.65	0.41827
4579.01	0.422904
4642.54	0.438437
4698.91	0.45779
4760.34	0.478728
4817.5	0.503951
4870.9	0.531043
4920.49	0.559542
4970.08	0.58396
5036.77	0.598083
5102.02	0.611932
5165.09	0.634507
5225.29	0.671093
5281.91	0.724943
5335.32	0.787062
5330.92	0.58586
5327.41	0.424088
5325.84	0.284524
2537.86	0.170769
2537.45	0.170282
2536.68	0.169347
2612.74	0.167614
2687.99	0.164535
2762.21	0.160798
2835.41	0.156778
2907.66	0.152676
2979.06	0.148603
3049.79	0.144613
3120.06	0.140732
3190.09	0.136965
3260.04	0.133312
3329.94	0.129772
3399.37	0.126352
3467.25	0.12307
3535.28	0.119906
3605.11	0.116803
3679.77	0.113703
3733.16	0.111467
3786.89	0.109301
3847.78	0.108154
3913.09	0.112507
3959.61	0.126294
4016.6	0.129147
4081.69	0.143174
4147.43	0.195466
4207.04	0.225065
4275.44	0.284245
4343.84	0.333828
4397.36	0.348883
4458.26	0.362802
4523.79	0.387741
4585.75	0.416182
4643.56	0.446084
4709.47	0.472053
4768.92	0.483319
4826.18	0.507139
4879.5	0.532571
4926.58	0.561129
4989.58	0.581745
5053	0.597028
5116.47	0.61122
5178.82	0.63397
5238.81	0.670639
5295.42	0.724498
5348.84	0.78669
5344.6	0.583873
5341.2	0.420419
5339.65	0.281928
2537.6	0.1708
2537.29	0.170304
2536.66	0.169355
2612.76	0.167616
2687.71	0.164542
2761.32	0.160826
2833.94	0.156837
2905.75	0.152764
2976.91	0.148713
3047.53	0.144737
3117.75	0.140865
3187.68	0.137106
3257.35	0.133464
3326.84	0.129938
3395.91	0.126531
3464.11	0.123252
3532.07	0.120095
3599.94	0.117048
3667.19	0.114138
3731.66	0.111387
3775.91	0.109438
3839.63	0.107155
3900.5	0.105658
3954.25	0.105483
4017.64	0.104407
4081.83	0.107776
4148.82	0.122019
4216.11	0.151549
4272.85	0.20545
4330.96	0.229462
4387.77	0.218565
4465.26	0.294426
4533.18	0.35985
4596.68	0.400389
4658.05	0.431014
4720.73	0.456364
4781.38	0.48044
4837.95	0.505217
4893.08	0.531769
4947.52	0.557758
5006.56	0.579585
5067.52	0.596039
5129.5	0.610473
5191.04	0.633363
5250.66	0.670141
5307.11	0.724082
5360.45	0.786402
5356.32	0.582407
5352.99	0.417439
5351.44	0.279712
2537.68	0.170796
2537.48	0.170288
2537.02	0.16932
2613.89	0.167562
2688.74	0.164479
2761.44	0.160791
2833.31	0.156844
2904.56	0.152809
2975.42	0.148786
3045.83	0.144829
3115.94	0.140969
3185.76	0.137219
3255.16	0.133587
3324.52	0.130069
3393.72	0.126664
3461.72	0.12341
3529.5	0.120269
3596.02	0.117242
3658.12	0.114527
3719.56	0.111895
3776.84	0.109387
3835.23	0.107092
3895.81	0.104973
3955.92	0.103169
4018.42	0.101904
4079.12	0.10175
4147.75	0.10678
4216.81	0.127657
4275.01	0.153244
4329.06	0.162277
4388.35	0.190342
4470.19	0.297582
4539.32	0.368634
4603.84	0.408821
4666.53	0.439148
4729.86	0.46465
4794.11	0.487601
4847.7	0.505561
4904.18	0.531288
4961.09	0.556063
5019.55	0.578189
5079.4	0.595295
5140.43	0.609883
5201.35	0.632858
5260.62	0.669731
5316.91	0.723757
5370.15	0.786189
5366.09	0.581243
5362.82	0.414869
5361.29	0.277749
2537.99	0.170767
2537.98	0.170241
2537.89	0.169235
2617.01	0.167419
2691.9	0.164305
2762.42	0.160689
2833.32	0.156808
2903.85	0.152822
2974.49	0.148829
3044.59	0.144894
3114.61	0.141046
3184.51	0.137296
3253.31	0.133691
3322.74	0.130173
3393.15	0.126702
3460.06	0.123548
3528.77	0.120421
3589.22	0.117529
3653.12	0.114691
3714.21	0.112035
3773.34	0.109522
3832.15	0.107142
3893.02	0.104895
3954.52	0.102964
4017.57	0.10203
4083.17	0.104826
4146.28	0.115376
4212.77	0.145479
4265.99	0.192386
4328.29	0.214109
4394.6	0.248561
4473.68	0.334411
4542.48	0.383921
4607.18	0.41863
4669.83	0.448094
4734.11	0.473045
4801.35	0.494913
4851.08	0.509148
4911.66	0.531331
4970.3	0.555285
5029.03	0.577378
5088.49	0.594809
5148.99	0.6095
5209.49	0.632554
5268.54	0.669509
5324.74	0.723576
5377.94	0.786041
5373.96	0.580161
5370.74	0.412428
5369.22	0.275851
2538.36	0.170731
2538.57	0.170182
2539.27	0.169112
2624.34	0.167086
2699.4	0.163884
2763.02	0.160576
2833.74	0.156749
2903.11	0.152827
2974.22	0.148839
3043.59	0.144944
3113.6	0.141105
3184.6	0.137286
3251.15	0.133829
3320.32	0.130372
3385.71	0.127031
3458.81	0.123541
3535.3	0.12004
3591.15	0.117393
3651.66	0.114766
3711.64	0.112224
3771.05	0.109838
3827.98	0.10754
3890.65	0.105494
3952.7	0.104564
4015.25	0.106425
4078.66	0.114568
4142.02	0.130234
4205.71	0.152596
4262.89	0.205612
4342.56	0.306372
4407.12	0.339582
4475.92	0.37505
4543.11	0.398815
4607.29	0.422087
4667.25	0.447493
4731.62	0.471752
4798.4	0.493732
4861.82	0.516265
4917.81	0.531025
4976.56	0.554911
5035.6	0.576943
5094.95	0.594533
5155.09	0.609336
5215.27	0.632539
5274.28	0.669571
5330.55	0.723589
5383.81	0.785952
5379.94	0.57898
5376.79	0.40992
5375.3	0.273953
2538.56	0.170709
2538.71	0.170159
2538.88	0.169106
2620.07	0.167223
2695.85	0.164006
2768.74	0.160242
2835.54	0.156621
2900.71	0.152932
2975.79	0.148733
3042.12	0.145031
3111.81	0.141292
3176.92	0.13771
3248.23	0.133994
3317.34	0.130454
3385.17	0.127042
3454.67	0.123717
3524.04	0.1205
3588	0.117532
3651.63	0.11474
3710.37	0.112188
3768.94	0.109884
3830.55	0.108225
3889.85	0.10833
3951.18	0.113767
4012.31	0.133524
4072.92	0.179706
4134.76	0.222117
4194.4	0.270896
4270.81	0.308188
4343.93	0.33848
4412.24	0.362404
4475.67	0.38204
4543.33	0.399347
4606.53	0.423988
4666.6	0.449665
4722.87	0.473097
4795.17	0.490225
4860.81	0.511346
4919.26	0.534917
4979.64	0.555275
5039.67	0.576821
5099.05	0.59441
5158.69	0.60941
5218.41	0.632965
5277.73	0.670045
5334.35	0.723841
5387.83	0.785917
5384.1	0.577624
5381.03	0.407372
5379.57	0.272073
2538.63	0.170704
2538.87	0.170146
2539.22	0.169079
2621.18	0.167176
2695.17	0.163996
2768.84	0.160208
2835.97	0.156535
2907.69	0.152605
2970.4	0.149036
3038.8	0.145274
3110.33	0.141354
3178.78	0.137636
3247.81	0.134006
3316	0.130503
3383.38	0.127123
3451.17	0.123854
3518.76	0.120684
3585.83	0.117612
3657.21	0.114555
3710.05	0.112269
3764.64	0.110196
3826.71	0.108475
3887.81	0.109972
3949.59	0.126335
4007.67	0.17984
4075.98	0.266874
4137.8	0.303761
4203.52	0.344653
4273.92	0.376915
4345.48	0.401366
4414.8	0.421939
4482.74	0.44036
4543.34	0.44934
4604.57	0.464855
4660.79	0.485076
4730.49	0.495174
4794.82	0.507363
4863.44	0.523788
4929.37	0.54396
4980.15	0.558529
5042.18	0.577169
5101.28	0.594425
5159.78	0.609833
5218.1	0.634404
5278.82	0.671116
5336.27	0.724325
5390.1	0.785931
5386.54	0.576306
5383.54	0.405166
5382.1	0.270486
2538.5	0.170722
2538.96	0.170152
2540.42	0.16903
2630.23	0.166852
2694.79	0.164011
2760.28	0.160676
2833.59	0.156747
2905.14	0.152758
2974.62	0.14881
3047.16	0.144811
3112.13	0.141206
3180.32	0.137609
3248.55	0.133979
3315.85	0.13053
3381.61	0.127212
3448.37	0.123992
3514.56	0.120878
3580	0.117891
3645.24	0.115048
3705.75	0.112486
3767.57	0.110403
3824.62	0.109367
3885.35	0.110127
3944.6	0.112578
4007.77	0.125688
4070.56	0.154995
4134.34	0.192257
4194.57	0.220879
4268.83	0.268112
4345.41	0.330059
4415.38	0.372596
4481.79	0.405833
4544.04	0.435813
4607.63	0.462335
4669.56	0.486993
4735.43	0.508336
4803.34	0.526744
4865.45	0.531227
4928.89	0.549372
4989.82	0.567844
5045.41	0.58096
5102.5	0.595937
5158.59	0.61076
5211.51	0.637327
5278.09	0.672531
5336.8	0.724748
5390.87	0.785986
5387.36	0.575934
5384.39	0.404227
5382.96	0.269673
2537.95	0.170775
2538.09	0.17023
2538.26	0.169191
2618.12	0.167349
2690.36	0.164293
2760.96	0.160704
2833	0.156801
2904.76	0.152785
2975.89	0.148773
3047.04	0.144827
3115.98	0.141026
3184.53	0.137344
3250.53	0.133855
3317.61	0.130518
3379.28	0.127352
3446.65	0.124117
3511.67	0.12104
3575.02	0.118132
3638.71	0.115377
3700.91	0.112749
3760.24	0.110191
3820.74	0.10792
3881.5	0.106048
3942.9	0.104859
4006.26	0.106288
4070.72	0.114734
4134.52	0.142123
4196.68	0.221999
4269.28	0.283871
4341.43	0.327535
4413.14	0.358206
4479.43	0.382011
4538.93	0.406876
4608.79	0.423105
4671.41	0.445375
4735.57	0.466807
4802.13	0.487432
4865.99	0.508409
4929.17	0.53066
4989.66	0.553654
5045.1	0.576919
5103.39	0.59362
5161.9	0.608968
5219.86	0.633481
5280.03	0.670425
5336.92	0.724033
5390.34	0.786067
5386.61	0.577955
5383.59	0.405327
5382.15	0.269695
2537.29	0.170836
2537.21	0.170308
2536.91	0.169304
2613.59	0.167529
2687.56	0.164455
2760.2	0.16078
2832.74	0.156824
2905.09	0.15276
2977.25	0.148695
3049.31	0.144694
3120.41	0.140811
3187.77	0.137149
3254.2	0.133663
3321.92	0.130245
3385.45	0.127055
3447.78	0.124126
3507.86	0.12128
3572.78	0.118243
3635.12	0.115444
3696.74	0.112762
3756.69	0.110219
3817.5	0.107853
3877.9	0.105775
3939.98	0.104356
4003.89	0.105178
4070.27	0.114157
4132.51	0.137109
4197.01	0.188905
4265.68	0.216334
4333.11	0.221378
4417.08	0.296513
4486.72	0.353573
4550.98	0.391522
4615.74	0.418841
4676.85	0.444893
4729.51	0.471961
4799.85	0.4941
4863.58	0.517197
4928.7	0.53942
4991.56	0.561326
5053.83	0.581332
5102.48	0.593494
5163.31	0.607609
5222.15	0.630949
5280.17	0.668372
5335.5	0.723141
5388.07	0.786203
5384.1	0.579802
5381.08	0.404494
5379.65	0.267627
2536.74	0.170887
2536.6	0.170366
2536.23	0.16937
2611.72	0.167607
2686.07	0.164534
2759.57	0.160824
2832.7	0.156823
2905.69	0.152711
2978.82	0.148582
3052.71	0.144474
3128.8	0.140366
3192.19	0.136859
3256.9	0.133543
3320.78	0.130314
3386.87	0.12699
3450.7	0.123887
3515.52	0.120863
3573.76	0.118189
3633	0.115571
3695.06	0.112866
3753.16	0.110463
3815.64	0.108391
3873.63	0.107347
3936.2	0.108452
3999.64	0.114753
4060.45	0.128257
4130.51	0.147254
4199.78	0.175088
4263.84	0.219382
4345.72	0.292637
4422.28	0.346418
4491.45	0.380775
4556.96	0.408183
4621.45	0.432331
4681.1	0.444507
4740.03	0.466743
4800.44	0.488522
4856.3	0.51344
4927.29	0.533761
4991.27	0.555334
5052.1	0.576599
5110.46	0.594795
5164.3	0.605426
5221.51	0.628616
5277.98	0.666351
5331.87	0.722126
5383.42	0.786418
5379.53	0.578375
5376.84	0.395746
5375.52	0.258721
2536.38	0.170921
2536.23	0.170401
2535.92	0.169404
2610.96	0.167641
2685.42	0.164568
2759.32	0.160842
2832.85	0.156818
2906.22	0.152682
2979.75	0.14853
3054.05	0.144401
3130.71	0.140279
3194.2	0.136768
3259.8	0.133347
3325.68	0.130006
3390.99	0.126759
3453.14	0.123721
3515.11	0.120819
3576.1	0.118028
3640.16	0.115266
3698.17	0.112943
3746.13	0.111232
3807.29	0.110028
3869.62	0.11221
3931.31	0.125685
3991.4	0.16938
4053.58	0.217152
4125.99	0.266989
4203.37	0.313234
4277.65	0.351639
4353.02	0.379036
4427.14	0.395491
4494.93	0.400354
4559.58	0.413928
4619.59	0.428887
4683.43	0.445611
4744.81	0.465063
4805.7	0.484896
4865.99	0.505245
4929.48	0.524807
4991.15	0.546503
5050.58	0.56861
5107.58	0.588604
5160.72	0.605354
5217.94	0.62614
5273.45	0.663203
5325.6	0.7199
5375.26	0.786637
5372.72	0.563783
5371.22	0.366614
5370.13	0.237561
2536.19	0.170936
2536.07	0.170417
2535.81	0.169417
2610.75	0.167653
2685.31	0.164576
2759.43	0.160844
2833.19	0.156811
2906.68	0.152674
2980.01	0.14854
3053.19	0.144471
3125.73	0.140517
3194.39	0.136773
3262.76	0.133188
3331.52	0.129708
3398.72	0.126359
3456.29	0.123535
3516.25	0.120773
3576.01	0.11808
3632.05	0.115513
3691.58	0.112949
3747.37	0.110637
3806.35	0.108577
3866.95	0.107377
3928.23	0.109281
3989.86	0.121601
4050.76	0.162588
4124.32	0.274893
4203.89	0.372067
4280.82	0.424068
4357.16	0.460681
4437.62	0.484958
4499.52	0.452308
4561.33	0.462715
4622.7	0.478183
4684.78	0.492733
4746.67	0.507414
4808.13	0.522343
4869.02	0.537756
4930.01	0.553405
4990.1	0.569787
5048.92	0.586247
5106.85	0.599655
5165.21	0.613785
5212.51	0.625567
5267.43	0.652696
5316.97	0.698557
5360.47	0.757488
5364.34	0.49205
5365.1	0.304915
5364.42	0.219068
2536.17	0.170935
2536.06	0.170415
2535.84	0.169414
2610.89	0.167647
2685.61	0.164565
2759.92	0.160825
2833.84	0.156786
2907.38	0.152648
2980.53	0.148522
3053.14	0.144471
3124.83	0.140533
3195.14	0.136729
3265.66	0.133034
3339.29	0.129354
3397.38	0.126378
3460.02	0.123374
3518.09	0.120612
3575.92	0.117977
3632.46	0.115435
3689.54	0.11298
3746.32	0.11066
3804.73	0.108587
3864.45	0.107221
3924.98	0.108114
3986.68	0.11575
4050.65	0.138335
4116.67	0.18622
4195.11	0.271262
4276.78	0.333883
4352.72	0.362228
4427.4	0.378601
4496.84	0.383931
4560.01	0.401613
4621.65	0.421584
4683.42	0.441727
4745.95	0.461557
4807.95	0.48254
4868.45	0.505013
4928.51	0.527845
4987.84	0.550563
5046.12	0.572446
5103.56	0.591251
5160.7	0.606206
5216.31	0.62977
5265.47	0.658918
5315.12	0.717687
5363.48	0.786956
5361.04	0.537169
5360.22	0.313237
5359.44	0.218701
2536.3	0.170917
2536.19	0.170397
2535.98	0.169396
2611.31	0.167625
2686.29	0.164531
2760.82	0.160779
2834.89	0.15673
2908.54	0.152586
2981.72	0.148459
3054.18	0.144413
3125.51	0.140488
3195.96	0.136703
3265.76	0.133062
3334	0.129576
3398.84	0.126285
3468.86	0.122972
3520.76	0.120447
3577.8	0.117917
3633.06	0.115484
3688.61	0.113194
3744.55	0.111216
3802.74	0.110156
3862	0.112156
3920.93	0.123498
3979.89	0.158394
4043.73	0.206079
4114.17	0.258673
4190.89	0.323011
4269.65	0.37065
4344.07	0.40734
4417.41	0.437883
4496.55	0.463688
4556.24	0.435537
4616.64	0.444313
4677.55	0.457891
4742.03	0.470793
4805.66	0.486621
4864.77	0.503655
4924.39	0.519138
4983.62	0.542067
5041.79	0.564844
5098.96	0.585578
5155.45	0.601241
5210.02	0.622424
5259.11	0.66209
5309.78	0.718704
5358.47	0.787114
5355.95	0.547085
5355.12	0.319646
5354.5	0.219544
2536.57	0.170883
2536.46	0.170362
2536.23	0.169363
2612.06	0.167585
2687.42	0.164474
2762.18	0.160702
2836.4	0.156637
2910.24	0.152478
2983.74	0.148338
3056.49	0.144284
3127.3	0.140374
3197.67	0.136611
3267.75	0.132993
3332.5	0.129647
3395.56	0.126485
3458.77	0.123446
3518.54	0.120588
3583.08	0.117706
3633.96	0.115439
3687.73	0.113229
3739.99	0.111202
3799.73	0.109672
3860.42	0.112055
3916.65	0.124422
3975.52	0.162287
4038.88	0.212564
4112.87	0.279224
4190.56	0.341278
4259.43	0.361929
4330.95	0.393622
4397.7	0.417695
4477.01	0.426687
4544.82	0.434455
4607.02	0.453839
4662.42	0.477646
4735.21	0.499215
4802.15	0.519658
4868.8	0.538941
4917.16	0.54226
4977.22	0.560975
5035.71	0.580161
5093.23	0.595978
5150.11	0.610561
5205.81	0.633125
5260.1	0.668627
5301.55	0.702082
5345.74	0.759444
5349.14	0.475239
5349.83	0.29013
5349.77	0.219499
2536.99	0.170832
2536.88	0.170312
2536.63	0.169314
2613.23	0.167527
2689.13	0.164391
2764.08	0.160595
2838.33	0.156511
2912.36	0.152329
2986.64	0.148148
3060.9	0.144043
3129.74	0.140191
3199.94	0.136438
3275.4	0.1326
3333.1	0.129618
3392.57	0.126683
3452.65	0.1238
3512.13	0.121002
3571.94	0.118285
3628.79	0.115761
3685.58	0.113402
3743.82	0.111286
3796.61	0.109914
3850.13	0.109186
3914.02	0.108464
3974.17	0.113547
4041.23	0.127793
4109.08	0.15072
4175.33	0.190926
4241.2	0.238928
4323.16	0.31639
4397.62	0.359569
4470.57	0.391134
4539.04	0.413227
4603.5	0.435613
4665.83	0.457865
4731.45	0.478509
4796.32	0.497382
4852.68	0.515843
4910.81	0.53208
4969.68	0.553499
5028.46	0.574238
5086.29	0.592148
5143.78	0.606837
5200.46	0.630261
5255.13	0.669919
5306.31	0.730221
5350.48	0.787203
5347.46	0.550969
5346.43	0.325981
5345.72	0.222764
2537.56	0.170765
2537.47	0.170243
2537.24	0.169245
2615.05	0.167445
2691.76	0.164275
2766.69	0.160461
2840.52	0.156377
2914.3	0.152184
2989.66	0.147917
3070.9	0.143483
3131.03	0.140072
3197.21	0.136618
3264.93	0.133175
3329.08	0.129926
3388.84	0.126926
3447.91	0.12408
3505.89	0.121349
3566.02	0.118549
3624.47	0.115936
3682.15	0.113459
3740.73	0.111093
3793.09	0.109099
3845.63	0.107245
3912.1	0.105513
3977.74	0.106653
4039.89	0.113138
4103.9	0.132777
4167.13	0.169332
4236.79	0.173415
4308.93	0.241371
4391.93	0.329118
4463.5	0.377146
4532.64	0.408072
4598.09	0.434619
4662.36	0.458707
4725.05	0.478249
4790.63	0.497968
4840.01	0.510864
4909.01	0.52965
4959.39	0.547261
5019.88	0.568648
5078.15	0.588221
5135.99	0.603012
5193.42	0.623499
5248.73	0.658458
5299.73	0.713788
5343.79	0.787112
5343.75	0.527204
5342.5	0.336117
5341.72	0.227766
2538.26	0.170685
2538.24	0.170156
2538.14	0.169148
2617.94	0.167317
2696.14	0.164094
2770.42	0.160285
2842.8	0.156275
2914.71	0.152205
2986.89	0.148144
3059.09	0.144159
3125.59	0.140444
3192.36	0.136868
3260.51	0.13333
3332.44	0.129727
3386.81	0.126949
3444.81	0.124182
3504.82	0.121401
3562.41	0.118766
3621.64	0.116183
3678.61	0.113771
3734.14	0.11145
3791.37	0.109149
3850.44	0.107176
3911.96	0.106136
3974.77	0.107893
4037.16	0.117607
4099.09	0.146896
4164.27	0.199114
4231.52	0.244265
4310.33	0.311512
4384.67	0.352391
4451.99	0.386116
4524.47	0.412458
4589.53	0.42977
4652.48	0.448774
4716.64	0.466851
4779.6	0.488251
4843.44	0.508791
4896.26	0.52306
4952.55	0.545657
5010.92	0.568545
5068.7	0.5889
5126.56	0.604466
5185.07	0.62672
5241.81	0.663744
5295.02	0.720066
5345	0.787019
5341.02	0.570978
5338.41	0.377802
5337.46	0.247796
2539.02	0.170601
2539.11	0.170059
2539.34	0.169016
2622.37	0.1671
2704.44	0.163725
2776.04	0.15998
2845.59	0.15612
2914.94	0.152213
2984.23	0.148317
3053.12	0.144488
3120.09	0.140787
3186.41	0.137221
3252.6	0.133767
3318.23	0.130438
3378.76	0.127369
3438.89	0.124457
3499.65	0.121613
3558.28	0.118977
3614.54	0.116412
3676.01	0.11376
3735.6	0.111295
3795.86	0.10909
3852.16	0.107415
3910.54	0.107222
3972.82	0.111829
4034.79	0.132354
4095.88	0.189431
4165.15	0.251451
4235.15	0.317041
4305.67	0.365111
4376.52	0.373773
4452.56	0.393555
4515.37	0.399546
4579.94	0.421693
4636.03	0.447905
4705.54	0.469481
4764	0.495336
4833.53	0.517266
4897.72	0.540243
4950.37	0.555973
5000.03	0.571026
5057.51	0.590998
5114.28	0.607371
5174.91	0.630505
5233.54	0.667781
5288.65	0.72304
5340.74	0.787034
5336.23	0.58291
5333	0.403325
5331.87	0.2656
2539.72	0.170527
2539.88	0.169976
2540.49	0.168885
2627.71	0.166787
2723.19	0.162791
2783.74	0.159478
2848.62	0.1559
2915.32	0.152182
2982.07	0.148435
3049.26	0.144705
3115.45	0.141069
3180.84	0.137553
3245.55	0.134159
3309.48	0.130894
3371.55	0.127758
3432.81	0.124819
3491.64	0.121976
3554.18	0.119124
3615.78	0.116395
3676.06	0.113843
3737.21	0.111528
3800.74	0.109766
3852.49	0.108101
3903.71	0.108321
3971.12	0.11254
4034.92	0.135372
4097.49	0.218072
4170.75	0.293763
4238.4	0.317941
4305.56	0.348454
4379.05	0.372288
4439.31	0.394132
4511.77	0.407144
4577.72	0.427706
4639.65	0.449954
4701.56	0.472282
4759.79	0.497077
4825.49	0.518912
4887.32	0.541597
4947.13	0.564083
4993.2	0.5802
5045.44	0.5927
5095.74	0.611141
5162.98	0.633757
5223.86	0.670342
5280.33	0.724591
5333.49	0.787155
5329.09	0.585482
5325.72	0.41559
5324.44	0.275542
2540.3	0.170475
2540.22	0.169948
2540.17	0.168929
2624.71	0.166996
2708.73	0.163533
2784.18	0.159586
2848.86	0.155913
2915.56	0.152231
2979.32	0.148624
3047.08	0.144833
3112.3	0.141234
3176.59	0.137762
3240.12	0.134394
3304.03	0.131178
3364.24	0.128056
3426.84	0.124981
3488.47	0.122013
3551.97	0.119093
3619.67	0.11617
3675.47	0.113857
3736.59	0.111899
3800.91	0.111018
3856.71	0.113535
3913.47	0.121751
3972.35	0.136949
4031.72	0.1709
4096.95	0.200332
4162.34	0.197454
4230.3	0.209875
4305.91	0.27531
4380.22	0.33795
4446.33	0.379087
4512.93	0.408007
4577.18	0.434333
4639.13	0.459499
4698.59	0.484424
4757.63	0.50933
4817.9	0.532796
4875.87	0.546448
4936.29	0.566929
4993.3	0.586238
5035.65	0.59499
5092.47	0.611213
5153.48	0.63465
5213.53	0.671623
5270.37	0.725565
5324.06	0.787386
5319.81	0.585889
5316.46	0.420858
5315.06	0.280634
2541	0.170418
2540.57	0.169924
2539.77	0.168981
2622.18	0.167152
2702.82	0.16386
2778.74	0.159992
2848.87	0.156052
2917.41	0.152149
2985.38	0.148269
3047.6	0.144742
3110.29	0.141328
3171.9	0.138047
3236.8	0.134572
3299.62	0.131326
3360.34	0.128208
3422.3	0.125157
3483.94	0.122198
3546.14	0.11932
3610.41	0.116501
3667.71	0.114056
3731.8	0.112013
3803.18	0.111742
3857.65	0.116315
3914.69	0.135401
3974.84	0.181099
4036.62	0.190572
4101.39	0.19557
4161.52	0.22686
4238.82	0.29372
4311.01	0.345922
4380.54	0.381012
4447.12	0.408853
4511.35	0.434145
4574.58	0.458279
4637.3	0.481309
4692.6	0.486508
4751.08	0.505698
4798.53	0.523039
4865.69	0.539286
4926.18	0.560449
4982.47	0.581604
5034.3	0.599596
5082.57	0.611711
5141.08	0.63568
5201.36	0.672817
5258.61	0.726489
5312.65	0.787736
5308.52	0.58588
5305.23	0.422921
5303.75	0.282999
2542.16	0.170326
2541.32	0.169862
2539.77	0.16897
2621.39	0.167183
2701.59	0.16392
2779.1	0.160017
2850.52	0.15601
2919.89	0.15204
2982.18	0.14843
3045.16	0.144926
3110.81	0.141281
3177.14	0.137715
3235.85	0.134561
3297.67	0.131434
3355.56	0.128469
3418.54	0.125361
3479.36	0.122446
3538.81	0.119667
3596.64	0.11705
3653.86	0.114619
3720.39	0.112484
3788.31	0.112507
3850.68	0.122835
3909.35	0.175389
3991.29	0.307866
4051.33	0.302696
4110.58	0.334415
4173.29	0.369191
4243.39	0.396126
4311.72	0.420218
4378.95	0.440413
4445.7	0.457925
4506.84	0.460266
4569.09	0.472628
4626.83	0.484539
4683.94	0.496707
4738.94	0.514679
4798.16	0.531991
4858.9	0.549078
4917.49	0.56913
4974.22	0.588399
5031.28	0.603127
5079.09	0.618246
5123.04	0.639246
5187.16	0.674372
5245.11	0.727465
5299.34	0.788216
5295.3	0.585795
5292.11	0.423095
5290.6	0.283506
2544.2	0.170173
2542.8	0.169737
2540.28	0.16889
2621.95	0.167115
2703.03	0.163804
2785.57	0.159668
2854.27	0.155789
2916.22	0.15225
2982.01	0.148481
3046.44	0.144835
3110.85	0.141266
3174.49	0.137818
3236.14	0.134528
3298.43	0.131331
3361	0.128191
3417.39	0.12542
3476.64	0.122657
3533.67	0.119979
3584.09	0.117662
3631.36	0.115544
3708.24	0.112668
3779.4	0.110887
3846.35	0.112705
3912.1	0.125633
3980.88	0.157441
4042.7	0.182643
4104.07	0.25249
4178.69	0.335184
4244.72	0.371057
4309.66	0.382057
4374.71	0.400811
4436.03	0.412538
4501.47	0.427652
4564.23	0.447602
4621.68	0.46095
4675.92	0.474856
4725.91	0.497818
4791.74	0.516029
4851.78	0.537165
4908.7	0.559607
4963.68	0.580939
5018.38	0.597372
5069.28	0.614697
5124.61	0.642423
5174	0.675013
5230.39	0.727943
5284.06	0.788838
5280.17	0.585169
5277.23	0.420706
5275.74	0.281755
2547.68	0.169942
2545.43	0.169539
2541.31	0.168755
2623.05	0.167037
2702.97	0.163829
2780.37	0.159972
2851.45	0.156014
2917.76	0.152176
2983.3	0.14841
3047.9	0.144744
3111.85	0.141192
3174.07	0.137804
3236.08	0.134522
3299.21	0.131287
3357.29	0.128341
3417.67	0.125438
3474.54	0.12277
3528.87	0.120185
3585.94	0.117543
3643.26	0.115045
3702.49	0.112585
3775.34	0.110043
3843.36	0.108789
3909.98	0.11174
3977.08	0.128464
4043.08	0.189961
4099.97	0.243521
4171.6	0.297322
4236.82	0.331741
4306.05	0.366641
4365.01	0.383131
4433.49	0.40363
4494.91	0.407978
4554.93	0.419672
4612.32	0.43379
4672.65	0.454531
4729.18	0.480391
4787.83	0.505985
4844.73	0.530969
4899.24	0.556174
4951.58	0.580284
5007.87	0.597577
5065.71	0.614136
5113.61	0.637682
5168.43	0.678149
5213.51	0.72825
5265.89	0.789578
5263.09	0.579535
5260.85	0.411913
5259.47	0.275863
2553.44	0.169621
2549.96	0.169245
2543.37	0.168512
2625.91	0.166825
2705.4	0.163654
2781.51	0.159851
2853.45	0.155874
2920.14	0.152015
2985.65	0.148262
3050.14	0.144598
3114.78	0.140987
3174.1	0.137776
3235.15	0.134599
3294.9	0.131504
3355.38	0.128489
3411.4	0.125667
3473.18	0.122712
3532.19	0.11992
3591.49	0.117221
3651.02	0.114618
3709.54	0.112149
3776.85	0.109587
3842.45	0.107522
3907.37	0.107067
3971.88	0.112411
4033.97	0.139038
4092.53	0.187862
4154.88	0.22973
4224.34	0.278791
4293.77	0.316507
4360.73	0.334208
4422.4	0.347398
4485.03	0.36527
4550.14	0.388179
4609.64	0.415656
4669.2	0.443366
4726.66	0.470642
4782.29	0.497914
4836.99	0.524553
4889.33	0.551482
4933.73	0.576475
4994.34	0.592898
5049.95	0.606682
5099.53	0.629117
5153.47	0.663448
5203.41	0.714959
5242.3	0.773095
5244.66	0.550355
5243.68	0.392236
5242.47	0.264598
2562.71	0.169204
2557.64	0.168842
2547.53	0.168118
2631.77	0.166424
2711.17	0.163259
2786.8	0.159459
2860.75	0.155364
2923.77	0.151714
2989.12	0.148049
3052.36	0.144503
3113.47	0.141054
3173.46	0.13778
3234.86	0.13461
3294.19	0.13147
3355.11	0.128386
3414.49	0.125426
3475.08	0.122526
3535.75	0.119695
3597.41	0.116924
3660.47	0.114205
3722.38	0.11161
3780.86	0.109424
3843.07	0.107597
3905.83	0.10695
3968.64	0.108737
4029.88	0.108485
4091.25	0.119804
4152.64	0.144609
4212.08	0.1966
4273.41	0.21885
4338.2	0.244774
4416.66	0.326172
4487.09	0.377094
4545.57	0.393841
4601.89	0.42302
4663.47	0.451795
4722.08	0.48009
4774.17	0.497111
4828.42	0.520915
4877.53	0.544804
4930.04	0.569081
4984.42	0.589907
5038.33	0.605922
5092.53	0.629399
5138.02	0.662916
5187.36	0.719535
5234.27	0.788817
5229	0.573646
5226.97	0.389714
5225.62	0.262796
2577.07	0.168686
2570.38	0.168326
2557.32	0.167523
2642.44	0.165761
2720.68	0.162672
2793.79	0.15904
2859.49	0.155367
2928.73	0.151432
2995.94	0.147609
3053.89	0.144321
3112.28	0.141092
3175.25	0.137665
3236.45	0.134417
3296.57	0.131275
3356.76	0.128226
3416.77	0.125262
3477.37	0.122365
3538.88	0.119515
3602.52	0.116676
3671.76	0.113764
3721.44	0.111534
3782.5	0.109095
3843.66	0.10678
3904.84	0.104704
3966.3	0.103088
4026.4	0.102391
4087.86	0.106859
4146.26	0.119252
4207.96	0.12059
4268.57	0.13819
4326.87	0.181592
4405.87	0.289127
4475.34	0.36209
4539.1	0.401361
4601.2	0.432853
4656.56	0.445661
4710.94	0.463084
4765.96	0.484083
4819.25	0.509877
4870.83	0.536253
4922.28	0.562375
4973.58	0.585436
5024.5	0.602511
5074.24	0.625184
5118.9	0.666595
5169.13	0.724944
5217.9	0.791657
5212.32	0.590739
5209.61	0.448244
5207.72	0.28859
2598.17	0.168041
2589.54	0.167722
2570.17	0.166959
2659.53	0.165064
2738.02	0.161776
2807.95	0.158154
2875.72	0.154357
2935.77	0.150968
2993.63	0.147662
3057.42	0.144084
3118.14	0.1407
3179.05	0.137396
3239.36	0.134194
3299.19	0.131088
3358.96	0.12807
3418.85	0.125129
3479.24	0.122255
3540.39	0.119435
3602.63	0.116664
3665.6	0.113955
3724.28	0.111412
3784.9	0.108945
3845.14	0.106566
3904.53	0.104348
3966.28	0.102407
4022.42	0.101295
4078.68	0.100247
4141.09	0.100622
4202.74	0.104843
4262.17	0.126874
4319.34	0.198553
4397.32	0.318957
4461.58	0.352248
4528.77	0.384038
4589.74	0.401368
4649.83	0.425231
4706.11	0.452103
4756	0.476817
4808.59	0.5038
4861.38	0.530575
4912.33	0.557362
4961.7	0.582145
5010.19	0.601184
5058.05	0.625809
5105.8	0.667482
5147.83	0.726049
5194.69	0.793268
5188.29	0.600146
5185.01	0.453052
5183.97	0.295817
2627.91	0.167161
2619.46	0.166887
2591.44	0.166181
2687.44	0.1639
2763.88	0.160419
2824.3	0.157198
2880.88	0.153962
2943.79	0.150423
3003.62	0.147011
3064.14	0.143625
3124.01	0.140318
3183.65	0.137092
3243.01	0.133951
3302.19	0.130895
3361.4	0.127917
3420.86	0.12501
3480.79	0.122166
3541.36	0.119378
3602.62	0.116642
3664.41	0.113963
3725.94	0.111357
3788.52	0.108823
3848.43	0.106427
3902.88	0.104358
3957.69	0.102372
4017.83	0.100298
4076.45	0.0987803
4137.36	0.099219
4199.81	0.108541
4255.33	0.143811
4318.91	0.20196
4378.82	0.209789
4440.88	0.238064
4515.04	0.321323
4581.43	0.370535
4642.36	0.407036
4698.9	0.438738
4752.08	0.468913
4794.48	0.497795
4850.87	0.523076
4901.57	0.54998
4949.23	0.576152
4994.93	0.597353
5038.94	0.620141
5080.09	0.660447
5118.48	0.725471
5163.18	0.794725
5159.9	0.599015
5158.76	0.444949
5158.03	0.29298
2666.14	0.165931
2668.98	0.165511
2680.95	0.164539
2734.84	0.161952
2787.77	0.159124
2842.14	0.156091
2897.29	0.152939
2954.96	0.149674
3013.04	0.146395
3071.66	0.143135
3130.28	0.139921
3188.76	0.136771
3247.1	0.133697
3305.44	0.130697
3363.94	0.127767
3422.8	0.124901
3482.19	0.122091
3542.16	0.119332
3602.67	0.116622
3664.14	0.113955
3727.31	0.111302
3795.66	0.108584
3844.22	0.106555
3901.62	0.104323
3959.41	0.10219
4015.92	0.100244
4073.13	0.0989509
4133.09	0.0990426
4191.92	0.101312
4254.04	0.102871
4316.02	0.115042
4376.42	0.124617
4436.15	0.148572
4494.21	0.227367
4571.05	0.330476
4633.62	0.383165
4690.6	0.417827
4743.73	0.448159
4792.99	0.477636
4843.04	0.507853
4891.38	0.536161
4937.1	0.563718
4980.09	0.588153
5020.17	0.608004
5053.17	0.636953
5085.99	0.675804
5117.99	0.701707
5128.79	0.567575
5132.64	0.414903
5132.56	0.264114
2701.58	0.164489
2709.37	0.163881
2728.51	0.16259
2765.69	0.16042
2810.27	0.157853
2859.24	0.155035
2911.22	0.152051
2965.82	0.148957
3022.05	0.145809
3079.3	0.142652
3136.88	0.13952
3194.21	0.136444
3251.46	0.133436
3308.86	0.130498
3366.46	0.127625
3424.62	0.124806
3483.45	0.122032
3542.96	0.119304
3602.37	0.116641
3662.84	0.114031
3724.25	0.111459
3786.34	0.108935
3845.35	0.10654
3901	0.104375
3963.52	0.102136
4014.51	0.100326
4062.77	0.0985604
4129.68	0.0965798
4192.01	0.0950649
4252.78	0.0942241
4312.87	0.0961707
4372.17	0.103837
4430.47	0.1309
4486.73	0.20484
4561.65	0.315565
4623.86	0.378259
4681.06	0.417167
4735.11	0.450906
4787.14	0.483124
4833.78	0.499102
4881.15	0.523816
4925.72	0.546351
4967.14	0.567185
5003.94	0.58472
5036.96	0.596834
5066.46	0.602361
5091.05	0.588891
5104.8	0.499372
5110.94	0.352407
5111.89	0.217986
2729.26	0.163152
2738.45	0.162461
2758.06	0.161111
2789.17	0.15915
2828.41	0.156786
2873.39	0.154145
2922.61	0.151308
2975.15	0.148338
3030.14	0.145284
3086.77	0.142193
3143.92	0.139116
3199.97	0.136109
3255.94	0.133175
3312.37	0.130297
3368.79	0.127499
3426.16	0.124737
3484.52	0.121998
3544.37	0.119267
3601.58	0.116689
3661.27	0.114151
3721.26	0.111641
3780.94	0.109192
3836.98	0.106876
3897.3	0.10448
3956.83	0.102228
4013.21	0.100119
4069.81	0.0980947
4132.14	0.0961051
4195.01	0.0943932
4253.47	0.0936719
4311.41	0.0964087
4368.86	0.110677
4423.69	0.158747
4487.67	0.272675
4551.52	0.31202
4612.44	0.352452
4669.72	0.382871
4724.62	0.404819
4774.86	0.42227
4826.01	0.440223
4872.98	0.463754
4916.51	0.48549
4956.52	0.504632
4992.37	0.519199
5023.96	0.526201
5051.11	0.518571
5073.1	0.482766
5087.8	0.389499
5093.45	0.235028
5098.08	0.185906
2747.8	0.162148
2757.17	0.16144
2776.16	0.160108
2804.58	0.158259
2840.86	0.156023
2883.36	0.1535
2930.77	0.150762
2982.13	0.147864
3036.72	0.144849
3093.88	0.141762
3152.23	0.138669
3206.02	0.135764
3260.22	0.132925
3316.22	0.130068
3370.51	0.127413
3427.12	0.124725
3484.56	0.12205
3541.75	0.119423
3600.86	0.116723
3660.06	0.114142
3719.31	0.111632
3778.25	0.109188
3836.36	0.106819
3895.4	0.1045
3954.38	0.102254
4012.87	0.100085
4072.41	0.0979998
4135.43	0.0960754
4203.88	0.0948379
4256.08	0.0956557
4311.46	0.102264
4367.73	0.123373
4423.29	0.168739
4482.49	0.178129
4545.8	0.172928
4604	0.198482
4657.24	0.222936
4711.77	0.255351
4767.79	0.292082
4818.97	0.329421
4865.37	0.360089
4908.42	0.382017
4948.21	0.395847
4983.95	0.401441
5015.13	0.397129
5041.39	0.378673
5062.71	0.338763
5075.37	0.252941
5084.06	0.180916
5088.89	0.148243
2757.04	0.161606
2766.34	0.1609
2784.87	0.159591
2812.18	0.157794
2847.16	0.15562
2888.5	0.153156
2935.05	0.150464
2985.97	0.147589
3040.84	0.144558
3099.96	0.141371
3165.3	0.137978
3211.91	0.135428
3262.97	0.132813
3313.24	0.130205
3370.17	0.127426
3427.1	0.124696
3484.43	0.122003
3542.09	0.119344
3600.61	0.116708
3659.48	0.114137
3718.42	0.11163
3777.19	0.109189
3835.73	0.106817
3894.55	0.10451
3953.5	0.102265
4012.67	0.100082
4072.81	0.0979621
4134.64	0.0959288
4197.05	0.0941108
4254.1	0.0928847
4310.65	0.0931489
4367.69	0.0967325
4425.37	0.105363
4484.46	0.111253
4544.62	0.116617
4602.76	0.130523
4658.1	0.146277
4712.29	0.160803
4764.96	0.176673
4813.62	0.199935
4857.38	0.223912
4901.31	0.249084
4942.52	0.266008
4979.42	0.272515
5011.1	0.269804
5036.77	0.256905
5055.13	0.225328
5069.6	0.189151
5079.43	0.147799
5084.28	0.120411
4213.97	0.0957137
4256.48	0.0974271
4311.5	0.106631
4367.42	0.136135
4420.95	0.217004
4472.36	0.335938
4493.25	0.43756
4550.59	0.451912
4611.9	0.479329
4669.32	0.50458
4724.69	0.524014
4770.09	0.531293
4791.54	0.572761
4832.69	0.574328
4880.72	0.592076
4925.37	0.608465
4967.01	0.632644
5003.23	0.644701
5022.82	0.655525
5050.7	0.656167
5063.55	0.675477
2642.28	0.166271
2695.22	0.163974
2748.17	0.161363
2773.78	0.159833
2835.76	0.156532
2908.19	0.152599
2956.61	0.149887
2980.47	0.148369
3041.96	0.145034
3112.46	0.141283
3161.5	0.138636
3187.97	0.137041
3250.96	0.133846
3321.02	0.130379
3368.35	0.128031
3395.83	0.12653
3459.85	0.123579
3529.01	0.120462
3571.19	0.118494
3597.83	0.117141
3657.8	0.114567
3719.28	0.111973
3752.49	0.110553
3769.41	0.109764
3708.63	0.112845
3736.21	0.111846
3791.92	0.111355
3851.11	0.114392
3902.83	0.128812
3957.93	0.176768
4014.39	0.271214
4078.27	0.31073
4126.15	0.317049
4149.55	0.32683
4206.64	0.369841
4275.02	0.396076
4342.22	0.410531
4397.65	0.430246
4457.77	0.436881
4523.28	0.443963
4584.9	0.449175
4639.27	0.454054
4647.42	0.471947
4446.98	0.575648
4500.06	0.578329
4561.1	0.581948
4622.51	0.587781
4684.54	0.592896
4746.46	0.598334
4807.93	0.608199
4868.86	0.620261
4929.79	0.631027
4989.84	0.642689
5048.69	0.653945
5106.66	0.663285
5164.25	0.670807
5212.47	0.688937
5266.9	0.695449
5316.31	0.704181
5357.71	0.704913
5360.9	0.520583
4429.49	0.474875
4473.61	0.493083
4498.15	0.52322
4534.32	0.523853
4586.88	0.549773
4638.13	0.567567
4687.97	0.579872
4710.99	0.608021
4740.24	0.608736
4792.58	0.630548
4844.09	0.65185
4898.45	0.66178
4920.81	0.68492
4949.13	0.685045
4998.24	0.704309
5044.42	0.726237
5092.62	0.737447
5121.92	0.740344
5151.95	0.739877
5193.5	0.751898
5198.22	0.579018
5198.32	0.456346
3747.81	0.110669
3774.05	0.109556
3794.51	0.108701
3834.78	0.107165
3895.77	0.105092
3956.15	0.103464
4019.23	0.103114
4061.81	0.105905
4086.31	0.109224
4146	0.122498
4210.53	0.163442
4265.64	0.290051
4325.87	0.370581
4353.83	0.431975
4406.11	0.434647
4475.62	0.451005
4542.82	0.460382
4607.27	0.465836
4643.67	0.467398
4667.74	0.473012
4698.72	0.473817
2768.11	0.160429
2784.59	0.159429
2806.42	0.158171
2848.59	0.155883
2915.74	0.152221
2975.9	0.148879
3000.49	0.147314
3046.75	0.144771
3110.58	0.141327
3167.37	0.13835
3189.49	0.136978
3235.28	0.134586
3297.87	0.131442
3350.37	0.128819
3371.03	0.127643
3416.87	0.125451
3476.91	0.12267
3526.12	0.120415
3539.6	0.11964
3585.5	0.117577
3643.64	0.115077
3690.49	0.113183
3699.56	0.112684
3427.57	0.124911
3474.37	0.122694
3537.6	0.119858
3602.69	0.11702
3667.88	0.114291
3729.3	0.111892
3788.84	0.110273
3846.9	0.110857
3909.05	0.117006
3960.06	0.127513
4013.05	0.160627
4069.99	0.259894
4130.79	0.3617
4203.14	0.387434
4274.77	0.396174
4329.58	0.398212
4352.79	0.416006
4404.31	0.416404
4459.93	0.419537
4498.36	0.418963
3733.18	0.111036
3779.03	0.1092
3833.41	0.107185
3889.43	0.105473
3946.4	0.104936
4004.17	0.108481
4052.26	0.123273
4072.02	0.15039
4113.54	0.206368
4175.14	0.337976
4239.63	0.414851
4306.58	0.448929
4373.83	0.464454
4437	0.478631
4492.29	0.494847
4544.96	0.505114
4597.95	0.510598
4642.26	0.512827
4663.28	0.525916
4703.37	0.526531
4750.32	0.531577
4781.58	0.533179
3543.09	0.119594
3591.3	0.117398
3651.64	0.114807
3711.66	0.112323
3771.74	0.110143
3809.56	0.109343
3833.25	0.109146
3889.78	0.110573
3951.09	0.118869
4011.97	0.144785
4070.29	0.2131
4134.19	0.340226
4194.69	0.391529
4270.39	0.416396
4343.39	0.430871
4412.43	0.441685
4468.52	0.445947
4491.83	0.480702
4542.21	0.480975
4604.26	0.484967
4647.1	0.48579
3679.25	0.113412
3716.05	0.11188
3731.39	0.111136
3776.81	0.109286
3832.16	0.107137
3888.43	0.105063
3945.52	0.103198
4003.17	0.101862
4061.14	0.101876
4120.11	0.105508
4178.74	0.117625
4217.41	0.134201
4237.51	0.134379
4290.34	0.139487
4349.31	0.158132
4406.84	0.182024
4460.23	0.174135
4510.39	0.181133
4555.6	0.207469
4595.53	0.240298
2958.41	0.149667
3006.37	0.146934
3070.65	0.143396
3136.47	0.139829
3202.83	0.136314
3269.32	0.13288
3335.69	0.12954
3401.61	0.126305
3466.78	0.123184
3531.25	0.120185
3594.99	0.117306
3657.52	0.114567
3716.77	0.112043
3779.22	0.10963
3842.61	0.107673
3903.87	0.107124
3958.06	0.110436
4007.5	0.122655
4028.34	0.140226
4150.28	0.101739
4171.1	0.10431
4187.75	0.120075
4230.9	0.154593
4252.87	0.295787
4289.06	0.334746
4343.74	0.372954
4370.35	0.418759
4423.16	0.425982
4446.16	0.468231
4492.28	0.469343
4526.48	0.480211
4554.77	0.486137
4597.44	0.492135
4616.29	0.515396
4660.7	0.517388
4683.63	0.544082
4721.65	0.544415
4761.04	0.552451
4786.02	0.566769
4829.34	0.569743
4846.99	0.594513
4887.84	0.595468
4920.21	0.597704
4955.58	0.597239
4999.28	0.598852
5015.43	0.59881
3942.87	0.110127
3960.3	0.111256
4009.09	0.127552
4059.7	0.187507
4119.7	0.3144
4145.03	0.375182
4189.67	0.386915
4262.07	0.417942
4334.03	0.438344
4397.65	0.45799
4425.29	0.487889
4463.98	0.487892
4522.49	0.503939
4580.07	0.512359
4635.68	0.519088
4660.45	0.531209
4689.18	0.530922
4751.66	0.560055
4808.75	0.572512
4863.28	0.580366
4892.63	0.582036
4920.11	0.582554
4963.33	0.584331
2585.15	0.166899
2598.75	0.166743
2642.51	0.165681
2720.34	0.162673
2793.82	0.159047
2850.15	0.155986
2870.69	0.154653
2923.25	0.151722
2988.98	0.148058
3052.86	0.144507
3093.46	0.14223
3117.21	0.140791
3174	0.137783
3235.27	0.134605
3293.05	0.13167
3318.21	0.130285
3356.66	0.128363
3417.42	0.125473
3474.92	0.122781
3521.2	0.120647
3539.27	0.119694
3583.49	0.117719
3623.8	0.115952
3687.7	0.113077
3710.88	0.112099
3728.73	0.111379
3780.78	0.109587
3843.1	0.108043
3905.84	0.108724
3968.74	0.117517
4001.07	0.141137
4032.46	0.156909
4090.23	0.236443
4154.65	0.351721
4224.52	0.391745
4288.96	0.40866
4315.74	0.450806
4364.3	0.451939
4432.89	0.4605
4494.76	0.469095
4555.71	0.474312
4601.14	0.476502
4624.61	0.494921
4675.3	0.495559
4710.41	0.498422
4221.08	0.156549
4228.89	0.1973
4271.86	0.275812
4328.02	0.353578
4350.29	0.4083
4397.53	0.411997
4449.82	0.422269
4466.28	0.474348
4516.24	0.476627
4563.98	0.481417
4586.42	0.518224
4642	0.521731
4682.39	0.526969
4695.78	0.538106
4745.97	0.542801
4768.48	0.562744
4793.34	0.562623
4839.71	0.566628
4853.6	0.58553
4883.34	0.585697
4928.57	0.588092
4941.04	0.608782
4976.72	0.609394
5016.38	0.613515
5024.47	0.625155
5050.99	0.625976
3083.78	0.142628
3131.15	0.140048
3197.32	0.13662
3264.65	0.133205
3328.7	0.129965
3388.75	0.126958
3447.9	0.12412
3504.16	0.121522
3528.59	0.120325
3562.11	0.118775
3621.38	0.116235
3678.49	0.113809
3734.28	0.111484
3791.54	0.109249
3850.63	0.107468
3912.06	0.107077
3974.7	0.11099
4036.81	0.127417
4096.49	0.176224
4161.04	0.288409
4188.17	0.348253
4231.86	0.350796
4262.99	0.365492
3377.84	0.127467
3395.01	0.126523
3412.23	0.125602
3455.92	0.12355
3516.27	0.120794
3576.73	0.118106
3617.45	0.116344
3642.3	0.11519
3698.26	0.11302
3747.42	0.11133
3805.03	0.11008
3830.58	0.109079
3872.96	0.108078
3936.26	0.109621
4000.47	0.116516
4049.72	0.125094
4074.49	0.126186
4131.56	0.14998
4194.72	0.229115
4264.7	0.343885
4298.25	0.388211
4340.6	0.388796
4412.63	0.396654
4478.77	0.403281
4520.37	0.407545
3630.73	0.115729
3635.85	0.115508
3675.99	0.113988
3736.87	0.112278
3800.26	0.111826
3856.74	0.114977
3913.59	0.12447
3972.13	0.144902
4029.11	0.197029
4097.15	0.307459
4153.27	0.350862
4177.03	0.424886
4237.59	0.432224
4305.73	0.446899
4378.06	0.454807
4439.94	0.473826
4511.26	0.479349
4577.3	0.488076
4639.54	0.494163
4701.25	0.495955
4735.28	0.496781
4744.67	0.495727
3805.01	0.108161
3841.52	0.106722
3862.15	0.105903
3902.91	0.104413
3951.81	0.102929
3972.06	0.102626
4022.59	0.102162
4065.28	0.106173
4089.56	0.111797
4145.26	0.135388
4171.17	0.205251
4210.25	0.261855
4272.28	0.358634
4304.06	0.40587
4360.07	0.407691
4415.1	0.424671
4438.34	0.474988
4494.85	0.477203
4538.38	0.483643
4565.16	0.506166
4620.86	0.509799
4648.39	0.521378
4683.8	0.520874
4736.66	0.522976
4760.37	0.52372
4788.14	0.52347
4798.65	0.520141
4802.29	0.524256
4837.07	0.524653
4853.58	0.540082
4892.72	0.540423
4908.61	0.565872
4946.61	0.566133
4958.32	0.588364
4990.58	0.588654
5003.12	0.604604
5033.55	0.604998
5047.2	0.62817
5080.02	0.628705
5091.87	0.662058
5120.77	0.663311
5138.16	0.695325
5171.62	0.696105
5183.61	0.738224
5211.36	0.739178
5218.68	0.772334
5239.62	0.772998
5233.93	0.769122
5228.44	0.626854
5218.01	0.62277
5216.57	0.612285
3967.11	0.102004
4015.53	0.100483
4047.7	0.100006
4074.13	0.0995635
4133.22	0.100909
4189.16	0.111898
4212.23	0.13825
4252.48	0.172507
4318.51	0.308748
4374.38	0.38845
4401.76	0.462337
4460.89	0.468514
4529.02	0.491573
4570.17	0.499075
4600.79	0.517613
4656.39	0.525319
4709.42	0.534484
4734.19	0.55141
4773.26	0.551497
4828.59	0.564205
4871.92	0.566907
4892.23	0.576465
4929.27	0.576767
3671.8	0.113908
3710.62	0.112355
3759.08	0.110829
3778.71	0.110603
3824.1	0.110037
3885.22	0.111149
3944.85	0.115267
4007.57	0.131628
4068.61	0.17316
4132.81	0.278675
4192.42	0.356061
4217.77	0.399026
4268.25	0.404654
4341.11	0.426285
4412.61	0.437585
4478.9	0.449753
4539.58	0.460756
4608.23	0.46343
4669.15	0.466963
4693.96	0.472815
4718.66	0.472369
3685.72	0.113442
3733.16	0.111696
3761.85	0.111396
3791.67	0.110766
3852.62	0.111937
3883.5	0.11538
3910.1	0.116948
3960.57	0.122347
3994.1	0.124357
4017.55	0.119038
4071.53	0.140645
4105.53	0.19401
4127.14	0.255868
4190.83	0.321494
4242.49	0.336884
4268.6	0.358574
4332.1	0.364763
4379.63	0.375647
4399.75	0.427911
4454.49	0.431428
4497.31	0.436962
4515.48	0.459497
4561.18	0.460483
4597.98	0.463972
4600.98	0.456944
3866.3	0.106806
3905.63	0.106255
3959.11	0.108646
4012.57	0.122857
4057.85	0.169586
4071.76	0.258743
4120.79	0.318943
4188.74	0.370885
4265.43	0.399578
4331.15	0.426552
4360.72	0.451251
4395.62	0.450988
4454.16	0.462857
4507.89	0.475262
4566.68	0.481122
4599.83	0.487563
4615.62	0.513525
4661.72	0.515927
4709.26	0.524964
4759.33	0.529823
4794.64	0.533307
4803.84	0.55187
4838.3	0.552351
4865.39	0.526521
4874.02	0.541379
4898.38	0.540162
4909.87	0.535582
4914.36	0.548075
4938.76	0.549211
4951.36	0.550814
4955.19	0.576244
4978.54	0.577567
4991.9	0.583657
4996.87	0.597816
5017.75	0.598492
5032.56	0.600474
5034.83	0.615299
5054.63	0.617269
5067.6	0.615599
5068.77	0.629693
5085.92	0.632986
5097.64	0.629654
5094.92	0.655334
5107.57	0.665596
5116.78	0.666768
5107.64	0.694426
5114.61	0.723868
5116.27	0.725006
3420.79	0.125133
3434.73	0.124428
3465.2	0.122989
3482.45	0.122174
3516.76	0.120627
3535.52	0.119753
3558.93	0.118721
3588.03	0.117425
3605.67	0.116647
3640.04	0.115185
3659.57	0.114341
3686.25	0.113286
3714.8	0.112102
3735.95	0.111226
3771.94	0.109883
3791.77	0.109402
3819.49	0.109793
3845.06	0.109996
3861.34	0.113029
3896.23	0.117106
3914.62	0.113161
3936.76	0.112524
3952.88	0.106021
3808.87	0.112957
3858.25	0.118406
3907.18	0.131804
3923.55	0.131706
3971.63	0.143731
4030.18	0.192563
4087.17	0.301009
4105.81	0.366223
4169.84	0.383791
4238.84	0.404535
4286.79	0.414377
4310.01	0.457516
4376.4	0.462239
4453.14	0.471231
4493.89	0.47989
4524.97	0.493883
4589.25	0.497626
4652.55	0.505038
4685.84	0.50743
4724.28	0.50661
4789.64	0.510347
4834.63	0.512938
4841.62	0.516551
4841.69	0.518722
3707.62	0.112669
3746.49	0.111484
3807.39	0.111091
3869.52	0.115976
3930.87	0.13866
3988.5	0.215998
4053.27	0.359787
4125.81	0.414839
4202.9	0.443311
4277.49	0.458628
4352.72	0.466455
4426.37	0.471713
4494.5	0.478752
4559.89	0.482954
4599.2	0.484747
4623.76	0.504529
4680.68	0.506718
4740.03	0.510485
4799.67	0.511516
4848.42	0.514037
4802.64	0.52254
4810.54	0.524169
4843.53	0.52467
4863.52	0.546982
4891.09	0.550536
4917.69	0.550865
4937.95	0.568709
4972	0.56903
4991.41	0.585393
5017.92	0.586878
5043.53	0.586676
5062.14	0.598104
5094.51	0.598189
5111.94	0.614699
5135.91	0.619132
5159.1	0.618897
5173.87	0.642615
5204.74	0.643729
5217.6	0.671193
5237.87	0.680743
5257.54	0.68118
5267.99	0.725706
5294.67	0.727883
5307.6	0.783645
5328.8	0.787153
5340.73	0.787049
4280.17	0.433768
4333.95	0.440878
4396.1	0.45077
4454.84	0.461261
4495.51	0.466162
4515.17	0.499978
4561.07	0.502923
4612.23	0.511552
4662.13	0.516875
4702.66	0.521384
4714.78	0.573299
4749.79	0.574857
4795.83	0.586435
4843.7	0.590484
4893.66	0.59227
4904.85	0.639264
4936.98	0.638797
4983.34	0.664065
5026.42	0.679436
5065.95	0.694735
5082.71	0.71415
5085.46	0.687348
5098.51	0.689253
3340.53	0.129231
3387.22	0.126924
3444.98	0.124186
3504.67	0.121428
3562.52	0.118788
3621.54	0.116224
3678.58	0.113822
3735.28	0.111543
3771.13	0.110269
3797.02	0.109292
3852.19	0.108084
3910.86	0.109043
3972.71	0.117122
4033.85	0.148167
4094.02	0.244747
4164.74	0.35379
4235.11	0.381645
4306.63	0.386696
4365.91	0.385836
4387.42	0.394278
4425.7	0.394611
3483.33	0.122199
3520.81	0.120444
3577.68	0.117944
3633.08	0.115529
3688.66	0.113308
3744.75	0.111588
3802.83	0.111478
3861.91	0.116684
3920.5	0.138219
3976.5	0.205218
4043.09	0.328415
4114.83	0.384057
4183.29	0.397455
4206.98	0.451875
4258.44	0.453528
4330.42	0.463161
4398.86	0.467383
4475.92	0.467866
4544.14	0.472816
4606.59	0.476652
4649.32	0.478344
3171.12	0.137597
3212.14	0.135413
3263.68	0.132802
3296.92	0.131095
3318.45	0.129918
3370.52	0.127418
3427.19	0.124735
3484.68	0.122067
3540.76	0.119537
3566.8	0.118279
3601.21	0.116706
3661.27	0.114175
3721.26	0.111668
3781.21	0.109223
3833.11	0.107145
3855.85	0.106138
3900.51	0.104434
3962.75	0.10222
4014.15	0.100375
4056.59	0.0988532
4048.61	0.283794
4049.02	0.30218
4100.34	0.369721
4171.9	0.405762
4222.09	0.418577
4247.82	0.463839
4309.15	0.468229
4375.18	0.480857
4426.53	0.485528
4450.6	0.521938
4506.21	0.523271
4569.3	0.533501
4620.83	0.536899
4643.55	0.561886
4691.87	0.562959
4750.77	0.576954
4798.08	0.58496
4825.87	0.58813
4874.79	0.588051
4936.21	0.597113
4990.48	0.598511
5009.35	0.609631
5045.1	0.609338
5079.54	0.612009
4012.36	0.491065
4051.41	0.496462
4110.55	0.513793
4173.7	0.524817
4243.05	0.531697
4311.39	0.539828
4378.65	0.54694
4445	0.55321
4506.63	0.563853
4568.51	0.570149
4626.51	0.581281
4683.57	0.589341
4739	0.598108
4798.14	0.603319
4858.64	0.610457
4917.25	0.621583
4974.11	0.630318
5030.63	0.634934
5079.21	0.642856
5113.89	0.645227
2748.73	0.161198
2752.18	0.160999
2766.51	0.16022
2824.6	0.15719
2863.7	0.155021
2880.29	0.154006
2935.92	0.15096
2986.32	0.148164
3004.49	0.147012
3053.63	0.14433
3109.78	0.141289
3131.78	0.139972
3172.99	0.137794
3234.93	0.134645
3267.8	0.132918
3295.52	0.131439
3355.77	0.128497
3399.67	0.126373
3421.06	0.125233
3474.5	0.122786
3523.85	0.120509
3541.18	0.119595
3583.34	0.117716
3625.48	0.115868
3917.75	0.120249
3958.92	0.158034
3992.6	0.26841
4016.51	0.33895
4076.46	0.375383
4141.88	0.413434
4209.85	0.431877
4245.37	0.442683
4275.01	0.454278
4338.17	0.462925
4404.43	0.473392
4465.37	0.484955
4491.24	0.504341
4522.42	0.504093
4580.05	0.510267
4636.75	0.517342
4690.24	0.521721
4709.41	0.546522
4741.23	0.546748
4793.01	0.553188
4841.75	0.558244
4878.88	0.559183
2735.47	0.162018
2783.66	0.15945
2848.76	0.155881
2915.34	0.152172
2982.1	0.148429
3049.19	0.144709
3115.39	0.141078
3180.78	0.137565
3245.48	0.134176
3309.32	0.130915
3371.46	0.12779
3432.64	0.124842
3491.96	0.121987
3554.11	0.119165
3615.66	0.11646
3676.15	0.113946
3737.33	0.11172
3799.39	0.109965
3851.9	0.108535
3891.99	0.108496
2832.76	0.157068
2855.85	0.155653
2914.45	0.152386
2939.26	0.15082
2981.74	0.148436
3044.12	0.14503
3071.73	0.143401
3109.82	0.141333
3172.17	0.138061
3205.14	0.13625
3239.82	0.134392
3304.42	0.131193
3341.59	0.129305
3371.85	0.127724
3433.3	0.124829
3473.84	0.122923
3500.67	0.121554
3558.64	0.118998
3600.57	0.117181
3623.69	0.116076
3678.87	0.113794
3722.85	0.112016
3743.55	0.111023
3792.98	0.109219
3833.25	0.108281
3840.01	0.108695
4073.53	0.418064
4080.85	0.44204
4138.17	0.472194
4203.55	0.487584
4273.75	0.49919
4345.14	0.509924
4414.49	0.520389
4482.06	0.53004
4543.12	0.544913
4604.1	0.553088
4662.01	0.562416
4731.3	0.564697
4783.16	0.565916
4808.18	0.594603
4864.66	0.595336
4928.52	0.604479
4989.38	0.613919
5045.39	0.625329
5102.33	0.629446
5158.03	0.633297
5207.2	0.637944
4524.69	0.542228
4556.44	0.542684
4616.49	0.54998
4677.62	0.557636
4741.83	0.561845
4805.87	0.566458
4855.28	0.568419
4874.27	0.63258
4917.34	0.637333
4976.94	0.642879
5035.45	0.65273
5093	0.661477
5149.86	0.668948
5205.53	0.676178
5259.15	0.681954
5301.48	0.685974
5343	0.68206
5348.75	0.458992
5349.73	0.293916
5349.76	0.248922
3588.56	0.117412
3634.44	0.115437
3688.26	0.113287
3732.89	0.111737
3750.9	0.111231
3796.08	0.110112
3850.83	0.109398
3914.59	0.109211
3955.74	0.110857
3980.36	0.109944
4039.68	0.117803
4103.3	0.147123
4162.1	0.233206
4189.33	0.35873
4231.28	0.370627
4309.89	0.394632
4384.53	0.407316
4442.76	0.413145
4461.86	0.439162
4514.53	0.439312
4579.45	0.445381
4627.06	0.448557
3806.4	0.110819
3822.28	0.113095
3856.94	0.115574
3909.24	0.130342
3926.31	0.155955
3973.08	0.19793
4030.08	0.305477
4054.59	0.369392
4110.73	0.37339
4154.51	0.378323
4180.52	0.381363
4243.62	0.385292
4271.66	0.388148
4305.92	0.387711
4361.46	0.390607
4378.6	0.393356
4422.41	0.394033
4476.89	0.401022
4494.5	0.442041
4545.33	0.444521
4586.85	0.451594
4604.34	0.474579
4656.07	0.476818
4684.23	0.483007
4706.7	0.486007
4753.83	0.489191
4769.69	0.497979
4783.24	0.498065
4216.21	0.155451
4220.51	0.156582
4256.63	0.180046
4276.08	0.169172
4303.45	0.244848
4330.66	0.31748
4358.82	0.377536
4394.3	0.378661
4413.93	0.42042
4452.27	0.421027
4469.52	0.428753
4500.78	0.43071
4522.6	0.434606
4542.99	0.435616
4571.63	0.435308
4584.79	0.448651
4614.65	0.449559
4623.62	0.476224
4650.54	0.479127
4662.58	0.495195
4679.39	0.505335
4702.29	0.505196
4710.38	0.521205
4734.79	0.521797
4736.71	0.480142
3917.04	0.131961
3947.08	0.174095
3961.13	0.240954
4014.65	0.343267
4076.61	0.393935
4141.89	0.425847
4209.79	0.441488
4276.92	0.457329
4344.67	0.469673
4405.76	0.48493
4460.61	0.499501
4516.21	0.506587
4578.98	0.51147
4642.95	0.51538
4690.68	0.517718
4714.58	0.541851
4767.64	0.542934
4825.59	0.553351
4879.14	0.558856
4913.91	0.561559
2683.98	0.164689
2702.32	0.163703
2745.06	0.161539
2771.15	0.160037
2835.9	0.156605
2890.93	0.153593
2913.28	0.15218
2970.55	0.149022
3034.96	0.145559
3060.77	0.143945
3111.52	0.141231
3179.93	0.137677
3212.79	0.135847
3250.19	0.133856
3318.02	0.130529
3362.54	0.128305
3387.77	0.126915
3447.99	0.124137
3500.15	0.121732
3521.7	0.120542
3573.57	0.118221
3630.22	0.115803
3653.51	0.114762
3697.2	0.113044
3737.76	0.111616
3147	0.139304
3154.74	0.138826
3192.4	0.136816
3257.02	0.133551
3319.14	0.130468
3345.96	0.129014
3384.8	0.127083
3447.68	0.124147
3508.04	0.121328
3539.51	0.11981
3574.61	0.118153
3638.62	0.115424
3701.4	0.112898
3736.85	0.111775
3767.34	0.110724
3824.78	0.110119
3885.94	0.113666
3924.38	0.126643
3950.53	0.138551
4006.43	0.190463
4075.49	0.278147
4117.59	0.287434
4138.04	0.274694
4187.59	0.286015
3280.17	0.132286
3333.51	0.129593
3392.65	0.126691
3452.62	0.123819
3512.13	0.121026
3571.69	0.118333
3628.77	0.115825
3685.69	0.113548
3743.49	0.11175
3797.52	0.111533
3846.39	0.115495
3869.46	0.125409
3915.01	0.144154
3971.66	0.21722
4038.53	0.341813
4112.72	0.388078
4189.77	0.402272
4259.44	0.411768
4330.33	0.41585
4391.52	0.418436
