2882.68	0.201481
2894.59	0.21188
2918.51	0.230663
2955.57	0.263178
3006.35	0.290387
3065.82	0.305696
3129.28	0.311564
3196.04	0.314381
3264.96	0.316031
3334.97	0.317152
3405.27	0.317979
3475.18	0.318632
3544.18	0.319185
3611.67	0.319694
3676.82	0.31999
3738.52	0.319502
3797.83	0.320223
3854.95	0.321263
3909.59	0.322455
3961.27	0.32368
4009.83	0.325238
4055.68	0.327511
4099.17	0.330047
4140.58	0.332756
4180.08	0.335562
4217.73	0.338382
4252.99	0.341164
4282.86	0.340357
4311.72	0.343176
4339.02	0.345691
4364.74	0.347757
4388.85	0.349327
4411.25	0.350347
4432.13	0.350736
4451.69	0.350421
4470.31	0.349371
4488.4	0.347618
4505.6	0.345165
4521.77	0.342029
4536.85	0.338211
4550.89	0.333738
4563.91	0.3287
4576	0.323235
4587.22	0.317469
4597.61	0.311417
4607.13	0.304858
4615.33	0.295532
4621.52	0.282294
4625.53	0.26853
4627.49	0.2611
2869.31	0.213182
2882.86	0.252447
2910.97	0.316458
2949.33	0.342072
2999.56	0.355258
3058.79	0.362495
3123.55	0.367721
3191.64	0.371802
3261.6	0.374993
3332.4	0.377443
3403.26	0.379297
3473.66	0.380677
3543.15	0.381648
3611.34	0.382179
3677.45	0.382256
3738.09	0.378429
3797.09	0.378695
3854.43	0.379175
3909.37	0.379538
3961.09	0.378982
4009.25	0.378178
4054.67	0.378961
4097.85	0.380537
4139.05	0.382733
4178.51	0.385457
4216.68	0.388502
4254.94	0.39099
4280.53	0.37658
4310.01	0.376102
4337.38	0.37925
4363.18	0.382424
4387.41	0.385405
4409.69	0.388084
4430.34	0.390713
4449.57	0.393235
4467.77	0.395687
4486.18	0.397888
4503.52	0.397508
4519.7	0.39432
4534.75	0.388206
4548.71	0.379174
4561.64	0.367557
4573.61	0.354198
4584.74	0.340387
4595.09	0.327414
4604.61	0.316153
4613.05	0.306694
4619.85	0.297009
4624.32	0.282915
4626.48	0.270128
2843.76	0.233781
2860.36	0.303407
2885.38	0.350742
2927.25	0.379666
2982.02	0.39725
3045.09	0.410195
3113.04	0.420023
3183.69	0.427406
3255.59	0.433018
3327.81	0.437325
3399.72	0.44068
3470.94	0.443319
3541.28	0.445337
3610.94	0.446595
3681.19	0.446379
3737.06	0.432804
3795.77	0.433246
3853.98	0.433948
3910.02	0.433774
3962.09	0.431213
4008.97	0.427144
4053.45	0.42702
4095.99	0.428276
4136.7	0.430389
4175.64	0.433181
4212.93	0.436674
4248.65	0.441384
4281.01	0.450597
4307.59	0.439765
4334.56	0.436616
4360.47	0.440251
4385.25	0.443617
4407.13	0.444292
4427.46	0.447518
4446.03	0.451727
4462.64	0.458481
4482.83	0.469157
4500.48	0.475418
4516.72	0.479105
4531.71	0.479603
4545.49	0.475458
4558.09	0.464647
4569.65	0.444881
4580.38	0.414288
4590.5	0.37756
4600.02	0.346635
4608.77	0.325172
4616.27	0.311481
4621.7	0.301044
4624.35	0.288548
2804.77	0.254593
2815.55	0.325614
2840.59	0.37945
2890.63	0.410804
2954.24	0.432439
3024.63	0.446661
3098.1	0.456198
3172.72	0.462568
3247.44	0.466807
3321.63	0.469626
3394.92	0.471505
3467.1	0.472758
3538.08	0.473589
3607.91	0.474145
3676.71	0.474628
3731.22	0.474585
3792.89	0.47565
3853.68	0.477039
3912.62	0.476613
3966.27	0.473601
4008.99	0.471336
4052.04	0.470736
4093.8	0.471109
4133.94	0.472338
4172.26	0.474402
4208.58	0.47754
4243.56	0.482234
4276.05	0.488632
4304.38	0.496362
4332.54	0.500224
4357.66	0.502098
4385.59	0.507934
4405.08	0.496366
4425.5	0.500436
4444.41	0.508307
4462.25	0.515686
4480.26	0.518111
4497.3	0.523887
4513.64	0.529968
4528.79	0.534865
4542.65	0.538379
4555.14	0.540121
4566.34	0.53823
4576.29	0.52639
4585.3	0.492045
4594.06	0.426989
4602.96	0.363427
4611.47	0.333006
4617.7	0.316784
4621	0.306718
2751.02	0.258093
2754.35	0.336449
2768.06	0.407371
2837.59	0.440198
2917.84	0.459557
2999.42	0.471227
3080.3	0.478375
3159.91	0.482876
3237.99	0.485833
3314.46	0.487887
3389.29	0.489409
3462.48	0.490622
3534.01	0.491678
3603.85	0.492703
3671.85	0.493868
3737.6	0.495452
3788.91	0.496399
3853.2	0.498298
3918.56	0.498337
3966.9	0.504139
4008.59	0.497093
4050.89	0.497743
4092.27	0.498933
4132.14	0.500481
4170.14	0.502493
4204.5	0.50516
4240.36	0.50883
4272.85	0.514138
4302.62	0.519712
4330.92	0.523971
4358.04	0.527904
4380.07	0.527393
4403.66	0.53284
4422.99	0.533695
4441.87	0.53827
4459.82	0.541365
4476.88	0.542942
4493.11	0.546098
4510.16	0.551709
4525.65	0.55724
4539.83	0.563753
4552.34	0.572442
4563.6	0.58453
4573.28	0.601995
4581.44	0.616633
4588.62	0.573173
4596.05	0.442335
4606.36	0.363686
4613.44	0.335235
4617.09	0.321974
2691.96	0.250761
2680.7	0.324083
2635.02	0.418413
2771.43	0.462597
2877.93	0.474158
2972.85	0.479264
3061.76	0.48135
3146.6	0.482181
3228.13	0.482632
3306.88	0.483095
3383.25	0.483714
3457.44	0.484525
3529.53	0.485521
3599.49	0.486685
3667.11	0.488001
3731.88	0.489458
3792.58	0.491073
3849.49	0.493888
3907.12	0.496052
3958.45	0.498351
4004.86	0.501028
4048.88	0.505641
4090.9	0.510457
4130.99	0.515347
4169.31	0.520309
4206.6	0.525131
4238.38	0.524874
4270.29	0.529567
4300.32	0.534267
4328.46	0.538579
4354.85	0.542727
4379.5	0.547172
4400.14	0.54805
4419.94	0.551408
4438.96	0.555956
4456.81	0.56073
4476.25	0.566404
4489.88	0.569736
4506.38	0.575745
4521.93	0.581603
4536.78	0.587419
4548.92	0.594101
4560.6	0.615359
4570.49	0.641789
4578.9	0.674536
4585.46	0.711486
4592.88	0.59355
4602.54	0.401958
4609.74	0.352275
4613.53	0.334971
2645.88	0.242087
2633.75	0.307454
2596.27	0.432423
2731.67	0.47489
2846.85	0.477272
2949.76	0.477104
3044.83	0.476161
3134.15	0.47528
3218.56	0.474782
3299.2	0.474701
3376.85	0.474971
3451.95	0.475527
3524.64	0.476326
3594.92	0.477338
3662.67	0.47855
3727.7	0.479959
3789.98	0.481605
3842.58	0.483004
3899.52	0.483705
3952.49	0.485239
4001.13	0.487534
4046.54	0.490829
4089.21	0.494836
4129.37	0.499365
4167.33	0.504156
4203.35	0.508928
4236.76	0.513341
4268.79	0.518984
4298.99	0.524935
4326.79	0.53129
4352.6	0.537664
4376.58	0.543745
4398.34	0.549478
4418.29	0.555359
4435.05	0.560025
4456.47	0.564977
4472.33	0.568141
4487.7	0.571639
4502.26	0.578373
4517.23	0.583956
4533.82	0.591406
4547.64	0.602372
4559	0.622869
4568.47	0.649634
4576.91	0.683266
4584.05	0.718396
4591.06	0.627662
4599.86	0.424924
4606.68	0.362622
4610.55	0.343124
2613.5	0.232133
2603.23	0.277024
2580.54	0.441701
2708.75	0.480611
2825.05	0.480015
2931.69	0.479189
3030.97	0.478635
3123.93	0.478459
3210.14	0.47867
3291.87	0.479234
3370.38	0.480038
3446.21	0.481016
3519.49	0.48214
3590.21	0.483411
3658.27	0.484852
3723.58	0.486488
3786.32	0.488325
3847.15	0.490312
3893.17	0.488736
3948.16	0.490246
3997.95	0.493338
4044.28	0.496842
4087.39	0.50068
4127.34	0.504921
4164.7	0.509584
4200.18	0.514571
4234.02	0.519802
4266.65	0.525058
4297.64	0.530246
4324.79	0.535646
4349.94	0.541671
4373.72	0.547519
4396.27	0.553125
4415.6	0.556065
4434.77	0.559861
4452.74	0.560549
4469.79	0.560482
4486.75	0.5628
4501.68	0.56768
4518.18	0.574024
4533.61	0.583035
4546.92	0.595911
4558.34	0.620645
4566.31	0.650667
4575.89	0.681444
4583.01	0.687866
4590.03	0.575104
4597.82	0.42424
4603.79	0.367119
4608.22	0.347587
2592.65	0.224668
2585.38	0.249346
2571.86	0.457282
2694.64	0.491644
2809.92	0.491065
2918.2	0.49084
3020.74	0.490906
3117.9	0.491024
3203.72	0.490273
3285.29	0.49096
3364.15	0.491942
3440.55	0.493096
3514.44	0.494385
3585.7	0.495814
3654.13	0.497414
3719.58	0.499231
3782.07	0.501316
3841.54	0.503762
3896.99	0.50695
3946.54	0.506552
3995.78	0.509543
4042.78	0.51286
4086.33	0.516221
4125.5	0.519615
4161.59	0.523885
4196.29	0.52877
4230.18	0.534
4263.86	0.539271
4297.89	0.544092
4322.6	0.541915
4346.55	0.545964
4370.03	0.548414
4390.98	0.550281
4413.68	0.552484
4433.47	0.555992
4451.74	0.557985
4469.46	0.559966
4485.69	0.563789
4502.13	0.570128
4517.99	0.578593
4533.29	0.589031
4545.7	0.60064
4556.7	0.623923
4566.94	0.655711
4575.61	0.692893
4582.44	0.722822
4588.93	0.649535
4596.96	0.446483
4603.34	0.374317
4607.06	0.350539
2579.59	0.221883
2574.92	0.239805
2566.04	0.487132
2685.14	0.51669
2798.91	0.516678
2907.66	0.51725
3013.2	0.518056
3120.67	0.51823
3199.16	0.508357
3279.05	0.507606
3357.98	0.508025
3434.99	0.508615
3509.63	0.50921
3581.61	0.5098
3650.56	0.510415
3716.14	0.511123
3778.48	0.512008
3837.6	0.513142
3893.22	0.514594
3942.93	0.516302
3993.57	0.518737
4042.51	0.520972
4087.46	0.523685
4124.61	0.523082
4157.77	0.524674
4191.12	0.528304
4224.48	0.528015
4258.64	0.530781
4290.17	0.533475
4317.26	0.533285
4341.5	0.535272
4367.02	0.539657
4390.08	0.545081
4412.42	0.550425
4429.84	0.553612
4450.48	0.557365
4468.86	0.562076
4486.35	0.567825
4501.04	0.572919
4516.27	0.577905
4530.82	0.586385
4544.86	0.599147
4556.77	0.624157
4566.98	0.656122
4575.39	0.693202
4582.08	0.721984
4588.47	0.648749
4596.43	0.447633
4602.82	0.375697
4606.34	0.351014
2571.19	0.221798
2568.14	0.240893
2561.96	0.496051
2678.27	0.516995
2790.2	0.515013
2897.67	0.513009
3000.98	0.510969
3099.72	0.508715
3187.46	0.505437
3271.04	0.504673
3351.91	0.504334
3430.33	0.504222
3506.3	0.504333
3579.62	0.504698
3649.72	0.505376
3715.29	0.506545
3777.52	0.507938
3836.89	0.509549
3893.69	0.511419
3949.16	0.513508
3991.67	0.51511
4046.41	0.518142
4084.81	0.513488
4121.58	0.516115
4156.49	0.518819
4189.08	0.522227
4225.18	0.526
4255.42	0.5263
4284.16	0.528391
4312.77	0.531319
4338.41	0.535546
4364.21	0.540444
4387.76	0.546254
4407.4	0.550791
4428.71	0.555172
4449.46	0.559648
4467.13	0.563417
4484.36	0.568856
4500.39	0.574465
4513.61	0.578365
4529.92	0.586068
4543.79	0.600981
4556.24	0.625095
4566.67	0.656124
4575.08	0.692403
4581.73	0.719782
4588.11	0.641383
4596.06	0.442845
4602.41	0.37398
4605.85	0.350105
2565.69	0.223035
2563.58	0.246034
2559.07	0.498794
2673.11	0.513622
2783.23	0.511372
2889.13	0.509169
2990.64	0.507101
3087.19	0.505178
3177.47	0.503454
3263.31	0.502296
3345.86	0.501369
3425.68	0.500627
3503.13	0.500073
3578.41	0.499746
3650.97	0.49975
3715.41	0.497822
3777.05	0.498869
3836.41	0.500366
3893.1	0.502171
3946.34	0.504221
3995.99	0.506408
4039.88	0.505855
4081.78	0.507831
4119	0.512059
4154.7	0.516778
4188.42	0.519846
4220.2	0.52287
4252.47	0.527219
4282.12	0.532395
4310.2	0.537694
4337.56	0.543069
4361.49	0.546063
4383.5	0.550056
4405.27	0.553104
4426.12	0.55564
4446.71	0.558253
4465.54	0.558507
4483.53	0.561466
4499.99	0.568144
4514.99	0.57737
4529.17	0.588047
4541.85	0.603573
4555.45	0.626039
4566.24	0.655901
4574.72	0.691345
4581.37	0.717405
4587.79	0.63266
4595.78	0.436636
4602.09	0.371322
4605.49	0.348755
2562.07	0.225622
2560.52	0.253952
2557.02	0.515202
2669.25	0.526886
2777.81	0.525049
2882.35	0.523555
2982.64	0.522502
3078.42	0.521953
3169.46	0.521934
3256.45	0.522203
3340.09	0.522585
3420.95	0.523011
3499.65	0.523418
3577.4	0.523647
3657.86	0.523176
3715.85	0.51749
3776.36	0.51717
3836.09	0.517215
3893.45	0.517209
3944.64	0.516498
3991.92	0.517554
4035.52	0.519914
4081	0.522605
4115.54	0.518251
4150.71	0.519367
4185.53	0.522604
4218.2	0.526369
4249.89	0.530433
4279.49	0.535035
4306.22	0.53895
4333.97	0.542177
4358.95	0.545575
4379.52	0.547897
4403.2	0.55227
4424.77	0.554488
4443.21	0.555891
4463.55	0.559037
4482.11	0.562805
4498.89	0.567934
4514.26	0.575477
4528.45	0.586624
4541.8	0.603278
4555.19	0.62543
4565.97	0.654938
4574.43	0.690016
4581.05	0.71511
4587.51	0.624334
4595.53	0.430736
4601.83	0.368722
4605.19	0.347422
2559.75	0.229395
2558.54	0.264683
2555.65	0.525609
2666.57	0.534747
2773.93	0.532797
2877.38	0.531048
2976.77	0.529553
3072.04	0.5283
3163.25	0.527244
3250.73	0.526312
3334.91	0.525462
3416.19	0.524685
3494.91	0.523984
3571.37	0.523371
3645.09	0.522872
3710.84	0.522654
3774.37	0.523373
3837.17	0.524086
3901.27	0.524696
3947.02	0.520627
3991.38	0.521113
4037.38	0.522286
4074.05	0.524799
4115.04	0.529041
4149.76	0.528333
4183.64	0.529556
4215.56	0.531542
4248.19	0.534592
4278.05	0.537769
4307.25	0.541386
4332.24	0.543741
4353.75	0.546096
4374.81	0.547009
4398.48	0.547343
4421.41	0.549448
4441.42	0.552123
4462.75	0.555338
4481.58	0.560128
4498.33	0.566843
4513.1	0.576134
4526.29	0.587219
4542.16	0.600894
4555.26	0.62339
4565.86	0.653218
4574.22	0.688424
4580.76	0.713008
4587.25	0.617183
4595.31	0.42573
4601.59	0.366493
4604.93	0.346261
2558.36	0.23277
2557.35	0.273024
2554.87	0.519465
2665.03	0.526731
2771.52	0.524873
2874.04	0.523092
2972.64	0.521431
3067.4	0.519895
3158.47	0.5185
3246.05	0.51727
3330.39	0.516227
3411.72	0.515376
3490.18	0.514709
3565.78	0.514196
3638.05	0.513791
3705.88	0.513468
3770.95	0.513706
3834.7	0.51432
3899.63	0.515111
3944.04	0.50909
3986.62	0.51056
4032.7	0.512925
4079.5	0.515352
4111.63	0.511524
4146.2	0.511022
4182.74	0.514594
4217.97	0.519787
4248.71	0.521754
4277.82	0.527975
4306.06	0.533643
4327.99	0.535187
4351.12	0.537178
4375.26	0.541306
4397.93	0.546101
4418.82	0.55067
4442.29	0.55482
4462.38	0.555948
4481.02	0.56028
4497.62	0.566148
4511.39	0.574911
4528.16	0.584614
4542.99	0.597737
4555.56	0.620802
4565.86	0.651141
4574.04	0.686729
4580.5	0.71115
4586.99	0.6113
4595.07	0.421634
4601.34	0.364652
4604.67	0.345286
2557.69	0.234507
2556.82	0.276936
2554.62	0.50029
2664.64	0.506332
2770.57	0.504997
2872.15	0.503708
2969.89	0.502349
3064.03	0.501047
3154.77	0.499839
3242.2	0.498776
3326.49	0.497893
3407.72	0.497205
3485.92	0.496703
3561.12	0.496351
3633.06	0.496127
3701.32	0.496079
3766.45	0.496412
3828.58	0.497008
3887.44	0.497379
3941.1	0.496012
3976.05	0.493614
4024.92	0.493648
4068.7	0.49475
4105.06	0.49446
4144.05	0.497167
4180.7	0.502313
4216.52	0.507686
4250.66	0.513416
4277.1	0.515356
4301.62	0.521071
4327.64	0.523411
4352.16	0.530416
4376.05	0.536742
4398.94	0.542107
4420.96	0.546455
4442.94	0.54992
4463.38	0.553433
4481.8	0.557939
4498.8	0.563988
4514.39	0.572057
4529.76	0.582042
4543.76	0.595013
4555.83	0.618285
4565.84	0.649099
4573.84	0.68512
4580.19	0.709531
4586.68	0.606351
4594.79	0.418212
4601.06	0.363098
4604.38	0.344449
2557.59	0.236423
2556.85	0.280872
2554.91	0.483927
2665.81	0.488792
2771.39	0.487562
2871.58	0.486694
2968.19	0.485853
3061.53	0.485021
3151.82	0.484277
3238.96	0.483683
3323.09	0.48327
3404.18	0.483061
3482.08	0.483071
3557.15	0.483269
3629.19	0.483693
3697.3	0.484446
3762.37	0.485508
3823.17	0.486935
3877.86	0.487631
3929.63	0.488502
3975.48	0.490102
4019.57	0.488959
4062.7	0.491697
4102.83	0.494418
4141.59	0.497803
4176.9	0.502063
4214.16	0.507422
4249.44	0.513283
4276.22	0.514767
4299.75	0.518717
4326.4	0.525674
4351.57	0.53254
4375.65	0.538523
4398.76	0.543425
4421.1	0.547224
4443.09	0.550252
4464.36	0.553275
4481.93	0.556962
4499.28	0.562709
4515.45	0.570285
4530.52	0.580183
4544.13	0.592998
4555.88	0.616214
4565.67	0.647384
4573.53	0.683763
4579.81	0.708122
4586.31	0.601812
4594.45	0.415136
4600.73	0.361709
4604.04	0.343693
2557.9	0.241318
2557.36	0.291334
2555.9	0.482212
2669.72	0.484962
2775.07	0.481824
2872.06	0.479208
2967.24	0.478466
3059.51	0.477852
3149.44	0.47737
3236.14	0.477084
3320.11	0.477007
3401.22	0.477153
3478.45	0.477584
3553.58	0.478226
3626.61	0.479081
3693.68	0.478149
3759.94	0.478734
3815.87	0.478992
3872.3	0.480695
3923.73	0.483193
3971.01	0.48628
4015.53	0.489991
4058.96	0.49433
4100.06	0.499046
4139.32	0.504074
4177.28	0.509303
4211.23	0.511064
4245.32	0.51548
4270.19	0.51785
4296.67	0.52256
4324.35	0.528507
4349.86	0.53495
4374.13	0.540572
4397.29	0.545127
4419.62	0.548632
4441.95	0.551424
4464.49	0.554217
4480.21	0.556842
4498.83	0.561926
4515.45	0.569172
4530.54	0.578936
4544.02	0.591637
4555.61	0.614748
4565.26	0.646178
4573.05	0.682784
4579.29	0.706847
4585.84	0.597214
4594.04	0.412135
4600.33	0.360386
4603.65	0.342971
2558.37	0.249215
2558.11	0.312121
2557.59	0.500401
2679.54	0.50113
2784.65	0.496567
2871.91	0.491187
2966.71	0.489349
3057.33	0.488307
3147.73	0.487804
3233.46	0.487415
3317.37	0.487462
3399.52	0.487707
3474.27	0.486638
3549.41	0.487263
3617.87	0.488017
3691.26	0.489899
3764.62	0.491124
3815.96	0.481451
3869.14	0.482662
3919.43	0.484506
3966.77	0.486903
4010.09	0.489686
4055.07	0.493601
4096.7	0.498038
4135.95	0.502748
4172.91	0.507658
4206.94	0.512812
4239.18	0.518584
4267.94	0.524654
4297.22	0.530691
4322.17	0.532629
4347.24	0.537664
4371.62	0.541805
4394.67	0.545383
4416.17	0.548584
4438.63	0.551289
4461.01	0.553995
4481.27	0.5577
4498.24	0.561258
4514.83	0.568496
4529.99	0.578196
4543.46	0.590842
4554.98	0.613949
4564.58	0.645633
4572.35	0.682295
4578.62	0.705664
4585.26	0.59222
4593.54	0.409062
4599.87	0.359085
4603.19	0.342265
2558.57	0.247834
2558.19	0.300416
2556.97	0.503417
2673.24	0.505246
2779.32	0.503082
2878.95	0.501587
2968.07	0.498413
3053.02	0.496485
3148.32	0.494305
3230.24	0.491971
3313.94	0.491315
3389.84	0.490594
3470.21	0.490304
3545.36	0.490413
3616.37	0.490839
3686.22	0.491362
3753.01	0.492135
3811.9	0.49345
3867.77	0.49594
3916.92	0.496956
3963.46	0.500353
4009.88	0.504131
4051.96	0.503715
4093.19	0.506846
4132.38	0.510125
4169.04	0.513545
4202.04	0.517383
4229.77	0.521074
4262.95	0.524182
4292.69	0.527924
4319.62	0.531814
4343.75	0.53656
4369.18	0.540666
4392.31	0.544991
4413.95	0.548501
4433.39	0.551049
4457.62	0.553331
4478.71	0.5567
4496.38	0.561927
4513.45	0.56835
4528.94	0.577884
4542.48	0.590514
4553.98	0.613883
4563.55	0.645996
4571.42	0.682439
4577.79	0.704554
4584.57	0.586855
4592.96	0.405976
4599.34	0.357844
4602.68	0.341601
2558.69	0.253266
2558.41	0.310637
2557.37	0.51623
2674.61	0.517846
2778.07	0.515899
2878.61	0.514293
2968.09	0.513316
3061.4	0.512277
3140.91	0.511309
3225.41	0.51223
3311.41	0.513044
3391.1	0.513118
3468.87	0.512694
3543.01	0.512763
3613.54	0.513393
3681.71	0.514406
3746.81	0.516255
3808.44	0.519128
3870.75	0.52105
3914.69	0.517974
3957.91	0.520129
4005	0.523802
4048.6	0.527517
4090.52	0.531184
4130.43	0.534811
4168.71	0.536652
4198.64	0.534231
4229.76	0.5376
4260.85	0.539998
4290.21	0.543407
4317.78	0.546942
4344.17	0.549888
4366.92	0.550377
4389.38	0.552488
4409.54	0.554663
4433.73	0.555423
4455.31	0.556573
4477.47	0.559428
4497.42	0.564443
4511.48	0.569359
4527.62	0.578032
4541.21	0.590702
4552.6	0.614837
4562.06	0.648017
4570.26	0.68341
4576.84	0.703603
4583.81	0.581766
4592.32	0.403241
4598.75	0.356802
4602.12	0.341058
2558.49	0.267155
2558.5	0.34838
2559.01	0.51592
2687.28	0.515719
2777.43	0.512768
2867.01	0.51166
2964.96	0.510478
3058.12	0.509424
3146.13	0.508656
3235.38	0.508405
3312.99	0.508306
3392.09	0.509355
3468.98	0.510641
3542.08	0.511331
3610.91	0.512117
3678.1	0.512802
3741.91	0.513622
3802.18	0.51457
3859.52	0.515491
3910.11	0.516199
3958.8	0.518541
4001.63	0.517555
4044.99	0.518742
4085.04	0.51943
4125.4	0.52057
4162.77	0.521948
4196.46	0.523426
4227.54	0.527602
4259.41	0.53209
4288.62	0.537344
4316.02	0.542338
4341.64	0.546851
4365.19	0.550779
4388.74	0.55422
4411.05	0.557356
4434.03	0.56033
4456.74	0.563925
4476.34	0.564706
4495.32	0.569546
4512.36	0.576288
4526.63	0.583743
4539.74	0.596058
4550.83	0.619137
4559.66	0.652254
4569.02	0.684842
4575.91	0.70303
4583.02	0.578576
4591.65	0.401609
4598.13	0.356202
4601.52	0.340764
2557.52	0.251744
2557.18	0.30825
2556.04	0.500974
2670.29	0.502666
2771.4	0.498781
2868	0.496777
2964.22	0.495868
3057.63	0.494991
3147.71	0.494392
3235.26	0.494159
3317.55	0.494254
3396.83	0.49486
3470.57	0.495397
3543.1	0.496423
3607.66	0.497957
3675.57	0.499594
3738.29	0.500794
3796.56	0.501103
3852.81	0.501232
3905.23	0.500599
3952.83	0.500454
3998.55	0.501812
4041.84	0.504799
4082.98	0.508078
4122.69	0.511968
4160.18	0.516064
4194.92	0.52071
4228.93	0.525748
4258.35	0.527854
4286.62	0.531749
4313.95	0.535538
4339.15	0.539047
4361.55	0.542628
4387.42	0.544741
4410.01	0.5476
4432.64	0.550215
4454.99	0.552768
4475.36	0.555892
4494.39	0.560885
4511.41	0.567945
4525.64	0.578194
4539.16	0.589862
4550.73	0.613518
4560.29	0.646844
4568.56	0.682598
4575.2	0.702764
4582.28	0.579036
4590.96	0.401629
4597.51	0.356094
4600.92	0.340716
2556.44	0.242806
2555.83	0.290565
2554.16	0.493773
2663.92	0.497279
2767.52	0.495244
2866.94	0.49368
2963.81	0.492453
3057.95	0.491444
3149.28	0.490602
3237.87	0.48988
3322.63	0.489225
3400.39	0.488404
3474.52	0.48876
3547.46	0.489494
3613.32	0.48688
3675.75	0.485437
3733.85	0.484483
3794.28	0.483128
3849.51	0.485083
3901.55	0.487238
3949.53	0.489894
3995.44	0.493128
4038.4	0.496854
4079.91	0.500773
4119.79	0.504994
4157.98	0.509478
4191.8	0.510989
4225.45	0.514222
4256.41	0.517063
4286.58	0.521183
4314.59	0.527355
4340.56	0.533367
4364.83	0.538861
4388.82	0.543323
4410.97	0.547152
4429.47	0.550624
4453.12	0.553725
4473.56	0.557694
4493.28	0.562979
4511.01	0.570138
4527	0.57956
4538.11	0.589299
4550.28	0.6109
4560.05	0.643217
4568.01	0.680446
4574.48	0.702286
4581.55	0.578395
4590.29	0.400372
4596.9	0.35519
4600.35	0.340089
2555.6	0.240492
2554.94	0.2876
2553.18	0.501729
2661.26	0.505868
2765.42	0.5042
2866.02	0.502681
2963.67	0.501261
3058.6	0.499934
3151.08	0.49873
3241.76	0.497646
3332.19	0.496639
3405.1	0.491653
3477.2	0.490609
3546.09	0.48934
3615.01	0.48816
3678.88	0.488072
3741	0.488819
3794.55	0.487513
3846.8	0.48827
3899.33	0.488397
3945.77	0.491167
3992.76	0.494842
4033.9	0.495514
4075.99	0.498473
4116.11	0.501014
4151.78	0.503462
4189.04	0.507119
4223.46	0.512101
4255.67	0.517515
4286.28	0.5231
4314.97	0.528656
4341.46	0.534001
4366.26	0.53903
4390.04	0.543447
4411.56	0.545818
4432.13	0.548953
4452.44	0.552069
4470.41	0.556257
4492.05	0.561006
4510.17	0.567663
4525.87	0.57705
4539.19	0.589736
4549.9	0.607376
4559.42	0.640243
4567.24	0.678456
4573.64	0.700288
4580.81	0.570455
4589.67	0.393568
4596.35	0.351571
4599.84	0.337651
2555.07	0.240989
2554.42	0.289568
2552.72	0.512534
2660.21	0.516687
2764.54	0.514949
2865.69	0.513329
2963.87	0.511826
3059.28	0.510458
3152.23	0.509245
3243.37	0.508164
3334.43	0.507169
3407.58	0.505424
3480.64	0.505459
3551.52	0.505531
3619.3	0.505636
3681.32	0.505758
3740.64	0.506546
3796.53	0.507762
3852.4	0.509144
3900.68	0.51015
3938.95	0.50464
3985.52	0.505242
4030.47	0.507802
4072.69	0.510252
4112.63	0.512927
4150.23	0.516021
4186.61	0.518796
4221.21	0.522151
4254.15	0.525673
4285.57	0.529175
4315.32	0.532682
4341.89	0.533923
4366.62	0.537088
4389.01	0.540631
4412.06	0.543628
4433.44	0.546765
4453.81	0.549622
4473.05	0.552892
4492.21	0.557032
4509.59	0.563425
4524.92	0.572311
4538.06	0.584447
4548.55	0.606756
4558.28	0.637026
4566.15	0.674897
4572.64	0.692187
4580.13	0.544557
4589.03	0.376791
4595.85	0.343245
4599.4	0.332151
2554.82	0.241658
2554.2	0.29095
2552.6	0.509394
2660.01	0.513412
2764.52	0.511841
2866	0.510446
2964.48	0.509263
3060.05	0.508293
3152.76	0.507532
3242.59	0.506961
3328.9	0.50655
3408	0.506431
3484.07	0.506842
3557.83	0.507682
3627.19	0.509368
3684.33	0.507856
3741.6	0.510229
3796.4	0.512482
3845.8	0.514644
3895.9	0.518064
3940.53	0.521839
3985.32	0.524823
4028.94	0.527724
4070.66	0.531179
4110.43	0.53489
4148.32	0.538681
4184.59	0.542236
4219.27	0.545836
4252.72	0.549365
4285.28	0.552526
4318.38	0.554749
4342.94	0.550651
4366.76	0.552509
4389.72	0.554865
4412.16	0.557012
4433.71	0.559257
4454.24	0.561802
4473.63	0.565021
4491.96	0.569051
4508.79	0.57439
4523.9	0.581823
4537.18	0.591681
4548.77	0.606505
4556.87	0.619197
4564.97	0.634119
4571.97	0.595756
4579.79	0.453973
4587.91	0.353478
4595.38	0.331533
4599.04	0.323863
2554.81	0.242285
2554.21	0.291555
2552.66	0.504036
2660.28	0.50773
2765.06	0.506012
2866.82	0.504411
2965.53	0.502976
3061.17	0.50173
3153.67	0.500692
3242.81	0.499892
3328.11	0.499387
3409.07	0.499182
3487.42	0.499296
3566.16	0.499651
3626.09	0.494262
3688.42	0.495012
3743.89	0.494382
3796.89	0.496693
3846.57	0.499533
3894.49	0.502818
3939.9	0.505784
3984.28	0.509006
4027.32	0.512073
4068.6	0.514954
4108.23	0.517646
4146.16	0.520219
4182.35	0.522757
4216.74	0.525233
4250.4	0.527435
4282.66	0.529724
4313.65	0.53177
4341.66	0.532211
4366.21	0.536152
4389.38	0.540366
4411.81	0.543943
4433.72	0.546841
4454.59	0.549831
4474.01	0.553445
4492.14	0.558262
4508.83	0.56493
4523.86	0.574058
4537.11	0.586205
4548.44	0.607446
4557.67	0.638996
4564.76	0.668685
4571.21	0.667439
4579.46	0.483463
4588.55	0.347717
4595.28	0.325787
4598.76	0.318584
2555.02	0.243323
2554.42	0.293073
2552.84	0.517694
2660.91	0.521378
2766.08	0.519547
2868.14	0.517868
2967.05	0.516378
3062.81	0.515089
3155.32	0.514012
3244.23	0.513169
3329.08	0.512589
3410.13	0.512273
3487.7	0.512221
3560.81	0.512477
3627.63	0.51407
3696.84	0.514779
3746.17	0.507359
3798.24	0.508519
3846.64	0.509304
3893.19	0.510802
3937.91	0.51274
3982.21	0.514811
4025.09	0.517006
4065.85	0.519378
4105.38	0.521926
4143.41	0.524587
4179.59	0.52737
4212.63	0.530441
4247.12	0.53356
4278.98	0.537237
4309.56	0.541185
4341.53	0.545055
4364.8	0.541969
4387.64	0.544338
4409.91	0.546825
4432.7	0.548742
4454.32	0.550724
4473.56	0.553323
4491.63	0.555446
4508.34	0.561564
4523.39	0.570075
4536.64	0.581865
4547.93	0.600154
4557.1	0.632012
4564.03	0.670598
4570.78	0.669119
4579.31	0.483544
4588.51	0.347277
4594.98	0.324143
4598.3	0.316381
2555.46	0.243709
2554.85	0.292859
2553.25	0.516511
2662.07	0.520183
2767.81	0.518314
2870.21	0.516584
2969.32	0.515037
3065.3	0.513684
3158.16	0.512524
3247.35	0.511555
3331.47	0.51079
3412.33	0.510338
3490.12	0.510116
3559.48	0.509952
3624.54	0.510784
3687.27	0.511733
3744.19	0.512689
3802.96	0.514498
3847.38	0.512779
3892.38	0.514755
3934.28	0.517434
3979.97	0.52101
4023.84	0.524155
4062.8	0.524235
4102.6	0.52716
4141.3	0.529954
4178.15	0.532714
4213.64	0.535422
4244.38	0.535208
4274.52	0.537786
4302.01	0.540585
4334.02	0.542523
4360.72	0.544595
4384.57	0.548154
4405.18	0.551908
4431.32	0.555307
4454.25	0.558253
4475.61	0.561517
4490.34	0.563555
4507.3	0.569405
4522.48	0.577039
4535.81	0.586886
4547.17	0.601826
4556.59	0.620541
4564.56	0.618147
4571.08	0.529632
4579.81	0.391777
4588.25	0.335463
4594.35	0.32133
4597.49	0.315322
2556.14	0.244036
2555.51	0.292487
2553.87	0.51824
2663.85	0.521894
2770.39	0.520038
2873.08	0.518429
2972.23	0.517041
3068.41	0.515834
3162.15	0.514803
3253.06	0.514068
3334.69	0.514444
3415.15	0.514472
3498.56	0.514122
3560.19	0.50751
3621.53	0.507169
3681.26	0.507461
3738.13	0.50772
3793.03	0.50811
3843.01	0.508154
3890.66	0.509373
3937.19	0.511036
3977.43	0.510402
4016.4	0.510616
4060.57	0.509179
4099.81	0.51073
4140.01	0.513152
4176.95	0.516671
4211.47	0.520609
4243.73	0.524446
4274.32	0.529299
4303.39	0.534257
4332.39	0.538715
4359.31	0.542548
4384.15	0.546076
4407.49	0.549086
4431.21	0.551544
4453.81	0.55412
4472.25	0.556756
4490.11	0.560804
4507.07	0.567186
4522.53	0.57623
4536.11	0.588343
4547.62	0.610718
4557.12	0.64341
4564.77	0.680259
4571.42	0.66349
4579.21	0.479694
4588.47	0.347015
4594.97	0.324387
4598.29	0.316915
2557.07	0.244682
2556.44	0.292615
2554.83	0.512172
2666.65	0.515571
2774.38	0.513595
2877.08	0.511843
2975.67	0.510313
3071.5	0.508953
3166.52	0.507732
3265.65	0.506546
3336.79	0.499105
3412.65	0.49858
3487.77	0.497522
3556.55	0.49467
3618.38	0.492955
3677.26	0.492843
3732.94	0.492849
3788.47	0.492869
3840.06	0.494094
3888.64	0.49625
3935.6	0.498982
3975.66	0.500851
4014.02	0.504494
4059.97	0.507389
4102.12	0.511357
4139.57	0.512809
4175.81	0.516221
4209.22	0.519861
4242.44	0.524106
4273.35	0.529631
4302.64	0.534998
4330.7	0.539876
4357.9	0.544062
4383.21	0.547655
4407.41	0.550641
4430.22	0.553012
4452.99	0.555828
4469.55	0.557333
4491.26	0.561289
4506.17	0.565473
4522.29	0.573704
4536.14	0.585116
4547.85	0.604593
4557.52	0.635043
4565.2	0.670794
4571.42	0.672591
4578.47	0.481326
4588.49	0.351895
4595.29	0.328301
4598.74	0.320626
2558.26	0.246762
2557.69	0.295917
2556.2	0.51118
2671	0.514075
2780.9	0.512164
2882.71	0.510703
2979.4	0.50987
3072.89	0.509142
3164.07	0.50839
3252.58	0.50775
3331.65	0.507635
3408.48	0.508387
3484.23	0.509272
3561.26	0.510205
3617.44	0.502666
3675.16	0.503298
3732.55	0.504683
3785.39	0.503633
3837.69	0.50505
3885.78	0.505856
3930.81	0.507632
3975.08	0.508211
4018.25	0.510144
4060.7	0.512529
4101.5	0.51553
4139.85	0.519003
4176.1	0.522733
4209.69	0.526854
4241.12	0.528948
4271.71	0.533476
4300.93	0.537489
4327.76	0.541521
4356.33	0.545174
4381.41	0.547493
4405.12	0.549598
4429.03	0.551611
4451.32	0.554596
4472.58	0.558575
4489.58	0.561402
4506.28	0.567202
4522.12	0.575246
4535.99	0.587239
4547.76	0.608905
4557.66	0.640469
4565.59	0.677732
4571.94	0.693438
4579.31	0.535072
4588.72	0.369627
4595.52	0.337002
4599.02	0.326845
2559.64	0.250102
2559.2	0.303378
2558.04	0.511171
2677.61	0.512847
2792.91	0.509894
2891.04	0.504792
2983.93	0.502906
3074.16	0.501795
3161.85	0.501125
3246.57	0.500587
3326.47	0.500007
3403.09	0.49979
3477.03	0.499742
3547.82	0.499643
3610.81	0.498799
3670.95	0.5004
3729.31	0.502503
3783.26	0.504053
3833.29	0.506753
3885.73	0.509536
3933.94	0.512758
3979.95	0.516082
4021.1	0.518126
4061.49	0.521417
4102.26	0.524382
4141.04	0.527303
4177.63	0.530207
4211.53	0.533174
4240.51	0.535956
4270.06	0.539947
4299.06	0.540798
4329.32	0.54354
4354.44	0.544889
4379.86	0.54809
4401.41	0.551391
4427.44	0.554045
4448.61	0.557714
4471.9	0.561989
4492.14	0.567979
4507.97	0.573405
4521.7	0.578406
4535.59	0.590848
4547.19	0.615387
4557.59	0.646886
4565.92	0.683446
4572.53	0.704353
4579.78	0.571758
4588.92	0.389361
4595.74	0.346453
4599.27	0.332683
2561.03	0.251532
2560.67	0.311264
2559.84	0.523212
2685.56	0.524321
2819.38	0.521792
2902.18	0.511349
2988.73	0.508878
3075.55	0.507478
3160.17	0.50631
3242.96	0.505524
3322.13	0.505086
3397.92	0.504992
3470.49	0.505263
3539.73	0.505986
3604.63	0.507343
3666.12	0.508729
3723.21	0.510457
3781.43	0.512621
3836.27	0.514589
3887.48	0.515975
3936.94	0.518341
3985.93	0.520868
4023.74	0.518646
4059.42	0.522422
4103.79	0.525563
4143.46	0.529263
4181.32	0.533076
4213.69	0.53448
4243.39	0.534746
4271.85	0.538342
4302.16	0.54215
4326.74	0.545654
4355.96	0.548074
4381.97	0.55087
4405.73	0.553604
4428.69	0.556317
4449.7	0.559869
4472.16	0.563894
4491.8	0.569914
4509.39	0.578541
4522.27	0.587554
4535.08	0.596651
4545.51	0.623248
4557.42	0.65254
4566.27	0.687359
4573.13	0.709128
4580.29	0.591068
4589.22	0.404533
4596.03	0.354313
4599.59	0.337774
2562.26	0.242053
2561.56	0.288925
2559.81	0.517882
2682	0.521466
2800.3	0.519246
2903.72	0.516899
2990.16	0.513429
3077.24	0.51253
3158.38	0.511319
3242.04	0.510418
3320.27	0.510486
3395.02	0.511077
3466.49	0.511847
3535.82	0.512864
3599.49	0.514232
3663.06	0.516003
3723.09	0.517742
3782.27	0.519227
3842.45	0.520692
3889.64	0.517306
3938.88	0.519058
3988.22	0.521142
4029.07	0.520997
4069.06	0.522309
4107.81	0.520617
4145.53	0.521775
4179.67	0.5241
4212.75	0.526676
4246.74	0.530872
4277.24	0.536192
4306.4	0.541255
4333.39	0.546038
4360.25	0.549905
4385.65	0.55346
4409.51	0.556764
4431.52	0.560103
4452.56	0.564618
4473.08	0.570372
4491.31	0.57392
4509.01	0.581344
4524.43	0.591407
4535.48	0.600603
4547.45	0.623783
4558.14	0.654724
4566.88	0.68974
4573.82	0.711706
4580.92	0.601257
4589.71	0.413794
4596.48	0.359762
4600.04	0.341544
2563.74	0.232065
2562.59	0.267718
2559.81	0.516533
2679.25	0.524155
2793.17	0.522274
2897.7	0.520803
2991.75	0.519781
3081.25	0.518884
3167.41	0.518154
3244.18	0.51594
3319.57	0.515075
3391.43	0.51425
3465.07	0.513634
3533.88	0.514202
3598.18	0.515175
3661.3	0.516349
3721.6	0.51772
3779.81	0.519326
3837.04	0.521128
3886.21	0.521445
3938.3	0.524397
3993.3	0.52689
4033.24	0.527059
4073.25	0.530626
4113.83	0.530095
4149.47	0.528768
4185.42	0.530775
4218.65	0.534669
4251.15	0.539135
4281.64	0.54355
4310.57	0.547737
4338	0.551436
4363.9	0.554378
4388.85	0.557527
4413.13	0.560689
4433.29	0.56093
4453.87	0.563721
4469.75	0.566885
4491.58	0.570324
4509.77	0.577533
4525.25	0.587876
4537.8	0.607807
4548.32	0.627969
4558.67	0.657324
4567.53	0.692026
4574.6	0.713661
4581.69	0.607251
4590.39	0.419089
4597.12	0.363044
4600.67	0.34388
2566.04	0.226106
2564.35	0.254438
2560.52	0.515192
2679.07	0.527381
2792.65	0.525541
2899.59	0.523913
2995.53	0.522609
3086.24	0.521896
3165.39	0.520965
3243.15	0.521111
3322.49	0.521391
3399.7	0.521675
3466.18	0.52069
3534.18	0.521426
3595.79	0.522362
3660.11	0.523934
3719.9	0.525733
3776.02	0.527845
3828.13	0.530553
3877.51	0.534423
3932.37	0.538067
3985.74	0.540883
4032.89	0.544478
4077.95	0.54589
4124.31	0.547689
4158.89	0.540411
4191.5	0.542062
4222.95	0.545221
4255.31	0.548544
4285.4	0.551984
4314.12	0.555493
4342.1	0.558655
4366.5	0.558645
4390.74	0.560655
4412.68	0.562955
4434.03	0.565503
4453.12	0.569027
4473.55	0.572703
4493.27	0.578271
4510.98	0.586228
4526.59	0.597286
4540.37	0.616686
4550.45	0.637112
4558.52	0.664017
4568.25	0.694723
4575.53	0.715532
4582.63	0.611404
4591.27	0.421969
4597.96	0.364637
4601.5	0.34498
2569.75	0.223001
2567.33	0.245937
2562.1	0.510325
2680.93	0.52802
2795.92	0.526265
2909.81	0.524496
3002.06	0.521823
3083.12	0.520301
3167.41	0.520116
3247.45	0.520127
3325.21	0.520315
3399.59	0.520613
3469.43	0.520987
3537.7	0.521513
3603.62	0.522203
3661.18	0.521971
3719.7	0.523138
3774.13	0.524232
3819.85	0.5241
3861.25	0.525685
3925.84	0.52599
3982.4	0.525266
4032.78	0.525484
4079.44	0.527147
4123.57	0.529203
4162.61	0.531279
4196.64	0.534063
4229.46	0.537929
4260.88	0.540924
4289.4	0.541161
4317.06	0.543839
4342.38	0.54663
4369.13	0.550092
4394.05	0.553775
4415.61	0.554946
4435.88	0.556004
4453.72	0.559729
4476.43	0.563756
4496.03	0.569234
4513.37	0.576776
4528.62	0.586932
4541.97	0.603507
4552.47	0.632223
4562.07	0.664245
4569.68	0.694241
4576.78	0.716972
4583.79	0.614333
4592.37	0.422438
4599.01	0.364571
4602.53	0.344907
2575.67	0.221251
2572.12	0.239591
2564.7	0.495108
2683.74	0.519995
2797.32	0.518503
2904.51	0.517118
3000.41	0.515532
3087.54	0.514871
3171.44	0.514724
3251.81	0.514751
3329.09	0.514935
3401.87	0.515483
3472.13	0.515859
3541.44	0.516093
3602.84	0.514785
3664.49	0.514971
3720.2	0.513201
3771.59	0.513557
3824.41	0.513982
3875.06	0.517114
3924.98	0.521172
3982.93	0.524403
4034.1	0.526982
4081.18	0.529472
4125.64	0.531912
4169.16	0.534038
4200.87	0.531242
4232.53	0.533251
4262.07	0.536235
4293.67	0.539837
4319.74	0.540495
4347.61	0.544265
4371.58	0.544303
4394.65	0.546556
4416.62	0.55011
4439.61	0.553843
4460.05	0.557849
4480.29	0.562349
4498.91	0.56832
4515.67	0.576432
4530.24	0.587508
4544.02	0.604433
4556	0.631347
4564.49	0.660201
4572.29	0.693739
4578.34	0.707277
4585.18	0.610506
4593.69	0.418281
4600.26	0.362402
4603.74	0.34359
2584.95	0.220342
2579.68	0.234844
2569.06	0.474958
2689.24	0.508463
2802.33	0.507306
2907.94	0.506099
3005.24	0.504973
3092.99	0.504265
3176.86	0.504114
3257.13	0.504158
3335.39	0.504166
3404.62	0.501055
3473.74	0.500521
3539.46	0.500089
3603.83	0.498191
3661.48	0.497887
3723.08	0.498228
3779.34	0.499529
3833.68	0.501184
3885.77	0.503173
3934.24	0.505678
3988.08	0.507894
4037.45	0.510717
4083.46	0.513448
4126.6	0.516279
4166.67	0.519339
4201.87	0.52092
4234.83	0.524248
4265.91	0.527962
4295.55	0.532253
4324.13	0.534075
4348.42	0.536262
4374.03	0.53992
4399.04	0.544179
4421.72	0.54897
4443.88	0.553109
4464.55	0.556977
4483.68	0.561171
4501.55	0.567008
4517.99	0.574809
4530.38	0.583943
4545.6	0.595415
4557.57	0.61716
4566.41	0.649973
4574.41	0.682025
4580.74	0.692052
4587.07	0.565884
4595.19	0.409425
4601.62	0.359027
4605.09	0.341706
2599.31	0.22003
2591.62	0.234428
2576.57	0.453458
2699.18	0.495412
2812.2	0.496944
2917.23	0.498378
3017.35	0.499264
3100.18	0.493495
3183.75	0.493424
3262.34	0.493537
3336.54	0.493099
3407.08	0.488935
3476.66	0.488826
3542.55	0.488815
3607.79	0.489943
3668.99	0.491227
3729.13	0.492757
3786.86	0.494456
3843.03	0.496404
3897.9	0.498658
3949.42	0.501766
3995.41	0.497955
4041.92	0.500119
4086.39	0.501956
4128.42	0.503927
4167.9	0.506556
4204.3	0.511091
4237.81	0.516175
4268.71	0.520949
4296.84	0.526
4327.2	0.531388
4354.29	0.537315
4380.6	0.54298
4403.6	0.546439
4425.26	0.550552
4447.59	0.554607
4468.53	0.558948
4486.27	0.560955
4503.5	0.565653
4518.5	0.572406
4534.04	0.582089
4548.09	0.595147
4559.9	0.619728
4569.68	0.654001
4576.57	0.68514
4582.64	0.712667
4589.06	0.600308
4596.43	0.411882
4602.9	0.359434
4606.52	0.341846
2621.25	0.220486
2610.71	0.24444
2591.8	0.438596
2716.06	0.469652
2827.52	0.472055
2929.02	0.474396
3017.98	0.476367
3109.57	0.478793
3195.85	0.480711
3267.77	0.474793
3338.26	0.475145
3412.92	0.476295
3482.81	0.477773
3549.34	0.479411
3613.65	0.481235
3675.41	0.483248
3735.39	0.485495
3793.74	0.487955
3851.42	0.490556
3911.07	0.49293
3952.33	0.486313
4001.11	0.489287
4047.2	0.492722
4090.79	0.496441
4132.2	0.500432
4170.46	0.504864
4207.21	0.509915
4239.33	0.511635
4271.91	0.515765
4302	0.521655
4331.29	0.527364
4358.78	0.532893
4384.11	0.538287
4407.8	0.543929
4430.7	0.549252
4450.71	0.551042
4469.26	0.553729
4488.57	0.557373
4505.96	0.562656
4521.97	0.569755
4537	0.579196
4550.5	0.591538
4561.98	0.614514
4571.3	0.647465
4578.09	0.691754
4584.41	0.723186
4590.52	0.651263
4598.32	0.440743
4603.94	0.368246
4608.15	0.345418
2653.83	0.22267
2640.56	0.271366
2611.29	0.422135
2742.59	0.44759
2854.7	0.453012
2951.7	0.457973
3043.35	0.462619
3122	0.458751
3195.94	0.459906
3275.87	0.461795
3349.52	0.463581
3421.3	0.465389
3490.1	0.46718
3556.14	0.469043
3619.84	0.471003
3681.34	0.473075
3740.98	0.475259
3798.94	0.477546
3855.42	0.47992
3910.07	0.482383
3958.86	0.485045
4007.01	0.488462
4052.48	0.492421
4094.88	0.496797
4136.68	0.501073
4172.11	0.500965
4206.11	0.504179
4241.95	0.508645
4275.23	0.513501
4305.66	0.519026
4334.91	0.52482
4363.25	0.530678
4387.12	0.531303
4410.75	0.535864
4432.52	0.540642
4453.86	0.546328
4472.95	0.551771
4490.74	0.556303
4507.7	0.561863
4524.27	0.568611
4539.31	0.578078
4552.6	0.59086
4563.89	0.615575
4573.17	0.651404
4580.69	0.696145
4586.03	0.726683
4592.19	0.663223
4600.36	0.450749
4606.88	0.372026
4610.65	0.345888
2700.36	0.227361
2690.05	0.304557
2643.39	0.392275
2785.17	0.428366
2894.26	0.437585
2977.26	0.438821
3053.36	0.443403
3136.12	0.447855
3212.58	0.451319
3287.91	0.454314
3360.29	0.456933
3430.3	0.459339
3497.8	0.461593
3562.91	0.463765
3625.83	0.465902
3686.74	0.46803
3745.83	0.470166
3803.18	0.472323
3858.8	0.474508
3912.49	0.476728
3963.62	0.479095
4013.22	0.481769
4058.46	0.485597
4097.25	0.484903
4134.37	0.487621
4173.71	0.491341
4209.67	0.495809
4244.86	0.50021
4279.15	0.504807
4308.3	0.505146
4337.28	0.509718
4362.94	0.514657
4389.97	0.521156
4414.16	0.528499
4436.37	0.535741
4457.18	0.542368
4476.35	0.548241
4494.08	0.553571
4507.75	0.559125
4525.98	0.565547
4541.2	0.574336
4554.36	0.586332
4565.52	0.608102
4574.65	0.641689
4581.57	0.685069
4586.47	0.721472
4594.02	0.635703
4602.99	0.432471
4609.92	0.364737
4613.64	0.340832
2758.87	0.234911
2764.63	0.319821
2780.45	0.386798
2856.89	0.411052
2931.26	0.413839
3005.48	0.422863
3079.03	0.430036
3154.21	0.43582
3228.01	0.440594
3300.55	0.444733
3371.11	0.448422
3439.46	0.451754
3505.55	0.454706
3569.51	0.457346
3631.47	0.459751
3691.61	0.461964
3750.05	0.464059
3806.79	0.466111
3861.71	0.468185
3915.12	0.470215
3967.52	0.472233
4021.42	0.474027
4057.98	0.468425
4099.78	0.470336
4139.46	0.473689
4176.37	0.477468
4211.71	0.482456
4246.34	0.483852
4278.51	0.48723
4311.1	0.492132
4340.49	0.499078
4367.47	0.506556
4393.32	0.514144
4417.31	0.521864
4439.44	0.529591
4460.05	0.53685
4479.17	0.543403
4496.83	0.549146
4512.85	0.554398
4528.6	0.559633
4543.03	0.567099
4555.84	0.577445
4566.93	0.591878
4576.27	0.617743
4582.89	0.637131
4589.12	0.618896
4597.79	0.507261
4606.79	0.392152
4613.54	0.349189
4617.11	0.330198
2811.47	0.232102
2826.37	0.31148
2852.85	0.364075
2904.55	0.385896
2966.01	0.397599
3032.15	0.406294
3100.84	0.413613
3171.43	0.419733
3242.41	0.425066
3312.87	0.429985
3381.84	0.434723
3448.55	0.439332
3513.14	0.443387
3575.82	0.446946
3636.62	0.450183
3695.87	0.453028
3753.65	0.45561
3809.87	0.458061
3863.77	0.460718
3916.36	0.462941
3967.49	0.465017
4016.89	0.467124
4061.74	0.469004
4101.94	0.471143
4144.8	0.474299
4178.11	0.467182
4208.51	0.468431
4248.2	0.473477
4282.8	0.479795
4314.48	0.487413
4343.58	0.495109
4370.62	0.502759
4396.11	0.5103
4419.96	0.51767
4441.76	0.525473
4462.23	0.532583
4481.36	0.539169
4499.21	0.545253
4516.2	0.550426
4530.51	0.548349
4544.44	0.551188
4556.99	0.553105
4567.99	0.551759
4577.16	0.542078
4586.21	0.519099
4594.41	0.467251
4603.23	0.39909
4611.5	0.353139
4617.62	0.329179
4620.88	0.315465
2850.73	0.217878
2869.18	0.291461
2897.18	0.348258
2940.28	0.371983
2993.71	0.383534
3053.86	0.390905
3118.44	0.39643
3185.97	0.40104
3255	0.405603
3324.33	0.410202
3392.46	0.415155
3457.42	0.420945
3520.3	0.425875
3581.66	0.429803
3640.98	0.433392
3699.26	0.436615
3756.45	0.439497
3812.93	0.441934
3864.78	0.441692
3916.71	0.443548
3966.81	0.445025
4014.53	0.44592
4057.42	0.446046
4101.95	0.446484
4143.35	0.448907
4180.51	0.450224
4215.87	0.453404
4252.61	0.457488
4287.5	0.461977
4317.99	0.470564
4346.32	0.47848
4373	0.48494
4398.29	0.490162
4422.53	0.493569
4443.39	0.489762
4463.87	0.490603
4483.04	0.491423
4500.78	0.491
4516.36	0.48869
4532.51	0.489447
4546.73	0.486664
4559.46	0.47811
4570.85	0.462076
4581.1	0.436807
4590.85	0.403305
4600.05	0.368487
4608.68	0.341996
4616.12	0.323697
4621.56	0.31076
4624.48	0.299625
2877.67	0.205127
2892.88	0.261893
2923.26	0.3337
2963.39	0.360084
3012.67	0.371207
3069.17	0.377472
3130.98	0.381854
3196.58	0.385307
3264.75	0.388225
3334.41	0.390899
3403.71	0.393814
3465.9	0.398871
3526.56	0.405812
3587.12	0.411411
3643.95	0.408204
3701.31	0.409606
3757.54	0.410659
3811.58	0.411652
3865.74	0.413045
3917.56	0.415583
3967.24	0.417575
4014.57	0.41903
4059.23	0.420083
4102.61	0.421426
4143.77	0.422284
4182.45	0.423051
4219.62	0.424656
4256.65	0.426975
4294.38	0.42804
4321.56	0.419223
4348.68	0.417519
4374.85	0.416223
4399.69	0.413814
4421.83	0.409152
4445.07	0.407121
4466.06	0.40739
4485.4	0.406762
4503.24	0.405101
4519.63	0.401995
4535.21	0.397336
4549.51	0.389545
4562.54	0.378914
4574.41	0.366122
4585.26	0.352214
4595.31	0.338574
4604.55	0.326054
4612.84	0.315422
4619.73	0.30624
4624.54	0.295764
4626.9	0.282395
2891	0.196412
2903.65	0.240883
2935.67	0.321221
2974.77	0.351602
3022.26	0.36304
3077.05	0.368734
3137.55	0.372452
3202.38	0.375302
3270.67	0.377618
3342.43	0.379473
3419.66	0.3808
3473.26	0.363845
3530.28	0.360726
3584.85	0.355649
3644.62	0.354214
3702.39	0.355187
3758.58	0.355959
3813.15	0.356542
3866.6	0.35697
3918.23	0.357301
3967.79	0.35759
4015.12	0.357882
4060.22	0.358207
4103.45	0.358554
4144.65	0.358902
4183.83	0.359249
4221.45	0.359572
4257.92	0.359832
4292.66	0.360017
4322.51	0.355634
4350.23	0.355765
4376.43	0.355776
4401.14	0.35551
4424.24	0.354946
4446.68	0.354099
4467.63	0.352888
4487.06	0.351227
4505.04	0.349048
4521.68	0.346292
4537.2	0.342928
4551.52	0.338874
4564.65	0.334143
4576.66	0.328836
4587.67	0.323098
4597.78	0.317042
4606.98	0.310652
4615.16	0.303782
4621.65	0.293514
4625.95	0.280284
4628.05	0.270287
4299.6	0.439292
4321.59	0.439939
4348.57	0.442961
4374.69	0.448561
4399.65	0.456115
4416.86	0.462767
4424.34	0.499655
4443.13	0.501368
4463.72	0.504569
4482.88	0.509213
4500.66	0.515703
4513.95	0.522227
4518.54	0.553531
4530.26	0.555079
4544.29	0.557407
4556.84	0.560076
4567.81	0.563737
4576.03	0.569875
4578.02	0.621942
4582.57	0.630926
4584.98	0.621639
2704.2	0.516209
2777.97	0.515029
2850.47	0.513258
2885.16	0.51206
2967.74	0.510529
3061.98	0.507744
3123.63	0.505003
3153.92	0.499662
3229.91	0.498375
3314.59	0.496818
3372.06	0.495215
3403	0.4956
3473.9	0.494523
3550	0.493493
3599.93	0.492176
3628.91	0.49234
3693.27	0.491659
3759.98	0.492012
3799.42	0.491536
3824.39	0.494585
3877.4	0.494029
3929.27	0.493974
3956.5	0.493782
3970.61	0.494475
3925	0.534334
3947.68	0.533924
3991.52	0.534224
4036.43	0.534157
4074.07	0.536253
4114.33	0.53631
4149.67	0.536873
4184.08	0.536737
4207.99	0.53657
4220.02	0.538672
4248.13	0.539315
4277.55	0.542236
4305.32	0.543846
4327.96	0.546788
4350.89	0.547957
4375.05	0.549603
4397.59	0.550892
4417.26	0.551929
4420.16	0.554722
4322.16	0.565572
4343.16	0.566363
4366.65	0.567549
4389.61	0.569188
4412.02	0.570907
4433.56	0.572979
4454.08	0.575374
4473.47	0.578119
4491.77	0.581048
4508.6	0.584323
4523.72	0.587545
4537.03	0.589626
4548.58	0.588559
4556.97	0.576814
4565.19	0.553714
4572.33	0.494709
4579.83	0.405915
4583.43	0.360757
4387.45	0.526399
4404.07	0.530446
4410.77	0.550827
4422.77	0.551741
4441.73	0.556354
4459.7	0.562192
4475.92	0.568489
4481.54	0.586979
4489.89	0.587898
4506.27	0.590898
4521.87	0.595421
4536.79	0.598774
4541.28	0.611918
4547.56	0.613541
4558.88	0.619392
4568.51	0.615825
4577.04	0.593272
4580.25	0.556898
4583.55	0.552312
4590.36	0.482935
4597.77	0.399111
4602.92	0.369477
3953.71	0.504779
3974.19	0.504658
3989.09	0.508677
4018.99	0.508397
4062.41	0.511247
4102.69	0.51427
4141.65	0.516674
4165.85	0.517766
4178.97	0.525151
4211.01	0.525914
4244.82	0.528056
4270.43	0.533392
4294.23	0.535338
4302.9	0.543993
4321.8	0.54431
4347.14	0.546937
4371.5	0.548694
4394.52	0.549992
4406.82	0.550548
4414.52	0.551062
4425.11	0.55125
2880.94	0.527004
2903.37	0.525978
2933.16	0.526057
2989.67	0.524988
3077.37	0.524331
3154.12	0.522977
3185.51	0.526177
3242.97	0.525152
3319.81	0.525374
3386.41	0.524287
3412.9	0.527863
3465.33	0.526989
3534.29	0.526593
3590.52	0.525378
3613.12	0.52561
3660.46	0.524801
3719.87	0.52393
3767.25	0.52261
3780.95	0.518268
3823.79	0.517567
3875.29	0.517092
3915.55	0.51589
3924.47	0.506406
3669.6	0.530589
3715.95	0.530113
3776.31	0.529641
3835.89	0.52912
3892.97	0.529019
3944.3	0.529944
3991.63	0.531172
4035.54	0.53258
4080.17	0.532956
4115.49	0.535854
4150.63	0.537444
4185.29	0.539042
4218.04	0.541063
4249.64	0.54241
4279.5	0.543576
4302	0.543729
4310.7	0.546765
4331.4	0.546776
4353.41	0.547347
4368.17	0.547245
3971.45	0.517228
4008.6	0.517987
4050.78	0.519675
4092.09	0.521811
4131.92	0.524287
4170.11	0.526772
4200.17	0.528129
4211.77	0.543034
4237.78	0.543474
4270.01	0.546868
4300.1	0.549474
4328.27	0.552139
4354.66	0.55487
4379.16	0.557668
4400	0.561305
4419.83	0.56442
4438.98	0.566877
4453.87	0.568082
4459.01	0.57473
4472.02	0.575374
4487.62	0.577307
4497.66	0.57846
3771.74	0.506969
3815.87	0.507313
3868.84	0.508831
3919.1	0.511004
3966.8	0.513044
3994.91	0.513774
4011.73	0.523199
4051.65	0.523752
4092.94	0.525383
4132.11	0.527228
4168.7	0.529624
4201.62	0.533012
4229.92	0.537675
4262.63	0.539647
4292.37	0.542699
4319.53	0.545444
4340.43	0.546709
4348.12	0.554173
4366.51	0.554297
4389.22	0.554789
4404.61	0.554872
3925.82	0.490441
3957.53	0.489363
3971.23	0.476759
4008.63	0.475937
4051.9	0.475413
4093.67	0.474822
4133.8	0.474247
4172.11	0.473464
4208.47	0.472168
4243.38	0.470134
4276.22	0.466842
4297.38	0.463786
4308.85	0.447609
4334.17	0.447101
4360.31	0.448974
4385	0.450376
4406.97	0.452149
4427.29	0.454396
4445.73	0.456619
4460.77	0.458636
3139.22	0.530972
3199.86	0.530248
3279.08	0.529334
3357.85	0.52821
3434.8	0.527341
3509.42	0.526687
3581.36	0.526221
3650.29	0.525969
3715.88	0.525951
3778.22	0.526078
3837.31	0.526346
3892.78	0.52682
3942.93	0.527857
3993.42	0.527786
4042.14	0.527667
4086.75	0.527676
4124.16	0.527719
4156.71	0.527786
4170.08	0.52871
4266.15	0.416141
4277.42	0.417209
4284.64	0.477428
4306.81	0.480776
4317.27	0.514649
4332.58	0.515557
4351.89	0.519522
4359.34	0.536489
4378.26	0.537996
4383.98	0.554466
4399.9	0.555103
4410.5	0.558726
4418.54	0.56039
4432.5	0.561764
4436.79	0.563964
4451.95	0.564283
4457.76	0.568205
4469.4	0.568424
4480.96	0.57158
4486.84	0.57645
4499.31	0.578436
4502.44	0.589459
4513.48	0.591001
4520.76	0.596863
4529.06	0.59703
4538.78	0.603245
4541.11	0.603213
4113.76	0.534708
4125.7	0.534417
4157.85	0.535358
4191.25	0.536309
4222.66	0.53666
4234.5	0.540517
4254.87	0.540432
4284.06	0.543853
4312.55	0.546474
4337.29	0.54986
4346.82	0.556745
4361.1	0.556835
4383.43	0.559539
4405.16	0.561503
4425.38	0.563303
4433.07	0.566952
4442.36	0.566996
4463.31	0.571742
4481.91	0.576096
4498.61	0.580826
4506.13	0.584873
4513.06	0.585499
4524.5	0.587246
2632.9	0.498599
2652.64	0.499717
2716.03	0.498585
2826.9	0.497365
2928.86	0.497597
3004.72	0.496614
3030.87	0.512293
3099.39	0.511431
3183.42	0.511982
3262.65	0.511971
3311.09	0.51125
3338.34	0.518568
3404.36	0.518047
3473.69	0.518187
3536.87	0.517917
3562.43	0.523272
3602.14	0.522525
3664.07	0.522398
3720.35	0.522176
3763.74	0.521634
3779.48	0.527129
3819.23	0.526643
3854.64	0.526207
3923.8	0.505671
3942.32	0.505717
3954.88	0.521236
3995.15	0.521658
4041.71	0.523889
4086.12	0.526793
4127.98	0.530103
4147.57	0.533655
4166.37	0.534002
4201.63	0.535572
4234.66	0.537895
4265.91	0.54024
4292.15	0.541246
4300.22	0.549648
4319.53	0.549842
4347.3	0.551102
4371.48	0.552845
4394.75	0.554435
4410.85	0.555168
4417.46	0.559006
4435.65	0.559227
4448.18	0.559893
4252.59	0.529843
4258.38	0.531922
4277.01	0.532193
4299.65	0.536272
4308.75	0.545984
4328	0.54659
4348.19	0.548819
4355.59	0.557101
4375.06	0.557986
4393.77	0.559876
4403.77	0.5655
4424.92	0.566866
4440.3	0.568944
4447.22	0.572713
4465.37	0.57534
4474.41	0.580938
4484.18	0.580996
4499.87	0.585512
4505.86	0.592105
4516.15	0.592566
4529.94	0.597715
4535.24	0.613607
4545.5	0.617231
4555.43	0.633576
4559.17	0.644379
4565.16	0.650301
3280.9	0.515413
3336.76	0.514711
3412.59	0.514047
3487.29	0.513205
3555.95	0.513563
3618.05	0.514954
3676.99	0.515836
3731.04	0.516446
3753.85	0.522106
3784.78	0.521558
3837.18	0.522747
3885.46	0.524072
3930.7	0.525684
3974.96	0.526819
4018.16	0.528345
4060.53	0.529859
4101.25	0.531619
4139.61	0.533476
4175.89	0.534893
4207.85	0.535721
4220.24	0.539252
4239.03	0.539045
4252.12	0.540281
3605.82	0.512243
3623.42	0.511615
3640.56	0.51795
3683.78	0.517386
3741.44	0.517625
3796.82	0.517108
3832.56	0.516279
3853.97	0.515873
3900.6	0.515359
3939.8	0.51205
3983.66	0.511849
4002.63	0.513189
4033.11	0.512787
4075.8	0.516415
4116.32	0.518865
4145.41	0.519955
4159.94	0.527283
4191.39	0.527861
4225.24	0.53169
4255.77	0.535135
4269.31	0.539779
4286.18	0.539602
4313.75	0.541189
4338.88	0.542291
4354.55	0.542867
3852.56	0.532252
3856.47	0.532316
3889.86	0.532008
3938.86	0.531942
3987.55	0.531793
4028.94	0.533555
4068.95	0.534556
4107.68	0.535567
4145.22	0.536925
4180	0.538856
4205.56	0.539413
4216.41	0.547966
4242.92	0.548443
4271.91	0.550902
4301.74	0.551891
4327	0.554682
4355.72	0.555643
4381.75	0.557125
4405.6	0.558206
4428.31	0.558608
4439.81	0.558816
4442.69	0.557914
4028.36	0.484984
4055.5	0.485272
4068.92	0.499441
4097.12	0.499438
4129.49	0.501681
4140.77	0.514301
4171.98	0.514741
4196.3	0.517137
4208.39	0.524743
4238.76	0.526145
4252.71	0.53215
4268.67	0.531988
4294.91	0.533846
4302.98	0.54147
4323.87	0.541587
4344.27	0.543941
4350.41	0.553101
4371.47	0.553766
4386.68	0.556175
4394.75	0.561552
4414.97	0.562709
4422.84	0.568142
4434.07	0.568174
4451.8	0.568579
4457.82	0.56703
4466.49	0.566988
4454.94	0.560812
4456.7	0.562673
4468.7	0.563137
4475.41	0.568915
4488.54	0.569524
4494.89	0.580008
4506.94	0.580817
4511.89	0.593488
4521.61	0.594594
4526.38	0.609843
4534.98	0.613279
4539.8	0.634218
4547.82	0.638614
4551.93	0.659273
4558.2	0.663479
4563.19	0.662964
4569.55	0.662554
4573.61	0.615262
4578.68	0.59971
4582.48	0.522728
4587.2	0.502457
4591.13	0.418123
4596.27	0.399507
4599.36	0.377473
4600.12	0.372419
4147.07	0.491665
4178.37	0.494827
4197.29	0.498198
4212.28	0.502714
4246.23	0.50458
4276.48	0.508205
4287.22	0.522333
4307.91	0.522666
4337.23	0.527519
4358.25	0.530607
4365.92	0.544963
4386.85	0.546027
4410.58	0.550869
4423.01	0.554433
4431.18	0.55927
4450.62	0.560716
4468.17	0.563521
4474.29	0.570827
4486.05	0.571185
4503.42	0.574613
4515.69	0.57723
4519.5	0.583029
4529.21	0.58396
3882.82	0.527024
3914.87	0.526671
3953	0.526443
3967.33	0.529752
4001.03	0.529464
4044.68	0.530571
4085.01	0.531607
4125.15	0.532226
4162.44	0.533723
4196.35	0.535558
4225.46	0.536429
4236.84	0.540434
4257.68	0.54041
4286.45	0.543214
4313.75	0.544883
4338.93	0.546843
4361.77	0.548795
4387.13	0.549385
4409.01	0.550042
4417.33	0.550861
4425.76	0.550747
3904.55	0.526612
3943.92	0.527082
3967.23	0.528713
3991.3	0.528136
4037.71	0.528142
4060.81	0.529104
4080.8	0.528943
4115.89	0.529218
4138.63	0.530099
4154.97	0.532181
4188.61	0.533493
4211.24	0.534939
4225.62	0.538505
4255.58	0.539501
4277.73	0.541113
4290.69	0.545567
4317.24	0.54652
4336.88	0.548698
4347.33	0.554563
4369.99	0.555237
4387.87	0.556419
4397	0.55896
4415.48	0.559295
4430.29	0.560092
4433.52	0.560067
4056.39	0.530878
4084.7	0.530955
4121.42	0.532616
4156.51	0.535085
4186.74	0.536414
4198.93	0.543231
4223.98	0.543243
4258.37	0.546131
4289.83	0.549305
4317.08	0.553296
4330.6	0.555843
4345.94	0.555643
4369.78	0.558463
4391.06	0.561398
4413.67	0.563263
4427.38	0.56448
4435.31	0.567961
4452.53	0.568755
4469.74	0.571418
4486.72	0.574319
4499.1	0.576542
4503.94	0.583493
4515.53	0.584022
4473.81	0.557531
4477.18	0.563163
4485.12	0.563301
4489.81	0.562776
4492.79	0.567769
4500.74	0.569001
4505.91	0.571888
4509.21	0.584113
4516.56	0.58635
4521.87	0.591363
4525.29	0.602881
4531.77	0.608996
4537.35	0.612491
4541.06	0.628838
4546.9	0.635891
4552.1	0.636244
4556.45	0.646798
4561.41	0.656673
4566.04	0.65715
4569.94	0.676811
4573.9	0.693711
4577.74	0.696455
4580.94	0.710327
4584.32	0.720629
4585.24	0.721376
3684.37	0.477931
3697.9	0.482357
3728.08	0.481857
3743.8	0.4951
3776.63	0.494625
3793.36	0.489829
3814.02	0.489051
3840.2	0.488405
3853.94	0.498413
3883.72	0.49838
3898.16	0.515869
3918.94	0.517502
3941.42	0.516955
3956.3	0.516698
3984.21	0.516326
3997.31	0.517452
4016.81	0.519175
4034.37	0.520545
4044.36	0.520699
4069.05	0.520148
4080.56	0.506029
4094.74	0.501558
4104.25	0.494718
3997.45	0.531895
4033.5	0.531922
4067.15	0.531711
4076.42	0.532014
4107.41	0.531817
4145.61	0.533819
4173.26	0.534632
4184.42	0.542076
4213.22	0.542271
4243.47	0.544374
4263.05	0.545255
4272.04	0.549804
4299.01	0.550365
4329.47	0.551549
4345.05	0.552399
4356.65	0.553717
4381.28	0.554437
4404.96	0.555881
4416.46	0.556802
4429.93	0.556584
4452.59	0.557228
4467.6	0.557411
4469.41	0.557062
4469.43	0.557266
3908.13	0.524097
3939.03	0.524354
3985.37	0.525635
4030.22	0.527475
4072.46	0.529924
4112.39	0.532448
4150.07	0.535091
4186.4	0.537259
4221	0.539559
4253.94	0.541692
4285.32	0.543562
4314.91	0.545315
4341.62	0.54742
4366.67	0.549231
4381.44	0.550015
4390.74	0.553166
4411.3	0.553854
4432.03	0.55502
4452.09	0.555643
4467.86	0.556404
4466.09	0.557521
4467.69	0.558284
4477.52	0.558571
4481.8	0.562629
4489.01	0.564691
4495.89	0.564857
4500.01	0.571691
4508.99	0.572435
4512.8	0.580345
4519.11	0.582079
4525.2	0.581973
4528.93	0.590688
4536.15	0.591963
4539.44	0.598438
4543.88	0.607108
4548.2	0.608192
4550.33	0.615176
4555.59	0.618004
4557.87	0.637222
4560.96	0.63635
4563.97	0.635054
4565.97	0.557216
4570.06	0.539044
4572.06	0.564232
4575.88	0.490743
4577.94	0.482641
4301.4	0.555137
4322.59	0.5561
4346.51	0.558317
4370.24	0.560534
4387.28	0.561777
4396.84	0.565794
4415.33	0.566727
4434.67	0.569953
4452.8	0.572864
4468.16	0.574941
4474.54	0.583186
4487.31	0.583955
4502.24	0.589098
4517.33	0.591815
4532.94	0.593206
4538.21	0.594287
4548.23	0.593928
4560.52	0.59353
4570.62	0.584146
4579.41	0.556556
4585.01	0.512861
4588.95	0.483085
4593.84	0.445754
3569.58	0.523022
3617.65	0.52297
3675.12	0.52325
3732.21	0.523668
3785.28	0.52541
3837.37	0.526493
3885.51	0.528776
3931.49	0.530381
3959.76	0.530857
3980.26	0.535421
4020.8	0.535891
4061.46	0.537305
4102.08	0.537996
4140.84	0.539297
4177.38	0.540738
4211.11	0.542273
4240.56	0.544161
4270.46	0.544532
4295.18	0.54425
4305.05	0.545955
4321.04	0.545889
3710.56	0.526772
3746.03	0.526518
3797.93	0.527759
3846.44	0.529681
3893	0.531371
3937.83	0.533059
3982.04	0.534209
4024.85	0.535534
4065.68	0.537045
4105.17	0.538169
4143.17	0.539183
4179.47	0.540098
4209.42	0.540509
4220.57	0.546272
4243.65	0.546254
4274.18	0.54813
4302.39	0.549286
4333.49	0.549486
4360.37	0.550657
4384.33	0.551653
4400.28	0.552117
3426.27	0.406728
3473.26	0.409055
3530.71	0.415025
3566.72	0.41955
3589.36	0.443276
3643.77	0.444226
3701.18	0.446349
3757.43	0.449163
3810.24	0.451662
3833.48	0.460279
3864.27	0.459738
3916.52	0.461146
3966.62	0.462196
4014.48	0.463599
4053.84	0.464271
4069.64	0.473165
4101.43	0.472797
4144.15	0.472027
4177.78	0.469128
4204.61	0.468812
4173.2	0.54243
4173.35	0.542801
4200.97	0.543301
4232.62	0.544697
4253.62	0.545652
4262.9	0.552285
4289.16	0.552945
4317.1	0.555584
4337.22	0.556917
4344.82	0.565678
4366.29	0.566052
4390.73	0.567685
4409.56	0.568485
4416.18	0.573111
4433.05	0.573637
4453.66	0.577365
4468.93	0.581979
4476.28	0.587292
4490.92	0.587794
4508.83	0.593342
4523.23	0.597523
4526.82	0.608804
4534.88	0.611094
4542.09	0.622493
4136.72	0.562798
4159.04	0.562878
4191.35	0.564343
4222.97	0.565962
4255.01	0.566973
4285.18	0.569116
4313.95	0.571023
4341.7	0.572666
4366.39	0.575543
4390.47	0.57774
4412.54	0.581395
4433.77	0.584661
4453.11	0.589576
4473.42	0.592529
4493.03	0.59646
4510.74	0.604117
4526.35	0.618232
4540.04	0.63361
4550.33	0.651125
4556.82	0.663166
2874.88	0.461533
2879.38	0.462498
2898	0.462303
2977.44	0.462742
3029.15	0.462835
3049.64	0.479831
3122.03	0.47949
3185.87	0.479309
3207.04	0.496219
3267.33	0.495655
3334.73	0.497204
3359.13	0.508583
3406.46	0.507854
3476.38	0.509798
3511.34	0.510923
3540.21	0.513174
3603.99	0.51294
3648.21	0.512873
3668.1	0.521848
3720.03	0.521407
3766.34	0.521297
3781.29	0.526889
3819.13	0.526406
3856.11	0.526192
4082.82	0.532758
4112.3	0.534731
4135.15	0.536411
4150.44	0.543433
4183.33	0.544243
4215.56	0.547176
4248.11	0.548923
4264.92	0.550116
4279.3	0.551153
4306.19	0.553312
4333.76	0.555371
4358.56	0.558386
4369.9	0.561241
4383.12	0.561131
4405.15	0.563938
4426.13	0.566549
4445.98	0.568357
4454.43	0.572129
4466.69	0.572234
4484.21	0.575394
4500.17	0.577568
4511.04	0.578428
2836.23	0.52881
2901.95	0.527936
2988.77	0.527389
3075.44	0.526277
3160.06	0.525389
3242.71	0.524581
3321.87	0.52423
3397.66	0.524032
3470.2	0.523946
3539.35	0.524022
3604.3	0.524444
3665.75	0.524771
3723.27	0.525304
3781.11	0.524841
3835.89	0.524751
3887.27	0.52462
3936.76	0.524145
3984.63	0.523398
4023.1	0.522907
4051.23	0.52287
2973.27	0.52663
3004.07	0.525432
3080.54	0.524411
3111.47	0.524317
3164.79	0.523239
3241.62	0.521823
3274.05	0.520342
3318.98	0.519306
3391.47	0.518376
3427.93	0.51722
3466.1	0.516197
3536.01	0.515306
3574.3	0.514066
3604.9	0.512939
3666.4	0.512117
3705.17	0.511081
3730.18	0.510148
3783.4	0.509667
3820.09	0.509085
3839.44	0.509195
3885.86	0.508567
3921.38	0.507768
3937.63	0.506756
3975.43	0.506563
4004.77	0.507004
4009.43	0.510424
4167.71	0.550722
4171.45	0.55044
4198.99	0.551592
4229.74	0.552857
4260.68	0.554114
4290.04	0.556288
4317.64	0.558661
4343.86	0.560823
4366.82	0.563982
4389.17	0.566469
4409.89	0.569599
4433.81	0.571059
4450.81	0.572237
4458.35	0.582266
4475.94	0.583434
4495.02	0.588068
4512.06	0.593255
4526.46	0.600167
4539.51	0.614687
4550.56	0.633344
4558.93	0.651542
4352.53	0.555778
4364.9	0.555896
4387.57	0.558176
4409.9	0.560444
4432.55	0.562074
4454.3	0.564056
4470.46	0.565312
4476.99	0.573524
4490.23	0.574664
4507.08	0.576412
4522.28	0.578149
4535.65	0.57829
4547.12	0.57429
4556.7	0.560422
4564.79	0.523248
4571.48	0.432778
4579.9	0.363604
4588.05	0.329661
4594.04	0.31984
4596.15	0.315953
3807.73	0.520885
3847.66	0.520909
3892.64	0.520881
3928.4	0.520479
3942.42	0.521649
3976.84	0.521406
4016.71	0.523323
4060.68	0.52397
4087.53	0.524453
4103.38	0.52946
4139.26	0.530208
4175.63	0.533338
4208.08	0.536036
4221.43	0.541793
4240.71	0.541663
4271.58	0.544037
4300.96	0.545784
4324.35	0.546457
4332.73	0.549992
4354.04	0.549988
4379.63	0.551061
4397.95	0.5516
3990.37	0.531854
4002.93	0.532714
4029.07	0.532338
4066.57	0.533177
4080.46	0.539215
4113.6	0.538994
4145.06	0.540224
4160.31	0.54515
4191.53	0.544932
4214.9	0.544756
4229.92	0.544031
4260.58	0.544214
4275.67	0.544396
4293.36	0.544039
4318.71	0.544972
4329.1	0.546657
4348.4	0.546704
4371.75	0.5485
4382.28	0.552644
4403.54	0.553015
4421.24	0.554278
4431.08	0.555509
4450.69	0.556086
4462.61	0.557024
4472.87	0.557137
4490.32	0.55842
4498.1	0.559195
4503.37	0.559215
4246.02	0.52187
4248.82	0.521963
4266.17	0.522224
4276.93	0.526841
4290.7	0.529615
4301.53	0.533943
4312.53	0.540577
4326.8	0.540619
4335.25	0.547975
4350.84	0.548194
4359.87	0.550401
4373.06	0.551254
4383.5	0.552541
4393.93	0.553352
4406.51	0.553258
4414.89	0.556279
4427.47	0.556611
4434.44	0.560798
4445.68	0.56174
4452.91	0.564812
4461.74	0.566629
4471.71	0.566527
4478.46	0.563845
4488.26	0.563418
4491.6	0.5477
4086.13	0.532706
4108.05	0.533203
4118.63	0.542291
4149.4	0.542684
4183.4	0.544175
4215.56	0.545815
4247.94	0.546867
4277.94	0.548938
4306.91	0.550527
4331.99	0.553056
4353.71	0.555851
4375.01	0.557431
4398.4	0.558624
4421.39	0.559914
4437.59	0.56077
4444.5	0.566395
4461.92	0.567053
4480.74	0.570053
4497.41	0.57281
4507.64	0.574957
2763.11	0.507806
2788.59	0.506408
2847.02	0.506008
2882.15	0.510165
2968.44	0.509008
3040.09	0.50763
3068.53	0.513728
3141.02	0.512582
3220.54	0.510603
3251.64	0.507663
3312.16	0.506421
3391.49	0.503934
3428.35	0.501384
3470.03	0.500262
3543.37	0.499339
3589.76	0.497936
3615.52	0.496471
3675.79	0.495823
3726.19	0.495266
3746.48	0.501244
3794.19	0.500841
3844.05	0.502118
3863.5	0.508332
3899.78	0.507693
3932.27	0.505179
3353.16	0.510449
3362.05	0.510166
3405.17	0.509401
3477.15	0.509003
3544.12	0.508761
3572.15	0.513418
3612.41	0.512651
3675.44	0.516448
3733.76	0.519768
3763.25	0.521294
3795.87	0.520517
3852.5	0.522818
3905.35	0.525231
3933.88	0.52615
3958.29	0.528151
4001.57	0.529004
4045.34	0.529556
4072.33	0.529709
4091.14	0.531669
4130.2	0.53104
4168.59	0.529137
4190.52	0.526578
4203.13	0.522658
4226.23	0.522598
3503.63	0.52409
3560.45	0.524155
3621.42	0.524087
3681.02	0.524198
3737.92	0.524744
3792.57	0.525278
3842.73	0.526733
3890.47	0.52781
3936.65	0.528542
3977.82	0.530494
4013.51	0.530911
4030	0.537542
4061.89	0.537369
4102.36	0.539158
4141.07	0.539613
4177.96	0.539978
4213.2	0.540145
4244.27	0.540498
4274.21	0.540697
4299.45	0.540864
