2794.87	0.158527
2806.13	0.157726
2828.64	0.156241
2861.99	0.154193
2904.92	0.151703
2955.79	0.148873
3012.92	0.145787
3074.92	0.142515
3140.66	0.139121
3209.31	0.135656
3280.26	0.132161
3353.03	0.128672
3427.17	0.125219
3502.17	0.121841
3577.17	0.118595
3651.05	0.115572
3725.17	0.113018
3799.85	0.111236
3874.43	0.110541
3947.34	0.110943
4017.8	0.112348
4086.4	0.116524
4153.83	0.125045
4219.5	0.140258
4283.54	0.162436
4349.47	0.184054
4413.9	0.201224
4469.86	0.191144
4521.94	0.186264
4571.92	0.186259
4620.93	0.189777
4668.95	0.19557
4714.5	0.204928
4756.13	0.221629
4799.63	0.251401
4847.23	0.287788
4894.42	0.313607
4938.75	0.325308
4981.03	0.331376
5021.43	0.334008
5059.9	0.333707
5096.28	0.330504
5130.39	0.324342
5162.02	0.315189
5191.07	0.30378
5215.09	0.287907
5232.44	0.259683
5243.66	0.216154
5251.92	0.192873
5256.2	0.175867
2783.85	0.159138
2795.14	0.15834
2818.09	0.156835
2852.68	0.154726
2897.31	0.152152
2949.87	0.149234
3008.48	0.146067
3071.64	0.142726
3138.29	0.139276
3207.65	0.135766
3279.17	0.132237
3352.46	0.128726
3427.23	0.125278
3503.16	0.121979
3579.41	0.119008
3652.03	0.116474
3725.87	0.115566
3801.2	0.117671
3877.18	0.123611
3950.6	0.131647
4020.21	0.137772
4087.72	0.14869
4155.16	0.164335
4219.86	0.189712
4279.96	0.225288
4349.87	0.276723
4428.18	0.307152
4473.74	0.256945
4523.37	0.242925
4571.99	0.249895
4620.99	0.267528
4671.18	0.289393
4719.03	0.311162
4763.01	0.338178
4805.74	0.364416
4849.36	0.38805
4895.46	0.409352
4939.88	0.423717
4982.4	0.435635
5023.06	0.445664
5061.8	0.453171
5098.46	0.457013
5132.85	0.455766
5164.65	0.4475
5193.3	0.430265
5217.63	0.401662
5236.34	0.362186
5249.81	0.30555
5255.68	0.212549
5260.02	0.192382
2761.8	0.160283
2772.73	0.15952
2796.13	0.15801
2833.6	0.155774
2882.07	0.153027
2938.27	0.149932
2999.87	0.146605
3065.36	0.14313
3133.76	0.139572
3204.45	0.135978
3277.01	0.132388
3351.22	0.128849
3427.04	0.125459
3504.83	0.122547
3586.34	0.121321
3652.89	0.120193
3726.05	0.126068
3802.45	0.144243
3882.25	0.172244
3956.59	0.200618
4023.28	0.209259
4087.47	0.236969
4158.52	0.28342
4226.89	0.323607
4291.07	0.352149
4356.03	0.368071
4421.73	0.378155
4480.15	0.398592
4529.16	0.394962
4578.07	0.397808
4627.71	0.410105
4677.59	0.422775
4723.37	0.424871
4766.84	0.439171
4808.2	0.456012
4847.17	0.472461
4896.76	0.484159
4941.78	0.498556
4984.68	0.514612
5025.88	0.530429
5065.31	0.544926
5102.73	0.556782
5138.01	0.564446
5170.73	0.565987
5200.22	0.559329
5225.37	0.539836
5244.85	0.495492
5258.63	0.410394
5266.04	0.302407
5267.95	0.213689
2729.01	0.161832
2738.08	0.161192
2760.33	0.159792
2803.77	0.157338
2859.37	0.154301
2921.59	0.150928
2987.78	0.147361
3056.63	0.143694
3127.49	0.139985
3199.99	0.136279
3273.92	0.132612
3349.19	0.129046
3425.76	0.125747
3503.71	0.123309
3583.04	0.123898
3647.71	0.133917
3722.66	0.160505
3798.07	0.230979
3894.13	0.315681
3975.67	0.348054
4038.96	0.348786
4103.81	0.373768
4169.72	0.392342
4234.87	0.406242
4298.2	0.418668
4359.98	0.430699
4421.01	0.443563
4478.41	0.457739
4529.66	0.475152
4582.8	0.484624
4632.04	0.49507
4688.19	0.505898
4729.12	0.478355
4771.97	0.486082
4814.38	0.500114
4856.53	0.513451
4900.9	0.525936
4944.24	0.540926
4987.28	0.558166
5029.31	0.574421
5069.96	0.588479
5108.67	0.598637
5145.69	0.607556
5180.34	0.617941
5211.81	0.627551
5239.07	0.626499
5259.43	0.593228
5272.35	0.510861
5279.35	0.383009
5280.51	0.254491
2687.34	0.163527
2690.42	0.163146
2703.51	0.162194
2761.97	0.159374
2830.29	0.155906
2901.25	0.152147
2973.37	0.148271
3046.35	0.144366
3120.12	0.14048
3194.72	0.136647
3270.23	0.132902
3346.66	0.129324
3423.99	0.12618
3502.06	0.124539
3580.31	0.128914
3656.51	0.157782
3718.89	0.25032
3811.34	0.357084
3911.56	0.400818
3985.29	0.414616
4049.17	0.393492
4114.13	0.404876
4178.9	0.416697
4242.75	0.427726
4305.13	0.438009
4362.96	0.44594
4423.75	0.454987
4480.9	0.4682
4534.9	0.481986
4587.97	0.495656
4640.45	0.509352
4686.02	0.515595
4734.25	0.527452
4775.96	0.532023
4819.32	0.543608
4862.14	0.552996
4904.56	0.561912
4945.56	0.570342
4989.58	0.585152
5033.12	0.596432
5076.01	0.604619
5116.07	0.613197
5155.3	0.628303
5192.45	0.649583
5226.91	0.678828
5258.62	0.71124
5279.41	0.7219
5292.01	0.571609
5297.78	0.423488
5299.66	0.301863
2642.71	0.164986
2632.88	0.164802
2601.34	0.164189
2710.43	0.161611
2798.76	0.157635
2880.01	0.153437
2958.46	0.149231
3035.7	0.145085
3112.44	0.141031
3189.19	0.1371
3266.33	0.133328
3344.07	0.129805
3422.34	0.1268
3500.94	0.125165
3579.43	0.127668
3656.5	0.143018
3729.69	0.192771
3804.67	0.229071
3902.49	0.303423
3983.65	0.336715
4054.63	0.365036
4121.68	0.391038
4186.72	0.411766
4250.06	0.430724
4312.04	0.44851
4373.56	0.465303
4428.27	0.465713
4484.8	0.479205
4539.41	0.492328
4592.18	0.505441
4643.36	0.518557
4692.91	0.531893
4736.9	0.537407
4779.93	0.549264
4823.41	0.564095
4865.48	0.578462
4912.24	0.592311
4945.98	0.599925
4991.51	0.610914
5037.06	0.621144
5084.17	0.631524
5123.34	0.630037
5165.52	0.650019
5205.3	0.677023
5242.53	0.716684
5277.95	0.768882
5320.09	0.81658
5318.83	0.606401
5319.87	0.44623
5320.61	0.320537
2608.01	0.16602
2597.13	0.165808
2571.69	0.165173
2679.65	0.162969
2774.42	0.158964
2861.77	0.154551
2945.07	0.15013
3025.97	0.145836
3105.26	0.141738
3183.88	0.13792
3262.58	0.134463
3341.74	0.131543
3421.21	0.129641
3500.65	0.129943
3580.02	0.135404
3658.01	0.153222
3736.25	0.19398
3811.86	0.243008
3896.51	0.261378
3984.95	0.314714
4059.24	0.352
4127.8	0.377476
4193.28	0.395605
4256.3	0.41011
4317.33	0.423609
4376.81	0.43667
4433.79	0.449863
4490.15	0.462703
4544.95	0.475459
4597.1	0.488567
4647.28	0.503057
4695.68	0.518364
4741.71	0.534524
4784.98	0.550828
4824.6	0.565571
4872.88	0.579886
4911.89	0.58904
4951.6	0.593503
4991.64	0.605027
5034.45	0.613383
5084.58	0.625677
5132.67	0.636368
5177.85	0.657409
5219.88	0.685844
5262.95	0.722512
5302.13	0.76755
5345.85	0.812709
5342.74	0.613141
5342.27	0.460653
5342.42	0.329193
2584.27	0.166728
2576.02	0.166463
2559.43	0.165826
2662.03	0.16378
2757.58	0.15988
2847.77	0.155445
2934.35	0.151035
3018.22	0.146997
3099.23	0.14351
3179.05	0.140914
3259.02	0.139375
3339.74	0.139258
3420.67	0.141801
3500.61	0.149922
3581.29	0.16767
3656.11	0.211089
3749.08	0.290445
3836.73	0.340347
3905.89	0.353644
3988.81	0.370029
4063.46	0.388541
4133.38	0.403446
4199.43	0.416672
4261.93	0.429262
4321.88	0.442095
4380.41	0.455042
4437.95	0.467855
4495.13	0.480172
4551.26	0.491681
4602.18	0.501271
4651.22	0.516275
4699.11	0.532542
4747.69	0.548712
4788.52	0.553841
4831.14	0.568363
4873.31	0.568244
4913.8	0.575761
4957.29	0.58755
4997.66	0.59909
5046.97	0.606846
5096.73	0.616675
5144.57	0.630413
5192.49	0.652466
5229.03	0.680487
5278.39	0.717562
5319.56	0.764311
5360.17	0.799572
5363.26	0.607473
5363.97	0.468134
5364.23	0.334525
2568.86	0.167237
2563.32	0.16693
2552.97	0.166265
2651.45	0.164297
2746.14	0.160535
2837.51	0.156308
2926.54	0.15268
3013.56	0.151451
3094.6	0.152249
3174.23	0.155951
3254.76	0.161064
3337.48	0.16822
3420.48	0.18214
3497.88	0.213062
3586.58	0.274453
3675.55	0.330388
3761.38	0.364351
3844.21	0.385777
3923.35	0.401909
3996.27	0.40698
4069.28	0.420743
4139.88	0.432633
4206.5	0.443163
4267.8	0.453157
4325.74	0.466645
4383.09	0.481497
4440.66	0.495694
4499.36	0.509023
4561.02	0.52115
4607.46	0.513283
4654.72	0.521546
4700.4	0.526275
4742.83	0.535076
4791.5	0.545235
4835.84	0.561539
4877.9	0.571681
4922.29	0.580658
4964.78	0.592453
5010.12	0.601201
5058.17	0.610429
5109.49	0.623621
5154.53	0.632854
5198.77	0.655476
5248.97	0.686458
5297.99	0.726918
5344.24	0.772701
5391.34	0.813914
5388.18	0.627862
5386.58	0.481753
5386.05	0.34066
2559.04	0.167622
2555.5	0.167281
2549.11	0.166578
2644.63	0.164662
2738.05	0.161083
2829.66	0.15752
2920.68	0.15758
3014.1	0.176963
3090.08	0.197166
3166.65	0.216963
3246.6	0.241684
3333.15	0.278523
3423.94	0.314524
3513.04	0.342518
3600.99	0.366975
3686.89	0.386058
3770.43	0.401033
3851.32	0.414336
3929.08	0.426922
4000.4	0.438557
4074.83	0.448464
4148	0.458659
4216.72	0.469686
4274.96	0.467067
4328.34	0.469351
4383.87	0.47785
4440.74	0.46972
4499.18	0.476621
4555.83	0.486231
4604.87	0.48674
4651.14	0.495614
4701.78	0.509164
4749.33	0.526239
4797.66	0.542933
4835.59	0.555654
4884.23	0.570578
4930	0.585019
4976.03	0.597515
5019.19	0.604967
5065.02	0.609877
5111.67	0.619974
5164.42	0.634692
5215.33	0.657314
5266.75	0.6885
5317.02	0.728972
5365.77	0.773315
5414.99	0.81282
5410.64	0.630167
5407.94	0.485328
5406.9	0.342426
2552.83	0.167919
2550.59	0.167553
2546.62	0.16681
2639.88	0.164904
2731.78	0.161305
2822.28	0.157242
2911.62	0.153912
2999.5	0.153562
3081.62	0.156349
3162.48	0.164859
3244.24	0.180767
3328.4	0.208827
3422.77	0.265116
3522.67	0.318958
3612.68	0.350675
3697.39	0.372944
3779.54	0.391656
3859.92	0.406886
3938.54	0.42084
4017.06	0.43367
4079.96	0.440822
4161.4	0.4528
4220.02	0.438306
4277.43	0.448284
4333.17	0.458772
4386.22	0.469868
4448.01	0.4816
4499.89	0.479577
4551.34	0.487047
4604.57	0.494943
4653.99	0.505244
4704.32	0.516559
4753.24	0.532226
4794.85	0.546903
4842.63	0.562497
4892.01	0.577059
4936.45	0.585544
4981.91	0.596557
5025.91	0.605615
5067.63	0.612315
5121.22	0.621361
5174.07	0.637139
5228.55	0.659239
5282.23	0.689871
5334.16	0.72972
5384.47	0.773235
5434.69	0.811904
5430.39	0.626857
5427.38	0.482727
5426.14	0.340912
2548.9	0.168148
2547.48	0.167763
2544.96	0.16699
2636.44	0.165097
2726.9	0.161527
2816.09	0.15737
2903.84	0.153444
2989.69	0.151082
3072.61	0.153634
3154.4	0.17018
3235.3	0.213631
3337.17	0.293088
3433.8	0.339636
3529.46	0.363057
3622.13	0.376344
3705.46	0.379881
3786.8	0.39015
3867.06	0.399253
3945.45	0.407046
4020.82	0.414019
4093.05	0.422826
4158.53	0.422074
4222.37	0.432935
4280.35	0.441785
4337.91	0.455099
4392.19	0.462977
4445.51	0.472932
4501.66	0.485122
4554.98	0.498725
4606.88	0.512633
4658.87	0.526792
4706.46	0.534754
4752.97	0.543722
4799.89	0.553111
4846.64	0.56306
4894.26	0.574453
4940.04	0.578701
4987.49	0.590706
5034.05	0.600647
5080.75	0.610944
5129.94	0.623361
5179.88	0.639878
5239.64	0.66097
5295.92	0.690814
5349.44	0.730008
5400.87	0.773
5451.72	0.811159
5447.74	0.622521
5444.79	0.47795
5443.52	0.337948
2546.44	0.168317
2545.51	0.167918
2543.85	0.167123
2634.01	0.165244
2723.28	0.161724
2811.37	0.157648
2897.98	0.154015
2982.55	0.153455
3063.5	0.167384
3143.34	0.238813
3244.45	0.337882
3341.53	0.388169
3437.29	0.416689
3534.06	0.435377
3636.46	0.447061
3712	0.428384
3792.34	0.436472
3873.3	0.444326
3952.76	0.45104
4025.24	0.455231
4093.85	0.463288
4158.62	0.472087
4228.48	0.479162
4281.73	0.463721
4337.54	0.466577
4394.48	0.473514
4449.47	0.482995
4504.61	0.49334
4558.47	0.504795
4607.66	0.512397
4659.71	0.520349
4708.81	0.531041
4751.05	0.539851
4802.95	0.553752
4850.42	0.559445
4892.8	0.568703
4943.72	0.581827
4993.08	0.59321
5041.36	0.601519
5088.09	0.610112
5137.25	0.623109
5189.23	0.640629
5251.09	0.661501
5308.77	0.691054
5363.27	0.729914
5415.39	0.772681
5466.64	0.810544
5463.01	0.618593
5460.22	0.472917
5458.98	0.334694
2544.97	0.168433
2544.33	0.168023
2543.16	0.16721
2632.43	0.165334
2720.86	0.161831
2808.15	0.157733
2894.1	0.153867
2978.4	0.151995
3060.25	0.158639
3137.1	0.1979
3241.08	0.29728
3338.32	0.359312
3433.92	0.392748
3529.17	0.413935
3623.06	0.429653
3708.87	0.441506
3793.61	0.454407
3879.2	0.464067
3968.59	0.47143
4033.88	0.460799
4098.73	0.464711
4166.35	0.470294
4222.41	0.480179
4285.81	0.49281
4342.06	0.489252
4397.8	0.48883
4451.43	0.492286
4507.44	0.498556
4561	0.508486
4614.86	0.519798
4662.98	0.528606
4705.39	0.536288
4748.53	0.537387
4798.94	0.541465
4850.49	0.552233
4897.24	0.565172
4949.31	0.578076
4998.99	0.591056
5047	0.600628
5093.33	0.611195
5140.15	0.624697
5203.05	0.639728
5263.53	0.660819
5321.15	0.690585
5375.91	0.72947
5428.32	0.772285
5479.76	0.810036
5476.38	0.615504
5473.75	0.468451
5472.58	0.331701
2544.18	0.168502
2543.71	0.168084
2542.83	0.167256
2631.67	0.165375
2719.57	0.161866
2806.3	0.157707
2891.87	0.153508
2976.35	0.150074
3059.81	0.149618
3142.62	0.159078
3226.75	0.194612
3325.93	0.279101
3423.58	0.343791
3520.14	0.378665
3613.67	0.399327
3703.79	0.413596
3791.81	0.425328
3879.54	0.435004
3970.52	0.443001
4033.78	0.429303
4096.03	0.43883
4163.95	0.448485
4234.76	0.457263
4284.63	0.444144
4339.92	0.443914
4400.05	0.453983
4459.37	0.466618
4513.18	0.469547
4565.68	0.484186
4618.37	0.498829
4659.77	0.500181
4705.12	0.508525
4755.1	0.523569
4803.77	0.539869
4850.57	0.557354
4905.39	0.572485
4955.89	0.579856
5005.71	0.591971
5053.61	0.600909
5097.3	0.611691
5156.79	0.623057
5216.73	0.638167
5275.67	0.659684
5332.68	0.689746
5387.3	0.728824
5439.72	0.77185
5491.19	0.809617
5487.98	0.613233
5485.49	0.46475
5484.36	0.329117
2543.91	0.168529
2543.56	0.168103
2542.85	0.167262
2631.82	0.165371
2719.49	0.16185
2805.66	0.157653
2890.81	0.153283
2975.26	0.149123
3059.42	0.145854
3143.91	0.145245
3229.94	0.15164
3318.39	0.171897
3400.7	0.220887
3507.32	0.296918
3602.61	0.341163
3697.34	0.365348
3787.8	0.380768
3874.59	0.392087
3957.75	0.400455
4034.89	0.40455
4086.17	0.394802
4157.2	0.398091
4222.93	0.404132
4278.67	0.406878
4341.26	0.415689
4401.37	0.428867
4461.71	0.442201
4521.43	0.455821
4568.94	0.457214
4613.88	0.471303
4663.59	0.481775
4712.27	0.499367
4761.85	0.516432
4811.44	0.533234
4861.32	0.549624
4913.6	0.564646
4965.25	0.578792
5014.64	0.591423
5064.36	0.600767
5115.09	0.610077
5171.13	0.621378
5228.92	0.636733
5286.59	0.65852
5342.93	0.688838
5397.24	0.728144
5449.55	0.77143
5500.97	0.80928
5497.88	0.611555
5495.48	0.461671
5494.4	0.326877
2544.03	0.168521
2543.82	0.168084
2543.3	0.167229
2633.26	0.165316
2720.9	0.161772
2806.13	0.157575
2890.56	0.153168
2974.61	0.148787
3058.74	0.144693
3143.25	0.141408
3228.81	0.140204
3315.63	0.143883
3402.63	0.15761
3492.5	0.185794
3582.53	0.238837
3690.55	0.300816
3784.78	0.334984
3871.31	0.357353
3948.81	0.369071
4022.56	0.379882
4088.97	0.390294
4153.87	0.38889
4219.04	0.399352
4281.13	0.409231
4342.92	0.418771
4400.31	0.427839
4462.49	0.439917
4523.25	0.454178
4571.96	0.459204
4615.2	0.46948
4666.28	0.486977
4716.46	0.504421
4766.6	0.521517
4816.86	0.538248
4867.8	0.554379
4920.66	0.569265
4975.45	0.582336
5022.31	0.591536
5073.32	0.600602
5126.38	0.609218
5181.95	0.620295
5238.81	0.635662
5295.69	0.657572
5351.52	0.688071
5405.56	0.72757
5457.75	0.771083
5509.11	0.809012
5506.1	0.610186
5503.77	0.458929
5502.73	0.32483
2544.43	0.168488
2544.42	0.168036
2544.36	0.16715
2637.01	0.165176
2724.75	0.16159
2807.48	0.157459
2890.85	0.153106
2974.1	0.148725
3057.92	0.14452
3141.77	0.140897
3226.35	0.139024
3311.73	0.142268
3398.21	0.156251
3487.67	0.189917
3585.9	0.255929
3684.36	0.283978
3783.14	0.299581
3864.97	0.303427
3945.89	0.323468
4019.22	0.347186
4087.31	0.36882
4152.5	0.38847
4217.76	0.405046
4281.09	0.420464
4343.26	0.434847
4404.88	0.448629
4462.25	0.452472
4521.45	0.463814
4565.82	0.471419
4615.22	0.480644
4667.76	0.493413
4718.68	0.509967
4769.27	0.526664
4819.72	0.54322
4870.54	0.559338
4924.12	0.573833
4981.49	0.585913
5024.93	0.593125
5079.42	0.600592
5133.97	0.608787
5189.77	0.61964
5246.31	0.634954
5302.74	0.656934
5358.22	0.687574
5412.1	0.727208
5464.23	0.770854
5515.57	0.80881
5512.65	0.608869
5510.4	0.456234
5509.39	0.322827
2544.87	0.168449
2545.13	0.167977
2545.99	0.167034
2645.65	0.164837
2733.64	0.161167
2808.3	0.157383
2891.43	0.153111
2973.23	0.148851
3057.38	0.144841
3139.85	0.141992
3223.11	0.143848
3305.66	0.16788
3387.69	0.212618
3489.78	0.28135
3586.64	0.34174
3690.63	0.371696
3795.52	0.387063
3868.45	0.362397
3944.13	0.36911
4016.24	0.375838
4084.95	0.385626
4148.4	0.393992
4215.78	0.404134
4279.92	0.416734
4342.03	0.429599
4402.13	0.442768
4459.21	0.456447
4514.61	0.471121
4566.27	0.486699
4620.48	0.501384
4668.79	0.5039
4719.29	0.517317
4770.17	0.529917
4820.43	0.543633
4868.8	0.558654
4922.19	0.573158
4978.95	0.585489
5034.34	0.595825
5084.6	0.600434
5139.15	0.608548
5195.15	0.61927
5251.56	0.634547
5307.65	0.656635
5362.85	0.687457
5416.72	0.727158
5468.94	0.770786
5520.37	0.808667
5517.56	0.607407
5515.41	0.453397
5514.43	0.320794
2545.1	0.168425
2545.3	0.167953
2545.53	0.167033
2640.65	0.165
2729.48	0.161327
2815.01	0.157125
2893.51	0.153239
2970.2	0.149443
3058.77	0.145849
3137.19	0.144427
3219.65	0.147184
3296.99	0.157343
3384.11	0.198399
3493.51	0.28678
3595.24	0.341636
3692.16	0.368692
3785	0.386794
3867.26	0.401301
3945.96	0.413958
4016.02	0.420393
4083.27	0.431382
4151.28	0.442645
4214.83	0.442332
4278.63	0.450084
4340.67	0.457818
4400.33	0.465283
4455.91	0.471541
4503.53	0.479934
4562.43	0.484127
4617.33	0.493268
4669.17	0.503945
4717.48	0.515704
4769.77	0.526614
4819.8	0.542458
4868.63	0.558823
4915.28	0.573533
4976.41	0.583656
5033.4	0.593936
5085.91	0.601804
5141.68	0.608647
5198.43	0.619124
5254.76	0.634379
5310.37	0.656707
5365.14	0.687904
5419.31	0.727544
5471.89	0.770915
5523.54	0.80858
5520.89	0.605739
5518.84	0.450464
5517.9	0.3188
2545.19	0.168418
2545.48	0.167939
2545.92	0.167009
2641.93	0.164959
2728.64	0.161334
2815.05	0.157149
2893.88	0.153317
2978.19	0.149818
3051.82	0.148144
3131.89	0.149062
3216.04	0.152568
3294.88	0.183131
3394.27	0.278917
3500.86	0.354274
3599.01	0.3933
3692.56	0.417409
3781.94	0.435351
3867.19	0.451262
3954.48	0.462395
4017.03	0.456824
4079.43	0.468883
4147.95	0.482972
4213.37	0.495859
4278.43	0.507005
4341.33	0.517313
4403.29	0.520572
4453.31	0.509052
4507.12	0.514815
4562.46	0.522711
4616.65	0.531615
4669.53	0.541184
4722.13	0.550607
4769.65	0.554949
4818.53	0.565105
4864.27	0.577831
4922.06	0.584834
4976.47	0.591908
5035.97	0.59843
5095.19	0.604888
5142.03	0.609967
5200.43	0.619289
5256.34	0.634436
5310.84	0.657312
5364.34	0.689552
5419.83	0.728547
5473.21	0.771232
5525.21	0.808545
5522.72	0.604134
5520.75	0.4479
5519.85	0.317125
2545.03	0.168435
2545.58	0.167943
2547.31	0.166959
2652.49	0.164606
2728.13	0.161357
2804.89	0.157602
2890.87	0.153362
2974.85	0.149594
3056.32	0.14797
3140.77	0.155728
3214.99	0.18791
3297.59	0.218719
3396.73	0.265241
3505.05	0.333792
3600.53	0.372525
3692.38	0.395398
3779.65	0.411972
3862.63	0.425309
3942.32	0.43603
4013.64	0.443567
4083.79	0.453999
4146.45	0.450558
4211.26	0.456135
4272.65	0.459819
4336.17	0.462884
4396.59	0.467103
4452.79	0.470824
4506.34	0.481271
4562.62	0.492614
4616.49	0.506844
4668.97	0.521383
4719.96	0.536082
4768.91	0.550739
4819.99	0.56496
4870.71	0.578923
4925.71	0.590799
4983.82	0.599755
5037.9	0.601305
5094.81	0.608073
5150.97	0.616348
5203.17	0.623701
5256.99	0.637505
5309.21	0.659086
5357.83	0.69304
5418.77	0.729879
5473.34	0.771512
5525.58	0.808556
5523.15	0.603619
5521.21	0.446845
5520.32	0.316313
2544.36	0.168488
2544.54	0.168019
2544.77	0.167111
2638.23	0.165126
2722.8	0.161625
2805.5	0.157583
2889.96	0.153359
2974.16	0.149433
3057.61	0.14687
3140.98	0.148793
3221.42	0.163786
3300.01	0.210902
3403.32	0.282937
3509.2	0.319517
3599.57	0.341694
3692.49	0.362513
3778.33	0.379417
3858.73	0.387914
3936.43	0.395406
4009.75	0.400119
4077.62	0.40537
4144.18	0.413777
4208.61	0.425537
4271.37	0.437158
4333.64	0.449191
4394.22	0.461111
4452.08	0.473834
4510.64	0.486812
4563.31	0.488314
4615.93	0.496943
4668.23	0.507724
4718.25	0.519083
4764.57	0.532439
4820.42	0.541177
4871.6	0.555329
4925.15	0.569371
4981.86	0.582016
5037.48	0.592616
5094.17	0.600288
5150.08	0.60794
5202.43	0.619226
5257.55	0.633491
5312.08	0.656202
5365.29	0.688475
5420.31	0.727802
5473.2	0.770929
5524.84	0.8086
5522.21	0.605899
5520.23	0.448388
5519.35	0.316609
2543.56	0.16855
2543.49	0.168097
2543.16	0.167216
2632.84	0.165305
2719.39	0.161798
2804.45	0.157678
2889.46	0.153444
2974.34	0.149661
3058.98	0.147753
3143.3	0.151887
3226.36	0.171721
3304.36	0.215748
3414.59	0.294126
3518.87	0.331837
3610.15	0.333526
3696.06	0.333851
3775.8	0.33308
3858.93	0.333862
3935.05	0.351596
4007.36	0.369439
4075.25	0.385825
4141.82	0.399894
4205.53	0.413055
4268.63	0.42538
4330.99	0.437298
4392.82	0.449062
4449	0.450519
4506.62	0.459616
4561.42	0.468275
4616.87	0.479845
4670.48	0.49465
4722.23	0.510035
4772.77	0.525897
4825.04	0.541158
4875.4	0.556911
4919.6	0.573311
4979.38	0.586075
5034.89	0.59627
5093.37	0.603151
5151.52	0.611314
5210.35	0.622412
5256.34	0.633126
5313.18	0.654314
5367.25	0.685508
5420.3	0.725775
5471.75	0.770216
5522.58	0.808697
5519.71	0.608108
5517.77	0.448001
5516.92	0.315072
2542.89	0.168603
2542.73	0.168155
2542.33	0.167279
2630.56	0.165385
2717.49	0.161894
2803.51	0.157762
2889.22	0.153588
2974.85	0.150294
3060.5	0.150985
3145.62	0.167508
3232.84	0.233716
3322.74	0.280768
3426.08	0.313827
3522.24	0.336574
3616.77	0.35627
3703.32	0.372264
3787.55	0.383716
3860.97	0.384997
3933.18	0.391151
4006.03	0.394424
4071.81	0.40285
4139.94	0.415162
4200.95	0.416565
4264.64	0.425783
4326.94	0.433741
4383.88	0.440322
4445.39	0.450074
4504.19	0.462157
4561.25	0.47497
4617.59	0.488059
4672.58	0.501624
4725.48	0.515559
4777.31	0.530628
4829.68	0.545886
4878.92	0.553953
4928.37	0.568596
4979.85	0.581935
5028.44	0.594628
5091.9	0.601296
5150.93	0.608684
5208.32	0.619192
5263.62	0.63506
5313.96	0.651396
5366.58	0.682839
5418.25	0.723807
5468.34	0.769416
5518.2	0.808866
5515.4	0.606962
5513.79	0.439071
5513.09	0.307349
2542.42	0.168641
2542.26	0.168194
2541.92	0.167314
2629.54	0.165425
2716.53	0.161939
2802.97	0.157787
2889.15	0.153549
2975.38	0.150035
3061.97	0.14975
3149.33	0.161844
3238.03	0.214277
3325.15	0.245025
3436.54	0.32294
3534.58	0.363484
3626.44	0.388122
3710	0.407791
3789.84	0.426941
3865.69	0.442838
3942.58	0.454798
4009.82	0.46188
4064.02	0.442882
4130.98	0.446662
4197.13	0.454474
4260.79	0.461665
4322.64	0.468897
4382.64	0.476761
4442.59	0.482729
4501.63	0.490236
4559.95	0.498083
4617.83	0.505926
4674.93	0.514319
4728.01	0.517539
4779.54	0.527223
4828.22	0.538136
4880.91	0.550698
4932.41	0.564951
4984.4	0.578469
5036.99	0.590239
5093.83	0.598174
5150.68	0.60495
5206.67	0.614316
5260.73	0.628414
5310.47	0.651115
5363.25	0.679867
5414.13	0.720705
5462.62	0.767675
5510.6	0.809029
5509.06	0.593147
5508.48	0.408361
5508.09	0.288188
2542.15	0.168662
2542.02	0.168213
2541.74	0.167332
2629.13	0.165445
2716.13	0.161961
2802.75	0.157796
2889.16	0.153492
2975.59	0.149663
3062.25	0.14787
3149.09	0.153264
3234.63	0.182172
3331.6	0.258614
3445.14	0.330394
3546.38	0.362049
3640.19	0.381119
3716.69	0.37649
3793.48	0.391276
3867.61	0.404666
3935.11	0.417298
4004.57	0.430313
4067.38	0.445235
4131.6	0.461394
4195.52	0.476065
4258.17	0.48993
4319.56	0.503348
4379.8	0.516371
4439.35	0.528629
4498.31	0.540768
4557.4	0.552525
4617.43	0.563048
4681.42	0.5706
4730.68	0.553654
4780.51	0.560164
4830.68	0.570357
4882.14	0.580318
4934.16	0.589871
4986.75	0.597787
5040.07	0.603984
5094.81	0.610446
5150.13	0.618042
5205.34	0.627944
5259.97	0.641541
5314.49	0.660181
5358.25	0.675238
5408.83	0.704768
5454.98	0.742845
5496.79	0.775472
5501.23	0.532089
5502.76	0.352093
5502.84	0.254555
2542.07	0.168665
2541.95	0.168217
2541.71	0.167336
2629.08	0.165455
2716.13	0.161978
2802.82	0.157834
2889.28	0.153604
2975.68	0.150044
3062.15	0.149261
3148.46	0.158481
3234.01	0.19891
3344.96	0.287341
3454.84	0.334897
3560.9	0.353661
3640.82	0.342235
3723.85	0.352639
3797.88	0.356219
3869.09	0.370881
3936.63	0.385908
4002.95	0.400522
4066.79	0.414397
4130.38	0.427985
4193.41	0.440511
4255.37	0.451914
4316.45	0.462243
4376.64	0.471767
4435.89	0.480771
4494.14	0.489195
4553.31	0.496444
4612.43	0.503382
4671.72	0.509247
4727.55	0.510556
4778.67	0.522121
4829.23	0.535997
4880.56	0.550338
4933.25	0.564302
4986.35	0.57804
5039.18	0.590511
5092.99	0.599272
5147.7	0.606627
5202.61	0.616422
5257.11	0.630764
5310.63	0.652299
5361.93	0.683828
5407.09	0.71626
5453.29	0.765705
5500.02	0.809327
5498.58	0.560548
5498.53	0.345877
5498.51	0.245601
2542.16	0.168652
2542.03	0.168205
2541.79	0.16733
2629.33	0.165456
2716.48	0.162
2803.19	0.157936
2889.54	0.153999
2975.72	0.151526
3061.74	0.155
3145.92	0.181875
3246.42	0.270132
3357.88	0.344409
3461.09	0.380748
3557.35	0.403715
3644.8	0.422836
3735.81	0.435542
3801.31	0.410223
3871.12	0.417893
3936.88	0.425141
4001.13	0.432794
4063.95	0.44117
4127.41	0.44913
4190.24	0.457566
4251.46	0.466638
4312.36	0.475766
4372.62	0.485202
4431.64	0.495078
4487.24	0.505565
4547.36	0.516665
4605.3	0.529086
4663.4	0.542393
4726.97	0.555561
4775.39	0.539085
4824.98	0.546826
4875.65	0.558051
4930.06	0.56813
4984.6	0.579418
5036.21	0.589577
5089.39	0.596398
5143.91	0.603621
5198.68	0.612564
5253.01	0.625599
5306.05	0.645472
5356.44	0.675502
5401.52	0.719551
5448.65	0.766808
5495.73	0.809504
5494.19	0.570843
5494.14	0.347112
5494.26	0.244535
2542.41	0.168622
2542.28	0.168178
2542.01	0.167312
2629.91	0.165455
2717.27	0.162048
2803.92	0.158187
2889.97	0.155004
2975.67	0.155088
3061.58	0.165925
3148.95	0.204081
3258.17	0.282724
3367.31	0.332143
3468.46	0.358952
3558.1	0.375801
3642.28	0.395277
3724	0.410266
3798.89	0.420727
3877.33	0.432862
3937.57	0.428134
3999.46	0.437738
4058.04	0.448954
4123.33	0.461532
4187.54	0.473466
4246.09	0.474307
4307.37	0.484809
4368.58	0.494885
4428.66	0.504983
4488.57	0.514995
4542.3	0.513948
4596.79	0.522927
4648.37	0.532335
4710.89	0.536271
4765.37	0.541238
4816.27	0.554188
4862.35	0.570208
4923.8	0.583817
4981.38	0.595187
5040.06	0.604735
5083.54	0.604974
5138.82	0.612655
5193.74	0.623171
5248.08	0.637088
5301.28	0.656571
5352.78	0.684012
5402.83	0.71969
5441.62	0.745563
5484.24	0.775075
5488.33	0.506431
5489.63	0.312736
5490.13	0.238655
2542.84	0.168577
2542.7	0.168135
2542.39	0.167285
2630.99	0.165455
2718.72	0.162146
2805.23	0.158761
2890.53	0.157655
2974.5	0.166398
3056.45	0.20944
3170.84	0.303027
3271.75	0.355111
3373.71	0.386659
3480.62	0.402639
3559.43	0.383212
3638.34	0.390125
3715.87	0.39869
3790.45	0.40685
3863.38	0.414482
3930.73	0.420988
3996.12	0.430378
4061.3	0.439669
4118.82	0.440049
4175.52	0.44341
4241.29	0.442573
4301.3	0.448793
4364.63	0.456693
4424.59	0.466298
4482.46	0.476215
4538.53	0.485064
4593.65	0.496514
4648.14	0.508604
4704.7	0.521581
4759.45	0.533504
4812.31	0.546977
4864.4	0.561028
4920.09	0.574248
4976.02	0.585747
5025.53	0.59513
5077.84	0.600509
5132.11	0.607784
5187.49	0.617541
5242.4	0.631893
5296.23	0.653571
5348.46	0.685206
5398.6	0.72768
5446.39	0.775795
5489.1	0.809682
5487.13	0.574256
5486.9	0.348651
5487.04	0.247655
2543.45	0.168516
2543.32	0.168077
2543.02	0.167243
2632.85	0.165434
2721.33	0.162214
2807.57	0.159351
2891.78	0.160904
2972.56	0.183017
3065.45	0.266893
3185.94	0.334878
3274.96	0.319608
3370.85	0.332916
3466.38	0.340733
3554.22	0.341256
3633.51	0.346792
3709.59	0.355565
3782.15	0.36472
3855.6	0.373994
3924.74	0.385124
3991.14	0.396296
4056.56	0.406832
4113.92	0.413627
4169.89	0.424705
4238.27	0.434214
4303.21	0.445742
4362.11	0.447989
4420.69	0.457718
4476.27	0.467682
4533.84	0.478665
4589.33	0.492314
4643.97	0.506366
4698.48	0.520579
4753.63	0.534631
4807.33	0.549335
4861.12	0.56399
4914.49	0.576087
4971.12	0.587592
5014.56	0.594261
5076.61	0.600728
5123.14	0.60589
5180.12	0.614884
5235.54	0.628114
5289.81	0.648071
5342.69	0.677091
5393.26	0.716514
5440.58	0.76322
5483.18	0.80682
5484.15	0.549878
5483.86	0.360512
5483.9	0.257938
2544.21	0.168443
2544.16	0.168004
2543.99	0.167183
2635.97	0.165375
2726.07	0.162119
2811.68	0.158928
2895.31	0.157916
2978.33	0.164174
3062.84	0.191202
3160.42	0.260756
3264.3	0.323497
3363.43	0.36315
3459.86	0.387049
3558.17	0.402965
3629.74	0.384103
3704.03	0.391671
3778.97	0.400474
3849.05	0.400664
3918.99	0.408214
3984.85	0.413466
4047.41	0.420771
4110.23	0.423877
4173.17	0.430679
4236.57	0.437916
4299.2	0.44637
4359.6	0.456286
4418.29	0.467674
4474.39	0.480509
4529.25	0.485733
4583.91	0.498391
4638.07	0.510566
4689.73	0.52362
4747.4	0.537254
4800.5	0.547265
4852.9	0.559104
4907.18	0.570469
4961.57	0.583109
5017.93	0.593274
5065.75	0.59856
5117.78	0.605458
5172.79	0.615121
5227.72	0.629404
5281.9	0.650794
5335.68	0.681208
5387.5	0.721761
5436.87	0.768158
5485.17	0.809736
5482.34	0.596777
5480.76	0.406628
5480.45	0.283313
2545.06	0.168365
2545.14	0.167925
2545.33	0.167153
2640.86	0.165505
2735.12	0.162897
2817.48	0.161302
2898.73	0.163236
2980.32	0.168435
3064.5	0.178569
3152.45	0.199809
3244.3	0.244971
3353.09	0.304108
3448.62	0.335102
3538.52	0.35259
3618.44	0.360155
3695.34	0.374612
3770.79	0.387598
3842.36	0.395598
3909.34	0.405151
3980.5	0.416288
4047.6	0.428433
4113.61	0.440125
4173.47	0.445249
4233.78	0.454838
4296.38	0.463272
4357.57	0.47293
4417.02	0.483154
4474.15	0.494092
4524.63	0.503341
4577.05	0.517428
4630.97	0.519253
4690.16	0.529069
4740.16	0.530961
4792.71	0.543946
4839.28	0.559735
4898	0.572857
4948.56	0.587234
5009.83	0.596785
5068.09	0.604476
5117.18	0.609842
5164.02	0.616555
5218.47	0.631941
5271.43	0.655088
5327.08	0.685901
5380.61	0.72598
5431.73	0.770623
5482.04	0.809849
5478.65	0.611079
5476.46	0.43968
5475.78	0.3021
2545.87	0.168296
2546.02	0.167865
2546.63	0.167238
2646.81	0.166329
2755.59	0.168043
2823.43	0.178095
2900.07	0.203853
2977.18	0.224533
3059.14	0.254736
3150.64	0.291341
3245.61	0.321171
3342.98	0.337835
3435.82	0.35207
3523.92	0.365373
3606.19	0.378908
3685.21	0.389694
3758.94	0.398565
3835.16	0.408046
3908.3	0.418791
3978.07	0.428093
4046.97	0.438821
4116.54	0.449118
4172.13	0.447484
4225.41	0.461383
4293.54	0.472918
4356.23	0.485273
4417.6	0.497652
4472.29	0.501584
4524.56	0.50207
4575.82	0.509294
4632.32	0.518528
4679.57	0.528799
4737.48	0.535681
4791.35	0.547954
4842.93	0.561516
4895.34	0.574904
4945.61	0.588407
5003.73	0.597376
5059.91	0.604598
5115.53	0.614242
5159.16	0.623742
5208.47	0.634678
5255.25	0.660397
5316.96	0.689856
5372.52	0.728718
5424.92	0.77195
5476.22	0.810045
5472.9	0.614793
5470.49	0.455605
5469.5	0.314814
2546.57	0.16824
2546.45	0.167817
2546.34	0.167081
2643.71	0.165447
2740.28	0.162956
2826.93	0.162459
2901.97	0.167621
2978.57	0.18084
3055.34	0.1976
3138.25	0.212506
3234.99	0.27335
3335.47	0.328445
3426.68	0.358367
3515.07	0.377464
3595.33	0.393389
3675.99	0.410057
3752.89	0.425764
3829.98	0.438834
3910.05	0.449703
3974.72	0.438807
4043.87	0.446028
4114.83	0.453287
4174.81	0.456168
4234.13	0.462296
4294.38	0.457149
4354.54	0.462815
4410.42	0.467311
4465.5	0.469287
4523.67	0.477825
4578.31	0.491834
4632.62	0.506504
4684.71	0.521949
4738.5	0.53661
4791.45	0.551714
4843.38	0.566775
4893.91	0.581275
4945.02	0.59372
4998.68	0.602413
5051.22	0.607126
5107.06	0.616109
5160.48	0.628201
5200.59	0.63696
5253.39	0.660148
5309.23	0.691028
5363.98	0.730166
5416.7	0.772799
5468.48	0.810329
5465.3	0.615401
5462.88	0.462889
5461.84	0.322744
2547.42	0.168181
2546.91	0.167778
2545.96	0.167023
2641.2	0.165192
2734.37	0.161829
2822.23	0.158556
2903.71	0.15758
2983.15	0.165093
3060.55	0.202691
3140.51	0.251519
3231.04	0.288327
3325.2	0.308762
3421.28	0.330206
3507.65	0.364053
3587.9	0.389051
3667.62	0.40758
3744.45	0.422737
3820.01	0.435028
3896.55	0.44486
3963.04	0.442691
4035.89	0.452669
4115.16	0.46131
4174.42	0.457799
4235.41	0.4654
4297.24	0.464593
4353.06	0.463703
4412.05	0.468605
4467.87	0.479701
4524.21	0.493033
4579.09	0.506769
4633.13	0.520811
4686.24	0.535129
4738.48	0.549318
4790.8	0.563406
4843.65	0.5767
4890.61	0.581803
4941.03	0.592667
4982.69	0.599595
5043.06	0.604291
5098.93	0.612233
5151.84	0.624244
5200.5	0.643684
5245.4	0.661342
5298.93	0.69239
5353.87	0.73148
5406.96	0.773561
5459.06	0.810716
5456	0.615407
5453.66	0.465975
5452.65	0.327112
2548.81	0.168091
2547.84	0.167709
2546.07	0.166971
2640.63	0.165097
2733.62	0.161567
2823.63	0.157844
2906.75	0.156161
2987.32	0.163988
3059.78	0.196356
3139.06	0.215437
3218.28	0.229011
3326.01	0.31142
3413.94	0.331256
3499.81	0.359941
3576.62	0.383248
3658.55	0.401976
3734.58	0.419625
3806.89	0.435239
3876.12	0.44932
3943.21	0.463071
4019.65	0.477734
4096.07	0.49165
4165.48	0.509054
4233.73	0.524726
4305.93	0.533819
4361.86	0.510567
4414.85	0.513887
4467.85	0.521881
4524.34	0.530032
4578.92	0.539798
4632.83	0.549641
4686.93	0.559384
4736.79	0.561515
4788.15	0.570181
4836.34	0.5791
4884.72	0.587332
4931.77	0.59705
4983.72	0.603759
5038.37	0.609994
5092.45	0.618999
5145.66	0.631522
5199.05	0.649155
5243.28	0.67065
5283.57	0.696884
5342.03	0.733084
5395.74	0.774311
5448	0.811208
5445.05	0.615339
5442.86	0.466607
5441.93	0.328901
2551.22	0.167947
2549.61	0.167588
2546.73	0.166876
2641.56	0.164982
2735.78	0.161367
2831.85	0.157444
2911.92	0.155498
2984.16	0.156793
3063.12	0.15446
3141.58	0.160485
3218.6	0.180254
3305.69	0.252775
3406.56	0.327961
3494.45	0.369694
3578.21	0.395716
3650.84	0.403286
3724.98	0.420125
3794.22	0.435828
3855.73	0.443247
3912.13	0.456532
4001.69	0.464328
4082.47	0.469644
4156.5	0.474607
4227.12	0.479413
4295.92	0.484162
4358.77	0.48625
4415.19	0.496357
4471.9	0.508342
4525.58	0.51656
4578.12	0.51801
4630.7	0.52704
4680.28	0.53432
4733.67	0.544031
4785.5	0.557154
4833.2	0.565926
4878.77	0.574982
4921.38	0.588851
4978.74	0.596959
5032.68	0.60355
5085.32	0.611877
5137.13	0.623377
5188.62	0.639867
5235.68	0.665636
5286.18	0.700253
5331.36	0.733697
5383.54	0.774631
5435.21	0.811815
5432.41	0.614753
5430.54	0.464424
5429.78	0.328228
2555.29	0.167732
2552.71	0.1674
2547.99	0.166736
2643.04	0.164857
2736.07	0.161216
2826.33	0.157
2909.47	0.153011
2987.45	0.149839
3065.45	0.148271
3142.93	0.153372
3219.1	0.177178
3298.59	0.240674
3398.49	0.324278
3486.75	0.365883
3563.78	0.383137
3642.17	0.400173
3715.69	0.409555
3784.46	0.421693
3853.5	0.425576
3921.41	0.440168
3990.26	0.454604
4073.63	0.463922
4149.07	0.473076
4220.52	0.482907
4290.09	0.493016
4360.41	0.502945
4413.75	0.493751
4468.84	0.500856
4520.99	0.508699
4577.96	0.518713
4626.32	0.52156
4681.13	0.532603
4730.49	0.533119
4779.17	0.541492
4826.44	0.551353
4877.01	0.56502
4925.24	0.5805
4976.36	0.593045
5027.42	0.601452
5077.87	0.610404
5127.26	0.623092
5180.33	0.640156
5233.88	0.664306
5277.65	0.694791
5327.5	0.736557
5369.48	0.774662
5419.76	0.812519
5417.99	0.608884
5416.88	0.455901
5416.4	0.324235
2561.98	0.167425
2557.99	0.167119
2550.43	0.166497
2646.51	0.164629
2739.14	0.160989
2828.01	0.156767
2912.28	0.152725
2990.71	0.14993
3068.1	0.151288
3144.12	0.167107
3220.3	0.224753
3299.67	0.262769
3388.34	0.29117
3471.84	0.308851
3552.01	0.323943
3625.43	0.341623
3705.44	0.361246
3780.16	0.380052
3853.17	0.397723
3924.84	0.414786
3993.88	0.430331
4070.58	0.44195
4143.79	0.451614
4214.15	0.460191
4281.98	0.468114
4346.24	0.475395
4405.8	0.477605
4463.2	0.484697
4518.82	0.492572
4573.34	0.501082
4627.44	0.50261
4675.02	0.505414
4725.03	0.513738
4777.41	0.525682
4826.25	0.542309
4875.99	0.559145
4924.9	0.575337
4973.23	0.589712
5022.03	0.599645
5070.42	0.608726
5112.12	0.620177
5169.25	0.633334
5220.97	0.653099
5266.29	0.683603
5315.34	0.721219
5361.5	0.763435
5399.09	0.794501
5402.26	0.589243
5402.4	0.436859
5402.11	0.316944
2572.73	0.167008
2566.9	0.166719
2555.28	0.166106
2653.42	0.16422
2746.02	0.160594
2834.41	0.15648
2921.07	0.152954
2995.05	0.152272
3071.52	0.158703
3144.43	0.180195
3221.22	0.185194
3300.22	0.212865
3382.49	0.222899
3458.8	0.190606
3532.16	0.203117
3608.87	0.25969
3694.23	0.332967
3773.17	0.372461
3850.34	0.396501
3927.75	0.413603
4000.66	0.429417
4068.88	0.425062
4139.51	0.432906
4208.65	0.437743
4275.86	0.441956
4338.99	0.445422
4399.94	0.453706
4458.34	0.464074
4513.54	0.473762
4566.73	0.483732
4623.32	0.494658
4676.26	0.509754
4730.08	0.525476
4777.21	0.532266
4823.29	0.548087
4874.09	0.564192
4923.71	0.57952
4968.72	0.588568
5016.42	0.59847
5060.97	0.606198
5110.13	0.616701
5161.55	0.631614
5211.8	0.653525
5261.35	0.685214
5302.71	0.721114
5348.22	0.767769
5393.34	0.811448
5389.17	0.606792
5388.09	0.43441
5387.18	0.314787
2589.37	0.166458
2581.68	0.166176
2566.66	0.165492
2665.86	0.163531
2757.17	0.16
2842.66	0.156005
2919.69	0.152154
3001.17	0.148498
3080.59	0.147346
3149.33	0.151238
3219.84	0.158251
3301.5	0.150539
3380.14	0.15103
3455.85	0.143279
3529.7	0.148056
3601.26	0.174955
3677.62	0.255163
3762.23	0.3367
3843.28	0.376948
3931.97	0.397858
3993	0.377123
4065.05	0.388639
4135.51	0.400925
4203.84	0.411877
4270.27	0.422482
4333.09	0.433826
4394.84	0.446222
4452.22	0.450321
4509.86	0.459601
4565.47	0.473467
4620.92	0.488037
4674.76	0.502895
4726.5	0.518382
4776.44	0.53418
4826.57	0.550283
4871.86	0.556976
4916.81	0.56869
4963.7	0.581621
5010.15	0.594237
5056.68	0.60303
5104.6	0.613345
5153.1	0.627621
5200.68	0.648613
5246.21	0.679641
5286.73	0.724984
5333.04	0.771727
5379.93	0.814495
5375.29	0.621696
5373.13	0.486841
5370.9	0.330679
2613.77	0.165732
2603.85	0.1655
2581.57	0.164857
2685.68	0.162694
2777.27	0.158869
2859.11	0.154758
2938.68	0.150625
3009.51	0.147219
3078.09	0.144117
3154.39	0.140577
3228.21	0.137839
3304.14	0.1343
3379.6	0.13161
3453.95	0.128433
3527.53	0.128508
3600.76	0.135896
3674.72	0.158365
3746.34	0.200794
3823.68	0.260672
3909.96	0.312952
3985.86	0.335717
4060.44	0.366549
4131.31	0.389433
4198.74	0.407067
4266.15	0.422553
4326.19	0.425221
4384.41	0.435318
4446.74	0.44776
4506.16	0.462575
4562.41	0.478292
4618.2	0.49368
4673.5	0.508601
4722.97	0.510531
4773.85	0.520886
4821.11	0.530978
4869.25	0.545551
4915.46	0.562586
4957.95	0.577699
5003.14	0.59173
5050.29	0.601164
5097.33	0.611216
5143.83	0.625714
5189.17	0.647831
5232.99	0.681278
5276.32	0.726842
5315.06	0.772469
5360.22	0.816046
5354.95	0.632528
5352.6	0.489563
5351.68	0.334256
2648.17	0.164712
2638.48	0.164525
2606.18	0.163922
2718	0.161317
2807.23	0.157283
2878.03	0.153629
2944.52	0.149982
3018.73	0.146055
3089.76	0.1423
3162.19	0.138571
3234.64	0.134963
3307.7	0.131397
3380.75	0.128044
3453.51	0.124941
3526.08	0.122788
3598.74	0.122803
3671.77	0.127476
3744.56	0.139761
3817.42	0.160528
3886.93	0.200208
3971.19	0.283288
4054.6	0.344184
4127.32	0.378266
4190.76	0.389201
4253.06	0.40261
4318.36	0.415128
4379.86	0.431123
4441.89	0.446573
4503.55	0.460985
4557.94	0.463604
4614.25	0.472981
4665.24	0.479832
4719.62	0.489114
4770.79	0.503629
4819.42	0.519828
4866.87	0.537486
4912.78	0.555556
4957.19	0.57332
4993.45	0.588765
5043.35	0.598797
5089.58	0.607955
5134.06	0.621302
5176.8	0.641765
5217.2	0.673138
5254.48	0.718403
5289.57	0.771941
5332.74	0.817461
5330.68	0.627754
5330.74	0.479747
5331.06	0.329741
2692.38	0.16328
2695.79	0.162898
2709.95	0.161937
2772.92	0.158988
2834.79	0.155748
2898.53	0.152324
2963.41	0.148789
3031.54	0.145144
3100.51	0.141485
3170.56	0.137842
3241.16	0.134247
3312.09	0.130725
3383.15	0.127323
3454.28	0.124091
3525.52	0.12119
3597.09	0.11895
3669.04	0.118113
3741.13	0.120188
3812.88	0.128801
3883.08	0.156669
3955.92	0.239481
4050.85	0.332486
4114.78	0.327689
4183.1	0.350746
4249.05	0.374907
4311.44	0.395565
4372.28	0.411528
4435.29	0.418616
4494.89	0.424447
4554.93	0.431
4611.4	0.443832
4664.87	0.457828
4717.6	0.473667
4768.4	0.489804
4817.1	0.506662
4864.32	0.524108
4910.03	0.541928
4954.1	0.559916
4995.97	0.577566
5039.47	0.592654
5082.68	0.602457
5124.66	0.613587
5164.7	0.62996
5201.74	0.655027
5231.92	0.689232
5261.95	0.725715
5292.16	0.736888
5303.69	0.589182
5308.79	0.459458
5310.64	0.317621
2733.32	0.161624
2742.48	0.16099
2764.95	0.159602
2808.47	0.157174
2860.69	0.154294
2918.19	0.15114
2979.41	0.147808
3043.94	0.144356
3110.69	0.140842
3179.01	0.137312
3248.09	0.133808
3317.2	0.130369
3386.46	0.127028
3455.99	0.123803
3525.77	0.120736
3596.13	0.117918
3667.1	0.115597
3738.47	0.114426
3809.14	0.116259
3880.18	0.126299
3951.34	0.156539
4019.18	0.21805
4103.7	0.29433
4171.69	0.340187
4244.76	0.379002
4303.31	0.368531
4357.74	0.374002
4429.81	0.385788
4493.94	0.400127
4553.37	0.417095
4609.45	0.434366
4663.2	0.451688
4715.5	0.469108
4766.16	0.486718
4814.37	0.505013
4861.47	0.523696
4907.22	0.542716
4951.69	0.561757
4995.69	0.579674
5035.28	0.587467
5076.42	0.598624
5116.2	0.606836
5154.01	0.615081
5187.96	0.623702
5218.81	0.632366
5246.25	0.637447
5269.58	0.613701
5282.88	0.540475
5290.18	0.422795
5292.34	0.288157
2765.28	0.16012
2776.06	0.159375
2799.06	0.157902
2835.52	0.155733
2881.56	0.153106
2934.44	0.150166
2992.45	0.147006
3054.58	0.143694
3119.84	0.140285
3187.33	0.136835
3255.7	0.133399
3323.02	0.130045
3390.42	0.126791
3458.48	0.123632
3526.55	0.120603
3595.71	0.117712
3665.89	0.115109
3737.53	0.113337
3805.58	0.114088
3876.26	0.119864
3946.38	0.137752
4014.43	0.175812
4086.55	0.196674
4156.65	0.199746
4222.9	0.236426
4289.86	0.272287
4361.15	0.327346
4429.48	0.36644
4494.76	0.391443
4552.47	0.412362
4607.38	0.432407
4660.74	0.451346
4712.95	0.469777
4764.37	0.487828
4810.93	0.492342
4858.25	0.504655
4904.14	0.514788
4948.45	0.524147
4988.95	0.533136
5031.51	0.541013
5071.74	0.553154
5109.94	0.563022
5145.78	0.569111
5178.57	0.570187
5208.1	0.565582
5233.8	0.552226
5254.49	0.521776
5268.58	0.450383
5276.15	0.35458
5277.87	0.229107
2786.67	0.159015
2797.66	0.158243
2819.92	0.156786
2853.26	0.154749
2895.87	0.152274
2945.88	0.149471
3001.79	0.146421
3062.54	0.14319
3127.32	0.139828
3195.39	0.136387
3265.1	0.132943
3329.56	0.129703
3394.66	0.126569
3461.96	0.123459
3527.31	0.120607
3595.41	0.117801
3664.41	0.115183
3732.99	0.112888
3803.41	0.110345
3873.86	0.109549
3944.19	0.111451
4014.2	0.117516
4084.59	0.124218
4153.52	0.130618
4219.43	0.150271
4279.75	0.192926
4358.14	0.299572
4427.45	0.365451
4499.73	0.395214
4551.53	0.378021
4604.5	0.389539
4657.35	0.397843
4709.33	0.404564
4756.9	0.406857
4807.98	0.409222
4856.04	0.417342
4901.99	0.425782
4946	0.434092
4987.91	0.441781
5029	0.452118
5068.35	0.459219
5105.64	0.462972
5140.5	0.46219
5172.54	0.455337
5201.38	0.441623
5226.38	0.419436
5246.08	0.387205
5259.97	0.335517
5266.57	0.243096
5270.16	0.205005
2797.32	0.158427
2808.22	0.157655
2829.96	0.156221
2862.01	0.154244
2903.11	0.15184
2951.77	0.149103
3006.69	0.146103
3066.93	0.142897
3132.04	0.139518
3202.43	0.135974
3280.47	0.132212
3336.3	0.129366
3397.58	0.126484
3457.93	0.123598
3526.29	0.120571
3594.69	0.117623
3663.49	0.114759
3732.55	0.111992
3802.42	0.109324
3872.59	0.107049
3942.81	0.10538
4012.91	0.104628
4082.76	0.104927
4151.58	0.107302
4218.86	0.115987
4285	0.137095
4353.89	0.176525
4418.03	0.22386
4488.6	0.259265
4545.6	0.254657
4600.03	0.264757
4653.31	0.275649
4705.43	0.285569
4756.25	0.294801
4806.93	0.30984
4854.97	0.319415
4900.85	0.326497
4944.78	0.331755
4986.9	0.335328
5027.59	0.337952
5066.56	0.338006
5103.47	0.335428
5137.99	0.330072
5169.77	0.321821
5198.58	0.311038
5223.95	0.297802
5242.82	0.27636
5254.55	0.232282
5262.35	0.204912
5266.48	0.188959
4509.56	0.466492
4551.53	0.469565
4604.32	0.478962
4657.14	0.491049
4709.61	0.502206
4748.18	0.508147
4767.38	0.555535
4810.32	0.557807
4857.95	0.568663
4903.87	0.577653
4948.52	0.586026
4984.78	0.589219
5000.64	0.636708
5034.62	0.639512
5076.11	0.655025
5115.87	0.668124
5153.84	0.683381
5187.01	0.693952
5204.44	0.70675
5229.69	0.707524
5241.43	0.725445
2666.62	0.163946
2728.64	0.161349
2790.74	0.158491
2820.85	0.156835
2893.64	0.153457
2978.79	0.150097
3035.86	0.148373
3064.24	0.146723
3136.95	0.146145
3220.09	0.154329
3276.21	0.182967
3304.13	0.213621
3387.5	0.307619
3490.13	0.340052
3556.46	0.345213
3590.99	0.345922
3683.86	0.352741
3782.76	0.362563
3838.95	0.366699
3873.22	0.389563
3948.15	0.390917
4021.91	0.394252
4059.97	0.395905
4078.91	0.39764
4002.5	0.507761
4034.92	0.507358
4098.96	0.509
4165.18	0.509858
4222.57	0.516188
4285.05	0.516839
4342.12	0.518587
4398.95	0.518399
4440.21	0.518542
4462.48	0.528857
4512.3	0.530203
4565.4	0.53767
4617.06	0.540784
4659.84	0.551036
4704.82	0.553677
4754.85	0.557324
4803.23	0.559679
4847.15	0.562156
4853.91	0.572515
4688.93	0.631083
4731.25	0.635457
4780.45	0.641169
4830.64	0.647985
4882.03	0.654213
4934.04	0.661061
4986.64	0.66768
5040	0.673967
5094.68	0.679845
5149.93	0.686494
5205.1	0.693879
5259.73	0.701548
5313.56	0.70866
5358.23	0.724105
5408.43	0.728202
5454.52	0.731839
5494.15	0.728294
5497.57	0.554447
4692.11	0.56801
4728.14	0.573131
4746.57	0.591756
4775.27	0.591984
4819.12	0.606542
4862.04	0.625524
4903.41	0.640583
4921.66	0.677391
4945.76	0.678411
4991.29	0.688659
5037.18	0.701787
5086.18	0.709553
5106.32	0.726856
5132.05	0.726941
5177.33	0.742079
5219.76	0.760619
5263.89	0.767427
5290.51	0.768603
5317.85	0.768304
5357.43	0.76947
5362.97	0.593902
5363.84	0.483656
4053.58	0.443611
4084	0.443947
4107.73	0.457632
4152.98	0.457569
4218.69	0.467475
4281.02	0.474478
4343.35	0.479607
4384	0.482146
4407.35	0.50404
4461.95	0.50584
4520.68	0.510757
4566.48	0.526998
4611.58	0.530852
4630.32	0.553814
4668.06	0.554262
4719.16	0.562559
4770.06	0.566677
4820.6	0.569558
4850.07	0.570333
4869.67	0.573538
4895.31	0.573955
2806.35	0.174401
2824.99	0.175951
2851.61	0.171675
2901.32	0.171811
2977.37	0.193165
3049.72	0.263456
3079.96	0.327349
3140.05	0.337387
3231.6	0.353748
3316.97	0.360241
3346.35	0.396309
3412.78	0.397143
3499.63	0.409629
3568.58	0.414407
3592.5	0.439285
3650.13	0.439175
3725.07	0.4433
3784.2	0.443339
3798.39	0.447883
3852.95	0.447481
3921.7	0.449417
3975.44	0.44855
3984.24	0.431413
3651.71	0.4905
3712.17	0.490808
3792.34	0.49257
3873.13	0.493885
3952.19	0.495715
4024.87	0.500291
4093.53	0.504184
4158.8	0.507606
4227.24	0.508781
4281.74	0.516963
4337.53	0.520212
4394.24	0.523052
4449.4	0.526452
4504.49	0.528256
4558.84	0.529392
4601.42	0.529434
4620.44	0.537045
4661.34	0.53691
4704.86	0.538374
4734.99	0.537885
3992.17	0.479134
4049.09	0.48277
4113.98	0.490536
4178.7	0.497602
4242.54	0.503823
4305.44	0.508641
4357.38	0.510934
4380.67	0.537769
4427.11	0.538546
4484.39	0.550637
4539.1	0.557523
4591.91	0.564181
4643.08	0.570717
4692.37	0.576988
4736.67	0.58582
4779.91	0.590983
4823.93	0.593045
4860.73	0.593745
4877.32	0.60089
4911.16	0.601147
4951.66	0.605159
4979.09	0.605747
3805.54	0.445305
3868.22	0.447711
3943.7	0.456074
4015.82	0.464514
4085.24	0.471478
4127.59	0.474642
4153.78	0.503921
4214.48	0.505569
4278.36	0.509188
4340.37	0.513034
4399.89	0.517933
4455.26	0.525219
4503.87	0.537168
4562.03	0.541172
4616.95	0.547701
4669.34	0.552936
4711.91	0.554622
4729.6	0.575423
4768.91	0.575589
4818.38	0.577892
4853.17	0.578231
3922.07	0.423334
3968.26	0.423635
3984.46	0.432404
4038.61	0.435376
4103.75	0.44352
4169.58	0.448829
4234.68	0.453001
4298.04	0.45631
4359.88	0.458629
4420.69	0.459571
4478.45	0.459803
4514.83	0.458674
4532.5	0.447064
4577.75	0.448539
4627.62	0.452774
4677.23	0.455877
4723.12	0.46078
4766.6	0.466033
4807.69	0.470003
4842.79	0.472843
3025.68	0.25059
3089.07	0.309096
3166.2	0.358546
3246.49	0.392761
3333.05	0.417461
3423.61	0.433928
3512.77	0.444649
3600.7	0.453268
3686.62	0.460035
3770.17	0.464995
3851.03	0.468409
3928.59	0.471533
4000.51	0.475731
4074.72	0.476632
4147.59	0.476909
4215.79	0.477285
4274.4	0.477157
4326.79	0.476661
4348.98	0.478602
4449.18	0.377669
4470.38	0.379602
4486.11	0.479064
4528.15	0.483389
4551.29	0.521225
4582.89	0.521312
4623.1	0.525481
4642.5	0.54276
4683.2	0.544648
4700.27	0.56732
4736.59	0.567788
4763.47	0.574159
4785.31	0.577592
4820.1	0.580084
4834.81	0.590267
4872.01	0.590788
4890.51	0.605347
4922.34	0.605395
4956.11	0.610218
4977.12	0.619054
5015.53	0.621462
5030.84	0.635265
5067.88	0.636334
5097.35	0.639736
5129.8	0.638808
5170.47	0.641154
5184.92	0.6408
4257.99	0.512929
4276.74	0.512619
4328.55	0.515675
4384.2	0.519169
4438.47	0.521385
4461.76	0.537106
4498.79	0.537047
4551.23	0.550109
4604.31	0.55613
4652.74	0.56293
4674.73	0.575653
4705.52	0.575523
4752.83	0.583906
4799.82	0.587693
4845.8	0.590099
4866.45	0.594962
4890.43	0.59473
4943.39	0.612524
4992.96	0.620361
5041.74	0.624058
5068.34	0.62522
5093.23	0.624915
5133.8	0.62543
2599.06	0.164846
2614.93	0.164692
2665.95	0.163464
2756.79	0.160062
2842.72	0.156221
2908.72	0.153758
2932.74	0.15404
2994.37	0.154712
3070.98	0.166313
3141.7	0.217407
3198.13	0.315075
3224.24	0.359633
3299.53	0.376743
3388.09	0.397692
3470.06	0.412905
3508.02	0.43153
3562.23	0.430905
3641.76	0.440367
3716.11	0.44359
3775.49	0.444071
3799.98	0.456241
3854.79	0.45587
3903.11	0.457277
3952.22	0.457318
3981.78	0.458105
4006.48	0.497955
4068.39	0.499254
4139.26	0.505831
4208.4	0.512035
4275.99	0.517773
4311.25	0.520404
4345.23	0.521104
4405.45	0.527802
4463	0.533093
4519.06	0.537887
4568.61	0.540001
4587.67	0.561753
4625.85	0.56203
4680.64	0.566387
4730.38	0.571892
4779.85	0.5751
4817.02	0.576221
4835.96	0.587493
4878.34	0.58777
4908.2	0.589187
4527.94	0.497789
4536.66	0.501881
4568.88	0.502186
4609.72	0.508144
4624.48	0.536484
4659.88	0.537501
4698.51	0.541479
4710.2	0.568745
4749.07	0.5699
4787.1	0.572307
4805.11	0.591424
4850.81	0.592772
4884.8	0.59457
4896.43	0.601599
4939.53	0.605318
4959.76	0.619329
4982.03	0.619035
5024.02	0.622488
5037.42	0.634782
5065.2	0.634823
5107.81	0.638452
5120.37	0.657966
5154.32	0.65867
5191.59	0.664015
5199.78	0.679506
5224.36	0.680741
3204.81	0.396842
3274.81	0.398349
3370.67	0.405072
3465.74	0.411227
3553.45	0.419376
3633.06	0.429921
3709.21	0.437893
3779.5	0.444025
3808.48	0.467855
3848.54	0.467413
3918.47	0.471137
3984.48	0.475623
4047.32	0.480561
4110.15	0.484312
4173.11	0.488574
4236.43	0.492582
4298.95	0.496555
4359.38	0.500283
4418.12	0.502816
4471.08	0.504051
4490.92	0.514434
4522.43	0.514103
4545.5	0.518051
3613.53	0.412211
3636.98	0.412104
3658.66	0.445054
3715.98	0.445392
3793.24	0.453974
3868.08	0.459216
3916.5	0.460792
3945.1	0.476375
4009.8	0.476232
4065.29	0.46383
4128.27	0.464001
4155.4	0.468408
4200	0.467935
4264.46	0.476301
4327.39	0.480635
4373.61	0.482678
4396.51	0.502228
4448.47	0.50344
4506.39	0.511249
4560.39	0.5168
4584.75	0.526264
4615.39	0.525839
4667.99	0.529335
4717.87	0.531602
4750.18	0.532956
3921.85	0.495839
3928.24	0.496342
3974.98	0.496317
4043.93	0.497716
4113.94	0.499068
4174.63	0.507505
4234.1	0.511946
4294.26	0.515192
4354.18	0.519263
4411.3	0.524174
4455.29	0.525952
4476.28	0.554835
4523.72	0.555955
4576.02	0.564008
4631.59	0.566517
4680.14	0.576726
4737.14	0.579342
4791.08	0.584317
4842.94	0.587435
4895.16	0.587935
4924.26	0.588114
4932.21	0.587448
4063.09	0.39882
4111.67	0.40256
4140.33	0.443707
4190.42	0.444091
4246.81	0.451331
4271.26	0.47733
4326.1	0.478358
4370.72	0.483267
4396.17	0.50239
4451.71	0.505407
4480.88	0.51505
4513.27	0.514461
4564.2	0.519828
4584.62	0.537879
4626.92	0.537929
4668.73	0.545686
4685.59	0.573583
4730.46	0.574692
4765.35	0.578087
4786.48	0.591837
4832.51	0.593435
4855.22	0.599828
4884.69	0.59955
4929.76	0.599997
4949.63	0.600116
4973.69	0.599837
4978.13	0.597099
4981.41	0.598524
5012.09	0.59849
5027.16	0.60632
5062.72	0.606186
5078.12	0.618691
5113.79	0.618603
5125.82	0.635486
5156.73	0.63595
5169.43	0.655032
5198.57	0.655752
5212.11	0.681033
5243.03	0.681827
5254.63	0.719871
5281.51	0.721059
5298.21	0.750427
5329.25	0.750931
5341.28	0.780339
5367.59	0.780659
5375.79	0.794384
5396.6	0.794505
5392.61	0.792356
5388.58	0.660552
5379.96	0.655976
5378.78	0.645226
4248.68	0.452916
4304.3	0.463413
4341.72	0.471808
4372.55	0.482769
4435.15	0.486339
4492.18	0.492812
4516.07	0.518916
4557.1	0.519062
4614.38	0.53109
4658.01	0.535343
4677.63	0.565339
4722.42	0.566671
4773.99	0.57791
4804.63	0.581043
4826.83	0.592194
4871.82	0.593974
4915.51	0.596681
4935.4	0.609202
4968.21	0.609035
5016.75	0.615366
5055.71	0.61674
5073.62	0.620835
5107.97	0.620745
3971.68	0.489104
4017.44	0.488976
4073.06	0.489461
4095.47	0.499543
4145.58	0.499437
4210.89	0.504992
4272.68	0.509172
4335.87	0.511862
4396.18	0.516781
4452.78	0.522547
4503.25	0.524786
4524.36	0.540985
4562.23	0.541048
4615.7	0.550331
4667.94	0.554787
4717.93	0.560451
4765.19	0.56626
4820.08	0.567861
4869.8	0.5699
4890.19	0.573819
4910.63	0.573552
3977.48	0.478754
4033.43	0.480375
4065.58	0.485922
4098.89	0.485087
4166.75	0.485408
4200.14	0.488367
4228.55	0.488389
4282.14	0.486601
4315.91	0.487888
4338.93	0.493548
4392.45	0.495908
4428.33	0.498325
4449.49	0.508416
4500.17	0.509707
4537.73	0.511852
4557.58	0.523879
4604.86	0.525747
4640.52	0.529425
4657.13	0.550525
4700.35	0.551778
4735.01	0.554198
4750.37	0.566155
4788.33	0.566608
4819.51	0.568295
4822.88	0.565816
4176.63	0.493699
4219.92	0.494192
4277.24	0.498142
4333.2	0.503211
4381.66	0.505813
4399.22	0.528426
4440.16	0.528663
4498.88	0.535808
4555.2	0.542639
4604.16	0.55374
4627.16	0.563791
4654.11	0.563513
4700.05	0.570019
4743.13	0.57699
4791.29	0.579873
4819.55	0.582428
4833.7	0.59541
4872.98	0.596241
4913.93	0.600339
4957.29	0.603965
4989.02	0.605313
4998.4	0.613843
5029.83	0.613919
5036.81	0.598607
5044.75	0.606324
5066.66	0.604588
5077.03	0.602109
5081.6	0.607437
5104.43	0.607879
5116.71	0.608748
5121.71	0.621554
5144.28	0.622864
5157.91	0.627476
5163.81	0.641687
5184.06	0.643551
5198.85	0.646425
5202.29	0.666525
5221.22	0.66915
5234.12	0.667513
5236.64	0.684417
5252.97	0.688034
5264.55	0.684143
5263.47	0.715983
5275.64	0.724005
5284.81	0.72508
5278.01	0.752522
5285.4	0.771464
5287.19	0.77181
3590.39	0.123404
3607.28	0.130122
3643.96	0.137858
3663.72	0.171118
3703.45	0.213533
3729.34	0.212423
3765.84	0.31848
3809.92	0.328264
3844.82	0.389945
3893.46	0.392173
3924.81	0.441647
3960.62	0.446167
3998.17	0.44521
4026.6	0.450266
4069.75	0.449927
4094.89	0.461979
4127.14	0.466184
4156.88	0.470319
4176.33	0.465805
4215.2	0.464796
4236.35	0.429699
4260.06	0.420214
4277.22	0.407208
4121.32	0.48244
4174.98	0.483297
4227.26	0.484294
4244.35	0.501122
4293.73	0.501336
4354.85	0.508864
4401.28	0.511489
4422.11	0.536341
4471.56	0.537102
4524.93	0.545146
4561.64	0.547651
4580.18	0.568803
4630.96	0.570518
4690.75	0.573669
4723.19	0.578139
4747.94	0.586357
4800.33	0.588128
4853.09	0.591773
4881.32	0.592698
4913.94	0.592249
4970.34	0.593892
5009.83	0.594897
5015.92	0.595466
5015.98	0.596403
4020.32	0.514553
4064.09	0.515973
4130.79	0.520565
4196.82	0.526453
4260.51	0.533327
4322.36	0.539991
4382.48	0.546521
4442.37	0.551566
4501.43	0.556621
4559.77	0.561011
4617.6	0.564592
4674.39	0.567878
4727.75	0.572936
4779.9	0.575941
4811.77	0.577125
4831.71	0.591061
4878.69	0.592099
4928.49	0.59382
4979.32	0.594094
5021.61	0.594978
4982.82	0.596889
4989.61	0.597338
5018.41	0.597334
5035.95	0.607333
5060.69	0.609536
5084.56	0.609051
5103.16	0.617378
5134.53	0.61736
5152.48	0.627927
5177.14	0.629807
5200.96	0.629216
5218.23	0.642767
5248.7	0.643282
5264.96	0.660582
5287.31	0.665905
5308.93	0.665908
5322.49	0.692244
5351.08	0.693446
5363.09	0.725516
5381.87	0.732824
5400.1	0.733182
5410.21	0.761587
5435.27	0.762599
5447.81	0.800938
5468.52	0.807201
5480.18	0.80677
4567.58	0.557983
4607.56	0.55967
4654.55	0.5632
4700.72	0.567833
4733.64	0.569913
4750.14	0.587361
4788.22	0.588552
4831.09	0.592792
4873.43	0.594672
4908.81	0.595904
4920.36	0.633328
4951.14	0.635326
4991.72	0.645555
5034.83	0.651722
5080.7	0.655914
5091.88	0.692946
5121.86	0.692714
5165.02	0.714793
5204.84	0.730864
5241.38	0.744334
5257.53	0.756595
5261.01	0.722167
5273.65	0.722053
3568.71	0.456043
3629.97	0.457492
3703.97	0.461758
3778.58	0.465996
3848.91	0.471994
3918.66	0.476611
3984.54	0.482484
4048.22	0.486647
4087.13	0.488476
4114.68	0.504196
4173.23	0.506161
4233.86	0.50952
4296.21	0.511922
4357.37	0.515363
4416.76	0.518819
4473.6	0.522142
4524.82	0.526295
4577.95	0.526835
4622.92	0.525561
4639.21	0.529432
4668.99	0.529252
3753.96	0.488703
3801.09	0.489195
3870.71	0.495625
3936.62	0.503378
4000.89	0.51008
4063.85	0.516373
4127.23	0.520972
4189.99	0.525506
4251.31	0.529923
4312.2	0.533019
4372.43	0.535473
4431.67	0.537363
4482.01	0.538058
4501.06	0.556113
4541.31	0.556203
4596.44	0.561513
4649.4	0.56378
4710.14	0.564135
4764.92	0.567281
4815.99	0.569648
4851.48	0.57063
3287.45	0.13178
3336.58	0.12936
3398.47	0.126499
3438.53	0.124636
3464.6	0.123321
3527.32	0.120655
3595.48	0.11789
3664.55	0.115446
3731.9	0.114071
3763.51	0.115544
3804.96	0.116253
3876.11	0.123834
3945.97	0.146876
4011.88	0.208558
4082.73	0.314596
4114.05	0.371176
4170.46	0.372859
4243.77	0.378286
4302.82	0.374104
4350.77	0.374443
4366.89	0.536714
4367.36	0.537257
4414.01	0.538704
4469.31	0.542095
4508.47	0.54412
4528.42	0.561918
4577.72	0.56322
4631.06	0.569888
4672.31	0.572034
4691.23	0.592224
4736.36	0.592694
4788.41	0.596986
4831.25	0.597877
4849.52	0.618279
4890.17	0.619415
4940.89	0.629999
4982.29	0.635986
5006.51	0.63856
5050.4	0.638265
5107.03	0.645024
5157.63	0.647618
5174.8	0.657809
5208.11	0.657724
5240.17	0.661054
4325.94	0.586838
4362.08	0.587164
4414.75	0.590976
4468.05	0.593771
4524.04	0.595523
4578.74	0.599218
4632.72	0.605084
4686.47	0.610818
4736.74	0.622728
4787.78	0.628962
4836.18	0.641029
4884.48	0.649507
4931.97	0.658917
4983.8	0.664679
5038.19	0.669745
5092.23	0.676389
5145.49	0.683259
5198.35	0.689047
5243.32	0.699974
5275.17	0.702675
2789.32	0.15815
2793.39	0.157926
2810.29	0.157051
2878.4	0.153653
2924.42	0.151333
2944.05	0.150348
3009.7	0.147528
3069.36	0.146663
3090.74	0.149886
3148.9	0.155546
3214.31	0.185939
3240.47	0.283264
3299.23	0.309447
3382.51	0.352353
3431.77	0.378263
3471.82	0.395569
3552.5	0.403338
3612.97	0.411849
3645.23	0.441911
3715.48	0.442403
3778.67	0.444095
3802.26	0.455096
3854.65	0.454639
3905.11	0.457237
4239.85	0.507757
4285.58	0.511894
4320.92	0.515534
4343.72	0.538932
4397.37	0.540883
4451.42	0.548185
4507.1	0.552142
4535.22	0.556747
4558.71	0.562734
4607.65	0.565587
4659.41	0.569307
4707.59	0.575382
4728.05	0.587043
4752.84	0.586899
4799.79	0.589571
4846.74	0.592473
4891.89	0.593852
4908.6	0.607521
4936.19	0.607456
4981.77	0.611266
5025.75	0.613224
5059.64	0.613025
2768.81	0.176502
2820.99	0.195758
2899.17	0.29218
2976.95	0.349952
3059.13	0.381888
3150.59	0.404603
3245.57	0.417381
3342.53	0.424512
3435.33	0.432478
3523.36	0.439785
3605.8	0.446679
3684.73	0.451463
3759.06	0.456252
3834.85	0.457638
3907.94	0.459399
3977.95	0.460885
4046.9	0.46096
4114.94	0.460304
4171.32	0.461226
4213.21	0.462083
2886.79	0.157758
2913.68	0.157319
2981.17	0.168407
3005.94	0.205718
3057.31	0.248901
3138.08	0.335071
3176.54	0.382007
3230.6	0.382866
3325.2	0.396788
3374.37	0.403834
3425.73	0.402667
3515.36	0.410568
3565.5	0.412253
3606.22	0.41378
3685.7	0.415529
3737.28	0.416323
3771.66	0.420195
3842.67	0.42134
3893.05	0.422204
3921.06	0.428431
3985.06	0.428185
4035.15	0.427936
4059.24	0.430572
4113.68	0.430718
4156.88	0.432139
4164.34	0.442939
4401.78	0.574145
4407.83	0.573823
4453.97	0.576345
4507.14	0.579101
4562.24	0.58191
4616.41	0.586858
4669.35	0.592072
4721.67	0.596401
4769.6	0.608541
4818.28	0.616593
4865.44	0.626539
4922.95	0.62962
4966.91	0.631232
4988.25	0.655946
5037.37	0.657554
5094.56	0.663329
5150.58	0.668118
5203.12	0.67601
5256.73	0.680879
5308.6	0.68676
5353.87	0.693411
4749.86	0.603752
4775.67	0.604294
4824.97	0.613448
4875.85	0.6215
4930.03	0.627006
4984.97	0.631298
5028.05	0.63381
5045.08	0.675335
5083.87	0.678438
5138.66	0.682186
5193.51	0.687346
5247.82	0.693302
5301.02	0.699423
5352.57	0.704522
5402.1	0.706455
5441.78	0.700543
5481.72	0.692991
5487.99	0.480945
5489.55	0.304719
5489.93	0.265342
3883.76	0.461747
3937.96	0.463114
3999.86	0.465121
4049.72	0.465809
4069.06	0.476554
4118.08	0.476688
4176.05	0.482741
4241.51	0.484926
4282.05	0.486355
4305.54	0.50167
4361.75	0.503579
4420.48	0.510122
4474.3	0.515257
4496.23	0.531571
4528.82	0.531392
4583.8	0.536173
4638.24	0.539385
4682.77	0.540674
4697.72	0.555145
4739.59	0.55511
4792.38	0.558473
4831.86	0.560164
4122.28	0.480836
4138.59	0.483211
4175	0.482693
4229.78	0.484352
4247.84	0.498492
4296.97	0.498436
4344.75	0.502555
4365.29	0.527094
4414.86	0.527113
4451.73	0.527525
4473.39	0.528991
4524.86	0.529738
4548.84	0.531916
4577.8	0.531335
4623.79	0.532405
4639.74	0.537743
4675.07	0.537761
4719.11	0.540668
4735.37	0.561898
4777.09	0.562722
4812.24	0.566104
4828.67	0.577444
4871.58	0.578577
4896.02	0.581873
4915.87	0.58362
4956.36	0.585064
4971.37	0.58898
4983.44	0.588932
4524.04	0.478028
4527.9	0.478231
4557.89	0.478383
4573.44	0.488041
4596.86	0.492302
4613.79	0.504017
4631.79	0.515127
4657.32	0.514999
4669.53	0.539393
4698.78	0.539645
4711.05	0.545228
4735.77	0.546631
4752.91	0.55051
4769.33	0.552184
4792.76	0.551972
4804.24	0.561202
4829.59	0.561681
4838.52	0.577363
4862.04	0.578733
4873.68	0.588045
4889.54	0.592214
4910.15	0.592038
4919.24	0.598081
4941.15	0.598086
4944.2	0.572631
4236.7	0.515493
4271.91	0.516948
4290.9	0.541189
4341.46	0.54221
4397.47	0.547324
4451.46	0.552052
4507.15	0.555109
4560.85	0.560834
4614.32	0.565322
4662.53	0.573796
4705.4	0.583176
4749.06	0.586492
4799.06	0.58868
4851	0.590142
4890.45	0.590858
4910.13	0.602829
4955.08	0.603368
5005.43	0.610195
5053.46	0.612047
5085.59	0.612468
2715.57	0.162146
2737.07	0.160979
2787.23	0.158595
2817.85	0.156943
2893.93	0.153354
2958.62	0.150788
2984.76	0.15037
3051.92	0.15009
3126.69	0.160253
3154.51	0.187657
3211.69	0.228782
3297.68	0.336158
3346.64	0.360258
3402.98	0.360524
3509.26	0.369379
3575.19	0.371915
3612.58	0.383777
3695.99	0.385713
3765.9	0.390033
3794.64	0.426804
3860.48	0.427438
3929.66	0.433117
3957.56	0.451712
4008.6	0.45084
4054.57	0.443682
3259.01	0.362136
3269.77	0.378917
3323.52	0.381803
3425.72	0.391771
3518.94	0.399006
3555.25	0.423729
3609.17	0.423239
3695.55	0.436001
3775.3	0.451661
3814.43	0.463877
3858.02	0.462936
3936.05	0.470892
4009.82	0.478545
4049.62	0.481866
4083.42	0.489408
4146.44	0.491745
4211.77	0.49411
4252.27	0.495303
4279.92	0.50412
4341.14	0.502959
4403.17	0.499163
4438.78	0.493609
4458.35	0.484924
4497.53	0.484812
3487	0.460082
3559.65	0.463336
3638.14	0.468447
3715.56	0.473887
3790.2	0.479036
3862.82	0.483388
3930.43	0.490079
3995.96	0.494295
4060.68	0.49711
4119.53	0.502896
4171.74	0.504608
4196.72	0.522042
4244.88	0.522061
4307.19	0.528364
4368.43	0.529684
4428.58	0.53064
4488.04	0.531008
4542.28	0.53218
4596.38	0.532428
4643.6	0.532883
