2871.78	0.153362
2885.78	0.152426
2913.76	0.150717
2955.21	0.148404
3008.58	0.145684
3071.8	0.142807
3142.74	0.140182
3219.4	0.138506
3299.93	0.13885
3383.18	0.142187
3467.14	0.149082
3549.51	0.159001
3630.22	0.169707
3710.2	0.178482
3788.03	0.184426
3861.45	0.186583
3933.14	0.19229
4003.67	0.199803
4070.86	0.208197
4133.7	0.216323
4193.37	0.225496
4251.51	0.237003
4308.43	0.248932
4364.22	0.258661
4418.69	0.265213
4471.65	0.26933
4522.09	0.270975
4561.51	0.254988
4601.21	0.26738
4640.85	0.282699
4681.28	0.299417
4718.19	0.313198
4752.24	0.324066
4783.99	0.333117
4813.9	0.340162
4842.56	0.34503
4870.62	0.347608
4897.5	0.348129
4922.86	0.346851
4946.55	0.343876
4968.53	0.339215
4988.79	0.332899
5007.4	0.325107
5024.52	0.316304
5040.38	0.307102
5054.75	0.295899
5066.33	0.275329
5074.94	0.244606
5080.39	0.224356
5083.11	0.219446
2858.22	0.154148
2872.24	0.153227
2900.77	0.151521
2943.79	0.149205
2999.3	0.146602
3064.69	0.144259
3137.65	0.143233
3216.08	0.14549
3297.4	0.153823
3382.18	0.16757
3467.71	0.186352
3549.39	0.206966
3628.88	0.22779
3710.5	0.249569
3791.53	0.264472
3861.36	0.260188
3932.67	0.279956
4006.68	0.300472
4075.16	0.314617
4139.16	0.325551
4198.92	0.334781
4256.16	0.34413
4311.91	0.351953
4366.52	0.35848
4420.08	0.364948
4472.86	0.372792
4526.43	0.381945
4561.9	0.361241
4602.89	0.3616
4642.2	0.371111
4680.65	0.381074
4717.03	0.389112
4750.74	0.395768
4782.19	0.403829
4811.64	0.413548
4839.73	0.4241
4868.4	0.434611
4895.55	0.442267
4920.96	0.447474
4944.59	0.450112
4966.4	0.449411
4986.4	0.444178
5004.62	0.432872
5021.22	0.413527
5036.41	0.385957
5050.23	0.355373
5062.66	0.325054
5073.24	0.29678
5079.43	0.245853
5082.33	0.224589
2831.05	0.155647
2844.61	0.154819
2873.69	0.153227
2920.34	0.151035
2980.63	0.149039
3050.47	0.148909
3127.41	0.15421
3209.7	0.170442
3290.02	0.206144
3378.55	0.268303
3470.45	0.319891
3555.17	0.34945
3637.59	0.370135
3719.93	0.384426
3804.58	0.39524
3869.39	0.384033
3939.7	0.398206
4011.42	0.40729
4080.62	0.412696
4145.24	0.414553
4203.72	0.413707
4259.92	0.417202
4314.7	0.421172
4368.26	0.425528
4420.54	0.430842
4471.44	0.437868
4520.73	0.447115
4565.52	0.464132
4603.51	0.459545
4641.89	0.459056
4679.63	0.466094
4716.24	0.473326
4748.99	0.472873
4779.65	0.479313
4807.98	0.486848
4833.65	0.496901
4865.18	0.508975
4892.93	0.520209
4918.55	0.530961
4942.3	0.540342
4964.17	0.547357
4984.12	0.55088
5002.09	0.549662
5018.07	0.541507
5032.13	0.522204
5044.6	0.484864
5056.31	0.423531
5067.7	0.355571
5076.96	0.306239
5080.78	0.247037
2790.65	0.157776
2801.8	0.15729
2829.36	0.156301
2883.57	0.154765
2952.66	0.155042
3029.09	0.162789
3110.86	0.190904
3202.67	0.265196
3297.17	0.336518
3386.39	0.376766
3474.52	0.399262
3559.48	0.414738
3642.33	0.426892
3724.02	0.437007
3804.85	0.445727
3869.36	0.452573
3942.89	0.457243
4016.46	0.463468
4088.7	0.4672
4155.62	0.467715
4208.99	0.462717
4263.41	0.468287
4317.06	0.473574
4369.53	0.478773
4420.46	0.484042
4469.44	0.489496
4517.12	0.497008
4561.83	0.507359
4601.5	0.519261
4641.83	0.525099
4678.45	0.528896
4719.53	0.532337
4748.69	0.515204
4779.11	0.520575
4807.89	0.530907
4835.43	0.54102
4863.51	0.550286
4890.16	0.560728
4915.82	0.571347
4939.82	0.579939
4962.02	0.586127
4982.15	0.591305
5000.2	0.598293
5015.97	0.606689
5029.37	0.611346
5040.68	0.593568
5050.96	0.531799
5062.17	0.437974
5072.42	0.349626
5078.34	0.295158
2739.36	0.160427
2742.8	0.160859
2758.52	0.162127
2831.92	0.162789
2916.91	0.169214
3000.48	0.198414
3103.4	0.276972
3204.54	0.342503
3298.57	0.378882
3388.91	0.400618
3476.66	0.417265
3561.81	0.431259
3644.75	0.443309
3725.88	0.453732
3805.24	0.462725
3882.37	0.47033
3944.01	0.478355
4021.1	0.48835
4100.48	0.49266
4160.17	0.495091
4212.66	0.480268
4266.28	0.484662
4319.4	0.489509
4371.35	0.494484
4421.66	0.499642
4467.8	0.504498
4516.14	0.510099
4560.81	0.518953
4602.44	0.528359
4642.63	0.537289
4681.65	0.545637
4714.29	0.548676
4748.95	0.556578
4777.82	0.559266
4806.6	0.566762
4834.27	0.572581
4860.84	0.577338
4886.06	0.581681
4912.5	0.588453
4937.01	0.593491
4959.73	0.599834
4979.94	0.608697
4998.24	0.624381
5014.09	0.645968
5027.29	0.673618
5037.65	0.698425
5045.74	0.663892
5058.2	0.497113
5068.89	0.382504
5075.3	0.323774
2684.74	0.163732
2671.52	0.166116
2629.68	0.173387
2768	0.180403
2880.69	0.194278
2980.46	0.23664
3098.24	0.304021
3200.92	0.341953
3296.66	0.365141
3388.13	0.381172
3476.53	0.393435
3562.29	0.403466
3645.59	0.412437
3726.65	0.420793
3805.39	0.428846
3881.38	0.436886
3953.4	0.444808
4021.75	0.450961
4091.59	0.459292
4154.54	0.463788
4212.26	0.470644
4267.75	0.480595
4321.47	0.490941
4373.44	0.501562
4423.85	0.512143
4473.46	0.522008
4516.71	0.521466
4560.74	0.530441
4602.68	0.539275
4642.52	0.548139
4680.37	0.556739
4716.18	0.565046
4746.84	0.56849
4776.34	0.576276
4805.12	0.584819
4832.32	0.591628
4862.06	0.597074
4882.92	0.602821
4908.88	0.612746
4933.53	0.621237
4957.39	0.6283
4976.87	0.629493
4995.86	0.650068
5012.02	0.677207
5025.6	0.714773
5036.07	0.760271
5045.12	0.771394
5056.55	0.531023
5066.79	0.401076
5073.22	0.336826
2643.27	0.168932
2628.5	0.176596
2592.18	0.204823
2727.72	0.236139
2863.77	0.290349
2979.67	0.331229
3090.97	0.35418
3195.17	0.370092
3292.93	0.381527
3385.84	0.39072
3475.22	0.398339
3561.63	0.405154
3645.37	0.411587
3726.62	0.41787
3805.36	0.424148
3881.48	0.430517
3955.03	0.437002
4018.19	0.441467
4086.98	0.443941
4151.61	0.450529
4211.76	0.457728
4268.74	0.46527
4323.08	0.472754
4374.99	0.480334
4424.8	0.488255
4472.77	0.496692
4517.98	0.505587
4561.97	0.51474
4604.04	0.524048
4643.33	0.533709
4680.3	0.544272
4715.06	0.555354
4747.1	0.566535
4776.57	0.577294
4802.2	0.585822
4834.01	0.592327
4858.3	0.59565
4882.09	0.59713
4904.88	0.606928
4928.31	0.614348
4954.35	0.624118
4976.69	0.634544
4995.44	0.654885
5011.1	0.682461
5025.06	0.716583
5036.4	0.757934
5045.34	0.769435
5056.06	0.540428
5065.65	0.410679
5072.12	0.343317
2616.21	0.176913
2605.99	0.191084
2586.54	0.327892
2723.43	0.35932
2852.45	0.37411
2971.95	0.388276
3085.13	0.398406
3191.68	0.406166
3290.51	0.412498
3384.07	0.419038
3473.92	0.42544
3560.77	0.431543
3644.91	0.437369
3726.45	0.443023
3805.35	0.4486
3881.64	0.454171
3955.56	0.459792
4027.97	0.465447
4083.99	0.464942
4150.81	0.468671
4212.21	0.474794
4270.16	0.481412
4324.91	0.488058
4376.41	0.494875
4425.32	0.502363
4472.48	0.510647
4518.13	0.519369
4562.74	0.528019
4605.76	0.536406
4644.02	0.543759
4679.96	0.554397
4714.24	0.565053
4747.6	0.574414
4775.66	0.57785
4803.96	0.584994
4830.99	0.585489
4856.53	0.587925
4882.59	0.59178
4905.73	0.596891
4931.85	0.603634
4956.44	0.613405
4977.94	0.627823
4996.93	0.650781
5010.09	0.679334
5025.86	0.713495
5036.95	0.750752
5046.12	0.740368
5056.24	0.535973
5064.73	0.414989
5072.02	0.347658
2598.79	0.185659
2591.9	0.201612
2579.41	0.385429
2715.98	0.412796
2844.62	0.42123
2966.13	0.428552
3082.09	0.434263
3192.46	0.438653
3290.15	0.438142
3383	0.442619
3472.81	0.447683
3559.98	0.452678
3644.57	0.457552
3726.51	0.462354
3805.67	0.467103
3881.96	0.471896
3955.46	0.476832
4026.15	0.481977
4092.95	0.487903
4153.29	0.488834
4214	0.495508
4272.73	0.501896
4327.93	0.508181
4378.34	0.514848
4425.5	0.52381
4471.55	0.533228
4517.13	0.54221
4562.91	0.550435
4609.99	0.557167
4644.72	0.551919
4679.06	0.557724
4712.2	0.561224
4742.17	0.566783
4775.33	0.573016
4804.57	0.582073
4831.6	0.586429
4858.61	0.589619
4883.66	0.593413
4909.16	0.598729
4934.17	0.607847
4958.63	0.620787
4978.55	0.630642
4996.34	0.653686
5013.55	0.684179
5028.06	0.721682
5039.27	0.760522
5048.06	0.773316
5058.24	0.555951
5067.33	0.425634
5073.65	0.350599
2587.67	0.193539
2582.95	0.21013
2574.79	0.440521
2710.14	0.467134
2838.74	0.472274
2961.54	0.477208
3080.86	0.481435
3202.54	0.483989
3291.55	0.465194
3382.12	0.466825
3471.69	0.470298
3559.28	0.473937
3644.49	0.477564
3727.05	0.481228
3806.64	0.485049
3882.93	0.489086
3956.1	0.493204
4026.21	0.497391
4092.92	0.501775
4153.39	0.506423
4215.77	0.511392
4276.81	0.516179
4333.72	0.521936
4381.52	0.519829
4424.82	0.521173
4469.19	0.526587
4514.08	0.522638
4559.93	0.527505
4603.26	0.53348
4640.46	0.533446
4674.56	0.539161
4710.93	0.548508
4744.11	0.560349
4776.71	0.571253
4801.92	0.578398
4832.68	0.585466
4860.5	0.591367
4887.24	0.597071
4910.47	0.602767
4934.25	0.606613
4956.97	0.616374
4979.76	0.631255
4999.33	0.654436
5016.43	0.685053
5030.61	0.722444
5041.76	0.759819
5050.49	0.770943
5060.68	0.55549
5069.9	0.426608
5076.01	0.350827
2580.65	0.198601
2577.34	0.215172
2571.81	0.419803
2706.29	0.437302
2834.34	0.440663
2956.51	0.444033
3073.55	0.447248
3185.19	0.449629
3284.3	0.448639
3378.69	0.452545
3470.12	0.456948
3559.01	0.461362
3645.47	0.465737
3729.38	0.469989
3810.14	0.47418
3886.3	0.478623
3959.22	0.483911
4029.52	0.48948
4097.52	0.495242
4164.74	0.500954
4217.54	0.503893
4285.7	0.510162
4334.3	0.5005
4381.43	0.506827
4426.71	0.513431
4469.37	0.52053
4517.96	0.527679
4558.52	0.526393
4597.87	0.531032
4637.7	0.536691
4673.84	0.544598
4710.17	0.552931
4744.07	0.563857
4772.3	0.572859
4803.49	0.581472
4834.43	0.587984
4861.14	0.591402
4887.39	0.596347
4911.74	0.603576
4932.77	0.608548
4958.45	0.617061
4980.94	0.633282
5001.44	0.655621
5018.92	0.685456
5033.17	0.722144
5044.34	0.758662
5053.09	0.767283
5063.39	0.549391
5072.7	0.422728
5078.78	0.349381
2576.24	0.201938
2573.77	0.218305
2569.67	0.426168
2703.11	0.440991
2830.31	0.444293
2951.5	0.447762
3066.91	0.451398
3176.21	0.455216
3278.13	0.459404
3374.94	0.46377
3468.1	0.467776
3558.4	0.471379
3646.38	0.474599
3732.39	0.477305
3815.87	0.478787
3890.65	0.475928
3962.83	0.478083
4033.06	0.480942
4100.89	0.483805
4165.43	0.486667
4226.54	0.49131
4281.32	0.490092
4334.23	0.495822
4381.85	0.501808
4428.4	0.510621
4472.16	0.515719
4514.34	0.522266
4557.94	0.53059
4598.55	0.540106
4637.35	0.549654
4675.43	0.558703
4709.27	0.563706
4741.16	0.569586
4772.62	0.575475
4803.04	0.581039
4833.22	0.586179
4861.18	0.587261
4888.66	0.591006
4914.06	0.596525
4937.54	0.606341
4960.05	0.619167
4980.83	0.635906
5003.18	0.656755
5021.31	0.685575
5035.77	0.721551
5047.01	0.7575
5055.8	0.763475
5066.24	0.542187
5075.7	0.41744
5081.81	0.347358
2573.56	0.204033
2571.64	0.221554
2568.31	0.461631
2700.9	0.47727
2827.31	0.481362
2947.65	0.485638
3062.12	0.490145
3170.77	0.494932
3273.65	0.499953
3371.77	0.504554
3466.12	0.508518
3557.51	0.511869
3646.81	0.514616
3735.53	0.516789
3828.08	0.518349
3895.41	0.507717
3966.23	0.510019
4036.83	0.512359
4105.4	0.51436
4167.35	0.515324
4225.38	0.51852
4279.6	0.522304
4337.3	0.525735
4381.11	0.515903
4426.44	0.517334
4472.02	0.522248
4515.36	0.528674
4558.04	0.53572
4598.76	0.543167
4635.52	0.549011
4673.78	0.554754
4708.82	0.562033
4738.11	0.567281
4772.61	0.575257
4803.66	0.578908
4830.46	0.58366
4861.1	0.58869
4889.48	0.592441
4915.55	0.59698
4939.3	0.604745
4961.75	0.618063
4983.18	0.636058
5005.7	0.656558
5023.98	0.685022
5038.5	0.720683
5049.75	0.756379
5058.58	0.759974
5069.18	0.535555
5078.8	0.412278
5084.95	0.345353
2572.1	0.204213
2570.5	0.224166
2567.58	0.459703
2699.68	0.474222
2825.57	0.478142
2945.34	0.482098
3059.27	0.486061
3167.67	0.489972
3270.92	0.493779
3369.67	0.497448
3464.63	0.500957
3556.44	0.504284
3645.67	0.507407
3732.77	0.510302
3817.33	0.512908
3893.37	0.515211
3967.56	0.518651
4041.69	0.521635
4118.29	0.524224
4173.75	0.517157
4228.36	0.518548
4284.98	0.52119
4331.28	0.526942
4383.25	0.534778
4428.54	0.53227
4472.96	0.532299
4515.18	0.534797
4558.67	0.53986
4599.34	0.546725
4639.42	0.554384
4674.34	0.559709
4704.51	0.56396
4734.38	0.565116
4768.34	0.568027
4801.81	0.574223
4831.19	0.580939
4862.79	0.585859
4891.38	0.590314
4917.25	0.595642
4940.16	0.605825
4961.3	0.619355
4987.12	0.634149
5008.98	0.655012
5026.98	0.683768
5041.37	0.719547
5052.55	0.7553
5061.38	0.757005
5072.11	0.530037
5081.89	0.407801
5088.1	0.343592
2571.48	0.202571
2569.98	0.222456
2567.29	0.440952
2699.25	0.454048
2824.86	0.457792
2944.18	0.461624
3057.68	0.465316
3165.84	0.468871
3269.17	0.472321
3368.18	0.475714
3463.4	0.479077
3555.3	0.482406
3644.21	0.485673
3730.26	0.488815
3813.04	0.49171
3891.34	0.494257
3967.17	0.497454
4042.28	0.500944
4119.65	0.504162
4173.15	0.494013
4225.44	0.498766
4282.19	0.503963
4340.72	0.508637
4381.55	0.499852
4426.22	0.500385
4474.08	0.507643
4520.58	0.516583
4562.04	0.519111
4601.74	0.529586
4640.78	0.539465
4670.98	0.540786
4703.3	0.546802
4737.76	0.556839
4770.33	0.567296
4800.63	0.577192
4834.89	0.584162
4865.01	0.586477
4893.42	0.59059
4919.08	0.595651
4940.64	0.605526
4967.45	0.616483
4991.62	0.631559
5012.58	0.653006
5030.11	0.682189
5044.25	0.71829
5055.31	0.754291
5064.11	0.754596
5074.95	0.52562
5084.89	0.404071
5091.15	0.342095
2571.5	0.199675
2569.99	0.219486
2567.44	0.407782
2699.87	0.419197
2825.43	0.423044
2944.21	0.427136
3057.17	0.431082
3164.97	0.434754
3268.18	0.438242
3367.22	0.44171
3462.51	0.445237
3554.37	0.448866
3643	0.452583
3728.59	0.45631
3810.94	0.460004
3889.63	0.463717
3965.42	0.467718
4038.52	0.471754
4108.44	0.474993
4173.12	0.47501
4216.14	0.467202
4275.7	0.468698
4330.08	0.472458
4375.77	0.473897
4426.23	0.479912
4474.09	0.489303
4521.4	0.498741
4567.36	0.508187
4603.31	0.509641
4636.77	0.519965
4673.01	0.526968
4707.51	0.539639
4741.54	0.551635
4774.48	0.562828
4806.47	0.572625
4838.78	0.580007
4869.41	0.58537
4897.41	0.589523
4923.73	0.594559
4948.3	0.60268
4972.99	0.613735
4995.87	0.629206
5016.04	0.65106
5033.11	0.680627
5046.98	0.717086
5057.89	0.753397
5066.66	0.752631
5077.6	0.522053
5087.68	0.400914
5094.01	0.340794
2571.98	0.197408
2570.56	0.217813
2568.05	0.381412
2702.17	0.391658
2827.85	0.395471
2945.48	0.399478
3057.54	0.403763
3164.74	0.408011
3267.7	0.412261
3366.6	0.41658
3461.85	0.420971
3553.64	0.425472
3641.97	0.430113
3727.41	0.434819
3809.88	0.439647
3888.32	0.444795
3963.94	0.450063
4035.61	0.455563
4100.22	0.459125
4162	0.463283
4217.54	0.468261
4271.77	0.465929
4325.57	0.472252
4376.28	0.478256
4426.12	0.4841
4471.94	0.49026
4520.86	0.49849
4567.83	0.508058
4604.53	0.51139
4636.74	0.518684
4673.87	0.531072
4709.31	0.543431
4743.61	0.555239
4776.85	0.56609
4809.33	0.575303
4841.76	0.582086
4873.9	0.586437
4900.41	0.589102
4927.24	0.593874
4952.77	0.600998
4977.03	0.611852
4999.31	0.627406
5018.99	0.649477
5035.71	0.679326
5049.38	0.716086
5060.18	0.752662
5068.93	0.750954
5079.97	0.518924
5090.2	0.398112
5096.59	0.339596
2572.66	0.198683
2571.5	0.219038
2569.5	0.38629
2707.68	0.394794
2833.5	0.394755
2947.61	0.395251
3058.31	0.399185
3164.56	0.403106
3267.33	0.407205
3365.91	0.411308
3461.12	0.415612
3553.06	0.420022
3640.65	0.42447
3726.16	0.429311
3809.96	0.434118
3887.05	0.434436
3963.77	0.438443
4029.33	0.439947
4096.21	0.445143
4157.7	0.452199
4214.92	0.459968
4269.49	0.468485
4323.45	0.477428
4375.27	0.486598
4425.48	0.495721
4474.57	0.504621
4519.46	0.507306
4565.07	0.514683
4598.69	0.519333
4635.27	0.52632
4673.55	0.535623
4709.46	0.547412
4743.99	0.558866
4777.29	0.569405
4809.67	0.578227
4842.5	0.584276
4876.2	0.587815
4900.39	0.589596
4929.14	0.593489
4955.39	0.600003
4979.71	0.61063
5001.78	0.626167
5021.21	0.648372
5037.74	0.678437
5051.3	0.715404
5062.06	0.75212
5070.83	0.749396
5081.99	0.515907
5092.38	0.395449
5098.83	0.338428
2573.33	0.202237
2572.71	0.228584
2571.66	0.430816
2719.78	0.438728
2845.55	0.434535
2948.59	0.429574
3059.12	0.432675
3163.71	0.436728
3267.23	0.440947
3364.85	0.44465
3460.12	0.448666
3553.46	0.45247
3638.17	0.453436
3723.51	0.457373
3801.75	0.461489
3886.28	0.46725
3971.47	0.470163
4031.76	0.45093
4094.77	0.45373
4154.98	0.457734
4212.33	0.462809
4265.28	0.467197
4320.99	0.473704
4373.41	0.482028
4423.53	0.49078
4471.39	0.499888
4516.13	0.509421
4558.91	0.519741
4597.92	0.530605
4638	0.540598
4672.78	0.542785
4708.18	0.552131
4742.86	0.560742
4776	0.569374
4807.01	0.57781
4839.88	0.583978
4873.31	0.587713
4904.18	0.590781
4930.56	0.59299
4956.8	0.599388
4981.25	0.609874
5003.3	0.625415
5022.63	0.647784
5039.07	0.678085
5052.63	0.715146
5063.44	0.751803
5072.28	0.747821
5083.6	0.512787
5094.16	0.392812
5100.68	0.337262
2573.66	0.204459
2572.98	0.228068
2571.12	0.431884
2712.61	0.441014
2839.77	0.443395
2957.39	0.446848
3061.57	0.446145
3159.98	0.448487
3269.43	0.450258
3362.88	0.449416
3457.97	0.452475
3544.16	0.455233
3635.55	0.457647
3721.06	0.461087
3802.19	0.465015
3882.53	0.468751
3959.96	0.472488
4028.89	0.477036
4094.97	0.482806
4153.77	0.48456
4210.06	0.490973
4266.77	0.49771
4319.16	0.497116
4371.17	0.502467
4421.19	0.50791
4468.65	0.513422
4512.14	0.518201
4548.92	0.523929
4593.59	0.527392
4634.22	0.533976
4671.57	0.54136
4705.47	0.550361
4741.35	0.558211
4774.41	0.568596
4805.56	0.577909
4834.18	0.584154
4870.37	0.586766
4902.39	0.589671
4929.79	0.5941
4956.81	0.599266
4981.75	0.609494
5003.91	0.625068
5023.18	0.647756
5039.57	0.678486
5053.31	0.715444
5064.28	0.751737
5073.26	0.746195
5084.77	0.509577
5095.51	0.390281
5102.1	0.336144
2573.81	0.205874
2573.34	0.232754
2571.65	0.445215
2714.54	0.454415
2838.77	0.457463
2957.71	0.461109
3062.36	0.462089
3170.41	0.466054
3262.02	0.467503
3358.94	0.473994
3456.9	0.48103
3547.49	0.486774
3635.86	0.491951
3720.22	0.496625
3800.81	0.501097
3879.16	0.505484
3954.56	0.510749
4026.66	0.517142
4100.39	0.521454
4153.02	0.518099
4205.36	0.523572
4262.69	0.531818
4316.76	0.539437
4369.72	0.545945
4420.51	0.551748
4469.92	0.552808
4509.19	0.545989
4550.66	0.550558
4592.54	0.555777
4632.6	0.561884
4670.7	0.568588
4707.53	0.574716
4739.77	0.57704
4771.96	0.582727
4801.12	0.588075
4836.7	0.589658
4868.91	0.590576
4902.4	0.592632
4933.22	0.596671
4955.65	0.600659
4981.55	0.60956
5003.74	0.625114
5022.81	0.648505
5039	0.680375
5053.29	0.71649
5064.62	0.751918
5073.8	0.744714
5085.51	0.506724
5096.42	0.38817
5103.08	0.33522
2573.63	0.206313
2573.59	0.243963
2573.44	0.447714
2729.79	0.4531
2838.19	0.444003
2944.53	0.447268
3059.53	0.449864
3167.68	0.453552
3269.06	0.457497
3371.23	0.461994
3459.81	0.463542
3549.99	0.469262
3637.43	0.475442
3720.72	0.48124
3799.42	0.487156
3876.63	0.491959
3950.52	0.496535
4020.94	0.500834
4088.58	0.504603
4148.94	0.506988
4207.87	0.512044
4260.26	0.509911
4313.94	0.51284
4364.23	0.514492
4415.62	0.516134
4463.85	0.518386
4507.98	0.520577
4549.31	0.527961
4592.05	0.535938
4631.88	0.545937
4669.72	0.555976
4705.48	0.565831
4738.77	0.575048
4772.42	0.582869
4804.72	0.588962
4838.44	0.593174
4872.28	0.597581
4902.21	0.596649
4931.67	0.601549
4958.57	0.608441
4981.53	0.615377
5002.96	0.629306
5021.5	0.651129
5036.56	0.684444
5052.78	0.717932
5064.6	0.752148
5073.96	0.744011
5085.82	0.505405
5096.88	0.387151
5103.63	0.334753
2572.65	0.20459
2571.92	0.226816
2570.16	0.418183
2709.64	0.426332
2831.38	0.424709
2946.11	0.426891
3059.06	0.43012
3167.6	0.433262
3271.44	0.436588
3371.77	0.440045
3465.74	0.443861
3556.1	0.448053
3640.08	0.451512
3722.96	0.455796
3796.88	0.460393
3874.94	0.465991
3947.58	0.471521
4015.73	0.474443
4081.95	0.477046
4144.27	0.478007
4201.58	0.47946
4257.41	0.483462
4310.96	0.490162
4362.55	0.497186
4413.07	0.505014
4461.44	0.513064
4506.9	0.521736
4552.02	0.530287
4591.74	0.531777
4630.48	0.537968
4668.19	0.54546
4703.34	0.553206
4734.94	0.561892
4771.87	0.567364
4804.51	0.575321
4837.51	0.581644
4870.78	0.585645
4901.76	0.588391
4931.28	0.592207
4958.16	0.598078
4981.04	0.609444
5003.13	0.623974
5022.47	0.64724
5038.81	0.679211
5053.18	0.71574
5064.57	0.751665
5073.83	0.74494
5085.72	0.507117
5096.91	0.387743
5103.75	0.334863
2571.49	0.20353
2570.36	0.222942
2568.03	0.415609
2702.11	0.425442
2826.89	0.427704
2945.03	0.430345
3058.78	0.432998
3168.22	0.435711
3273.54	0.438388
3375.1	0.440964
3471.91	0.4433
3560.58	0.444742
3645.09	0.44829
3728.42	0.452253
3803.93	0.449375
3875.86	0.447869
3943.14	0.447699
4013.64	0.446735
4078.64	0.452462
4140.52	0.458404
4198.29	0.464923
4254.32	0.472056
4307.45	0.479724
4359.47	0.487435
4410.16	0.495253
4459.5	0.503025
4503.74	0.504518
4548.31	0.510536
4589.85	0.516256
4630.97	0.52423
4669.65	0.53503
4705.94	0.54612
4740.26	0.557127
4774.58	0.566927
4806.56	0.57589
4833.59	0.583306
4868.82	0.587383
4899.86	0.590715
4930.41	0.594927
4958.37	0.601717
4984.04	0.612251
5002.26	0.623536
5022.56	0.644994
5039.23	0.675889
5053.07	0.713658
5064.13	0.75111
5073.26	0.745766
5085.2	0.507725
5096.59	0.38667
5103.55	0.333903
2570.53	0.203634
2569.33	0.224117
2566.93	0.432466
2699.08	0.443698
2824.55	0.446647
2944.09	0.449602
3058.74	0.45238
3169.09	0.45498
3275.73	0.457483
3379.68	0.459837
3482.97	0.461931
3566.15	0.455442
3648.36	0.457076
3727.03	0.458215
3805.96	0.45939
3879.5	0.46171
3951.52	0.464794
4014.14	0.463244
4075.71	0.46558
4138.19	0.466358
4194.15	0.47169
4251.55	0.478821
4302.5	0.47975
4355.19	0.485512
4406.05	0.490509
4451.87	0.494911
4500.46	0.501532
4546	0.510192
4589.25	0.519524
4630.94	0.52916
4670.57	0.539058
4707.62	0.549105
4742.73	0.559216
4776.84	0.568336
4808.01	0.573406
4838.16	0.580463
4868.39	0.5854
4895.61	0.589571
4929.03	0.593134
4957.59	0.598666
4982.79	0.608872
5004.52	0.62474
5022.41	0.641676
5038.65	0.673064
5052.22	0.711766
5063.07	0.750464
5072.12	0.744465
5084.25	0.501677
5096.01	0.379472
5103.11	0.329572
2569.84	0.204181
2568.71	0.225602
2566.41	0.438464
2697.89	0.45029
2823.56	0.45368
2943.74	0.457168
3059.01	0.460697
3169.9	0.464238
3277.07	0.467764
3381.55	0.471155
3485.55	0.474285
3569.01	0.47277
3652.3	0.477957
3733.22	0.483239
3810.84	0.488697
3882.24	0.494372
3951	0.499795
4016.32	0.50447
4082.32	0.507897
4139.98	0.510353
4186.18	0.497826
4242.94	0.4994
4298.38	0.504306
4351.15	0.508866
4401.74	0.513623
4450.05	0.518894
4497.46	0.523237
4543.21	0.528675
4587.4	0.534406
4630.17	0.540151
4671.27	0.546025
4708.46	0.548779
4743.47	0.555532
4775.49	0.563392
4808.88	0.570904
4840.24	0.578229
4870.58	0.583421
4899.77	0.586806
4929.42	0.589755
4956.84	0.594468
4981.47	0.603029
5002.89	0.617657
5020.36	0.641288
5036.92	0.670063
5050.53	0.708829
5061.3	0.748707
5070.34	0.736221
5082.84	0.477015
5095.25	0.360379
5102.49	0.319038
2569.42	0.204901
2568.34	0.225569
2566.13	0.428366
2697.35	0.439189
2823.15	0.442104
2943.67	0.445197
3059.28	0.448518
3170.35	0.45204
3277.26	0.455722
3380.24	0.459533
3478.82	0.463358
3569.03	0.467037
3655.78	0.471885
3740.07	0.477086
3819.61	0.483447
3885.59	0.480851
3952.1	0.488039
4016.2	0.49458
4074.4	0.500104
4134.05	0.50628
4187.8	0.513655
4242.38	0.521295
4296.19	0.528538
4348.32	0.536206
4398.69	0.544144
4447.33	0.552209
4494.54	0.559927
4540.3	0.567569
4585.11	0.574549
4629.41	0.579856
4675.22	0.582484
4709.7	0.575263
4743.48	0.579725
4776.36	0.585135
4808.9	0.589108
4840.56	0.592039
4871.19	0.595172
4900.61	0.598822
4928.96	0.603234
4955.51	0.60911
4979.75	0.617692
5001.41	0.630205
5020.66	0.647103
5034.32	0.661264
5048.2	0.687637
5059.02	0.714177
5068.31	0.665378
5080.6	0.417266
5094.27	0.332187
5101.59	0.300602
2569.21	0.206061
2568.19	0.22654
2565.99	0.42777
2697.18	0.437702
2823.11	0.439693
2943.84	0.441772
3059.62	0.44398
3170.72	0.446332
3277.35	0.448847
3379.53	0.451572
3476.96	0.454552
3569.27	0.457829
3658.66	0.461408
3748.77	0.464816
3817.68	0.453667
3889.57	0.457345
3954.06	0.457853
4016.12	0.464551
4074.75	0.472173
4131.86	0.480327
4186.58	0.487546
4240.69	0.494956
4293.81	0.501899
4345.42	0.508369
4395.62	0.514402
4444.3	0.520151
4491.37	0.52575
4536.71	0.531068
4581.74	0.535595
4625.57	0.539948
4668.31	0.543689
4707.51	0.544998
4742.26	0.553189
4775.42	0.562503
4807.88	0.571105
4839.96	0.577996
4870.97	0.583213
4900.35	0.587067
4928.44	0.590952
4954.8	0.596282
4978.96	0.605579
5000.59	0.62031
5019.46	0.642332
5035.16	0.673421
5047.34	0.704211
5057.63	0.745579
5066.66	0.712305
5080.25	0.421805
5093.24	0.324429
5099.96	0.290012
2569.23	0.207558
2568.3	0.2305
2566.09	0.448663
2697.56	0.459995
2823.72	0.462929
2944.61	0.466017
3060.47	0.469251
3171.58	0.472577
3278.13	0.475958
3379.98	0.479397
3476.83	0.482914
3569.23	0.486413
3657.72	0.489855
3741.33	0.493674
3818.09	0.500008
3898.1	0.503102
3955.63	0.487026
4016.73	0.490422
4073.97	0.49344
4129.53	0.497591
4183.47	0.502352
4237.52	0.50699
4290.49	0.511939
4341.49	0.517251
4391.58	0.522814
4440.38	0.528721
4487.35	0.535018
4530.78	0.541996
4576.83	0.549152
4619.96	0.556757
4662	0.564043
4706.64	0.570315
4739.59	0.563061
4772.22	0.568661
4804.36	0.575178
4837.64	0.579992
4869.64	0.583846
4898.53	0.586713
4926.58	0.588491
4952.99	0.593224
4977.18	0.600988
4998.82	0.614428
5017.62	0.635089
5033.21	0.665445
5045.07	0.707821
5055.72	0.747417
5065.02	0.715931
5078.79	0.428369
5091.45	0.32347
5097.71	0.286445
2569.46	0.208876
2568.57	0.231526
2566.32	0.44521
2698.3	0.455602
2824.83	0.457665
2945.9	0.459894
3061.83	0.462356
3173.09	0.465045
3279.96	0.467902
3382.09	0.470835
3478.12	0.473801
3570.32	0.477297
3659.08	0.480933
3738.46	0.484035
3813.21	0.488518
3885.7	0.492529
3951.99	0.495644
4021.02	0.501066
4073.66	0.497811
4127.4	0.502787
4177.89	0.509151
4233.7	0.516632
4287.86	0.52366
4336.7	0.524088
4387.17	0.53068
4436.83	0.537115
4484.71	0.54348
4531.51	0.549472
4572.6	0.548662
4613.33	0.55447
4650.95	0.56016
4695.37	0.562739
4732.9	0.566504
4766.76	0.57453
4796.34	0.58289
4834.36	0.588501
4868.29	0.592848
4900.67	0.597173
4923.37	0.596901
4950.12	0.602881
4974.44	0.611962
4996.17	0.624714
5015.09	0.642981
5031.12	0.667951
5044.46	0.697105
5053.43	0.700408
5063.71	0.614472
5077.3	0.380636
5088.95	0.314443
5094.63	0.283152
2569.93	0.209998
2569.07	0.23431
2566.76	0.457647
2699.63	0.468337
2826.73	0.470458
2947.84	0.472849
3063.59	0.475426
3174.91	0.478061
3282.68	0.48069
3386.7	0.483486
3479.87	0.487968
3571.65	0.49115
3666.94	0.493762
3737.6	0.480198
3808.17	0.481841
3877.23	0.484768
3943.43	0.487607
4007.89	0.490568
4067.07	0.492825
4124.06	0.49717
4180.38	0.50171
4229.56	0.501092
4277.59	0.50226
4332.69	0.500839
4382.31	0.504605
4433.87	0.509539
4481.82	0.515858
4527.23	0.522502
4570.32	0.528573
4611.69	0.536662
4651.53	0.545287
4691.76	0.554278
4729.55	0.562415
4764.78	0.570937
4798.23	0.578594
4832.65	0.584101
4865.84	0.587596
4893.69	0.590297
4921.32	0.592814
4947.95	0.598244
4972.71	0.60768
4994.79	0.622424
5013.96	0.644653
5030.1	0.676065
5043.22	0.715908
5053.41	0.755185
5061.71	0.715973
5075.31	0.426374
5087.77	0.322453
5094.03	0.287983
2570.66	0.210796
2569.84	0.234511
2567.55	0.449832
2702.05	0.459576
2830.14	0.461217
2950.94	0.463245
3065.8	0.465436
3176.54	0.467608
3285.63	0.469645
3398.98	0.471331
3480.2	0.457211
3566.74	0.45963
3652.56	0.460159
3731.36	0.457001
3802.48	0.457689
3870.53	0.460068
3935.22	0.462472
4000.57	0.464561
4061.66	0.468416
4119.76	0.473538
4176.42	0.479276
4225.61	0.483091
4273.11	0.48995
4330.45	0.495921
4384.01	0.503148
4431.95	0.50469
4478.88	0.510962
4522.66	0.517652
4567.1	0.525197
4608.88	0.534896
4648.98	0.544883
4687.86	0.554787
4726	0.564158
4761.9	0.573105
4796.55	0.580587
4829.58	0.585304
4863.31	0.58856
4888.07	0.589948
4921.33	0.592899
4944.47	0.596464
4970.23	0.604786
4992.71	0.618329
5012.12	0.638868
5028.5	0.667872
5041.72	0.705288
5051.77	0.744146
5059.54	0.707311
5073.47	0.426627
5085.84	0.329031
5092.56	0.296262
2571.63	0.211549
2570.93	0.236022
2568.84	0.442987
2706.31	0.452054
2836.48	0.453823
2955.91	0.456454
3068.3	0.459851
3176.12	0.462966
3280.67	0.46573
3381.77	0.468388
3471.88	0.471229
3559.4	0.476421
3645.83	0.481535
3734.05	0.486389
3798.76	0.472155
3865.62	0.475337
3932.61	0.479679
3994.91	0.478641
4056.71	0.482395
4114.41	0.48461
4168.8	0.488167
4222.88	0.48969
4276.35	0.49407
4329.49	0.499001
4381.24	0.50483
4430.43	0.511528
4477.45	0.519199
4521.59	0.527732
4563.81	0.531309
4605.03	0.540023
4644.92	0.548346
4681.98	0.557176
4722.02	0.565609
4757.69	0.571939
4791.73	0.578222
4826.06	0.583093
4858.78	0.587102
4890.83	0.589842
4916.57	0.591809
4942.57	0.596665
4967.69	0.605766
4990.11	0.620441
5009.57	0.642362
5026.3	0.672493
5039.89	0.710664
5050.4	0.749946
5058.92	0.737378
5071.39	0.471429
5083.37	0.349302
5090.28	0.310416
2572.74	0.212401
2572.26	0.241085
2570.58	0.441115
2713.08	0.448419
2849.07	0.448014
2963.8	0.443281
3071.52	0.445505
3175.37	0.448686
3275.73	0.452011
3372.35	0.454844
3463.28	0.457241
3550.46	0.45988
3634.74	0.462244
3715.72	0.463871
3788.13	0.463168
3857.76	0.467559
3925.65	0.472603
3989.51	0.476084
4048.87	0.481349
4111.45	0.487769
4169.84	0.494983
4226.51	0.502075
4277.43	0.505329
4328.04	0.51179
4379.82	0.517865
4429.65	0.524625
4477.26	0.531615
4522.08	0.538623
4560.91	0.544492
4600.57	0.553114
4640.34	0.554555
4682.69	0.560733
4717.76	0.562582
4753.51	0.570643
4784.17	0.579214
4821.58	0.584575
4852.39	0.589379
4887.51	0.592755
4918.57	0.597666
4942.95	0.60209
4964.5	0.608293
4986.91	0.624125
5006.08	0.647842
5023.58	0.678058
5037.8	0.715391
5048.83	0.753006
5057.69	0.749095
5069.43	0.503156
5080.84	0.371751
5087.73	0.321044
2573.8	0.212926
2573.47	0.251666
2572.19	0.468853
2721.31	0.474997
2878.26	0.474774
2974.56	0.452446
3074.74	0.452169
3174.41	0.453528
3271.05	0.45536
3365.37	0.457392
3455.37	0.459783
3541.51	0.462459
3624.14	0.465433
3703.32	0.468844
3777.7	0.47311
3849.16	0.477425
3915.64	0.481652
3983.96	0.486928
4048.98	0.493028
4110.38	0.497986
4170.37	0.504236
4230.34	0.510349
4277.56	0.50876
4322.35	0.517804
4378.8	0.525625
4429.89	0.533731
4479.11	0.540941
4522.05	0.542965
4562.2	0.542816
4600.92	0.547886
4642.6	0.554571
4676.65	0.561261
4717.4	0.566254
4754.08	0.573586
4787.98	0.580563
4821.22	0.585956
4851.96	0.590289
4885.5	0.593569
4915.57	0.598764
4943.02	0.607907
4962.98	0.61754
4983.43	0.628517
5000.64	0.654699
5020.58	0.682939
5035.61	0.718683
5047.08	0.754752
5056.17	0.753487
5067.59	0.518148
5078.49	0.388267
5085.25	0.329788
2574.7	0.211611
2573.96	0.238126
2571.92	0.448941
2716.41	0.457167
2854.92	0.457501
2974.97	0.455871
3074.41	0.451815
3173.81	0.4549
3265.98	0.457544
3361.27	0.46025
3449.96	0.464794
3534.71	0.469835
3615.8	0.474846
3695.4	0.480019
3768.19	0.48556
3841.48	0.492528
3911.27	0.499598
3980.73	0.505785
4052.12	0.510897
4109.05	0.504123
4169.19	0.508295
4230.18	0.512532
4281.15	0.513379
4331.18	0.516417
4380.92	0.512756
4429.9	0.515579
4474.75	0.518581
4518.46	0.520689
4563.81	0.527114
4605.23	0.537341
4645.34	0.547678
4682.82	0.55826
4720.46	0.567663
4756.4	0.576463
4790.5	0.583913
4822.48	0.589455
4853.52	0.593902
4884.21	0.599563
4912.24	0.602779
4939.96	0.610952
4964.39	0.622597
4981.5	0.631545
5001.08	0.65478
5018.96	0.684749
5033.76	0.720663
5045.36	0.756013
5054.56	0.755524
5065.85	0.524806
5076.37	0.3983
5083	0.335958
2575.85	0.209404
2574.48	0.22682
2571.6	0.443728
2712.41	0.454703
2845.33	0.456543
2966.17	0.459004
3074	0.462757
3175.89	0.466903
3273.73	0.47113
3360.53	0.470245
3445.47	0.471581
3526.92	0.474513
3610.47	0.477686
3688.78	0.483057
3762.23	0.48876
3835.02	0.494222
3905.12	0.499417
3973.54	0.5042
4041.9	0.508401
4100.87	0.506856
4164.45	0.512516
4232.61	0.517253
4282.87	0.515348
4333.89	0.52097
4385.43	0.520467
4431.3	0.519
4478.69	0.522157
4522.85	0.52978
4566.53	0.539049
4608.07	0.548536
4647.95	0.558166
4686.14	0.567573
4722.6	0.575925
4758.04	0.58353
4792.76	0.589289
4822.31	0.590651
4852.87	0.593773
4876.88	0.596459
4910.09	0.598979
4938.34	0.606387
4962.75	0.618739
4982.88	0.638819
4999.68	0.656939
5016.94	0.686852
5031.91	0.722568
5043.7	0.757245
5052.99	0.756991
5064.21	0.528103
5074.5	0.403818
5081	0.339702
2577.81	0.206538
2575.69	0.219855
2571.99	0.440905
2711.18	0.454269
2843.07	0.456654
2966.09	0.459462
3075.62	0.462853
3178.4	0.467339
3267.88	0.467828
3356.01	0.472365
3445.11	0.477322
3532.53	0.482583
3607.64	0.482054
3684.52	0.487227
3754.6	0.492455
3829.07	0.497695
3898.57	0.503624
3964.38	0.509861
4026.49	0.516698
4086.01	0.524949
4152.95	0.534095
4218.94	0.542662
4278.03	0.553568
4335.27	0.561296
4395	0.563764
4440.43	0.550396
4483.17	0.552413
4525.05	0.558027
4568.74	0.563959
4609.94	0.570585
4649.69	0.576874
4688.69	0.582365
4723.36	0.583866
4758.12	0.588124
4789.85	0.591677
4820.89	0.594428
4849.45	0.598521
4879.98	0.603028
4910	0.60799
4937.45	0.616106
4962.06	0.628396
4984.25	0.646242
5000.6	0.666966
5013.77	0.69268
5030.11	0.724871
5042.23	0.758554
5051.59	0.758483
5062.75	0.530027
5072.88	0.406445
5079.27	0.341555
2581.28	0.202572
2578.33	0.216896
2573.25	0.440878
2712.01	0.458055
2844.74	0.460753
2975.01	0.463263
3079.93	0.458823
3171.77	0.458461
3266.23	0.46317
3356.06	0.469242
3443.28	0.475383
3527.11	0.481426
3606.05	0.487538
3683.57	0.493663
3759.4	0.499336
3825.79	0.500684
3893.6	0.506194
3956.95	0.511757
4011.77	0.514043
4061.75	0.520022
4140.43	0.523451
4210.35	0.524976
4273.53	0.52646
4332.91	0.528472
4389.91	0.531406
4441.13	0.533571
4486.31	0.540106
4530.65	0.547698
4572.62	0.552611
4612.1	0.553419
4650.76	0.559479
4686.44	0.565312
4724.2	0.571727
4759.73	0.579394
4791.12	0.583772
4820.63	0.587082
4847.08	0.591743
4881.16	0.594523
4911.1	0.598987
4938.04	0.606748
4962.13	0.618435
4983.66	0.635611
5000.96	0.662207
5016.96	0.695313
5029.46	0.726062
5041.25	0.75956
5050.49	0.76011
5061.53	0.530631
5071.55	0.406502
5077.85	0.341719
2587.07	0.197471
2582.94	0.212073
2575.62	0.417908
2713.7	0.438559
2843.9	0.442211
2965.7	0.44605
3073.91	0.449376
3171.74	0.454734
3265.52	0.461091
3355.29	0.467514
3441.67	0.473892
3523.68	0.480249
3603.23	0.486395
3681.83	0.492097
3752.33	0.494278
3823.84	0.498643
3889.66	0.499741
3950.92	0.502838
4013.2	0.503752
4073.83	0.510431
4134.52	0.517831
4206.51	0.523312
4270.87	0.528261
4330.92	0.533598
4388.49	0.539031
4445.71	0.543929
4488.19	0.538192
4531.21	0.543008
4571.49	0.54865
4614.84	0.554866
4650.94	0.555904
4690.42	0.563027
4724.9	0.563367
4758.23	0.568723
4790.02	0.575141
4823.3	0.582261
4853.49	0.588442
4883.95	0.592575
4912.48	0.597459
4938.52	0.605908
4961.62	0.618934
4983.92	0.63653
5003.71	0.661153
5017.79	0.690644
5031.03	0.728237
5040.61	0.759854
5049.7	0.76028
5060.62	0.525896
5070.52	0.402163
5076.72	0.339877
2596.32	0.192154
2590.54	0.207026
2579.7	0.403493
2717.81	0.429407
2846.28	0.433696
2965.22	0.438063
3073.97	0.442765
3171.79	0.448157
3265.15	0.454088
3354.54	0.460035
3441.34	0.46578
3519.9	0.465871
3598.8	0.469162
3673.83	0.471786
3748.15	0.472009
3815.28	0.473438
3887.18	0.475736
3953.87	0.480654
4018.77	0.486823
4081.85	0.492802
4141.76	0.498815
4208.31	0.50367
4270.6	0.509117
4329.57	0.514126
4385.62	0.518978
4438.16	0.523617
4485.53	0.525245
4530.42	0.529934
4573.2	0.535278
4614.41	0.541191
4654.56	0.54275
4689.08	0.544809
4725.24	0.551082
4761.41	0.559538
4794.3	0.570285
4826.7	0.579519
4857.33	0.586525
4886.19	0.591397
4913.63	0.596192
4939.08	0.604447
4958.81	0.615804
4983.42	0.628859
5003.11	0.648915
5017.93	0.67953
5031.4	0.714281
5041.71	0.747505
5049.41	0.734282
5060	0.510458
5069.76	0.391841
5075.83	0.336091
2610.68	0.18751
2602.8	0.202915
2586.89	0.385324
2726.23	0.416991
2853.23	0.427292
2970.37	0.436712
3080.82	0.444534
3172.56	0.438658
3265.29	0.443888
3353.18	0.449155
3435.74	0.451995
3515.14	0.44882
3595.26	0.452225
3670.44	0.455459
3745.65	0.461226
3817.01	0.467479
3887.76	0.473806
3956.51	0.479633
4024.19	0.484977
4091.18	0.490097
4154.58	0.496436
4212.49	0.48931
4271.8	0.492569
4329.25	0.495052
4384.34	0.497586
4436.11	0.500983
4484.9	0.507231
4530.65	0.515017
4573.26	0.522335
4613.03	0.530096
4655.54	0.538693
4694.1	0.549378
4732.08	0.55965
4765.11	0.564817
4796.45	0.574345
4829.41	0.582583
4860.55	0.589078
4887.42	0.591728
4914.15	0.595852
4937.66	0.602198
4962.06	0.612733
4984.63	0.628097
5004.04	0.650643
5020.42	0.682348
5031.93	0.715169
5041.99	0.755017
5050.03	0.757092
5059.24	0.519082
5068.93	0.389145
5075.1	0.334128
2632.28	0.182806
2622.59	0.198441
2603.35	0.349263
2741.72	0.357848
2865.49	0.369355
2978.06	0.382926
3075.85	0.395884
3175.19	0.408963
3268.88	0.420129
3349.45	0.417096
3429.54	0.423387
3513.25	0.429205
3593.15	0.437573
3669.81	0.44551
3744.6	0.453042
3817.14	0.459693
3888.32	0.465553
3958.39	0.470565
4028.6	0.474738
4102.46	0.477859
4154	0.461402
4215.18	0.466448
4274.01	0.473178
4330.49	0.480186
4384.86	0.487509
4435.69	0.49535
4485.1	0.503473
4529.54	0.505827
4574.4	0.512478
4616.58	0.522699
4657.96	0.533055
4697.23	0.543541
4733.87	0.55407
4768.4	0.564496
4802.03	0.574024
4831.61	0.577483
4859.56	0.583407
4888.51	0.588435
4915.29	0.592974
4940.35	0.599126
4964.15	0.609362
4985.85	0.624181
5004.68	0.645941
5020.24	0.677022
5031.75	0.720213
5042.17	0.760138
5050.22	0.774632
5059.86	0.548705
5067.79	0.416226
5074.67	0.340619
2662.99	0.176577
2651.41	0.191189
2627.83	0.307977
2762.31	0.278246
2890.6	0.305275
2997.41	0.32579
3094.21	0.347106
3178.75	0.343394
3258.81	0.358407
3346.32	0.370941
3429.69	0.386485
3511.68	0.399646
3591.26	0.409978
3668.41	0.418516
3743.51	0.425757
3816.66	0.43191
3888.23	0.437561
3958.52	0.443079
4027.81	0.448683
4095.71	0.454211
4157.02	0.45859
4218.07	0.466602
4276.43	0.47483
4331.66	0.483226
4386.69	0.491083
4434.48	0.491515
4480.61	0.498211
4529.62	0.506517
4575.65	0.516057
4618.36	0.526154
4659.9	0.535785
4700.42	0.544699
4735.31	0.545502
4770.21	0.552601
4802.3	0.560674
4833.97	0.570594
4862.82	0.580269
4889.44	0.587059
4915.64	0.592227
4941.57	0.597884
4965.42	0.607904
4986.79	0.623255
5005.32	0.646534
5020.84	0.680306
5033.6	0.723786
5042.44	0.762193
5050.57	0.781137
5060.38	0.567164
5069.18	0.430925
5075.45	0.344793
2704.81	0.168582
2691.57	0.177003
2645.95	0.200398
2792.85	0.223624
2916.77	0.246667
3012.39	0.237565
3093.84	0.214232
3178.31	0.210675
3255.14	0.227502
3341.88	0.278245
3426.96	0.326756
3508.68	0.35993
3588.54	0.38109
3666.35	0.395408
3742.06	0.406338
3815.68	0.415832
3887.47	0.424439
3957.65	0.432525
4026.34	0.440305
4093.43	0.447872
4158.07	0.455395
4221.49	0.46294
4279.87	0.471163
4330.94	0.472517
4380.55	0.478723
4433.14	0.485611
4481.93	0.494136
4530.29	0.502362
4577.89	0.509886
4619.03	0.510053
4660.6	0.515906
4697.73	0.52188
4736.95	0.529843
4772.57	0.541164
4805.51	0.553261
4836.63	0.565216
4865.6	0.576082
4892.65	0.584851
4913.83	0.590928
4942.17	0.595873
4966.29	0.604619
4987.45	0.618763
5005.73	0.640504
5020.96	0.672534
5032.73	0.716027
5041.23	0.763384
5050.85	0.78136
5061.43	0.561033
5070.75	0.426005
5076.97	0.342272
2759.57	0.162546
2763.37	0.16721
2780.17	0.180921
2860.46	0.203819
2944.65	0.183172
3027.56	0.177714
3107.22	0.171862
3186.88	0.168008
3265.08	0.169149
3344.17	0.178403
3417.77	0.208434
3500.96	0.276483
3583.42	0.335635
3662.92	0.369607
3739.62	0.39026
3813.8	0.404959
3885.79	0.417274
3955.85	0.427906
4024.16	0.437121
4091.34	0.445037
4158.12	0.451741
4227.85	0.457103
4275.84	0.447761
4330.7	0.452469
4383.72	0.46017
4433.47	0.467805
4481.54	0.475505
4529.65	0.477283
4574.81	0.480684
4620.63	0.485755
4662.69	0.495735
4701.75	0.506818
4739.51	0.51835
4774.92	0.530307
4807.91	0.542702
4838.89	0.555098
4867.89	0.566988
4894.91	0.577626
4919.68	0.586182
4944.35	0.59179
4967.31	0.59841
4987.94	0.60982
5006.01	0.627259
5021.38	0.653506
5032.36	0.685994
5042.13	0.714352
5052.77	0.691839
5063.58	0.52469
5073.08	0.409297
5079.27	0.333578
2810.44	0.15802
2821.84	0.159112
2850.05	0.161617
2905.58	0.163574
2972.99	0.158686
3045.47	0.154742
3119.94	0.150495
3195.87	0.146715
3272.42	0.144541
3349.32	0.145607
3424.81	0.15387
3499.39	0.175877
3570.07	0.233277
3656.31	0.314757
3735.65	0.359552
3810.53	0.383922
3882.98	0.399745
3953.22	0.412357
4020.87	0.423301
4087.66	0.432516
4153.32	0.440528
4217.6	0.447646
4276.57	0.45393
4330.14	0.460081
4388.01	0.466414
4433.45	0.453054
4475.02	0.454006
4529.96	0.460133
4578.47	0.469612
4623.32	0.480527
4665.04	0.49212
4704.26	0.504157
4741.6	0.516495
4776.88	0.529154
4809.48	0.542457
4840.38	0.555664
4869.48	0.568309
4896.88	0.579577
4923.18	0.588154
4945.71	0.590034
4967.92	0.595403
4988.1	0.601782
5005.9	0.608313
5020.72	0.614345
5034.5	0.61828
5045.84	0.61144
5056.55	0.562925
5066.94	0.475834
5076.45	0.37782
5082.42	0.313526
2850.07	0.155036
2863.57	0.154674
2892.42	0.153933
2938.33	0.152361
2996.09	0.149342
3061.31	0.146014
3131.16	0.142429
3204.1	0.138883
3279.05	0.135767
3355.04	0.133759
3430.45	0.134516
3503.29	0.142112
3573.8	0.165278
3640.93	0.217677
3729.31	0.30036
3805.68	0.344407
3878.82	0.368294
3950.17	0.384741
4015.89	0.393612
4082.81	0.402996
4147.76	0.409973
4210.65	0.415522
4268.08	0.419458
4327.67	0.422547
4383.71	0.429171
4434.45	0.435246
4483.03	0.445799
4534.03	0.455426
4583.03	0.464731
4626.37	0.476202
4667.09	0.489407
4705.85	0.501702
4742.94	0.513115
4778.73	0.522895
4810.03	0.524091
4841.05	0.530252
4870.33	0.535509
4897.69	0.540004
4921.95	0.543669
4947.13	0.548289
4969.54	0.553906
4989.67	0.556552
5007.58	0.555176
5023.27	0.548361
5037.29	0.534671
5049.62	0.507821
5060.95	0.460125
5071.76	0.39019
5080.85	0.329833
5085.39	0.271026
2876.51	0.153256
2890.21	0.152477
2917.95	0.151006
2959.4	0.148866
3011.98	0.146115
3072.81	0.143018
3139.56	0.139701
3210.61	0.136327
3284.87	0.133138
3361.39	0.130651
3438.25	0.130215
3507.92	0.135466
3576.44	0.156447
3644.88	0.212985
3719.32	0.246895
3797.16	0.275162
3872.33	0.284323
3942.12	0.284534
4012.16	0.294377
4078.74	0.327438
4142.65	0.354647
4205.91	0.375575
4267.28	0.391915
4326.38	0.406267
4382.27	0.418957
4434.98	0.430171
4486.09	0.439542
4537.57	0.446923
4590.78	0.451443
4629.61	0.436132
4668.69	0.4384
4706.76	0.440195
4743.28	0.440619
4776.09	0.437842
4810.76	0.436786
4842.53	0.44107
4872.1	0.445354
4899.63	0.449265
4925.08	0.452843
4949.29	0.456369
4971.53	0.456486
4991.73	0.45252
5009.92	0.44344
5026.26	0.428064
5041.1	0.405288
5054.6	0.376115
5066.73	0.344904
5077.25	0.314103
5084.29	0.27933
5087.38	0.235698
2889.64	0.152403
2903.19	0.151535
2930.14	0.149937
2969.71	0.14774
3020.02	0.14507
3078.82	0.142071
3144.08	0.13886
3214.35	0.135584
3288.84	0.132522
3367.73	0.130473
3453.26	0.131983
3512.9	0.139735
3576.45	0.159023
3643.92	0.161089
3720.84	0.169027
3796.76	0.179801
3870.34	0.186321
3940.83	0.188389
4008.48	0.192404
4071.16	0.210182
4132.91	0.240652
4199.36	0.278414
4265.74	0.307066
4325.55	0.322046
4381.71	0.328976
4435.22	0.332199
4487.07	0.334901
4538	0.338075
4587.12	0.340376
4629.77	0.333009
4669.72	0.335577
4707.89	0.339789
4744.24	0.343758
4778.51	0.347232
4812.07	0.350068
4843.78	0.351704
4873.5	0.3524
4901.23	0.352266
4927.05	0.351238
4951.21	0.349037
4973.53	0.345214
4993.94	0.339713
5012.49	0.332571
5029.33	0.324018
5044.7	0.31454
5058.83	0.304633
5070.8	0.289522
5079.77	0.263741
5085.52	0.235319
5088.28	0.226176
4598.2	0.480093
4629.63	0.481408
4668.53	0.486134
4706.55	0.493916
4743.3	0.503009
4769.23	0.508878
4781.14	0.55127
4809.6	0.553217
4840.81	0.559419
4870.09	0.565778
4897.58	0.572619
4918.58	0.577004
4926.53	0.603965
4945.3	0.606091
4967.68	0.614447
4987.83	0.624498
5005.6	0.637583
5019.19	0.652858
5023.53	0.692573
5031.63	0.69769
5035.42	0.712891
2750.07	0.469215
2838.64	0.468081
2924.55	0.466759
2965.26	0.474906
3061.84	0.473444
3170.95	0.471726
3241.65	0.46902
3275.89	0.467624
3362.46	0.466444
3458.61	0.465704
3523.36	0.46418
3557.63	0.466496
3637.77	0.465416
3724.15	0.464499
3780.63	0.462949
3812.88	0.461813
3886.63	0.461425
3963.78	0.463097
4009.21	0.463027
4037.38	0.470033
4099.74	0.469642
4161.53	0.469923
4193.69	0.469672
4209.9	0.469279
4147.09	0.543219
4174.62	0.542811
4228.53	0.543542
4283.93	0.543788
4331.36	0.547583
4382.52	0.547816
4428.51	0.548769
4473.73	0.548567
4505.97	0.548545
4523.01	0.554189
4561.25	0.555127
4601.41	0.560551
4639.72	0.563345
4670.94	0.569984
4702.96	0.572091
4737.46	0.575259
4769.86	0.57749
4798.37	0.579338
4802.61	0.584127
4680.53	0.599137
4710.05	0.59973
4743.38	0.601496
4776.27	0.604346
4808.76	0.606839
4840.41	0.609717
4871.02	0.613032
4900.45	0.616787
4928.74	0.620732
4955.25	0.625469
4979.48	0.630947
5001.16	0.636231
5020.26	0.638799
5034.33	0.631462
5048.3	0.613057
5059.45	0.581658
5068.83	0.520127
5074.09	0.425764
4722.32	0.562498
4747.48	0.566133
4758.66	0.586409
4777.41	0.58683
4806.42	0.592213
4834.14	0.59695
4859.69	0.601346
4869.3	0.628703
4882.87	0.63029
4908.72	0.63627
4933.49	0.644291
4957.69	0.650661
4965.71	0.650901
4976.47	0.650891
4995.2	0.656399
5011.06	0.657242
5025.09	0.643531
5031.1	0.61112
5037.3	0.607076
5046.82	0.564859
5056.34	0.474829
5063.51	0.417927
4188.74	0.496729
4214.15	0.49683
4233.53	0.506011
4271.01	0.505797
4325.24	0.511833
4376.15	0.517176
4426.35	0.52089
4458.46	0.522633
4476.56	0.536479
4519.17	0.537657
4564.42	0.541347
4599.09	0.551758
4632.27	0.554525
4645.31	0.569993
4672.21	0.570391
4708.02	0.57599
4742.69	0.579309
4775.91	0.58186
4794.31	0.582694
4806.23	0.584123
4821.93	0.584393
2949.62	0.485212
2975.62	0.483931
3009.24	0.484649
3073.8	0.483412
3173.85	0.484444
3260.71	0.483705
3294.95	0.494025
3359.2	0.492954
3445.7	0.49568
3520.58	0.495162
3548.55	0.50583
3606.78	0.505055
3684.59	0.507348
3747.89	0.506985
3771.58	0.514989
3825.08	0.514331
3893.77	0.515216
3948.36	0.514341
3962.77	0.513721
4012.61	0.513076
4074.12	0.513372
4122.27	0.512212
4131.58	0.499679
3841.71	0.536578
3895.54	0.5363
3966.22	0.536457
4036.65	0.536433
4104.88	0.536936
4166.99	0.53908
4225.07	0.541146
4279.7	0.543139
4336.26	0.543673
4381.09	0.548685
4426.38	0.550923
4471.75	0.553108
4515.21	0.55601
4557.81	0.557678
4598.89	0.559065
4630.38	0.559229
4643.68	0.564645
4673.1	0.564627
4704.05	0.565602
4724.97	0.565413
4165.87	0.524846
4212.65	0.526491
4266.15	0.52992
4319.22	0.533774
4371.14	0.537458
4421.77	0.540543
4462.67	0.54196
4479.78	0.56136
4515.82	0.561866
4560.37	0.568849
4602.39	0.573428
4642.27	0.577894
4680.12	0.582186
4715.72	0.586265
4746.64	0.591622
4776.23	0.595055
4805.28	0.596818
4828.42	0.597272
4837.4	0.602316
4857.81	0.602753
4882	0.605408
4897.69	0.607252
3979.8	0.502271
4031.65	0.503263
4094.45	0.506668
4154.65	0.510817
4212.54	0.514433
4247.5	0.515976
4268.9	0.534068
4318.81	0.535059
4370.9	0.537804
4420.89	0.540737
4468.25	0.544489
4511.58	0.549831
4549.13	0.558025
4593.19	0.560871
4633.82	0.566185
4671.53	0.570845
4701.17	0.572456
4712.76	0.586503
4739.18	0.586689
4771.75	0.588034
4794.01	0.588314
4109.23	0.495191
4147.53	0.494683
4162.61	0.492911
4208.68	0.492896
4263.29	0.494551
4316.94	0.495585
4369.39	0.496688
4420.3	0.497692
4469.32	0.498307
4516.88	0.498113
4562	0.496968
4590.89	0.495191
4605.79	0.481244
4641.47	0.481406
4679.45	0.484272
4715.91	0.486262
4748.78	0.488758
4779.42	0.491989
4807.55	0.494812
4830.75	0.497158
3223.53	0.518144
3292.27	0.517681
3382.1	0.51749
3471.51	0.517118
3559.06	0.517247
3644.25	0.517632
3726.79	0.518302
3806.36	0.519263
3882.66	0.520488
3955.84	0.52173
4025.91	0.522973
4092.45	0.524341
4153.45	0.526437
4215.66	0.526583
4276.44	0.526459
4332.92	0.526444
4381.01	0.526142
4423.51	0.525864
4441.27	0.527132
4542.24	0.431764
4558.16	0.433339
4570.17	0.509375
4602.53	0.512481
4618.87	0.545032
4641.89	0.54534
4670.85	0.548251
4683.34	0.562852
4711.91	0.564212
4722.08	0.581494
4746.53	0.58191
4763.52	0.586228
4776.85	0.587978
4798.75	0.589416
4806.66	0.5928
4829.95	0.593062
4840.01	0.598676
4858.57	0.598707
4877.36	0.600412
4887.89	0.607897
4908.08	0.610738
4914.56	0.621603
4932.69	0.62367
4945.54	0.630098
4959.86	0.630053
4976.46	0.636073
4981.63	0.63605
4367.58	0.54382
4382.95	0.543503
4424.96	0.545109
4469.4	0.546929
4512.01	0.547958
4529.34	0.557352
4557.68	0.557289
4597.75	0.56467
4637.43	0.568731
4672.6	0.57377
4687.38	0.583373
4708.61	0.583359
4741.03	0.587847
4772.5	0.59035
4802.23	0.592172
4814.52	0.595475
4829.02	0.595379
4860.8	0.600604
4889.25	0.60655
4915.37	0.612568
4928.09	0.61644
4939.95	0.616768
4958.41	0.619568
2650.82	0.435164
2672.04	0.439031
2741.66	0.437985
2864.74	0.439902
2977.86	0.44608
3062.58	0.447781
3094.4	0.483897
3171.53	0.48334
3264.95	0.48792
3353.84	0.489921
3410.14	0.489913
3443.88	0.503213
3519.55	0.503259
3598.76	0.505262
3671.61	0.505899
3703.68	0.513327
3751.25	0.512453
3823.43	0.514173
3889.97	0.514759
3942.32	0.514287
3962.72	0.520951
4010.98	0.520445
4053.77	0.520651
4118.86	0.504701
4142.75	0.50492
4160.66	0.532782
4212.13	0.533456
4271.57	0.537358
4328.97	0.541634
4384.11	0.546162
4411.35	0.549233
4437.54	0.549828
4485.21	0.553058
4530.21	0.55658
4573.27	0.559949
4610.23	0.561273
4622.96	0.576098
4650.59	0.576313
4690	0.578772
4724.77	0.58203
4758.48	0.584339
4782.5	0.585091
4793.38	0.591259
4820.3	0.591404
4838.87	0.591949
4571.59	0.53588
4578.56	0.538787
4603.21	0.539085
4633.74	0.544285
4645.01	0.562626
4671.01	0.563431
4698.72	0.566441
4707.6	0.581995
4734.73	0.582869
4760.8	0.584651
4773.76	0.593767
4803.87	0.594771
4825.73	0.596125
4834.3	0.599294
4860.88	0.601185
4873.5	0.610057
4887.27	0.610068
4910.8	0.615404
4918.94	0.624726
4934.15	0.625395
4955.3	0.632836
4962.48	0.648724
4978.27	0.650865
4993.93	0.66335
4998.8	0.675698
5008.29	0.679239
3416.36	0.494534
3480.13	0.494023
3566.66	0.494463
3652	0.494611
3730.67	0.497065
3802.1	0.501218
3870.21	0.503679
3932.83	0.505444
3958.72	0.517251
3994.39	0.516726
4056.2	0.519112
4114.05	0.522032
4168.69	0.525483
4222.76	0.527947
4276.25	0.530934
4329.31	0.533827
4380.96	0.536827
4430.16	0.540048
4477.21	0.542458
4518.97	0.543868
4534.6	0.551149
4559.09	0.550946
4576.6	0.553518
3794.44	0.49616
3814.74	0.495568
3834.84	0.510254
3884.93	0.509883
3951.92	0.512915
4016.72	0.514071
4058.92	0.51395
4084.27	0.517888
4139.94	0.51737
4187.25	0.510149
4240.72	0.510027
4263.98	0.51237
4301.59	0.511938
4354.98	0.518171
4406.36	0.521785
4443.65	0.523361
4462.21	0.536337
4503.24	0.53721
4548.05	0.543435
4588.99	0.548439
4607.17	0.55591
4629.95	0.555686
4667.94	0.558699
4702.99	0.560886
4725.08	0.562186
4063.08	0.535644
4068.42	0.535855
4109.28	0.535631
4169.2	0.536066
4229.37	0.536397
4280.99	0.540832
4331.1	0.543176
4380.78	0.545028
4429.53	0.547519
4475.3	0.551003
4509.71	0.552073
4525.33	0.570445
4561.52	0.571121
4601.01	0.57586
4642.01	0.577373
4677.01	0.583111
4717.08	0.584638
4753.79	0.587584
4787.86	0.589434
4820.86	0.589855
4838.3	0.589996
4842.9	0.589521
4237.03	0.478007
4272.97	0.478485
4292.52	0.49872
4330.76	0.498652
4374.7	0.501789
4391.63	0.518321
4434.36	0.518881
4468.4	0.522091
4486.46	0.533933
4528.92	0.535879
4549.7	0.544465
4573.13	0.544155
4610.68	0.547136
4623.85	0.559383
4654.16	0.559455
4683.75	0.563747
4694.01	0.581637
4724.79	0.582392
4747.63	0.585105
4760.55	0.59278
4790.4	0.593725
4803.33	0.597923
4820.89	0.597783
4847.83	0.597877
4858.26	0.596718
4871.81	0.596595
4867.13	0.592256
4869.12	0.59322
4886.68	0.593262
4895.54	0.596612
4914.91	0.596691
4923.28	0.60825
4941.26	0.609066
4947.44	0.624593
4961.85	0.626356
4967.91	0.643022
4980.63	0.645235
4986.73	0.668069
4998.79	0.670857
5003.73	0.700038
5013.11	0.703387
5019.45	0.718794
5028.94	0.720308
5033.5	0.709784
5040.5	0.707521
5044.28	0.632123
5049.78	0.612212
5053.52	0.513417
5059.09	0.491227
5062.24	0.430684
5063.17	0.420954
4391.1	0.497579
4433.93	0.501674
4460.69	0.505755
4482.18	0.512762
4529.52	0.515087
4572.27	0.519684
4588.54	0.54067
4618.44	0.540899
4660.59	0.548047
4691.54	0.551226
4703.88	0.572828
4734.9	0.573866
4770.07	0.580951
4789.33	0.584327
4802.5	0.591329
4831.5	0.592531
4858.21	0.594815
4868.56	0.601199
4887.09	0.601277
4914.11	0.606206
4933.84	0.609078
4941.06	0.614791
4956.9	0.615978
4114.88	0.532503
4153.34	0.532165
4199.77	0.531991
4217.95	0.53596
4259.53	0.535712
4313.59	0.538588
4364.22	0.54098
4415.33	0.542364
4463.46	0.545515
4507.9	0.549355
4546.73	0.551035
4562.46	0.560713
4590.84	0.560761
4630.23	0.56677
4667.91	0.570223
4703.04	0.574464
4735.26	0.578744
4771.5	0.579897
4803.18	0.581539
4815.61	0.583584
4828.1	0.583452
4125.54	0.52649
4172.86	0.527496
4200.17	0.531397
4228.44	0.530757
4285.32	0.530798
4313.33	0.532795
4337.27	0.53275
4381.48	0.531961
4409.55	0.532955
4429.05	0.536738
4472.36	0.538507
4501.34	0.540388
4518.9	0.546945
4558.72	0.548039
4588.1	0.549904
4604.32	0.558022
4640.41	0.559435
4667.26	0.562575
4680.51	0.575309
4712.13	0.576234
4737.14	0.578088
4749.04	0.583981
4775.5	0.584301
4796.84	0.585413
4800.45	0.585819
4298.32	0.534583
4334.19	0.53482
4381.25	0.537544
4426.73	0.541212
4465.92	0.542948
4480.71	0.555747
4513.52	0.555837
4559.62	0.560923
4602.76	0.56618
4640.01	0.573466
4657.83	0.57918
4678.4	0.578982
4711.88	0.583537
4742.31	0.588308
4775.22	0.590298
4794.67	0.591708
4805.19	0.596514
4830.71	0.597029
4856.52	0.599365
4882.55	0.60154
4901.35	0.603528
4907.94	0.61374
4925.69	0.61459
4898.85	0.591834
4903.14	0.596131
4914.84	0.595829
4920.87	0.593977
4923.78	0.597249
4935.39	0.597632
4942.02	0.598644
4944.99	0.612171
4955.64	0.615211
4962.39	0.62076
4965.78	0.634895
4974.96	0.639186
4982.19	0.642733
4985.44	0.660915
4993.7	0.666344
5000.37	0.666314
5004.53	0.679433
5011.43	0.687053
5017.35	0.686594
5020.93	0.710987
5026.29	0.724369
5031.21	0.726674
5033.98	0.751864
5038.44	0.76281
5039.63	0.763301
3808.93	0.454405
3827.62	0.461008
3865.79	0.460399
3889.34	0.470724
3930.18	0.470065
3954.28	0.456952
3981.95	0.458242
4015.4	0.457485
4035.77	0.481759
4073.15	0.481921
4094.34	0.5065
4122.08	0.509043
4151.58	0.508311
4173.14	0.508995
4208.75	0.508606
4228.13	0.515054
4254.25	0.51797
4278.16	0.520703
4293.37	0.51689
4325.25	0.516067
4342.02	0.490694
4361.09	0.48364
4374.63	0.474202
4237.84	0.52893
4283.28	0.529287
4326.68	0.529642
4339.98	0.537949
4380.37	0.537946
4430.07	0.542561
4466.96	0.544189
4482.83	0.560246
4521.44	0.560629
4562.39	0.565036
4589.69	0.566499
4603	0.577687
4640.29	0.578671
4683	0.580792
4705.39	0.582595
4722.35	0.586181
4757.52	0.587224
4791.67	0.589397
4809.03	0.589987
4829.13	0.589703
4862.75	0.590195
4885.3	0.590262
4888.56	0.590461
4888.59	0.590721
4148.96	0.537955
4186.27	0.538603
4242.77	0.54113
4298.09	0.54458
4350.89	0.548953
4401.47	0.553264
4449.88	0.557636
4497.23	0.560994
4542.97	0.564571
4587.16	0.567845
4629.88	0.570688
4670.74	0.57346
4708.12	0.577186
4743.57	0.580018
4764.66	0.580927
4777.92	0.587035
4807.7	0.587725
4838.08	0.589085
4867.93	0.589366
4891.76	0.589774
4877.52	0.591666
4880.85	0.592022
4896.53	0.592062
4905	0.596167
4917.25	0.597123
4929.04	0.597166
4937.12	0.604181
4951.85	0.604859
4959.25	0.612922
4969.96	0.614899
4980.34	0.614602
4987.11	0.625936
4999.1	0.627827
5004.93	0.637089
5012.46	0.645359
5019.75	0.64594
5023.26	0.662863
5032.03	0.665812
5035.4	0.690279
5040.08	0.704956
5044.66	0.706232
5046.31	0.698298
5051.87	0.697577
5053.76	0.73163
5057.17	0.712055
5059.04	0.709731
4614.9	0.577318
4644.74	0.578374
4678.94	0.580807
4712.43	0.583823
4736.24	0.585208
4748.85	0.592993
4775.34	0.593722
4803.86	0.596743
4831.07	0.598431
4853.84	0.599403
4862.43	0.617071
4881.59	0.618691
4904.84	0.628628
4928.43	0.635816
4952.71	0.641159
4960.11	0.656701
4975.76	0.657942
4995.48	0.676746
5011.75	0.693568
5025.52	0.703691
5033.01	0.698996
5037.73	0.676688
5043.24	0.665668
3743.61	0.51407
3799	0.514533
3865.58	0.515976
3932.24	0.517652
3994.77	0.521451
4056.38	0.524125
4114.09	0.528302
4169.5	0.531401
4203.23	0.532509
4227.26	0.542559
4277.14	0.543721
4328.04	0.546422
4379.62	0.547932
4429.42	0.550566
4476.97	0.553339
4521.57	0.556023
4560.97	0.55918
4601.15	0.559653
4634.61	0.55902
4647.16	0.561621
4668.92	0.561547
3914.07	0.530565
3955.45	0.530582
4016.36	0.533947
4073.74	0.538757
4129.31	0.542662
4183.38	0.546341
4237.34	0.548979
4290.23	0.551725
4341.32	0.554673
4391.37	0.556745
4440.12	0.558576
4487.25	0.560205
4526.52	0.560874
4541.04	0.572061
4571.72	0.57211
4612.92	0.575666
4651.55	0.577596
4694.69	0.577886
4732.44	0.580261
4766.46	0.582244
4789.33	0.583133
3460.65	0.134879
3512.81	0.145905
3574.72	0.186647
3619.04	0.27965
3647.24	0.324368
3718.97	0.348622
3796.69	0.371114
3871.85	0.393003
3941.06	0.414397
3973.41	0.438481
4014.85	0.437979
4082.55	0.444024
4147.59	0.446611
4210.72	0.448866
4263.79	0.449794
4286.28	0.462093
4329.44	0.461534
4387.18	0.460312
4433.02	0.455205
4469.69	0.454523
4450.98	0.561768
4451.28	0.562201
4488.35	0.562969
4531.45	0.564978
4560.94	0.56616
4575.03	0.576533
4611.76	0.577349
4650.89	0.581644
4679.92	0.58307
4692.06	0.595131
4723.04	0.595394
4758.19	0.597238
4785.91	0.597595
4796.75	0.603157
4821.98	0.60358
4852.65	0.609163
4876.12	0.614998
4888.55	0.620149
4911.63	0.620585
4939.74	0.628173
4962.75	0.634616
4969.53	0.64492
4983.07	0.646124
4995	0.654553
4411.29	0.589459
4440.62	0.589535
4483.04	0.591432
4525.14	0.593205
4568.42	0.59417
4609.7	0.596579
4649.51	0.598395
4688.23	0.599682
4723.27	0.605087
4757.8	0.608331
4789.69	0.61422
4820.61	0.619025
4849.48	0.626028
4879.85	0.631078
4909.69	0.6371
4937.1	0.646181
4961.73	0.657461
4983.74	0.66963
5000.42	0.685662
5010.98	0.694908
2885.87	0.302377
2892.45	0.314143
2919.84	0.314712
3012.59	0.325104
3076.63	0.340689
3100.34	0.412838
3178.81	0.417013
3250.38	0.424359
3279.24	0.466603
3348.9	0.466583
3426.44	0.471871
3458.17	0.489538
3514.24	0.488763
3595.26	0.494869
3638.07	0.49612
3674.19	0.499844
3748.48	0.500197
3801.47	0.500756
3827.43	0.514269
3889.49	0.513938
3945.27	0.51408
3964.81	0.520365
4010.85	0.519833
4055.54	0.520627
4344.89	0.54092
4382.31	0.5438
4411.06	0.546374
4429.75	0.560986
4472.58	0.562188
4515.15	0.567122
4558.43	0.569835
4580.32	0.572582
4598.76	0.57549
4635.48	0.57738
4673.51	0.580045
4708.04	0.58432
4723.01	0.589898
4740.85	0.589787
4772.48	0.592612
4803.06	0.594977
4831.88	0.596053
4843.23	0.600336
4860.72	0.600223
4887.2	0.604542
4911.48	0.607843
4928.7	0.608843
2897.81	0.500208
2974.22	0.499505
3074.67	0.501037
3174.19	0.501277
3270.86	0.502019
3365.03	0.502732
3455.05	0.504265
3541.2	0.505881
3623.81	0.507501
3702.88	0.509248
3777.38	0.511688
3848.72	0.51346
3915.73	0.515872
3983.64	0.516199
4048.6	0.517223
4110.2	0.518074
4170.23	0.518003
4228.87	0.51742
4276.8	0.51782
4312.08	0.518356
3047.13	0.484281
3082.16	0.482915
3169.13	0.483069
3205.69	0.489558
3267.07	0.488378
3354.49	0.489926
3392.68	0.492388
3444.65	0.491207
3527.2	0.492957
3570.26	0.49246
3615.18	0.491211
3695.77	0.49197
3741.08	0.491135
3777.81	0.490626
3849.59	0.490309
3895.85	0.489721
3926.47	0.490794
3989.74	0.490698
4034.17	0.490619
4058.56	0.493614
4114.56	0.493145
4158.01	0.492646
4178.71	0.493969
4225.36	0.49393
4262	0.494921
4268.24	0.501924
4468.68	0.579535
4473.5	0.579235
4509.68	0.580664
4550.65	0.582314
4592.32	0.584021
4632.38	0.587129
4670.52	0.590402
4707.13	0.593072
4739.67	0.596872
4771.71	0.598804
4801.75	0.602283
4837.02	0.603337
4862.76	0.603844
4874.65	0.618764
4901.67	0.620281
4931.28	0.626544
4958.16	0.633435
4981.28	0.643891
5002.63	0.655428
5021.08	0.669709
5035.31	0.684136
4722.2	0.589906
4739.72	0.590004
4772.13	0.592389
4804.4	0.594569
4837.5	0.595609
4869.67	0.596704
4893.78	0.59707
4903.13	0.61096
4923.33	0.6126
4949.82	0.614813
4974.15	0.617689
4995.93	0.619306
5014.94	0.616226
5031.2	0.60035
5044.66	0.582133
5054.12	0.526253
5064.48	0.425816
5077.3	0.340197
5088.46	0.304726
5092.3	0.287716
4026.65	0.516062
4073.99	0.516596
4127.72	0.517379
4170.62	0.517418
4187.06	0.522392
4228.9	0.522288
4278	0.525937
4332.82	0.527183
4366.37	0.528041
4385.82	0.537466
4431.59	0.538693
4478.65	0.543809
4521.05	0.548005
4538.13	0.559251
4563.36	0.559158
4604.87	0.563187
4644.95	0.566089
4676.99	0.567153
4687.81	0.575567
4717.25	0.57564
4753.21	0.578149
4779.26	0.579458
4235.42	0.530351
4249.82	0.531829
4281.26	0.531401
4327.72	0.532542
4343.78	0.5425
4385.16	0.542414
4424.9	0.545544
4442.83	0.56039
4483.18	0.560357
4513.19	0.560535
4531.55	0.560806
4572.13	0.561291
4591.51	0.562665
4614.56	0.562267
4649.29	0.563339
4662.51	0.566571
4689.06	0.566644
4721.55	0.569157
4735.05	0.580101
4765	0.58065
4789.93	0.582878
4802.92	0.586784
4831.52	0.587463
4848.5	0.588806
4862.83	0.589194
4888.69	0.590054
4899.59	0.591089
4907.37	0.591038
4566.71	0.524108
4569.91	0.524233
4592.87	0.524423
4605.57	0.530832
4623.43	0.53426
4636.67	0.54172
4650.32	0.550788
4669.23	0.550798
4678.87	0.566702
4700.05	0.566969
4710.27	0.571356
4728.06	0.572489
4741.14	0.575137
4754.05	0.576643
4770.95	0.576547
4780.7	0.581917
4798.21	0.582291
4806.16	0.589495
4822.07	0.590318
4831.25	0.594186
4843.13	0.596414
4857.32	0.596287
4865.81	0.596887
4880.28	0.596744
4884.26	0.582699
4343.99	0.544977
4372.58	0.545727
4387.5	0.560672
4428.03	0.561217
4472.66	0.564243
4515.17	0.567375
4558.39	0.569265
4599.19	0.573183
4638.97	0.576055
4673.98	0.580968
4704.46	0.586221
4734.68	0.588551
4768.29	0.590077
4801.92	0.591368
4826.33	0.591943
4837.78	0.59733
4864.35	0.597554
4893.06	0.599685
4918.81	0.602915
4934.8	0.605788
2819.67	0.461608
2850.13	0.45992
2919.29	0.460058
2960.96	0.469893
3061.92	0.468902
3145.12	0.467725
3178.42	0.479088
3262.09	0.477941
3353.44	0.476127
3389.44	0.474742
3458.8	0.473399
3549.33	0.473028
3591.65	0.471553
3639.43	0.470266
3723.28	0.471137
3776.6	0.470361
3806.41	0.473281
3875.91	0.473111
3934.31	0.473469
3957.96	0.489266
4013.74	0.489097
4072.53	0.491948
4095.67	0.504026
4138.97	0.503275
4178.13	0.498495
3506.88	0.491728
3517.01	0.491686
3566.19	0.490876
3648.3	0.491173
3724.77	0.4918
3756.82	0.500421
3802.91	0.499616
3875.5	0.507302
3943	0.513629
3977.16	0.516949
4015	0.516075
4081.61	0.521138
4144.38	0.526116
4178.41	0.528101
4207.41	0.532565
4260.22	0.534344
4314.35	0.535799
4347.78	0.536469
4370.77	0.541633
4420.31	0.540629
4469.79	0.537488
4498.05	0.533536
4513.84	0.526929
4544.26	0.526852
3672.71	0.519511
3737.87	0.520593
3808.03	0.52195
3876.96	0.523734
3943.2	0.526139
4007.37	0.5282
4066.77	0.532026
4123.88	0.534588
4179.78	0.536172
4230.11	0.540037
4274.32	0.540989
4295.38	0.552361
4335.58	0.552282
4386.93	0.556379
4436.6	0.557476
4484.54	0.558345
4531	0.558781
4572.49	0.55964
4612.94	0.560073
4647.46	0.560509
