2853.43	0.154561
2866.78	0.153652
2893.44	0.151981
2932.85	0.149698
2983.45	0.146946
3043.17	0.143859
3109.99	0.140572
3182.27	0.137272
3258.84	0.13428
3338.87	0.13219
3421.62	0.131968
3506.18	0.134645
3591.57	0.140531
3675.04	0.148605
3754.98	0.155555
3830.46	0.157641
3902.81	0.165615
3973.93	0.174513
4043.73	0.182329
4111.4	0.189204
4176.54	0.196884
4238.06	0.207841
4295.7	0.22041
4354.02	0.235036
4412.26	0.247342
4469.73	0.254881
4524.76	0.256815
4567.99	0.236828
4610.78	0.244957
4653.08	0.259208
4695.29	0.277128
4738.18	0.295928
4777.7	0.311426
4814.1	0.323922
4848.32	0.333812
4881.17	0.341089
4913.44	0.345601
4944.48	0.347539
4973.89	0.347314
5001.49	0.345113
5027.16	0.340949
5050.87	0.33479
5072.67	0.32669
5092.69	0.317062
5111.22	0.306857
5127.82	0.294652
5141.12	0.272482
5150.97	0.237203
5157.33	0.218095
5160.83	0.210927
2840.58	0.15529
2853.98	0.154384
2881.21	0.152686
2922.21	0.150324
2974.94	0.147481
3036.74	0.144334
3105.28	0.141101
3178.82	0.138179
3256.26	0.136438
3337.01	0.137724
3420.46	0.144791
3505.58	0.158882
3593.12	0.177649
3677.47	0.199081
3757.82	0.2156
3831.73	0.210561
3902.03	0.224928
3973.44	0.246427
4044.29	0.266556
4112.81	0.282274
4180.06	0.298505
4241.9	0.316575
4300.63	0.332312
4358.11	0.34366
4415.16	0.351929
4472.08	0.359899
4530.36	0.369971
4569.16	0.346348
4613.65	0.347656
4656.2	0.359567
4697.91	0.372871
4738.76	0.384272
4776.99	0.392524
4812.79	0.401623
4846.4	0.412486
4878.58	0.424663
4911.57	0.436723
4942.95	0.445852
4972.45	0.452643
4999.98	0.457085
5025.5	0.458429
5048.93	0.455522
5070.29	0.446907
5089.63	0.430631
5107.22	0.404742
5123.07	0.372163
5137.13	0.337218
5149.5	0.301142
5156.51	0.237993
5159.93	0.218223
2814.8	0.156665
2827.82	0.155806
2855.71	0.154108
2900.37	0.151599
2957.93	0.148587
3024.22	0.145376
3096.26	0.142435
3172.17	0.14091
3250.97	0.143863
3332.64	0.15803
3416.86	0.189291
3500.89	0.247099
3597.78	0.306935
3685.42	0.337595
3773.27	0.356954
3840.47	0.342148
3911.68	0.366469
3983.77	0.382625
4055.14	0.392594
4123.3	0.397835
4186.12	0.39967
4246.14	0.405558
4304.24	0.411048
4361.07	0.416198
4416.9	0.421821
4471.69	0.429122
4525.09	0.438934
4573.81	0.457079
4615.44	0.453058
4657.32	0.453613
4698.83	0.462005
4739.63	0.470869
4776.47	0.471736
4811.09	0.479917
4843.25	0.488795
4872.57	0.499286
4908.8	0.511298
4940.86	0.523056
4970.58	0.53495
4998.25	0.545701
5023.85	0.554221
5047.28	0.559376
5068.45	0.560122
5087.29	0.554791
5103.79	0.540122
5118.16	0.509565
5131.16	0.453388
5143.81	0.376302
5154.41	0.312353
5158.76	0.238098
2776.4	0.158558
2787.21	0.157891
2813.85	0.156399
2866.09	0.153693
2932.68	0.150486
3006.49	0.14736
3083.9	0.145422
3163.02	0.148052
3242.41	0.165977
3323.2	0.222702
3425.98	0.312186
3515.58	0.364111
3604.73	0.391922
3690.74	0.409267
3774.62	0.422628
3841.26	0.432843
3916.61	0.440245
3991.9	0.449212
4066.6	0.455018
4136.86	0.456955
4193.22	0.450778
4250.85	0.457793
4307.77	0.464196
4363.6	0.4704
4418.07	0.476758
4470.72	0.483546
4522.2	0.491799
4570.71	0.502935
4614	0.516006
4658.36	0.52244
4698.89	0.528057
4744.59	0.532586
4777.33	0.51343
4811.52	0.519289
4844.17	0.530431
4875.67	0.541309
4907.95	0.55152
4938.7	0.563116
4968.38	0.575044
4996.31	0.584791
5022.28	0.591628
5045.95	0.596975
5067.26	0.604982
5085.96	0.614114
5101.89	0.620767
5115.19	0.610174
5126.84	0.55602
5139.09	0.466215
5150.52	0.363258
5157.16	0.291734
2727.54	0.160718
2731.08	0.16053
2746.7	0.159982
2817.81	0.157177
2900.59	0.153998
2985.56	0.151517
3070.04	0.151954
3153	0.162645
3230.16	0.210055
3336.75	0.305966
3432.92	0.360552
3522.83	0.391105
3609.93	0.412241
3694.32	0.4291
3776.34	0.442678
3855.77	0.453874
3919.31	0.46401
3998.6	0.476912
4080.75	0.483594
4143.06	0.486096
4198.33	0.46896
4254.96	0.47437
4311.27	0.480199
4366.57	0.486076
4420.38	0.49206
4469.98	0.49742
4522.07	0.503631
4570.56	0.513411
4616.03	0.523783
4660.23	0.533866
4703.4	0.54348
4739.91	0.547344
4778.63	0.555879
4811.2	0.559307
4843.97	0.567774
4875.61	0.574461
4906.12	0.580304
4935.15	0.58515
4965.6	0.592743
4994.1	0.598014
5020.7	0.605226
5044.46	0.613911
5066.08	0.629514
5084.9	0.651115
5100.67	0.679168
5113.15	0.706075
5122.43	0.687806
5136.16	0.522282
5148.04	0.39643
5155.43	0.323038
2675.38	0.162851
2663.08	0.163451
2624.09	0.164862
2757.94	0.163958
2866.45	0.161985
2965.13	0.162044
3057.21	0.167417
3146.4	0.182405
3229.83	0.22642
3340.86	0.296135
3437.63	0.337675
3527.24	0.363956
3613.27	0.382424
3696.82	0.395795
3777.91	0.406555
3856.08	0.416511
3930.28	0.426377
4000.79	0.433242
4073.12	0.442941
4138.67	0.448718
4199.15	0.457183
4257.59	0.468492
4314.44	0.480116
4369.72	0.492015
4423.59	0.503964
4476.86	0.51532
4523.63	0.514658
4571.51	0.524582
4617.38	0.534347
4661.21	0.544196
4703.12	0.553933
4743.02	0.563413
4777.53	0.567384
4810.83	0.57626
4843.55	0.586193
4874.59	0.59414
4908.52	0.60048
4932.4	0.60678
4962.54	0.61706
4991.3	0.625974
5019.31	0.633652
5042.13	0.633825
5064.54	0.654268
5083.71	0.681319
5099.86	0.719055
5112.39	0.765124
5122.99	0.788091
5135.76	0.553784
5147.25	0.414693
5154.77	0.335802
2635.62	0.165304
2621.77	0.167934
2589.28	0.175643
2722.96	0.179641
2841.68	0.182585
2950.55	0.191959
3045.22	0.217281
3144.91	0.267318
3247.95	0.314174
3346.95	0.343624
3440.5	0.362569
3529.55	0.376761
3615.37	0.387816
3698.65	0.396804
3779.45	0.404706
3857.63	0.412403
3933.28	0.42014
3998.52	0.425391
4069.76	0.428538
4136.98	0.436862
4199.89	0.445552
4259.79	0.454223
4317.22	0.462691
4372.38	0.471173
4425.59	0.479934
4477.12	0.489108
4526	0.498938
4573.85	0.508879
4619.88	0.518964
4663.13	0.529427
4704.09	0.540911
4742.87	0.552942
4778.89	0.565346
4812.14	0.577272
4841.44	0.587098
4877.46	0.594764
4905.27	0.59881
4932.65	0.600354
4959.06	0.610645
4986.27	0.618303
5016.59	0.628582
5042.94	0.638988
5065.25	0.659445
5083.95	0.687146
5100.7	0.721277
5114.13	0.762662
5124.61	0.784678
5136.7	0.561756
5147.58	0.424341
5155.25	0.342428
2609.66	0.169347
2598.73	0.177926
2575.1	0.207532
2701.45	0.231821
2825.33	0.267202
2947.65	0.307567
3054.84	0.33905
3157.55	0.361134
3256.32	0.376831
3351.45	0.389974
3443.21	0.400511
3531.67	0.409632
3617.34	0.417686
3700.47	0.425068
3781.11	0.432083
3859.26	0.438927
3935.22	0.44574
4009.86	0.452531
4068.03	0.452524
4137.45	0.456777
4201.6	0.463812
4262.48	0.471372
4320.3	0.478911
4375	0.486605
4427.25	0.494985
4477.93	0.504059
4527.3	0.51361
4575.83	0.523154
4622.9	0.532243
4665.03	0.540071
4704.9	0.551731
4743.14	0.563732
4780.75	0.574485
4812.28	0.578169
4844.32	0.586636
4875.14	0.587185
4904.22	0.590691
4934.2	0.595179
4960.95	0.601132
4991.49	0.608311
5020.34	0.61811
5045.75	0.632373
5068.44	0.655151
5084.14	0.683488
5102.94	0.717932
5116.12	0.757335
5126.98	0.759971
5138.57	0.556994
5148.27	0.429106
5156.94	0.347004
2594.23	0.17574
2587.32	0.193142
2574.71	0.33483
2703.91	0.364646
2827.63	0.380089
2946.8	0.392702
3059.12	0.403062
3166.48	0.410817
3262.89	0.412278
3355.6	0.419763
3445.88	0.427342
3533.79	0.434288
3619.34	0.440681
3702.48	0.44671
3783.09	0.452545
3861.06	0.458345
3936.47	0.464263
4009.31	0.470405
4078.49	0.47707
4141.23	0.478212
4204.68	0.485719
4266.37	0.492872
4324.67	0.499819
4378.22	0.506976
4428.63	0.516759
4478.16	0.527387
4527.46	0.537555
4577.22	0.546984
4628.75	0.555012
4667.03	0.549101
4705.21	0.555438
4741.97	0.559134
4775.46	0.565548
4812.83	0.572793
4845.99	0.583435
4876.73	0.588817
4907.78	0.592945
4936.71	0.596951
4966.26	0.603237
4995.49	0.612452
5024.31	0.625509
5047.79	0.634986
5068.86	0.658059
5089.56	0.688486
5107.02	0.726094
5120.52	0.765415
5130.98	0.786862
5142.63	0.576651
5153.09	0.44012
5160.7	0.35039
2585.02	0.182444
2580.43	0.206001
2572.5	0.407935
2703.21	0.436738
2827.54	0.446106
2946.88	0.453928
3062.81	0.460463
3181.54	0.465436
3269.1	0.44365
3358.82	0.446692
3448.08	0.451684
3535.79	0.456749
3621.5	0.461668
3704.94	0.466537
3785.73	0.471499
3863.52	0.476605
3938.48	0.481722
4010.64	0.486844
4079.65	0.492135
4142.55	0.497669
4207.75	0.503389
4271.89	0.509194
4332.01	0.516056
4382.81	0.51372
4429.11	0.515239
4476.87	0.521356
4525.45	0.516304
4575.15	0.521702
4622.54	0.528608
4663.31	0.528684
4701.03	0.535305
4741.54	0.545699
4778.75	0.558884
4815.57	0.5711
4844.03	0.579467
4879.16	0.587914
4911.12	0.594513
4941.98	0.601191
4969.18	0.607442
4996.91	0.611275
5023.46	0.621098
5050.54	0.63599
5073.9	0.659023
5094.47	0.689559
5111.6	0.727052
5125.12	0.764902
5135.55	0.784654
5147.26	0.576629
5157.94	0.441283
5165.37	0.350792
2579.5	0.185298
2576.19	0.209204
2570.27	0.381315
2701.86	0.398671
2826.63	0.404867
2945.61	0.411124
3059.56	0.417456
3168.48	0.423051
3265.61	0.424733
3358.61	0.431341
3449.21	0.438067
3537.79	0.444267
3624.41	0.449998
3708.93	0.455377
3790.69	0.460539
3868.2	0.465854
3942.81	0.472119
4015.12	0.478667
4085.43	0.485436
4155.31	0.492212
4210.63	0.495855
4282.23	0.503242
4333.59	0.492281
4383.67	0.49933
4432.05	0.50681
4477.83	0.514897
4530.46	0.523198
4574.46	0.521623
4617.49	0.526945
4661.36	0.533189
4701.44	0.54176
4741.79	0.550843
4779.87	0.56288
4811.66	0.573152
4847.08	0.583167
4882.48	0.590876
4913.21	0.59467
4943.51	0.600297
4971.66	0.608223
4996.44	0.613428
5026.62	0.622007
5053.36	0.638141
5077.9	0.660363
5098.97	0.690142
5116.25	0.726934
5129.86	0.763961
5140.35	0.781765
5152.22	0.570845
5163.09	0.437362
5170.55	0.34928
2576.23	0.187824
2573.66	0.212561
2569.15	0.390316
2700.83	0.407054
2825.46	0.413573
2943.75	0.419935
3056.23	0.426268
3162.82	0.432654
3262.49	0.439345
3357.57	0.4458
3449.55	0.451629
3539.21	0.456832
3627.08	0.461266
3713.49	0.464839
3797.86	0.466932
3873.87	0.464116
3947.65	0.466908
4019.84	0.470381
4089.95	0.473796
4157.03	0.477128
4220.94	0.482256
4278.52	0.481001
4334.45	0.487899
4385.03	0.494249
4434.86	0.503989
4481.75	0.509566
4527.31	0.516823
4574.74	0.526022
4619.21	0.536473
4661.94	0.547078
4704.07	0.557312
4741.82	0.562987
4777.74	0.569493
4813.29	0.576191
4847.86	0.58278
4882.25	0.589066
4914.24	0.590789
4946.08	0.59493
4975.65	0.601274
5003.19	0.611396
5029.8	0.624089
5054.67	0.640844
5081.44	0.66164
5103.35	0.690431
5120.94	0.726515
5134.68	0.763018
5145.27	0.778883
5157.37	0.564001
5168.48	0.431915
5176.04	0.347067
2574.36	0.190407
2572.24	0.216447
2568.73	0.42571
2700.38	0.445173
2824.77	0.453361
2942.5	0.461332
3054.14	0.469167
3160.04	0.476917
3260.47	0.484474
3356.59	0.491042
3449.48	0.496415
3539.98	0.500868
3628.97	0.504764
3717.98	0.50807
3811.45	0.510575
3879.87	0.498224
3952.24	0.501186
4024.79	0.504117
4095.64	0.506723
4160.02	0.508119
4220.68	0.512335
4277.66	0.517141
4338.74	0.521245
4385.21	0.509894
4433.59	0.511544
4482.56	0.516848
4529.41	0.523986
4575.86	0.531836
4620.55	0.540244
4661	0.546411
4703.28	0.552743
4742.31	0.56095
4775.17	0.567088
4814.3	0.576301
4849.49	0.58044
4880.03	0.586242
4915.33	0.592439
4948.27	0.596496
4978.73	0.601947
5006.51	0.609996
5033.06	0.623251
5058.55	0.641173
5085.82	0.661625
5108.03	0.69006
5125.77	0.72582
5139.59	0.762111
5150.25	0.776272
5162.57	0.557769
5173.95	0.426555
5181.63	0.344834
2573.51	0.19022
2571.65	0.216912
2568.52	0.422642
2700.31	0.440968
2824.59	0.448891
2941.99	0.456402
3053.2	0.463464
3158.84	0.470038
3259.56	0.476127
3356.19	0.481748
3449.54	0.48694
3540.31	0.491726
3629.08	0.496079
3716.31	0.500025
3801.54	0.503562
3878.67	0.506633
3954.41	0.510876
4030.56	0.51481
4109.73	0.518389
4167.4	0.510389
4224.54	0.512109
4283.97	0.515257
4332.93	0.521917
4388.11	0.530859
4436.62	0.528085
4484.41	0.527972
4530.05	0.530668
4577.3	0.536056
4621.84	0.543737
4666	0.552348
4704.78	0.558544
4738.42	0.563574
4771.95	0.564814
4810.32	0.568239
4848.45	0.575559
4882.08	0.583632
4918.39	0.589688
4951.56	0.594544
4981.76	0.600581
5008.65	0.611115
5033.82	0.624724
5064.74	0.639501
5091.16	0.660292
5113.08	0.689001
5130.71	0.724857
5144.49	0.761231
5155.19	0.77408
5167.71	0.552668
5179.35	0.421898
5187.15	0.34285
2573.43	0.187069
2571.77	0.214357
2568.63	0.402997
2700.86	0.420578
2825.21	0.428449
2942.37	0.435748
3053.21	0.442454
3158.6	0.448574
3259.32	0.454159
3356.11	0.459334
3449.61	0.464202
3540.36	0.468812
3628.69	0.473166
3714.76	0.477219
3798.09	0.48093
3877.43	0.48425
3954.77	0.488267
4031.87	0.492512
4111.76	0.496379
4167.29	0.485215
4221.93	0.490965
4281.5	0.497119
4343.32	0.502679
4386.71	0.492591
4434.49	0.493089
4486	0.501299
4536.34	0.511311
4581.54	0.513915
4625.1	0.525423
4668.21	0.53648
4701.66	0.537701
4737.72	0.544389
4776.53	0.55568
4813.43	0.567511
4847.96	0.57905
4887.17	0.587348
4922	0.590493
4955.05	0.594944
4985.07	0.600767
5010.51	0.611133
5042.43	0.62214
5071.45	0.637163
5096.84	0.658511
5118.23	0.687618
5135.6	0.723769
5149.27	0.760403
5159.96	0.772321
5172.64	0.548668
5184.53	0.41803
5192.46	0.341152
2573.9	0.181922
2572.54	0.207461
2569.18	0.365923
2702.54	0.383462
2827.18	0.392098
2944.05	0.399795
3054.35	0.406799
3159.28	0.412935
3259.75	0.418452
3356.45	0.423544
3449.93	0.428367
3540.55	0.433048
3628.54	0.437699
3714.05	0.442261
3796.88	0.446749
3876.53	0.451297
3953.75	0.456172
4028.71	0.461147
4100.8	0.465341
4167.91	0.466185
4212.87	0.45674
4275.19	0.458629
4332.54	0.462976
4381.02	0.464778
4435.02	0.471556
4486.53	0.481859
4537.77	0.492302
4587.9	0.502753
4627.35	0.504101
4664.25	0.515272
4704.52	0.523214
4743.13	0.537048
4781.52	0.550259
4818.92	0.562798
4855.47	0.574101
4892.61	0.582989
4928.08	0.589587
4960.7	0.594146
4991.59	0.599777
5020.7	0.608574
5050.19	0.619652
5077.75	0.635048
5102.24	0.656777
5123.11	0.686242
5140.21	0.722723
5153.74	0.759671
5164.41	0.770905
5177.23	0.545525
5189.35	0.414778
5197.4	0.339672
2574.68	0.177737
2573.79	0.197493
2571.29	0.312347
2706.95	0.335066
2831.88	0.348316
2947.45	0.360153
3056.67	0.370698
3160.78	0.379813
3260.79	0.387733
3357.17	0.394658
3450.55	0.400775
3541.05	0.406696
3628.64	0.412528
3713.93	0.418299
3796.81	0.424114
3876.1	0.430298
3953.05	0.436553
4026.52	0.443153
4093	0.447377
4156.92	0.452413
4214.75	0.458252
4271.63	0.455458
4328.42	0.462663
4382.28	0.469547
4435.59	0.476121
4484.86	0.482779
4537.77	0.49185
4588.92	0.502435
4629.3	0.506133
4664.85	0.514083
4706.15	0.527642
4745.88	0.541177
4784.62	0.554241
4822.41	0.566489
4859.6	0.577256
4896.97	0.58558
4934.34	0.591042
4965.2	0.59392
4996.74	0.599156
5027.05	0.60711
5056.09	0.617981
5082.98	0.633448
5106.92	0.655378
5127.42	0.685104
5144.31	0.721863
5157.74	0.759081
5168.4	0.769735
5181.36	0.542833
5193.7	0.41188
5201.87	0.338306
2575.46	0.179474
2574.7	0.201293
2572.33	0.325904
2712.37	0.34194
2838.05	0.346686
2950.68	0.352604
3058.73	0.36365
3161.97	0.373204
3261.8	0.381764
3357.81	0.388834
3451.04	0.395281
3541.68	0.401044
3628.48	0.406315
3713.76	0.412394
3797.98	0.418389
3875.77	0.418935
3953.64	0.423914
4020.63	0.42547
4089.41	0.431398
4153.02	0.439532
4212.59	0.448395
4269.76	0.458031
4326.69	0.468027
4381.72	0.478265
4435.4	0.4885
4488.22	0.498548
4536.9	0.501474
4586.65	0.509769
4623.54	0.51509
4664.02	0.522486
4706.55	0.532537
4746.81	0.545447
4785.83	0.558165
4823.72	0.570139
4860.79	0.580582
4898.64	0.588157
4937.75	0.592628
4966.11	0.594619
4999.92	0.598839
5031.12	0.606276
5060.28	0.616921
5086.96	0.632366
5110.63	0.654419
5130.93	0.684347
5147.7	0.721297
5161.11	0.758667
5171.8	0.768687
5184.91	0.540266
5197.48	0.409096
5205.77	0.336971
2576.02	0.18541
2575.2	0.213969
2573.73	0.392117
2723.73	0.404899
2849.38	0.402381
2951.28	0.399205
3059.65	0.405874
3161.7	0.413477
3262.56	0.420587
3357.84	0.426702
3451.19	0.432578
3543.23	0.437831
3627.08	0.439763
3712.01	0.444819
3790.39	0.450104
3875.64	0.45725
3962.14	0.461014
4023.76	0.4391
4088.54	0.442338
4150.83	0.446779
4210.54	0.452612
4265.94	0.457245
4324.64	0.464266
4380.29	0.473432
4433.87	0.483047
4485.37	0.493055
4533.85	0.503555
4580.45	0.514942
4623.32	0.526966
4667.63	0.538162
4706.43	0.540344
4746.18	0.550691
4785.38	0.560303
4823.1	0.570178
4858.54	0.580118
4896.39	0.587801
4935.19	0.592527
4971.34	0.596086
5002.44	0.598391
5033.66	0.605752
5062.99	0.616282
5089.68	0.631726
5113.25	0.653936
5133.46	0.68409
5150.26	0.721127
5163.73	0.758464
5174.53	0.767664
5187.82	0.537598
5200.63	0.406295
5209.03	0.335632
2576.29	0.188719
2575.2	0.216309
2573.01	0.396863
2716.14	0.409585
2843.23	0.415615
2959.56	0.422439
3061.89	0.423485
3158.24	0.427989
3265.23	0.431815
3356.63	0.431809
3449.85	0.436443
3534.69	0.440489
3625.13	0.4439
3710.21	0.448115
3791.44	0.452946
3872.41	0.457627
3950.94	0.46223
4021.31	0.467542
4089.22	0.47413
4150.03	0.476268
4208.63	0.48344
4268.02	0.491048
4323.33	0.490374
4378.59	0.496337
4432.05	0.502406
4483.1	0.508499
4530.24	0.513598
4570.3	0.519973
4619.28	0.523508
4664.18	0.530825
4705.8	0.539108
4743.86	0.548904
4784.31	0.557535
4821.89	0.569293
4857.51	0.580241
4890.51	0.588134
4932.5	0.591565
4969.97	0.594762
5002.29	0.599719
5034.44	0.605694
5064.37	0.615976
5091.19	0.631447
5114.7	0.653966
5134.86	0.68454
5151.88	0.721481
5165.57	0.7585
5176.53	0.766632
5190.05	0.534821
5203.1	0.403543
5211.61	0.334341
2576.41	0.19106
2575.37	0.218562
2573.53	0.410865
2717.89	0.423461
2842.04	0.4297
2959.77	0.43623
3062.71	0.438304
3168.61	0.444523
3258.33	0.446788
3353.34	0.454967
3449.46	0.463776
3538.68	0.471541
3626.1	0.478705
3710.01	0.485193
3790.64	0.491032
3869.55	0.49642
3945.99	0.502688
4019.57	0.510142
4095.36	0.515291
4149.82	0.511216
4204.3	0.517404
4264.28	0.526633
4321.3	0.535311
4377.62	0.542959
4431.87	0.549931
4484.96	0.551391
4527.47	0.543409
4572.69	0.548198
4618.64	0.554097
4662.94	0.560888
4705.37	0.568393
4746.69	0.575453
4783.15	0.578429
4819.76	0.58523
4853.13	0.592012
4894.12	0.594278
4931.49	0.595479
4970.63	0.597812
5006.97	0.602766
5033.74	0.607122
5064.8	0.616078
5091.64	0.631507
5114.91	0.65471
5134.81	0.686417
5152.52	0.722546
5166.65	0.758765
5177.84	0.765715
5191.59	0.532341
5204.86	0.401223
5213.49	0.333266
2576.31	0.191363
2575.6	0.220597
2575.31	0.414731
2733.14	0.423705
2841.5	0.413229
2946.94	0.419673
3060.21	0.425031
3166.25	0.431369
3265.51	0.437618
3365.63	0.443897
3452.68	0.446023
3541.61	0.453015
3628.12	0.460429
3710.98	0.46758
3789.73	0.474814
3867.46	0.48069
3942.33	0.486225
4014.16	0.491413
4083.6	0.49603
4145.95	0.49913
4207.31	0.505244
4262.18	0.502558
4318.74	0.506067
4372.07	0.508168
4426.94	0.510105
4478.77	0.512775
4526.54	0.515297
4571.58	0.523376
4618.43	0.532139
4662.48	0.543159
4704.63	0.554266
4744.74	0.565294
4782.36	0.575842
4820.64	0.585084
4857.62	0.592435
4896.52	0.597051
4935.83	0.603254
4970.92	0.602069
5005.73	0.607586
5037.76	0.614724
5065.33	0.621577
5091.25	0.635399
5113.85	0.657097
5132.36	0.690426
5152.42	0.723986
5167.15	0.759046
5178.55	0.765349
5192.46	0.531329
5205.92	0.400161
5214.65	0.33272
2575.63	0.187659
2574.49	0.214091
2572.12	0.378955
2713.33	0.391796
2835.05	0.394323
2948.77	0.400398
3059.92	0.40662
3166.32	0.412087
3267.99	0.417191
3366.34	0.421974
3458.7	0.426869
3547.85	0.431952
3631.1	0.436051
3713.67	0.440987
3787.64	0.446012
3866.19	0.452524
3939.78	0.459157
4009.32	0.462711
4077.19	0.466077
4141.46	0.467679
4200.95	0.469555
4259.33	0.474229
4315.72	0.481773
4370.43	0.489617
4424.36	0.498304
4476.38	0.507287
4525.58	0.517072
4574.79	0.526828
4618.44	0.528177
4661.34	0.534889
4703.34	0.54318
4742.75	0.551852
4778.42	0.561773
4820.41	0.568061
4857.78	0.577526
4895.77	0.585367
4934.41	0.590501
4970.7	0.593704
5005.58	0.597738
5037.59	0.604572
5065.07	0.615977
5091.8	0.630434
5115.39	0.653512
5135.49	0.685314
5153.29	0.72185
5167.48	0.75856
5178.76	0.766137
5192.69	0.533383
5206.29	0.401069
5215.13	0.332859
2574.68	0.185959
2573.21	0.212255
2570.03	0.379322
2705.8	0.394236
2830.71	0.400593
2947.76	0.406643
3059.7	0.41177
3167.02	0.416339
3270.2	0.420409
3369.8	0.424064
3465.01	0.427253
3552.54	0.429308
3636.35	0.433721
3719.4	0.4386
3795.09	0.435682
3867.55	0.434226
3935.66	0.434161
4007.4	0.433311
4074.01	0.439928
4137.78	0.44684
4197.75	0.454292
4256.32	0.462322
4312.26	0.470887
4367.4	0.479509
4421.49	0.4883
4474.58	0.49709
4522.45	0.498474
4571	0.50521
4616.57	0.51165
4662.01	0.520528
4705.09	0.532318
4745.81	0.544485
4784.61	0.55671
4823.68	0.567819
4860.32	0.578277
4891.48	0.587326
4932.39	0.592326
4968.75	0.595933
5004.81	0.600838
5038.11	0.608307
5068.93	0.618954
5091	0.630028
5115.75	0.651348
5136.25	0.682074
5153.4	0.719807
5167.18	0.757989
5178.29	0.766919
5192.23	0.534624
5206.06	0.400137
5215.05	0.331788
2573.74	0.186799
2572.17	0.214012
2569.1	0.397391
2702.9	0.413582
2828.41	0.42052
2946.86	0.426813
3059.76	0.432287
3168.02	0.437105
3272.53	0.441409
3374.53	0.445218
3476.17	0.448472
3558.35	0.441735
3639.88	0.444068
3718.24	0.445844
3797.28	0.447719
3871.36	0.450772
3944.35	0.454517
4008.19	0.453
4071.32	0.455773
4135.67	0.456711
4193.74	0.46249
4253.76	0.470577
4307.39	0.471429
4363.17	0.477929
4417.38	0.483586
4466.53	0.48841
4519.04	0.495759
4568.64	0.505265
4616.08	0.515481
4662.17	0.526017
4706.31	0.53689
4747.89	0.547971
4787.59	0.559351
4826.48	0.569857
4862.21	0.575629
4896.99	0.584157
4932.09	0.59018
4963.95	0.594884
5003.36	0.598779
5037.33	0.605258
5067.57	0.615556
5093.86	0.631402
5115.69	0.648089
5135.67	0.679283
5152.47	0.717922
5165.99	0.757359
5176.96	0.766402
5191.05	0.529907
5205.37	0.392153
5214.53	0.326835
2572.97	0.187708
2571.42	0.21489
2568.57	0.400888
2701.61	0.417471
2827.3	0.424645
2946.43	0.431456
3060	0.437883
3168.87	0.443914
3273.97	0.449559
3376.53	0.454721
3478.88	0.459291
3561.36	0.457407
3643.98	0.464011
3724.63	0.470654
3802.41	0.477493
3874.36	0.484684
3944.04	0.491715
4010.63	0.497789
4078.36	0.502586
4137.85	0.506053
4185.8	0.491579
4245.02	0.493204
4303.27	0.498579
4359.09	0.50369
4412.98	0.509008
4464.81	0.51491
4516.03	0.519667
4565.84	0.525642
4614.3	0.531952
4661.58	0.538315
4707.33	0.54488
4749.05	0.547943
4788.59	0.555549
4825.02	0.56429
4863.26	0.573039
4899.44	0.581802
4934.69	0.588264
4968.87	0.592316
5003.87	0.59543
5036.48	0.600722
5066.02	0.60982
5091.93	0.624301
5113.2	0.647699
5133.56	0.676282
5150.4	0.714986
5163.81	0.755776
5174.69	0.761264
5189.12	0.507003
5204.37	0.36977
5213.61	0.314624
2572.34	0.188608
2570.81	0.214872
2567.99	0.392565
2700.68	0.407257
2826.47	0.413427
2945.99	0.419274
3059.96	0.424933
3169.12	0.430443
3274.07	0.43583
3375.24	0.441139
3472.31	0.446298
3561.46	0.451113
3647.56	0.457126
3731.62	0.463445
3811.39	0.470886
3877.94	0.467642
3945.36	0.476018
4010.68	0.483727
4070.3	0.490177
4131.76	0.497244
4187.5	0.505562
4244.47	0.51445
4300.99	0.522783
4356.12	0.53145
4409.76	0.540352
4461.92	0.549378
4512.92	0.558085
4562.72	0.566834
4611.85	0.575083
4660.79	0.581676
4711.82	0.584939
4750.51	0.57638
4788.67	0.581517
4826.07	0.588052
4863.33	0.593019
4899.85	0.596379
4935.41	0.600138
4969.85	0.604659
5003.31	0.609518
5034.87	0.615684
5063.93	0.624423
5090.09	0.637075
5113.52	0.654253
5130.25	0.668402
5147.4	0.695359
5160.83	0.725239
5171.86	0.701665
5186.09	0.44357
5203.11	0.335829
5212.04	0.292479
2571.84	0.190821
2570.31	0.216268
2567.64	0.396922
2700.03	0.410254
2825.88	0.415001
2945.63	0.419404
3059.86	0.423519
3169.14	0.427419
3273.92	0.431193
3374.39	0.434966
3470.41	0.438911
3561.68	0.44316
3650.44	0.447677
3740.36	0.452014
3809.46	0.439702
3881.92	0.443926
3947.3	0.444397
4010.56	0.451836
4070.66	0.460357
4129.54	0.469559
4186.29	0.477819
4242.76	0.486242
4298.56	0.494128
4353.13	0.501471
4406.57	0.508317
4458.75	0.514843
4509.55	0.521211
4558.85	0.527304
4608.17	0.532577
4656.54	0.537658
4704.07	0.541997
4747.98	0.543489
4787.19	0.552617
4824.89	0.563116
4862.05	0.573092
4899	0.581431
4934.95	0.587923
4969.28	0.592407
5002.4	0.596463
5033.73	0.602693
5062.68	0.612262
5088.82	0.626879
5111.78	0.648729
5131.03	0.679697
5146.08	0.710418
5158.89	0.753251
5169.59	0.745778
5185.15	0.453048
5201.48	0.327822
5209.55	0.280932
2571.5	0.193827
2570.01	0.21849
2567.61	0.416296
2700.03	0.430952
2826.03	0.436745
2945.95	0.442446
3060.34	0.448071
3169.73	0.453583
3274.5	0.458948
3374.72	0.464177
3470.21	0.469301
3561.6	0.474201
3649.47	0.478851
3732.9	0.483752
3809.89	0.491398
3890.6	0.495517
3948.96	0.477049
4011.27	0.480969
4069.96	0.48462
4127.25	0.489318
4183.2	0.494712
4239.6	0.499941
4295.23	0.505511
4349.14	0.511547
4402.43	0.517782
4454.7	0.524397
4505.35	0.531478
4552.5	0.539306
4602.82	0.547505
4650.35	0.556418
4697.01	0.565135
4746.96	0.572444
4784.11	0.563829
4821.15	0.570127
4857.88	0.577825
4896.14	0.583744
4933.14	0.588707
4966.78	0.592069
4999.85	0.594082
5031.2	0.599196
5060.17	0.607753
5086.29	0.621071
5109.15	0.641507
5128.26	0.67162
5142.9	0.713922
5156.12	0.754856
5167.13	0.748635
5182.89	0.461021
5198.8	0.327085
5206.31	0.277606
2571.37	0.196415
2569.91	0.219491
2567.56	0.41685
2700.22	0.429552
2826.49	0.433664
2946.6	0.437727
3061.11	0.441833
3170.72	0.446007
3275.91	0.450212
3376.5	0.454368
3471.27	0.458437
3562.53	0.463048
3650.74	0.467765
3729.97	0.471783
3804.94	0.477394
3878.02	0.482367
3945.23	0.48611
4015.64	0.4925
4069.64	0.488786
4125.05	0.494401
4177.4	0.501533
4235.59	0.509999
4292.47	0.518084
4344.09	0.518424
4397.75	0.52583
4450.9	0.533112
4502.49	0.54044
4553.29	0.547487
4598.2	0.54645
4643.01	0.553159
4684.69	0.559918
4734.23	0.562781
4776.39	0.566955
4814.71	0.576186
4848.4	0.586097
4891.98	0.592645
4931.2	0.597454
4968.96	0.603655
4995.63	0.603172
5027.36	0.609498
5056.44	0.618718
5082.62	0.631625
5105.61	0.650096
5125.23	0.675582
5141.68	0.706338
5152.63	0.71645
5164.64	0.664677
5180.54	0.405008
5195.23	0.314543
5201.99	0.27355
2571.53	0.19851
2570.14	0.221156
2567.8	0.431165
2701.14	0.444237
2827.85	0.448572
2947.96	0.452976
3062.3	0.457367
3172.01	0.461623
3278.14	0.465688
3380.67	0.469763
3472.69	0.475508
3563.61	0.479816
3658.39	0.483417
3728.99	0.468001
3799.79	0.470044
3869.41	0.473574
3936.49	0.477069
4002.18	0.480633
4062.81	0.483477
4121.56	0.488713
4179.97	0.494138
4231.27	0.493537
4281.63	0.495026
4339.74	0.49364
4392.4	0.497889
4447.5	0.503508
4499.1	0.510601
4548.31	0.518017
4595.35	0.52474
4640.82	0.53364
4684.94	0.543099
4729.81	0.553099
4772.23	0.562214
4812.07	0.57198
4850.14	0.581091
4889.55	0.587978
4927.78	0.592337
4960.19	0.595377
4992.63	0.598132
5024.12	0.604525
5053.67	0.614072
5080.25	0.628705
5103.51	0.650747
5123.26	0.681994
5139.42	0.721868
5152.03	0.762762
5161.83	0.74895
5177.27	0.459959
5192.9	0.325855
5200.49	0.279515
2572	0.199782
2570.68	0.221605
2568.38	0.425106
2703.12	0.436857
2830.69	0.440492
2950.44	0.444366
3063.89	0.448152
3173.04	0.45165
3280.52	0.454813
3392.32	0.457438
3472.62	0.441364
3558.41	0.444494
3643.76	0.445469
3722.45	0.442295
3793.79	0.44362
3862.37	0.446683
3927.89	0.449742
3994.43	0.452418
4057	0.456989
4116.86	0.462881
4175.59	0.469391
4226.89	0.473698
4276.69	0.481437
4337.14	0.488266
4394.05	0.496505
4445.27	0.498032
4495.72	0.505015
4543.08	0.512431
4591.52	0.520764
4637.4	0.531389
4681.75	0.542364
4725.06	0.553347
4767.85	0.563897
4808.41	0.574239
4847.78	0.583262
4885.55	0.589246
4924.42	0.593338
4953.11	0.595029
4991.99	0.598237
5019.21	0.602522
5049.92	0.611165
5076.92	0.624609
5100.43	0.644964
5120.43	0.673786
5136.71	0.711173
5149.19	0.751368
5158.48	0.740182
5174.3	0.455381
5189.61	0.333526
5197.88	0.288889
2572.74	0.200908
2571.58	0.222128
2569.5	0.41604
2706.99	0.42696
2836.5	0.43082
2954.83	0.43554
3065.82	0.440868
3172.09	0.445574
3275.09	0.449671
3374.77	0.45341
3463.81	0.457114
3550.53	0.463567
3636.48	0.46994
3724.6	0.476045
3789.55	0.460099
3856.99	0.463878
3924.9	0.469003
3988.42	0.467961
4051.7	0.472274
4111.16	0.474944
4167.46	0.479061
4223.76	0.480731
4279.8	0.485646
4335.85	0.49114
4390.79	0.49757
4443.33	0.505009
4493.87	0.513585
4541.62	0.523177
4587.66	0.527077
4632.87	0.536725
4676.91	0.546018
4718.1	0.555909
4762.96	0.56555
4803.22	0.572797
4841.86	0.580407
4880.91	0.586549
4918.48	0.591697
4955.63	0.594819
4985.58	0.596826
5016.15	0.602574
5045.98	0.611955
5072.85	0.626525
5096.38	0.64827
5116.76	0.678251
5133.46	0.71641
5146.46	0.756572
5156.66	0.762476
5170.78	0.503477
5185.34	0.358608
5194.24	0.306133
2573.62	0.202573
2572.72	0.22466
2571.03	0.413985
2713.25	0.42295
2848.38	0.424124
2962.01	0.420053
3068.39	0.423995
3170.74	0.429006
3269.61	0.433872
3364.87	0.437984
3454.68	0.441455
3541.03	0.445082
3624.79	0.448271
3705.62	0.450492
3778.21	0.449888
3848.4	0.455009
3917.18	0.460818
3982.31	0.464808
4043.08	0.470665
4107.48	0.477856
4167.97	0.485962
4227.11	0.494002
4280.48	0.497452
4333.86	0.504602
4388.82	0.51118
4442.04	0.518653
4493.22	0.526486
4541.76	0.534581
4584.08	0.541322
4627.5	0.551291
4671.39	0.552819
4718.55	0.559969
4757.71	0.561801
4797.87	0.571062
4832.52	0.581268
4875.03	0.587931
4910.24	0.593737
4950.93	0.597308
4987.16	0.603274
5015.69	0.607889
5041.15	0.614198
5067.97	0.629931
5091.1	0.653475
5112.38	0.683579
5129.78	0.72094
5143.36	0.759275
5154.01	0.7698
5167.39	0.532478
5181.02	0.384983
5189.83	0.318207
2574.49	0.203788
2573.78	0.233047
2572.39	0.448275
2720.86	0.456133
2876.54	0.456901
2971.79	0.432133
3070.74	0.432789
3168.98	0.434986
3264.2	0.43774
3357.21	0.440611
3446.12	0.443875
3531.41	0.447358
3613.51	0.451081
3692.51	0.455201
3767.02	0.460186
3839.08	0.465209
3906.38	0.469929
3975.93	0.475669
4042.5	0.482472
4105.75	0.488338
4167.93	0.495442
4230.43	0.502387
4279.97	0.500688
4327.2	0.510821
4387.1	0.519537
4441.66	0.528772
4494.53	0.537385
4541.03	0.53984
4584.83	0.539866
4627.28	0.545376
4673.28	0.552669
4711.06	0.560188
4756.51	0.56562
4797.68	0.574152
4836	0.582567
4873.81	0.589287
4908.96	0.594478
4947.65	0.597982
4982.66	0.604174
5014.89	0.613465
5038.3	0.622976
5062.64	0.633856
5083.38	0.660013
5107.54	0.688217
5125.89	0.724047
5139.97	0.760817
5150.89	0.772323
5164.02	0.54435
5176.91	0.402925
5185.47	0.327929
2575.28	0.202126
2574.14	0.22373
2572.07	0.423947
2715.82	0.433526
2853.13	0.435105
2971.79	0.434045
3069.83	0.430414
3167.66	0.434855
3258.35	0.438884
3352.33	0.442844
3439.86	0.448588
3523.72	0.454769
3604.22	0.460808
3683.71	0.466902
3756.53	0.473195
3830.26	0.481207
3900.9	0.489449
3971.63	0.496905
4044.78	0.503314
4103.52	0.495415
4165.95	0.500277
4229.64	0.505226
4283.13	0.506612
4335.83	0.510388
4388.7	0.506314
4441.05	0.509825
4489.25	0.513061
4536.42	0.515014
4585.65	0.521848
4631.01	0.53303
4675.26	0.544422
4716.86	0.556204
4758.89	0.566891
4799.26	0.577143
4837.78	0.586105
4874.14	0.592867
4909.69	0.597619
4945.05	0.604567
4977.7	0.607877
5010.25	0.616167
5039.12	0.627855
5059.16	0.636665
5082.65	0.65993
5104.28	0.689851
5122.3	0.725869
5136.51	0.761924
5147.57	0.773527
5160.59	0.549127
5173	0.412978
5181.31	0.334627
2576.37	0.198747
2574.63	0.219127
2571.73	0.415471
2711.71	0.427792
2843.33	0.431406
2962.61	0.435512
3068.79	0.441022
3169	0.447016
3265.28	0.452898
3350.74	0.452714
3434.45	0.454942
3515.04	0.458936
3597.91	0.463023
3675.91	0.469635
3749.38	0.476518
3822.62	0.483084
3893.55	0.489333
3963.22	0.495121
4033.35	0.500232
4094.07	0.498153
4160.04	0.504746
4231.24	0.510358
4284.06	0.507864
4338.02	0.513703
4392.61	0.513199
4441.49	0.511934
4492.42	0.515517
4540.15	0.523976
4587.66	0.53425
4633.17	0.544772
4677.17	0.555517
4719.55	0.566181
4760.28	0.575948
4800.09	0.585007
4839.26	0.592065
4872.9	0.594046
4907.91	0.597665
4935.63	0.600909
4974.09	0.604151
5007.11	0.611683
5035.86	0.623956
5059.71	0.643874
5079.62	0.661763
5100.46	0.691772
5118.65	0.727618
5133.05	0.763011
5144.2	0.774532
5157.16	0.551429
5169.28	0.418158
5177.37	0.338624
2578.22	0.194829
2575.9	0.216554
2572	0.410464
2710.19	0.425291
2840.58	0.429749
2961.82	0.434528
3069.54	0.439896
3170.49	0.446268
3258.45	0.447432
3345.28	0.453291
3433	0.459686
3519.5	0.466593
3593.97	0.46646
3670.41	0.47297
3740.42	0.479392
3815.4	0.485768
3885.7	0.492725
3952.64	0.499901
4016.27	0.507584
4077.61	0.516562
4147	0.526734
4215.84	0.536421
4277.87	0.548808
4338.34	0.558626
4401.8	0.562325
4450.46	0.5469
4496.34	0.549143
4541.61	0.555367
4589.18	0.56185
4634.35	0.569354
4678.2	0.576479
4721.41	0.582837
4760.19	0.584722
4799.26	0.590052
4835.1	0.594421
4870.25	0.59739
4903	0.602633
4938.03	0.607515
4972.77	0.612589
5004.79	0.620785
5033.72	0.633041
5060.01	0.650792
5079.48	0.671669
5095.2	0.697271
5114.99	0.729754
5129.75	0.764174
5140.97	0.775682
5153.85	0.552783
5165.76	0.420484
5173.69	0.340557
2581.34	0.190643
2578.27	0.213251
2572.99	0.410812
2710.49	0.429243
2841.43	0.434205
2969.57	0.438773
3072.68	0.433967
3162.93	0.434013
3255.55	0.440319
3343.81	0.448368
3429.66	0.456402
3512.5	0.464182
3590.79	0.471876
3667.99	0.47969
3744.04	0.486899
3810.87	0.488606
3879.41	0.495277
3943.7	0.501952
3999.92	0.504916
4051.4	0.511899
4132.83	0.516083
4205.7	0.51835
4271.97	0.520536
4334.66	0.523085
4395.21	0.526307
4450	0.528356
4498.63	0.535738
4546.75	0.54441
4592.26	0.549985
4635.63	0.550936
4678.32	0.557894
4717.95	0.56432
4759.99	0.571564
4799.79	0.580348
4835.29	0.585781
4868.69	0.5902
4898.86	0.595655
4937.97	0.598713
4972.58	0.604012
5003.98	0.611902
5032.31	0.623535
5057.81	0.64054
5078.46	0.666891
5097.71	0.700148
5112.65	0.730861
5127	0.765031
5138.05	0.777034
5150.78	0.553078
5162.53	0.420174
5170.31	0.340644
2586.51	0.185295
2582.32	0.20712
2574.64	0.384001
2711.33	0.403428
2839.48	0.409766
2959.02	0.415789
3065.15	0.420928
3161.09	0.428482
3253.06	0.437244
3341.19	0.445948
3426.15	0.454436
3507.2	0.462751
3586.16	0.470705
3664.43	0.478095
3735.11	0.481351
3807.23	0.486954
3874.13	0.488983
3936.69	0.493163
4000.25	0.4941
4062.55	0.501657
4125.31	0.509933
4200.39	0.515973
4267.91	0.521478
4331.33	0.527735
4392.51	0.534282
4453.73	0.540417
4499.55	0.533775
4546.26	0.539254
4590.13	0.545651
4637.54	0.552746
4677.24	0.554162
4721.09	0.562131
4759.67	0.562674
4797.1	0.569054
4832.88	0.576225
4870.42	0.584552
4904.78	0.592009
4939.73	0.596422
4972.69	0.602228
5003.03	0.610892
5030.18	0.623846
5056.61	0.641303
5080.23	0.665687
5097.1	0.695299
5113.16	0.733329
5124.63	0.765517
5135.47	0.777443
5148.03	0.547992
5159.63	0.415124
5167.23	0.33851
2594.87	0.180436
2589.13	0.200377
2578.09	0.36921
2714.14	0.392462
2840.05	0.399894
2956.34	0.407285
3062.81	0.41457
3158.75	0.422548
3250.4	0.430728
3338.19	0.438833
3423.4	0.446689
3501.24	0.448197
3579.75	0.452847
3654.59	0.456514
3729.21	0.457877
3796.95	0.459836
3869.75	0.462779
3937.76	0.468352
4004.28	0.475818
4069.32	0.483094
4131.58	0.490236
4200.89	0.49595
4266.28	0.50209
4328.59	0.507649
4388.17	0.513166
4444.3	0.518463
4495.38	0.520288
4544.1	0.525623
4590.77	0.531618
4635.97	0.53828
4680.24	0.539852
4718.53	0.542038
4758.63	0.548884
4799.2	0.558136
4836.23	0.570325
4872.9	0.58116
4907.77	0.589623
4940.89	0.595168
4972.6	0.600697
5002.14	0.609355
5025.35	0.620809
5054.49	0.633831
5077.96	0.65377
5095.74	0.684167
5111.98	0.719164
5124.48	0.75404
5133.46	0.754205
5145.6	0.531796
5157.01	0.403105
5164.43	0.33424
2608.05	0.177073
2600.45	0.194778
2584.76	0.356944
2720.76	0.384962
2844.03	0.397475
2958	0.408268
3066.17	0.416842
3156.5	0.412061
3247.84	0.419019
3334.4	0.425865
3415.56	0.430252
3493.92	0.428219
3573.84	0.433268
3648.78	0.437154
3724.23	0.444479
3796.32	0.452289
3868.19	0.460401
3938.47	0.467973
4008.03	0.474883
4077.27	0.481285
4143.04	0.48875
4203.66	0.48156
4266.09	0.485402
4326.9	0.488107
4385.59	0.490847
4440.8	0.494335
4493.32	0.501119
4542.95	0.509576
4589.41	0.517543
4633.22	0.525863
4679.96	0.535031
4722.71	0.546822
4765.15	0.558341
4802.05	0.563746
4837.27	0.574756
4874.65	0.584567
4910.12	0.592247
4940.96	0.59544
4971.95	0.600238
4999.36	0.607094
5027.82	0.617617
5054.46	0.632876
5077.54	0.655229
5097.19	0.686657
5111.03	0.719776
5123.21	0.760247
5132.72	0.775567
5143.03	0.543123
5154.3	0.400071
5161.78	0.33208
2628.15	0.174374
2619.12	0.190803
2601.13	0.320606
2734.7	0.324234
2851.64	0.33825
2960.28	0.35042
3058.06	0.357497
3155.99	0.369677
3248.21	0.382523
3327.38	0.381879
3406.6	0.391149
3488.74	0.400086
3568.33	0.412404
3645.01	0.423864
3720.29	0.434762
3793.79	0.444287
3866.35	0.452562
3938.18	0.459529
4010.59	0.465351
4087.24	0.469805
4140.9	0.450835
4204.79	0.455797
4266.72	0.463278
4326.54	0.471066
4384.46	0.479101
4438.91	0.487787
4492.12	0.496861
4540.51	0.499441
4589.31	0.506554
4635.61	0.517559
4681.23	0.528915
4724.79	0.540487
4765.73	0.552283
4804.48	0.563986
4842.43	0.574801
4875.96	0.578969
4907.94	0.586124
4940.97	0.592134
4971.9	0.59691
5001.03	0.603986
5028.88	0.61426
5054.46	0.62897
5076.84	0.650555
5095.46	0.681485
5109.33	0.724559
5121.9	0.76493
5131.43	0.788185
5142.35	0.569753
5151.36	0.432301
5159.5	0.339492
2656.82	0.17049
2646.05	0.184468
2624.13	0.278943
2748.56	0.215389
2859.72	0.231295
2964.48	0.261097
3071.12	0.291223
3156.33	0.275503
3235.11	0.271854
3319.47	0.284629
3402.41	0.317772
3481.72	0.351464
3562.08	0.375678
3639.53	0.392612
3715.59	0.404978
3790.16	0.414456
3863.53	0.422122
3935.9	0.428772
4007.55	0.435045
4078.1	0.440973
4142.09	0.445188
4206.1	0.45448
4267.61	0.46395
4326.19	0.47358
4384.86	0.48274
4436.3	0.483268
4486.1	0.490578
4539.21	0.499667
4589.39	0.51033
4636.25	0.521611
4682.09	0.532543
4727	0.542735
4766.06	0.543838
4805.36	0.551705
4841.54	0.560489
4877.43	0.571371
4910.45	0.582495
4940.76	0.590498
4971.06	0.595997
5001.15	0.60258
5029.05	0.612697
5054.23	0.627884
5076.23	0.650918
5094.78	0.684485
5110.16	0.72782
5120.84	0.766762
5130.43	0.79316
5141.46	0.587369
5151.36	0.446508
5158.73	0.344035
2696	0.164772
2683.58	0.170021
2640.55	0.183035
2781.11	0.191124
2888.56	0.211685
2981.89	0.218814
3068.2	0.200792
3156.41	0.187531
3237.91	0.181859
3317.76	0.182289
3393.41	0.197074
3465.97	0.237429
3553.85	0.302146
3631.9	0.346299
3709.51	0.373178
3785.44	0.390808
3859.78	0.403373
3932.49	0.413882
4003.77	0.423422
4073.62	0.432491
4141.23	0.441484
4207.9	0.450712
4269.51	0.460459
4323.87	0.462407
4377.05	0.469703
4433.45	0.477182
4486.11	0.486927
4538.64	0.496513
4590.57	0.505444
4635.76	0.506157
4681.75	0.512721
4723	0.518816
4766.67	0.527032
4806.68	0.539135
4843.89	0.552262
4879.24	0.565533
4912.35	0.577884
4943.43	0.588098
4967.91	0.594847
5000.69	0.600385
5028.87	0.609465
5053.77	0.623462
5075.45	0.644972
5093.64	0.676834
5107.84	0.720327
5118.28	0.767863
5129.48	0.794734
5141.27	0.582461
5151.66	0.441497
5158.9	0.341579
2747.6	0.160776
2751.39	0.162453
2767.82	0.167071
2845.17	0.174036
2921.8	0.168391
3001.77	0.167128
3081.82	0.161116
3162.49	0.155334
3241.51	0.150825
3319.27	0.148263
3395.16	0.150348
3469.32	0.160675
3542.43	0.187213
3616.66	0.251746
3700.24	0.324406
3779.19	0.364669
3854.89	0.389029
3928.07	0.405641
3999.12	0.418922
4069.14	0.429938
4139.18	0.439173
4212.77	0.446438
4263.69	0.435808
4321.96	0.441473
4378.82	0.450229
4432.38	0.459591
4484.33	0.468561
4536.78	0.470948
4586.22	0.474591
4636.4	0.479672
4682.85	0.49026
4726.23	0.502107
4768.39	0.514613
4808.17	0.527541
4845.46	0.540978
4880.7	0.55454
4913.86	0.567735
4944.91	0.579811
4973.5	0.589724
5002.14	0.595811
5028.97	0.603381
5053.26	0.614803
5074.66	0.632063
5092.94	0.658076
5106.12	0.691235
5117.89	0.721711
5130.28	0.709934
5142.34	0.545992
5152.86	0.425221
5160.01	0.333086
2795.65	0.157843
2806.64	0.157721
2833.76	0.157467
2886.9	0.156351
2950.75	0.153295
3020.91	0.150296
3094.48	0.146361
3170.07	0.142276
3246.28	0.138407
3322.36	0.135114
3397.51	0.133231
3471.24	0.134365
3543.99	0.142152
3615.61	0.164303
3682.11	0.220062
3769.75	0.309619
3848.7	0.357655
3922.65	0.383838
3992.94	0.400913
4062.52	0.413767
4131.69	0.424464
4199.74	0.433718
4262.22	0.441808
4319.49	0.450318
4381.88	0.459114
4431.11	0.444234
4476.18	0.444692
4536.01	0.451229
4589.1	0.461338
4638.37	0.473276
4684.47	0.485887
4728.05	0.498966
4769.77	0.512371
4809.42	0.526122
4846.3	0.540536
4881.47	0.555021
4914.78	0.56913
4946.28	0.581999
4976.62	0.591932
5002.81	0.59449
5028.8	0.600658
5052.54	0.607631
5073.63	0.614541
5091.27	0.621487
5107.54	0.626885
5120.92	0.625143
5133.21	0.583621
5144.74	0.500489
5155.25	0.394021
5162.1	0.312756
2833.14	0.155719
2846.13	0.155003
2873.87	0.153587
2917.98	0.1514
2973.52	0.148537
3036.88	0.145364
3105.46	0.141874
3177.53	0.138255
3251.72	0.13465
3326.9	0.131223
3401.66	0.128297
3474.02	0.126604
3545.32	0.127984
3615.92	0.137015
3684.45	0.162689
3752.68	0.214675
3840.83	0.296692
3917.22	0.340759
3984.37	0.357772
4053.65	0.375985
4122.99	0.388403
4190.16	0.396963
4251.13	0.403173
4314.74	0.40836
4375.51	0.416379
4430.79	0.422841
4483.8	0.435022
4539.52	0.446456
4593.23	0.45736
4640.93	0.469833
4685.96	0.484211
4729.07	0.497737
4770.5	0.510536
4810.7	0.522099
4846.15	0.523992
4881.47	0.531821
4914.97	0.538294
4946.47	0.544065
4974.52	0.54905
5003.67	0.554009
5029.83	0.560801
5053.47	0.564843
5074.58	0.565132
5093.12	0.560463
5109.61	0.54991
5123.96	0.528294
5136.78	0.486579
5148.73	0.414748
5159.04	0.341019
5164.2	0.26411
2858.17	0.15431
2871.37	0.153453
2898.11	0.151845
2938.11	0.149594
2988.99	0.14685
3048.22	0.143773
3113.64	0.140457
3183.62	0.137005
3256.97	0.133509
3332.72	0.130097
3409.05	0.127041
3478.54	0.125165
3547.54	0.126828
3617.07	0.140949
3682.39	0.174941
3755.7	0.214321
3833.68	0.234241
3907.86	0.235902
3974.08	0.219665
4041.4	0.245657
4114.52	0.287954
4183.04	0.326489
4246.45	0.358439
4310.35	0.384385
4372.23	0.403124
4430.23	0.418777
4486.2	0.432253
4542.59	0.442457
4601.02	0.449238
4643.82	0.431671
4687.09	0.435592
4729.45	0.438735
4770.29	0.440514
4807.13	0.438501
4846.22	0.437908
4882.29	0.442735
4916.11	0.448077
4947.78	0.453114
4977.22	0.457859
5005.32	0.46314
5031.27	0.465043
5054.93	0.463062
5076.29	0.456159
5095.44	0.443101
5112.68	0.422953
5128.25	0.393803
5142.1	0.359457
5154.11	0.32139
5162.2	0.276941
5165.71	0.227053
2870.61	0.153591
2883.68	0.152713
2909.71	0.151099
2947.98	0.148891
2996.79	0.146226
3054.09	0.143226
3118.03	0.139985
3187.16	0.136589
3260.71	0.133119
3338.91	0.129697
3424.23	0.126631
3484.41	0.12527
3549.64	0.125791
3613.29	0.126391
3685.21	0.132985
3758.84	0.146403
3833.51	0.156939
3906.14	0.160016
3975.41	0.157558
4043.57	0.165685
4111.43	0.180079
4174.34	0.204745
4235.75	0.242336
4304.62	0.286468
4369.93	0.311663
4429.5	0.321581
4486.52	0.326224
4542.43	0.330034
4596.4	0.332533
4643.44	0.324802
4687.68	0.327889
4730.14	0.332974
4770.79	0.337988
4809.25	0.342372
4847.08	0.346932
4883.06	0.349712
4917.02	0.351238
4948.92	0.351783
4978.78	0.351442
5006.82	0.350071
5032.84	0.346834
5056.72	0.341624
5078.47	0.334402
5098.2	0.32532
5116.17	0.31486
5132.69	0.30397
5146.45	0.287385
5156.66	0.258219
5163.2	0.226969
5166.4	0.219314
4609.19	0.484965
4643.86	0.486464
4686.92	0.491604
4729.23	0.499821
4770.36	0.509022
4799.64	0.514545
4813.35	0.557544
4845.67	0.559402
4881.21	0.566295
4914.72	0.57283
4946.38	0.579486
4970.84	0.583124
4980.37	0.614454
5002.33	0.616681
5028.51	0.625474
5052.24	0.635548
5073.3	0.649152
5089.61	0.664083
5095.26	0.700457
5105.21	0.704361
5109.79	0.720516
2753.37	0.447115
2841.83	0.446175
2926.94	0.445284
2967.1	0.457038
3062.14	0.455792
3169.09	0.454945
3238.23	0.452512
3271.56	0.453617
3356.23	0.452635
3450.47	0.452385
3514.02	0.451077
3547.48	0.454326
3626.72	0.453371
3712.67	0.452622
3769.03	0.451133
3801.06	0.449828
3875.38	0.449573
3953.67	0.451451
3999.9	0.45152
4028.45	0.45973
4092.54	0.459413
4156.44	0.459824
4189.75	0.459625
4206.45	0.459183
4139.69	0.541262
4168.33	0.540865
4224.74	0.541792
4282.91	0.542183
4333.05	0.546589
4387.39	0.546922
4436.63	0.548094
4485.31	0.54787
4520.28	0.547887
4538.95	0.554823
4580.72	0.555798
4624.78	0.561699
4667.07	0.564549
4701.65	0.572034
4737.38	0.574075
4776.23	0.577361
4812.93	0.57964
4845.39	0.58163
4850.24	0.587343
4717.79	0.606711
4750.93	0.608318
4788.59	0.610773
4826	0.613829
4863.2	0.616436
4899.69	0.619239
4935.24	0.622376
4969.69	0.625712
5003.07	0.629192
5034.59	0.633371
5063.63	0.63806
5089.82	0.642346
5113.05	0.643924
5130.26	0.635849
5147.46	0.619511
5161.24	0.588273
5172.45	0.537279
5178.54	0.450663
4747.73	0.567365
4776.13	0.570932
4789.23	0.5903
4810.72	0.590607
4843.78	0.596445
4875.51	0.602461
4904.91	0.610728
4916.41	0.636658
4932.32	0.637854
4962.37	0.643604
4991.27	0.651113
5019.83	0.656477
5029.66	0.65309
5042.66	0.652775
5064.99	0.656885
5083.92	0.655385
5100.81	0.641005
5108.47	0.61293
5116.35	0.609953
5127.73	0.57006
5138.68	0.487551
5146.88	0.431838
4184.27	0.491727
4210.87	0.491883
4231.4	0.502218
4270.85	0.502013
4328.09	0.508832
4382.17	0.514582
4435.9	0.51853
4470.6	0.520399
4490.34	0.536036
4536.6	0.537299
4585.96	0.541263
4624.02	0.553033
4660.83	0.555896
4675.64	0.572937
4705.79	0.573302
4746.02	0.579586
4785.21	0.583023
4823.06	0.585645
4844.32	0.586342
4858.23	0.588126
4876.36	0.588401
2947.04	0.467877
2972.75	0.466608
3005.68	0.467527
3069.22	0.466336
3167.68	0.467885
3253.05	0.467455
3286.4	0.479371
3349.46	0.478363
3434.67	0.481685
3508.59	0.481411
3535.72	0.493831
3593.16	0.493129
3670.48	0.49592
3733.52	0.495799
3756.67	0.505559
3810.21	0.504958
3879.58	0.506178
3934.82	0.505421
3949.02	0.505719
3999.69	0.505093
4062.85	0.505547
4112.4	0.504408
4121.56	0.491147
3825.29	0.532823
3880.03	0.532644
3952.25	0.533088
4024.63	0.533289
4095.13	0.534003
4159.68	0.536651
4220.38	0.539106
4277.81	0.541395
4337.64	0.542054
4385.2	0.54782
4433.55	0.550182
4482.3	0.552419
4529.29	0.555388
4575.66	0.55701
4620.74	0.558277
4655.56	0.558387
4670.61	0.564328
4703.4	0.564274
4737.92	0.565387
4761.4	0.565149
4149.06	0.521452
4198.32	0.523379
4254.84	0.527321
4311.09	0.531666
4366.37	0.535728
4420.56	0.539025
4464.68	0.540534
4483.52	0.56149
4522.67	0.562004
4571.13	0.569926
4617.09	0.574853
4660.96	0.579613
4702.86	0.584176
4742.53	0.588497
4777.32	0.594241
4810.73	0.597729
4843.78	0.599313
4870.4	0.599655
4881.12	0.607037
4904.69	0.607494
4932.56	0.609611
4950.74	0.611059
3970.64	0.498369
4023.66	0.499602
4088.24	0.503519
4150.53	0.507959
4210.83	0.511701
4247.59	0.513448
4270.24	0.533839
4322.99	0.534975
4378.33	0.537928
4431.75	0.541046
4482.69	0.54506
4529.65	0.550844
4570.55	0.559954
4618.87	0.56294
4663.78	0.568554
4705.81	0.573357
4739.18	0.574741
4752.51	0.590221
4782.49	0.590378
4819.55	0.591965
4845	0.592275
4089.81	0.488817
4129.49	0.488425
4144.57	0.489277
4192.94	0.489454
4250.73	0.491418
4307.65	0.492899
4363.47	0.494475
4417.91	0.49593
4470.6	0.497005
4521.96	0.497151
4570.88	0.496441
4602.17	0.494917
4618.05	0.482024
4656.92	0.482469
4698.68	0.485813
4739.29	0.488008
4776.24	0.491032
4810.84	0.494536
4842.78	0.497374
4869.27	0.499585
3202.17	0.508314
3269.85	0.508075
3358.84	0.508382
3447.93	0.508449
3535.59	0.50904
3621.28	0.509892
3704.69	0.510944
3785.46	0.512251
3863.27	0.513831
3938.23	0.515392
4010.36	0.516915
4079.19	0.518552
4142.63	0.520997
4207.67	0.521283
4271.53	0.52118
4331.19	0.521204
4382.3	0.520905
4427.74	0.520551
4446.84	0.521954
4547.73	0.426597
4565.22	0.42844
4578.79	0.509534
4614.42	0.512654
4632.8	0.546056
4658.42	0.546268
4690.78	0.549295
4705.21	0.56404
4737.36	0.565402
4749.4	0.58343
4777.21	0.5838
4796.85	0.588385
4812.44	0.590356
4837.69	0.591818
4847.28	0.595841
4874.03	0.596071
4886.08	0.604664
4907.75	0.604734
4929.82	0.608343
4942.68	0.614608
4966.53	0.617318
4974.79	0.628843
4996.4	0.630643
5012.15	0.63612
5029.57	0.635865
5049.72	0.64125
5056.52	0.641202
4368.01	0.54265
4384.35	0.542332
4429.28	0.544196
4477.13	0.5463
4523.33	0.547516
4542.52	0.558245
4573.54	0.558162
4617.38	0.566713
4661.1	0.570971
4700.19	0.576157
4717.08	0.586021
4741.06	0.585955
4777.61	0.591032
4813.17	0.593581
4847.04	0.595297
4861.46	0.598384
4878.33	0.59824
4915	0.608207
4948.03	0.61409
4978.63	0.619593
4994	0.622374
5008.36	0.622513
5030.37	0.625025
2646.32	0.402726
2666.96	0.409139
2734.37	0.408336
2851.07	0.412616
2960.4	0.419277
3045.73	0.422115
3078.72	0.466839
3155.39	0.466518
3247.49	0.473086
3335.14	0.47611
3391.3	0.476608
3425.65	0.492
3500.88	0.492365
3579.73	0.495081
3652.64	0.496143
3685.63	0.503696
3733.96	0.502805
3806.84	0.505244
3874.49	0.5061
3928.13	0.505723
3949.44	0.512727
3999.11	0.512217
4043.18	0.512558
4104.5	0.50143
4129.65	0.501714
4149.13	0.531725
4203.28	0.532499
4265.86	0.536898
4326.64	0.54151
4385.46	0.546127
4415.08	0.548789
4443.57	0.549411
4495.06	0.55339
4543.89	0.557283
4590.89	0.560888
4631.6	0.562292
4646.15	0.578501
4676.85	0.578696
4720.64	0.581516
4759.53	0.585211
4797.45	0.587609
4824.81	0.588331
4837.66	0.595175
4868.31	0.595299
4889.5	0.595883
4592.93	0.533344
4600.37	0.536401
4627.27	0.536665
4660.84	0.541785
4673.03	0.562311
4701.71	0.563096
4732.51	0.566091
4742.02	0.583652
4772.35	0.584476
4801.55	0.586157
4815.73	0.596563
4849.74	0.597465
4874.46	0.59864
4883.59	0.604138
4913.85	0.607038
4927.97	0.616175
4943.42	0.616092
4970.5	0.620643
4979.46	0.630529
4996.83	0.631047
5021.38	0.637383
5029.2	0.654251
5047.5	0.656051
5065.79	0.667196
5070.93	0.680437
5082.02	0.683452
3409.5	0.48489
3472.56	0.484517
3558.33	0.48545
3643.22	0.486065
3721.78	0.489204
3793.44	0.494166
3862.08	0.497026
3925.47	0.499039
3951.7	0.512643
3987.95	0.512141
4051.22	0.514713
4110.8	0.517929
4167.36	0.521726
4223.66	0.524455
4279.72	0.527702
4335.69	0.530803
4390.52	0.533968
4443.07	0.537274
4493.64	0.539673
4538.77	0.541009
4555.6	0.549069
4582.15	0.548837
4601.3	0.551741
3786.17	0.487742
3806.53	0.487186
3826.77	0.503648
3877.3	0.503367
3945.2	0.507243
4011.23	0.50891
4054.46	0.509096
4080.42	0.514864
4137.84	0.514423
4186.93	0.505969
4242.72	0.50593
4267.01	0.508873
4306.48	0.508433
4362.98	0.515198
4417.73	0.51888
4457.71	0.520537
4477.58	0.535229
4521.94	0.536141
4570.75	0.542723
4615.65	0.54777
4635.67	0.555707
4660.8	0.555434
4703.08	0.558563
4742.38	0.560778
4767.31	0.56211
4055.79	0.532957
4061.45	0.533221
4103.76	0.533045
4165.99	0.533694
4228.81	0.534252
4282.97	0.539626
4335.77	0.542363
4388.57	0.544425
4440.68	0.547172
4489.91	0.550903
4527.24	0.552052
4544.51	0.572654
4584.1	0.573356
4627.4	0.578719
4672.64	0.580299
4711.47	0.586843
4756.16	0.588441
4797.39	0.591741
4835.89	0.593802
4873.49	0.594204
4893.66	0.594315
4899.08	0.593886
4222.55	0.471598
4260.83	0.472182
4282.48	0.493745
4323.68	0.493654
4371.04	0.497204
4389.94	0.51535
4436.19	0.515959
4473.35	0.519417
4493.5	0.532835
4539.91	0.53492
4563.16	0.54368
4589.24	0.543299
4630.78	0.546693
4646	0.560054
4679.81	0.56009
4712.89	0.564972
4724.93	0.584644
4759.58	0.585388
4785.59	0.588025
4800.65	0.596297
4834.57	0.597217
4849.83	0.603129
4870.23	0.602729
4901.28	0.603273
4913.88	0.601679
4929.7	0.601307
4929.13	0.596899
4931.23	0.597763
4951.45	0.597738
4961.27	0.601272
4983.61	0.601204
4992.85	0.613907
5013.65	0.614511
5020.3	0.629991
5036.94	0.631388
5043.45	0.648008
5058.09	0.649804
5064.58	0.67301
5078.52	0.675329
5083.58	0.706955
5094.37	0.709927
5101.07	0.729485
5111.96	0.730983
5116.45	0.729982
5124.32	0.729121
5127.8	0.660148
5133.7	0.645127
5137.09	0.53654
5142.84	0.515918
5145.63	0.447799
5146.59	0.437384
4385.23	0.495922
4431.7	0.500395
4461.14	0.504662
4484.95	0.512337
4536.65	0.514808
4583.58	0.519601
4601.95	0.541681
4635.11	0.541854
4681.77	0.549796
4716.4	0.552909
4730.7	0.575959
4765.6	0.576948
4805.28	0.584588
4827.45	0.587502
4842.87	0.594895
4875.86	0.596015
4906.56	0.598041
4918.95	0.607567
4940.56	0.607659
4971.94	0.612352
4995.19	0.614786
5004.25	0.620174
5023.07	0.621051
4110.36	0.52906
4150.19	0.528762
4198.6	0.528722
4217.79	0.534179
4261.44	0.533971
4318.41	0.537448
4372.09	0.540246
4426.66	0.54189
4478.38	0.545436
4526.48	0.549705
4568.84	0.55143
4586.21	0.562681
4617.48	0.562714
4661.09	0.569478
4703.05	0.573121
4742.43	0.577684
4778.82	0.582318
4820.03	0.58348
4856.31	0.585248
4870.71	0.587645
4885.14	0.587488
4117.87	0.521437
4166.99	0.522571
4195.32	0.526897
4224.67	0.526224
4284.32	0.526337
4313.7	0.528608
4338.76	0.528626
4385.58	0.527562
4415.23	0.528599
4435.64	0.532918
4481.97	0.534765
4513	0.536709
4531.57	0.544213
4574.69	0.545297
4606.53	0.547143
4623.81	0.556272
4663.27	0.557719
4692.72	0.560854
4706.94	0.575537
4741.9	0.576469
4769.64	0.57837
4782.52	0.585492
4812.11	0.585801
4836.05	0.58698
4839.67	0.587107
4295.57	0.531243
4333.49	0.53152
4383.49	0.534431
4432.07	0.538261
4474.03	0.540108
4489.62	0.555067
4524.89	0.555167
4574.84	0.560616
4621.99	0.566086
4662.77	0.574038
4682.11	0.580655
4704.56	0.580437
4741.64	0.585199
4775.63	0.590199
4812.68	0.592136
4834.42	0.593649
4845.89	0.599104
4874.85	0.599546
4904.23	0.604402
4934.14	0.60743
4955.64	0.609646
4962.82	0.618023
4983.26	0.618605
4967.14	0.597124
4971.87	0.602182
4985.43	0.601319
4992.09	0.598958
4994.89	0.603149
5008.27	0.604016
5015.5	0.604999
5018.13	0.617872
5030.33	0.620398
5037.63	0.625779
5040.77	0.639828
5051.11	0.643461
5058.9	0.64688
5061.47	0.665732
5070.71	0.670596
5077.76	0.670195
5081.26	0.683775
5088.85	0.690596
5095.06	0.689455
5097.84	0.714738
5103.61	0.726943
5108.7	0.729074
5110.65	0.757094
5115.36	0.767364
5116.61	0.767779
3777.8	0.432201
3797.66	0.443615
3837.6	0.443086
3862.86	0.456364
3905.3	0.455778
3931.18	0.443357
3960.55	0.445263
3995.67	0.444488
4017.83	0.471685
4056.95	0.471906
4079.93	0.498451
4109.42	0.50123
4140.67	0.500442
4164	0.501929
4201.53	0.50154
4222.6	0.50913
4250.51	0.512262
4276.15	0.515219
4292.75	0.510887
4326.59	0.510013
4344.71	0.482645
4365.15	0.475054
4379.78	0.465091
4236.73	0.524217
4284.52	0.524675
4330.56	0.525176
4345.03	0.535905
4388.12	0.535945
4441.27	0.54122
4481.07	0.542996
4498.48	0.560993
4540.38	0.561419
4585.08	0.566568
4615.21	0.568145
4630.12	0.581347
4671.35	0.582393
4718.93	0.584587
4744.14	0.586718
4763.31	0.591092
4803.03	0.592168
4841.85	0.594552
4861.89	0.595011
4885.04	0.594694
4923.8	0.595277
4949.95	0.595378
4953.92	0.595567
4953.96	0.595912
4147.18	0.539147
4185.9	0.539959
4244.86	0.542922
4302.99	0.546887
4358.83	0.551742
4412.71	0.556458
4464.64	0.561191
4515.81	0.564826
4565.61	0.568549
4614.08	0.571899
4661.3	0.574753
4706.79	0.577552
4748.71	0.581504
4788.75	0.584338
4812.71	0.585194
4827.77	0.592507
4861.88	0.593166
4896.93	0.594563
4931.59	0.594737
4959.45	0.595112
4938.91	0.596833
4943.11	0.597121
4961.7	0.597115
4972.3	0.602121
4987.12	0.604086
5001.4	0.604007
5011.55	0.611408
5029.27	0.611925
5038.57	0.620353
5051.6	0.622274
5064.23	0.621921
5072.62	0.633507
5087.18	0.635019
5094.36	0.645216
5103.56	0.652579
5112.47	0.652957
5116.72	0.670574
5127.42	0.672949
5131.32	0.699144
5136.92	0.712568
5142.37	0.713536
5143.97	0.711592
5150.63	0.711824
5152.36	0.752099
5155.96	0.743697
5157.95	0.742787
4634.17	0.578342
4667.07	0.579424
4705.07	0.581871
4742.23	0.585031
4768.61	0.58641
4782.32	0.595749
4811.96	0.596456
4844.24	0.599454
4875.22	0.602333
4900.97	0.604723
4910.32	0.624785
4932.12	0.626387
4959.02	0.635792
4986.41	0.642623
5014.58	0.647543
5022.76	0.665746
5040.89	0.667081
5064.09	0.686944
5083.37	0.70478
5099.66	0.717525
5108.21	0.716317
5113.29	0.694941
5119.57	0.688931
3734.18	0.507834
3789.81	0.508497
3856.96	0.510365
3924.54	0.512423
3988.29	0.516668
4051.39	0.519751
4110.85	0.524266
4168.19	0.527557
4203.17	0.528821
4228	0.540337
4280.22	0.541668
4333.89	0.544432
4388.63	0.546117
4441.82	0.548871
4492.94	0.551794
4541.23	0.554622
4584.18	0.558003
4628.16	0.558452
4664.95	0.557677
4678.52	0.560606
4702.53	0.560506
3906.79	0.527756
3948.78	0.527881
4010.91	0.531882
4069.74	0.537366
4127.04	0.541853
4183.12	0.546061
4239.44	0.549032
4294.99	0.552088
4348.99	0.555207
4402.25	0.557416
4454.47	0.559263
4505.29	0.560872
4547.91	0.561479
4563.75	0.574443
4597.28	0.574489
4642.61	0.578472
4685.39	0.580499
4733.51	0.580759
4775.92	0.583339
4814.39	0.585443
4840.42	0.586368
3431.74	0.126664
3484.63	0.126161
3550.38	0.129749
3592.13	0.141648
3618.95	0.153928
3679.6	0.201268
3755.33	0.310224
3833.23	0.352101
3906.68	0.382145
3940.36	0.419992
3983.3	0.420028
4053.49	0.430043
4122.79	0.434919
4190.22	0.438954
4246.99	0.440441
4272.02	0.45358
4318.71	0.452983
4381.01	0.451861
4430.66	0.446118
4470.4	0.445251
4459.38	0.561784
4459.73	0.562226
4499.74	0.563086
4546.56	0.56528
4578.96	0.566547
4594.8	0.578242
4635.26	0.57908
4678.52	0.583762
4710.99	0.585184
4725.02	0.598256
4759.84	0.598491
4799.38	0.601361
4830.88	0.602193
4843.61	0.611343
4872.51	0.611929
4907.68	0.617944
4934.94	0.623703
4949.87	0.627713
4977	0.627916
5010.02	0.635516
5037.31	0.641356
5045.81	0.65144
5062.21	0.652307
5076.59	0.660015
4419.25	0.592294
4450.68	0.592377
4496.23	0.594475
4541.75	0.59621
4588.87	0.597185
4634.14	0.599601
4678.04	0.603348
4720.94	0.606613
4760.1	0.613155
4798.91	0.616842
4834.92	0.623284
4869.97	0.628327
4903.04	0.635276
4937.91	0.640141
4972.43	0.645794
5004.4	0.654451
5033.36	0.665075
5059.43	0.676322
5079.28	0.691737
5091.86	0.700012
2862.32	0.209036
2866.59	0.217068
2889.81	0.257818
2982.58	0.302216
3050.29	0.316695
3076.6	0.36425
3156.18	0.368914
3228.71	0.385583
3257.95	0.446054
3326.84	0.447041
3403.86	0.455339
3436.65	0.476473
3492.98	0.475774
3573.97	0.483595
3617.66	0.48535
3654.8	0.48958
3729.59	0.490233
3783.55	0.491087
3810.67	0.505542
3873.97	0.505284
3931.1	0.505547
3951.57	0.512059
3998.98	0.511514
4045	0.512532
4347.76	0.538936
4387.53	0.541999
4418.16	0.544729
4437.99	0.561402
4484.02	0.562694
4530.03	0.568023
4577.02	0.570809
4600.73	0.573919
4620.63	0.577456
4660.97	0.579378
4702.99	0.58203
4741.38	0.586456
4757.79	0.593047
4777.49	0.59292
4813.16	0.595435
4847.89	0.597597
4880.63	0.598478
4893.09	0.606537
4912.79	0.60652
4943.3	0.610269
4971.4	0.613061
4991.66	0.613802
2895.86	0.487333
2971.43	0.486769
3070.64	0.489031
3168.75	0.489933
3264	0.491344
3356.88	0.49267
3445.8	0.494774
3531.12	0.496879
3613.2	0.498907
3692.09	0.500998
3766.74	0.50383
3838.67	0.505778
3906.5	0.508493
3975.63	0.509036
4042.15	0.510164
4105.62	0.511112
4167.83	0.510999
4228.94	0.51035
4279.22	0.510828
4316.38	0.511413
3040.41	0.46677
3074.87	0.465473
3160.44	0.466238
3196.9	0.474867
3257.61	0.473747
3343.85	0.47647
3381.98	0.480083
3433.61	0.478925
3515.39	0.481626
3558.56	0.481433
3603.57	0.480171
3684.13	0.481454
3729.87	0.4808
3767.09	0.480536
3839.57	0.480388
3886.64	0.479947
3917.99	0.481505
3982.58	0.481521
4028.26	0.481571
4053.57	0.48515
4111.34	0.484711
4156.39	0.484257
4177.99	0.485898
4226.66	0.48589
4265.1	0.48695
4271.72	0.494674
4483.66	0.583165
4488.84	0.582857
4528.02	0.584378
4572.7	0.586104
4618.43	0.587825
4662.71	0.591036
4705.19	0.594424
4746.28	0.597127
4783.07	0.602812
4819.5	0.607573
4853.86	0.61334
4894.53	0.614873
4924.46	0.615685
4938.56	0.629724
4970.31	0.631035
5005.3	0.6369
5037.3	0.643545
5065.05	0.653656
5090.88	0.664133
5113.36	0.677112
5130.83	0.690241
4764.51	0.594449
4784.28	0.594507
4821.08	0.596741
4857.96	0.59864
4896.01	0.599467
4933.23	0.600478
4961.22	0.600731
4971.98	0.615286
4995.65	0.616438
5027.06	0.617648
5056.14	0.618929
5082.38	0.618396
5105.48	0.61266
5125.31	0.597907
5141.85	0.580376
5153.37	0.527744
5165.59	0.434939
5180.67	0.34435
5194.64	0.302226
5199.23	0.280091
4021.42	0.509981
4069.99	0.510675
4125.4	0.511709
4169.88	0.511897
4186.97	0.518335
4230.61	0.518284
4282.09	0.522446
4339.9	0.523891
4375.46	0.524863
4396.04	0.53583
4444.91	0.537163
4495.5	0.542568
4541.34	0.546875
4559.82	0.559438
4587.22	0.559322
4632.72	0.563483
4676.97	0.56637
4712.5	0.567417
4724.36	0.577341
4757.16	0.577387
4797.54	0.58012
4826.98	0.581541
4235.66	0.525083
4250.52	0.526756
4283.28	0.526306
4332.1	0.527505
4348.69	0.538198
4392.34	0.538113
4434.5	0.54145
4453.19	0.558735
4496.36	0.558726
4528.45	0.558975
4547.83	0.559674
4591.7	0.560214
4612.47	0.561925
4637.3	0.561496
4675.34	0.562571
4689.41	0.566434
4718.53	0.566486
4754.34	0.568916
4768.71	0.582039
4801.93	0.582594
4829.61	0.585001
4843.6	0.590161
4875.82	0.59086
4894.72	0.592437
4910.53	0.592976
4939.84	0.593813
4951.84	0.595032
4960.62	0.594967
4588.64	0.520119
4591.98	0.520273
4617.05	0.520427
4630.48	0.527444
4649.93	0.53092
4664.15	0.539306
4678.93	0.54862
4699.7	0.548581
4709.9	0.566405
4733.32	0.566652
4743.98	0.571462
4763.63	0.572609
4777.71	0.575593
4791.5	0.577171
4810.11	0.577052
4820.23	0.583183
4839.72	0.583547
4847.86	0.592006
4865.64	0.59283
4875.44	0.597156
4888.35	0.59943
4904.12	0.599282
4913.01	0.599648
4929.32	0.599451
4933.33	0.586076
4345.87	0.544205
4376.39	0.545069
4392.58	0.561901
4436.09	0.562508
4484.1	0.565974
4530.05	0.569405
4577.01	0.571403
4621.69	0.575619
4665.53	0.578675
4704.38	0.584182
4738.39	0.590077
4772.31	0.592398
4810.3	0.59388
4848.65	0.594947
4876.81	0.595415
4890.4	0.601594
4921.26	0.601902
4954.65	0.606368
4984.77	0.609452
5003.62	0.611508
2823.39	0.43887
2853.83	0.437271
2922.06	0.437955
2963.03	0.451347
3062.19	0.450658
3143.7	0.449843
3176.39	0.463124
3258.38	0.462152
3347.97	0.460739
3383.44	0.46125
3451.69	0.459992
3541	0.460515
3583.02	0.45956
3630.46	0.458294
3714.02	0.459619
3767.51	0.459092
3797.58	0.463362
3867.63	0.463366
3926.8	0.464019
3950.9	0.482251
4007.81	0.482161
4068.12	0.485286
4092.08	0.498469
4136.83	0.497689
4177.45	0.492281
3499.87	0.482608
3509.85	0.482712
3558.4	0.481946
3639.83	0.482586
3716	0.483571
3747.99	0.493367
3794.11	0.492592
3867.21	0.501024
3935.52	0.507821
3970.19	0.511596
4008.63	0.510706
4076.87	0.516201
4141.6	0.521545
4176.86	0.523782
4206.9	0.528833
4262.16	0.53067
4319.2	0.532247
4354.56	0.533002
4378.81	0.538945
4431.68	0.537918
4484.84	0.534698
4515.28	0.530496
4532.17	0.523478
4565.23	0.523388
3664.15	0.513674
3729.26	0.515139
3799.66	0.517035
3869.16	0.519369
3936.28	0.522222
4001.67	0.524661
4062.54	0.529053
4121.4	0.531872
4179.39	0.533652
4231.89	0.537871
4278.27	0.538961
4300.46	0.551572
4342.96	0.551508
4397.54	0.556126
4450.7	0.557229
4502.35	0.558099
4552.77	0.558499
4598.12	0.559443
4642.61	0.559831
4680.83	0.560306
