2843.18	0.155234
2856.23	0.154339
2882.27	0.152693
2920.76	0.150437
2970.17	0.147715
3028.45	0.144646
3093.59	0.141339
3163.94	0.13791
3238.3	0.134518
3315.9	0.131448
3396.28	0.129244
3479.02	0.128826
3563.26	0.131141
3648.25	0.136014
3730.96	0.141379
3809.38	0.142886
3884.2	0.15042
3955.88	0.160217
4025.81	0.16889
4093.65	0.176273
4159.27	0.183826
4223.42	0.194106
4284.69	0.207425
4342.89	0.221313
4402.41	0.235984
4461.96	0.246532
4519.41	0.249708
4564.86	0.228598
4609.45	0.233542
4653.28	0.24566
4696.82	0.263393
4740.5	0.283317
4784.09	0.302474
4823.39	0.317648
4860.26	0.329378
4895.69	0.338193
4930.59	0.344001
4964.28	0.346885
4996.32	0.347372
5026.49	0.345722
5054.65	0.341964
5080.71	0.336037
5104.7	0.327912
5126.74	0.31789
5147.11	0.306984
5165.28	0.294168
5179.76	0.271265
5190.42	0.233489
5197.55	0.2148
5201.48	0.205349
2830.69	0.155938
2843.79	0.155045
2870.41	0.153369
2910.47	0.151032
2961.96	0.148207
3022.3	0.145043
3089.17	0.14168
3160.81	0.138298
3236.01	0.135236
3314.12	0.133285
3394.93	0.134226
3478.32	0.141002
3562.9	0.155538
3650.42	0.174137
3734.5	0.193666
3812.09	0.18831
3885.95	0.202942
3955.75	0.219492
4026.15	0.238622
4094.26	0.254825
4159.14	0.270708
4225.75	0.295549
4288.02	0.317247
4347.46	0.333162
4406.16	0.343724
4465.11	0.352124
4525.84	0.362114
4566.48	0.336253
4612.94	0.337599
4657.25	0.350669
4700.68	0.36579
4743.34	0.379205
4784.19	0.38917
4822.56	0.39928
4858.7	0.410736
4893.39	0.423847
4929.08	0.436752
4963.16	0.446673
4995.31	0.454321
5025.44	0.459756
5053.45	0.462235
5079.25	0.460617
5102.79	0.453523
5124.1	0.439028
5143.34	0.415026
5160.61	0.382297
5175.79	0.345571
5189.18	0.304592
5196.82	0.234284
5200.74	0.214947
2805.64	0.157263
2818.39	0.15641
2845.67	0.154721
2889.32	0.152223
2945.55	0.149191
3010.33	0.145847
3080.76	0.14241
3154.94	0.139246
3231.67	0.137307
3310.42	0.139274
3391.4	0.151568
3475.96	0.181423
3558.02	0.23912
3657.35	0.30229
3749.45	0.330919
3819.78	0.312571
3893.06	0.342104
3966.28	0.363321
4038.09	0.376887
4106.53	0.384705
4169.49	0.388958
4231.63	0.397467
4292.03	0.404396
4350.82	0.410179
4408.51	0.415953
4465.27	0.42321
4520.86	0.433379
4571.7	0.452031
4615.3	0.448234
4659.07	0.449245
4702.57	0.458377
4745.53	0.467925
4784.64	0.469213
4821.6	0.478715
4856.06	0.488617
4887.62	0.49949
4926.76	0.511573
4961.56	0.523553
4993.95	0.53609
5024.23	0.54762
5052.36	0.556989
5078.18	0.563029
5101.59	0.564766
5122.46	0.56076
5140.71	0.548213
5156.47	0.521107
5170.45	0.468613
5183.87	0.389116
5195.22	0.316606
5199.93	0.233566
2768.32	0.159076
2778.94	0.158386
2805.06	0.156848
2856.14	0.154088
2921.19	0.150744
2993.37	0.147175
3069.33	0.143743
3147.23	0.141265
3225.9	0.142391
3304.44	0.155884
3382.42	0.203517
3485.54	0.300306
3574.92	0.357955
3664.69	0.388116
3751.7	0.406259
3820.47	0.419367
3897.77	0.428987
3974.44	0.439749
4050.2	0.446755
4121.44	0.449534
4178.67	0.442863
4237.77	0.450825
4296.42	0.457946
4354.05	0.46472
4410.36	0.471611
4464.92	0.479061
4518.4	0.48784
4568.93	0.499395
4614.18	0.513092
4660.71	0.519871
4703.36	0.526336
4751.61	0.531884
4786.39	0.511488
4822.77	0.517737
4857.77	0.529386
4891.68	0.540678
4926.59	0.551252
4959.97	0.563524
4992.28	0.576259
5022.83	0.586764
5051.36	0.594053
5077.46	0.59977
5101.06	0.608105
5121.85	0.617564
5139.59	0.625019
5154.36	0.617542
5167.05	0.567494
5180.07	0.480731
5192.2	0.371503
5199.21	0.289478
2720.8	0.161102
2724.4	0.160796
2739.89	0.159972
2809.44	0.156878
2890.19	0.153219
2973.22	0.149566
3056.56	0.146493
3139.25	0.145534
3220.14	0.152369
3296.54	0.188221
3393.47	0.287771
3492.17	0.354086
3582.66	0.388805
3669.9	0.411678
3754.26	0.429023
3835.67	0.442907
3900.67	0.454682
3981.46	0.469422
4064.98	0.477466
4128.38	0.480136
4184.8	0.461759
4242.82	0.467769
4300.7	0.474168
4357.7	0.480557
4413.31	0.486996
4464.7	0.492602
4518.75	0.499145
4569.27	0.509425
4616.81	0.520336
4663.2	0.531029
4708.66	0.541361
4747.36	0.545649
4788.41	0.554643
4823.17	0.558358
4858.37	0.567428
4892.47	0.574608
4925.49	0.581085
4956.97	0.586344
4990.05	0.594508
5021.22	0.600247
5050.48	0.607723
5076.68	0.616357
5100.64	0.63198
5121.6	0.653613
5139.23	0.681873
5153.28	0.70968
5163.47	0.698725
5178.16	0.535277
5190.82	0.404612
5198.83	0.322064
2670.02	0.162947
2658.3	0.163135
2620.84	0.163467
2751.8	0.16141
2857.27	0.158044
2953.18	0.155291
3044.81	0.153922
3133.12	0.15595
3217.42	0.166154
3299.62	0.196075
3395.14	0.263257
3497.61	0.321914
3588.01	0.35598
3673.75	0.377363
3756.57	0.392282
3836.47	0.403998
3912.2	0.415055
3984.06	0.422431
4057.73	0.432983
4124.52	0.439534
4186.28	0.44894
4246.12	0.461029
4304.5	0.473361
4361.44	0.485942
4417.09	0.49861
4472.24	0.510763
4520.85	0.51011
4570.79	0.52055
4618.79	0.530819
4664.82	0.541188
4709.01	0.551499
4751.26	0.561638
4788.02	0.565895
4823.6	0.575331
4858.74	0.586089
4892.17	0.594812
4928.78	0.601911
4954.61	0.60835
4987.53	0.618857
5019.08	0.628056
5049.97	0.63619
5075.1	0.635847
5099.92	0.656254
5121.26	0.683287
5139.27	0.721138
5153.3	0.767467
5165.1	0.796122
5178.87	0.566015
5191.29	0.422645
5199.57	0.334909
2631.23	0.16462
2618.12	0.165782
2587.44	0.169256
2719.56	0.170222
2833.87	0.170347
2937.35	0.172668
3036.15	0.177766
3130.06	0.19049
3213.86	0.221272
3310.89	0.280079
3409.42	0.324644
3503.07	0.351333
3591.68	0.368707
3676.69	0.381757
3758.93	0.392136
3838.64	0.400994
3915.72	0.409598
3982.2	0.415457
4054.79	0.419059
4123.35	0.428385
4187.61	0.437899
4248.94	0.447228
4307.91	0.456272
4364.7	0.465272
4419.65	0.474513
4473.02	0.484141
4523.84	0.494415
4573.75	0.504783
4621.93	0.515295
4667.38	0.526201
4710.6	0.538202
4751.71	0.550801
4790.1	0.563843
4825.66	0.576452
4857.24	0.587035
4895.9	0.595475
4925.97	0.600073
4955.71	0.601778
4984.56	0.612232
5014.34	0.62007
5047.6	0.630727
5076.77	0.64117
5101.66	0.661746
5122.57	0.689541
5141.37	0.723753
5156.33	0.765066
5168	0.79216
5181.14	0.573546
5193	0.432618
5201.57	0.341776
2605.75	0.166874
2595.54	0.171388
2574.73	0.186034
2704.49	0.194465
2820.34	0.205822
2924.7	0.229579
3030.64	0.268013
3138.38	0.306677
3232.9	0.336546
3325.7	0.361518
3417.84	0.380502
3507.86	0.39417
3595.11	0.40455
3679.59	0.4134
3761.5	0.421525
3840.96	0.429265
3918.22	0.436867
3994.2	0.444377
4053.53	0.444631
4124.33	0.449209
4189.89	0.456812
4252.25	0.464914
4311.62	0.472958
4367.94	0.481142
4421.91	0.490018
4474.43	0.499572
4525.75	0.509575
4576.39	0.519552
4625.69	0.529049
4669.99	0.537164
4712.11	0.549383
4752.67	0.562108
4792.85	0.573721
4826.51	0.577581
4860.89	0.586891
4894.11	0.587462
4925.47	0.59163
4958.05	0.596619
4987.25	0.603166
5020.82	0.610495
5052.66	0.620368
5080.86	0.63461
5106.25	0.657341
5123.81	0.685605
5144.86	0.720227
5159.61	0.760552
5171.79	0.769671
5184.54	0.568417
5195.19	0.437736
5204.93	0.346548
2590.48	0.170809
2583.11	0.183934
2567.37	0.267915
2701.4	0.309391
2821.16	0.335508
2933.17	0.358385
3042.03	0.376043
3148.57	0.388377
3242.86	0.392523
3334.09	0.403032
3423.97	0.413117
3512.3	0.421934
3598.63	0.429673
3682.7	0.436701
3764.33	0.44332
3843.43	0.449783
3920.04	0.456296
3994.14	0.463016
4064.63	0.470184
4128.67	0.471464
4193.54	0.479443
4256.76	0.487029
4316.65	0.494358
4371.81	0.501807
4423.89	0.512021
4475.25	0.523215
4526.53	0.533997
4578.46	0.544128
4632.47	0.552932
4672.76	0.546701
4713.15	0.553361
4752.06	0.557203
4787.65	0.564084
4827.62	0.571878
4863.25	0.583424
4896.36	0.58947
4930.07	0.594226
4961.61	0.598618
4993.92	0.605331
5026.09	0.614629
5058.01	0.627811
5084.06	0.63717
5107.52	0.660282
5130.84	0.690728
5150.52	0.728441
5165.77	0.767989
5177.55	0.793561
5190.38	0.5882
5201.94	0.449025
5210.59	0.350272
2582.27	0.175762
2577.94	0.199631
2570.02	0.380358
2699.92	0.410205
2821.07	0.424387
2936.08	0.43616
3048.7	0.445793
3165.16	0.453034
3251.2	0.429526
3339.75	0.433571
3428.4	0.439725
3516.05	0.445857
3602.11	0.451683
3686.17	0.457324
3767.79	0.462983
3846.55	0.468756
3922.61	0.474487
3995.98	0.480165
4066.28	0.48597
4130.49	0.491984
4197.19	0.498104
4262.95	0.504439
4324.74	0.51194
4377.1	0.509487
4424.97	0.511114
4474.52	0.517675
4525.08	0.512048
4576.88	0.517737
4626.54	0.525149
4669.33	0.525301
4709.16	0.532391
4752.11	0.543363
4791.76	0.557245
4831.2	0.570207
4861.73	0.579286
4899.7	0.588632
4934.41	0.595809
4968.07	0.603129
4998.03	0.609612
5028.53	0.613535
5057.81	0.623443
5088.02	0.638391
5114.19	0.661401
5137.38	0.691947
5156.76	0.729543
5172.11	0.767617
5183.91	0.791468
5196.85	0.588574
5208.72	0.450422
5217.23	0.350829
2577.69	0.176879
2575	0.200457
2569.41	0.349186
2698.91	0.37102
2820.51	0.381473
2936.02	0.390434
3047.14	0.398599
3153.83	0.406127
3249.26	0.409532
3341.04	0.417923
3430.91	0.426084
3519.22	0.433391
3605.97	0.440043
3690.94	0.446193
3773.4	0.452009
3851.79	0.4579
3927.45	0.464761
4000.93	0.471876
4072.55	0.479196
4143.88	0.486533
4200.53	0.490557
4273.96	0.498583
4326.76	0.48697
4378.39	0.494405
4428.41	0.502319
4475.86	0.510905
4530.67	0.519859
4576.58	0.518165
4621.67	0.523856
4667.84	0.530416
4710.21	0.539337
4752.96	0.548869
4793.59	0.561519
4827.61	0.572514
4865.74	0.583377
4904.07	0.591918
4937.49	0.596015
4970.57	0.602249
5001.38	0.610398
5028.82	0.615802
5062.24	0.624485
5092.1	0.640637
5119.66	0.662859
5143.46	0.692663
5163.07	0.729558
5178.58	0.766819
5190.5	0.789024
5203.67	0.583084
5215.82	0.446599
5224.42	0.349297
2574.88	0.178658
2572.95	0.204123
2568.54	0.36008
2698.09	0.381481
2819.76	0.392155
2935.13	0.401126
3044.93	0.409572
3149.29	0.417752
3247.21	0.426114
3341.02	0.433929
3432.19	0.440961
3521.48	0.447173
3609.37	0.452433
3696.15	0.45666
3781.18	0.45922
3858	0.456524
3932.78	0.459726
4006.13	0.463585
4077.54	0.467346
4146.01	0.470991
4211.44	0.476465
4270.5	0.475173
4328.02	0.482643
4380.18	0.489253
4431.75	0.499484
4480.34	0.505347
4527.73	0.51298
4577.28	0.522648
4623.92	0.533613
4668.9	0.54479
4713.43	0.555716
4753.54	0.56177
4791.94	0.568691
4830.07	0.575869
4867.32	0.583066
4904.48	0.590084
4939.18	0.592236
4974.01	0.596768
5006.51	0.603683
5036.96	0.613899
5066.57	0.626586
5094.46	0.643406
5124.56	0.664242
5149.37	0.693075
5169.4	0.729262
5185.11	0.766018
5197.17	0.786666
5210.64	0.576552
5223.11	0.441168
5231.89	0.346968
2572.91	0.181447
2571.37	0.210634
2568.01	0.397299
2697.66	0.420045
2819.31	0.431941
2934.27	0.442979
3043.39	0.453451
3147.14	0.463567
3245.85	0.47321
3340.68	0.481479
3432.7	0.488059
3522.79	0.493473
3611.77	0.498135
3701.13	0.502112
3795.32	0.50521
3864.48	0.49195
3937.83	0.495314
4011.55	0.498601
4083.71	0.50154
4149.44	0.503153
4211.53	0.50783
4270.01	0.513241
4332.87	0.517826
4380.77	0.505677
4430.79	0.507479
4481.59	0.513012
4530.37	0.520541
4578.92	0.528825
4625.86	0.537787
4668.45	0.544165
4713.1	0.550826
4754.55	0.559536
4789.63	0.566178
4831.69	0.576156
4869.57	0.580621
4902.6	0.587036
4941.03	0.594021
4977.11	0.59848
5010.68	0.604459
5041.35	0.612619
5070.92	0.625906
5099.46	0.643849
5130.32	0.664352
5155.55	0.69283
5175.81	0.728688
5191.66	0.765245
5203.84	0.784556
5217.6	0.570648
5230.42	0.43579
5239.38	0.344582
2571.39	0.181057
2570.21	0.210512
2567.39	0.393267
2696.97	0.41552
2818.61	0.427626
2933.44	0.438416
3042.34	0.448047
3146.02	0.456733
3245.15	0.464538
3340.58	0.471545
3433.12	0.477866
3523.48	0.483586
3612.22	0.48873
3699.76	0.493327
3785.6	0.497424
3863.52	0.500955
3940.27	0.505659
4017.65	0.51009
4098.32	0.514229
4157.22	0.505737
4215.74	0.507654
4276.7	0.511078
4327.09	0.518207
4384.01	0.527767
4434.25	0.524889
4483.87	0.524754
4531.39	0.52759
4580.75	0.533149
4627.5	0.541263
4674.04	0.550388
4715.1	0.557056
4750.86	0.562578
4786.67	0.563916
4827.83	0.567611
4868.98	0.575568
4905.43	0.584441
4944.92	0.591313
4981.26	0.596537
5014.56	0.603183
5044.36	0.613774
5072.49	0.627484
5107.24	0.642338
5137.15	0.663163
5162.09	0.691903
5182.27	0.727843
5198.12	0.76449
5210.36	0.782797
5224.38	0.565872
5237.53	0.431112
5246.69	0.342445
2569.98	0.177702
2569.15	0.204551
2566.61	0.369814
2695.77	0.393741
2817.82	0.406977
2932.93	0.418051
3041.89	0.427499
3145.65	0.435642
3244.97	0.442782
3340.66	0.449173
3433.41	0.455015
3523.76	0.460412
3612.07	0.465421
3698.43	0.47002
3782.35	0.474193
3862.49	0.477926
3940.86	0.482362
4019.2	0.487004
4100.58	0.491261
4157.26	0.479617
4213.19	0.485838
4274.3	0.492494
4337.91	0.498608
4382.68	0.487864
4432.12	0.488298
4485.62	0.496958
4538.09	0.507572
4585.4	0.510202
4631.16	0.522278
4676.64	0.534003
4712.04	0.53527
4750.37	0.542274
4791.89	0.55423
4831.54	0.566832
4868.83	0.579335
4911.37	0.588533
4949.38	0.592244
4985.66	0.597025
5018.81	0.60344
5047.08	0.613962
5082.79	0.625086
5115.48	0.640164
5144.26	0.661527
5168.66	0.69065
5188.59	0.726867
5204.34	0.763775
5216.6	0.781397
5230.82	0.562189
5244.28	0.427235
5253.61	0.340608
2568.47	0.173199
2567.55	0.191629
2565.46	0.315561
2693.14	0.348626
2817.15	0.367114
2933.22	0.380777
3042.4	0.391721
3146.23	0.399895
3245.55	0.406816
3341.24	0.412912
3433.96	0.418528
3524.19	0.423835
3612.15	0.428974
3697.97	0.433946
3781.37	0.438803
3861.83	0.443756
3940.05	0.449045
4016.19	0.454481
4089.6	0.459167
4158.1	0.46048
4204.11	0.450285
4267.97	0.452382
4326.94	0.457022
4376.93	0.458973
4432.83	0.46611
4486.34	0.476884
4539.75	0.48786
4592.24	0.498904
4633.69	0.500234
4672.6	0.511877
4715.25	0.520284
4756.36	0.534761
4797.48	0.548652
4837.75	0.56195
4877.3	0.574127
4917.69	0.583952
4956.47	0.591431
4992.34	0.596321
5026.52	0.602636
5058.96	0.611589
5092.05	0.622763
5123.17	0.638199
5150.99	0.659929
5174.84	0.689392
5194.49	0.725923
5210.12	0.763144
5222.38	0.78028
5236.76	0.559352
5250.5	0.423988
5260	0.339002
2567.31	0.170573
2564.81	0.181373
2556.48	0.225573
2683.37	0.264063
2817.56	0.297144
2936.12	0.322526
3045.33	0.342082
3148.52	0.357153
3247.34	0.369371
3342.62	0.379387
3435.06	0.387924
3525.06	0.395354
3612.61	0.402058
3698.19	0.408476
3781.64	0.414851
3861.7	0.421548
3939.62	0.428316
4014.24	0.43548
4081.88	0.440044
4147.06	0.445533
4206.19	0.451843
4264.51	0.448811
4322.93	0.456469
4378.5	0.463825
4433.68	0.470803
4484.83	0.47773
4539.96	0.487283
4593.48	0.498475
4635.96	0.502369
4673.46	0.510666
4717.24	0.52487
4759.59	0.53906
4801.11	0.552828
4841.84	0.565868
4882.13	0.577543
4922.84	0.586842
4963.81	0.593124
4997.76	0.596196
5032.71	0.602102
5066.53	0.610258
5099.17	0.621224
5129.58	0.636723
5156.82	0.658643
5180.29	0.688356
5199.72	0.72515
5215.26	0.762639
5227.52	0.779375
5242.05	0.556956
5256.06	0.421099
5265.71	0.337518
2568.33	0.171811
2566.09	0.185323
2558.83	0.253801
2694.64	0.288765
2825.62	0.299505
2940.36	0.310489
3048.28	0.331244
3150.48	0.347997
3249.04	0.361687
3343.9	0.372225
3436.21	0.381178
3526.25	0.388851
3612.9	0.395196
3698.46	0.402014
3783.27	0.408698
3861.75	0.409491
3940.52	0.414944
4008.45	0.416624
4078.41	0.422949
4143.27	0.431676
4204.16	0.441146
4262.77	0.451393
4321.3	0.461951
4378.07	0.472737
4433.65	0.483547
4488.53	0.494242
4539.31	0.497297
4591.4	0.506116
4630.17	0.511829
4672.93	0.519455
4717.99	0.529965
4760.92	0.543498
4802.76	0.556922
4843.62	0.569706
4883.8	0.581101
4925.03	0.589667
4967.9	0.594859
4999.21	0.597005
5036.68	0.601855
5071.52	0.609522
5104.31	0.620263
5134.51	0.635736
5161.48	0.657773
5184.73	0.687678
5204.07	0.724654
5219.59	0.762298
5231.88	0.778587
5246.59	0.554676
5260.86	0.418313
5270.66	0.336062
2571.11	0.176105
2570.59	0.201479
2569.45	0.354059
2715.35	0.374952
2840.67	0.375324
2942.21	0.374076
3049.55	0.385597
3150.47	0.396986
3250.13	0.406796
3344.33	0.414711
3436.83	0.422033
3528.42	0.428331
3612.1	0.430791
3697.15	0.436563
3775.92	0.442573
3861.88	0.45057
3949.38	0.454975
4011.87	0.431684
4077.76	0.435172
4141.26	0.439875
4202.31	0.446123
4259.07	0.450936
4319.4	0.458264
4376.81	0.467873
4432.28	0.477941
4485.78	0.488419
4536.34	0.499419
4585.11	0.511362
4630.2	0.523994
4677.02	0.535901
4718.21	0.538104
4760.64	0.549032
4802.69	0.55921
4843.36	0.569807
4881.73	0.580613
4922.95	0.589271
4965.47	0.594697
5005.35	0.5987
5039.86	0.601446
5074.75	0.609067
5107.75	0.619693
5137.97	0.635163
5164.83	0.657351
5188	0.687476
5207.37	0.724535
5222.98	0.762155
5235.38	0.777837
5250.29	0.552281
5264.83	0.415485
5274.76	0.334597
2573.53	0.178701
2573.14	0.206322
2571.35	0.364939
2711.88	0.384041
2837.08	0.394907
2951.66	0.405035
3052.69	0.408102
3147.78	0.414347
3253.41	0.419653
3343.72	0.420255
3436.03	0.426108
3520.33	0.431041
3610.53	0.4352
3695.68	0.439994
3777.27	0.445306
3858.87	0.450527
3938.25	0.45564
4009.59	0.461402
4078.63	0.468454
4140.62	0.470845
4200.53	0.478376
4261.41	0.486469
4318.31	0.48574
4375.34	0.49203
4430.69	0.498458
4483.73	0.504825
4532.89	0.510137
4574.82	0.516888
4626.29	0.520501
4673.71	0.528227
4717.9	0.537039
4758.5	0.547235
4801.83	0.556327
4842.33	0.568852
4880.92	0.580741
4916.89	0.589668
4962.88	0.593761
5004.18	0.59722
5040.06	0.602863
5075.98	0.609048
5109.64	0.61943
5140.01	0.634922
5166.8	0.657414
5189.91	0.687954
5209.54	0.724918
5225.39	0.76224
5237.98	0.777094
5253.12	0.549752
5267.92	0.41268
5277.99	0.333176
2575.24	0.181159
2574.73	0.210916
2572.82	0.382918
2715.87	0.399673
2838.06	0.409705
2953.78	0.419226
3054.79	0.422163
3158.75	0.430154
3247.17	0.433056
3341.06	0.442331
3436.19	0.452232
3524.79	0.461421
3611.92	0.469868
3695.85	0.477481
3776.79	0.484263
3856.26	0.490263
3933.5	0.497096
4008.08	0.505157
4085.13	0.510859
4140.64	0.506374
4196.34	0.513008
4257.79	0.522745
4316.43	0.531951
4374.59	0.540178
4430.74	0.547796
4485.88	0.549639
4530.19	0.541034
4577.53	0.545977
4625.84	0.552239
4672.64	0.559413
4717.7	0.56736
4761.81	0.574973
4800.91	0.578322
4840.38	0.58576
4876.54	0.593478
4921.18	0.596274
4962.11	0.597722
5005.23	0.600577
5045.58	0.605987
5075.52	0.610471
5110.43	0.61955
5140.81	0.634991
5167.3	0.658153
5190.12	0.689817
5210.52	0.72599
5226.86	0.76254
5239.71	0.776449
5255.08	0.547475
5270.12	0.410302
5280.31	0.331987
2576.28	0.181582
2576	0.21262
2575.41	0.388276
2732.63	0.401024
2839.13	0.391077
2942.55	0.399927
3053.53	0.408018
3157.43	0.416644
3254.94	0.424807
3353.63	0.432403
3439.8	0.434963
3528.14	0.44279
3614.28	0.450978
3697.15	0.458966
3776.16	0.466999
3854.41	0.47352
3930.03	0.479611
4002.81	0.485289
4073.34	0.490356
4136.87	0.493836
4199.6	0.500552
4255.83	0.497597
4313.98	0.501416
4368.97	0.503769
4425.75	0.505882
4479.56	0.508803
4529.36	0.511526
4576.51	0.519977
4625.73	0.529175
4672.27	0.540757
4717.02	0.552457
4759.84	0.564131
4800.19	0.575423
4841.47	0.585516
4881.54	0.593749
4923.95	0.59886
4967.07	0.605853
5005.81	0.604833
5044.48	0.610616
5080.29	0.617988
5111.28	0.624894
5140.61	0.638732
5166.32	0.660416
5187.51	0.693777
5210.58	0.727423
5227.61	0.762841
5240.68	0.776233
5256.22	0.546621
5271.45	0.409252
5281.74	0.33138
2576.5	0.177162
2576.03	0.201097
2573.64	0.338534
2714.83	0.358709
2834.88	0.366763
2945.92	0.379662
3054.34	0.390305
3158.38	0.398368
3258.08	0.405102
3354.87	0.410953
3446.15	0.41663
3534.63	0.422265
3617.58	0.426735
3700.18	0.432038
3774.38	0.437275
3853.41	0.444274
3927.71	0.451485
3998.15	0.455362
4067.05	0.459141
4132.45	0.461111
4193.18	0.463253
4252.96	0.468302
4310.91	0.476306
4367.31	0.484588
4423.11	0.493716
4477.14	0.503166
4528.45	0.513521
4579.98	0.52397
4625.92	0.525292
4671.27	0.532329
4715.86	0.541069
4757.9	0.550254
4796.16	0.560869
4841.41	0.567632
4881.91	0.577964
4923.28	0.586767
4965.63	0.592729
5005.69	0.596266
5044.42	0.600869
5080.2	0.608008
5111.12	0.61946
5141.36	0.633951
5168.21	0.656988
5191.21	0.688745
5211.7	0.725319
5228.11	0.762353
5241.02	0.776909
5256.55	0.548855
5271.92	0.410333
5282.34	0.331541
2576.14	0.175507
2575.37	0.198599
2572.09	0.340501
2708.2	0.3645
2831.32	0.378335
2945.72	0.389559
3054.99	0.397712
3159.85	0.40412
3260.92	0.409377
3358.87	0.413816
3452.9	0.417532
3539.72	0.419895
3623.19	0.424745
3706.24	0.430125
3782.17	0.427201
3855.09	0.425844
3923.8	0.42584
3996.37	0.425094
4063.95	0.432194
4128.83	0.439655
4190.02	0.447628
4250	0.456144
4307.46	0.465176
4364.29	0.474259
4420.25	0.483548
4475.4	0.492906
4525.31	0.494263
4576.12	0.501399
4624.03	0.508232
4672.01	0.517603
4717.74	0.529944
4761.21	0.542713
4802.84	0.55562
4845	0.567483
4884.74	0.578823
4918.71	0.588906
4963.55	0.594594
5003.65	0.598549
5043.69	0.604079
5080.9	0.611733
5115.57	0.622534
5140.56	0.633558
5168.72	0.654868
5192.17	0.685552
5211.91	0.723296
5227.83	0.761773
5240.54	0.777613
5256.04	0.550425
5271.66	0.409538
5282.24	0.330391
2575.52	0.176651
2574.4	0.202982
2570.62	0.366173
2704.98	0.38875
2829.3	0.400626
2945.44	0.410587
3055.72	0.418643
3161.5	0.425391
3263.87	0.431111
3364.13	0.435988
3464.5	0.440049
3546	0.433217
3627.13	0.435986
3705.37	0.438178
3784.59	0.440461
3859.1	0.443927
3932.74	0.448028
3997.37	0.446529
4061.44	0.449547
4126.87	0.450578
4186.11	0.456574
4247.57	0.465176
4302.66	0.466003
4360.11	0.472908
4416.14	0.478913
4467.12	0.483966
4521.83	0.491714
4573.72	0.501675
4623.6	0.51237
4672.29	0.523403
4719.15	0.534816
4763.53	0.546468
4806.15	0.558568
4848.17	0.569911
4886.93	0.576105
4924.86	0.58556
4963.33	0.592341
4998.46	0.597423
5042.17	0.601984
5080.11	0.608721
5114.11	0.619122
5143.86	0.635038
5168.7	0.651646
5191.56	0.682779
5210.89	0.721413
5226.5	0.761141
5239.03	0.777414
5254.63	0.546534
5270.81	0.401212
5281.59	0.324999
2574.9	0.177473
2573.67	0.204317
2569.95	0.369314
2703.57	0.391556
2828.22	0.403223
2945.28	0.41342
3056.38	0.422435
3162.84	0.430503
3265.8	0.43778
3366.6	0.444255
3467.57	0.449792
3549.34	0.447746
3631.55	0.455204
3712.08	0.462627
3790.03	0.47023
3862.38	0.478235
3932.66	0.486139
4000.04	0.492967
4068.79	0.49853
4129.33	0.50262
4178.23	0.487191
4238.8	0.488884
4298.56	0.494532
4356.03	0.499948
4411.72	0.505562
4465.48	0.511806
4518.84	0.516813
4570.96	0.523091
4621.91	0.529725
4671.85	0.536432
4720.42	0.543419
4764.94	0.546658
4807.37	0.554761
4846.65	0.563988
4888.12	0.573466
4927.58	0.583112
4966.23	0.590439
5003.94	0.595014
5042.79	0.598399
5079.21	0.604263
5112.42	0.613454
5141.71	0.627928
5165.91	0.651254
5189.18	0.679773
5208.55	0.71847
5224.01	0.759614
5236.39	0.773792
5252.29	0.525206
5269.62	0.376767
5280.4	0.311692
2574.31	0.17819
2573.05	0.20416
2569.49	0.360444
2702.5	0.38173
2827.13	0.392813
2944.77	0.401733
3056.45	0.409658
3163.31	0.416832
3266.19	0.423502
3365.66	0.429802
3461.44	0.435831
3549.77	0.441363
3635.42	0.448
3719.36	0.454912
3799.33	0.462937
3866.25	0.459254
3934.23	0.468279
4000.27	0.476648
4060.72	0.48362
4123.2	0.491231
4180.03	0.500121
4238.28	0.509727
4296.26	0.518678
4353.01	0.527903
4408.43	0.537335
4462.52	0.546881
4515.64	0.556112
4567.74	0.565439
4619.38	0.574377
4671.09	0.581788
4725.3	0.585702
4766.59	0.576174
4807.55	0.58168
4847.89	0.588903
4888.29	0.594575
4928.11	0.598292
4967.1	0.602702
5005.09	0.607537
5042.22	0.612693
5077.47	0.619102
5110.11	0.628024
5139.67	0.640821
5166.3	0.658218
5185.4	0.672383
5205.1	0.699577
5220.56	0.730906
5233.02	0.720238
5248.67	0.460802
5268.19	0.339059
5278.3	0.287098
2573.7	0.18071
2572.29	0.207682
2568.8	0.37105
2701.38	0.389679
2826.21	0.397913
2944.19	0.404804
3056.28	0.410729
3163.4	0.41595
3266.22	0.420666
3365.06	0.425095
3459.83	0.429541
3550.27	0.43427
3638.56	0.439211
3728.33	0.444099
3797.54	0.431312
3870.37	0.435844
3936.28	0.436259
4000.24	0.44404
4061.16	0.45302
4121.02	0.462772
4178.87	0.471606
4236.62	0.480585
4293.85	0.488988
4350.02	0.496809
4405.21	0.504098
4459.31	0.511045
4512.2	0.517825
4563.75	0.524333
4615.56	0.530013
4666.62	0.53551
4717.06	0.540219
4763.88	0.541826
4805.94	0.551482
4846.6	0.562652
4886.89	0.573428
4927.15	0.582667
4966.53	0.590034
5004.36	0.594998
5041.1	0.599479
5076.07	0.606166
5108.6	0.615828
5138.13	0.630456
5164.24	0.65227
5186.23	0.683223
5203.52	0.713923
5218.29	0.75733
5230.38	0.762579
5247.37	0.473497
5266.2	0.33084
5275.28	0.275273
2573.18	0.184219
2571.66	0.212173
2568.52	0.391822
2701.09	0.409928
2826.08	0.418535
2944.31	0.426532
3056.7	0.434052
3164.06	0.44118
3266.98	0.447937
3365.63	0.454376
3459.91	0.460571
3550.45	0.466389
3637.82	0.471838
3721.08	0.477339
3798.19	0.485633
3879.31	0.490383
3938.13	0.470667
4001.12	0.474879
4060.61	0.478881
4118.84	0.483869
4175.87	0.489608
4233.54	0.495165
4290.59	0.501088
4346.07	0.507515
4401.09	0.514131
4455.26	0.521134
4507.97	0.528639
4557.23	0.536905
4610.02	0.54565
4660.15	0.555283
4709.63	0.564902
4762.85	0.572988
4802.68	0.563525
4842.6	0.570213
4882.4	0.578605
4924.04	0.585211
4964.5	0.590948
5001.49	0.594741
5038.15	0.596909
5073.13	0.602668
5105.65	0.611368
5135.16	0.624693
5161.13	0.645066
5182.95	0.67509
5199.76	0.717357
5214.99	0.7588
5227.42	0.764921
5244.64	0.482101
5263.01	0.330205
5271.46	0.272153
2572.84	0.187331
2571.26	0.214634
2568.29	0.396495
2700.87	0.411912
2826.11	0.418086
2944.59	0.423781
3057.22	0.429177
3164.93	0.43439
3268.36	0.439455
3367.47	0.444339
3461.1	0.44904
3551.55	0.454262
3639.28	0.459559
3718.33	0.464052
3793.38	0.470322
3866.78	0.475853
3934.49	0.479982
4005.65	0.486905
4060.38	0.482962
4116.69	0.488927
4170.03	0.496454
4229.49	0.505434
4287.83	0.514097
4340.94	0.514416
4396.33	0.522254
4451.39	0.529974
4505.05	0.537807
4558.12	0.545458
4605.25	0.544329
4652.48	0.551511
4696.61	0.558878
4749.31	0.561968
4794.41	0.566393
4835.61	0.576326
4872.03	0.587197
4919.38	0.594404
4962.24	0.599809
5003.8	0.606904
5033.33	0.606462
5068.72	0.612941
5101.33	0.622363
5130.88	0.635432
5156.98	0.654066
5179.36	0.679815
5198.22	0.711316
5210.77	0.724684
5224.23	0.691162
5241.8	0.422421
5258.84	0.314749
5266.4	0.267631
2572.76	0.189997
2571.18	0.216817
2568.45	0.411619
2701.51	0.427453
2827.14	0.433843
2945.67	0.439969
3058.2	0.445793
3166.08	0.451227
3270.53	0.456266
3371.61	0.461157
3462.57	0.467646
3552.73	0.472643
3647.02	0.476792
3717.49	0.46038
3788.36	0.462652
3858.25	0.466531
3925.79	0.470389
3992.12	0.474271
4053.52	0.477434
4113.2	0.483129
4172.71	0.489041
4225.15	0.48847
4276.75	0.490159
4336.47	0.488812
4390.77	0.49331
4447.8	0.499297
4501.44	0.506806
4552.81	0.514648
4602.11	0.521746
4650.02	0.531105
4696.71	0.541046
4744.44	0.551607
4789.8	0.561279
4832.63	0.571754
4873.77	0.58173
4916.57	0.589517
4958.29	0.594524
4993.91	0.597864
5029.77	0.601135
5064.83	0.607826
5097.94	0.617468
5127.91	0.632115
5154.29	0.654117
5176.82	0.685321
5195.37	0.725234
5209.89	0.766738
5220.97	0.765281
5237.8	0.481872
5255.86	0.328996
5264.46	0.27429
2572.99	0.191426
2571.46	0.217293
2568.85	0.407278
2703.17	0.421354
2829.63	0.426851
2947.84	0.432334
3059.55	0.437422
3166.94	0.441909
3272.76	0.44582
3383.07	0.44901
3462.5	0.431729
3547.59	0.435208
3632.48	0.436469
3710.99	0.433367
3782.36	0.435003
3851.19	0.438475
3917.12	0.441903
3984.27	0.444926
4047.6	0.449896
4108.39	0.456203
4168.21	0.463123
4220.62	0.467687
4271.63	0.475872
4333.74	0.483141
4392.46	0.491948
4445.48	0.493503
4497.9	0.500886
4547.29	0.50869
4598.02	0.517459
4646.31	0.528599
4693.22	0.540123
4739.27	0.551708
4785	0.562921
4828.56	0.57406
4871.08	0.584011
4912.07	0.590832
4954.48	0.595573
4985.93	0.597465
5028.8	0.601236
5059.03	0.605794
5093.39	0.614551
5123.81	0.628017
5150.45	0.648332
5173.25	0.6771
5191.91	0.714489
5206.3	0.755229
5216.85	0.75677
5234.2	0.4737
5251.77	0.33744
5261.27	0.284188
2573.48	0.192607
2572.09	0.217401
2569.74	0.396997
2706.72	0.409772
2835.1	0.415445
2951.93	0.421924
3061.25	0.428837
3165.85	0.43479
3267.27	0.439866
3365.6	0.444353
3453.63	0.448612
3539.61	0.455746
3625.09	0.462776
3713.01	0.469544
3778.01	0.452689
3845.69	0.456767
3914.06	0.462301
3978.18	0.461279
4042.24	0.465892
4102.59	0.468813
4159.9	0.473263
4217.36	0.475014
4274.76	0.480203
4332.36	0.485984
4389.02	0.492728
4443.4	0.500563
4495.9	0.509619
4545.7	0.519795
4593.94	0.523892
4641.5	0.534062
4688.04	0.54389
4731.77	0.554367
4779.66	0.564722
4822.86	0.572474
4864.53	0.580871
4906.77	0.587809
4947.68	0.593768
4988.41	0.597281
5021.35	0.599553
5055.26	0.605742
5088.58	0.615233
5118.81	0.62982
5145.44	0.651532
5168.65	0.68148
5187.77	0.719663
5202.74	0.760168
5214.34	0.774859
5229.84	0.523015
5246.37	0.366034
5256.92	0.303354
2574.07	0.195187
2572.88	0.218921
2571.04	0.395798
2712.56	0.405885
2846.45	0.40844
2958.64	0.405164
3063.49	0.410331
3164.27	0.416668
3261.66	0.42265
3355.64	0.427643
3444.43	0.431817
3530.01	0.436056
3613.27	0.439748
3693.86	0.442338
3766.44	0.441838
3836.85	0.447359
3906.06	0.453585
3971.82	0.457858
4033.3	0.464045
4098.64	0.471641
4160.22	0.48021
4220.64	0.488739
4275.31	0.492319
4330.16	0.499837
4386.83	0.50669
4441.92	0.514527
4495.08	0.52279
4545.73	0.531434
4590.06	0.538667
4635.7	0.549406
4682.06	0.550989
4732.14	0.558704
4773.86	0.560554
4816.85	0.570497
4854.12	0.581658
4900.04	0.589181
4938.3	0.595684
4982.83	0.599737
5022.76	0.606177
5054.32	0.610898
5082.69	0.617311
5112.81	0.633062
5138.97	0.656571
5163.16	0.686667
5183.05	0.724077
5198.67	0.762702
5210.8	0.780051
5225.58	0.549556
5240.92	0.394712
5251.33	0.3165
2574.7	0.197423
2573.71	0.224496
2572.26	0.435383
2719.69	0.444432
2873.74	0.446057
2967.77	0.419998
3065.34	0.421271
3162.14	0.423963
3256	0.427262
3347.79	0.430613
3435.69	0.434391
3520.23	0.438332
3601.81	0.442467
3680.55	0.446991
3755.02	0.452385
3827.3	0.457784
3894.97	0.462793
3965.11	0.468789
4032.47	0.475959
4096.66	0.482271
4159.98	0.489799
4223.8	0.497195
4274.56	0.495439
4323.08	0.506107
4384.81	0.515268
4441.27	0.525075
4496.18	0.534451
4544.68	0.537189
4590.58	0.537308
4635.2	0.543112
4683.78	0.550754
4723.84	0.558784
4772.22	0.564477
4816.27	0.573689
4857.48	0.582962
4898.35	0.590561
4936.51	0.596343
4978.77	0.600372
5017.32	0.606892
5053.01	0.616329
5078.99	0.625861
5106.26	0.636726
5129.67	0.662908
5157.08	0.691154
5178.01	0.727069
5194.17	0.764134
5206.63	0.781752
5221.2	0.559449
5235.67	0.413005
5245.73	0.326867
2575.4	0.195218
2574.02	0.219182
2571.91	0.407764
2714.62	0.418409
2850.48	0.421082
2967.6	0.420576
3064.18	0.417385
3160.52	0.422739
3249.86	0.427655
3342.6	0.432424
3429.12	0.438913
3512.21	0.445774
3592.17	0.452409
3671.41	0.459034
3744.11	0.465744
3818	0.474291
3889.02	0.483103
3960.37	0.491176
4034.41	0.498272
4094.07	0.489784
4157.68	0.494983
4222.76	0.500296
4277.58	0.501971
4331.69	0.50617
4386.23	0.501893
4440.39	0.505767
4490.43	0.509176
4539.53	0.511086
4590.97	0.518182
4638.62	0.529866
4685.33	0.541834
4729.45	0.554271
4774.23	0.565672
4817.43	0.576758
4858.84	0.586642
4898.14	0.594226
4936.75	0.599502
4975.38	0.606952
5011.32	0.61039
5047.34	0.618826
5079.45	0.63063
5101.7	0.639416
5128.16	0.662723
5152.68	0.692672
5173.22	0.728788
5189.51	0.765148
5202.11	0.782597
5216.6	0.563203
5230.54	0.422658
5240.26	0.333897
2576.45	0.190762
2574.64	0.215728
2571.49	0.396454
2710.53	0.410076
2840.72	0.415235
2958.36	0.420659
3062.89	0.427501
3161.5	0.434797
3256.35	0.441751
3340.65	0.441996
3423.35	0.444788
3503.18	0.449436
3585.46	0.454068
3663.11	0.461434
3736.46	0.469003
3809.84	0.476174
3881.15	0.482975
3951.42	0.489284
4022.43	0.494896
4084.05	0.49255
4151.23	0.49962
4224	0.50574
4278.16	0.502997
4333.64	0.509049
4389.87	0.50849
4440.37	0.507322
4493.23	0.511147
4542.93	0.52005
4592.62	0.530858
4640.44	0.541932
4686.87	0.553275
4731.81	0.564616
4775.21	0.575162
4817.81	0.58506
4859.88	0.592993
4896.25	0.595365
4934.27	0.599472
4964.56	0.603205
5006.71	0.606712
5043.15	0.61436
5075.07	0.626662
5101.69	0.646576
5123.97	0.664387
5147.56	0.694473
5168.27	0.730431
5184.74	0.766141
5197.44	0.783387
5211.88	0.564914
5225.49	0.427518
5234.94	0.338029
2578.15	0.186433
2575.87	0.212241
2571.65	0.389827
2708.97	0.405952
2837.82	0.412341
2957.25	0.418742
3063.21	0.425632
3162.47	0.433285
3249.07	0.434929
3334.75	0.441579
3421.34	0.448842
3507.05	0.456738
3580.98	0.456863
3657.04	0.464199
3726.9	0.471353
3802.06	0.478403
3872.71	0.485965
3940.19	0.493676
4004.58	0.501828
4066.83	0.511201
4137.47	0.521895
4207.77	0.532139
4271.32	0.545251
4333.49	0.5561
4398.92	0.560716
4449.31	0.544062
4496.9	0.546464
4544.06	0.553031
4593.83	0.559799
4641.29	0.567786
4687.54	0.575368
4733.32	0.582302
4774.67	0.584366
4816.45	0.590349
4854.93	0.595326
4892.81	0.598648
4928.38	0.604457
4966.5	0.609569
5004.55	0.614806
5039.83	0.623133
5071.91	0.635445
5101.24	0.653197
5123.06	0.674185
5140.74	0.699771
5163.22	0.732453
5180.08	0.767205
5192.83	0.784359
5207.17	0.565908
5220.56	0.429568
5229.79	0.339988
2580.98	0.182569
2578.11	0.208623
2572.61	0.389939
2709.17	0.409496
2838.34	0.416774
2964.38	0.423162
3065.75	0.41834
3154.5	0.418746
3245.53	0.426109
3332.45	0.43544
3417.19	0.444679
3499.21	0.453541
3576.96	0.462195
3653.85	0.471013
3729.93	0.479131
3796.92	0.481075
3865.8	0.488423
3930.54	0.495719
3987.46	0.499032
4039.69	0.506574
4122.51	0.511145
4196.88	0.513785
4264.74	0.516334
4329.16	0.519188
4391.57	0.522614
4448.25	0.524647
4498.75	0.532457
4548.96	0.541717
4596.47	0.547709
4642.07	0.548744
4687.14	0.556214
4729.13	0.562907
4773.8	0.570657
4816.28	0.580131
4854.42	0.586175
4890.35	0.591276
4923.01	0.597286
4965.53	0.600889
5003.41	0.606446
5037.99	0.614452
5069.38	0.626121
5097.82	0.643096
5120.98	0.669372
5142.72	0.702736
5159.56	0.733471
5175.94	0.767959
5188.48	0.785553
5202.64	0.565985
5215.83	0.428953
5224.87	0.339997
2585.66	0.177418
2582.03	0.200281
2574.52	0.355798
2709.93	0.377896
2835.93	0.387836
2953.27	0.396052
3057.49	0.40264
3151.71	0.411797
3242.06	0.422254
3328.77	0.432489
3412.56	0.442329
3492.85	0.45186
3571.32	0.460901
3649.3	0.46928
3720.01	0.47317
3792.41	0.479472
3859.84	0.482024
3923.06	0.486818
3987.27	0.487878
4050.41	0.495913
4114.23	0.504674
4190.87	0.511008
4260	0.516883
4325.15	0.523606
4388.22	0.530726
4451.56	0.537563
4499.17	0.530462
4547.9	0.536275
4593.78	0.543026
4643.51	0.550675
4685.3	0.552321
4731.74	0.560803
4772.83	0.56146
4812.81	0.568397
4851.11	0.576027
4891.39	0.585117
4928.51	0.593461
4966.51	0.598274
5002.57	0.60457
5035.94	0.613331
5066.02	0.626311
5095.48	0.643761
5121.98	0.668084
5140.96	0.697776
5159.21	0.736055
5172.16	0.76845
5184.45	0.786079
5198.39	0.560644
5211.4	0.423362
5220.2	0.337641
2593.11	0.173408
2588.3	0.192258
2578.18	0.333204
2712.67	0.360311
2835.91	0.374201
2949.59	0.386198
3053.94	0.39638
3148.08	0.406394
3238.09	0.416106
3324.4	0.425513
3408.28	0.434573
3485.56	0.436956
3563.76	0.442462
3638.43	0.446759
3713.17	0.448863
3781.22	0.451195
3854.48	0.454632
3923.18	0.46067
3990.54	0.468796
4056.59	0.476826
4120.04	0.484629
4190.73	0.490849
4257.7	0.497274
4321.71	0.50318
4383.12	0.509046
4441.13	0.5147
4494.19	0.516644
4544.97	0.522329
4593.8	0.528718
4641.26	0.535777
4687.9	0.537382
4728.41	0.539697
4770.84	0.546869
4814.12	0.556585
4853.76	0.569574
4893.18	0.581348
4930.85	0.590775
4966.84	0.596848
5001.52	0.602968
5033.92	0.611726
5059.63	0.623272
5092.09	0.636348
5118.35	0.656281
5138.37	0.686621
5156.76	0.721761
5170.99	0.757458
5181	0.76393
5194.45	0.543884
5207.21	0.410315
5215.76	0.333013
2604.8	0.171564
2598.09	0.188248
2583.75	0.329633
2717.31	0.359204
2838.14	0.375344
2949.62	0.388637
3055.74	0.398543
3144.31	0.395
3234.06	0.402706
3319.1	0.410466
3398.77	0.415708
3476.59	0.414607
3556.4	0.4209
3631.2	0.425346
3706.78	0.433772
3779.27	0.442621
3851.76	0.451783
3922.87	0.460348
3993.45	0.468203
4063.86	0.475357
4130.86	0.48349
4192.84	0.476273
4256.83	0.480496
4319.35	0.483363
4379.86	0.486256
4436.85	0.489777
4491.32	0.496845
4543.02	0.505668
4591.59	0.513962
4637.65	0.522624
4686.79	0.532112
4731.99	0.544507
4777.1	0.556745
4816.35	0.562324
4853.98	0.57415
4894.2	0.584916
4932.52	0.593457
4966.02	0.597002
4999.95	0.602425
5030.09	0.609418
5061.43	0.620001
5091.02	0.635267
5116.82	0.657579
5138.9	0.688927
5154.52	0.722227
5168.37	0.762974
5179.08	0.784762
5190.31	0.556743
5202.85	0.407232
5211.4	0.330775
2622.92	0.170244
2614.32	0.184954
2596.97	0.292951
2726.68	0.291309
2844.21	0.307156
2950.28	0.323361
3046.35	0.331683
3142.54	0.341563
3232.95	0.355386
3309.77	0.353166
3387	0.364517
3469.56	0.378046
3548.7	0.394582
3625.47	0.408818
3701.06	0.422246
3775.17	0.433853
3848.54	0.443834
3921.41	0.452161
3995.04	0.459048
4073.19	0.464411
4127.95	0.444235
4193.2	0.449263
4256.67	0.45713
4318.17	0.465269
4377.88	0.473629
4434.17	0.482729
4489.35	0.492339
4539.82	0.49507
4590.74	0.502494
4639.29	0.513899
4687.3	0.525792
4733.34	0.537926
4776.83	0.550403
4818.16	0.562816
4858.8	0.574439
4894.84	0.579031
4929.46	0.586935
4965.18	0.593644
4998.92	0.598853
5030.89	0.606286
5061.59	0.616626
5089.98	0.631339
5114.96	0.652881
5135.86	0.683779
5151.51	0.72686
5165.73	0.76743
5176.45	0.794866
5188.42	0.581591
5198.28	0.442656
5207.42	0.339001
2649.64	0.167795
2638.75	0.180121
2615.06	0.26178
2742.55	0.200761
2853.75	0.205333
2951.3	0.228912
3054.38	0.26377
3141.63	0.253507
3219.38	0.236181
3296.84	0.229558
3373.04	0.251591
3461.06	0.299795
3539.14	0.34048
3617.28	0.369331
3693.9	0.389207
3769.48	0.402192
3844.02	0.411793
3917.72	0.419558
3990.81	0.426435
4062.84	0.432703
4128.24	0.436868
4193.72	0.446864
4256.8	0.457021
4317.03	0.467327
4377.5	0.477213
4430.78	0.477839
4482.46	0.485463
4537.7	0.494984
4590.08	0.506224
4639.21	0.518138
4687.46	0.529777
4734.88	0.540751
4776.4	0.542015
4818.36	0.550376
4857.05	0.559528
4895.6	0.570989
4931.32	0.582988
4964.04	0.591828
4997.11	0.597758
5030.08	0.604803
5060.82	0.614973
5088.72	0.63013
5113.25	0.653086
5134.04	0.686596
5151.38	0.729902
5163.46	0.76912
5174.19	0.798978
5186.19	0.59841
5196.93	0.455853
5205.16	0.343621
2687.45	0.163662
2675.66	0.16734
2634.96	0.176631
2773.62	0.177834
2880.44	0.188849
2965.52	0.206639
3051.54	0.191919
3139.55	0.179823
3220.1	0.172819
3298.11	0.167622
3374.85	0.168716
3451.25	0.181561
3520.45	0.218635
3605.12	0.288005
3684.28	0.339188
3762.14	0.369554
3838.17	0.388571
3912.73	0.401698
3985.77	0.412643
4057.27	0.422734
4126.46	0.432611
4194.74	0.44281
4257.92	0.453493
4313.87	0.455782
4368.8	0.463698
4427.08	0.471546
4481.7	0.481967
4536.39	0.492269
4590.6	0.501967
4637.99	0.502935
4686.44	0.509999
4730.02	0.516205
4776.27	0.524626
4818.89	0.537144
4858.7	0.550827
4896.7	0.564848
4932.49	0.578081
4966.21	0.589243
4992.92	0.596514
5028.72	0.602595
5059.71	0.611729
5087.28	0.625707
5111.42	0.647143
5131.77	0.678953
5147.78	0.722497
5159.69	0.770081
5172.08	0.801005
5184.83	0.593808
5196.02	0.450548
5204.02	0.341033
2737.48	0.16071
2741.55	0.161454
2758.53	0.163442
2835.7	0.164739
2909.88	0.160958
2986.44	0.16061
3064.99	0.15591
3144.73	0.150946
3222.8	0.14634
3299.61	0.142171
3375.42	0.140104
3450.18	0.142209
3522.86	0.152735
3595.44	0.17764
3666.42	0.240116
3751.54	0.319452
3830.76	0.3638
3906.57	0.389511
3979.84	0.406477
4051.72	0.419799
4123.4	0.430768
4198.85	0.439372
4251.18	0.428106
4311.07	0.434336
4369.75	0.443678
4425.19	0.453987
4479.08	0.463689
4533.78	0.466488
4585.48	0.470348
4637.98	0.475532
4686.83	0.486415
4732.65	0.498634
4777.33	0.511695
4819.71	0.525173
4859.6	0.539197
4897.49	0.553425
4933.32	0.567373
4967.01	0.58031
4998.16	0.591109
5029.49	0.597728
5059.01	0.60572
5085.88	0.617169
5109.66	0.634377
5130.03	0.660294
5144.84	0.693733
5158.13	0.72522
5171.86	0.718408
5184.85	0.557084
5196.1	0.434232
5203.91	0.332483
2784.03	0.158336
2795.02	0.157896
2822	0.156933
2874.48	0.154882
2936.81	0.15183
3005.08	0.148855
3077.25	0.145193
3151.79	0.141342
3227.09	0.137496
3302.41	0.13381
3377.14	0.130732
3450.67	0.128942
3523.1	0.129963
3595.01	0.137339
3665.57	0.159772
3732.27	0.21668
3820.23	0.309007
3899.31	0.358013
3972.35	0.384737
4043.97	0.401115
4114.57	0.413661
4184.31	0.424318
4248.56	0.433478
4307.54	0.443447
4372.06	0.453893
4423.13	0.43829
4469.95	0.438583
4532.3	0.445381
4587.8	0.455816
4639.43	0.468342
4687.92	0.481528
4733.95	0.495188
4778.17	0.509187
4820.4	0.523545
4859.87	0.538572
4897.69	0.553745
4933.67	0.568655
4967.84	0.582466
5000.87	0.593404
5029.54	0.596324
5058.14	0.603104
5084.38	0.61025
5107.8	0.617377
5127.49	0.624768
5145.55	0.630894
5160.44	0.631136
5173.92	0.593676
5186.32	0.512808
5197.47	0.403485
5204.82	0.311879
2820.31	0.156465
2833.16	0.155669
2860.56	0.1541
2903.96	0.151753
2958.39	0.148859
3020.45	0.145682
3087.85	0.142245
3158.92	0.138677
3232.25	0.135074
3306.73	0.13153
3380.98	0.128212
3452.99	0.125432
3524.09	0.123893
3594.96	0.12545
3664.73	0.134719
3733.76	0.161872
3802.09	0.217074
3891.46	0.299783
3962.84	0.328523
4034.26	0.352582
4103.97	0.370565
4172.97	0.383007
4236.22	0.391564
4301.46	0.398558
4364.27	0.407793
4421.83	0.414705
4477.16	0.427716
4535.38	0.440224
4591.59	0.452081
4641.62	0.46519
4689.01	0.480194
4734.53	0.494361
4778.47	0.508
4821.26	0.520614
4859.2	0.522729
4897.18	0.531445
4933.37	0.53865
4967.54	0.545184
4998.1	0.550969
5029.88	0.556186
5058.6	0.563644
5084.68	0.568454
5108.07	0.569621
5128.65	0.566012
5146.92	0.556927
5162.75	0.537804
5176.7	0.499627
5189.46	0.428449
5200.49	0.348357
5206.04	0.260137
2844.53	0.155163
2857.54	0.154293
2883.87	0.152662
2923.2	0.150391
2973.17	0.147647
3031.35	0.144577
3095.74	0.141273
3164.79	0.137826
3237.32	0.134308
3312.39	0.1308
3388.19	0.127446
3457.35	0.124671
3526.27	0.123298
3596.44	0.126808
3663.59	0.140121
3731.44	0.175623
3806.29	0.211334
3882	0.218027
3955.85	0.195155
4023.84	0.210004
4090.04	0.238172
4162.6	0.283925
4230.69	0.327612
4295.12	0.36509
4359.22	0.391035
4420.26	0.410014
4478.98	0.426142
4538.06	0.438324
4599.31	0.446744
4644.26	0.427952
4689.81	0.432759
4734.56	0.436674
4777.88	0.439171
4817.08	0.43765
4858.79	0.437352
4897.48	0.44258
4933.95	0.448474
4968.29	0.454147
5000.35	0.459461
5031.05	0.46576
5059.52	0.46867
5085.58	0.467815
5109.17	0.462167
5130.33	0.450456
5149.31	0.431916
5166.34	0.404087
5181.38	0.368742
5194.38	0.326705
5203.19	0.275709
5207.01	0.222785
2856.55	0.154483
2869.42	0.153609
2895.03	0.151998
2932.66	0.149795
2980.63	0.147138
3037	0.144145
3099.98	0.140909
3168.22	0.137504
3240.97	0.13399
3318.49	0.130419
3403.24	0.126866
3463.16	0.124532
3528.26	0.122898
3591.77	0.121363
3663.18	0.12255
3734.58	0.129534
3808.27	0.140257
3882.2	0.144962
3954.62	0.140376
4024.2	0.147799
4092.06	0.159707
4159.46	0.175866
4221.6	0.204344
4284.06	0.248475
4354.08	0.292043
4418.49	0.312668
4478.73	0.320444
4537.42	0.324889
4594.06	0.32739
4643.5	0.31944
4690.13	0.322925
4734.98	0.328538
4778.07	0.334077
4818.96	0.33892
4859.35	0.344688
4897.94	0.348204
4934.51	0.350311
4969.02	0.351282
5001.51	0.351303
5032.13	0.350508
5060.66	0.347718
5086.92	0.342798
5110.9	0.335658
5132.67	0.326393
5152.48	0.315402
5170.67	0.303787
5185.72	0.286454
5196.8	0.255363
5203.92	0.222799
5207.64	0.215332
4607.89	0.486948
4644.29	0.488567
4689.64	0.493958
4734.34	0.502441
4777.98	0.511728
4809.25	0.517112
4824.04	0.560591
4858.69	0.562408
4896.91	0.569712
4933.11	0.576358
4967.47	0.582942
4994.24	0.586172
5004.87	0.620221
5029.01	0.62244
5057.83	0.631495
5084.05	0.641889
5107.46	0.65576
5125.76	0.670339
5132.44	0.704338
5143.8	0.707591
5148.98	0.724184
2752.47	0.430975
2839.35	0.430259
2922.49	0.430152
2961.19	0.445243
3054.24	0.444209
3159.22	0.44396
3227.18	0.44175
3259.77	0.444708
3343.34	0.443872
3436.66	0.44392
3499.68	0.442756
3532.75	0.44665
3611.76	0.445777
3697.82	0.445147
3754.37	0.44371
3786.44	0.442461
3861.37	0.442279
3940.55	0.44425
3987.38	0.444393
4016.25	0.453277
4081.42	0.452996
4146.58	0.453487
4180.57	0.453332
4197.57	0.452928
4128.93	0.539462
4158.18	0.539072
4215.96	0.540117
4275.63	0.540597
4327.23	0.545376
4383.29	0.545776
4434.28	0.547097
4484.84	0.5469
4521.3	0.546945
4540.83	0.554699
4584.56	0.555705
4630.84	0.561848
4675.45	0.564689
4712.05	0.572645
4750.03	0.574635
4791.59	0.577923
4831.02	0.580173
4866.06	0.582215
4871.33	0.588551
4731.66	0.611833
4767.06	0.613618
4807.47	0.616251
4847.83	0.619363
4888.17	0.621983
4927.96	0.624711
4966.94	0.62767
5004.94	0.630802
5041.99	0.633975
5077.18	0.63776
5109.8	0.641935
5139.39	0.645593
5165.77	0.646575
5185.41	0.638059
5205.12	0.622861
5220.95	0.591686
5233.63	0.546752
5240.33	0.466868
4754.95	0.569735
4785.21	0.573299
4799.5	0.591968
4822.64	0.592214
4858.19	0.598366
4892.37	0.606997
4924.25	0.615494
4937.03	0.640666
4954.51	0.641654
4987.35	0.647229
5019.08	0.654343
5050.67	0.659045
5061.83	0.653124
5076.46	0.652631
5101.38	0.655753
5122.55	0.652618
5141.56	0.637739
5150.53	0.61207
5159.74	0.609572
5172.57	0.57174
5184.66	0.494194
5193.66	0.440282
4174.85	0.488253
4202.1	0.488443
4223.21	0.499424
4263.72	0.499227
4322.6	0.506456
4378.39	0.512409
4434.03	0.51649
4470.13	0.518438
4490.73	0.535169
4539.02	0.536492
4590.69	0.540586
4630.7	0.553145
4669.63	0.556074
4685.47	0.574083
4717.54	0.574432
4760.49	0.581067
4802.53	0.584512
4843.36	0.5871
4866.49	0.587683
4881.7	0.589685
4901.47	0.589955
2943.29	0.457235
2968.66	0.45599
3001.02	0.457028
3063.57	0.455884
3160.52	0.457759
3244.58	0.457542
3277.29	0.470333
3339.41	0.469374
3423.57	0.473039
3496.7	0.472925
3523.34	0.486331
3580.21	0.485681
3657.12	0.488738
3719.93	0.488764
3742.77	0.499498
3796.29	0.498932
3865.97	0.500321
3921.53	0.499629
3935.63	0.500397
3986.74	0.499784
4050.72	0.500318
4101	0.49919
4110.08	0.485564
3809.31	0.529879
3864.65	0.529759
3937.85	0.530366
4011.39	0.530714
4083.2	0.531549
4149.1	0.534484
4211.24	0.537164
4270.16	0.539643
4331.75	0.540391
4380.77	0.546621
4430.76	0.549066
4481.34	0.551333
4530.26	0.554322
4578.74	0.555914
4626.09	0.557089
4662.82	0.55717
4678.87	0.563416
4713.66	0.563339
4750.34	0.564541
4775.4	0.564276
4134.49	0.51891
4184.8	0.521036
4242.7	0.52527
4300.53	0.529883
4357.51	0.534165
4413.53	0.537595
4459.32	0.539177
4479.07	0.561093
4519.86	0.561621
4570.41	0.570086
4618.5	0.575196
4664.56	0.580106
4708.75	0.584807
4750.76	0.589259
4787.81	0.595241
4823.52	0.598766
4859.03	0.600655
4887.82	0.601453
4899.72	0.609182
4925.34	0.60959
4955.64	0.611464
4975.48	0.612702
3958	0.495323
4011.78	0.496686
4077.47	0.500865
4140.97	0.505569
4202.63	0.509499
4240.37	0.511363
4263.69	0.53309
4317.98	0.534316
4375.09	0.537375
4430.4	0.540584
4483.32	0.544738
4532.29	0.550769
4575.09	0.560386
4625.88	0.563458
4673.31	0.569169
4717.94	0.573967
4753.6	0.575317
4768	0.591607
4800.22	0.591744
4840.17	0.593449
4867.73	0.593758
4074.16	0.484313
4114.38	0.483997
4129.4	0.486479
4178.46	0.486804
4237.67	0.488715
4296.3	0.490373
4353.91	0.492197
4410.2	0.493885
4464.81	0.495185
4518.16	0.495494
4569.1	0.494983
4601.69	0.493574
4618.09	0.481302
4658.66	0.481891
4702.43	0.485494
4745.19	0.4878
4784.42	0.491079
4821.35	0.494757
4855.57	0.49765
4884.06	0.499812
3185.42	0.501868
3251.96	0.501807
3339.81	0.50249
3428.29	0.502912
3515.88	0.503723
3601.91	0.504803
3685.94	0.506094
3767.53	0.507588
3846.31	0.509342
3922.37	0.511064
3995.7	0.512735
4065.82	0.514514
4130.58	0.517147
4197.11	0.517509
4262.59	0.517437
4323.92	0.517491
4376.59	0.517204
4423.57	0.51681
4443.38	0.518303
4544.07	0.422444
4562.45	0.424431
4576.85	0.508583
4614.25	0.511725
4633.73	0.545706
4660.78	0.545872
4695	0.548989
4710.55	0.564027
4744.73	0.565408
4757.9	0.58396
4787.7	0.584309
4808.98	0.589034
4825.96	0.591166
4853.31	0.592651
4864	0.597174
4892.96	0.59739
4906.34	0.608519
4930.05	0.608623
4954.36	0.612503
4968.81	0.618229
4995.21	0.620841
5004.74	0.632826
5028.81	0.634467
5046.65	0.639356
5066.31	0.638976
5089.09	0.643971
5097.08	0.643903
4361.86	0.541497
4378.7	0.541181
4425.15	0.543215
4474.81	0.545509
4522.93	0.546851
4543.13	0.558362
4575.61	0.558271
4621.56	0.567526
4667.58	0.571904
4708.96	0.577153
4727.1	0.587184
4752.73	0.58709
4791.81	0.59255
4829.97	0.595118
4866.51	0.596766
4882.3	0.599797
4900.74	0.599626
4940.68	0.612309
4976.86	0.61814
5010.63	0.623227
5027.88	0.625495
5044.01	0.625535
5068.63	0.627846
2637.79	0.380651
2659.08	0.387074
2726.31	0.386638
2843.42	0.39287
2950.43	0.401528
3034.71	0.405944
3067.71	0.455745
3143.19	0.45564
3233.71	0.46367
3319.9	0.46735
3375.69	0.468234
3410.35	0.484828
3485.21	0.485403
3563.76	0.488524
3636.63	0.489855
3670.11	0.497414
3718.83	0.496513
3792.03	0.499387
3860.23	0.500396
3914.51	0.50008
3936.28	0.507343
3986.65	0.506833
4031.35	0.507249
4090.89	0.498826
4116.69	0.499149
4136.96	0.530339
4192.45	0.531179
4256.61	0.535871
4319.09	0.540718
4379.79	0.545488
4410.66	0.54793
4440.36	0.548571
4493.87	0.552998
4544.77	0.557097
4593.95	0.560823
4636.79	0.562282
4652.4	0.579317
4684.88	0.579502
4731.28	0.582528
4772.69	0.586459
4813.22	0.588869
4842.71	0.589574
4856.87	0.596816
4889.96	0.596924
4912.88	0.597529
4597.65	0.531382
4605.4	0.534533
4633.61	0.53478
4668.99	0.539866
4681.78	0.561598
4712.1	0.562373
4744.79	0.565366
4754.77	0.584117
4787.1	0.58492
4818.31	0.586559
4833.29	0.597851
4869.84	0.598709
4896.48	0.59981
4906	0.606965
4938.75	0.609946
4953.89	0.619204
4970.52	0.619056
5000.07	0.623221
5009.59	0.633493
5028.48	0.633917
5055.44	0.639572
5063.68	0.657096
5083.76	0.658699
5103.96	0.669007
5109.23	0.682881
5121.48	0.685603
3400.05	0.478973
3462.44	0.478693
3547.52	0.479921
3631.96	0.480822
3710.33	0.484332
3782.03	0.489712
3850.92	0.492755
3914.7	0.494866
3941.15	0.509389
3977.73	0.508897
4041.77	0.511582
4102.25	0.514957
4159.81	0.518929
4217.27	0.521805
4274.69	0.525195
4332.21	0.528405
4388.76	0.531659
4443.15	0.534985
4495.69	0.537348
4542.73	0.538612
4560.3	0.547051
4588.07	0.546798
4608.18	0.549885
3774.21	0.482155
3794.6	0.481619
3814.85	0.49913
3865.62	0.498902
3934.08	0.503206
4000.84	0.50519
4044.63	0.505555
4070.92	0.512429
4129.32	0.512047
4179.4	0.502869
4236.44	0.502888
4261.27	0.506207
4301.75	0.505763
4359.93	0.512802
4416.53	0.516571
4457.98	0.518281
4478.58	0.533984
4524.79	0.534926
4575.88	0.541684
4623.08	0.546713
4644.2	0.554861
4670.73	0.554558
4715.61	0.557721
4757.53	0.559912
4784.25	0.561236
4045.47	0.530792
4051.28	0.531091
4094.32	0.530945
4157.73	0.531722
4221.92	0.532417
4277.42	0.53834
4331.65	0.541347
4386.1	0.543548
4440.04	0.546448
4491.15	0.550316
4530.11	0.551519
4548.3	0.573456
4589.83	0.57418
4635.35	0.579916
4683.12	0.581543
4724.29	0.588563
4771.87	0.590201
4815.98	0.593667
4857.39	0.595814
4898.05	0.596171
4920.06	0.596252
4926.03	0.595839
4208.91	0.467189
4248.33	0.467847
4271.02	0.490228
4313.68	0.490134
4362.74	0.493932
4382.65	0.513068
4430.68	0.513717
4469.46	0.517323
4490.74	0.531655
4539.25	0.533836
4563.86	0.542636
4591.4	0.542214
4635.19	0.545854
4651.62	0.559824
4687.44	0.55984
4722.59	0.565056
4735.74	0.585622
4772.75	0.586351
4800.76	0.58889
4817.17	0.597457
4853.72	0.598336
4870.51	0.605397
4892.78	0.604958
4926.61	0.605532
4940.67	0.604051
4958.05	0.603642
4959.74	0.599268
4961.97	0.600123
4984.09	0.599962
4994.66	0.606035
5019.15	0.60611
5029.13	0.617042
5052.05	0.617442
5059.12	0.632954
5077.46	0.634139
5084.38	0.650737
5100.49	0.652282
5107.32	0.675633
5122.7	0.677659
5127.89	0.710662
5139.77	0.71337
5146.75	0.735432
5158.73	0.736856
5163.17	0.742865
5171.7	0.742541
5174.92	0.679584
5181.12	0.667407
5184.18	0.551445
5190.06	0.532218
5192.48	0.458749
5193.45	0.447942
4375.52	0.494316
4423.79	0.499072
4454.64	0.503488
4479.68	0.511524
4533.66	0.514108
4582.81	0.519043
4602.36	0.541683
4637.3	0.54183
4686.49	0.5503
4723.23	0.553455
4738.71	0.577391
4775.91	0.578363
4818.32	0.58637
4842.34	0.588947
4859.21	0.596614
4894.76	0.597704
4928.08	0.5996
4941.87	0.610837
4965.58	0.610902
4999.97	0.615483
5025.71	0.617682
5036.12	0.622867
5057.1	0.623561
4100.42	0.526415
4141.04	0.526145
4190.56	0.526192
4210.3	0.5326
4255.08	0.532419
4313.65	0.536252
4369	0.539292
4425.46	0.54111
4479.17	0.54488
4529.32	0.549389
4573.69	0.551128
4592	0.563331
4624.92	0.563358
4671.03	0.570545
4715.57	0.574242
4757.58	0.578934
4796.6	0.58371
4841.02	0.584864
4880.35	0.586656
4896.06	0.589254
4911.8	0.589079
4106.81	0.517876
4156.96	0.519083
4185.9	0.523582
4215.89	0.522887
4277.07	0.523042
4307.22	0.525461
4332.91	0.52552
4381.15	0.524326
4411.67	0.525398
4432.6	0.530022
4480.57	0.53192
4512.72	0.533904
4531.88	0.541936
4576.82	0.543023
4610.05	0.544868
4627.93	0.554582
4669.3	0.556048
4700.27	0.559158
4715.05	0.574946
4751.99	0.575884
4781.36	0.577792
4794.82	0.58566
4826.33	0.585965
4851.88	0.587181
4855.47	0.587058
4287.68	0.528686
4326.67	0.52899
4378.22	0.532009
4428.44	0.535978
4471.88	0.537903
4487.91	0.554181
4524.52	0.554291
4576.58	0.559932
4625.97	0.56549
4668.75	0.573801
4688.98	0.580905
4712.51	0.580674
4751.72	0.58553
4787.86	0.590623
4827.45	0.59253
4850.63	0.594095
4862.67	0.60002
4893.81	0.601032
4925.5	0.606509
4957.98	0.609431
4981.3	0.611428
4988.83	0.619925
5011.06	0.620411
5001.89	0.599338
5007.02	0.605876
5021.96	0.605273
5029.18	0.602255
5032.03	0.60643
5046.75	0.607201
5054.53	0.608015
5057.05	0.620951
5070.46	0.6232
5078.25	0.628467
5081.29	0.642471
5092.53	0.645714
5100.78	0.649004
5102.88	0.668279
5112.86	0.672774
5120.21	0.672065
5123.15	0.685885
5131.24	0.69218
5137.61	0.690426
5139.67	0.716125
5145.67	0.727532
5150.82	0.729415
5151.95	0.759359
5156.74	0.769599
5158	0.769995
3754.19	0.417955
3775.07	0.431908
3816.65	0.431411
3842.87	0.447238
3886.38	0.446723
3913.11	0.434759
3943.32	0.436976
3979.3	0.436197
4002.28	0.465079
4042.3	0.465332
4066.1	0.493129
4096.45	0.496049
4128.57	0.495232
4152.74	0.497135
4191.27	0.496746
4213.14	0.504934
4241.95	0.508177
4268.45	0.511255
4285.71	0.506781
4320.58	0.505883
4339.34	0.477487
4360.48	0.469596
4375.65	0.459291
4229.63	0.520943
4278.65	0.521469
4326.05	0.522057
4341.12	0.534065
4385.63	0.53413
4440.64	0.539766
4482.03	0.541635
4500.28	0.560777
4544.02	0.561234
4590.86	0.566824
4622.63	0.568476
4638.44	0.58295
4682.02	0.584035
4732.58	0.586237
4759.52	0.588577
4780.04	0.593457
4822.68	0.594542
4864.56	0.596994
4886.37	0.597431
4911.53	0.597094
4953.82	0.597734
4982.49	0.597847
4986.91	0.598054
4986.96	0.598418
4138.83	0.539306
4178.33	0.540226
4238.64	0.543462
4298.28	0.547749
4355.78	0.552883
4411.46	0.557865
4465.32	0.562798
4518.62	0.566597
4570.74	0.570465
4621.7	0.573878
4671.58	0.576725
4719.88	0.579491
4764.62	0.583531
4807.57	0.586295
4833.39	0.587115
4849.6	0.595223
4886.61	0.595858
4924.83	0.597236
4962.81	0.597326
4993.5	0.597672
4969	0.599082
4973.77	0.599312
4994.39	0.599252
5006.41	0.605952
5023.04	0.608058
5039.08	0.607819
5050.67	0.615293
5070.56	0.615696
5081.19	0.624464
5095.91	0.626342
5110.17	0.625949
5119.75	0.637752
5136.25	0.639046
5144.44	0.649933
5154.93	0.656736
5165.07	0.657008
5169.95	0.67508
5182.16	0.677119
5186.57	0.704461
5192.95	0.716797
5199.15	0.717571
5200.86	0.718886
5208.44	0.719352
5210.22	0.764086
5214.12	0.759957
5216.28	0.759455
4638.17	0.578278
4672.82	0.579388
4713.01	0.58186
4752.33	0.585087
4780.25	0.586466
4794.62	0.59679
4826.2	0.597491
4860.81	0.601179
4894.18	0.604747
4921.85	0.607273
4931.66	0.628693
4955.18	0.630247
4984.53	0.639573
5014.49	0.64613
5045.31	0.650764
5053.96	0.670826
5073.78	0.672221
5099.44	0.692564
5120.88	0.710682
5138.97	0.724435
5148.23	0.724979
5153.5	0.703691
5160.34	0.699603
3722.6	0.503687
3778.27	0.50447
3845.67	0.506588
3913.7	0.508864
3978.06	0.513345
4041.93	0.516656
4102.3	0.52135
4160.65	0.524728
4196.3	0.526085
4221.59	0.538392
4275.06	0.539822
4330.21	0.542601
4386.65	0.544387
4441.7	0.547198
4494.81	0.550171
4545.19	0.55305
4590.18	0.556539
4636.42	0.556974
4675.21	0.556112
4689.42	0.55924
4714.81	0.559122
3895.62	0.525479
3937.96	0.525671
4000.76	0.530032
4060.39	0.535871
4118.63	0.540701
4175.79	0.545218
4233.38	0.548389
4290.36	0.551627
4345.92	0.554884
4400.92	0.557172
4455.05	0.55906
4507.94	0.560634
4552.48	0.561185
4569.1	0.575201
4604.31	0.575245
4652.09	0.579466
4697.39	0.581519
4748.57	0.581765
4793.92	0.584435
4835.29	0.586568
4863.41	0.587489
3410.73	0.126598
3463.4	0.124866
3529.12	0.124422
3571.34	0.127859
3598.84	0.131872
3663.13	0.14908
3729.07	0.201528
3805.77	0.315051
3880.84	0.363007
3916.24	0.402695
3961.56	0.403016
4033.95	0.41649
4103.83	0.424545
4173.09	0.430413
4232.07	0.433024
4258.36	0.447713
4306.72	0.447123
4371.16	0.44613
4422.67	0.440096
4463.96	0.439159
4457.41	0.561093
4457.79	0.561543
4499.38	0.562466
4548.24	0.564777
4582.28	0.566102
4599.1	0.578651
4641.7	0.579507
4687.38	0.584389
4721.92	0.585814
4737.1	0.599551
4774.3	0.599768
4816.6	0.604919
4850.52	0.606131
4864.49	0.615873
4895.83	0.616468
4934.05	0.622742
4963.92	0.628336
4980.57	0.63198
5010.55	0.632055
5047.1	0.639666
5077.52	0.6451
5087.26	0.65508
5105.78	0.655756
5122.01	0.662999
4416.99	0.593698
4449.54	0.593793
4496.81	0.59604
4544.23	0.597759
4593.54	0.598756
4641.09	0.602894
4687.39	0.607365
4732.84	0.610869
4774.57	0.617937
4816.09	0.621895
4854.76	0.628779
4892.53	0.633964
4928.43	0.640863
4966.39	0.645616
5004.2	0.651005
5039.43	0.659358
5071.53	0.669529
5100.6	0.680155
5122.84	0.695133
5136.98	0.702763
2856.38	0.180627
2861.52	0.18425
2882.93	0.195842
2964.22	0.23972
3033.09	0.302477
3059.91	0.340977
3141.37	0.348031
3213.97	0.369529
3242.33	0.431436
3309.26	0.43344
3384.82	0.445281
3418.74	0.46775
3475.58	0.467082
3556.6	0.476301
3600.81	0.478382
3638.55	0.482914
3713.59	0.483755
3768.04	0.484792
3795.77	0.499794
3859.69	0.499582
3917.5	0.499921
3938.42	0.506629
3986.51	0.50608
4033.2	0.507222
4342.49	0.537324
4383.53	0.540514
4415.2	0.543343
4435.7	0.561173
4483.48	0.562532
4531.38	0.568115
4580.46	0.570952
4605.23	0.574248
4625.99	0.578183
4668.42	0.580144
4712.81	0.582784
4753.54	0.587289
4770.87	0.594515
4791.73	0.594378
4829.95	0.596695
4867.36	0.598743
4902.69	0.599541
4915.91	0.609595
4937.09	0.609598
4970.36	0.613023
5001.12	0.615652
5023.53	0.61623
2892.79	0.479472
2967.39	0.47901
3065.22	0.481738
3161.9	0.483071
3255.8	0.484904
3347.47	0.486609
3435.39	0.489004
3519.95	0.491341
3601.52	0.493547
3680.15	0.495785
3754.76	0.49879
3826.9	0.500801
3895.11	0.503647
3964.83	0.504307
4032.13	0.505465
4096.55	0.50644
4159.9	0.506304
4222.3	0.505614
4273.8	0.506123
4311.97	0.50672
3034	0.455945
3067.89	0.454716
3152.1	0.455908
3188.26	0.465839
3248.23	0.464772
3333.38	0.468212
3371.29	0.472479
3422.5	0.471346
3503.56	0.474608
3546.62	0.474605
3591.52	0.473346
3671.86	0.474893
3717.7	0.474338
3755.08	0.474193
3827.81	0.474138
3875.22	0.473775
3906.88	0.475575
3972.11	0.475651
4018.39	0.475768
4044.13	0.479643
4102.79	0.47922
4148.65	0.478787
4170.67	0.480578
4220.38	0.480584
4259.77	0.481669
4266.57	0.489795
4484.55	0.584826
4489.93	0.584515
4530.78	0.586109
4577.55	0.587893
4625.64	0.58967
4672.42	0.592925
4717.52	0.596364
4761.4	0.599058
4800.83	0.607999
4840.11	0.613247
4877.35	0.619484
4921.66	0.621194
4954.49	0.622082
4970.08	0.636084
5005.17	0.637268
5044.03	0.643147
5079.79	0.649596
5110.99	0.659462
5140.2	0.669215
5165.79	0.681347
5185.76	0.693668
4781.69	0.596292
4802.88	0.596323
4842.56	0.598462
4882.52	0.600327
4923.94	0.602132
4964.63	0.603543
4995.37	0.603698
5007.21	0.615432
5033.41	0.616066
5068.43	0.616583
5101.04	0.616577
5130.64	0.614274
5156.88	0.606279
5179.46	0.594632
5198.39	0.577012
5211.54	0.525204
5225.28	0.436008
5242.03	0.344107
5258.17	0.300803
5263.33	0.275269
4011.5	0.505849
4060.74	0.50664
4117.06	0.507819
4162.4	0.508094
4179.87	0.515389
4224.48	0.515373
4277.23	0.51985
4336.65	0.521421
4373.31	0.522468
4394.54	0.534347
4445.12	0.535752
4497.68	0.54131
4545.49	0.545649
4564.82	0.558899
4593.5	0.558766
4641.36	0.562984
4688.12	0.565816
4725.81	0.56685
4738.38	0.577647
4773.3	0.577673
4816.51	0.580498
4848.17	0.581952
4229.12	0.521387
4244.26	0.523167
4277.74	0.522705
4327.83	0.52395
4344.72	0.535088
4389.6	0.535001
4433.08	0.538425
4452.21	0.556977
4496.92	0.556978
4530.19	0.557265
4550.13	0.558216
4595.87	0.558786
4617.44	0.560672
4643.28	0.560222
4683.25	0.561283
4697.8	0.565514
4728.41	0.565551
4766.18	0.56794
4781.04	0.582388
4816.23	0.582946
4845.59	0.585424
4860.16	0.591423
4894.67	0.592132
4914.76	0.593874
4931.46	0.594526
4963.01	0.595356
4975.66	0.596717
4985.09	0.596643
4593.57	0.517096
4597.02	0.517268
4623.31	0.517405
4637.21	0.524871
4657.64	0.528388
4672.5	0.537328
4688.04	0.546743
4709.95	0.546675
4720.58	0.565475
4745.39	0.565707
4756.35	0.570734
4777.17	0.571885
4791.91	0.575055
4806.25	0.576668
4825.93	0.576531
4836.3	0.58312
4857.05	0.583476
4865.3	0.592745
4884.27	0.593579
4894.43	0.598228
4907.94	0.601424
4924.7	0.601058
4933.74	0.601963
4951.21	0.601506
4955.18	0.587318
4340.24	0.543118
4371.78	0.544061
4388.61	0.562092
4433.71	0.562749
4483.56	0.566472
4531.41	0.570065
4580.47	0.572158
4627.35	0.576524
4673.55	0.579684
4714.69	0.585529
4750.84	0.591795
4787.07	0.594076
4827.85	0.595529
4869.25	0.596466
4899.9	0.596873
4914.84	0.605346
4948.59	0.605698
4985.24	0.609933
5018.49	0.612593
5039.43	0.614403
2814.72	0.420481
2845.11	0.419112
2913.67	0.421478
2954.9	0.439354
3052.97	0.43893
3133.59	0.438399
3166.27	0.452942
3247.22	0.452099
3335.82	0.45099
3371.13	0.452938
3438.82	0.451741
3527.56	0.452852
3569.55	0.452209
3616.95	0.450955
3700.56	0.452521
3754.32	0.452124
3784.66	0.457118
3855.18	0.457216
3914.92	0.458024
3939.36	0.477544
3997	0.477492
4058.24	0.480743
4082.7	0.494445
4128.29	0.493648
4169.72	0.487912
3488.21	0.476737
3498.03	0.476941
3546.09	0.476205
3627.09	0.477052
3703.13	0.478221
3735.07	0.488711
3781.23	0.487954
3854.76	0.496657
3923.66	0.503809
3958.66	0.507844
3997.48	0.506943
4066.73	0.51262
4132.61	0.518133
4168.58	0.520504
4199.21	0.525866
4255.83	0.527733
4314.46	0.529371
4350.89	0.530169
4375.85	0.536526
4430.56	0.535492
4485.77	0.53225
4517.44	0.527909
4534.96	0.520697
4569.52	0.520599
3652.77	0.509609
3717.77	0.511304
3788.24	0.513518
3858.01	0.516155
3925.59	0.519241
3991.62	0.521931
4053.26	0.526617
4113.06	0.529556
4172.14	0.531447
4225.79	0.535853
4273.32	0.537024
4296.1	0.550384
4339.8	0.550332
4396.14	0.555219
4451.21	0.556299
4504.93	0.557142
4557.6	0.5575
4605.18	0.558479
4652.08	0.558812
4692.52	0.559291
