3602.57	0.116118
3613.61	0.115626
3636.18	0.114629
3669.69	0.113165
3711.03	0.111398
3755.8	0.109528
3799.92	0.107725
3840.43	0.1061
3875.7	0.10471
3905.12	0.103568
3928.85	0.102659
3947.48	0.101953
3961.77	0.101416
3972.52	0.101014
3980.46	0.10072
3986.17	0.100509
3990.28	0.100357
3993.22	0.100249
3995.3	0.100172
3996.76	0.100119
3997.78	0.100081
3998.5	0.100055
3999.01	0.100036
3999.39	0.100022
3999.68	0.100012
3999.93	0.100002
4000.16	0.099994
4000.38	0.099986
4000.63	0.0999769
4000.93	0.0999658
4001.32	0.0999518
4001.81	0.0999337
4002.45	0.0999103
4003.29	0.0998796
4004.41	0.0998387
4005.92	0.0997836
4007.96	0.099709
4010.64	0.0996114
4014.06	0.0994868
4018.35	0.099331
4023.58	0.0991417
4029.74	0.0989191
4036.7	0.0986684
4044.14	0.0984015
4051.48	0.0981389
4057.96	0.0979088
4062.83	0.097739
4065.81	0.0976292
4067.22	0.0975781
4067.7	0.0975612
3562.22	0.118072
3573.49	0.117573
3597.88	0.116473
3636.23	0.114723
3684.07	0.112607
3735.34	0.110414
3785.04	0.108349
3829.93	0.106528
3868.44	0.104999
3900.18	0.103761
3925.52	0.102787
3945.26	0.102037
3960.31	0.101471
3971.6	0.101049
3979.91	0.10074
3985.75	0.100524
3989.98	0.100368
3993.02	0.100256
3995.18	0.100177
3996.68	0.100122
3997.72	0.100083
3998.45	0.100057
3998.98	0.100038
3999.36	0.100023
3999.67	0.100012
3999.94	0.100002
4000.21	0.0999925
4000.41	0.099985
4000.68	0.0999752
4001	0.0999633
4001.41	0.0999482
4001.95	0.0999287
4002.62	0.099904
4003.5	0.099872
4004.66	0.0998296
4006.22	0.0997727
4008.42	0.0996923
4011.3	0.0995875
4014.99	0.0994531
4019.66	0.0992835
4025.42	0.099075
4032.29	0.0988268
4040.21	0.0985422
4048.85	0.0982329
4057.57	0.0979247
4065.35	0.0976706
4070.96	0.09755
4073.97	0.0973601
4074.99	0.097305
4075.12	0.0972979
3481.3	0.12201
3491.69	0.121613
3518.33	0.120434
3567.64	0.117973
3629.97	0.115055
3695.06	0.11217
3756.14	0.109568
3809.7	0.107357
3854.52	0.105556
3890.71	0.104132
3919.15	0.103032
3940.99	0.102199
3957.49	0.101577
3969.81	0.101116
3979.01	0.100774
3984.87	0.100556
3989.35	0.100391
3992.62	0.100271
3994.94	0.100186
3996.53	0.100127
3997.59	0.100088
3998.35	0.10006
3998.9	0.10004
3999.31	0.100025
3999.64	0.100013
3999.92	0.100003
4000.19	0.0999931
4000.47	0.0999827
4000.78	0.0999715
4001.14	0.0999583
4001.61	0.099941
4002.24	0.0999181
4002.99	0.0998906
4003.94	0.0998558
4005.18	0.0998106
4006.73	0.0997539
4009.35	0.0996586
4012.6	0.0995401
4016.81	0.0993869
4022.24	0.09919
4029.05	0.0989438
4037.34	0.0986452
4047.17	0.098293
4058.33	0.0979001
4070.12	0.0975316
4080.98	0.097517
4088.21	0.0987082
4091.08	0.0970774
4090.85	0.0967827
4090.03	0.0967769
3361.06	0.128018
3365.51	0.128169
3389.34	0.127514
3460.58	0.123302
3549.29	0.118829
3636.95	0.114768
3715.3	0.111324
3781.45	0.108532
3835.18	0.106336
3877.57	0.104649
3910.26	0.103376
3935.01	0.102427
3953.48	0.101728
3967.13	0.101216
3977.22	0.10084
3983.2	0.100618
3988.35	0.100428
3992.04	0.100292
3994.64	0.100196
3996.33	0.100135
3997.37	0.100096
3998.18	0.100067
3998.78	0.100045
3999.23	0.100028
3999.59	0.100015
3999.9	0.100004
4000.19	0.0999932
4000.49	0.0999822
4000.82	0.0999701
4001.27	0.0999535
4001.82	0.0999335
4002.64	0.0999032
4003.46	0.0998734
4004.49	0.0998356
4005.99	0.0997808
4008.03	0.0997066
4010.86	0.0996034
4014.52	0.0994701
4019.45	0.0992912
4025.99	0.0990543
4034.37	0.0987522
4044.69	0.0983822
4057.39	0.0979344
4072.52	0.0974576
4089.62	0.097439
4106.75	0.101574
4116.23	0.121061
4118.82	0.0998853
4115.25	0.0963176
4112.26	0.0960357
3208.59	0.135812
3193.36	0.137437
3187.8	0.139665
3311.69	0.131155
3446.05	0.123925
3565.91	0.118084
3666.47	0.113489
3747.98	0.109952
3812.3	0.107273
3861.96	0.10527
3899.63	0.103789
3927.77	0.102704
3948.54	0.101914
3963.73	0.101343
3974.74	0.100932
3982.64	0.100639
3987.1	0.100474
3991.35	0.100318
3994.43	0.100204
3996.12	0.100142
3997.21	0.100102
3998.05	0.100071
3998.69	0.100048
3999.18	0.10003
3999.56	0.100016
3999.88	0.100004
4000.19	0.0999929
4000.52	0.0999811
4000.9	0.0999672
4001.39	0.0999492
4002.06	0.0999246
4002.86	0.0998955
4003.9	0.0998572
4005.21	0.0998093
4007.09	0.0997408
4009.59	0.0996496
4012.91	0.0995287
4016.95	0.099382
4022.72	0.0991728
4030.75	0.0988829
4041.27	0.098506
4053.93	0.0980585
4070.31	0.0975346
4090.67	0.0973441
4115.59	0.101497
4145.49	0.140203
4167.13	0.276987
4159.72	0.127501
4147.96	0.0982074
4140.69	0.0952814
3045.89	0.144391
2988.08	0.147789
2835.75	0.148575
3130.4	0.141029
3334.58	0.129962
3491.76	0.121768
3615.79	0.115824
3713.1	0.111467
3788.23	0.108273
3845.31	0.105939
3888.1	0.104241
3919.79	0.103011
3943.02	0.102124
3959.87	0.101488
3971.99	0.101035
3980.59	0.100715
3986.48	0.100497
3990.55	0.100347
3993.58	0.100236
3995.61	0.100161
3996.98	0.100111
3997.94	0.100075
3998.64	0.10005
3999.15	0.100031
3999.56	0.100016
3999.91	0.100003
4000.22	0.099992
4000.57	0.099979
4001	0.0999635
4001.54	0.0999437
4002.26	0.0999174
4003.23	0.099882
4004.43	0.0998378
4005.96	0.0997822
4008.09	0.0997044
4010.83	0.0996044
4014.85	0.0994583
4018.79	0.0993148
4026.23	0.0990463
4036.19	0.0986913
4050	0.0982216
4064.28	0.0977662
4084.94	0.0975717
4110.71	0.100334
4141.94	0.123503
4186.56	0.259482
4249.95	0.469902
4208.07	0.227323
4185.14	0.110218
4172.28	0.09513
2918.67	0.151902
2858.83	0.155553
2731.28	0.154467
3021.33	0.147417
3248.65	0.13478
3428.31	0.12502
3570.21	0.11798
3680.85	0.112898
3765.34	0.109237
3829	0.1066
3876.47	0.104699
3911.53	0.10333
3937.17	0.102346
3955.75	0.101643
3969.08	0.101143
3978.56	0.100791
3985.26	0.100542
3989.38	0.10039
3992.75	0.100266
3995.09	0.10018
3996.68	0.100122
3997.77	0.100082
3998.54	0.100054
3999.09	0.100033
3999.52	0.100017
3999.89	0.100004
4000.23	0.0999916
4000.61	0.0999778
4001.06	0.0999613
4001.62	0.0999406
4002.37	0.0999133
4003.38	0.0998763
4004.75	0.0998263
4006.54	0.0997609
4008.74	0.0996807
4012.12	0.0995575
4016	0.0994165
4021.28	0.0992249
4028.24	0.0989732
4037.79	0.0986312
4052.41	0.09813
4072.29	0.0976631
4097.48	0.0984757
4128.39	0.107964
4169.63	0.151568
4229.87	0.274381
4293.97	0.471831
4248.88	0.241449
4219	0.112938
4202.48	0.0945073
2831.27	0.157431
2781.78	0.160442
2687.42	0.158036
2958.97	0.150915
3189.73	0.138006
3380.03	0.127499
3533.53	0.119737
3654.21	0.114099
3745.42	0.110083
3813.97	0.107212
3865.24	0.105143
3903.26	0.10365
3931.17	0.102575
3951.44	0.101805
3966.02	0.101258
3976.4	0.100871
3983.75	0.100598
3988.99	0.100405
3991.87	0.100299
3994.56	0.1002
3996.33	0.100134
3997.55	0.10009
3998.4	0.100059
3999.01	0.100036
3999.47	0.100019
3999.86	0.100005
4000.24	0.0999913
4000.66	0.0999759
4001.16	0.0999574
4001.77	0.0999354
4002.57	0.0999061
4003.66	0.099866
4005.3	0.0998063
4007.08	0.0997413
4009.56	0.0996507
4012.79	0.0995331
4016.79	0.0993878
4022.56	0.0991786
4029.7	0.0989201
4041.41	0.0984986
4057.45	0.0979279
4078.48	0.0972131
4106.91	0.0965487
4135.57	0.0982843
4185.76	0.1228
4247.35	0.253337
4306.75	0.440954
4274.03	0.218865
4249.05	0.121492
4228.91	0.0943624
2774.59	0.161089
2735.42	0.163356
2664.38	0.159906
2922.22	0.152879
3150.83	0.14007
3345.6	0.129248
3506.61	0.121032
3635.61	0.114966
3729.35	0.110763
3800.45	0.107763
3854.46	0.105572
3895.01	0.103971
3925.04	0.10281
3946.98	0.101974
3962.81	0.101378
3974.1	0.100956
3982.09	0.10066
3987.69	0.100453
3991.52	0.100311
3994.09	0.100217
3995.97	0.100148
3997.3	0.100099
3998.24	0.100064
3998.9	0.10004
3999.39	0.100022
3999.82	0.100007
4000.24	0.0999912
4000.72	0.0999737
4001.35	0.0999507
4001.97	0.0999278
4002.85	0.0998959
4003.92	0.0998566
4005.23	0.0998089
4007.26	0.0997346
4009.81	0.0996417
4013.12	0.0995209
4017.94	0.0993462
4023.87	0.099131
4032.41	0.0988221
4044.77	0.0983778
4062.67	0.0977436
4083.61	0.097033
4110.12	0.0963414
4149.69	0.097969
4200.87	0.126722
4280.81	0.280935
4351.31	0.471849
4303.71	0.244867
4268.56	0.112476
4249.06	0.0930895
2738.84	0.163392
2707.2	0.16511
2650.96	0.160952
2899.71	0.154074
3125.18	0.141408
3321.49	0.130451
3487.91	0.121909
3630.1	0.115278
3716.32	0.111311
3787.43	0.108321
3843.57	0.106027
3886.53	0.104315
3918.69	0.103061
3942.34	0.102154
3959.47	0.101505
3971.69	0.101047
3980.32	0.100726
3986.39	0.100501
3990.62	0.100345
3993.42	0.100242
3995.51	0.100165
3997.02	0.100109
3998.08	0.10007
3998.77	0.100045
3999.28	0.100026
3999.75	0.100009
4000.22	0.099992
4000.74	0.099973
4001.34	0.099951
4001.99	0.0999273
4002.74	0.0998998
4003.86	0.0998589
4005.35	0.0998044
4007.48	0.0997267
4009.72	0.0996448
4013.62	0.099503
4018.79	0.0993149
4026	0.099054
4034.73	0.0987389
4046.96	0.0982996
4063.07	0.0977271
4086.79	0.0969055
4118.07	0.0960697
4160.36	0.0979364
4214.16	0.129106
4303.52	0.28578
4377.18	0.471846
4326.02	0.251061
4285.58	0.11312
4265.24	0.0926347
2716.63	0.164815
2689.91	0.166183
2642.76	0.161581
2885.43	0.15485
3107.78	0.142327
3303.25	0.131379
3468.96	0.122824
3604.31	0.116375
3704.51	0.111828
3781.42	0.108548
3840.27	0.106139
3884.68	0.104375
3917.68	0.103092
3941.88	0.102167
3959.33	0.101509
3971.56	0.101051
3980.17	0.100731
3986.24	0.100506
3990.52	0.100348
3993.58	0.100236
3995.32	0.100172
3997.03	0.100109
3997.96	0.100075
3998.67	0.100049
3999.24	0.100028
3999.72	0.10001
4000.25	0.099991
4000.73	0.0999731
4001.28	0.0999531
4001.98	0.0999274
4002.83	0.0998963
4003.97	0.0998549
4005.57	0.0997963
4007.44	0.099728
4010.32	0.0996232
4014.52	0.09947
4019.84	0.0992768
4027.1	0.0990143
4036.17	0.0986877
4047.07	0.098296
4065.19	0.0976508
4089.52	0.0968091
4123.48	0.0959003
4168.2	0.0978389
4224.28	0.129903
4318.19	0.287009
4393.27	0.471748
4341.28	0.251827
4298.88	0.113126
4277.86	0.0922675
2703	0.165687
2679.34	0.166843
2637.67	0.161971
2876.2	0.155362
3095.97	0.142954
3290.15	0.13204
3455.13	0.123477
3589.86	0.117
3694.83	0.112253
3775.45	0.1088
3836.64	0.106286
3882.48	0.104461
3916.42	0.10314
3941.29	0.10219
3959.3	0.10151
3971.31	0.10106
3979.82	0.100744
3985.91	0.100518
3990.25	0.100358
3993.27	0.100247
3995.35	0.100171
3996.78	0.100118
3997.83	0.100079
3998.58	0.100052
3999.18	0.10003
3999.7	0.100011
4000.18	0.0999934
4000.71	0.0999741
4001.29	0.0999529
4001.99	0.099927
4002.95	0.0998922
4004.17	0.0998474
4005.81	0.0997877
4008.01	0.0997074
4010.91	0.0996015
4014.89	0.0994568
4020.01	0.0992708
4026.88	0.0990221
4036.22	0.0986851
4048.92	0.0982293
4067.04	0.0975864
4090.03	0.0967914
4127.05	0.0957903
4173.79	0.0977373
4231.51	0.13016
4327.73	0.287416
4403.58	0.471735
4351.54	0.251385
4308.65	0.112843
4287.31	0.0919694
2694.75	0.166214
2672.93	0.167245
2634.52	0.162213
2870.26	0.155697
3088.09	0.143376
3281.11	0.132494
3445.58	0.123927
3580.59	0.117411
3687.55	0.112568
3770.29	0.109016
3833.12	0.106429
3880.14	0.104553
3914.92	0.103198
3940.59	0.102216
3960.11	0.10148
3970.75	0.101081
3979.1	0.10077
3985.32	0.10054
3989.83	0.100374
3992.88	0.100261
3994.99	0.100184
3996.47	0.100129
3997.67	0.100086
3998.42	0.100058
3999.08	0.100034
3999.66	0.100013
4000.18	0.0999934
4000.73	0.0999733
4001.36	0.0999504
4002.06	0.0999247
4003.02	0.0998896
4004.25	0.0998446
4005.61	0.0997948
4007.99	0.0997082
4010.94	0.0996004
4014.45	0.0994728
4019.98	0.0992719
4027.23	0.0990094
4036.8	0.098665
4049.2	0.098219
4067.03	0.0975849
4092.11	0.0967191
4130.14	0.09569
4177.93	0.0976406
4236.6	0.130219
4334	0.287569
4410.3	0.47176
4358.41	0.250765
4315.58	0.112537
4294.13	0.0917447
2689.9	0.166524
2669.16	0.167483
2632.63	0.162359
2866.59	0.15591
3082.99	0.143649
3275.02	0.132799
3438.99	0.124236
3574.13	0.117698
3682	0.112807
3765.89	0.109199
3829.8	0.106563
3877.67	0.10465
3913.03	0.103271
3938.91	0.10228
3957.61	0.101573
3970.13	0.101104
3979.03	0.100773
3985.49	0.100534
3990.34	0.100355
3992.97	0.100258
3994.88	0.100188
3996.47	0.100129
3997.49	0.100092
3998.41	0.100058
3999.06	0.100034
3999.63	0.100014
4000.16	0.0999943
4000.73	0.0999732
4001.35	0.0999505
4002.14	0.0999215
4003.06	0.0998881
4004.11	0.0998497
4005.5	0.0997989
4007.6	0.0997222
4010.5	0.0996165
4014.08	0.099486
4019.57	0.0992867
4026.82	0.0990244
4036.43	0.0986775
4049.43	0.0982112
4065.98	0.0976211
4095.22	0.0966133
4132.99	0.0955936
4181.09	0.0975515
4240.19	0.130196
4338.15	0.287615
4414.7	0.471799
4362.99	0.250239
4320.36	0.112289
4298.9	0.091584
2687.26	0.166693
2667.14	0.167611
2631.65	0.162436
2864.65	0.15603
3080.02	0.143812
3271.03	0.132998
3434.31	0.124454
3569.24	0.117915
3677.43	0.113003
3761.95	0.109363
3826.55	0.106694
3875.03	0.104754
3910.89	0.103354
3937.06	0.10235
3955.9	0.101637
3969.12	0.101142
3978.48	0.100793
3985.18	0.100545
3990.19	0.10036
3992.83	0.100263
3994.83	0.10019
3996.45	0.10013
3997.69	0.100085
3998.4	0.100059
3999.04	0.100035
3999.63	0.100013
4000.19	0.0999931
4000.72	0.0999738
4001.31	0.0999519
4002.06	0.0999247
4002.83	0.0998966
4003.86	0.099859
4005.33	0.099805
4007.32	0.0997324
4009.96	0.0996362
4014.34	0.0994766
4019.8	0.0992785
4027.14	0.0990129
4036.67	0.0986696
4048.35	0.0982489
4069.3	0.0975045
4097.82	0.0965221
4135.3	0.0955141
4183.43	0.0974772
4242.7	0.130143
4340.87	0.287614
4417.56	0.471836
4366	0.249856
4323.57	0.11211
4302.14	0.0914738
2686.11	0.166766
2666.37	0.167659
2631.44	0.162454
2864.41	0.156068
3078.95	0.143877
3268.57	0.133114
3430.72	0.124617
3565.07	0.118099
3673.21	0.113183
3758.03	0.109524
3823.11	0.106831
3872.11	0.104868
3908.43	0.103448
3935.01	0.102428
3954.2	0.101701
3967.87	0.101188
3977.59	0.100827
3984.43	0.100573
3989.3	0.100393
3992.67	0.100269
3994.35	0.100207
3996.23	0.100138
3997.49	0.100092
3998.3	0.100062
3999.02	0.100036
3999.61	0.100014
4000.15	0.0999944
4000.72	0.0999738
4001.24	0.0999546
4001.85	0.0999323
4002.61	0.0999046
4003.64	0.0998668
4005.09	0.0998139
4007.1	0.0997403
4009.94	0.0996368
4014.08	0.0994861
4019.67	0.0992832
4027	0.0990177
4037.09	0.0986539
4051.05	0.0981527
4071.59	0.0974237
4099.74	0.0964548
4137.01	0.095455
4185.08	0.097421
4244.37	0.130089
4342.62	0.287596
4419.38	0.471867
4367.92	0.249599
4325.64	0.11199
4304.25	0.0914017
2686.02	0.166769
2666.59	0.167639
2632.12	0.162404
2866.58	0.156006
3080.24	0.143824
3267.2	0.133157
3427.51	0.124756
3560.82	0.118284
3668.72	0.113374
3753.7	0.109703
3819.2	0.106989
3868.7	0.105002
3905.5	0.103561
3932.6	0.10252
3952.22	0.101775
3966.32	0.101246
3976.47	0.100868
3983.41	0.100611
3988.31	0.10043
3991.9	0.100297
3994.34	0.100208
3996.04	0.100145
3997.32	0.100098
3998.26	0.100064
3998.99	0.100037
3999.56	0.100016
4000.12	0.0999956
4000.69	0.0999748
4001.2	0.0999562
4001.73	0.0999367
4002.5	0.0999083
4003.55	0.09987
4005.01	0.0998168
4007.06	0.099742
4009.97	0.0996356
4014.2	0.0994816
4020.23	0.0992628
4027.29	0.099007
4037.74	0.0986302
4052.43	0.0981035
4073.03	0.097373
4101.03	0.0964096
4138.15	0.0954154
4186.12	0.0973838
4245.39	0.130052
4343.64	0.287586
4420.44	0.47189
4369.05	0.249437
4326.89	0.111914
4305.52	0.0913578
2686.6	0.166724
2667.62	0.167556
2634.07	0.162244
2873.46	0.155754
3085.59	0.143565
3266.08	0.133139
3423.77	0.124914
3555.59	0.118511
3663.35	0.113606
3748.45	0.109921
3814.47	0.10718
3864.55	0.105166
3901.82	0.103704
3929.69	0.102631
3949.8	0.101868
3964.28	0.101324
3975.33	0.100911
3982.59	0.100641
3988.03	0.10044
3991.7	0.100305
3994.24	0.100211
3996.01	0.100146
3997.31	0.100098
3998.26	0.100064
3998.98	0.100037
3999.58	0.100015
4000.1	0.0999965
4000.65	0.0999764
4001.11	0.0999595
4001.71	0.0999374
4002.51	0.0999081
4003.59	0.0998688
4005.07	0.0998146
4007.13	0.0997392
4010.05	0.099633
4014.38	0.0994753
4020.84	0.0992408
4027.41	0.0990025
4038.35	0.0986083
4053.33	0.0980716
4073.97	0.0973398
4101.86	0.0963807
4138.8	0.0953925
4186.62	0.0973656
4245.83	0.130044
4344.1	0.287603
4420.92	0.471907
4369.58	0.249339
4327.5	0.111872
4306.16	0.0913356
2687.38	0.166664
2668.94	0.167435
2637.33	0.161891
2891.35	0.15481
3099.94	0.142772
3261.49	0.133259
3418.47	0.125179
3548.02	0.118846
3656.75	0.1139
3741.71	0.110203
3808.68	0.107418
3859.55	0.10537
3896.81	0.103905
3926.35	0.102766
3947.37	0.10196
3964.1	0.10133
3976.24	0.100877
3982.69	0.100637
3987.75	0.10045
3991.4	0.100316
3994	0.10022
3995.82	0.100153
3997.22	0.100102
3998.2	0.100066
3998.94	0.100039
3999.53	0.100017
4000.05	0.0999982
4000.56	0.0999794
4001.1	0.0999596
4001.81	0.0999339
4002.62	0.099904
4003.75	0.0998628
4005.29	0.0998067
4007.37	0.0997306
4010.07	0.0996322
4014.29	0.0994786
4020.54	0.0992516
4029.06	0.0989435
4039.19	0.0985782
4054.09	0.0980445
4074.67	0.0973149
4102.38	0.0963627
4139.01	0.0953844
4186.56	0.0973692
4245.69	0.130082
4344.05	0.287674
4420.91	0.471919
4369.61	0.24928
4327.59	0.111855
4306.27	0.0913307
2687.79	0.166642
2669.14	0.167452
2635.93	0.16212
2878.53	0.155589
3089.22	0.143358
3269.24	0.133002
3413.45	0.125547
3535.01	0.119493
3650.06	0.114244
3732.3	0.110635
3801.81	0.107741
3853.24	0.105622
3895.86	0.10394
3926.19	0.102766
3947.91	0.101939
3963.86	0.101339
3975.23	0.100914
3982.73	0.100636
3988.02	0.10044
3991.53	0.100311
3994	0.10022
3995.82	0.100153
3997.1	0.100106
3998.09	0.10007
3998.86	0.100042
3999.48	0.100019
4000.01	0.0999996
4000.47	0.0999827
4001.1	0.0999596
4001.83	0.0999332
4002.71	0.0999009
4003.79	0.0998614
4005.33	0.0998052
4007.42	0.0997287
4010.31	0.0996233
4014.02	0.0994884
4020.51	0.0992526
4028.99	0.0989459
4039.82	0.098556
4054.76	0.0980207
4075.35	0.0972913
4102.75	0.0963497
4138.81	0.0953905
4185.75	0.0974059
4244.88	0.130197
4343.51	0.287831
4420.44	0.47193
4369.19	0.249245
4327.21	0.111857
4305.91	0.0913413
2688.02	0.166624
2669.59	0.167414
2636.83	0.162064
2881.38	0.155536
3086.74	0.143392
3268.04	0.133084
3411.98	0.125558
3543.46	0.119268
3640.35	0.114682
3727.94	0.110839
3801.25	0.107736
3854.98	0.105548
3896.09	0.103928
3926.14	0.102767
3947.82	0.101942
3963.53	0.101351
3974.71	0.100933
3982.53	0.100643
3988.31	0.10043
3991.42	0.100315
3993.74	0.10023
3995.7	0.100158
3997.05	0.100108
3998.04	0.100072
3998.83	0.100043
3999.49	0.100019
3999.98	0.100001
4000.51	0.0999812
4001.12	0.099959
4001.85	0.0999324
4002.77	0.0998986
4004.03	0.0998527
4005.57	0.0997962
4007.72	0.099718
4010.44	0.0996185
4015.1	0.0994492
4021.04	0.0992333
4029.96	0.0989108
4042.42	0.0984635
4055.41	0.0979972
4076.35	0.0972568
4103.29	0.0963326
4138.22	0.0954136
4183.53	0.0975112
4243.26	0.130417
4342.44	0.288083
4419.5	0.471943
4368.28	0.249239
4326.35	0.111879
4305.08	0.0913671
2687.82	0.166624
2670.03	0.167329
2640.41	0.161622
2907.07	0.154181
3085.99	0.143331
3251.47	0.133841
3414.29	0.125434
3547.43	0.118921
3653.17	0.114044
3740.65	0.11027
3802.83	0.107664
3855.19	0.105557
3896.3	0.103921
3925.97	0.102774
3947.29	0.101961
3962.98	0.101371
3974.11	0.100956
3981.9	0.100666
3987.48	0.10046
3991.18	0.100324
3993.73	0.10023
3995.49	0.100165
3996.9	0.100114
3997.93	0.100076
3998.77	0.100045
3999.43	0.100021
3999.98	0.100001
4000.5	0.0999817
4001.1	0.0999597
4001.81	0.0999337
4002.71	0.0999009
4003.88	0.0998582
4005.41	0.0998021
4007.61	0.099722
4010.64	0.0996114
4015.23	0.0994442
4022.15	0.0991932
4030.84	0.0988786
4043.05	0.0984401
4059.1	0.0978684
4078.52	0.0971848
4104.67	0.0963142
4137.68	0.0955371
4177.58	0.0977432
4241.06	0.130655
4340.93	0.288261
4418.03	0.471958
4366.83	0.249311
4324.96	0.111925
4303.74	0.0914092
2686.55	0.166722
2667.96	0.167526
2635.01	0.162202
2876.02	0.155765
3080.14	0.143723
3259.79	0.133436
3419.23	0.125147
3552.61	0.118662
3660.37	0.113734
3746.12	0.110022
3811.23	0.107309
3861.12	0.105303
3896.86	0.103898
3925.61	0.102793
3945.94	0.102013
3962.18	0.101402
3973.35	0.100984
3980.94	0.100702
3986.68	0.10049
3990.76	0.10034
3993.61	0.100234
3995.59	0.100162
3996.98	0.100111
3998	0.100073
3998.79	0.100044
3999.43	0.100021
3999.98	0.100001
4000.55	0.0999798
4001.14	0.0999582
4001.87	0.0999316
4002.78	0.0998982
4003.93	0.0998562
4005.37	0.0998037
4007.72	0.099718
4010.7	0.0996094
4015	0.0994527
4021.44	0.0992191
4030.1	0.0989056
4042	0.0984775
4057.68	0.0979176
4077.38	0.0972216
4103.61	0.0963208
4138.1	0.0954119
4182.7	0.0974813
4241.58	0.130117
4339.29	0.287681
4415.88	0.471957
4364.64	0.249491
4322.93	0.111986
4301.86	0.091467
2685.01	0.166833
2665.89	0.167685
2631.8	0.162447
2865.46	0.156118
3076.17	0.144
3262.04	0.1334
3422.74	0.124985
3556.92	0.118465
3665.61	0.11351
3751.61	0.109793
3817.67	0.107054
3865.65	0.10512
3901.22	0.103724
3928.54	0.102675
3947.23	0.101965
3961.57	0.101426
3972.24	0.101026
3980.96	0.100702
3986.75	0.100487
3990.82	0.100337
3993.61	0.100234
3995.57	0.100162
3996.95	0.100112
3997.98	0.100074
3998.77	0.100045
3999.42	0.100021
3999.96	0.100002
4000.52	0.0999809
4001.12	0.0999592
4001.82	0.0999334
4002.72	0.0999003
4003.91	0.0998571
4005.51	0.0997986
4007.8	0.0997148
4010.85	0.0996038
4014.55	0.0994689
4021.12	0.0992305
4029.61	0.0989234
4041.74	0.0984867
4058.09	0.0979022
4080.53	0.0971131
4103.15	0.0963361
4138.83	0.0953767
4184.22	0.097318
4241.44	0.129423
4336.48	0.286795
4412.33	0.471975
4361.27	0.249334
4320.18	0.11195
4299.41	0.0915305
2683.72	0.16692
2664.46	0.167783
2630.3	0.16255
2861.62	0.15624
3074.29	0.144116
3262.89	0.133392
3425.04	0.124886
3560.11	0.118324
3669.55	0.113341
3756.49	0.10959
3825.29	0.106757
3868.93	0.104989
3903.03	0.10366
3928.91	0.102663
3949.62	0.101874
3963.91	0.101336
3974.2	0.100952
3981.24	0.100691
3986.61	0.100492
3990.76	0.100339
3993.45	0.10024
3995.45	0.100167
3996.77	0.100118
3997.85	0.100079
3998.69	0.100048
3999.33	0.100025
3999.93	0.100003
4000.5	0.0999816
4001.12	0.0999592
4001.85	0.0999322
4002.8	0.0998976
4004.04	0.0998523
4005.74	0.0997899
4008.23	0.0996992
4011.35	0.0995855
4015.61	0.0994307
4021.48	0.0992175
4028.91	0.0989486
4041.82	0.0984843
4058.29	0.0978952
4080.01	0.0971292
4108.14	0.0961871
4140.38	0.0953184
4184.73	0.0971614
4240.42	0.128348
4331.42	0.285168
4406.13	0.47202
4356.09	0.247603
4316.74	0.111521
4296.54	0.0915694
2682.85	0.166977
2663.61	0.167838
2629.65	0.162594
2860.24	0.156286
3073.62	0.144153
3263.48	0.133374
3426.59	0.124819
3562.26	0.118229
3672.05	0.113235
3759.15	0.10948
3828.11	0.106645
3872.85	0.104835
3907.17	0.103495
3932.98	0.102504
3952.16	0.101778
3965.52	0.101276
3975.2	0.100915
3982.16	0.100657
3987.32	0.100466
3990.78	0.100339
3992.98	0.100258
3995.1	0.10018
3996.68	0.100122
3997.8	0.100081
3998.65	0.100049
3999.32	0.100025
3999.92	0.100003
4000.51	0.0999813
4001.16	0.0999574
4001.96	0.0999282
4003	0.0998903
4004.3	0.0998428
4006.02	0.0997798
4008.23	0.0996993
4011.54	0.0995786
4016.04	0.099415
4022.21	0.0991909
4030.68	0.0988846
4042.87	0.0984461
4059.16	0.0978649
4080.53	0.0971127
4107.85	0.0961993
4140.97	0.0955127
4184.86	0.0973185
4239.1	0.127123
4322.6	0.280106
4394.72	0.471787
4348.71	0.238992
4313.09	0.109814
4293.66	0.0915033
2682.35	0.167009
2663.18	0.167865
2629.41	0.162609
2859.85	0.156297
3073.6	0.144153
3264.07	0.133349
3427.69	0.124771
3563.64	0.11817
3673.36	0.11318
3759.72	0.109458
3826	0.106721
3873.97	0.104794
3909.43	0.103409
3935.7	0.102402
3954.47	0.101691
3966.27	0.101248
3975.48	0.100905
3982.32	0.100651
3987.18	0.100471
3990.94	0.100333
3993.45	0.10024
3995.36	0.10017
3996.79	0.100118
3997.86	0.100078
3998.67	0.100049
3999.33	0.100025
3999.91	0.100003
4000.49	0.0999821
4001.14	0.0999582
4001.98	0.0999275
4003.19	0.0998833
4004.46	0.0998369
4006.22	0.0997726
4008.65	0.0996839
4012.08	0.0995589
4016.83	0.0993862
4023.35	0.0991496
4032.26	0.0988275
4044.48	0.0983891
4060.89	0.0978084
4082.57	0.097079
4110.85	0.0963537
4147.74	0.0968859
4185.53	0.104861
4238.53	0.150075
4309.33	0.256936
4371.1	0.438475
4342.23	0.212846
4310.28	0.105591
4291.47	0.0912414
2682.17	0.16702
2663.05	0.167872
2629.38	0.162608
2859.95	0.156288
3073.97	0.144133
3264.75	0.133317
3428.59	0.124729
3564.62	0.118127
3674.2	0.113145
3760.1	0.109442
3825.7	0.10673
3874.47	0.104776
3910.65	0.103363
3938.14	0.102311
3954.35	0.101695
3967.47	0.101203
3976.33	0.100873
3982.8	0.100633
3987.5	0.100459
3990.98	0.100331
3993.49	0.100239
3995.36	0.10017
3996.76	0.100119
3997.81	0.10008
3998.63	0.10005
3999.3	0.100026
3999.88	0.100004
4000.46	0.0999832
4001.11	0.0999593
4001.92	0.0999296
4003	0.0998901
4004.39	0.0998393
4006.16	0.0997748
4008.59	0.099686
4012.01	0.0995616
4016.79	0.0993878
4023.3	0.0991514
4032.02	0.0988364
4043.82	0.098412
4059.86	0.0978399
4081.17	0.0970899
4109.02	0.0961574
4144.9	0.09538
4189.99	0.0989154
4237.96	0.125973
4315.32	0.277433
4385.69	0.471814
4341.28	0.236143
4308.62	0.109155
4290.56	0.0915252
2682.27	0.167014
2663.17	0.167864
2629.53	0.162595
2860.42	0.156262
3074.69	0.144095
3265.62	0.133273
3429.49	0.124687
3565.45	0.118089
3674.9	0.113115
3760.54	0.109424
3825.71	0.106728
3874.44	0.104777
3910.46	0.103371
3936.49	0.102372
3954.57	0.101687
3968.57	0.101163
3976.27	0.100875
3982.59	0.100641
3987.19	0.100471
3990.61	0.100345
3993.16	0.100251
3995.11	0.10018
3996.56	0.100126
3997.65	0.100086
3998.51	0.100055
3999.22	0.100029
3999.84	0.100006
4000.42	0.0999846
4001.09	0.0999602
4001.89	0.0999309
4002.96	0.0998917
4004.59	0.0998322
4006.3	0.0997695
4008.73	0.0996809
4012.15	0.0995564
4017.13	0.0993754
4023.87	0.0991313
4032.36	0.0988246
4043.66	0.0984179
4059.54	0.0978511
4080.72	0.0971058
4108.33	0.0961773
4143.59	0.0953418
4187.04	0.0978762
4235.77	0.133495
4314.08	0.277867
4384.23	0.471915
4339.77	0.236626
4308.49	0.109528
4291.46	0.0916483
2682.64	0.166989
2663.54	0.167839
2629.86	0.162568
2861.34	0.156214
3075.94	0.144032
3266.86	0.133211
3430.51	0.124636
3566.28	0.11805
3675.67	0.113082
3761.24	0.109396
3825.64	0.106729
3874.02	0.104793
3910.13	0.103384
3935.12	0.102423
3953.07	0.101743
3966.3	0.101247
3975.52	0.100903
3982.71	0.100637
3986.94	0.10048
3990.3	0.100356
3992.77	0.100265
3994.9	0.100187
3996.39	0.100132
3997.47	0.100093
3998.39	0.100059
3999.15	0.100031
3999.81	0.100007
4000.46	0.0999831
4001.1	0.0999598
4001.87	0.0999316
4002.8	0.0998977
4004.28	0.0998434
4006.07	0.099778
4008.39	0.0996934
4011.3	0.0995874
4016.61	0.0993942
4023.66	0.0991386
4033.7	0.0987766
4043.6	0.0984201
4059.92	0.0978443
4081.3	0.0971302
4109.13	0.0964433
4144.8	0.0970817
4189.51	0.107151
4243.05	0.166788
4305.94	0.262525
4366.44	0.440419
4336.18	0.213828
4309.85	0.115884
4294.96	0.094169
2683.31	0.166946
2664.19	0.167795
2630.45	0.162518
2862.98	0.156131
3078.09	0.143926
3268.74	0.133115
3431.74	0.124572
3567.04	0.118011
3676.59	0.11304
3763.02	0.10933
3825.11	0.106746
3872.77	0.104839
3910.84	0.103359
3932.99	0.102504
3950.34	0.101847
3963.58	0.101349
3973.42	0.100982
3980.81	0.100707
3986	0.100515
3989.79	0.100375
3992.62	0.100271
3994.51	0.100201
3995.98	0.100148
3997.32	0.100098
3998.29	0.100063
3999.11	0.100033
3999.77	0.100008
4000.39	0.0999856
4001.03	0.0999622
4001.79	0.0999346
4002.74	0.0998997
4004.06	0.0998514
4005.82	0.0997873
4008.2	0.0997005
4011.52	0.0995794
4016.46	0.0993995
4023.29	0.0991521
4031.31	0.0988622
4042.52	0.0984591
4057.79	0.0979133
4078.57	0.0971812
4105.88	0.0962623
4141.18	0.0954357
4185.8	0.0981044
4239.11	0.134306
4327.05	0.301044
4388.43	0.473164
4342.5	0.239626
4310.11	0.109932
4292.76	0.0916394
2684.3	0.16688
2665.21	0.167725
2631.48	0.162432
2865.95	0.155985
3082.01	0.143741
3271.73	0.13296
3433.12	0.124494
3567.21	0.117991
3677.13	0.113005
3769.22	0.109091
3822.59	0.106843
3868.02	0.105035
3903.82	0.103634
3929.83	0.102629
3948.19	0.101929
3961.78	0.101417
3971.8	0.101042
3979.84	0.100743
3985.39	0.100537
3989.36	0.100391
3992.24	0.100285
3994.28	0.10021
3995.83	0.100153
3997.27	0.1001
3998.3	0.100062
3999.06	0.100034
3999.74	0.10001
4000.36	0.099987
4001.01	0.0999629
4001.77	0.0999351
4002.73	0.0999002
4004	0.0998537
4005.77	0.099789
4008.18	0.0997009
4011.64	0.0995751
4016.52	0.0993975
4023.27	0.099153
4030.18	0.0989025
4043.11	0.0984388
4055.98	0.0979768
4076.63	0.0972465
4103.6	0.0963186
4138.75	0.0953491
4183.89	0.0968402
4239.51	0.124451
4322.39	0.270672
4387.62	0.471579
4345.43	0.23311
4311.65	0.109103
4292.86	0.0914835
2685.62	0.166791
2666.65	0.167622
2633.14	0.162283
2871.26	0.155724
3089.69	0.143403
3276.67	0.132693
3434.4	0.124408
3565.37	0.118062
3672.15	0.11322
3757.18	0.109566
3818.72	0.107001
3865.98	0.105105
3902.47	0.103677
3931.17	0.102576
3947.64	0.101947
3960.89	0.101449
3971.16	0.101066
3978.54	0.100791
3984.27	0.100579
3988.46	0.100424
3991.6	0.100309
3994.02	0.100219
3995.83	0.100153
3997.18	0.100103
3998.22	0.100065
3999.04	0.100035
3999.74	0.10001
4000.38	0.0999861
4001.04	0.0999619
4001.83	0.0999331
4002.81	0.0998973
4004.02	0.0998528
4005.9	0.0997843
4008.26	0.0996982
4011.45	0.0995817
4015.91	0.0994196
4022.28	0.0991884
4031.36	0.0988605
4041.68	0.0984894
4055.88	0.0979812
4075.54	0.0972843
4101.96	0.096375
4136.79	0.0954286
4182.46	0.0971501
4238.95	0.127481
4328.41	0.282565
4401.65	0.471905
4352.3	0.246377
4313.89	0.111287
4294.04	0.0916184
2687.19	0.166684
2668.43	0.167486
2635.58	0.16203
2880.22	0.155232
3106.3	0.142703
3284.7	0.132219
3435.26	0.124323
3561.69	0.118215
3665.5	0.113503
3748.65	0.109913
3812.45	0.107259
3861.22	0.105295
3898.29	0.103839
3926.16	0.102765
3945.59	0.102025
3959.93	0.101485
3970.42	0.101093
3978.27	0.100801
3984.09	0.100585
3988.77	0.100413
3991.99	0.100294
3994.26	0.10021
3995.91	0.10015
3997.19	0.100103
3998.22	0.100065
3999.05	0.100035
3999.76	0.100009
4000.42	0.0999846
4001.06	0.0999613
4001.84	0.0999328
4002.81	0.0998971
4004.2	0.0998463
4005.79	0.0997882
4008.05	0.0997059
4010.75	0.0996074
4015.4	0.0994381
4021.27	0.0992248
4030.8	0.0988805
4043.44	0.0984265
4057.82	0.0979139
4074.78	0.097311
4100.61	0.0964236
4134.3	0.0955293
4180.94	0.0974011
4238.58	0.129131
4332.58	0.285992
4407.87	0.471877
4356.78	0.249572
4315.85	0.112083
4295.21	0.0916615
2688.84	0.166572
2670.14	0.167347
2638.02	0.161673
2891.71	0.154313
3148.1	0.140623
3294.74	0.131581
3433.48	0.124484
3554.88	0.118636
3656.16	0.113987
3739.26	0.110359
3804.33	0.107623
3854.4	0.105585
3892.4	0.104078
3921.13	0.102963
3942.05	0.102163
3957.73	0.101571
3969.22	0.101139
3978.12	0.100807
3984.44	0.100573
3988.89	0.100408
3992.12	0.100289
3994.54	0.1002
3996.04	0.100145
3997.15	0.100104
3998.27	0.100063
3999.1	0.100033
3999.81	0.100007
4000.43	0.0999841
4001.08	0.0999604
4001.82	0.0999335
4002.85	0.0998959
4003.97	0.0998546
4005.8	0.0997878
4008.17	0.0997016
4011.3	0.0995874
4015.63	0.0994297
4021.39	0.0992208
4030.62	0.0988868
4042.8	0.0984489
4059.01	0.0978717
4076.12	0.0972683
4099.92	0.0964585
4128.89	0.0957227
4178.85	0.0975836
4237.71	0.129887
4334.14	0.287139
4410.18	0.471836
4358.63	0.250315
4316.63	0.112333
4295.56	0.0916793
2690.59	0.166465
2671.19	0.167308
2637.25	0.16189
2884.26	0.154987
3113.3	0.142325
3297.79	0.131643
3434.53	0.124323
3555.96	0.11859
3653.9	0.11406
3739.43	0.110309
3804.03	0.107602
3853.62	0.105597
3890.76	0.104135
3920.2	0.102999
3942.22	0.102154
3958.82	0.101527
3970.6	0.101086
3979.22	0.100766
3985.68	0.100527
3989.46	0.100387
3992.44	0.100278
3994.73	0.100193
3996.22	0.100139
3997.4	0.100095
3998.33	0.100061
3999.11	0.100033
3999.75	0.100009
4000.36	0.0999869
4001.03	0.0999622
4001.79	0.0999346
4002.75	0.0998995
4003.98	0.0998543
4005.72	0.0997908
4008.1	0.0997041
4011.36	0.0995853
4015.75	0.0994254
4021.93	0.0992011
4030.97	0.0988742
4042.65	0.098454
4058.7	0.0978824
4078.89	0.0971753
4098.9	0.0964943
4131.75	0.0956305
4177.97	0.0976269
4236.27	0.130198
4333.52	0.287582
4409.83	0.471805
4358.18	0.250516
4315.82	0.112439
4294.59	0.0917197
2693.21	0.166304
2672.73	0.167233
2636.6	0.162009
2878.92	0.15529
3100.87	0.142833
3289.48	0.132114
3440.86	0.124073
3565.39	0.118051
3665.82	0.113496
3740.31	0.110267
3801.65	0.107728
3850.46	0.10575
3891.99	0.104089
3921.69	0.102936
3943.34	0.10211
3959.58	0.101499
3971.25	0.101062
3979.63	0.100751
3985.7	0.100526
3989.67	0.100379
3992.75	0.100266
3995.17	0.100177
3996.52	0.100127
3997.59	0.100088
3998.5	0.100055
3999.2	0.100029
3999.83	0.100006
4000.42	0.0999846
4001.06	0.0999612
4001.81	0.0999336
4002.78	0.0998983
4004.06	0.0998514
4005.8	0.0997878
4008.24	0.0996988
4011.77	0.0995704
4016.05	0.0994145
4022.21	0.0991914
4028.83	0.0989515
4041.15	0.098508
4056.76	0.0979502
4076.65	0.097249
4101.38	0.0964293
4130.92	0.0957904
4174.94	0.097795
4233.1	0.130447
4330.65	0.287868
4407.02	0.471797
4355.43	0.250568
4313.15	0.112519
4291.98	0.0918027
2697.88	0.16601
2675.96	0.167041
2637.3	0.161972
2878.3	0.155273
3099.9	0.142806
3293.07	0.131967
3447.84	0.123772
3573.75	0.117694
3666.02	0.113477
3742.8	0.110178
3809.16	0.107398
3859.21	0.105382
3893.82	0.104016
3922.49	0.102911
3943.13	0.102121
3959.8	0.101491
3971.37	0.101058
3979.54	0.100754
3985.22	0.100544
3989.27	0.100394
3992.63	0.10027
3995.07	0.100181
3996.69	0.100121
3997.85	0.100079
3998.78	0.100045
3999.39	0.100022
3999.94	0.100002
4000.48	0.0999823
4001.13	0.0999585
4001.9	0.0999304
4002.9	0.099894
4004.27	0.0998439
4006	0.0997807
4008.4	0.0996929
4011.45	0.099582
4015.66	0.0994286
4021.14	0.0992298
4029.19	0.0989383
4040.68	0.0985248
4056.06	0.0979762
4076.42	0.0972658
4103.63	0.0964059
4133.12	0.0960251
4167.41	0.099275
4227.71	0.131063
4325.1	0.28808
4401.35	0.471829
4350.07	0.250354
4308.4	0.112543
4287.5	0.0919326
2706.14	0.165485
2682.08	0.166664
2639.67	0.161788
2881.59	0.155018
3105.67	0.142399
3309.93	0.131174
3457.7	0.123296
3571.38	0.117808
3673.92	0.11314
3753.42	0.109704
3816.27	0.107102
3864.02	0.105184
3899.38	0.103795
3926.43	0.102754
3946.35	0.101997
3960.06	0.101481
3971.13	0.101067
3979.12	0.10077
3984.28	0.100579
3987.97	0.100442
3992.33	0.100282
3995.04	0.100182
3996.78	0.100118
3997.97	0.100074
3998.83	0.100043
3999.48	0.100019
4000.01	0.0999997
4000.56	0.0999795
4001.17	0.0999572
4001.89	0.0999309
4002.82	0.0998969
4003.96	0.0998552
4005.61	0.0997949
4007.91	0.099711
4010.79	0.0996059
4014.29	0.0994785
4018.82	0.0993139
4027.08	0.0990147
4037.93	0.0986238
4052.43	0.0981044
4071.75	0.09742
4097.4	0.0965527
4128.81	0.0959191
4172.59	0.100105
4221.83	0.138626
4316.11	0.288259
4391.7	0.471936
4341.37	0.249039
4301.36	0.112292
4281.02	0.092093
2720.27	0.164585
2692.82	0.166008
2644.11	0.161484
2887.43	0.154727
3109.81	0.142235
3304.07	0.131411
3459.77	0.123227
3582.47	0.117266
3682.49	0.112759
3761.18	0.10938
3822.18	0.106863
3867.92	0.105028
3902.63	0.103669
3929.18	0.10265
3947.2	0.101965
3961.52	0.101427
3971.65	0.101048
3979.06	0.100772
3985.05	0.10055
3989.33	0.100392
3992.53	0.100274
3995.22	0.100175
3996.93	0.100113
3998.08	0.10007
3998.91	0.10004
3999.59	0.100015
4000.06	0.099998
4000.56	0.0999796
4001.1	0.0999598
4001.83	0.0999329
4002.64	0.0999035
4003.86	0.0998589
4005.35	0.0998043
4007.26	0.0997348
4009.67	0.0996467
4013.19	0.0995187
4018.12	0.0993394
4025.45	0.0990737
4035.51	0.0987105
4049.09	0.0982235
4067.19	0.0975797
4093.27	0.0966891
4128.9	0.0958667
4166.99	0.0987845
4221.88	0.138746
4299.83	0.290687
4375.46	0.472134
4328.5	0.241636
4292.18	0.110829
4272.59	0.0922078
2743.77	0.163078
2711.15	0.164877
2652.34	0.160872
2899.17	0.154078
3121.08	0.141618
3312.44	0.130926
3469.73	0.122771
3592.13	0.116839
3690.48	0.112419
3767.7	0.109113
3827.55	0.106655
3869.93	0.104957
3903.78	0.103634
3929.23	0.102652
3948.95	0.101901
3962.72	0.101381
3974	0.10096
3981.54	0.10068
3986.94	0.10048
3990.76	0.100339
3993.36	0.100244
3995.63	0.10016
3997.15	0.100105
3998.2	0.100066
3998.96	0.100038
3999.55	0.100017
4000.03	0.0999989
4000.51	0.0999812
4001.05	0.0999617
4001.69	0.0999382
4002.51	0.0999082
4003.45	0.0998739
4004.67	0.0998291
4006.51	0.0997621
4008.89	0.0996751
4012.33	0.0995497
4017.2	0.0993729
4023.98	0.0991268
4033.38	0.0987875
4046.08	0.098332
4060.73	0.0978072
4087.17	0.0968909
4119.91	0.0959633
4158.86	0.0973052
4213.69	0.120797
4289.45	0.255762
4348.17	0.436465
4313.82	0.205094
4281.58	0.105402
4262.34	0.0921182
2781.83	0.160619
2742.09	0.162937
2668.13	0.159641
2921.05	0.152809
3142.42	0.140474
3331.24	0.129968
3490.2	0.121857
3602.49	0.116408
3698.51	0.11215
3773.33	0.108932
3831.47	0.106503
3874.77	0.104765
3908.22	0.103463
3934.1	0.102463
3953.34	0.101734
3966.8	0.101228
3976.67	0.100861
3983.62	0.100603
3988.55	0.100421
3992.06	0.100291
3994.52	0.100201
3996.13	0.100142
3997.38	0.100096
3998.31	0.100062
3999.01	0.100036
3999.56	0.100016
4000.01	0.0999995
4000.45	0.0999835
4000.92	0.0999662
4001.48	0.099946
4002.18	0.0999202
4003.12	0.0998858
4004.5	0.0998355
4006.1	0.099777
4008.24	0.099699
4011.63	0.0995753
4016.44	0.0994005
4022.65	0.099175
4031.52	0.0988551
4042.39	0.0984633
4058.48	0.0978884
4081.91	0.0970782
4113.31	0.0962677
4155.64	0.0985727
4201.42	0.125661
4281.79	0.276466
4350.04	0.472562
4307.41	0.259685
4269.64	0.115063
4249.89	0.0932711
2841.42	0.156775
2793.49	0.159659
2703.49	0.157127
2959.93	0.150267
3176.46	0.138852
3357.13	0.128945
3498.49	0.121415
3624.39	0.115441
3721.46	0.111129
3786.23	0.108354
3838.44	0.106217
3884.31	0.104392
3916.81	0.103126
3940.58	0.102216
3957.89	0.101562
3970.26	0.101099
3979.12	0.100769
3985.42	0.100536
3989.92	0.10037
3993.24	0.100248
3995.01	0.100183
3996.61	0.100124
3997.72	0.100083
3998.53	0.100054
3999.13	0.100032
3999.6	0.100015
4000.01	0.0999995
4000.39	0.0999856
4000.8	0.0999708
4001.29	0.0999526
4001.94	0.099929
4002.82	0.0998969
4004.02	0.0998529
4005.66	0.0997931
4008.07	0.0997049
4011	0.0995984
4015.01	0.0994526
4020.44	0.0992552
4028.29	0.098971
4039.07	0.0985825
4054.26	0.0980391
4075.43	0.0973031
4103.86	0.0965363
4140.93	0.0983146
4184.55	0.128741
4268.02	0.284203
4339.14	0.472416
4289.91	0.252421
4255.91	0.129787
4233.3	0.0949467
2930.1	0.151206
2872.67	0.154696
2752.89	0.153778
3029.78	0.146714
3248.41	0.134727
3416.36	0.125546
3555.28	0.118692
3653.67	0.114099
3732.4	0.110607
3804.31	0.107611
3856.11	0.105505
3895.91	0.103935
3925.25	0.102801
3946.68	0.101985
3962.21	0.1014
3973.36	0.100984
3981.31	0.100688
3986.96	0.100479
3990.97	0.100332
3993.8	0.100227
3995.66	0.100159
3997.03	0.100109
3998.01	0.100073
3998.7	0.100048
3999.24	0.100028
3999.63	0.100014
3999.97	0.100001
4000.33	0.0999881
4000.71	0.0999741
4001.16	0.0999576
4001.76	0.0999356
4002.6	0.0999048
4003.68	0.0998652
4005.22	0.099809
4007.07	0.0997414
4009.79	0.0996424
4013.67	0.0995012
4018.18	0.0993373
4025.23	0.0990816
4035.29	0.0987186
4049.11	0.0982233
4067.95	0.0975674
4093.3	0.0969127
4127.24	0.0990607
4172.97	0.131979
4241.46	0.282665
4310.33	0.473023
4260.7	0.251904
4225.98	0.115167
4207.91	0.0945621
3056.13	0.143809
2998.55	0.147184
2844.52	0.147984
3142.15	0.140421
3350.95	0.129298
3482.7	0.12219
3590.17	0.116883
3690.77	0.11243
3766.19	0.109181
3826.64	0.10669
3872.65	0.104847
3907.5	0.103484
3933.4	0.102489
3952.4	0.101769
3966.2	0.101251
3976.13	0.100881
3983.23	0.100617
3988.28	0.100431
3991.86	0.100299
3994.38	0.100206
3996.13	0.100142
3997.38	0.100096
3998.25	0.100064
3998.81	0.100044
3999.25	0.100028
3999.64	0.100013
3999.97	0.100001
4000.29	0.0999895
4000.65	0.0999762
4001.06	0.0999614
4001.61	0.0999411
4002.27	0.0999169
4003.21	0.0998824
4004.52	0.0998348
4006.25	0.0997714
4008.69	0.0996825
4012.08	0.0995589
4016.7	0.0993911
4021.97	0.0991995
4031.38	0.0988596
4043.58	0.0984214
4059.75	0.0978524
4081.01	0.0972359
4108.59	0.0982507
4143.33	0.119905
4192.2	0.263985
4259.21	0.470323
4215.75	0.230783
4191.07	0.110715
4177.39	0.095026
3217.41	0.135335
3202.39	0.13694
3197.44	0.139158
3325.24	0.13058
3453.23	0.123567
3561.56	0.118255
3653.51	0.114035
3733.19	0.11057
3797.44	0.107876
3848.61	0.1058
3888.24	0.104232
3918.4	0.103063
3940.95	0.102202
3957.59	0.101573
3969.73	0.101119
3978.53	0.100791
3984.85	0.100557
3989.37	0.10039
3992.57	0.100273
3994.85	0.100189
3996.47	0.100129
3997.69	0.100085
3998.32	0.100061
3998.9	0.10004
3999.33	0.100025
3999.67	0.100012
3999.96	0.100002
4000.25	0.0999907
4000.56	0.0999794
4000.93	0.099966
4001.4	0.0999488
4002.01	0.0999264
4002.85	0.0998956
4004.01	0.0998532
4005.6	0.0997954
4007.78	0.0997155
4010.8	0.0996057
4014.87	0.0994573
4020.28	0.0992608
4027.98	0.0989822
4038.28	0.0986115
4051.67	0.0981348
4068.67	0.0975716
4089.3	0.0974258
4111.4	0.101801
4137.59	0.137592
4174.79	0.282279
4164.91	0.128794
4152.54	0.0982283
4144.89	0.0951528
3368.35	0.127643
3372.81	0.127788
3396.62	0.127129
3467.66	0.122938
3552.68	0.118656
3634.55	0.114865
3708.09	0.111626
3772.1	0.108915
3825.34	0.10673
3868.37	0.105011
3902.16	0.103688
3928.04	0.102692
3947.53	0.101952
3962.02	0.101407
3972.67	0.101009
3980.46	0.10072
3986.13	0.10051
3990.21	0.10036
3993.09	0.100254
3995.17	0.100177
3996.66	0.100122
3997.73	0.100083
3998.46	0.100056
3998.96	0.100038
3999.39	0.100022
3999.68	0.100012
3999.91	0.100003
4000.21	0.0999923
4000.5	0.0999815
4000.84	0.0999693
4001.26	0.0999538
4001.83	0.0999331
4002.6	0.0999048
4003.67	0.0998658
4005.11	0.099813
4007.1	0.0997403
4009.83	0.099641
4013.54	0.099506
4018.65	0.0993204
4025	0.0990901
4033.69	0.0987776
4044.69	0.0983902
4058.34	0.0979504
4073.81	0.0975703
4088.41	0.0974637
4104.87	0.101314
4117.87	0.122854
4121.78	0.100039
4118.44	0.0962327
4115.42	0.0959282
3487.21	0.121723
3497.42	0.121333
3523.62	0.120175
3571.89	0.117767
3631.82	0.114967
3693.65	0.112228
3751.86	0.109744
3803.81	0.107596
3848.12	0.105809
3884.64	0.104368
3913.72	0.103241
3935.94	0.10239
3952.79	0.101753
3965.46	0.101278
3974.82	0.100929
3981.81	0.10067
3986.98	0.100479
3990.78	0.100339
3993.35	0.100244
3995.3	0.100172
3996.73	0.10012
3997.75	0.100082
3998.45	0.100057
3999.02	0.100036
3999.41	0.100021
3999.7	0.100011
3999.95	0.100002
4000.21	0.0999924
4000.48	0.0999823
4000.79	0.099971
4001.19	0.0999566
4001.72	0.0999372
4002.45	0.0999105
4003.48	0.0998725
4004.8	0.0998243
4006.66	0.0997566
4009.15	0.0996656
4012.47	0.0995447
4016.5	0.0993982
4021.8	0.0992058
4028.77	0.0989539
4037.4	0.0986435
4047.61	0.0982804
4058.8	0.0978919
4069.95	0.0975355
4080.82	0.0975033
4089.27	0.0988219
4092.95	0.0970367
4093.07	0.0967073
4092.37	0.0966952
3567.12	0.117845
3578.14	0.117359
3601.93	0.116287
3639.19	0.114589
3685.29	0.112553
3734.47	0.11045
3782.32	0.108459
3826.08	0.106682
3864.3	0.105162
3896.49	0.103904
3922.62	0.102898
3941.7	0.102171
3956.39	0.101617
3967.69	0.101194
3975.93	0.100888
3982.41	0.100648
3987.29	0.100467
3990.88	0.100335
3993.67	0.100232
3995.59	0.100162
3996.94	0.100112
3997.89	0.100077
3998.57	0.100052
3999.07	0.100034
3999.44	0.10002
3999.72	0.10001
3999.97	0.100001
4000.21	0.0999922
4000.51	0.0999813
4000.79	0.0999712
4001.16	0.0999574
4001.67	0.0999389
4002.35	0.099914
4003.18	0.0998836
4004.4	0.099839
4006.06	0.0997785
4008.26	0.099698
4011.14	0.099593
4014.79	0.0994603
4019.45	0.0992911
4025.31	0.099079
4032.37	0.0988243
4040.45	0.0985335
4049.13	0.098223
4057.76	0.0979179
4065.69	0.097658
4071.84	0.0975274
4075.34	0.0973135
4076.65	0.0972463
4076.92	0.0972345
3606.95	0.115922
3617.71	0.115444
3639.64	0.114476
3672.12	0.11306
3712.02	0.111356
3755.17	0.109553
3797.89	0.107805
3837.57	0.106212
3872.8	0.104822
3903.24	0.10364
3929.7	0.102629
3944.79	0.102053
3957.82	0.101564
3968.09	0.101179
3976.8	0.100855
3983.16	0.10062
3987.86	0.100446
3991.32	0.100319
3993.89	0.100224
3995.73	0.100156
3997.04	0.100108
3997.97	0.100075
3998.62	0.10005
3999.1	0.100033
3999.46	0.10002
3999.73	0.10001
3999.97	0.100001
4000.2	0.0999925
4000.46	0.0999831
4000.74	0.0999727
4001.1	0.0999596
4001.58	0.0999422
4002.21	0.0999191
4003.04	0.0998886
4004.2	0.0998465
4005.75	0.0997897
4007.81	0.0997144
4010.5	0.0996167
4013.91	0.0994923
4018.22	0.0993358
4023.53	0.0991435
4029.81	0.0989165
4036.89	0.0986615
4044.39	0.0983923
4051.78	0.0981282
4058.43	0.0978921
4063.65	0.0977106
4066.98	0.0975881
4068.63	0.0975281
4069.23	0.0975068
4000.57	0.0999793
4000.8	0.0999708
4001.17	0.099957
4001.69	0.0999383
4002.39	0.0999124
4003.13	0.0998856
4003.61	0.0998679
4004.84	0.0998229
4006.71	0.0997546
4009.23	0.0996628
4012.66	0.0995379
4016.63	0.0993941
4019.42	0.0992918
4025.11	0.0990862
4033.89	0.0987726
4044.93	0.0983975
4058.91	0.0980747
4075.75	0.0985539
4090.28	0.100611
4109.9	0.10487
4119.96	0.119253
2940.22	0.151241
3085.48	0.143422
3217.42	0.136313
3276.85	0.13229
3409.77	0.125812
3542.49	0.119559
3617.75	0.116048
3653.68	0.114063
3730.7	0.110783
3801.01	0.107869
3839.84	0.106292
3859.83	0.105381
3895.93	0.103962
3925.89	0.102804
3941.17	0.102221
3949.65	0.101879
3963.91	0.101341
3975.09	0.100923
3980.19	0.100734
3983.29	0.100616
3988.18	0.100435
3991.8	0.100301
3993.29	0.100247
3994.05	0.100218
3991.67	0.100306
3992.94	0.100259
3994.84	0.100189
3996.4	0.100132
3997.47	0.100093
3998.38	0.10006
3999.05	0.100035
3999.63	0.100013
4000.03	0.0999989
4000.23	0.0999916
4000.72	0.0999736
4001.33	0.0999513
4002.07	0.0999244
4002.86	0.0998955
4003.9	0.0998574
4005.39	0.0998028
4007.37	0.0997306
4009.8	0.099642
4010.33	0.0996225
4003.4	0.0998756
4004.55	0.0998337
4006.32	0.099769
4008.78	0.099679
4012.25	0.0995528
4017.04	0.0993784
4023.62	0.0991396
4032.61	0.0988148
4044.9	0.0983752
4061.39	0.0978022
4083.17	0.0971401
4111.55	0.0968483
4147.88	0.0997021
4186.16	0.119586
4236.58	0.208725
4308.14	0.371167
4364.64	0.437321
4353.88	0.395929
4002.74	0.0998999
4003.53	0.0998707
4004.23	0.0998452
4005.24	0.0998085
4007.14	0.0997389
4009.69	0.099646
4013.13	0.0995208
4015.72	0.0994266
4018.94	0.0993091
4026.45	0.0990391
4036.66	0.0986845
4051.84	0.0982552
4061.12	0.0982848
4072.71	0.0982678
4097.92	0.101625
4128.68	0.12655
4168.72	0.241016
4205.66	0.373151
4245.39	0.380844
4299.95	0.43917
4273.63	0.314513
4250.88	0.166519
3993.26	0.100247
3994.23	0.100212
3994.83	0.10019
3995.98	0.100147
3997.29	0.100099
3998.24	0.100065
3998.98	0.100037
3999.38	0.100023
3999.6	0.100015
4000.1	0.0999965
4000.64	0.0999764
4001.13	0.0999588
4001.69	0.099938
4002	0.099927
4002.64	0.0999033
4003.78	0.0998616
4005.34	0.0998049
4007.48	0.0997265
4009.22	0.0996633
4010.48	0.0996174
4012.46	0.0995453
3255.85	0.134369
3295.36	0.131586
3342.85	0.12879
3432.15	0.124463
3554.76	0.118807
3647.19	0.114636
3680.66	0.112885
3737.84	0.110434
3800.98	0.107813
3846.6	0.105988
3863.77	0.105226
3892.58	0.104084
3922.02	0.102944
3940.96	0.102222
3947.76	0.10195
3959.57	0.101503
3970.94	0.101077
3977.99	0.100815
3979.9	0.100742
3984.84	0.100558
3989.27	0.100395
3991.95	0.100296
3992.62	0.100271
3962.21	0.1014
3970.52	0.101091
3978.9	0.100779
3985.17	0.100547
3989.71	0.100379
3992.8	0.100265
3994.93	0.100186
3996.45	0.10013
3997.63	0.100087
3998.41	0.100058
3999.07	0.100034
3999.65	0.100013
4000.18	0.0999933
4000.74	0.0999729
4001.38	0.0999495
4001.99	0.0999273
4002.29	0.0999162
4003.06	0.0998879
4004.13	0.0998489
4005.07	0.0998145
3996.23	0.100138
3997.19	0.100103
3998.03	0.100072
3998.68	0.100048
3999.17	0.10003
3999.56	0.100016
3999.84	0.100006
3999.96	0.100001
4000.22	0.099992
4000.58	0.0999787
4001.01	0.0999631
4001.55	0.0999431
4002.28	0.0999167
4003.25	0.0998812
4004.47	0.0998366
4006.03	0.0997795
4008.25	0.0996985
4010.85	0.0996041
4012.57	0.0995408
4016.08	0.0994136
4021.46	0.0992189
4026.11	0.099052
3977.12	0.100844
3982.55	0.100643
3987.61	0.100456
3991.28	0.100321
3993.92	0.100224
3995.12	0.100179
3995.81	0.100154
3997.06	0.100108
3998.07	0.100071
3998.85	0.100042
3999.47	0.100019
4000.01	0.0999998
4000.48	0.0999823
4001.11	0.0999592
4001.85	0.0999324
4002.76	0.0998991
4003.75	0.099863
4004.3	0.0998425
4005.62	0.0997945
4007.79	0.0997155
4009.8	0.0996423
3994.69	0.100195
3995.82	0.100153
3996.36	0.100133
3997.33	0.100098
3998.15	0.100068
3998.76	0.100045
3999.22	0.100028
3999.59	0.100015
3999.9	0.100004
4000.19	0.0999931
4000.49	0.0999819
4000.72	0.0999738
4000.82	0.0999701
4001.15	0.0999579
4001.63	0.0999404
4002.25	0.0999177
4003.01	0.09989
4003.97	0.0998549
4005.19	0.0998101
4006.56	0.0997602
3649.92	0.114209
3714.96	0.111433
3785.6	0.108495
3842.02	0.106158
3885.34	0.104403
3917.82	0.103118
3941.71	0.10219
3959.02	0.101528
3971.37	0.101062
3980.1	0.100735
3986.24	0.100507
3990.5	0.100349
3993.35	0.100244
3995.46	0.100167
3996.98	0.100111
3998.05	0.100072
3998.75	0.100046
3999.26	0.100027
3999.45	0.10002
4000.3	0.099989
4000.4	0.0999854
4000.51	0.0999814
4000.78	0.0999714
4001	0.0999635
4001.28	0.099953
4001.78	0.099935
4002.11	0.0999229
4002.86	0.0998955
4003.41	0.0998754
4004.46	0.0998367
4005.6	0.0997953
4006.6	0.0997588
4008.63	0.0996848
4009.84	0.0996405
4012.76	0.0995344
4014.64	0.0994658
4018.06	0.0993417
4022.98	0.0991647
4026.37	0.0990403
4034.13	0.0987626
4037.69	0.0986315
4047.35	0.0982871
4056.7	0.0979586
4067.37	0.097577
4085.17	0.0969796
4090.51	0.0967805
3998.56	0.100053
3998.78	0.100045
3999.28	0.100026
3999.75	0.100009
4000.2	0.0999927
4000.4	0.0999854
4000.73	0.0999731
4001.29	0.0999527
4002	0.0999267
4002.86	0.0998954
4003.41	0.0998753
4004.2	0.0998464
4005.85	0.099786
4008.07	0.0997051
4010.94	0.0996006
4012.53	0.0995427
4014.43	0.0994732
4020.12	0.0992669
4027.44	0.0990021
4037.19	0.0986528
4043.79	0.0984168
4049.98	0.0981912
4063.81	0.0977061
2794.45	0.15425
2832.17	0.153855
2959.01	0.149641
3173.85	0.139166
3354.84	0.129447
3473.77	0.123251
3508.34	0.120831
3599.92	0.116633
3696.82	0.112345
3771.98	0.109119
3809.02	0.107553
3828.48	0.106631
3869.05	0.105019
3903.14	0.103679
3927.51	0.102741
3935.03	0.102439
3946.6	0.101992
3961.19	0.101443
3971.46	0.101058
3977.7	0.100825
3979.61	0.100752
3984.12	0.100585
3987.36	0.100465
3993.74	0.10023
3994.45	0.100204
3994.75	0.100192
3996.09	0.100143
3997.35	0.100097
3998.29	0.100063
3998.99	0.100037
3999.27	0.100027
3999.54	0.100017
4000.03	0.0999989
4000.52	0.0999811
4001.06	0.099961
4001.67	0.0999388
4002	0.0999267
4002.66	0.0999027
4003.88	0.0998581
4005.39	0.0998028
4007.4	0.0997297
4009.53	0.0996519
4011.02	0.0995976
4014.37	0.0994759
4017.45	0.0993643
4000.75	0.0999724
4000.87	0.0999681
4001.25	0.0999542
4001.83	0.099933
4002.16	0.0999211
4002.85	0.0998959
4003.78	0.0998616
4004.25	0.0998446
4005.56	0.0997967
4007.23	0.0997358
4008.18	0.099701
4011.07	0.0995959
4013.98	0.09949
4015.17	0.0994461
4020.13	0.099267
4023.53	0.0991441
4027.26	0.0990081
4035.99	0.098696
4039.68	0.0985613
4047.29	0.0982879
4062.15	0.0977713
4067.94	0.0975745
4083.95	0.0970611
4106.39	0.0966787
4112.71	0.0970664
4131.91	0.0981106
3780.44	0.108563
3821.66	0.106903
3867.2	0.105098
3902.98	0.103689
3929.11	0.102671
3947.65	0.101958
3961.33	0.101439
3971.09	0.101073
3974.12	0.100958
3978.27	0.100802
3984.08	0.100587
3988.35	0.100429
3991.53	0.100311
3993.97	0.100221
3995.79	0.100155
3997.16	0.100104
3998.2	0.100066
3999.02	0.100036
3999.73	0.10001
4000.35	0.0999871
4000.62	0.0999773
4001.04	0.0999621
4001.37	0.0999498
3948.62	0.101923
3953.29	0.101739
3957.02	0.101595
3965.91	0.101263
3975.29	0.100914
3982.18	0.100657
3985.55	0.100533
3987.35	0.100465
3990.71	0.100341
3992.98	0.100258
3994.96	0.100185
3995.67	0.100159
3996.71	0.100121
3997.83	0.100079
3998.68	0.100048
3999.2	0.100029
3999.45	0.10002
3999.95	0.100002
4000.52	0.0999808
4001.12	0.099959
4001.46	0.0999467
4001.88	0.0999311
4002.8	0.0998976
4003.95	0.0998554
4004.93	0.0998198
3986.61	0.100492
3986.84	0.100484
3989.37	0.100391
3992.36	0.100281
3994.66	0.100196
3996.19	0.10014
3997.38	0.100096
3998.31	0.100062
3999.09	0.100033
3999.76	0.100009
4000.25	0.0999908
4000.49	0.0999819
4001.09	0.0999603
4001.84	0.0999325
4002.86	0.0998954
4004.03	0.0998526
4005.85	0.099786
4008.24	0.0996988
4011.43	0.0995825
4015.78	0.0994249
4018.85	0.0993139
4019.64	0.0992848
3997.81	0.10008
3998.26	0.100064
3998.42	0.100058
3998.8	0.100044
3999.18	0.10003
3999.29	0.100026
3999.62	0.100014
3999.88	0.100004
4000.03	0.099999
4000.4	0.0999854
4000.65	0.0999762
4000.93	0.0999659
4001.48	0.0999457
4001.84	0.0999326
4002.52	0.0999077
4003.42	0.0998749
4003.99	0.0998541
4005.4	0.0998025
4006.93	0.099747
4008.02	0.0997069
4010.87	0.099603
4013.02	0.0995251
4015.75	0.0994254
4021.02	0.099235
4023.75	0.0991358
4027.44	0.0990027
4023.88	0.0991305
4024.78	0.0990975
4029.92	0.0989128
4033.36	0.0987874
4041.26	0.0985062
4046.29	0.0983235
4057.09	0.097943
4062.79	0.0977371
4075.46	0.097298
4083.07	0.0970427
4098.3	0.0965531
4108.66	0.0964334
4129.85	0.0961886
4142.05	0.0985184
4166.12	0.10231
4185.23	0.124797
4219.52	0.155463
4240.7	0.281053
4295.96	0.327487
4310.14	0.426993
4343.64	0.435926
4332.05	0.453282
4307.18	0.373419
4284.9	0.352224
4279.39	0.305519
3999.41	0.100022
3999.68	0.100012
3999.84	0.100006
3999.96	0.100001
4000.26	0.0999906
4000.57	0.0999793
4000.75	0.0999726
4001.06	0.0999611
4001.63	0.0999402
4002.27	0.0999171
4002.7	0.0999011
4003.71	0.0998643
4005.33	0.0998052
4006.85	0.0997499
4008.14	0.0997025
4011.1	0.0995947
4015.18	0.0994464
4018.06	0.0993412
4022.76	0.0991705
4031.86	0.0988431
4041.74	0.0984914
4047.43	0.0982828
4059.3	0.0978632
3989.14	0.100399
3991.34	0.100318
3993.4	0.100242
3994.04	0.100219
3995.42	0.100168
3996.86	0.100115
3997.91	0.100076
3998.75	0.100046
3999.42	0.100021
3999.98	0.100001
4000.48	0.0999824
4000.72	0.0999738
4001.15	0.099958
4001.89	0.099931
4002.8	0.0998975
4003.96	0.0998552
4005.45	0.0998008
4007.79	0.0997152
4010.7	0.0996095
4012.24	0.0995535
4013.85	0.0994949
3990.48	0.10035
3992.77	0.100266
3993.79	0.100228
3994.84	0.100189
3996.45	0.10013
3997.09	0.100107
3997.64	0.100086
3998.42	0.100058
3998.86	0.100042
3999.17	0.10003
3999.7	0.100011
4000.04	0.0999985
4000.26	0.0999906
4000.74	0.0999728
4001.15	0.099958
4001.37	0.0999497
4002	0.0999268
4002.6	0.0999048
4002.93	0.099893
4003.94	0.0998557
4005	0.0998173
4005.48	0.0997997
4007.1	0.0997404
4008.78	0.0996792
4008.75	0.0996805
3997.27	0.1001
3997.94	0.100075
3998.66	0.100049
3999.23	0.100028
3999.68	0.100012
3999.86	0.100005
4000.22	0.0999921
4000.74	0.0999728
4001.34	0.0999508
4002	0.0999268
4002.39	0.0999124
4002.87	0.099895
4003.94	0.0998557
4005.28	0.0998067
4007.34	0.0997319
4008.96	0.0996727
4009.84	0.0996405
4012.85	0.0995308
4016.93	0.0993827
4022.74	0.0991725
4028.23	0.0989752
4029.92	0.0989127
4036.78	0.0986692
4032.53	0.0988183
4034.75	0.0987384
4039.83	0.0985577
4042.39	0.098464
4044.49	0.0983886
4051.28	0.0981492
4055.66	0.0979899
4059.46	0.0978549
4068.71	0.0975351
4075.64	0.0972876
4080.57	0.0971202
4091.62	0.0967631
4100.61	0.0964648
4105.64	0.0963848
4118.66	0.0961893
4127.83	0.0959631
4131.36	0.096114
4146.27	0.0971768
4157.32	0.0975684
4158.01	0.101689
4171.81	0.116793
4182.38	0.128152
4175.22	0.144012
4185.22	0.201269
4187.68	0.214538
3979.22	0.100766
3980.08	0.100734
3982.81	0.100633
3983.27	0.100616
3985.85	0.100521
3986.53	0.100495
3987.55	0.100458
3989.18	0.100398
3989.48	0.100386
3991.18	0.100324
3991.58	0.100309
3992.39	0.100279
3993.34	0.100244
3993.88	0.100225
3994.99	0.100184
3995.39	0.100169
3995.95	0.100149
3996.44	0.100131
3996.67	0.100122
3997.36	0.100097
3997.71	0.100084
3998.04	0.100072
3998.28	0.100063
3995.31	0.100172
3996.51	0.100128
3997.4	0.100095
3997.59	0.100088
3998.31	0.100062
3999.1	0.100033
3999.64	0.100013
3999.87	0.100005
4000.43	0.0999842
4001.1	0.0999598
4001.63	0.0999404
4001.91	0.09993
4002.84	0.0998961
4004.26	0.0998442
4005.25	0.0998079
4006.01	0.0997802
4008.33	0.0996957
4011.59	0.0995768
4013.89	0.0994931
4016.66	0.0993922
4023.3	0.0991524
4029.39	0.0989327
4030.15	0.0989048
4030.16	0.0989043
3991.19	0.100324
3992.94	0.100259
3995.05	0.100182
3996.64	0.100123
3997.78	0.100081
3998.63	0.10005
3999.32	0.100025
3999.92	0.100003
4000.52	0.099981
4001.18	0.0999568
4001.99	0.0999271
4003.04	0.0998889
4004.36	0.0998404
4006.14	0.0997757
4007.56	0.0997236
4008.5	0.0996892
4011.51	0.0995796
4015.82	0.099423
4021.62	0.0992128
4027.89	0.0989872
4021.23	0.0992266
4022.14	0.0991934
4026.5	0.0990369
4029.46	0.098929
4034.61	0.0987451
4039.63	0.0985634
4044.71	0.0983807
4053.56	0.0980684
4059.68	0.097848
4068.47	0.0975424
4076.98	0.0972384
4084.68	0.0969743
4099.75	0.0964801
4109.3	0.0962052
4124.96	0.0960917
4140.27	0.0958911
4154.31	0.0992838
4179.58	0.104711
4191.63	0.103774
4213.02	0.129558
4234.05	0.148015
4252.29	0.291152
4298.74	0.351026
4328.38	0.442173
4362.98	0.471537
4382.59	0.47117
4001.44	0.0999473
4001.99	0.099927
4002.86	0.0998952
4003.97	0.0998549
4004.97	0.0998184
4005.49	0.0997993
4007.13	0.0997394
4009.62	0.0996484
4012.89	0.0995297
4016.29	0.0994063
4017.42	0.0993644
4021.42	0.0992196
4028.46	0.0989657
4038.16	0.0986218
4051.22	0.0981971
4054.08	0.098172
4064.52	0.0979052
4085.35	0.0982624
4111.03	0.103934
4140.75	0.13346
4152.38	0.182042
4149.36	0.165487
4159.76	0.216591
3933.56	0.10248
3947.39	0.10196
3960.64	0.101462
3970.93	0.101076
3978.39	0.100798
3984.13	0.100585
3988.34	0.100429
3991.54	0.100311
3993.09	0.100254
3994.19	0.100213
3995.85	0.100152
3997.16	0.100104
3998.2	0.100066
3999.04	0.100035
3999.75	0.100009
4000.42	0.0999847
4001.07	0.0999607
4001.87	0.0999314
4002.69	0.0999015
4003.03	0.099889
4003.73	0.0998637
3970.67	0.101083
3976.11	0.100881
3982.44	0.100647
3987.08	0.100476
3990.53	0.100348
3993.1	0.100253
3995.05	0.100182
3996.52	0.100128
3997.62	0.100087
3998.49	0.100055
3999.21	0.100029
3999.84	0.100006
4000.38	0.0999861
4000.61	0.0999776
4001.1	0.0999596
4001.89	0.0999307
4002.86	0.0998953
4004.32	0.0998418
4006.13	0.0997758
4008.46	0.0996909
4010.63	0.099612
3931.56	0.102555
3944.57	0.102064
3957.59	0.101577
3964.05	0.101336
3967.85	0.101189
3975.74	0.100896
3982.28	0.100653
3987.18	0.100472
3990.67	0.100343
3991.78	0.100302
3993.26	0.100247
3995.26	0.100174
3996.7	0.100121
3997.73	0.100083
3998.37	0.10006
3998.56	0.100053
3998.95	0.100039
3999.38	0.100023
3999.67	0.100012
3999.88	0.100004
3999.65	0.100013
3999.65	0.100013
4000.06	0.0999978
4000.57	0.0999791
4000.99	0.0999638
4001.22	0.0999552
4001.9	0.0999304
4002.86	0.0998954
4003.86	0.0998587
4004.45	0.099837
4006.04	0.0997793
4008.49	0.0996897
4011.2	0.0995914
4012.51	0.0995431
4016.15	0.0994105
4022.35	0.0991862
4028.99	0.0989465
4033.39	0.098785
4042.85	0.0984463
4059.1	0.0978709
4078.03	0.0972217
4084.97	0.0969843
4100.45	0.0964742
4119.77	0.0959952
3999	0.100037
3999.39	0.100022
3999.94	0.100002
4000.5	0.0999818
4001.15	0.0999579
4001.93	0.0999293
4002.94	0.0998923
4004.31	0.0998422
4006.07	0.0997779
4008.48	0.0996901
4011.57	0.0995774
4015.81	0.0994234
4021.39	0.0992204
4029.52	0.0989257
4041.06	0.0985112
4056.53	0.0979623
4077	0.0972678
4103.94	0.096527
4133.89	0.0966083
4160.48	0.0995069
3340.12	0.129662
3343.82	0.129423
3359.14	0.128518
3481.42	0.122441
3547.88	0.119152
3565.11	0.118063
3652.68	0.114238
3718.43	0.111418
3733.11	0.110586
3785.15	0.108437
3834.4	0.106459
3846.76	0.1059
3873.9	0.104813
3907.36	0.10352
3919.59	0.103042
3929.27	0.102652
3948.62	0.101921
3958.68	0.101542
3962.18	0.101403
3971.47	0.101056
3978.11	0.10081
3979.86	0.100743
3984.13	0.100584
3987.5	0.10046
3997.76	0.100082
3998.4	0.100059
3998.81	0.100044
3999.07	0.100034
3999.62	0.100014
4000.16	0.0999941
4000.74	0.0999729
4001.08	0.0999604
4001.37	0.0999497
4002.08	0.099924
4003.04	0.0998887
4004.27	0.0998438
4004.99	0.0998176
4005.87	0.0997854
4008.07	0.0997051
4011.02	0.0995977
4014.83	0.0994592
4016.73	0.0993899
4020.02	0.0992701
4027.24	0.0990091
4036.33	0.0986831
4045.01	0.0983741
3177.59	0.138047
3293.12	0.131698
3432.02	0.124712
3553.22	0.118868
3654.61	0.114185
3737.72	0.110525
3803	0.107747
3853.3	0.105674
3891.52	0.104141
3920.38	0.10301
3941.51	0.102194
3957.29	0.101593
3968.92	0.101153
3977.82	0.10082
3984.21	0.100583
3988.73	0.100415
3992	0.100294
3994.42	0.100205
3995.97	0.100148
3996.89	0.100114
3410.47	0.126114
3459.64	0.123154
3566.06	0.118311
3602.19	0.116371
3664.18	0.113611
3739.86	0.110434
3764.98	0.109296
3800.5	0.107796
3849.6	0.105832
3869.25	0.105032
3889.88	0.104183
3919.68	0.103037
3932.13	0.10256
3941.77	0.102177
3957.51	0.101584
3965.32	0.101292
3970.27	0.1011
3978.14	0.100807
3982.32	0.100653
3984.33	0.100577
3988.41	0.100427
3990.97	0.100332
3992.22	0.100286
3994.23	0.100212
3995.46	0.100167
3995.67	0.100159
3999.47	0.100019
3999.54	0.100017
3999.99	0.1
4000.52	0.0999809
4001.13	0.0999586
4001.86	0.0999318
4002.8	0.0998976
4004.05	0.0998517
4005.63	0.0997941
4007.79	0.0997152
4010.67	0.0996099
4015.45	0.0994367
4020.36	0.0992591
4023.21	0.0991535
4031.19	0.0988655
4043.48	0.0984245
4059.48	0.0978569
4079.11	0.0971756
4105.23	0.0963694
4137.99	0.0958789
4174.37	0.0976191
4005.43	0.0998014
4006.38	0.0997667
4008.83	0.0996771
4012.32	0.0995499
4017.36	0.0993667
4024.28	0.099117
4031.48	0.0988588
4035.12	0.0987246
4044.23	0.098399
4060.56	0.0978411
4082.01	0.0972229
4109.89	0.0970885
4145.57	0.100662
4189.95	0.123424
4240.78	0.217566
4304.98	0.37863
4359.29	0.438445
4335.58	0.302327
4309.7	0.142941
4300.68	0.116191
3983.16	0.10062
3986.9	0.100482
3990.24	0.100359
3992.29	0.100283
3992.88	0.100261
3994.46	0.100203
3995.96	0.100148
3997.3	0.100099
3997.95	0.100075
3998.31	0.100062
3999.05	0.100035
3999.74	0.10001
4000.35	0.0999874
4000.63	0.0999769
4001.05	0.0999617
4001.84	0.0999325
4002.84	0.099896
4003.93	0.0998562
4004.45	0.0998373
4005.82	0.099787
4008.09	0.0997046
4010.33	0.0996231
3994.72	0.100194
3995.21	0.100176
3996.19	0.10014
3997.32	0.100098
3997.71	0.100084
3998.49	0.100055
3999.11	0.100033
3999.4	0.100022
3999.94	0.100002
4000.33	0.0999879
4000.58	0.0999789
4001.17	0.0999573
4001.47	0.0999462
4001.84	0.0999325
4002.59	0.0999053
4002.81	0.0998971
4003.47	0.0998731
4004.49	0.0998357
4004.78	0.0998251
4006.14	0.0997756
4007.67	0.0997198
4008.31	0.0996962
4011	0.0995985
4012.65	0.0995384
4013.85	0.0994946
4017.97	0.0993452
4019.29	0.0992974
4020.75	0.0992441
4000.67	0.0999755
4000.71	0.0999739
4001.03	0.0999622
4001.22	0.0999552
4001.56	0.0999429
4001.86	0.099932
4002.28	0.0999167
4002.8	0.0998977
4003.2	0.0998827
4003.96	0.0998553
4004.33	0.0998416
4005.17	0.0998111
4005.8	0.0997878
4006.39	0.0997665
4007.36	0.0997309
4007.91	0.099711
4009.4	0.0996568
4010.03	0.0996335
4011.89	0.0995663
4012.82	0.099532
4014	0.0994892
4015.78	0.0994245
4015.84	0.0994221
4018.03	0.0993428
4017.29	0.0993697
3997.78	0.100082
3998.25	0.100064
3998.47	0.100056
3999.05	0.100035
3999.63	0.100014
4000.16	0.0999941
4000.74	0.099973
4001.37	0.09995
4002.16	0.0999211
4003.07	0.0998875
4004.14	0.0998484
4005.57	0.0997961
4007.7	0.0997184
4010.68	0.0996102
4013.62	0.0995031
4015.17	0.0994461
4019.99	0.0992714
4027.39	0.0990038
4036.94	0.0986613
4045.29	0.098364
3055.84	0.146028
3106.35	0.142194
3211.84	0.136378
3273.17	0.132543
3412.58	0.125787
3514.18	0.120982
3550.95	0.118801
3639.23	0.114826
3721.72	0.111321
3750.71	0.109875
3801.08	0.107783
3853.85	0.105674
3873.68	0.104861
3895.74	0.103958
3925.17	0.102826
3939.66	0.102275
3947.3	0.101966
3961.36	0.101438
3970.76	0.101087
3974.49	0.100943
3981.06	0.100699
3986.23	0.100508
3987.91	0.100445
3990.65	0.100344
3992.58	0.100272
3838.4	0.106222
3843.29	0.106012
3868.24	0.105024
3902.45	0.1037
3927.48	0.102739
3935.35	0.102427
3946.67	0.10199
3961.29	0.10144
3971.95	0.101041
3976.1	0.100885
3980.63	0.100715
3986.54	0.100496
3990.65	0.100344
3992.27	0.100284
3993.63	0.100234
3995.46	0.100167
3996.87	0.100115
3997.57	0.100089
3998.03	0.100072
3998.82	0.100043
3999.49	0.100019
3999.84	0.100006
4000.03	0.0999988
4000.41	0.0999848
3912.63	0.103283
3932.72	0.10252
3950	0.101865
3963.28	0.101364
3973.18	0.100993
3980.59	0.100717
3985.84	0.100522
3989.67	0.10038
3992.51	0.100275
3994.47	0.100203
3995.85	0.100152
3996.46	0.10013
3997.41	0.100095
3998.37	0.10006
3999.14	0.100032
3999.81	0.100007
4000.46	0.0999831
4001.11	0.0999594
4001.88	0.0999313
4002.71	0.0999008
