2897.38	0.184859
2909.93	0.195691
2935.29	0.210216
2971.67	0.228436
3019.74	0.255078
3077.74	0.276573
3143.36	0.290681
3214.89	0.300242
3286.91	0.305164
3359.34	0.308014
3431.73	0.30988
3503.55	0.311226
3574.3	0.312272
3643.42	0.313144
3710.07	0.313587
3773.14	0.313053
3833.73	0.313716
3892.1	0.314709
3947.93	0.315703
4000.75	0.316695
4050.4	0.318078
4097.28	0.32041
4141.75	0.323188
4184.1	0.326247
4224.51	0.329518
4263.02	0.33292
4299.09	0.336396
4329.62	0.336124
4359.1	0.339797
4387	0.343062
4413.28	0.345798
4437.92	0.347976
4460.82	0.349539
4482.16	0.350394
4502.18	0.35045
4521.22	0.349663
4539.72	0.348074
4557.31	0.345718
4573.83	0.342626
4589.24	0.338804
4603.56	0.334251
4616.83	0.329039
4629.13	0.32331
4640.53	0.317207
4651.11	0.310777
4660.86	0.303852
4669.17	0.293254
4675.4	0.278391
4679.44	0.263479
4681.41	0.255985
2883.41	0.197037
2895.6	0.214324
2924.69	0.274323
2965.92	0.326225
3015.99	0.348431
3075.07	0.36008
3140.98	0.366266
3211.42	0.369682
3283.81	0.372431
3356.85	0.37483
3429.77	0.376879
3502.06	0.378567
3573.32	0.379868
3643.15	0.380702
3710.78	0.381039
3772.77	0.377346
3833.06	0.377987
3891.62	0.378713
3947.76	0.379288
4000.6	0.378817
4049.81	0.378046
4096.23	0.378877
4140.35	0.380531
4182.47	0.382807
4222.82	0.385623
4261.86	0.388781
4300.98	0.391348
4327.15	0.376158
4357.29	0.37604
4385.27	0.379679
4411.64	0.383349
4436.41	0.386842
4459.2	0.390075
4480.33	0.393346
4500	0.396615
4518.62	0.39996
4537.46	0.403204
4555.18	0.403786
4571.71	0.401481
4587.09	0.395886
4601.33	0.386959
4614.5	0.374904
4626.67	0.360488
4637.96	0.345079
4648.46	0.330339
4658.16	0.317385
4666.79	0.306621
4673.72	0.295662
4678.25	0.279247
4680.42	0.264947
2855.71	0.215656
2872.17	0.27067
2901.19	0.329007
2943.79	0.367722
2999.08	0.391535
3062.89	0.407344
3132.04	0.418947
3204.42	0.426911
3278.29	0.432618
3352.51	0.436919
3426.37	0.440325
3499.45	0.44313
3571.54	0.445433
3642.86	0.44706
3714.73	0.447249
3771.83	0.433908
3831.81	0.434631
3891.28	0.435557
3948.52	0.435572
4001.71	0.433163
4049.59	0.429169
4095.04	0.429121
4138.5	0.430555
4180.1	0.43289
4219.91	0.435951
4258.02	0.439756
4294.53	0.444835
4327.61	0.454684
4354.78	0.443722
4382.35	0.440682
4408.84	0.444569
4434.19	0.448126
4456.58	0.448791
4477.39	0.45231
4496.39	0.456887
4513.41	0.464129
4534.08	0.475369
4552.16	0.482458
4568.78	0.487249
4584.11	0.489194
4598.2	0.486864
4611.05	0.47823
4622.78	0.460804
4633.56	0.431995
4643.73	0.392478
4653.35	0.355647
4662.28	0.329324
4670.01	0.312523
4675.64	0.300095
4678.33	0.28482
2815.32	0.235685
2830.69	0.307037
2855.06	0.363631
2906.25	0.400669
2971.02	0.426703
3042.65	0.443536
3117.6	0.454457
3193.94	0.461606
3270.5	0.466329
3346.58	0.469505
3421.73	0.471686
3495.71	0.473218
3568.41	0.474321
3639.87	0.475145
3710.24	0.475887
3765.96	0.476157
3828.98	0.47755
3891.08	0.47923
3951.29	0.479122
4006.1	0.476514
4049.72	0.474327
4093.69	0.474097
4136.35	0.474599
4177.36	0.475938
4216.52	0.478152
4253.63	0.481501
4289.38	0.486443
4322.58	0.49306
4351.53	0.500832
4380.32	0.504589
4406.01	0.506307
4434.59	0.511891
4454.54	0.500001
4475.43	0.504244
4494.79	0.512397
4513.06	0.520208
4531.51	0.523298
4548.96	0.529561
4565.7	0.536088
4581.22	0.541419
4595.43	0.545486
4608.22	0.548268
4619.66	0.548553
4629.77	0.540966
4638.8	0.513167
4647.4	0.451011
4656.3	0.377114
4665.06	0.33826
4671.54	0.317806
4675.02	0.305537
2760.48	0.240791
2765.2	0.319209
2779.47	0.394763
2851.09	0.432069
2933.41	0.454525
3016.92	0.467806
3099.7	0.475852
3181.21	0.480974
3261.2	0.484437
3339.55	0.486936
3416.23	0.488857
3491.18	0.49043
3564.41	0.491805
3635.86	0.493118
3705.39	0.494539
3772.58	0.49635
3825.03	0.49783
3890.7	0.500098
3957.45	0.500299
4006.83	0.505711
4049.42	0.49829
4092.62	0.499248
4134.89	0.500668
4175.62	0.50241
4214.44	0.504614
4249.55	0.507507
4286.19	0.511364
4319.39	0.516964
4349.82	0.522821
4378.73	0.5274
4406.46	0.531593
4428.99	0.531318
4453.12	0.536982
4472.91	0.537867
4492.23	0.542634
4510.62	0.545917
4528.09	0.54772
4544.71	0.551044
4562.19	0.556663
4578.07	0.56211
4592.61	0.568512
4605.44	0.577173
4616.98	0.589592
4626.9	0.609144
4635.21	0.628224
4642.27	0.600663
4649.48	0.470718
4659.91	0.373952
4667.25	0.338252
4671.07	0.322088
2699.56	0.234632
2688.22	0.308679
2641.08	0.407333
2782.3	0.455682
2892.02	0.468764
2989.53	0.474433
3080.75	0.476765
3167.73	0.477796
3251.3	0.478489
3332	0.479256
3410.23	0.48023
3486.19	0.481429
3559.98	0.482829
3631.54	0.484394
3700.67	0.486092
3766.87	0.487893
3828.88	0.489801
3887.03	0.493066
3945.89	0.495585
3998.32	0.497878
4045.71	0.50077
4090.67	0.505816
4133.59	0.511085
4174.53	0.516401
4213.67	0.52175
4251.77	0.526937
4284.25	0.526746
4316.85	0.531815
4347.54	0.536878
4376.3	0.541548
4403.28	0.546029
4428.48	0.55078
4449.59	0.551867
4469.85	0.555529
4489.31	0.560274
4507.59	0.565102
4527.49	0.570794
4541.45	0.574309
4558.37	0.580543
4574.31	0.586621
4589.53	0.592462
4601.99	0.598899
4613.97	0.620687
4624.12	0.647469
4632.71	0.681713
4639.38	0.720681
4646.57	0.624267
4656.21	0.41567
4663.61	0.35595
4667.55	0.335531
2651.28	0.227922
2637.44	0.284836
2601.33	0.421144
2741.06	0.468443
2859.76	0.471414
2965.62	0.471524
3063.3	0.470814
3154.97	0.470206
3241.55	0.470034
3324.2	0.470312
3403.76	0.470957
3480.65	0.471891
3555.05	0.473064
3626.94	0.474442
3696.21	0.476005
3762.67	0.477747
3826.3	0.479709
3880.04	0.48134
3938.2	0.482142
3992.3	0.48388
4041.97	0.486414
4088.35	0.489974
4131.93	0.494276
4172.95	0.499142
4211.73	0.504297
4248.53	0.509421
4282.67	0.514119
4315.39	0.520077
4346.26	0.526371
4374.68	0.533145
4401.06	0.540004
4425.57	0.546582
4447.81	0.55277
4468.22	0.559029
4485.37	0.563877
4507.28	0.568768
4523.52	0.571865
4539.27	0.575222
4554.19	0.582131
4569.54	0.587749
4586.55	0.595226
4600.72	0.606664
4612.39	0.627144
4622.1	0.654127
4630.76	0.68804
4638.04	0.724754
4644.91	0.65027
4653.68	0.437292
4660.65	0.366208
4664.65	0.343525
2618.01	0.222336
2606.63	0.253468
2584.86	0.432338
2717.14	0.475104
2837.04	0.474957
2946.84	0.474554
3048.93	0.474436
3144.42	0.474698
3232.89	0.475339
3316.69	0.476325
3397.15	0.477534
3474.8	0.478896
3549.81	0.48038
3622.15	0.481988
3691.74	0.483741
3758.5	0.485664
3822.6	0.487763
3884.75	0.489981
3931.77	0.488378
3987.94	0.49009
4038.79	0.493443
4086.1	0.497181
4130.14	0.501238
4170.94	0.505714
4209.11	0.510652
4245.35	0.515939
4279.93	0.521483
4313.27	0.527036
4344.95	0.532507
4372.7	0.538143
4398.41	0.544555
4422.71	0.550746
4445.78	0.556589
4465.53	0.55958
4485.12	0.563529
4503.51	0.564189
4520.96	0.564182
4538.33	0.566547
4553.62	0.571395
4570.54	0.577576
4586.38	0.586251
4600.03	0.5998
4611.76	0.62452
4619.95	0.65444
4629.79	0.685988
4637.01	0.698898
4643.93	0.598385
4651.75	0.435625
4657.84	0.37049
4662.4	0.347861
2596.73	0.220028
2589.14	0.236005
2575.32	0.451146
2702.24	0.487698
2821.2	0.487491
2932.77	0.487655
3038.29	0.488097
3138.15	0.488546
3226.26	0.488045
3309.93	0.48904
3390.76	0.490323
3469.02	0.49176
3544.67	0.493315
3617.57	0.494997
3687.55	0.496844
3754.46	0.498905
3818.33	0.501237
3879.09	0.50394
3935.74	0.507417
3986.35	0.507189
4036.64	0.510473
4084.65	0.514089
4129.13	0.517744
4169.14	0.521417
4206	0.525975
4241.46	0.531109
4276.09	0.536533
4310.5	0.541944
4345.29	0.546882
4370.55	0.544463
4395.04	0.548719
4419.02	0.551354
4440.42	0.553526
4463.62	0.556025
4483.85	0.559868
4502.53	0.561924
4520.66	0.563859
4537.28	0.567595
4554.12	0.573719
4570.4	0.582027
4586.1	0.592325
4598.83	0.604525
4610.12	0.627742
4620.65	0.659361
4629.56	0.696671
4636.54	0.728637
4642.97	0.66921
4651	0.458341
4657.5	0.378122
4661.33	0.350755
2583.1	0.219861
2578.22	0.232603
2568.92	0.483699
2692.15	0.514827
2809.64	0.515166
2921.77	0.516122
3030.43	0.517304
3140.93	0.517773
3221.55	0.507173
3303.53	0.506591
3384.46	0.507264
3463.35	0.508099
3539.78	0.508923
3613.43	0.509726
3683.95	0.51054
3751	0.51143
3814.71	0.512488
3875.13	0.513786
3931.95	0.515397
3982.74	0.517261
4034.46	0.519874
4084.45	0.522215
4130.37	0.525075
4168.33	0.524377
4202.2	0.526006
4236.29	0.529784
4270.38	0.529332
4305.27	0.532264
4337.5	0.535182
4365.17	0.535015
4389.95	0.537309
4416.02	0.542162
4439.57	0.548148
4462.4	0.553959
4480.19	0.557389
4501.29	0.561272
4520.09	0.565957
4538	0.571535
4553.07	0.576434
4568.69	0.581217
4583.62	0.589434
4598.02	0.60323
4610.25	0.628017
4620.76	0.659806
4629.4	0.697
4636.26	0.727697
4642.59	0.667714
4650.56	0.459054
4657.07	0.379449
4660.71	0.351146
2574.19	0.220267
2570.99	0.235871
2564.5	0.492917
2684.89	0.514764
2800.53	0.512918
2911.39	0.511036
3017.8	0.509095
3119.37	0.506896
3209.52	0.503523
3295.32	0.502923
3378.26	0.502785
3458.62	0.502889
3536.41	0.503227
3611.45	0.503835
3683.15	0.504774
3750.2	0.506214
3813.8	0.507883
3874.47	0.509733
3932.5	0.511814
3989.17	0.514088
4032.61	0.515792
4088.53	0.519058
4127.76	0.514102
4165.33	0.517006
4200.99	0.519956
4234.28	0.523614
4271.17	0.527598
4302.06	0.527819
4331.42	0.530121
4360.66	0.533325
4386.86	0.537924
4413.22	0.543231
4437.27	0.549509
4457.33	0.554374
4479.1	0.558976
4500.31	0.563449
4518.39	0.567062
4536.03	0.572353
4552.45	0.577865
4566.01	0.581769
4582.75	0.589173
4596.98	0.605098
4609.77	0.628966
4620.51	0.659838
4629.15	0.696249
4635.97	0.725642
4642.3	0.660673
4650.27	0.453888
4656.75	0.377467
4660.31	0.35016
2568.33	0.221341
2566.13	0.241738
2561.4	0.495962
2679.45	0.511439
2793.25	0.50935
2902.52	0.507318
3007.11	0.505432
3106.47	0.503706
3199.25	0.502209
3287.39	0.501304
3372.06	0.500605
3453.87	0.500057
3533.19	0.499658
3610.24	0.499443
3684.47	0.499519
3750.37	0.497419
3813.38	0.498505
3874.05	0.500134
3931.97	0.502101
3986.38	0.504311
4037.1	0.506703
4081.95	0.506067
4124.76	0.508239
4162.78	0.512782
4199.26	0.51785
4233.7	0.521167
4266.16	0.524512
4299.13	0.529222
4329.43	0.534781
4358.11	0.540409
4386.06	0.546078
4410.5	0.549187
4432.99	0.553378
4455.23	0.556619
4476.53	0.559307
4497.57	0.561972
4516.82	0.562179
4535.24	0.565131
4552.1	0.571627
4567.48	0.580697
4582.04	0.591271
4595.05	0.60768
4609.03	0.629914
4620.13	0.659637
4628.86	0.695238
4635.68	0.723454
4642.05	0.65246
4650.06	0.447333
4656.52	0.374521
4660.03	0.348742
2564.48	0.223605
2562.87	0.250307
2559.21	0.513849
2675.38	0.526115
2787.6	0.524467
2895.49	0.523188
2998.85	0.522375
3097.43	0.522089
3191.03	0.522356
3280.37	0.522902
3366.18	0.523536
3449.07	0.524185
3529.68	0.524787
3609.27	0.525175
3691.58	0.524791
3750.88	0.518895
3812.74	0.518685
3873.78	0.518784
3932.4	0.518772
3984.7	0.518031
4033.02	0.51907
4077.57	0.521478
4124.05	0.524253
4159.33	0.519514
4195.26	0.520716
4230.84	0.524161
4264.21	0.528165
4296.59	0.532463
4326.84	0.537325
4354.14	0.541495
4382.48	0.544963
4407.99	0.548664
4428.99	0.551177
4453.18	0.555785
4475.21	0.558112
4494.04	0.559667
4514.85	0.562802
4533.85	0.566462
4551.04	0.571445
4566.79	0.578861
4581.36	0.589781
4595.06	0.607414
4608.82	0.629329
4619.92	0.658701
4628.64	0.693954
4635.42	0.721343
4641.83	0.644647
4649.89	0.441124
4656.34	0.371665
4659.82	0.347347
2562.01	0.226913
2560.76	0.261615
2557.75	0.524264
2672.6	0.533882
2783.58	0.532149
2890.36	0.530623
2992.82	0.529353
3090.9	0.528325
3184.69	0.527492
3274.55	0.526776
3360.93	0.526131
3444.26	0.525544
3524.91	0.525013
3603.17	0.524546
3678.6	0.524163
3745.84	0.524012
3810.8	0.524826
3874.99	0.525608
3940.48	0.526285
3987.24	0.522003
4032.58	0.522534
4079.56	0.523791
4117.02	0.52653
4158.89	0.531038
4194.38	0.530176
4229	0.531367
4261.61	0.533446
4294.93	0.536761
4325.44	0.540277
4355.26	0.544194
4380.79	0.546722
4402.75	0.549219
4424.26	0.550221
4448.42	0.550774
4471.85	0.553147
4492.29	0.556016
4514.09	0.559202
4533.36	0.563844
4550.52	0.570383
4565.66	0.579533
4579.21	0.590355
4595.5	0.605057
4608.97	0.627321
4619.88	0.657014
4628.49	0.692403
4635.2	0.719397
4641.63	0.637938
4649.73	0.435854
4656.17	0.369222
4659.64	0.346133
2560.54	0.229725
2559.5	0.269986
2556.93	0.516806
2670.98	0.524491
2781.08	0.522862
2886.93	0.521312
2988.58	0.519881
3086.16	0.518571
3179.82	0.5174
3269.8	0.516392
3356.36	0.515567
3439.76	0.514929
3520.15	0.514464
3597.55	0.514135
3671.5	0.513888
3740.88	0.513686
3807.41	0.514072
3872.57	0.514847
3938.92	0.515795
3984.3	0.509394
4027.82	0.511032
4074.88	0.513572
4122.68	0.516169
4155.51	0.512023
4190.83	0.511552
4228.17	0.515371
4264.15	0.520908
4295.56	0.522945
4325.29	0.529574
4354.15	0.535659
4376.53	0.537352
4400.15	0.539704
4424.79	0.544342
4447.93	0.549591
4469.27	0.554479
4493.24	0.558701
4513.78	0.559786
4532.85	0.563998
4549.86	0.569741
4563.97	0.578364
4581.2	0.587708
4596.42	0.60186
4609.34	0.624775
4619.95	0.654973
4628.38	0.690743
4635	0.717663
4641.42	0.632418
4649.56	0.431539
4655.99	0.367206
4659.44	0.345112
2559.82	0.230984
2558.93	0.2735
2556.66	0.495998
2670.57	0.502426
2780.09	0.50133
2884.98	0.500289
2985.76	0.499177
3082.71	0.49812
3176.05	0.497156
3265.89	0.496337
3352.41	0.495698
3435.72	0.495251
3515.86	0.494982
3592.87	0.494849
3666.5	0.494831
3736.32	0.494975
3802.92	0.495502
3866.43	0.496288
3926.58	0.496814
3981.42	0.495465
4017.14	0.492796
4067.05	0.49291
4111.76	0.494194
4148.88	0.493985
4188.73	0.496932
4226.17	0.502425
4262.76	0.508134
4297.64	0.514224
4324.65	0.516218
4349.68	0.522467
4376.26	0.52521
4401.29	0.53283
4425.67	0.539728
4449.04	0.545612
4471.52	0.550337
4493.96	0.55396
4514.86	0.557445
4533.71	0.561801
4551.13	0.567675
4567.12	0.575536
4582.91	0.585252
4597.28	0.598931
4609.69	0.6223
4620	0.652966
4628.24	0.689166
4634.76	0.716149
4641.17	0.627781
4649.34	0.427933
4655.77	0.365503
4659.21	0.344234
2559.7	0.232368
2558.96	0.277001
2556.95	0.478731
2671.75	0.483971
2780.91	0.482955
2884.36	0.482335
2983.99	0.481757
3080.13	0.481192
3173.02	0.480717
3262.58	0.480395
3348.95	0.480255
3432.14	0.480319
3511.98	0.480601
3588.87	0.481063
3662.61	0.481746
3732.28	0.482758
3798.83	0.484072
3860.99	0.48575
3916.88	0.486636
3969.77	0.487714
4016.62	0.48956
4061.65	0.488337
4105.71	0.49132
4146.7	0.494261
4186.3	0.497835
4222.36	0.502307
4260.42	0.50797
4296.45	0.514215
4323.81	0.515876
4347.84	0.520189
4375.06	0.527707
4400.76	0.53515
4425.34	0.541711
4448.92	0.547125
4471.73	0.551273
4494.18	0.554422
4515.93	0.557367
4533.91	0.560862
4551.68	0.566425
4568.27	0.573785
4583.75	0.583474
4597.72	0.596767
4609.8	0.620264
4619.88	0.651278
4627.99	0.687836
4634.43	0.714839
4640.84	0.623549
4649.05	0.424694
4655.5	0.363984
4658.94	0.343439
2560	0.236451
2559.47	0.287404
2557.96	0.477481
2675.76	0.480544
2784.68	0.47738
2884.83	0.47478
2982.99	0.474271
3078.04	0.473898
3170.57	0.47366
3259.68	0.473624
3345.9	0.473801
3429.12	0.474205
3508.28	0.4749
3585.24	0.475805
3660.01	0.476925
3728.63	0.476096
3796.4	0.476913
3853.59	0.477357
3911.28	0.479352
3963.83	0.482188
4012.13	0.485626
4057.6	0.489686
4101.96	0.494371
4143.94	0.499415
4184.04	0.504746
4222.8	0.510268
4257.48	0.51209
4292.3	0.516769
4317.71	0.519332
4344.76	0.524351
4373.02	0.530724
4399.08	0.537736
4423.84	0.543929
4447.48	0.548978
4470.27	0.552792
4493.07	0.555645
4516.11	0.558317
4532.21	0.560769
4551.28	0.565653
4568.33	0.572687
4583.83	0.58227
4597.67	0.59531
4609.59	0.618819
4619.53	0.650092
4627.56	0.68688
4633.96	0.713708
4640.41	0.619258
4648.68	0.421535
4655.15	0.362536
4658.59	0.342678
2560.47	0.243299
2560.22	0.306902
2559.68	0.498053
2685.88	0.498937
2794.53	0.494213
2884.64	0.488622
2982.4	0.486884
3075.75	0.485993
3168.78	0.485674
3256.91	0.48546
3343.07	0.485702
3427.36	0.486139
3504	0.485146
3580.98	0.485972
3651.09	0.486935
3726.18	0.489085
3801.23	0.490476
3853.73	0.480104
3908.09	0.481463
3959.48	0.483505
4007.85	0.486125
4052.11	0.489142
4098.05	0.493365
4140.57	0.498152
4180.65	0.503223
4218.4	0.508496
4253.16	0.514013
4286.08	0.520168
4315.46	0.526663
4345.36	0.533083
4370.85	0.535117
4396.45	0.540604
4421.34	0.54519
4444.86	0.549192
4466.79	0.552715
4489.73	0.555504
4512.61	0.558109
4533.35	0.561617
4550.74	0.564982
4567.75	0.572006
4583.32	0.581537
4597.15	0.594451
4609	0.618027
4618.89	0.649554
4626.9	0.686413
4633.32	0.712739
4639.85	0.614583
4648.21	0.4183
4654.72	0.361112
4658.18	0.341934
2560.67	0.242307
2560.3	0.297379
2559.03	0.500982
2679.38	0.503112
2789.03	0.501089
2891.88	0.49978
2983.8	0.496633
3071.31	0.49486
3169.38	0.492812
3253.59	0.490515
3339.56	0.490042
3417.45	0.489506
3499.86	0.489403
3576.87	0.489708
3649.58	0.490327
3721.06	0.491008
3789.39	0.491948
3849.6	0.493493
3906.71	0.496216
3956.95	0.497294
4004.49	0.500922
4051.92	0.50494
4094.9	0.504464
4137.02	0.507766
4177.04	0.51121
4214.49	0.514788
4248.21	0.518806
4276.53	0.52269
4310.42	0.525938
4340.79	0.529958
4368.29	0.534184
4392.92	0.539386
4418.88	0.543926
4442.48	0.548769
4464.57	0.552636
4484.42	0.555264
4509.19	0.557426
4530.77	0.560636
4548.88	0.565655
4566.4	0.571847
4582.3	0.581216
4596.21	0.594086
4608.03	0.617952
4617.89	0.649912
4626	0.686578
4632.52	0.711939
4639.18	0.609518
4647.66	0.415048
4654.22	0.359755
4657.69	0.341232
2560.78	0.246737
2560.52	0.305544
2559.45	0.514289
2680.8	0.516135
2787.75	0.51443
2891.55	0.513043
2983.82	0.51217
3079.94	0.51135
3161.76	0.510543
3248.65	0.511835
3337	0.513063
3418.77	0.513421
3498.53	0.513221
3574.49	0.513492
3646.72	0.514332
3716.49	0.515555
3783.08	0.517649
3846.11	0.520816
3909.8	0.522949
3954.7	0.519956
3998.87	0.522346
4046.96	0.526311
4091.49	0.530209
4134.32	0.53397
4175.09	0.537712
4214.19	0.539545
4244.76	0.536842
4276.55	0.540421
4308.31	0.543026
4338.29	0.54669
4366.44	0.550518
4393.38	0.553732
4416.6	0.554316
4439.52	0.55664
4460.1	0.558921
4484.82	0.559652
4506.88	0.56068
4529.55	0.563356
4549.99	0.568146
4564.43	0.572858
4581	0.581333
4594.95	0.594257
4606.66	0.618871
4616.4	0.651916
4624.86	0.687569
4631.6	0.711363
4638.43	0.604677
4647.03	0.412168
4653.66	0.358617
4657.16	0.340659
2560.59	0.259428
2560.64	0.340942
2561.15	0.513617
2693.9	0.513621
2787.1	0.510212
2879.59	0.509282
2980.63	0.508224
3076.6	0.507397
3167.18	0.506872
3258.93	0.506913
3338.64	0.506964
3419.83	0.508367
3498.69	0.510024
3573.59	0.511057
3644.08	0.512161
3712.85	0.513095
3778.13	0.514134
3839.75	0.515268
3898.37	0.516328
3950.08	0.51706
3999.82	0.519551
4043.57	0.518557
4087.87	0.519829
4128.78	0.52054
4170.01	0.521696
4208.18	0.523129
4242.59	0.524661
4274.35	0.529163
4306.89	0.534015
4336.71	0.539757
4364.69	0.545256
4390.83	0.550257
4414.88	0.554593
4438.9	0.558305
4461.69	0.561545
4485.15	0.564439
4508.37	0.567808
4528.44	0.568483
4547.89	0.57316
4565.38	0.579666
4580.03	0.586861
4593.48	0.599869
4604.89	0.622965
4613.99	0.656144
4623.63	0.689017
4630.68	0.711071
4637.65	0.601686
4646.37	0.410482
4653.05	0.357975
4656.58	0.340355
2559.58	0.245186
2559.25	0.302824
2558.08	0.497238
2676.35	0.4991
2780.88	0.495157
2880.63	0.493305
2979.88	0.492616
3076.11	0.49196
3168.82	0.491594
3258.83	0.491599
3343.36	0.49195
3424.72	0.492816
3500.33	0.493576
3574.66	0.49486
3640.79	0.496662
3710.3	0.498571
3774.46	0.500037
3834.05	0.500501
3891.56	0.500761
3945.13	0.500197
3993.77	0.500177
4040.48	0.501743
4084.7	0.505034
4126.71	0.508614
4167.27	0.512811
4205.56	0.517197
4241.05	0.522138
4275.78	0.527478
4305.83	0.529638
4334.71	0.533835
4362.61	0.538014
4388.33	0.541935
4411.19	0.54596
4437.6	0.548349
4460.66	0.551512
4483.77	0.554237
4506.62	0.556719
4527.47	0.559678
4546.97	0.564469
4564.43	0.571333
4579.04	0.581461
4592.92	0.593285
4604.82	0.617536
4614.67	0.650726
4623.19	0.686757
4629.97	0.710756
4636.91	0.602344
4645.68	0.410632
4652.43	0.357898
4655.98	0.340322
2558.48	0.237795
2557.87	0.286835
2556.14	0.490027
2669.76	0.493887
2776.87	0.492026
2879.54	0.490655
2979.45	0.489616
3076.44	0.488796
3170.43	0.48814
3261.51	0.487594
3348.57	0.487097
3428.37	0.486379
3504.39	0.486925
3579.13	0.48787
3646.58	0.485204
3710.48	0.483749
3769.93	0.482865
3831.75	0.481531
3888.21	0.483766
3941.39	0.486201
3990.43	0.489152
4037.33	0.492689
4081.21	0.496719
4123.61	0.500925
4164.34	0.505423
4203.35	0.510189
4237.89	0.511775
4272.25	0.515262
4303.87	0.518368
4334.68	0.522859
4363.28	0.529528
4389.79	0.536071
4414.56	0.542099
4439.05	0.547012
4461.66	0.551174
4480.55	0.554769
4504.73	0.557797
4525.65	0.561594
4545.86	0.566691
4564.04	0.573661
4580.47	0.582922
4591.88	0.5927
4604.39	0.614959
4614.44	0.647122
4622.65	0.684601
4629.26	0.710305
4636.16	0.601944
4645	0.409457
4651.82	0.356947
4655.42	0.339668
2557.63	0.236076
2556.96	0.284231
2555.14	0.498963
2667.03	0.503486
2774.71	0.502007
2878.59	0.50068
2979.31	0.499445
3077.11	0.498298
3172.28	0.497268
3265.51	0.496352
3358.38	0.495498
3433.2	0.490336
3507.13	0.489428
3577.73	0.488265
3648.31	0.487166
3713.68	0.487174
3777.24	0.488046
3832.01	0.486698
3885.43	0.487566
3939.13	0.487744
3986.58	0.490743
4034.59	0.494695
4076.62	0.495424
4119.61	0.49861
4160.58	0.501356
4197.01	0.504005
4235.07	0.507943
4270.21	0.513283
4303.11	0.519089
4334.37	0.52509
4363.67	0.531086
4390.71	0.53689
4416.03	0.542361
4440.31	0.547138
4462.28	0.549723
4483.29	0.553034
4504.05	0.556135
4522.44	0.560165
4544.62	0.564705
4563.21	0.571153
4579.32	0.580397
4593.01	0.593213
4604.02	0.611451
4613.82	0.644164
4621.87	0.682637
4628.39	0.708907
4635.38	0.594529
4644.35	0.402232
4651.27	0.353032
4654.91	0.337071
2557.09	0.236639
2556.44	0.286364
2554.67	0.510071
2665.95	0.514663
2773.82	0.513155
2878.27	0.511772
2979.52	0.510511
3077.81	0.509388
3173.46	0.508418
3267.16	0.507567
3360.67	0.506777
3435.74	0.50514
3510.65	0.505428
3583.27	0.505752
3652.69	0.506106
3716.16	0.506459
3776.86	0.507394
3834.02	0.508707
3891.14	0.510148
3940.49	0.511242
3979.61	0.505281
4027.19	0.506013
4073.11	0.508799
4116.23	0.511424
4157.01	0.514276
4195.42	0.517566
4232.56	0.5205
4267.9	0.524057
4301.54	0.527793
4333.62	0.531521
4364.01	0.535284
4391.15	0.536709
4416.4	0.540235
4439.25	0.544201
4462.8	0.547531
4484.64	0.55088
4505.47	0.553743
4525.15	0.556856
4544.79	0.560769
4562.62	0.566936
4578.37	0.575661
4591.87	0.587606
4602.66	0.610899
4612.68	0.640997
4620.77	0.679263
4627.33	0.702984
4634.63	0.569523
4643.7	0.38328
4650.77	0.343963
4654.48	0.331164
2556.83	0.23722
2556.21	0.287637
2554.54	0.505986
2665.74	0.510419
2773.79	0.509064
2878.58	0.507895
2980.15	0.506947
3078.6	0.50622
3174.01	0.505706
3266.35	0.505384
3354.99	0.50521
3436.17	0.505289
3514.17	0.505972
3589.75	0.507098
3660.77	0.509131
3719.26	0.507555
3777.85	0.510271
3833.9	0.512828
3884.41	0.515245
3935.62	0.518937
3981.22	0.52306
4026.98	0.526423
4071.54	0.529686
4114.14	0.533513
4154.76	0.537597
4193.44	0.541743
4230.48	0.545597
4265.88	0.549439
4300.05	0.553144
4333.3	0.55643
4367.11	0.558751
4392.2	0.554414
4416.53	0.556454
4439.97	0.558958
4462.9	0.561157
4484.92	0.563402
4505.91	0.565928
4525.76	0.569082
4544.54	0.57302
4561.82	0.578268
4577.33	0.585675
4590.98	0.595992
4602.9	0.611684
4611.23	0.624826
4619.55	0.642425
4626.53	0.617535
4634.25	0.47441
4642.57	0.356661
4650.3	0.33105
4654.12	0.322145
2556.82	0.237791
2556.22	0.288211
2554.61	0.500401
2666.01	0.504464
2774.33	0.502911
2879.41	0.501479
2981.21	0.500216
3079.73	0.499147
3174.92	0.498291
3266.55	0.497681
3354.17	0.497381
3437.24	0.497392
3517.58	0.497738
3598.26	0.498332
3659.64	0.492527
3723.44	0.493527
3780.2	0.493005
3834.4	0.495679
3885.18	0.498908
3934.17	0.502591
3980.57	0.505903
4025.91	0.509476
4069.87	0.512874
4112.03	0.516063
4152.49	0.519039
4191.23	0.521869
4228.18	0.524637
4263.29	0.527307
4297.66	0.529658
4330.62	0.532102
4362.27	0.534316
4390.89	0.534884
4415.95	0.539248
4439.61	0.543918
4462.52	0.547855
4484.91	0.550937
4506.25	0.553932
4526.13	0.557426
4544.72	0.562054
4561.84	0.568516
4577.28	0.577492
4590.91	0.589521
4602.56	0.611656
4612.07	0.643371
4619.35	0.673554
4625.8	0.683959
4633.83	0.508561
4643.18	0.350974
4650.19	0.324995
4653.83	0.316477
2557.04	0.238842
2556.43	0.290003
2554.79	0.515392
2666.65	0.519478
2775.37	0.517835
2880.75	0.516346
2982.75	0.515049
3081.39	0.513953
3176.58	0.513067
3267.98	0.512413
3355.11	0.512023
3438.29	0.511892
3517.82	0.512022
3592.74	0.512465
3661.17	0.514364
3732.01	0.515246
3782.48	0.507199
3835.73	0.508557
3885.22	0.509517
3932.8	0.511233
3978.5	0.513416
4023.75	0.515732
4067.56	0.518188
4109.2	0.520837
4149.56	0.523678
4188.4	0.526642
4225.33	0.529733
4259.07	0.53311
4294.29	0.536499
4326.83	0.540413
4358.06	0.544592
4390.72	0.548705
4414.49	0.545351
4437.81	0.54801
4460.56	0.550758
4483.85	0.552796
4505.96	0.554786
4525.65	0.5573
4544.18	0.559281
4561.32	0.56519
4576.78	0.573495
4590.42	0.584893
4602.03	0.604343
4611.47	0.636105
4618.58	0.676162
4625.33	0.686163
4633.63	0.509714
4643.11	0.350895
4649.85	0.323334
4653.33	0.31412
2557.48	0.239245
2556.87	0.289844
2555.21	0.513861
2667.84	0.517927
2777.15	0.516251
2882.87	0.514712
2985.07	0.513361
3083.93	0.512205
3179.47	0.511242
3271.15	0.510465
3357.54	0.509885
3440.51	0.50963
3520.26	0.5096
3591.34	0.509594
3657.97	0.510656
3722.17	0.511821
3780.41	0.512967
3840.52	0.515047
3885.94	0.513235
3931.93	0.515463
3974.75	0.51845
4021.43	0.522364
4066.24	0.525842
4106.04	0.526007
4146.69	0.529248
4186.21	0.532334
4223.84	0.535358
4260.08	0.538296
4291.48	0.53807
4322.26	0.540856
4350.33	0.543837
4383.02	0.545896
4410.29	0.548158
4434.65	0.552068
4455.7	0.556106
4482.41	0.559607
4505.86	0.562531
4527.73	0.565667
4542.83	0.567498
4560.24	0.573268
4575.83	0.580922
4589.54	0.590856
4601.23	0.607089
4610.93	0.627288
4619.04	0.633677
4625.5	0.554965
4634.12	0.408326
4642.85	0.336896
4649.19	0.320112
4652.47	0.312917
2558.18	0.239614
2557.54	0.289573
2555.84	0.516254
2669.66	0.520274
2779.78	0.518584
2885.8	0.51715
2988.03	0.515942
3087.09	0.514914
3183.53	0.514059
3276.97	0.513507
3360.79	0.514137
3443.35	0.514375
3528.87	0.514195
3592.02	0.507067
3654.83	0.506869
3715.97	0.507347
3774.16	0.507781
3830.32	0.508339
3881.41	0.50852
3930.13	0.509935
3977.67	0.511787
4018.79	0.511164
4058.6	0.511463
4103.72	0.510015
4143.8	0.511735
4184.86	0.514343
4222.59	0.518075
4257.85	0.522241
4290.8	0.526298
4322.03	0.531491
4351.72	0.536859
4381.34	0.541759
4408.82	0.546006
4434.18	0.549933
4458.01	0.553214
4482.26	0.555751
4505.36	0.558251
4524.24	0.560774
4542.55	0.564568
4559.96	0.570764
4575.84	0.579647
4589.8	0.591777
4601.65	0.614841
4611.44	0.647445
4619.3	0.685413
4625.9	0.684232
4633.49	0.505821
4643.03	0.350473
4649.8	0.323509
4653.27	0.314672
2559.13	0.240174
2558.5	0.289667
2556.82	0.509752
2672.53	0.513493
2783.88	0.511681
2889.9	0.510112
2991.55	0.508769
3090.24	0.507588
3187.99	0.506532
3289.87	0.505486
3362.91	0.497532
3440.75	0.497178
3517.77	0.496231
3588.25	0.493343
3651.57	0.491733
3711.84	0.491785
3768.8	0.491945
3825.6	0.492095
3878.35	0.493486
3928	0.49584
3975.99	0.498782
4016.93	0.500781
4056.13	0.504652
4103.07	0.507772
4146.13	0.512005
4184.38	0.513523
4221.39	0.517201
4255.51	0.521135
4289.44	0.525716
4321.01	0.531683
4350.92	0.537539
4379.57	0.54292
4407.34	0.547573
4433.19	0.551553
4457.9	0.554743
4481.21	0.557111
4504.5	0.559796
4521.45	0.561191
4543.7	0.564986
4559	0.569075
4575.55	0.577152
4589.79	0.588326
4601.83	0.608748
4611.79	0.639054
4619.7	0.675458
4625.95	0.687281
4632.79	0.505875
4643.04	0.355469
4650.1	0.327656
4653.7	0.318694
2560.34	0.242025
2559.77	0.293002
2558.23	0.508369
2677.02	0.511573
2790.6	0.509816
2895.69	0.508549
2995.38	0.507944
3091.65	0.507431
3185.46	0.506873
3276.42	0.506413
3357.61	0.506462
3436.44	0.507461
3514.1	0.50858
3593.02	0.509732
3650.55	0.501649
3709.63	0.502451
3768.35	0.504035
3822.39	0.502987
3875.86	0.504579
3925.03	0.505471
3971.05	0.507397
4016.28	0.508042
4060.4	0.510177
4103.76	0.51279
4145.44	0.516077
4184.61	0.51989
4221.64	0.523986
4255.94	0.528488
4288.05	0.530752
4319.29	0.5357
4349.13	0.540136
4376.52	0.544624
4405.69	0.548687
4431.3	0.551315
4455.52	0.553639
4479.95	0.555692
4502.74	0.558536
4524.51	0.562272
4541.93	0.564942
4559.07	0.570604
4575.33	0.578612
4589.59	0.590532
4601.69	0.612975
4611.89	0.644385
4620.05	0.682036
4626.49	0.704676
4633.64	0.561317
4643.23	0.375673
4650.29	0.337194
4653.93	0.325452
2561.76	0.24509
2561.31	0.300031
2560.13	0.508343
2683.85	0.510184
2803	0.507286
2904.27	0.502067
3000.03	0.50036
3092.95	0.499441
3183.16	0.498959
3270.23	0.498583
3352.26	0.498139
3430.87	0.498063
3506.68	0.498146
3579.21	0.498151
3643.72	0.497315
3705.27	0.499123
3764.96	0.501463
3820.16	0.503181
3871.31	0.506144
3924.9	0.509218
3974.18	0.512785
4021.19	0.516437
4063.24	0.518691
4104.49	0.52232
4146.15	0.525625
4185.75	0.528875
4223.12	0.532078
4257.75	0.535324
4287.36	0.538346
4317.53	0.542699
4347.16	0.543646
4378.07	0.546688
4403.72	0.548182
4429.67	0.551754
4451.67	0.555339
4478.27	0.558039
4499.91	0.561599
4523.77	0.565653
4544.52	0.57136
4560.76	0.576555
4574.86	0.581599
4589.12	0.594362
4601.06	0.619361
4611.77	0.650715
4620.34	0.68756
4627.09	0.712891
4634.14	0.597074
4643.38	0.398074
4650.45	0.347531
4654.13	0.331688
2563.21	0.246536
2562.85	0.307266
2562	0.521391
2692.07	0.522664
2830.32	0.52022
2915.76	0.508732
3004.97	0.506299
3094.37	0.50505
3181.42	0.50404
3266.49	0.503414
3347.79	0.503141
3425.54	0.503223
3499.94	0.503683
3570.88	0.504615
3637.33	0.506221
3700.26	0.507853
3758.67	0.50985
3818.2	0.512345
3874.26	0.514662
3926.6	0.516296
3977.14	0.518964
4027.19	0.521782
4065.83	0.519637
4102.28	0.523806
4147.61	0.527308
4188.14	0.531282
4226.81	0.535292
4259.88	0.536688
4290.23	0.536863
4319.31	0.540679
4350.28	0.544824
4375.37	0.548668
4405.21	0.551368
4431.77	0.554482
4456.04	0.557423
4479.5	0.560177
4500.99	0.563626
4523.98	0.56748
4544.11	0.57331
4562.17	0.581675
4575.4	0.590477
4588.54	0.600448
4599.28	0.627138
4611.54	0.656299
4620.65	0.691393
4627.67	0.716446
4634.68	0.615144
4643.68	0.414484
4650.7	0.356115
4654.4	0.337114
2564.5	0.238223
2563.79	0.286576
2561.98	0.514988
2688.42	0.518839
2810.65	0.516746
2917.38	0.514427
3006.47	0.510826
3096.13	0.510169
3179.59	0.509168
3265.56	0.508471
3345.87	0.508845
3422.55	0.509769
3495.8	0.510859
3566.83	0.512203
3632	0.513917
3697.05	0.51605
3758.44	0.518094
3818.95	0.519781
3880.47	0.521372
3928.71	0.517769
3979.03	0.519634
4029.45	0.521838
4071.19	0.521693
4112.04	0.523107
4151.64	0.521238
4190.19	0.522464
4225.08	0.52489
4258.88	0.527569
4293.6	0.532099
4324.76	0.537941
4354.54	0.543547
4382.09	0.54888
4409.52	0.553198
4435.47	0.557097
4459.83	0.560583
4482.33	0.563935
4503.85	0.568305
4524.87	0.573823
4543.57	0.577243
4561.73	0.584539
4577.58	0.594533
4588.91	0.60445
4601.21	0.62763
4612.23	0.658464
4621.22	0.693735
4628.33	0.718646
4635.32	0.624394
4644.16	0.424037
4651.11	0.362061
4654.81	0.341128
2566.06	0.229282
2564.88	0.26493
2562.01	0.51354
2685.61	0.521467
2803.35	0.519775
2911.21	0.518525
3008.15	0.517779
3100.27	0.517171
3188.87	0.516736
3267.74	0.514547
3345.13	0.513822
3418.82	0.513211
3494.31	0.512834
3564.78	0.513688
3630.59	0.514925
3695.18	0.516307
3756.84	0.517845
3816.36	0.519588
3874.86	0.521507
3925.11	0.521745
3978.34	0.524904
4034.54	0.527626
4075.37	0.527787
4116.25	0.531712
4157.7	0.531126
4194.11	0.529687
4230.86	0.531786
4264.82	0.536023
4298.02	0.540945
4329.16	0.545844
4358.72	0.55053
4386.73	0.554692
4413.18	0.557987
4438.66	0.561351
4463.46	0.564552
4484.09	0.564737
4505.15	0.567424
4521.41	0.570458
4543.79	0.573726
4562.46	0.580765
4578.36	0.590928
4591.24	0.611667
4602.06	0.631596
4612.72	0.661025
4621.84	0.695991
4629.08	0.720467
4636.07	0.629763
4644.82	0.429473
4651.72	0.365629
4655.41	0.343619
2568.48	0.22401
2566.74	0.250781
2562.79	0.512052
2685.48	0.524644
2802.86	0.523003
2913.2	0.521588
3012.06	0.520505
3105.43	0.520072
3186.81	0.519224
3266.69	0.519668
3348.11	0.520237
3427.28	0.520833
3495.4	0.519862
3565.03	0.520867
3628.09	0.522043
3693.88	0.523815
3755.03	0.525944
3812.4	0.528416
3865.65	0.531518
3916.12	0.53587
3972.17	0.540028
4026.7	0.543304
4074.88	0.547422
4120.92	0.54899
4168.3	0.550746
4203.65	0.543047
4236.96	0.544792
4269.1	0.548166
4302.16	0.55172
4332.9	0.555392
4362.24	0.559105
4390.83	0.562418
4415.77	0.562433
4440.54	0.564512
4462.97	0.566822
4484.8	0.569338
4504.34	0.572797
4525.26	0.576365
4545.48	0.581724
4563.65	0.589338
4579.66	0.601217
4593.83	0.620476
4604.2	0.6409
4612.5	0.667717
4622.52	0.698669
4629.98	0.722253
4636.99	0.633569
4645.68	0.432456
4652.53	0.367384
4656.21	0.34481
2572.38	0.221373
2569.88	0.241867
2564.48	0.507448
2687.47	0.525699
2806.29	0.524175
2923.77	0.522638
3018.81	0.519911
3102.23	0.518552
3188.89	0.518715
3271.09	0.519095
3350.87	0.519638
3427.13	0.520286
3498.68	0.521018
3568.57	0.521875
3636.03	0.522865
3694.91	0.52277
3754.74	0.524193
3810.36	0.525517
3857.1	0.525482
3899.4	0.527338
3965.39	0.527759
4023.18	0.527055
4074.67	0.52726
4122.35	0.528982
4167.44	0.531224
4207.35	0.53345
4242.12	0.536466
4275.66	0.540588
4307.76	0.543755
4336.91	0.544052
4365.19	0.546984
4391.06	0.550052
4418.4	0.553794
4443.87	0.557752
4465.91	0.559052
4486.63	0.560143
4504.89	0.563764
4528.14	0.567591
4548.24	0.572862
4566.03	0.580221
4581.7	0.590106
4595.41	0.60756
4606.22	0.636044
4616.1	0.668249
4623.93	0.698595
4631.21	0.723665
4638.12	0.636396
4646.74	0.433044
4653.55	0.367374
4657.2	0.344776
2578.58	0.220021
2574.94	0.235382
2567.26	0.492081
2690.47	0.517667
2807.8	0.516438
2918.35	0.515334
3017.13	0.514079
3106.77	0.513781
3193	0.51399
3275.53	0.514361
3354.8	0.514876
3429.41	0.515745
3501.38	0.516423
3572.33	0.516917
3635.16	0.515733
3698.21	0.516101
3755.18	0.514415
3807.71	0.514947
3861.68	0.515473
3913.43	0.518846
3964.43	0.523152
4023.64	0.52658
4075.93	0.529333
4124.02	0.531974
4169.47	0.534539
4213.95	0.53676
4246.35	0.533805
4278.73	0.535956
4308.92	0.539104
4341.22	0.542894
4367.86	0.543556
4396.35	0.547589
4420.85	0.547613
4444.44	0.550086
4466.9	0.553901
4490.4	0.557809
4511.31	0.561813
4532.04	0.56616
4551.13	0.57193
4568.32	0.57987
4583.29	0.590726
4597.45	0.608567
4609.77	0.635188
4618.51	0.664141
4626.55	0.698476
4632.71	0.716292
4639.48	0.633496
4648.03	0.428731
4654.77	0.365024
4658.38	0.343404
2588.32	0.219229
2582.94	0.229923
2571.93	0.472011
2696.28	0.506559
2813.04	0.505698
2921.91	0.504754
3022.09	0.50387
3112.34	0.503385
3198.52	0.503503
3280.93	0.503801
3361.2	0.504039
3432.17	0.500935
3502.98	0.500585
3570.26	0.500338
3636.12	0.498523
3695.09	0.498405
3758.06	0.4989
3815.56	0.500404
3871.08	0.502234
3924.3	0.504388
3973.83	0.507076
4028.83	0.50947
4079.27	0.512483
4126.29	0.515356
4170.37	0.518285
4211.32	0.521395
4247.3	0.522893
4281.01	0.526303
4312.78	0.530128
4343.09	0.534558
4372.31	0.536409
4397.14	0.538683
4423.32	0.542661
4448.89	0.547317
4472.07	0.55256
4494.72	0.556978
4515.87	0.56092
4535.46	0.565021
4553.77	0.570695
4570.64	0.578343
4583.38	0.587302
4599	0.599424
4611.31	0.621167
4620.42	0.653737
4628.66	0.686361
4635.11	0.701881
4641.33	0.588723
4649.51	0.418917
4656.11	0.361095
4659.7	0.3413
2603.29	0.218177
2595.55	0.22662
2580.01	0.449384
2706.75	0.493111
2823.32	0.495296
2931.5	0.497269
3034.53	0.498559
3119.69	0.49259
3205.55	0.492762
3286.23	0.493109
3362.34	0.492883
3434.66	0.488651
3505.94	0.488739
3573.39	0.488911
3640.13	0.490218
3702.72	0.491643
3764.19	0.493283
3823.2	0.495067
3880.59	0.497096
3936.65	0.499445
3989.29	0.502721
4036.28	0.498602
4083.8	0.500847
4129.24	0.502747
4172.19	0.504791
4212.53	0.507539
4249.74	0.51229
4284	0.517635
4315.59	0.522652
4344.36	0.528028
4375.39	0.533788
4403.09	0.54014
4430	0.546201
4453.51	0.549896
4475.64	0.554359
4498.48	0.558607
4519.91	0.56298
4538.07	0.564874
4555.73	0.569412
4571.12	0.575961
4587.08	0.58535
4601.5	0.599138
4613.64	0.623672
4623.71	0.657647
4630.8	0.68907
4637.01	0.719338
4643.31	0.623312
4650.73	0.421368
4657.36	0.36126
4661.09	0.341248
2625.78	0.217071
2615.34	0.228335
2596.3	0.431952
2724.47	0.46497
2839.22	0.468298
2943.66	0.4714
3035.16	0.473994
3129.31	0.477003
3217.95	0.479372
3291.79	0.473142
3364.11	0.473739
3440.64	0.475181
3512.24	0.476894
3580.35	0.478721
3646.15	0.480703
3709.3	0.482845
3770.61	0.485209
3830.24	0.487785
3889.17	0.490513
3950.11	0.493016
3992.27	0.485952
4042.09	0.489147
4089.17	0.492811
4133.7	0.496756
4176.02	0.500976
4215.11	0.505636
4252.67	0.510961
4285.51	0.512827
4318.82	0.517282
4349.59	0.523595
4379.53	0.52972
4407.64	0.535665
4433.53	0.541454
4457.76	0.547461
4481.18	0.55306
4501.65	0.554934
4520.63	0.557753
4540.39	0.56137
4558.21	0.566474
4574.63	0.573347
4590.06	0.58259
4603.92	0.595213
4615.72	0.618522
4625.31	0.65122
4632.3	0.695467
4638.76	0.728793
4644.8	0.670504
4652.6	0.452008
4658.33	0.371469
4662.67	0.345201
2658.37	0.216158
2644.48	0.239919
2617.17	0.410909
2751.98	0.44026
2867.2	0.447187
2966.96	0.453167
3061.21	0.458609
3142.08	0.454567
3218.06	0.456103
3300.15	0.458397
3375.72	0.460574
3449.31	0.462742
3519.79	0.464871
3587.39	0.467055
3652.55	0.469327
3715.44	0.471699
3776.38	0.474171
3835.6	0.476735
3893.29	0.479374
3949.1	0.482097
3998.93	0.485038
4048.11	0.488729
4094.55	0.492939
4137.86	0.497559
4180.56	0.502114
4216.76	0.50213
4251.5	0.505676
4288.14	0.510463
4322.15	0.515625
4353.27	0.521423
4383.18	0.527446
4412.16	0.533518
4436.58	0.534111
4460.75	0.538936
4483.02	0.544058
4504.84	0.550094
4524.37	0.555762
4542.58	0.560319
4559.95	0.565704
4576.95	0.572233
4592.38	0.581498
4606.02	0.594511
4617.63	0.619565
4627.18	0.655131
4634.92	0.699826
4640.38	0.732089
4646.46	0.68252
4654.59	0.463975
4661.22	0.376522
4665.12	0.346129
2704.35	0.215605
2690.77	0.262986
2649.98	0.374896
2795.53	0.418779
2907.63	0.430395
2993.09	0.432318
3071.43	0.437706
3156.56	0.442814
3235.17	0.44686
3312.55	0.450382
3386.84	0.453499
3458.62	0.45638
3527.77	0.459087
3594.41	0.461691
3658.77	0.464242
3721.03	0.466761
3781.41	0.469264
3839.98	0.471763
3896.77	0.474264
3951.6	0.476779
4003.8	0.479423
4054.44	0.482355
4100.64	0.486461
4140.25	0.485851
4178.16	0.488818
4218.35	0.4928
4255.09	0.497479
4291.06	0.502011
4326.11	0.506686
4355.92	0.506885
4385.57	0.511572
4411.82	0.516681
4439.47	0.523459
4464.22	0.531234
4486.93	0.538954
4508.21	0.546033
4527.83	0.552245
4545.97	0.557708
4559.98	0.563166
4578.67	0.569367
4594.28	0.577966
4607.79	0.589806
4619.25	0.612359
4628.64	0.645723
4635.76	0.689275
4640.78	0.728661
4648.2	0.661493
4657.12	0.44718
4664.19	0.369491
4668.05	0.341396
2763.23	0.215892
2771.57	0.285772
2788.68	0.366552
2868.44	0.399444
2945.27	0.404442
3021.81	0.415439
3097.63	0.423739
3175.06	0.430337
3250.98	0.435815
3325.54	0.440598
3397.99	0.444904
3468.08	0.448829
3535.79	0.452335
3601.25	0.45548
3664.62	0.458339
3726.08	0.460947
3785.78	0.463381
3843.72	0.465719
3899.79	0.468037
3954.31	0.470273
4007.8	0.472471
4062.81	0.474413
4100.15	0.468606
4142.82	0.470657
4183.34	0.47417
4221.04	0.478046
4257.16	0.483141
4292.56	0.4845
4325.45	0.487958
4358.77	0.492988
4388.84	0.500236
4416.43	0.508073
4442.88	0.516049
4467.42	0.524204
4490.05	0.532405
4511.13	0.540163
4530.7	0.547178
4548.78	0.553265
4565.18	0.558678
4581.32	0.563812
4596.12	0.571091
4609.27	0.581264
4620.65	0.596327
4630.24	0.623081
4637.02	0.645811
4643.27	0.640124
4651.78	0.534171
4660.78	0.405976
4667.77	0.353391
4671.5	0.330688
2815.96	0.207646
2830.71	0.263465
2861.01	0.335029
2915.93	0.369542
2979.99	0.387258
3048.68	0.397984
3119.78	0.406244
3192.6	0.41334
3265.7	0.419487
3338.19	0.4251
3409.04	0.430526
3477.47	0.435833
3543.65	0.440524
3607.8	0.444648
3669.98	0.4484
3730.53	0.4517
3789.54	0.454683
3846.95	0.457486
3901.96	0.460462
3955.63	0.462951
4007.8	0.46524
4058.22	0.467497
4104	0.469512
4145.03	0.471742
4188.8	0.475027
4222.82	0.467663
4253.88	0.469109
4294.45	0.474261
4329.81	0.480826
4362.21	0.488686
4391.97	0.496732
4419.63	0.504817
4445.7	0.512859
4470.1	0.520785
4492.4	0.529125
4513.34	0.536817
4532.91	0.543921
4551.19	0.550438
4568.58	0.55608
4583.24	0.554375
4597.52	0.557749
4610.39	0.560532
4621.67	0.560784
4631.04	0.55427
4640.17	0.536285
4648.32	0.48957
4657.04	0.41797
4665.5	0.361158
4671.87	0.331618
4675.31	0.314967
2856.24	0.192017
2868.24	0.224029
2904.94	0.308084
2951.27	0.349631
3007.72	0.369829
3070.54	0.38098
3137.52	0.388415
3207.27	0.39414
3278.53	0.399008
3349.97	0.403989
3420.01	0.409701
3486.64	0.416417
3551.08	0.422152
3613.9	0.426701
3674.56	0.430835
3734.11	0.434561
3792.52	0.437886
3850.17	0.440698
3903.1	0.440547
3956.07	0.442696
4007.18	0.44446
4055.85	0.445687
4099.62	0.446214
4145.05	0.447037
4187.31	0.449998
4225.26	0.451922
4261.37	0.455622
4298.91	0.460057
4334.57	0.464864
4365.75	0.473686
4394.72	0.482101
4422.01	0.489131
4447.88	0.49496
4472.68	0.498998
4494.01	0.495539
4514.97	0.496807
4534.59	0.498052
4552.74	0.498144
4568.7	0.496556
4585.23	0.498223
4599.77	0.496868
4612.78	0.49011
4624.39	0.476119
4634.78	0.45277
4644.55	0.419937
4653.82	0.380545
4662.6	0.348611
4670.26	0.326304
4675.92	0.31068
4678.92	0.297086
2883.02	0.177521
2894.97	0.199277
2925.2	0.262333
2972.86	0.328434
3026.39	0.353382
3085.9	0.36482
3150.24	0.371448
3218.17	0.376168
3288.57	0.380056
3360.34	0.383612
3431.57	0.387424
3495.35	0.393578
3557.59	0.401091
3619.62	0.407446
3677.73	0.404194
3736.34	0.406117
3793.76	0.407803
3848.9	0.409559
3904.16	0.411874
3957.01	0.415338
4007.66	0.418223
4055.91	0.420516
4101.45	0.422293
4145.7	0.424196
4187.7	0.42545
4227.17	0.426492
4265.14	0.42835
4302.97	0.430933
4341.55	0.432161
4369.35	0.422834
4397.09	0.421223
4423.85	0.420087
4449.26	0.417831
4471.92	0.413294
4495.69	0.411509
4517.17	0.412242
4536.96	0.41214
4555.21	0.411096
4571.96	0.408763
4587.87	0.405016
4602.48	0.397505
4615.78	0.386616
4627.87	0.373066
4638.9	0.357876
4649.1	0.342565
4658.5	0.328326
4666.98	0.316039
4674.06	0.305631
4678.95	0.293583
4681.32	0.277602
2896.34	0.169749
2908.4	0.186453
2933.3	0.232117
2983.35	0.309113
3035.81	0.341951
3093.8	0.35456
3156.9	0.360797
3224.11	0.364893
3294.67	0.368182
3368.61	0.371001
3447.98	0.373287
3503.06	0.355241
3561.53	0.352932
3617.42	0.348626
3678.53	0.348271
3737.53	0.350258
3794.86	0.351858
3850.52	0.35309
3905.04	0.354002
3957.67	0.354687
4008.19	0.355228
4056.46	0.355692
4102.44	0.356177
4146.55	0.356708
4188.59	0.357243
4228.58	0.35778
4267	0.35829
4304.28	0.358735
4339.8	0.359111
4370.32	0.354602
4398.67	0.355034
4425.46	0.355337
4450.74	0.355332
4474.37	0.354995
4497.32	0.354333
4518.77	0.35328
4538.65	0.351746
4557.03	0.349656
4574.05	0.346939
4589.91	0.343567
4604.54	0.33948
4617.95	0.334639
4630.19	0.329119
4641.39	0.323077
4651.68	0.316636
4661.07	0.309748
4669.48	0.30227
4676.04	0.29049
4680.36	0.275563
4682.45	0.26499
4346.88	0.444255
4369.38	0.444951
4396.97	0.448142
4423.69	0.45402
4449.23	0.461878
4466.85	0.468687
4474.51	0.506641
4493.74	0.508454
4514.81	0.511993
4534.42	0.516949
4552.62	0.523677
4566.24	0.530201
4570.96	0.561307
4582.98	0.562876
4597.37	0.565798
4610.23	0.56921
4621.47	0.573659
4629.91	0.579965
4631.98	0.634107
4636.67	0.643791
4639.08	0.641117
2711.4	0.515013
2787.65	0.513812
2862.5	0.512032
2898.29	0.51138
2983.46	0.509817
3080.53	0.507001
3143.98	0.504198
3175.13	0.498774
3253.25	0.497458
3340.22	0.495887
3399.19	0.494241
3430.93	0.49463
3503.61	0.49353
3581.58	0.492502
3632.7	0.491154
3662.36	0.491307
3728.22	0.490631
3796.44	0.491086
3836.75	0.490623
3862.24	0.493899
3916.41	0.493343
3969.4	0.49331
3997.2	0.493109
4011.59	0.493734
3964.74	0.536472
3987.92	0.536059
4032.71	0.536379
4078.59	0.536325
4117.04	0.538553
4158.18	0.53862
4194.29	0.539216
4229.45	0.53909
4253.9	0.538939
4266.22	0.541268
4294.96	0.541957
4325.01	0.545134
4353.38	0.546907
4376.5	0.55018
4399.9	0.551475
4424.57	0.55328
4447.59	0.554668
4467.67	0.555763
4470.64	0.558611
4370.97	0.570202
4392.42	0.571
4416.41	0.572193
4439.86	0.573852
4462.75	0.575573
4484.76	0.577643
4505.75	0.580032
4525.6	0.582769
4544.35	0.585699
4561.61	0.589024
4577.14	0.592382
4590.83	0.594751
4602.7	0.594082
4611.33	0.584073
4619.76	0.563746
4626.92	0.509836
4634.33	0.418075
4638.01	0.364375
4436.49	0.531088
4453.5	0.535136
4460.38	0.555852
4472.68	0.556741
4492.09	0.561449
4510.49	0.567312
4527.12	0.573524
4532.89	0.591865
4541.46	0.592719
4558.25	0.595565
4574.26	0.599818
4589.54	0.606959
4594.17	0.618239
4600.63	0.619638
4612.25	0.626277
4622.12	0.625382
4630.88	0.599541
4634.16	0.566601
4637.55	0.562718
4644.31	0.496632
4651.72	0.406554
4656.95	0.372909
3994.31	0.50513
4015.24	0.505025
4030.49	0.509479
4061.06	0.509205
4105.41	0.512292
4146.55	0.515537
4186.36	0.518098
4211.09	0.519267
4224.52	0.527258
4257.25	0.528071
4291.8	0.530377
4317.95	0.536154
4342.27	0.538218
4351.15	0.54758
4370.46	0.547925
4396.34	0.550807
4421.2	0.55273
4444.71	0.554148
4457.28	0.554742
4465.14	0.555281
4475.96	0.555465
2893.84	0.526146
2916.98	0.525084
2947.7	0.525206
3005.95	0.524105
3096.25	0.523567
3175.2	0.522228
3207.46	0.525974
3266.49	0.524928
3345.36	0.525359
3413.67	0.524294
3440.81	0.528378
3494.53	0.5275
3565.13	0.527335
3622.68	0.526181
3645.76	0.527025
3694.17	0.526219
3754.91	0.525456
3803.32	0.524154
3817.29	0.520023
3861.05	0.519321
3913.66	0.518878
3954.78	0.517664
3963.87	0.507817
3703.59	0.53266
3750.98	0.532181
3812.69	0.531709
3873.58	0.531183
3931.91	0.531091
3984.36	0.532064
4032.72	0.53334
4077.59	0.53481
4123.2	0.535205
4159.28	0.538287
4195.18	0.539967
4230.59	0.541655
4264.05	0.543794
4296.33	0.545218
4326.85	0.546459
4349.84	0.546634
4358.76	0.549905
4379.93	0.549924
4402.41	0.550545
4417.47	0.550456
4011.48	0.519823
4049.43	0.520639
4092.51	0.522423
4134.71	0.524656
4175.4	0.527213
4214.41	0.529755
4245.14	0.53111
4257.03	0.546325
4283.62	0.54678
4316.56	0.55044
4347.31	0.553228
4376.11	0.556061
4403.09	0.558933
4428.13	0.561845
4449.45	0.565603
4469.73	0.568725
4489.33	0.571107
4504.59	0.572223
4509.87	0.578586
4523.21	0.579182
4539.19	0.58108
4549.48	0.582218
3808.5	0.507574
3853.63	0.50796
3907.78	0.509624
3959.14	0.511992
4007.88	0.514213
4036.61	0.515009
4053.8	0.525165
4094.58	0.52575
4136.76	0.527492
4176.77	0.529456
4214.14	0.532006
4247.78	0.535616
4276.68	0.540606
4310.09	0.542691
4340.46	0.545988
4368.2	0.548959
4389.54	0.55032
4397.4	0.558361
4416.18	0.5585
4439.36	0.559039
4455.07	0.55913
3964.87	0.493316
3997.23	0.492302
4011.18	0.480692
4049.36	0.479923
4093.55	0.479511
4136.21	0.478987
4177.22	0.478491
4216.37	0.477803
4253.52	0.476611
4289.19	0.474664
4322.75	0.471455
4344.36	0.468454
4356.08	0.452352
4381.96	0.451896
4408.68	0.453903
4433.93	0.455402
4456.42	0.457312
4477.21	0.459741
4496.09	0.46213
4511.49	0.464284
3159.98	0.531927
3222.25	0.531201
3303.55	0.530301
3384.31	0.529188
3463.15	0.528357
3539.55	0.527752
3613.17	0.52734
3683.67	0.527148
3750.73	0.527192
3814.45	0.527374
3874.83	0.527694
3931.5	0.528217
3982.73	0.529318
4034.31	0.529248
4084.08	0.529126
4129.65	0.529136
4167.87	0.529171
4201.13	0.529234
4214.79	0.530196
4312.45	0.417711
4323.97	0.418782
4331.33	0.481807
4354	0.485161
4364.69	0.519059
4380.36	0.519923
4400.13	0.523732
4407.78	0.54055
4427.15	0.542035
4433.04	0.558455
4449.35	0.559069
4460.21	0.562654
4468.46	0.564254
4482.77	0.565608
4487.19	0.567766
4502.71	0.568072
4508.67	0.572079
4520.61	0.57228
4532.45	0.575266
4538.51	0.580002
4551.3	0.581839
4554.55	0.592439
4565.88	0.593845
4573.39	0.599144
4581.93	0.599273
4591.92	0.607271
4594.34	0.607337
4157.24	0.536773
4169.44	0.536481
4202.29	0.537472
4236.42	0.538485
4268.53	0.538889
4280.66	0.543175
4301.49	0.543101
4331.32	0.546806
4360.44	0.549593
4385.72	0.553176
4395.48	0.560426
4410.1	0.560517
4432.92	0.563332
4455.12	0.565333
4475.78	0.567137
4483.66	0.570784
4493.18	0.57082
4514.61	0.575545
4533.64	0.579759
4550.76	0.584303
4558.49	0.588161
4565.62	0.58876
4577.37	0.59039
2639.21	0.497424
2659.37	0.498713
2724.47	0.497552
2838.58	0.496339
2943.49	0.496774
3021.53	0.495816
3048.42	0.512812
3118.88	0.511937
3205.21	0.512619
3286.55	0.512675
3336.25	0.511943
3364.22	0.519658
3431.9	0.519144
3502.92	0.519357
3567.61	0.519112
3593.79	0.52476
3634.44	0.524002
3697.78	0.52393
3755.33	0.523736
3799.7	0.523179
3815.82	0.528759
3856.46	0.528268
3892.64	0.527868
3963.11	0.506615
3982.04	0.506673
3994.87	0.523273
4036.01	0.523718
4083.58	0.526071
4128.97	0.529127
4171.75	0.532609
4191.78	0.536334
4211.01	0.536723
4247.06	0.538351
4280.83	0.540774
4312.78	0.543223
4339.62	0.544276
4347.89	0.55334
4367.65	0.553548
4396.03	0.554887
4420.75	0.556733
4444.54	0.558396
4461.01	0.55914
4467.79	0.563107
4486.39	0.563311
4499.21	0.56393
4299.65	0.531847
4305.54	0.534016
4324.55	0.534306
4347.65	0.53862
4356.91	0.549023
4376.54	0.549668
4397.13	0.552013
4404.64	0.560778
4424.51	0.561675
4443.6	0.563568
4453.77	0.569351
4475.36	0.570685
4491.06	0.572693
4498.1	0.576399
4516.64	0.578886
4525.88	0.584275
4535.85	0.584316
4551.92	0.588579
4558.03	0.594878
4568.57	0.595288
4582.72	0.599983
4588.11	0.617665
4598.62	0.621376
4608.81	0.637507
4612.63	0.648368
4618.77	0.654096
3305.53	0.515331
3362.88	0.514625
3440.69	0.513999
3517.27	0.513187
3587.62	0.513665
3651.22	0.51523
3711.55	0.516218
3766.85	0.516903
3790.16	0.522932
3821.77	0.522378
3875.34	0.523706
3924.7	0.525191
3970.93	0.526976
4016.16	0.528239
4060.3	0.52992
4103.59	0.531583
4145.18	0.533514
4184.36	0.53555
4221.42	0.537108
4254.05	0.538031
4266.68	0.541879
4285.85	0.541678
4299.22	0.543033
3638.88	0.512382
3656.91	0.51175
3674.45	0.518797
3718.7	0.518237
3777.69	0.518632
3834.33	0.518201
3870.87	0.517396
3892.75	0.517165
3940.41	0.516646
3980.47	0.513066
4025.29	0.512867
4044.67	0.514266
4075.81	0.513862
4119.41	0.517747
4160.8	0.520354
4190.5	0.521505
4205.35	0.529309
4237.47	0.52993
4272.04	0.534041
4303.21	0.537716
4317.04	0.542676
4334.26	0.542505
4362.41	0.544278
4388.06	0.545529
4404.05	0.546197
3890.77	0.533681
3894.78	0.533759
3928.92	0.533451
3979.01	0.533406
4028.77	0.533286
4071.06	0.535223
4111.92	0.536326
4151.51	0.537433
4189.87	0.538919
4225.41	0.541034
4251.54	0.54166
4262.65	0.551145
4289.75	0.551656
4319.37	0.554319
4349.84	0.555381
4375.64	0.558401
4404.96	0.559416
4431.55	0.56098
4455.91	0.562078
4479.12	0.562459
4490.89	0.562647
4493.84	0.561788
4069.9	0.48589
4097.62	0.486188
4111.32	0.50094
4140.12	0.500938
4173.19	0.503218
4184.73	0.516091
4216.63	0.516541
4241.5	0.518996
4253.87	0.526792
4284.94	0.52825
4299.21	0.534559
4315.55	0.534397
4342.39	0.536337
4350.67	0.544362
4372.05	0.544487
4392.91	0.546993
4399.21	0.556892
4420.75	0.557572
4436.3	0.560028
4444.58	0.565573
4465.26	0.566677
4473.33	0.571875
4484.84	0.571887
4503	0.57223
4509.19	0.570615
4518.08	0.570562
4506.51	0.564654
4508.3	0.566378
4520.57	0.566789
4527.42	0.572311
4540.86	0.572861
4547.35	0.583013
4559.7	0.583749
4564.76	0.595991
4574.73	0.596993
4579.59	0.613838
4588.39	0.617392
4593.31	0.63853
4601.54	0.642818
4605.73	0.664351
4612.17	0.668582
4617.25	0.670095
4623.78	0.67016
4627.88	0.62811
4633.02	0.614473
4636.83	0.536875
4641.5	0.51761
4645.44	0.427553
4650.57	0.407068
4653.69	0.381029
4654.46	0.375796
4191.11	0.493144
4223.09	0.496369
4242.43	0.499786
4257.74	0.504437
4292.44	0.506353
4323.37	0.510102
4334.36	0.524956
4355.53	0.525296
4385.52	0.53033
4407.02	0.533502
4414.88	0.548607
4436.3	0.549689
4460.57	0.554719
4473.3	0.558365
4481.67	0.563376
4501.55	0.564793
4519.51	0.567534
4525.79	0.574708
4537.85	0.575033
4555.65	0.57831
4568.26	0.580765
4572.19	0.586458
4582.17	0.58732
3922.14	0.529057
3954.89	0.528694
3993.86	0.528439
4008.52	0.531561
4042.96	0.531269
4087.55	0.532486
4128.75	0.533619
4169.75	0.534305
4207.84	0.535948
4242.48	0.537971
4272.22	0.538954
4283.85	0.543429
4305.15	0.543424
4334.53	0.546524
4362.4	0.548388
4388.11	0.550572
4411.42	0.552735
4437.31	0.553389
4459.64	0.554119
4468.15	0.555006
4476.76	0.554892
3943.95	0.528206
3984.17	0.528721
4007.94	0.530502
4032.49	0.529919
4079.89	0.529931
4103.46	0.530976
4123.84	0.530824
4159.68	0.531082
4182.89	0.531998
4199.54	0.534222
4233.88	0.535592
4256.98	0.53709
4271.63	0.540846
4302.22	0.54188
4324.84	0.54356
4338.04	0.548317
4365.14	0.549337
4385.2	0.551659
4395.83	0.557997
4418.97	0.55871
4437.22	0.559963
4446.53	0.562657
4465.41	0.562991
4480.54	0.563816
4483.82	0.563907
4098.72	0.532693
4127.65	0.532787
4165.16	0.534555
4201.01	0.537158
4231.87	0.538538
4244.3	0.545756
4269.87	0.545779
4305	0.548893
4337.15	0.552309
4364.98	0.556607
4378.76	0.559357
4394.41	0.559162
4418.77	0.562179
4440.5	0.565292
4463.61	0.567185
4477.6	0.568396
4485.69	0.571912
4503.29	0.572689
4520.9	0.575363
4538.29	0.578186
4550.98	0.580315
4555.92	0.587313
4567.79	0.587814
4525.91	0.561576
4529.34	0.56708
4537.47	0.567143
4542.25	0.566497
4545.27	0.571304
4553.41	0.572444
4558.69	0.575204
4562.03	0.587066
4569.57	0.589152
4574.99	0.593932
4578.46	0.606608
4585.09	0.612892
4590.79	0.616418
4594.55	0.632888
4600.52	0.639838
4605.83	0.640189
4610.24	0.650974
4615.32	0.660712
4620.04	0.661139
4623.98	0.681274
4628.02	0.698084
4631.94	0.700791
4635.16	0.716337
4638.6	0.727726
4639.53	0.728533
3717.99	0.479284
3731.86	0.48366
3762.75	0.483141
3778.92	0.495652
3812.5	0.495137
3829.68	0.488765
3850.83	0.488002
3877.6	0.487344
3891.68	0.498512
3922.12	0.498489
3936.93	0.516779
3958.2	0.518451
3981.19	0.517893
3996.46	0.517565
4025	0.517191
4038.45	0.518672
4058.41	0.520506
4076.39	0.522019
4086.68	0.521958
4111.93	0.521386
4123.77	0.506158
4138.29	0.501441
4148.06	0.49425
4038.79	0.533151
4075.63	0.53321
4110.03	0.533041
4119.55	0.533649
4151.23	0.533468
4190.26	0.535687
4218.54	0.536598
4229.97	0.544907
4259.41	0.545128
4290.31	0.547419
4310.34	0.54838
4319.54	0.553482
4347.11	0.554095
4378.22	0.555385
4394.15	0.556295
4406.01	0.557741
4431.17	0.558479
4455.36	0.559922
4467.13	0.560792
4480.91	0.56057
4504.09	0.561154
4519.45	0.561298
4521.32	0.561048
4521.34	0.561249
3948.11	0.526209
3979.68	0.526494
4027.03	0.527866
4072.85	0.529847
4115.99	0.532469
4156.76	0.535163
4195.25	0.537981
4232.35	0.540289
4267.68	0.542742
4301.32	0.545022
4333.37	0.547027
4363.59	0.548916
4390.87	0.55119
4416.45	0.553124
4431.52	0.553934
4441.02	0.557213
4462.02	0.557896
4483.19	0.559044
4503.7	0.559616
4519.83	0.560316
4517.73	0.561537
4519.38	0.562248
4529.47	0.562501
4533.89	0.566503
4541.3	0.568439
4548.38	0.568594
4552.65	0.575253
4561.87	0.575938
4565.82	0.583735
4572.32	0.585388
4578.59	0.585283
4582.44	0.593876
4589.87	0.595058
4593.27	0.601644
4597.85	0.611578
4602.3	0.612807
4604.5	0.621799
4609.91	0.625052
4612.25	0.645291
4615.39	0.64956
4618.47	0.649408
4620.45	0.576992
4624.5	0.561879
4626.56	0.582577
4630.27	0.514584
4632.28	0.507166
4348.87	0.558718
4370.54	0.559716
4394.99	0.562033
4419.23	0.564373
4436.63	0.565666
4446.36	0.569946
4465.25	0.570891
4485.02	0.574233
4503.57	0.577218
4519.29	0.579306
4525.8	0.587932
4538.86	0.588702
4554.16	0.594208
4569.64	0.597125
4585.63	0.598702
4591	0.602468
4601.27	0.601865
4613.85	0.604246
4624.23	0.595154
4633.19	0.573157
4638.76	0.53707
4642.61	0.510331
4647.35	0.474187
3601.54	0.523726
3650.77	0.523704
3709.59	0.524054
3768	0.524564
3822.28	0.526496
3875.54	0.527707
3924.75	0.530197
3971.74	0.531966
4000.6	0.5325
4021.52	0.537496
4062.93	0.538029
4104.47	0.539605
4145.96	0.54039
4185.54	0.541827
4222.87	0.5434
4257.33	0.545059
4287.4	0.547085
4317.94	0.547485
4343.19	0.547191
4353.24	0.548961
4369.56	0.548903
3746.04	0.528432
3782.33	0.528194
3835.41	0.529599
3885.02	0.531758
3932.6	0.533646
3978.41	0.535522
4023.58	0.53681
4067.31	0.538285
4109.01	0.539955
4149.34	0.541199
4188.15	0.542321
4225.21	0.543329
4255.79	0.543786
4267.17	0.549929
4290.74	0.549922
4321.91	0.551945
4350.72	0.553195
4382.48	0.553424
4409.94	0.554716
4434.41	0.55581
4450.69	0.556314
3454.76	0.401917
3503.04	0.404766
3561.96	0.41165
3598.82	0.416696
3621.92	0.442294
3677.54	0.443357
3736.21	0.445706
3793.63	0.448759
3847.52	0.451426
3871.19	0.46049
3902.57	0.459943
3955.87	0.461479
4006.98	0.462627
4055.8	0.464118
4095.96	0.464813
4112.07	0.473881
4144.52	0.473504
4188.14	0.472731
4222.49	0.469781
4249.89	0.469497
4218.07	0.545648
4218.23	0.546033
4246.46	0.546548
4278.82	0.547979
4300.3	0.548949
4309.81	0.555864
4336.67	0.556543
4365.23	0.5593
4385.8	0.560641
4393.6	0.569611
4415.54	0.56997
4440.53	0.571581
4459.79	0.572329
4466.58	0.576886
4483.85	0.577371
4504.93	0.58095
4520.59	0.585339
4528.15	0.59043
4543.17	0.590882
4561.56	0.596185
4576.35	0.600145
4580.05	0.613198
4588.34	0.61566
4595.76	0.626462
4180.98	0.566601
4203.79	0.566684
4236.81	0.568176
4269.12	0.569837
4301.86	0.570846
4332.68	0.573027
4362.08	0.574938
4390.42	0.576555
4415.65	0.579383
4440.26	0.581486
4462.82	0.584992
4484.54	0.588062
4504.33	0.592675
4525.13	0.595321
4545.25	0.598858
4563.4	0.608867
4579.42	0.623093
4593.49	0.637867
4604.07	0.655321
4610.75	0.667242
2887.25	0.457411
2891.95	0.458502
2911.43	0.458302
2993.28	0.458863
3046.53	0.459049
3067.65	0.477802
3142.11	0.477496
3207.7	0.477392
3229.44	0.496106
3291.34	0.495543
3360.49	0.497251
3385.5	0.509426
3434.02	0.508684
3505.65	0.510768
3541.45	0.511947
3571.02	0.514309
3636.28	0.514091
3681.53	0.514037
3701.89	0.523403
3755	0.522959
3802.36	0.522851
3817.66	0.528498
3856.35	0.528009
3894.15	0.527853
4126.07	0.534852
4156.19	0.536922
4179.5	0.538692
4195.08	0.546274
4228.68	0.547125
4261.6	0.550253
4294.84	0.552108
4311.99	0.553392
4326.65	0.554524
4354.11	0.556764
4382.26	0.5589
4407.57	0.562028
4419.13	0.564996
4432.61	0.564887
4455.11	0.567731
4476.54	0.570312
4496.81	0.57204
4505.43	0.575767
4517.95	0.575856
4535.89	0.57891
4552.23	0.580998
4563.38	0.581836
2847.71	0.528487
2915.52	0.527604
3005.01	0.527172
3094.25	0.526097
3181.29	0.525282
3266.23	0.524547
3347.52	0.524313
3425.27	0.524237
3499.64	0.524276
3570.49	0.524487
3636.99	0.525074
3699.88	0.525548
3758.72	0.526246
3817.87	0.525834
3873.87	0.525845
3926.39	0.525803
3976.96	0.525377
4025.87	0.524656
4065.18	0.524247
4093.91	0.524261
2989.15	0.525694
3020.88	0.524459
3099.57	0.523459
3131.37	0.523627
3186.18	0.522523
3265.11	0.521227
3298.4	0.519952
3344.51	0.518892
3418.86	0.51806
3456.26	0.51691
3495.4	0.51586
3567.02	0.515019
3606.24	0.513769
3637.6	0.51262
3700.55	0.51182
3740.24	0.510797
3765.85	0.509946
3820.29	0.509491
3857.83	0.508943
3877.65	0.509273
3925.11	0.508657
3961.42	0.507885
3978.06	0.507082
4016.7	0.506902
4046.69	0.507402
4051.46	0.511242
4213.17	0.554477
4216.98	0.554196
4245.11	0.555379
4276.54	0.556691
4308.13	0.558007
4338.11	0.560279
4366.3	0.562735
4393.06	0.564933
4416.5	0.568094
4439.31	0.570512
4460.47	0.573504
4484.91	0.574835
4502.3	0.575896
4510.03	0.58556
4528.03	0.586617
4547.59	0.590955
4565.08	0.595736
4579.85	0.604832
4593.25	0.619676
4604.61	0.637493
4613.23	0.65546
4401.95	0.560224
4414.59	0.560353
4437.74	0.562711
4460.56	0.565048
4483.7	0.566682
4505.94	0.568674
4522.48	0.569918
4529.15	0.578573
4542.71	0.579736
4560	0.581587
4575.62	0.583625
4589.37	0.584318
4601.17	0.581366
4611.03	0.569457
4619.28	0.536593
4625.93	0.44911
4634.27	0.37036
4642.65	0.329821
4648.88	0.31824
4651.07	0.313622
3845.39	0.522074
3886.21	0.522132
3932.19	0.522156
3968.73	0.521779
3983.03	0.523141
4018.19	0.522905
4058.92	0.524969
4103.83	0.525661
4131.24	0.526174
4147.42	0.531481
4184.06	0.532284
4221.2	0.535656
4254.33	0.538555
4267.95	0.544781
4287.63	0.544662
4319.15	0.547259
4349.16	0.549173
4373.03	0.54991
4381.56	0.553747
4403.31	0.55376
4429.43	0.554954
4448.15	0.555548
4031.72	0.533353
4044.52	0.534242
4071.19	0.533864
4109.48	0.534766
4123.63	0.541307
4157.47	0.541105
4189.58	0.542537
4205.11	0.54819
4236.99	0.547995
4260.84	0.547852
4276.14	0.547173
4307.46	0.547386
4322.85	0.547641
4340.9	0.547284
4366.81	0.548246
4377.41	0.550015
4397.12	0.550075
4420.98	0.552001
4431.72	0.556559
4453.45	0.556953
4471.53	0.558278
4481.57	0.559594
4501.62	0.560172
4513.81	0.561107
4524.29	0.561227
4542.15	0.562473
4550.1	0.563244
4555.5	0.563256
4293.04	0.52352
4295.88	0.523614
4313.6	0.523883
4324.54	0.528729
4338.57	0.531617
4349.59	0.5362
4360.77	0.543167
4375.31	0.54322
4383.87	0.551218
4399.77	0.551452
4408.93	0.553855
4422.37	0.554748
4432.99	0.556149
4443.6	0.557047
4456.42	0.556958
4464.93	0.560126
4477.77	0.560466
4484.84	0.56479
4496.33	0.565711
4503.69	0.568824
4512.69	0.570718
4522.89	0.57062
4529.76	0.568491
4539.79	0.568115
4543.18	0.552577
4129.3	0.534947
4151.7	0.535463
4162.55	0.545118
4194.01	0.545531
4228.76	0.547143
4261.61	0.548921
4294.68	0.550066
4325.32	0.552305
4354.91	0.554004
4380.53	0.556698
4402.71	0.559657
4424.46	0.561308
4448.35	0.562532
4471.83	0.56383
4488.4	0.564651
4495.49	0.570208
4513.31	0.570819
4532.57	0.573721
4549.64	0.576367
4560.14	0.578417
2772.27	0.506507
2798.6	0.505059
2858.93	0.504665
2895.18	0.509246
2984.17	0.508064
3057.99	0.506649
3087.27	0.513152
3161.88	0.511975
3243.65	0.50994
3275.62	0.506798
3337.79	0.505524
3419.21	0.503074
3457.03	0.500501
3499.77	0.49935
3574.94	0.498519
3622.45	0.497129
3648.83	0.495861
3710.53	0.495234
3762.09	0.494723
3782.85	0.501412
3831.64	0.501019
3882.62	0.502431
3902.49	0.509152
3939.58	0.508503
3972.78	0.505831
3379.9	0.510466
3389.02	0.510181
3433.26	0.509399
3507.08	0.509017
3575.7	0.508802
3604.41	0.513755
3645.64	0.512976
3710.17	0.517113
3769.84	0.520705
3799.99	0.522364
3833.34	0.521574
3891.24	0.524121
3945.24	0.526775
3974.39	0.527779
3999.3	0.529978
4043.51	0.530938
4088.22	0.531573
4115.78	0.531773
4134.96	0.53398
4174.85	0.533311
4214.07	0.531273
4236.46	0.528572
4249.32	0.524372
4272.91	0.524314
3534.07	0.525278
3592.29	0.525398
3654.72	0.525405
3715.73	0.525617
3773.95	0.526294
3829.84	0.526944
3881.13	0.528582
3929.93	0.529791
3977.12	0.530618
4019.19	0.532758
4055.65	0.533223
4072.52	0.540332
4105.11	0.540171
4146.44	0.542145
4185.98	0.54267
4223.65	0.543093
4259.64	0.543297
4291.37	0.543695
4321.94	0.543924
4347.72	0.544118
