2848.5	0.247538
2861.92	0.300525
2885	0.3237
2918.86	0.32966
2962.36	0.33186
3013.47	0.333065
3070.15	0.333826
3130.63	0.334333
3193.5	0.334692
3257.67	0.334971
3322.34	0.335218
3386.86	0.335471
3450.7	0.335758
3513.28	0.336109
3573.82	0.336514
3631.27	0.336435
3686.56	0.337247
3739.88	0.338189
3790.91	0.339249
3839.23	0.340269
3884.69	0.341387
3927.64	0.342847
3968.44	0.344367
4007.33	0.345886
4044.49	0.34735
4079.94	0.348708
4113.2	0.349946
4141.41	0.348002
4168.71	0.349159
4194.56	0.35016
4218.93	0.350842
4241.78	0.35116
4263.04	0.351069
4282.85	0.350521
4301.44	0.349469
4319.14	0.34789
4336.35	0.3458
4352.76	0.343157
4368.21	0.33998
4382.69	0.336306
4396.22	0.332207
4408.83	0.327789
4420.58	0.323161
4431.48	0.318373
4441.51	0.313356
4450.56	0.307879
4458.48	0.301697
4464.6	0.292744
4468.63	0.282413
4470.62	0.275786
2838.11	0.275586
2849.46	0.323258
2872.67	0.345736
2907.91	0.35675
2953.38	0.364326
3006.42	0.370072
3064.74	0.3744
3126.5	0.377557
3190.31	0.379788
3255.18	0.381319
3320.36	0.382342
3385.32	0.382997
3449.63	0.383358
3512.88	0.383413
3574.33	0.383058
3630.82	0.379358
3685.86	0.379302
3739.41	0.379588
3790.78	0.379828
3839.18	0.379433
3884.29	0.378897
3926.89	0.379731
3967.41	0.381151
4006.11	0.383029
4043.23	0.385275
4079.18	0.387707
4115.24	0.389623
4139.4	0.37679
4167.26	0.37515
4193.15	0.376998
4217.58	0.378834
4240.52	0.380408
4261.63	0.381565
4281.22	0.382463
4299.47	0.383004
4316.76	0.383161
4334.28	0.382824
4350.81	0.380315
4366.28	0.375652
4380.72	0.368979
4394.17	0.360576
4406.71	0.350974
4418.4	0.340925
4429.28	0.331115
4439.33	0.322336
4448.47	0.314878
4456.47	0.308263
4462.98	0.301667
4467.36	0.292738
4469.54	0.284195
2814.35	0.294258
2823.82	0.342011
2847.16	0.369307
2885.68	0.386218
2935.66	0.399271
2992.86	0.410944
3054.54	0.420069
3118.84	0.426919
3184.52	0.431945
3250.73	0.435576
3316.88	0.438175
3382.6	0.44001
3447.7	0.441233
3512.33	0.441783
3577.64	0.441066
3629.71	0.427219
3684.49	0.427175
3738.89	0.427431
3791.31	0.426944
3840.08	0.424273
3884.03	0.420339
3925.77	0.420093
3965.72	0.420981
4003.99	0.422594
4040.65	0.424777
4075.77	0.427555
4109.46	0.431365
4140	0.43894
4165.13	0.428654
4190.62	0.425115
4215.13	0.427992
4238.57	0.430712
4259.27	0.430872
4278.52	0.433063
4296.11	0.435939
4311.85	0.440766
4330.98	0.449065
4347.75	0.452319
4363.2	0.452231
4377.51	0.448119
4390.74	0.438595
4402.98	0.422077
4414.44	0.397823
4425.16	0.371295
4435.18	0.348019
4444.47	0.3306
4452.77	0.318917
4459.74	0.311164
4464.73	0.304697
4467.29	0.297812
2775.43	0.304425
2783.14	0.358554
2805.5	0.392939
2851.01	0.415843
2909.07	0.433481
2973.23	0.446154
3040.19	0.454879
3108.31	0.46063
3176.69	0.464275
3244.77	0.466485
3312.24	0.467739
3378.87	0.468359
3444.56	0.468558
3509.35	0.468491
3573.33	0.468355
3624.11	0.467463
3681.66	0.467504
3738.46	0.468176
3793.63	0.467157
3843.88	0.463341
3883.96	0.461028
3924.39	0.459986
3963.63	0.460087
4001.37	0.460981
4037.45	0.46263
4071.67	0.465297
4104.68	0.469532
4135.35	0.475616
4162.12	0.483501
4188.73	0.487689
4212.48	0.489806
4238.88	0.495838
4257.3	0.484978
4276.62	0.488386
4294.51	0.495228
4311.4	0.501152
4328.46	0.501686
4344.6	0.505862
4360.1	0.510351
4374.46	0.513386
4387.63	0.514135
4399.55	0.510848
4410.37	0.499583
4420.25	0.472591
4429.64	0.424585
4438.87	0.371123
4447.51	0.338827
4455.38	0.324266
4461	0.316005
4463.92	0.310229
2724.86	0.304839
2726.7	0.368146
2738.96	0.41932
2802.21	0.44476
2875.25	0.461534
2949.59	0.472144
3023.39	0.478637
3096.15	0.482544
3167.68	0.484893
3237.91	0.486323
3306.83	0.487223
3374.41	0.487831
3440.63	0.488305
3505.43	0.488778
3568.67	0.489423
3629.93	0.490542
3677.81	0.49018
3737.89	0.491276
3799.06	0.490911
3844.35	0.497627
3883.44	0.491455
3923.16	0.491478
3962.05	0.492158
3999.56	0.493207
4035.33	0.494666
4067.71	0.496677
4101.54	0.49981
4132.22	0.504462
4160.36	0.509431
4187.11	0.51301
4212.77	0.516368
4233.6	0.515337
4255.94	0.520207
4274.23	0.521011
4292.09	0.525046
4309.08	0.52759
4325.22	0.528524
4340.58	0.531172
4356.72	0.536739
4371.37	0.54238
4384.78	0.548901
4396.61	0.556992
4407.28	0.566875
4416.59	0.575017
4424.77	0.562804
4432.66	0.481204
4440.7	0.377733
4450.46	0.343577
4456.89	0.3294
4460.14	0.322125
2670.91	0.300616
2658.51	0.357411
2619.33	0.43261
2742.26	0.468505
2838.76	0.479511
2925.08	0.484756
3006.14	0.486988
3083.68	0.487778
3158.38	0.487967
3230.73	0.487982
3301.07	0.488017
3369.58	0.488154
3436.32	0.488427
3501.24	0.488854
3564.11	0.48945
3624.45	0.490243
3681.1	0.491288
3734.27	0.492912
3788.2	0.494362
3836.28	0.496783
3879.8	0.499074
3921.14	0.502743
3960.64	0.506543
3998.35	0.510432
4034.45	0.51442
4069.61	0.518266
4099.58	0.517794
4129.7	0.521536
4158.07	0.525337
4184.69	0.528774
4209.67	0.532125
4233.01	0.535877
4252.55	0.53627
4271.3	0.538965
4289.3	0.543091
4306.2	0.547628
4324.59	0.552982
4337.48	0.555902
4353.09	0.561424
4367.79	0.566924
4381.79	0.572874
4393.25	0.581227
4404.31	0.597867
4413.7	0.621255
4421.87	0.645518
4428.52	0.661328
4436.94	0.499408
4446.47	0.371054
4453.11	0.343708
4456.54	0.333408
2627.78	0.290742
2615.95	0.341287
2584.41	0.449346
2706.32	0.483633
2810.55	0.486089
2904.01	0.486071
2990.63	0.485058
3072.22	0.48386
3149.56	0.48285
3223.63	0.482137
3295.15	0.481714
3364.49	0.481553
3431.78	0.481634
3496.98	0.48194
3559.96	0.482464
3620.52	0.483207
3678.63	0.484207
3727.78	0.48509
3781.02	0.485612
3830.63	0.4868
3876.24	0.488594
3918.87	0.49123
3958.97	0.49446
3996.75	0.498122
4032.5	0.502013
4066.45	0.505938
4097.97	0.509658
4128.19	0.514409
4156.72	0.519351
4183.01	0.524506
4207.44	0.529587
4230.15	0.53444
4250.77	0.539141
4269.69	0.54423
4285.55	0.548564
4305.84	0.553657
4320.84	0.556758
4335.37	0.56063
4349.14	0.566837
4363.28	0.572427
4378.93	0.580489
4391.99	0.590339
4402.73	0.609438
4411.7	0.635081
4419.73	0.66751
4426.75	0.692518
4434.52	0.552912
4443.39	0.392581
4449.83	0.354123
4453.4	0.341647
2598.92	0.275464
2590.86	0.322706
2569.86	0.461112
2685.62	0.489743
2790.88	0.488672
2887.69	0.48727
2978.08	0.485994
3062.98	0.485014
3141.93	0.484388
3216.99	0.48411
3289.28	0.484093
3359.28	0.484287
3427.1	0.484673
3492.68	0.485254
3555.93	0.486043
3616.74	0.487063
3675.25	0.488325
3732.07	0.489784
3775.1	0.488287
3826.59	0.48931
3873.26	0.491758
3916.74	0.494635
3957.25	0.497847
3994.82	0.501421
4030	0.505351
4063.42	0.509555
4095.34	0.51397
4126.13	0.518433
4155.4	0.522855
4181.06	0.527513
4204.87	0.532575
4227.39	0.537601
4248.75	0.542619
4267.08	0.545395
4285.25	0.548904
4302.27	0.549626
4318.42	0.549607
4334.47	0.551938
4348.58	0.557018
4364.15	0.563881
4378.7	0.573441
4391.26	0.586144
4402.03	0.609041
4409.53	0.639046
4418.6	0.666125
4425.73	0.643101
4433.22	0.510658
4441	0.395031
4446.71	0.359277
4450.85	0.346508
2580.66	0.255892
2575.59	0.299253
2562.16	0.47381
2673.07	0.498265
2777.36	0.497029
2875.6	0.496083
2968.92	0.495416
3057.6	0.494857
3136.17	0.493594
3211.05	0.493615
3283.64	0.493934
3354.15	0.494445
3422.51	0.495113
3488.56	0.495938
3552.13	0.496936
3613.05	0.498143
3671.31	0.499606
3726.83	0.5014
3778.67	0.503842
3825.05	0.503014
3871.21	0.505301
3915.32	0.507902
3956.23	0.510597
3993.06	0.513382
4027.03	0.517052
4059.71	0.521375
4091.66	0.526093
4123.43	0.530881
4155.57	0.535209
4178.92	0.533585
4201.58	0.536985
4223.82	0.538911
4243.69	0.540108
4265.22	0.541664
4283.99	0.544531
4301.31	0.546542
4318.09	0.548763
4333.44	0.552876
4348.96	0.559794
4363.93	0.568758
4378.33	0.57979
4390.06	0.590316
4400.42	0.612517
4410.05	0.644721
4418.22	0.68112
4424.82	0.701835
4431.82	0.583594
4439.91	0.415226
4446.02	0.365521
4449.48	0.349666
2569.15	0.238251
2565.36	0.268722
2557.67	0.49568
2664.87	0.518528
2767.64	0.517789
2866.22	0.51756
2962.21	0.517572
3060.29	0.517129
3132.12	0.509035
3205.44	0.507951
3278.07	0.507828
3349.11	0.507896
3418.14	0.508004
3484.84	0.508145
3548.87	0.508341
3609.88	0.508653
3667.98	0.509164
3723.17	0.509934
3775.15	0.511029
3821.67	0.512388
3869.11	0.514398
3915.02	0.516321
3957.23	0.518606
3992.15	0.518143
4023.34	0.519531
4054.74	0.522696
4086.17	0.522669
4118.39	0.524991
4148.17	0.527113
4173.78	0.526816
4196.72	0.528016
4220.89	0.53123
4242.76	0.535322
4263.96	0.53962
4280.5	0.54235
4300.07	0.545963
4317.48	0.550922
4334.01	0.55727
4347.88	0.563012
4362.24	0.568596
4375.94	0.577266
4389.19	0.588796
4400.4	0.612635
4410	0.645043
4417.91	0.68144
4424.33	0.701909
4431.15	0.586694
4439.18	0.417655
4445.29	0.36704
4448.56	0.350403
2562.19	0.230149
2559.68	0.256847
2554.57	0.502329
2659.03	0.519482
2760	0.51726
2857.32	0.515046
2951.2	0.512845
3041.23	0.510526
3121.47	0.507504
3198.13	0.506405
3272.53	0.505647
3344.85	0.505084
3415.08	0.504721
3483.02	0.504591
3548.1	0.504747
3609.09	0.50537
3667.07	0.506234
3722.48	0.507356
3775.55	0.508748
3827.45	0.510358
3867.26	0.51164
3918.6	0.514085
3954.65	0.510166
3989.21	0.512203
4022.05	0.514361
4052.75	0.517166
4086.76	0.52036
4115.29	0.520721
4142.42	0.522256
4169.46	0.524441
4193.72	0.52765
4218.17	0.531457
4240.51	0.536144
4259.15	0.539987
4279.37	0.544036
4299.04	0.548705
4315.77	0.552957
4332.06	0.558881
4347.21	0.564754
4359.66	0.56886
4375.01	0.577003
4388.11	0.590172
4399.81	0.613536
4409.6	0.644954
4417.49	0.680478
4423.86	0.698916
4430.67	0.579162
4438.65	0.414137
4444.7	0.365968
4447.88	0.349731
2557.79	0.229473
2556.05	0.25764
2552.31	0.503698
2654.65	0.516078
2753.9	0.51359
2849.73	0.511134
2941.91	0.508795
3029.89	0.506577
3112.41	0.504507
3191.12	0.502946
3267.03	0.501661
3340.63	0.500621
3412.21	0.49983
3481.94	0.499317
3549.29	0.499158
3609.21	0.497542
3666.63	0.49831
3722	0.499416
3774.96	0.500785
3824.77	0.50239
3871.26	0.504099
3912.4	0.503629
3951.72	0.505109
3986.69	0.508496
4020.27	0.512315
4052.03	0.514699
4081.98	0.516955
4112.42	0.520412
4140.42	0.524652
4166.97	0.529133
4192.87	0.533771
4215.54	0.536447
4236.41	0.539935
4257.06	0.542623
4276.84	0.544918
4296.38	0.547543
4314.22	0.547968
4331.23	0.551003
4346.77	0.558182
4360.9	0.567913
4374.23	0.579203
4386.19	0.59227
4398.97	0.614467
4409.08	0.644663
4417.03	0.679246
4423.39	0.695291
4430.26	0.569894
4438.23	0.409121
4444.22	0.364013
4447.35	0.348583
2554.93	0.23237
2553.63	0.263698
2550.67	0.516421
2651.35	0.526172
2749.15	0.524
2843.69	0.522113
2934.72	0.520604
3021.95	0.519528
3105.14	0.518917
3184.88	0.518596
3261.76	0.51843
3336.29	0.518362
3409.01	0.518339
3481.02	0.518232
3555.7	0.517618
3609.63	0.512543
3665.98	0.512169
3721.7	0.512184
3775.28	0.512225
3823.14	0.511654
3867.4	0.512672
3908.26	0.514782
3950.92	0.517098
3983.37	0.513537
4016.44	0.514371
4049.21	0.517035
4080	0.520162
4109.88	0.52357
4137.83	0.527448
4163.11	0.530665
4189.38	0.533272
4213.06	0.535964
4232.56	0.537868
4255.02	0.541758
4275.5	0.543773
4293	0.544977
4312.26	0.54829
4329.82	0.552403
4345.66	0.557943
4360.14	0.565921
4373.47	0.577805
4386.08	0.592002
4398.63	0.613791
4408.71	0.643616
4416.63	0.677746
4422.97	0.691609
4429.89	0.56112
4437.87	0.404283
4443.82	0.362038
4446.92	0.347423
2553.1	0.237323
2552.06	0.273827
2549.55	0.525838
2649.04	0.533507
2745.72	0.531176
2839.23	0.529034
2929.4	0.527134
3016.14	0.52547
3099.45	0.524009
3179.61	0.522693
3256.96	0.521494
3331.85	0.520408
3404.57	0.519446
3475.36	0.518625
3543.76	0.517975
3604.88	0.517685
3664.05	0.518218
3722.61	0.518755
3782.48	0.519184
3825.26	0.515673
3866.79	0.516055
3909.91	0.517012
3944.3	0.518996
3982.81	0.522552
4015.43	0.522144
4047.32	0.523266
4077.4	0.524884
4108.18	0.527206
4136.37	0.529581
4163.99	0.532502
4187.65	0.534438
4208.02	0.536424
4228	0.537065
4250.47	0.536904
4272.23	0.53848
4291.22	0.540863
4311.44	0.544271
4329.25	0.5495
4345.06	0.556708
4358.97	0.566511
4371.36	0.578058
4386.31	0.590063
4398.6	0.611666
4408.51	0.641805
4416.31	0.676001
4422.6	0.688206
4429.55	0.5537
4437.54	0.400169
4443.46	0.360329
4446.53	0.346409
2552.01	0.24197
2551.11	0.281178
2548.92	0.522386
2647.7	0.528516
2743.58	0.526236
2836.24	0.524038
2925.66	0.521968
3011.91	0.520037
3095.06	0.518258
3175.27	0.516653
3252.74	0.515241
3327.65	0.514033
3400.1	0.513026
3470.07	0.512205
3537.1	0.511538
3600.14	0.511006
3660.71	0.510955
3720.16	0.511235
3780.8	0.511685
3822.34	0.506661
3862.18	0.507747
3905.36	0.509673
3949.29	0.511656
3979.46	0.508582
4011.96	0.50807
4046.33	0.511021
4079.54	0.515303
4108.53	0.516999
4136.01	0.522051
4162.71	0.526527
4183.49	0.527604
4205.43	0.528722
4228.33	0.531675
4249.86	0.535481
4269.71	0.539474
4291.99	0.543628
4311.02	0.544963
4328.64	0.549654
4344.31	0.555893
4357.28	0.565094
4373.04	0.575184
4386.99	0.587518
4398.77	0.608967
4408.4	0.639627
4416.04	0.674172
4422.25	0.685228
4429.22	0.547646
4437.21	0.39686
4443.1	0.358905
4446.15	0.345559
2551.5	0.245016
2550.7	0.285142
2548.74	0.50716
2647.42	0.512268
2742.79	0.510475
2834.57	0.508721
2923.19	0.506908
3008.84	0.505164
3091.66	0.503523
3171.71	0.502031
3249.11	0.500722
3323.9	0.49961
3396.08	0.498693
3465.66	0.497942
3532.36	0.497341
3595.77	0.496922
3656.39	0.496858
3714.31	0.497048
3769.26	0.49709
3819.42	0.495726
3852.11	0.493904
3897.91	0.493794
3938.99	0.494526
3973.16	0.494132
4009.79	0.496287
4044.28	0.500548
4078.03	0.505001
4110.23	0.509701
4135.2	0.511315
4158.4	0.515613
4183.03	0.516924
4206.29	0.522293
4228.97	0.527165
4250.73	0.531331
4271.66	0.534929
4292.53	0.538204
4311.9	0.541936
4329.32	0.546914
4345.36	0.553489
4360.03	0.56212
4374.47	0.572479
4387.61	0.585245
4398.93	0.606339
4408.28	0.63749
4415.75	0.672447
4421.87	0.682608
4428.86	0.542574
4436.86	0.394143
4442.72	0.357692
4445.76	0.344833
2551.48	0.24849
2550.78	0.289447
2549.05	0.49315
2648.54	0.497176
2743.6	0.495531
2834.12	0.494175
2921.71	0.492834
3006.61	0.491501
3088.99	0.490256
3168.75	0.489158
3245.97	0.488237
3320.61	0.487516
3392.49	0.487011
3461.92	0.486701
3528.69	0.486617
3591.95	0.486846
3652.49	0.487381
3709.15	0.488269
3760.2	0.488565
3808.59	0.489004
3851.51	0.490073
3892.81	0.489154
3933.27	0.491327
3970.95	0.493518
4007.38	0.496367
4040.61	0.49996
4075.72	0.504408
4109	0.509183
4134.29	0.510175
4156.54	0.513114
4181.77	0.518543
4205.64	0.52385
4228.52	0.528384
4250.49	0.532132
4271.73	0.53528
4292.6	0.538234
4312.75	0.541609
4329.37	0.545844
4345.74	0.552143
4360.95	0.560281
4375.1	0.570551
4387.86	0.583524
4398.88	0.604175
4408.02	0.635698
4415.36	0.670986
4421.42	0.680211
4428.44	0.537889
4436.45	0.391725
4442.31	0.356601
4445.34	0.344181
2551.82	0.255384
2551.3	0.299704
2550	0.490787
2652.15	0.492892
2747.02	0.489871
2834.65	0.487268
2920.93	0.486063
3004.85	0.484976
3086.89	0.48401
3166.22	0.483223
3243.27	0.482628
3317.9	0.482243
3389.14	0.482115
3458.6	0.482193
3526.27	0.482476
3588.55	0.481328
3650.17	0.4814
3702.28	0.481228
3754.93	0.482286
3802.99	0.484049
3847.23	0.486365
3888.95	0.4893
3929.68	0.492829
3968.29	0.496739
4005.2	0.500974
4040.92	0.505392
4072.9	0.506954
4105.05	0.510597
4128.54	0.512421
4153.56	0.516173
4179.76	0.520861
4203.97	0.525785
4227.01	0.529998
4249.04	0.53348
4270.26	0.536462
4291.47	0.53933
4312.81	0.542573
4327.67	0.545694
4345.23	0.551338
4360.88	0.559132
4375.04	0.569278
4387.67	0.582362
4398.53	0.602657
4407.54	0.634442
4414.81	0.669901
4420.86	0.677833
4427.94	0.533082
4435.99	0.389387
4441.85	0.355555
4444.88	0.343562
2552.29	0.265632
2552.03	0.325752
2551.56	0.503799
2661.06	0.504246
2755.76	0.500195
2834.62	0.495486
2920.54	0.493524
3002.95	0.492199
3085.41	0.491323
3163.84	0.490567
3240.82	0.490189
3316.4	0.490003
3385.33	0.488796
3454.76	0.488955
3518.17	0.489228
3586.27	0.490468
3654.5	0.491245
3702.32	0.483297
3751.93	0.484102
3798.92	0.48543
3843.2	0.487242
3883.79	0.48938
3925.98	0.492513
3965.07	0.496087
4001.97	0.499912
4036.75	0.503926
4068.81	0.508163
4099.22	0.51292
4126.37	0.517829
4154.05	0.522753
4177.67	0.524316
4201.44	0.528136
4224.59	0.531172
4246.49	0.53382
4266.93	0.536462
4288.25	0.539195
4309.45	0.542314
4328.6	0.546616
4344.6	0.550691
4360.21	0.558477
4374.44	0.568567
4387.05	0.581708
4397.85	0.601845
4406.81	0.633873
4414.07	0.669296
4420.15	0.675329
4427.34	0.5278
4435.45	0.387022
4441.33	0.354519
4444.38	0.342959
2552.51	0.263809
2552.15	0.310328
2551.01	0.506284
2655.4	0.507822
2750.96	0.505436
2841.03	0.503609
2921.84	0.500501
2999.09	0.498336
3086.01	0.495976
3160.94	0.49365
3237.71	0.492648
3307.48	0.491582
3381.56	0.490912
3451	0.490639
3516.75	0.490675
3581.57	0.490873
3643.67	0.491274
3698.52	0.492073
3750.64	0.494
3796.56	0.494845
3840.1	0.497676
3883.6	0.500861
3923.06	0.500588
3961.76	0.503252
3998.59	0.506053
4033.08	0.508976
4064.16	0.512236
4090.3	0.515328
4121.62	0.517913
4149.73	0.520861
4175.22	0.523818
4198.09	0.52733
4222.24	0.530304
4244.21	0.533499
4264.78	0.536395
4283.22	0.538979
4306.18	0.54167
4326.11	0.545549
4342.78	0.551394
4358.83	0.558377
4373.37	0.568305
4386.05	0.58147
4396.83	0.601813
4405.76	0.634249
4413.11	0.669304
4419.31	0.672652
4426.65	0.52209
4434.85	0.38468
4440.77	0.353522
4443.83	0.342393
2552.6	0.271385
2552.33	0.325112
2551.36	0.517774
2656.62	0.518917
2749.82	0.516528
2840.72	0.514541
2921.85	0.513352
3006.72	0.511927
3079.23	0.510643
3156.49	0.510773
3235.35	0.510725
3308.6	0.510243
3380.28	0.509415
3448.77	0.509078
3514.09	0.509257
3577.34	0.509799
3637.85	0.511072
3695.26	0.513239
3753.4	0.514687
3794.45	0.511553
3834.89	0.513263
3879	0.51631
3919.89	0.519584
3959.23	0.522917
3996.74	0.526112
4032.76	0.52781
4060.93	0.525943
4090.26	0.528679
4119.62	0.530582
4147.38	0.533299
4173.48	0.53608
4198.5	0.538389
4220.08	0.538703
4241.41	0.540415
4260.55	0.542488
4283.49	0.543423
4303.92	0.544962
4324.87	0.54834
4343.68	0.554001
4356.9	0.55943
4372.05	0.568542
4384.77	0.581701
4395.45	0.602872
4404.28	0.636309
4411.94	0.670117
4418.37	0.670042
4425.91	0.516635
4434.21	0.382624
4440.17	0.352674
4443.24	0.341928
2552.37	0.285522
2552.34	0.365236
2552.84	0.518402
2668.01	0.517801
2749.23	0.5158
2830.17	0.514349
2918.95	0.512936
3003.65	0.511441
3083.92	0.510197
3165.56	0.509347
3236.73	0.508886
3309.45	0.50917
3380.32	0.509656
3447.84	0.509655
3511.57	0.509805
3573.9	0.509994
3633.21	0.510369
3689.33	0.510942
3742.82	0.511589
3790.08	0.512275
3835.63	0.514259
3875.75	0.513314
3916.42	0.514299
3954	0.514913
3991.92	0.515945
4027.06	0.517119
4058.78	0.518376
4088.09	0.521647
4118.17	0.525129
4145.79	0.529094
4171.74	0.532807
4196.03	0.536165
4218.4	0.539218
4240.76	0.542181
4261.95	0.545304
4283.73	0.548699
4305.23	0.552962
4323.74	0.554106
4341.64	0.559494
4357.65	0.566871
4371.02	0.574622
4383.33	0.586499
4393.72	0.607746
4401.97	0.640543
4410.71	0.671409
4417.44	0.668251
4425.15	0.513043
4433.54	0.381342
4439.55	0.352161
4442.65	0.341664
2551.52	0.270204
2551.2	0.324563
2550.15	0.5071
2652.7	0.508407
2743.76	0.50477
2831.03	0.502509
2918.24	0.501154
3003.17	0.499833
3085.32	0.498759
3165.39	0.498027
3240.87	0.497584
3313.76	0.497623
3381.73	0.497671
3448.74	0.498127
3508.49	0.499056
3571.48	0.500088
3629.77	0.50071
3684.01	0.500702
3736.47	0.500558
3785.43	0.499795
3829.94	0.499378
3872.77	0.500276
3913.36	0.502567
3951.98	0.505154
3989.3	0.508312
4024.57	0.511671
4057.29	0.515502
4089.36	0.519632
4117.13	0.521415
4143.86	0.524422
4169.73	0.52718
4193.62	0.529661
4214.88	0.532216
4239.44	0.533759
4260.9	0.536105
4282.37	0.538688
4303.53	0.541581
4322.77	0.545207
4340.71	0.550752
4356.71	0.5583
4370.06	0.568908
4382.71	0.58119
4393.56	0.601618
4402.5	0.635195
4410.23	0.669256
4416.74	0.668032
4424.44	0.512885
4432.89	0.381076
4438.93	0.351992
4442.05	0.341578
2550.53	0.257612
2549.96	0.299045
2548.45	0.500165
2646.95	0.502907
2740.24	0.500568
2830.06	0.498648
2917.86	0.497065
3003.45	0.49569
3086.75	0.49449
3167.77	0.493425
3245.51	0.492464
3317.01	0.491463
3385.35	0.49141
3452.74	0.491679
3513.71	0.489259
3571.62	0.487862
3625.61	0.486756
3681.84	0.48537
3733.33	0.486696
3781.92	0.488219
3826.8	0.490198
3869.8	0.492727
3910.08	0.49572
3949.06	0.498922
3986.54	0.5024
4022.47	0.506093
4054.32	0.50734
4086.05	0.509868
4115.27	0.511977
4143.79	0.515082
4170.31	0.519888
4194.92	0.524496
4217.95	0.528669
4240.74	0.532128
4261.77	0.535345
4279.32	0.538751
4301.72	0.542163
4321.03	0.54665
4339.62	0.552464
4356.28	0.560148
4371.29	0.570114
4381.67	0.580696
4393.1	0.598914
4402.23	0.631518
4409.69	0.667128
4416.07	0.667307
4423.78	0.511554
4432.26	0.379873
4438.35	0.351199
4441.49	0.341024
2549.76	0.253349
2549.13	0.295017
2547.55	0.505638
2644.55	0.508979
2738.33	0.506964
2829.21	0.505091
2917.72	0.503335
3004.03	0.501694
3088.39	0.500185
3171.34	0.498811
3254.29	0.497541
3321.36	0.493104
3387.82	0.491844
3451.47	0.490421
3515.26	0.489134
3574.51	0.488864
3632.24	0.489323
3682.08	0.488121
3730.78	0.488612
3779.83	0.488616
3823.26	0.490822
3867.27	0.493793
3905.85	0.494317
3945.37	0.496684
3983.07	0.498673
4016.63	0.50056
4051.73	0.503447
4084.18	0.50745
4114.59	0.511783
4143.52	0.51623
4170.68	0.520605
4195.78	0.524773
4219.3	0.528736
4241.88	0.532353
4262.29	0.534288
4281.8	0.537191
4301.03	0.54051
4318.01	0.54522
4338.42	0.550543
4355.45	0.557728
4370.17	0.567524
4382.62	0.580828
4392.69	0.595576
4401.59	0.628501
4408.94	0.664964
4415.31	0.662971
4423.15	0.502757
4431.68	0.374782
4437.81	0.348284
4440.98	0.338995
2549.27	0.253381
2548.65	0.296534
2547.13	0.515039
2643.57	0.518292
2737.51	0.516143
2828.89	0.514108
2917.87	0.512189
3004.63	0.510405
3089.41	0.508788
3172.79	0.507332
3256.33	0.506015
3323.61	0.504127
3390.96	0.503753
3456.45	0.503402
3519.21	0.503074
3576.75	0.502789
3631.89	0.503264
3683.92	0.504226
3736.01	0.505374
3781.1	0.50611
3816.89	0.501671
3860.5	0.501983
3902.65	0.503969
3942.29	0.505952
3979.83	0.508143
4015.22	0.510693
4049.49	0.513004
4082.12	0.515778
4113.21	0.518666
4142.89	0.521492
4171.04	0.524241
4196.21	0.524953
4219.65	0.527186
4240.89	0.529714
4262.76	0.532031
4283.03	0.534858
4302.31	0.537899
4320.47	0.541706
4338.52	0.546494
4354.85	0.55349
4369.23	0.56293
4381.51	0.575952
4391.36	0.594757
4400.48	0.625061
4407.91	0.660379
4414.49	0.647267
4422.63	0.477379
4431.06	0.363084
4437.32	0.34185
4440.54	0.334529
2549.04	0.254208
2548.44	0.298103
2547.01	0.514328
2643.37	0.51749
2737.46	0.515516
2829.14	0.513695
2918.4	0.512065
3005.29	0.510629
3089.85	0.509389
3172.02	0.508331
3251.19	0.507453
3323.94	0.506953
3394.07	0.506792
3462.24	0.507008
3526.47	0.507921
3579.48	0.506562
3632.71	0.50812
3683.74	0.509618
3729.8	0.511106
3776.58	0.513733
3818.32	0.516569
3860.28	0.518635
3901.2	0.520685
3940.38	0.523257
3977.79	0.526101
4013.46	0.529087
4047.64	0.531983
4080.34	0.53502
4111.92	0.538071
4142.69	0.540828
4173.99	0.542771
4197.24	0.539255
4219.81	0.540737
4241.57	0.542818
4262.85	0.544897
4283.26	0.547184
4302.68	0.54985
4320.99	0.553279
4338.25	0.557541
4354.07	0.563043
4368.23	0.570381
4380.65	0.579856
4391.52	0.59123
4399.11	0.600506
4406.9	0.598939
4414.21	0.528432
4422.32	0.405206
4429.96	0.347143
4436.84	0.333045
4440.18	0.328024
2549.03	0.254972
2548.45	0.298823
2547.07	0.509966
2643.62	0.512889
2737.95	0.510857
2829.88	0.508933
2919.34	0.507163
3006.3	0.505563
3090.67	0.504153
3172.2	0.502953
3250.45	0.502009
3324.89	0.501325
3397.13	0.500924
3469.9	0.500745
3525.4	0.496315
3583.22	0.496504
3634.79	0.495659
3684.14	0.497145
3730.47	0.499089
3775.23	0.501435
3817.71	0.503553
3859.29	0.505902
3899.66	0.508149
3938.43	0.510277
3975.7	0.512293
4011.41	0.514264
4045.52	0.516265
4077.96	0.518268
4109.72	0.520064
4140.21	0.521888
4169.51	0.523417
4196.02	0.523465
4219.28	0.526328
4241.25	0.529483
4262.52	0.532333
4283.28	0.534973
4303.03	0.538113
4321.35	0.542147
4338.43	0.547508
4354.11	0.554728
4368.19	0.564378
4380.56	0.577402
4391.18	0.595095
4399.84	0.625034
4406.57	0.651531
4413.38	0.603189
4422.26	0.422351
4430.66	0.34183
4436.78	0.328175
4439.91	0.323699
2549.22	0.255897
2548.64	0.299856
2547.24	0.520317
2644.19	0.523193
2738.88	0.521045
2831.09	0.51904
2920.74	0.517217
3007.81	0.515586
3092.19	0.514159
3173.52	0.512952
3251.35	0.511991
3325.89	0.51128
3397.4	0.510816
3464.97	0.510625
3526.85	0.511503
3591.07	0.511757
3636.93	0.505872
3685.41	0.506536
3730.56	0.506906
3774.04	0.507859
3815.88	0.509172
3857.36	0.510602
3897.59	0.512123
3935.88	0.513787
3973.04	0.515604
4008.85	0.517531
4042.94	0.519602
4074.1	0.521977
4106.66	0.524463
4136.76	0.527516
4165.67	0.530798
4195.94	0.533964
4217.98	0.531472
4239.63	0.53319
4260.74	0.53517
4282.33	0.536934
4302.78	0.539024
4320.94	0.54196
4337.97	0.544593
4353.65	0.551311
4367.74	0.560453
4380.12	0.572845
4390.7	0.589094
4399.28	0.619374
4405.95	0.649341
4413.06	0.602017
4422.2	0.419577
4430.67	0.340784
4436.52	0.326639
4439.51	0.321869
2549.62	0.256218
2549.03	0.299555
2547.6	0.519707
2645.24	0.522574
2740.45	0.520376
2832.96	0.518313
2922.8	0.516425
3010.08	0.514724
3094.77	0.513211
3176.37	0.51189
3253.54	0.510778
3327.91	0.509942
3399.64	0.509328
3463.74	0.508834
3523.99	0.50913
3582.19	0.509555
3635.11	0.510031
3689.85	0.511191
3731.28	0.509679
3773.32	0.511022
3812.51	0.512932
3855.3	0.515621
3896.46	0.517938
3933.04	0.517806
3970.45	0.519974
4006.88	0.522077
4041.6	0.52421
4075.07	0.526363
4104.08	0.526158
4132.56	0.52822
4158.55	0.530499
4188.84	0.532035
4214.14	0.533607
4236.76	0.536383
4256.3	0.539587
4281.07	0.542844
4302.75	0.545948
4322.89	0.549497
4336.76	0.55205
4352.68	0.557983
4366.89	0.565449
4379.34	0.574867
4389.96	0.586297
4398.82	0.594181
4406.75	0.559056
4413.62	0.458383
4422.56	0.362269
4430.37	0.333202
4435.95	0.324755
4438.79	0.321133
2550.23	0.256479
2549.63	0.299058
2548.17	0.520251
2646.85	0.523154
2742.78	0.521003
2835.56	0.51907
2925.44	0.517342
3012.91	0.515788
3098.43	0.514406
3181.61	0.513293
3256.5	0.513097
3330.53	0.512651
3407.46	0.511944
3464.41	0.5066
3521.22	0.505979
3576.64	0.505865
3629.51	0.505744
3680.63	0.505767
3727.24	0.505523
3771.75	0.506294
3815.26	0.507491
3852.95	0.50683
3889.49	0.506841
3930.96	0.505484
3967.83	0.506638
4005.66	0.508588
4040.46	0.511519
4073.01	0.51479
4103.45	0.51794
4132.35	0.521791
4159.85	0.5256
4187.32	0.528921
4212.84	0.531744
4236.4	0.534418
4258.54	0.536966
4281.02	0.539425
4302.39	0.54233
4319.79	0.545343
4336.59	0.550109
4352.52	0.556974
4367.01	0.566519
4379.68	0.579517
4390.48	0.598446
4399.36	0.63097
4406.64	0.660908
4413.84	0.583765
4422.13	0.416327
4430.67	0.340825
4436.57	0.327009
4439.56	0.322371
2551.08	0.257378
2550.49	0.299227
2549.03	0.515275
2649.37	0.51798
2746.38	0.515718
2839.17	0.513632
2928.54	0.511754
3015.71	0.510057
3102.4	0.508528
3193.14	0.50708
3258.42	0.500927
3328.21	0.500064
3397.49	0.498785
3461.05	0.496096
3518.3	0.494241
3572.94	0.493789
3624.69	0.493472
3676.39	0.493231
3724.51	0.494095
3769.88	0.495791
3813.8	0.498009
3851.31	0.49954
3887.28	0.502568
3930.4	0.504877
3970.02	0.50811
4005.25	0.509295
4039.39	0.511968
4070.9	0.514792
4102.25	0.518091
4131.45	0.522379
4159.17	0.526435
4185.76	0.530043
4211.55	0.533158
4235.57	0.535999
4258.52	0.538741
4280.13	0.541322
4301.65	0.544579
4317.29	0.546418
4337.73	0.550786
4351.75	0.555254
4366.86	0.564036
4379.8	0.576329
4390.78	0.592878
4399.82	0.622909
4407.07	0.654874
4413.54	0.616344
4421.22	0.421695
4430.67	0.345085
4436.91	0.330291
4440.03	0.325347
2552.15	0.260052
2551.64	0.303338
2550.27	0.515125
2653.28	0.517499
2752.23	0.515324
2844.23	0.513498
2931.89	0.512204
3016.92	0.511039
3100.11	0.509897
3181.11	0.508906
3253.65	0.508468
3324.33	0.508698
3394.19	0.509071
3465.39	0.509517
3517.42	0.503373
3570.99	0.503626
3624.35	0.504532
3673.55	0.503496
3722.33	0.504485
3767.25	0.505065
3809.36	0.506428
3850.8	0.506837
3891.28	0.508245
3931.12	0.510003
3969.47	0.512233
4005.56	0.514831
4039.72	0.517639
4071.39	0.520775
4101.05	0.522354
4129.96	0.525756
4157.61	0.528678
4183.03	0.531586
4210.12	0.534327
4233.9	0.536044
4256.39	0.537838
4279.06	0.539964
4300.14	0.543474
4320.19	0.548133
4336.2	0.551384
4351.9	0.557505
4366.76	0.565764
4379.73	0.578712
4390.78	0.596958
4400.03	0.628659
4407.47	0.663393
4413.9	0.64658
4422.03	0.465849
4430.95	0.357249
4437.19	0.336939
4440.37	0.330266
2553.37	0.264276
2552.97	0.314622
2551.92	0.515307
2659.2	0.516714
2763.04	0.513757
2851.71	0.509112
2935.94	0.506956
3018.01	0.505509
3098.02	0.504489
3175.54	0.503625
3248.84	0.502781
3319.31	0.50226
3387.5	0.50191
3452.93	0.50156
3511.27	0.500689
3567.08	0.501758
3621.34	0.503236
3671.59	0.504317
3718.25	0.506304
3767.23	0.508353
3812.34	0.510714
3855.43	0.51319
3894.02	0.514644
3931.94	0.517082
3970.27	0.519234
4006.76	0.521398
4041.23	0.523601
4073.19	0.525881
4100.55	0.528033
4128.47	0.531089
4155.91	0.531633
4184.55	0.533605
4208.37	0.534541
4232.48	0.536998
4252.93	0.539862
4277.61	0.542611
4297.64	0.54677
4319.61	0.551722
4338.66	0.558476
4353.54	0.564394
4366.42	0.569195
4379.43	0.581968
4390.32	0.603573
4400.04	0.635361
4407.84	0.670076
4414.38	0.666481
4422.38	0.500801
4431.2	0.370908
4437.47	0.344196
4440.69	0.335082
2554.55	0.265212
2554.21	0.322805
2553.5	0.524922
2666.3	0.525665
2786.86	0.52302
2861.71	0.515131
2940.21	0.512687
3019.2	0.511022
3096.4	0.509561
3172.15	0.508452
3244.79	0.507657
3314.51	0.507164
3381.43	0.506988
3445.44	0.507198
3505.55	0.507933
3562.62	0.508707
3615.71	0.509758
3669.94	0.51114
3721.11	0.512376
3768.96	0.513199
3815.24	0.514879
3861.15	0.516743
3896.6	0.514458
3930.1	0.517366
3971.81	0.519681
4009.13	0.522699
4044.79	0.525948
4075.3	0.527317
4103.32	0.527702
4130.21	0.530575
4158.89	0.533446
4182.16	0.536073
4209.87	0.537846
4234.55	0.540025
4257.08	0.542456
4278.83	0.545252
4298.71	0.549207
4319.91	0.553749
4338.39	0.560359
4354.91	0.569713
4366.99	0.579103
4379.02	0.587049
4388.81	0.611662
4399.94	0.641218
4408.22	0.674435
4414.93	0.676377
4422.78	0.521619
4431.52	0.381856
4437.82	0.350373
4441.06	0.339305
2555.52	0.252961
2554.9	0.295538
2553.38	0.52183
2662.97	0.524677
2769.49	0.522234
2862.98	0.51984
2941.39	0.51673
3020.61	0.515359
3094.64	0.513753
3171.2	0.512462
3242.99	0.511916
3311.77	0.511827
3377.7	0.511943
3441.81	0.512304
3500.79	0.513
3559.81	0.514093
3615.65	0.515271
3670.79	0.516377
3726.96	0.517527
3771.06	0.514701
3817.14	0.516132
3863.37	0.517829
3901.68	0.51769
3939.25	0.518711
3975.65	0.517442
4011.13	0.518388
4043.26	0.520303
4074.43	0.522404
4106.51	0.525608
4135.34	0.52955
4162.94	0.533238
4188.52	0.536717
4214	0.539617
4238.11	0.542536
4260.73	0.545617
4281.57	0.549135
4301.47	0.554166
4320.83	0.560598
4337.99	0.564557
4354.61	0.572401
4369.06	0.582947
4379.48	0.590606
4390.69	0.612328
4400.69	0.643463
4408.86	0.677038
4415.6	0.681691
4423.34	0.533233
4432.01	0.389142
4438.31	0.354705
4441.57	0.342434
2556.67	0.240736
2555.68	0.276473
2553.26	0.52081
2660.34	0.527325
2762.89	0.525095
2857.35	0.523199
2942.66	0.521645
3024.1	0.520196
3102.78	0.518907
3173.08	0.516739
3242.28	0.515633
3308.41	0.514483
3376.35	0.513519
3439.98	0.513603
3499.57	0.514121
3558.19	0.514895
3614.28	0.515892
3668.53	0.517127
3721.95	0.518539
3767.9	0.518862
3816.65	0.521159
3868.2	0.522974
3905.68	0.523018
3943.24	0.525637
3981.39	0.525247
4014.92	0.524181
4048.75	0.525878
4080.08	0.528876
4110.77	0.532193
4139.59	0.535418
4166.98	0.538447
4192.98	0.541157
4217.54	0.54344
4241.2	0.546288
4264.21	0.549562
4283.3	0.550091
4302.75	0.553259
4317.73	0.556796
4338.3	0.560689
4355.4	0.56851
4369.91	0.579893
4381.71	0.596551
4391.58	0.617052
4401.26	0.646172
4409.55	0.67946
4416.39	0.685141
4424.07	0.540028
4432.69	0.393546
4438.99	0.357303
4442.25	0.344361
2558.44	0.233009
2557	0.264013
2553.74	0.519996
2659.98	0.530471
2762.23	0.528257
2858.88	0.526224
2945.91	0.524519
3028.49	0.523265
3100.78	0.522125
3172.01	0.521649
3244.85	0.521344
3315.95	0.520983
3377.31	0.519982
3440.22	0.520163
3497.33	0.520596
3557.06	0.521717
3612.71	0.522739
3665.03	0.524
3713.67	0.525765
3759.85	0.52844
3811.2	0.530912
3861.24	0.532783
3905.49	0.535333
3947.81	0.536552
3991.39	0.538283
4023.91	0.531953
4054.63	0.533301
4084.29	0.535922
4114.83	0.538672
4143.27	0.541571
4170.44	0.544621
4196.95	0.547504
4220.07	0.547498
4243.04	0.549431
4263.82	0.551807
4284.04	0.554554
4302.08	0.558392
4321.37	0.56246
4339.94	0.568582
4356.59	0.576862
4371.26	0.587695
4384.21	0.605215
4393.65	0.625663
4401.2	0.652571
4410.31	0.682204
4417.34	0.687941
4425	0.544464
4433.59	0.395878
4439.87	0.358497
4443.12	0.34522
2561.34	0.228874
2559.3	0.256514
2554.91	0.514765
2661.41	0.52986
2764.96	0.527673
2867.96	0.525468
2951.7	0.522857
3025.52	0.520946
3102.49	0.520044
3175.81	0.519333
3247.24	0.518825
3315.76	0.518438
3380.25	0.51811
3443.44	0.517999
3504.59	0.518121
3558.09	0.517657
3612.57	0.518349
3663.32	0.51902
3706.02	0.518725
3744.72	0.519763
3805.17	0.519905
3858.18	0.519119
3905.45	0.519231
3949.28	0.520569
3990.76	0.522151
4027.5	0.523782
4059.55	0.526056
4090.5	0.529299
4120.17	0.531827
4147.11	0.531892
4173.27	0.533946
4197.24	0.536022
4222.58	0.538818
4246.2	0.542009
4266.63	0.543024
4285.83	0.544109
4302.71	0.548247
4324.16	0.552838
4342.64	0.558917
4358.95	0.567109
4373.26	0.578136
4385.82	0.592268
4395.66	0.620724
4404.63	0.65193
4411.79	0.67989
4418.62	0.689742
4426.19	0.54692
4434.71	0.395979
4440.96	0.358308
4444.19	0.345056
2566.04	0.227433
2563.03	0.252805
2556.86	0.500464
2663.62	0.521471
2765.97	0.519516
2862.96	0.517646
2950.04	0.515458
3029.41	0.514131
3106.07	0.513345
3179.72	0.512745
3250.74	0.512326
3317.8	0.512273
3382.7	0.512088
3446.87	0.511846
3503.84	0.510395
3561.15	0.510196
3613.04	0.50833
3660.96	0.508283
3710.29	0.508434
3757.67	0.510996
3804.41	0.514412
3858.73	0.517124
3906.75	0.519286
3950.98	0.521422
3992.79	0.523553
4033.74	0.525427
4063.6	0.523048
4093.46	0.524741
4121.33	0.527289
4151.18	0.530387
4175.82	0.531002
4202.2	0.53414
4224.9	0.534144
4246.76	0.535835
4267.59	0.5388
4289.39	0.54227
4308.74	0.546457
4327.86	0.551441
4345.43	0.557988
4361.2	0.566709
4374.88	0.578666
4387.86	0.59277
4399.08	0.619785
4407.02	0.64819
4414.35	0.678061
4420.28	0.670768
4427.65	0.540465
4436.07	0.392523
4442.23	0.356595
4445.43	0.343921
2573.66	0.231052
2569.22	0.260759
2560.08	0.482672
2668.15	0.509481
2770.24	0.507859
2865.9	0.506249
2954.3	0.504754
3034.27	0.503689
3110.93	0.503057
3184.51	0.502628
3256.43	0.502198
3320.25	0.499189
3384.12	0.498298
3444.96	0.497511
3504.69	0.495495
3558.29	0.494876
3615.66	0.494911
3668.15	0.495863
3718.92	0.497176
3767.65	0.4988
3813.06	0.500854
3863.54	0.502618
3909.9	0.504991
3953.13	0.507405
3993.7	0.51002
4031.41	0.512928
4064.56	0.514575
4095.63	0.517602
4124.96	0.52092
4152.95	0.52467
4179.96	0.526243
4202.94	0.528025
4227.19	0.53084
4250.9	0.53416
4272.41	0.538006
4293.43	0.54167
4313.02	0.545548
4331.11	0.550093
4347.97	0.556396
4363.47	0.564611
4375.12	0.573964
4389.43	0.585398
4400.68	0.60524
4408.95	0.638573
4416.46	0.667902
4422.73	0.652191
4429.54	0.502583
4437.57	0.386809
4443.61	0.354418
4446.82	0.34262
2586.32	0.244553
2580.99	0.293991
2565.75	0.468473
2676.62	0.497715
2778.9	0.498181
2874.16	0.498665
2965.19	0.498794
3040.71	0.493681
3117.12	0.493144
3189.18	0.492769
3257.36	0.491919
3322.37	0.488129
3386.68	0.487706
3447.68	0.487404
3508.21	0.488212
3565.13	0.489229
3621.16	0.490502
3675.05	0.491962
3727.56	0.493653
3778.92	0.495604
3827.19	0.498269
3870.34	0.495159
3914.02	0.497048
3955.83	0.498639
3995.36	0.500329
4032.52	0.502568
4066.81	0.506465
4098.42	0.510798
4127.57	0.514823
4154.15	0.518935
4182.85	0.523325
4208.49	0.528168
4233.42	0.532851
4255.22	0.535707
4275.76	0.539118
4296.96	0.542882
4316.8	0.547334
4333.58	0.549756
4349.86	0.554942
4364	0.562217
4378.64	0.572315
4391.87	0.585202
4402.98	0.607981
4412.14	0.642972
4418.63	0.672778
4424.56	0.684414
4431.55	0.534617
4438.82	0.389119
4444.95	0.35525
4448.31	0.343129
2606.47	0.268387
2599.28	0.324903
2579.07	0.458538
2691.63	0.476974
2792.6	0.478133
2884.71	0.479316
2965.61	0.480214
3049.08	0.481566
3127.95	0.482597
3193.9	0.477545
3258.71	0.477405
3327.49	0.477986
3392.06	0.478965
3453.69	0.480157
3513.4	0.481565
3570.87	0.483175
3626.78	0.485011
3681.28	0.487044
3735.23	0.489195
3791.11	0.491126
3829.8	0.485417
3875.58	0.487886
3918.88	0.490787
3959.87	0.493959
3998.85	0.497357
4034.89	0.501167
4069.53	0.505402
4099.82	0.506641
4130.58	0.509896
4159.01	0.514716
4186.7	0.519396
4212.73	0.523927
4236.72	0.528396
4259.19	0.533193
4280.91	0.537932
4299.89	0.539566
4317.49	0.542056
4335.78	0.545898
4352.22	0.551737
4367.33	0.55944
4381.51	0.569349
4394.22	0.582224
4405.04	0.602598
4413.79	0.636238
4420.19	0.680239
4426.29	0.703504
4432.91	0.588362
4440.76	0.411234
4446.12	0.36081
4450.06	0.34557
2639.31	0.297283
2626.69	0.347694
2596.99	0.445255
2715.71	0.459099
2817.18	0.46273
2905.15	0.466236
2988.48	0.469494
3060.17	0.466046
3127.76	0.466406
3200.98	0.467438
3268.67	0.468418
3334.83	0.469465
3398.43	0.470529
3459.64	0.471686
3518.81	0.472961
3576.08	0.474362
3631.72	0.475895
3685.89	0.477556
3738.76	0.47932
3789.99	0.481177
3835.78	0.483147
3881.02	0.485931
3923.77	0.489275
3963.67	0.493009
4003.03	0.496542
4036.42	0.496144
4068.48	0.498596
4102.31	0.502333
4133.73	0.506533
4162.48	0.511422
4190.13	0.516605
4216.94	0.521834
4239.54	0.522476
4261.94	0.526269
4282.6	0.530142
4302.85	0.535038
4320.97	0.540095
4337.84	0.544736
4353.89	0.550862
4369.55	0.558192
4383.74	0.568164
4396.26	0.581586
4406.92	0.603648
4415.66	0.640211
4422.75	0.684522
4427.92	0.70764
4434.63	0.596889
4442.99	0.415164
4449.22	0.361581
4452.69	0.344764
2682.75	0.313517
2669.3	0.367372
2627.26	0.420187
2754.64	0.443004
2853.15	0.449447
2928.31	0.44999
2997.41	0.453142
3072.77	0.456304
3142.62	0.458584
3211.65	0.460488
3278.2	0.462077
3342.76	0.463511
3405.19	0.464843
3465.56	0.466138
3524.06	0.467439
3580.82	0.468772
3635.99	0.470159
3689.63	0.471613
3741.73	0.473138
3792.11	0.474738
3840.13	0.476516
3886.76	0.478632
3929.32	0.481822
3965.84	0.481049
4000.83	0.483251
4037.92	0.486397
4071.84	0.490445
4105.04	0.49455
4137.41	0.498889
4164.93	0.499525
4192.33	0.503664
4216.61	0.507988
4242.19	0.513564
4265.12	0.519713
4286.19	0.525712
4305.95	0.531249
4324.16	0.536405
4340.99	0.541561
4353.94	0.547455
4371.19	0.55453
4385.57	0.563982
4397.97	0.577039
4408.54	0.59543
4417.15	0.629413
4423.68	0.671477
4428.49	0.688897
4436.88	0.547784
4445.96	0.393886
4452.44	0.353805
4455.81	0.339035
2737.1	0.320966
2738.79	0.380336
2751.53	0.413907
2819.7	0.428606
2886.74	0.429323
2953.87	0.435866
3020.6	0.441136
3089.03	0.445311
3156.44	0.448629
3222.92	0.451407
3287.81	0.453816
3350.86	0.455956
3412.02	0.457825
3471.36	0.459493
3528.99	0.461032
3585.07	0.462487
3639.67	0.463926
3692.78	0.46541
3744.27	0.466983
3794.41	0.468573
3843.66	0.4702
3894.36	0.471684
3928.79	0.466649
3968.16	0.468296
4005.55	0.471332
4040.36	0.474918
4073.69	0.479564
4106.38	0.480915
4136.75	0.483925
4167.52	0.488348
4195.31	0.494434
4220.83	0.500897
4245.31	0.50739
4268.05	0.513894
4289.05	0.520334
4308.63	0.526294
4326.79	0.531709
4343.56	0.536651
4358.75	0.541552
4373.67	0.547206
4387.33	0.555093
4399.44	0.565522
4409.94	0.579283
4418.82	0.598219
4425.3	0.598643
4431.89	0.538333
4441.26	0.431362
4450	0.36323
4456.14	0.340103
4459.32	0.32918
2787.24	0.324938
2795.51	0.376742
2817.95	0.397424
2863.66	0.407474
2918.57	0.41525
2978.14	0.421582
3040.35	0.426842
3104.54	0.431246
3169.35	0.435019
3233.92	0.438427
3297.36	0.441697
3358.92	0.444904
3418.7	0.447696
3476.88	0.450118
3533.46	0.452319
3588.74	0.454244
3642.76	0.456022
3695.41	0.457772
3745.97	0.459792
3795.38	0.461474
3843.46	0.463089
3889.96	0.464819
3932.2	0.466273
3970.09	0.468143
4010.51	0.470801
4041.94	0.463957
4070.62	0.464506
4108.09	0.469213
4140.76	0.474886
4170.69	0.481838
4198.21	0.488547
4223.8	0.494967
4247.95	0.50111
4270.57	0.506967
4291.26	0.513392
4310.7	0.518963
4328.87	0.524118
4345.82	0.528779
4361.95	0.532033
4375.52	0.52863
4388.74	0.529005
4400.68	0.527163
4411.21	0.519391
4420.11	0.497974
4429.3	0.460181
4437.98	0.404041
4446.87	0.360941
4454.57	0.337803
4460.09	0.325171
4462.98	0.317449
2826.47	0.322696
2836.47	0.371171
2859.31	0.389032
2896.74	0.396923
2944.17	0.402485
2998.1	0.407358
3056.4	0.411446
3117.66	0.414934
3180.63	0.418034
3244.17	0.421046
3306.85	0.424404
3366.8	0.428595
3425.01	0.432105
3481.98	0.434811
3537.2	0.437302
3591.6	0.439448
3645.09	0.441346
3698.01	0.442872
3746.66	0.44229
3795.49	0.443315
3842.64	0.44395
3887.59	0.443834
3928.04	0.442741
3970.03	0.442015
4009.11	0.443117
4044.2	0.442964
4077.59	0.444991
4112.29	0.448238
4145.24	0.451926
4174.06	0.459773
4200.85	0.466291
4226.11	0.471158
4250.08	0.474667
4273.09	0.476282
4292.88	0.471752
4312.33	0.471304
4330.54	0.470691
4347.39	0.468439
4362.21	0.463463
4377.61	0.460809
4391.2	0.453616
4403.46	0.440091
4414.58	0.419257
4424.79	0.391836
4434.51	0.366198
4443.55	0.345134
4451.82	0.330233
4458.74	0.32008
4463.71	0.312518
4466.33	0.30614
2852.85	0.318912
2862.94	0.366257
2884.75	0.382752
2918.36	0.389363
2961.58	0.393276
3012.02	0.395989
3067.72	0.397987
3127.26	0.399503
3189.47	0.400796
3253.33	0.402148
3317.11	0.403981
3374.42	0.408258
3430.52	0.413521
3486.76	0.417229
3539.69	0.413651
3593.25	0.413379
3645.88	0.412678
3696.55	0.411752
3747.39	0.410981
3796.15	0.411657
3842.95	0.411999
3887.58	0.41207
3929.73	0.411973
3970.69	0.412396
4009.56	0.4126
4046.08	0.412856
4081.2	0.413864
4116.17	0.415461
4151.82	0.415998
4177.51	0.408548
4203.16	0.406604
4227.94	0.404866
4251.48	0.40197
4272.49	0.39701
4294.55	0.394211
4314.49	0.393088
4332.88	0.390989
4349.88	0.387773
4365.53	0.383248
4380.44	0.377658
4394.16	0.370043
4406.73	0.360811
4418.24	0.35066
4428.83	0.340404
4438.62	0.330795
4447.54	0.322452
4455.42	0.315447
4461.87	0.309023
4466.46	0.302203
4468.79	0.294613
2866.06	0.315345
2875.95	0.362585
2897.04	0.378388
2929.05	0.384083
2970.4	0.387047
3019.18	0.38885
3073.65	0.389968
3132.45	0.390619
3194.77	0.390925
3260.58	0.390953
3331.68	0.390711
3381.09	0.375961
3433.86	0.371843
3484.54	0.365989
3540.22	0.36333
3594.19	0.363126
3646.8	0.36295
3697.99	0.362779
3748.2	0.362611
3796.77	0.362451
3843.45	0.362308
3888.09	0.362188
3930.63	0.36209
3971.44	0.362004
4010.35	0.361914
4047.35	0.361814
4082.88	0.361682
4117.33	0.361478
4150.14	0.361176
4178.37	0.357051
4204.6	0.35655
4229.41	0.355966
4252.84	0.355168
4274.75	0.354125
4296.04	0.352874
4315.95	0.351329
4334.43	0.349393
4351.55	0.347013
4367.43	0.344149
4382.28	0.340808
4396.03	0.33697
4408.69	0.332705
4420.32	0.328124
4431.01	0.323348
4440.79	0.318458
4449.61	0.313404
4457.31	0.307905
4463.6	0.301361
4467.88	0.292763
4470	0.285064
4156.76	0.424781
4177.55	0.425254
4203.07	0.427694
4227.8	0.432318
4251.46	0.438718
4267.77	0.444584
4274.84	0.477983
4292.64	0.479292
4312.2	0.481277
4330.39	0.484613
4347.29	0.489856
4359.9	0.495815
4364.21	0.526533
4375.31	0.527627
4388.63	0.526819
4400.57	0.525141
4411.07	0.523277
4418.96	0.524942
4420.75	0.56838
4425.12	0.570091
4427.64	0.542884
2683.26	0.516503
2749.74	0.515392
2815.25	0.513677
2846.66	0.511464
2921.55	0.510036
3007.26	0.50741
3063.48	0.504875
3091.14	0.500001
3160.65	0.49881
3238.31	0.497333
3291.14	0.495871
3319.62	0.496249
3384.99	0.495243
3455.32	0.494211
3501.56	0.49299
3528.43	0.493105
3588.18	0.492432
3650.23	0.492575
3686.99	0.492101
3710.29	0.494655
3759.78	0.494115
3808.27	0.494001
3833.77	0.493823
3847.01	0.494591
3804.67	0.527332
3825.89	0.526932
3866.92	0.527181
3909.03	0.527079
3944.33	0.528796
3982.15	0.528815
4015.36	0.529236
4047.73	0.529046
4070.22	0.528834
4081.5	0.530385
4108	0.530897
4135.77	0.533146
4162.02	0.534334
4183.47	0.536503
4205.21	0.53738
4228.13	0.538673
4249.53	0.539767
4268.22	0.540714
4270.98	0.543493
4177.57	0.552151
4197.45	0.552923
4219.71	0.554085
4241.47	0.555656
4262.72	0.557343
4283.12	0.559372
4302.53	0.561705
4320.84	0.564341
4338.08	0.567067
4353.89	0.569907
4368.07	0.572302
4380.53	0.572928
4391.35	0.569303
4399.24	0.551596
4407.14	0.518507
4414.47	0.4506
4422.26	0.384968
4425.68	0.352677
4240.63	0.512469
4256.35	0.516469
4262.68	0.535702
4274.03	0.536653
4291.97	0.540911
4308.97	0.546477
4324.31	0.552751
4329.62	0.570891
4337.5	0.571945
4352.99	0.575143
4367.73	0.579807
4381.8	0.583511
4386.01	0.594947
4391.93	0.59557
4402.65	0.596863
4411.8	0.591311
4419.89	0.571151
4423.04	0.522706
4426.25	0.515723
4433.43	0.443656
4440.9	0.384371
4445.87	0.36112
3831.22	0.502404
3850.37	0.502249
3864.29	0.505243
3892.29	0.50495
3933.01	0.507202
3970.83	0.509632
4007.45	0.511581
4030.2	0.512456
4042.53	0.518241
4072.7	0.518857
4104.59	0.52054
4128.78	0.524721
4151.26	0.52633
4159.45	0.533179
4177.33	0.533414
4201.36	0.535443
4224.48	0.536836
4246.35	0.537916
4258.03	0.538432
4265.32	0.538951
4275.37	0.539178
2842.51	0.526354
2862.79	0.525422
2889.73	0.5254
2940.97	0.52442
3020.74	0.523536
3090.75	0.522186
3119.4	0.524182
3171.99	0.523223
3242.51	0.522987
3303.8	0.521874
3328.18	0.524215
3376.55	0.523368
3440.33	0.522492
3492.45	0.521163
3513.43	0.5201
3557.42	0.519298
3612.73	0.518245
3656.91	0.51691
3669.7	0.512199
3709.72	0.51151
3757.88	0.511003
3795.56	0.509862
3803.91	0.501541
3566.62	0.524008
3609.73	0.523552
3665.95	0.523106
3721.51	0.522604
3774.83	0.522469
3822.83	0.523224
3867.13	0.524256
3908.28	0.525431
3950.15	0.525725
3983.33	0.528075
4016.37	0.529408
4049	0.530753
4079.85	0.532443
4109.65	0.533561
4137.84	0.534506
4159.09	0.534594
4167.28	0.537033
4186.85	0.537019
4207.71	0.537449
4221.7	0.537301
3848.62	0.508343
3883.46	0.50898
3923.06	0.510467
3961.89	0.512384
3999.36	0.514665
4035.3	0.517007
4063.61	0.518376
4074.51	0.532597
4099.02	0.533001
4129.45	0.535754
4157.88	0.537913
4184.52	0.540171
4209.49	0.542559
4232.68	0.545091
4252.42	0.548439
4271.19	0.551547
4289.32	0.554188
4303.41	0.555626
4308.25	0.562987
4320.55	0.563744
4335.3	0.56576
4344.79	0.566923
3661.14	0.503911
3702.24	0.504154
3751.66	0.505324
3798.62	0.507016
3843.25	0.508605
3869.58	0.509179
3885.34	0.516819
3922.78	0.51728
3961.54	0.5186
3998.35	0.520097
4032.77	0.522051
4063.77	0.52481
4090.45	0.528591
4121.33	0.53024
4149.43	0.532659
4175.15	0.534838
4194.95	0.535856
4202.25	0.54208
4219.7	0.54218
4241.26	0.542604
4255.87	0.542697
3805.88	0.480888
3835.61	0.479645
3848.52	0.46469
3883.63	0.463766
3924.26	0.463047
3963.51	0.462319
4001.25	0.461578
4037.32	0.460607
4071.58	0.459126
4104.51	0.456944
4135.51	0.453509
4155.49	0.450337
4166.33	0.433833
4190.26	0.433125
4214.98	0.434457
4238.34	0.435396
4259.13	0.436496
4278.36	0.438012
4295.83	0.439529
4310.07	0.440929
3077.26	0.526593
3132.77	0.525892
3205.49	0.524978
3277.97	0.523872
3348.95	0.52295
3417.95	0.522215
3484.62	0.521652
3548.63	0.521285
3609.65	0.521134
3667.75	0.521134
3722.9	0.521284
3774.74	0.521633
3821.67	0.522493
3868.98	0.522409
3914.67	0.522273
3956.56	0.52224
3991.73	0.522254
4022.35	0.522293
4034.93	0.523088
4125.84	0.411299
4136.49	0.412355
4143.41	0.46516
4164.4	0.468463
4174.28	0.501849
4188.76	0.502856
4207	0.507167
4214.01	0.524255
4231.89	0.525839
4237.27	0.542499
4252.32	0.54321
4262.33	0.547055
4269.92	0.548941
4283.13	0.550405
4287.17	0.552799
4301.52	0.553165
4307.01	0.557046
4318.03	0.557318
4328.94	0.560915
4334.48	0.566033
4346.23	0.568355
4349.15	0.579336
4359.54	0.58108
4366.35	0.587436
4374.13	0.587666
4383.28	0.592097
4385.43	0.591949
3981.95	0.527799
3993.18	0.527507
4023.42	0.528315
4054.86	0.529106
4084.45	0.529335
4095.58	0.532218
4114.78	0.532103
4142.34	0.534843
4169.26	0.537042
4192.66	0.539945
4201.67	0.545959
4215.18	0.546041
4236.34	0.548534
4256.96	0.550473
4276.14	0.552314
4283.4	0.555999
4292.2	0.556067
4312.04	0.560952
4329.62	0.565686
4345.38	0.570892
4352.43	0.575366
4358.94	0.576045
4369.68	0.578075
2616.5	0.499127
2634.3	0.499934
2691.62	0.498882
2792.05	0.497686
2884.58	0.497584
2953.59	0.496593
2977.48	0.50896
3040	0.508154
3116.83	0.508429
3189.48	0.508287
3234.03	0.507623
3259.16	0.513826
3320.02	0.513316
3384.08	0.513328
3442.58	0.513042
3466.32	0.517636
3503.2	0.51693
3560.77	0.516714
3613.18	0.516454
3653.64	0.515967
3668.33	0.521218
3705.44	0.520755
3738.53	0.52026
3803.06	0.501845
3820.45	0.501867
3832.29	0.514837
3870.1	0.515197
3913.83	0.517097
3955.58	0.519587
3994.96	0.522418
4013.41	0.52544
4031.12	0.525674
4064.34	0.527072
4095.48	0.529095
4124.97	0.53112
4149.74	0.531985
4157.37	0.538728
4175.64	0.538882
4201.91	0.53996
4224.81	0.541466
4246.86	0.542902
4262.12	0.543632
4268.38	0.54729
4285.61	0.547576
4297.46	0.548404
4112	0.522911
4117.5	0.524746
4135.12	0.52496
4156.56	0.528388
4165.24	0.536435
4183.51	0.536941
4202.67	0.538898
4209.75	0.546193
4228.25	0.547058
4246.02	0.548973
4255.55	0.554352
4275.64	0.555827
4290.25	0.558128
4296.85	0.562039
4314.05	0.565046
4322.63	0.571229
4331.89	0.571338
4346.72	0.576457
4352.39	0.583856
4362.11	0.584462
4375.1	0.590749
4380.15	0.60093
4389.87	0.603981
4399.24	0.62165
4402.8	0.632267
4408.45	0.638627
3207.13	0.513627
3258.41	0.512952
3328.17	0.512229
3397.05	0.511348
3460.5	0.511445
3518.01	0.512432
3572.7	0.513061
3622.94	0.513492
3644.19	0.518238
3672.99	0.517712
3721.87	0.518534
3766.96	0.519443
3809.26	0.520606
3850.71	0.521406
3891.2	0.522522
3930.98	0.523636
3969.25	0.524946
4005.34	0.526337
4039.52	0.527382
4069.67	0.527961
4081.39	0.530725
4099.15	0.530503
4111.52	0.531425
3506.64	0.509975
3522.95	0.509371
3538.86	0.514047
3578.98	0.513482
3632.58	0.513389
3684.14	0.512703
3717.48	0.511844
3737.48	0.511154
3781.03	0.510655
3817.69	0.507985
3858.76	0.507771
3876.54	0.508898
3905.12	0.508502
3945.19	0.511431
3983.28	0.513436
4010.64	0.514347
4024.33	0.520391
4053.95	0.520845
4085.86	0.523896
4114.68	0.526686
4127.5	0.530469
4143.45	0.530273
4169.55	0.531379
4193.37	0.532107
4208.24	0.532459
3736.42	0.527073
3740.07	0.527101
3771.27	0.526792
3817.13	0.52667
3862.74	0.526439
3901.57	0.527745
3939.14	0.528474
3975.54	0.529215
4010.84	0.530219
4043.58	0.53165
4067.65	0.532021
4077.88	0.538339
4102.88	0.538717
4130.28	0.540661
4158.49	0.541469
4182.42	0.543776
4209.64	0.544655
4234.34	0.546048
4256.95	0.547181
4278.47	0.547694
4289.33	0.547986
4292.05	0.546994
3900.9	0.481351
3926.46	0.481617
3939.14	0.494183
3965.72	0.494178
3996.23	0.496317
4006.88	0.508039
4036.3	0.508454
4059.24	0.510702
4070.64	0.517793
4099.3	0.519046
4112.47	0.524273
4127.54	0.524109
4152.32	0.525748
4159.96	0.532354
4179.72	0.532443
4199.02	0.534427
4204.85	0.541981
4224.8	0.542614
4239.21	0.544937
4246.86	0.550011
4266.02	0.551371
4273.45	0.557542
4284.07	0.557634
4300.83	0.558243
4306.49	0.556905
4314.66	0.556897
4303.47	0.549798
4305.14	0.552064
4316.48	0.552677
4322.84	0.559106
4335.22	0.559873
4341.22	0.571102
4352.57	0.572096
4357.24	0.585539
4366.36	0.586894
4370.89	0.597779
4379.02	0.59894
4383.58	0.620447
4391.12	0.625053
4395.03	0.641143
4400.93	0.644554
4405.73	0.632383
4411.78	0.628547
4415.73	0.58022
4420.59	0.570497
4424.55	0.480343
4429.56	0.458284
4433.5	0.395715
4438.65	0.384085
4441.68	0.368147
4442.41	0.36411
4012.66	0.486474
4042.19	0.48952
4060.06	0.492858
4074.23	0.497151
4106.28	0.498874
4134.84	0.502147
4145.02	0.514407
4164.58	0.514713
4192.29	0.519044
4212.18	0.521856
4219.47	0.534238
4239.3	0.535241
4261.79	0.539626
4273.6	0.542979
4281.37	0.547451
4299.8	0.549
4316.44	0.552029
4322.24	0.559707
4333.37	0.56016
4349.78	0.56399
4361.34	0.566997
4364.9	0.572884
4374.02	0.573974
3764.67	0.520316
3794.62	0.519995
3830.27	0.519846
3843.65	0.523432
3875.2	0.523153
3916.13	0.52398
3953.98	0.524751
3991.69	0.525188
4026.76	0.526295
4058.69	0.527639
4086.12	0.528216
4096.85	0.531089
4116.51	0.531014
4143.71	0.533084
4169.55	0.534285
4193.42	0.535738
4215.09	0.53725
4239.17	0.537729
4259.94	0.538271
4267.82	0.538986
4275.81	0.538873
3785.41	0.520918
3822.24	0.521281
3844.11	0.522572
3866.7	0.522016
3910.23	0.521981
3931.93	0.522704
3950.73	0.522503
3983.71	0.522729
4005.12	0.52349
4020.53	0.52518
4052.21	0.526329
4073.57	0.527635
4087.17	0.530722
4115.45	0.531586
4136.39	0.532983
4148.67	0.536648
4173.77	0.537422
4192.38	0.539231
4202.31	0.544029
4223.79	0.544608
4240.75	0.545643
4249.44	0.547899
4266.97	0.548238
4281.01	0.548982
4284.1	0.548643
3927.97	0.524557
3954.56	0.524593
3989.07	0.525974
4022.08	0.528071
4050.56	0.529247
4062.08	0.534985
4085.7	0.534965
4118.15	0.537279
4147.86	0.539833
4173.64	0.543071
4186.46	0.545163
4201	0.544952
4223.6	0.547298
4243.77	0.549844
4265.21	0.551661
4278.22	0.552926
4285.75	0.556361
4302.07	0.5572
4318.37	0.559864
4334.44	0.56292
4346.14	0.565331
4350.72	0.571895
4361.67	0.572495
4321.18	0.545924
4324.37	0.551799
4331.87	0.5522
4336.31	0.552148
4339.16	0.55762
4346.65	0.559099
4351.55	0.562258
4354.69	0.57523
4361.61	0.577821
4366.61	0.583272
4369.86	0.594549
4376.01	0.597347
4381.3	0.599687
4384.86	0.616676
4390.37	0.624017
4395.31	0.624385
4399.5	0.63428
4404.2	0.644398
4408.6	0.644993
4412.4	0.662987
4416.18	0.679354
4419.87	0.682046
4423.03	0.687535
4426.38	0.689419
4427.28	0.689333
3580.58	0.471508
3593.12	0.476137
3621.18	0.475698
3635.73	0.491231
3666.32	0.490884
3681.84	0.490445
3701.11	0.489847
3725.55	0.48924
3738.41	0.49678
3766.26	0.496729
3779.77	0.511954
3799.21	0.513554
3820.24	0.513039
3834.14	0.512882
3860.27	0.512518
3872.5	0.512996
3890.74	0.51446
3907.17	0.515505
3916.47	0.515957
3939.6	0.515456
3950.28	0.504062
3963.55	0.500228
3972.41	0.494367
3872.1	0.526727
3905.92	0.526674
3937.5	0.526379
3946.18	0.526267
3975.29	0.526034
4011.21	0.52747
4037.23	0.528016
4047.73	0.533304
4074.87	0.533422
4103.4	0.535008
4121.88	0.535656
4130.36	0.538869
4155.87	0.539301
4184.7	0.540249
4199.45	0.540993
4210.42	0.542082
4233.78	0.542808
4256.23	0.544367
4267.11	0.54547
4279.85	0.545266
4301.28	0.546101
4315.44	0.546403
4317.13	0.545753
4317.15	0.545963
3788.08	0.517401
3816.97	0.517585
3860.37	0.518632
3902.42	0.520103
3942.08	0.522089
3979.61	0.524149
4015.08	0.526317
4049.3	0.528095
4081.93	0.529973
4113.02	0.531705
4142.67	0.533212
4170.66	0.534616
4195.96	0.536323
4219.7	0.537859
4233.71	0.538609
4242.54	0.541577
4262.05	0.542319
4281.7	0.543603
4300.69	0.544402
4315.6	0.545358
4314.36	0.546152
4315.84	0.547063
4325.12	0.547452
4329.1	0.551708
4335.86	0.554125
4342.31	0.554329
4346.12	0.561629
4354.54	0.56254
4358.06	0.570787
4363.96	0.572701
4369.65	0.572605
4373.09	0.581699
4379.83	0.583244
4382.86	0.58965
4387.01	0.594882
4391.04	0.595143
4393	0.596599
4397.92	0.597335
4400.08	0.610305
4403.11	0.59495
4406.01	0.592629
4408.17	0.494231
4412.49	0.470916
4414.4	0.501711
4418.44	0.430015
4420.65	0.422725
4158.89	0.544275
4178.92	0.545132
4201.54	0.547085
4224.03	0.548999
4240.2	0.550125
4249.29	0.553578
4266.83	0.554472
4285.16	0.557374
4302.33	0.560019
4316.89	0.562012
4322.93	0.569158
4335.01	0.569901
4349.12	0.573976
4363.39	0.576004
4378.13	0.576653
4383.15	0.573603
4392.63	0.572403
4404.28	0.565954
4413.9	0.548069
4422.49	0.50121
4428.46	0.437801
4432.89	0.405796
4438.27	0.380298
3473.1	0.519361
3517.64	0.519242
3570.97	0.519357
3624.04	0.519549
3673.47	0.520802
3722.05	0.521564
3767.01	0.523298
3810.02	0.524477
3836.5	0.524803
3855.73	0.528286
3893.75	0.5286
3931.93	0.529608
3970.11	0.530067
4006.58	0.531027
4041	0.532127
4072.81	0.533323
4100.6	0.534827
4128.86	0.535108
4152.25	0.534845
4161.61	0.536396
4176.77	0.536307
3603.83	0.520769
3636.81	0.520478
3685.14	0.521315
3730.39	0.522656
3773.88	0.523853
3815.81	0.525069
3857.22	0.525875
3897.38	0.526826
3935.72	0.527938
3972.86	0.528759
4008.63	0.529506
4042.83	0.530186
4071.08	0.530473
4081.61	0.535268
4103.4	0.535221
4132.24	0.536711
4158.92	0.537613
4188.35	0.537733
4213.82	0.538622
4236.54	0.539409
4251.66	0.539798
3337.79	0.411669
3381.13	0.413243
3434.31	0.418004
3467.73	0.421817
3488.85	0.442187
3539.53	0.442917
3593.14	0.444608
3645.78	0.447037
3695.32	0.449365
3717.21	0.457441
3746.18	0.456932
3795.31	0.457996
3842.46	0.458803
3887.55	0.460006
3924.67	0.46067
3939.61	0.469444
3969.61	0.4691
4009.9	0.46825
4041.63	0.465319
4066.94	0.464871
4037.55	0.532669
4037.69	0.532994
4063.71	0.533459
4093.54	0.534766
4113.35	0.535678
4122.09	0.541554
4146.9	0.542173
4173.31	0.544575
4192.35	0.545922
4199.53	0.554381
4219.86	0.554815
4243.03	0.556582
4260.86	0.557564
4267.1	0.562468
4283.07	0.563125
4302.54	0.567311
4316.94	0.572555
4323.85	0.578432
4337.61	0.579079
4354.44	0.585337
4367.91	0.5904
4371.27	0.598437
4378.84	0.599269
4385.6	0.610808
4003.06	0.551539
4024.06	0.551614
4054.5	0.553025
4084.32	0.554538
4114.56	0.55557
4143.07	0.557633
4170.29	0.559547
4196.57	0.561277
4219.96	0.564291
4242.78	0.566738
4263.68	0.570773
4283.79	0.57454
4302.06	0.580178
4321.23	0.583914
4339.7	0.58879
4356.35	0.595228
4371.05	0.604806
4383.9	0.620767
4393.54	0.638092
4399.62	0.649834
2835.85	0.467992
2839.87	0.468815
2856.58	0.468645
2928.5	0.468966
2975.49	0.468992
2994.2	0.48255
3060.23	0.482181
3118.62	0.481913
3138.16	0.494997
3193.51	0.494451
3255.51	0.49562
3278.1	0.504788
3321.8	0.504103
3386.43	0.505713
3418.85	0.506648
3445.66	0.50853
3504.85	0.508289
3545.97	0.508231
3564.51	0.516131
3612.88	0.515711
3656.07	0.515614
3670.01	0.521024
3705.34	0.520565
3739.91	0.520246
3952.41	0.525818
3980.11	0.527533
4001.63	0.52898
4016.07	0.534624
4047.03	0.535316
4077.4	0.537745
4108.12	0.539237
4124.03	0.54024
4137.65	0.541078
4163.08	0.543003
4189.19	0.54489
4212.69	0.547676
4223.48	0.55036
4236.04	0.550251
4256.95	0.553022
4276.85	0.555777
4295.68	0.557843
4303.72	0.561825
4315.35	0.561982
4331.92	0.565456
4347	0.567892
4357.24	0.568915
2802.1	0.527248
2861.53	0.526413
2940.28	0.525637
3019.11	0.52447
3096.32	0.523446
3171.94	0.522499
3244.58	0.521904
3314.29	0.521443
3381.19	0.521086
3445.1	0.520868
3505.26	0.520927
3562.29	0.520928
3615.78	0.521103
3669.65	0.520545
3720.76	0.52025
3768.77	0.519936
3815.08	0.519367
3859.93	0.518577
3896.01	0.517936
3922.41	0.517795
2925.57	0.525992
2953.55	0.524897
3023.2	0.52389
3051.49	0.523485
3100.24	0.522486
3170.63	0.520891
3200.44	0.519107
3241.74	0.518144
3308.46	0.517053
3342.11	0.515911
3377.35	0.514963
3441.99	0.514008
3477.45	0.512823
3505.81	0.511772
3562.89	0.510919
3598.92	0.509881
3622.17	0.50885
3671.72	0.508317
3705.94	0.507665
3723.98	0.507332
3767.33	0.506681
3800.53	0.505829
3815.72	0.504395
3851.1	0.504168
3878.6	0.504448
3882.97	0.506736
4031.82	0.539624
4035.34	0.53934
4061.27	0.54039
4090.26	0.541524
4119.46	0.542633
4147.21	0.544554
4173.35	0.546729
4198.21	0.548832
4219.99	0.55204
4241.21	0.554745
4260.87	0.558264
4283.56	0.560084
4299.65	0.561581
4306.75	0.572384
4323.35	0.57384
4341.34	0.579131
4357.36	0.585176
4370.84	0.59325
4383.12	0.60172
4393.46	0.621143
4401.28	0.639769
4206.36	0.542679
4218.08	0.54276
4239.57	0.544797
4260.74	0.546842
4282.19	0.548391
4302.76	0.550227
4318.03	0.551393
4324.2	0.557816
4336.66	0.558688
4352.48	0.559754
4366.72	0.559988
4379.23	0.557497
4389.95	0.548739
4398.97	0.526969
4406.94	0.476542
4413.92	0.392644
4422.53	0.348091
4430.17	0.329888
4435.66	0.323955
4437.57	0.321578
3694.3	0.516028
3731.54	0.515973
3773.57	0.51583
3807.02	0.515384
3820.16	0.516177
3852.41	0.515919
3889.79	0.517444
3931.07	0.51797
3956.3	0.518369
3971.21	0.522566
4004.97	0.523158
4039.23	0.525625
4069.83	0.527772
4082.46	0.532345
4100.66	0.532184
4129.84	0.533981
4157.65	0.53531
4179.82	0.535831
4187.78	0.53879
4207.99	0.538751
4232.27	0.539602
4249.65	0.54007
3865.33	0.526215
3877.14	0.527009
3901.69	0.526639
3936.91	0.527269
3950.01	0.53188
3981.18	0.531611
4010.81	0.532352
4025.24	0.53564
4054.67	0.53536
4076.72	0.535094
4090.93	0.534259
4119.9	0.534367
4134.16	0.534394
4150.88	0.534036
4174.86	0.53485
4184.68	0.536285
4202.93	0.536291
4225.04	0.537768
4235.02	0.541059
4255.17	0.541382
4271.95	0.542546
4281.28	0.54366
4299.87	0.544254
4311.17	0.545229
4320.89	0.545334
4337.44	0.546727
4344.79	0.5475
4349.79	0.547543
4105.7	0.515908
4108.36	0.515997
4124.76	0.516215
4134.97	0.520146
4148.02	0.522585
4158.33	0.526273
4168.82	0.532024
4182.37	0.532038
4190.48	0.537997
4205.28	0.538176
4213.93	0.539929
4226.45	0.540678
4236.41	0.541692
4246.34	0.542252
4258.31	0.542145
4266.3	0.544807
4278.26	0.545129
4284.9	0.548998
4295.57	0.54998
4302.44	0.55277
4310.81	0.554247
4320.26	0.554122
4326.67	0.549803
4335.96	0.549222
4339.14	0.532976
3955.74	0.525552
3976.31	0.525988
3986.21	0.533544
4015.11	0.533876
4047.11	0.535042
4077.4	0.536324
4107.96	0.537164
4136.28	0.538841
4163.67	0.54018
4187.41	0.54234
4208	0.544787
4228.19	0.546237
4250.4	0.547395
4272.21	0.548717
4287.57	0.54969
4294.09	0.555536
4310.58	0.556334
4328.37	0.559623
4344.11	0.5627
4353.75	0.565123
2736.36	0.508729
2759.33	0.507471
2812.15	0.507061
2843.94	0.510101
2922.19	0.509029
2987.33	0.507769
3013.23	0.512804
3079.34	0.511755
3152.04	0.509955
3180.49	0.50762
3235.99	0.506475
3308.91	0.504039
3342.85	0.501649
3381.26	0.500614
3449	0.499533
3491.92	0.498142
3515.77	0.496361
3571.67	0.495684
3618.48	0.495039
3637.35	0.499394
3681.76	0.498981
3728.24	0.499933
3746.38	0.504907
3780.27	0.504301
3810.64	0.502176
3273.57	0.50853
3281.75	0.508263
3321.42	0.507552
3387.79	0.50714
3449.65	0.506854
3475.6	0.510724
3512.89	0.510002
3571.35	0.512962
3625.54	0.515616
3653	0.516828
3683.38	0.516091
3736.2	0.517802
3785.56	0.519638
3812.28	0.520359
3835.15	0.52188
3875.7	0.522465
3916.75	0.52282
3942.11	0.522858
3959.81	0.524227
3996.52	0.523683
4032.64	0.52209
4053.29	0.519885
4065.19	0.516674
4086.96	0.516596
3412.15	0.519256
3464.67	0.519198
3521.13	0.518974
3576.43	0.518859
3629.32	0.519097
3680.21	0.519353
3726.99	0.520359
3771.58	0.521104
3814.77	0.521585
3853.33	0.523046
3886.79	0.523335
3902.26	0.528656
3932.19	0.528452
3970.24	0.529798
4006.67	0.530075
4041.43	0.530294
4074.66	0.530358
4103.98	0.530582
4132.26	0.530693
4156.13	0.530775
