2756.17	0.161579
2765.85	0.160846
2785.19	0.159487
2813.81	0.157619
2850.63	0.155355
2894.19	0.15279
2943.02	0.149997
2995.89	0.14704
3051.8	0.14397
3110.03	0.140832
3170.03	0.137663
3231.38	0.13449
3293.71	0.13134
3356.56	0.128232
3419.2	0.125194
3480.61	0.122254
3541.85	0.119419
3603.16	0.116669
3664.23	0.114001
3724.58	0.111423
3784.07	0.108944
3843.14	0.10656
3902.3	0.104256
3961.94	0.102024
4022.36	0.099884
4083.62	0.0979273
4144.68	0.0963839
4199.79	0.0951852
4256.49	0.094231
4313.65	0.0937468
4370.41	0.0945236
4425.86	0.095697
4479.48	0.0952014
4531.7	0.0958761
4583.54	0.0993511
4635.65	0.106533
4687.39	0.12021
4737.01	0.14158
4786.62	0.16697
4832.99	0.196761
4874.76	0.225395
4917.36	0.254142
4957.49	0.272175
4993.36	0.277606
5023.97	0.272685
5048.39	0.256229
5065.48	0.220408
5079.4	0.18519
5088.8	0.144644
5093.51	0.118693
2746.58	0.162134
2756.28	0.161402
2776	0.160024
2805.7	0.158103
2844	0.155767
2889.03	0.153124
2939.13	0.150259
2993	0.147239
3049.67	0.144118
3108.48	0.140939
3168.93	0.137736
3230.7	0.134535
3293.54	0.131354
3357.17	0.128213
3420.88	0.125138
3481.32	0.122214
3542.37	0.119392
3604.06	0.116639
3665.67	0.113958
3726.26	0.111371
3785.38	0.108902
3844.04	0.106538
3902.89	0.104258
3962.33	0.102069
4022.82	0.100068
4085.18	0.0987161
4152.05	0.0999253
4199.58	0.103402
4257.4	0.106029
4315.37	0.107572
4372.86	0.115334
4428.61	0.124241
4481.74	0.122636
4532.76	0.126598
4583.59	0.137741
4635.8	0.15373
4688.1	0.181837
4734.53	0.217774
4787.45	0.27584
4837.86	0.32725
4882.62	0.361913
4924.11	0.385662
4962.64	0.399948
4997.33	0.405225
5027.58	0.398323
5052.83	0.374654
5073.21	0.327897
5084.09	0.227973
5093.21	0.173455
5098.04	0.14278
2727.39	0.163162
2736.79	0.162456
2756.9	0.161071
2789.1	0.159044
2830.72	0.156561
2878.9	0.153765
2931.59	0.150759
2987.44	0.147619
3045.6	0.144401
3105.49	0.141145
3166.77	0.137881
3229.25	0.134628
3292.92	0.131395
3358.11	0.128174
3426.3	0.124927
3481.94	0.122164
3542.83	0.119368
3605.71	0.116586
3668.86	0.11386
3730.24	0.111246
3788.05	0.10882
3845.76	0.10652
3903.96	0.104314
3962.87	0.102247
4022.64	0.100519
4083.52	0.0998511
4145.66	0.103176
4205.37	0.122033
4257.78	0.166023
4317.46	0.158625
4376.41	0.181707
4432.94	0.207998
4485.08	0.196101
4532.43	0.208698
4580.53	0.240971
4633.7	0.297469
4693.6	0.332211
4746.08	0.371275
4796.74	0.406372
4845.07	0.435352
4890.01	0.461273
4931.74	0.485127
4970.32	0.50663
5005.33	0.522961
5036.27	0.528944
5062.44	0.515047
5082.95	0.463656
5096.55	0.358796
5101.99	0.209745
5107.25	0.175246
2698.88	0.164531
2706.66	0.16392
2725.77	0.162621
2763.16	0.16042
2810.97	0.1577
2864.36	0.154669
2921.01	0.151456
2979.74	0.148145
3039.96	0.144792
3101.33	0.141434
3163.67	0.138094
3226.92	0.134786
3291.13	0.131516
3356.44	0.128288
3423.06	0.125102
3477.85	0.122399
3541.89	0.119432
3607.75	0.116525
3674.57	0.113669
3738.6	0.11095
3791.74	0.10874
3847.97	0.106618
3905.41	0.10467
3963.69	0.103184
4022.56	0.102783
4081.72	0.10451
4142.34	0.110993
4201.27	0.132135
4252.78	0.18975
4320.93	0.280754
4384.23	0.329505
4452.44	0.366395
4500.6	0.325408
4549.82	0.339986
4599.6	0.374334
4651.07	0.399821
4703.91	0.419649
4754.42	0.442362
4804.05	0.468004
4852.05	0.49254
4897.63	0.516694
4940.09	0.540877
4979.79	0.565245
5016.5	0.585414
5049.78	0.598226
5078.55	0.600547
5099.69	0.576129
5112.97	0.467534
5119.6	0.297395
5121.74	0.203804
2662.65	0.166006
2665.25	0.165596
2676.42	0.164647
2726.84	0.162171
2785.69	0.15911
2846.66	0.155762
2908.44	0.152284
2970.7	0.148765
3033.35	0.145253
3096.39	0.141777
3159.9	0.138352
3223.94	0.134985
3288.57	0.131677
3353.84	0.128429
3419.73	0.125237
3485.93	0.122097
3539.74	0.119518
3609.47	0.116455
3683.82	0.113329
3741.5	0.110815
3793.7	0.108714
3849.28	0.106805
3906.46	0.105515
3964.53	0.106184
4022.76	0.111962
4078.14	0.122908
4141.09	0.128713
4200.55	0.159841
4257.12	0.234465
4331.6	0.331334
4397.93	0.376694
4454.28	0.392926
4511.6	0.414413
4560.52	0.426015
4611.75	0.447488
4662.54	0.461753
4712.51	0.472968
4760.03	0.485621
4809.84	0.50934
4858.66	0.531306
4905.87	0.552288
4949.08	0.571717
4990.84	0.592557
5030.58	0.609208
5067.61	0.634274
5101.66	0.669666
5123.25	0.692962
5135.28	0.543912
5139.78	0.372244
5139.88	0.231493
2623.88	0.167265
2615.29	0.167008
2587.81	0.166318
2682.11	0.164053
2758.31	0.160605
2828.22	0.156902
2895.49	0.153144
2961.4	0.149407
3026.5	0.145732
3091.21	0.142138
3155.85	0.138629
3220.65	0.135204
3285.71	0.131859
3351.05	0.128593
3416.52	0.125408
3481.69	0.122316
3545.38	0.119354
3607.22	0.116558
3672.51	0.113763
3733.31	0.111142
3791.08	0.108737
3848.81	0.106509
3906.98	0.104624
3965.67	0.104165
4025.05	0.110759
4085.09	0.149719
4140.27	0.205379
4202.93	0.262259
4270.2	0.329321
4339.44	0.366209
4404.58	0.392546
4465.7	0.416613
4518.99	0.42714
4570.15	0.446045
4621.5	0.468411
4670.75	0.490364
4724.55	0.514453
4762.71	0.530075
4814.08	0.553592
4864.5	0.572014
4916.02	0.585973
4957.95	0.590416
5003.09	0.606679
5045.92	0.62818
5086.09	0.664758
5124	0.727247
5167.6	0.796316
5165.19	0.581837
5164.77	0.406508
5163.68	0.270669
2593.73	0.168163
2584.24	0.167881
2562.08	0.167169
2655.41	0.165218
2737.22	0.161758
2812.47	0.157874
2883.97	0.153909
2953.03	0.14999
3020.2	0.146174
3086.28	0.142478
3151.9	0.138898
3217.39	0.135421
3282.93	0.13204
3348.52	0.12875
3414.08	0.125552
3479.47	0.122451
3544.66	0.119455
3602.18	0.116822
3666.45	0.114006
3729.01	0.111329
3789.41	0.108811
3848.9	0.106445
3908.02	0.104283
3967.05	0.102671
4026.49	0.10307
4086.76	0.110286
4146.98	0.129312
4209.02	0.161532
4270.17	0.215314
4349.38	0.304065
4413.75	0.359877
4473.18	0.394637
4528.48	0.42267
4579.45	0.447899
4626.5	0.469737
4682	0.492599
4726.66	0.511277
4771.86	0.516124
4816.66	0.543091
4863.56	0.561434
4917.64	0.581759
4969.08	0.595701
5017.73	0.612739
5063.22	0.636652
5109.9	0.671476
5151.66	0.724793
5196.72	0.792775
5192.49	0.584366
5190.65	0.422582
5189.29	0.286978
2573.1	0.168797
2565.91	0.168473
2551.45	0.16776
2640.16	0.165935
2722.7	0.162547
2800.49	0.158595
2874.95	0.154498
2946.68	0.15044
3015.15	0.146522
3082.03	0.142764
3148.31	0.139138
3214.39	0.135624
3280.43	0.132211
3346.42	0.128895
3412.28	0.125674
3477.97	0.12255
3543.67	0.119517
3610.17	0.11655
3662.87	0.11416
3727.7	0.111419
3789.59	0.108857
3850.38	0.106468
3910.24	0.104334
3969.13	0.102815
4027.94	0.1032
4087.88	0.109549
4148.83	0.132374
4210.74	0.190592
4289.28	0.291828
4358.93	0.346475
4421.16	0.386105
4479.87	0.417628
4538.25	0.445864
4586.27	0.453539
4636.02	0.477785
4684.87	0.475557
4731.07	0.485921
4780.59	0.505305
4825.51	0.532034
4879.34	0.554934
4932.47	0.576268
4983.25	0.593476
5034.79	0.609716
5074.39	0.630764
5127.92	0.66473
5171.78	0.720007
5213.9	0.781734
5216.15	0.583289
5216.03	0.42926
5214.91	0.293594
2559.71	0.169275
2554.88	0.168917
2545.85	0.168175
2631.03	0.166396
2712.9	0.163064
2791.86	0.15908
2868.73	0.154872
2943.68	0.150671
3011.83	0.146727
3078.58	0.142975
3145.14	0.139342
3211.74	0.135808
3278.34	0.13237
3344.85	0.129029
3411.11	0.125788
3476.98	0.122651
3542.5	0.119621
3607.58	0.1167
3671.17	0.11392
3730.15	0.111369
3791.81	0.108921
3853.82	0.106748
3914.51	0.105399
3972.34	0.106403
4029.02	0.114381
4087.62	0.13801
4145.95	0.196742
4226.72	0.317945
4307.8	0.385497
4367.46	0.384584
4426.86	0.399677
4482.7	0.406499
4533.83	0.422021
4591.7	0.438933
4643.7	0.464662
4692.27	0.481809
4743.16	0.495351
4791.37	0.515694
4841.45	0.539328
4893.24	0.5629
4947.73	0.584713
4995.4	0.594877
5042.69	0.611586
5097.27	0.635642
5150.67	0.673921
5200.17	0.731104
5248.81	0.793664
5244.66	0.600358
5242.18	0.443003
5240.83	0.299608
2551.17	0.169656
2548.09	0.169267
2542.51	0.168482
2625.16	0.166715
2706	0.16342
2785.32	0.15941
2864.49	0.155054
2947.61	0.150425
3010.06	0.146756
3075.52	0.14313
3142.2	0.139524
3209.36	0.13598
3276.69	0.132518
3343.95	0.129152
3410.8	0.12589
3476.9	0.122742
3542.36	0.119717
3607.18	0.116816
3670.96	0.114067
3730.77	0.111633
3794.58	0.109439
3859.52	0.10839
3922.48	0.111687
3977.01	0.126884
4026.63	0.171689
4083.38	0.232461
4150.53	0.264743
4229.23	0.301515
4303.2	0.324098
4366.03	0.328533
4424.56	0.347485
4486.71	0.377118
4543.86	0.40798
4600.98	0.435326
4645.21	0.455724
4701.68	0.478729
4753.93	0.502799
4805.31	0.529201
4852.89	0.548535
4902.16	0.56095
4951.4	0.581735
5007.27	0.597404
5061.92	0.613099
5117.87	0.637495
5172.71	0.676082
5224.95	0.731788
5275.78	0.792573
5270.48	0.60144
5266.96	0.446578
5265.4	0.300777
2545.76	0.169963
2543.82	0.169548
2540.35	0.168723
2621.05	0.166968
2700.59	0.163733
2778.95	0.159798
2856.34	0.155576
2932.42	0.151313
3002	0.147297
3070.34	0.143456
3138.56	0.139728
3206.93	0.136096
3275.48	0.132559
3344.07	0.129124
3412.14	0.125802
3478.37	0.122623
3543.9	0.119584
3609.23	0.116658
3674.67	0.113843
3741.84	0.111187
3796.37	0.109237
3869.39	0.107574
3923.44	0.108887
3977.75	0.118106
4030.66	0.147811
4085.14	0.196611
4160.91	0.278829
4230.8	0.30914
4298.46	0.335482
4366.62	0.353863
4428.48	0.373287
4490.35	0.39401
4549.17	0.420257
4598.45	0.443878
4654.66	0.46782
4711.92	0.491577
4762.53	0.504979
4813.31	0.52773
4861.3	0.551496
4906.37	0.567419
4963.05	0.584509
5019	0.599539
5077.54	0.614729
5135.95	0.638801
5192.62	0.676937
5246.56	0.731622
5298.46	0.791669
5293.26	0.598582
5289.53	0.443615
5287.97	0.298816
2542.34	0.170204
2541.1	0.169768
2538.9	0.168911
2618.06	0.167166
2696.34	0.163985
2773.55	0.160119
2849.53	0.155975
2923.84	0.151785
2995.35	0.147693
3065.44	0.143742
3135.03	0.139917
3204.62	0.136202
3274.56	0.132582
3345.11	0.129054
3415.79	0.125636
3481.09	0.122471
3546.27	0.119469
3611.86	0.11657
3677.44	0.113802
3742.12	0.111338
3805.76	0.10996
3864.57	0.108631
3923.73	0.111543
3979.91	0.118005
4037.63	0.142138
4093.33	0.180641
4154.63	0.204719
4231.34	0.275444
4303.82	0.343006
4369.71	0.383892
4434.29	0.414091
4492.4	0.428756
4548.42	0.443264
4604.54	0.457492
4659.76	0.471223
4715.1	0.488616
4767.55	0.492166
4821.28	0.513303
4872.34	0.539659
4922.13	0.566063
4973.79	0.587077
5026.72	0.601772
5090.83	0.616221
5152.05	0.639751
5210.43	0.67736
5265.57	0.731323
5318.15	0.790943
5313.31	0.595029
5309.67	0.438503
5308.14	0.295679
2540.19	0.170383
2539.38	0.169931
2537.93	0.169048
2615.91	0.167309
2693.14	0.164167
2769.39	0.16035
2844.47	0.15625
2918.15	0.152084
2990.24	0.147974
3061.25	0.143973
3131.75	0.140089
3202.25	0.13631
3273.39	0.13261
3346.45	0.128941
3425.32	0.125183
3484.5	0.122282
3548.86	0.119406
3615.21	0.11658
3681.89	0.11399
3744.27	0.112172
3804.84	0.112651
3863.24	0.120891
3926.38	0.153408
3978.51	0.173203
4035.99	0.204656
4097.1	0.245216
4168.86	0.299839
4238.87	0.34348
4307.05	0.375029
4368.82	0.391546
4433.84	0.405097
4494.32	0.423371
4545.98	0.438528
4608.44	0.459755
4664.72	0.466627
4714.16	0.477918
4772.87	0.498592
4828.69	0.519615
4881.78	0.542071
4931.57	0.565231
4983.06	0.587464
5037.83	0.602421
5104.38	0.616764
5167.14	0.640112
5226.57	0.677423
5282.45	0.73096
5335.45	0.790359
5330.97	0.591741
5327.49	0.433278
5325.98	0.292402
2538.89	0.170507
2538.33	0.170042
2537.31	0.169139
2614.47	0.167401
2690.92	0.164286
2766.41	0.160502
2840.84	0.156433
2914.15	0.152288
2986.37	0.148179
3057.76	0.144164
3128.69	0.14026
3199.53	0.136467
3270.64	0.132776
3342.36	0.12918
3414.31	0.125695
3481.19	0.122454
3548.76	0.119362
3618.77	0.116375
3693.9	0.113736
3750.18	0.112795
3807.56	0.116162
3868.75	0.129722
3918.69	0.16683
3980.98	0.237313
4045.11	0.286485
4108.91	0.316848
4172.75	0.348529
4241.65	0.365825
4308.32	0.384743
4375.84	0.403655
4435.96	0.418139
4488.97	0.432232
4542.36	0.433541
4603.88	0.437977
4665.68	0.452894
4720.67	0.471252
4780.77	0.491243
4836.87	0.515382
4889.44	0.541211
4938.45	0.567947
4987.63	0.589897
5054.08	0.601797
5119.01	0.616349
5181.63	0.639858
5241.31	0.67714
5297.49	0.730527
5350.67	0.789891
5346.45	0.589087
5343.12	0.428745
5341.64	0.289444
2538.18	0.170581
2537.77	0.170106
2536.99	0.169187
2613.72	0.167448
2689.64	0.164348
2764.52	0.160589
2838.4	0.156548
2911.34	0.152426
2983.46	0.148332
3054.93	0.144321
3125.98	0.140417
3196.82	0.136627
3267.64	0.13295
3338.46	0.129385
3408.86	0.125939
3477.75	0.122632
3546.86	0.119449
3617.9	0.116362
3693.94	0.11346
3748.38	0.111757
3803.31	0.110293
3865.61	0.113921
3932.31	0.137331
3981.56	0.176318
4042.67	0.161975
4107.52	0.176808
4173.79	0.241288
4241.24	0.28189
4308.59	0.332079
4375.44	0.36554
4429.18	0.374923
4487.91	0.383128
4551.03	0.406216
4610.75	0.432689
4666.82	0.460308
4731.05	0.484763
4789.21	0.495533
4845.4	0.518307
4897.87	0.542554
4944.36	0.569395
5006.81	0.587968
5070.02	0.600763
5133.21	0.615586
5195.12	0.63928
5254.61	0.676652
5310.77	0.73006
5363.97	0.789519
5359.91	0.587101
5356.69	0.425067
5355.22	0.286924
2537.92	0.170611
2537.61	0.170128
2536.98	0.169195
2613.75	0.16745
2689.37	0.164354
2763.65	0.160617
2836.95	0.156606
2909.45	0.152512
2981.34	0.14844
3052.7	0.144443
3123.7	0.140548
3194.44	0.136766
3264.98	0.133099
3335.39	0.129549
3405.42	0.126116
3474.64	0.122811
3543.68	0.119628
3612.73	0.116561
3681.24	0.113654
3747.05	0.110953
3792.34	0.109171
3857.73	0.107806
3920.53	0.10948
3976.53	0.114969
4042.58	0.112722
4108.01	0.120903
4175.66	0.146527
4242.9	0.191839
4302.39	0.241509
4363.7	0.272587
4431.3	0.284685
4497.89	0.345086
4560.86	0.387961
4621.5	0.419549
4680.92	0.446692
4742.01	0.470098
4801.36	0.492837
4856.89	0.516477
4911.16	0.541791
4964.94	0.566235
5023.51	0.58603
5084.28	0.599852
5146	0.614789
5207.13	0.638633
5266.25	0.676121
5322.27	0.729623
5375.38	0.78923
5371.43	0.585632
5368.27	0.422076
5366.82	0.284766
2538.01	0.170607
2537.81	0.170111
2537.34	0.169159
2614.91	0.167396
2690.43	0.164291
2763.8	0.16058
2836.34	0.156612
2908.29	0.152556
2979.87	0.148512
3051.03	0.144534
3121.92	0.140651
3192.56	0.136877
3262.82	0.133221
3333.1	0.129678
3403.27	0.126248
3472.29	0.122967
3541.15	0.119799
3608.81	0.116746
3672.06	0.114013
3734.74	0.111377
3793.32	0.108892
3853.25	0.106769
3915.69	0.105164
3977.86	0.104406
4042.5	0.104743
4104.86	0.107726
4174.68	0.122315
4244.29	0.165066
4303.07	0.195061
4358.5	0.202677
4431.85	0.271643
4502.89	0.35093
4567.13	0.395509
4628.62	0.427414
4689.24	0.454309
4750.97	0.477877
4813.86	0.499592
4866.46	0.516759
4922.07	0.541302
4978.28	0.564628
5036.27	0.584749
5095.93	0.599193
5156.73	0.614156
5217.26	0.638092
5276.04	0.675682
5331.89	0.729278
5384.92	0.789012
5381.04	0.584458
5377.94	0.419489
5376.5	0.282837
2538.33	0.170577
2538.31	0.170064
2538.23	0.169075
2618.07	0.167252
2693.63	0.164116
2764.81	0.160477
2836.38	0.156574
2907.61	0.152567
2978.97	0.148553
3049.82	0.144596
3120.62	0.140725
3191.35	0.136953
3261.01	0.133324
3331.35	0.129781
3402.76	0.126285
3470.66	0.123106
3540.45	0.119953
3601.9	0.117032
3666.94	0.114171
3729.21	0.111504
3789.59	0.109001
3849.83	0.106673
3912.39	0.104666
3975.88	0.103542
4041.21	0.105129
4108.65	0.116169
4171.98	0.144876
4240.83	0.201123
4295.81	0.24112
4362.23	0.269246
4438.09	0.322063
4505.89	0.371576
4570.15	0.406585
4631.91	0.436189
4692.53	0.462622
4755.18	0.48576
4820.99	0.506493
4869.81	0.520131
4929.43	0.54132
4987.34	0.563884
5045.58	0.584
5104.86	0.59876
5165.13	0.613743
5225.24	0.637762
5283.81	0.675437
5339.58	0.729079
5392.57	0.788859
5388.76	0.583359
5385.71	0.417021
5384.29	0.280962
2538.7	0.170541
2538.92	0.170005
2539.63	0.168951
2625.47	0.166919
2701.23	0.163694
2765.45	0.160363
2836.83	0.156515
2906.9	0.152572
2978.73	0.148563
3048.85	0.144645
3119.65	0.140784
3191.5	0.136941
3258.87	0.133461
3328.95	0.129981
3395.24	0.126613
3469.42	0.123096
3547.09	0.119569
3603.86	0.116908
3665.41	0.114293
3726.48	0.111833
3787.01	0.109691
3845.15	0.1076
3909.3	0.106495
3973.11	0.108823
4038.45	0.118264
4105.02	0.134319
4170.89	0.15525
4233.42	0.194324
4303.45	0.283909
4376	0.352586
4440.27	0.371448
4505.96	0.396725
4570.25	0.416928
4631.98	0.438416
4690.06	0.461904
4752.8	0.484567
4818.14	0.5054
4880.4	0.526905
4935.49	0.541027
4993.5	0.563528
5052.04	0.583597
5111.2	0.598513
5171.11	0.613564
5230.9	0.637734
5289.43	0.675482
5345.27	0.729075
5398.33	0.788763
5394.63	0.582156
5391.65	0.414475
5390.25	0.279074
2538.9	0.170519
2539.06	0.16998
2539.23	0.168945
2621.17	0.167055
2697.65	0.163817
2771.23	0.160029
2838.69	0.156388
2904.51	0.152678
2980.37	0.148456
3047.41	0.144733
3117.88	0.140972
3183.75	0.137365
3255.94	0.133624
3325.96	0.130059
3394.72	0.126621
3465.23	0.12327
3535.65	0.120029
3600.63	0.117041
3665.31	0.114251
3725.05	0.111772
3784.64	0.109863
3847.29	0.110203
3907.31	0.11618
3968.84	0.139244
4032.85	0.190426
4099.39	0.232533
4169.24	0.278523
4230.33	0.322142
4305.7	0.346196
4376.32	0.366438
4442.9	0.385109
4504.43	0.401154
4569.84	0.416475
4631.02	0.439476
4689.44	0.463488
4744.33	0.485594
4815.05	0.501976
4879.45	0.522208
4936.97	0.544693
4996.56	0.563864
5056.06	0.583477
5115.22	0.598402
5174.63	0.613638
5233.95	0.638164
5292.79	0.675948
5348.98	0.729311
5402.25	0.788721
5398.7	0.580772
5395.8	0.411882
5394.43	0.277199
2538.98	0.170513
2539.22	0.169968
2539.57	0.168917
2622.29	0.167009
2696.97	0.163806
2771.35	0.159995
2839.14	0.156302
2911.58	0.152351
2974.93	0.148761
3044.07	0.144976
3116.4	0.141032
3185.66	0.137289
3255.55	0.133634
3324.63	0.130106
3392.93	0.1267
3461.7	0.123407
3530.3	0.120215
3598.43	0.117133
3670.96	0.114132
3724.65	0.112014
3780.09	0.110455
3842.98	0.110592
3904.17	0.121064
3962.92	0.17572
4034.07	0.273158
4108.94	0.347328
4169.42	0.357281
4237.47	0.381167
4308.72	0.401629
4378.07	0.420975
4445.16	0.438996
4510.93	0.455437
4569.62	0.463209
4629.05	0.477618
4683.77	0.496683
4751.81	0.506383
4814.77	0.518167
4882.1	0.533974
4946.97	0.553147
4997.09	0.566847
5058.55	0.583773
5117.4	0.598416
5175.66	0.614085
5233.59	0.639629
5293.82	0.677019
5350.84	0.729777
5404.46	0.788728
5401.06	0.579428
5398.24	0.409635
5396.9	0.275614
2538.85	0.17053
2539.31	0.169973
2540.79	0.168869
2631.43	0.166683
2696.6	0.163822
2762.71	0.160464
2836.73	0.156512
2909.01	0.152501
2979.21	0.14853
3052.54	0.144509
3118.25	0.140882
3187.25	0.137262
3256.32	0.133607
3324.5	0.130133
3391.17	0.126789
3458.89	0.123544
3526.06	0.120409
3592.53	0.11741
3658.81	0.114597
3720.28	0.11225
3783.06	0.111338
3840.83	0.113329
3902.02	0.121603
3961.89	0.134346
4026.61	0.173625
4093.81	0.2175
4160.57	0.248145
4233.15	0.28308
4309.75	0.326629
4379.29	0.366258
4446.14	0.397332
4509.94	0.425253
4570.07	0.451877
4631.81	0.475788
4692.17	0.49858
4756.55	0.518665
4823.12	0.53614
4884.14	0.540748
4946.54	0.558072
5006.69	0.575344
5061.78	0.587215
5118.6	0.599848
5174.43	0.615123
5227	0.642633
5293.05	0.678437
5351.32	0.730188
5405.18	0.788776
5401.84	0.57904
5399.04	0.408685
5397.71	0.274811
2538.29	0.170583
2538.43	0.170051
2538.61	0.169028
2619.21	0.16718
2692.12	0.164103
2763.39	0.16049
2836.14	0.156565
2908.62	0.152526
2980.49	0.148493
3052.42	0.144524
3122.14	0.1407
3191.52	0.136995
3258.36	0.133482
3326.32	0.130122
3388.84	0.126931
3457.17	0.12367
3523.17	0.120573
3587.53	0.117661
3652.23	0.114944
3715.45	0.112443
3775.8	0.109952
3837.34	0.108152
3899.2	0.107517
3961.97	0.10894
4027.12	0.117712
4092.86	0.140399
4153.37	0.191742
4238.18	0.300188
4308.35	0.333449
4377.43	0.360595
4445.01	0.381693
4508.16	0.401249
4565.31	0.423832
4632.92	0.438277
4693.87	0.459009
4756.57	0.479338
4821.8	0.499189
4884.53	0.519342
4946.72	0.540633
5006.45	0.562315
5061.42	0.583534
5119.44	0.597711
5177.69	0.613192
5235.27	0.638686
5294.95	0.676314
5351.42	0.729479
5404.63	0.788851
5401.07	0.581086
5398.22	0.409844
5396.87	0.27487
2537.62	0.170644
2537.55	0.170129
2537.25	0.169141
2614.63	0.16736
2689.3	0.164265
2762.63	0.160566
2835.88	0.156587
2908.96	0.152501
2981.87	0.148414
3054.72	0.14439
3126.63	0.140483
3194.8	0.136797
3262.08	0.133287
3330.7	0.129845
3395.12	0.126633
3458.37	0.123683
3519.36	0.120815
3585.3	0.117752
3648.68	0.114942
3711.36	0.112268
3772.4	0.109779
3834.39	0.107656
3896.09	0.1063
3959.74	0.106891
4025.34	0.113487
4092.37	0.14048
4154.31	0.193191
4226.47	0.234953
4300.39	0.258898
4379.65	0.292744
4450.21	0.344839
4514.9	0.38222
4576.67	0.410938
4639.43	0.435273
4699.01	0.459306
4750.55	0.48472
4819.47	0.505882
4882.08	0.527897
4946.2	0.549
5008.28	0.569472
5070.03	0.58747
5118.47	0.597602
5179.07	0.611771
5237.53	0.636096
5295.08	0.674248
5349.99	0.728598
5402.35	0.788978
5398.55	0.582962
5395.7	0.409061
5394.37	0.27287
2537.07	0.170695
2536.93	0.170187
2536.57	0.169207
2612.75	0.167438
2687.8	0.164344
2761.99	0.16061
2835.84	0.156587
2909.56	0.152452
2983.46	0.148301
3058.16	0.144169
3135.13	0.140037
3199.29	0.136505
3264.82	0.133168
3329.55	0.129914
3396.56	0.126563
3461.34	0.123436
3527.17	0.120392
3586.37	0.117713
3646.62	0.115116
3709.78	0.112447
3768.98	0.110308
3832.71	0.109355
3891.93	0.111449
3956.09	0.119752
4021.47	0.134676
4084.92	0.152666
4156.3	0.181038
4222.93	0.225238
4306.59	0.294083
4382.87	0.342703
4453.29	0.375828
4519.19	0.400894
4582.31	0.424469
4644.95	0.446685
4703.14	0.458139
4760.81	0.479331
4820.04	0.500198
4874.91	0.524126
4944.8	0.543572
5007.97	0.563908
5068.26	0.583333
5126.39	0.59882
5180.04	0.609503
5236.88	0.633715
5292.9	0.672217
5346.38	0.7276
5397.73	0.789184
5394	0.581575
5391.46	0.400222
5390.25	0.264102
2536.7	0.17073
2536.56	0.170222
2536.25	0.169241
2611.98	0.167473
2687.14	0.164378
2761.73	0.160629
2835.98	0.156582
2910.1	0.152423
2984.39	0.148249
3059.51	0.144096
3137.05	0.139948
3201.32	0.136412
3267.75	0.132968
3334.51	0.129602
3400.74	0.126329
3463.82	0.123267
3526.77	0.120345
3588.77	0.117557
3653.97	0.114923
3713.04	0.113056
3761.89	0.112452
3824.1	0.115123
3886.87	0.131562
3948.95	0.179388
4011.71	0.22281
4083.56	0.277707
4160.48	0.319865
4235.15	0.356023
4310.7	0.381963
4384.79	0.399082
4456.44	0.411663
4522.02	0.41516
4584.69	0.427923
4643.07	0.442053
4705.4	0.458115
4765.49	0.476924
4825.2	0.496161
4884.45	0.515905
4946.97	0.534794
5007.86	0.555451
5066.75	0.575947
5123.49	0.593387
5176.45	0.609414
5233.32	0.631168
5288.4	0.669051
5340.17	0.725411
5389.63	0.789391
5387.25	0.567021
5385.86	0.37133
5384.89	0.242771
2536.52	0.170746
2536.39	0.170238
2536.14	0.169254
2611.77	0.167485
2687.02	0.164387
2761.85	0.160631
2836.32	0.156575
2910.56	0.152416
2984.65	0.148259
3058.63	0.144166
3132	0.140187
3201.5	0.136418
3270.74	0.132807
3340.43	0.129302
3408.59	0.125926
3467.03	0.12308
3527.95	0.120301
3588.71	0.117601
3645.73	0.115031
3706.36	0.112525
3763.25	0.110454
3823.45	0.109339
3885.38	0.111525
3948.24	0.123621
4010.67	0.158021
4079.07	0.252379
4160.76	0.356186
4237.62	0.410823
4312.42	0.449132
4387.11	0.477796
4465.6	0.497488
4525.9	0.4657
4586.09	0.475063
4645.98	0.489472
4706.71	0.503254
4767.33	0.517338
4827.6	0.531791
4887.45	0.546713
4947.52	0.561784
5006.86	0.577202
5065.16	0.59182
5122.83	0.603536
5180.9	0.618146
5227.92	0.630327
5282.44	0.658033
5331.64	0.703569
5374.96	0.759684
5378.93	0.496491
5379.79	0.310197
5379.17	0.221112
2536.49	0.170744
2536.38	0.170236
2536.16	0.169251
2611.9	0.167479
2687.32	0.164375
2762.34	0.160611
2836.97	0.15655
2911.25	0.15239
2985.17	0.148241
3058.57	0.144167
3131.08	0.140203
3202.25	0.136373
3273.67	0.132653
3348.3	0.128945
3407.23	0.125943
3470.81	0.122914
3529.81	0.120129
3588.61	0.117477
3646.14	0.114933
3704.28	0.112532
3762.18	0.110455
3821.79	0.109259
3882.92	0.110786
3945.61	0.11967
4009.58	0.141261
4075.93	0.183665
4152.8	0.26392
4233.49	0.333465
4308.9	0.365573
4382.4	0.384825
4455.21	0.397406
4523.07	0.400575
4584.62	0.416682
4644.8	0.435562
4705.23	0.454814
4766.5	0.473918
4827.36	0.494187
4886.83	0.515887
4945.99	0.537823
5004.58	0.559366
5062.33	0.579507
5119.51	0.595687
5176.45	0.610314
5231.72	0.634892
5280.52	0.66473
5329.81	0.723222
5377.98	0.789703
5375.7	0.539705
5375	0.317041
5374.26	0.220587
2536.62	0.170726
2536.51	0.170218
2536.3	0.169233
2612.33	0.167457
2688.01	0.164341
2763.24	0.160565
2838.02	0.156494
2912.41	0.152327
2986.35	0.148178
3059.6	0.144108
3131.76	0.140158
3203.05	0.136349
3273.76	0.132682
3342.92	0.129168
3408.69	0.125851
3479.78	0.122512
3532.52	0.119971
3590.52	0.117448
3646.75	0.115094
3703.31	0.11314
3760.25	0.112402
3819.33	0.11572
3878.99	0.132074
3940.01	0.175653
4001.56	0.218286
4074.77	0.272675
4152.75	0.327101
4224.94	0.36569
4301.86	0.397759
4374.26	0.426522
4445.63	0.452663
4522.75	0.475398
4580.91	0.448045
4639.86	0.456524
4699.42	0.469744
4762.62	0.482355
4825.08	0.497806
4883.22	0.514382
4941.93	0.529452
5000.41	0.551358
5058.04	0.572612
5114.94	0.590916
5171.26	0.605128
5225.51	0.627381
5274.24	0.667951
5324.54	0.72426
5373.06	0.789861
5370.7	0.54981
5369.99	0.32313
5369.46	0.221462
2536.9	0.170692
2536.79	0.170184
2536.56	0.1692
2613.08	0.167417
2689.13	0.164284
2764.6	0.160488
2839.54	0.1564
2914.12	0.15222
2988.38	0.148057
3061.92	0.14398
3133.55	0.140045
3204.77	0.136257
3275.75	0.132614
3341.38	0.129242
3405.34	0.126054
3469.51	0.122991
3530.24	0.120112
3595.86	0.117229
3647.64	0.115013
3702.37	0.113008
3755.56	0.111641
3816.23	0.113255
3877.03	0.132007
3936.24	0.176484
3996.66	0.220437
4071.56	0.282222
4147.6	0.338413
4224.25	0.382016
4293.7	0.391896
4363.01	0.414353
4427.3	0.433846
4503.96	0.441264
4569.74	0.448053
4630.33	0.466218
4684.49	0.488785
4755.81	0.509405
4821.56	0.529055
4887.17	0.547599
4934.83	0.551155
4994.14	0.568872
5052.1	0.586436
5109.35	0.599894
5165.98	0.614894
5221.35	0.638112
5275.26	0.674051
5316.44	0.707105
5360.48	0.761527
5364.01	0.478781
5364.77	0.293569
5364.8	0.220698
2537.32	0.170641
2537.21	0.170133
2536.96	0.169151
2614.25	0.167359
2690.85	0.164201
2766.51	0.160381
2841.47	0.156274
2916.24	0.152071
2991.29	0.147867
3066.36	0.143739
3135.99	0.139862
3207.05	0.136085
3283.48	0.132221
3341.96	0.129216
3402.29	0.126259
3463.28	0.123354
3523.7	0.12054
3584.5	0.117828
3642.34	0.115379
3700.14	0.113326
3759.39	0.112274
3813	0.113674
3867.37	0.117587
3934.16	0.119489
3996.63	0.133196
4066.87	0.15591
4133.68	0.198011
4206.54	0.260945
4285.82	0.317084
4359.29	0.357655
4428.26	0.386011
4497.93	0.410007
4563.97	0.42948
4626.68	0.449885
4687.64	0.470569
4752	0.49011
4815.74	0.50822
4871.2	0.526013
4928.52	0.541739
4986.66	0.562068
5044.9	0.581132
5102.49	0.596487
5159.79	0.610997
5216.13	0.635467
5270.38	0.675884
5321.2	0.735634
5365.21	0.789962
5362.36	0.553589
5361.43	0.328952
5360.91	0.224946
2537.89	0.170575
2537.8	0.170065
2537.57	0.169083
2616.09	0.167277
2693.49	0.164085
2769.13	0.160247
2843.66	0.15614
2918.17	0.151925
2994.32	0.147636
3076.45	0.143178
3137.28	0.139745
3204.26	0.136269
3272.85	0.132803
3337.86	0.12953
3398.47	0.126506
3458.42	0.123639
3517.32	0.120887
3578.43	0.118066
3637.89	0.115452
3696.6	0.113026
3756.25	0.110882
3809.63	0.10942
3863.31	0.108434
3931.79	0.108545
3999.36	0.117644
4062.8	0.141095
4129.41	0.19066
4198.42	0.217291
4270.95	0.240216
4353.67	0.319281
4423.92	0.368503
4491.23	0.400719
4557.68	0.425986
4621.31	0.449611
4684.15	0.471836
4745.65	0.490291
4810.09	0.509209
4858.7	0.521665
4926.72	0.539757
4976.49	0.556426
5036.43	0.576218
5094.44	0.593213
5152.14	0.606983
5209.23	0.628495
5264.11	0.664342
5314.72	0.719468
5358.6	0.789857
5358.72	0.529661
5357.62	0.339234
5357.02	0.230601
2538.59	0.170496
2538.57	0.169979
2538.47	0.168987
2618.99	0.16715
2697.91	0.163904
2772.87	0.160072
2845.94	0.156039
2918.56	0.151948
2991.49	0.147866
3064.46	0.143859
3131.72	0.14012
3199.3	0.136521
3268.31	0.13296
3341.21	0.129332
3396.35	0.126532
3455.22	0.123744
3516.18	0.120945
3574.72	0.1183
3634.95	0.11573
3692.93	0.113377
3749.45	0.111204
3807.75	0.109222
3867.97	0.108408
3930.7	0.111102
3994.42	0.124056
4057.4	0.160551
4125.26	0.20909
4198.02	0.265042
4273.44	0.311728
4346.6	0.351815
4415.85	0.380949
4480	0.406329
4549.83	0.429197
4613.02	0.445014
4674.47	0.462701
4737.31	0.479705
4799.19	0.500104
4862.05	0.519795
4914.16	0.533479
4969.8	0.554922
5027.64	0.576079
5085.18	0.593752
5142.88	0.608592
5201.03	0.631852
5257.32	0.669674
5310.13	0.725651
5359.91	0.789815
5356.11	0.573885
5353.67	0.381148
5352.86	0.251757
2539.35	0.170412
2539.45	0.169883
2539.69	0.168857
2623.46	0.166934
2706.26	0.163536
2778.52	0.159767
2848.73	0.155886
2918.77	0.151958
2988.76	0.148041
3058.39	0.144191
3126.12	0.140468
3193.22	0.136879
3260.24	0.133402
3326.74	0.130049
3388.12	0.126957
3449.14	0.124023
3510.84	0.12116
3570.44	0.11851
3627.63	0.115938
3690.16	0.113316
3750.78	0.111019
3812.06	0.109581
3869.19	0.10989
3928.02	0.116745
3989.56	0.143327
4054.59	0.202073
4128.2	0.263931
4205.2	0.323968
4270.91	0.360651
4338.81	0.391206
4406.96	0.396422
4480.24	0.413148
4540.91	0.417614
4603.59	0.43795
4658.32	0.462187
4726.4	0.482504
4783.85	0.507016
4852.31	0.527969
4915.65	0.549813
4967.76	0.564568
5017	0.578277
5074.24	0.595526
5130.8	0.611651
5191.05	0.635757
5249.22	0.67377
5303.9	0.728612
5355.79	0.789844
5351.45	0.586056
5348.4	0.407148
5347.39	0.269846
2540.06	0.170338
2540.22	0.1698
2540.84	0.168727
2628.84	0.166622
2725.17	0.1626
2786.27	0.159266
2851.77	0.155669
2919.12	0.151931
2986.54	0.148164
3054.45	0.144413
3121.38	0.140756
3187.53	0.137218
3253.05	0.133801
3317.82	0.130513
3380.75	0.127356
3442.91	0.124395
3502.63	0.121535
3566.17	0.11868
3628.79	0.115991
3690.08	0.113595
3752.23	0.111795
3816.7	0.111843
3869.21	0.111525
3921.05	0.117868
3990.16	0.137282
4053.36	0.193427
4137.8	0.308292
4207.06	0.345101
4273.36	0.357112
4338.54	0.376451
4409.14	0.394851
4467.24	0.412836
4537.3	0.424262
4601.4	0.443327
4661.88	0.464153
4722.54	0.485223
4779.76	0.508769
4844.46	0.529573
4905.48	0.551063
4964.66	0.571954
5010.44	0.58638
5062.44	0.597044
5112.53	0.615589
5179.33	0.639103
5239.71	0.676378
5295.76	0.730169
5348.7	0.789974
5344.48	0.588722
5341.29	0.41989
5340.12	0.280015
2540.64	0.170286
2540.56	0.169772
2540.52	0.168771
2625.8	0.166831
2710.56	0.163346
2786.69	0.159375
2851.97	0.155682
2919.32	0.151983
2983.71	0.148357
3052.18	0.144544
3118.13	0.140924
3183.17	0.137431
3247.48	0.134041
3312.22	0.130802
3373.24	0.127654
3436.74	0.124557
3499.3	0.12157
3563.82	0.118654
3632.64	0.115838
3689.38	0.113865
3751.48	0.113052
3816.62	0.115928
3872.47	0.129855
3927.93	0.164174
3991.81	0.207426
4060.86	0.233943
4129.3	0.243446
4194.67	0.238814
4270.81	0.277826
4343.2	0.331383
4410.46	0.370559
4473.78	0.400772
4538.2	0.425644
4600.79	0.449595
4661.39	0.473052
4719.7	0.496633
4777.74	0.520344
4837.11	0.542631
4894.34	0.555662
4954.11	0.574723
5010.69	0.59194
5052.87	0.599035
5109.44	0.615621
5170.03	0.640031
5229.59	0.677696
5285.99	0.731155
5339.46	0.790208
5335.39	0.589161
5332.22	0.425365
5330.92	0.285306
2541.33	0.17023
2540.9	0.169749
2540.1	0.168822
2623.23	0.166987
2704.57	0.163673
2781.17	0.159782
2851.94	0.155822
2921.13	0.151901
2989.79	0.148002
3052.65	0.144456
3116.03	0.141024
3178.35	0.137722
3244.03	0.134223
3307.65	0.130953
3369.18	0.12781
3432.03	0.124735
3494.6	0.121756
3557.8	0.118874
3623.14	0.116119
3681.43	0.113924
3746.61	0.113059
3819.06	0.117544
3873.98	0.133744
3931.55	0.180361
4000.04	0.233458
4062.41	0.230631
4128.9	0.247685
4204.1	0.297708
4275.37	0.34247
4343.94	0.375541
4410.26	0.40198
4474.35	0.426217
4536.67	0.449163
4598.37	0.471536
4659.77	0.493328
4714.01	0.498465
4771.47	0.516859
4818.16	0.533577
4884.37	0.549123
4944.17	0.568913
5000.04	0.587812
5051.71	0.603543
5099.77	0.616218
5157.87	0.641108
5217.65	0.678923
5274.46	0.732088
5328.27	0.790555
5324.32	0.589163
5321.21	0.427548
5319.84	0.287835
2542.5	0.170139
2541.65	0.169687
2540.1	0.168812
2622.41	0.167018
2703.31	0.163734
2781.5	0.159809
2853.56	0.155782
2923.58	0.151793
2986.49	0.148167
3050.13	0.144645
3116.48	0.140978
3183.57	0.137391
3242.99	0.134215
3305.59	0.131067
3364.24	0.128078
3428.13	0.124945
3489.86	0.122009
3550.25	0.11922
3609.05	0.116642
3667.27	0.114468
3734.95	0.113536
3803.79	0.118795
3865.51	0.150839
3933.34	0.264574
4015.38	0.368473
4078.62	0.353393
4141.89	0.373501
4207.03	0.397552
4276.17	0.417693
4342.71	0.437606
4407.98	0.454882
4472.83	0.470823
4532.39	0.472933
4593.17	0.484683
4649.66	0.496085
4705.69	0.507814
4759.7	0.525214
4817.94	0.541867
4877.8	0.558247
4935.73	0.576858
4992.07	0.593611
5048.9	0.607244
5096.46	0.623124
5140.12	0.64482
5203.71	0.680506
5261.21	0.733068
5315.22	0.791026
5311.36	0.589091
5308.35	0.427797
5306.94	0.288494
2544.54	0.169989
2543.14	0.169565
2540.61	0.168733
2622.96	0.16695
2704.73	0.163618
2787.98	0.159459
2857.3	0.155561
2919.83	0.152007
2986.25	0.14822
3051.33	0.144555
3116.43	0.140966
3180.8	0.137497
3243.18	0.134185
3306.26	0.130965
3369.68	0.127802
3426.88	0.125011
3487.01	0.122229
3544.94	0.119542
3596.21	0.117245
3644.31	0.115239
3722.6	0.112936
3795.12	0.113324
3863.47	0.122555
3931.81	0.153326
3998.7	0.207238
4069.34	0.251872
4143.61	0.324308
4212.1	0.371589
4276.42	0.395468
4340.05	0.402049
4403.59	0.418502
4463.35	0.428903
4527.16	0.442673
4588.49	0.461398
4644.69	0.473926
4697.86	0.487128
4746.94	0.509254
4811.68	0.52684
4870.86	0.547069
4927.12	0.568149
4981.68	0.587379
5036.23	0.601246
5086.89	0.619365
5141.83	0.64806
5190.83	0.681169
5246.77	0.733551
5300.21	0.791629
5296.51	0.588497
5293.74	0.425463
5292.34	0.286942
2548.04	0.169763
2545.78	0.16937
2541.64	0.1686
2624.04	0.166873
2704.63	0.163644
2782.69	0.159765
2854.4	0.155789
2921.31	0.151934
2987.48	0.148151
3052.73	0.144468
3117.36	0.140896
3180.28	0.137487
3243.03	0.134183
3306.96	0.130926
3365.83	0.127959
3427.06	0.125034
3484.8	0.122347
3540	0.119744
3598	0.117093
3656.32	0.114632
3716.63	0.11236
3790.89	0.110618
3860.22	0.112221
3927.63	0.124673
3991.74	0.169703
4074.13	0.28539
4139.69	0.312911
4206.3	0.345546
4268.69	0.368981
4336.47	0.392687
4394.65	0.403368
4461.3	0.421325
4521.06	0.424215
4579.53	0.435416
4635.58	0.448757
4694.69	0.468461
4750.22	0.493069
4807.94	0.517463
4864.03	0.54129
4917.9	0.564977
4969.83	0.58678
5025.96	0.601467
5083.54	0.618706
5131.12	0.643201
5185.47	0.684325
5230.22	0.733852
5282.36	0.792343
5279.72	0.582973
5277.66	0.41669
5276.36	0.281355
2553.83	0.169448
2550.33	0.169082
2543.71	0.168361
2626.91	0.166664
2707.04	0.163471
2783.79	0.159646
2856.36	0.155651
2923.65	0.151776
2989.78	0.148006
3054.92	0.144324
3120.24	0.140695
3180.23	0.137464
3242.01	0.134266
3302.52	0.131149
3363.8	0.128111
3420.6	0.125265
3483.29	0.122284
3543.23	0.119468
3603.51	0.116751
3664.09	0.11415
3723.68	0.111759
3792.23	0.109508
3859.02	0.108642
3924.95	0.112582
3990.18	0.133017
4055.18	0.19882
4119.27	0.242174
4191.49	0.294643
4259.2	0.331004
4325.16	0.355277
4392.26	0.365999
4451.16	0.374974
4511.69	0.38888
4575.12	0.407464
4633.18	0.432527
4691.51	0.458217
4747.95	0.483905
4802.69	0.509865
4856.59	0.535297
4908.33	0.560721
4952.33	0.583528
5012.67	0.597357
5068.08	0.610894
5117.35	0.634298
5170.84	0.669406
5220.37	0.720577
5259.12	0.775959
5261.62	0.554842
5260.79	0.397026
5259.66	0.270406
2563.15	0.169037
2558.05	0.168685
2547.89	0.167971
2632.8	0.166266
2712.83	0.163078
2789.09	0.159257
2863.66	0.155144
2927.26	0.151478
2993.22	0.147797
3057.1	0.144234
3118.84	0.140765
3179.5	0.137472
3241.63	0.13428
3301.68	0.131116
3363.41	0.128008
3423.61	0.125024
3485.1	0.122099
3546.73	0.119244
3609.41	0.116453
3673.56	0.113739
3736.56	0.111266
3796.09	0.109518
3859.28	0.109236
3922.67	0.113491
3985.35	0.127171
4051.04	0.124574
4115.02	0.144023
4176.7	0.180739
4238.9	0.241116
4305.84	0.276575
4380.72	0.3211
4447.84	0.366311
4514.53	0.400752
4571.31	0.413179
4626.2	0.439823
4686.36	0.466373
4743.84	0.492961
4795.04	0.508971
4848.42	0.531706
4896.87	0.554386
4948.87	0.576805
5003.01	0.594838
5056.76	0.610264
5110.61	0.634734
5155.72	0.668926
5204.65	0.725238
5251.36	0.79157
5246.26	0.577214
5244.36	0.394413
5243.1	0.268202
2577.6	0.168523
2570.87	0.168172
2557.74	0.16738
2643.51	0.165607
2722.37	0.162496
2796.08	0.158843
2862.34	0.155151
2932.19	0.151198
3000.02	0.147358
3058.56	0.144054
3117.56	0.140806
3181.21	0.137358
3243.12	0.134088
3303.98	0.130923
3364.97	0.12785
3425.81	0.124861
3487.32	0.12194
3549.79	0.119065
3614.49	0.116206
3684.94	0.113293
3735.51	0.111063
3797.68	0.10867
3859.93	0.106586
3922.19	0.105199
3984.87	0.105182
4047.14	0.10694
4110.03	0.122888
4168.24	0.159268
4232.44	0.14559
4292.96	0.176645
4364.1	0.263913
4438.24	0.347059
4504.05	0.39043
4565.82	0.420478
4626.28	0.448343
4680.2	0.459955
4733.3	0.476367
4787.27	0.496403
4839.67	0.521125
4890.53	0.546266
4941.44	0.570669
4992.46	0.591043
5043.25	0.606715
5092.69	0.630393
5136.97	0.672691
5186.78	0.730604
5235.33	0.794328
5229.92	0.59374
5227.32	0.452311
5225.5	0.292184
2598.82	0.167878
2590.14	0.167569
2570.67	0.166816
2660.7	0.164909
2739.79	0.161598
2810.3	0.157956
2878.64	0.154142
2939.23	0.150738
2997.63	0.147416
3062.03	0.143819
3123.39	0.140416
3184.95	0.137091
3245.97	0.133867
3306.54	0.130738
3367.1	0.127696
3427.83	0.124731
3489.11	0.121832
3551.23	0.118987
3614.5	0.116192
3678.56	0.11346
3738.3	0.110896
3800.05	0.108422
3861.45	0.106077
3922.03	0.104026
3985.17	0.10274
4042.79	0.103359
4100.35	0.104053
4163.77	0.108652
4226.19	0.119464
4284.46	0.166146
4355.56	0.278698
4427.51	0.360786
4491.94	0.382025
4557.21	0.404727
4615.96	0.419573
4674.12	0.441077
4728.96	0.466148
4777.87	0.489594
4829.52	0.515364
4881.54	0.540882
4931.9	0.566021
4980.94	0.588224
5029.3	0.605464
5076.86	0.631143
5124.22	0.6737
5165.89	0.73171
5212.54	0.795871
5206.33	0.603282
5203.19	0.456865
5202.2	0.298963
2628.74	0.166996
2620.25	0.16673
2592.06	0.166035
2688.77	0.163741
2765.8	0.160239
2826.72	0.157001
2883.78	0.153749
2947.24	0.150195
3007.63	0.146766
3068.74	0.143363
3129.23	0.140035
3189.52	0.136789
3249.57	0.133626
3309.48	0.130547
3369.48	0.127546
3429.77	0.124615
3490.6	0.121746
3552.12	0.118932
3614.4	0.116171
3677.26	0.113468
3739.91	0.110837
3803.67	0.108286
3864.75	0.105895
3920.32	0.103905
3976.33	0.102065
4037.78	0.100252
4097.59	0.0997886
4159.43	0.104627
4221.96	0.132133
4279.99	0.198405
4345.56	0.240758
4406.25	0.257406
4479.53	0.313528
4547.53	0.362945
4609.38	0.39565
4667.53	0.425489
4722.35	0.454116
4774.36	0.482302
4816	0.509714
4871.55	0.533786
4921.61	0.559163
4968.86	0.583112
5014.4	0.601514
5058.16	0.625204
5098.97	0.666445
5137.01	0.731166
5181.52	0.797252
5178.41	0.602131
5177.41	0.448975
5176.77	0.296738
2667.2	0.165762
2670.07	0.165347
2682.16	0.164381
2736.47	0.161782
2789.82	0.15894
2844.63	0.155894
2900.25	0.152728
2958.44	0.149448
3017.06	0.146152
3076.25	0.142874
3135.49	0.13964
3194.61	0.13647
3253.64	0.133374
3312.71	0.130351
3371.98	0.127398
3431.67	0.124508
3491.94	0.121673
3552.86	0.118889
3614.38	0.116155
3676.92	0.113462
3741.23	0.110785
3810.88	0.108046
3860.39	0.106004
3918.93	0.103764
3977.91	0.101679
4035.56	0.0999912
4093.76	0.100076
4154.5	0.104131
4213.67	0.114282
4278.5	0.117668
4341.3	0.133894
4401.53	0.149833
4458.69	0.202211
4536.93	0.308577
4601.04	0.368621
4659.74	0.404846
4714.73	0.434713
4766.69	0.462591
4815.07	0.490404
4864.3	0.519218
4911.97	0.546117
4957.18	0.571794
4999.92	0.593358
5039.82	0.612466
5072.59	0.642125
5105.14	0.681195
5136.93	0.706154
5147.78	0.571253
5151.75	0.420737
5151.76	0.271562
2702.84	0.16432
2710.71	0.163714
2730.01	0.162423
2767.49	0.160247
2812.42	0.15767
2861.8	0.154839
2914.24	0.151842
2969.33	0.148733
3026.09	0.145568
3083.91	0.142392
3142.1	0.13924
3200.07	0.136143
3257.99	0.133114
3316.11	0.130153
3374.48	0.127258
3433.46	0.124416
3493.17	0.121618
3553.61	0.118865
3614.01	0.116177
3675.53	0.113542
3738.05	0.110945
3801.3	0.108398
3861.45	0.105984
3918.19	0.103821
3981.96	0.101645
4033.95	0.0999899
4083.12	0.0983091
4151.19	0.0968388
4214.61	0.0963867
4276.81	0.0969642
4337.7	0.10265
4396.94	0.118978
4453.1	0.170139
4525.2	0.277728
4591.23	0.358456
4650.37	0.401061
4705.89	0.434372
4758.96	0.465348
4810.06	0.495605
4855.77	0.510418
4902.37	0.533821
4946.33	0.555196
4987.35	0.574541
5023.89	0.590104
5056.78	0.600423
5086.13	0.605587
5110.58	0.591451
5124.27	0.504978
5130.44	0.362477
5131.19	0.221741
2730.69	0.162988
2739.96	0.162297
2759.73	0.160945
2791.09	0.158979
2830.65	0.156606
2876.02	0.153953
2925.67	0.151102
2978.69	0.148116
3034.21	0.145044
3091.41	0.141934
3149.16	0.138837
3205.84	0.135809
3262.48	0.132853
3319.63	0.129954
3376.8	0.127134
3434.98	0.124349
3494.22	0.121585
3555.01	0.11883
3613.17	0.116229
3673.89	0.113667
3734.95	0.111133
3795.74	0.108659
3852.85	0.106319
3914.33	0.103899
3975.02	0.101638
4032.5	0.0995339
4090.19	0.09754
4153.66	0.0957069
4217.67	0.0944735
4277.18	0.0951037
4335.85	0.102114
4393.58	0.128173
4448.15	0.20249
4521.5	0.319509
4580.92	0.341695
4639.23	0.37826
4695.31	0.402703
4749.79	0.421944
4798.74	0.437617
4848.49	0.45356
4894.58	0.475482
4937.59	0.495824
4977.22	0.513546
5012.78	0.526509
5044.17	0.531825
5071.18	0.522878
5093	0.487348
5107.75	0.395136
5113.79	0.246868
5117.92	0.19086
2749.33	0.16199
2758.78	0.161281
2777.92	0.159947
2806.58	0.158092
2843.17	0.155846
2886.03	0.153311
2933.86	0.150558
2985.7	0.147643
3040.82	0.144609
3098.57	0.141502
3157.54	0.138388
3211.94	0.135462
3266.79	0.132603
3323.5	0.129725
3378.53	0.127049
3435.94	0.124339
3494.24	0.121641
3552.33	0.11899
3612.39	0.116262
3672.61	0.113657
3732.92	0.11112
3792.94	0.108651
3852.15	0.106255
3912.32	0.103914
3972.45	0.101649
4032.08	0.0994753
4092.75	0.0974353
4156.94	0.0957653
4226.58	0.0956275
4279.56	0.0991345
4335.34	0.113691
4391.16	0.152708
4452.22	0.201741
4511.59	0.200287
4572.68	0.197034
4627.08	0.219996
4682.94	0.252301
4740.55	0.28865
4793.32	0.319467
4841.82	0.351531
4887.23	0.377115
4930.06	0.394639
4969.57	0.405414
5004.94	0.408881
5035.85	0.402471
5061.89	0.382958
5082.91	0.343013
5095.93	0.262742
5104.21	0.185899
5108.98	0.15444
2758.62	0.161454
2768	0.160746
2786.69	0.159433
2814.22	0.15763
2849.5	0.155447
2891.2	0.152969
2938.16	0.150262
2989.56	0.147369
3044.97	0.144318
3104.69	0.14111
3170.74	0.137694
3217.89	0.135125
3269.57	0.132491
3320.48	0.129863
3378.16	0.127062
3435.9	0.124309
3494.08	0.121592
3552.64	0.118908
3612.12	0.116247
3671.99	0.11365
3731.98	0.111117
3791.83	0.108651
3851.48	0.106253
3911.42	0.103922
3971.52	0.101657
4031.83	0.0994617
4093.12	0.097354
4156.1	0.0954063
4219.64	0.0938899
4277.67	0.0934783
4335.15	0.09602
4393.35	0.104694
4453.4	0.119145
4512.83	0.124828
4571.85	0.130574
4628.26	0.145746
4683.73	0.161131
4738.06	0.176139
4788.78	0.194907
4834.13	0.21832
4879.76	0.2446
4923.99	0.266913
4964.86	0.278623
5001.19	0.281226
5032.41	0.276236
5057.8	0.262225
5076.01	0.229944
5090.02	0.193771
5099.71	0.154053
5104.54	0.126921
4236.81	0.0978077
4279.9	0.10266
4335.16	0.122317
4389.07	0.180872
4452.01	0.312904
4503.47	0.373972
4525.87	0.464731
4580.07	0.4727
4638.8	0.497063
4694.98	0.516937
4749.78	0.532136
4793.94	0.538983
4814.58	0.579343
4854.75	0.580782
4901.99	0.596756
4946	0.616358
4987.22	0.638927
5023.15	0.65031
5042.51	0.660794
5070.14	0.661453
5082.88	0.680861
2643.6	0.166098
2697.03	0.163786
2750.48	0.161159
2776.34	0.159618
2838.92	0.156299
2912.08	0.152345
2961	0.149619
2985.1	0.14809
3047.24	0.144737
3118.53	0.140964
3168.15	0.138302
3194.92	0.136694
3258.69	0.133479
3329.67	0.12999
3377.64	0.127626
3405.49	0.126111
3470.45	0.123138
3540.7	0.119996
3583.58	0.118013
3610.67	0.116647
3671.74	0.11406
3734.46	0.111483
3768.41	0.110166
3785.69	0.109465
3723.19	0.114432
3751.28	0.11451
3807.85	0.121431
3867.19	0.145449
3915.63	0.217036
3980.52	0.34282
4045.03	0.366641
4109.99	0.373409
4156.69	0.375958
4179.1	0.391654
4240.51	0.405807
4308.19	0.424308
4373.96	0.432261
4429.28	0.44774
4487.39	0.452596
4550.55	0.458991
4609.96	0.46341
4662.67	0.467853
4670.61	0.484668
4474.73	0.581576
4526.43	0.583993
4585.89	0.587305
4645.82	0.592586
4706.51	0.59711
4767.15	0.60454
4827.41	0.615944
4887.3	0.627432
4947.3	0.63759
5006.61	0.648391
5064.94	0.658609
5122.63	0.667159
5179.95	0.674623
5227.88	0.692618
5281.92	0.698965
5330.99	0.707205
5372.22	0.707308
5375.46	0.524233
4456.96	0.492649
4499.97	0.507785
4524.02	0.533006
4559.43	0.5335
4611.41	0.556903
4662.33	0.572918
4711.34	0.58467
4733.73	0.617347
4762.33	0.61821
4813.83	0.638558
4864.63	0.658716
4918.31	0.668327
4940.39	0.690706
4968.4	0.690822
5017.2	0.70871
5063.07	0.730505
5110.88	0.741449
5139.89	0.744164
5169.63	0.743721
5210.96	0.754608
5215.79	0.581706
5216	0.458374
3763.58	0.110303
3790.45	0.109265
3811.46	0.108405
3852.81	0.106959
3915.66	0.105458
3978.09	0.105139
4043.22	0.107931
4086.69	0.117733
4111.42	0.127977
4170.03	0.165649
4239.33	0.275281
4296.57	0.375407
4359.35	0.405438
4387.21	0.448906
4439	0.450172
4505.68	0.466871
4570	0.473906
4632	0.478942
4667.26	0.480364
4690.6	0.485519
4720.79	0.48629
2770.5	0.160225
2787.13	0.159217
2809.15	0.157953
2851.71	0.155653
2919.5	0.151974
2980.25	0.148616
3005.08	0.147043
3051.81	0.144487
3116.33	0.141023
3173.76	0.138029
3196.09	0.136648
3242.42	0.134241
3305.79	0.131076
3358.97	0.128435
3379.89	0.12725
3426.36	0.125043
3487.29	0.122246
3537.26	0.119984
3550.92	0.119203
3597.56	0.117137
3656.71	0.114682
3704.39	0.112894
3713.57	0.112344
3437.32	0.124499
3484.82	0.122271
3549.05	0.119439
3615.23	0.116665
3681.57	0.114208
3744.1	0.112788
3804.68	0.114519
3863.42	0.125597
3925.38	0.156959
3976.36	0.195323
4035.39	0.308111
4097.24	0.376159
4168.55	0.400962
4238.6	0.411581
4307.32	0.416884
4360.46	0.418142
4383.27	0.432443
4433.97	0.432342
4488.25	0.434958
4525.57	0.434237
3747.26	0.110548
3793.97	0.108771
3849.42	0.107037
3906.54	0.106399
3964.52	0.109713
4022.7	0.126125
4068.66	0.175156
4088.2	0.276273
4138.76	0.340598
4202.67	0.417616
4270.04	0.45147
4338.97	0.465685
4404.13	0.480085
4464.98	0.491904
4518.65	0.507043
4570.07	0.516797
4622.1	0.521811
4665.68	0.523888
4686.23	0.536668
4725.62	0.537247
4771.81	0.542075
4802.6	0.543553
3555.01	0.119123
3604.02	0.116923
3665.39	0.114373
3726.49	0.112089
3787.68	0.110659
3826.09	0.111779
3849.98	0.113788
3907.03	0.124102
3967.69	0.158285
4030.72	0.250925
4099.01	0.351859
4168.52	0.390049
4230.66	0.425603
4305.21	0.437992
4375.85	0.449693
4443.07	0.458041
4497.33	0.461066
4519.8	0.492692
4568.55	0.492933
4628.76	0.496627
4670.45	0.497367
3692.35	0.112922
3729.8	0.111386
3745.39	0.110635
3791.66	0.108791
3848.08	0.106699
3905.49	0.104816
3963.74	0.103483
4022.59	0.103449
4081.82	0.106245
4142.18	0.115598
4201.52	0.139211
4240.33	0.166774
4261.87	0.166514
4316.91	0.163756
4376.09	0.183691
4432.56	0.205382
4484.61	0.198795
4531.25	0.2148
4579.72	0.271417
4627.65	0.296645
2962.36	0.14941
3010.8	0.146666
3075.74	0.143111
3142.28	0.139525
3209.39	0.13599
3276.69	0.132534
3343.92	0.129172
3410.74	0.125914
3476.85	0.122769
3542.31	0.119748
3607.08	0.116856
3670.68	0.114136
3731.01	0.111744
3794.67	0.109832
3859.3	0.109662
3921.68	0.11498
3976.4	0.133614
4025.28	0.174588
4046.64	0.201848
4173.32	0.108191
4194.62	0.114003
4211.45	0.142528
4255.15	0.199204
4280.48	0.348508
4320.85	0.375354
4373.79	0.400024
4400.04	0.440323
4451.06	0.445324
4473.71	0.481102
4518.63	0.482067
4552.03	0.492476
4579.66	0.49801
4621.44	0.503657
4639.88	0.525521
4683.41	0.52735
4705.81	0.552671
4743.06	0.552966
4781.75	0.560251
4806.25	0.5735
4848.91	0.576099
4866.27	0.59811
4906.61	0.598879
4938.59	0.601688
4973.62	0.600526
5017.06	0.603268
5033.06	0.602712
3960.93	0.13273
3978.46	0.13992
4024.85	0.208436
4083.63	0.351626
4149.06	0.387568
4179.74	0.415804
4229.38	0.417542
4298.17	0.44208
4366.17	0.45856
4426.8	0.474844
4453.62	0.499847
4491.19	0.499767
4548.21	0.51486
4604.38	0.522942
4658.71	0.529349
4682.97	0.540794
4711.1	0.540521
4772.3	0.568171
4828.35	0.579799
4882.04	0.586922
4911	0.588362
4938.11	0.588818
4980.93	0.590254
2585.77	0.166756
2599.48	0.166599
2643.58	0.165527
2722.04	0.162499
2796.12	0.158851
2852.94	0.155775
2873.68	0.154431
2926.73	0.151487
2993.08	0.147807
3057.61	0.144239
3098.66	0.141948
3122.69	0.140498
3180.13	0.137471
3242.13	0.134272
3300.65	0.131317
3326.19	0.12992
3365.19	0.127982
3426.81	0.125071
3485.19	0.122361
3532.22	0.120219
3550.62	0.11927
3595.6	0.117318
3636.62	0.115635
3701.18	0.112677
3724.8	0.111773
3743.01	0.111257
3795.98	0.110094
3859.26	0.111012
3922.36	0.121067
3982.79	0.164454
4013.5	0.272296
4053.4	0.307215
4119.09	0.368075
4191.04	0.400344
4259.43	0.422878
4320.57	0.431734
4346.41	0.465787
4393.94	0.466384
4460.7	0.473754
4520.91	0.481957
4580.3	0.487006
4624.67	0.489097
4647.6	0.506484
4697.26	0.507094
4731.72	0.509833
4247.41	0.208572
4259.24	0.311189
4302.23	0.339284
4359.74	0.372098
4381.98	0.427574
4429.21	0.430174
4479.43	0.437702
4494.66	0.486499
4542.94	0.488676
4589.22	0.493313
4610.87	0.528534
4665.02	0.531868
4704.47	0.536828
4717.52	0.547561
4766.72	0.551923
4788.88	0.570574
4813.34	0.570449
4859.06	0.574022
4872.86	0.59097
4902.3	0.591084
4947.2	0.593061
4959.71	0.613843
4995.26	0.614406
5034.83	0.61818
5042.99	0.63027
5069.38	0.63115
3089.48	0.142316
3137.4	0.139721
3204.37	0.136272
3272.57	0.132835
3337.48	0.129571
3398.38	0.12654
3458.42	0.123682
3515.55	0.121069
3540.37	0.119873
3574.42	0.118319
3634.69	0.115801
3692.81	0.113447
3749.6	0.111309
3807.92	0.10956
3868.16	0.109467
3930.73	0.114518
3994.05	0.13471
4054.43	0.194936
4124.92	0.314581
4195.39	0.355665
4224.24	0.381451
4267.48	0.381725
4297.58	0.391715
3387.4	0.127045
3404.83	0.126092
3422.3	0.125164
3466.66	0.123097
3527.97	0.120328
3589.44	0.11766
3630.88	0.116005
3656.15	0.114982
3713.14	0.113334
3763.2	0.112943
3821.84	0.114528
3847.95	0.113224
3891.26	0.113443
3956.16	0.12192
4022.16	0.138469
4071.87	0.158787
4094.52	0.174805
4152.17	0.25248
4226.16	0.346684
4299.42	0.379613
4333.85	0.406835
4376.24	0.406714
4444.57	0.416521
4507.58	0.421952
4547.5	0.424519
3643.86	0.115626
3649.07	0.115468
3689.9	0.114356
3751.73	0.114319
3815.88	0.118783
3872.24	0.135945
3926.43	0.180625
3991.15	0.289365
4060.52	0.34373
4130.21	0.368828
4186.68	0.385268
4212.39	0.447622
4272.4	0.451642
4338.68	0.465191
4408.19	0.471065
4467.86	0.487358
4536.83	0.492172
4601.02	0.500386
4661.8	0.506064
4722.25	0.507697
4755.67	0.508432
4764.89	0.507392
3820.41	0.107626
3857.65	0.106193
3878.73	0.105437
3920.35	0.104033
3970.34	0.103079
3991.1	0.103819
4042.93	0.105817
4086.56	0.119637
4111.36	0.136116
4165.72	0.199148
4198.84	0.335973
4238.51	0.355599
4304.32	0.393898
4335.73	0.42567
4391.41	0.426373
4443.97	0.443435
4466.15	0.487646
4521	0.489707
4563.38	0.495867
4589.42	0.51724
4643.89	0.520693
4670.86	0.531808
4705.56	0.531332
4757.45	0.533359
4780.66	0.53422
4807.95	0.533985
4818.01	0.530479
4821.58	0.534458
4855.81	0.534831
4872.07	0.549522
4910.68	0.549825
4926.43	0.573553
4964.05	0.57376
4975.78	0.593472
5007.87	0.59368
5020.43	0.612006
5050.76	0.612514
5064.49	0.633226
5097.23	0.633742
5109.11	0.66793
5137.87	0.669205
5155.22	0.701391
5188.48	0.702163
5200.49	0.743483
5228.1	0.744366
5235.52	0.775295
5256.46	0.775875
5250.99	0.772202
5245.7	0.630412
5235.5	0.626234
5234.1	0.615677
3985.61	0.101568
4034.99	0.100456
4067.77	0.101266
4094.71	0.10192
4154.46	0.109439
4209.28	0.143108
4226.56	0.213594
4278.44	0.303109
4345.53	0.388296
4402.09	0.428869
4431.38	0.479147
4491.09	0.482925
4557.39	0.504984
4596.8	0.511045
4625.99	0.5289
4680.05	0.535545
4731.8	0.544123
4755.92	0.560482
4794.17	0.56056
4848.6	0.572324
4891.31	0.574728
4911.27	0.583573
4947.92	0.583808
3685.78	0.113633
3725.22	0.112327
3774.42	0.11182
3794.31	0.113209
3840.26	0.115549
3901.85	0.1249
3961.98	0.143574
4024.09	0.202696
4093.27	0.323504
4160.97	0.367516
4229.44	0.386607
4256.83	0.427415
4306.97	0.428864
4377.05	0.446109
4444.56	0.455485
4507.69	0.465197
4565.98	0.474062
4632.42	0.476634
4691.68	0.479889
4715.86	0.485546
4739.96	0.485116
3700.01	0.113438
3748.35	0.112809
3777.43	0.116324
3807.68	0.118393
3869.16	0.132837
3899.91	0.148524
3926.54	0.156355
3979.2	0.17175
4014.22	0.17026
4038.41	0.155413
4091.93	0.205312
4138.47	0.313722
4163.36	0.353822
4231	0.36382
4279.99	0.36936
4305.34	0.387136
4365.87	0.391969
4410.61	0.402076
4430.03	0.445827
4482.58	0.448038
4523.92	0.452294
4541.52	0.47319
4586	0.474116
4621.97	0.4774
4624.92	0.470733
3883.5	0.109081
3923.52	0.111263
3977.49	0.124601
4028.81	0.171595
4081.54	0.297694
4101.5	0.379908
4150.32	0.38676
4228.72	0.407422
4302.36	0.425455
4364.94	0.44644
4392.99	0.468153
4426.12	0.467845
4482.25	0.477726
4534.13	0.4887
4591.27	0.494332
4623.7	0.500301
4639.21	0.52507
4684.43	0.527349
4731.14	0.536056
4780.39	0.540631
4815.25	0.543841
4824.48	0.561303
4858.55	0.561726
4883.83	0.536371
4892.32	0.550415
4916.31	0.549293
4927.59	0.545148
4932.02	0.557246
4956.14	0.55828
4968.62	0.559803
4972.54	0.582921
4995.77	0.584038
5009.15	0.589278
5014.25	0.601439
5035.12	0.602855
5049.98	0.605055
5052.43	0.620011
5072.2	0.622065
5085.23	0.620377
5086.58	0.634875
5103.71	0.638255
5115.47	0.634846
5112.98	0.661493
5125.62	0.671679
5134.87	0.672863
5126.04	0.70105
5133.08	0.729699
5134.77	0.730745
3429.7	0.124743
3443.87	0.124032
3474.79	0.12258
3492.34	0.121757
3527.2	0.120196
3546.29	0.119313
3570.12	0.118271
3599.72	0.116962
3617.72	0.116177
3652.71	0.114706
3672.66	0.113871
3699.89	0.112886
3729	0.111745
3750.63	0.111042
3787.33	0.110087
3807.58	0.111063
3835.71	0.117225
3861.64	0.122239
3877.81	0.139414
3912.43	0.16166
3933.78	0.13985
3957.56	0.137512
3975.05	0.11669
3824.76	0.121489
3874.45	0.139899
3922.59	0.180916
3935.59	0.202731
3990.14	0.269025
4061.37	0.331825
4120.66	0.352935
4144.31	0.409039
4206.25	0.414228
4273.77	0.430164
4320.18	0.437184
4342.93	0.474985
4406.88	0.47841
4480.84	0.484837
4520.25	0.492621
4550.34	0.505565
4612.76	0.509107
4674.57	0.516074
4707.21	0.518323
4744.9	0.51754
4809.13	0.521086
4853.41	0.523545
4860.3	0.52672
4860.36	0.52885
3722.66	0.11338
3762.23	0.113607
3824.06	0.119713
3885.92	0.147858
3946.53	0.243381
4011.48	0.375885
4083.41	0.423954
4160.08	0.449622
4234.97	0.465124
4310.42	0.473676
4384.41	0.479559
4455.69	0.48381
4521.61	0.490518
4585.02	0.494657
4623.29	0.496449
4647.22	0.515669
4702.76	0.51777
4760.82	0.521326
4819.3	0.522301
4867.18	0.524695
4822.25	0.532885
4830.01	0.534411
4862.4	0.534876
4882.07	0.555998
4909.23	0.559254
4935.43	0.559555
4955.44	0.575996
4989.06	0.576257
5008.26	0.590802
5034.52	0.592011
5059.87	0.591786
5078.32	0.603171
5110.51	0.603428
5127.86	0.618996
5151.74	0.62344
5174.83	0.623231
5189.51	0.647504
5220.21	0.648642
5233	0.676836
5253.14	0.686311
5272.68	0.686754
5283.1	0.730256
5309.61	0.732315
5322.51	0.786841
5343.65	0.7899
5355.55	0.789803
4316.19	0.456474
4367.48	0.460641
4426.56	0.468016
4482.94	0.476122
4522.2	0.480204
4541.22	0.511979
4585.89	0.514776
4635.9	0.522967
4684.83	0.528017
4724.71	0.532192
4736.78	0.580847
4771.28	0.582236
4816.65	0.593067
4863.92	0.596472
4913.43	0.597961
4924.62	0.646605
4956.5	0.646236
5002.63	0.669407
5045.45	0.685006
5084.72	0.700373
5101.44	0.719263
5104.3	0.691363
5117.31	0.693051
3349.41	0.128831
3396.78	0.126508
3455.4	0.12375
3516.03	0.120975
3574.83	0.11833
3634.86	0.115791
3692.9	0.113493
3750.59	0.111551
3787	0.111012
3813.23	0.110693
3869.12	0.112841
3927.99	0.124978
3987.22	0.168076
4054.17	0.300329
4127.95	0.368158
4204.26	0.39158
4271.04	0.404525
4339.75	0.407941
4396.74	0.406451
4417.32	0.413488
4454.14	0.413411
3494.48	0.121737
3532.57	0.119975
3590.4	0.117499
3646.77	0.115226
3703.36	0.113592
3760.42	0.114104
3819.23	0.122062
3877.52	0.154524
3937.4	0.256903
4001.48	0.369507
4074.78	0.404317
4152.55	0.419428
4217.77	0.424959
4241.11	0.465492
4292.43	0.466168
4362.42	0.475358
4428.43	0.479384
4502.93	0.479812
4569.11	0.484361
4629.93	0.487905
4671.69	0.489461
3176.64	0.13731
3218.12	0.13511
3270.3	0.132481
3303.96	0.130761
3325.77	0.129573
3378.55	0.127055
3436.02	0.12435
3494.37	0.12166
3551.33	0.119107
3577.81	0.117836
3612.8	0.116247
3673.89	0.113693
3734.96	0.111162
3796.02	0.108694
3848.92	0.106602
3872.13	0.105597
3917.69	0.103899
3981.17	0.101749
4033.57	0.100042
4076.81	0.098594
4081.61	0.387276
4082.26	0.402818
4139.73	0.418274
4206.77	0.434242
4254.6	0.442751
4279.59	0.479068
4339.56	0.482088
4404.04	0.492866
4454.1	0.497212
4477.59	0.531241
4531.78	0.532485
4593.38	0.542166
4643.78	0.545322
4665.95	0.568968
4713.31	0.569938
4771.18	0.582828
4817.73	0.590003
4845.06	0.592845
4893.3	0.592735
4954.06	0.601225
5007.88	0.603845
5026.58	0.61446
5062.11	0.61415
5096.4	0.616446
4037.86	0.513594
4079	0.516366
4141.83	0.52783
4207.16	0.535266
4275.74	0.539875
4342.37	0.547732
4407.69	0.554516
4472.17	0.560381
4532.2	0.570343
4592.62	0.576075
4649.36	0.586395
4705.35	0.59363
4759.8	0.603408
4817.93	0.611201
4877.56	0.61787
4935.51	0.627983
4991.97	0.635745
5048.24	0.640105
5096.57	0.648395
5131.02	0.650851
2750.5	0.161023
2753.98	0.160823
2768.44	0.160039
2827.02	0.156993
2866.47	0.154813
2883.24	0.15379
2939.38	0.15073
2990.26	0.147921
3008.65	0.146759
3058.3	0.144063
3115.04	0.141006
3137.33	0.139678
3179.03	0.137485
3241.71	0.134316
3275.03	0.132576
3303.14	0.131084
3364.2	0.12812
3408.74	0.12598
3430.49	0.124829
3484.76	0.122365
3534.91	0.120079
3552.56	0.119171
3595.45	0.11731
3638.32	0.115554
3936.6	0.155406
3980.25	0.240276
4023.24	0.347874
4047.21	0.410889
4108.54	0.42583
4172.83	0.444639
4241.44	0.455877
4277.17	0.463437
4307.18	0.47301
4368.77	0.479533
4433.45	0.487171
4492.82	0.496826
4517.89	0.515717
4548.16	0.515495
4604.35	0.521361
4659.74	0.528172
4712.09	0.532306
4730.87	0.556026
4762.09	0.556233
4813.01	0.562255
4861.06	0.566921
4897.73	0.567793
2737.56	0.161822
2786.19	0.159238
2851.91	0.15565
2919.14	0.151922
2986.58	0.148159
3054.38	0.144418
3121.32	0.140766
3187.48	0.137231
3252.98	0.133819
3317.66	0.130537
3380.66	0.127389
3442.74	0.124422
3502.96	0.121553
3566.11	0.118741
3628.67	0.116109
3690.17	0.113849
3752.35	0.112346
3815.32	0.112308
3868.59	0.112884
3909.18	0.116997
2835.6	0.156849
2858.9	0.155426
2918.05	0.152145
2943.13	0.15057
2986.05	0.148173
3049.08	0.144751
3077.02	0.14311
3115.55	0.141029
3178.63	0.137737
3212.04	0.135913
3247.17	0.13404
3312.62	0.130819
3350.33	0.128918
3381.05	0.127322
3443.41	0.124408
3484.6	0.122488
3511.88	0.121104
3570.81	0.118536
3613.47	0.116732
3637.03	0.115641
3693.2	0.113428
3738	0.111828
3759.12	0.110981
3809.51	0.10982
3850.54	0.110991
3857.28	0.113899
4106.81	0.480633
4114.19	0.48258
4170.33	0.4939
4237.53	0.503211
4308.41	0.510591
4377.73	0.519909
4444.86	0.529721
4510.27	0.538742
4569.41	0.552851
4628.61	0.560452
4684.99	0.569123
4752.63	0.571201
4803.4	0.572287
4827.93	0.598671
4883.44	0.599301
4946.2	0.612112
5006.27	0.620603
5061.78	0.630694
5118.43	0.634489
5173.85	0.638331
5222.72	0.64323
4550.17	0.549954
4581.11	0.550384
4639.72	0.557275
4699.51	0.564422
4762.44	0.568323
4825.32	0.572497
4873.94	0.574253
4892.6	0.63844
4935.02	0.643063
4993.88	0.648363
5051.87	0.657216
5109.12	0.665044
5165.73	0.672155
5221.08	0.679239
5274.32	0.684701
5316.4	0.687606
5357.77	0.683253
5363.61	0.462182
5364.67	0.295788
5364.76	0.252995
3601.44	0.116951
3648.13	0.115052
3702.9	0.11323
3748.31	0.112604
3766.58	0.113178
3812.47	0.114337
3868.21	0.117988
3934.64	0.121235
3976.96	0.127521
4001.9	0.127882
4061.7	0.156478
4127.49	0.249007
4196.91	0.352439
4227.37	0.403642
4272.64	0.405436
4346.21	0.418292
4415.85	0.428534
4471.15	0.431925
4489.35	0.454513
4540.13	0.454498
4603.14	0.459957
4649.58	0.46283
3822.28	0.116042
3838	0.125175
3872.48	0.136563
3922.33	0.187409
3941.1	0.282965
3999.64	0.322821
4056.88	0.352329
4082.35	0.398404
4141.96	0.400992
4187.17	0.404605
4213.72	0.406676
4275.37	0.409742
4302.85	0.412204
4336.4	0.411575
4391.27	0.413358
4408.75	0.417585
4451.2	0.418032
4503.91	0.424095
4521.57	0.459327
4571.09	0.46091
4611.79	0.466877
4629.25	0.487725
4679.74	0.489844
4707.4	0.495698
4729.52	0.49856
4775.78	0.501603
4791.54	0.509904
4804.91	0.509975
4244.14	0.203857
4248.53	0.207556
4284.89	0.222615
4303.49	0.215734
4339.63	0.312593
4363.53	0.351848
4390.88	0.39657
4425.98	0.397283
4443.69	0.436407
4480.75	0.436803
4496.95	0.443816
4527.27	0.445695
4548.32	0.449478
4568.01	0.450621
4595.88	0.45031
4608.7	0.463
4637.95	0.463856
4646.86	0.489123
4673.32	0.491898
4685.27	0.507224
4701.95	0.516785
4724.57	0.516641
4732.84	0.531302
4756.99	0.531821
4759.1	0.49163
3930.69	0.20186
3969.14	0.313508
3987.27	0.398422
4044.46	0.417756
4108.64	0.439511
4172.89	0.453529
4241.34	0.462864
4308.16	0.47442
4375.19	0.483052
4435.41	0.496236
4488.92	0.510972
4542.9	0.517905
4603.86	0.522603
4666.1	0.526303
4712.68	0.528525
4736.06	0.551466
4787.97	0.552475
4844.83	0.562291
4897.53	0.567375
4931.85	0.5698
2685.66	0.164508
2704.17	0.163513
2747.32	0.161335
2773.67	0.159823
2839.05	0.156373
2894.63	0.153345
2917.22	0.151923
2975.09	0.148747
3040.19	0.145265
3066.3	0.143639
3117.63	0.140908
3186.86	0.137333
3220.14	0.13549
3258.01	0.133483
3326.74	0.130135
3371.88	0.127895
3397.47	0.126492
3458.58	0.123695
3511.54	0.121276
3533.45	0.120079
3586.18	0.117761
3643.81	0.115435
3667.55	0.114647
3712.06	0.113264
3753.37	0.112683
3153.54	0.138967
3161.38	0.138485
3199.5	0.136462
3264.94	0.133176
3327.89	0.130072
3355.08	0.128608
3394.46	0.126661
3458.27	0.123705
3519.54	0.12087
3551.49	0.119358
3587.12	0.117699
3652.15	0.115039
3715.93	0.112859
3751.89	0.112711
3782.8	0.112427
3840.93	0.115959
3902.16	0.133913
3938.27	0.180477
3961.47	0.22206
4033.72	0.328178
4108.58	0.342596
4150.72	0.337781
4172.98	0.326174
4222.73	0.330486
3288.31	0.131903
3342.38	0.129191
3402.37	0.126268
3463.25	0.123376
3523.71	0.120574
3584.25	0.117907
3642.32	0.115559
3700.24	0.113914
3759	0.11434
3813.59	0.121729
3861.47	0.147971
3879.97	0.197398
3933.17	0.289806
3996.93	0.377308
4071.38	0.404057
4147.46	0.419652
4223.59	0.426031
4293.57	0.43105
4362.37	0.43293
4421.34	0.434595
