2931.71	0.151403
2946.49	0.152474
2975.77	0.15514
3018.45	0.160053
3072.44	0.167496
3133.22	0.177905
3198.98	0.189971
3270.7	0.20052
3346.19	0.210891
3420.91	0.222683
3497.52	0.235609
3574.45	0.246675
3650.72	0.255492
3725.46	0.262509
3797.49	0.267667
3864.99	0.270536
3930.31	0.27626
3993.78	0.281725
4054.8	0.285696
4112.6	0.288088
4166.9	0.289562
4218.33	0.291239
4267.41	0.293149
4314.59	0.29544
4360.46	0.298579
4404.58	0.302713
4445.95	0.307005
4480.97	0.306249
4514.37	0.316838
4545.91	0.325201
4575.68	0.332032
4603.69	0.337729
4629.81	0.342431
4654.23	0.346046
4677.18	0.348401
4699.07	0.349404
4720.4	0.349063
4740.71	0.347491
4759.79	0.344775
4777.58	0.340961
4794.05	0.336101
4809.27	0.330303
4823.31	0.323713
4836.27	0.316449
4848.28	0.308623
4859.52	0.29994
4868.68	0.284241
4875.5	0.262516
4879.88	0.243942
4882.01	0.237223
2916.75	0.154305
2931.66	0.157749
2961.78	0.165012
3006.2	0.176356
3064.32	0.188727
3126.52	0.204539
3191.07	0.228489
3265.11	0.269724
3346.04	0.305422
3423.55	0.323898
3500.67	0.335381
3577.51	0.343989
3653.63	0.350917
3728.5	0.356543
3801.08	0.360332
3867.42	0.358779
3932.17	0.363173
3995.45	0.367244
4056.41	0.369769
4113.99	0.370652
4167.76	0.370919
4218.69	0.372867
4267.4	0.376257
4314.29	0.380826
4359.64	0.385809
4403.78	0.390432
4448.16	0.393674
4477.9	0.374648
4512.08	0.374143
4543.78	0.379568
4573.73	0.38509
4601.95	0.390405
4628	0.395585
4652.25	0.401409
4674.84	0.408015
4696.28	0.414801
4718.04	0.421527
4738.53	0.425535
4757.63	0.426877
4775.35	0.425225
4791.69	0.41974
4806.72	0.409137
4820.57	0.392481
4833.3	0.371826
4845.04	0.349369
4855.95	0.328024
4865.8	0.309995
4873.73	0.292997
4878.75	0.264119
4881.1	0.24477
2886.53	0.161403
2901.04	0.171784
2932.43	0.191223
2978.7	0.230395
3050.56	0.304206
3118.89	0.345021
3189.27	0.376679
3264.54	0.395118
3343.51	0.405076
3422.28	0.413625
3500.44	0.420359
3577.94	0.425769
3654.67	0.430601
3730.84	0.434988
3807.92	0.438743
3868.78	0.426223
3933.05	0.430475
3997.1	0.433892
4059.09	0.435284
4116.97	0.433964
4169.23	0.43069
4219.05	0.431455
4266.99	0.433886
4313.15	0.437324
4357.62	0.44162
4400.42	0.44704
4441.54	0.454281
4478.81	0.467265
4509.6	0.457846
4540.77	0.454911
4570.83	0.459842
4599.7	0.464339
4625.31	0.464119
4649.17	0.468636
4671.02	0.474416
4690.66	0.483262
4714.59	0.495527
4735.54	0.505009
4754.82	0.512979
4772.61	0.519005
4788.93	0.522098
4803.77	0.520783
4817.16	0.512778
4829.19	0.494358
4840.07	0.461183
4850.34	0.411275
4860.26	0.359661
4869.31	0.323761
4876.13	0.299329
4879.18	0.268146
2841.05	0.174222
2852.27	0.201171
2889.12	0.270234
2951.28	0.326809
3021.49	0.367308
3098.4	0.398982
3176.95	0.422686
3256.94	0.4381
3337.86	0.447613
3418.38	0.454416
3497.94	0.459778
3576.35	0.464097
3653.56	0.467548
3729.65	0.470334
3804.69	0.472797
3864.34	0.474992
3931.88	0.477608
3998.71	0.480076
4063.85	0.481383
4123.57	0.480352
4171.15	0.477963
4219.27	0.480668
4266.17	0.482983
4311.52	0.485157
4355.06	0.487909
4396.53	0.491997
4436.57	0.498155
4473.82	0.50634
4506.41	0.51535
4538.99	0.519338
4568.18	0.520806
4600.74	0.524846
4623.57	0.511104
4647.45	0.5159
4669.7	0.524948
4690.8	0.533907
4712.14	0.539949
4732.35	0.548049
4751.75	0.556259
4769.79	0.562942
4786.34	0.568164
4801.27	0.572903
4814.59	0.577988
4826.21	0.58112
4836.22	0.573518
4845.09	0.53488
4853.93	0.453279
4863.75	0.373127
4871.65	0.327041
4876.05	0.301068
2782.99	0.18639
2786.85	0.227935
2814.67	0.322661
2892.45	0.371426
2981.79	0.405482
3071.12	0.43006
3158.92	0.445579
3245.11	0.45587
3329.76	0.463355
3412.74	0.469394
3493.96	0.474541
3573.43	0.479009
3651.17	0.48292
3727.16	0.486402
3801.25	0.489645
3872.99	0.492964
3929.37	0.497035
3999.93	0.501514
4071.99	0.502704
4125.61	0.506368
4172.17	0.496369
4219.47	0.498979
4265.92	0.501847
4310.87	0.504837
4353.93	0.508057
4393.05	0.511714
4433.89	0.516223
4471.1	0.523217
4505.31	0.530553
4537.94	0.536884
4569.32	0.542577
4595.03	0.543647
4622.49	0.550279
4645.09	0.551545
4667.31	0.557281
4688.52	0.561473
4708.74	0.564302
4727.97	0.568141
4748.16	0.573962
4766.61	0.57911
4783.57	0.585096
4798.58	0.592945
4812.07	0.608479
4823.67	0.630199
4833.32	0.655999
4840.96	0.668749
4847.87	0.577621
4858.72	0.430079
4867.36	0.354993
4872.08	0.323083
2719.73	0.18879
2705.34	0.211207
2663.23	0.344857
2817.76	0.401139
2936.47	0.423467
3041.34	0.434737
3138.83	0.440449
3231.42	0.443959
3320.22	0.44691
3405.9	0.449955
3488.94	0.45328
3569.6	0.456899
3648.01	0.460764
3724.15	0.464785
3797.83	0.468837
3868.53	0.472798
3935	0.4766
3997.57	0.48144
4061.07	0.486136
4117.87	0.488785
4169.45	0.493014
4218.57	0.500202
4265.64	0.507742
4310.73	0.515286
4354.03	0.522611
4396.3	0.529486
4432.58	0.529443
4469.12	0.536179
4503.61	0.542899
4536.03	0.549289
4566.53	0.555349
4595.11	0.561523
4619.19	0.563649
4642.31	0.568946
4664.62	0.574952
4685.63	0.580195
4708.55	0.585659
4724.63	0.589916
4744.26	0.597386
4762.77	0.605178
4780.53	0.611708
4795.07	0.615951
4809.12	0.637123
4820.98	0.664501
4830.95	0.701524
4838.63	0.744428
4845.85	0.713558
4855.74	0.471984
4864.11	0.374033
4868.86	0.337152
2669.62	0.192495
2654.08	0.207541
2618.47	0.370697
2771.29	0.421416
2900.35	0.429922
3014.74	0.433892
3119.69	0.436169
3217.76	0.43816
3310.13	0.440387
3398.17	0.442924
3482.84	0.445714
3564.65	0.448704
3643.83	0.451864
3720.42	0.455176
3794.31	0.458623
3865.34	0.462197
3933.51	0.465931
3991.37	0.468776
4054.09	0.470189
4112.61	0.473475
4166.56	0.477539
4217.15	0.482441
4264.9	0.487947
4310.04	0.494054
4352.88	0.500695
4393.7	0.507509
4431.73	0.513769
4468.34	0.52108
4502.99	0.528682
4535.01	0.536917
4564.82	0.54567
4592.58	0.554368
4617.88	0.56269
4641.08	0.57088
4660.8	0.576975
4685.77	0.582026
4704.47	0.584727
4722.67	0.58742
4739.96	0.594969
4757.73	0.601322
4777.41	0.610636
4793.98	0.6215
4807.7	0.641861
4819.11	0.669215
4829.25	0.70354
4837.66	0.743706
4844.74	0.719719
4853.83	0.48729
4861.61	0.383725
4866.39	0.344229
2634.15	0.198273
2622.1	0.210068
2598.03	0.394538
2743.48	0.438708
2874.38	0.442512
2993.51	0.445647
3103.66	0.448639
3206.26	0.451609
3301.01	0.454624
3390.55	0.457776
3476.39	0.460994
3559.18	0.464229
3639.16	0.467473
3716.33	0.470746
3790.64	0.474081
3862.05	0.477502
3930.77	0.48099
3997.57	0.484429
4048.42	0.482931
4109.12	0.485466
4164.31	0.490085
4215.87	0.494981
4264.07	0.499979
4308.93	0.505239
4351.05	0.511283
4391.22	0.51787
4429.69	0.52478
4466.92	0.531621
4502.42	0.538377
4533.65	0.544777
4562.67	0.552988
4590.14	0.560892
4616.4	0.567947
4638.76	0.571089
4661.03	0.576063
4682.05	0.576575
4701.97	0.577251
4721.97	0.580047
4739.64	0.584911
4759.29	0.590705
4777.7	0.599311
4793.64	0.614541
4807.47	0.63829
4817.1	0.66758
4828.65	0.700878
4836.9	0.72932
4844.1	0.678252
4852.43	0.483397
4859.25	0.387592
4864.63	0.348325
2610.12	0.204554
2601.65	0.214051
2585.72	0.424779
2725.81	0.462812
2856.12	0.465067
2977.57	0.4676
3091.82	0.47009
3199.48	0.47219
3294.14	0.472703
3383.78	0.475192
3470.22	0.477909
3553.83	0.480682
3634.62	0.483472
3712.49	0.486303
3787.3	0.489227
3858.93	0.492322
3927.44	0.49568
3992.78	0.499437
4053.9	0.504062
4108.66	0.504535
4163.26	0.509132
4215.57	0.51405
4264.22	0.518961
4308.15	0.524156
4348.79	0.530427
4388.04	0.537062
4426.52	0.543673
4464.86	0.549858
4503.81	0.555108
4532.19	0.551511
4559.86	0.556435
4586.79	0.559614
4610.9	0.56326
4637.18	0.567269
4660.17	0.573071
4681.39	0.575804
4702.19	0.577869
4721.33	0.581447
4740.78	0.586851
4759.67	0.594335
4777.92	0.606873
4792.76	0.61825
4805.96	0.641324
4818.41	0.672303
4828.94	0.709761
4837.09	0.746469
4843.89	0.729598
4852.33	0.505617
4859.59	0.39704
4864.19	0.351041
2594.1	0.210024
2588.32	0.217635
2577.7	0.467213
2713.99	0.500474
2843	0.502497
2965.36	0.505242
3083.28	0.508125
3202.65	0.509941
3289.46	0.495951
3377.48	0.496114
3464.21	0.497947
3548.64	0.499954
3630.37	0.501912
3709.14	0.503813
3784.59	0.505689
3856.41	0.507637
3924.78	0.509697
3989.75	0.511938
4051.02	0.514496
4105.98	0.517343
4162.12	0.520904
4216.57	0.523804
4266.78	0.527537
4308.46	0.526175
4345.81	0.527703
4383.58	0.53204
4421.47	0.53042
4460.18	0.534148
4496.16	0.538211
4527.02	0.538084
4554.83	0.541802
4584.18	0.548688
4610.75	0.557247
4636.57	0.565261
4656.65	0.570066
4680.66	0.574935
4702.17	0.579872
4722.72	0.585164
4740.21	0.589641
4758.28	0.593551
4775.5	0.602724
4792.33	0.617886
4806.7	0.641774
4819.11	0.6729
4829.35	0.710238
4837.4	0.745507
4844.12	0.727083
4852.54	0.505104
4859.84	0.398164
4864.24	0.351185
2583.53	0.214061
2579.62	0.220038
2572.46	0.472557
2705.79	0.49546
2832.99	0.494747
2954.18	0.493888
3069.89	0.492829
3179.85	0.491268
3277.1	0.487715
3369.36	0.488169
3458.34	0.489277
3544.43	0.490669
3627.69	0.492305
3708	0.494224
3784.76	0.496505
3856.62	0.49926
3924.89	0.502449
3990.15	0.505774
4052.71	0.509194
4113.99	0.512546
4161.28	0.514536
4222.16	0.518907
4265.06	0.512252
4306.26	0.516687
4345.47	0.52102
4382.16	0.525998
4423.15	0.531062
4457.4	0.530669
4490.14	0.533912
4522.87	0.538279
4552.28	0.544372
4581.84	0.551219
4608.96	0.559569
4631.54	0.566073
4656.16	0.572107
4680.3	0.57703
4700.96	0.58021
4721.17	0.585167
4739.99	0.59061
4755.75	0.594639
4775.1	0.602919
4791.73	0.619794
4806.75	0.642781
4819.43	0.67306
4829.69	0.709669
4837.71	0.743917
4844.43	0.721613
4852.89	0.499072
4860.21	0.395038
4864.53	0.349965
2576.63	0.216549
2574	0.224448
2568.85	0.475445
2699.71	0.492238
2825.05	0.491568
2944.69	0.490978
3058.6	0.49056
3166.33	0.490357
3266.55	0.490525
3361.44	0.491362
3452.39	0.492268
3540.11	0.493134
3625.08	0.493925
3707.59	0.494638
3787.12	0.495324
3857.8	0.492664
3925.47	0.493827
3990.75	0.495803
4053.24	0.498022
4112.1	0.500548
4167.19	0.504121
4216.06	0.503085
4262.85	0.506357
4304.53	0.511852
4344.72	0.518487
4382.55	0.522695
4418.45	0.527482
4455.08	0.533824
4488.84	0.541147
4520.86	0.548327
4552.09	0.555347
4579.51	0.559053
4604.92	0.563986
4629.98	0.568272
4654.04	0.57196
4677.85	0.575288
4699.71	0.575529
4720.81	0.578648
4740.21	0.584539
4758	0.592712
4774.87	0.605345
4790.11	0.622356
4806.5	0.643764
4819.63	0.672959
4830	0.708825
4838.04	0.742287
4844.79	0.715548
4853.32	0.491757
4860.67	0.390815
4864.95	0.348299
2572.17	0.218223
2570.33	0.235512
2566.32	0.50105
2695.23	0.515102
2818.96	0.514863
2937.24	0.515066
3049.98	0.515793
3157.01	0.517097
3258.24	0.518969
3354.55	0.520962
3446.83	0.522823
3535.8	0.524491
3622.23	0.525933
3707.53	0.527
3795.78	0.527056
3859.44	0.519724
3925.89	0.520532
3991.59	0.52141
4054.81	0.522001
4111.38	0.521714
4163.81	0.522898
4212.32	0.525471
4263.2	0.528423
4301.77	0.52164
4341.22	0.522952
4380.42	0.527133
4417.31	0.532199
4453.23	0.537521
4486.99	0.5434
4517.41	0.548496
4548.97	0.55298
4577.51	0.558176
4601.08	0.561686
4628.41	0.567523
4653.18	0.570379
4674.4	0.573048
4698.11	0.576524
4719.88	0.579953
4739.69	0.584486
4757.83	0.591114
4774.68	0.603716
4790.62	0.622233
4806.88	0.643305
4820.03	0.672152
4830.4	0.707703
4838.41	0.740714
4845.18	0.709852
4853.8	0.484867
4861.19	0.386794
4865.45	0.346661
2569.38	0.219308
2568.04	0.248145
2564.74	0.508128
2692.31	0.519811
2814.83	0.519626
2932.04	0.519624
3043.93	0.519847
3150.56	0.520272
3252.12	0.52085
3349.11	0.521506
3442.09	0.522198
3531.6	0.5229
3618.12	0.523591
3702.03	0.524244
3782.9	0.524828
3855.05	0.525431
3924.83	0.527068
3993.91	0.5284
4064.57	0.529515
4115.18	0.524158
4164.43	0.524939
4215.41	0.526647
4256.36	0.530524
4302.11	0.536293
4341.22	0.53472
4379.38	0.535485
4415.38	0.537686
4452.22	0.541938
4486.14	0.546949
4519.33	0.55246
4547.87	0.555941
4572.43	0.559045
4596.53	0.560225
4623.68	0.561825
4650.11	0.565684
4673.2	0.569866
4697.92	0.573336
4719.93	0.577568
4739.65	0.583437
4757.1	0.591941
4772.82	0.604651
4791.84	0.620002
4807.71	0.641449
4820.64	0.670614
4830.89	0.706309
4838.82	0.739228
4845.59	0.704972
4854.28	0.479008
4861.7	0.383372
4865.96	0.345229
2567.77	0.219775
2566.73	0.253188
2563.88	0.494269
2690.66	0.50415
2812.31	0.504012
2928.63	0.503964
3039.78	0.504027
3145.99	0.504196
3247.53	0.504488
3344.75	0.504935
3438.02	0.505553
3527.68	0.506332
3613.98	0.507229
3697.01	0.508166
3776.32	0.509027
3850.77	0.509728
3922.24	0.51107
3992.37	0.512799
4063.91	0.514632
4112.94	0.506658
4160.21	0.509312
4211.3	0.512749
4263.36	0.516106
4299.25	0.510246
4338.05	0.510189
4379.17	0.515252
4418.85	0.5223
4453.69	0.524531
4486.76	0.532856
4518.94	0.54045
4543.83	0.542338
4570.19	0.546397
4597.84	0.553415
4623.83	0.560872
4647.83	0.567623
4674.85	0.57263
4698.2	0.573847
4720.01	0.577733
4739.54	0.583031
4755.84	0.591223
4775.81	0.601329
4793.58	0.61702
4808.8	0.639096
4821.37	0.668736
4831.42	0.704797
4839.24	0.737866
4845.98	0.700961
4854.73	0.474204
4862.19	0.380553
4866.43	0.344016
2567.03	0.21984
2566.18	0.252227
2563.63	0.466475
2690.28	0.475082
2811.37	0.475451
2926.75	0.475936
3037.06	0.476318
3142.71	0.476769
3244.01	0.477327
3341.19	0.47805
3434.51	0.478967
3524.16	0.480077
3610.26	0.48134
3692.92	0.482679
3771.92	0.484037
3846.86	0.485451
3918.42	0.487186
3986.78	0.489079
4051.62	0.490494
4110.92	0.489431
4149.77	0.485052
4203.77	0.485673
4252.37	0.487959
4292.81	0.488366
4336.58	0.492585
4377.78	0.499714
4418.13	0.506918
4456.78	0.51449
4486.77	0.516337
4514.56	0.524669
4544.22	0.52928
4572.2	0.539297
4599.52	0.548556
4625.75	0.556783
4651.03	0.563516
4676.36	0.568335
4700.1	0.572136
4721.62	0.576087
4741.62	0.581397
4760.1	0.588678
4778.45	0.598223
4795.22	0.614285
4809.84	0.636813
4822.06	0.666886
4831.89	0.703354
4839.59	0.736663
4846.31	0.697621
4855.1	0.470204
4862.59	0.378177
4866.84	0.342967
2566.92	0.219949
2566.27	0.252057
2563.97	0.445507
2691.61	0.452879
2812.38	0.453117
2926.26	0.453915
3035.41	0.454932
3140.26	0.45598
3241.18	0.457135
3338.13	0.458466
3431.37	0.459993
3520.97	0.461729
3606.82	0.463675
3689.4	0.465765
3768.58	0.468028
3843.4	0.470586
3914.92	0.473369
3981.9	0.476461
4042.08	0.47839
4099.13	0.480629
4149.81	0.483762
4198.69	0.482176
4246.64	0.486471
4291.38	0.490568
4334.78	0.494994
4374.39	0.500202
4416.28	0.50696
4456.06	0.514676
4486.51	0.517098
4513.21	0.522825
4543.58	0.5326
4572.29	0.542321
4599.82	0.55129
4626.26	0.559076
4651.9	0.565189
4677.26	0.569432
4702.02	0.572487
4722.48	0.575342
4742.88	0.580328
4762.05	0.587068
4780.05	0.596179
4796.35	0.612163
4810.58	0.634939
4822.54	0.665334
4832.2	0.70214
4839.81	0.735647
4846.51	0.694642
4855.35	0.466627
4862.89	0.376065
4867.15	0.342008
2567.27	0.220804
2566.86	0.261002
2565.04	0.447516
2696.03	0.452658
2816.56	0.449618
2926.86	0.447259
3034.46	0.448133
3138.2	0.449205
3238.79	0.450435
3335.35	0.451888
3428.5	0.453554
3518.2	0.455439
3603.38	0.457618
3686.1	0.45997
3766.47	0.462482
3840.18	0.462162
3913	0.464175
3974.59	0.465327
4036.8	0.468741
4093.53	0.473323
4145.78	0.478564
4195.09	0.484453
4243.31	0.490898
4289.09	0.497589
4332.96	0.504371
4375.45	0.511186
4413.7	0.513317
4452.2	0.519056
4480.35	0.522454
4510.49	0.528502
4541.95	0.536332
4571.05	0.545598
4598.77	0.55421
4625.27	0.561615
4650.86	0.567286
4676.58	0.570992
4702.71	0.573557
4721.14	0.575447
4743	0.579662
4762.7	0.586052
4780.73	0.594875
4796.87	0.610679
4810.91	0.633608
4822.7	0.664244
4832.27	0.701281
4839.83	0.734832
4846.55	0.691714
4855.47	0.463155
4863.06	0.374057
4867.33	0.341085
2567.78	0.223246
2567.69	0.281462
2566.88	0.47942
2707.22	0.482308
2827.44	0.477309
2926.7	0.471363
3033.9	0.470635
3135.83	0.470862
3237.02	0.471774
3332.57	0.472658
3425.72	0.474056
3516.66	0.475555
3599.15	0.47508
3681.91	0.47696
3757.27	0.478991
3838.02	0.482438
3918.76	0.484456
3975.33	0.470684
4033.97	0.472648
4089.49	0.475567
4141.84	0.479152
4189.81	0.482962
4239.72	0.488358
4286.08	0.494714
4329.92	0.501421
4371.32	0.508378
4409.58	0.515611
4445.88	0.523504
4478.45	0.531833
4511.66	0.539726
4540.08	0.541948
4568.7	0.549211
4596.55	0.555644
4622.92	0.561643
4647.52	0.567042
4673.34	0.570788
4699.28	0.573392
4722.94	0.576349
4742.91	0.579019
4762.56	0.58539
4780.68	0.594069
4796.8	0.609761
4810.75	0.632867
4822.47	0.663755
4832.03	0.700888
4839.61	0.734238
4846.39	0.688609
4855.42	0.45959
4863.09	0.37208
4867.38	0.340174
2568	0.223403
2567.8	0.274448
2566.22	0.480914
2700.1	0.48551
2821.48	0.484593
2934.74	0.48457
3035.55	0.48196
3131.18	0.481344
3237.93	0.480344
3329.27	0.478435
3422.25	0.479115
3506.34	0.479709
3595.17	0.480584
3678.02	0.482115
3756.19	0.483933
3833.04	0.485645
3906.53	0.487583
3971.37	0.490344
4032.95	0.494229
4087.22	0.495487
4138.66	0.500201
4190.04	0.505324
4236.8	0.504731
4282.75	0.508846
4326.52	0.513058
4367.61	0.517306
4404.76	0.521763
4435.99	0.52638
4473.49	0.529883
4507.2	0.53501
4537.81	0.54061
4565.31	0.547612
4594.29	0.553788
4620.69	0.561073
4645.43	0.567036
4667.82	0.570643
4695.9	0.572589
4720.49	0.575379
4741.27	0.579807
4761.5	0.585214
4779.99	0.59367
4796.19	0.609334
4810.1	0.632778
4821.78	0.664103
4831.46	0.701104
4839.15	0.733885
4846.04	0.685299
4855.22	0.455987
4862.96	0.370195
4867.28	0.339309
2568.08	0.225006
2568	0.282324
2566.68	0.495001
2701.76	0.499263
2820.19	0.499076
2934.54	0.4992
3035.74	0.498905
3140.75	0.499584
3229.89	0.499649
3324.27	0.502957
3419.91	0.506483
3508.22	0.508682
3594.17	0.510143
3675.92	0.511739
3753.58	0.51378
3828.59	0.516107
3900.22	0.519362
3968.09	0.523813
4036.78	0.526874
4085.3	0.524217
4133.1	0.527968
4185.14	0.533662
4233.54	0.538805
4280.29	0.543207
4324.84	0.547382
4367.71	0.548811
4401.37	0.544526
4436.48	0.548731
4471.61	0.55239
4504.87	0.557109
4536.16	0.562171
4566.16	0.566582
4592.1	0.567761
4617.77	0.571306
4640.87	0.57446
4668.74	0.575303
4693.74	0.576042
4719.54	0.578158
4742.97	0.582227
4759.68	0.586321
4778.92	0.593715
4795.16	0.609418
4808.93	0.633585
4820.47	0.666039
4830.54	0.702124
4838.48	0.733788
4845.54	0.682185
4854.86	0.4528
4862.69	0.368624
4867.04	0.338602
2567.82	0.228812
2568.15	0.30391
2568.53	0.494612
2716.28	0.495907
2819.51	0.490098
2921.51	0.490296
3032.46	0.490152
3137.4	0.490706
3236.06	0.491618
3335.67	0.493265
3421.98	0.493919
3509.72	0.497094
3594.74	0.500645
3675.38	0.503601
3751.2	0.506593
3825.14	0.509005
3895.36	0.511364
3961.7	0.513629
4024.89	0.515584
4080.71	0.516689
4134.55	0.519996
4181.98	0.518813
4230.1	0.52063
4274.69	0.521563
4319.76	0.522795
4361.61	0.524453
4399.47	0.526177
4434.5	0.531993
4470.46	0.53828
4503.53	0.545996
4534.62	0.553601
4563.73	0.560783
4590.56	0.567141
4617.44	0.572381
4643	0.576552
4669.44	0.579676
4695.73	0.582536
4718.65	0.582771
4740.98	0.587093
4761.15	0.593006
4778.14	0.599849
4793.83	0.614511
4807.23	0.636905
4817.98	0.670206
4829.44	0.703578
4837.74	0.733835
4844.94	0.680423
4854.37	0.451092
4862.3	0.367796
4866.69	0.338243
2566.79	0.223897
2566.58	0.276456
2565.17	0.471239
2696.87	0.475213
2812.73	0.471417
2922.75	0.470617
3031.74	0.471183
3136.98	0.471802
3237.98	0.472749
3335.73	0.474054
3427.27	0.475772
3515.18	0.477985
3596.7	0.479874
3676.78	0.482454
3747.94	0.485556
3822.71	0.488933
3891.75	0.491924
3955.93	0.493296
4017.89	0.494346
4075.7	0.494231
4128.3	0.494824
4178.93	0.497404
4226.97	0.50217
4272.74	0.507243
4317.05	0.512976
4359.01	0.518827
4398.02	0.525166
4436.32	0.531702
4469.58	0.533719
4501.64	0.53893
4532.65	0.544664
4561.28	0.550332
4586.78	0.556378
4616.32	0.560101
4642.19	0.565074
4668.16	0.568874
4694.02	0.571507
4717.79	0.574025
4740.17	0.578119
4760.31	0.58428
4777.29	0.5937
4793.44	0.608199
4807.4	0.632236
4819.06	0.664814
4829.19	0.701308
4837.17	0.733413
4844.3	0.681423
4853.79	0.451922
4861.8	0.367929
4866.24	0.338281
2565.64	0.221911
2565.14	0.263135
2563.09	0.465105
2689.61	0.471327
2808.33	0.470634
2921.58	0.470497
3031.3	0.470649
3137.36	0.471015
3239.77	0.471505
3338.66	0.472048
3432.94	0.472536
3519.17	0.47253
3601.16	0.474157
3681.66	0.476225
3754.25	0.473421
3823.02	0.471923
3887	0.471376
3953.58	0.470176
4014.44	0.473839
4071.84	0.477693
4124.87	0.482126
4175.7	0.487168
4223.38	0.492706
4269.56	0.498312
4314.05	0.504093
4356.82	0.510037
4394.79	0.511754
4432.66	0.516312
4467.59	0.520535
4501.75	0.526563
4533.55	0.535166
4563.07	0.543837
4590.72	0.552135
4618.13	0.559152
4643.47	0.565171
4664.72	0.569909
4692.1	0.572974
4715.93	0.576271
4739.1	0.580739
4760.07	0.587079
4779.14	0.595792
4792.44	0.607654
4807.11	0.62981
4819	0.661324
4828.75	0.699166
4836.5	0.732918
4843.56	0.681882
4853.12	0.451307
4861.24	0.366826
4865.75	0.337504
2564.74	0.221637
2564.16	0.262674
2562	0.47836
2686.62	0.48538
2805.98	0.485107
2920.56	0.484996
3031.14	0.484941
3138.08	0.48494
3241.76	0.485037
3342.97	0.485208
3443.52	0.485364
3524.35	0.479577
3604.08	0.479622
3680.12	0.479282
3756.07	0.478903
3826.41	0.479629
3894.81	0.48125
3953.82	0.479745
4011.41	0.48116
4069.4	0.481581
4120.74	0.485628
4172.8	0.490853
4218.49	0.491791
4265.32	0.496015
4310.06	0.499667
4349.95	0.503119
4391.74	0.508221
4430.46	0.515034
4466.82	0.522429
4501.47	0.530091
4534.05	0.537873
4564.18	0.545605
4592.46	0.55306
4619.65	0.559577
4644.31	0.563211
4667.98	0.567764
4691.48	0.571235
4712.42	0.574939
4737.82	0.578775
4759.25	0.584514
4777.98	0.592882
4793.89	0.608523
4806.82	0.626381
4818.4	0.658427
4827.95	0.697247
4835.57	0.732099
4842.63	0.677713
4852.38	0.443727
4860.69	0.361461
4865.27	0.334208
2564.15	0.221935
2563.59	0.265521
2561.5	0.488927
2685.47	0.496257
2805.02	0.496158
2920.21	0.496231
3031.37	0.496466
3138.82	0.496871
3243	0.497432
3344.71	0.498071
3445.95	0.498677
3527.04	0.497481
3607.81	0.499587
3686	0.501735
3760.67	0.503919
3828.94	0.506054
3894.26	0.508225
3955.84	0.510303
4017.47	0.512003
4070.81	0.513416
4113.17	0.505061
4164.75	0.506338
4214.63	0.510116
4261.59	0.513529
4306.12	0.517147
4348.17	0.521249
4388.96	0.524806
4427.88	0.529173
4465.05	0.533758
4500.63	0.538338
4534.42	0.54303
4564.69	0.545114
4592.9	0.550108
4618.49	0.555887
4644.93	0.560913
4669.54	0.565652
4693.12	0.569047
4715.56	0.571865
4738.08	0.575048
4758.65	0.58034
4776.94	0.588159
4792.66	0.601495
4805.3	0.625963
4817.14	0.655381
4826.73	0.694203
4834.32	0.729355
4841.52	0.660544
4851.54	0.419527
4860.17	0.348503
4864.84	0.326478
2563.85	0.222189
2563.32	0.266149
2561.34	0.481041
2685.19	0.488032
2804.9	0.488
2920.44	0.488208
3031.92	0.488688
3139.53	0.489424
3243.42	0.490394
3343.65	0.491562
3439.61	0.492836
3527.3	0.494194
3611.4	0.496431
3692.8	0.499128
3769.22	0.502942
3832.19	0.501075
3895.28	0.50557
3955.68	0.509659
4010.14	0.513243
4065.45	0.517948
4114.8	0.523494
4164.41	0.528603
4212.81	0.533545
4259.2	0.539046
4303.54	0.544834
4345.88	0.550693
4386.52	0.556136
4425.5	0.561372
4463.23	0.566076
4500.11	0.569855
4537.74	0.572332
4565.75	0.566941
4592.95	0.569943
4619.22	0.573394
4644.99	0.576036
4669.84	0.578415
4693.63	0.58105
4716.26	0.584149
4737.81	0.587845
4757.76	0.592761
4775.76	0.600639
4791.65	0.613277
4805.62	0.62976
4815.44	0.643793
4825.26	0.667303
4832.99	0.678956
4840.67	0.564853
4850.23	0.37576
4859.64	0.329929
4864.45	0.313946
2563.8	0.222534
2563.28	0.266898
2561.35	0.475927
2685.35	0.482299
2805.31	0.48183
2921.11	0.4815
3032.79	0.481359
3140.44	0.481422
3244.06	0.481702
3343.51	0.482233
3438.34	0.483078
3528.06	0.484249
3614.7	0.485797
3701.64	0.487547
3767.77	0.479559
3836.44	0.481768
3897.58	0.481806
3956	0.48628
4010.78	0.491458
4063.69	0.497042
4113.9	0.501979
4163.06	0.507163
4210.83	0.512059
4256.75	0.516644
4300.94	0.520922
4343.34	0.524982
4383.89	0.528907
4422.55	0.532594
4460.51	0.535708
4497.04	0.538821
4532.25	0.541643
4564.18	0.542607
4592.21	0.548727
4618.72	0.555448
4644.46	0.56126
4669.69	0.565621
4693.86	0.569088
4716.5	0.572379
4737.83	0.576428
4757.62	0.582147
4775.57	0.590142
4791.44	0.60416
4805.12	0.62692
4816.37	0.658481
4824.99	0.68933
4832.28	0.723316
4839.84	0.613358
4850.62	0.372665
4859.33	0.322783
4863.98	0.306371
2563.99	0.223268
2563.45	0.270642
2561.51	0.495928
2685.94	0.502632
2806.26	0.502317
2922.32	0.502178
3034.15	0.502239
3141.87	0.502491
3245.45	0.50293
3344.6	0.503571
3438.88	0.504437
3528.69	0.505478
3614.46	0.506696
3695.17	0.508225
3768.87	0.51172
3845.17	0.513351
3899.59	0.502228
3957.02	0.504464
4010.44	0.506251
4061.85	0.509021
4111.33	0.512303
4160.42	0.515655
4208.04	0.519222
4253.41	0.523037
4297.51	0.527118
4340.04	0.531414
4380.58	0.535932
4417.69	0.540852
4456.58	0.545698
4492.63	0.550865
4527.34	0.556049
4563.79	0.561052
4590.39	0.556248
4616.51	0.560233
4642.06	0.564425
4668.3	0.567357
4693.32	0.569744
4715.7	0.572154
4736.99	0.573811
4756.8	0.578958
4774.78	0.586513
4790.69	0.598154
4804.33	0.619622
4815.5	0.650734
4823.9	0.692919
4831.49	0.725534
4839.3	0.617654
4850.23	0.375022
4858.67	0.321266
4863.16	0.303276
2564.41	0.223667
2563.86	0.270942
2561.91	0.492409
2687.1	0.498912
2807.96	0.498482
2924.32	0.498211
3036.3	0.498157
3144.2	0.498322
3248.11	0.49868
3347.53	0.49919
3440.98	0.499844
3530.56	0.500886
3616.56	0.502107
3693.15	0.503146
3764.9	0.50541
3834.06	0.507621
3896.83	0.509593
3961.68	0.513011
4010.73	0.510691
4060.44	0.514102
4106.78	0.518521
4157.46	0.523902
4206.18	0.528853
4249.59	0.529312
4294.03	0.534013
4337.33	0.538502
4378.66	0.542839
4418.59	0.546917
4453.29	0.546566
4487.37	0.550467
4518.55	0.554328
4554.97	0.556672
4585.43	0.559656
4612.69	0.565256
4636.3	0.570879
4666.37	0.575098
4692.91	0.578336
4717.87	0.581161
4735.19	0.582159
4755.31	0.587577
4773.43	0.595086
4789.41	0.607626
4803.17	0.625446
4814.65	0.648733
4824.13	0.671314
4830.87	0.64269
4839.57	0.49486
4849.79	0.348652
4857.61	0.316044
4861.79	0.30134
2565.09	0.224171
2564.51	0.271864
2562.51	0.499066
2688.86	0.505432
2810.5	0.504892
2927.08	0.504641
3039.01	0.50462
3147.06	0.504746
3251.9	0.505
3353.18	0.505543
3443.83	0.507548
3532.97	0.508847
3625.19	0.509639
3693.26	0.499984
3760.93	0.500574
3826.79	0.502062
3889.51	0.503445
3950.11	0.504934
4005.3	0.505897
4057.99	0.50838
4109.55	0.511196
4154.19	0.510598
4197.47	0.511255
4246.64	0.509827
4290.44	0.512406
4335.45	0.515921
4376.89	0.520656
4415.73	0.525794
4452.15	0.530679
4486.77	0.537155
4519.77	0.544061
4552.76	0.550811
4583.45	0.556826
4611.82	0.562692
4638.55	0.567588
4665.83	0.570961
4691.94	0.573503
4713.46	0.575825
4734.5	0.578754
4754.6	0.584328
4773.07	0.592198
4789.34	0.606732
4803.27	0.629771
4814.86	0.661809
4824.17	0.701414
4831.47	0.731597
4838.57	0.614938
4849.54	0.3736
4857.93	0.321041
4862.36	0.304067
2566.03	0.224518
2565.46	0.271824
2563.49	0.490931
2691.77	0.496822
2814.63	0.4961
2931.1	0.495709
3042.31	0.495554
3149.89	0.495515
3256.08	0.49551
3366.45	0.495381
3445.43	0.484997
3529.46	0.48567
3612.52	0.485313
3688.47	0.482317
3756.68	0.481512
3821.6	0.482464
3882.97	0.483488
3944.33	0.484374
4001.32	0.486701
4055.05	0.490124
4107.02	0.49415
4151.56	0.496838
4194.27	0.501814
4245.44	0.506008
4292.58	0.511409
4334.48	0.513048
4375.12	0.517832
4412.68	0.522946
4450.24	0.528862
4485.23	0.536549
4518.47	0.544336
4550.39	0.551809
4581.39	0.558567
4610.31	0.564576
4638.03	0.569233
4664.26	0.572115
4690.66	0.574601
4709.94	0.57573
4735.44	0.578921
4753.05	0.582675
4772.3	0.589888
4788.88	0.602533
4803.02	0.623859
4814.8	0.653504
4824.19	0.690853
4831.31	0.723263
4837.75	0.60919
4849.23	0.378139
4857.85	0.326154
4862.4	0.309727
2567.25	0.225347
2566.74	0.274916
2564.94	0.487538
2696.44	0.492794
2821.61	0.492107
2936.96	0.49209
3045.94	0.492845
3150.8	0.493596
3252.66	0.494181
3351.18	0.494827
3438.92	0.495873
3523.98	0.498351
3607.7	0.500856
3692.72	0.503282
3754.72	0.492691
3818.41	0.494414
3881.75	0.497051
3940.15	0.496023
3997.87	0.498486
4051.14	0.499835
4101.03	0.502412
4150.18	0.503441
4198.25	0.506533
4245.58	0.510112
4291.2	0.514512
4334.15	0.519656
4374.84	0.525371
4412.65	0.53162
4448.24	0.534506
4482.85	0.541168
4515.99	0.54736
4546.49	0.553813
4579.08	0.559769
4607.78	0.563979
4634.98	0.567731
4662.42	0.570528
4688.2	0.573281
4713.03	0.576211
4732.95	0.578367
4752.7	0.58349
4771.58	0.590912
4788.16	0.60504
4802.37	0.627748
4814.43	0.658492
4824.11	0.696671
4831.58	0.73132
4838.49	0.658519
4848.97	0.411105
4857.55	0.339506
4862.12	0.319076
2568.65	0.226906
2568.29	0.282455
2566.9	0.486941
2703.66	0.49056
2834.78	0.488308
2945.82	0.48297
3050.41	0.482554
3151.53	0.482982
3249.42	0.483803
3343.67	0.484484
3432.3	0.484959
3517.09	0.485773
3598.78	0.486616
3676.92	0.487177
3746.4	0.486374
3812.75	0.489181
3877.07	0.492597
3936.8	0.495027
3992.12	0.499024
4050.09	0.503478
4103.55	0.508625
4154.77	0.513689
4200.56	0.516566
4245.61	0.521571
4291.22	0.526304
4334.69	0.531193
4375.81	0.535942
4414.06	0.540614
4446.86	0.544752
4480.25	0.550777
4513.23	0.55201
4547.83	0.556344
4576.47	0.558209
4605.47	0.563672
4630.13	0.569061
4660.03	0.57246
4684.46	0.576071
4711.68	0.579522
4735.51	0.584358
4754.21	0.588687
4770.52	0.593425
4787.11	0.609258
4801.12	0.633747
4813.77	0.664494
4823.95	0.701786
4831.82	0.735667
4838.88	0.682969
4848.77	0.441707
4857.19	0.354389
4861.79	0.327105
2570.06	0.228193
2569.79	0.290943
2568.82	0.505438
2712.4	0.508074
2864.27	0.506291
2957.77	0.490007
3055.13	0.488158
3152.33	0.487865
3246.71	0.487866
3338.77	0.488197
3426.55	0.488869
3510.39	0.489901
3590.54	0.491318
3666.95	0.493242
3738.46	0.495967
3806.38	0.498714
3869.35	0.501796
3933.6	0.505679
3994.19	0.509757
4050.88	0.512687
4105.75	0.516849
4160.15	0.52111
4202.38	0.519394
4242.22	0.525646
4291.9	0.531034
4336.42	0.536481
4378.98	0.541465
4415.57	0.542922
4449.32	0.542723
4481.67	0.547165
4516.19	0.552542
4544.19	0.557702
4577.51	0.561576
4607.23	0.566379
4634.47	0.570713
4660.92	0.574137
4685.23	0.577532
4711.41	0.580871
4734.53	0.586137
4755.41	0.593614
4770.64	0.603399
4785.91	0.614746
4798.51	0.641155
4812.98	0.669793
4823.78	0.705387
4832	0.738026
4839.16	0.693791
4848.72	0.459789
4856.95	0.366554
4861.53	0.333957
2571.32	0.224119
2570.69	0.273578
2568.75	0.493537
2708.22	0.498754
2842.45	0.497432
2959.17	0.495251
3056.21	0.491185
3153.52	0.491895
3243.85	0.492158
3336.87	0.492674
3423.51	0.494728
3506.12	0.497356
3584.93	0.500098
3661.53	0.503111
3731.62	0.506589
3801.63	0.510767
3867.78	0.514793
3933.06	0.518048
3999.56	0.520662
4051.9	0.515993
4106.66	0.518585
4161.66	0.521389
4207.26	0.521397
4251.87	0.523301
4295.41	0.520645
4337.9	0.522321
4376.47	0.524995
4413.85	0.52764
4452.32	0.533242
4486.97	0.541169
4520.17	0.549013
4550.94	0.556763
4581.61	0.563276
4610.67	0.569089
4638.06	0.573887
4663.46	0.577774
4687.88	0.581939
4711.86	0.586757
4733.38	0.589848
4754.39	0.59672
4772.74	0.608657
4785.83	0.618293
4800.24	0.641487
4813.24	0.671855
4823.9	0.707599
4832.25	0.739642
4839.46	0.698978
4848.84	0.469363
4856.9	0.374644
4861.45	0.338983
2572.86	0.220328
2571.72	0.253794
2568.72	0.491424
2704.96	0.500314
2834.12	0.49978
2951.94	0.49982
3057.41	0.500682
3157.31	0.501735
3253.16	0.502978
3338.27	0.501098
3421.58	0.501096
3500.97	0.501856
3582.19	0.502964
3657.98	0.505651
3728.72	0.508619
3798.24	0.511475
3864.68	0.514241
3928.93	0.516919
3992.33	0.519489
4046.77	0.519053
4104.69	0.523025
4166.06	0.526523
4210.79	0.526126
4255.73	0.531242
4301.16	0.53058
4341.2	0.528857
4381.87	0.531318
4419.49	0.537041
4456.36	0.543935
4491.03	0.550943
4524	0.557878
4555.31	0.564321
4584.94	0.569618
4613.55	0.574448
4641.44	0.5783
4664.81	0.578641
4688.78	0.581195
4707.4	0.583855
4733.08	0.586502
4754.64	0.59257
4773.04	0.604578
4788.07	0.625574
4800.68	0.644561
4813.26	0.674245
4824.07	0.70973
4832.57	0.741136
4839.84	0.702112
4849.12	0.474533
4857.07	0.379377
4861.58	0.342108
2575.4	0.218686
2573.58	0.235184
2569.53	0.489655
2704.61	0.502709
2833.2	0.502345
2953.54	0.502292
3060.95	0.502639
3162.01	0.50388
3249.92	0.503405
3336.16	0.5054
3423.72	0.507598
3508.95	0.509897
3582.13	0.508996
3656.85	0.511564
3724.54	0.514257
3795.47	0.517235
3861.36	0.520957
3923.25	0.525075
3980.93	0.529894
4035.71	0.536196
4096.7	0.542666
4156.2	0.548299
4208.92	0.555341
4259.46	0.558806
4311.65	0.56022
4350.78	0.550385
4387.58	0.552331
4423.21	0.556672
4459.98	0.561277
4494.28	0.566104
4527.08	0.570803
4559.06	0.574915
4587.1	0.575359
4615.02	0.578026
4640.36	0.580605
4665.07	0.583164
4687.37	0.586659
4711.25	0.590108
4734.46	0.594565
4755.42	0.602594
4773.99	0.61552
4790.54	0.633917
4802.69	0.654388
4812.44	0.680672
4824.3	0.712285
4833.05	0.742685
4840.37	0.704639
4849.59	0.477447
4857.45	0.381761
4861.93	0.34366
2579.64	0.216817
2576.85	0.224529
2571.34	0.486691
2706.56	0.505126
2836.49	0.504966
2964.37	0.504755
3067.46	0.501444
3157.71	0.50063
3251.06	0.502605
3339.53	0.505121
3425.27	0.507735
3507.23	0.510409
3584.09	0.513207
3659.17	0.515977
3731.82	0.518694
3795.19	0.519295
3859.6	0.522268
3919.47	0.525225
3970.19	0.525996
4016.15	0.529527
4087.95	0.531038
4151.03	0.530875
4207.41	0.531092
4259.82	0.532594
4309.55	0.535468
4353.72	0.538027
4392.29	0.542382
4429.66	0.547806
4465.24	0.55169
4497.89	0.552216
4529.61	0.556402
4558.68	0.560701
4589.39	0.565596
4618.06	0.571062
4643.02	0.573393
4666.49	0.574992
4687.27	0.578635
4713.85	0.581743
4736.96	0.586311
4757.53	0.592776
4775.69	0.604138
4791.72	0.622094
4804.46	0.649618
4816.14	0.682331
4825.37	0.713197
4833.91	0.743937
4841.13	0.706922
4850.27	0.47833
4858.06	0.381972
4862.51	0.343784
2586.5	0.214486
2582.29	0.220356
2574.36	0.469819
2709.65	0.494675
2837.7	0.495052
2957.75	0.495668
3064.59	0.496202
3161.25	0.498013
3254.01	0.5004
3342.66	0.502922
3427.74	0.505527
3507.9	0.508401
3585.25	0.510942
3661.43	0.513186
3729.05	0.513225
3797.03	0.514907
3858.73	0.514138
3915.72	0.515408
3974	0.516248
4030.07	0.520922
4085.53	0.526445
4150.27	0.53075
4207.59	0.534437
4260.49	0.538002
4310.64	0.541342
4359.91	0.544212
4395.97	0.5404
4432.1	0.543527
4465.8	0.547518
4501.9	0.55221
4531.72	0.552887
4563.81	0.558234
4591.51	0.558201
4618.19	0.561698
4643.58	0.566657
4670.17	0.571707
4693.95	0.57617
4717.67	0.580137
4739.64	0.585237
4759.53	0.592242
4776.92	0.60489
4793.49	0.623201
4808.02	0.648775
4818.35	0.677995
4827.9	0.714321
4835.01	0.74218
4842.12	0.706007
4851.19	0.473755
4858.9	0.378864
4863.29	0.342237
2597.36	0.211179
2591.22	0.218252
2579.48	0.452014
2715.77	0.485292
2842.85	0.486326
2960.66	0.487225
3068.59	0.488173
3165.61	0.489476
3258.13	0.491533
3346.53	0.493696
3432.46	0.495702
3508.87	0.493312
3585.14	0.494101
3657.54	0.494827
3728.57	0.493382
3792.25	0.49405
3860.21	0.495325
3922.47	0.49842
3982.65	0.501674
4040.52	0.50503
4094.67	0.508791
4154.72	0.512014
4210.07	0.515965
4261.84	0.519693
4310.55	0.52335
4355.87	0.526903
4395.97	0.528048
4433.64	0.531752
4469.24	0.536081
4503.26	0.540975
4536.14	0.542681
4564.15	0.544905
4593.61	0.550102
4622.55	0.556516
4648.78	0.564056
4674.47	0.570209
4698.55	0.574984
4720.99	0.579038
4742.08	0.584135
4761.58	0.591188
4776.4	0.601142
4794.67	0.61479
4809.17	0.635541
4819.98	0.667094
4829.75	0.701083
4837.24	0.728191
4843.55	0.670133
4852.32	0.46049
4859.9	0.372253
4864.24	0.339279
2614.07	0.20682
2605.58	0.215375
2588.52	0.427871
2727.11	0.470349
2853.47	0.47683
2969.94	0.482417
3080.3	0.486327
3171.54	0.480019
3263.57	0.481814
3350.21	0.483589
3431.77	0.484174
3509.47	0.479849
3586.45	0.481232
3659.03	0.48281
3730.96	0.485726
3798.56	0.488623
3865.05	0.491454
3929.04	0.494157
3991.43	0.496876
4052.55	0.49982
4110.04	0.503997
4161.62	0.498304
4213.93	0.500857
4264.09	0.502928
4311.67	0.505141
4356.33	0.508241
4397.76	0.513768
4436.08	0.520227
4471.49	0.526144
4503.95	0.532679
4538.85	0.539911
4570.11	0.548133
4600.57	0.555947
4627.14	0.560498
4652.19	0.566904
4678.17	0.57245
4702.6	0.577387
4723.42	0.579189
4743.82	0.583262
4761.67	0.589186
4780.19	0.598332
4797.02	0.614357
4811.32	0.637759
4823.26	0.670544
4831.65	0.702721
4838.93	0.739589
4845.36	0.698757
4853.22	0.464454
4860.81	0.371006
4865.28	0.338254
2638.97	0.201233
2628.28	0.211508
2607.11	0.399147
2746.82	0.425243
2870.39	0.436978
2982.08	0.447645
3079.56	0.455426
3179.71	0.461889
3274.21	0.466947
3353.54	0.460539
3431.5	0.462656
3513.67	0.46577
3590.87	0.469169
3664.38	0.472372
3735.47	0.47544
3803.82	0.478347
3870.32	0.481214
3935.15	0.484075
3999.42	0.486958
4066.14	0.489544
4112.37	0.479344
4167.01	0.483679
4218.83	0.488592
4268.01	0.493758
4314.89	0.499185
4358.32	0.505
4400.17	0.511395
4437.04	0.513558
4474.36	0.519234
4508.98	0.527376
4542.73	0.53538
4574.5	0.543283
4603.85	0.55101
4631.34	0.558796
4657.96	0.565876
4681.27	0.568256
4702.99	0.572043
4725.59	0.575892
4746.13	0.580482
4765.17	0.586686
4783.15	0.595142
4799.32	0.610288
4813.2	0.632855
4824.55	0.664637
4832.87	0.708411
4840.44	0.746262
4846.76	0.730671
4854.91	0.498073
4861.34	0.387967
4866.48	0.343551
2674.2	0.194334
2661.21	0.206442
2631.36	0.362165
2777.44	0.376686
2900.73	0.395688
3005.93	0.415451
3104.9	0.431083
3190.77	0.427058
3271.92	0.431352
3359.71	0.435586
3441.12	0.440146
3520.58	0.444333
3596.85	0.448192
3670.07	0.451936
3740.71	0.455671
3808.97	0.459454
3875.24	0.46332
3939.76	0.467263
4002.77	0.47126
4063.89	0.475318
4118.57	0.479325
4172.63	0.4846
4223.8	0.490217
4271.68	0.49611
4319.01	0.501824
4359.38	0.502209
4398.17	0.507255
4439.14	0.513619
4477.29	0.520513
4512.32	0.527891
4546.1	0.535123
4578.88	0.542149
4606.65	0.542631
4634.21	0.548436
4659.57	0.55494
4684.44	0.562654
4706.82	0.569719
4727.64	0.574813
4747.69	0.579772
4767.38	0.585655
4785.38	0.593922
4801.29	0.609546
4814.95	0.633766
4826.26	0.668354
4835.46	0.712498
4841.87	0.748871
4848.24	0.74071
4856.62	0.515315
4863.91	0.398792
4868.6	0.34612
2722.04	0.186528
2710.65	0.200431
2673.71	0.294405
2826.56	0.331356
2943.75	0.356853
3031.52	0.371875
3112.87	0.388772
3202.34	0.402505
3286.19	0.41239
3369.54	0.420162
3450.11	0.426656
3528.16	0.432487
3603.41	0.437895
3675.9	0.443039
3745.9	0.448006
3813.66	0.452836
3879.44	0.457549
3943.38	0.462146
4005.48	0.466618
4065.58	0.470962
4122.92	0.475286
4178.68	0.4797
4229.64	0.485252
4273.52	0.485292
4315.67	0.489573
4360.34	0.494865
4401.35	0.500965
4441.62	0.506556
4480.99	0.511808
4514.62	0.511562
4548.2	0.516625
4578.01	0.522213
4609.42	0.529745
4637.61	0.539203
4663.52	0.548919
4687.85	0.558075
4710.32	0.566074
4731.17	0.572547
4747.35	0.577909
4768.96	0.583354
4787.16	0.590893
4802.93	0.604622
4816.41	0.627259
4827.52	0.659911
4835.99	0.703589
4841.95	0.749018
4849.63	0.734224
4858.77	0.504433
4866.58	0.392786
4871.24	0.342731
2780.82	0.178372
2785.19	0.194645
2804.57	0.244211
2902.48	0.294228
2976.33	0.276181
3055.34	0.325838
3133.9	0.358402
3215.59	0.381002
3297.49	0.395461
3379.01	0.405886
3458.65	0.414836
3535.72	0.422896
3609.97	0.430216
3681.53	0.436904
3750.67	0.442999
3817.74	0.448486
3882.95	0.453413
3946.32	0.457854
4007.75	0.461908
4067.61	0.465536
4126.46	0.468837
4187.17	0.471723
4228.48	0.46485
4275.68	0.467832
4320.68	0.472703
4362.66	0.477476
4402.99	0.483185
4442.74	0.484373
4479.79	0.487927
4517.35	0.493172
4551.39	0.501657
4582.72	0.51094
4612.82	0.520474
4640.8	0.53035
4666.66	0.540467
4690.8	0.550317
4713.24	0.55943
4734.03	0.567281
4752.96	0.573694
4771.67	0.578735
4788.92	0.585436
4804.3	0.595039
4817.64	0.612941
4828.94	0.639897
4836.9	0.669564
4844.02	0.68883
4852.6	0.627065
4861.91	0.465623
4869.87	0.37546
4874.46	0.332708
2834.75	0.16726
2846.93	0.174089
2877.2	0.183596
2936.84	0.187324
3000.29	0.192112
3063.98	0.217075
3145.38	0.2896
3224.3	0.342475
3305.34	0.369175
3386.74	0.384737
3466.49	0.395873
3543.04	0.405849
3616.35	0.415184
3686.87	0.423555
3754.93	0.431009
3821.22	0.43745
3885.91	0.443123
3948.9	0.448245
4009.33	0.453316
4068.37	0.457582
4125.84	0.461418
4181.46	0.464918
4232.08	0.467941
4277.56	0.470907
4326.23	0.474685
4364.2	0.465239
4398.91	0.467018
4444.4	0.472595
4484.21	0.480352
4520.79	0.489356
4554.5	0.498888
4585.92	0.508719
4615.61	0.518727
4643.45	0.528872
4668.94	0.539499
4692.95	0.549692
4715.42	0.559132
4736.46	0.567458
4756.55	0.57437
4773.56	0.574236
4790.2	0.578838
4805.23	0.583718
4818.41	0.588046
4829.31	0.589905
4839.64	0.586186
4848.39	0.560965
4857.21	0.496451
4866.27	0.409241
4873.93	0.347502
4878.29	0.313925
2876.25	0.158913
2890.21	0.161047
2919.96	0.163541
2966.61	0.164292
3022.38	0.165606
3083.8	0.173527
3150.45	0.19507
3222.09	0.251552
3307.41	0.318052
3392.56	0.349052
3474.24	0.366121
3550.28	0.380647
3622.44	0.392373
3691.8	0.401733
3758.3	0.410329
3823.77	0.417391
3888.16	0.423604
3951.7	0.429004
4009.99	0.430296
4068.42	0.433811
4124.8	0.436653
4178.56	0.438816
4226.97	0.440453
4277.26	0.442318
4324.2	0.447292
4366.47	0.45173
4406.82	0.458187
4448.93	0.46449
4489.08	0.470925
4524.32	0.480741
4557.15	0.491265
4588.16	0.500654
4617.62	0.508953
4645.9	0.515515
4670.33	0.514049
4694.39	0.517207
4716.96	0.520133
4737.89	0.522152
4756.34	0.523056
4775.45	0.526744
4792.31	0.529332
4807.37	0.528103
4820.74	0.521582
4832.51	0.507316
4843.24	0.482956
4853.08	0.443354
4862.65	0.391172
4871.49	0.346094
4878.37	0.314413
4881.87	0.285858
2903.67	0.154089
2917.57	0.154327
2945.53	0.154252
2986.75	0.153447
3037.87	0.15289
3096.13	0.155131
3159.69	0.164568
3226.12	0.188763
3298.12	0.238614
3396.22	0.298888
3483.85	0.327107
3558.33	0.343995
3628.54	0.360329
3696.6	0.374356
3759.94	0.375163
3824.75	0.381339
3888.76	0.385441
3950	0.389322
4011.09	0.394227
4069.45	0.401368
4125.3	0.408408
4178.49	0.415318
4228.75	0.421799
4277.63	0.42783
4324.17	0.432658
4368.08	0.436281
4410.49	0.439891
4452.95	0.443889
4496.43	0.44593
4527.9	0.434406
4559.36	0.433583
4589.79	0.433285
4618.77	0.431814
4644.64	0.427904
4671.84	0.42662
4696.5	0.429131
4719.27	0.431069
4740.31	0.432401
4759.65	0.432911
4777.99	0.432539
4794.77	0.428589
4809.99	0.420249
4823.78	0.406501
4836.31	0.387518
4847.78	0.366084
4858.32	0.343836
4867.94	0.323384
4876.13	0.305967
4881.63	0.285993
4884.19	0.257727
2917.22	0.15196
2930.83	0.15158
2957.72	0.15071
2996.77	0.14939
3045.69	0.14832
3102.12	0.149347
3163.81	0.156726
3227.99	0.180414
3297.07	0.236898
3400.43	0.301479
3501.18	0.317801
3565.96	0.290201
3632.74	0.285155
3692.4	0.274473
3757.44	0.278763
3823.93	0.292351
3889.81	0.306391
3952.06	0.318254
4012.26	0.327639
4070.15	0.33446
4125.68	0.339332
4178.76	0.342511
4229.41	0.344505
4278.16	0.346218
4324.79	0.347432
4369.32	0.348718
4412.28	0.350229
4454.14	0.351602
4494.22	0.35284
4528.76	0.347177
4560.93	0.349042
4591.41	0.350959
4620.23	0.352468
4647.22	0.353484
4673.5	0.35392
4698.12	0.353784
4721	0.35304
4742.2	0.351604
4761.82	0.349334
4780.12	0.346104
4796.97	0.341812
4812.36	0.336483
4826.38	0.330213
4839.17	0.323126
4850.87	0.315366
4861.62	0.306979
4871.14	0.295916
4878.35	0.277815
4883.01	0.256342
4885.25	0.245126
4502.46	0.463006
4527.92	0.463932
4559.22	0.467771
4589.61	0.474603
4618.73	0.483312
4638.97	0.490156
4647.92	0.531087
4670.01	0.533123
4694.2	0.537936
4716.76	0.543824
4737.76	0.551016
4753.57	0.556975
4759.22	0.586286
4773.24	0.587626
4790.01	0.591661
4805.04	0.596173
4818.2	0.603381
4828.08	0.616969
4830.77	0.668082
4836.42	0.67659
4839.16	0.687232
2735.64	0.502479
2820.06	0.501229
2902.58	0.499507
2941.9	0.50208
3035.31	0.500456
3141.36	0.497764
3210.4	0.494837
3244.17	0.490017
3328.88	0.488654
3422.93	0.487215
3486.48	0.485485
3520.53	0.486221
3598.73	0.485057
3682.54	0.484025
3737.36	0.482545
3769.04	0.482319
3839.73	0.481717
3913.02	0.48271
3956.2	0.482374
3983.33	0.486968
4041.59	0.486448
4098.71	0.486519
4128.55	0.486264
4143.87	0.486405
4090.83	0.542416
4115.92	0.541997
4164.57	0.542433
4214.38	0.542462
4256.39	0.545262
4301.37	0.545372
4341.14	0.54607
4379.92	0.54593
4407.1	0.545832
4421.04	0.549337
4453.02	0.550174
4486.45	0.554403
4518.07	0.556767
4543.79	0.56155
4569.9	0.563366
4597.59	0.565884
4623.44	0.567721
4646.04	0.569148
4649.38	0.572557
4542.05	0.586397
4566	0.587168
4592.83	0.588304
4619.11	0.589893
4644.84	0.591404
4669.67	0.593162
4693.46	0.595123
4716.1	0.59727
4737.63	0.599439
4757.55	0.604599
4775.54	0.611494
4791.45	0.617617
4805.33	0.62026
4815.49	0.609708
4825.43	0.591677
4833.44	0.554857
4840.96	0.469405
4845.11	0.384255
4602.91	0.547549
4622.45	0.551428
4630.58	0.572553
4644.81	0.573252
4667.16	0.578064
4688.39	0.583369
4707.7	0.588346
4714.59	0.607637
4724.64	0.609301
4744.13	0.615122
4762.71	0.623876
4780.59	0.631756
4786.17	0.637445
4793.84	0.638097
4807.51	0.645293
4819.08	0.648022
4829.26	0.631949
4833.29	0.593435
4837.4	0.590429
4844.66	0.539243
4852.46	0.439633
4858.26	0.389944
4124.97	0.503738
4147.78	0.50372
4164.65	0.510269
4198.02	0.510027
4246.32	0.514276
4291.22	0.518474
4334.89	0.521593
4362.24	0.523046
4377.27	0.533558
4413.44	0.534552
4451.64	0.537509
4480.63	0.545217
4507.8	0.547685
4517.95	0.559905
4539.63	0.560324
4568.57	0.564373
4596.4	0.567025
4622.78	0.569027
4637.02	0.569828
4646.04	0.570635
4658.27	0.57085
2933.72	0.514691
2959	0.513496
2992.31	0.513831
3055.62	0.512624
3153.61	0.512714
3238.97	0.511537
3273.43	0.518066
3336.93	0.516967
3421.82	0.518403
3495.22	0.517509
3523.81	0.524235
3581.22	0.523368
3656.93	0.524352
3718.51	0.523525
3742.66	0.527444
3794.43	0.526685
3859.77	0.526618
3911.72	0.525477
3926.3	0.522686
3973.35	0.522001
4030.32	0.521843
4074.83	0.520631
4084.3	0.509574
3808.68	0.538191
3859.55	0.537758
3925.85	0.537438
3991.38	0.537026
4054.29	0.537078
4111.02	0.53834
4163.5	0.539789
4212.36	0.541419
4262.27	0.54185
4301.72	0.545644
4341.13	0.547622
4380.15	0.54961
4417.14	0.552178
4452.97	0.553828
4487.02	0.55527
4512.8	0.555493
4523.09	0.559755
4546.89	0.559781
4572.04	0.560562
4588.93	0.560472
4130.68	0.526193
4172.17	0.527331
4219.35	0.529736
4265.73	0.532585
4310.64	0.535568
4353.94	0.538355
4388.32	0.539645
4401.97	0.556422
4431.85	0.556921
4468.79	0.5619
4503.35	0.565516
4535.8	0.569109
4566.31	0.572637
4594.71	0.576096
4619.03	0.580543
4642.19	0.583793
4664.68	0.585906
4682.31	0.586692
4688.65	0.591959
4704.1	0.592348
4722.59	0.594063
4734.5	0.59507
3926.59	0.507349
3975.21	0.507949
4033.63	0.510312
4089.13	0.513539
4141.91	0.516516
4173.19	0.517631
4192.03	0.531141
4236.46	0.531881
4282.47	0.534073
4326.22	0.536497
4367.23	0.539612
4404.28	0.544042
4436.15	0.550398
4473.12	0.552888
4506.83	0.557193
4537.72	0.561075
4561.61	0.562741
4570.56	0.573484
4591.63	0.573675
4617.59	0.57451
4635.23	0.574672
4079.96	0.499954
4114.83	0.499198
4129.38	0.491988
4170.8	0.491537
4219.13	0.491978
4266.04	0.49199
4311.37	0.491987
4354.91	0.491863
4396.41	0.491353
4436.36	0.490088
4474	0.487619
4498.19	0.485059
4511.15	0.469485
4540.34	0.469188
4570.66	0.471551
4599.42	0.473224
4625.14	0.47532
4648.97	0.478211
4670.67	0.480983
4688.44	0.483444
3223.15	0.531019
3290.17	0.530335
3377.47	0.529599
3464.03	0.528668
3548.41	0.528131
3630.12	0.527865
3708.86	0.527819
3784.3	0.52801
3856.13	0.528443
3924.51	0.528975
3989.44	0.5296
4050.54	0.530405
4105.99	0.53183
4161.98	0.531782
4216.18	0.53162
4266.01	0.531593
4307.97	0.531468
4344.64	0.531418
4359.78	0.532493
4461.23	0.425575
4474.35	0.426568
4482.94	0.498327
4508.73	0.501584
4521.1	0.534613
4539.03	0.53523
4561.69	0.538406
4570.77	0.554131
4593	0.555546
4600.13	0.571936
4618.92	0.572461
4631.6	0.576181
4641.34	0.57767
4657.91	0.579029
4663.31	0.58135
4681.16	0.581635
4688.27	0.586317
4702.14	0.58645
4715.98	0.588754
4723.28	0.592831
4738.24	0.594046
4742.35	0.603563
4755.64	0.605933
4764.6	0.614431
4774.73	0.614835
4786.57	0.622146
4789.69	0.622175
4296.29	0.542458
4309.68	0.542158
4345.91	0.543371
4383.73	0.544695
4419.51	0.545361
4433.36	0.551809
4456.73	0.551765
4490.02	0.5569
4522.62	0.560351
4551.08	0.564735
4562.37	0.573405
4579.03	0.573481
4604.82	0.576939
4629.86	0.579207
4653.26	0.581106
4662.41	0.584812
4673.38	0.584807
4697.85	0.589716
4719.66	0.593388
4739.43	0.597124
4748.58	0.600041
4757.03	0.601225
4770.68	0.604718
2654.79	0.482424
2676.36	0.485032
2746.73	0.483782
2869.63	0.483406
2981.88	0.485954
3065.38	0.485439
3094.87	0.5082
3170.64	0.507346
3263.21	0.509013
3350.63	0.50956
3404.57	0.508927
3435.49	0.518617
3508.55	0.518224
3585.08	0.518969
3654.9	0.518956
3683.87	0.525645
3728.19	0.524836
3796.59	0.525262
3858.93	0.525306
3907.25	0.524728
3925.2	0.530743
3969.48	0.530246
4008.81	0.530094
4080.51	0.507844
4101.43	0.507962
4115.98	0.529748
4161.32	0.530279
4213.7	0.53321
4263.8	0.53686
4311.25	0.54097
4333.81	0.544987
4355.47	0.545515
4395.7	0.547544
4433.44	0.550373
4469.25	0.553231
4499.49	0.55442
4509.13	0.566199
4531.47	0.566436
4563.45	0.568194
4591.39	0.570559
4618.32	0.572537
4637.11	0.573319
4645.06	0.578127
4666.22	0.578294
4680.81	0.578813
4459.46	0.536773
4465.75	0.539302
4486.66	0.539635
4512.21	0.544672
4522.15	0.558338
4543.84	0.559115
4566.69	0.561917
4574.67	0.57334
4596.81	0.574274
4618.06	0.576193
4629.15	0.583111
4653.35	0.584331
4670.93	0.586084
4678.52	0.589426
4699.5	0.591303
4709.83	0.595831
4721.01	0.595806
4739.37	0.598745
4746.17	0.608266
4758.17	0.609248
4774.37	0.618949
4780.41	0.633564
4792.53	0.636481
4804.36	0.651347
4808.59	0.66256
4815.74	0.667345
3383.38	0.510264
3445.38	0.509584
3529.38	0.509258
3611.97	0.508706
3687.79	0.50987
3756.3	0.512377
3821.29	0.51392
3880.79	0.515015
3905.64	0.523087
3939.53	0.522528
3997.33	0.524397
4050.78	0.52655
4100.9	0.529092
4150.05	0.530892
4198.14	0.533179
4245.39	0.535452
4290.92	0.538012
4333.88	0.540734
4374.6	0.542831
4410.49	0.544102
4424.19	0.549437
4445.23	0.549253
4460.01	0.551123
3745.42	0.508836
3764.85	0.508202
3783.87	0.518628
3831.56	0.518119
3895.1	0.519428
3956.14	0.519531
3995.58	0.51892
4019.22	0.519934
4070.73	0.519387
4114.11	0.514449
4162.71	0.514257
4183.78	0.515893
4217.62	0.515478
4265.1	0.520429
4310.3	0.523608
4342.81	0.524982
4359.04	0.534847
4394.32	0.535611
4432.42	0.540796
4466.85	0.54528
4482.11	0.551468
4501.15	0.551301
4532.42	0.553776
4560.98	0.555588
4578.82	0.556621
4010.36	0.536996
4014.9	0.537125
4052.12	0.536834
4106.64	0.53692
4160.91	0.536939
4207.11	0.539744
4251.75	0.541326
4295.26	0.542783
4337.55	0.544761
4376.86	0.547575
4405.92	0.548447
4418.54	0.561998
4448.76	0.562614
4481.73	0.566156
4515.69	0.567479
4544.48	0.571624
4577.23	0.572905
4606.98	0.575006
4634.34	0.576356
4660.54	0.57673
4673.98	0.576885
4677.41	0.576225
4195.02	0.486146
4225.75	0.486499
4241.27	0.503676
4273.38	0.503661
4310.29	0.50617
4323.54	0.520122
4359.24	0.520613
4387.25	0.523376
4401.45	0.53239
4436.42	0.53407
4452.78	0.541629
4471.43	0.541435
4501.81	0.543742
4511.55	0.553569
4535.83	0.553695
4559.5	0.556893
4566.94	0.570356
4591.39	0.571089
4609.18	0.573734
4618.82	0.580146
4642.33	0.581129
4651.8	0.585614
4665.1	0.585555
4685.92	0.585722
4693.28	0.584057
4703.55	0.583968
4693.16	0.578885
4695.05	0.58016
4708.92	0.580379
4716.46	0.584893
4731.71	0.585213
4738.88	0.59394
4752.98	0.594379
4758.49	0.610122
4769.83	0.612585
4775.17	0.629074
4785.21	0.632098
4790.62	0.653946
4800.06	0.657646
4804.62	0.68231
4812.01	0.686302
4817.61	0.69422
4825.1	0.695355
4829.44	0.669135
4835.16	0.662209
4839.08	0.580827
4843.88	0.566891
4847.84	0.46699
4853.09	0.442931
4856.33	0.398127
4857.17	0.392524
4328.81	0.497096
4364.53	0.500647
4386.31	0.504354
4403.62	0.50988
4442.62	0.511979
4477.51	0.516183
4490.14	0.534041
4514.16	0.534367
4548.16	0.540195
4572.69	0.543552
4581.87	0.561736
4606.33	0.562845
4634.03	0.568765
4648.71	0.572636
4658.47	0.578583
4681.16	0.579934
4701.77	0.582552
4709.2	0.589405
4723.17	0.589607
4743.75	0.592454
4758.47	0.594326
4763.29	0.599836
4774.98	0.601224
4050.12	0.534182
4085.53	0.533805
4127.77	0.533495
4143.87	0.536044
4181.3	0.53575
4229.76	0.537538
4274.66	0.539139
4319.48	0.540115
4361.24	0.542399
4399.35	0.545234
4432.19	0.546626
4445.17	0.553263
4468.81	0.55331
4501.43	0.557695
4532.41	0.560378
4561.03	0.563565
4587.03	0.566732
4616	0.567679
4641.07	0.568828
4650.71	0.570146
4660.44	0.570036
4069.33	0.531258
4112.75	0.531987
4138.14	0.534601
4164.39	0.533999
4215.74	0.533976
4241.15	0.535399
4263.04	0.535277
4302.13	0.535202
4327.26	0.536177
4345.1	0.539009
4382.74	0.540593
4407.98	0.542295
4423.75	0.547055
4457.57	0.548167
4482.53	0.550023
4496.84	0.556153
4526.97	0.557412
4549.29	0.560263
4560.84	0.569057
4586.73	0.56991
4607.16	0.57149
4617.35	0.575217
4638.62	0.575553
4655.7	0.576511
4659.15	0.576971
4233.31	0.536815
4264.94	0.536981
4306.08	0.539199
4345.49	0.542332
4379.4	0.543884
4392.76	0.553057
4420.93	0.553121
4459.88	0.557199
4495.75	0.561602
4526.74	0.567268
4541.9	0.571127
4559.21	0.570945
4586.51	0.574797
4610.99	0.578757
4637.14	0.580779
4652.86	0.582046
4661.77	0.585971
4681.81	0.586674
4701.93	0.589384
4721.94	0.591723
4736.51	0.593357
4742.05	0.600523
4755.72	0.601481
4715.98	0.576704
4719.73	0.58163
4728.94	0.581489
4734.16	0.580413
4737.27	0.584467
4746.49	0.585244
4752.28	0.587419
4755.7	0.597633
4764.26	0.599048
4770.18	0.606968
4773.77	0.621243
4781.26	0.626838
4787.55	0.630398
4791.39	0.647462
4798.15	0.653863
4804.01	0.654156
4808.59	0.665983
4814.31	0.67496
4819.53	0.675139
4823.59	0.697177
4828.12	0.712856
4832.45	0.715354
4835.72	0.735724
4839.54	0.748169
4840.57	0.748897
3811.57	0.477259
3827.19	0.481951
3860.95	0.481376
3879.67	0.491475
3916.18	0.490835
3935.84	0.47924
3959.39	0.479095
3988.76	0.478397
4004.94	0.495418
4038.17	0.495463
4055.19	0.516615
4078.86	0.518618
4104.31	0.518002
4121.79	0.517523
4153.13	0.517139
4168.63	0.520748
4190.89	0.523085
4211.05	0.525209
4223.06	0.523574
4250.88	0.522896
4264.53	0.502849
4280.74	0.497066
4291.87	0.488654
4170.71	0.534488
4211.1	0.534681
4249.05	0.534731
4259.92	0.537893
4294.94	0.537788
4338	0.540998
4369.4	0.542274
4382.36	0.554193
4415.05	0.554496
4449.42	0.557595
4471.88	0.558823
4482.41	0.566417
4513.17	0.567228
4548.01	0.568964
4565.96	0.570209
4579.39	0.572421
4607.63	0.573305
4634.84	0.574959
4648.26	0.575704
4663.92	0.575464
4690.21	0.575901
4707.7	0.575946
4709.94	0.576007
4709.97	0.576209
4079.05	0.533008
4113.24	0.533424
4164.58	0.535228
4214.35	0.537812
4261.33	0.541178
4305.85	0.544584
4347.98	0.548113
4388.72	0.550955
4427.65	0.553995
4464.82	0.556822
4500.35	0.559323
4533.96	0.561727
4564.38	0.564726
4592.96	0.567179
4609.83	0.568091
4620.46	0.572276
4644.03	0.572975
4667.89	0.574169
4691.09	0.574592
4709.44	0.575105
4704.3	0.576698
4706.39	0.577223
4718.06	0.577361
4723.56	0.581317
4732.31	0.582792
4740.69	0.582907
4745.99	0.588873
4756.77	0.589324
4761.67	0.596219
4769.35	0.597169
4776.77	0.596958
4781.42	0.608174
4790.11	0.610829
4794.2	0.618617
4799.61	0.628372
4804.88	0.629395
4807.48	0.643738
4813.84	0.647547
4816.55	0.669695
4820.12	0.683943
4823.65	0.685541
4825.49	0.654601
4829.81	0.64608
4831.9	0.678943
4835.38	0.620995
4837.26	0.611943
4507.82	0.570065
4532.19	0.571113
4559.78	0.573584
4587	0.576267
4606.47	0.577642
4617.17	0.583027
4638.46	0.583876
4660.93	0.587104
4682.12	0.589546
4700.01	0.591122
4707.27	0.599201
4722.26	0.599713
4739.93	0.610032
4757.83	0.617273
4776.28	0.623016
4782.31	0.633832
4794.2	0.63484
4808.85	0.649642
4820.85	0.659657
4831.1	0.654616
4837.13	0.628812
4841.21	0.598276
4845.8	0.579295
3701.89	0.522769
3754.95	0.522908
3818.35	0.523631
3881.37	0.524588
3940.02	0.527345
3997.52	0.529155
4050.82	0.532462
4101.72	0.534897
4132.82	0.535679
4155.22	0.542698
4200.24	0.543508
4245.58	0.545732
4291.01	0.546916
4334.46	0.548962
4375.53	0.551111
4413.6	0.553273
4446.9	0.555841
4480.71	0.556314
4508.7	0.555917
4519.63	0.557991
4537.75	0.557946
3860.29	0.532087
3899.42	0.531933
3956.66	0.534106
4010.21	0.537366
4061.63	0.540148
4111.22	0.542842
4160.22	0.544735
4207.77	0.546828
4253.21	0.549157
4297.28	0.550881
4339.77	0.552432
4380.45	0.553815
4414.05	0.554446
4426.5	0.56244
4452.48	0.56247
4486.99	0.565139
4519	0.566737
4554.38	0.567042
4585.04	0.568857
4612.42	0.570391
4630.69	0.57109
3509.11	0.360903
3565.71	0.363868
3632.87	0.375574
3674.28	0.385411
3699.13	0.425693
3759.76	0.428736
3824.6	0.433788
3888.58	0.439388
3948.45	0.444144
3974.69	0.456649
4009.4	0.456081
4068.2	0.458264
4124.59	0.459776
4178.52	0.461595
4222.99	0.462381
4240.96	0.472776
4277	0.472335
4325.51	0.47136
4363.84	0.467758
4394.46	0.467447
4364.46	0.556078
4364.66	0.556493
4396.09	0.557101
4432.23	0.558735
4456.44	0.559771
4467.43	0.567954
4497.61	0.568707
4529.66	0.57209
4552.95	0.573486
4562.04	0.583641
4586.84	0.583957
4615.03	0.58557
4636.89	0.586125
4644.86	0.590306
4664.54	0.590616
4688.57	0.593487
4706.57	0.596671
4715.53	0.60061
4732.95	0.601144
4754.2	0.610411
4771.36	0.618348
4775.89	0.62896
4785.66	0.630859
4794.38	0.640702
4325.68	0.579637
4350.93	0.579721
4387.42	0.58135
4423.24	0.583128
4459.66	0.58412
4494.03	0.586443
4526.89	0.588346
4558.61	0.589841
4586.98	0.592438
4614.73	0.594081
4640.21	0.596846
4664.82	0.598976
4687.4	0.605253
4711.14	0.610065
4734.2	0.616852
4755.12	0.627317
4773.71	0.639793
4790.14	0.653537
4802.54	0.670527
4810.38	0.681512
2921.98	0.414118
2926.92	0.419298
2947.45	0.419513
3031.78	0.424801
3088.09	0.428667
3111.47	0.463363
3190.83	0.463553
3261.39	0.464227
3286.02	0.490907
3353.04	0.490416
3427.84	0.492972
3455.86	0.507287
3508.72	0.506494
3586.23	0.509701
3625.55	0.510903
3658.23	0.513701
3728.78	0.513624
3778.06	0.513735
3800.83	0.524939
3858.54	0.52451
3910.09	0.524448
3927.18	0.530353
3969.37	0.529846
4010.44	0.530076
4267.04	0.540521
4299.96	0.542988
4325.31	0.545146
4342.08	0.555469
4379.03	0.55648
4415.36	0.560431
4452.07	0.562746
4470.86	0.564577
4486.84	0.566304
4517.36	0.568648
4548.73	0.571118
4576.98	0.57482
4589.66	0.578623
4604.54	0.57852
4629.85	0.581553
4654.06	0.584115
4676.93	0.585576
4686.44	0.589423
4700.5	0.589459
4721.01	0.592144
4739.76	0.593939
4752.7	0.59472
2883.28	0.521254
2957.47	0.520385
3055.12	0.520645
3152.16	0.519888
3246.55	0.519558
3338.46	0.519276
3426.24	0.51969
3510.09	0.520265
3590.21	0.520944
3666.51	0.521815
3738.09	0.523214
3805.95	0.524341
3869.4	0.525832
3933.24	0.525714
3993.78	0.526231
4050.66	0.526631
4105.56	0.526435
4158.74	0.52584
4201.67	0.525857
4233.07	0.526133
3035.27	0.513869
3069.68	0.512516
3154.91	0.511801
3189.7	0.514119
3249.2	0.512936
3334.51	0.512522
3370.84	0.512637
3420.87	0.511494
3501.08	0.511468
3541.84	0.510481
3584.44	0.509323
3661.78	0.50897
3704.43	0.507805
3738.67	0.506768
3806.72	0.506126
3849.87	0.505242
3877.95	0.50509
3936.96	0.50477
3977.84	0.504408
3999.72	0.505895
4051.24	0.505345
4090.79	0.504706
4109.19	0.504942
4151.32	0.504823
4184.1	0.505558
4189.45	0.510956
4366.6	0.567846
4370.78	0.567563
4401.76	0.568855
4436.45	0.570342
4471.41	0.571898
4504.66	0.574586
4536	0.577427
4565.81	0.579837
4592	0.583181
4617.55	0.585388
4641.31	0.587918
4668.9	0.588771
4688.68	0.589389
4697.61	0.597407
4718.22	0.598024
4740.68	0.602774
4760.83	0.610966
4777.94	0.623083
4793.56	0.636425
4806.91	0.652929
4817.09	0.669664
4576.34	0.5763
4590.48	0.576455
4616.43	0.579031
4642.06	0.581549
4668.14	0.583056
4693.31	0.584886
4712.06	0.585877
4719.57	0.595398
4735.08	0.596368
4755.05	0.597986
4773.19	0.60036
4789.22	0.603493
4803.08	0.600301
4814.73	0.592213
4824.35	0.569751
4831.45	0.49935
4839.95	0.393078
4849.64	0.332361
4857.25	0.311312
4860.02	0.302298
3966.94	0.523167
4011.02	0.523405
4060.72	0.52371
4100.19	0.523478
4115.46	0.526012
4153.56	0.525821
4197.81	0.528531
4246.74	0.529434
4276.57	0.530082
4294.05	0.536845
4334.14	0.537851
4374.91	0.542126
4411.34	0.545757
4426.18	0.554096
4447.79	0.55401
4482.69	0.557439
4516.01	0.559976
4542.53	0.560944
4551.81	0.566477
4576.02	0.566549
4605.21	0.568358
4626.18	0.569273
4164.95	0.535746
4178.53	0.536829
4207.29	0.536436
4248.97	0.5375
4264.02	0.545832
4300.9	0.545702
4335.99	0.548012
4352.55	0.557371
4387.6	0.557262
4413.74	0.557266
4430.26	0.556867
4464.87	0.557213
4481.73	0.557881
4501.58	0.55752
4530.5	0.55854
4542.09	0.560744
4564.12	0.560836
4590.87	0.563219
4602.64	0.57009
4627.06	0.570579
4647.38	0.57228
4658.49	0.574308
4681.23	0.574919
4694.98	0.575934
4706.76	0.576116
4727.12	0.577217
4736.08	0.578023
4742.23	0.578005
4453.2	0.52704
4456.19	0.527134
4475.69	0.527398
4487.33	0.532976
4502.65	0.536219
4514.46	0.541948
4526.48	0.550119
4542.45	0.550189
4551.4	0.561488
4568.99	0.561763
4578.6	0.565058
4593.44	0.566096
4604.92	0.568022
4616.35	0.569245
4630.5	0.569169
4639.53	0.573126
4653.85	0.573494
4661.33	0.578692
4674.22	0.579541
4682.25	0.582772
4692.25	0.584846
4703.73	0.584746
4711.24	0.584421
4722.67	0.584201
4726.33	0.569409
4268.99	0.541892
4293.72	0.542482
4306.01	0.554355
4340.79	0.554824
4379.1	0.556982
4415.37	0.559354
4451.95	0.560887
4486	0.563907
4518.94	0.566152
4547.57	0.569705
4572.38	0.573545
4596.75	0.575551
4623.6	0.57696
4650.12	0.578328
4668.99	0.579028
4677.31	0.584441
4697.68	0.584874
4719.69	0.587436
4739.31	0.589635
4751.41	0.591302
2802.79	0.494341
2831.9	0.492712
2898.38	0.492392
2938.32	0.498713
3035.93	0.497488
3116.64	0.496014
3148.69	0.504351
3229.99	0.503096
3318.86	0.500951
3353.63	0.497534
3421.03	0.496168
3509.05	0.494287
3549.91	0.491938
3596.08	0.49069
3677.06	0.490468
3728.23	0.489249
3756.66	0.489378
3823.06	0.488896
3878.55	0.488685
3900.87	0.499023
3953.42	0.498701
4008.38	0.500745
4029.79	0.509819
4069.84	0.509127
4105.78	0.50566
3466.74	0.506141
3476.6	0.5059
3524.39	0.505072
3604.01	0.504861
3677.93	0.504881
3708.85	0.511213
3753.24	0.510397
3822.67	0.516098
3886.88	0.520932
3919.31	0.523249
3955.17	0.522415
4017.55	0.526112
4075.8	0.529865
4107.2	0.531281
4134.02	0.534425
4181.91	0.535844
4230.46	0.536868
4260.36	0.537287
4281.07	0.540701
4324.61	0.539846
4367.59	0.537211
4392.09	0.533911
4406.05	0.528539
4432.01	0.528481
3630.78	0.526384
3693.53	0.526828
3760.79	0.527281
3826.52	0.528033
3889.27	0.529384
3949.59	0.53061
4004.99	0.533131
4057.78	0.534938
4108.96	0.536154
4154.63	0.539093
4194.36	0.539767
4212.93	0.548775
4248.56	0.54866
4293.76	0.551523
4337.08	0.552359
4378.46	0.553025
4418.12	0.553376
4453.17	0.55398
4487.02	0.55433
4515.65	0.554625
