2741.12	0.352404
2749.5	0.358565
2766.31	0.361106
2791.16	0.362329
2822.99	0.362927
2860.38	0.363151
2901.89	0.363131
2946.32	0.362949
2992.67	0.362657
3040.19	0.362293
3088.3	0.361883
3136.54	0.361446
3184.51	0.360993
3231.77	0.360537
3277.73	0.360073
3321.59	0.359298
3364.03	0.358923
3405.17	0.358576
3444.75	0.358206
3482.43	0.357701
3518.1	0.35715
3551.98	0.356747
3584.36	0.356384
3615.4	0.355974
3645.22	0.355497
3673.84	0.35493
3700.82	0.354254
3723.86	0.351258
3746.28	0.350471
3767.61	0.34968
3787.82	0.348729
3806.89	0.347591
3824.75	0.346244
3841.51	0.344679
3857.37	0.342896
3872.63	0.340927
3887.63	0.338831
3902.1	0.336608
3915.9	0.334307
3928.99	0.331977
3941.34	0.329662
3952.91	0.327391
3963.66	0.32517
3973.5	0.322984
3982.33	0.320804
3990.05	0.318596
3996.51	0.31634
4001.59	0.314053
4005.1	0.31184
4006.9	0.310075
2732.12	0.356015
2740.51	0.365255
2757.66	0.370826
2783.5	0.374845
2816.68	0.377897
2855.39	0.380142
2898.05	0.381729
2943.36	0.382781
2990.39	0.383421
3038.4	0.383756
3086.89	0.383874
3135.46	0.383838
3183.8	0.383678
3231.6	0.38338
3278.27	0.382886
3321.42	0.380242
3363.69	0.379934
3405.03	0.379771
3444.89	0.379573
3482.65	0.378887
3518.04	0.378047
3551.64	0.3779
3583.79	0.378024
3614.67	0.378313
3644.46	0.378718
3673.46	0.379128
3702.71	0.379128
3722.45	0.369081
3745.3	0.365039
3766.64	0.36421
3786.87	0.363305
3805.99	0.362043
3823.7	0.360284
3840.25	0.358197
3855.8	0.35574
3870.68	0.352995
3885.93	0.350175
3900.5	0.346655
3914.33	0.342731
3927.41	0.338697
3939.76	0.334803
3951.34	0.33123
3962.12	0.328068
3972.03	0.325304
3980.94	0.322859
3988.73	0.320622
3995.3	0.318502
4000.48	0.316452
4004.09	0.314482
4005.94	0.312818
2714.14	0.360294
2722.25	0.373829
2739.77	0.383921
2767.89	0.392168
2804.14	0.399171
2845.71	0.405603
2890.69	0.410618
2937.78	0.414307
2986.1	0.416907
3035.07	0.418665
3084.25	0.419801
3133.39	0.420479
3182.33	0.420789
3231.19	0.420686
3280.85	0.419778
3320.66	0.40769
3362.76	0.407191
3404.79	0.406918
3445.51	0.406196
3483.58	0.403965
3518.07	0.400884
3551.02	0.400268
3582.72	0.400251
3613.26	0.400588
3642.67	0.401179
3671	0.402015
3698.32	0.403305
3723.23	0.406529
3743.88	0.396569
3764.82	0.391852
3785.06	0.39145
3804.54	0.390863
3821.82	0.387668
3838	0.385731
3852.89	0.383388
3866.35	0.380541
3882.88	0.378672
3897.58	0.37324
3911.37	0.366033
3924.4	0.357938
3936.7	0.349706
3948.27	0.34198
3959.1	0.335429
3969.12	0.330316
3978.18	0.326503
3986.13	0.323658
3992.88	0.321464
3998.35	0.319676
4002.17	0.318068
4004.13	0.316682
2687.46	0.36426
2694.08	0.383125
2710.75	0.398904
2743.61	0.412646
2785.46	0.42365
2831.81	0.431771
2880.41	0.437315
2930.13	0.440808
2980.32	0.442786
3030.6	0.443701
3080.71	0.443898
3130.5	0.44362
3179.88	0.443035
3228.86	0.442268
3277.52	0.441482
3316.34	0.439443
3360.58	0.437563
3404.5	0.437403
3447.38	0.436023
3486.66	0.431678
3518.15	0.429996
3550.08	0.428854
3581.24	0.428513
3611.36	0.428832
3640.31	0.429857
3667.9	0.431873
3694.65	0.435411
3719.62	0.44085
3741.52	0.448574
3763.37	0.452272
3782.96	0.452588
3804.82	0.456173
3820.15	0.445403
3836.28	0.444669
3851.31	0.44586
3865.58	0.444391
3880.13	0.435633
3894.03	0.42936
3907.55	0.421473
3920.35	0.409069
3932.48	0.391967
3943.91	0.373593
3954.72	0.356946
3964.87	0.343803
3974.15	0.334463
3982.26	0.328589
3989.22	0.325344
3995.29	0.323587
3999.49	0.322205
4001.63	0.321041
2653.57	0.365349
2655.39	0.389774
2664.63	0.418284
2709.62	0.435148
2761.72	0.447309
2815.07	0.455415
2868.39	0.460494
2921.32	0.463506
2973.7	0.465174
3025.48	0.465997
3076.61	0.466307
3127.06	0.466322
3176.81	0.466198
3225.78	0.466077
3273.86	0.466144
3320.71	0.466728
3357.53	0.4639
3403.98	0.463706
3451.56	0.462721
3486.95	0.470686
3517.67	0.466624
3549.04	0.465709
3579.93	0.465422
3609.88	0.465448
3638.58	0.465795
3664.69	0.466542
3692.1	0.468582
3717.09	0.472179
3740.11	0.476035
3762.1	0.478283
3783.28	0.480187
3800.54	0.47769
3819.09	0.480462
3834.34	0.480349
3849.28	0.481885
3863.55	0.481727
3877.16	0.479161
3890.17	0.477603
3903.93	0.478862
3916.53	0.477096
3928.25	0.470096
3939	0.453505
3949.42	0.425458
3959.57	0.388329
3969.09	0.357957
3977.17	0.338957
3984.03	0.331157
3991.6	0.328759
3996.35	0.327185
3998.7	0.326011
2617.25	0.364862
2608.68	0.386332
2582	0.431996
2667.93	0.45731
2736.15	0.467416
2797.75	0.473022
2856.09	0.475893
2912.34	0.47718
2966.93	0.477584
3020.17	0.477524
3072.29	0.477241
3123.39	0.476875
3173.48	0.476514
3222.51	0.476226
3270.29	0.47608
3316.41	0.476168
3359.97	0.476608
3401.06	0.475702
3442.96	0.476244
3480.51	0.479187
3514.68	0.481152
3547.33	0.483257
3578.7	0.485178
3608.81	0.487054
3637.79	0.488978
3666.18	0.490763
3690.49	0.489911
3715.03	0.491895
3738.26	0.494092
3760.15	0.496029
3780.78	0.498056
3800.13	0.500711
3816.39	0.500143
3832.02	0.501315
3847.06	0.503902
3861.2	0.506344
3876.63	0.509028
3887.48	0.510455
3900.65	0.514056
3913.09	0.51702
3925.03	0.518468
3934.97	0.514218
3945.09	0.500084
3954.6	0.468312
3964.04	0.422117
3972.65	0.381187
3981.17	0.348958
3988.31	0.337177
3993.15	0.333418
3995.63	0.331682
2588.97	0.363656
2579.6	0.380926
2557.91	0.453135
2642.96	0.476897
2716.42	0.480672
2782.93	0.482091
2845.13	0.482142
2904.2	0.481525
2960.62	0.480661
3015.06	0.479778
3067.99	0.478974
3119.66	0.47829
3170.12	0.477747
3219.33	0.47736
3267.15	0.477144
3313.41	0.477113
3358.05	0.47727
3396.03	0.477274
3437.35	0.477562
3476.06	0.478518
3511.86	0.479607
3545.51	0.480989
3577.34	0.482613
3607.49	0.484435
3636.18	0.486383
3663.58	0.488376
3689.13	0.490409
3713.77	0.492839
3737.14	0.495322
3758.79	0.497905
3778.99	0.500625
3797.84	0.503563
3815	0.506878
3830.77	0.510797
3844.04	0.513903
3860.97	0.51801
3873.54	0.519489
3885.73	0.523973
3897.3	0.52812
3909.21	0.533206
3922.44	0.542031
3933.55	0.552696
3942.92	0.558789
3951.17	0.557752
3959.44	0.535201
3968.53	0.461103
3977.77	0.371242
3985.03	0.346787
3989.93	0.339899
3992.62	0.337399
2569.63	0.360993
2562.43	0.374633
2547.91	0.468876
2628.63	0.487575
2702.74	0.487172
2771.55	0.486189
2836.37	0.484947
2897.75	0.48367
2955.29	0.482504
3010.39	0.481545
3063.85	0.480774
3115.96	0.480177
3166.78	0.47975
3216.24	0.479497
3264.22	0.479426
3310.64	0.47955
3355.57	0.479871
3399.45	0.480363
3432.85	0.479011
3473.01	0.479257
3509.63	0.480411
3543.94	0.481874
3576.08	0.48359
3606.05	0.48556
3634.27	0.487762
3661.22	0.490128
3687.1	0.492628
3712.19	0.495174
3736.17	0.497746
3757.29	0.500498
3776.98	0.50371
3795.67	0.507207
3813.47	0.511019
3828.73	0.5134
3843.89	0.516497
3858.13	0.516932
3871.63	0.518541
3885.08	0.522069
3896.91	0.528431
3909.98	0.536874
3922.2	0.547602
3932.76	0.560963
3941.96	0.576224
3948.54	0.584994
3957.47	0.549609
3966.44	0.445765
3974.99	0.375197
3981.95	0.352759
3986.62	0.345067
3989.92	0.342199
2557.08	0.355367
2552.1	0.366699
2542.62	0.480601
2619.97	0.495295
2693.39	0.493844
2763.17	0.492483
2830.04	0.491239
2894.12	0.490042
2951.33	0.488338
3006.27	0.487514
3059.9	0.486921
3112.35	0.486488
3163.53	0.486193
3213.31	0.486035
3261.51	0.486026
3307.97	0.486189
3352.68	0.486554
3395.53	0.487171
3435.76	0.488227
3471.95	0.486834
3508.16	0.487971
3542.96	0.489379
3575.41	0.490947
3604.78	0.492584
3632.01	0.494918
3658.35	0.497669
3684.24	0.500639
3710.11	0.503605
3736.44	0.506214
3755.64	0.505483
3774.38	0.507466
3792.82	0.508513
3809.34	0.509024
3827.3	0.510021
3842.99	0.512573
3857.46	0.515881
3871.5	0.51926
3884.34	0.52417
3897.32	0.532461
3909.84	0.542859
3921.87	0.555259
3931.68	0.566456
3940.5	0.581608
3948.75	0.607354
3956.24	0.615719
3964.21	0.524536
3973.01	0.405
3980.4	0.361932
3985.41	0.350506
3988.17	0.345942
2549.1	0.34324
2545.76	0.353977
2539.42	0.495501
2614.3	0.508051
2686.67	0.506624
2756.68	0.505489
2825.45	0.504522
2896.32	0.503336
2948.62	0.498934
3002.38	0.497625
3056.01	0.496858
3108.82	0.496259
3160.46	0.495729
3210.69	0.495257
3259.2	0.494856
3305.71	0.494561
3350.26	0.494428
3392.81	0.494501
3433.13	0.494827
3469.41	0.495361
3506.62	0.496334
3542.82	0.497222
3576.29	0.498228
3604.14	0.497834
3629.13	0.498454
3654.43	0.500145
3679.87	0.500104
3706.08	0.501196
3730.44	0.502022
3751.48	0.501334
3770.42	0.501051
3790.46	0.502426
3808.68	0.504824
3826.39	0.508159
3840.2	0.51113
3856.56	0.515583
3871.1	0.521918
3884.88	0.529978
3896.45	0.537147
3908.42	0.54395
3919.85	0.55281
3930.89	0.56481
3940.37	0.581757
3948.53	0.608251
3955.59	0.624878
3963.05	0.545578
3971.67	0.417278
3979.13	0.365483
3984.21	0.352582
3986.83	0.347519
2543.98	0.317667
2541.74	0.331422
2537.35	0.499736
2610.31	0.509963
2681.39	0.50768
2750.48	0.505446
2817.69	0.503295
2882.66	0.501172
2941	0.498855
2997.17	0.497452
3052.05	0.496266
3105.77	0.495231
3158.28	0.494352
3209.42	0.493651
3258.7	0.493157
3305.17	0.492992
3349.61	0.493012
3392.33	0.493213
3433.48	0.493606
3473.97	0.494151
3505.19	0.494622
3545.68	0.495768
3574.26	0.493582
3601.81	0.494503
3628.12	0.495477
3652.84	0.496781
3680.38	0.498388
3703.6	0.498401
3725.79	0.498757
3748.01	0.499411
3768.05	0.500635
3788.32	0.502598
3806.92	0.505957
3822.47	0.509513
3839.35	0.514182
3855.78	0.519944
3869.73	0.525456
3883.3	0.532443
3895.9	0.53867
3906.26	0.543461
3919.03	0.551864
3929.9	0.565753
3939.74	0.582174
3947.99	0.607703
3954.96	0.622699
3962.27	0.542645
3970.75	0.41624
3978.14	0.365496
3983.18	0.35269
3985.75	0.347605
2540.5	0.284755
2539.07	0.304111
2535.93	0.499548
2607.36	0.507918
2677.21	0.505472
2745.21	0.503062
2811.15	0.500767
2874.6	0.498583
2934.56	0.496512
2992.17	0.494776
3048.13	0.493273
3102.77	0.491978
3156.26	0.490889
3208.72	0.490015
3259.71	0.489397
3305.35	0.488056
3349.34	0.488028
3392.02	0.488239
3433.07	0.488628
3471.9	0.489166
3508.35	0.489783
3540.78	0.489122
3571.94	0.489565
3599.8	0.49116
3626.73	0.493075
3652.3	0.494095
3676.54	0.495031
3701.3	0.496826
3724.21	0.499334
3746.03	0.502287
3767.42	0.505657
3786.22	0.507857
3803.59	0.510855
3820.8	0.513692
3837.3	0.51614
3853.6	0.51914
3868.47	0.520104
3882.64	0.523402
3895.55	0.531569
3907.27	0.542214
3918.31	0.554243
3928.19	0.567462
3938.89	0.582698
3947.36	0.606872
3954.35	0.618651
3961.65	0.535263
3970.07	0.411686
3977.36	0.36412
3982.34	0.351914
3984.87	0.347035
2538.24	0.265059
2537.21	0.29122
2534.93	0.505698
2605.15	0.512835
2673.95	0.510539
2741.01	0.508416
2806.1	0.506551
2868.97	0.504973
2929.38	0.503703
2987.71	0.502665
3044.36	0.501791
3099.66	0.501047
3153.99	0.500399
3208.15	0.499774
3264.7	0.498939
3305.78	0.495962
3348.96	0.495479
3391.88	0.495192
3433.4	0.494935
3470.7	0.494346
3505.38	0.494677
3537.56	0.495641
3571.37	0.496688
3597.2	0.494433
3623.67	0.494619
3650.05	0.495944
3674.96	0.497609
3699.27	0.499535
3722.13	0.501916
3742.91	0.503826
3764.59	0.505403
3784.21	0.507116
3800.43	0.508636
3819.14	0.512322
3836.22	0.514579
3850.81	0.516208
3866.86	0.520253
3881.46	0.525174
3894.6	0.53147
3906.6	0.540042
3917.62	0.552499
3928.02	0.566915
3938.46	0.582058
3946.87	0.605279
3953.83	0.614122
3961.14	0.527583
3969.53	0.406883
3976.73	0.362507
3981.64	0.350936
3984.14	0.346317
2536.91	0.263649
2536.07	0.292189
2534.23	0.511719
2603.59	0.517309
2671.58	0.514876
2737.89	0.512587
2802.35	0.510504
2864.83	0.508622
2925.3	0.506927
2983.9	0.505388
3040.87	0.503987
3096.4	0.50272
3150.7	0.501589
3203.89	0.5006
3255.63	0.499772
3302.15	0.499257
3347.45	0.499189
3392.57	0.499125
3438.97	0.499004
3472.32	0.496887
3504.86	0.496905
3538.85	0.497198
3566.07	0.498081
3596.73	0.499975
3622.83	0.499752
3648.49	0.50022
3672.82	0.500898
3697.86	0.501804
3720.92	0.502834
3743.62	0.504587
3763.15	0.505871
3780.04	0.507315
3796.65	0.507664
3815.37	0.507075
3833.53	0.508389
3849.36	0.510939
3866.2	0.515066
3880.99	0.521338
3894.1	0.529625
3905.6	0.540473
3915.81	0.552458
3928.1	0.565046
3938.29	0.580456
3946.54	0.602978
3953.41	0.609698
3960.71	0.520946
3969.07	0.402782
3976.19	0.361075
3981.05	0.35004
3983.51	0.345655
2536.14	0.268259
2535.42	0.297215
2533.81	0.511534
2602.69	0.51594
2670.1	0.513475
2735.78	0.511098
2799.68	0.508866
2861.77	0.506784
2922.1	0.504856
2980.71	0.50309
3037.73	0.501494
3093.25	0.500072
3147.31	0.49882
3199.86	0.49773
3250.52	0.496784
3298.46	0.495969
3344.81	0.495445
3390.59	0.495133
3437.58	0.494945
3469.93	0.49211
3501.1	0.492385
3535.1	0.49325
3569.89	0.494135
3593.9	0.49241
3619.87	0.491716
3647.52	0.493053
3674.42	0.495111
3698	0.49577
3720.49	0.498223
3742.46	0.500448
3759.63	0.500703
3777.84	0.500484
3796.9	0.502014
3814.86	0.504986
3831.43	0.508957
3850	0.513821
3865.84	0.51597
3880.47	0.521523
3893.44	0.528573
3904.15	0.538583
3917.13	0.549444
3928.57	0.562454
3938.31	0.578447
3946.31	0.600371
3953.06	0.605711
3960.34	0.515547
3968.66	0.39949
3975.72	0.359895
3980.52	0.349286
3982.96	0.345097
2535.8	0.273276
2535.17	0.300722
2533.72	0.503612
2602.52	0.507279
2669.57	0.50513
2734.62	0.503022
2797.92	0.500918
2859.56	0.498908
2919.62	0.49701
2978.09	0.495251
3035.02	0.493648
3090.42	0.492208
3144.24	0.490929
3196.47	0.489793
3246.85	0.488789
3295.04	0.48793
3341.4	0.487312
3385.96	0.486877
3428.48	0.486385
3467.51	0.48508
3493.07	0.484427
3529.07	0.484123
3561.56	0.484196
3588.73	0.48359
3617.99	0.484398
3645.72	0.486402
3673.03	0.488443
3699.24	0.490547
3719.7	0.490971
3738.81	0.492353
3759.16	0.491536
3778.49	0.493979
3797.41	0.496715
3815.59	0.499665
3833.07	0.503022
3850.47	0.506836
3866.58	0.511553
3881.02	0.517761
3894.28	0.525573
3906.37	0.53536
3918.23	0.546602
3928.99	0.560009
3938.32	0.576485
3946.09	0.59791
3952.72	0.602153
3959.97	0.510962
3968.27	0.396794
3975.27	0.358902
3980.03	0.348651
3982.45	0.344626
2535.8	0.279483
2535.29	0.308874
2533.97	0.494536
2603.36	0.497569
2670.2	0.495606
2734.34	0.49382
2796.89	0.492057
2857.97	0.490323
2917.69	0.488681
2975.93	0.487168
3032.7	0.485804
3087.96	0.484605
3141.54	0.48358
3193.63	0.482719
3244.04	0.482037
3292.09	0.481586
3338.36	0.481367
3381.92	0.481397
3421.39	0.4811
3459	0.480848
3492.54	0.480961
3524.99	0.480523
3556.95	0.481406
3586.9	0.482241
3616	0.483494
3642.7	0.485093
3671.09	0.487094
3698.2	0.489213
3718.9	0.488852
3737.21	0.489362
3758.08	0.491627
3777.93	0.494149
3797.03	0.496703
3815.39	0.499472
3833.14	0.502666
3850.53	0.506438
3867.27	0.511005
3881.04	0.516516
3894.55	0.524086
3907.07	0.533371
3918.68	0.544538
3929.11	0.558082
3938.17	0.574853
3945.77	0.595877
3952.32	0.598841
3959.56	0.506547
3967.85	0.394321
3974.82	0.358002
3979.56	0.348085
3981.97	0.344211
2536.04	0.28885
2535.68	0.330558
2534.67	0.492071
2605.95	0.493736
2672.67	0.491149
2734.77	0.488782
2796.38	0.487115
2856.75	0.485554
2916.2	0.484096
2974.1	0.482778
3030.74	0.481613
3085.97	0.480613
3139.04	0.479805
3191.13	0.479164
3242.22	0.47869
3289.5	0.477462
3336.57	0.476859
3376.57	0.476175
3417.23	0.476276
3454.56	0.476867
3489.12	0.477831
3521.88	0.479238
3554.06	0.480969
3584.73	0.482898
3614.23	0.484995
3642.96	0.487133
3668.83	0.487804
3694.99	0.489312
3714.2	0.489635
3734.78	0.490872
3756.44	0.492802
3776.56	0.495172
3795.79	0.497647
3814.19	0.500429
3831.91	0.503745
3849.57	0.507661
3867.29	0.512199
3879.58	0.516439
3894.07	0.523268
3906.93	0.532185
3918.54	0.543231
3928.85	0.556819
3937.77	0.573717
3945.27	0.594354
3951.8	0.595523
3959.09	0.5017
3967.41	0.391771
3974.35	0.357113
3979.08	0.347549
3981.48	0.343823
2536.33	0.298352
2536.14	0.35639
2535.79	0.498099
2612.25	0.498196
2678.92	0.495383
2734.82	0.492266
2796.17	0.490321
2855.44	0.488677
2915.19	0.487317
2972.42	0.486059
3028.98	0.485051
3084.91	0.48419
3136.24	0.4829
3188.28	0.48228
3236.08	0.481717
3287.75	0.481767
3339.86	0.481643
3376.58	0.477351
3414.89	0.477359
3451.38	0.477669
3485.96	0.478282
3517.82	0.479065
3551.12	0.480535
3582.17	0.482261
3611.65	0.484119
3639.61	0.486048
3665.52	0.488042
3690.25	0.490252
3712.47	0.492446
3735.23	0.494829
3754.76	0.495339
3774.51	0.497188
3793.79	0.498901
3812.07	0.500922
3829.11	0.503771
3846.86	0.507521
3864.45	0.511945
3880.28	0.517648
3893.48	0.522724
3906.29	0.531613
3917.94	0.542589
3928.23	0.556163
3937.09	0.573112
3944.55	0.593405
3951.12	0.591991
3958.52	0.496015
3966.91	0.38901
3973.86	0.356196
3978.6	0.347021
3981	0.343451
2536.47	0.298846
2536.25	0.347124
2535.41	0.499382
2608.28	0.500324
2675.53	0.497923
2739.42	0.495853
2797.15	0.493318
2852.71	0.491142
2915.68	0.488922
2970.35	0.487008
3026.73	0.485692
3078.3	0.484351
3133.41	0.483299
3185.41	0.482543
3234.97	0.48203
3284.13	0.481699
3331.52	0.481507
3373.63	0.481581
3413.88	0.482388
3449.54	0.482703
3483.53	0.484165
3517.7	0.485831
3548.87	0.485603
3579.61	0.48689
3609.02	0.488212
3636.72	0.48955
3661.83	0.491007
3683.07	0.492298
3708.64	0.493289
3731.73	0.494345
3752.78	0.495363
3771.76	0.496728
3791.85	0.498231
3810.17	0.500692
3827.3	0.503874
3842.63	0.507406
3861.67	0.511296
3878.16	0.516482
3891.88	0.523702
3905.06	0.531692
3916.95	0.542492
3927.3	0.556057
3936.13	0.573091
3943.56	0.593194
3950.26	0.588162
3957.86	0.489496
3966.36	0.386103
3973.35	0.355271
3978.1	0.346516
3980.5	0.343104
2536.52	0.305215
2536.31	0.362559
2535.64	0.506541
2609.12	0.506885
2674.7	0.504262
2739.17	0.50204
2797.14	0.500666
2858.21	0.498999
2910.73	0.497524
2967.05	0.496642
3024.94	0.495577
3079.08	0.494517
3132.41	0.493374
3183.69	0.492601
3232.91	0.492186
3280.87	0.492044
3327.04	0.492362
3371.11	0.493234
3416.02	0.493769
3447.9	0.491523
3479.47	0.49234
3514.11	0.493929
3546.39	0.495738
3577.64	0.497595
3607.6	0.499297
3636.52	0.500194
3659.26	0.499026
3683.08	0.500354
3707.05	0.501252
3729.85	0.502709
3751.4	0.504394
3772.13	0.506094
3790.07	0.506449
3807.82	0.50819
3823.73	0.51081
3842.79	0.512594
3859.72	0.515104
3877.04	0.519666
3892.53	0.526698
3903.36	0.533142
3915.75	0.543111
3926.12	0.556655
3934.88	0.573861
3942.21	0.594302
3949.25	0.584277
3957.15	0.482796
3965.79	0.383383
3972.82	0.354437
3977.59	0.34608
3980.01	0.342813
2536.37	0.321031
2536.26	0.391618
2536.66	0.507985
2617.08	0.507006
2674.24	0.506164
2731.6	0.504458
2794.96	0.502876
2855.87	0.501028
2914.02	0.499366
2973.59	0.497898
3025.86	0.496951
3079.6	0.496265
3132.32	0.495727
3182.87	0.494951
3230.89	0.494366
3278.14	0.493955
3323.38	0.493728
3366.43	0.493702
3407.72	0.493806
3444.4	0.494145
3479.97	0.495073
3511.48	0.494352
3543.58	0.494639
3573.39	0.494728
3603.64	0.495038
3631.84	0.495331
3657.44	0.495601
3681.23	0.496786
3705.8	0.498138
3728.48	0.499839
3749.92	0.50169
3770.05	0.503803
3788.64	0.506378
3807.24	0.509693
3824.85	0.513945
3842.93	0.518842
3860.73	0.524662
3876.01	0.527125
3890.73	0.533744
3903.85	0.542185
3914.78	0.550723
3924.8	0.562547
3933.34	0.577493
3940.21	0.596856
3948.21	0.581085
3956.46	0.477688
3965.23	0.381467
3972.3	0.35385
3977.1	0.345785
3979.52	0.342622
2535.81	0.304772
2535.52	0.363157
2534.76	0.503692
2606.29	0.504273
2670.3	0.501464
2732.12	0.499156
2794.35	0.497342
2855.41	0.495584
2914.91	0.494003
2973.32	0.492686
3028.76	0.491564
3082.66	0.490804
3133.27	0.490154
3183.43	0.489765
3228.44	0.489735
3276.17	0.489788
3320.6	0.489553
3362.21	0.489129
3402.68	0.488609
3440.67	0.487733
3475.37	0.486984
3508.97	0.48711
3541	0.488023
3571.64	0.489096
3601.42	0.490467
3629.74	0.491895
3656.16	0.493535
3682.21	0.495345
3704.9	0.49596
3726.85	0.497186
3748.2	0.498305
3767.98	0.499456
3785.64	0.501054
3806.06	0.50249
3823.9	0.505134
3841.73	0.508623
3859.25	0.51267
3875.13	0.517488
3889.88	0.524165
3903	0.53268
3913.91	0.544016
3924.24	0.556594
3933.16	0.573383
3940.64	0.59274
3947.85	0.579572
3955.98	0.476407
3964.75	0.380728
3971.82	0.353527
3976.62	0.345595
3979.04	0.342491
2535.16	0.292453
2534.76	0.332657
2533.58	0.498061
2602.24	0.500122
2667.78	0.497666
2731.38	0.49549
2794.02	0.493598
2855.55	0.49188
2915.87	0.490328
2974.97	0.488918
3032.07	0.487642
3084.96	0.48648
3135.84	0.485809
3186.32	0.485336
3232.3	0.483599
3276.19	0.482424
3317.33	0.481207
3360.41	0.479892
3400.11	0.480162
3437.79	0.480577
3472.8	0.481281
3506.53	0.482342
3538.32	0.483665
3569.25	0.485079
3599.16	0.486604
3628.01	0.488192
3653.72	0.488509
3679.48	0.48926
3703.33	0.489597
3726.71	0.490458
3748.59	0.49256
3768.98	0.494838
3788.11	0.497333
3807.07	0.50003
3824.55	0.50335
3839.12	0.50766
3857.66	0.512088
3873.58	0.517818
3888.87	0.52477
3902.53	0.533472
3914.82	0.544102
3923.31	0.555388
3932.73	0.571509
3940.45	0.589366
3947.52	0.577241
3955.6	0.474546
3964.33	0.379527
3971.36	0.352838
3976.15	0.345104
3978.58	0.342103
2534.65	0.285309
2534.2	0.317595
2532.96	0.499331
2600.53	0.501998
2666.4	0.499765
2730.73	0.497653
2793.86	0.49568
2855.9	0.493842
2916.99	0.492132
2977.5	0.490553
3038.47	0.48909
3088.09	0.486249
3137.59	0.484892
3185.28	0.483433
3233.33	0.48212
3278.25	0.481536
3322.3	0.481404
3360.53	0.48043
3398.07	0.480317
3436.11	0.47998
3469.98	0.480882
3504.52	0.482182
3534.98	0.482274
3566.33	0.483155
3596.41	0.48373
3623.32	0.48416
3651.62	0.485147
3677.95	0.486797
3702.76	0.488653
3726.48	0.490675
3748.87	0.492813
3769.64	0.4951
3789.17	0.497742
3807.92	0.500807
3824.88	0.50274
3841.06	0.506146
3856.96	0.510429
3870.96	0.516385
3887.74	0.522774
3901.71	0.530768
3913.77	0.540874
3924	0.55327
3932.33	0.568945
3939.98	0.585638
3947.12	0.570334
3955.3	0.466311
3963.97	0.375403
3970.91	0.350744
3975.7	0.343652
3978.13	0.340942
2534.32	0.283385
2533.85	0.317223
2532.65	0.504611
2599.81	0.507266
2665.75	0.504937
2730.42	0.50271
2793.88	0.500606
2856.23	0.498623
2917.62	0.496789
2978.45	0.495114
3039.87	0.493584
3089.63	0.492044
3139.79	0.491195
3188.87	0.490338
3236.18	0.489506
3279.83	0.48875
3321.91	0.488554
3361.85	0.488724
3402.07	0.489
3437.1	0.489035
3465.02	0.486738
3499.23	0.48666
3532.47	0.487416
3563.92	0.488198
3593.86	0.489093
3622.25	0.490181
3649.88	0.491111
3676.34	0.492263
3701.69	0.493445
3726.01	0.494555
3749.18	0.495608
3769.98	0.49542
3789.41	0.496288
3807.04	0.497631
3825.18	0.499717
3841.97	0.503064
3857.9	0.507254
3872.85	0.51253
3887.67	0.518761
3901.05	0.526808
3912.82	0.536817
3922.92	0.549235
3931.17	0.563876
3939.15	0.57653
3946.72	0.548226
3955.18	0.442125
3963.63	0.366171
3970.35	0.346411
3975.23	0.340738
3977.71	0.338585
2534.15	0.283915
2533.7	0.320508
2532.54	0.507131
2599.61	0.509702
2665.63	0.507389
2730.48	0.50518
2794.13	0.503114
2856.56	0.5012
2917.79	0.499437
2977.72	0.49782
3035.89	0.496375
3089.7	0.495281
3141.93	0.494267
3193.04	0.493495
3241.5	0.49311
3281.75	0.49198
3322.4	0.492055
3361.6	0.49213
3397.15	0.492292
3433.46	0.493129
3466.05	0.494106
3499	0.494766
3531.3	0.495532
3562.4	0.496646
3592.26	0.497986
3620.88	0.499488
3648.44	0.501022
3674.96	0.502687
3700.69	0.504406
3725.88	0.506006
3751.63	0.507167
3770.82	0.505214
3789.51	0.50635
3807.54	0.50815
3825.17	0.510187
3842.05	0.512541
3858.07	0.515262
3873.12	0.518503
3887.28	0.522074
3900.22	0.525912
3911.81	0.529287
3922.07	0.529513
3931.36	0.519318
3938.43	0.493687
3946.89	0.433954
3955.44	0.375221
3963.12	0.350515
3969.32	0.340472
3974.76	0.336879
3977.34	0.335373
2534.13	0.284732
2533.7	0.322276
2532.57	0.505233
2599.74	0.507637
2665.91	0.505289
2730.93	0.503023
2794.7	0.500884
2857.17	0.498882
2918.24	0.497023
2977.7	0.49532
3035.18	0.493792
3090.25	0.492437
3144.07	0.491292
3198.67	0.490325
3240.55	0.487701
3284.44	0.487067
3323.81	0.486002
3361.72	0.486108
3397.51	0.4865
3432.28	0.487162
3465.46	0.48774
3498.12	0.488495
3530	0.489259
3560.79	0.490026
3590.54	0.490788
3619.19	0.49156
3646.69	0.492354
3672.98	0.493122
3698.85	0.493719
3723.8	0.494261
3747.89	0.494592
3769.77	0.493975
3789.02	0.495322
3807.23	0.497394
3824.86	0.499952
3842.02	0.503033
3858.31	0.507073
3873.37	0.512261
3887.37	0.518765
3900.17	0.526864
3911.67	0.536636
3921.84	0.547399
3930.8	0.554762
3938.91	0.541302
3946.41	0.497533
3955.32	0.395943
3963.55	0.349368
3970	0.337368
3974.7	0.334095
3977.09	0.332925
2534.26	0.285393
2533.82	0.323912
2532.69	0.510362
2600.12	0.512763
2666.53	0.510365
2731.73	0.50807
2795.63	0.505917
2858.18	0.503912
2919.25	0.502058
2978.57	0.500362
3035.74	0.498833
3090.89	0.497479
3144.16	0.496298
3194.84	0.495294
3241.55	0.494884
3290.35	0.494246
3325.38	0.491393
3362.64	0.491117
3397.53	0.49071
3431.31	0.490603
3463.99	0.490708
3496.58	0.490907
3528.35	0.49118
3558.75	0.491565
3588.41	0.492078
3617.14	0.492694
3644.62	0.493429
3669.86	0.494353
3696.37	0.495353
3720.99	0.496746
3744.75	0.498281
3769.72	0.499794
3787.94	0.498724
3805.87	0.499919
3823.34	0.501714
3841.18	0.503848
3858.04	0.506726
3872.97	0.511012
3886.93	0.515794
3899.73	0.523546
3911.23	0.533138
3921.39	0.544198
3930.3	0.553133
3938.32	0.542119
3946.19	0.467679
3955.25	0.389365
3963.57	0.347257
3970.01	0.336205
3974.47	0.333021
3976.74	0.331815
2534.52	0.285516
2534.09	0.323159
2532.94	0.510091
2600.83	0.51249
2667.59	0.510068
2733	0.507753
2797.02	0.505584
2859.72	0.503565
2921.04	0.501697
2980.55	0.499985
3037.25	0.498441
3092.29	0.497079
3145.73	0.49588
3193.8	0.494835
3239.28	0.494166
3283.48	0.493633
3323.91	0.493205
3366	0.493129
3398.03	0.491998
3430.69	0.492119
3461.3	0.492535
3494.9	0.493411
3527.4	0.494167
3556.45	0.493768
3586.3	0.494544
3615.52	0.495332
3643.51	0.496193
3670.64	0.497119
3694.26	0.496737
3717.55	0.497587
3738.9	0.498617
3763.87	0.499329
3784.79	0.500305
3803.52	0.502233
3819.7	0.504965
3840.16	0.507884
3858.03	0.510635
3874.56	0.513078
3885.9	0.515352
3898.88	0.51834
3910.46	0.519548
3920.73	0.514654
3929.92	0.493235
3938.63	0.442541
3947.7	0.381167
3955.21	0.354629
3963.28	0.339368
3969.6	0.334353
3973.98	0.332446
3976.17	0.331546
2534.93	0.285869
2534.5	0.322504
2533.33	0.50954
2601.94	0.511954
2669.2	0.509566
2734.79	0.50732
2798.84	0.505234
2861.68	0.503293
2923.6	0.501496
2984.29	0.499886
3039.34	0.498755
3094.14	0.497559
3151.5	0.496325
3194.23	0.493608
3237.1	0.492653
3279.18	0.491931
3319.56	0.491252
3358.82	0.490701
3394.83	0.49009
3429.41	0.490031
3463.41	0.490227
3493	0.489547
3521.82	0.489158
3554.69	0.488091
3584.09	0.488251
3614.41	0.488899
3642.46	0.490074
3668.84	0.491367
3693.64	0.492544
3717.3	0.494068
3739.93	0.495669
3762.61	0.49727
3783.74	0.498964
3803.27	0.501137
3821.6	0.503924
3840.18	0.507137
3857.79	0.511045
3872.09	0.514815
3885.84	0.521469
3898.85	0.529179
3910.66	0.539284
3921.02	0.551107
3930.04	0.561333
3938.16	0.550771
3946.6	0.471467
3955.93	0.373532
3963.42	0.346245
3969.99	0.336445
3974.53	0.333419
3976.82	0.332217
2535.49	0.287541
2535.08	0.325014
2533.92	0.507068
2603.67	0.509295
2671.68	0.506831
2737.28	0.504443
2800.98	0.502227
2863.6	0.500195
2926.39	0.498353
2992.63	0.496645
3040.63	0.493372
3092.3	0.492137
3143.92	0.490715
3191.58	0.48872
3234.78	0.487007
3276.25	0.48613
3315.76	0.485382
3355.45	0.484762
3392.6	0.484899
3427.84	0.485512
3462.15	0.486405
3491.6	0.486968
3519.97	0.488279
3554.16	0.489095
3585.78	0.490374
3614.03	0.490575
3641.55	0.49138
3667.09	0.492154
3692.62	0.493207
3716.54	0.494964
3739.37	0.496792
3761.34	0.498745
3782.7	0.500984
3802.61	0.503762
3821.62	0.507209
3839.48	0.510842
3857.22	0.515161
3870.08	0.517822
3886.86	0.522966
3898.34	0.528047
3910.67	0.537558
3921.26	0.54973
3930.34	0.563036
3938.28	0.566969
3946.05	0.520128
3954.81	0.410297
3962.42	0.350904
3970	0.338903
3974.86	0.335271
3977.27	0.333856
2536.19	0.291133
2535.82	0.33429
2534.75	0.508805
2606.36	0.510648
2675.74	0.508287
2740.78	0.50606
2803.25	0.504162
2864.34	0.502429
2924.57	0.500803
2983.65	0.499378
3036.95	0.498489
3089.24	0.49784
3141.29	0.497297
3194.7	0.496828
3233.97	0.493689
3274.65	0.49327
3315.41	0.493193
3353.21	0.492243
3390.88	0.492259
3425.77	0.49222
3458.64	0.492545
3491.15	0.492388
3523.09	0.492591
3554.7	0.492946
3585.3	0.493527
3614.26	0.494304
3641.81	0.495181
3667.49	0.496243
3691.66	0.496547
3715.35	0.497927
3738.11	0.499182
3759.11	0.500758
3781.54	0.502913
3801.25	0.504628
3819.88	0.506871
3838.64	0.509936
3856.02	0.514842
3872.52	0.520844
3885.67	0.525014
3898.53	0.531628
3910.69	0.540146
3921.3	0.553188
3930.4	0.568801
3938.35	0.580407
3945.86	0.548734
3954.5	0.43602
3963.15	0.360815
3970.32	0.343451
3975.2	0.338338
3977.65	0.3364
2536.98	0.294803
2536.68	0.346708
2535.87	0.509948
2610.45	0.510928
2683.27	0.508299
2745.97	0.50498
2806.01	0.50271
2864.97	0.500896
2922.88	0.499382
2979.4	0.498028
3033.22	0.496783
3085.34	0.495734
3136.11	0.49482
3185.15	0.493976
3229.16	0.493014
3271.53	0.49296
3312.98	0.493124
3351.59	0.493208
3387.62	0.493755
3425.65	0.494334
3460.89	0.495055
3494.76	0.495869
3525.24	0.496097
3555.34	0.496915
3585.94	0.497636
3615.22	0.498389
3643.03	0.499185
3668.96	0.500009
3691.27	0.500872
3714.15	0.502288
3736.72	0.502266
3760.37	0.503279
3780.09	0.503856
3800.08	0.506117
3817.02	0.509454
3837.45	0.513231
3853.99	0.518951
3872.08	0.525309
3887.72	0.533237
3899.92	0.539922
3910.48	0.544641
3921.11	0.557557
3930.09	0.574767
3938.31	0.591621
3945.81	0.571767
3954.35	0.461671
3963.36	0.371732
3970.61	0.34849
3975.54	0.341693
3978.03	0.339084
2537.76	0.293695
2537.48	0.351374
2536.94	0.514198
2615.35	0.514515
2699.98	0.511946
2752.96	0.508649
2808.95	0.506539
2865.69	0.504701
2921.56	0.502969
2976.78	0.501475
3030.1	0.500187
3081.64	0.499096
3131.46	0.49821
3179.42	0.497571
3224.75	0.497247
3268.07	0.497057
3308.59	0.497093
3350.23	0.49729
3389.76	0.497435
3426.95	0.497299
3463.13	0.497736
3499.22	0.498329
3527.23	0.496588
3553.84	0.497782
3587.12	0.498582
3617.07	0.49993
3645.85	0.501567
3670.62	0.502392
3693.48	0.50238
3715.52	0.503679
3739.13	0.50509
3758.36	0.506688
3781.3	0.508049
3801.77	0.51012
3820.45	0.512963
3838.46	0.51664
3854.89	0.521868
3872.36	0.527699
3887.54	0.535586
3901.08	0.545953
3910.98	0.555994
3920.82	0.563811
3928.92	0.580757
3938.23	0.599704
3945.94	0.586014
3954.41	0.479784
3963.55	0.380669
3970.93	0.352738
3975.94	0.344644
3978.46	0.341466
2538.44	0.280917
2537.95	0.318218
2536.8	0.513552
2612.89	0.515744
2687.57	0.513298
2753.7	0.511111
2809.62	0.508906
2866.51	0.507188
2920.06	0.505394
2975.87	0.503847
3028.58	0.50268
3079.43	0.501823
3128.5	0.501187
3176.55	0.500796
3220.99	0.500714
3265.75	0.500822
3308.38	0.50099
3350.75	0.501103
3394.18	0.501218
3428.48	0.49959
3464.54	0.499926
3500.91	0.500344
3531.21	0.500009
3561.06	0.500126
3590.14	0.499333
3618.61	0.499404
3644.54	0.499885
3669.81	0.500446
3695.97	0.501588
3719.63	0.503218
3742.38	0.504998
3763.55	0.507101
3784.68	0.509408
3804.68	0.512397
3823.45	0.516174
3840.72	0.520856
3857.16	0.527321
3873.12	0.535152
3887.24	0.540373
3900.87	0.548902
3912.7	0.55949
3921.24	0.566961
3930.54	0.581487
3938.89	0.603285
3946.39	0.594694
3954.74	0.491138
3963.91	0.386809
3971.38	0.355702
3976.45	0.346785
3979.01	0.343225
2539.21	0.269327
2538.41	0.295239
2536.6	0.513096
2610.89	0.517929
2682.72	0.515542
2749.47	0.513364
2810.28	0.511395
2868.79	0.509531
2925.78	0.507827
2977.06	0.506162
3027.87	0.50504
3076.76	0.503915
3127.29	0.503033
3174.96	0.502452
3219.87	0.502131
3264.35	0.501944
3307.18	0.501867
3348.87	0.501902
3390.18	0.502027
3425.91	0.501735
3464.07	0.502321
3504.65	0.502655
3534.32	0.502286
3564.21	0.50313
3594.69	0.502782
3621.6	0.501813
3648.91	0.502518
3674.35	0.503809
3699.4	0.505291
3723.07	0.506894
3745.66	0.508683
3767.18	0.510711
3787.55	0.51294
3807.19	0.516318
3826.28	0.520626
3842.1	0.522431
3858.2	0.526655
3870.57	0.530984
3887.54	0.535761
3901.58	0.544595
3913.47	0.556283
3923.15	0.57121
3931.36	0.584255
3939.45	0.606623
3946.98	0.600405
3955.31	0.498096
3964.5	0.390646
3972.03	0.357454
3977.13	0.348048
3979.71	0.344265
2540.46	0.271898
2539.33	0.295055
2536.76	0.511817
2610.43	0.519345
2682.02	0.516877
2750.31	0.51454
2812.35	0.512575
2871.68	0.510834
2924.05	0.509404
2976.03	0.508167
3029.5	0.507145
3082.13	0.506019
3127.82	0.505071
3174.95	0.504539
3218.01	0.504298
3263.35	0.504589
3305.85	0.504441
3346.05	0.50443
3383.67	0.504718
3419.58	0.505454
3459.75	0.506177
3499.12	0.506741
3534.14	0.50778
3567.81	0.508491
3602.68	0.509556
3628.84	0.504921
3653.66	0.505635
3677.76	0.507382
3702.7	0.509272
3726.05	0.511531
3748.45	0.514189
3770.36	0.517106
3789.54	0.517465
3808.61	0.519777
3825.88	0.52283
3842.66	0.5265
3857.63	0.531323
3873.6	0.536266
3888.93	0.543338
3902.63	0.55225
3914.66	0.563173
3925.33	0.57607
3933.2	0.587006
3939.56	0.606335
3947.72	0.603686
3956.17	0.502223
3965.36	0.392687
3972.91	0.358161
3978.01	0.348502
3980.59	0.344623
2542.78	0.301644
2540.97	0.315682
2537.34	0.507066
2611.2	0.516383
2683.71	0.513962
2756.53	0.511531
2816.25	0.50912
2869.31	0.506871
2925	0.505229
2978.49	0.503879
3030.97	0.502738
3081.69	0.501718
3129.76	0.500709
3177.17	0.499963
3223.37	0.499454
3264.01	0.498822
3305.64	0.498836
3344.63	0.49882
3377.64	0.498335
3407.7	0.498351
3454.91	0.498019
3496.58	0.496909
3533.97	0.496445
3568.83	0.496866
3602.02	0.497533
3631.58	0.498196
3657.51	0.499486
3682.69	0.501432
3706.9	0.503011
3729.03	0.502756
3750.62	0.503779
3770.46	0.504761
3791.49	0.506979
3811.11	0.510324
3828.12	0.511699
3844.12	0.513106
3858.16	0.518491
3875.96	0.524389
3891.26	0.531765
3904.73	0.541082
3916.51	0.552826
3926.83	0.567225
3935.03	0.585244
3942.6	0.602029
3949.32	0.58547
3957.48	0.49975
3966.55	0.392261
3974.03	0.357835
3979.1	0.34822
3981.67	0.344385
2546.15	0.342585
2543.51	0.351223
2538.37	0.498103
2612.49	0.508382
2684.15	0.506237
2752.67	0.504153
2814.72	0.501663
2871.75	0.499834
2927.26	0.498513
2981.01	0.497364
3033.22	0.496382
3082.9	0.49568
3131.31	0.494915
3179.48	0.494184
3222.54	0.492902
3266.12	0.492226
3305.83	0.490619
3342.7	0.489947
3380.81	0.489577
3417.62	0.490884
3454.14	0.492753
3496.85	0.494181
3534.84	0.495324
3570.02	0.496524
3603.48	0.497766
3636.44	0.49889
3660.6	0.497396
3684.9	0.498252
3707.67	0.499588
3732.17	0.501538
3752.46	0.501946
3774.32	0.504105
3793.2	0.503893
3811.43	0.504705
3828.81	0.507239
3847	0.511103
3863.14	0.516328
3879.06	0.522579
3893.65	0.530384
3906.72	0.540204
3918.02	0.552908
3928.72	0.567225
3938.09	0.584264
3944.8	0.600967
3951.9	0.570356
3959.33	0.467577
3968.04	0.386954
3975.35	0.3566
3980.37	0.347488
3982.92	0.34383
2551.41	0.371511
2547.65	0.378418
2540.32	0.487995
2615.39	0.498742
2686.85	0.496946
2754.4	0.49519
2817.38	0.493538
2874.85	0.492219
2930.39	0.491125
2984.12	0.490205
3037.01	0.48934
3084.35	0.487096
3132.03	0.485943
3177.73	0.484855
3222.88	0.483024
3263.64	0.482102
3307.5	0.481711
3347.89	0.482061
3387.19	0.482682
3425.12	0.483524
3460.69	0.484651
3500.39	0.485584
3537.07	0.486958
3571.48	0.48846
3603.94	0.490128
3634.25	0.491972
3661.09	0.492858
3686.37	0.4945
3710.35	0.496237
3733.36	0.498157
3755.65	0.498766
3774.71	0.499451
3794.85	0.5009
3814.65	0.503161
3832.65	0.506404
3850.25	0.51026
3866.64	0.514932
3881.75	0.520559
3895.82	0.527948
3908.73	0.537206
3918.42	0.547485
3930.28	0.559733
3939.68	0.575338
3946.73	0.594299
3953.91	0.572738
3961.8	0.465636
3969.56	0.379512
3976.75	0.355563
3981.75	0.347063
3984.34	0.343552
2559.93	0.38568
2554.71	0.39305
2544.2	0.478451
2621.03	0.490434
2692.57	0.490004
2759.81	0.489567
2824.64	0.488918
2878.97	0.4856
2934.4	0.484623
2987.08	0.483762
3037.24	0.482531
3085.43	0.479947
3133.5	0.479151
3179.3	0.478417
3225.07	0.478572
3268.39	0.478892
3311.3	0.47941
3352.83	0.480062
3393.53	0.480881
3433.57	0.481898
3471.39	0.483475
3505.41	0.481648
3540.03	0.482601
3573.33	0.483275
3604.99	0.483916
3634.85	0.484846
3662.59	0.486909
3688.31	0.489223
3712.16	0.491312
3734.05	0.493312
3757.73	0.495712
3779.02	0.498679
3799.82	0.501918
3818.04	0.504115
3835.24	0.507156
3853.04	0.511319
3869.7	0.516803
3883.77	0.52053
3897.41	0.52683
3909.24	0.535123
3921.5	0.546353
3932.54	0.560259
3941.92	0.577704
3949.77	0.600821
3955.86	0.602371
3963.26	0.510149
3971.65	0.392942
3978.11	0.356948
3983.21	0.347555
3985.94	0.343832
2573.27	0.391977
2566.55	0.400511
2553.3	0.468973
2631.1	0.476559
2701.68	0.476822
2766.72	0.477029
2824.38	0.476928
2884.35	0.477243
2941.54	0.477266
2989.85	0.473874
3037.68	0.473087
3088.64	0.472936
3136.9	0.473107
3183.26	0.473431
3228.48	0.473923
3272.28	0.474557
3315.17	0.475356
3357.22	0.476292
3399.12	0.477312
3442.78	0.478165
3473.15	0.474125
3509.22	0.475509
3543.55	0.477188
3576.23	0.479007
3607.46	0.480889
3636.47	0.483038
3664.51	0.485279
3689.2	0.48554
3714.33	0.486994
3737.71	0.489735
3760.6	0.492501
3782.21	0.49533
3802.25	0.49839
3821.08	0.502084
3839.33	0.506378
3855.31	0.508186
3870.15	0.510964
3885.55	0.515709
3899.4	0.523027
3912.12	0.532171
3924.04	0.543374
3934.74	0.557212
3943.94	0.574837
3951.51	0.599406
3957.43	0.619066
3964.74	0.545724
3973.27	0.412695
3980.38	0.360061
3984.7	0.347393
3987.87	0.34331
2592.96	0.394804
2584.42	0.405958
2565.29	0.457556
2647.18	0.462684
2718.07	0.464896
2780.29	0.466948
2839.76	0.468568
2891.55	0.465922
2940.73	0.465314
2994.3	0.465279
3044.26	0.465327
3093.43	0.465458
3141.04	0.465607
3187.16	0.465831
3232.06	0.466156
3275.78	0.46659
3318.53	0.467141
3360.4	0.467802
3401.5	0.468555
3441.55	0.469378
3477.52	0.470126
3513.24	0.471715
3547.17	0.473761
3579	0.476074
3610.56	0.47816
3637.48	0.477712
3663.44	0.478943
3690.94	0.481242
3716.62	0.48401
3740.25	0.48725
3763.1	0.490644
3785.36	0.494095
3804.26	0.494406
3823.08	0.496528
3840.47	0.498841
3857.56	0.503008
3872.91	0.508261
3887.16	0.513856
3900.76	0.521795
3914.02	0.530444
3926.04	0.541729
3936.65	0.556041
3945.8	0.574288
3953.43	0.59878
3960.36	0.591987
3966.81	0.527041
3975.74	0.395308
3983.13	0.354824
3987.97	0.344246
3990.61	0.34039
2620.79	0.396065
2612.41	0.409917
2585.32	0.436565
2673.26	0.449706
2742.21	0.453991
2795.73	0.454162
2845.29	0.455439
2899.72	0.456985
2950.64	0.457845
3001.33	0.458471
3050.56	0.458883
3098.65	0.459211
3145.49	0.459492
3191.08	0.459776
3235.55	0.460101
3278.96	0.46049
3321.41	0.460963
3362.93	0.461534
3403.47	0.46221
3442.89	0.462996
3480.66	0.463967
3517.53	0.465256
3551.33	0.467409
3580.49	0.466935
3608.57	0.46825
3638.42	0.470348
3665.87	0.473215
3692.87	0.476067
3719.31	0.47895
3741.93	0.479386
3764.59	0.481699
3784.76	0.483779
3806.11	0.486799
3825.37	0.490369
3843.16	0.494103
3859.9	0.498051
3875.37	0.50247
3889.69	0.507732
3900.72	0.514183
3915.42	0.523162
3927.7	0.533308
3938.33	0.545045
3947.51	0.55694
3955.38	0.560977
3962.19	0.531018
3969	0.414719
3978.98	0.361235
3986.33	0.34433
3991.16	0.338298
3993.61	0.335522
2656.52	0.396562
2658.61	0.412014
2668.77	0.42869
2717.17	0.438297
2764.61	0.438131
2812.66	0.4422
2860.8	0.445267
2910.51	0.447552
2959.83	0.4492
3008.81	0.450486
3056.95	0.451544
3104.04	0.452455
3150.02	0.453214
3194.92	0.453877
3238.81	0.454501
3281.78	0.455116
3323.85	0.455771
3365	0.456508
3405.11	0.457353
3444.38	0.458208
3483.16	0.459078
3523.29	0.459854
3550.67	0.455987
3582.07	0.456948
3612.07	0.458888
3640.11	0.461748
3667.08	0.46476
3693.69	0.464988
3718.52	0.466157
3743.75	0.468743
3766.7	0.472366
3787.91	0.476004
3808.37	0.479639
3827.5	0.483134
3845.25	0.48658
3861.87	0.489513
3877.36	0.492028
3891.7	0.494099
3904.77	0.496
3917.63	0.500901
3929.48	0.503041
3940.12	0.499317
3949.72	0.481344
3958.93	0.437359
3966.57	0.384983
3974.24	0.352495
3983.14	0.340825
3989.87	0.335029
3994.38	0.331972
3996.66	0.330114
2689.61	0.39599
2696.31	0.406918
2713.13	0.415029
2746.19	0.420821
2785.73	0.425606
2828.76	0.429483
2873.95	0.432556
2920.83	0.435007
2968.43	0.437008
3016.16	0.438783
3063.34	0.440522
3109.42	0.442282
3154.46	0.443724
3198.58	0.444892
3241.75	0.445909
3284.17	0.446698
3325.85	0.447386
3366.7	0.448069
3406.13	0.449047
3444.85	0.449509
3482.73	0.449875
3519.53	0.450173
3553.13	0.449625
3583.41	0.450547
3615.87	0.451454
3641.22	0.443953
3664.44	0.441801
3694.91	0.444854
3721.62	0.448546
3746.19	0.453346
3768.92	0.457111
3790.19	0.460019
3810.39	0.462309
3829.45	0.464048
3846.97	0.466469
3863.53	0.466161
3879.08	0.463612
3893.71	0.457369
3907.85	0.445086
3919.86	0.431191
3931.79	0.41436
3942.89	0.394758
3953.03	0.375654
3961.92	0.357433
3971.49	0.344375
3979.75	0.335753
3987.31	0.331311
3993.31	0.328566
3997.42	0.326639
3999.51	0.325199
2715.44	0.394001
2723.46	0.401621
2740.71	0.406484
2768.19	0.410086
2802.73	0.413061
2842.05	0.415466
2884.66	0.417364
2929.6	0.418865
2976.02	0.420122
3023.11	0.421377
3069.83	0.42301
3114.78	0.425452
3158.72	0.427224
3202	0.428323
3244.22	0.429293
3286.03	0.429648
3327.38	0.429712
3368.47	0.429383
3406.45	0.427849
3444.75	0.427179
3481.92	0.426003
3517.52	0.423744
3549.71	0.419882
3583.25	0.41625
3614.64	0.414871
3642.98	0.411704
3670.07	0.411264
3698.34	0.412248
3725.32	0.413573
3748.99	0.418496
3771.13	0.420404
3792.13	0.420037
3812.2	0.41768
3831.63	0.41294
3848.47	0.407075
3865.15	0.401365
3880.9	0.395264
3895.62	0.388031
3908.73	0.378463
3922.67	0.370051
3935.17	0.360978
3946.62	0.351896
3957.1	0.343581
3966.66	0.336727
3975.69	0.331902
3983.72	0.328436
3990.67	0.325984
3996.17	0.324061
3999.97	0.322428
4001.91	0.321047
2732.74	0.39199
2740.92	0.397601
2757.61	0.399744
2782.61	0.401076
2814.41	0.401862
2851.42	0.402225
2892.32	0.402249
2936.13	0.402019
2982.09	0.401634
3029.51	0.401247
3077.11	0.401225
3120.16	0.40303
3162.59	0.404718
3205.4	0.405307
3245.94	0.401229
3287.2	0.399065
3327.92	0.396692
3367.32	0.39391
3406.98	0.39086
3445.23	0.38997
3482.14	0.388999
3517.51	0.387906
3551.05	0.386598
3583.8	0.385655
3615.03	0.384602
3644.52	0.383516
3673.02	0.382715
3701.55	0.382121
3730.78	0.38103
3751.89	0.3791
3773.1	0.377229
3793.72	0.375078
3813.44	0.371868
3831.17	0.366869
3849.98	0.362505
3867.12	0.359599
3883.09	0.356246
3898	0.352453
3911.9	0.348333
3925.34	0.344302
3937.85	0.340146
3949.4	0.336138
3960.01	0.33251
3969.71	0.329384
3978.55	0.326778
3986.36	0.324548
3992.99	0.322581
3998.2	0.320768
4001.81	0.319061
4003.65	0.317548
2741.35	0.390428
2749.47	0.394877
2765.75	0.395774
2789.73	0.395707
2820.33	0.39528
2856.26	0.394638
2896.36	0.393848
2939.73	0.392949
2985.85	0.391969
3034.76	0.390923
3087.86	0.389806
3125.09	0.381241
3165.05	0.377254
3203.63	0.372014
3246.28	0.369287
3287.83	0.368334
3328.53	0.367421
3368.31	0.36653
3407.51	0.36567
3445.61	0.364838
3482.41	0.364002
3517.77	0.36316
3551.63	0.362309
3584.27	0.361446
3615.53	0.360553
3645.41	0.359626
3674.24	0.35866
3702.33	0.357639
3729.2	0.356533
3752.44	0.353478
3774.16	0.352137
3794.82	0.350724
3814.46	0.349167
3832.98	0.34747
3851.13	0.345737
3868.25	0.343894
3884.3	0.34189
3899.33	0.339744
3913.44	0.337493
3926.79	0.335205
3939.28	0.332901
3950.86	0.330624
3961.51	0.328412
3971.22	0.326284
3979.99	0.324241
3987.69	0.322256
3994.18	0.320307
3999.26	0.318384
4002.77	0.316529
4004.57	0.314935
3734.85	0.380456
3751.95	0.380128
3773.06	0.380058
3793.64	0.380855
3813.46	0.382975
3827.2	0.386024
3833.17	0.399551
3848.32	0.399225
3865.08	0.396306
3880.83	0.392969
3895.57	0.390909
3906.58	0.391857
3910.09	0.40784
3919.78	0.405739
3931.77	0.394819
3942.86	0.382685
3952.94	0.369796
3960.61	0.363622
3961.86	0.376608
3966.39	0.372772
3969.28	0.356021
2627.8	0.50395
2674.62	0.503046
2721.04	0.50158
2743.41	0.498699
2796.94	0.497577
2858.62	0.495509
2899.33	0.493579
2919.43	0.490162
2970.15	0.489242
3027.19	0.488026
3066.23	0.486933
3087.33	0.486943
3136.01	0.486157
3188.71	0.485241
3223.57	0.484323
3243.87	0.484316
3289.24	0.483775
3336.63	0.483684
3364.87	0.483345
3382.82	0.484899
3421.08	0.484451
3458.77	0.484233
3478.7	0.48408
3489.07	0.484745
3456.28	0.503125
3472.83	0.50277
3504.99	0.502842
3538.16	0.502641
3566.11	0.503378
3596.22	0.503268
3622.79	0.503247
3648.84	0.502905
3666.99	0.502602
3676.07	0.503008
3697.6	0.503262
3720.31	0.504396
3741.9	0.504997
3759.63	0.506215
3777.67	0.506843
3796.74	0.507922
3814.59	0.509087
3830.19	0.510263
3832.48	0.51345
3754.61	0.51251
3771.02	0.513074
3789.44	0.51393
3807.47	0.514971
3825.07	0.516009
3841.94	0.517065
3857.96	0.517967
3873.03	0.51846
3887.17	0.518052
3900.13	0.515914
3911.75	0.510419
3922.07	0.498926
3931.32	0.478451
3938.61	0.43768
3947	0.39377
3955.41	0.363871
3962.92	0.347828
3965.73	0.341648
3806.29	0.467293
3819.38	0.470629
3824.7	0.486495
3834.19	0.487377
3849.21	0.489535
3863.48	0.492682
3876.41	0.497102
3880.9	0.511413
3887.54	0.512388
3900.61	0.512911
3913.1	0.511949
3925.09	0.509284
3928.61	0.530866
3933.61	0.532462
3942.96	0.524333
3951.35	0.499627
3959.53	0.455099
3963.03	0.397511
3966.7	0.391481
3974.92	0.365929
3981.78	0.350883
3985.91	0.345526
3476.74	0.487505
3491.72	0.487293
3502.62	0.488144
3524.61	0.487839
3556.77	0.488704
3586.82	0.489688
3616.09	0.490492
3634.36	0.490818
3644.29	0.493205
3668.69	0.493442
3694.64	0.494121
3714.42	0.496074
3732.91	0.49704
3739.7	0.501127
3754.49	0.501275
3774.44	0.502719
3793.7	0.504046
3811.94	0.505383
3821.67	0.506261
3827.74	0.507056
3836.1	0.507568
2739.35	0.512236
2753.73	0.511547
2772.83	0.511344
2809.34	0.510604
2866.63	0.509541
2917.24	0.508347
2937.98	0.50844
2976.29	0.507684
3028.06	0.50675
3073.33	0.505647
3091.31	0.505399
3127.28	0.50468
3175.06	0.503349
3214.33	0.501996
3230.14	0.499565
3263.53	0.498874
3305.78	0.497749
3339.69	0.496541
3349.49	0.49218
3380.38	0.491588
3417.79	0.491129
3447.18	0.490245
3453.62	0.485193
3273.02	0.501978
3305.88	0.501577
3348.95	0.501128
3391.76	0.500591
3433.07	0.500243
3470.47	0.50038
3505.18	0.500746
3537.6	0.501231
3570.77	0.501282
3597.19	0.502381
3623.64	0.50317
3649.89	0.504004
3674.86	0.505037
3699.11	0.505738
3722.16	0.506315
3739.61	0.506335
3746.35	0.507774
3762.51	0.507754
3779.78	0.508039
3791.41	0.507879
3490.32	0.476693
3517.71	0.477119
3548.99	0.478253
3579.82	0.479811
3609.73	0.48178
3638.57	0.483948
3661.39	0.485515
3670.19	0.498164
3690.06	0.49854
3714.85	0.500101
3738.12	0.501407
3760.03	0.502842
3780.65	0.504462
3799.87	0.50626
3816.29	0.508518
3831.94	0.511145
3847.08	0.513787
3858.88	0.515636
3862.98	0.524272
3873.3	0.525198
3885.67	0.527252
3893.65	0.528208
3344.96	0.487601
3376.54	0.487646
3414.71	0.488151
3451.18	0.488901
3486.03	0.489611
3506.7	0.489898
3519.1	0.493851
3548.67	0.494048
3579.45	0.494568
3608.85	0.495188
3636.49	0.496067
3661.54	0.497403
3683.21	0.499373
3708.42	0.5004
3731.51	0.501846
3752.74	0.503337
3769.17	0.504236
3775.24	0.509787
3789.75	0.510001
3807.68	0.510646
3819.84	0.510989
3456.89	0.449813
3480.16	0.448222
3490.31	0.429995
3517.91	0.428908
3550	0.427843
3581.16	0.426761
3611.28	0.425521
3640.22	0.4239
3667.84	0.421622
3694.53	0.418585
3719.78	0.414111
3736.12	0.410161
3744.93	0.392305
3764.56	0.390377
3784.97	0.389256
3804.37	0.387845
3821.73	0.385584
3837.9	0.383823
3852.68	0.382122
3864.83	0.380723
2908.68	0.506683
2949.13	0.506091
3002.45	0.505284
3055.96	0.504338
3108.73	0.503461
3160.35	0.502694
3210.55	0.502038
3259.04	0.501511
3305.55	0.501133
3350.1	0.500876
3392.63	0.500736
3432.83	0.500739
3469.43	0.50106
3506.53	0.500907
3542.56	0.500649
3575.78	0.500423
3603.81	0.50024
3628.35	0.500114
3638.47	0.500486
3711.39	0.392113
3720.11	0.392987
3725.98	0.428516
3743.28	0.431732
3751.46	0.463897
3763.4	0.465187
3778.47	0.469848
3784.3	0.486759
3799.13	0.488627
3803.65	0.506347
3816.2	0.507369
3824.59	0.512289
3830.97	0.514967
3842.04	0.516796
3845.48	0.520773
3857.51	0.521507
3862.17	0.527417
3871.44	0.527998
3880.59	0.532897
3885.26	0.538593
3895.08	0.541807
3897.51	0.551786
3906.15	0.55405
3911.79	0.561328
3918.22	0.561767
3925.76	0.567102
3927.5	0.566874
3596.01	0.503011
3604.97	0.502737
3629.21	0.503209
3654.54	0.50366
3678.5	0.503712
3687.57	0.505124
3703.21	0.50498
3725.74	0.506621
3747.86	0.508241
3767.19	0.510621
3774.69	0.515763
3785.93	0.515905
3803.53	0.518379
3820.72	0.520669
3836.72	0.522842
3842.79	0.52658
3850.14	0.526743
3866.67	0.531956
3881.29	0.537465
3894.37	0.543624
3900.19	0.548869
3905.56	0.549658
3914.42	0.552425
2578.89	0.488302
2591.29	0.489026
2631.12	0.488305
2701.33	0.487533
2766.68	0.487298
2815.96	0.486594
2833.37	0.493398
2878.48	0.492798
2934.21	0.492638
2987.35	0.49234
3020.25	0.49187
3039	0.49525
3084.19	0.494834
3132.02	0.494698
3176	0.494484
3194.06	0.497198
3222.05	0.496644
3265.84	0.49633
3305.96	0.496063
3337.1	0.495756
3348.48	0.499671
3377.2	0.499297
3402.89	0.498754
3452.2	0.484687
3465.91	0.484695
3475.38	0.492693
3505.24	0.492917
3539.9	0.494013
3573.16	0.495531
3604.72	0.497298
3619.66	0.499154
3634.03	0.499192
3660.93	0.50001
3686.26	0.501216
3710.38	0.502502
3730.78	0.503135
3737.19	0.507502
3752.31	0.507638
3774.08	0.508579
3793.13	0.509937
3811.51	0.511487
3824.27	0.512557
3829.55	0.51663
3843.92	0.517213
3853.79	0.5186
3700.68	0.49736
3705.2	0.498718
3719.65	0.498832
3737.32	0.501143
3744.54	0.506717
3759.66	0.507132
3775.56	0.508892
3781.48	0.515188
3796.86	0.516176
3811.66	0.518435
3819.59	0.523626
3836.34	0.525518
3848.51	0.528459
3853.99	0.532135
3868.33	0.535907
3875.45	0.543179
3883.15	0.543459
3895.49	0.549188
3900.22	0.556895
3908.32	0.557795
3919.15	0.564977
3923.38	0.574522
3931.54	0.5762
3939.55	0.582832
3942.67	0.584092
3947.6	0.585079
3002.92	0.498576
3040.65	0.497998
3092.3	0.497244
3143.62	0.496368
3191.19	0.495972
3234.58	0.496108
3276.09	0.4962
3314.44	0.496246
3330.7	0.498732
3352.82	0.498291
3390.55	0.498326
3425.57	0.498356
3458.59	0.498567
3491.1	0.498659
3523.05	0.498927
3554.61	0.499237
3585.15	0.499669
3614.1	0.500181
3641.67	0.500569
3666.11	0.500767
3675.66	0.502433
3690.14	0.502216
3700.27	0.502597
3226.41	0.493698
3238.75	0.493203
3250.88	0.495028
3281.38	0.494529
3322.32	0.494003
3361.93	0.493197
3387.69	0.492425
3403.21	0.491699
3437.06	0.491226
3465.66	0.489652
3497.88	0.489321
3511.88	0.489546
3534.43	0.489176
3566.21	0.490445
3596.6	0.491364
3618.54	0.491829
3629.54	0.495008
3653.44	0.495174
3679.35	0.496631
3702.88	0.498162
3713.41	0.500427
3726.53	0.500228
3748.06	0.500711
3767.78	0.501066
3780.12	0.501274
3401.51	0.505386
3404.36	0.505339
3428.67	0.505024
3464.55	0.504725
3500.44	0.504303
3531.14	0.504585
3561	0.504712
3590.07	0.504877
3618.41	0.505192
3644.83	0.505745
3664.36	0.505862
3672.73	0.509175
3693.14	0.509432
3715.59	0.510742
3738.81	0.511511
3758.58	0.51366
3781.11	0.514887
3801.59	0.516782
3820.33	0.518579
3838.15	0.519667
3847.13	0.520326
3849.37	0.519229
3528.5	0.46648
3548.85	0.466735
3559.1	0.475762
3580.41	0.475791
3604.93	0.477518
3613.63	0.485617
3637.4	0.485968
3656.04	0.487733
3665.41	0.492696
3688.8	0.493634
3699.69	0.497231
3712.14	0.497081
3732.59	0.49831
3739.06	0.503045
3755.46	0.503111
3771.51	0.504709
3776.49	0.510758
3793.12	0.511505
3805.18	0.514183
3811.64	0.519451
3827.61	0.521667
3833.82	0.530064
3842.68	0.530404
3856.58	0.531673
3861.27	0.53095
3868.04	0.531067
3858.69	0.520032
3860.08	0.523467
3869.42	0.524537
3874.68	0.532161
3884.86	0.533365
3889.81	0.545349
3899.12	0.546788
3902.98	0.559693
3910.47	0.561482
3914.21	0.570046
3920.88	0.571337
3924.74	0.577011
3931.04	0.577664
3934.47	0.568176
3939.5	0.565714
3943.88	0.52816
3949.42	0.518683
3953.65	0.44533
3959.3	0.428963
3963.63	0.382644
3969.38	0.373706
3973.13	0.359967
3977.94	0.355152
3980.78	0.349682
3981.43	0.348442
3617.61	0.464104
3641.44	0.467259
3655.97	0.471213
3667.53	0.475742
3693.62	0.477113
3717.01	0.479693
3725.49	0.488723
3741.65	0.488984
3764.58	0.491992
3781.18	0.494222
3787.42	0.503107
3804.06	0.504048
3822.97	0.507915
3833.01	0.511271
3839.68	0.515498
3855.23	0.517545
3869.27	0.521476
3874.2	0.530136
3883.58	0.530899
3897.33	0.535745
3906.99	0.539761
3909.92	0.545834
3917.5	0.547458
3424.78	0.497233
3448.05	0.496973
3475.86	0.496882
3486.31	0.499296
3511.07	0.499023
3543.37	0.499159
3573.4	0.499267
3603.48	0.499272
3631.62	0.499566
3657.38	0.49999
3679.64	0.500098
3688.37	0.50138
3704.42	0.501248
3726.74	0.502325
3748.06	0.503058
3767.83	0.504165
3785.81	0.505593
3805.83	0.506306
3823.09	0.507072
3829.6	0.507824
3836.21	0.507763
3441.18	0.499357
3469.89	0.49949
3487.05	0.500136
3504.81	0.499671
3539.11	0.499424
3556.31	0.499509
3571.23	0.499168
3597.49	0.499042
3614.62	0.499416
3626.96	0.500125
3652.46	0.500862
3669.74	0.501792
3680.75	0.503638
3703.75	0.504115
3720.85	0.504962
3730.87	0.506959
3751.49	0.507397
3766.83	0.508644
3775.01	0.511869
3792.8	0.512329
3806.87	0.513203
3814.05	0.514929
3828.64	0.515303
3840.33	0.515897
3842.85	0.514196
3553.12	0.501063
3574.2	0.501005
3601.71	0.501716
3628.17	0.502861
3651.09	0.50358
3660.4	0.506744
3679.51	0.506662
3705.9	0.507854
3730.21	0.509284
3751.38	0.511278
3761.93	0.512769
3773.92	0.512573
3792.64	0.514154
3809.41	0.516155
3827.29	0.517975
3838.11	0.519394
3844.34	0.522253
3857.96	0.523172
3871.59	0.52594
3885.06	0.528864
3894.86	0.530849
3898.67	0.532756
3907.86	0.533293
3873.17	0.513206
3875.77	0.517502
3881.92	0.519247
3885.61	0.523387
3888.02	0.530189
3894.18	0.532377
3898.24	0.536034
3900.86	0.549976
3906.54	0.553419
3910.66	0.559094
3913.36	0.569125
3918.43	0.572564
3922.82	0.574634
3925.88	0.583739
3930.54	0.586526
3934.75	0.58654
3938.48	0.588914
3942.59	0.590638
3946.48	0.589256
3950.17	0.579692
3953.87	0.568922
3957.41	0.565169
3961.15	0.486528
3966	0.422091
3967.29	0.416462
3283.09	0.444809
3292.65	0.449754
3314.09	0.449538
3325.17	0.469965
3348.67	0.470063
3360.54	0.479513
3375.42	0.480344
3394.32	0.479897
3404.36	0.484649
3426.01	0.484612
3436.62	0.49445
3451.83	0.496082
3468.3	0.495684
3479.21	0.495331
3499.71	0.495008
3509.34	0.494679
3523.73	0.495681
3536.7	0.496207
3544.03	0.496704
3562.32	0.496317
3570.68	0.48997
3581.17	0.487448
3588.14	0.48377
3507.75	0.504124
3534.52	0.503938
3559.65	0.503556
3566.6	0.503186
3589.86	0.502898
3618.7	0.503248
3639.71	0.503307
3648.24	0.505327
3670.28	0.505294
3693.56	0.505896
3708.72	0.506159
3715.71	0.507491
3736.69	0.507833
3760.5	0.508739
3772.7	0.509563
3781.79	0.510532
3801.14	0.51163
3819.73	0.513888
3828.71	0.515561
3839.24	0.515438
3856.91	0.516824
3868.55	0.517452
3869.93	0.515666
3869.95	0.515872
3442.56	0.494295
3465.11	0.494312
3499.15	0.494794
3532.32	0.495411
3563.78	0.496305
3593.72	0.497281
3622.16	0.498358
3649.76	0.499275
3676.21	0.500289
3701.55	0.501283
3725.84	0.502227
3748.88	0.503221
3769.78	0.504616
3789.46	0.506115
3801.1	0.507153
3808.46	0.510394
3824.67	0.511566
3840.97	0.513496
3856.67	0.51494
3868.97	0.516476
3868.58	0.516185
3869.79	0.517505
3877.46	0.51822
3880.69	0.522821
3886.22	0.526173
3891.49	0.526518
3894.54	0.534738
3901.41	0.536133
3904.19	0.544656
3908.97	0.546427
3913.58	0.546255
3916.32	0.55273
3921.8	0.554394
3924.23	0.552008
3927.66	0.550723
3930.97	0.549682
3932.82	0.498378
3937.34	0.489889
3939.3	0.493993
3942.78	0.445659
3946.1	0.43771
3949.01	0.366919
3953.92	0.358064
3956.22	0.364303
3959.85	0.352692
3961.89	0.351145
3739.17	0.511115
3755.66	0.511684
3774.37	0.512996
3793.01	0.514248
3806.42	0.515044
3813.94	0.517083
3828.53	0.517693
3843.84	0.519182
3858.2	0.519966
3870.35	0.5206
3875.37	0.521641
3885.46	0.521672
3897.34	0.520047
3909.38	0.515904
3921.9	0.508744
3926.31	0.482526
3934.57	0.47601
3945.16	0.446222
3954.77	0.405515
3964.45	0.367258
3971.51	0.343772
3976.81	0.335079
3981.77	0.331521
3200.53	0.500492
3234.16	0.50024
3274.66	0.500021
3315.2	0.499808
3353.17	0.500071
3390.69	0.5002
3425.61	0.50082
3459.18	0.501177
3479.94	0.501225
3495.04	0.502698
3525.05	0.502714
3555.36	0.502981
3585.83	0.503055
3615.09	0.503387
3642.86	0.503849
3668.66	0.50443
3691.32	0.505297
3714.47	0.505515
3733.71	0.505374
3741.4	0.506964
3753.91	0.506897
3300.1	0.497368
3325.32	0.49703
3362.46	0.497084
3397.42	0.497309
3431.21	0.497558
3463.97	0.497869
3496.49	0.498039
3528.21	0.49829
3558.65	0.498648
3588.29	0.498897
3616.98	0.499129
3644.56	0.499348
3667.43	0.499392
3675.99	0.502109
3693.73	0.502018
3717.31	0.502806
3739.22	0.503318
3763.47	0.5034
3784.53	0.504051
3803.34	0.504722
3815.85	0.50515
3092.47	0.398996
3125.15	0.400105
3165.43	0.403879
3190.86	0.407188
3207.01	0.42021
3245.84	0.420787
3287.13	0.422189
3327.85	0.424701
3366.37	0.42775
3383.46	0.436163
3406.09	0.435841
3444.63	0.436295
3481.79	0.4368
3517.5	0.437892
3547.06	0.438903
3559.03	0.448515
3583.04	0.448259
3615.39	0.446878
3640.98	0.443175
3661.46	0.442111
3639.51	0.503496
3639.63	0.503693
3660.7	0.504072
3684.99	0.505165
3701.22	0.50601
3708.46	0.510348
3728.86	0.511008
3750.66	0.513377
3766.45	0.515153
3772.47	0.524005
3789.36	0.524731
3808.61	0.527057
3823.43	0.528632
3828.65	0.53371
3841.9	0.534724
3858.02	0.539731
3869.91	0.545956
3875.59	0.55231
3886.92	0.553298
3900.73	0.560062
3911.76	0.565811
3914.49	0.573494
3920.67	0.574681
3926.27	0.580502
3612.07	0.518916
3628.98	0.519019
3653.58	0.520441
3677.8	0.521885
3702.5	0.523115
3725.89	0.525174
3748.33	0.527241
3770.05	0.529244
3789.45	0.532433
3808.4	0.535368
3825.76	0.539918
3842.45	0.544424
3857.61	0.550788
3873.48	0.555697
3888.72	0.561684
3902.42	0.569241
3914.48	0.577328
3925.1	0.584608
3933.14	0.591079
3938.29	0.59336
2729.16	0.465212
2732.15	0.465986
2744.56	0.465914
2795.91	0.466376
2829.87	0.466701
2843.79	0.475789
2891.61	0.475585
2934.23	0.475547
2948.88	0.483714
2989.58	0.483327
3035.39	0.483994
3052.41	0.489239
3085.01	0.488723
3133.36	0.489571
3157.88	0.490091
3178.24	0.49105
3223.02	0.490853
3254.37	0.490875
3268.66	0.49581
3305.72	0.49549
3338.96	0.495445
3349.78	0.499572
3377.12	0.499205
3403.96	0.498741
3572.39	0.501625
3594.46	0.502769
3611.71	0.503742
3623.35	0.50679
3648.28	0.507246
3672.84	0.508766
3697.84	0.509937
3710.85	0.510772
3722	0.511343
3742.9	0.512926
3764.44	0.514763
3783.91	0.517526
3792.85	0.520362
3803.29	0.520321
3820.71	0.523347
3837.31	0.526714
3853.01	0.529602
3859.68	0.534244
3869.37	0.534598
3883.18	0.538795
3895.73	0.541912
3904.25	0.543474
2710.76	0.511548
2752.86	0.510831
2809.02	0.50976
2865.66	0.508565
2921.53	0.50743
2976.65	0.50637
3029.97	0.505474
3081.51	0.504684
3131.3	0.503987
3179.19	0.503392
3224.56	0.502957
3267.84	0.502539
3308.67	0.502241
3350.04	0.501634
3389.52	0.5011
3426.83	0.50056
3463.03	0.499925
3498.28	0.499169
3526.78	0.49844
3547.73	0.498141
2797.58	0.510767
2817.58	0.509957
2867.68	0.509184
2888.25	0.508982
2923.66	0.508224
2975.05	0.50673
2997.03	0.505103
3027.48	0.504358
3076.83	0.503028
3101.92	0.501908
3128.25	0.501179
3176.7	0.500095
3203.48	0.498985
3224.95	0.497913
3268.29	0.497069
3295.81	0.496092
3313.62	0.494914
3351.71	0.49432
3378.15	0.493602
3392.16	0.492683
3425.85	0.492027
3451.76	0.491137
3463.66	0.489369
3491.45	0.489069
3513.15	0.488973
3516.63	0.489233
3635.79	0.507247
3638.62	0.506991
3659.56	0.507795
3683.1	0.508685
3706.94	0.509632
3729.73	0.511229
3751.3	0.513256
3771.9	0.515512
3789.99	0.519058
3807.64	0.522498
3823.99	0.527015
3842.83	0.529802
3856.14	0.532138
3861.99	0.543585
3875.68	0.545724
3890.48	0.551819
3903.61	0.558828
3914.63	0.568068
3924.62	0.577348
3933.14	0.587466
3939.63	0.596677
3778.34	0.503888
3788.04	0.50386
3805.83	0.504985
3823.36	0.50596
3841.09	0.506511
3858.05	0.506729
3870.6	0.506335
3875.68	0.502527
3885.88	0.500405
3898.79	0.495808
3910.42	0.485996
3920.76	0.468093
3930.02	0.437692
3938.76	0.396602
3947.64	0.366893
3955.24	0.346379
3963.14	0.337182
3969.41	0.333737
3973.75	0.332308
3975.23	0.331699
3369.44	0.494975
3398.24	0.49478
3430.9	0.494468
3457.01	0.494014
3467.28	0.494299
3492.59	0.494022
3522.08	0.494598
3554.8	0.494792
3574.89	0.494956
3586.77	0.497173
3613.83	0.497405
3641.44	0.49856
3666.24	0.499712
3676.53	0.502389
3691.37	0.502215
3715.27	0.503254
3738.15	0.504235
3756.46	0.504817
3763.04	0.507752
3779.77	0.507801
3799.89	0.508837
3814.31	0.509624
3502.53	0.503493
3511.84	0.504043
3531.24	0.503707
3559.22	0.503819
3569.64	0.505536
3594.54	0.505211
3618.32	0.505224
3629.93	0.50629
3653.7	0.505897
3671.57	0.505396
3683.06	0.504233
3706.67	0.504217
3718.29	0.50399
3731.94	0.50366
3751.65	0.504089
3759.65	0.504779
3774.71	0.50474
3793.03	0.505917
3801.21	0.508401
3817.99	0.508775
3831.98	0.510058
3839.67	0.511057
3855.29	0.511747
3864.74	0.512726
3872.86	0.512717
3886.82	0.514205
3892.99	0.51419
3897.22	0.514263
3695.54	0.49204
3697.7	0.492093
3711.11	0.492186
3719.47	0.494757
3730.23	0.496563
3738.76	0.49932
3747.48	0.503873
3758.72	0.50389
3765.49	0.508399
3777.76	0.508576
3784.93	0.509794
3795.33	0.510455
3803.59	0.511043
3811.82	0.510868
3821.76	0.510764
3828.35	0.512376
3838.31	0.512734
3843.76	0.514985
3852.63	0.515672
3858.28	0.515211
3865.21	0.513676
3873.07	0.513319
3878.41	0.50236
3886.22	0.500876
3888.94	0.480398
3575.21	0.501394
3591.58	0.501681
3599.47	0.505951
3622.6	0.506136
3648.34	0.506686
3672.85	0.507346
3697.7	0.507873
3720.86	0.50897
3743.37	0.510018
3762.96	0.511755
3780.02	0.513909
3796.82	0.515451
3815.31	0.516863
3833.5	0.518584
3846.31	0.520039
3851.74	0.52624
3865.46	0.527476
3880.24	0.5315
3893.27	0.535396
3901.23	0.53854
2665.24	0.498666
2681.46	0.497762
2718.89	0.497346
2741.51	0.498259
2797.42	0.497425
2844.25	0.496488
2862.93	0.499056
2910.82	0.498278
2963.8	0.496971
2984.58	0.49575
3025.33	0.494886
3079.2	0.492956
3104.38	0.49117
3132.94	0.490388
3183.64	0.489261
3215.93	0.488056
3233.88	0.486233
3276.24	0.485594
3311.89	0.484908
3326.26	0.486436
3360.29	0.486054
3396.12	0.486397
3410.15	0.488895
3436.46	0.488406
3460.15	0.487134
3052.67	0.493879
3058.74	0.493642
3088.16	0.493091
3137.59	0.492669
3183.95	0.49232
3203.53	0.494238
3231.69	0.493666
3276.01	0.494947
3317.33	0.496266
3338.4	0.496909
3361.74	0.496317
3402.49	0.496892
3440.81	0.497605
3461.69	0.497934
3479.61	0.498504
3511.46	0.498536
3543.87	0.498469
3564.01	0.498287
3578.1	0.498621
3607.43	0.498159
3636.43	0.496969
3653.09	0.495349
3662.69	0.493226
3680.36	0.493067
3155.02	0.498518
3194.45	0.498213
3237.06	0.497703
3279.05	0.497207
3319.44	0.496883
3358.53	0.49661
3394.66	0.4967
3429.3	0.496741
3463.05	0.49668
3493.33	0.497071
3519.73	0.497048
3532.02	0.499368
3555.8	0.499115
3586.15	0.499562
3615.37	0.499477
3643.39	0.499375
3670.32	0.499194
3694.19	0.499081
3717.32	0.498975
3736.92	0.49886
