2760.72	0.161179
2770.6	0.16044
2790.34	0.159068
2819.56	0.15718
2857.16	0.154889
2901.66	0.152289
2951.57	0.149458
3005.62	0.146458
3062.84	0.143343
3122.46	0.140159
3183.95	0.136943
3246.89	0.133722
3310.9	0.130522
3375.52	0.127365
3439.99	0.124275
3503.28	0.121283
3566.47	0.118397
3629.82	0.115597
3692.99	0.112879
3755.5	0.110252
3817.17	0.107728
3878.45	0.105309
3939.85	0.102995
4001.74	0.100826
4064.4	0.0989606
4127.79	0.0978706
4190.8	0.0985187
4247.64	0.0998823
4306.32	0.100251
4364.28	0.100645
4421.53	0.103268
4477.75	0.105745
4532.06	0.106102
4584.63	0.109055
4635.52	0.11666
4684.61	0.130203
4732.9	0.150838
4782.23	0.174964
4827.84	0.204851
4871.26	0.23542
4915.93	0.266549
4958.67	0.285065
4997.79	0.291896
5032.49	0.29045
5062.29	0.282164
5086.32	0.264616
5103.16	0.227084
5116.34	0.193038
5125.41	0.155522
5129.99	0.130171
2750.97	0.161732
2760.87	0.160995
2780.99	0.159605
2811.32	0.157664
2850.42	0.155299
2896.41	0.152623
2947.61	0.149719
3002.69	0.146656
3060.68	0.143491
3120.9	0.140266
3182.85	0.137015
3246.22	0.133766
3310.75	0.130536
3376.18	0.127344
3441.75	0.124217
3504.04	0.121241
3567.04	0.118369
3630.79	0.115566
3694.53	0.112836
3757.29	0.110203
3818.59	0.107696
3879.46	0.10532
3940.54	0.103093
4002.24	0.101157
4064.95	0.100078
4129.41	0.102014
4197.9	0.114735
4246.31	0.132524
4307.63	0.132848
4365.57	0.133117
4423.04	0.141488
4480.01	0.149379
4534.01	0.149247
4586.19	0.155638
4636.52	0.171015
4683.77	0.192882
4729.48	0.227056
4783.96	0.287675
4833.45	0.334863
4878.94	0.36867
4922.35	0.391634
4963.41	0.406902
5001.24	0.416015
5035.24	0.417073
5065.02	0.406271
5089.93	0.380761
5109.9	0.333966
5121.27	0.242777
5129.65	0.182051
5134.21	0.153514
2731.44	0.16276
2741.04	0.16205
2761.56	0.160655
2794.44	0.158607
2836.93	0.156094
2886.13	0.153263
2939.96	0.150218
2997.07	0.147035
3056.56	0.143772
3117.88	0.140471
3180.69	0.13716
3244.78	0.133858
3310.17	0.130575
3377.19	0.127303
3447.4	0.124002
3504.74	0.121188
3567.58	0.118344
3632.56	0.115515
3697.92	0.112743
3761.52	0.110098
3821.48	0.107674
3881.38	0.105467
3941.8	0.103584
4002.94	0.102408
4064.93	0.102928
4127.82	0.107797
4191.18	0.126458
4251.34	0.183833
4310.65	0.223247
4365.6	0.218608
4423.88	0.240101
4485.64	0.267014
4537.16	0.256141
4588.9	0.281359
4638.87	0.317507
4683.53	0.353609
4739.14	0.381872
4790.9	0.409704
4839.53	0.436016
4885.41	0.460315
4928.93	0.483091
4969.83	0.504084
5007.76	0.522477
5042.28	0.535315
5072.9	0.53764
5098.84	0.521246
5119.13	0.4708
5132.8	0.371611
5137.74	0.218108
5142.78	0.184783
2702.44	0.164136
2710.38	0.163526
2729.9	0.16222
2768.05	0.159994
2816.84	0.157239
2871.36	0.154169
2929.23	0.150915
2989.27	0.14756
3050.86	0.144162
3113.69	0.140758
3177.57	0.137371
3242.45	0.134015
3308.39	0.130696
3375.53	0.127417
3444.12	0.124179
3500.6	0.121429
3566.7	0.11841
3634.76	0.115458
3703.94	0.112575
3770.34	0.109904
3825.48	0.107891
3883.85	0.106419
3943.45	0.106255
4003.82	0.109148
4064.74	0.1176
4125.82	0.130408
4185.75	0.154784
4244.36	0.217747
4314.75	0.321375
4378.55	0.361494
4437.16	0.387535
4504	0.411445
4551.18	0.376692
4600.54	0.389709
4649.84	0.411657
4698.02	0.430782
4748.19	0.447756
4797.07	0.467733
4845.07	0.490585
4891.43	0.513076
4935.74	0.53543
4977.31	0.557397
5016.42	0.578439
5052.77	0.594285
5085.76	0.604364
5114.27	0.605253
5135.21	0.57972
5148.31	0.476888
5154.59	0.320161
5156.3	0.211745
2665.58	0.165626
2668.24	0.165225
2679.67	0.164282
2731.1	0.161769
2791.14	0.158661
2853.38	0.155267
2916.48	0.151744
2980.11	0.14818
3044.18	0.144623
3108.72	0.141101
3173.79	0.137629
3239.47	0.134214
3305.84	0.130857
3372.94	0.127558
3440.76	0.124315
3509.01	0.121122
3564.56	0.118497
3636.64	0.115394
3713.63	0.112275
3773.45	0.109922
3827.68	0.108417
3885.38	0.108568
3944.54	0.113617
4003.87	0.13182
4063.15	0.173413
4123.71	0.194325
4183.41	0.199069
4257.15	0.291872
4325.32	0.357213
4389.14	0.391242
4451.06	0.415284
4505.21	0.426634
4560.83	0.445181
4608.64	0.454649
4658.47	0.472494
4707.32	0.484805
4755.43	0.495229
4801.32	0.506754
4849.71	0.528556
4897.15	0.548934
4943.21	0.568087
4985.62	0.584724
5026.97	0.600331
5066.31	0.617284
5102.87	0.643562
5136.41	0.678894
5157.8	0.699975
5169.88	0.550974
5174.35	0.385357
5174.45	0.245713
2626.12	0.166903
2617.39	0.166661
2589.45	0.165988
2685.58	0.163685
2763.31	0.160174
2834.65	0.156414
2903.34	0.152606
2970.7	0.148822
3037.27	0.145101
3103.51	0.141461
3169.74	0.137905
3236.19	0.134432
3302.99	0.131038
3370.15	0.127722
3437.54	0.124486
3504.72	0.121342
3570.46	0.11833
3634.39	0.115485
3702.01	0.112654
3765.09	0.110038
3825.14	0.107791
3885.24	0.106289
3945.75	0.107254
4006.27	0.117242
4065.24	0.156151
4130.38	0.258659
4195.9	0.306794
4265.92	0.355003
4333.5	0.381897
4397.46	0.404279
4458.19	0.425752
4516.11	0.446632
4567.24	0.455673
4616.68	0.472338
4666.38	0.492516
4714.02	0.512496
4766.19	0.534415
4803.29	0.549058
4853.14	0.570101
4902.27	0.586057
4952.68	0.597387
4994.01	0.599454
5038.7	0.615359
5081	0.638205
5120.61	0.676046
5157.97	0.737593
5201.19	0.800635
5199.04	0.588276
5198.88	0.415827
5197.96	0.283738
2595.44	0.167814
2585.8	0.167547
2563.26	0.166849
2658.42	0.164865
2741.88	0.161338
2818.67	0.157391
2891.67	0.153372
2962.25	0.149405
3030.93	0.145541
3098.57	0.1418
3165.79	0.138173
3232.95	0.134648
3300.23	0.131218
3367.65	0.127879
3435.12	0.124631
3502.5	0.121479
3569.79	0.118433
3629.25	0.115757
3695.81	0.112892
3760.73	0.110185
3823.58	0.107716
3885.67	0.105677
3947.59	0.104808
4009.54	0.107643
4071.67	0.121239
4135.18	0.155104
4196.89	0.199917
4272.98	0.282496
4344.01	0.344185
4407.11	0.378765
4466.45	0.404925
4522.75	0.42867
4575.76	0.451764
4624.98	0.473865
4670.37	0.493816
4724.23	0.514874
4767.53	0.531619
4811.43	0.536568
4855.01	0.561169
4900.79	0.577346
4953.85	0.59373
5004.69	0.604109
5052.75	0.621916
5097.6	0.646935
5143.57	0.682625
5184.77	0.735216
5229.5	0.797337
5225.59	0.591209
5224.14	0.431614
5223.28	0.297325
2574.46	0.168452
2567.15	0.168142
2552.44	0.167442
2642.92	0.165584
2727.13	0.16213
2806.52	0.158115
2882.56	0.153961
2955.85	0.149853
3025.87	0.145888
3094.32	0.142083
3162.22	0.138411
3229.98	0.13485
3297.78	0.131389
3365.59	0.128024
3433.35	0.124754
3501.03	0.12158
3568.83	0.118501
3637.56	0.115509
3692.12	0.113113
3759.4	0.110358
3823.83	0.107993
3887.36	0.106381
3950.35	0.106653
4013.03	0.111
4075.36	0.125727
4137.56	0.167601
4206.39	0.261838
4284.06	0.343695
4354.24	0.379952
4415.69	0.399339
4473.51	0.423527
4529.08	0.448331
4584.99	0.472408
4631.21	0.479073
4679.22	0.500992
4726.46	0.499076
4771.27	0.50866
4819.33	0.526693
4863.07	0.551119
4915.63	0.571335
4967.86	0.588837
5018.21	0.601253
5069.2	0.618017
5108.27	0.640788
5160.98	0.676068
5204.25	0.730454
5246.03	0.786794
5248.53	0.590209
5248.74	0.438027
5248.34	0.302908
2560.84	0.168929
2555.93	0.168582
2546.76	0.167854
2633.65	0.166044
2717.19	0.162648
2797.79	0.1586
2876.3	0.154335
2952.89	0.150082
3022.58	0.14609
3090.9	0.142292
3159.09	0.138614
3227.37	0.135033
3295.74	0.131548
3364.08	0.128159
3432.24	0.124871
3500.09	0.121689
3567.66	0.118626
3634.9	0.115721
3700.71	0.113168
3761.89	0.110796
3825.98	0.109577
3890.56	0.111649
3954.05	0.122728
4016.66	0.141644
4076.83	0.176382
4144.76	0.266323
4219.58	0.35407
4293.26	0.400476
4368.1	0.428934
4423.48	0.419614
4479.1	0.431153
4531.96	0.43759
4580.67	0.451316
4636.15	0.465968
4686.25	0.489043
4733.2	0.504517
4782.48	0.517051
4829.27	0.536044
4878.07	0.557487
4928.77	0.577947
4982.52	0.595175
5029.83	0.602625
5076.69	0.620141
5130.49	0.645984
5183	0.685465
5231.77	0.741418
5280.04	0.79829
5276.19	0.606404
5273.99	0.451887
5272.97	0.308473
2552.16	0.169303
2549.02	0.168927
2543.36	0.168156
2627.69	0.166361
2710.2	0.163004
2791.18	0.158929
2872.05	0.154515
2957	0.149831
3020.89	0.146116
3087.89	0.142448
3156.19	0.138798
3225.06	0.135208
3294.17	0.131701
3363.26	0.128289
3432.01	0.124984
3500.06	0.121807
3567.55	0.11879
3634.45	0.116031
3700.4	0.113868
3762.33	0.113475
3828.38	0.117306
3894.86	0.136101
3956.28	0.199154
4019.67	0.253333
4086.22	0.306024
4154.38	0.349547
4224.43	0.346092
4295.42	0.361004
4363.63	0.375759
4421.7	0.379677
4476.26	0.394207
4535.31	0.414581
4589.9	0.439387
4644.83	0.462778
4687.46	0.480786
4741.97	0.501778
4792.59	0.523864
4842.54	0.547818
4888.92	0.565228
4937.2	0.576283
4985.81	0.592785
5041.25	0.60466
5095.33	0.621723
5150.46	0.647886
5204.36	0.687617
5255.8	0.74205
5306.22	0.797291
5301.2	0.607739
5297.87	0.455355
5296.39	0.30955
2546.66	0.169602
2544.69	0.169201
2541.17	0.168393
2623.53	0.166613
2704.72	0.163317
2784.73	0.15932
2863.79	0.155041
2941.55	0.150725
3012.72	0.146658
3082.66	0.142771
3152.56	0.138995
3222.66	0.135316
3293	0.131733
3363.45	0.128251
3433.43	0.124886
3501.58	0.121672
3569.07	0.11863
3636.42	0.115814
3703.99	0.11356
3773.52	0.113294
3830.13	0.116854
3906.49	0.130118
3962	0.167868
4021.24	0.219082
4091.26	0.277301
4159.65	0.327957
4235.49	0.36527
4297.76	0.369054
4359.19	0.384031
4422.31	0.396128
4480.49	0.410591
4539.08	0.427079
4595.26	0.449287
4642.54	0.469949
4696.58	0.491581
4751.81	0.513423
4800.79	0.52578
4850.11	0.546565
4896.93	0.567617
4941.04	0.581615
4996.95	0.594634
5052.52	0.606739
5110.42	0.623404
5167.96	0.649205
5223.65	0.688444
5276.75	0.741854
5328.21	0.796453
5323.27	0.604624
5319.67	0.452394
5318.01	0.307566
2543.19	0.169837
2541.93	0.169416
2539.7	0.168578
2620.5	0.16681
2700.42	0.163571
2779.27	0.159644
2856.9	0.155442
2932.85	0.151199
3005.99	0.147056
3077.74	0.143056
3149.03	0.139182
3220.38	0.135418
3292.15	0.131751
3364.61	0.128179
3437.24	0.124727
3504.39	0.121549
3571.44	0.118623
3638.92	0.116092
3706.38	0.114726
3772.95	0.117286
3838.62	0.132682
3901.99	0.140238
3967.83	0.164305
4027.93	0.190488
4096.55	0.25743
4168.16	0.299806
4233.93	0.333996
4300.92	0.368206
4364.11	0.397406
4425.41	0.422061
4486.36	0.444808
4541.66	0.456261
4595.18	0.468922
4648.81	0.481691
4701.74	0.494374
4754.96	0.510509
4805.59	0.514083
4857.62	0.53372
4907.34	0.55763
4956.15	0.580349
5007.28	0.596284
5059.8	0.609034
5123.22	0.624936
5183.52	0.650152
5240.89	0.688828
5295.18	0.741523
5347.31	0.795771
5342.72	0.60083
5339.23	0.447259
5337.58	0.304411
2541	0.170012
2540.18	0.169576
2538.72	0.168714
2618.33	0.166954
2697.19	0.163755
2775.07	0.159876
2851.78	0.155719
2927.11	0.151499
3000.85	0.147337
3073.54	0.143286
3145.76	0.139352
3218.04	0.135524
3291.04	0.131777
3366.07	0.128071
3447.12	0.12432
3507.94	0.121524
3574.06	0.119137
3642.1	0.118077
3710.14	0.121554
3772.94	0.138583
3832.69	0.18662
3895.47	0.238086
3978.55	0.307344
4038.66	0.297278
4103.2	0.325463
4171.19	0.349455
4236.83	0.37328
4302.62	0.393274
4366.66	0.411551
4425.28	0.424239
4486.88	0.435726
4544.31	0.451375
4593.36	0.464278
4652.94	0.483502
4706.69	0.489724
4754.1	0.500594
4810.68	0.519838
4864.7	0.539263
4916.36	0.559658
4965.13	0.579596
5016.1	0.59648
5070.53	0.609701
5136.31	0.625473
5198.12	0.650481
5256.52	0.688842
5311.54	0.741126
5364.1	0.795217
5359.88	0.597543
5356.61	0.441972
5355.1	0.301193
2539.69	0.170133
2539.12	0.169685
2538.09	0.168804
2616.89	0.167047
2694.96	0.163875
2772.08	0.16003
2848.14	0.155903
2923.09	0.151704
2996.96	0.147543
3070.05	0.143477
3142.72	0.139522
3215.35	0.135679
3288.33	0.131939
3361.99	0.128301
3435.92	0.124791
3504.67	0.1216
3574.08	0.118935
3645.78	0.118331
3721.85	0.128376
3777.01	0.161165
3835.07	0.213179
3905.63	0.260131
3973.21	0.315667
4043.93	0.363509
4106.51	0.374604
4171.61	0.387542
4235.42	0.399166
4303.29	0.407491
4368.03	0.420686
4432.95	0.435738
4490.31	0.447896
4540.36	0.45951
4590.71	0.459797
4648.93	0.463954
4707.76	0.477824
4760.39	0.494653
4818.21	0.513153
4872.49	0.535396
4923.63	0.558757
4971.71	0.581719
5020.33	0.598183
5086.27	0.609038
5150.46	0.624991
5212.15	0.650171
5270.81	0.688504
5326.13	0.74066
5378.88	0.794767
5374.93	0.594903
5371.85	0.43739
5370.45	0.298359
2538.97	0.170205
2538.56	0.169748
2537.77	0.168852
2616.14	0.167095
2693.68	0.163939
2770.19	0.160119
2845.69	0.156019
2920.28	0.151842
2994.06	0.147695
3067.23	0.143632
3140.03	0.139677
3212.68	0.135836
3285.37	0.132109
3358.11	0.128498
3430.48	0.125016
3501.33	0.121717
3572.41	0.11875
3645.37	0.116857
3723.04	0.119563
3778.08	0.130119
3837.12	0.135842
3903.57	0.16826
3980.41	0.245825
4036.8	0.254199
4092.51	0.237462
4166.59	0.291909
4238.61	0.34647
4305.86	0.359736
4371.07	0.384977
4436.07	0.403768
4486.34	0.404491
4540.64	0.415207
4599.41	0.437046
4655.62	0.460176
4708.9	0.484688
4770.37	0.506944
4826.34	0.516923
4880.69	0.53786
4931.72	0.559799
4977.24	0.582941
5038.94	0.596822
5101.72	0.607884
5164.22	0.624137
5225.21	0.649522
5283.69	0.687959
5339.01	0.740163
5391.78	0.794404
5388.01	0.592923
5385.05	0.433679
5383.69	0.295963
2538.72	0.170235
2538.4	0.169769
2537.77	0.16886
2616.19	0.167097
2693.44	0.163945
2769.34	0.160146
2844.26	0.156076
2918.41	0.151928
2991.96	0.147803
3065.04	0.143753
3137.79	0.139807
3210.35	0.135973
3282.76	0.132256
3355.1	0.128656
3427.12	0.125179
3498.38	0.121842
3569.51	0.118682
3640.72	0.115839
3711.51	0.113771
3780.06	0.112792
3828.23	0.113824
3898.16	0.122325
3966.24	0.142147
4025.88	0.15394
4092.74	0.149691
4159.19	0.171038
4222.95	0.224688
4309.44	0.300737
4372.61	0.322517
4430.69	0.347801
4492.57	0.365039
4550.9	0.397204
4608.82	0.42471
4665.72	0.449795
4722.23	0.472857
4780.78	0.493736
4837.95	0.514504
4891.69	0.536223
4944.49	0.559151
4997.18	0.580289
5055.09	0.595418
5115.51	0.606846
5176.59	0.623251
5236.84	0.648803
5294.97	0.687373
5350.14	0.739696
5402.85	0.794118
5399.18	0.591449
5396.3	0.43066
5394.97	0.293909
2538.81	0.170229
2538.61	0.169751
2538.15	0.168824
2617.38	0.167042
2694.55	0.163881
2769.53	0.160108
2843.69	0.156081
2917.28	0.15197
2990.53	0.147873
3063.41	0.143842
3136.06	0.139907
3208.52	0.136081
3280.66	0.132374
3352.9	0.128781
3425.09	0.125303
3496.19	0.121978
3567.23	0.118783
3637.21	0.115773
3702.8	0.113237
3768.17	0.111098
3829.86	0.109455
3893.58	0.109917
3960.09	0.113756
4025.11	0.12187
4090.13	0.139458
4154.73	0.153468
4224.13	0.189518
4306.13	0.261256
4376.02	0.293058
4433.67	0.323789
4496.77	0.36815
4556.68	0.402932
4615.05	0.431526
4672.6	0.456783
4730.23	0.479689
4789.4	0.500736
4850.01	0.520597
4900.91	0.536418
4955.02	0.558676
5010.09	0.578907
5067.41	0.594488
5126.77	0.606093
5186.96	0.622541
5246.62	0.6482
5304.43	0.686886
5359.46	0.739322
5412.08	0.793897
5408.49	0.590259
5405.66	0.428035
5404.35	0.292053
2539.15	0.170198
2539.13	0.169703
2539.06	0.168739
2620.63	0.166898
2697.85	0.163704
2770.6	0.160003
2843.78	0.156041
2916.64	0.151979
2989.68	0.147912
3062.25	0.143902
3134.82	0.139979
3207.38	0.136154
3278.91	0.132475
3351.22	0.128882
3424.73	0.125338
3494.7	0.122121
3566.71	0.11894
3630.24	0.116008
3697.69	0.113237
3762.55	0.110885
3825.84	0.109097
3889.63	0.10786
3956.5	0.108928
4023.94	0.115225
4091.52	0.136383
4156.89	0.205541
4226.61	0.260852
4310.12	0.314092
4369.33	0.340762
4432.95	0.361561
4497.92	0.386086
4558.89	0.4139
4617.96	0.439963
4675.91	0.464278
4733.52	0.48707
4793.56	0.50781
4856.95	0.526807
4904.2	0.539426
4962.16	0.558658
5018.85	0.578256
5076.4	0.593937
5135.38	0.605606
5195.07	0.622073
5254.33	0.647825
5311.93	0.686602
5366.88	0.739095
5419.47	0.793738
5415.95	0.589132
5413.18	0.425511
5411.89	0.290232
2539.53	0.17016
2539.75	0.169643
2540.49	0.168616
2628.21	0.166563
2705.64	0.163279
2771.29	0.159889
2844.29	0.155983
2915.97	0.151984
2989.5	0.147921
3061.33	0.143949
3133.9	0.140036
3207.63	0.136141
3276.82	0.132614
3348.85	0.129085
3417.07	0.125665
3493.5	0.122112
3573.66	0.118616
3632.33	0.116144
3696.05	0.114278
3759.37	0.114155
3822.2	0.117939
3883.4	0.118875
3952.81	0.127021
4022.18	0.142577
4092.07	0.163215
4157.32	0.200292
4227.64	0.260648
4305.26	0.328394
4371.74	0.374139
4439.4	0.40302
4498.18	0.409786
4558.53	0.428944
4618.23	0.446605
4676.24	0.465501
4731.37	0.486294
4791.41	0.506756
4854.31	0.525833
4914.52	0.54552
4968.08	0.558385
5024.84	0.577944
5082.65	0.593636
5141.49	0.605328
5200.81	0.621865
5259.76	0.647773
5317.33	0.686619
5372.36	0.739062
5425.01	0.793634
5421.6	0.587889
5418.9	0.422892
5417.63	0.288379
2539.74	0.170138
2539.9	0.169618
2540.09	0.168609
2623.83	0.166701
2702.01	0.163404
2777.23	0.159555
2846.23	0.15586
2913.58	0.152095
2991.24	0.147816
3059.91	0.144042
3132.15	0.140229
3199.73	0.136567
3273.86	0.132772
3345.82	0.129154
3416.58	0.125665
3489.22	0.122273
3561.84	0.119019
3628.9	0.116124
3695.67	0.113839
3757.35	0.113291
3818.78	0.119963
3882.36	0.158926
3946.95	0.208174
4017.45	0.252505
4094.91	0.301382
4166.35	0.335598
4234.78	0.360849
4294.62	0.380004
4367.94	0.389924
4435.53	0.402295
4498.34	0.416483
4555.95	0.431008
4617.39	0.444817
4675.24	0.465516
4730.9	0.487227
4783.45	0.507428
4851.46	0.522613
4913.68	0.541268
4969.57	0.561607
5027.83	0.578222
5086.54	0.593544
5145.35	0.605208
5204.16	0.62194
5262.64	0.648208
5320.52	0.687068
5375.89	0.739268
5428.76	0.793581
5425.49	0.586457
5422.87	0.420212
5421.64	0.286531
2539.82	0.170131
2540.07	0.169605
2540.44	0.168582
2624.99	0.166654
2701.33	0.163393
2777.38	0.15952
2846.71	0.155773
2920.84	0.151767
2985.71	0.148125
3056.54	0.144286
3130.68	0.140284
3201.73	0.136486
3273.5	0.132777
3344.5	0.129197
3414.78	0.125742
3485.6	0.122413
3556.31	0.119242
3626.52	0.116473
3701.12	0.115338
3756.02	0.117798
3812.25	0.127379
3877.67	0.153329
3944.05	0.246045
4023.29	0.352308
4099.38	0.398197
4174.08	0.420713
4235.29	0.412028
4301.87	0.422284
4369.92	0.436121
4435.88	0.451712
4499.34	0.466534
4561.46	0.480325
4616.94	0.486556
4673.34	0.49954
4725.54	0.51688
4790.75	0.526035
4851.35	0.537163
4916.36	0.551783
4979.38	0.568913
5028.39	0.580711
5088.98	0.593765
5147.43	0.605232
5205.08	0.622426
5262.18	0.649721
5321.43	0.688135
5377.63	0.739702
5430.84	0.793577
5427.73	0.585065
5425.18	0.417885
5423.98	0.284966
2539.69	0.170148
2540.17	0.16961
2541.69	0.168532
2634.33	0.166324
2700.95	0.163409
2768.55	0.159993
2844.26	0.15598
2918.22	0.151911
2990.09	0.147885
3065.23	0.14381
3132.61	0.140133
3203.41	0.136462
3274.33	0.132749
3344.42	0.129224
3413.01	0.125831
3482.75	0.122551
3551.97	0.119428
3620.47	0.116656
3688.67	0.115017
3751.49	0.118588
3813.54	0.149643
3874.97	0.203699
3943.21	0.237793
4011.43	0.26344
4090.08	0.303123
4164.72	0.329358
4235.7	0.342267
4302.6	0.363624
4371.75	0.386186
4437.16	0.409629
4499.89	0.432761
4559.95	0.4557
4616.86	0.477895
4675.61	0.498455
4733.32	0.518645
4795.15	0.536772
4859.4	0.552671
4918.38	0.557523
4979.01	0.573119
5037.85	0.587707
5092.19	0.596483
5148.53	0.60702
5203.75	0.623659
5255.58	0.652866
5320.58	0.689552
5378.02	0.740087
5431.48	0.793612
5428.42	0.584651
5425.89	0.416912
5424.69	0.28419
2539.12	0.170201
2539.27	0.169687
2539.46	0.168691
2621.84	0.166824
2696.38	0.163689
2769.25	0.160014
2843.66	0.15603
2917.83	0.151933
2991.42	0.147845
3065.12	0.143822
3136.61	0.139945
3207.81	0.136187
3276.46	0.132626
3346.33	0.12922
3410.66	0.125981
3481.04	0.12269
3549.07	0.11964
3615.44	0.117142
3682.12	0.115807
3747.12	0.117014
3810.03	0.116315
3875.91	0.124374
3942.91	0.135984
4010.36	0.149941
4076.95	0.185129
4153.32	0.266034
4233.41	0.340074
4308.1	0.378815
4373.09	0.38618
4436.95	0.399261
4499.44	0.415181
4558.36	0.432379
4612.22	0.451858
4676.46	0.464032
4734.71	0.48268
4794.96	0.501445
4857.87	0.519961
4918.57	0.538586
4979.03	0.55796
5037.46	0.576866
5091.72	0.593638
5149.29	0.604508
5206.93	0.62148
5263.69	0.648739
5322.4	0.687408
5378.06	0.739393
5430.87	0.793675
5427.6	0.58674
5425.01	0.418182
5423.81	0.284306
2538.44	0.170262
2538.37	0.169765
2538.07	0.168803
2617.16	0.167004
2693.49	0.163851
2768.47	0.16009
2843.39	0.156051
2918.17	0.151908
2992.83	0.147765
3067.48	0.143686
3141.22	0.139725
3211.18	0.135985
3280.29	0.132426
3350.86	0.128938
3417.18	0.125694
3482.34	0.12274
3545.22	0.1199
3613.3	0.116843
3678.8	0.1143
3743.78	0.112233
3807.66	0.110987
3873.53	0.112698
3939.35	0.118753
4006.54	0.133712
4073.12	0.172915
4148.97	0.260478
4227.98	0.297184
4303.49	0.324926
4372.01	0.343843
4439.49	0.368257
4503.29	0.394931
4563.95	0.418636
4622.41	0.44153
4682.26	0.462451
4739.38	0.483861
4788.99	0.50691
4855.46	0.526476
4916.07	0.546583
4978.43	0.565489
5039.18	0.58296
5100.16	0.59667
5148.22	0.604332
5208.22	0.619947
5265.87	0.646045
5322.49	0.685324
5376.62	0.738538
5428.59	0.793788
5425.07	0.588672
5422.48	0.417497
5421.29	0.282443
2537.88	0.170313
2537.73	0.169823
2537.37	0.168868
2615.24	0.167082
2691.95	0.163931
2767.82	0.160135
2843.35	0.156051
2918.79	0.151858
2994.46	0.14765
3071	0.143462
3149.93	0.139273
3215.79	0.135691
3283.12	0.132307
3349.68	0.129006
3418.65	0.125606
3485.41	0.122459
3553.33	0.119512
3614.48	0.117233
3676.76	0.115615
3742.22	0.114167
3803.92	0.116985
3871.36	0.130534
3933.67	0.151407
4000.57	0.183372
4071.28	0.217154
4139.59	0.248169
4226.61	0.298261
4302.41	0.338002
4372.71	0.367755
4440.64	0.391346
4505.88	0.411761
4567.75	0.431326
4627.64	0.451441
4687.49	0.471372
4743.3	0.481803
4798.8	0.501381
4855.96	0.52076
4909.1	0.542922
4977.04	0.560598
5038.82	0.578255
5098.28	0.59344
5156.01	0.605699
5209.14	0.617524
5265.21	0.643581
5320.33	0.683283
5373.04	0.737576
5424.01	0.793974
5420.56	0.587363
5418.27	0.408476
5417.2	0.273997
2537.5	0.170348
2537.36	0.169859
2537.05	0.168902
2614.45	0.167117
2691.27	0.163966
2767.55	0.160154
2843.49	0.156046
2919.33	0.151829
2995.4	0.147598
3072.37	0.143389
3151.89	0.139184
3217.85	0.135593
3286.1	0.132098
3354.75	0.128682
3422.94	0.125364
3487.96	0.122283
3552.92	0.119455
3616.97	0.117307
3684.25	0.118206
3744.78	0.127293
3794.01	0.149704
3859.87	0.196676
3926.03	0.242172
4001.76	0.299415
4077.31	0.338381
4151.34	0.367304
4227.24	0.387576
4300.69	0.402035
4371.71	0.415076
4440.94	0.427038
4508.31	0.437602
4570.31	0.440357
4629.91	0.452088
4685.7	0.465119
4745.48	0.480234
4803.3	0.498032
4860.95	0.51626
4918.35	0.534864
4979.17	0.55235
5038.73	0.570774
5096.75	0.587841
5153.09	0.600634
5205.55	0.617401
5261.68	0.640909
5315.9	0.680095
5366.93	0.735465
5416.03	0.79416
5413.89	0.572924
5412.7	0.37975
5411.92	0.252665
2537.31	0.170365
2537.18	0.169875
2536.93	0.168915
2614.23	0.167128
2691.15	0.163975
2767.65	0.160156
2843.82	0.15604
2919.78	0.151822
2995.65	0.147609
3071.45	0.14346
3146.68	0.139424
3218	0.135599
3289.14	0.131935
3360.81	0.128379
3431	0.124965
3491.25	0.122122
3554.12	0.119465
3616.89	0.11717
3675.87	0.115107
3738.69	0.114473
3798.01	0.117819
3861.95	0.130993
3927.04	0.158461
3991.43	0.225564
4076.65	0.331143
4154.03	0.389226
4228.11	0.427493
4299.89	0.458426
4370.68	0.483375
4441.58	0.503115
4516.17	0.517445
4573.57	0.488091
4631.05	0.496118
4688.45	0.509094
4746.77	0.521845
4805.1	0.535067
4863.3	0.548676
4921.31	0.562613
4979.76	0.57632
5037.82	0.589376
5095.33	0.599897
5152.46	0.611064
5209.92	0.626559
5256.33	0.639471
5310.06	0.668073
5358.58	0.712678
5401.58	0.763558
5405.69	0.504604
5406.7	0.319635
5406.34	0.226133
2537.28	0.170364
2537.17	0.169873
2536.95	0.168912
2614.36	0.167123
2691.44	0.163963
2768.14	0.160137
2844.47	0.156015
2920.47	0.151797
2996.15	0.147591
3071.35	0.143461
3145.7	0.139441
3218.73	0.135556
3292.11	0.131781
3368.88	0.12802
3429.55	0.124976
3495.08	0.121917
3555.97	0.119152
3616.72	0.116665
3676.22	0.114706
3736.43	0.11435
3796.71	0.11857
3860.2	0.131276
3925.75	0.151428
3992.71	0.186064
4068.09	0.255456
4151.1	0.327755
4225.18	0.365994
4295.96	0.389777
4366.85	0.405
4436.68	0.41726
4505.89	0.42664
4570.6	0.428062
4629.41	0.442672
4687.08	0.459999
4745.15	0.477916
4804.17	0.495842
4862.98	0.514887
4920.64	0.535151
4978.19	0.555287
5035.5	0.574316
5092.4	0.590666
5149.18	0.602555
5205.59	0.618386
5260.13	0.644782
5308.19	0.675717
5356.79	0.733323
5404.61	0.794457
5402.59	0.544318
5402.07	0.323773
5401.59	0.224563
2537.41	0.170346
2537.3	0.169855
2537.09	0.168894
2614.79	0.1671
2692.13	0.163929
2769.04	0.16009
2845.52	0.155958
2921.63	0.151734
2997.33	0.147528
3072.37	0.143403
3146.34	0.139398
3219.51	0.135533
3292.14	0.131813
3363.26	0.128248
3430.97	0.124892
3504.25	0.121583
3558.67	0.119231
3618.56	0.117523
3676.55	0.118181
3734.47	0.126823
3791.35	0.158475
3853.57	0.206433
3919.16	0.248663
3995.16	0.300416
4070.13	0.339947
4146.21	0.366801
4219.88	0.390399
4288.11	0.412683
4360.48	0.434337
4429	0.455723
4496.83	0.476332
4570.3	0.495382
4625.83	0.470052
4682.28	0.47817
4739.51	0.490841
4800.41	0.502957
4860.8	0.517742
4917.19	0.533464
4974.26	0.547642
5031.45	0.56735
5088.19	0.585268
5144.66	0.598744
5200.52	0.612796
5254.08	0.636989
5302.06	0.679012
5351.66	0.734396
5399.83	0.794612
5397.73	0.554678
5397.2	0.329147
5396.92	0.225557
2537.69	0.170312
2537.58	0.169822
2537.35	0.168862
2615.54	0.167061
2693.27	0.163872
2770.41	0.160013
2847.04	0.155865
2923.34	0.151627
2999.37	0.147408
3074.7	0.143276
3148.13	0.139286
3221.21	0.135445
3294.11	0.131749
3361.59	0.128327
3427.42	0.125099
3493.55	0.122023
3556.2	0.119237
3623.97	0.116897
3677.45	0.116232
3733.9	0.118864
3788.42	0.129593
3849.73	0.164972
3916.15	0.252991
3988.06	0.294734
4062.53	0.344051
4139.61	0.377989
4215.61	0.403997
4289.68	0.426381
4354.69	0.428732
4419.49	0.444874
4479.98	0.459442
4552.48	0.465367
4615.05	0.471175
4672.98	0.48767
4724.99	0.508451
4793.73	0.527542
4857.32	0.545821
4921.03	0.562908
4967.41	0.566728
5025.42	0.582166
5082.54	0.595789
5139.3	0.60718
5195.36	0.623246
5250.01	0.647633
5303.14	0.684158
5343.8	0.716199
5387.53	0.765087
5391.25	0.485327
5392.15	0.298809
5392.35	0.22342
2538.12	0.170261
2538.01	0.169771
2537.76	0.168813
2616.73	0.167003
2695	0.163788
2772.33	0.159906
2848.99	0.155738
2925.47	0.151478
3002.29	0.147219
3079.19	0.143036
3150.57	0.139106
3223.48	0.135276
3301.97	0.131361
3362.09	0.128316
3424.17	0.125334
3486.99	0.122445
3549.3	0.119779
3612.08	0.117632
3671.83	0.117059
3731.48	0.120864
3792.22	0.13689
3847.12	0.171368
3906.32	0.192933
3975.95	0.193611
4041.88	0.223239
4129.05	0.286613
4209.89	0.332404
4283.2	0.361052
4351.63	0.381102
4417.4	0.401275
4481.23	0.420513
4546.61	0.439664
4609.27	0.456181
4669.23	0.474099
4727.81	0.492683
4789.89	0.510637
4851.56	0.527506
4905.39	0.544067
4961.2	0.558655
5018.05	0.576586
5075.43	0.591912
5132.65	0.603307
5189.42	0.619178
5245.01	0.645519
5298.43	0.6871
5348.57	0.745441
5392.26	0.794729
5389.67	0.558293
5388.92	0.334078
5388.67	0.229298
2538.7	0.170195
2538.61	0.169704
2538.38	0.168746
2618.59	0.166922
2697.69	0.163673
2774.98	0.159771
2851.19	0.155604
2927.4	0.151333
3005.34	0.146989
3089.46	0.142474
3151.81	0.138993
3220.52	0.135473
3290.94	0.131962
3357.74	0.128645
3420.08	0.125587
3481.79	0.122706
3542.47	0.119982
3605.56	0.117257
3667	0.115115
3727.78	0.114209
3789.66	0.116736
3845.58	0.124238
3902.53	0.134324
3975.21	0.153254
4045.35	0.219317
4121.93	0.259944
4203.74	0.29672
4276.55	0.325145
4347.53	0.355359
4413.5	0.386503
4477.4	0.411569
4540.24	0.434161
4603.2	0.454551
4663.99	0.474768
4724.37	0.494612
4783.7	0.511521
4846.05	0.529117
4893.23	0.540763
4959.47	0.557397
5008.16	0.57204
5067.17	0.58838
5124.8	0.600546
5182.03	0.61481
5238.38	0.638189
5292.38	0.675468
5342.25	0.729833
5385.82	0.794416
5386.19	0.534146
5385.33	0.344547
5384.98	0.236137
2539.41	0.170117
2539.39	0.169619
2539.3	0.168652
2621.54	0.166796
2702.17	0.163492
2778.77	0.159596
2853.47	0.155504
2927.75	0.151358
3002.37	0.147224
3077.09	0.143165
3146.01	0.139376
3215.31	0.13573
3286.14	0.132122
3361.02	0.128449
3417.7	0.125618
3478.28	0.122823
3541.06	0.120086
3601.43	0.117713
3663.55	0.115959
3723.44	0.1156
3781.75	0.117944
3842.06	0.123568
3904.02	0.147988
3971.22	0.198185
4043.69	0.241534
4125.61	0.291845
4203.58	0.330585
4274.76	0.361828
4341.61	0.375476
4406.85	0.39816
4470.38	0.417811
4530.11	0.437807
4596.04	0.457124
4656.21	0.470908
4715.1	0.48672
4775.58	0.502187
4835.44	0.521012
4896.48	0.539175
4947.29	0.551721
5001.75	0.570718
5058.71	0.588198
5115.88	0.601059
5173.08	0.616698
5230.46	0.641777
5285.84	0.680857
5337.88	0.735826
5387.29	0.794643
5383.79	0.579125
5381.6	0.387046
5381.01	0.25897
2540.18	0.170034
2540.28	0.169524
2540.53	0.168524
2626.09	0.166583
2710.68	0.163124
2784.51	0.159291
2856.28	0.155353
2927.89	0.151373
2999.5	0.147406
3070.79	0.143506
3140.16	0.139734
3208.95	0.136098
3277.7	0.132576
3345.97	0.12918
3409.02	0.126052
3471.75	0.123099
3535.21	0.120274
3596.58	0.117761
3655.46	0.11549
3719.79	0.114034
3782.14	0.116697
3844.36	0.138565
3904.66	0.182131
3967.01	0.232881
4050.55	0.296715
4130.23	0.337499
4205.41	0.36637
4275.7	0.388813
4336.51	0.404968
4398.82	0.426684
4461.93	0.429938
4530.39	0.444181
4587.61	0.447205
4647.19	0.465057
4699.58	0.486636
4765.06	0.505129
4820.64	0.527553
4887.09	0.546734
4948.87	0.566287
4999.99	0.578943
5048.54	0.589793
5105.38	0.602666
5161.39	0.620043
5220.8	0.645897
5278.03	0.685044
5331.91	0.738742
5383.41	0.794693
5379.37	0.591705
5376.6	0.414167
5375.77	0.277463
2540.89	0.169961
2541.06	0.169441
2541.7	0.168395
2631.57	0.16627
2729.96	0.162181
2792.39	0.15879
2859.33	0.155142
2928.19	0.151355
2997.16	0.14754
3066.66	0.143741
3135.21	0.140037
3203	0.136454
3270.18	0.132994
3336.64	0.129669
3401.24	0.126487
3465.1	0.12353
3526.43	0.120747
3591.65	0.118236
3655.87	0.116665
3718.64	0.117601
3782.19	0.126087
3848.17	0.157773
3905.93	0.16154
3959.5	0.201015
4051.33	0.282792
4133.66	0.350743
4209.98	0.388411
4276.04	0.398858
4337.88	0.401186
4397.99	0.413678
4463.59	0.428189
4517.98	0.443465
4584.12	0.452945
4645.12	0.469872
4703.05	0.488608
4761.44	0.507763
4816.77	0.529287
4879.6	0.548214
4939.14	0.567323
4997.19	0.584939
5042.47	0.595914
5094.05	0.604314
5143.59	0.624293
5209.46	0.649408
5268.86	0.687727
5324.08	0.740297
5376.63	0.794834
5372.71	0.594546
5369.81	0.427738
5368.79	0.287997
2541.47	0.169909
2541.4	0.169414
2541.37	0.16844
2628.45	0.166481
2715.01	0.162935
2792.77	0.158901
2859.48	0.155157
2928.32	0.151412
2994.17	0.14774
3064.24	0.143876
3131.75	0.140209
3198.38	0.136672
3264.31	0.133241
3330.73	0.129964
3393.34	0.126774
3458.5	0.123663
3522.68	0.120752
3588.78	0.118335
3658.99	0.118146
3716.24	0.124013
3777.31	0.148477
3844.65	0.204584
3910.21	0.257012
3984.69	0.299583
4059.83	0.303855
4134.98	0.315493
4203.66	0.32657
4269.83	0.337181
4338.05	0.359304
4401.33	0.386943
4463.92	0.410358
4523.49	0.433394
4584.63	0.454464
4644.43	0.475414
4702.63	0.496504
4758.84	0.518013
4815	0.539653
4872.73	0.559669
4928.61	0.571399
4987.14	0.587502
5042.98	0.600094
5084.88	0.606282
5140.83	0.624253
5200.54	0.650398
5259.11	0.689103
5314.68	0.741295
5367.74	0.795069
5363.98	0.595046
5361.1	0.433636
5359.95	0.293628
2542.17	0.169854
2541.74	0.169391
2540.93	0.168491
2625.8	0.166637
2708.85	0.163265
2787.07	0.159312
2859.38	0.155297
2930.09	0.151327
3000.31	0.147382
3064.62	0.143794
3129.49	0.140321
3193.33	0.136975
3260.64	0.133426
3325.87	0.130113
3388.98	0.126931
3453.47	0.123835
3517.65	0.120896
3582.4	0.118312
3649.19	0.116975
3708.51	0.118533
3774.14	0.134133
3845.06	0.19434
3912.16	0.254038
3990.68	0.317215
4067.5	0.326227
4136.04	0.327431
4206.63	0.342991
4272.24	0.367722
4337.77	0.391577
4401.21	0.413031
4463.26	0.43395
4523.86	0.454513
4583.22	0.474495
4642.28	0.494523
4701.33	0.514359
4753.63	0.519425
4809.21	0.536446
4854.51	0.551974
4918.98	0.566013
4977.55	0.582773
5032.77	0.596875
5084.01	0.611283
5131.56	0.625019
5188.81	0.651558
5247.59	0.69038
5303.56	0.742235
5356.96	0.795407
5353.32	0.595068
5350.5	0.436059
5349.27	0.296456
2543.35	0.169765
2542.49	0.169331
2540.93	0.168481
2624.93	0.166667
2707.51	0.163326
2787.35	0.15934
2860.96	0.155259
2932.51	0.151222
2996.83	0.147552
3061.94	0.143988
3129.84	0.140274
3198.56	0.136641
3259.44	0.133424
3323.62	0.130237
3383.78	0.127211
3449.34	0.124048
3512.69	0.121125
3574.64	0.118507
3634.88	0.116751
3694.37	0.118215
3762.94	0.133434
3829.26	0.202991
3911.35	0.331049
3994.27	0.401703
4080.52	0.438439
4146.72	0.40849
4208.88	0.418391
4270.65	0.434397
4336.01	0.448902
4398.94	0.464308
4460.82	0.478906
4522.51	0.493016
4579.36	0.49498
4637.58	0.505787
4691.87	0.51645
4745.93	0.527527
4798.04	0.5439
4854.5	0.559257
4912.79	0.573952
4969.56	0.589323
5025.27	0.601435
5081.55	0.615319
5128.55	0.632578
5171.59	0.65552
5234.13	0.692008
5290.78	0.743211
5344.37	0.795854
5340.81	0.595018
5338.09	0.436458
5336.81	0.2974
2545.42	0.16962
2543.99	0.169213
2541.43	0.168404
2625.47	0.166601
2708.92	0.16321
2793.91	0.158989
2864.71	0.155038
2928.6	0.15144
2996.48	0.147606
3063.04	0.143898
3129.66	0.140264
3195.57	0.136751
3259.51	0.133396
3324.18	0.130136
3389.27	0.126938
3448	0.12413
3509.76	0.121369
3569.28	0.118831
3621.97	0.117027
3671.38	0.116563
3751.72	0.120912
3825.65	0.142875
3894.28	0.202336
3984.91	0.297545
4068.47	0.342976
4142.52	0.362047
4207.94	0.389999
4273.49	0.41378
4334.85	0.429546
4395.77	0.433845
4456.44	0.447403
4513.47	0.456082
4574.45	0.468208
4633.24	0.485232
4687.22	0.496617
4738.42	0.508801
4785.81	0.52951
4848.53	0.545866
4906.13	0.564179
4961.24	0.582216
5015.19	0.59663
5069.36	0.608639
5119.44	0.628461
5173.55	0.658852
5221.77	0.692699
5276.87	0.743698
5329.88	0.796419
5326.46	0.594479
5323.99	0.434231
5322.72	0.296229
2548.96	0.169401
2546.67	0.169024
2542.47	0.168275
2626.54	0.166526
2708.77	0.163238
2788.45	0.1593
2861.66	0.155269
2930.01	0.151367
2997.63	0.14754
3064.35	0.143813
3130.49	0.140198
3194.93	0.136746
3259.23	0.133399
3324.8	0.130102
3385.22	0.127103
3448.13	0.12416
3507.49	0.121484
3564.28	0.118934
3624.07	0.116448
3684.28	0.114668
3746.6	0.11479
3823.36	0.122083
3894.47	0.152677
3968.49	0.242983
4056.69	0.343806
4140.55	0.389039
4202.39	0.383669
4266.53	0.399075
4326.99	0.412166
4392.72	0.428027
4448.49	0.43514
4512	0.450425
4568.99	0.452033
4624.84	0.462225
4678.58	0.474443
4735.47	0.492614
4789.12	0.515254
4845.08	0.537585
4899.68	0.559126
4952.44	0.579526
5003.77	0.596135
5059.52	0.608919
5116.47	0.62763
5163.36	0.653792
5216.77	0.695864
5260.9	0.743978
5312.59	0.797079
5310.23	0.589159
5308.44	0.425524
5307.26	0.291267
2554.84	0.169095
2551.29	0.168744
2544.57	0.168042
2629.43	0.16632
2711.18	0.163067
2789.49	0.159183
2863.57	0.155134
2932.3	0.151212
2999.88	0.147398
3066.49	0.143673
3133.33	0.140001
3194.78	0.136729
3258.1	0.133491
3320.16	0.130333
3383.08	0.127253
3441.45	0.124365
3505.94	0.121347
3567.7	0.118514
3629.94	0.115849
3692.61	0.113577
3754.4	0.112559
3825.76	0.114667
3895.58	0.127889
3965.45	0.167856
4037.48	0.247822
4117.07	0.324605
4185.82	0.350931
4253.85	0.373033
4319.19	0.389046
4383.66	0.402215
4447.28	0.406347
4502.96	0.411272
4560.62	0.422303
4621	0.438494
4676.62	0.460648
4732.75	0.483641
4787.26	0.507008
4840.32	0.53081
4892.77	0.553951
4943.43	0.576201
4986.8	0.594144
5046.71	0.604383
5101.58	0.619108
5150.15	0.644288
5202.73	0.680607
5251.51	0.730738
5289.99	0.780903
5292.69	0.563009
5292.12	0.405719
5291.09	0.281157
2564.32	0.168692
2559.14	0.168354
2548.81	0.167658
2635.39	0.165927
2717.02	0.162678
2794.83	0.158797
2870.94	0.15463
2935.89	0.150921
3003.31	0.147197
3068.63	0.14359
3131.8	0.140076
3193.91	0.13674
3257.61	0.133506
3319.2	0.130293
3382.58	0.127138
3444.48	0.124108
3507.8	0.121142
3571.37	0.118264
3636.16	0.115542
3702.64	0.113341
3768.04	0.113646
3829.69	0.120668
3894.3	0.147316
3965.13	0.19643
4034.49	0.218853
4100.18	0.193936
4163.3	0.239761
4239.91	0.308839
4304.8	0.345057
4371.15	0.366675
4438.94	0.386634
4501.44	0.410621
4564.2	0.435032
4618.25	0.444692
4670.75	0.467796
4728.44	0.491319
4783.88	0.51532
4833.45	0.529734
4885.26	0.550491
4932.54	0.570674
4983.71	0.58909
5037.49	0.602347
5090.76	0.618722
5143.87	0.645008
5188.22	0.680225
5236.38	0.73558
5282.7	0.79628
5277.89	0.58376
5276.21	0.40295
5275.02	0.278468
2579.01	0.16818
2572.18	0.167844
2558.83	0.16707
2646.28	0.165271
2726.7	0.162102
2801.9	0.15839
2869.52	0.154644
2940.83	0.150641
3010.14	0.146757
3070.01	0.143411
3130.39	0.14012
3195.55	0.136625
3259.01	0.133309
3321.45	0.130096
3384.1	0.126976
3446.68	0.123941
3510.05	0.120976
3574.54	0.118073
3641.47	0.115268
3714.53	0.112809
3767.12	0.110962
3832.02	0.109817
3897.47	0.112519
3964.52	0.121687
4031.09	0.132226
4094.56	0.143631
4156.32	0.206886
4221.77	0.24076
4286.05	0.256364
4363.2	0.325249
4431.17	0.370105
4495.21	0.401272
4556.13	0.427195
4614.29	0.450832
4671.83	0.474479
4723.37	0.484525
4774.29	0.49949
4826.41	0.518019
4877.22	0.540818
4926.8	0.563473
4976.81	0.584208
5027.43	0.59933
5077.83	0.614903
5126.61	0.640408
5170.14	0.684119
5219.16	0.740842
5267.3	0.798878
5262.16	0.599159
5259.7	0.459998
5257.88	0.299237
2600.58	0.16753
2591.77	0.167236
2571.99	0.166502
2663.74	0.164565
2744.38	0.161193
2816.3	0.157493
2886.04	0.153629
2947.92	0.150183
3007.6	0.146818
3073.43	0.143176
3136.21	0.139727
3199.27	0.136356
3261.81	0.133086
3323.97	0.12991
3386.2	0.126821
3448.69	0.123809
3511.84	0.120863
3575.98	0.117975
3641.44	0.11515
3707.87	0.11243
3769.99	0.109892
3834.43	0.107631
3898.82	0.106115
3962.7	0.106515
4028.41	0.111903
4086.97	0.127946
4146.19	0.139157
4212.03	0.15493
4271.51	0.209633
4351.97	0.316968
4421.06	0.375362
4487.17	0.409068
4546.93	0.419526
4607.67	0.436345
4662.87	0.448718
4718.16	0.4676
4770.7	0.490349
4817.95	0.511883
4867.91	0.535593
4918.55	0.558666
4967.93	0.580312
5016.49	0.597281
5064.49	0.613782
5111.43	0.641385
5157.99	0.685356
5198.99	0.741944
5245.28	0.800299
5239.34	0.609536
5236.37	0.463969
5235.18	0.305118
2631.02	0.166636
2622.39	0.166386
2593.74	0.165711
2692.29	0.163381
2770.81	0.159818
2832.96	0.156532
2891.19	0.153236
2955.99	0.149638
3017.69	0.146166
3080.17	0.142718
3142.07	0.139346
3203.83	0.136054
3265.41	0.132845
3326.9	0.12972
3388.56	0.126672
3450.61	0.123693
3513.31	0.120777
3576.83	0.117916
3641.25	0.115108
3706.41	0.112365
3771.49	0.109707
3837.9	0.107197
3901.66	0.105124
3959.75	0.104222
4018.08	0.104124
4081.4	0.104991
4142.76	0.112958
4205.26	0.142364
4266.79	0.22691
4337.84	0.289773
4407.81	0.335086
4470.9	0.360727
4538.17	0.38394
4600.22	0.407329
4657.68	0.430362
4712.6	0.455027
4765.03	0.480004
4815.12	0.505447
4855.39	0.530522
4909.44	0.552334
4958.41	0.574528
5005.04	0.593471
5050.25	0.609418
5093.47	0.634937
5133.59	0.677716
5170.96	0.741421
5215.17	0.801616
5212.34	0.607822
5211.62	0.456211
5211.25	0.303388
2670.13	0.165386
2673.07	0.16498
2685.43	0.164022
2740.81	0.161386
2795.2	0.158502
2851.12	0.155416
2907.89	0.15221
2967.32	0.148889
3027.22	0.145551
3087.76	0.142229
3148.38	0.138951
3208.95	0.135735
3269.49	0.132593
3330.13	0.129524
3391.05	0.126525
3452.49	0.123588
3514.62	0.120706
3577.51	0.117874
3641.13	0.115092
3705.91	0.112354
3772.67	0.109643
3845.09	0.106924
3896.65	0.104966
3957.48	0.10286
4018.66	0.101482
4078.14	0.102556
4137.47	0.114769
4198.25	0.147267
4263.16	0.184064
4329.65	0.163305
4390.14	0.197917
4456.93	0.270656
4529.79	0.342259
4592.97	0.382344
4651.1	0.411273
4706.14	0.437511
4758.65	0.462528
4808.62	0.487227
4855.35	0.512566
4903.14	0.538998
4949.64	0.563158
4994.05	0.584936
5036.39	0.601181
5075.87	0.621044
5108.18	0.65196
5140.2	0.69121
5171.62	0.714179
5182.62	0.576984
5186.92	0.430951
5187.33	0.283664
2706.37	0.163931
2714.4	0.163325
2734.09	0.16203
2772.32	0.159829
2818.16	0.157222
2868.55	0.154357
2922.07	0.151322
2978.35	0.148173
3036.36	0.144966
3095.51	0.141747
3155.07	0.13855
3214.46	0.135408
3273.88	0.132333
3333.55	0.129327
3393.56	0.126386
3454.27	0.123498
3515.82	0.120653
3578.21	0.117854
3640.64	0.11512
3704.33	0.112441
3769.14	0.109803
3834.78	0.107231
3897.2	0.104854
3956.05	0.1029
4022.13	0.101527
4075.87	0.101508
4126.59	0.100953
4196.85	0.104421
4263.29	0.111169
4326.75	0.114045
4387.09	0.13689
4443.31	0.198495
4521.67	0.308366
4585.38	0.36982
4643.1	0.405636
4698.43	0.435112
4751.55	0.462737
4802.37	0.489939
4851.54	0.517158
4895.76	0.530092
4941.1	0.551293
4984.09	0.570453
5024.43	0.586716
5060.51	0.598238
5093.11	0.606971
5122.08	0.612047
5146.29	0.596065
5159.89	0.514745
5166.34	0.378722
5167.15	0.232171
2734.67	0.162594
2744.13	0.1619
2764.31	0.160539
2796.3	0.158554
2836.67	0.156154
2882.97	0.153469
2933.67	0.150582
2987.84	0.147556
3044.59	0.144441
3103.11	0.141287
3162.24	0.138144
3220.33	0.135071
3278.43	0.132071
3337.12	0.129128
3395.9	0.126263
3455.79	0.123434
3516.84	0.120625
3579.59	0.117824
3639.69	0.11518
3702.51	0.112578
3765.76	0.110003
3828.77	0.107498
3887.99	0.105135
3951.67	0.102705
4014.52	0.100543
4073.99	0.0986526
4133.61	0.0970334
4199.2	0.0964751
4265.35	0.0983811
4326	0.106386
4384.37	0.13502
4438.89	0.210753
4513.74	0.323368
4577.36	0.377574
4632.68	0.390836
4689.13	0.415427
4743.59	0.433873
4795.07	0.449386
4841.26	0.462901
4889.15	0.476428
4934.13	0.495796
4976.26	0.513636
5015.14	0.528744
5050.12	0.538784
5081.11	0.541055
5107.82	0.530215
5129.33	0.495361
5144.12	0.405343
5150.94	0.272066
5154.16	0.1991
2753.63	0.161598
2763.27	0.160884
2782.8	0.15954
2812.04	0.157666
2849.37	0.155395
2893.13	0.152828
2941.98	0.150039
2994.94	0.147082
3051.3	0.144005
3110.39	0.140852
3170.79	0.137693
3226.55	0.134722
3282.82	0.13182
3341.07	0.128898
3397.65	0.126182
3456.76	0.123431
3516.84	0.120688
3576.78	0.11799
3638.81	0.115212
3701.08	0.11256
3763.5	0.109979
3825.67	0.107466
3887.02	0.105031
3949.33	0.102662
4011.58	0.1004
4073.26	0.0983125
4135.98	0.0966732
4202.22	0.0967207
4273.77	0.103466
4327.43	0.122629
4382.08	0.173995
4441.15	0.219763
4507.54	0.245119
4563.47	0.236796
4620.77	0.247342
4679.71	0.281472
4736.93	0.312944
4788.44	0.338336
4836.18	0.362173
4882.9	0.385343
4927.86	0.402073
4970.01	0.414052
5008.64	0.420944
5043.24	0.420918
5073.56	0.411552
5099.19	0.3903
5119.64	0.351204
5133.32	0.280729
5140.77	0.195228
5145.51	0.165932
2763.07	0.161065
2772.64	0.160352
2791.7	0.159028
2819.8	0.157206
2855.8	0.154997
2898.37	0.152488
2946.34	0.149742
2998.87	0.146807
3055.53	0.143712
3116.65	0.140457
3184.3	0.136991
3232.64	0.134382
3285.66	0.131708
3337.94	0.129038
3397.25	0.126194
3456.68	0.123397
3516.64	0.120634
3577.06	0.117902
3638.49	0.115194
3700.38	0.112551
3762.45	0.109973
3824.43	0.107462
3886.2	0.105024
3948.27	0.10266
4010.47	0.100379
4072.86	0.0982136
4136.21	0.0962833
4201.21	0.0949802
4266.63	0.095465
4326.13	0.100054
4384.8	0.114216
4444.87	0.136051
4506.26	0.150938
4564.54	0.155339
4621.94	0.162249
4678.58	0.175434
4732.64	0.19203
4781.86	0.211213
4828.55	0.232822
4876.04	0.260489
4922.41	0.28147
4965.89	0.292667
5005.44	0.295986
5040.57	0.293467
5070.94	0.285792
5095.85	0.270806
5113.87	0.239324
5127.08	0.201517
5136.51	0.165611
5141.29	0.139884
4284.02	0.113089
4327.39	0.135409
4379.9	0.208516
4440.89	0.34487
4507.45	0.391489
4557	0.420557
4580.57	0.496482
4631.97	0.50135
4688.75	0.518255
4743.19	0.532689
4795.04	0.547356
4836.72	0.553571
4856.19	0.59003
4894.88	0.5912
4940.76	0.609556
4983.76	0.630189
5024.3	0.650041
5059.69	0.660491
5078.62	0.670703
5105.77	0.671393
5118.3	0.69087
2646.77	0.165727
2701.4	0.163374
2756.05	0.160707
2782.49	0.159139
2846.5	0.155772
2921.36	0.151764
2971.44	0.149001
2996.1	0.147445
3059.75	0.144048
3132.83	0.140224
3183.71	0.137526
3211.16	0.135892
3276.63	0.132635
3349.59	0.129099
3398.94	0.126706
3427.56	0.125166
3494.49	0.122161
3566.97	0.119006
3611.25	0.117065
3639.18	0.11574
3702.5	0.113397
3767.9	0.111678
3803.4	0.112426
3821.33	0.113464
3748.83	0.17587
3774.91	0.207184
3834.89	0.337144
3905.02	0.384839
3972.85	0.410149
4043.01	0.419465
4106.85	0.426664
4172.81	0.428268
4220.26	0.429009
4243.98	0.443968
4304.96	0.447474
4370.71	0.456905
4434.38	0.461041
4486.35	0.474878
4540.17	0.478485
4599.01	0.483969
4654.92	0.487759
4704.97	0.491598
4712.56	0.506861
4524.88	0.591189
4574.11	0.593205
4630.89	0.596001
4688.37	0.600499
4746.62	0.60893
4804.93	0.619017
4863.13	0.629505
4921.17	0.639891
4979.56	0.648878
5037.61	0.658099
5095.12	0.666656
5152.25	0.674418
5208.97	0.681848
5256.29	0.699532
5309.55	0.705523
5357.98	0.712815
5398.86	0.711881
5402.16	0.531021
4508.5	0.519243
4550.5	0.528955
4573.43	0.548322
4607.61	0.548664
4658.11	0.568928
4707.13	0.583361
4754.32	0.593389
4775.54	0.633501
4802.94	0.634601
4852.89	0.652176
4902.4	0.670048
4954.9	0.679056
4976.53	0.699707
5004.03	0.699799
5052.21	0.716429
5097.45	0.737809
5144.52	0.748089
5173	0.750447
5202.2	0.750043
5243.14	0.758606
5248.2	0.584854
5248.67	0.460847
3797.68	0.113155
3826.31	0.113258
3848.93	0.111808
3893.07	0.111331
3959.92	0.115773
4024.93	0.128433
4088.42	0.17025
4133.21	0.27305
4159.02	0.33637
4226.55	0.376798
4308.94	0.397219
4369.92	0.428661
4428.04	0.437771
4451.16	0.478573
4497.22	0.479286
4558.32	0.490976
4618.03	0.497039
4676.34	0.501511
4709.83	0.502808
4732.04	0.507357
4760.93	0.508069
2776.27	0.159769
2793.26	0.158742
2815.74	0.15746
2859.22	0.155129
2928.5	0.151405
2990.62	0.148006
3015.98	0.146413
3063.76	0.143826
3129.8	0.140322
3188.61	0.137291
3211.43	0.135889
3258.86	0.133452
3323.83	0.130249
3378.36	0.127582
3399.78	0.12639
3447.47	0.124173
3510.05	0.121411
3561.42	0.119279
3575.53	0.11851
3623.62	0.116601
3684.69	0.114929
3734.05	0.114564
3743.74	0.113566
3459.45	0.123708
3508.27	0.121649
3574.24	0.119597
3642.08	0.119479
3709.67	0.125663
3772.15	0.151032
3830.39	0.231149
3895.92	0.353512
3976.85	0.381424
4038.6	0.406944
4103.23	0.422776
4170.86	0.432728
4236.71	0.441526
4302.44	0.446006
4367.06	0.448046
4417.61	0.448176
4439.81	0.459454
4488.32	0.459264
4539.66	0.461297
4574.88	0.460471
3779.44	0.109831
3827.95	0.108875
3885.49	0.110147
3944.45	0.119011
4002.93	0.150042
4060.55	0.238618
4118.32	0.342449
4141.02	0.44244
4195.08	0.45246
4265.44	0.470027
4333.03	0.482536
4397.07	0.494456
4457.82	0.504852
4515.47	0.514736
4566.93	0.52817
4616.6	0.536915
4666.94	0.541354
4708.96	0.543172
4728.52	0.555444
4766.56	0.555956
4811.39	0.560345
4841.33	0.561579
3581.84	0.118259
3632.5	0.116376
3696.02	0.115243
3759.3	0.118052
3822.25	0.134008
3859.65	0.175729
3880.54	0.219299
3946.05	0.331196
4017.33	0.386819
4094.31	0.412233
4165.92	0.42961
4234.1	0.444323
4295.01	0.460661
4367.41	0.467251
4435.01	0.475544
4498.44	0.482226
4549.2	0.484406
4570.06	0.513404
4615.98	0.513643
4673.1	0.516881
4712.84	0.517504
3722.47	0.111904
3761.29	0.110463
3777.41	0.109721
3825.39	0.108114
3883.96	0.106849
3943.52	0.107073
4003.85	0.110572
4064.72	0.119712
4125.56	0.13572
4184.27	0.171087
4244.08	0.256481
4294.61	0.292251
4314.16	0.257144
4364.56	0.260892
4423.37	0.285278
4484.92	0.302504
4536.96	0.313914
4588.61	0.332095
4638.06	0.345865
4678.48	0.353728
2972.09	0.148803
3021.65	0.146026
3088.12	0.142432
3156.28	0.138802
3225.1	0.135221
3294.17	0.13172
3363.23	0.128313
3431.96	0.125015
3500.02	0.121849
3567.5	0.118863
3634.36	0.116202
3700.12	0.114351
3762.56	0.114906
3828.32	0.122142
3893.9	0.149876
3953.67	0.229117
4019.42	0.322669
4084.22	0.337705
4111.46	0.349881
4218.49	0.146989
4239.2	0.170061
4256.51	0.293784
4309.72	0.350513
4339.11	0.42927
4378.51	0.430693
4427.68	0.442557
4453.1	0.46921
4502.09	0.472202
4523.8	0.502855
4566.88	0.50366
4598.85	0.513291
4625.21	0.518321
4665.43	0.523277
4683.02	0.542705
4725.03	0.544225
4746.48	0.566768
4782.4	0.566991
4819.86	0.572812
4843.51	0.583829
4885.06	0.585752
4901.91	0.604863
4941.32	0.606377
4972.71	0.609871
5007.13	0.60876
5050.14	0.610503
5065.85	0.60997
4000.04	0.364418
4021.57	0.381209
4086.22	0.408694
4154.73	0.423611
4221.89	0.430847
4251.02	0.456368
4296.32	0.456607
4359.01	0.478744
4421.99	0.489716
4478.99	0.500373
4504.64	0.519928
4540.5	0.519797
4594.98	0.533554
4648.66	0.540944
4700.75	0.546638
4724.11	0.556757
4751.18	0.556504
4810.15	0.581043
4864.41	0.590875
4916.66	0.596456
4944.97	0.597459
4971.46	0.597753
5013.73	0.598523
2587.39	0.166445
2601.38	0.166285
2646.35	0.16519
2726.36	0.162107
2801.94	0.158401
2859.94	0.15528
2881.16	0.153912
2935.36	0.150931
3003.17	0.147208
3069.16	0.143597
3111.19	0.141278
3135.83	0.139803
3194.67	0.136739
3258.23	0.1335
3318.27	0.130509
3344.52	0.129094
3384.57	0.127132
3447.88	0.124207
3507.89	0.121526
3556.26	0.119508
3575.14	0.118747
3621.33	0.117273
3663.48	0.116766
3731.37	0.113702
3755.87	0.114399
3774.64	0.117926
3829.27	0.128604
3892.1	0.171169
3964.15	0.301622
4034.62	0.385024
4076.17	0.417039
4115.88	0.421209
4185.5	0.437102
4253.56	0.448297
4319.55	0.458047
4378.63	0.462043
4402.68	0.489957
4447.82	0.490336
4511.42	0.496914
4568.85	0.504455
4625.6	0.509182
4668.11	0.511097
4690.06	0.526939
4737.86	0.527501
4771.12	0.530036
4313.27	0.370623
4327.44	0.389194
4372.23	0.390794
4425.24	0.404524
4443.38	0.456972
4486.42	0.458464
4532.53	0.463936
4546	0.507578
4591.28	0.509588
4634.98	0.513896
4655.33	0.546141
4707	0.549115
4744.81	0.553488
4757.32	0.563584
4804.81	0.567295
4826.37	0.583332
4850.17	0.583197
4894.8	0.585968
4908.45	0.599353
4937.4	0.599374
4981.76	0.601693
4994.32	0.622926
5029.68	0.623456
5068.96	0.627235
5077.21	0.640161
5103.31	0.641145
3102.82	0.141599
3151.94	0.13897
3220.64	0.135479
3290.66	0.131997
3357.36	0.128692
3419.99	0.125632
3481.79	0.122781
3540.63	0.120265
3566.11	0.119303
3601.15	0.117965
3663.28	0.116464
3723.3	0.116473
3781.89	0.119644
3842.03	0.129574
3902.37	0.16771
3970.19	0.283118
4043.66	0.360229
4125.06	0.383872
4202.94	0.394892
4270.46	0.400293
4295.13	0.421299
4333.64	0.421043
4361.15	0.427444
3409.15	0.126109
3427.1	0.125141
3445.13	0.124225
3490.87	0.122181
3554.15	0.119624
3617.64	0.117927
3660.4	0.119098
3686.4	0.121289
3744.75	0.13137
3795.56	0.15345
3857.81	0.183746
3886.39	0.162777
3932.53	0.161376
3998.18	0.207101
4071.66	0.316584
4129.62	0.343104
4155.7	0.382344
4227.05	0.391106
4302.95	0.407616
4370.47	0.42235
4399.52	0.442598
4436.3	0.442175
4499.1	0.447051
4557.86	0.450415
4595.46	0.452534
3670.06	0.123509
3675.32	0.124987
3716.21	0.133934
3774.72	0.175829
3843.83	0.298838
3910.23	0.362652
3984.52	0.386339
4059.61	0.396338
4134.4	0.407042
4204.4	0.418854
4257.25	0.424767
4281.13	0.478641
4336.91	0.480674
4398.18	0.491735
4462.73	0.495757
4518.6	0.510019
4583.69	0.514428
4644.78	0.521835
4703	0.526902
4761.19	0.528284
4793.46	0.52889
4802.35	0.527897
3855.03	0.106592
3893.85	0.105369
3916.12	0.105428
3959.76	0.105106
4011.94	0.109734
4033.89	0.120467
4086.27	0.144049
4126.46	0.235422
4156.36	0.322894
4221.47	0.37541
4261.06	0.41683
4304.19	0.416688
4368.37	0.430649
4395.31	0.459811
4446.57	0.45993
4495.98	0.471895
4516.75	0.509642
4568.94	0.511479
4609.37	0.517138
4634.17	0.536705
4686.46	0.539821
4712.39	0.550108
4745.8	0.549688
4795.87	0.55156
4818.21	0.552545
4844.63	0.552338
4853.75	0.548656
4857.21	0.552289
4890.43	0.552603
4906.27	0.565677
4943.93	0.565898
4959.45	0.586008
4996.39	0.586108
5008.15	0.601914
5039.95	0.602206
5052.59	0.621187
5082.78	0.621688
5096.57	0.642875
5129.04	0.643457
5140.93	0.679042
5169.37	0.680345
5186.63	0.71261
5219.46	0.71335
5231.5	0.752857
5258.83	0.753609
5266.45	0.7804
5287.37	0.780842
5282.27	0.777609
5277.31	0.637241
5267.52	0.632892
5266.18	0.622233
4025.89	0.10195
4076.87	0.104492
4110.47	0.11548
4138.04	0.124486
4196.4	0.171032
4260.15	0.303324
4286	0.409017
4336.9	0.416376
4407.96	0.448862
4463.55	0.461736
4490.81	0.504722
4546.14	0.506979
4607.84	0.525688
4644.59	0.531207
4671.69	0.54783
4723.24	0.552854
4772.82	0.56031
4795.83	0.57539
4832.65	0.575441
4885.47	0.58533
4927.08	0.587153
4946.45	0.59432
4982.47	0.594414
3716.15	0.119405
3756.2	0.125643
3804.02	0.156932
3818.25	0.209844
3873.61	0.301796
3942.82	0.348923
4011.54	0.377333
4089.67	0.399478
4164.3	0.414428
4235.58	0.425999
4298.78	0.432867
4324.91	0.4609
4371.67	0.461206
4436.62	0.47521
4499.06	0.481376
4557.96	0.489031
4612.89	0.496989
4676	0.499378
4732.63	0.502314
4755.75	0.507671
4778.85	0.507276
3728.99	0.124719
3776.77	0.147196
3798.29	0.217812
3834.19	0.280128
3906.36	0.322688
3945.36	0.339632
3978.4	0.342149
4038.83	0.341785
4075.3	0.347294
4098.69	0.355273
4168.06	0.3733
4211.96	0.382489
4237.23	0.404576
4298.03	0.408462
4342.65	0.41336
4365.76	0.429601
4421.64	0.433396
4463.27	0.440532
4482.01	0.472517
4531.86	0.474479
4571.28	0.478424
4588.16	0.496888
4630.96	0.497703
4665.75	0.500627
4668.77	0.494671
3920.21	0.157281
3959.59	0.202457
4021.14	0.328714
4091.15	0.37075
4153.29	0.386582
4173.87	0.433878
4223.76	0.435196
4295.02	0.446413
4362.83	0.458909
4420.74	0.476387
4447.22	0.492977
4478.41	0.492619
4531.54	0.501741
4580.96	0.511987
4635.78	0.517121
4667.14	0.522415
4682.26	0.545188
4726.04	0.547216
4771.34	0.555297
4819.16	0.559296
4853.23	0.561967
4862.52	0.577297
4895.89	0.577609
4917.78	0.553823
4926.04	0.566198
4949.37	0.565245
4960.3	0.561827
4964.66	0.572828
4988.3	0.573652
5000.61	0.574938
5004.72	0.593298
5027.75	0.594046
5041.2	0.597696
5046.51	0.609865
5067.34	0.611196
5082.29	0.613081
5085.03	0.629166
5104.71	0.631381
5117.79	0.629675
5119.46	0.644875
5136.49	0.648392
5148.3	0.644849
5146.18	0.673143
5158.78	0.683089
5168.08	0.684284
5159.78	0.71323
5166.95	0.740205
5168.66	0.741079
3450.91	0.123816
3465.54	0.123092
3497.45	0.121614
3515.62	0.120777
3551.63	0.119192
3571.41	0.11829
3596.08	0.117238
3626.71	0.115908
3645.37	0.11517
3681.6	0.113783
3702.24	0.113338
3730.38	0.11389
3760.48	0.113839
3782.61	0.116386
3820.46	0.121937
3840.14	0.14218
3865.9	0.196982
3893.67	0.248919
3917.58	0.302169
3965.11	0.305014
3982.54	0.232439
4006.63	0.201134
4024.38	0.157615
3849.33	0.256323
3912.88	0.329637
3979.11	0.345819
3998.28	0.37908
4059.11	0.381004
4135.14	0.391906
4192.06	0.399227
4215.88	0.450807
4275.14	0.452612
4338.25	0.464588
4381.13	0.468399
4402.55	0.499305
4461.88	0.502068
4531.02	0.507457
4568.18	0.514514
4596.57	0.526105
4655.98	0.5293
4715.23	0.535563
4746.68	0.537564
4783.01	0.536858
4845.14	0.540078
4888.1	0.542306
4894.8	0.544757
4894.86	0.546805
3753.94	0.141356
3792.09	0.173224
3858.97	0.302775
3925.91	0.396339
4001.44	0.43985
4076.96	0.459725
4151.23	0.47464
4226.9	0.483078
4300.35	0.490524
4371.41	0.496261
4440.61	0.500892
4507.63	0.504941
4569.96	0.511238
4630.26	0.515136
4666.82	0.516889
4689.69	0.535215
4742.96	0.537137
4798.84	0.540384
4855.27	0.541265
4901.61	0.543435
4858.15	0.550861
4865.68	0.552181
4897.04	0.552571
4916.16	0.571266
4942.59	0.573933
4968.09	0.574166
4987.68	0.58771
5020.56	0.587852
5039.43	0.598647
5065.27	0.599331
5090.22	0.599058
5108.39	0.612807
5140.28	0.613058
5157.47	0.627154
5181.09	0.631809
5203.94	0.631652
5218.41	0.65682
5248.72	0.657996
5261.38	0.687445
5281.25	0.696689
5300.52	0.697135
5310.87	0.738351
5337.07	0.740186
5349.89	0.792152
5370.93	0.794467
5382.77	0.794379
4375.93	0.484465
4423.56	0.487169
4478.85	0.492715
4532.22	0.500172
4569.65	0.503922
4587.88	0.532372
4630.85	0.534839
4679.11	0.542314
4726.45	0.546813
4765.22	0.550286
4777.23	0.592252
4810.89	0.593326
4855.05	0.605627
4901.17	0.612915
4949.7	0.617019
4961.04	0.659194
4992.54	0.658818
5038.22	0.679375
5080.53	0.695356
5119.28	0.710717
5135.92	0.728493
5138.98	0.698767
5151.9	0.700072
3369.45	0.127943
3418.14	0.125601
3478.47	0.12285
3540.91	0.120173
3601.54	0.117912
3663.45	0.116568
3723.33	0.117831
3782.43	0.127037
3818.1	0.150844
3842.76	0.172423
3902.7	0.278225
3967.75	0.371928
4050.14	0.398794
4129.78	0.413415
4204.93	0.424242
4274.9	0.431997
4336.64	0.439601
4399.75	0.440423
4452.43	0.438666
4471.4	0.444229
4505.76	0.444038
3519.42	0.120949
3558.73	0.119417
3618.41	0.118261
3676.49	0.120913
3734.11	0.136858
3788.8	0.195687
3852.75	0.325624
3919.24	0.404216
3994.85	0.434011
4070	0.446926
4145.86	0.453924
4219.75	0.459108
4281.56	0.461095
4304.69	0.488483
4353.35	0.488641
4418.96	0.496677
4481.09	0.500063
4551.55	0.500464
4614.48	0.504508
4672.62	0.507685
4712.71	0.509077
3190.35	0.1366
3232.88	0.134367
3286.42	0.1317
3321	0.129955
3343.41	0.128745
3397.68	0.12619
3456.84	0.123443
3516.98	0.120709
3575.77	0.118114
3603.15	0.11682
3639.32	0.115202
3702.52	0.112609
3765.77	0.11004
3829.07	0.107553
3883.97	0.105501
3908.19	0.104627
3955.51	0.103139
4021.29	0.101812
4075.47	0.10159
4120.09	0.101109
4147.8	0.455836
4148.5	0.457528
4202.65	0.461454
4267.12	0.46931
4313.31	0.473136
4337.75	0.50052
4395.26	0.502831
4456.86	0.51308
4504.63	0.516918
4527.06	0.547315
4578.79	0.5484
4637.79	0.557031
4686.17	0.559723
4707.38	0.580746
4752.98	0.581528
4808.96	0.592346
4854.11	0.597951
4880.63	0.60025
4927.71	0.599936
4987.12	0.613615
5040.14	0.615841
5058.56	0.623207
5093.7	0.622835
5127.63	0.625115
4104.11	0.536847
4146.84	0.537812
4208.67	0.544986
4270.76	0.551217
4335.61	0.554897
4398.63	0.561815
4460.57	0.567757
4521.89	0.572824
4579.21	0.581594
4637.07	0.586344
4691.63	0.595188
4745.66	0.602268
4798.17	0.617629
4854.51	0.62501
4912.57	0.630871
4969.37	0.639249
5025.16	0.645642
5080.88	0.650044
5128.64	0.659014
5162.62	0.661606
2755.15	0.160615
2758.72	0.160412
2773.5	0.159614
2833.27	0.156526
2873.56	0.154316
2890.73	0.153273
2948.08	0.150176
3000.09	0.147332
3018.95	0.146151
3069.74	0.143421
3127.83	0.140325
3150.7	0.138978
3193.44	0.136755
3257.7	0.133546
3291.92	0.131783
3320.8	0.130267
3383.49	0.127267
3429.28	0.125114
3451.65	0.123965
3507.45	0.121522
3559.03	0.119355
3577.13	0.11865
3621.18	0.117219
3665.23	0.116719
3985.59	0.362617
4037.7	0.393083
4080.43	0.418606
4108.13	0.46428
4171.19	0.469328
4235.52	0.479289
4303.03	0.48479
4337.62	0.489646
4366.71	0.497647
4425.23	0.502165
4486.5	0.508398
4542.81	0.517501
4566.4	0.53566
4594.98	0.53549
4648.64	0.540643
4701.73	0.54687
4752.08	0.550478
4770.21	0.572031
4800.39	0.572194
4849.84	0.577357
4896.72	0.581206
4932.6	0.581952
2742.63	0.161388
2792.31	0.158763
2859.47	0.155125
2928.22	0.151348
2997.21	0.147536
3066.6	0.143748
3135.15	0.140049
3202.95	0.13647
3270.12	0.133016
3336.48	0.129698
3401.15	0.126533
3464.93	0.12359
3526.77	0.120874
3591.58	0.118628
3655.72	0.117749
3718.7	0.120477
3782.3	0.131827
3847.14	0.157167
3904.9	0.167883
3947.13	0.194442
2842.55	0.156348
2866.35	0.154901
2926.8	0.151582
2952.48	0.149986
2996.38	0.14756
3060.88	0.144098
3089.53	0.142436
3129.01	0.140327
3193.63	0.136994
3227.93	0.135145
3263.99	0.133242
3331.16	0.129986
3369.93	0.128074
3401.54	0.126461
3465.63	0.123554
3508.06	0.121667
3536.26	0.120268
3596.98	0.117897
3641.08	0.116726
3665.64	0.116288
3723.73	0.116162
3770.23	0.11832
3792.59	0.119335
3845.46	0.127129
3888.87	0.147715
3895.83	0.168158
4172.31	0.514176
4179.62	0.513863
4236.14	0.518718
4301.85	0.523478
4369.61	0.528506
4435.53	0.536701
4499.04	0.545538
4560.83	0.553594
4616.76	0.56634
4672.94	0.572891
4726.75	0.580331
4791.61	0.582031
4840.57	0.58286
4864.13	0.611919
4917.73	0.613658
4978.7	0.625201
5037.46	0.63203
5092.21	0.64005
5148.35	0.643783
5203.17	0.648061
5251.36	0.653422
4596.48	0.563581
4626.03	0.563967
4682.16	0.570087
4739.62	0.576289
4800.27	0.579623
4861.09	0.582995
4908.29	0.584383
4926.35	0.648211
4967.64	0.65257
5025.21	0.657398
5082.33	0.664513
5139.07	0.671167
5195.1	0.678124
5249.74	0.684899
5302.24	0.689713
5343.8	0.690561
5384.87	0.685527
5390.87	0.467501
5392.06	0.298092
5392.25	0.255108
3629.73	0.117005
3677.94	0.117025
3734.39	0.121482
3780.91	0.134637
3799.53	0.147566
3846.74	0.172662
3906.2	0.198115
3973.97	0.242643
4024.14	0.318402
4049.22	0.349994
4121.61	0.368219
4203.12	0.392206
4273.75	0.40865
4300.87	0.444341
4340.92	0.444433
4406.65	0.453636
4470.5	0.458591
4521.95	0.460458
4539.03	0.480049
4586.92	0.480009
4646.79	0.484752
4691.22	0.487246
3851.15	0.202203
3868.79	0.314353
3910.59	0.334831
3979.87	0.3534
4004.8	0.382697
4067	0.383831
4125.94	0.392834
4150.56	0.43942
4208.79	0.439954
4251.06	0.441051
4275.28	0.44293
4333.9	0.444037
4360.33	0.446267
4392.65	0.445545
4445.33	0.446566
4462.53	0.452166
4503.03	0.452159
4553.34	0.455764
4570.71	0.485779
4618.07	0.487146
4657.3	0.492542
4674.54	0.510561
4722.96	0.512486
4749.74	0.517804
4771.22	0.520453
4815.98	0.523229
4831.54	0.530713
4844.58	0.530762
4315.01	0.345666
4319	0.346625
4358.51	0.347733
4377.93	0.358631
4408.69	0.372142
4430.45	0.39917
4452.32	0.426638
4483.35	0.426606
4497.98	0.462918
4532.52	0.463267
4546.88	0.469398
4575.46	0.47118
4595.1	0.474947
4613.58	0.476192
4640.1	0.475893
4652.31	0.487671
4680.51	0.488451
4689.31	0.511609
4715.01	0.514132
4726.86	0.528316
4743.37	0.536742
4765.53	0.536588
4774.14	0.549069
4797.8	0.549464
4800.24	0.511736
3987.79	0.403028
4028.27	0.41108
4049.47	0.46736
4106.13	0.471562
4171.35	0.47897
4235.57	0.485671
4302.96	0.49015
4367.86	0.49758
4432.28	0.503953
4489.74	0.516479
4540.3	0.530881
4591.23	0.537389
4648.94	0.541705
4708.2	0.544944
4752.79	0.546924
4775.22	0.567735
4825.19	0.568592
4880.18	0.57722
4931.43	0.581451
4965	0.583306
2689.74	0.164113
2708.66	0.163095
2752.78	0.160885
2779.72	0.159346
2846.6	0.155846
2903.48	0.152778
2926.62	0.151333
2985.87	0.148113
3052.57	0.144584
3079.34	0.14293
3131.98	0.140161
3203.02	0.136537
3237.2	0.134668
3276.11	0.13263
3346.77	0.129239
3393.24	0.126978
3419.6	0.125562
3482.56	0.122774
3537.18	0.120454
3559.82	0.119422
3614.27	0.117628
3673.79	0.11792
3698.09	0.123191
3743.69	0.12968
3785.4	0.146691
3168.83	0.138189
3176.87	0.1377
3216.02	0.135648
3283.25	0.132318
3347.98	0.129175
3375.96	0.1277
3416.5	0.125733
3482.24	0.122786
3545.4	0.120082
3578.31	0.118971
3615.01	0.117603
3681.98	0.117239
3747.19	0.125104
3782.06	0.151646
3811.5	0.172091
3873.98	0.275268
3943.96	0.352041
3992.53	0.373171
4025.11	0.39904
4099.06	0.40203
4173.83	0.40083
4216.3	0.3951
4238.45	0.38524
4287.19	0.386068
3306.94	0.131039
3362.53	0.128296
3424.26	0.125357
3486.96	0.122512
3549.32	0.119964
3611.82	0.118227
3671.78	0.118996
3731.4	0.12711
3790.82	0.155456
3844.53	0.236059
3902.43	0.338489
3929.08	0.420377
3986.89	0.427861
4062.49	0.444885
4139.42	0.450242
4215.34	0.453709
4288.87	0.455307
4354.56	0.458352
4418.92	0.459177
4474.37	0.460168
