2834.89	0.157045
2846.23	0.15622
2868.83	0.154677
2902.14	0.152551
2944.64	0.149993
2994.31	0.147133
3049.11	0.144068
3107.23	0.140884
3167.25	0.137657
3228.02	0.134449
3288.67	0.131311
3348.55	0.128282
3407.09	0.125388
3463.75	0.122655
3517.85	0.120102
3568.55	0.117747
3616.69	0.115573
3662.5	0.113557
3705.84	0.11169
3746.5	0.109972
3784.55	0.108393
3820.42	0.106934
3854.6	0.105569
3887.5	0.104279
3919.47	0.103048
3950.73	0.101864
3981.01	0.100739
4007.74	0.0997428
4034.81	0.0987607
4061.89	0.0977915
4089.13	0.0968304
4116.58	0.0958747
4144.26	0.0949237
4172.46	0.0939678
4201.67	0.0929927
4232.54	0.0919793
4265.84	0.0909098
4300.94	0.0898021
4337.4	0.0886775
4374.82	0.0875651
4412.71	0.0865337
4450.42	0.0858058
4487.12	0.0860933
4521.72	0.089087
4553.05	0.0968111
4579.4	0.10803
4599.28	0.110034
4613.14	0.0922028
4621.62	0.0837306
4625.61	0.0811966
2822.12	0.158072
2833.48	0.157239
2856.57	0.155634
2891.26	0.153372
2935.64	0.150656
2987.19	0.147646
3043.6	0.144457
3103.01	0.141176
3163.99	0.137874
3225.49	0.13461
3286.7	0.131431
3347.05	0.128368
3406.09	0.125444
3463.43	0.122679
3518.39	0.120094
3568.33	0.117753
3616.33	0.115586
3662.42	0.113562
3706.13	0.111682
3746.95	0.109957
3784.76	0.108385
3820.41	0.106934
3854.44	0.105575
3887.29	0.104288
3919.34	0.103052
3951.2	0.101845
3984.36	0.100624
4007.52	0.0997509
4035.23	0.0987485
4062.49	0.0977721
4089.98	0.0968028
4117.76	0.0958374
4145.44	0.094886
4173.49	0.0939357
4202.35	0.0929725
4232.77	0.0919736
4267.03	0.0908839
4302.88	0.0897684
4340.04	0.0886803
4378.26	0.0877171
4417.05	0.0871808
4455.75	0.0882239
4493.47	0.0947742
4528.76	0.11431
4560.73	0.14821
4587.26	0.190651
4607.03	0.193432
4622.16	0.125911
4630.77	0.0940346
4634.57	0.0839389
2796.62	0.159922
2807.6	0.159113
2831.19	0.157438
2869.06	0.154926
2917.68	0.151907
2973.24	0.148616
3032.94	0.145191
3094.88	0.141724
3157.74	0.138282
3220.62	0.134916
3282.86	0.131661
3344.05	0.128539
3403.94	0.125561
3462.62	0.122726
3521.1	0.120002
3567.29	0.117788
3615.2	0.115633
3662.18	0.113577
3706.96	0.111657
3748.23	0.109912
3785.21	0.108367
3820.3	0.10694
3854.05	0.105594
3886.71	0.104313
3918.55	0.103086
3949.84	0.101899
3980.89	0.100745
4010.38	0.0996579
4036.53	0.0987123
4063.61	0.0977417
4091.61	0.0967577
4120.44	0.0957615
4147.97	0.0948143
4175.75	0.0938757
4203.83	0.0929483
4231.79	0.0920472
4269.63	0.090908
4306.83	0.0898712
4345.24	0.0891965
4384.99	0.0893708
4425.47	0.0918006
4465.9	0.101604
4505.05	0.134558
4539.18	0.205176
4581.98	0.300513
4610.56	0.355077
4630.33	0.352652
4638.83	0.195516
4648.35	0.123142
4651.91	0.0934109
2758.9	0.162308
2767.81	0.161623
2790.13	0.160002
2834.59	0.157128
2891.06	0.153673
2953.25	0.149974
3017.97	0.146211
3083.56	0.142482
3149.04	0.138848
3213.78	0.135342
3277.38	0.131988
3339.55	0.128795
3400.15	0.125769
3459.17	0.12291
3516.73	0.120217
3561.78	0.11806
3612.35	0.115769
3661.63	0.113613
3708.95	0.111593
3751.66	0.109782
3785.61	0.108356
3819.88	0.106973
3853.32	0.105642
3885.84	0.104367
3917.47	0.103146
3948.21	0.101976
3978.78	0.100836
4008.39	0.0997474
4035.76	0.0987387
4065.1	0.0976928
4093.14	0.0966993
4126.51	0.095557
4151.86	0.0946881
4179.68	0.0937488
4209.21	0.0928384
4240.57	0.0920825
4275.8	0.0916723
4312.81	0.0915121
4352.58	0.0939371
4394.49	0.100765
4437.09	0.116489
4478.87	0.152099
4521.98	0.250896
4569.99	0.357719
4610.15	0.428354
4640.61	0.483775
4659.95	0.503405
4669.38	0.318376
4673.76	0.167988
4676.43	0.113647
2711.18	0.164781
2713.5	0.164342
2725.73	0.163152
2786.7	0.159818
2857.15	0.155822
2928.91	0.151614
3000.11	0.147431
3070.14	0.143385
3138.68	0.13952
3205.56	0.135853
3270.65	0.132386
3333.86	0.129116
3395.12	0.126038
3454.36	0.123148
3511.47	0.120441
3566.09	0.117907
3608.16	0.11594
3660.54	0.113662
3713.24	0.111438
3752.02	0.109758
3785.36	0.108363
3819.28	0.106995
3852.7	0.105667
3885.31	0.104389
3917.01	0.103169
3946.41	0.10204
3977.84	0.100859
4007.84	0.0997519
4037.03	0.0986889
4066.77	0.0976281
4097.5	0.0965562
4125.13	0.0956031
4155.75	0.0945721
4183.92	0.0937315
4215.11	0.0932684
4248.04	0.0946393
4282.93	0.100784
4318.88	0.105277
4360.33	0.123175
4405	0.152987
4448.77	0.204573
4500.82	0.278103
4552.3	0.371374
4598.92	0.436347
4640.12	0.499723
4676.77	0.563914
4697.82	0.608592
4704.48	0.426306
4701.36	0.217863
4705.82	0.141745
2660.27	0.166836
2648.42	0.166475
2611.56	0.165452
2728.13	0.1626
2820.47	0.158087
2903.44	0.15334
2981.48	0.148718
3056.06	0.14434
3127.66	0.140237
3196.63	0.136405
3263.18	0.132824
3327.42	0.129476
3389.35	0.126345
3448.91	0.123422
3505.92	0.120702
3559.97	0.118187
3610.1	0.115896
3656.65	0.113825
3703.4	0.111829
3744.85	0.110058
3782.26	0.108492
3817.82	0.107043
3852.01	0.105678
3885.04	0.104381
3917.27	0.103137
3949.52	0.101919
3978.14	0.100845
4008.23	0.0997452
4038.19	0.0986603
4068.21	0.0975894
4098.62	0.0965246
4129.56	0.0954657
4158.53	0.0945044
4188.31	0.0935898
4220.47	0.0929558
4253.64	0.0938994
4292.57	0.107129
4320.83	0.160684
4363.5	0.232295
4418.59	0.309139
4476.82	0.359706
4525.13	0.371499
4577.21	0.426133
4625.24	0.47896
4668.7	0.538183
4710.41	0.602033
4757.65	0.713623
4747.8	0.491343
4740.44	0.285247
4740.87	0.163796
2620.58	0.168429
2607.74	0.167893
2578.06	0.166726
2692.76	0.164385
2791.85	0.159871
2881.31	0.154839
2964.5	0.149893
3042.9	0.145239
3117.03	0.140928
3187.7	0.136951
3255.47	0.133272
3320.62	0.129853
3383.23	0.12667
3443.26	0.123708
3500.6	0.120958
3555.12	0.118414
3606.86	0.116068
3650.12	0.114118
3696.59	0.112107
3739.66	0.110277
3779.15	0.108627
3816.11	0.107116
3851.1	0.105715
3884.47	0.104402
3916.7	0.103157
3948.19	0.101962
3978.59	0.100823
4009.16	0.0997008
4039.7	0.0985963
4069.81	0.0975207
4100.08	0.0964581
4130.82	0.0953993
4161.85	0.0943582
4192.93	0.0933907
4223.14	0.0926777
4261.73	0.0934071
4295.32	0.100353
4331.47	0.121542
4368.59	0.17542
4415.07	0.249031
4482.74	0.336013
4545.06	0.385296
4602.32	0.439435
4653.53	0.494775
4704.77	0.548314
4749.99	0.600568
4798.68	0.708215
4787.28	0.491338
4779.36	0.307851
4777.34	0.175997
2593.26	0.169746
2583.51	0.169022
2563.97	0.167731
2672.17	0.165523
2771.69	0.16111
2863.99	0.155978
2950.57	0.150841
3032.02	0.145991
3107.67	0.141528
3179.3	0.137457
3247.87	0.13371
3313.76	0.130235
3377.03	0.127004
3437.61	0.124001
3495.42	0.121216
3550.43	0.118637
3602.8	0.116249
3653.19	0.11402
3690.95	0.112333
3735.99	0.110435
3776.73	0.108732
3814.76	0.107178
3850.44	0.105746
3883.98	0.104424
3916.06	0.103181
3947.47	0.101987
3978.67	0.10082
4010.26	0.0996612
4042.12	0.098514
4072.04	0.0974422
4102.18	0.0963858
4133.23	0.0953202
4166.87	0.0942193
4196.61	0.0933213
4229.56	0.09263
4264.09	0.0927826
4299.11	0.0941924
4339.68	0.0992954
4379.66	0.113879
4432.01	0.153522
4498.51	0.262751
4567.82	0.365131
4629.54	0.432273
4673.57	0.486207
4731.35	0.540563
4778.71	0.598609
4824.42	0.690058
4821.39	0.481251
4815.95	0.317255
4813.04	0.183609
2575.38	0.170847
2568.77	0.169955
2556.41	0.168472
2659.53	0.166251
2757.69	0.161916
2850.99	0.156761
2940.11	0.151505
3025.03	0.146493
3100.24	0.141982
3171.67	0.137906
3240.54	0.134139
3306.98	0.130629
3370.89	0.127355
3432.09	0.124309
3490.43	0.121486
3545.78	0.118877
3598.22	0.116473
3647.77	0.114262
3693.72	0.112252
3734.59	0.110489
3775.21	0.1088
3814.17	0.107213
3850.61	0.105752
3883.9	0.104434
3915.3	0.103214
3946.5	0.102027
3978.2	0.100841
4011.25	0.0996286
4046.98	0.0983528
4074.85	0.0973538
4104.52	0.0963305
4134.52	0.0953182
4163.71	0.0943225
4199.17	0.0931865
4233.69	0.0921403
4268.7	0.0912664
4308.59	0.091039
4349.16	0.0923228
4395.03	0.104647
4444.89	0.167287
4524.31	0.314489
4586.3	0.377404
4642.57	0.440829
4704.25	0.497236
4762.43	0.553425
4817.49	0.60813
4870.51	0.709009
4859.57	0.50863
4850.72	0.321945
4847.14	0.186417
2563.87	0.171692
2559.59	0.170666
2551.8	0.168989
2651.18	0.166722
2747.56	0.162444
2840.87	0.157286
2932.26	0.151885
3025.93	0.146419
3094.53	0.142239
3164.37	0.138317
3233.26	0.134579
3300.26	0.131047
3364.9	0.127734
3426.86	0.124644
3485.83	0.12178
3541.51	0.11914
3594.08	0.116714
3643.64	0.114489
3690.05	0.112454
3731.45	0.110664
3773.58	0.108901
3814.56	0.107237
3852.64	0.105705
3884.69	0.104428
3914	0.103293
3944.54	0.102129
3976.23	0.100943
4009.72	0.099713
4042.93	0.09852
4072.71	0.0974604
4101.66	0.0964158
4134.89	0.0952672
4168.07	0.0941389
4204.05	0.0929617
4233.99	0.091992
4275.17	0.0908352
4317.02	0.0905613
4362.1	0.0963901
4406.46	0.120223
4454.6	0.195798
4530.56	0.300677
4604.4	0.384137
4669.15	0.446668
4731.71	0.502652
4791.72	0.557541
4850.37	0.609668
4905.88	0.707604
4893.37	0.512726
4883.03	0.328375
4878.74	0.189828
2556.49	0.172284
2553.73	0.171164
2548.77	0.169351
2645.22	0.167065
2739.57	0.162878
2831.39	0.15784
2920.58	0.15261
3006.45	0.147547
3083.06	0.142961
3156.11	0.138783
3226.72	0.134903
3294.99	0.131277
3360.84	0.127889
3424.05	0.124736
3484.11	0.121822
3539.93	0.119161
3592.55	0.116731
3642.49	0.114491
3690.08	0.112412
3736.53	0.110446
3772.17	0.10892
3818.33	0.107077
3851.13	0.105736
3883.13	0.104479
3914.23	0.103279
3944.09	0.102135
3978.91	0.100841
4009.05	0.0997372
4039.46	0.0986324
4071.94	0.0974773
4103.34	0.0963685
4136.75	0.0952015
4171.42	0.0940354
4202.72	0.0929957
4241	0.0917957
4283.65	0.0908182
4325	0.0916731
4369.96	0.100592
4414.77	0.13543
4460.25	0.213416
4547.3	0.310989
4620.26	0.394283
4689.65	0.45299
4755.17	0.506536
4817.51	0.559709
4878.37	0.610272
4935.12	0.706658
4922.67	0.511135
4911.94	0.327595
4907.37	0.189606
2551.73	0.172673
2549.93	0.171498
2546.68	0.169606
2640.79	0.167321
2733.21	0.163219
2823.37	0.158287
2910.73	0.153159
2994.51	0.148181
3073.21	0.143519
3148.2	0.139218
3220.26	0.135235
3289.78	0.131525
3356.95	0.128061
3421.9	0.124827
3484.15	0.121832
3539.1	0.119182
3591.35	0.116773
3641.44	0.114537
3689.16	0.112459
3733.98	0.110544
3775.94	0.10879
3813.2	0.10726
3849.29	0.105812
3881.95	0.104515
3914.24	0.10327
3945.34	0.102097
3975.93	0.100939
4008.66	0.0997348
4040.55	0.098577
4072.7	0.0974303
4106.36	0.0962582
4138.82	0.0951438
4172.31	0.0940311
4208.16	0.0928894
4246.02	0.0917752
4287.02	0.0908237
4329.26	0.0905692
4376.36	0.0919384
4425.75	0.109692
4476.73	0.195154
4557.14	0.32983
4628.36	0.406148
4705.92	0.458519
4775.31	0.509512
4839.95	0.56117
4902.4	0.610702
4959.97	0.706088
4947.99	0.508266
4937.35	0.323987
4932.78	0.187206
2548.68	0.172921
2547.45	0.171718
2545.23	0.169786
2637.48	0.167508
2728.28	0.163473
2816.99	0.158619
2903.07	0.153557
2985.98	0.148619
3065.22	0.143951
3141.14	0.139602
3214.15	0.135559
3284.58	0.131788
3352.88	0.128252
3420	0.124899
3489.06	0.121615
3538.57	0.119191
3589.98	0.116859
3640.57	0.11462
3689.09	0.112519
3732.43	0.110643
3772.64	0.108951
3810.06	0.107417
3849.69	0.105842
3880.2	0.10462
3912.1	0.103369
3944.77	0.102126
3976.68	0.100927
4009.27	0.0997318
4041.88	0.0985576
4072.76	0.097454
4106.75	0.0962673
4140.41	0.0951134
4170.78	0.0940522
4210.67	0.0927761
4249.39	0.091623
4286.19	0.0907382
4333.64	0.0908112
4382.89	0.095668
4433.63	0.117731
4486.25	0.183176
4567.72	0.325481
4641.5	0.410109
4722.17	0.461349
4793.66	0.51131
4859.76	0.562115
4923.21	0.611052
4981.31	0.70578
4969.82	0.505459
4959.41	0.319804
4954.98	0.184088
2546.74	0.173076
2545.87	0.171862
2544.25	0.169912
2635.12	0.167644
2724.61	0.163659
2812.13	0.158863
2897.21	0.153852
2979.49	0.14895
3058.73	0.144295
3134.99	0.139935
3208.43	0.135867
3279.23	0.132074
3347.61	0.128533
3413.72	0.125227
3477.18	0.12216
3533.51	0.119439
3587.67	0.116937
3641	0.114562
3695.39	0.112243
3734.29	0.110523
3772.19	0.108949
3811.91	0.107368
3844.07	0.106046
3880.67	0.104602
3912.68	0.103357
3944.87	0.102146
3976.29	0.100964
4009.81	0.099735
4042.53	0.0985337
4076.75	0.0973253
4108.52	0.0962177
4137.81	0.0952094
4169.07	0.0941516
4207.5	0.0928915
4249.43	0.0915796
4290.14	0.0903609
4338.92	0.089372
4389.36	0.0912039
4441.71	0.110181
4493.6	0.208878
4570.2	0.33994
4660.36	0.40974
4739.33	0.461803
4810.85	0.512023
4877.41	0.562629
4941.3	0.611322
4999.66	0.705654
4988.56	0.503176
4978.41	0.315935
4974.08	0.181192
2545.59	0.173169
2544.93	0.171951
2543.65	0.169996
2633.62	0.167736
2722.14	0.163786
2808.64	0.159034
2892.82	0.154069
2974.48	0.149203
3053.45	0.144572
3129.69	0.140218
3203.21	0.136147
3274.06	0.132348
3342.25	0.128809
3407.72	0.12552
3470.05	0.122477
3528.3	0.119688
3583.91	0.117111
3638.23	0.114683
3693.53	0.112324
3731.45	0.11066
3767.97	0.109085
3807.87	0.107471
3849.08	0.10584
3877.86	0.104684
3909.62	0.103441
3944.38	0.102124
3979.44	0.100823
4011.63	0.0996418
4043.92	0.0984746
4077.5	0.0972926
4105.11	0.0963201
4136.5	0.0952331
4172.77	0.094011
4210.31	0.092775
4248.85	0.0915515
4297.49	0.0902964
4345.61	0.0898309
4396.74	0.0928052
4449.03	0.111385
4496.79	0.193713
4593.31	0.334423
4678.91	0.407922
4755.76	0.461384
4826.53	0.512155
4892.93	0.562874
4956.89	0.611531
5015.31	0.705651
5004.49	0.501507
4994.55	0.312708
4990.29	0.178786
2545.03	0.173215
2544.5	0.171995
2543.43	0.170041
2633.08	0.167785
2720.91	0.163853
2806.41	0.159136
2889.67	0.154217
2970.61	0.149394
3049.15	0.144793
3125.16	0.140456
3198.58	0.136392
3269.32	0.132596
3337.32	0.129059
3402.52	0.125773
3464.66	0.12273
3523.39	0.119927
3579.23	0.117343
3632.34	0.114957
3682.65	0.112768
3728.66	0.110799
3758.76	0.109467
3801.14	0.107748
3839.67	0.106201
3872.28	0.104889
3908.25	0.103498
3943.21	0.102161
3978.89	0.100831
4014.89	0.0995202
4044.39	0.0984448
4073.29	0.0974172
4106.03	0.0962586
4139.88	0.0950898
4176.31	0.0938615
4215.08	0.0925793
4256.86	0.0912359
4303.9	0.0898301
4353.87	0.0886996
4405.2	0.0897858
4460.29	0.105082
4516.94	0.188605
4611.47	0.329948
4694.85	0.406234
4770.18	0.460774
4840.15	0.512066
4906.22	0.562994
4970.05	0.611713
5028.42	0.705728
5017.81	0.500345
5008.02	0.310135
5003.78	0.176867
2544.91	0.173222
2544.53	0.171997
2543.67	0.170035
2633.87	0.167772
2721.25	0.16384
2805.41	0.159164
2887.55	0.154305
2967.65	0.149535
3045.68	0.144973
3121.33	0.140659
3194.55	0.136608
3265.16	0.132817
3332.92	0.129286
3398.05	0.126
3460.35	0.122949
3519.09	0.120152
3575.04	0.117569
3627.16	0.115206
3674.12	0.113151
3718.69	0.111238
3758.38	0.109506
3796.83	0.107915
3835	0.106394
3871.24	0.104957
3907.22	0.103565
3940.93	0.102254
3977.98	0.100869
4015.01	0.099521
4045.27	0.0984111
4073.04	0.0974047
4107.01	0.0962207
4142.14	0.0950113
4179.31	0.0937576
4219.02	0.0924455
4262.14	0.0910596
4310.29	0.0896131
4364.05	0.088403
4413.15	0.089309
4470.06	0.103964
4529.92	0.184517
4624.9	0.327082
4707.53	0.405013
4782.01	0.460244
4851.38	0.511959
4917.12	0.563094
4980.81	0.611897
5039.11	0.705854
5028.64	0.499524
5018.98	0.308096
5014.74	0.17533
2545.1	0.173201
2544.93	0.171959
2544.52	0.169961
2636.99	0.167642
2724.08	0.163686
2805.43	0.159111
2886.22	0.154349
2965.28	0.149647
3042.88	0.145127
3118.08	0.140841
3191.1	0.136804
3261.7	0.133016
3328.9	0.129508
3394.14	0.12622
3457.31	0.123116
3515.29	0.120384
3572.5	0.117776
3620.74	0.115489
3669.39	0.113331
3713.82	0.111403
3754.86	0.109652
3793.83	0.10803
3832.37	0.106478
3869.6	0.105002
3906.15	0.103582
3942.73	0.102191
3977.03	0.100913
4013.2	0.0996024
4041.01	0.0985719
4072.85	0.097431
4107.97	0.0961933
4143.87	0.094958
4181.63	0.0936866
4221.74	0.0923631
4264.96	0.0909702
4314.06	0.0895153
4370.73	0.0883754
4416.62	0.0894954
4477.3	0.10347
4539.03	0.181842
4634.76	0.325155
4717.15	0.40406
4791.1	0.459853
4860.03	0.51195
4925.56	0.563255
4989.18	0.612114
5047.44	0.706007
5037.11	0.498881
5027.57	0.306315
5023.31	0.174168
2545.38	0.173172
2545.48	0.171905
2545.98	0.169824
2645.01	0.16725
2731.89	0.163203
2805.03	0.159048
2885.38	0.154384
2962.92	0.14977
3040.84	0.145267
3115.15	0.141022
3188.09	0.136998
3259.52	0.133147
3324.63	0.129771
3390.04	0.126508
3449.57	0.123475
3513.18	0.120443
3576.62	0.11754
3620.96	0.115455
3666.92	0.113445
3710.52	0.111561
3751.8	0.109814
3789.84	0.108203
3829.85	0.106584
3867.71	0.10508
3904.39	0.103652
3940.15	0.102289
3974.51	0.100998
4008.55	0.0997469
4041.1	0.0985563
4076.49	0.0973072
4109.31	0.0961555
4145.25	0.094933
4183.45	0.0936588
4223.55	0.0923534
4264.5	0.0910072
4313.24	0.0895722
4369.13	0.0885172
4427.87	0.0909996
4484.04	0.103779
4545.93	0.179984
4642.01	0.323438
4724.08	0.403162
4797.47	0.459596
4865.97	0.512168
4931.46	0.563574
4995.17	0.612402
5053.52	0.706176
5043.33	0.498259
5033.92	0.304676
5029.65	0.173177
2545.49	0.173162
2545.52	0.1719
2545.41	0.169866
2639.76	0.167486
2727.31	0.163425
2810.72	0.158706
2886.16	0.154334
2958.74	0.150013
3040.79	0.145282
3111.76	0.141242
3184.62	0.137296
3250.85	0.133618
3321	0.129957
3386.54	0.126609
3448.35	0.123514
3508.99	0.120621
3566.87	0.117944
3617.87	0.115591
3666.28	0.11346
3708.99	0.111587
3749.64	0.10986
3790.53	0.108178
3828.28	0.106656
3866.05	0.105167
3902.9	0.103737
3938.58	0.102377
3972.24	0.101108
4001.64	0.100008
4038.9	0.098668
4074.84	0.0973888
4110.2	0.0961535
4144.67	0.0949601
4183.77	0.0936407
4223.78	0.0923502
4265.58	0.0911115
4308.23	0.0900714
4367.98	0.0890796
4428.26	0.0915225
4486.75	0.113578
4550.72	0.1842
4647.25	0.322836
4728.53	0.402261
4801.02	0.459552
4868.88	0.51295
4934.72	0.564226
4998.87	0.612814
5057.46	0.706354
5047.45	0.497551
5038.17	0.303104
5033.9	0.172312
2545.49	0.173161
2545.63	0.171892
2545.73	0.169843
2640.8	0.167447
2726.14	0.163432
2810.23	0.158702
2885.95	0.154269
2965.7	0.149691
3034.15	0.145655
3107.35	0.141544
3182.29	0.137384
3251.86	0.133571
3319.82	0.129994
3384.55	0.12668
3446.03	0.123616
3505.32	0.120775
3561.83	0.118139
3615.3	0.115697
3669.41	0.113345
3707.7	0.111642
3745.6	0.110034
3787.18	0.108318
3826.38	0.106729
3865.04	0.105199
3902.71	0.103746
3940.04	0.102334
3970.46	0.10116
4003.83	0.0999242
4039.06	0.0986544
4074.75	0.0973865
4111.03	0.0961229
4148.92	0.0948508
4185.07	0.093705
4224.42	0.0926966
4263.56	0.0924102
4316.19	0.0940537
4369.39	0.0961137
4433.19	0.103257
4498.27	0.14357
4554.48	0.220974
4651.26	0.332383
4730.61	0.402625
4801.48	0.46019
4867.77	0.515393
4935.31	0.565513
5000.46	0.613375
5059.45	0.70654
5049.64	0.496853
5040.47	0.301745
5036.21	0.171712
2545.28	0.173179
2545.67	0.171891
2547.06	0.169755
2651.09	0.167009
2725.48	0.163423
2800.36	0.159269
2883.21	0.154519
2962.81	0.149847
3038.6	0.145382
3115.91	0.141041
3183.4	0.137251
3252.42	0.133593
3319.72	0.130007
3383.6	0.126742
3443.68	0.12373
3502.19	0.120924
3557.67	0.118328
3610.01	0.115941
3659.87	0.113747
3704.01	0.111811
3746.78	0.110004
3784.78	0.108436
3823.83	0.106874
3860.65	0.105386
3898.77	0.103902
3935.27	0.102504
3969.62	0.101202
4002.98	0.0999604
4038.87	0.0986473
4074.46	0.0973783
4110.57	0.0961182
4147.33	0.0948594
4184.6	0.0936063
4225.85	0.0923138
4269.58	0.0913106
4320.25	0.093003
4376.85	0.116212
4436.58	0.169994
4498.35	0.231063
4577.53	0.317819
4654.93	0.371184
4730.29	0.414807
4798.73	0.463733
4859.43	0.520825
4933.91	0.567188
5000.55	0.613846
5059.81	0.706733
5050.06	0.496796
5040.94	0.301252
5036.72	0.171455
2544.6	0.173242
2544.63	0.171992
2544.56	0.169979
2637.1	0.167651
2720.4	0.163796
2801.13	0.1593
2882.52	0.154555
2962.34	0.149843
3039.93	0.145312
3115.8	0.141025
3187.41	0.137037
3256.56	0.133316
3320.88	0.129923
3384.25	0.126784
3440.65	0.123902
3499.88	0.121068
3554.48	0.118496
3605.13	0.116173
3654.11	0.114025
3699.9	0.112037
3741.76	0.110206
3782.36	0.108511
3821.36	0.106925
3859.19	0.105414
3896.72	0.103951
3933.44	0.102545
3968.94	0.101205
4005.62	0.0998605
4039.51	0.0986303
4074.52	0.0973973
4110.65	0.0961514
4146.78	0.0949169
4182.03	0.0937122
4227.04	0.0922661
4271.15	0.0909154
4320.47	0.0898801
4377.15	0.091229
4437.84	0.0999127
4502.36	0.126946
4567.38	0.206815
4653.95	0.330772
4732.37	0.399564
4803.32	0.45746
4869.15	0.513523
4935.94	0.564625
5000.32	0.613169
5058.79	0.706919
5048.79	0.498291
5039.63	0.302041
5035.5	0.171393
2543.82	0.173313
2543.61	0.172088
2543	0.170123
2631.87	0.167868
2717.19	0.163994
2800.27	0.15939
2882.22	0.15457
2962.68	0.149802
3041.37	0.145218
3118.16	0.140877
3191.96	0.136812
3259.81	0.133108
3324.53	0.129722
3388.19	0.126531
3445.56	0.12367
3499.98	0.121119
3550.65	0.118726
3603.37	0.116266
3651.56	0.114101
3697.06	0.112113
3739.29	0.110296
3780.1	0.1086
3818.85	0.107018
3857.05	0.105498
3894.79	0.104026
3932.41	0.102589
3966.99	0.101288
4003.12	0.0999661
4038.33	0.0986866
4075.02	0.0973605
4112.04	0.0960658
4149.55	0.0947772
4188.33	0.093471
4231	0.0920896
4274.87	0.0907214
4316.23	0.0895793
4375.97	0.0886682
4435.85	0.0913487
4502.32	0.112439
4567.89	0.210854
4665.24	0.345384
4730.71	0.400278
4805.03	0.453735
4871.86	0.508734
4936.01	0.562053
4998.43	0.612282
5055.85	0.707149
5045.57	0.499441
5036.47	0.301404
5032.58	0.17047
2543.18	0.173367
2542.89	0.17215
2542.21	0.170193
2629.74	0.167949
2715.51	0.164084
2799.59	0.159442
2882.22	0.154569
2963.38	0.149748
3043.1	0.1451
3121.73	0.140653
3200.5	0.136372
3264.12	0.132833
3327.07	0.129616
3387.26	0.126587
3447.56	0.123571
3503.28	0.120879
3557.35	0.118367
3604.06	0.116225
3649.73	0.114197
3695.68	0.112178
3736.58	0.110407
3778.46	0.108685
3815.66	0.107161
3854.39	0.105633
3892.27	0.104158
3927.04	0.102794
3964.98	0.10136
4001.9	0.0999925
4038.63	0.0986567
4076.08	0.0973222
4114.15	0.0959939
4152.64	0.0946738
4192.66	0.0933386
4236.06	0.0919759
4279.34	0.0907504
4325.98	0.0898632
4378.02	0.0901404
4430.23	0.0943786
4501.92	0.114368
4568.02	0.199748
4662.61	0.331778
4740.44	0.407316
4806.12	0.448242
4871.11	0.504111
4933.44	0.559325
4994.03	0.611167
5050.23	0.707475
5040.01	0.497276
5031.3	0.294129
5028.17	0.167087
2542.77	0.173399
2542.48	0.172182
2541.87	0.17022
2628.91	0.167977
2714.83	0.164117
2799.39	0.159461
2882.5	0.154561
2964.12	0.149712
3044.27	0.145039
3123.36	0.140569
3202.72	0.136268
3266.74	0.132704
3330.65	0.129381
3392.64	0.126258
3451.91	0.123336
3506.03	0.120713
3557.73	0.118306
3606.46	0.116083
3655.22	0.113941
3697.52	0.112121
3731.25	0.110655
3772.67	0.108953
3813.32	0.107283
3852.22	0.105723
3889.97	0.104239
3926.75	0.102816
3963.87	0.101415
4001.07	0.100038
4038.74	0.0986709
4077.38	0.0973004
4117.07	0.0959276
4155.81	0.0946092
4195.57	0.0933226
4235.45	0.0921591
4281.68	0.091472
4330.43	0.0932322
4383.98	0.102377
4440.69	0.120622
4505.95	0.149413
4570.28	0.223986
4661.32	0.327077
4736.86	0.393312
4801.11	0.450275
4866.74	0.499537
4928.22	0.555055
4986.64	0.608687
5040.58	0.707812
5031.87	0.481934
5024.38	0.269241
5022.76	0.159609
2542.58	0.173411
2542.31	0.172192
2541.76	0.170224
2628.73	0.167978
2714.82	0.164117
2799.68	0.159454
2883.09	0.154544
2964.88	0.149691
3044.89	0.145032
3122.9	0.140618
3198.19	0.13648
3267.4	0.132694
3333.98	0.129215
3398.52	0.125976
3459.17	0.122983
3509.01	0.12056
3558.94	0.118268
3606.74	0.116113
3649.94	0.114147
3693.9	0.112232
3733.27	0.110532
3773.15	0.108879
3812.54	0.107276
3850.93	0.105741
3888.5	0.104267
3925.49	0.102842
3962.42	0.101448
3999.6	0.100069
4037.8	0.0986816
4077.92	0.0972573
4122.53	0.095748
4158.68	0.0945704
4197.39	0.0936048
4238.79	0.0936696
4283.94	0.0983288
4332.03	0.120793
4386.92	0.17861
4441.3	0.23008
4510.8	0.29602
4581.95	0.358189
4660.44	0.401327
4734.97	0.437685
4805.59	0.476052
4860.21	0.501589
4921.58	0.544918
4976.51	0.594438
5023.19	0.683248
5022.17	0.409242
5017.24	0.224071
5017.03	0.150713
2542.59	0.173406
2542.34	0.172184
2541.83	0.170211
2628.99	0.167961
2715.33	0.164092
2800.46	0.159419
2884.1	0.1545
2966	0.149644
3045.87	0.14499
3123.33	0.140591
3197.78	0.136469
3268.61	0.132634
3337.19	0.129059
3406.08	0.125641
3458.45	0.122984
3512.95	0.120393
3561.36	0.11811
3607.6	0.116015
3651.02	0.114073
3693.06	0.112247
3733.11	0.110536
3772.63	0.108895
3811.48	0.107314
3849.46	0.105795
3886.85	0.104329
3923.83	0.102906
3960.57	0.101518
3997.28	0.100153
4035.44	0.0987662
4074.86	0.0973638
4116.05	0.0959392
4156.79	0.0945617
4196.33	0.0932902
4238.03	0.0922122
4283.38	0.0919676
4333.38	0.0949847
4388.2	0.107112
4446.07	0.127763
4508.14	0.154663
4571.24	0.231723
4658.36	0.334851
4733.46	0.398568
4802.11	0.452393
4865.11	0.506579
4919.61	0.54946
4975.09	0.606315
5027.54	0.708087
5019.02	0.468022
5012.99	0.248419
5012	0.154824
2542.79	0.173387
2542.54	0.172162
2542.03	0.170185
2629.61	0.167927
2716.33	0.164041
2801.78	0.15935
2885.65	0.154418
2967.71	0.149554
3047.64	0.144898
3124.95	0.140503
3199.03	0.136393
3269.97	0.132578
3337.9	0.129052
3401.92	0.125811
3460.35	0.12288
3520.78	0.120046
3563.79	0.117977
3609.21	0.115957
3651.52	0.114075
3692.35	0.112302
3731.82	0.110617
3771.27	0.108977
3810.01	0.107399
3847.54	0.105894
3884.85	0.104432
3921.91	0.103007
3958.57	0.101624
3993.66	0.100309
4032.31	0.0988887
4070.89	0.097508
4111.24	0.0961035
4157.72	0.0945996
4195.05	0.0935336
4235.86	0.093131
4280.44	0.095342
4331.42	0.106293
4385.28	0.139016
4443.66	0.167066
4504.99	0.15167
4566.52	0.205603
4654.14	0.309051
4728.77	0.381601
4796.89	0.436637
4858.86	0.492189
4913.02	0.553579
4969.57	0.606943
5022.36	0.708141
5013.89	0.471633
5008.09	0.25154
5007.16	0.159419
2543.18	0.173353
2542.92	0.172125
2542.38	0.170145
2630.64	0.167876
2717.9	0.163962
2803.7	0.159243
2887.81	0.15429
2970.11	0.149413
3050.39	0.144747
3127.98	0.140347
3201.45	0.136249
3272.22	0.132459
3340.36	0.128955
3401.11	0.125838
3458.02	0.123014
3512.8	0.120408
3562.47	0.118055
3613.74	0.115761
3652.55	0.114017
3692	0.112325
3728.95	0.110735
3769.58	0.109037
3809.19	0.107427
3845	0.105988
3882.45	0.104525
3920.04	0.103079
3957.31	0.101669
3995.07	0.100273
4029.72	0.0990042
4065.95	0.0977199
4101.51	0.0964669
4146.54	0.0949557
4188.01	0.0936077
4229.27	0.0924973
4269.22	0.0923513
4326.25	0.0971675
4383.13	0.126839
4443.95	0.230029
4497.67	0.287306
4568.45	0.349532
4646.38	0.393614
4720.75	0.430623
4789.88	0.47144
4854.02	0.516863
4914.61	0.565573
4960.62	0.59769
5007.76	0.683676
5006.32	0.406907
5002.99	0.227463
5002.54	0.169782
2543.75	0.173301
2543.49	0.172069
2542.92	0.170086
2632.2	0.167805
2720.21	0.163851
2806.33	0.159094
2890.54	0.154115
2973.08	0.149215
3054.17	0.144516
3133.29	0.140073
3204.6	0.13604
3275	0.132274
3348.01	0.128576
3401.93	0.125803
3455.56	0.123175
3507.73	0.120686
3557.37	0.118359
3605.28	0.116177
3648.93	0.114214
3690.68	0.112393
3731.65	0.110654
3767.41	0.109153
3802.45	0.10771
3842.78	0.106109
3879.43	0.104633
3918.18	0.103135
3955.22	0.101728
3991.52	0.100376
4027.41	0.0990595
4063.81	0.0977546
4101.19	0.096438
4141.8	0.0950528
4183.27	0.0936631
4225.9	0.0923057
4270.99	0.0911521
4322.81	0.0912494
4378.5	0.0973628
4430.67	0.123226
4487.84	0.157589
4550.35	0.235185
4638.46	0.340665
4715.29	0.401097
4785.06	0.452837
4849.56	0.506354
4909.96	0.561827
4967.28	0.618222
5015.14	0.707938
5006.14	0.47671
4999.99	0.25777
4998.56	0.16199
2544.52	0.17323
2544.28	0.17199
2543.71	0.170001
2634.57	0.167701
2723.66	0.163697
2809.9	0.158902
2893.72	0.153911
2976.02	0.148998
3058.25	0.144213
3144.55	0.139443
3206.68	0.13588
3273.04	0.132418
3338.82	0.129085
3399.03	0.126041
3453.11	0.123333
3504.54	0.120861
3553.12	0.118577
3601.54	0.116328
3646.55	0.114309
3689.01	0.112456
3730.29	0.11071
3765.78	0.109218
3800.15	0.107782
3841.99	0.106116
3881.43	0.104561
3917.48	0.103172
3953.65	0.101808
3988.46	0.100506
4024.99	0.0991481
4061.43	0.0978373
4098.73	0.0965242
4137.65	0.0951822
4179.2	0.0937862
4222.25	0.0923831
4268.53	0.0910237
4318.03	0.0901912
4373.82	0.0911304
4419.09	0.0962812
4486.83	0.113561
4537.95	0.160255
4628.15	0.291264
4707.45	0.37975
4777.97	0.437447
4843.12	0.491604
4903.97	0.547064
4961.02	0.600909
5008.97	0.707361
5003.02	0.45569
4996.27	0.255379
4994.31	0.160736
2545.47	0.173136
2545.29	0.171879
2544.86	0.169866
2638.22	0.167529
2729.23	0.163452
2814.86	0.158646
2897.18	0.153731
2977.57	0.148949
3056.57	0.144376
3133.69	0.140054
3202.84	0.136147
3270.12	0.132538
3336.46	0.129109
3403.86	0.125754
3452.92	0.123265
3503.24	0.120877
3553.2	0.118568
3599.12	0.116464
3644.71	0.114453
3686.68	0.112636
3726.17	0.110929
3765.28	0.109255
3803.89	0.107654
3842.51	0.106105
3880.52	0.104612
3917.32	0.10319
3953.39	0.101825
3988.35	0.100519
4023.06	0.0992262
4058.92	0.0979497
4095.71	0.0966621
4132.3	0.0953862
4175.42	0.0939368
4217.51	0.0925786
4261.81	0.0912269
4310.58	0.0897662
4363.49	0.0890275
4422.18	0.0919093
4474.38	0.106086
4532.13	0.15769
4618.61	0.287073
4697.75	0.382867
4768.06	0.444396
4834.28	0.499964
4896.76	0.55518
4956.57	0.607807
5011.2	0.706777
5000.95	0.494017
4992.63	0.290566
4989.18	0.168176
2546.52	0.173029
2546.46	0.171739
2546.39	0.169657
2643.73	0.16721
2739.42	0.162946
2822.12	0.158211
2901.33	0.153483
2979.01	0.148888
3055.07	0.144485
3128.95	0.140311
3198.87	0.13641
3266.03	0.132793
3330.83	0.129423
3392.83	0.1263
3447.9	0.123531
3500.32	0.12101
3551.09	0.118646
3597.88	0.116534
3641.37	0.114555
3687.03	0.112559
3729.16	0.11075
3769.64	0.109061
3806.33	0.107549
3842.94	0.106076
3880.74	0.104598
3917.77	0.10317
3954.06	0.101796
3989.39	0.100485
4021.3	0.0993113
4055.54	0.0980865
4091.76	0.0968092
4133.26	0.0953893
4170.16	0.0941141
4211.17	0.0927748
4249.79	0.091513
4301.77	0.0899943
4350.32	0.089326
4413.32	0.0927743
4476.82	0.120399
4531.59	0.20544
4609.41	0.305809
4686.06	0.389972
4754.31	0.452482
4822.9	0.506515
4887.65	0.559609
4949.81	0.610244
5006.83	0.706302
4995.93	0.501366
4986.63	0.3062
4982.59	0.174315
2547.55	0.172934
2547.55	0.171614
2547.88	0.16943
2650.37	0.166727
2761.8	0.161681
2831.82	0.157497
2905.73	0.153154
2980.58	0.148803
3054.06	0.144567
3126.32	0.140494
3195.66	0.136657
3262.14	0.133077
3325.8	0.12975
3386.47	0.126671
3443.26	0.123825
3496.8	0.121267
3546.5	0.118882
3597.06	0.116568
3644.6	0.114435
3689.03	0.11248
3732.06	0.110648
3774.97	0.108879
3808.46	0.107474
3840.55	0.106159
3881.31	0.104567
3918.89	0.10311
3956.15	0.101704
3989.68	0.100459
4022.27	0.0992752
4055.18	0.0980822
4092.86	0.0967701
4125.78	0.095613
4168.08	0.094194
4209.89	0.0928147
4252.63	0.0914665
4299.11	0.0902102
4346.86	0.0899244
4406.16	0.0958162
4466.94	0.130479
4534.79	0.248898
4602.35	0.353864
4671.69	0.398722
4732.36	0.461835
4809.02	0.511138
4876.53	0.561863
4940.38	0.611119
4998.61	0.705991
4987.72	0.502624
4977.98	0.311907
4973.91	0.178097
2548.5	0.172875
2548.19	0.171587
2547.71	0.169507
2647.46	0.167019
2745.96	0.162617
2833.49	0.157604
2907.49	0.153075
2982.76	0.14874
3053.42	0.144626
3126.53	0.140467
3195.15	0.136657
3260.8	0.133116
3323.53	0.129816
3384.18	0.126789
3440.04	0.12393
3495.53	0.121238
3547.68	0.11876
3598.87	0.116416
3650.82	0.114128
3691.5	0.112317
3734.06	0.11054
3777.01	0.108787
3812.97	0.107295
3848.71	0.105866
3884.21	0.104471
3919.76	0.10311
3953.03	0.101835
3986.35	0.100568
4022.27	0.0992472
4056.99	0.0979913
4092.84	0.0967294
4128.85	0.0954759
4168.02	0.0941555
4208.95	0.0928112
4251.87	0.0915105
4296.67	0.0906643
4345.22	0.0932016
4398.81	0.118774
4455.44	0.192718
4531	0.288351
4606.27	0.365394
4660.69	0.403255
4728.83	0.45868
4797.81	0.511232
4864.28	0.562519
4928.6	0.611433
4987.42	0.705837
4976.63	0.502734
4966.82	0.314192
4962.74	0.179901
2549.66	0.17281
2548.91	0.171564
2547.49	0.169578
2645.22	0.167206
2740.27	0.162982
2828.9	0.158037
2909.64	0.153134
2987.16	0.148497
3062.18	0.144095
3129.34	0.140236
3195.58	0.136626
3258.71	0.133272
3323.57	0.129815
3383.98	0.126724
3440.28	0.12388
3495.26	0.12122
3547.52	0.118756
3597.72	0.116456
3646.87	0.114279
3689.1	0.112398
3733.86	0.110514
3781.43	0.108581
3816.37	0.107138
3851.91	0.105721
3888.46	0.104297
3921.41	0.10301
3956.04	0.101691
3989.4	0.100439
4023.81	0.0991829
4058.33	0.0979409
4093.67	0.0966957
4130.07	0.0954387
4167.86	0.0941689
4208.08	0.0929063
4251.58	0.0919676
4293.02	0.0925144
4340.45	0.0985138
4382.34	0.113988
4448.53	0.143234
4513.14	0.225872
4594.62	0.34155
4659.31	0.416833
4716.26	0.459915
4782.51	0.512279
4849.34	0.563209
4914.21	0.611746
4973.47	0.705861
4962.76	0.502547
4953	0.314927
4948.96	0.180611
2551.48	0.172686
2550.19	0.171473
2547.8	0.169535
2645.11	0.167186
2740.16	0.162962
2831.1	0.157952
2913.69	0.152942
2992.49	0.148198
3061.58	0.144079
3129.64	0.140256
3199.58	0.136377
3267.37	0.132755
3325.79	0.129648
3385.52	0.12667
3439.47	0.123952
3495.35	0.121235
3547.07	0.118799
3595.39	0.116577
3640.01	0.114564
3682.2	0.112693
3729.04	0.110733
3774.82	0.108845
3815.62	0.107159
3855.19	0.105571
3896.86	0.103967
3928.92	0.102718
3960.02	0.101553
3991.41	0.100377
4025.55	0.0991358
4059.52	0.0979162
4094.44	0.0966923
4131.23	0.0954489
4166.97	0.0943216
4205.94	0.0933541
4244.77	0.0933444
4286.26	0.0979454
4328.95	0.117654
4380.66	0.179027
4438.81	0.242043
4510.23	0.32368
4583.9	0.380556
4654.63	0.431306
4710.64	0.474898
4760.06	0.517963
4831.45	0.56456
4897.22	0.612187
4956.77	0.706102
4946.14	0.502061
4936.5	0.31442
4932.53	0.180244
2554.49	0.172455
2552.45	0.171283
2548.76	0.169396
2646.72	0.167038
2743.31	0.162712
2840.51	0.157389
2920.17	0.152529
2990.69	0.148288
3064.71	0.143926
3135.11	0.139901
3203.62	0.136117
3269.06	0.132603
3330.39	0.129381
3390.11	0.126377
3447.35	0.123561
3497.18	0.121158
3547.67	0.118836
3594.43	0.116678
3633.4	0.1149
3668.57	0.113306
3723.41	0.111011
3771.54	0.108992
3814.72	0.107205
3855.25	0.105575
3894.4	0.104048
3930.07	0.102671
3962.4	0.10144
3995.3	0.100227
4027.64	0.0990606
4059.81	0.0979036
4093.26	0.0967354
4126.15	0.0955881
4163.37	0.09434
4201.97	0.0932015
4239.9	0.0924498
4278.11	0.0917837
4316.78	0.0938565
4373.31	0.105042
4429.77	0.135255
4485.46	0.22091
4568.23	0.340672
4638.48	0.407357
4697.86	0.466248
4759.86	0.521697
4814.27	0.5647
4878.15	0.612277
4937.13	0.706609
4926.71	0.500544
4917.38	0.311536
4913.55	0.177974
2559.41	0.172062
2556.25	0.170962
2550.43	0.169199
2649.12	0.166923
2744.95	0.162708
2836.75	0.157691
2919.85	0.152673
2995.94	0.14801
3069.66	0.143657
3140.45	0.139609
3208.57	0.135846
3272.59	0.132397
3334.2	0.129191
3394.75	0.126157
3447.99	0.123513
3501.16	0.121004
3548.86	0.118799
3592.64	0.116752
3637.57	0.114708
3680.4	0.112835
3722.54	0.111013
3771.51	0.108989
3815.01	0.107194
3855.52	0.105563
3894.58	0.10403
3934	0.102527
3963.93	0.101385
3995.29	0.100236
4025.72	0.0991154
4060.08	0.0978962
4090.31	0.0968295
4126.08	0.0956065
4160.07	0.0944748
4195.3	0.0933169
4231.4	0.0921447
4272.61	0.0908941
4315.78	0.0901519
4365.6	0.0919544
4418.57	0.106308
4471.48	0.175396
4548.93	0.321292
4622.76	0.404186
4691.08	0.463532
4744.71	0.513962
4805.22	0.567483
4855.74	0.61223
4913.42	0.707385
4904.31	0.49259
4895.76	0.30114
4892.24	0.172413
2567.37	0.171433
2562.55	0.170432
2553.43	0.168824
2653.79	0.166622
2749.71	0.162436
2840.52	0.157451
2925.09	0.15239
3001.89	0.147691
3075.64	0.143354
3146.39	0.139308
3215.4	0.135486
3276.17	0.132231
3336.66	0.129134
3394	0.126219
3449.88	0.123483
3499.62	0.121029
3552.42	0.11856
3600.17	0.116353
3645.97	0.114306
3689.61	0.112408
3730.12	0.110667
3775.21	0.108814
3816.81	0.107114
3856.04	0.105543
3893.49	0.104076
3929.13	0.102709
3961.79	0.101476
3993.76	0.100291
4025.49	0.0991335
4057.56	0.0979838
4090.54	0.0968227
4120.73	0.0957702
4153.67	0.0946404
4190.61	0.0933978
4227.39	0.092181
4267.78	0.0909216
4310.99	0.0898392
4357.38	0.090153
4407.29	0.0989693
4457.24	0.150638
4517.77	0.290319
4601.38	0.382691
4669.37	0.440592
4725.33	0.497701
4784.82	0.550836
4840.76	0.600569
4882.75	0.684648
4879.52	0.451614
4871.53	0.270128
4869.25	0.168049
2579.96	0.170525
2572.98	0.169638
2559.14	0.168171
2662.3	0.166017
2758.65	0.161843
2849.31	0.156853
2936.61	0.151646
3009.18	0.147219
3082.7	0.143005
3151.96	0.139086
3217.51	0.135391
3279.59	0.132041
3340.46	0.128948
3398.12	0.125964
3454.73	0.123171
3507.33	0.120623
3558.54	0.118236
3607.23	0.116016
3654.2	0.113936
3699.79	0.111974
3742.47	0.110153
3780.63	0.108575
3819.49	0.107013
3857.09	0.105518
3893.3	0.104104
3927.63	0.102757
3960.61	0.101506
3992.47	0.100323
4023.33	0.0991981
4053.65	0.0981106
4087.02	0.0969241
4119.89	0.0957754
4155.39	0.0945749
4188.05	0.093484
4222.08	0.0923564
4262.81	0.09111
4305.98	0.0902307
4348.59	0.0914072
4397.09	0.0999661
4443.96	0.133065
4505.1	0.258249
4583.66	0.372285
4650.93	0.437892
4712.63	0.496048
4762.83	0.548337
4818.47	0.602972
4869.83	0.70656
4858.1	0.489813
4850.45	0.286464
4844.82	0.181068
2599.3	0.169364
2590.04	0.168605
2571.97	0.167187
2676.94	0.164976
2772.31	0.160917
2860.16	0.15617
2937.86	0.151484
3018.47	0.146699
3094.62	0.142272
3158	0.13864
3220.11	0.135217
3286.07	0.131692
3347.36	0.128506
3405.37	0.125561
3460.96	0.122831
3513.82	0.120301
3564.62	0.11794
3613.54	0.115724
3661.45	0.113615
3710.68	0.111536
3744.6	0.11004
3784.68	0.108398
3822.75	0.106857
3859.14	0.105408
3894.25	0.104037
3927.39	0.102757
3960.22	0.10152
3990.56	0.100399
4021.79	0.0992451
4052.82	0.0981246
4084.96	0.0969882
4117.73	0.0958482
4151.09	0.094709
4185.32	0.093563
4222.39	0.0923781
4258.05	0.0913213
4296.5	0.0903349
4338.92	0.0896569
4385.29	0.0930891
4434.82	0.118151
4487.19	0.224824
4564.8	0.355774
4629.55	0.427714
4686.67	0.488088
4735.9	0.552218
4792.85	0.607522
4846.58	0.709801
4834.61	0.510941
4827.01	0.366145
4817.16	0.217006
2627.56	0.168019
2615.59	0.167466
2588.87	0.166289
2700.21	0.163922
2796.58	0.159553
2880.87	0.154789
2961.22	0.149973
3030.36	0.145906
3095.6	0.142092
3166.39	0.138127
3231.45	0.134541
3294.69	0.131187
3354.95	0.128074
3412.36	0.125188
3467.24	0.122509
3519.68	0.120016
3569.98	0.117688
3618.34	0.115507
3665.02	0.113457
3709.85	0.111541
3749.67	0.109837
3788.93	0.108223
3826.14	0.106715
3861.19	0.105317
3896.21	0.103959
3926.75	0.102788
3956.66	0.101646
3989.15	0.10044
4020.72	0.0992831
4051.5	0.0981705
4083.21	0.0970498
4116.28	0.0959046
4147.55	0.0948368
4181.72	0.0937036
4215.14	0.0925761
4251.95	0.0914007
4290.88	0.0902817
4328.41	0.0895874
4372.81	0.0914382
4422.11	0.109554
4471.68	0.196706
4544.76	0.338978
4606.97	0.421356
4662.06	0.487013
4714.79	0.550688
4762.68	0.608199
4814.08	0.711967
4800.8	0.518065
4791.43	0.35849
4785.96	0.209534
2667.32	0.166413
2655.46	0.166057
2617.42	0.165042
2737.57	0.162122
2831.75	0.157465
2904.05	0.153279
2970.88	0.149207
3043.95	0.144983
3111.56	0.141087
3178.21	0.137387
3242.13	0.133919
3303.7	0.130676
3362.71	0.12765
3419.16	0.124832
3473.2	0.122207
3524.96	0.119759
3574.61	0.11747
3622.26	0.115327
3668	0.113319
3711.8	0.11144
3753.27	0.109692
3793.42	0.108048
3830.15	0.106557
3861.96	0.10529
3892.84	0.104084
3925.88	0.102812
3956.99	0.101629
3988.57	0.100458
4020.69	0.0992892
4049.83	0.0982356
4081.03	0.0971423
4110.56	0.0960984
4143.61	0.09496
4176.89	0.0938363
4210.71	0.0927088
4246.37	0.0915549
4283.93	0.0904074
4323.42	0.0895115
4358.4	0.0903813
4408.76	0.101123
4456.34	0.157883
4523.25	0.306064
4582.41	0.402979
4633.32	0.473582
4678.88	0.542111
4722.9	0.606477
4770.71	0.714371
4760.86	0.511701
4753.78	0.332279
4752.38	0.187119
2718.27	0.164354
2720.89	0.16392
2734.16	0.162726
2799.85	0.159239
2864.69	0.155437
2929.76	0.151539
2994.54	0.147671
3060.97	0.143851
3126.25	0.140169
3190.38	0.136651
3252.61	0.133316
3312.61	0.13018
3370.27	0.127242
3425.59	0.124497
3478.65	0.121932
3529.6	0.119532
3578.53	0.117284
3625.49	0.115178
3670.47	0.113204
3713.83	0.111345
3756.11	0.109571
3799.51	0.107816
3829.04	0.106592
3862.84	0.105249
3895.39	0.103982
3926.19	0.102796
3956.44	0.10165
3987.34	0.100516
4017.27	0.0994186
4048.5	0.0982812
4079.1	0.0971929
4109.47	0.0961267
4141.07	0.0950405
4173.48	0.0939439
4206.75	0.092836
4241.54	0.0917056
4278.03	0.0905759
4316.22	0.0896361
4355.57	0.0900226
4399.49	0.0970801
4445.26	0.132862
4494.85	0.241814
4555.83	0.363745
4603.05	0.439059
4639.8	0.51204
4675.63	0.573776
4709.15	0.611943
4716.21	0.450961
4713.86	0.251118
4717.43	0.153179
2765.72	0.161886
2774.77	0.161207
2797.44	0.159594
2842.29	0.156732
2895.96	0.153412
2954.06	0.149909
3014.66	0.146354
3077.04	0.14281
3139.77	0.139332
3201.98	0.135966
3262.7	0.132749
3321.15	0.129711
3377.36	0.126862
3431.44	0.124193
3483.38	0.121693
3533.44	0.119345
3581.68	0.117137
3628.08	0.115063
3672.07	0.113132
3714.63	0.111313
3755.74	0.109593
3795.33	0.107974
3831.26	0.106512
3863.66	0.105221
3898.65	0.103879
3926.31	0.102812
3951.91	0.10182
3986.46	0.100544
4018	0.0993831
4048.39	0.0982816
4078.32	0.0972159
4108.41	0.0961617
4139.32	0.0950981
4171.18	0.0940207
4203.59	0.0929413
4237.64	0.0918415
4273.4	0.0907879
4311.08	0.0903071
4351.36	0.0944057
4390.22	0.114649
4432.18	0.179125
4478.61	0.248024
4530.96	0.320853
4575.43	0.380429
4613.61	0.432954
4644.69	0.487471
4668.24	0.511004
4678.96	0.342566
4682.82	0.181071
4686.66	0.119385
2803	0.159519
2813.91	0.158724
2837.28	0.157078
2874.5	0.154622
2921.19	0.15171
2974.07	0.148555
3030.98	0.145274
3090.54	0.14194
3151.44	0.138615
3212.53	0.135357
3272.37	0.132225
3329.15	0.129279
3383.75	0.126521
3436.55	0.123928
3487.11	0.121506
3536.25	0.119214
3583.92	0.11704
3630.42	0.114971
3672.61	0.113114
3714.57	0.11134
3754.79	0.109658
3792.96	0.108089
3827.25	0.106681
3862.84	0.105256
3896.31	0.10395
3926.83	0.102769
3956.55	0.101639
3988.47	0.10046
4020.13	0.0993057
4049.31	0.098246
4078.31	0.0972146
4107.81	0.0961829
4138.24	0.095136
4170.29	0.0940574
4201.08	0.09304
4234.66	0.0919883
4269.8	0.0910439
4306.46	0.0905624
4342.53	0.090757
4383.05	0.092336
4424.71	0.104794
4466.88	0.129981
4507.35	0.169183
4543.53	0.230415
4586.6	0.309064
4616.41	0.358889
4638.46	0.36353
4647.12	0.20856
4657.39	0.128992
4661.41	0.0953372
2828.1	0.157694
2839.26	0.156881
2861.88	0.155316
2895.67	0.153117
2938.52	0.150488
2988.12	0.147579
3042.57	0.144489
3100.42	0.141292
3160.48	0.138053
3221.71	0.134835
3282.39	0.131717
3336.53	0.128887
3389.04	0.126242
3441.01	0.123694
3489.36	0.121407
3537.68	0.119178
3584.55	0.11705
3629.11	0.115053
3673.36	0.113086
3715.21	0.11129
3755	0.109619
3792.71	0.108066
3828.22	0.106623
3862.77	0.105251
3895.84	0.10396
3927.41	0.102744
3958.53	0.101566
3990.65	0.100376
4024.97	0.0991347
4051	0.0981836
4078.74	0.0972052
4107.53	0.0962034
4137.18	0.0951881
4165.75	0.0942043
4198.45	0.0931118
4231.81	0.0920217
4266.34	0.0909301
4302.09	0.0898686
4338.8	0.0888842
4377.5	0.0881963
4417.37	0.0890786
4457.52	0.0933709
4496.59	0.103244
4533	0.122867
4566.15	0.1535
4593.37	0.194977
4614.17	0.201572
4630.3	0.131093
4639.48	0.0956863
4643.56	0.0842552
2840.64	0.156684
2851.73	0.155882
2873.78	0.154383
2906.15	0.152319
2947.29	0.149837
2995.35	0.147056
3048.62	0.144064
3105.75	0.140928
3165.86	0.137701
3228.81	0.134413
3296.18	0.131032
3342.71	0.128563
3391.97	0.12613
3438.96	0.123778
3489.97	0.121366
3538.67	0.1191
3585.47	0.116965
3630.41	0.114955
3673.96	0.113049
3715.56	0.111267
3755.16	0.109605
3792.75	0.108056
3828.48	0.10661
3862.81	0.105247
3895.81	0.103959
3927.68	0.102734
3959.06	0.101549
3990.53	0.100382
4021.79	0.0992451
4050.15	0.0982143
4078.27	0.0972144
4106.87	0.0962148
4136.07	0.0952087
4165.78	0.0941958
4197.45	0.0931395
4230.41	0.0920578
4264.6	0.0909567
4300	0.0898418
4336.58	0.0887237
4374.53	0.0876429
4413.38	0.0867765
4452.32	0.0864855
4490.28	0.0873882
4526.03	0.0907208
4558.42	0.0981761
4585.68	0.109862
4606.5	0.112981
4621.14	0.0934468
4630.11	0.0839315
4634.33	0.0810823
4030.01	0.0989386
4051.22	0.098179
4078.84	0.0972091
4107.64	0.0962096
4137.67	0.0951902
4160.83	0.0944163
4172.76	0.0939809
4201.02	0.0930642
4234.78	0.0920383
4269.96	0.0912664
4307.03	0.0918709
4339.59	0.0975114
4355.8	0.108654
4388.97	0.135777
4430.46	0.245103
4478.23	0.415741
4530.5	0.498537
4575.36	0.531667
4602.44	0.538642
4636.47	0.540708
4650.71	0.573328
2664.97	0.166239
2725.92	0.163359
2786.46	0.160107
2815.68	0.158216
2885.61	0.154262
2966.15	0.149688
3019.22	0.146608
3045.54	0.144885
3111.44	0.141255
3185.13	0.137296
3235.25	0.134569
3262.43	0.132933
3324.25	0.129801
3390.5	0.126525
3433.88	0.12437
3459.2	0.122999
3514.91	0.120421
3572.51	0.117815
3606.51	0.116235
3628.14	0.115158
3673.72	0.113186
3718.38	0.111285
3741.87	0.110267
3754.06	0.109698
3715.56	0.111357
3734.88	0.110495
3772.36	0.108959
3811.16	0.107417
3844.18	0.106057
3880.17	0.104646
3912.76	0.103375
3945.53	0.102148
3969.29	0.101262
3981.73	0.100743
4011.32	0.0996704
4043.97	0.0984952
4076.88	0.0973376
4105.41	0.0963226
4136.57	0.0952472
4172.88	0.0940313
4210.16	0.0928123
4246.13	0.0916826
4252.09	0.0915074
4128.22	0.0955859
4159.56	0.0947341
4197.83	0.0943405
4239.22	0.0965347
4284	0.108947
4329.84	0.157155
4385.58	0.303776
4441.19	0.444638
4510.42	0.500098
4581.96	0.529362
4659.93	0.540635
4734.4	0.554719
4804.22	0.568428
4860.03	0.598003
4920.99	0.614414
4975.54	0.641738
5019.7	0.662612
5021	0.484973
4129.1	0.0954658
4151.69	0.0947422
4164.21	0.0944083
4183.72	0.093885
4215.23	0.0938307
4248.28	0.0977551
4282.2	0.119445
4298.01	0.168672
4318.26	0.221853
4363.27	0.410795
4418.57	0.496978
4480.2	0.52144
4508.55	0.548612
4543.89	0.548828
4601.65	0.580285
4653.37	0.618927
4706.39	0.646006
4740.71	0.652526
4775.7	0.651543
4820.65	0.685872
4820.96	0.490206
4816.47	0.404631
3739.54	0.110314
3757.22	0.109552
3770.24	0.108994
3796.4	0.107936
3834.83	0.106413
3871.23	0.104971
3907.51	0.10358
3931.08	0.102682
3944.46	0.102124
3976.98	0.100927
4012.84	0.0996299
4041.6	0.0985627
4070.75	0.0975431
4083.38	0.0970669
4109.06	0.0961743
4145.41	0.0949424
4183.64	0.0936748
4224.09	0.0923983
4249.41	0.0916708
4266.71	0.0911434
4290	0.0905946
2813.82	0.158675
2832.9	0.157417
2858.45	0.155822
2907.04	0.153038
2982.87	0.148732
3049.78	0.144908
3077.58	0.143089
3128.21	0.140284
3195.76	0.136634
3254.46	0.133562
3278.43	0.132095
3324.95	0.129694
3385.57	0.126689
3434.92	0.124259
3455.13	0.123149
3496.47	0.121202
3547.77	0.118854
3588.51	0.117011
3600.42	0.116369
3636.99	0.114744
3680.56	0.112852
3714.48	0.111426
3721.92	0.111063
3499.05	0.121054
3538.62	0.119191
3589.91	0.11688
3640.38	0.114649
3688.68	0.112556
3732.16	0.110674
3772.43	0.108977
3810.14	0.107427
3849.01	0.105888
3880.27	0.104628
3912.17	0.103379
3944.71	0.102142
3976.75	0.10094
4009.32	0.0997491
4042.26	0.0985713
4068.85	0.0976408
4080.78	0.0971877
4107.63	0.0962679
4137.59	0.0952435
4159.28	0.0945217
3755.68	0.109584
3785.41	0.108366
3819.24	0.107007
3852.63	0.105682
3885.24	0.104407
3917.17	0.103183
3943.15	0.1022
3954.04	0.101751
3977.75	0.100869
4008.19	0.0997595
4038.19	0.0986713
4068.24	0.0975989
4098.65	0.0965353
4129.43	0.0954874
4158.61	0.0945354
4188.61	0.0937196
4221.28	0.0935094
4250.7	0.0951021
4265.39	0.0973052
4294.83	0.104546
4331.58	0.127956
4356.92	0.162376
3582.79	0.117201
3620.9	0.115466
3666.69	0.113473
3710.29	0.111596
3751.96	0.109848
3776.91	0.108798
3792.17	0.108108
3828.1	0.106679
3865.95	0.105189
3902.79	0.103757
3938.41	0.102397
3971.95	0.101132
4002.01	0.100001
4038.82	0.0986877
4074.82	0.0974112
4110.64	0.0961722
4141.16	0.0951585
4154.68	0.0947014
4184.77	0.0937957
4224.55	0.0928503
4254.08	0.0925867
3719.03	0.111169
3744.47	0.110114
3755.52	0.109604
3785.31	0.108379
3819.77	0.10699
3853.23	0.105657
3885.77	0.10438
3917.4	0.103159
3948.19	0.101989
3978.71	0.100853
4008.58	0.0997628
4028.29	0.0990468
4038.34	0.098648
4063.51	0.0977553
4091.67	0.0967665
4120.34	0.0957749
4147.98	0.0948234
4175.76	0.0938864
4203.62	0.0929707
4228.66	0.0921701
3042.08	0.145239
3095.08	0.142154
3164.32	0.13832
3233.06	0.134603
3300.02	0.131078
3364.64	0.127768
3426.58	0.12468
3485.54	0.121816
3541.25	0.119175
3593.83	0.116747
3643.37	0.114521
3689.67	0.11249
3731.44	0.110678
3773.48	0.108923
3814.28	0.107267
3852.09	0.105748
3884.36	0.10446
3913.14	0.103348
3925.32	0.10287
3994.78	0.100241
4005.19	0.099849
4013.67	0.0995306
4036.04	0.0987397
4048.27	0.0983013
4065.29	0.0976904
4088.03	0.0969157
4098.97	0.0965063
4123.6	0.095678
4134.63	0.0952971
4158.52	0.0945197
4177.6	0.0939451
4193.38	0.0934178
4220.15	0.0928736
4232.56	0.0927553
4263.28	0.0927411
4280.06	0.0921607
4308.88	0.0918952
4341.71	0.0974906
4363.18	0.103679
4402.06	0.140574
4415.3	0.204828
4460.43	0.327585
4505.47	0.391826
4556.45	0.394463
4614.75	0.408874
4635.36	0.410106
3875.37	0.104829
3885.71	0.104385
3914.18	0.103291
3944.8	0.10213
3974.93	0.101023
3987.62	0.100531
4008.62	0.0997585
4039.58	0.0986373
4071.98	0.0974893
4102.83	0.0964182
4117.57	0.0958957
4138.46	0.0951674
4172.46	0.0940443
4208.37	0.0929207
4245.68	0.0919154
4263.54	0.0916623
4284.4	0.091268
4333.62	0.0925648
4382.84	0.103511
4432.14	0.15288
4458.11	0.262055
4493.66	0.308707
4559.82	0.340075
2607.01	0.16631
2623.48	0.166171
2676.99	0.164837
2771.8	0.160903
2860.01	0.15618
2926.03	0.152316
2948.54	0.150716
3008.48	0.147232
3082.38	0.143028
3152.14	0.139119
3194.45	0.136728
3218.06	0.135278
3275.91	0.132251
3336.58	0.129156
3391.55	0.126412
3413.22	0.125225
3447.37	0.123539
3500.75	0.121044
3548.94	0.118819
3585.82	0.117135
3599.04	0.116451
3632.84	0.11494
3662.93	0.1136
3721.19	0.111072
3736.47	0.110411
3747	0.109938
3780.46	0.108589
3819.39	0.10703
3856.98	0.10554
3893.25	0.104138
3911.36	0.10343
3928.87	0.102725
3961.7	0.101491
3993.76	0.100302
4025.79	0.0991394
4054.93	0.0981162
4066.49	0.097674
4090.23	0.0968405
4125.96	0.0956289
4160.22	0.0944914
4196.24	0.0933744
4225.54	0.0927131
4242.06	0.0925378
4277.98	0.0922003
4304.86	0.0935002
4018.23	0.0993972
4024.08	0.0991753
4044.47	0.0984468
4070.94	0.0975322
4081.41	0.097147
4105.33	0.0963199
4132.29	0.09542
4141.25	0.0950861
4169.66	0.0941461
4198.67	0.0932459
4212.71	0.0927431
4250	0.0917083
4279.39	0.0913226
4289.25	0.0911145
4328.95	0.0922071
4348.51	0.0999382
4370.19	0.105807
4412.24	0.145086
4423	0.187971
4454.17	0.25793
4523.23	0.351633
4539.46	0.432084
4585.69	0.43639
4632.22	0.451687
4639.31	0.484337
4668.1	0.486434
3157.83	0.138542
3206.65	0.135867
3272.97	0.132434
3338.37	0.129126
3398.49	0.12609
3452.81	0.123375
3504.29	0.120906
3551.49	0.118719
3571.47	0.117742
3598.55	0.116488
3644.27	0.114496
3686.43	0.112662
3726.12	0.110942
3765.24	0.10927
3803.89	0.107668
3842.46	0.106122
3880.42	0.104632
3917.24	0.103212
3953.37	0.101851
3986.51	0.100634
3999.56	0.100133
4019.91	0.0993851
4034.92	0.0988393
3440.64	0.12396
3456.05	0.123127
3470.85	0.122345
3508.52	0.120584
3558.79	0.118291
3607.06	0.116133
3638.12	0.114754
3656.64	0.113869
3697.46	0.112135
3732.01	0.110631
3770.96	0.109061
3787.71	0.108315
3815.06	0.107194
3854.32	0.10565
3892.59	0.104167
3920.76	0.103091
3934.78	0.102499
3966.77	0.101309
4003.1	0.0999821
4037.83	0.09874
4053.94	0.0981531
4074.33	0.097411
4110.63	0.0961668
4146.66	0.0949466
4171.09	0.0941317
3659.76	0.1137
3663.01	0.113544
3691.72	0.112307
3734.07	0.110557
3776.46	0.108827
3812.92	0.107311
3848.69	0.105879
3884.21	0.104485
3919.62	0.103131
3953.65	0.101838
3980.05	0.100861
3992.53	0.100355
4021.95	0.0992979
4055.54	0.0980835
4092.57	0.0967961
4126.43	0.0956005
4168.1	0.0942158
4210	0.0928478
4253.01	0.0915403
4299.37	0.090406
4326.93	0.0900462
4334.57	0.0898078
3805.15	0.107569
3827.16	0.106686
3838.54	0.106212
3861.91	0.105298
3889.15	0.104261
3899.55	0.103823
3926.77	0.102798
3949.06	0.101974
3961.25	0.101481
3990.38	0.100422
4005.9	0.0998534
4023.35	0.0992015
4052.38	0.0981819
4064.62	0.0977299
4090.39	0.0968389
4117.25	0.095935
4129.18	0.0955032
4160.32	0.0944999
4186.3	0.0937978
4202.9	0.0933538
4239.76	0.0933027
4260.16	0.0967937
4286.34	0.0997456
4327.74	0.114578
4348.62	0.108718
4373.13	0.112714
4380.85	0.0960389
4384.45	0.0941501
4416.49	0.0968491
4432.32	0.101439
4470.82	0.116058
4485.96	0.167189
4527.85	0.249664
4548.96	0.372905
4598.38	0.383018
4617.51	0.433678
4657.67	0.435864
4674.21	0.484133
4713.03	0.485312
4725.36	0.541683
4757.39	0.543116
4775.35	0.578246
4811.59	0.578727
4823.17	0.622216
4853.15	0.623732
4858.45	0.681332
4879.55	0.684222
4868.85	0.68161
4857.52	0.573345
4841.44	0.572125
4838.96	0.566261
3900.59	0.103795
3926.74	0.102805
3943.42	0.102171
3956.97	0.101631
3987.4	0.100523
4015.96	0.0994924
4028.01	0.09903
4049.57	0.0982514
4081.33	0.0971449
4106.84	0.0962691
4119.08	0.0958088
4147.45	0.0948515
4182.32	0.0937121
4205.24	0.092994
4222.73	0.0924002
4258.37	0.0914109
4296.19	0.0909798
4316.26	0.0921513
4348.26	0.0936459
4397.59	0.107534
4438.87	0.149882
4458.88	0.188608
4510.6	0.276857
3679.92	0.112847
3707.89	0.111644
3741.39	0.110265
3754.26	0.10968
3784.29	0.108464
3823.62	0.106896
3860.72	0.105397
3898.65	0.103922
3935.1	0.102526
3969.75	0.101218
4001.2	0.100067
4014.65	0.0995427
4039.02	0.09866
4074.57	0.0974126
4110.65	0.0961662
4146.77	0.0949308
4182.79	0.093705
4227.1	0.0923117
4269.99	0.0910301
4288.85	0.090462
4307.86	0.0898727
3697.75	0.112111
3731.39	0.110683
3751.39	0.10984
3772.13	0.108954
3812.21	0.107376
3832.23	0.106572
3849.56	0.105849
3880.53	0.104621
3900.55	0.103844
3914.7	0.103255
3945.58	0.102102
3966.69	0.101328
3979.66	0.100812
4009.31	0.0997411
4031.76	0.0989532
4044.01	0.0984801
4072.84	0.0974669
4095.31	0.0966865
4106.18	0.0962751
4134.62	0.0953271
4158.38	0.0945497
4169.02	0.0941713
4196.59	0.0933597
4220.25	0.0928543
4222.14	0.0927383
3826.88	0.106706
3851.12	0.105739
3883.08	0.104491
3914.35	0.103288
3941.83	0.102255
3952.57	0.101824
3975.97	0.100958
4009.67	0.0997277
4042.71	0.0985435
4072.52	0.0974919
4087.15	0.0969674
4104.3	0.0963475
4134.48	0.0953298
4164.16	0.0943277
4199.29	0.0932771
4221.03	0.0928641
4231.95	0.0928213
4264.05	0.0931495
4299.48	0.0954923
4339.76	0.105732
4369.91	0.137178
4376.71	0.179028
4409.39	0.225625
4444.07	0.172524
4449.81	0.234964
4472.76	0.219637
4486.7	0.162019
4492.21	0.127426
4517.27	0.150923
4530.83	0.165546
4537.62	0.289309
4576.25	0.336921
4600.15	0.365662
4610.38	0.407567
4637.55	0.41397
4656.94	0.41962
4658.73	0.466417
4681.39	0.470524
4695.8	0.466514
4694.44	0.498174
4712.07	0.504849
4723.13	0.498004
4715.24	0.530616
4726.49	0.550245
4733.52	0.552102
4716.85	0.56608
4721	0.601569
4721.81	0.604412
3523.69	0.119868
3534.51	0.11934
3559.14	0.118206
3571.23	0.117646
3597.85	0.116465
3610.74	0.115868
3627.05	0.115151
3648.16	0.114221
3658.85	0.11375
3683.14	0.112718
3694.72	0.112208
3711.7	0.111507
3730.2	0.110724
3742.53	0.110179
3765.94	0.109219
3777.11	0.108742
3793.87	0.108081
3809.08	0.107464
3817.99	0.107106
3839.7	0.106247
3850.01	0.105802
3862.83	0.105287
3871.55	0.104922
3785.07	0.108409
3816.64	0.107139
3846.65	0.105974
3855.37	0.105589
3883.93	0.104489
3920	0.103118
3947.34	0.102093
3959.28	0.101587
3989.35	0.100483
4022.64	0.0992812
4046.06	0.0984576
4057.93	0.0979941
4091.99	0.0968113
4133.97	0.0953972
4157.86	0.0945961
4176.26	0.0939228
4217.69	0.0926183
4262.41	0.0914257
4287.99	0.0912179
4317.89	0.0907204
4373.22	0.0921318
4414.18	0.0988348
4420.56	0.109554
4420.63	0.109668
3704.11	0.111808
3731.38	0.110648
3772.62	0.108965
3813.18	0.107304
3852.12	0.105742
3889.89	0.104256
3926.77	0.10283
3963.88	0.101431
4001.12	0.100054
4038.85	0.098688
4077.49	0.0973224
4117	0.0959621
4156	0.0946467
4196.28	0.0933678
4222.13	0.0925858
4238.43	0.0919949
4279.67	0.0909592
4326.58	0.0903471
4377.81	0.0910183
4422.91	0.0940354
4372.02	0.0888302
4379.3	0.0891474
4409.9	0.0903761
4429.72	0.0940794
4457.69	0.111013
4484.92	0.122478
4502.77	0.197725
4548.72	0.302218
4579.38	0.363124
4616.12	0.369981
4651.68	0.369321
4676.27	0.421059
4719.65	0.424343
4742.05	0.46869
4771.02	0.477227
4799.05	0.477745
4815.66	0.525949
4851.32	0.527366
4866.48	0.564149
4889.24	0.572135
4911.32	0.572609
4923.4	0.625083
4953.22	0.628927
4968.62	0.693466
4992.23	0.707349
5005.55	0.707146
4051	0.0981963
4075.1	0.0973504
4104.59	0.096339
4134.95	0.0953241
4157.51	0.0945876
4168.96	0.0941854
4196.64	0.0933945
4229.73	0.092852
4264.37	0.0938021
4294.41	0.0994094
4303.72	0.111032
4331.08	0.133029
4367.27	0.207063
4415.65	0.354061
4476.78	0.38941
4487.73	0.496743
4523.63	0.49777
4576.61	0.53298
4624.59	0.554583
4666.73	0.574109
4681.95	0.601588
4680.48	0.600857
4692.38	0.608305
3411.13	0.125316
3453.12	0.123256
3503.21	0.120891
3552.91	0.118598
3599.06	0.116484
3644.46	0.114484
3686.49	0.112662
3726.83	0.110935
3751.78	0.109872
3769.98	0.10905
3806.15	0.107572
3843.03	0.106087
3880.69	0.104614
3917.71	0.103186
3953.97	0.101815
3989.13	0.10051
4021.55	0.0993169
4056.26	0.0980868
4086.47	0.0970509
4097.7	0.0966173
4118.4	0.0959027
3532.73	0.119424
3563.68	0.117983
3608.96	0.115981
3651.38	0.114096
3692.23	0.112321
3731.81	0.110632
3771.2	0.108997
3809.9	0.107422
3847.51	0.105915
3884.82	0.104454
3921.88	0.103032
3958.72	0.101649
3990.56	0.100477
4003.07	0.0999817
4029.24	0.0990359
4065.93	0.0977432
4102.49	0.0964568
4146.28	0.0950134
4187.97	0.0936964
4229.32	0.092677
4259.83	0.0925034
3301.98	0.130664
3342.78	0.128561
3392.4	0.126138
3423.19	0.124614
3442.84	0.123579
3489.18	0.121425
3537.56	0.119197
3584.44	0.117075
3627.98	0.11515
3646.98	0.114262
3672.14	0.113138
3714.39	0.111362
3754.63	0.109679
3792.94	0.10811
3824.5	0.106834
3837.47	0.106265
3863.26	0.105246
3898.14	0.103913
3926.06	0.102832
3948.62	0.101967
3937.78	0.102368
3937.97	0.102359
3964.17	0.101381
3995.65	0.100239
4018.27	0.0994304
4029.7	0.0989808
4059.74	0.0979168
4093.72	0.0967403
4121.26	0.0958278
4134.52	0.0953633
4166.88	0.0943826
4206.42	0.0935026
4241.07	0.0933893
4256.98	0.0931286
4292.9	0.0942079
4340.46	0.10491
4380.22	0.144338
4399.39	0.206765
4454.16	0.307026
4530.87	0.397674
4601.97	0.417898
4624.89	0.452666
4670.84	0.453424
4712.67	0.462515
3908.43	0.103508
3929.24	0.102709
3960.13	0.101561
3991.73	0.100381
4025.58	0.0991534
4059.65	0.0979327
4094.64	0.0967124
4131.18	0.0954993
4167.28	0.0944346
4205.99	0.0937958
4245	0.095206
4286.23	0.105184
4327.61	0.146049
4379.59	0.291935
4438.76	0.424279
4510.03	0.471425
4583.45	0.488776
4653.53	0.501274
4710.55	0.52022
4749.69	0.523994
2815.31	0.158329
2819.14	0.158089
2835.08	0.157164
2904.22	0.15328
2949.26	0.150622
2966.85	0.149496
3030.4	0.145905
3086.46	0.142738
3104.64	0.141553
3157.62	0.138657
3216.84	0.135471
3237.71	0.134218
3279.05	0.132061
3340.12	0.129009
3370.04	0.127454
3394.71	0.126154
3449.96	0.123507
3487.75	0.121701
3504.35	0.120825
3548.69	0.118818
3588.07	0.117022
3600.59	0.116373
3632.76	0.114938
3664.18	0.113539
3852.1	0.105705
3878.59	0.104671
3899.48	0.103885
3913.5	0.103323
3944.7	0.102161
3976.43	0.100969
4009.82	0.0997611
4027.32	0.0991212
4042.14	0.0985516
4072.95	0.0974563
4106.77	0.0962824
4139.82	0.0951673
4154.57	0.094661
4172.52	0.0940369
4208.34	0.0929182
4246.36	0.0918841
4285.1	0.0914394
4299.9	0.0926084
4325.12	0.0939316
4369.93	0.1057
4414.73	0.144135
4451.53	0.201519
2775.99	0.160664
2831.64	0.157456
2905.79	0.153132
2980.48	0.148797
3053.96	0.14457
3126.08	0.140511
3195.42	0.13668
3261.89	0.133106
3325.52	0.129783
3386.11	0.126707
3442.93	0.123869
3496.45	0.121299
3546.52	0.118902
3596.75	0.116607
3644.25	0.114476
3688.84	0.112515
3731.91	0.110682
3773.85	0.108957
3807.93	0.107528
3833.17	0.106501
2895.15	0.154113
2921.89	0.15236
2988.29	0.148484
3014.72	0.146739
3061.03	0.144089
3128.14	0.140402
3155.95	0.138748
3195.06	0.136631
3258.61	0.133313
3290.04	0.131586
3323.18	0.129819
3384.23	0.126823
3417.21	0.125157
3443.52	0.123795
3496.98	0.121284
3530.41	0.119701
3551.87	0.118605
3597.98	0.116554
3629.68	0.115162
3646.29	0.11437
3686.75	0.112648
3717.85	0.111328
3732.13	0.110632
3765.6	0.109241
3791.88	0.108177
3796.12	0.107988
3939.25	0.102388
3942.92	0.102212
3971.05	0.101144
4004.05	0.0999283
4039.12	0.0986658
4074.8	0.0973991
4111.15	0.0961377
4148.82	0.0948888
4185.32	0.0938016
4224.55	0.0931809
4265	0.094895
4317.24	0.105478
4358.32	0.138173
4376.41	0.184859
4434.4	0.306885
4498.6	0.428943
4577.18	0.46712
4654.54	0.485378
4729.62	0.497583
4797.74	0.509634
4854.47	0.521255
4175.56	0.094246
4195.62	0.0937531
4236.27	0.0942221
4281.03	0.099968
4331.4	0.123319
4382.57	0.196155
4434.7	0.322574
4450.43	0.496123
4497.69	0.524156
4568.56	0.54171
4645.82	0.550759
4720.08	0.564772
4789.26	0.580359
4853.55	0.594979
4913.51	0.611929
4960.16	0.646356
5004.08	0.659124
5005.84	0.394766
5003.06	0.245722
5002.72	0.193421
3617.91	0.115542
3652.8	0.11401
3692.24	0.112333
3723.8	0.111012
3736.28	0.11044
3766.93	0.109179
3802.79	0.107704
3842.98	0.106129
3867.98	0.105143
3882.81	0.104505
3917.33	0.10319
3953.62	0.101825
3987.42	0.100579
4001.81	0.100028
4022.89	0.0992385
4058.99	0.0979603
4096.01	0.0966736
4127.64	0.095607
4138.88	0.0951885
4169.95	0.0941387
4211.1	0.0928034
4243.64	0.0917631
3778.91	0.108703
3789.96	0.108231
3813.02	0.107295
3846.42	0.105989
3858.58	0.105454
3888.31	0.104313
3917.07	0.103223
3930.57	0.102658
3960.08	0.101564
3982.42	0.100748
3996.1	0.1002
4027.27	0.0990927
4042.12	0.0985575
4060.02	0.0979034
4088.71	0.0969095
4098.56	0.0965423
4120.89	0.0957712
4149.56	0.0948181
4159.58	0.0944346
4188.13	0.0934968
4213.38	0.0927064
4224.51	0.0923214
4257.87	0.0913538
4276.79	0.0908212
4291.67	0.0903297
4326.8	0.089775
4338.69	0.0900783
4349.45	0.0902813
4014.72	0.0995353
4017.24	0.0994449
4036.12	0.0987712
4046.3	0.0983767
4061.73	0.0978406
4073.33	0.0974199
4086.12	0.0969876
4103.57	0.0963859
4112.89	0.0960637
4133.26	0.0953881
4142.04	0.0950581
4159.83	0.0944691
4172.26	0.0940358
4183.9	0.0936395
4201.16	0.0930613
4209.43	0.0927997
4229.23	0.0922114
4236	0.0921831
4255.27	0.0922553
4264.44	0.093222
4276.78	0.0977506
4293.67	0.102025
4298.87	0.12091
4316.48	0.151678
4318.13	0.121224
3854.31	0.105648
3873.97	0.104887
3883.95	0.104463
3912.48	0.103377
3944.8	0.102161
3976.46	0.100969
4009.77	0.0997472
4042.63	0.0985434
4076.58	0.0973461
4108.4	0.0962351
4138.05	0.0952112
4169.76	0.0941428
4208.01	0.0929219
4250.36	0.0917031
4284.69	0.0910207
4302.52	0.0910063
4345.28	0.0916982
4396.76	0.098284
4448.83	0.123529
4483.9	0.177603
2713.98	0.164205
2735.18	0.162961
2783.97	0.160257
2813.43	0.158429
2886.46	0.154315
2947.54	0.150802
2971.81	0.149187
3034.21	0.145644
3103.03	0.141867
3129.93	0.140131
3182.62	0.137287
3251.81	0.133677
3283.89	0.131879
3320.37	0.129939
3384.43	0.126806
3424.89	0.124789
3447.44	0.12356
3500.02	0.121135
3544.02	0.119103
3562.01	0.118132
3603.75	0.116254
3647.41	0.114352
3664.71	0.11353
3696.7	0.112172
3725.34	0.110949
3218.88	0.135289
3226.56	0.134811
3264.17	0.132802
3327.03	0.129635
3385.46	0.126745
3409.73	0.12544
3444.79	0.123707
3499.75	0.121145
3550.58	0.118771
3576.13	0.117541
3604.54	0.116202
3653.87	0.114053
3700.03	0.112067
3724.97	0.110987
3746.38	0.110028
3784.78	0.108449
3824.19	0.106884
3848.73	0.105905
3865.78	0.105172
3902.55	0.103766
3939.94	0.102363
3961.67	0.101545
3973.74	0.101055
3997.93	0.100169
3352.45	0.128287
3402.16	0.125792
3455.46	0.123193
3507.52	0.120713
3557.18	0.118387
3604.88	0.116217
3648.71	0.114246
3690.54	0.112421
3731.23	0.110697
3767.84	0.10916
3799.94	0.107855
3814.97	0.107193
3844.29	0.10603
3882.39	0.104548
3920.01	0.103101
3957.33	0.101688
3994.81	0.100303
4029.82	0.0990178
4065.77	0.0977455
4098.22	0.0966132
