2881.12	0.152766
2895.54	0.151824
2924.37	0.150123
2967.09	0.147887
3022.08	0.145423
3087.04	0.143199
3159.47	0.141953
3236.9	0.142765
3317.97	0.146534
3400.13	0.153785
3481.1	0.164033
3561.39	0.174884
3641.88	0.184159
3721.77	0.191564
3799.35	0.196828
3872.78	0.198675
3943.6	0.204715
4010.95	0.213154
4074.81	0.222246
4136.84	0.231879
4196.22	0.241248
4253.5	0.251175
4309.12	0.260385
4363.19	0.267429
4415.68	0.272235
4466.6	0.275743
4515.1	0.277767
4553.06	0.263946
4591.66	0.277314
4630.78	0.292707
4668.39	0.307665
4703.03	0.319279
4735.14	0.328662
4765.12	0.336431
4793.35	0.342378
4820.39	0.346325
4846.83	0.348188
4872.12	0.348186
4895.94	0.346529
4918.19	0.343296
4938.8	0.338505
4957.8	0.332214
4975.27	0.324635
4991.35	0.316199
5006.24	0.307327
5019.82	0.296574
5030.79	0.276837
5038.95	0.247984
5044.12	0.227835
5046.67	0.222567
2867.22	0.153594
2881.65	0.152692
2911.03	0.151074
2955.38	0.149057
3012.69	0.147287
3080.13	0.146915
3154.87	0.149816
3233.27	0.158693
3316.39	0.172158
3400.04	0.190545
3479.79	0.211036
3559.08	0.233843
3640.58	0.257776
3722.55	0.276371
3803.45	0.288045
3874.18	0.286584
3946.51	0.304796
4015.02	0.319995
4080.43	0.331686
4142.46	0.339941
4200.95	0.346037
4257.12	0.352457
4311.63	0.358302
4364.73	0.363856
4416.54	0.37004
4467.41	0.377815
4518.96	0.386178
4553.06	0.366388
4592.65	0.366058
4630.62	0.374613
4667.13	0.383032
4701.58	0.390037
4733.48	0.396387
4763.22	0.404095
4791.03	0.413259
4817.53	0.423091
4844.53	0.432894
4870.07	0.439872
4893.94	0.444354
4916.11	0.446177
4936.57	0.444556
4955.32	0.438285
4972.42	0.425809
4988.05	0.405231
5002.38	0.377955
5015.47	0.348744
5027.29	0.320894
5037.2	0.295421
5043.11	0.249412
5045.87	0.22816
2839.36	0.155194
2853.3	0.154478
2883.19	0.153284
2931.22	0.152256
2993.57	0.153345
3066.13	0.160121
3146.28	0.176611
3223.42	0.212182
3312.4	0.27595
3401.63	0.324854
3485.21	0.35399
3566.89	0.374761
3648.41	0.388691
3730.56	0.398837
3814.56	0.407695
3879.57	0.396312
3949.32	0.407281
4018.6	0.414741
4085.57	0.419058
4148.37	0.420119
4205.42	0.41865
4260.33	0.421396
4313.76	0.42484
4365.82	0.428916
4416.45	0.434146
4465.59	0.440879
4513.08	0.449909
4556.19	0.466341
4592.62	0.461373
4629.45	0.460068
4665.47	0.466454
4700.3	0.472958
4731.4	0.472212
4760.47	0.478123
4787.27	0.485189
4811.5	0.495081
4841.21	0.507217
4867.32	0.518172
4891.4	0.528413
4913.68	0.537182
4934.19	0.543512
4952.86	0.546253
4969.68	0.544031
4984.65	0.534345
4997.86	0.512576
5009.7	0.472185
5020.98	0.40976
5031.86	0.347654
5040.57	0.304149
5044.2	0.251116
2798	0.157549
2809.42	0.157465
2837.57	0.157943
2892.92	0.160581
2964.03	0.171806
3043.35	0.203686
3138.28	0.283038
3228.01	0.345284
3316.23	0.380917
3403.55	0.402
3488.16	0.416883
3570.91	0.428694
3652.59	0.438456
3733.59	0.446726
3813.79	0.453817
3877.74	0.459219
3950.41	0.463173
4022.42	0.468307
4092.89	0.471332
4158.1	0.471452
4210.18	0.467045
4263.26	0.472061
4315.5	0.476873
4366.46	0.481582
4415.82	0.486242
4463.17	0.491212
4509.18	0.498455
4552.24	0.508435
4590.34	0.519793
4628.94	0.52529
4663.88	0.528305
4703.01	0.531605
4730.69	0.515226
4759.6	0.520476
4786.84	0.530525
4812.85	0.540335
4839.3	0.549063
4864.4	0.559018
4888.53	0.56911
4911.08	0.577262
4931.89	0.583225
4950.74	0.588372
4967.61	0.594999
4982.33	0.602773
4994.84	0.605942
5005.49	0.584686
5015.32	0.519184
5026.19	0.424793
5035.95	0.344249
5041.54	0.29646
2745.57	0.160695
2749.06	0.162268
2764.75	0.168327
2838.16	0.182334
2923.95	0.225827
3034.8	0.306375
3131.82	0.355489
3224.62	0.385566
3314.99	0.405534
3403.13	0.420602
3488.81	0.433306
3572.38	0.444375
3654.25	0.454121
3734.59	0.462687
3813.21	0.470093
3889.57	0.476498
3950.28	0.483766
4026.03	0.492447
4103.78	0.495769
4162.13	0.498298
4213.33	0.484494
4265.61	0.488497
4317.31	0.49293
4367.77	0.497517
4416.52	0.502304
4461.13	0.506906
4507.82	0.512239
4550.85	0.520707
4590.81	0.529687
4629.3	0.538111
4666.58	0.545899
4697.62	0.548563
4730.6	0.556237
4758	0.55855
4785.23	0.565652
4811.34	0.571109
4836.39	0.575423
4860.17	0.579625
4885.1	0.586127
4908.12	0.591176
4929.43	0.597177
4948.35	0.606014
4965.45	0.621771
4980.24	0.643383
4992.53	0.67082
5002.18	0.694302
5009.9	0.650978
5021.92	0.485056
5032.15	0.376657
5038.17	0.323822
2689.85	0.165025
2676.5	0.169854
2633.29	0.188565
2770.85	0.220436
2900	0.282032
3016	0.32899
3119.79	0.358312
3217.23	0.376517
3310.41	0.389376
3400.41	0.39912
3487.46	0.407673
3571.98	0.415626
3654.31	0.42322
3734.56	0.430616
3812.52	0.437958
3887.64	0.445249
3958.67	0.45222
4025.87	0.458085
4094.39	0.465788
4156.03	0.469758
4212.45	0.475973
4266.59	0.485357
4318.89	0.495131
4369.39	0.505165
4418.26	0.515115
4466.26	0.524309
4507.98	0.523892
4550.33	0.532424
4590.6	0.540851
4628.75	0.549244
4664.92	0.557309
4699.05	0.565133
4728.17	0.568336
4756.16	0.57562
4783.39	0.583591
4809.12	0.589975
4837.23	0.595335
4856.93	0.600576
4881.35	0.610358
4904.49	0.618699
4926.84	0.625567
4945.1	0.62727
4962.87	0.647926
4977.95	0.675116
4990.62	0.712611
5000.38	0.757777
5008.91	0.762611
5019.91	0.520368
5029.71	0.395323
5035.72	0.337107
2647.52	0.171957
2633.32	0.183596
2599.59	0.270734
2752.42	0.316958
2880.84	0.343773
2998.09	0.363919
3106.79	0.378329
3208.6	0.388662
3304.73	0.396475
3396.52	0.403046
3484.84	0.409104
3570.29	0.414899
3653.2	0.420544
3733.67	0.426179
3811.62	0.431884
3886.89	0.437703
3959.47	0.443645
4021.62	0.447846
4089.19	0.450081
4152.56	0.455933
4211.42	0.462442
4267.04	0.469461
4319.98	0.476538
4370.44	0.483745
4418.74	0.491335
4465.15	0.499523
4508.76	0.507904
4551.1	0.516698
4591.49	0.52567
4629.13	0.53499
4664.45	0.545204
4697.58	0.555856
4728.03	0.566461
4756.01	0.576725
4780.22	0.584711
4810.4	0.590806
4833.34	0.593877
4855.78	0.595517
4877.22	0.604915
4899.26	0.61226
4923.74	0.621862
4944.64	0.63233
4962.13	0.65265
4976.71	0.68018
4989.71	0.714338
5000.31	0.755596
5008.73	0.761623
5019	0.530668
5028.14	0.404965
5034.21	0.343609
2619.2	0.18082
2608.99	0.1954
2589.2	0.350496
2732.38	0.379371
2863.02	0.391821
2983.86	0.402089
3096.61	0.410396
3202.21	0.417127
3300.14	0.422929
3392.94	0.428632
3482.08	0.434178
3568.24	0.439536
3651.71	0.44473
3732.55	0.449825
3810.73	0.454899
3886.2	0.460018
3959.21	0.465212
4030.57	0.470343
4085.57	0.469593
4151.14	0.473089
4211.26	0.478895
4267.88	0.485121
4321.24	0.491386
4371.31	0.497831
4418.74	0.504966
4464.36	0.512922
4508.41	0.521281
4551.37	0.529512
4592.68	0.537594
4629.33	0.544753
4663.67	0.554919
4696.35	0.564985
4728.02	0.573815
4754.73	0.577158
4781.58	0.583796
4807.16	0.584275
4831.35	0.586286
4855.93	0.589878
4877.74	0.594891
4902.25	0.601231
4925.3	0.61103
4945.42	0.62556
4963.1	0.648634
4975.38	0.677311
4990.08	0.711341
5000.45	0.747373
5009.06	0.730397
5018.71	0.526269
5026.77	0.409136
5033.59	0.347883
2600.75	0.189737
2593.83	0.204244
2581.25	0.398226
2720.51	0.426811
2851.01	0.433129
2973.75	0.438874
3090.1	0.443605
3200.33	0.447318
3297.71	0.446679
3390.19	0.45069
3479.59	0.455133
3566.29	0.459575
3650.36	0.463959
3731.7	0.468308
3810.19	0.472652
3885.71	0.477033
3958.34	0.481548
4028.05	0.48636
4093.76	0.492015
4152.98	0.492855
4212.43	0.499142
4269.82	0.505209
4323.63	0.511222
4372.65	0.517675
4418.39	0.526203
4462.93	0.535012
4506.92	0.543479
4551.02	0.551234
4596.24	0.557486
4629.51	0.552566
4662.3	0.558155
4693.97	0.561593
4722.56	0.566771
4754.07	0.572556
4781.81	0.580929
4807.43	0.584898
4832.92	0.587766
4856.52	0.591495
4880.54	0.596582
4904.02	0.605498
4926.93	0.618426
4945.58	0.628513
4962.22	0.651552
4978.22	0.682108
4991.72	0.71959
5002.15	0.758156
5010.39	0.766399
5020.1	0.546551
5028.72	0.419649
5034.61	0.350695
2588.79	0.197469
2584.07	0.211118
2575.71	0.449992
2712.68	0.476626
2842.66	0.480638
2966.49	0.484764
3086.41	0.488525
3208.35	0.490862
3297.34	0.473228
3387.8	0.474232
3477.17	0.477248
3564.46	0.480492
3649.28	0.483741
3731.35	0.486971
3810.34	0.490335
3885.91	0.493921
3958.25	0.497599
4027.41	0.501344
4093.08	0.505323
4152.46	0.509579
4213.56	0.514236
4273.23	0.518575
4328.71	0.523888
4375.19	0.521869
4417.19	0.523189
4460.09	0.528341
4503.42	0.524887
4547.65	0.529522
4589.3	0.535091
4625.03	0.535024
4657.67	0.540333
4692.38	0.549207
4723.98	0.56042
4754.95	0.570749
4778.92	0.577384
4808.03	0.583928
4834.3	0.58957
4859.51	0.595127
4881.31	0.600359
4903.67	0.604276
4925.02	0.61404
4946.31	0.628946
4964.56	0.652228
4980.47	0.682914
4993.64	0.720282
5004	0.757387
5012.17	0.763968
5021.88	0.545985
5030.61	0.420603
5036.28	0.350877
2581.14	0.202919
2577.85	0.21606
2572.24	0.434375
2707.64	0.452159
2836.61	0.454514
2959.58	0.456742
3077.22	0.458717
3189.27	0.459894
3288.6	0.45799
3383.09	0.460923
3474.49	0.464474
3563.22	0.468155
3649.39	0.4719
3732.88	0.475717
3813.09	0.479527
3888.58	0.483622
3960.72	0.488493
4030.1	0.493624
4097.06	0.498925
4163.1	0.504153
4214.77	0.506794
4281.41	0.512608
4328.8	0.50354
4374.65	0.509562
4418.59	0.515724
4459.93	0.522371
4506.8	0.529049
4545.92	0.527921
4583.75	0.532255
4621.93	0.537672
4656.5	0.545246
4691.22	0.553279
4723.5	0.563706
4750.36	0.57217
4779.95	0.580213
4809.22	0.586305
4834.44	0.589594
4859.2	0.594491
4882.17	0.601191
4901.87	0.60611
4925.97	0.614632
4946.97	0.630935
4966.08	0.653363
4982.33	0.683255
4995.56	0.719918
5005.92	0.756144
5014.1	0.759965
5023.9	0.539825
5032.7	0.41681
5038.33	0.34947
2576.3	0.206448
2573.89	0.219198
2569.77	0.439003
2703.64	0.453492
2831.41	0.455816
2953.22	0.458295
3069.17	0.460942
3178.93	0.463777
3281.18	0.466992
3378.21	0.470543
3471.45	0.473845
3561.7	0.476834
3649.47	0.479508
3735.11	0.481889
3818.09	0.483164
3892.24	0.480325
3963.67	0.482228
4033.01	0.484848
4099.83	0.487505
4163.24	0.490208
4223.12	0.494686
4276.66	0.493482
4328.27	0.498672
4374.6	0.504547
4419.75	0.51293
4462.19	0.517841
4502.95	0.524051
4544.95	0.531986
4583.98	0.541091
4621.2	0.550149
4657.66	0.558732
4689.97	0.563445
4720.29	0.569104
4750.19	0.574656
4779.06	0.579801
4807.67	0.584502
4834.12	0.585341
4860.02	0.588931
4883.92	0.594372
4905.96	0.603846
4927.05	0.616773
4946.41	0.633537
4967.24	0.654452
4984.09	0.683317
4997.5	0.719265
5007.9	0.754893
5016.12	0.755741
5026.04	0.532535
5034.96	0.411654
5040.6	0.347526
2573.34	0.208407
2571.55	0.225018
2568.13	0.472875
2700.78	0.487705
2827.51	0.490558
2948.31	0.493689
3063.27	0.497159
3172.39	0.501026
3275.66	0.505256
3374.07	0.509231
3468.58	0.512707
3559.99	0.515664
3649.16	0.518093
3737.57	0.519832
3829.57	0.521027
3896.35	0.511139
3966.45	0.513148
4036.17	0.515218
4103.72	0.51694
4164.6	0.517679
4221.48	0.520385
4274.5	0.523795
4330.75	0.527034
4373.43	0.517857
4417.45	0.519238
4461.61	0.523986
4503.48	0.53013
4544.61	0.536808
4583.72	0.543879
4618.98	0.549591
4655.66	0.555076
4689.14	0.561944
4717.04	0.566813
4749.79	0.574302
4779.3	0.577771
4804.72	0.582079
4833.63	0.586683
4860.36	0.590326
4884.86	0.594754
4907.19	0.602171
4928.21	0.61556
4948.24	0.633622
4969.15	0.65419
4986.11	0.6827
4999.56	0.718335
5009.96	0.753685
5018.21	0.751836
5028.26	0.525799
5037.31	0.406633
5042.97	0.345611
2571.65	0.208787
2570.22	0.229388
2567.24	0.472175
2699.14	0.485882
2825.15	0.48869
2945.23	0.491586
3059.58	0.494564
3168.43	0.497574
3272.09	0.500568
3371.16	0.503503
3466.34	0.506351
3558.22	0.50909
3647.37	0.511691
3734.21	0.514117
3818.34	0.516305
3893.82	0.518257
3967.29	0.521324
4040.52	0.523923
4115.99	0.52611
4170.48	0.519431
4223.99	0.520684
4279.42	0.52311
4324.58	0.52846
4375.18	0.535833
4419.11	0.533479
4462.12	0.533628
4502.92	0.536051
4544.88	0.540969
4583.97	0.547469
4622.43	0.5547
4655.83	0.55964
4684.64	0.5636
4713.11	0.564753
4745.4	0.567419
4777.12	0.573129
4804.94	0.579281
4834.82	0.583809
4861.76	0.588131
4886.09	0.59344
4907.6	0.603247
4927.36	0.616776
4951.43	0.631629
4971.74	0.652567
4988.43	0.681376
5001.74	0.717136
5012.07	0.752525
5020.31	0.748517
5030.48	0.520166
5039.66	0.402279
5045.36	0.343934
2570.84	0.207778
2569.54	0.228
2566.83	0.453878
2698.41	0.466181
2823.97	0.468868
2943.49	0.471601
3057.33	0.474305
3165.91	0.476993
3269.64	0.479675
3368.99	0.482384
3464.46	0.485138
3556.46	0.487929
3645.33	0.490721
3731.17	0.493434
3813.57	0.495934
3891.34	0.498109
3966.47	0.500922
4040.69	0.504033
4116.96	0.506994
4169.57	0.497306
4220.84	0.501593
4276.4	0.506383
4333.53	0.510732
4373.28	0.502556
4416.64	0.503041
4462.97	0.509845
4507.91	0.518358
4547.83	0.520831
4585.98	0.53086
4623.39	0.540245
4652.32	0.541672
4683.19	0.547345
4715.98	0.556803
4746.93	0.566658
4775.67	0.57587
4808.12	0.582364
4836.53	0.584376
4863.27	0.588368
4887.38	0.593373
4907.6	0.602808
4932.66	0.613798
4955.17	0.628945
4974.65	0.650477
4990.89	0.679723
5003.96	0.715817
5014.16	0.751444
5022.37	0.745814
5032.63	0.515617
5041.94	0.39866
5047.67	0.342509
2570.68	0.205993
2569.41	0.223771
2566.89	0.421505
2698.77	0.432099
2824.15	0.434932
2943.03	0.438079
3056.26	0.441084
3164.44	0.443881
3268.04	0.446656
3367.43	0.449511
3462.97	0.452498
3554.96	0.455636
3643.57	0.458895
3728.98	0.462187
3810.98	0.465452
3889.17	0.468731
3964.3	0.472283
4036.57	0.475865
4105.54	0.478683
4169.17	0.478397
4211.34	0.471348
4269.73	0.472667
4322.87	0.476143
4367.39	0.477381
4416.36	0.483045
4462.7	0.492006
4508.41	0.500987
4552.66	0.510032
4587.21	0.511559
4619.32	0.521507
4653.98	0.528059
4686.88	0.540215
4719.27	0.551677
4750.54	0.562282
4780.84	0.571439
4811.4	0.578226
4840.29	0.583162
4866.64	0.587198
4891.35	0.59227
4914.36	0.59985
4937.41	0.61095
4958.71	0.626502
4977.44	0.648451
4993.24	0.678092
5006.05	0.714554
5016.11	0.750486
5024.29	0.743596
5034.63	0.51189
5044.05	0.395628
5049.82	0.341268
2571.01	0.204766
2569.8	0.221606
2567.47	0.397551
2700.85	0.40635
2826.24	0.408785
2943.86	0.411739
3056.12	0.415073
3163.65	0.41854
3266.97	0.422054
3366.21	0.42569
3461.71	0.429461
3553.65	0.433393
3641.98	0.437503
3727.27	0.441708
3809.42	0.446048
3887.4	0.450685
3962.4	0.455461
4033.25	0.460462
4097.05	0.463703
4157.92	0.467459
4212.47	0.472063
4265.58	0.46992
4318.11	0.475837
4367.5	0.481451
4415.89	0.486977
4460.3	0.492927
4507.59	0.500821
4552.87	0.509984
4588.1	0.513146
4618.99	0.52014
4654.48	0.532015
4688.28	0.543852
4720.91	0.555107
4752.45	0.565348
4783.21	0.573907
4813.84	0.580093
4844.11	0.584073
4869.08	0.586707
4894.26	0.591506
4918.16	0.598167
4940.79	0.608986
4961.51	0.624625
4979.77	0.646798
4995.25	0.67673
5007.86	0.713502
5017.82	0.749692
5025.97	0.741682
5036.4	0.508591
5045.94	0.392947
5051.75	0.340124
2571.67	0.205651
2570.78	0.22439
2568.89	0.401968
2706.07	0.40961
2831.49	0.40824
2945.61	0.407355
3056.45	0.410244
3162.99	0.413337
3266.1	0.416709
3364.99	0.420243
3460.46	0.423952
3552.54	0.427801
3640.15	0.431872
3725.54	0.436175
3809	0.440491
3885.69	0.440702
3961.85	0.444278
4026.75	0.445757
4092.79	0.450616
4153.36	0.457184
4209.58	0.464458
4263.04	0.472462
4315.76	0.480918
4366.24	0.489592
4415.02	0.498216
4462.59	0.506646
4505.93	0.50922
4549.87	0.516224
4582.19	0.520599
4617.23	0.527409
4653.86	0.53641
4688.09	0.54771
4720.93	0.558609
4752.53	0.56852
4783.19	0.576664
4814.22	0.582136
4846	0.585375
4868.71	0.587117
4895.68	0.591042
4920.26	0.597185
4942.94	0.607702
4963.46	0.623327
4981.47	0.645638
4996.76	0.675792
5009.26	0.712776
5019.17	0.749096
5027.34	0.739879
5037.88	0.505407
5047.55	0.390396
5053.41	0.339012
2572.36	0.208068
2571.98	0.238757
2570.93	0.443263
2718.1	0.449998
2843.42	0.445519
2946.33	0.440223
3056.94	0.442241
3161.76	0.445172
3265.59	0.448487
3363.51	0.451411
3459.02	0.454803
3552.48	0.458087
3637.24	0.458636
3722.51	0.462101
3800.53	0.465724
3884.61	0.470935
3969.16	0.473594
4028.84	0.455542
4091.06	0.458151
4150.36	0.461971
4206.7	0.466716
4258.61	0.47101
4313.07	0.477302
4364.14	0.485243
4412.84	0.4936
4459.21	0.502294
4502.44	0.511381
4543.69	0.521214
4581.16	0.531559
4619.58	0.541073
4652.82	0.543273
4686.54	0.552196
4719.53	0.560375
4750.97	0.568475
4780.36	0.576271
4811.44	0.581858
4842.96	0.585259
4871.98	0.588222
4896.7	0.590497
4921.25	0.596575
4944.04	0.606902
4964.54	0.622532
4982.46	0.64501
4997.65	0.675404
5010.16	0.712485
5020.1	0.748728
5028.34	0.738035
5039.03	0.502125
5048.83	0.387878
5054.75	0.337906
2572.7	0.209614
2572.23	0.236244
2570.38	0.443795
2710.94	0.452052
2837.61	0.453503
2955.08	0.456015
3059.29	0.454793
3157.84	0.45637
3267.54	0.457414
3361.23	0.456283
3456.56	0.458773
3542.9	0.461033
3634.32	0.463074
3719.75	0.46618
3800.66	0.469678
3880.6	0.472985
3957.47	0.476344
4025.74	0.480554
4091.01	0.48596
4148.94	0.487554
4204.24	0.493607
4259.82	0.499986
4310.99	0.499409
4361.65	0.504496
4410.25	0.509678
4456.25	0.514916
4498.26	0.519596
4533.73	0.525066
4576.69	0.528528
4615.64	0.534804
4651.35	0.541816
4683.67	0.550441
4717.84	0.557962
4749.22	0.56774
4778.75	0.576354
4805.78	0.581961
4839.9	0.584333
4870.01	0.587158
4895.7	0.591525
4920.97	0.596441
4944.22	0.606495
4964.82	0.622161
4982.68	0.644962
4997.83	0.675787
5010.48	0.712762
5020.58	0.748615
5028.95	0.736116
5039.81	0.498766
5049.77	0.385468
5055.75	0.336848
2572.85	0.210802
2572.57	0.242109
2570.91	0.457242
2712.85	0.465495
2836.57	0.46771
2955.33	0.470463
3059.99	0.471101
3168.18	0.47427
3259.94	0.475406
3357.05	0.481208
3455.22	0.48751
3545.94	0.492468
3634.35	0.496836
3718.64	0.50077
3799.01	0.504695
3876.99	0.508639
3951.87	0.513458
4023.27	0.51941
4096.1	0.523422
4147.93	0.520329
4199.35	0.52549
4255.57	0.533262
4308.4	0.540376
4359.97	0.54638
4409.34	0.551725
4457.25	0.552744
4495.21	0.546452
4535.18	0.550951
4575.44	0.555858
4613.86	0.561675
4650.29	0.568036
4685.43	0.573787
4716.09	0.575851
4746.63	0.581067
4774.27	0.58587
4807.89	0.587239
4838.26	0.588081
4869.77	0.590088
4898.67	0.594021
4919.63	0.597734
4943.78	0.606548
4964.41	0.622205
4982.09	0.645715
4997.04	0.677681
5010.22	0.7138
5020.64	0.748752
5029.19	0.734354
5040.25	0.495787
5050.35	0.38346
5056.39	0.335977
2572.65	0.211431
2572.81	0.256517
2572.72	0.459204
2728.05	0.463555
2835.98	0.455108
2942.09	0.457479
3057.04	0.459305
3165.31	0.462174
3266.88	0.465361
3369.25	0.469204
3457.98	0.470541
3548.25	0.475731
3635.73	0.481378
3718.93	0.486596
3797.42	0.491938
3874.27	0.496265
3947.65	0.500401
4017.4	0.504287
4084.26	0.507666
4143.74	0.509742
4201.63	0.514374
4252.97	0.512482
4305.45	0.515163
4354.47	0.516638
4404.43	0.518167
4451.19	0.520262
4493.86	0.522329
4533.7	0.529403
4574.82	0.53704
4613.01	0.546591
4649.19	0.556157
4683.3	0.565492
4714.97	0.574126
4746.92	0.581373
4777.51	0.587017
4809.37	0.591022
4841.29	0.594826
4869.41	0.594241
4897.02	0.598691
4922.16	0.60549
4943.56	0.612525
4963.48	0.626548
4980.66	0.648456
4994.59	0.681771
5009.54	0.715243
5020.42	0.748954
5029.14	0.733475
5040.34	0.494355
5050.58	0.382469
5056.69	0.335537
2571.66	0.209956
2571.15	0.235303
2569.4	0.430651
2707.92	0.437948
2829.13	0.435535
2943.62	0.436812
3056.54	0.439301
3165.19	0.441797
3269.21	0.444565
3369.73	0.447546
3463.85	0.450924
3554.29	0.45472
3638.26	0.457878
3721	0.461845
3794.71	0.466193
3872.41	0.471357
3944.55	0.476376
4012.06	0.478989
4077.53	0.481253
4138.99	0.481953
4195.37	0.483232
4250.1	0.486942
4302.46	0.493262
4352.76	0.499911
4401.86	0.507337
4448.76	0.514951
4492.7	0.523123
4536.21	0.531195
4574.37	0.532781
4611.49	0.538768
4647.56	0.545914
4681.09	0.553252
4711.16	0.561404
4746.23	0.566525
4777.15	0.573848
4808.35	0.579578
4839.73	0.583196
4868.84	0.585818
4896.51	0.589631
4921.65	0.595294
4942.97	0.606434
4963.5	0.621038
4981.42	0.644424
4996.52	0.676495
5009.76	0.713029
5020.24	0.748476
5028.87	0.734446
5040.1	0.495901
5050.47	0.382948
5056.66	0.335634
2570.51	0.20904
2569.61	0.228948
2567.28	0.42709
2700.42	0.436214
2824.66	0.437589
2942.55	0.439455
3056.25	0.441465
3165.79	0.443619
3271.28	0.445805
3373.02	0.447943
3469.97	0.449888
3558.7	0.451024
3643.18	0.454165
3726.37	0.457723
3801.62	0.454859
3873.19	0.45335
3940.01	0.453117
4009.9	0.452108
4074.18	0.457425
4135.21	0.462941
4192.04	0.469044
4246.98	0.475767
4298.93	0.483019
4349.65	0.490305
4398.94	0.497687
4446.76	0.505043
4489.53	0.506598
4532.51	0.512309
4572.46	0.517718
4611.89	0.525297
4648.88	0.535665
4683.5	0.546281
4716.14	0.556755
4748.72	0.565993
4779.01	0.574331
4804.56	0.581114
4837.78	0.58489
4866.96	0.588149
4895.59	0.592386
4921.74	0.598679
4945.67	0.609164
4962.6	0.620584
4981.41	0.642143
4996.81	0.673138
5009.56	0.710932
5019.74	0.74793
5028.25	0.735252
5039.54	0.496238
5050.08	0.381841
5056.38	0.334715
2569.56	0.209018
2568.59	0.230364
2566.18	0.443577
2697.4	0.453942
2822.32	0.455946
2941.6	0.458033
3056.21	0.460036
3166.65	0.461951
3273.46	0.463852
3377.58	0.465686
3481	0.467339
3564.22	0.460979
3646.4	0.462299
3724.94	0.463151
3803.61	0.464003
3876.78	0.465984
3948.29	0.468754
4010.32	0.467201
4071.19	0.469342
4132.83	0.470047
4187.87	0.475146
4244.15	0.481867
4293.96	0.482826
4345.36	0.488267
4394.84	0.492975
4439.29	0.49719
4486.3	0.503497
4530.22	0.511785
4571.81	0.520728
4611.8	0.52997
4649.69	0.539444
4685.03	0.549035
4718.42	0.558602
4750.79	0.56716
4780.3	0.571935
4808.8	0.578416
4837.3	0.582969
4862.9	0.586971
4894.24	0.590525
4920.95	0.595824
4944.44	0.605792
4964.64	0.621719
4981.23	0.6388
4996.23	0.670298
5008.73	0.709035
5018.71	0.747268
5027.16	0.733509
5038.65	0.489723
5049.52	0.374999
5055.94	0.330617
2568.91	0.209411
2567.99	0.232481
2565.68	0.450739
2696.24	0.461686
2821.37	0.46409
2941.29	0.466639
3056.5	0.469287
3167.48	0.472033
3274.8	0.474841
3379.44	0.477596
3483.57	0.480165
3567.06	0.478791
3650.31	0.483358
3731.08	0.488022
3808.44	0.492835
3879.47	0.497796
3947.73	0.502501
4012.44	0.506549
4077.66	0.509453
4134.5	0.511572
4179.94	0.499936
4235.63	0.501486
4289.88	0.506186
4341.37	0.510506
4390.59	0.515018
4437.46	0.520025
4483.33	0.524206
4527.46	0.529418
4569.96	0.534904
4610.99	0.540392
4650.29	0.545999
4685.77	0.54862
4719.08	0.555016
4749.48	0.56248
4781.11	0.569474
4810.74	0.576221
4839.35	0.580953
4866.8	0.584136
4894.6	0.58706
4920.24	0.591866
4943.21	0.599909
4963.13	0.614645
4979.32	0.638411
4994.63	0.667295
5007.17	0.70609
5017.08	0.745396
5025.55	0.723711
5037.4	0.464706
5048.84	0.357235
5055.39	0.320727
2568.52	0.209956
2567.66	0.232453
2565.44	0.440603
2695.8	0.450728
2821.07	0.452836
2941.34	0.455174
3056.88	0.457795
3168.02	0.460652
3275.06	0.463713
3378.18	0.466939
3476.88	0.47022
3567.12	0.473413
3653.82	0.477724
3737.93	0.482413
3817.18	0.488277
3882.78	0.485889
3948.8	0.492538
4012.29	0.498572
4069.85	0.503679
4128.67	0.50951
4181.55	0.516499
4235.11	0.523607
4287.75	0.530378
4338.62	0.537609
4387.64	0.545122
4434.82	0.552756
4480.5	0.560025
4524.65	0.567167
4567.76	0.573612
4610.27	0.578473
4654.07	0.580997
4686.94	0.574222
4719.08	0.578382
4750.3	0.583341
4781.13	0.586971
4811.06	0.589755
4839.94	0.592762
4867.61	0.596205
4894.2	0.600225
4919.02	0.606017
4941.63	0.614591
4961.77	0.62708
4979.63	0.643885
4992.27	0.658054
5005.07	0.684063
5015.05	0.708705
5023.81	0.647771
5035.43	0.407247
5047.99	0.33125
5054.66	0.303648
2568.37	0.210791
2567.55	0.233518
2565.35	0.438641
2695.75	0.447927
2821.19	0.449245
2941.67	0.450702
3057.39	0.452339
3168.54	0.454166
3275.3	0.456191
3377.6	0.458446
3475.12	0.460963
3567.46	0.463788
3656.78	0.466927
3746.68	0.469966
3815.32	0.459424
3886.82	0.46284
3950.82	0.463307
4012.29	0.469609
4070.24	0.476794
4126.56	0.484453
4180.38	0.49121
4233.46	0.498169
4285.44	0.504696
4335.8	0.510782
4384.64	0.516458
4431.89	0.521864
4477.44	0.527122
4521.2	0.532098
4564.53	0.53631
4606.6	0.540368
4647.5	0.543885
4684.9	0.545123
4717.98	0.552906
4749.47	0.561705
4780.23	0.569726
4810.57	0.576041
4839.83	0.580801
4867.48	0.584462
4893.82	0.588319
4918.47	0.593591
4941	0.602492
4961.12	0.617319
4978.63	0.639452
4993.15	0.670622
5004.38	0.701442
5013.86	0.741902
5022.38	0.695744
5035.29	0.409942
5047.16	0.323575
5053.4	0.293651
2568.44	0.211887
2567.68	0.238135
2565.47	0.460034
2696.2	0.470495
2821.9	0.472577
2942.57	0.474833
3058.37	0.477264
3169.55	0.479827
3276.21	0.482493
3378.18	0.485272
3475.12	0.488184
3567.54	0.491122
3655.95	0.494068
3739.38	0.49739
3815.84	0.503109
3895.38	0.505824
3952.44	0.490804
4012.94	0.493967
4069.51	0.496721
4124.27	0.500606
4177.33	0.50508
4230.36	0.509457
4282.18	0.514135
4331.95	0.519134
4380.69	0.524408
4428.07	0.529998
4473.54	0.535946
4515.49	0.54253
4559.83	0.549214
4601.26	0.556267
4641.51	0.563019
4684.14	0.568952
4715.51	0.562247
4746.51	0.567537
4776.99	0.57356
4808.48	0.577938
4838.69	0.581404
4865.92	0.584121
4892.23	0.585832
4916.92	0.590632
4939.5	0.597955
4959.64	0.611403
4977.07	0.632201
4991.5	0.662687
5002.44	0.705084
5012.26	0.743834
5021.04	0.699622
5034.12	0.415762
5045.68	0.322505
5051.53	0.290048
2568.73	0.212833
2567.99	0.239052
2565.77	0.45595
2697.08	0.465667
2823.21	0.46712
2944.07	0.468754
3059.96	0.470635
3171.27	0.472759
3278.24	0.47507
3380.48	0.477485
3476.58	0.479966
3568.77	0.482953
3657.45	0.486085
3736.63	0.488751
3811.09	0.492748
3883.17	0.496355
3948.94	0.499219
4017.28	0.50422
4069.28	0.50117
4122.25	0.50585
4171.92	0.511842
4226.67	0.518882
4279.67	0.525463
4327.33	0.52593
4376.45	0.532151
4424.67	0.538198
4471.04	0.544137
4516.23	0.549698
4555.8	0.548998
4594.93	0.554403
4630.99	0.559659
4673.45	0.562161
4709.23	0.565764
4741.45	0.573282
4769.53	0.581027
4805.54	0.586312
4837.58	0.590438
4868.07	0.594167
4889.39	0.594228
4914.43	0.599768
4937.13	0.608844
4957.36	0.621576
4974.92	0.639769
4989.75	0.664476
5002.07	0.692749
5010.4	0.692307
5020.18	0.590872
5032.95	0.372327
5043.58	0.314526
5048.91	0.287062
2569.25	0.213672
2568.52	0.241762
2566.25	0.46744
2698.53	0.477305
2825.28	0.47875
2946.23	0.48049
3061.95	0.482442
3173.33	0.484485
3281.21	0.48656
3385.33	0.488838
3478.55	0.492771
3570.32	0.495515
3665.47	0.497712
3735.94	0.48497
3806.21	0.486421
3874.87	0.489071
3940.57	0.491619
4004.4	0.494286
4062.87	0.496276
4119.05	0.500222
4174.43	0.504383
4222.68	0.503767
4269.7	0.504814
4323.52	0.503391
4371.85	0.506929
4421.93	0.511563
4468.39	0.517544
4512.26	0.52386
4553.78	0.529665
4593.53	0.537413
4631.72	0.545688
4670.18	0.554235
4706.22	0.561951
4739.74	0.569934
4771.51	0.576991
4804.12	0.581978
4835.52	0.585196
4861.76	0.58778
4887.7	0.590301
4912.65	0.595537
4935.77	0.604705
4956.34	0.619544
4974.13	0.641895
4989.08	0.673407
5001.19	0.713236
5010.59	0.75147
5018.46	0.699416
5031.43	0.413599
5042.82	0.321638
5048.65	0.291453
2570.03	0.214287
2569.34	0.241871
2567.09	0.459242
2701.09	0.46826
2828.88	0.469304
2949.57	0.470746
3064.43	0.472392
3175.24	0.474069
3284.45	0.47565
3397.89	0.476935
3479.14	0.463619
3565.65	0.465682
3651.35	0.466028
3729.94	0.462905
3800.76	0.463285
3868.42	0.465369
3932.64	0.467487
3997.34	0.469325
4057.71	0.472863
4114.99	0.477637
4170.73	0.483025
4218.97	0.486612
4265.47	0.49307
4321.48	0.498659
4373.62	0.50547
4420.2	0.507036
4465.69	0.513002
4508.02	0.51937
4550.85	0.526577
4591.01	0.535873
4629.46	0.545426
4666.64	0.554855
4703.03	0.56371
4737.2	0.572056
4770.11	0.578909
4801.43	0.58316
4833.31	0.586161
4856.69	0.587446
4887.96	0.590361
4909.69	0.593903
4933.76	0.60181
4954.71	0.615442
4972.74	0.6361
4987.91	0.665209
5000.12	0.702637
5009.38	0.740686
5016.69	0.690983
5030.01	0.415366
5041.4	0.327828
5047.61	0.299191
2571.06	0.214904
2570.49	0.243816
2568.43	0.453229
2705.47	0.461563
2835.41	0.462691
2954.76	0.464656
3067.18	0.467416
3175.11	0.469986
3279.78	0.472258
3380.98	0.474487
3471.14	0.476955
3558.65	0.481573
3644.97	0.486119
3732.95	0.490429
3797.38	0.476954
3863.83	0.479846
3930.28	0.483832
3991.94	0.4828
4053.02	0.486296
4109.9	0.488316
4163.41	0.491651
4216.49	0.493094
4268.84	0.497225
4320.73	0.501896
4371.13	0.507444
4418.92	0.513813
4464.5	0.521082
4507.17	0.529161
4547.83	0.532604
4587.49	0.540909
4625.76	0.548808
4661.23	0.557169
4699.45	0.565096
4733.4	0.571011
4765.74	0.576745
4798.34	0.581119
4829.32	0.584748
4859.54	0.587435
4883.8	0.58939
4908.22	0.594164
4931.72	0.602868
4952.62	0.617637
4970.72	0.639674
4986.22	0.6699
4998.79	0.708084
5008.5	0.746812
5016.5	0.724629
5028.45	0.458342
5039.57	0.346422
5045.86	0.312181
2572.23	0.215609
2571.87	0.249764
2570.23	0.451655
2712.4	0.458228
2848.23	0.457338
2962.93	0.452414
3070.7	0.454012
3174.66	0.456535
3275.15	0.459298
3371.89	0.461642
3462.89	0.463608
3550.07	0.465837
3634.26	0.467858
3715.05	0.469243
3787.16	0.468514
3856.38	0.472577
3923.75	0.47728
3986.93	0.480538
4045.59	0.485552
4107.32	0.491593
4164.75	0.498399
4220.3	0.505062
4270.16	0.508243
4319.57	0.514404
4370	0.520247
4418.41	0.526681
4464.54	0.533258
4507.85	0.539767
4545.27	0.545266
4583.45	0.553322
4621.6	0.554727
4662.08	0.560505
4695.59	0.56237
4729.68	0.569913
4758.86	0.577796
4794.4	0.582671
4823.61	0.587137
4856.74	0.590484
4885.98	0.595248
4908.92	0.599368
4929.12	0.605516
4950.02	0.621434
4967.86	0.645266
4984.09	0.67556
4997.25	0.712892
5007.45	0.750058
5015.77	0.738544
5026.99	0.490579
5037.66	0.367236
5043.93	0.322261
2573.36	0.216016
2573.13	0.260477
2571.92	0.477213
2720.81	0.482613
2877.7	0.48202
2974.03	0.460844
3074.27	0.460199
3174.07	0.461204
3270.86	0.462645
3365.29	0.464314
3455.38	0.466332
3541.53	0.468655
3624.08	0.471298
3703.07	0.474398
3777.18	0.478348
3848.19	0.482343
3914.17	0.486356
3981.84	0.491403
4046.09	0.497146
4106.6	0.501683
4165.59	0.507523
4224.44	0.513274
4270.62	0.511711
4314.36	0.52023
4369.33	0.527615
4418.96	0.535179
4466.67	0.541825
4508.15	0.543694
4546.82	0.543485
4584.04	0.548402
4624.03	0.554825
4656.62	0.561189
4695.58	0.565988
4730.55	0.572798
4762.81	0.579186
4794.36	0.584088
4823.5	0.588141
4855.2	0.591391
4883.53	0.596339
4909.3	0.605247
4928.06	0.614998
4947.18	0.626035
4963.2	0.652246
4981.72	0.680536
4995.65	0.716255
5006.26	0.7519
5014.79	0.743951
5025.69	0.506627
5035.91	0.382978
5042.1	0.330611
2574.33	0.214754
2573.7	0.245707
2571.67	0.458975
2716.02	0.466597
2854.52	0.466521
2974.65	0.464722
3074.23	0.460578
3173.84	0.463146
3266.21	0.465242
3361.62	0.467449
3450.41	0.471495
3535.2	0.476046
3616.25	0.480606
3695.63	0.485364
3768.19	0.490543
3841.08	0.496997
3910.36	0.503487
3979.15	0.509069
4049.68	0.513619
4105.75	0.507332
4164.83	0.511173
4224.61	0.515089
4274.47	0.515714
4323.34	0.518459
4371.74	0.51499
4419.28	0.51753
4462.73	0.520456
4505	0.522664
4548.77	0.52893
4588.61	0.538721
4627.08	0.548583
4662.95	0.558623
4698.91	0.567456
4733.17	0.575633
4765.62	0.582477
4795.97	0.587593
4825.37	0.591993
4854.39	0.597252
4880.78	0.600244
4906.79	0.608434
4929.68	0.620117
4945.77	0.629161
4964.03	0.652388
4980.65	0.682411
4994.37	0.718293
5005.11	0.753226
5013.74	0.746456
5024.49	0.514068
5034.4	0.392742
5040.48	0.336561
2575.52	0.212749
2574.29	0.232238
2571.39	0.454656
2712.13	0.465214
2845.13	0.466476
2966.12	0.468373
3074.15	0.471483
3176.28	0.474912
3274.32	0.478475
3361.3	0.477331
3446.42	0.478324
3527.9	0.480815
3611.42	0.483591
3689.6	0.488427
3762.83	0.493598
3835.23	0.498545
3904.81	0.503244
3972.57	0.507567
4040.06	0.511384
4098.2	0.510074
4160.67	0.515328
4227.47	0.519736
4276.58	0.518138
4326.31	0.5237
4376.53	0.523172
4421.12	0.521617
4467.01	0.524604
4509.69	0.531849
4551.8	0.54066
4591.74	0.549675
4629.99	0.558793
4666.53	0.567626
4701.34	0.575356
4735.13	0.582349
4768.17	0.587636
4796.21	0.58874
4825.15	0.591699
4847.81	0.594319
4879.14	0.59664
4905.7	0.603808
4928.59	0.616242
4947.43	0.636451
4963.16	0.654707
4979.22	0.684581
4993.11	0.720253
5004.04	0.754512
5012.75	0.748172
5023.43	0.517827
5033.13	0.398208
5039.11	0.340195
2577.54	0.210187
2575.56	0.221641
2571.85	0.452352
2711.06	0.46552
2843.12	0.467234
2966.39	0.46936
3076.18	0.472033
3179.25	0.475787
3268.97	0.476028
3357.25	0.480014
3446.56	0.484379
3534.02	0.488962
3609.14	0.488294
3685.96	0.492918
3755.87	0.497642
3829.91	0.502396
3898.91	0.507878
3964.11	0.513697
4025.46	0.520151
4084.11	0.528058
4149.9	0.536711
4214.59	0.544734
4272.37	0.554914
4328.19	0.561699
4386.3	0.563796
4430.35	0.551228
4471.76	0.553206
4512.23	0.558558
4554.34	0.564234
4593.93	0.570479
4632.04	0.576416
4669.36	0.581586
4702.46	0.582872
4735.56	0.586737
4765.74	0.590024
4795.24	0.592726
4822.26	0.596565
4851.14	0.600683
4879.47	0.605661
4905.29	0.613808
4928.38	0.626164
4949.14	0.644084
4964.42	0.664744
4976.73	0.690543
4991.91	0.722617
5003.15	0.755875
5011.93	0.74983
5022.55	0.519983
5032.11	0.400892
5038.01	0.342001
2581.07	0.206528
2578.22	0.217746
2573.19	0.452103
2712.12	0.469085
2845.16	0.471079
2975.78	0.472897
3080.99	0.468666
3173.07	0.468184
3267.89	0.472296
3357.98	0.477597
3445.42	0.482971
3529.34	0.4883
3608.28	0.493741
3685.68	0.499151
3761.2	0.504171
3827.24	0.505374
3894.59	0.510371
3957.42	0.515425
4011.53	0.517399
4060.79	0.522915
4138.17	0.525981
4206.74	0.527154
4268.53	0.528327
4326.45	0.530138
4381.89	0.533004
4431.57	0.535275
4475.27	0.541382
4518.04	0.548502
4558.55	0.553174
4596.45	0.553924
4633.48	0.559596
4667.6	0.565135
4703.68	0.57122
4737.56	0.578422
4767.4	0.58236
4795.44	0.585234
4820.5	0.589625
4852.73	0.592401
4880.99	0.596656
4906.33	0.604203
4928.93	0.615954
4949.07	0.633241
4965.21	0.659987
4980.11	0.693027
4991.78	0.72381
5002.73	0.756936
5011.4	0.75158
5021.91	0.520692
5031.37	0.401047
5037.19	0.342179
2586.97	0.201741
2582.93	0.213574
2575.65	0.430781
2714.11	0.451814
2844.77	0.454637
2967.02	0.457746
3075.61	0.460437
3173.78	0.465017
3267.92	0.470489
3358.01	0.476042
3444.64	0.481566
3526.74	0.487134
3606.27	0.492507
3684.77	0.49748
3755	0.499202
3826.08	0.503012
3891.28	0.503718
3951.85	0.506367
4013.48	0.50729
4073.31	0.513569
4133.02	0.520581
4203.58	0.525827
4266.51	0.530548
4325.07	0.535475
4381.05	0.540409
4436.52	0.544807
4477.59	0.539486
4519.05	0.543999
4557.83	0.549273
4599.51	0.555154
4634.15	0.556051
4671.89	0.562815
4704.76	0.563064
4736.5	0.567996
4766.74	0.574104
4798.41	0.580755
4827.04	0.586485
4855.84	0.590523
4882.76	0.595281
4907.27	0.603422
4928.93	0.616524
4949.79	0.634224
4968.25	0.658996
4981.37	0.688433
4993.67	0.725818
5002.61	0.757052
5011.15	0.751621
5021.56	0.516053
5030.91	0.396977
5036.64	0.340428
2596.37	0.196717
2590.66	0.209616
2579.91	0.415727
2718.7	0.442752
2847.86	0.446231
2967.35	0.44978
3076.54	0.453642
3174.73	0.458089
3268.47	0.463167
3358.2	0.468276
3445.35	0.473157
3523.93	0.472696
3602.73	0.475436
3677.6	0.477622
3751.59	0.477413
3818.3	0.478643
3889.66	0.480717
3955.65	0.485355
4019.75	0.490926
4081.89	0.496345
4140.7	0.501871
4205.98	0.506342
4266.87	0.51145
4324.34	0.516251
4378.82	0.520827
4429.8	0.525192
4475.55	0.526743
4518.82	0.531124
4559.97	0.536229
4599.53	0.541842
4637.99	0.543423
4670.99	0.545477
4705.58	0.551531
4740.03	0.559613
4771.32	0.569719
4802.1	0.578284
4831.13	0.584743
4858.41	0.589364
4884.3	0.594125
4908.27	0.601977
4926.77	0.613314
4949.78	0.626427
4968.16	0.646574
4981.97	0.677332
4994.49	0.711967
5004.07	0.74433
5011.38	0.724027
5021.47	0.500856
5030.69	0.387435
5036.32	0.336802
2610.88	0.191914
2603.06	0.205838
2587.51	0.395051
2727.9	0.428474
2855.87	0.438263
2973.61	0.447491
3084.48	0.454905
3176.52	0.448888
3269.67	0.45342
3357.88	0.457903
3440.76	0.460137
3520.3	0.456665
3600.22	0.459529
3675.26	0.462471
3750.15	0.467641
3821.03	0.473205
3891.16	0.478737
3959.15	0.48383
4025.93	0.488545
4091.85	0.493139
4154.15	0.499022
4210.8	0.491973
4268.69	0.495036
4324.62	0.497392
4378.11	0.499871
4428.35	0.503239
4475.52	0.509256
4519.62	0.516797
4560.59	0.523809
4598.68	0.531337
4639.44	0.539687
4676.29	0.549876
4712.5	0.559627
4744	0.564696
4773.84	0.573572
4805.11	0.581185
4834.62	0.587278
4860.01	0.589691
4885.18	0.593777
4907.29	0.599703
4930.23	0.610291
4951.36	0.625743
4969.48	0.648414
4984.74	0.680289
4995.46	0.712982
5004.8	0.752462
5012.38	0.747716
5021.23	0.508423
5030.39	0.384936
5036.14	0.334954
2632.64	0.186631
2622.79	0.201295
2603.66	0.360477
2744.5	0.370506
2869.61	0.383118
2982.64	0.397181
3080.29	0.411362
3179.88	0.423571
3274.64	0.433078
3355.63	0.429377
3435.81	0.43439
3519.74	0.439486
3599.55	0.446554
3675.96	0.453269
3750.33	0.459585
3822.3	0.465175
3892.77	0.470117
3961.98	0.474409
4031.17	0.478081
4103.71	0.480771
4154.25	0.465534
4214.16	0.47064
4271.58	0.477019
4326.54	0.483669
4379.31	0.490624
4428.53	0.498044
4476.29	0.505779
4519.03	0.50806
4562.19	0.514542
4602.65	0.52438
4642.27	0.534281
4679.79	0.544264
4714.71	0.554225
4747.57	0.564101
4779.52	0.573099
4807.59	0.576291
4834.02	0.58172
4861.43	0.586421
4886.68	0.590932
4910.26	0.59681
4932.61	0.606899
4952.93	0.621808
4970.52	0.643683
4985.01	0.674864
4995.71	0.718146
5005.4	0.757809
5012.97	0.767693
5022.2	0.539203
5029.76	0.409906
5036.22	0.341208
2663.7	0.179719
2651.36	0.194175
2625.6	0.322881
2772.77	0.311539
2896.79	0.327706
3002.84	0.349131
3098.83	0.375023
3183.6	0.373274
3266.38	0.382878
3354.82	0.391906
3438.29	0.402343
3520.15	0.412019
3599.46	0.420119
3676.18	0.426948
3750.68	0.432923
3823.12	0.438306
3893.86	0.443505
3963.18	0.448708
4031.35	0.453987
4098	0.459361
4158.05	0.463776
4217.74	0.471227
4274.65	0.478906
4328.35	0.486767
4381.74	0.494084
4427.91	0.4945
4472.42	0.500905
4519.64	0.50885
4563.89	0.517869
4604.84	0.527409
4644.59	0.53649
4683.32	0.544936
4716.53	0.545626
4749.69	0.552429
4780.17	0.560193
4810.21	0.569684
4837.49	0.578771
4862.7	0.58513
4887.4	0.590192
4911.8	0.595674
4934.2	0.60547
4954.2	0.620934
4971.51	0.644358
4985.96	0.678256
4997.82	0.721835
5006.04	0.75996
5013.69	0.774888
5023.11	0.557759
5031.53	0.424343
5037.41	0.345102
2706.62	0.171218
2692.77	0.181823
2645.37	0.213978
2801.34	0.240147
2925.61	0.260001
3019.25	0.247545
3097.23	0.228603
3180.45	0.246424
3270.74	0.294366
3354.88	0.336801
3438.48	0.364831
3519.81	0.384056
3599.14	0.397277
3676.17	0.407574
3750.89	0.416577
3823.5	0.424729
3894.27	0.432365
3963.36	0.439686
4030.87	0.446804
4096.66	0.453746
4159.91	0.460624
4221.84	0.467453
4278.73	0.475069
4328.29	0.476147
4376.3	0.481919
4427.17	0.488524
4474.23	0.496562
4520.78	0.504185
4566.52	0.511106
4605.95	0.511087
4645.68	0.516713
4681.1	0.522618
4718.5	0.530499
4752.37	0.541465
4783.63	0.553098
4813.12	0.564483
4840.51	0.574732
4866.05	0.582951
4886.01	0.588791
4912.71	0.593751
4935.36	0.602128
4955.18	0.616387
4972.25	0.638264
4986.45	0.67039
4997.38	0.713918
5005.22	0.761097
5014.32	0.774246
5024.49	0.550908
5033.44	0.419344
5039.29	0.342486
2762.95	0.164278
2766.79	0.171009
2784.03	0.189893
2867.19	0.218008
2952.26	0.189375
3034.65	0.18245
3113.29	0.178425
3192.96	0.178446
3273.25	0.187288
3346.27	0.219447
3434.96	0.28933
3517.24	0.340754
3597.54	0.37139
3675.25	0.391008
3750.32	0.404901
3823.07	0.416625
3893.81	0.426844
3962.68	0.435808
4029.73	0.44367
4095.53	0.450476
4160.82	0.456278
4228.8	0.460982
4275.44	0.452217
4328.71	0.456517
4379.99	0.463722
4428.03	0.470651
4474.38	0.477812
4520.61	0.479374
4563.93	0.482784
4607.88	0.48789
4648.09	0.497582
4685.36	0.508308
4721.33	0.519426
4754.99	0.530963
4786.27	0.542905
4815.61	0.554794
4843.02	0.566123
4868.52	0.576164
4891.86	0.58421
4915.08	0.589659
4936.64	0.596038
4955.96	0.607295
4972.84	0.62485
4987.19	0.651222
4997.4	0.683319
5006.48	0.710559
5016.54	0.682183
5026.93	0.514452
5036.07	0.402276
5041.89	0.333609
2815.22	0.158725
2826.85	0.160764
2855.66	0.165092
2912.41	0.168379
2980.49	0.162084
3053.03	0.157651
3127.35	0.153813
3203.43	0.151398
3280.45	0.152587
3356.42	0.161485
3432.81	0.183776
3506.8	0.242686
3592.59	0.318564
3672.88	0.359811
3748.37	0.383807
3821.45	0.399282
3892.4	0.411432
3961.35	0.421929
4027.6	0.431221
4092.86	0.439215
4157.03	0.446268
4219.72	0.452547
4277.02	0.458059
4328.86	0.463341
4384.69	0.468836
4428.46	0.456227
4468.5	0.457434
4521.31	0.463434
4567.84	0.472586
4610.8	0.483076
4650.68	0.494234
4688.09	0.505819
4723.64	0.517693
4757.16	0.529865
4788.06	0.542658
4817.31	0.555285
4844.81	0.567283
4870.66	0.577895
4895.44	0.586029
4916.62	0.587539
4937.47	0.592789
4956.36	0.598723
4972.99	0.605029
4986.82	0.610572
4999.72	0.613718
5010.37	0.603769
5020.54	0.55229
5030.56	0.463721
5039.68	0.371103
5045.29	0.313665
2855.86	0.155081
2869.58	0.155043
2898.92	0.154843
2945.51	0.153638
3003.79	0.150433
3069.27	0.147005
3139.25	0.14352
3212.39	0.140391
3287.57	0.138415
3363.52	0.139248
3439.11	0.146545
3511.24	0.168207
3578.59	0.219031
3668.3	0.302313
3744.64	0.345765
3818.31	0.369442
3889.82	0.385264
3959.91	0.397408
4023.94	0.403692
4088.98	0.411443
4152.56	0.417335
4213.98	0.421852
4269.56	0.425067
4327.1	0.427615
4381.07	0.433881
4429.86	0.439801
4476.56	0.449554
4525.54	0.458438
4572.52	0.467095
4614.01	0.478181
4652.9	0.490857
4689.86	0.502589
4725.16	0.513386
4759.19	0.522461
4788.85	0.523207
4818.2	0.528693
4845.86	0.533449
4871.65	0.537418
4894.49	0.540529
4918.19	0.545014
4939.23	0.550098
4958.1	0.55209
4974.86	0.549899
4989.55	0.541973
5002.71	0.5266
5014.37	0.497146
5025.21	0.447136
5035.58	0.379998
5044.18	0.325759
5048.48	0.274022
2882.93	0.152989
2896.83	0.152304
2924.94	0.150979
2966.87	0.148943
3019.88	0.146189
3081.03	0.143095
3148.01	0.139842
3219.27	0.13669
3293.71	0.134151
3370.28	0.133432
3447.03	0.137453
3516.12	0.152296
3583.17	0.190388
3661.68	0.257808
3736.56	0.282779
3813.04	0.299853
3885.57	0.306598
3954.09	0.312783
4020.72	0.328328
4084.93	0.353234
4148.76	0.373022
4211.34	0.388366
4270	0.400732
4326.48	0.413025
4380.08	0.423959
4430.71	0.433402
4479.8	0.441224
4529.23	0.44769
4580.21	0.451484
4617.35	0.437062
4654.67	0.438589
4690.96	0.439846
4725.72	0.439755
4756.9	0.436719
4789.81	0.43557
4819.87	0.439557
4847.81	0.443376
4873.76	0.446794
4897.71	0.449811
4920.48	0.452574
4941.37	0.4519
4960.32	0.447064
4977.39	0.437048
4992.74	0.42069
5006.74	0.3971
5019.5	0.368823
5031	0.339449
5040.97	0.311698
5047.62	0.28048
5050.58	0.239757
2896.37	0.152022
2910.09	0.151181
2937.36	0.149627
2977.33	0.147465
3028.04	0.144814
3087.16	0.141843
3152.69	0.138711
3223.17	0.135688
3297.81	0.133454
3376.67	0.134117
3461.69	0.144108
3520.44	0.166223
3588.37	0.197159
3659	0.18471
3736.16	0.186308
3810.78	0.19402
3882.34	0.199901
3950.11	0.204431
4012.89	0.216101
4075.88	0.243082
4142.3	0.277094
4209.63	0.304864
4269.72	0.320471
4326.17	0.329314
4379.88	0.333663
4431.23	0.33592
4481.03	0.338374
4529.86	0.341173
4576.91	0.343324
4617.7	0.336204
4655.88	0.338667
4692.26	0.342457
4726.85	0.345935
4759.4	0.348914
4791.24	0.351145
4821.26	0.35236
4849.33	0.352732
4875.47	0.352314
4899.78	0.350995
4922.49	0.348505
4943.45	0.344504
4962.61	0.338958
4980.02	0.331931
4995.83	0.323665
5010.28	0.314596
5023.56	0.305019
5034.92	0.290626
5043.44	0.266342
5048.91	0.239207
5051.53	0.229493
4587.31	0.477371
4617.37	0.478607
4654.51	0.48316
4690.75	0.490763
4725.72	0.49982
4750.31	0.505863
4761.5	0.548056
4788.44	0.550043
4817.97	0.555969
4845.63	0.562271
4871.53	0.569223
4891.25	0.573956
4898.63	0.59964
4916.25	0.601212
4937.24	0.609409
4956.11	0.619332
4972.71	0.632337
4985.34	0.647681
4989.26	0.688649
4996.73	0.694317
5000.25	0.708995
2748.25	0.47737
2836.46	0.476189
2922.21	0.474745
2962.89	0.481639
3059.48	0.480118
3168.74	0.478119
3239.62	0.475332
3274	0.473029
3360.82	0.471788
3457.21	0.470864
3522.15	0.469269
3556.6	0.471205
3636.83	0.470087
3723.14	0.469118
3779.56	0.467562
3811.85	0.466585
3885.25	0.466144
3961.85	0.467697
4006.93	0.467567
4034.95	0.474052
4096.56	0.473629
4157.45	0.473858
4189.14	0.473594
4205.17	0.473267
4144.29	0.543611
4171.32	0.543198
4224.16	0.543854
4278.38	0.544044
4324.65	0.547605
4374.45	0.547803
4419.06	0.548683
4462.84	0.548494
4493.93	0.548456
4510.27	0.553604
4547.07	0.554527
4585.65	0.559727
4622.38	0.562468
4652.28	0.568739
4682.87	0.570835
4715.7	0.573911
4746.48	0.576091
4773.53	0.577863
4777.54	0.582318
4659.13	0.597264
4687.26	0.597906
4718.97	0.598849
4750.22	0.600201
4781	0.602601
4810.91	0.605479
4839.78	0.608839
4867.45	0.612708
4893.98	0.6169
4918.77	0.621828
4941.37	0.627588
4961.54	0.633226
4979.26	0.636133
4992.28	0.628933
5005.19	0.60939
5015.48	0.57809
5024.29	0.511937
5029.27	0.416114
4705.66	0.559987
4729.5	0.563663
4739.95	0.58419
4757.62	0.584662
4785.05	0.589873
4811.22	0.594686
4835.27	0.598498
4844.2	0.62492
4856.9	0.626596
4881.19	0.632661
4904.44	0.640854
4927.07	0.647602
4934.46	0.649156
4944.44	0.649278
4961.9	0.655296
4976.67	0.656956
4989.71	0.643388
4995.2	0.608903
5000.84	0.604283
5009.75	0.561537
5018.79	0.468762
5025.62	0.412111
4184.47	0.498534
4209.35	0.49861
4228.21	0.507286
4264.83	0.507067
4317.78	0.51274
4367.36	0.517877
4416.09	0.52148
4447.12	0.523168
4464.53	0.536298
4505.65	0.53744
4549.24	0.540995
4582.56	0.550835
4614.29	0.553556
4626.64	0.568376
4652.27	0.568785
4686.39	0.574074
4719.37	0.577298
4750.87	0.579775
4768.21	0.58064
4779.4	0.581927
4794.22	0.582191
2949.12	0.492129
2975.14	0.490855
3008.91	0.491487
3073.62	0.490243
3173.89	0.491074
3260.98	0.490224
3295.48	0.49981
3359.97	0.498723
3446.64	0.501191
3521.64	0.500582
3549.9	0.510463
3608.26	0.509662
3686.03	0.511722
3749.26	0.511262
3773.15	0.51847
3826.52	0.517788
3894.76	0.518505
3948.98	0.517576
3963.47	0.516527
4012.87	0.515874
4073.58	0.51609
4121.07	0.51492
4130.44	0.502715
3843.09	0.537633
3896.48	0.537316
3966.42	0.537358
4035.97	0.537246
4103.19	0.537651
4164.24	0.539583
4221.17	0.541489
4274.6	0.543376
4329.73	0.543874
4373.39	0.548594
4417.39	0.550781
4461.34	0.552937
4503.33	0.555791
4544.37	0.557484
4583.82	0.558906
4613.97	0.55909
4626.56	0.564281
4654.64	0.564277
4684.19	0.565202
4704.14	0.565037
4167.69	0.525819
4213.33	0.527355
4265.48	0.53056
4317.13	0.534205
4367.56	0.53773
4416.6	0.540764
4456.08	0.54215
4472.43	0.560951
4507.12	0.561458
4549.97	0.568036
4590.32	0.572447
4628.51	0.576769
4664.67	0.58093
4698.6	0.584906
4727.98	0.590109
4756.05	0.593527
4783.53	0.59538
4805.34	0.5959
4813.67	0.599953
4832.89	0.600299
4855.69	0.603227
4870.45	0.605203
3977.41	0.50363
4028.72	0.504529
4090.73	0.507713
4150.02	0.511713
4206.88	0.515248
4241.06	0.516703
4261.92	0.533839
4310.64	0.534773
4361.37	0.537415
4409.95	0.540256
4455.85	0.543886
4497.72	0.549041
4533.93	0.556848
4576.29	0.559633
4615.25	0.564779
4651.29	0.56933
4679.51	0.571003
4690.45	0.584412
4715.53	0.584606
4746.44	0.585844
4767.52	0.586101
4112.36	0.497203
4149.89	0.496649
4164.83	0.493785
4209.86	0.49369
4263.14	0.495121
4315.38	0.495951
4366.32	0.496851
4415.66	0.497629
4463.04	0.498023
4508.94	0.497649
4552.41	0.496273
4580.27	0.494359
4594.74	0.479989
4629.03	0.480014
4665.29	0.482724
4699.98	0.48461
4731.19	0.486933
4760.24	0.490088
4786.85	0.492914
4808.77	0.49532
3229.34	0.521735
3298.07	0.521204
3387.78	0.520854
3476.99	0.520327
3564.24	0.520278
3649.03	0.520511
3731.08	0.521017
3810.05	0.521806
3885.63	0.522859
3957.98	0.523948
4027.11	0.525057
4092.61	0.526301
4152.5	0.528245
4213.44	0.528337
4272.85	0.528202
4327.91	0.528175
4374.68	0.527882
4415.91	0.527644
4433.08	0.528865
4534.13	0.432822
4549.39	0.434272
4560.71	0.508474
4591.66	0.511583
4607.11	0.543859
4628.99	0.544216
4656.51	0.547112
4668.21	0.561811
4695.31	0.563179
4704.75	0.580192
4727.87	0.580631
4743.82	0.584824
4756.29	0.586497
4776.9	0.587926
4784.19	0.591082
4806.15	0.591358
4815.48	0.596895
4832.88	0.596953
4850.43	0.598621
4860.15	0.604895
4879.02	0.607665
4884.88	0.618276
4901.78	0.620451
4913.63	0.627284
4926.87	0.627328
4942.24	0.633615
4946.86	0.633601
4361.63	0.543979
4376.58	0.543665
4417.32	0.545175
4460.29	0.546885
4501.37	0.547839
4517.91	0.55665
4545.12	0.556594
4583.63	0.56349
4621.67	0.567453
4655.26	0.572398
4669.21	0.581869
4689.35	0.581876
4720.17	0.586131
4750.07	0.588597
4778.25	0.590447
4789.76	0.593842
4803.38	0.593766
4833.34	0.598611
4860.14	0.603054
4884.65	0.609247
4896.45	0.613626
4907.43	0.61404
4924.66	0.616956
2649.92	0.447024
2672.33	0.450332
2744.23	0.449186
2868.8	0.451106
2982.4	0.457005
3066.86	0.457918
3098.33	0.490299
3175.52	0.489656
3269.32	0.493468
3358.49	0.495093
3414.65	0.494907
3448.01	0.50739
3523.58	0.507321
3602.68	0.509033
3675.28	0.509507
3706.85	0.516835
3753.96	0.515972
3825.65	0.517396
3891.57	0.517863
3943.25	0.517359
3963.19	0.523893
4010.76	0.523389
4052.92	0.523531
4119.71	0.505647
4143.01	0.505841
4160.21	0.532651
4210.45	0.533285
4268.45	0.536971
4324.33	0.541135
4377.83	0.545616
4404.04	0.548965
4429.23	0.549551
4475.24	0.552484
4518.61	0.555844
4560.02	0.559107
4595.43	0.560401
4607.43	0.574641
4633.82	0.574864
4671.49	0.577171
4704.63	0.580238
4736.71	0.582491
4759.46	0.583255
4769.61	0.58914
4795.12	0.58929
4812.72	0.589824
4556.54	0.536593
4563.34	0.539431
4587.1	0.539742
4616.44	0.544961
4627.38	0.562341
4652.34	0.56315
4678.87	0.566153
4687.52	0.580844
4713.44	0.581737
4738.33	0.583559
4750.84	0.592172
4779.49	0.593221
4800.3	0.594655
4808.64	0.597892
4833.85	0.599186
4845.92	0.607158
4859.07	0.607164
4881.31	0.612772
4889.14	0.621887
4903.57	0.62262
4923.5	0.630518
4930.42	0.646058
4945.32	0.648348
4960.02	0.661368
4964.77	0.67341
4973.68	0.677189
3415.29	0.498339
3479.07	0.49778
3565.57	0.498031
3650.79	0.498003
3729.25	0.500167
3800.38	0.503963
3868.1	0.506232
3930.27	0.507865
3956.01	0.518857
3991.39	0.518322
4052.5	0.520621
4109.53	0.523398
4163.29	0.526678
4216.37	0.529017
4268.73	0.531877
4320.54	0.534662
4370.85	0.537611
4418.64	0.540768
4464.25	0.543154
4504.65	0.54457
4519.82	0.551478
4543.49	0.551283
4560.36	0.55371
3792.17	0.499321
3812.37	0.498717
3832.34	0.512606
3882.13	0.512202
3948.62	0.514857
4012.8	0.515783
4054.52	0.515542
4079.57	0.51877
4134.45	0.518233
4180.98	0.511516
4233.45	0.511369
4256.25	0.513509
4293.06	0.51308
4345.15	0.519067
4395.13	0.522625
4431.32	0.524166
4449.35	0.536449
4489.03	0.537305
4532.25	0.543352
4571.62	0.548299
4589.1	0.555538
4610.97	0.555332
4647.31	0.558269
4680.75	0.560416
4701.78	0.561683
4060.62	0.536404
4065.81	0.536595
4105.97	0.536353
4164.84	0.536704
4223.81	0.536947
4274.3	0.541005
4323.25	0.543185
4371.6	0.544952
4418.92	0.547332
4463.24	0.5507
4496.43	0.551737
4511.36	0.569163
4546.16	0.56983
4584.12	0.574313
4623.46	0.575797
4656.97	0.581201
4695.26	0.582692
4730.28	0.58547
4762.68	0.587218
4794	0.587635
4810.43	0.587782
4814.74	0.587279
4237.71	0.480279
4272.58	0.480722
4291.21	0.500383
4328.12	0.500326
4370.52	0.503305
4386.6	0.519204
4427.79	0.519748
4460.47	0.52285
4477.63	0.534038
4518.41	0.535929
4538.16	0.544381
4560.47	0.544101
4596.37	0.546919
4608.71	0.55867
4637.62	0.558756
4665.81	0.5628
4675.38	0.579834
4704.65	0.580589
4726.26	0.583307
4738.37	0.590696
4766.68	0.591646
4778.74	0.595855
4795.24	0.595732
4820.67	0.595828
4830.32	0.594565
4843.04	0.594449
4836.79	0.589987
4838.76	0.591004
4855.39	0.59108
4863.92	0.594718
4882.25	0.594845
4890.34	0.60526
4907.34	0.606057
4913.37	0.622033
4927.01	0.62397
4932.91	0.640629
4944.97	0.643014
4950.93	0.665655
4962.34	0.668635
4967.23	0.696804
4976.13	0.700296
4982.32	0.714056
4991.33	0.715538
4995.87	0.701589
5002.56	0.698571
5006.42	0.620561
5011.78	0.599365
5015.6	0.503963
5021.09	0.481343
5024.31	0.423877
5025.22	0.414472
4387.66	0.497873
4428.9	0.501838
4454.51	0.50585
4475.03	0.512557
4520.48	0.514832
4561.44	0.519359
4576.85	0.539799
4605.39	0.540052
4645.66	0.546895
4675.1	0.550145
4686.68	0.571113
4716.14	0.572172
4749.54	0.579029
4767.68	0.582584
4780	0.58942
4807.48	0.59066
4832.69	0.593048
4842.3	0.599057
4859.7	0.599116
4885.14	0.603187
4903.61	0.606108
4910.2	0.612133
4924.99	0.613462
4110.36	0.533493
4148.23	0.533142
4193.81	0.532922
4211.55	0.536381
4252.25	0.536118
4305.1	0.538746
4354.46	0.540965
4404.15	0.542267
4450.8	0.545244
4493.77	0.54889
4531.18	0.550533
4546.25	0.559567
4573.5	0.55962
4611.25	0.565302
4647.28	0.568636
4680.8	0.5727
4711.47	0.57679
4745.87	0.577924
4775.87	0.579486
4787.6	0.581379
4799.38	0.581255
4122.76	0.528158
4169.3	0.529108
4196.2	0.53277
4224.05	0.532141
4279.76	0.532152
4307.2	0.534027
4330.69	0.53396
4373.79	0.533318
4401.21	0.534302
4420.34	0.537865
4462.38	0.539601
4490.51	0.541453
4507.67	0.547611
4546.12	0.548711
4574.48	0.550585
4590.26	0.558282
4624.98	0.559676
4650.77	0.562795
4663.63	0.574693
4693.91	0.575612
4717.84	0.57743
4729.35	0.582829
4754.57	0.583153
4774.9	0.584237
4778.49	0.584705
4293.72	0.535587
4328.68	0.535809
4374.46	0.538448
4418.61	0.542028
4456.62	0.543723
4471.09	0.555667
4502.86	0.555754
4547.34	0.560661
4588.81	0.565789
4624.62	0.572763
4641.82	0.578079
4661.64	0.577887
4693.66	0.582324
4722.69	0.586956
4753.98	0.588962
4772.54	0.590322
4782.69	0.59487
4806.89	0.595414
4831.32	0.597803
4855.89	0.599239
4873.69	0.600246
4880.04	0.61149
4896.79	0.612478
4866.23	0.589081
4870.38	0.593492
4881.45	0.593225
4887.28	0.591541
4890.25	0.594877
4901.27	0.595326
4907.7	0.596579
4910.82	0.609529
4920.93	0.612765
4927.5	0.618374
4930.98	0.632533
4939.75	0.637099
4946.78	0.640668
4950.25	0.65859
4958.15	0.664238
4964.65	0.664313
4969	0.677197
4975.64	0.685124
4981.42	0.684854
4985.2	0.708799
4990.39	0.722673
4995.2	0.725016
4998.17	0.74918
5002.5	0.760478
5003.67	0.76101
3818.77	0.461293
3836.8	0.467004
3874.17	0.466383
3896.53	0.476269
3936.5	0.475602
3959.55	0.462216
3986.29	0.463215
4018.86	0.462471
4038.3	0.485409
4074.83	0.485546
4095.13	0.509372
4122.01	0.511814
4150.67	0.511109
4171.38	0.511454
4206.11	0.511064
4224.67	0.516981
4249.98	0.519791
4273.11	0.522418
4287.65	0.518951
4318.67	0.518155
4334.8	0.493736
4353.26	0.486925
4366.29	0.477683
4232.57	0.530567
4276.96	0.530887
4319.21	0.53118
4331.98	0.538399
4371.21	0.538377
4419.44	0.542702
4455.09	0.544266
4470.31	0.559506
4507.56	0.559873
4546.98	0.563981
4573.16	0.565399
4585.81	0.575797
4621.54	0.576752
4662.36	0.578819
4683.67	0.580496
4699.76	0.583775
4733.23	0.584795
4765.65	0.586862
4782.02	0.587501
4801.01	0.587228
4832.78	0.587692
4854.05	0.587745
4857.04	0.58794
4857.07	0.588178
4143.34	0.537224
4180.02	0.537816
4235.45	0.540176
4289.59	0.543424
4341.1	0.547592
4390.32	0.551725
4437.28	0.555937
4483.09	0.559182
4527.22	0.562676
4569.72	0.565889
4610.7	0.568694
4649.78	0.571425
4685.43	0.575031
4719.17	0.577822
4739.2	0.578747
4751.8	0.584398
4780	0.585098
4808.72	0.586428
4836.86	0.586742
4859.27	0.587165
4847.38	0.589037
4850.39	0.589422
4865.04	0.58948
4872.74	0.5936
4884.09	0.594663
4894.99	0.594728
4902.35	0.599687
4916.08	0.599856
4922.8	0.609538
4932.72	0.611581
4942.32	0.611305
4948.53	0.622563
4959.65	0.624617
4965.03	0.633542
4972	0.642167
4978.76	0.642839
4982.04	0.659422
4990.17	0.662605
4993.37	0.686427
4997.76	0.701387
5002.07	0.702776
5003.77	0.691733
5008.98	0.69028
5010.95	0.722359
5014.34	0.696622
5016.2	0.693369
4600.95	0.57641
4629.52	0.577461
4662.18	0.579895
4694.2	0.582842
4716.99	0.584227
4729.16	0.591417
4754.41	0.592161
4781.48	0.595195
4807.24	0.596992
4828.84	0.598052
4837.14	0.613555
4855.3	0.615116
4877.18	0.625263
4899.37	0.632562
4922.23	0.638054
4929.32	0.652612
4944.05	0.653818
4962.51	0.672084
4977.71	0.688239
4990.59	0.696792
4997.69	0.690265
5002.26	0.667245
5007.51	0.653169
3742.47	0.516366
3797.61	0.516751
3863.78	0.518025
3929.9	0.519542
3991.8	0.523136
4052.68	0.525631
4109.57	0.529649
4164.1	0.532638
4197.3	0.533679
4220.99	0.543086
4269.86	0.544176
4319.57	0.546821
4369.79	0.548277
4418.18	0.550828
4464.25	0.553504
4507.35	0.556102
4545.33	0.559151
4584	0.559631
4616.16	0.559054
4628.32	0.561529
4649.2	0.561463
3911.23	0.531344
3952.26	0.531319
4012.57	0.534413
4069.27	0.53891
4124.06	0.542607
4177.23	0.546083
4230.17	0.548577
4281.92	0.551185
4331.77	0.554036
4380.48	0.556059
4427.8	0.557868
4473.44	0.559481
4511.37	0.560157
4525.38	0.570622
4554.94	0.57067
4594.53	0.574043
4631.55	0.575917
4672.79	0.576217
4708.79	0.578491
4741.16	0.580401
4762.87	0.581261
3468.78	0.151723
3519.1	0.181515
3587.65	0.274433
3637.99	0.328349
3664.88	0.367327
3736.18	0.3794
3812.59	0.395038
3885.22	0.410126
3952.77	0.424582
3983.42	0.444263
4023.07	0.443706
4088.77	0.448201
4152.38	0.450216
4213.99	0.452261
4265.26	0.453087
4286.64	0.465064
4328.19	0.464528
4383.89	0.463314
4428.05	0.458519
4463.37	0.457931
4441.64	0.561267
4441.91	0.561696
4477.73	0.56243
4519.26	0.564364
4547.54	0.565513
4560.91	0.575387
4596.12	0.576196
4633.59	0.580318
4661.25	0.581748
4672.65	0.593439
4702.15	0.593718
4735.62	0.595513
4761.9	0.595918
4772.03	0.599745
4795.9	0.599882
4824.93	0.605159
4847.03	0.610997
4858.56	0.616755
4880.21	0.617287
4906.58	0.624896
4928.1	0.631576
4934.28	0.641967
4946.85	0.643315
4957.95	0.652038
4402.1	0.587982
4430.53	0.588059
4471.62	0.589888
4512.3	0.591676
4554.01	0.592645
4593.68	0.595047
4631.86	0.596888
4668.9	0.598224
4702.36	0.601537
4735.26	0.604584
4765.59	0.61031
4794.97	0.615022
4822.28	0.622087
4851.01	0.627167
4879.16	0.633334
4904.95	0.64258
4928.06	0.654113
4948.66	0.666634
4964.25	0.68289
4974.12	0.692516
2893.67	0.320731
2900.41	0.327033
2928.4	0.327281
3019.28	0.337552
3080.98	0.354211
3104.99	0.429566
3183.85	0.432359
3256.99	0.436511
3285.34	0.473252
3355.07	0.47306
3432.56	0.477623
3463.69	0.494312
3519.42	0.493519
3600.17	0.49892
3642.46	0.500121
3678.04	0.50363
3751.89	0.503871
3804.33	0.504317
3829.72	0.517402
3891.11	0.517045
3946.19	0.517138
3965.27	0.523345
4010.63	0.522818
4054.67	0.523508
4337.59	0.541366
4374.02	0.544168
4402	0.546668
4420.24	0.560369
4461.75	0.561533
4502.89	0.566283
4544.66	0.56894
4565.82	0.571501
4583.68	0.574142
4618.94	0.57617
4655.39	0.578828
4688.42	0.583024
4702.83	0.588206
4719.97	0.588099
4750.06	0.591032
4779.08	0.593476
4806.44	0.594645
4817.35	0.598742
4834	0.598721
4859.02	0.601842
4881.92	0.605268
4898.06	0.606375
2897.26	0.505281
2973.7	0.504531
3074.22	0.505776
3173.86	0.50577
3270.67	0.506254
3364.96	0.506731
3455.05	0.508019
3541.21	0.509414
3623.74	0.510844
3702.62	0.512421
3776.85	0.514665
3847.75	0.516335
3914.24	0.518585
3981.5	0.518819
4045.69	0.51977
4106.42	0.520554
4165.44	0.520483
4222.98	0.519917
4269.87	0.520265
4304.33	0.520766
3048.11	0.491218
3083.23	0.489839
3170.38	0.489773
3206.81	0.495371
3268.17	0.494178
3355.69	0.495264
3393.73	0.49723
3445.61	0.496048
3528.15	0.497403
3570.97	0.496788
3615.65	0.495551
3695.97	0.49607
3740.93	0.495157
3777.31	0.494531
3848.6	0.494142
3894.38	0.49349
3924.58	0.494326
3987.15	0.494181
4030.94	0.494044
4054.87	0.496756
4110.03	0.496272
4152.73	0.49575
4172.99	0.4969
4218.72	0.496846
4254.56	0.497795
4260.62	0.504484
4456.04	0.577579
4460.71	0.577283
4495.67	0.578678
4535.17	0.580297
4575.23	0.581994
4613.64	0.585031
4650.11	0.588225
4685.04	0.590849
4715.99	0.594539
4746.39	0.596533
4774.84	0.598698
4808.18	0.599143
4832.42	0.599355
4843.54	0.613986
4868.9	0.615542
4896.65	0.622008
4921.77	0.629149
4943.32	0.639748
4963.17	0.651683
4980.27	0.666468
4993.43	0.681413
4698.95	0.587609
4715.63	0.587723
4746.42	0.590169
4777.02	0.592448
4808.33	0.593587
4838.72	0.594839
4861.45	0.59532
4870.34	0.607959
4889.33	0.60971
4914.14	0.612262
4936.85	0.615642
4957.12	0.617882
4974.78	0.615511
4989.83	0.600048
5002.27	0.581496
5011.07	0.523593
5020.87	0.420035
5032.9	0.338411
5043.13	0.305866
5046.71	0.290768
4022.85	0.518182
4069.6	0.518651
4122.55	0.51933
4164.77	0.519308
4180.96	0.523701
4222.02	0.523576
4270.1	0.52702
4323.63	0.528189
4356.36	0.529001
4375.36	0.537808
4419.84	0.538992
4465.46	0.543966
4506.47	0.548084
4523.01	0.558736
4547.39	0.55865
4587.33	0.562599
4625.79	0.565471
4656.48	0.566534
4666.92	0.574317
4695.09	0.574397
4729.39	0.576787
4754.19	0.578031
4229.46	0.532119
4243.68	0.533512
4274.56	0.533092
4320	0.534216
4335.85	0.543868
4376.26	0.543779
4414.98	0.546786
4432.61	0.56052
4471.78	0.560474
4500.91	0.560619
4518.87	0.560724
4558.09	0.561185
4576.89	0.562409
4599.22	0.562021
4632.61	0.563083
4645.46	0.566064
4670.97	0.566145
4702.12	0.56867
4715.24	0.578716
4743.9	0.579259
4767.74	0.581391
4780.32	0.584827
4807.51	0.585493
4823.73	0.586749
4837.48	0.587084
4862.02	0.587978
4872.48	0.588944
4879.87	0.588899
4551.37	0.525317
4554.51	0.525432
4576.65	0.52564
4589.09	0.531848
4606.32	0.535254
4619.21	0.542337
4632.46	0.551268
4650.65	0.551296
4660.12	0.566302
4680.43	0.566575
4690.5	0.570759
4707.58	0.571881
4720.28	0.574383
4732.84	0.575847
4749.09	0.575759
4758.69	0.580825
4775.43	0.581202
4783.29	0.587948
4798.48	0.588777
4807.41	0.592515
4818.86	0.594743
4832.42	0.594625
4840.71	0.595376
4854.46	0.595252
4858.39	0.580709
4337.25	0.544874
4365	0.545584
4379.35	0.559827
4418.61	0.560352
4461.82	0.563196
4502.91	0.56619
4544.59	0.568032
4583.82	0.571803
4621.99	0.574584
4655.47	0.579242
4684.59	0.584228
4713.38	0.586543
4745.34	0.58808
4777.21	0.58944
4800.23	0.59006
4810.9	0.595573
4835.9	0.595854
4862.92	0.598181
4887.12	0.599941
4902.12	0.603028
2817.66	0.469824
2848.01	0.468126
2917.08	0.468116
2958.68	0.476943
3059.65	0.475869
3142.94	0.474589
3176.23	0.48524
3260.02	0.484046
3351.52	0.482114
3387.53	0.4801
3456.98	0.478736
3547.58	0.478013
3589.87	0.47633
3637.6	0.475041
3721.31	0.475691
3774.44	0.474811
3804.1	0.477133
3873.23	0.476891
3931.23	0.477123
3954.66	0.491813
4009.92	0.491609
4068.03	0.494314
4090.82	0.505831
4133.5	0.505092
4172.02	0.500591
3504.92	0.495266
3515.06	0.495172
3564.26	0.494351
3646.33	0.49452
3722.67	0.495002
3754.64	0.50313
3800.59	0.502317
3872.83	0.509622
3939.87	0.515685
3973.78	0.518803
4011.31	0.517936
4077.18	0.522757
4139.09	0.527531
4172.6	0.529401
4201.15	0.533601
4252.93	0.535336
4305.85	0.536723
4338.48	0.53735
4360.96	0.542161
4409.13	0.541174
4457.12	0.538097
4484.5	0.534264
4499.86	0.52787
4529.23	0.527797
3671.24	0.521534
3736.21	0.522465
3806.07	0.523609
3874.6	0.52516
3940.33	0.52735
4003.87	0.529248
4062.57	0.532809
4118.86	0.535234
4173.83	0.536752
4223.2	0.540447
4266.47	0.541342
4287	0.552217
4326.22	0.552132
4376.2	0.555986
4424.44	0.557055
4470.86	0.557903
4515.73	0.558338
4555.69	0.559151
4594.55	0.559583
4627.65	0.559993
