2813.16	0.314906
2823.16	0.336648
2843.78	0.342246
2874.58	0.344481
2914.17	0.345786
2960.68	0.346611
3012.28	0.347136
3067.38	0.347471
3124.73	0.347688
3183.37	0.347836
3242.56	0.347952
3301.72	0.34806
3360.35	0.348181
3417.93	0.348331
3473.73	0.348525
3526.78	0.348314
3577.93	0.348721
3627.34	0.349189
3674.72	0.349707
3719.65	0.350126
3762.01	0.350538
3802.11	0.351172
3840.26	0.351834
3876.71	0.352453
3911.6	0.352994
3944.95	0.353427
3976.28	0.35374
4002.93	0.351174
4028.75	0.35138
4053.23	0.351502
4076.35	0.351378
4098.07	0.350971
4118.3	0.350244
4137.19	0.349161
4154.94	0.347687
4171.89	0.345808
4188.42	0.343547
4204.22	0.340878
4219.16	0.337838
4233.23	0.33449
4246.43	0.330915
4258.78	0.327197
4270.28	0.323397
4280.93	0.319528
4290.65	0.315539
4299.31	0.311319
4306.74	0.306664
4312.74	0.301104
4316.82	0.294377
4318.84	0.289193
2801.42	0.321942
2811.5	0.347401
2832.61	0.358051
2864.72	0.365084
2906.07	0.370562
2954.3	0.374754
3007.35	0.377865
3063.6	0.380076
3121.81	0.381585
3181.07	0.382574
3240.74	0.383194
3300.3	0.383555
3359.38	0.383715
3417.6	0.383666
3474.25	0.383313
3526.44	0.380112
3577.38	0.380085
3627.02	0.380331
3674.72	0.380549
3719.75	0.380207
3761.78	0.379732
3801.54	0.380339
3839.44	0.381376
3875.71	0.38273
3910.56	0.38433
3944.37	0.386034
3978.33	0.387267
4001.16	0.375476
4027.49	0.372823
4052	0.373613
4075.16	0.374339
4096.95	0.374738
4117.03	0.374638
4135.7	0.374157
4153.12	0.373195
4169.67	0.371749
4186.49	0.369878
4202.4	0.366355
4217.34	0.361366
4231.37	0.355198
4244.52	0.348195
4256.82	0.34072
4268.3	0.333336
4278.97	0.326621
4288.75	0.320828
4297.52	0.315814
4305.08	0.311192
4311.2	0.306451
4315.52	0.300929
4317.69	0.295909
2778.1	0.328933
2787.9	0.359876
2809.58	0.376935
2844.71	0.389797
2890.09	0.400547
2942	0.410415
2998.05	0.418031
3056.57	0.423704
3116.44	0.427798
3176.91	0.430681
3237.45	0.432674
3297.72	0.434016
3357.54	0.43484
3417.03	0.435089
3477.27	0.434237
3525.41	0.420684
3576.13	0.420437
3626.58	0.420475
3675.29	0.419887
3720.67	0.417371
3761.64	0.413773
3800.62	0.413477
3838	0.414099
3873.87	0.415313
3908.28	0.416991
3941.32	0.419156
3973.05	0.422177
4001.86	0.428362
4025.62	0.418402
4049.74	0.414438
4072.95	0.416459
4095.18	0.418332
4114.84	0.417437
4133.15	0.418351
4149.91	0.419558
4164.95	0.42192
4183.24	0.427114
4199.31	0.426878
4214.19	0.422785
4228.07	0.414269
4241.06	0.400304
4253.21	0.38257
4264.56	0.364085
4275.18	0.347331
4285.05	0.333954
4294.01	0.324335
4301.86	0.31785
4308.36	0.313161
4312.98	0.30896
4315.39	0.305013
2743.58	0.3345
2751.56	0.372556
2772.29	0.397049
2813.58	0.416403
2866.17	0.431735
2924.29	0.442926
2985.04	0.450615
3046.96	0.455596
3109.24	0.458625
3171.39	0.460308
3233.11	0.461088
3294.2	0.461268
3354.57	0.461053
3414.22	0.460595
3473.24	0.460087
3520.18	0.45862
3573.47	0.457855
3626.17	0.458126
3677.44	0.456873
3724.23	0.452704
3761.61	0.450536
3799.38	0.449385
3836.1	0.449292
3871.48	0.449943
3905.35	0.451335
3937.54	0.453758
3968.62	0.457776
3997.55	0.463735
4022.83	0.471782
4048.01	0.476092
4070.49	0.478015
4095.52	0.483642
4113.01	0.473179
4131.36	0.475653
4148.38	0.481175
4164.47	0.485385
4180.74	0.483798
4196.16	0.485855
4210.98	0.487937
4224.76	0.487659
4237.46	0.483171
4249.07	0.471232
4259.84	0.448176
4270.03	0.411744
4279.81	0.371973
4288.93	0.344037
4297.12	0.328609
4304.42	0.321664
4309.56	0.317214
4312.21	0.313774
2699.77	0.334451
2701.64	0.380666
2712.9	0.421131
2769.93	0.443314
2835.81	0.458646
2902.99	0.468532
2969.83	0.474594
3035.89	0.478178
3101	0.480229
3165.08	0.48136
3228.1	0.481952
3290.05	0.482246
3350.88	0.482404
3410.53	0.482569
3468.87	0.482923
3525.5	0.483784
3569.84	0.482409
3625.59	0.48297
3682.45	0.482327
3724.62	0.489655
3761.07	0.484222
3798.18	0.483826
3834.58	0.484098
3869.74	0.484713
3903.32	0.485694
3933.77	0.487169
3965.63	0.489872
3994.58	0.494108
4021.17	0.498684
4046.48	0.501805
4070.79	0.504722
4090.55	0.503296
4111.74	0.507614
4129.12	0.508311
4146.11	0.51175
4162.27	0.513685
4177.65	0.513924
4192.28	0.515946
4207.68	0.521241
4221.65	0.526465
4234.45	0.531942
4245.78	0.537153
4256.1	0.539776
4265.35	0.53004
4274.03	0.485983
4282.68	0.399071
4290.69	0.348061
4299.82	0.333785
4305.7	0.326936
4308.65	0.322928
2652.77	0.332109
2641.32	0.372729
2606.26	0.435175
2716.33	0.467073
2803.07	0.478069
2880.91	0.483637
2954.24	0.486177
3024.58	0.487143
3092.52	0.487355
3158.49	0.487257
3222.79	0.487072
3285.57	0.486912
3346.87	0.486837
3406.61	0.486887
3464.6	0.487102
3520.38	0.487535
3572.84	0.488266
3622.17	0.488923
3672.27	0.489957
3717.03	0.492566
3757.61	0.49469
3796.23	0.497729
3833.2	0.500794
3868.55	0.503902
3902.45	0.507086
3935.53	0.510114
3963.76	0.509445
3992.18	0.512453
4018.99	0.515582
4044.18	0.518384
4067.85	0.521175
4090	0.524475
4108.56	0.524528
4126.38	0.526748
4143.49	0.530498
4159.56	0.534595
4177.06	0.539372
4189.34	0.541998
4204.2	0.547203
4218.2	0.552573
4231.53	0.558698
4242.43	0.567047
4253.04	0.579459
4262.18	0.592335
4270.44	0.5968
4277.65	0.569608
4286.93	0.420165
4295.91	0.352967
4302	0.338201
4305.12	0.332285
2616.1	0.328642
2603.68	0.360729
2575.17	0.454107
2684.2	0.484453
2777.77	0.487507
2861.98	0.488019
2940.27	0.487316
3014.24	0.486206
3084.54	0.485108
3152.06	0.484187
3217.42	0.483484
3280.94	0.483001
3342.72	0.482733
3402.71	0.482676
3460.79	0.48283
3516.75	0.4832
3570.55	0.483809
3616.13	0.484328
3665.59	0.484756
3711.76	0.485793
3754.28	0.48727
3794.1	0.489406
3831.62	0.492023
3867.03	0.494999
3900.59	0.498182
3932.53	0.501415
3962.21	0.504536
3990.73	0.508444
4017.69	0.512446
4042.57	0.516558
4065.73	0.520618
4087.29	0.524598
4106.88	0.528652
4124.87	0.53329
4139.96	0.537373
4159.24	0.542411
4173.5	0.545215
4187.33	0.549364
4200.43	0.555075
4213.89	0.560718
4228.78	0.569293
4241.19	0.580171
4251.47	0.595059
4260.08	0.618698
4267.91	0.647333
4275.2	0.64435
4283.91	0.478505
4292.61	0.370323
4298.61	0.3478
4301.91	0.340057
2590.82	0.322382
2581.32	0.346688
2562.2	0.46716
2665.7	0.492116
2760.17	0.491167
2847.36	0.489743
2929.03	0.488282
3005.96	0.487
3077.71	0.486002
3146.1	0.485317
3212.15	0.484882
3276.25	0.484662
3338.5	0.484643
3398.84	0.484828
3457.14	0.485227
3513.32	0.485857
3567.47	0.486721
3620.16	0.487785
3660.14	0.486343
3708.04	0.487027
3751.55	0.488964
3792.16	0.491305
3830.05	0.493965
3865.26	0.496958
3898.28	0.500266
3929.71	0.503807
3959.76	0.507524
3988.81	0.511286
4016.47	0.515021
4040.75	0.518966
4063.32	0.523282
4084.69	0.527688
4105	0.532252
4122.42	0.534885
4139.69	0.538241
4155.88	0.538941
4171.24	0.539206
4186.51	0.541736
4199.93	0.547127
4214.73	0.554495
4228.55	0.564586
4240.47	0.578286
4250.75	0.597496
4257.89	0.626638
4266.63	0.646107
4274.16	0.581431
4282.2	0.454386
4289.93	0.375266
4295.34	0.353392
4299.24	0.345181
2574.06	0.307051
2567.68	0.328688
2555.26	0.479127
2654.47	0.499825
2748.08	0.498368
2836.55	0.497122
2920.85	0.496105
3001.2	0.495197
3072.58	0.493683
3140.8	0.493302
3207.1	0.493202
3271.65	0.493289
3334.38	0.493533
3395.13	0.49393
3453.71	0.494494
3509.97	0.495254
3563.89	0.496248
3615.36	0.497543
3663.51	0.49941
3706.67	0.498274
3749.69	0.500071
3790.88	0.502182
3829.14	0.504438
3863.66	0.50681
3895.53	0.510045
3926.25	0.513879
3956.33	0.518055
3986.29	0.522261
4016.65	0.526008
4038.74	0.524738
4060.22	0.527548
4081.33	0.529061
4100.2	0.529844
4120.67	0.531027
4138.53	0.533611
4155	0.535865
4170.96	0.538409
4185.56	0.542813
4200.31	0.550223
4214.52	0.559668
4228.19	0.571259
4239.31	0.582242
4249.19	0.601176
4258.34	0.633575
4266.17	0.667934
4272.84	0.666271
4280.56	0.516951
4288.66	0.390655
4294.47	0.359388
4297.71	0.348581
2562.47	0.274844
2559.06	0.303949
2551.03	0.4988
2647.09	0.516842
2739.38	0.515746
2828.16	0.515083
2914.87	0.51464
3003.74	0.513849
3069	0.50715
3135.79	0.505916
3202.12	0.505481
3267.14	0.505239
3330.47	0.505055
3391.79	0.504922
3450.79	0.50486
3507.12	0.50492
3560.87	0.505173
3612.02	0.505677
3660.29	0.506496
3703.56	0.507573
3747.77	0.509224
3790.63	0.510811
3830.1	0.512654
3862.82	0.512237
3892.08	0.513372
3921.58	0.51605
3951.16	0.516097
3981.54	0.517995
4009.66	0.519623
4033.88	0.519179
4055.61	0.519745
4078.54	0.522094
4099.33	0.525297
4119.5	0.528982
4135.24	0.531573
4153.86	0.535309
4170.41	0.540672
4186.12	0.547643
4199.28	0.554002
4212.91	0.560031
4225.91	0.568718
4238.46	0.580779
4249.13	0.601198
4258.24	0.633836
4265.79	0.668522
4272.22	0.669606
4279.69	0.524662
4287.74	0.394102
4293.57	0.361075
4296.63	0.349588
2555.51	0.248339
2553.26	0.277743
2548.37	0.503623
2641.9	0.518239
2732.56	0.515927
2820.19	0.513643
2904.97	0.511401
2986.51	0.509103
3059.38	0.50631
3129.19	0.505034
3197.11	0.504048
3263.29	0.503245
3327.7	0.50263
3390.16	0.502236
3450.11	0.502108
3506.42	0.502407
3560.05	0.502936
3611.4	0.503702
3660.67	0.504719
3708.95	0.505932
3746.05	0.506921
3793.97	0.508887
3827.68	0.505596
3860.05	0.507223
3890.86	0.508963
3919.7	0.511244
3951.71	0.513876
3978.61	0.514156
4004.23	0.515216
4029.8	0.516769
4052.79	0.51913
4075.98	0.522086
4097.21	0.526032
4114.94	0.529539
4134.18	0.53361
4152.89	0.538613
4168.79	0.543328
4184.26	0.549683
4198.64	0.555702
4210.45	0.560021
4225.01	0.568242
4237.41	0.581919
4248.53	0.602047
4257.8	0.633639
4265.31	0.667315
4271.67	0.665246
4279.1	0.518602
4287.06	0.391997
4292.82	0.360459
4295.81	0.349157
2551.47	0.239152
2549.9	0.269263
2546.48	0.504126
2638.05	0.515117
2727.13	0.51258
2813.4	0.510073
2896.63	0.50768
2976.29	0.505402
3051.22	0.503255
3122.88	0.501563
3192.15	0.50015
3259.49	0.498985
3325.14	0.498068
3389.23	0.497415
3451.27	0.497088
3506.57	0.495618
3559.67	0.496091
3610.98	0.496863
3660.15	0.497872
3706.46	0.499088
3749.78	0.500395
3788.17	0.499881
3824.93	0.500958
3857.67	0.503656
3889.18	0.50674
3919.02	0.508572
3947.21	0.510272
3975.9	0.513044
4002.34	0.516568
4027.45	0.520409
4051.99	0.524473
4073.5	0.526885
4093.33	0.530039
4112.96	0.532622
4131.78	0.534886
4150.36	0.537636
4167.31	0.538238
4183.48	0.541374
4198.22	0.548966
4211.61	0.559057
4224.24	0.570529
4235.55	0.58377
4247.68	0.602948
4257.25	0.633256
4264.8	0.665768
4271.16	0.65953
4278.62	0.510135
4286.53	0.388438
4292.22	0.358974
4295.16	0.348202
2548.95	0.240144
2547.76	0.272195
2545.09	0.514311
2635.14	0.52295
2722.9	0.520654
2808	0.518599
2890.17	0.516875
2969.14	0.515529
3044.66	0.514589
3117.23	0.51393
3187.39	0.513444
3255.57	0.513084
3322.25	0.512807
3388.43	0.512505
3457.23	0.51183
3507.01	0.507445
3559.12	0.507086
3610.74	0.507051
3660.47	0.507055
3704.97	0.506543
3746.2	0.507382
3784.31	0.509121
3824.19	0.510986
3854.57	0.507953
3885.58	0.50853
3916.36	0.510689
3945.33	0.513257
3973.5	0.516081
3999.88	0.519342
4023.79	0.521994
4048.68	0.524128
4071.14	0.526335
4089.67	0.527988
4111.02	0.531651
4130.51	0.533635
4147.14	0.534879
4165.45	0.538438
4182.12	0.542873
4197.14	0.548754
4210.87	0.55703
4223.5	0.569107
4235.41	0.583484
4247.31	0.602204
4256.84	0.632111
4264.35	0.663956
4270.71	0.653771
4278.21	0.501937
4286.09	0.384969
4291.72	0.357392
4294.62	0.347198
2547.34	0.24558
2546.38	0.281096
2544.13	0.522638
2633.1	0.529323
2719.84	0.526859
2803.99	0.524571
2885.38	0.522516
2963.89	0.52069
3039.5	0.51907
3112.44	0.51761
3183.02	0.516288
3251.51	0.515102
3318.18	0.51406
3383.22	0.513175
3446.21	0.512473
3502.6	0.51214
3557.31	0.512494
3611.57	0.512842
3667.14	0.513093
3706.92	0.510088
3745.6	0.51037
3785.84	0.511112
3817.98	0.512676
3854.02	0.515617
3884.6	0.51533
3914.55	0.516229
3942.85	0.517478
3971.86	0.519202
3998.48	0.520997
4024.61	0.523401
4047.02	0.525025
4066.35	0.526731
4085.33	0.527166
4106.69	0.526715
4127.39	0.528056
4145.45	0.530406
4164.67	0.534063
4181.57	0.539692
4196.57	0.547324
4209.75	0.557524
4221.47	0.569231
4235.59	0.581849
4247.23	0.600003
4256.59	0.6302
4263.99	0.661941
4270.31	0.648605
4277.85	0.494969
4285.69	0.382051
4291.27	0.355998
4294.14	0.346313
2546.39	0.250962
2545.55	0.28765
2543.58	0.520836
2631.92	0.526166
2717.93	0.523718
2801.3	0.521357
2882	0.519135
2960.04	0.517062
3035.49	0.51515
3108.47	0.513416
3179.14	0.511874
3247.63	0.510534
3314.04	0.509395
3378.31	0.508444
3440.02	0.507657
3498.17	0.50702
3554.17	0.506785
3609.24	0.506834
3665.52	0.507039
3704.14	0.502841
3741.23	0.503632
3781.52	0.505186
3822.57	0.506781
3850.81	0.50428
3881.26	0.503765
3913.54	0.506162
3944.79	0.509627
3972.11	0.510972
3998.06	0.514975
4023.33	0.518463
4043.02	0.519146
4063.84	0.519639
4085.61	0.521839
4106.09	0.5251
4124.98	0.528906
4146.17	0.533243
4164.25	0.534832
4180.99	0.539852
4195.84	0.546411
4208.12	0.555937
4223.03	0.566358
4236.18	0.579502
4247.35	0.597309
4256.44	0.627921
4263.68	0.659895
4269.94	0.644216
4277.49	0.489315
4285.31	0.379695
4290.85	0.354833
4293.7	0.345571
2545.96	0.254975
2545.21	0.291369
2543.44	0.508615
2631.69	0.513076
2717.23	0.511066
2799.81	0.509094
2879.77	0.507086
2957.26	0.505158
3032.4	0.503341
3105.21	0.501674
3175.79	0.500183
3244.16	0.498884
3310.31	0.497772
3374.21	0.496826
3435.6	0.496029
3494.08	0.495407
3550.11	0.495099
3603.75	0.495024
3654.73	0.494848
3701.35	0.493515
3731.78	0.492122
3774.49	0.491944
3812.87	0.492442
3844.84	0.492016
3879.16	0.493727
3911.54	0.497204
3943.29	0.5008
3973.64	0.504537
3997.23	0.505735
4019.19	0.508861
4042.53	0.509331
4064.61	0.513403
4086.18	0.517217
4106.9	0.520649
4126.83	0.523928
4146.68	0.527275
4165.08	0.531321
4181.62	0.53675
4196.82	0.543796
4210.7	0.552881
4224.34	0.563662
4236.73	0.577232
4247.46	0.594818
4256.28	0.625692
4263.35	0.65799
4269.56	0.640418
4277.12	0.484596
4284.92	0.377744
4290.43	0.353846
4293.26	0.34494
2545.96	0.259693
2545.32	0.295563
2543.74	0.496535
2632.73	0.500025
2718	0.498185
2799.43	0.496586
2878.45	0.495004
2955.25	0.493435
3029.98	0.491958
3102.52	0.490622
3172.92	0.489455
3241.14	0.48848
3307	0.487709
3370.75	0.487128
3432.19	0.486763
3490.52	0.486686
3546.46	0.486896
3598.93	0.487428
3646.28	0.487477
3691.25	0.487644
3731.19	0.488358
3769.7	0.487637
3807.48	0.489367
3842.74	0.491105
3876.87	0.493424
3908.06	0.496336
3941.08	0.499913
3972.46	0.503702
3996.34	0.504227
4017.39	0.506255
4041.3	0.510387
4063.98	0.514442
4085.74	0.517951
4106.66	0.521034
4126.89	0.523968
4146.74	0.527106
4165.88	0.530892
4181.65	0.535612
4197.16	0.542399
4211.55	0.551
4224.91	0.561724
4236.93	0.575417
4247.37	0.592855
4255.99	0.623826
4262.94	0.656357
4269.1	0.636866
4276.7	0.480232
4284.49	0.376
4289.99	0.352959
4292.81	0.344376
2546.29	0.267973
2545.83	0.30834
2544.62	0.49385
2636	0.495796
2721.11	0.492916
2799.94	0.490371
2877.78	0.488918
2953.68	0.487576
3028.09	0.486349
3100.23	0.485283
3170.47	0.484397
3238.67	0.483704
3303.92	0.483244
3367.69	0.48298
3429.96	0.482912
3487.38	0.481674
3544.31	0.481429
3592.53	0.480996
3641.35	0.481644
3686	0.482933
3727.17	0.484727
3766.06	0.487104
3804.1	0.490002
3840.22	0.493235
3874.81	0.496753
3908.35	0.500399
3938.43	0.501704
3968.73	0.504591
3990.9	0.505885
4014.57	0.508698
4039.4	0.512252
4062.38	0.515985
4084.31	0.519243
4105.28	0.52216
4125.49	0.525046
4145.65	0.528206
4165.93	0.53192
4180.02	0.535471
4196.65	0.541587
4211.44	0.549839
4224.82	0.560456
4236.7	0.574176
4247	0.591535
4255.5	0.622516
4262.38	0.655077
4268.55	0.633163
4276.2	0.47573
4284.02	0.374303
4289.51	0.352112
4292.34	0.343844
2546.71	0.278986
2546.47	0.336975
2546.04	0.503818
2644.02	0.504111
2729.01	0.500527
2799.96	0.496426
2877.47	0.494449
2952	0.492968
3026.79	0.491868
3098.1	0.490885
3168.26	0.490229
3237.32	0.48975
3300.45	0.488482
3364.18	0.488312
3422.5	0.488238
3485.27	0.489004
3548.3	0.489419
3592.56	0.482838
3638.55	0.483311
3682.2	0.484234
3723.41	0.485582
3761.24	0.487202
3800.63	0.489722
3837.2	0.492623
3871.77	0.495745
3904.43	0.499025
3934.58	0.502473
3963.23	0.506313
3988.87	0.510187
4015.05	0.514092
4037.43	0.515234
4060	0.518104
4082.01	0.520394
4102.85	0.522549
4122.3	0.525057
4142.58	0.528058
4162.72	0.531641
4180.87	0.536486
4196.03	0.54097
4210.77	0.549216
4224.21	0.559782
4236.08	0.573497
4246.31	0.590852
4254.75	0.621914
4261.63	0.654227
4267.86	0.62902
4275.63	0.470779
4283.49	0.37258
4289	0.351274
4291.83	0.343328
2546.92	0.277899
2546.6	0.321857
2545.55	0.505721
2638.95	0.507071
2724.7	0.504623
2805.75	0.502648
2878.67	0.499708
2948.54	0.497483
3027.36	0.49512
3095.48	0.492895
3165.44	0.491721
3229.17	0.490488
3296.99	0.489614
3360.71	0.489119
3421.18	0.488915
3480.91	0.488899
3538.27	0.489049
3589.03	0.489513
3637.35	0.491016
3680.01	0.491708
3720.52	0.494075
3761.08	0.496749
3797.92	0.496546
3834.12	0.498761
3868.63	0.50108
3901	0.503483
3930.22	0.506139
3954.85	0.508606
3984.4	0.510622
4010.97	0.512834
4035.12	0.514978
4056.83	0.517497
4079.78	0.51967
4100.68	0.522273
4120.25	0.525033
4137.78	0.527874
4159.58	0.53099
4178.48	0.535357
4194.26	0.541746
4209.44	0.549172
4223.15	0.559581
4235.09	0.573319
4245.29	0.590846
4253.71	0.622278
4260.68	0.653919
4267.05	0.624364
4274.98	0.465446
4282.91	0.370868
4288.45	0.350468
4291.29	0.342844
2546.97	0.285811
2546.73	0.338549
2545.86	0.515753
2640.03	0.516579
2723.66	0.514005
2805.46	0.51186
2878.67	0.510555
2955.45	0.508964
3021.2	0.507521
3091.41	0.507162
3163.26	0.506604
3230.17	0.505819
3295.79	0.504801
3358.64	0.504244
3418.7	0.504153
3476.99	0.504402
3532.88	0.505288
3586	0.50695
3639.91	0.508069
3678.05	0.505121
3715.67	0.506543
3756.8	0.509098
3794.97	0.511922
3831.77	0.51481
3866.91	0.517496
3900.71	0.518928
3927.19	0.517372
3954.82	0.519545
3982.52	0.521041
4008.77	0.523192
4033.5	0.525415
4057.24	0.527327
4077.74	0.527576
4098.02	0.529149
4116.22	0.53132
4138.01	0.532507
4157.41	0.534415
4177.28	0.538252
4195.08	0.544465
4207.57	0.550321
4221.86	0.55993
4233.84	0.573742
4243.95	0.591787
4252.27	0.624336
4259.53	0.654346
4266.15	0.61963
4274.28	0.460356
4282.29	0.369354
4287.87	0.34978
4290.72	0.342444
2546.73	0.29812
2546.7	0.377243
2547.17	0.516932
2650.23	0.51612
2723.11	0.514666
2795.93	0.513048
2876	0.511528
2952.61	0.509819
3025.39	0.508336
3099.62	0.50716
3164.48	0.506455
3230.9	0.506273
3295.77	0.50627
3357.72	0.505883
3416.32	0.505679
3473.76	0.505595
3528.53	0.505715
3580.45	0.506057
3630.04	0.506524
3673.93	0.507165
3716.32	0.508828
3753.72	0.507958
3791.68	0.508741
3826.83	0.509225
3862.34	0.510063
3895.31	0.510969
3925.13	0.511923
3952.72	0.514388
3981.11	0.517002
4007.23	0.519946
4031.82	0.522729
4054.88	0.52535
4076.13	0.527957
4097.39	0.530825
4117.53	0.534221
4138.23	0.538137
4158.63	0.54301
4176.17	0.544566
4193.1	0.550461
4208.23	0.558319
4220.84	0.566402
4232.42	0.578819
4242.26	0.596445
4250.04	0.628492
4258.33	0.655272
4265.27	0.616196
4273.58	0.456888
4281.67	0.368366
4287.28	0.349346
4290.16	0.342205
2545.99	0.284886
2545.7	0.339393
2544.75	0.508467
2636.48	0.509475
2718.16	0.506121
2796.66	0.503778
2875.32	0.502181
2952.12	0.500624
3026.61	0.499288
3099.41	0.498269
3168.19	0.497504
3234.78	0.497185
3297.02	0.496921
3358.5	0.497003
3413.44	0.49752
3471.46	0.498143
3525.28	0.498394
3575.46	0.498196
3624.08	0.497888
3669.55	0.497067
3710.95	0.496497
3750.86	0.497098
3788.76	0.498889
3824.87	0.500948
3859.83	0.503493
3892.93	0.506187
3923.69	0.509233
3953.9	0.512479
3980.11	0.513833
4005.39	0.516064
4029.9	0.518029
4052.56	0.519797
4072.75	0.521736
4096.1	0.523033
4116.5	0.525283
4136.91	0.52809
4156.99	0.531385
4175.22	0.535467
4192.2	0.541468
4207.31	0.549434
4219.9	0.560506
4231.81	0.573313
4242.09	0.59087
4250.52	0.623275
4257.87	0.653271
4264.62	0.615768
4272.94	0.456249
4281.06	0.368011
4286.71	0.349151
4289.6	0.342095
2545.14	0.271048
2544.64	0.308222
2543.23	0.501785
2631.32	0.504255
2714.99	0.501803
2795.77	0.49972
2874.95	0.497962
2952.36	0.496401
3027.88	0.495015
3101.54	0.493773
3172.39	0.492653
3237.71	0.491569
3300.29	0.491253
3362.13	0.491211
3418.21	0.489015
3471.56	0.487683
3521.39	0.486501
3573.39	0.485118
3621.1	0.486014
3666.22	0.487101
3707.97	0.488597
3748.04	0.490593
3785.65	0.492999
3822.1	0.495585
3857.21	0.49839
3890.94	0.501342
3920.89	0.502292
3950.77	0.504171
3978.35	0.505617
4005.29	0.507837
4030.41	0.511496
4053.77	0.515014
4075.65	0.518281
4097.32	0.521183
4117.31	0.524209
4133.98	0.52782
4155.24	0.531588
4173.54	0.536551
4191.13	0.542829
4206.87	0.550993
4221.02	0.56145
4230.79	0.57243
4241.62	0.588641
4250.25	0.619583
4257.37	0.651178
4264.01	0.614532
4272.35	0.4546
4280.5	0.366978
4286.17	0.348467
4289.07	0.341601
2544.45	0.265091
2543.86	0.300374
2542.42	0.50562
2629.15	0.508486
2713.26	0.506323
2794.99	0.504298
2874.81	0.502403
2952.86	0.500637
3029.35	0.499005
3104.76	0.497513
3180.38	0.496135
3241.65	0.492247
3302.52	0.490914
3360.93	0.489446
3419.58	0.488133
3474.17	0.487748
3527.48	0.487993
3573.59	0.486875
3618.71	0.487153
3664.25	0.487056
3704.65	0.488804
3745.67	0.491184
3781.69	0.491577
3818.65	0.493426
3853.97	0.494919
3885.46	0.496292
3918.45	0.49849
3949.01	0.50162
3977.71	0.505002
4005.05	0.508474
4030.77	0.511888
4054.57	0.515167
4076.92	0.518408
4098.37	0.521582
4117.78	0.523343
4136.31	0.526299
4154.55	0.529937
4170.64	0.535146
4189.94	0.540936
4206.03	0.548538
4219.92	0.558662
4231.66	0.571905
4241.18	0.585899
4249.63	0.616522
4256.67	0.648603
4263.38	0.607413
4271.84	0.446491
4279.96	0.363214
4285.66	0.346134
4288.58	0.339906
2544.01	0.264412
2543.43	0.301663
2542.03	0.51344
2628.26	0.51625
2712.49	0.513952
2794.66	0.511771
2874.91	0.50971
2953.36	0.507785
3030.23	0.506027
3106.04	0.504441
3182.2	0.503009
3243.66	0.50117
3305.34	0.500602
3365.45	0.500034
3423.16	0.499477
3476.19	0.498975
3527.11	0.499207
3575.25	0.499911
3623.54	0.500776
3665.43	0.501257
3698.72	0.49765
3739.36	0.497784
3778.71	0.499309
3815.78	0.500876
3850.95	0.502623
3884.17	0.50467
3916.38	0.506517
3947.11	0.508724
3976.44	0.510994
4004.49	0.513169
4031.13	0.515229
4054.99	0.515495
4077.24	0.517041
4097.41	0.518909
4118.2	0.52092
4137.44	0.523768
4155.73	0.527159
4172.93	0.531508
4190	0.536869
4205.42	0.544373
4218.98	0.55425
4230.55	0.567363
4239.87	0.584808
4248.54	0.612655
4255.74	0.641607
4262.8	0.584317
4271.42	0.424885
4279.37	0.354981
4285.17	0.341162
4288.15	0.336265
2543.81	0.265224
2543.26	0.304011
2541.92	0.514349
2628.06	0.517173
2712.41	0.51501
2794.84	0.512982
2875.33	0.511127
2953.9	0.509451
3030.57	0.507955
3105.27	0.506632
3177.42	0.505492
3243.89	0.504758
3308.11	0.504229
3370.68	0.504026
3429.76	0.504397
3478.63	0.503136
3527.8	0.504081
3575.02	0.504983
3617.72	0.505915
3661.17	0.507834
3700.01	0.509904
3739.13	0.511334
3777.34	0.512817
3814	0.514782
3849.05	0.517026
3882.54	0.519448
3914.67	0.521857
3945.47	0.524421
3975.26	0.527015
4004.33	0.529375
4033.95	0.531061
4055.98	0.528024
4077.4	0.529302
4098.06	0.53125
4118.27	0.533324
4137.64	0.535686
4156.05	0.538481
4173.38	0.542053
4189.69	0.546396
4204.63	0.551838
4217.98	0.558766
4229.68	0.567049
4239.96	0.574888
4247.24	0.575772
4255.05	0.550769
4262.86	0.464548
4271.13	0.375447
4278.3	0.343601
4284.7	0.334473
4287.78	0.331104
2543.81	0.266062
2543.28	0.305139
2541.98	0.510939
2628.27	0.513606
2712.83	0.51141
2795.48	0.509313
2876.14	0.507357
2954.77	0.505558
3031.25	0.50393
3105.37	0.50249
3176.68	0.501275
3244.69	0.500284
3310.85	0.49955
3377.66	0.499021
3428.71	0.4953
3482.01	0.495126
3529.64	0.494165
3575.31	0.495071
3618.27	0.496371
3659.85	0.498026
3699.38	0.499504
3738.15	0.501193
3775.86	0.502829
3812.14	0.504406
3847.07	0.505934
3880.59	0.507464
3912.66	0.509046
3943.21	0.510634
3973.17	0.512023
4001.97	0.513375
4029.69	0.514414
4054.81	0.514111
4076.88	0.516197
4097.74	0.518699
4117.95	0.521224
4137.65	0.523887
4156.36	0.527304
4173.72	0.531768
4189.86	0.53761
4204.65	0.545306
4217.91	0.555378
4229.57	0.568436
4239.61	0.584514
4247.88	0.608175
4254.52	0.621969
4262.13	0.526858
4271.27	0.382351
4279.02	0.3392
4284.65	0.330387
4287.52	0.327517
2543.98	0.266901
2543.45	0.306637
2542.13	0.518932
2628.78	0.521612
2713.66	0.519331
2796.55	0.51718
2877.38	0.515196
2956.11	0.51339
3032.6	0.511769
3106.53	0.510347
3177.46	0.509143
3245.56	0.508161
3311.06	0.507399
3373.08	0.506875
3430.01	0.507229
3489.23	0.507124
3531.59	0.502435
3576.47	0.502714
3618.33	0.502764
3658.73	0.503284
3697.66	0.504101
3736.35	0.505019
3773.92	0.506018
3809.74	0.507148
3844.58	0.508429
3878.19	0.509834
3910.24	0.511397
3939.58	0.513251
3970.29	0.515216
3998.72	0.51769
4026.08	0.520337
4054.75	0.522881
4075.65	0.520825
4096.2	0.522176
4116.25	0.523946
4136.73	0.525752
4156.12	0.528064
4173.31	0.531408
4189.41	0.534643
4204.2	0.541866
4217.48	0.551429
4229.13	0.56392
4239.11	0.579984
4247.31	0.605137
4254.01	0.611177
4261.9	0.522183
4271.26	0.378993
4279.04	0.337924
4284.41	0.328997
4287.14	0.325973
2544.34	0.267129
2543.8	0.305953
2542.46	0.518529
2629.71	0.521187
2715.04	0.518854
2798.21	0.516649
2879.2	0.514611
2958.12	0.512746
3034.91	0.511058
3109.08	0.509553
3179.42	0.508246
3247.37	0.507181
3313.06	0.506317
3371.91	0.5056
3427.34	0.505502
3481	0.505538
3529.88	0.505646
3580.56	0.506307
3618.99	0.504937
3658.04	0.505785
3694.52	0.507093
3734.41	0.509065
3772.85	0.510753
3807.07	0.510486
3842.14	0.5121
3876.33	0.513693
3908.97	0.515349
3940.49	0.517052
3967.85	0.516815
3994.75	0.518426
4019.33	0.520216
4048.03	0.521381
4072.03	0.522599
4093.5	0.524914
4112.05	0.527874
4135.55	0.531102
4156.1	0.534327
4175.16	0.537925
4188.26	0.540782
4203.27	0.546489
4216.65	0.553281
4228.35	0.560861
4238.39	0.56633
4246.99	0.555291
4255.15	0.493262
4262.44	0.403157
4271.34	0.349319
4278.68	0.332877
4283.85	0.327716
4286.47	0.325451
2544.88	0.267369
2544.33	0.305056
2542.96	0.518516
2631.14	0.521197
2717.12	0.518912
2800.53	0.516816
2881.56	0.51491
2960.64	0.513167
3038.19	0.511587
3113.81	0.510248
3182.08	0.509663
3249.73	0.508899
3320.21	0.507965
3372.5	0.50363
3424.76	0.502851
3475.85	0.502475
3524.68	0.502108
3572	0.501883
3615.21	0.501464
3656.57	0.501909
3697.07	0.502734
3732.2	0.502063
3766.32	0.501928
3805.09	0.500689
3839.63	0.501519
3875.13	0.503045
3907.84	0.505397
3938.49	0.507989
3967.2	0.510429
3994.5	0.513354
4020.54	0.516196
4046.57	0.518672
4070.79	0.520832
4093.17	0.523071
4114.2	0.525523
4135.52	0.528186
4155.78	0.531467
4172.25	0.534829
4188.13	0.540245
4203.16	0.547533
4216.8	0.557587
4228.73	0.570881
4238.93	0.587732
4247.37	0.616878
4254.62	0.622461
4262.75	0.496233
4271.18	0.376779
4279.03	0.338076
4284.46	0.329413
4287.2	0.326446
2545.63	0.268552
2545.1	0.305807
2543.73	0.514441
2633.39	0.516956
2720.33	0.514571
2803.74	0.512323
2884.32	0.510271
2963.13	0.508403
3041.75	0.506716
3124.26	0.505134
3183.78	0.500044
3247.56	0.498997
3311.01	0.497617
3369.36	0.495142
3422.03	0.493287
3472.39	0.49264
3520.19	0.492136
3568.03	0.491739
3612.64	0.492344
3654.79	0.493672
3695.67	0.495445
3730.63	0.496662
3764.21	0.499113
3804.54	0.500904
3841.66	0.50345
3874.72	0.504318
3906.81	0.506318
3936.48	0.508393
3966.04	0.510832
3993.64	0.514053
4019.89	0.517069
4045.1	0.519788
4069.58	0.522284
4092.4	0.524844
4114.2	0.527689
4134.7	0.530612
4155.1	0.534289
4169.89	0.536431
4189.23	0.541126
4202.46	0.545874
4216.71	0.555077
4228.9	0.56752
4239.28	0.583421
4247.84	0.610162
4254.89	0.630865
4262.06	0.546272
4270.15	0.383084
4279.01	0.341698
4284.79	0.332147
4287.67	0.328879
2546.57	0.271879
2546.1	0.312854
2544.83	0.515029
2636.86	0.517234
2725.55	0.51495
2808.25	0.51293
2887.28	0.511362
2964.16	0.50994
3039.59	0.508574
3113.22	0.507387
3179.34	0.506758
3243.93	0.506637
3307.91	0.50665
3373.28	0.506741
3421.15	0.501748
3470.54	0.501737
3519.84	0.502275
3565.38	0.501266
3610.61	0.501899
3652.34	0.502265
3691.51	0.503252
3730.14	0.503484
3767.93	0.504446
3805.2	0.505675
3841.13	0.507268
3875	0.509162
3907.11	0.511217
3936.95	0.513525
3964.92	0.514603
3992.25	0.517097
4018.43	0.519199
4042.52	0.521357
4068.24	0.52361
4090.83	0.525109
4112.18	0.526922
4133.7	0.529338
4153.68	0.533381
4172.66	0.538599
4187.81	0.542203
4202.63	0.548582
4216.65	0.557095
4228.87	0.570289
4239.32	0.586991
4248.07	0.616456
4255.21	0.644702
4262.16	0.580995
4270.88	0.413924
4279.31	0.350318
4285.09	0.337276
4288.02	0.332826
2547.62	0.276435
2547.25	0.325811
2546.28	0.51562
2642.13	0.516863
2735.2	0.514003
2814.92	0.509841
2890.86	0.5076
2965.06	0.505984
3037.6	0.504756
3108.06	0.503687
3174.86	0.502677
3239.25	0.501943
3301.69	0.501369
3361.75	0.500823
3415.42	0.499918
3466.87	0.500554
3517	0.501516
3563.52	0.502194
3606.79	0.503594
3652.28	0.505058
3694.27	0.506756
3734.45	0.508569
3770.49	0.509536
3805.97	0.511329
3841.89	0.512901
3876.14	0.514511
3908.54	0.516168
3938.65	0.517877
3964.46	0.519491
3990.86	0.521803
4016.82	0.522058
4043.98	0.523486
4066.58	0.524142
4089.48	0.526285
4108.9	0.529128
4132.33	0.532173
4151.32	0.536905
4172.13	0.542449
4190.14	0.549762
4204.19	0.556001
4216.36	0.560853
4228.6	0.574216
4238.92	0.59255
4248.1	0.623523
4255.54	0.653652
4262.44	0.609
4271.13	0.44251
4279.55	0.359883
4285.38	0.34289
4288.35	0.336817
2548.64	0.276662
2548.31	0.333685
2547.67	0.523229
2648.45	0.523753
2756.54	0.521099
2823.85	0.515108
2894.64	0.51277
2966.05	0.51099
3036.05	0.509381
3104.9	0.508082
3171.09	0.507057
3234.78	0.506293
3296.07	0.505801
3354.81	0.505639
3410.12	0.505917
3462.73	0.50626
3511.77	0.506848
3561.97	0.507707
3609.42	0.508481
3653.88	0.508911
3696.97	0.51011
3739.78	0.511496
3772.9	0.509329
3804.25	0.511604
3843.33	0.513316
3878.36	0.515734
3911.89	0.518413
3940.63	0.519633
3967.07	0.519935
3992.48	0.522119
4019.63	0.524253
4041.7	0.526277
4068	0.527694
4091.44	0.529628
4112.84	0.532062
4133.49	0.535108
4152.35	0.539511
4172.42	0.544545
4189.91	0.551694
4205.51	0.561599
4216.91	0.571387
4228.24	0.579503
4237.51	0.60006
4248.03	0.629607
4255.91	0.658907
4262.86	0.624768
4271.42	0.46131
4279.86	0.367778
4285.74	0.347747
4288.74	0.340332
2549.47	0.263001
2548.89	0.301243
2547.52	0.521365
2645.39	0.523731
2740.84	0.521217
2824.89	0.518837
2895.6	0.516045
2967.22	0.514452
3034.32	0.512688
3103.91	0.511226
3169.34	0.510369
3232.18	0.50992
3292.56	0.509693
3351.42	0.509711
3405.66	0.51006
3460.07	0.510774
3511.66	0.511605
3562.7	0.512397
3614.81	0.513218
3655.81	0.510857
3698.72	0.511937
3741.84	0.513208
3777.64	0.513043
3812.8	0.513765
3846.92	0.512759
3880.21	0.513434
3910.42	0.514848
3939.77	0.516383
3970.04	0.518713
3997.3	0.52158
4023.45	0.524287
4047.71	0.526947
4071.91	0.52935
4094.81	0.532061
4116.31	0.535239
4136.09	0.539108
4154.96	0.544677
4173.3	0.551699
4189.53	0.55609
4205.24	0.564299
4218.87	0.5751
4228.7	0.582868
4239.32	0.600944
4248.77	0.631942
4256.53	0.661998
4263.46	0.633545
4271.89	0.472543
4280.33	0.37318
4286.24	0.351213
4289.26	0.342937
2550.45	0.249609
2549.52	0.283818
2547.35	0.520519
2642.93	0.526221
2734.8	0.523851
2819.69	0.521764
2896.6	0.519963
2970.24	0.518266
3041.6	0.516735
3105.52	0.514724
3168.59	0.513561
3229.01	0.512359
3291.22	0.511362
3349.63	0.511205
3404.45	0.511447
3458.5	0.511909
3510.32	0.512559
3560.55	0.513392
3610.11	0.514359
3652.83	0.514504
3698.24	0.516163
3746.34	0.517389
3781.37	0.517262
3816.54	0.519141
3852.29	0.518815
3883.77	0.517861
3915.58	0.519209
3945.1	0.52148
3974.06	0.523939
4001.32	0.526336
4027.27	0.528644
4051.94	0.530838
4075.27	0.532882
4097.75	0.535762
4119.6	0.53934
4137.72	0.540247
4156.17	0.543809
4170.36	0.547674
4189.84	0.55196
4206	0.560322
4219.69	0.572011
4230.85	0.587822
4240.19	0.605971
4249.34	0.634762
4257.22	0.664682
4264.19	0.63895
4272.57	0.479265
4280.99	0.376458
4286.92	0.353297
4289.95	0.344525
2551.99	0.240767
2550.67	0.272362
2547.7	0.519562
2642.5	0.529004
2734.07	0.526614
2820.92	0.524386
2899.38	0.522507
2974.05	0.520983
3039.62	0.519698
3104.4	0.518857
3170.78	0.518215
3235.78	0.51748
3292	0.516485
3349.75	0.516331
3402.3	0.516452
3457.38	0.51724
3508.81	0.517741
3557.26	0.518434
3602.39	0.519557
3645.32	0.521393
3693.16	0.5231
3739.84	0.524405
3781.21	0.526306
3820.83	0.527377
3861.7	0.528897
3892.24	0.523223
3921.15	0.524299
3949.1	0.526516
3977.93	0.528848
4004.82	0.531393
4030.56	0.534176
4055.7	0.536964
4077.64	0.53702
4099.46	0.539007
4119.21	0.541566
4138.4	0.544606
4155.53	0.548819
4173.82	0.553252
4191.4	0.559798
4207.14	0.568453
4220.99	0.579768
4233.26	0.594138
4242.19	0.613906
4249.33	0.640237
4257.99	0.667449
4265.12	0.642897
4273.47	0.483437
4281.88	0.378079
4287.8	0.3542
4290.83	0.345187
2554.53	0.238232
2552.68	0.268033
2548.64	0.5138
2643.65	0.527341
2736.38	0.524969
2828.96	0.522577
2904.47	0.51999
2971.23	0.51785
3041.01	0.516548
3107.68	0.515476
3172.81	0.514622
3235.45	0.513897
3294.56	0.513218
3352.6	0.512795
3408.91	0.51263
3458.27	0.512084
3508.63	0.512509
3555.63	0.512912
3595.25	0.512527
3631.22	0.513183
3687.5	0.513205
3736.95	0.51231
3781.14	0.512219
3822.17	0.513206
3861.07	0.514422
3895.59	0.515677
3925.75	0.517575
3954.93	0.520313
3982.93	0.522444
4008.41	0.522351
4033.2	0.523929
4055.92	0.525469
4079.98	0.527867
4102.42	0.530921
4121.84	0.531981
4140.09	0.533169
4156.12	0.537759
4176.47	0.542855
4193.99	0.549471
4209.42	0.558158
4222.96	0.569396
4234.84	0.583383
4244.15	0.609092
4252.64	0.638757
4259.51	0.661753
4266.41	0.644818
4274.66	0.484924
4283.01	0.377912
4288.89	0.35394
4291.9	0.344968
2558.9	0.249599
2556.25	0.278721
2550.16	0.500915
2645.46	0.518742
2737.13	0.516619
2824.28	0.514568
2902.78	0.512134
2974.55	0.510501
3044.07	0.509417
3111.06	0.508521
3175.82	0.50781
3237.16	0.507444
3296.66	0.506972
3355.62	0.506488
3408.1	0.50505
3460.99	0.504628
3508.99	0.502803
3553.4	0.50249
3599.17	0.50242
3643.21	0.504526
3686.73	0.507391
3737.42	0.509649
3782.31	0.511463
3823.72	0.513291
3862.94	0.515133
3901.42	0.516763
3929.52	0.514738
3957.67	0.516157
3983.98	0.518285
4012.2	0.520932
4035.53	0.521467
4060.55	0.524134
4082.11	0.524037
4102.89	0.525306
4122.7	0.52795
4143.43	0.531425
4161.83	0.535929
4179.99	0.541386
4196.65	0.548446
4211.59	0.557634
4224.54	0.569801
4236.83	0.583794
4247.47	0.608046
4254.99	0.635633
4262.01	0.658453
4268.16	0.614985
4276.16	0.477103
4284.37	0.375421
4290.17	0.352582
4293.16	0.344028
2567.39	0.289781
2562.71	0.312598
2552.77	0.487407
2649.35	0.507198
2740.78	0.505421
2826.73	0.503676
2906.41	0.502049
2978.73	0.500826
3048.27	0.499949
3115.21	0.499271
3180.81	0.498621
3239.21	0.495837
3297.79	0.494795
3353.71	0.493856
3408.74	0.491862
3458.22	0.491107
3511.26	0.490962
3559.91	0.491695
3607.05	0.492759
3652.39	0.494098
3694.71	0.495798
3741.82	0.497223
3785.16	0.49925
3825.65	0.501398
3863.71	0.503773
3899.13	0.506424
3930.33	0.507926
3959.63	0.510544
3987.32	0.513355
4013.79	0.516456
4039.37	0.51767
4061.17	0.518998
4084.19	0.521167
4106.74	0.523884
4127.22	0.527254
4147.23	0.530808
4165.86	0.534886
4183.06	0.53981
4199.07	0.546513
4213.78	0.555093
4224.83	0.564848
4238.38	0.577122
4249.07	0.593923
4256.91	0.626776
4264.09	0.650805
4270.67	0.596121
4277.97	0.449148
4285.85	0.372098
4291.57	0.351207
4294.57	0.343184
2579.72	0.328129
2572.52	0.344975
2557.97	0.475393
2656.83	0.496799
2748.36	0.496782
2833.91	0.496785
2915.95	0.496514
2984.28	0.492042
3053.62	0.491272
3119.22	0.490647
3181.42	0.489598
3240.89	0.486253
3299.91	0.485679
3355.97	0.485216
3411.75	0.485796
3464.31	0.486583
3516.16	0.487606
3566.13	0.488801
3614.91	0.490203
3662.72	0.491841
3707.72	0.494122
3748.02	0.491522
3788.89	0.493111
3828.06	0.494413
3865.16	0.495773
3900.06	0.497587
3932.34	0.500852
3962.14	0.504459
3989.67	0.507758
4014.83	0.511037
4042.01	0.514606
4066.34	0.518612
4090.04	0.522588
4110.77	0.525039
4130.33	0.528115
4150.52	0.531871
4169.42	0.536611
4185.38	0.539476
4200.86	0.545088
4214.3	0.552759
4228.21	0.563344
4240.74	0.577247
4251.33	0.596397
4260.04	0.631586
4266.25	0.658578
4272.38	0.640553
4280	0.477113
4287.13	0.374623
4292.95	0.352151
4296.12	0.343803
2597.62	0.34777
2588.22	0.366653
2569.86	0.466091
2670.04	0.479333
2760.35	0.479965
2843.08	0.480596
2916	0.480951
2991.48	0.481769
3063.05	0.4823
3123.13	0.477933
3182.34	0.477504
3245.25	0.477759
3304.51	0.478401
3361.2	0.479248
3416.25	0.480303
3469.34	0.481543
3521.12	0.482988
3571.69	0.484606
3621.85	0.486334
3673.92	0.487863
3710.01	0.482781
3752.77	0.484864
3793.29	0.487337
3831.72	0.490039
3868.31	0.492903
3902.18	0.496125
3934.8	0.499605
3963.38	0.500419
3992.42	0.502959
4019.32	0.506946
4045.56	0.510839
4070.26	0.514636
4093.07	0.518452
4114.46	0.522684
4135.15	0.527104
4153.24	0.528701
4170.02	0.531185
4187.45	0.535307
4203.1	0.541672
4217.48	0.549918
4230.96	0.560415
4243.02	0.57407
4253.37	0.591699
4261.71	0.624984
4267.83	0.667439
4274	0.67175
4281.35	0.524909
4289.19	0.388108
4294.26	0.355476
4297.97	0.345167
2623.58	0.357745
2611.68	0.381902
2585.5	0.454594
2691.11	0.463572
2781.85	0.466407
2860.91	0.46915
2936.07	0.47159
3001.05	0.468432
3062.48	0.468317
3129.16	0.468823
3191	0.469343
3251.6	0.469949
3310	0.470581
3366.34	0.471308
3420.94	0.472154
3473.9	0.473127
3525.46	0.474232
3575.76	0.475462
3624.95	0.476799
3672.69	0.478224
3715.43	0.479677
3757.73	0.481984
3797.75	0.484831
3835.17	0.488026
3872.14	0.490978
3903.55	0.490462
3933.74	0.492417
3965.64	0.49563
3995.32	0.499347
4022.51	0.503691
4048.72	0.508273
4074.15	0.512868
4095.64	0.513421
4116.98	0.516529
4136.66	0.5197
4155.97	0.524134
4173.27	0.529107
4189.35	0.534004
4204.66	0.540705
4219.59	0.548561
4233.1	0.559174
4245.01	0.573488
4255.23	0.592355
4263.57	0.628861
4270.39	0.670698
4275.64	0.675632
4283.25	0.523765
4291.65	0.386675
4297.5	0.35421
4300.71	0.343321
2660.09	0.363665
2648.39	0.393383
2611.8	0.431824
2725.2	0.449098
2813.37	0.454314
2881.14	0.454553
2943.61	0.456762
3011.92	0.459108
3075.46	0.460668
3138.42	0.461926
3199.29	0.462921
3258.48	0.463801
3315.86	0.46461
3371.48	0.465407
3425.5	0.466232
3478.03	0.467107
3529.19	0.468054
3579.03	0.469084
3627.53	0.470208
3674.51	0.471435
3719.36	0.472856
3762.98	0.474624
3802.85	0.477384
3837.12	0.476689
3869.99	0.478573
3904.87	0.481334
3936.81	0.485049
3968.12	0.488836
3998.69	0.492801
4024.72	0.493525
4050.69	0.497112
4073.73	0.500712
4098.04	0.505353
4119.88	0.510474
4139.97	0.5155
4158.84	0.520288
4176.23	0.52505
4192.3	0.530228
4204.67	0.536468
4221.13	0.544226
4234.85	0.554288
4246.68	0.567609
4256.82	0.584683
4265.1	0.615755
4271.43	0.652571
4276.56	0.620023
4286	0.462577
4294.86	0.368599
4300.83	0.346316
4303.89	0.337433
2706.88	0.367593
2708.9	0.400365
2720.93	0.424505
2782.4	0.436283
2842.72	0.43635
2903.39	0.441593
2963.9	0.445713
3026.09	0.448895
3087.52	0.451334
3148.25	0.453322
3207.67	0.455012
3265.53	0.456498
3321.8	0.457782
3376.53	0.45893
3429.79	0.460008
3481.72	0.461054
3532.39	0.462126
3581.76	0.463274
3629.72	0.464538
3676.5	0.465845
3722.52	0.467206
3769.98	0.468471
3802.25	0.463938
3839.17	0.4654
3874.31	0.468147
3907.05	0.471548
3938.44	0.475755
3969.28	0.476866
3997.97	0.479369
4027.06	0.483236
4053.39	0.488498
4077.62	0.493993
4100.9	0.499474
4122.56	0.504891
4142.59	0.510239
4161.28	0.515147
4178.64	0.51968
4194.68	0.523984
4209.2	0.52853
4223.47	0.534631
4236.54	0.542538
4248.15	0.552212
4258.24	0.562798
4266.99	0.566413
4273.71	0.53616
4280.96	0.451491
4290.78	0.378614
4298.92	0.347413
4304.51	0.3351
4307.36	0.328905
2750.14	0.369783
2758.18	0.396533
2778.95	0.409393
2820.57	0.417172
2870.42	0.423368
2924.52	0.428434
2981.12	0.432566
3039.62	0.435964
3098.78	0.438823
3157.86	0.441384
3216.01	0.443851
3272.57	0.446288
3327.62	0.448372
3381.32	0.450157
3433.65	0.451782
3484.88	0.45319
3535.03	0.454504
3584.01	0.455829
3631.12	0.45745
3677.24	0.458727
3722.19	0.459952
3765.72	0.461262
3805.32	0.462168
3840.89	0.463736
3878.88	0.465832
3908.46	0.458926
3935.47	0.458703
3970.81	0.462993
4001.68	0.468058
4030	0.474342
4056.08	0.480092
4080.38	0.485344
4103.36	0.490206
4124.91	0.494744
4144.65	0.50002
4163.22	0.504159
4180.58	0.507743
4196.8	0.510378
4212.26	0.510484
4225.28	0.504938
4238.01	0.500974
4249.59	0.492985
4259.92	0.476157
4268.87	0.443357
4278.54	0.401473
4287.45	0.363755
4296.06	0.342661
4303.2	0.331009
4308.22	0.324295
4310.82	0.319874
2783.89	0.368385
2793.59	0.391924
2815.01	0.400834
2849.37	0.406624
2892.68	0.411122
2941.91	0.414798
2995.11	0.417846
3051.07	0.420409
3108.66	0.422664
3166.85	0.424869
3224.37	0.427425
3279.49	0.43079
3333.14	0.433488
3385.75	0.435469
3436.86	0.437302
3487.3	0.438725
3537	0.439896
3586.25	0.440677
3631.61	0.439729
3677.21	0.440062
3721.31	0.439969
3763.41	0.438999
3801.35	0.436876
3840.77	0.435125
3877.51	0.435301
3910.54	0.434083
3942.01	0.43528
3974.75	0.4378
4005.9	0.440712
4033.2	0.447706
4058.61	0.452791
4082.61	0.45604
4105.42	0.457805
4127.35	0.457605
4146.22	0.452523
4164.81	0.450564
4182.23	0.448215
4198.38	0.443841
4212.63	0.436018
4227.52	0.429817
4240.76	0.418717
4252.85	0.401685
4263.93	0.38149
4274.05	0.36198
4283.71	0.346202
4292.57	0.33408
4300.48	0.325827
4306.94	0.32005
4311.5	0.315501
4313.88	0.311633
2806.49	0.366327
2816.38	0.388061
2837.01	0.395187
2868.16	0.398509
2907.89	0.40067
2954.09	0.402382
3005.06	0.403639
3059.51	0.404542
3116.45	0.405211
3174.99	0.405831
3233.54	0.406862
3286.27	0.410204
3338.02	0.41401
3389.99	0.416338
3439.01	0.412342
3488.7	0.411011
3537.62	0.409232
3584.81	0.407188
3632.22	0.405173
3677.76	0.40501
3721.55	0.404672
3763.38	0.4042
3802.91	0.403601
3841.38	0.40355
3877.92	0.403346
3912.31	0.403159
3945.4	0.403501
3978.41	0.404152
4012.14	0.403649
4036.49	0.397912
4060.86	0.395918
4084.42	0.394024
4106.82	0.391157
4126.82	0.386203
4147.85	0.382472
4166.92	0.380325
4184.55	0.377321
4200.89	0.373383
4215.99	0.368477
4230.43	0.362987
4243.8	0.356338
4256.11	0.348924
4267.43	0.341183
4277.84	0.333744
4287.44	0.327265
4296.09	0.3218
4303.61	0.317119
4309.66	0.31276
4313.95	0.308321
4316.18	0.303859
2817.75	0.364577
2827.55	0.385251
2847.61	0.391305
2877.41	0.393562
2915.54	0.394564
2960.32	0.394934
3010.23	0.394926
3064.08	0.39467
3121.18	0.394237
3181.55	0.393664
3246.88	0.392943
3292.38	0.380153
3341.06	0.375948
3387.9	0.370189
3439.47	0.367345
3489.55	0.366788
3538.45	0.366288
3586.11	0.36581
3632.94	0.365353
3678.31	0.364914
3721.98	0.364488
3763.8	0.364079
3803.7	0.363683
3842.04	0.36329
3878.62	0.362881
3913.45	0.362447
3946.94	0.361966
3979.46	0.361406
4010.49	0.360734
4037.25	0.356907
4062.15	0.356003
4085.74	0.35502
4108.03	0.353842
4128.9	0.352454
4149.22	0.35093
4168.26	0.349163
4185.98	0.347064
4202.44	0.344606
4217.76	0.341785
4232.16	0.338647
4245.54	0.33521
4257.92	0.331552
4269.33	0.327767
4279.8	0.323938
4289.35	0.320104
4297.89	0.316204
4305.22	0.312095
4311.1	0.307583
4315.27	0.302414
4317.41	0.297683
4016.82	0.408026
4036.54	0.408109
4060.78	0.409787
4084.3	0.413581
4106.81	0.419385
4122.34	0.425352
4129.04	0.454619
4146.01	0.455358
4164.69	0.455782
4182.11	0.457297
4198.3	0.460599
4210.4	0.465239
4214.49	0.493376
4225.12	0.493381
4237.94	0.487713
4249.52	0.479385
4259.82	0.469323
4267.66	0.463964
4269.26	0.500174
4273.6	0.497728
4276.34	0.458384
2663.91	0.513888
2723.58	0.512847
2782.52	0.511209
2810.82	0.508552
2878.41	0.507228
2955.95	0.50479
3006.92	0.502464
3032.03	0.498138
3095.23	0.497043
3166	0.49566
3214.25	0.494331
3240.28	0.494643
3300.15	0.493709
3364.7	0.492697
3407.23	0.491572
3431.96	0.491627
3487.04	0.49099
3544.37	0.491022
3578.4	0.490582
3599.99	0.492775
3645.89	0.492261
3690.95	0.492104
3714.69	0.49193
3727.02	0.492675
3687.78	0.519831
3707.51	0.519443
3745.73	0.519636
3785.02	0.519498
3818.01	0.520851
3853.41	0.520822
3884.54	0.521078
3914.95	0.520825
3936.08	0.520573
3946.67	0.521682
3971.63	0.522079
3997.84	0.523813
4022.68	0.524698
4043.01	0.526367
4063.64	0.527071
4085.42	0.528178
4105.78	0.529205
4123.56	0.530165
4126.18	0.533049
4037.35	0.539185
4056.19	0.539921
4077.31	0.541035
4097.97	0.542507
4118.14	0.544091
4137.5	0.545968
4155.91	0.548071
4173.25	0.550343
4189.54	0.552507
4204.47	0.554387
4217.84	0.555171
4229.6	0.553135
4239.84	0.545269
4247.41	0.519169
4255.27	0.474798
4263.02	0.407615
4270.98	0.365955
4274.21	0.346894
4097.19	0.498653
4112.11	0.502551
4118.15	0.520636
4128.94	0.521592
4146	0.525405
4162.17	0.530518
4176.79	0.536537
4181.85	0.553823
4189.36	0.554943
4204.11	0.557952
4218.15	0.561972
4231.55	0.564981
4235.54	0.578615
4241.17	0.579457
4251.41	0.579129
4260.21	0.57016
4268.12	0.542454
4271.33	0.480022
4274.61	0.470675
4282.3	0.407026
4289.78	0.369269
4294.53	0.354566
3712.33	0.498607
3730.16	0.498431
3743.12	0.500639
3769.22	0.50034
3807.25	0.502088
3842.63	0.503996
3876.95	0.505529
3898.3	0.506205
3909.88	0.510661
3938.26	0.511138
3968.31	0.512418
3991.14	0.515663
4012.4	0.516983
4020.17	0.522508
4037.12	0.522682
4059.92	0.524339
4081.9	0.525561
4102.72	0.526604
4113.83	0.527177
4120.76	0.527767
4130.31	0.528067
2806.57	0.523037
2824.82	0.522189
2849.05	0.52209
2895.23	0.521193
2967.35	0.520205
3030.79	0.5189
3056.76	0.520107
3104.54	0.519215
3168.81	0.51868
3224.78	0.517565
3247.03	0.518904
3291.31	0.518094
3349.86	0.516963
3397.8	0.515591
3417.1	0.513805
3457.67	0.513031
3508.79	0.511913
3549.69	0.510599
3561.52	0.505816
3598.64	0.50515
3643.41	0.504651
3678.48	0.50359
3686.22	0.496438
3467.31	0.517179
3507.1	0.516747
3559.1	0.516314
3610.58	0.515807
3660.06	0.515606
3704.69	0.516151
3745.95	0.516948
3784.35	0.517868
3823.48	0.518068
3854.54	0.519925
3885.53	0.521034
3916.17	0.522163
3945.2	0.523572
3973.29	0.524496
3999.9	0.525262
4020	0.5253
4027.73	0.527288
4046.27	0.527255
4066.05	0.527581
4079.34	0.5274
3728.61	0.498539
3761.1	0.499089
3798.1	0.500435
3834.43	0.502197
3869.55	0.504337
3903.3	0.506588
3929.92	0.508001
3940.16	0.52173
3963.25	0.522114
3991.95	0.524393
4018.81	0.526219
4044.02	0.528174
4067.69	0.530305
4089.7	0.532628
4108.44	0.535715
4126.28	0.538782
4143.51	0.541534
4156.91	0.54316
4161.53	0.551085
4173.23	0.551928
4187.26	0.554007
4196.29	0.555161
3554.44	0.499526
3592.49	0.499692
3638.32	0.500601
3681.94	0.501927
3723.47	0.503175
3748.01	0.503638
3762.71	0.509881
3797.67	0.510256
3833.92	0.511286
3868.41	0.512461
3900.72	0.514009
3929.87	0.516211
3955	0.519248
3984.13	0.520621
4010.7	0.522564
4035.06	0.52435
4053.86	0.525222
4060.8	0.530833
4077.38	0.530939
4097.87	0.53138
4111.77	0.531526
3688.8	0.470912
3716.5	0.469537
3728.55	0.453017
3761.3	0.452034
3799.26	0.45121
3835.99	0.450391
3871.37	0.449531
3905.23	0.448422
3937.45	0.44679
3968.47	0.444461
3997.71	0.440844
4016.56	0.437513
4026.77	0.420377
4049.41	0.419402
4072.82	0.420009
4094.97	0.420274
4114.72	0.420396
4133.01	0.420956
4149.65	0.421532
4163.25	0.422099
3019.17	0.520917
3069.62	0.52025
3135.85	0.519367
3202.03	0.518309
3267.01	0.517385
3330.3	0.516623
3391.6	0.516013
3450.58	0.515579
3506.91	0.515341
3560.66	0.515246
3611.78	0.515291
3659.91	0.515523
3703.56	0.516205
3747.65	0.516106
3790.31	0.515932
3829.49	0.515835
3862.42	0.515787
3891.15	0.515773
3902.97	0.516428
3988.36	0.405679
3998.43	0.406763
4005.06	0.453759
4024.93	0.457005
4034.32	0.489657
4048.04	0.490739
4065.31	0.495241
4071.96	0.51219
4088.93	0.513862
4094.04	0.53076
4108.34	0.531557
4117.87	0.535716
4125.09	0.537841
4137.66	0.539423
4141.51	0.542142
4155.17	0.542584
4160.41	0.54677
4170.91	0.547114
4181.28	0.551148
4186.56	0.5565
4197.72	0.559136
4200.48	0.569844
4210.33	0.571762
4216.78	0.578474
4224.14	0.578765
4232.79	0.583551
4234.81	0.583411
3853.26	0.520218
3863.78	0.519927
3892.16	0.520614
3921.7	0.521272
3949.55	0.521413
3960.04	0.523623
3978.14	0.523486
4004.16	0.525726
4029.62	0.527621
4051.79	0.530203
4060.34	0.535676
4073.17	0.53576
4093.27	0.538166
4112.87	0.540167
4131.11	0.542095
4138.02	0.545815
4146.38	0.545911
4165.24	0.550931
4181.94	0.555962
4196.88	0.561521
4203.56	0.566268
4209.71	0.566975
4219.88	0.569235
2602.96	0.497045
2618.88	0.49775
2670.04	0.49681
2759.88	0.495734
2842.99	0.495489
2905.25	0.494547
2927	0.504492
2983.64	0.503749
3053.37	0.503842
3119.52	0.50362
3160.23	0.503019
3183.28	0.50817
3239	0.507689
3297.76	0.507641
3351.55	0.507374
3373.48	0.511298
3407.5	0.510637
3460.65	0.510384
3509.13	0.510124
3546.63	0.509699
3560.27	0.514613
3594.72	0.514176
3625.47	0.513653
3685.08	0.497015
3701.33	0.497025
3712.46	0.508079
3747.8	0.508389
3788.72	0.509996
3827.84	0.512124
3864.8	0.514545
3882.17	0.517102
3898.86	0.517248
3930.13	0.518454
3959.49	0.520172
3987.33	0.521894
4010.78	0.522637
4018.04	0.528208
4035.36	0.528334
4060.28	0.529299
4082.03	0.530668
4102.99	0.532052
4117.51	0.532837
4123.49	0.53653
4139.87	0.5369
4151.13	0.537906
3975.3	0.515122
3980.52	0.516751
3997.17	0.516916
4017.46	0.51983
4025.72	0.526698
4043.04	0.527138
4061.23	0.528938
4067.99	0.535688
4085.56	0.536565
4102.46	0.538558
4111.53	0.543854
4130.64	0.545458
4144.53	0.547985
4150.8	0.551962
4167.15	0.555288
4175.3	0.561961
4184.09	0.562122
4198.17	0.567657
4203.56	0.575623
4212.79	0.576359
4225.1	0.583466
4229.89	0.594388
4239.13	0.595887
4248.07	0.609779
4251.47	0.619662
4256.86	0.626192
3137.02	0.50991
3183.78	0.509267
3247.53	0.508528
3310.62	0.507642
3368.86	0.507551
3421.77	0.508225
3472.18	0.50866
3518.58	0.508951
3538.22	0.512902
3564.88	0.5124
3610.19	0.512914
3652.08	0.513478
3691.44	0.514273
3730.06	0.514798
3767.87	0.515579
3805.07	0.516369
3840.93	0.517318
3874.8	0.518338
3906.94	0.51909
3935.33	0.519478
3946.39	0.521699
3963.15	0.521467
3974.84	0.522137
3411.46	0.505854
3426.48	0.505281
3441.17	0.508781
3478.18	0.508229
3527.68	0.50793
3575.4	0.50716
3606.33	0.506307
3624.9	0.505544
3665.37	0.505056
3699.47	0.502848
3737.75	0.50261
3754.34	0.503465
3781.02	0.503076
3818.49	0.505391
3854.18	0.506994
3879.85	0.507738
3892.7	0.512674
3920.54	0.513012
3950.61	0.5154
3977.8	0.517636
3989.92	0.520722
4005.01	0.520512
4029.73	0.521276
4052.33	0.521758
4066.45	0.521979
3623.6	0.520861
3626.99	0.52086
3656.01	0.520548
3698.72	0.520367
3741.27	0.520059
3777.55	0.520971
3812.7	0.521462
3846.82	0.521965
3879.95	0.522671
3910.74	0.523702
3933.41	0.523934
3943.07	0.52875
3966.66	0.52905
3992.55	0.530637
4019.26	0.531344
4041.95	0.533426
4067.79	0.534336
4091.24	0.535806
4112.72	0.537105
4133.14	0.537779
4143.45	0.538184
4146.02	0.537147
3776.11	0.477041
3800.08	0.477296
3812.03	0.488466
3837.01	0.488465
3865.69	0.490487
3875.75	0.501092
3903.44	0.501486
3925.07	0.503593
3935.85	0.510079
3962.89	0.511208
3975.37	0.515809
3989.65	0.515642
4013.11	0.5171
4020.41	0.522914
4039.15	0.522979
4057.47	0.524718
4063.06	0.531369
4082.02	0.532001
4095.73	0.534345
4103.04	0.53936
4121.25	0.540971
4128.32	0.5479
4138.43	0.548061
4154.33	0.548884
4159.7	0.547742
4167.46	0.547771
4156.8	0.539573
4158.39	0.542232
4169.13	0.542991
4175.16	0.549947
4186.88	0.550862
4192.56	0.562613
4203.28	0.563772
4207.7	0.577658
4216.31	0.57923
4220.59	0.59061
4228.26	0.592003
4232.62	0.606878
4239.77	0.610624
4243.52	0.620226
4249.13	0.62193
4253.8	0.59711
4259.6	0.593563
4263.48	0.544473
4268.39	0.531212
4272.53	0.439698
4277.9	0.420247
4281.83	0.380674
4286.94	0.371264
4289.94	0.36061
4290.65	0.357779
3880.9	0.480299
3908.7	0.483316
3925.57	0.486746
3938.95	0.490994
3969.19	0.492584
3996.18	0.495556
4005.86	0.506373
4024.39	0.506652
4050.66	0.510489
4069.56	0.513041
4076.54	0.523869
4095.41	0.524822
4116.84	0.528904
4128.13	0.532148
4135.57	0.536438
4153.15	0.538121
4169.03	0.54142
4174.57	0.549461
4185.18	0.550008
4200.78	0.554208
4211.77	0.557566
4215.14	0.563582
4223.79	0.564846
3650.39	0.513179
3678.21	0.512885
3711.37	0.512786
3723.81	0.516218
3753.21	0.515944
3791.42	0.516521
3826.82	0.517048
3862.13	0.517318
3895.04	0.518095
3925.05	0.519044
3950.88	0.519394
3960.99	0.521479
3979.54	0.521365
4005.25	0.522922
4029.73	0.523826
4052.38	0.524998
4072.96	0.526317
4095.85	0.526794
4115.59	0.527343
4123.07	0.528043
4130.65	0.527939
3669.81	0.514445
3704.06	0.514725
3724.45	0.515765
3745.52	0.515235
3786.14	0.515135
3806.43	0.515627
3824.02	0.515375
3854.89	0.515494
3874.97	0.516128
3889.43	0.517464
3919.2	0.518468
3939.3	0.519648
3952.11	0.522311
3978.77	0.523037
3998.54	0.524229
4010.14	0.527246
4033.88	0.527876
4051.51	0.529421
4060.92	0.533519
4081.3	0.534037
4097.4	0.534996
4105.65	0.537096
4122.31	0.537447
4135.66	0.538158
4138.58	0.537496
3802.74	0.517471
3827.6	0.517472
3859.93	0.518614
3890.9	0.520373
3917.65	0.521393
3928.5	0.526175
3950.73	0.526127
3981.31	0.527988
4009.38	0.530067
4033.75	0.532757
4045.9	0.534555
4059.68	0.534339
4081.12	0.536353
4100.28	0.538657
4120.66	0.540472
4133.03	0.541808
4140.18	0.545184
4155.69	0.546066
4171.19	0.548759
4186.48	0.55189
4197.61	0.554364
4201.95	0.560141
4212.36	0.560788
4173.54	0.535015
4176.55	0.54087
4183.64	0.541596
4187.86	0.542304
4190.58	0.548219
4197.66	0.549933
4202.3	0.553297
4205.28	0.566781
4211.81	0.569685
4216.55	0.575298
4219.63	0.586459
4225.44	0.589577
4230.46	0.591938
4233.88	0.604771
4239.12	0.611979
4243.82	0.612339
4247.87	0.62137
4252.36	0.631384
4256.59	0.632009
4260.3	0.646931
4263.98	0.660543
4267.56	0.662623
4270.79	0.648372
4274.35	0.625426
4275.3	0.622202
3479.99	0.463311
3491.55	0.468115
3517.46	0.467745
3530.87	0.485421
3559.19	0.48521
3573.53	0.488517
3591.4	0.488287
3614.07	0.487725
3626.05	0.493808
3651.93	0.493753
3664.54	0.506992
3682.64	0.508617
3702.23	0.508138
3715.18	0.50795
3739.53	0.507597
3750.94	0.507717
3767.96	0.508998
3783.3	0.509825
3791.96	0.51036
3813.57	0.5099
3823.5	0.500567
3835.89	0.497253
3844.14	0.492231
3749.99	0.520211
3781.6	0.520101
3811.16	0.519759
3819.3	0.519525
3846.58	0.519266
3880.3	0.520243
3904.76	0.520569
3914.66	0.524316
3940.23	0.524363
3967.15	0.52551
3984.62	0.525967
3992.65	0.52827
4016.79	0.528622
4044.12	0.529457
4058.11	0.530182
4068.53	0.531185
4090.71	0.531993
4112.02	0.53376
4122.34	0.535061
4134.43	0.534876
4154.74	0.535903
4168.14	0.536318
4169.74	0.535354
4169.76	0.535567
3671.93	0.510303
3698.81	0.510425
3739.25	0.511273
3778.51	0.512429
3815.6	0.514012
3850.76	0.515668
3884.04	0.51742
3916.22	0.518858
3946.94	0.520378
3976.27	0.521781
4004.29	0.523008
4030.78	0.524169
4054.76	0.525637
4077.3	0.527043
4090.6	0.527824
4099	0.530806
4117.54	0.531651
4136.21	0.533119
4154.23	0.534119
4168.35	0.535272
4167.4	0.535722
4168.8	0.536773
4177.59	0.537264
4181.34	0.541696
4187.72	0.544439
4193.81	0.544683
4197.39	0.552374
4205.33	0.553445
4208.62	0.561919
4214.16	0.563899
4219.51	0.563793
4222.72	0.572328
4229.06	0.573977
4231.89	0.577998
4235.79	0.582179
4239.57	0.58228
4241.42	0.573299
4246.1	0.572465
4248.18	0.580782
4251.2	0.558793
4254.08	0.554497
4256.56	0.434875
4261.2	0.413328
4263.21	0.436819
4267.3	0.388091
4269.56	0.383776
4019.8	0.533503
4038.75	0.534262
4060.19	0.535996
4081.53	0.537689
4096.89	0.53873
4105.51	0.541781
4122.18	0.54263
4139.61	0.545217
4155.95	0.547523
4169.78	0.549343
4175.52	0.555262
4187	0.555936
4200.43	0.558912
4214.01	0.560037
4228.04	0.559573
4232.85	0.551998
4241.88	0.549905
4253.05	0.537177
4262.41	0.510382
4271.1	0.448919
4277.65	0.389257
4282.68	0.368995
4288.19	0.349918
3380.38	0.514191
3421.36	0.514022
3470.53	0.514013
3519.56	0.514038
3565.31	0.514896
3610.36	0.5154
3652.12	0.516684
3692.14	0.517522
3716.81	0.517729
3734.75	0.520377
3770.25	0.520571
3805.97	0.52127
3841.74	0.521556
3875.98	0.522249
3908.33	0.52307
3938.3	0.523983
3964.52	0.525169
3991.23	0.525379
4013.37	0.52513
4022.23	0.526608
4036.59	0.526508
3501.02	0.513798
3531.49	0.513483
3576.23	0.514005
3618.19	0.514896
3658.59	0.515713
3697.61	0.516568
3736.22	0.517117
3773.73	0.517786
3809.61	0.518598
3844.41	0.519191
3877.99	0.519735
3910.15	0.520233
3936.74	0.520418
3946.67	0.524402
3967.22	0.524331
3994.45	0.525516
4019.69	0.526223
4047.57	0.526293
4071.72	0.52702
4093.29	0.527707
4107.64	0.528081
3252.51	0.410197
3292.42	0.411532
3341.48	0.415801
3372.37	0.419335
3391.93	0.437198
3438.87	0.437845
3488.61	0.439386
3537.53	0.441764
3583.68	0.444188
3604.12	0.45223
3631.16	0.451769
3677.05	0.452579
3721.15	0.453235
3763.38	0.45435
3798.21	0.455088
3812.26	0.464065
3840.44	0.463748
3878.31	0.462757
3908.17	0.459662
3932.01	0.459052
3905	0.523053
3905.14	0.523331
3929.63	0.523763
3957.76	0.524987
3976.47	0.525856
3984.75	0.531088
4008.21	0.53169
4033.24	0.533983
4051.3	0.53541
4058.14	0.54388
4077.45	0.544394
4099.45	0.546341
4116.39	0.54752
4122.33	0.552638
4137.5	0.553422
4155.97	0.557999
4169.61	0.56374
4176.14	0.569984
4189.17	0.570762
4205.07	0.577505
4217.78	0.583178
4220.93	0.592405
4228.06	0.593467
4234.47	0.599826
3872.66	0.540668
3892.39	0.540743
3921.03	0.542132
3949.13	0.543583
3977.68	0.544658
4004.64	0.546689
4030.42	0.54864
4055.33	0.550466
4077.54	0.553592
4099.21	0.556253
4119.07	0.560579
4138.16	0.564732
4155.5	0.570861
4173.68	0.575193
4191.16	0.580732
4206.9	0.58802
4220.78	0.595854
4232.98	0.606686
4242.09	0.624253
4247.85	0.634926
2797.29	0.46964
2801	0.470389
2816.4	0.470239
2881.34	0.470552
2923.98	0.470624
2941.19	0.482106
3001.11	0.481766
3054.26	0.481528
3072.27	0.492331
3122.78	0.491825
3179.46	0.49275
3200.28	0.500223
3240.37	0.499587
3299.7	0.500913
3329.59	0.501668
3354.34	0.503188
3408.89	0.502961
3446.89	0.502931
3464.08	0.509809
3508.85	0.509421
3548.88	0.509347
3561.83	0.514453
3594.63	0.51402
3626.75	0.513639
3825.5	0.518322
3851.44	0.519817
3871.63	0.521072
3885.2	0.525641
3914.29	0.52623
3942.86	0.528263
3971.82	0.529594
3986.85	0.53049
3999.72	0.5312
4023.78	0.532947
4048.51	0.534747
4070.8	0.537434
4081.05	0.54009
4092.98	0.539993
4112.86	0.542806
4131.79	0.545746
4149.69	0.548075
4157.33	0.552278
4168.38	0.552491
4184.13	0.556227
4198.44	0.558881
4208.16	0.560065
2770.24	0.523404
2823.7	0.522612
2894.71	0.521704
2965.99	0.520519
3035.98	0.519433
3104.72	0.51842
3170.91	0.51768
3234.6	0.517063
3295.85	0.516544
3354.52	0.516149
3409.86	0.515982
3462.44	0.515789
3511.84	0.515749
3561.71	0.515153
3609.11	0.514743
3653.72	0.514324
3696.83	0.513714
3738.66	0.51292
3772.35	0.512219
3797.05	0.512013
2880.89	0.522424
2906.14	0.521427
2969.15	0.520488
2994.86	0.52011
3039.13	0.51919
3103.16	0.517576
3130.39	0.515759
3168.1	0.514868
3229.07	0.51369
3259.92	0.512568
3292.24	0.511692
3351.59	0.510706
3384.23	0.509567
3410.36	0.50854
3462.99	0.507688
3496.28	0.506674
3517.77	0.505617
3563.65	0.505052
3595.38	0.504364
3612.14	0.503782
3652.42	0.503125
3683.31	0.502247
3697.45	0.500609
3730.44	0.500356
3756.12	0.500495
3760.2	0.501897
3899.85	0.528871
3903.14	0.528589
3927.52	0.529539
3954.83	0.530564
3982.38	0.531577
4008.62	0.533323
4033.38	0.535383
4056.96	0.537497
4077.66	0.540816
4097.83	0.543767
4116.52	0.547659
4138.07	0.54982
4153.34	0.551613
4160.07	0.562914
4175.8	0.564624
4192.81	0.570372
4207.95	0.576994
4220.66	0.585887
4232.22	0.594499
4242.03	0.608359
4249.39	0.627655
4064.64	0.530013
4075.75	0.530061
4096.15	0.531865
4116.25	0.533675
4136.6	0.535072
4156.1	0.536631
4170.56	0.537554
4176.4	0.541648
4188.18	0.541996
4203.1	0.541942
4216.51	0.539982
4228.29	0.533798
4238.43	0.518927
4247.16	0.486946
4255.26	0.430508
4262.63	0.37355
4271.24	0.341663
4278.48	0.330967
4283.59	0.327267
4285.35	0.325763
3584.69	0.509962
3619.24	0.50985
3658.28	0.509633
3689.41	0.509172
3701.64	0.509753
3731.7	0.509486
3766.6	0.510669
3805.2	0.511083
3828.83	0.511399
3842.79	0.514858
3874.47	0.515307
3906.67	0.517222
3935.48	0.518918
3947.39	0.522595
3964.57	0.522414
3992.14	0.523799
4018.47	0.524864
4039.48	0.525317
4047.04	0.528061
4066.22	0.528017
4089.27	0.528823
4105.79	0.529331
3743.69	0.519525
3754.72	0.520251
3777.66	0.519888
3810.62	0.520315
3822.89	0.523709
3852.11	0.523407
3879.92	0.523804
3893.49	0.526022
3921.19	0.525692
3941.96	0.525345
3955.34	0.524408
3982.68	0.52446
3996.14	0.524383
4011.93	0.524028
4034.61	0.5247
4043.88	0.525874
4061.16	0.52585
4082.14	0.527127
4091.58	0.529957
4110.72	0.530268
4126.67	0.531431
4135.51	0.532525
4153.22	0.533156
4163.96	0.534183
4173.2	0.534279
4188.97	0.535773
4195.96	0.53649
4200.72	0.536554
3969.35	0.508903
3971.86	0.508981
3987.34	0.509151
3996.99	0.512481
4009.35	0.514632
4019.13	0.517851
4029.1	0.522954
4041.96	0.522951
4049.7	0.528088
4063.75	0.528242
4071.97	0.529706
4083.87	0.530388
4093.33	0.531212
4102.77	0.531535
4114.14	0.531422
4121.73	0.533779
4133.1	0.534106
4139.4	0.537656
4149.53	0.538639
4156.04	0.540856
4163.98	0.541784
4172.96	0.541621
4179.05	0.535627
4187.88	0.534875
4190.91	0.517968
3828.71	0.518001
3847.95	0.518378
3857.22	0.524651
3884.31	0.524922
3914.36	0.525825
3942.86	0.52683
3971.66	0.527522
3998.4	0.528923
4024.31	0.530099
4046.79	0.532025
4066.33	0.534279
4085.51	0.535694
4106.62	0.536891
4127.37	0.538305
4141.97	0.539418
4148.16	0.545447
4163.83	0.546381
4180.72	0.54993
4195.65	0.553286
4204.78	0.555947
2711.59	0.506944
2732.23	0.505811
2779.75	0.505397
2808.39	0.50756
2878.99	0.506572
2937.91	0.505426
2961.35	0.509549
3021.3	0.508594
3087.36	0.506968
3113.24	0.505133
3163.81	0.504083
3230.4	0.501803
3261.45	0.499622
3296.6	0.498671
3358.74	0.497536
3398.19	0.496193
3420.12	0.494322
3471.62	0.493647
3514.82	0.492969
3532.23	0.496182
3573.29	0.495772
3616.36	0.496481
3633.19	0.500498
3664.66	0.499928
3692.91	0.49812
3197.97	0.504847
3205.45	0.504594
3241.72	0.503937
3302.5	0.503526
3359.27	0.503219
3383.15	0.506393
3417.45	0.505718
3471.32	0.508035
3521.35	0.510178
3546.76	0.51116
3574.88	0.510464
3623.84	0.511734
3669.69	0.513136
3694.56	0.513711
3715.88	0.514862
3753.68	0.515235
3792.01	0.51543
3815.73	0.515379
3832.3	0.51631
3866.71	0.515811
3900.6	0.514415
3920.01	0.512471
3931.2	0.509774
3951.7	0.50967
3324.52	0.513259
3372.74	0.513112
3424.69	0.512779
3475.67	0.512511
3524.52	0.512525
3571.62	0.51257
3615	0.51322
3656.42	0.513696
3696.62	0.51397
3732.57	0.515024
3763.81	0.515201
3778.28	0.519388
3806.29	0.519161
3841.94	0.520164
3876.14	0.520301
3908.81	0.520397
3940.11	0.520368
3967.76	0.520466
3994.47	0.520489
4017.05	0.520486
