2843.87	0.26101
2856	0.311568
2878.42	0.328392
2911.64	0.332738
2954.38	0.334578
3004.65	0.335652
3060.41	0.336342
3119.93	0.336805
3181.83	0.337134
3245.05	0.337392
3308.77	0.337624
3372.38	0.337864
3435.34	0.338139
3497.08	0.338474
3556.82	0.338871
3613.53	0.338802
3668.13	0.339562
3720.8	0.340434
3771.22	0.341409
3818.97	0.34233
3863.91	0.343326
3906.4	0.344639
3946.75	0.345996
3985.24	0.34734
4022.02	0.348621
4057.13	0.349793
4090.06	0.350842
4118.02	0.348766
4145.07	0.349728
4170.69	0.350549
4194.86	0.351066
4217.52	0.351235
4238.6	0.351013
4258.26	0.350356
4276.7	0.349217
4294.27	0.347575
4311.37	0.345445
4327.67	0.342786
4343.03	0.339619
4357.44	0.335988
4370.91	0.331968
4383.48	0.327664
4395.19	0.323175
4406.05	0.318543
4416.03	0.313695
4425.02	0.308437
4432.85	0.302595
4438.97	0.294279
4443.01	0.284544
4445.01	0.278122
2833.11	0.285522
2843.73	0.328986
2866.29	0.348611
2900.86	0.35849
2945.54	0.365598
2997.7	0.371037
3055.07	0.375129
3115.84	0.378098
3178.68	0.380181
3242.58	0.381597
3306.81	0.38253
3370.85	0.383115
3434.27	0.383426
3496.68	0.383449
3557.32	0.383079
3613.09	0.379456
3667.45	0.379407
3720.35	0.379692
3771.11	0.379941
3818.96	0.379577
3863.55	0.379073
3905.68	0.379885
3945.76	0.381253
3984.06	0.383052
4020.81	0.385193
4056.39	0.387504
4092.11	0.389306
4116.05	0.376669
4143.65	0.374846
4169.32	0.376501
4193.53	0.378137
4216.28	0.379498
4237.22	0.380425
4256.66	0.381068
4274.76	0.381321
4291.93	0.381159
4309.33	0.380502
4325.75	0.377753
4341.12	0.372967
4355.49	0.36632
4368.88	0.358121
4381.38	0.3489
4393.04	0.339341
4403.89	0.330088
4413.9	0.321891
4422.98	0.314916
4430.91	0.30869
4437.35	0.302467
4441.73	0.29421
4443.91	0.286327
2808.77	0.301461
2818.15	0.345937
2841.09	0.370988
2878.94	0.386985
2928.08	0.399609
2984.32	0.411016
3044.99	0.419896
3108.28	0.426549
3172.95	0.43141
3238.16	0.4349
3303.35	0.437377
3368.14	0.439109
3432.35	0.440245
3496.11	0.440727
3560.58	0.439974
3611.99	0.426139
3666.1	0.426048
3719.84	0.426258
3771.65	0.425745
3819.85	0.42309
3863.31	0.419207
3904.59	0.418952
3944.12	0.419793
3981.99	0.421337
4018.27	0.423433
4053.05	0.426106
4086.42	0.42978
4116.67	0.43711
4141.57	0.4269
4166.84	0.423293
4191.13	0.426036
4214.36	0.428629
4234.89	0.428642
4253.98	0.430635
4271.42	0.433254
4287.05	0.437698
4306.04	0.44552
4322.68	0.448214
4338.03	0.447457
4352.25	0.442573
4365.43	0.432219
4377.66	0.414914
4389.11	0.390906
4399.82	0.36614
4409.82	0.344838
4419.06	0.329045
4427.3	0.318484
4434.18	0.311388
4439.1	0.305379
4441.66	0.299131
2769.59	0.30964
2777.83	0.36149
2800.01	0.393822
2844.78	0.416036
2901.88	0.433306
2964.97	0.445763
3030.84	0.454337
3097.88	0.459967
3165.2	0.463507
3232.27	0.465621
3298.75	0.466784
3364.44	0.467316
3429.23	0.46743
3493.16	0.467281
3556.31	0.467065
3606.44	0.466055
3663.28	0.465944
3719.41	0.46653
3773.93	0.465454
3823.61	0.461554
3863.24	0.459257
3903.23	0.458185
3942.05	0.458247
3979.41	0.459093
4015.12	0.460688
4049	0.463302
4081.69	0.46749
4112.07	0.473549
4138.59	0.48147
4164.97	0.485696
4188.5	0.48781
4214.68	0.493808
4232.94	0.483035
4252.1	0.486308
4269.84	0.492951
4286.6	0.498611
4303.52	0.498818
4319.53	0.502687
4334.91	0.506848
4349.17	0.509454
4362.26	0.509533
4374.11	0.505067
4384.9	0.491809
4394.82	0.462469
4404.3	0.413943
4413.55	0.364944
4422.12	0.336373
4429.89	0.323525
4435.42	0.316105
4438.29	0.310812
2720.62	0.310195
2722.52	0.370766
2734.62	0.419778
2796.8	0.444631
2868.6	0.461205
2941.69	0.471727
3014.28	0.478161
3085.88	0.482014
3156.31	0.484304
3225.49	0.485672
3293.4	0.486507
3360.03	0.487048
3425.33	0.487455
3489.27	0.487863
3551.69	0.488447
3612.18	0.489511
3659.47	0.488961
3718.83	0.489954
3779.29	0.489534
3824.06	0.496371
3862.72	0.490328
3902	0.490272
3940.48	0.490878
3977.6	0.49185
4013.01	0.493222
4045.07	0.495132
4078.57	0.498185
4108.97	0.502754
4136.85	0.507649
4163.36	0.511141
4188.8	0.514421
4209.45	0.51332
4231.59	0.518098
4249.73	0.518892
4267.44	0.522833
4284.29	0.525282
4300.3	0.526107
4315.54	0.528665
4331.56	0.534211
4346.09	0.539833
4359.39	0.546281
4371.13	0.554106
4381.73	0.563206
4391	0.569019
4399.24	0.551352
4407.29	0.46578
4415.36	0.370795
4425.01	0.341368
4431.35	0.3288
4434.55	0.322217
2668.26	0.307277
2655.74	0.36041
2617.14	0.433237
2737.87	0.468478
2832.69	0.47954
2917.55	0.484872
2997.28	0.487168
3073.59	0.487985
3147.13	0.488169
3218.39	0.488151
3287.7	0.488132
3355.25	0.488202
3421.07	0.488399
3485.12	0.488745
3547.17	0.489261
3606.75	0.489978
3662.71	0.490956
3715.24	0.492405
3768.53	0.49377
3816.06	0.49622
3859.1	0.498473
3899.99	0.502022
3939.07	0.505685
3976.4	0.509432
4012.12	0.513276
4046.94	0.516975
4076.63	0.516466
4106.46	0.520072
4134.58	0.523747
4160.95	0.527064
4185.72	0.530306
4208.86	0.533969
4228.23	0.534298
4246.83	0.536906
4264.68	0.540972
4281.44	0.54545
4299.68	0.550721
4312.47	0.553587
4327.95	0.559049
4342.52	0.564521
4356.42	0.570526
4367.77	0.57906
4378.76	0.594837
4388.09	0.617106
4396.26	0.63904
4402.96	0.648863
4411.56	0.484532
4421.03	0.36729
4427.57	0.342593
4430.95	0.333184
2627.07	0.300286
2613.92	0.344858
2582.82	0.450486
2702.53	0.484107
2804.93	0.486685
2896.81	0.486759
2982.01	0.485787
3062.3	0.484586
3138.44	0.483541
3211.39	0.482771
3281.87	0.48228
3350.23	0.482045
3416.59	0.482049
3480.92	0.482277
3543.08	0.482722
3602.88	0.483389
3660.26	0.48431
3708.82	0.485124
3761.44	0.485627
3810.48	0.48678
3855.58	0.488511
3897.74	0.491053
3937.42	0.494171
3974.81	0.497707
4010.19	0.501471
4043.81	0.505274
4075.02	0.50889
4104.96	0.513497
4133.23	0.518276
4159.29	0.523244
4183.51	0.528135
4206.02	0.532819
4226.47	0.537388
4245.23	0.542385
4260.97	0.546678
4281.08	0.551778
4295.96	0.554842
4310.37	0.558766
4324.02	0.564888
4338.05	0.570486
4353.57	0.578626
4366.52	0.588572
4377.17	0.607088
4386.08	0.632506
4394.07	0.664555
4401.11	0.686297
4409.03	0.540184
4417.9	0.388155
4424.27	0.352938
4427.79	0.341381
2597.4	0.28388
2589.05	0.32705
2568.49	0.462627
2682.17	0.490485
2785.59	0.489417
2880.76	0.487988
2969.66	0.486654
3053.2	0.485596
3130.93	0.484883
3204.86	0.484514
3276.1	0.484405
3345.1	0.48451
3411.98	0.484812
3476.69	0.48531
3539.11	0.486021
3599.15	0.486964
3656.94	0.48815
3713.07	0.489536
3755.59	0.48805
3806.49	0.489007
3852.64	0.491362
3895.64	0.494144
3935.72	0.497257
3972.9	0.500728
4007.72	0.504548
4040.81	0.508634
4072.42	0.512926
4102.92	0.517267
4131.92	0.521569
4157.36	0.526104
4180.96	0.531029
4203.29	0.53594
4224.47	0.540873
4242.65	0.543623
4260.66	0.5471
4277.55	0.547823
4293.56	0.547837
4309.48	0.55019
4323.48	0.555315
4338.91	0.562262
4353.34	0.5719
4365.79	0.584733
4376.47	0.607107
4383.91	0.637046
4392.92	0.663229
4400.09	0.633906
4407.67	0.500626
4415.46	0.391075
4421.12	0.358189
4425.22	0.346299
2579.07	0.262786
2574.02	0.305358
2560.88	0.47552
2669.82	0.498801
2772.3	0.497505
2868.87	0.496486
2960.65	0.49574
3047.92	0.495105
3125.27	0.493788
3199.03	0.493727
3270.55	0.493963
3340.06	0.494391
3407.47	0.494977
3472.64	0.495719
3535.37	0.496635
3595.52	0.497757
3653.06	0.499131
3707.91	0.500832
3759.13	0.503168
3804.98	0.502279
3850.62	0.504471
3894.24	0.506977
3934.71	0.509587
3971.16	0.512293
4004.78	0.515885
4037.14	0.520126
4068.78	0.524758
4100.25	0.529453
4132.1	0.533687
4155.23	0.532133
4177.69	0.535427
4199.75	0.537276
4219.45	0.538388
4240.8	0.539866
4259.42	0.542666
4276.6	0.544704
4293.24	0.546974
4308.46	0.551138
4323.86	0.558143
4338.69	0.567189
4352.97	0.578304
4364.59	0.588828
4374.88	0.610623
4384.42	0.642877
4392.53	0.679058
4399.12	0.69721
4406.23	0.572217
4414.33	0.410626
4420.4	0.364353
4423.82	0.349496
2567.73	0.242628
2564.14	0.274712
2556.46	0.496587
2661.76	0.518434
2762.75	0.517614
2859.65	0.517293
2954.06	0.517212
3050.58	0.516698
3121.29	0.508858
3193.51	0.507738
3265.08	0.507551
3335.11	0.507556
3403.18	0.507605
3468.98	0.50769
3532.17	0.507836
3592.4	0.508098
3649.78	0.50856
3704.29	0.509281
3755.66	0.510326
3801.64	0.511636
3848.55	0.513583
3893.95	0.515452
3935.7	0.517663
3970.26	0.517211
4001.13	0.518558
4032.22	0.521642
4063.33	0.521637
4095.25	0.523888
4124.76	0.525923
4150.14	0.525604
4172.87	0.526688
4196.84	0.529737
4218.53	0.533653
4239.56	0.537822
4255.97	0.540509
4275.38	0.544128
4292.64	0.549147
4309.03	0.555598
4322.78	0.561451
4337.01	0.567118
4350.59	0.575781
4363.73	0.587324
4374.85	0.610722
4384.36	0.643187
4392.2	0.679397
4398.61	0.697628
4405.53	0.576077
4413.57	0.41328
4419.64	0.365893
4422.87	0.350277
2560.91	0.232312
2558.47	0.259904
2553.45	0.502868
2656.04	0.519473
2755.25	0.517228
2850.91	0.514995
2943.24	0.512781
3031.83	0.51046
3110.81	0.507476
3186.32	0.506339
3259.62	0.505531
3330.91	0.504916
3400.16	0.504499
3467.19	0.504313
3531.41	0.504411
3591.63	0.50497
3648.88	0.505769
3703.62	0.506826
3756.06	0.508151
3807.36	0.509689
3846.72	0.510919
3897.49	0.513279
3933.15	0.509469
3967.35	0.51143
3999.86	0.513513
4030.24	0.516228
4063.92	0.519327
4092.18	0.519681
4119.06	0.521132
4145.86	0.523203
4169.9	0.526259
4194.14	0.529906
4216.29	0.534444
4234.79	0.538208
4254.84	0.542241
4274.35	0.54696
4290.94	0.551293
4307.1	0.557294
4322.11	0.563196
4334.46	0.567341
4349.67	0.575494
4362.65	0.588649
4374.25	0.611616
4383.95	0.643082
4391.77	0.678401
4398.12	0.694381
4405.03	0.568741
4413.02	0.40998
4419.02	0.364911
4422.17	0.349646
2556.63	0.230798
2554.93	0.259513
2551.28	0.504048
2651.76	0.516094
2749.26	0.513588
2843.45	0.511115
2934.1	0.508757
3020.67	0.506517
3101.91	0.504422
3179.43	0.502828
3254.21	0.501512
3326.76	0.500445
3397.35	0.499629
3466.14	0.499091
3532.6	0.498903
3591.75	0.497318
3648.45	0.498034
3703.15	0.49908
3755.48	0.500385
3804.7	0.501922
3850.67	0.50356
3891.35	0.503088
3930.25	0.504495
3964.85	0.507757
3998.09	0.511443
4029.53	0.513727
4059.18	0.515878
4089.33	0.519208
4117.07	0.523316
4143.38	0.527679
4169.06	0.532211
4191.53	0.534838
4212.23	0.538257
4232.71	0.540912
4252.33	0.543191
4271.71	0.545833
4289.4	0.546288
4306.27	0.54934
4321.67	0.556595
4335.68	0.566398
4348.89	0.577718
4360.74	0.590686
4373.41	0.612543
4383.42	0.642777
4391.3	0.677128
4397.65	0.69041
4404.61	0.559579
4412.57	0.405174
4418.52	0.363054
4421.62	0.348531
2553.85	0.233589
2552.58	0.265191
2549.69	0.516272
2648.53	0.52576
2744.6	0.523556
2837.52	0.521629
2927.04	0.520071
3012.86	0.518936
3094.75	0.518256
3173.28	0.517864
3249.03	0.517633
3322.49	0.517505
3394.2	0.51743
3465.24	0.517285
3538.93	0.516658
3592.17	0.511694
3647.82	0.511324
3702.85	0.511335
3755.79	0.511377
3803.1	0.510823
3846.86	0.51182
3887.26	0.513873
3929.46	0.516115
3961.56	0.512654
3994.29	0.513443
4026.74	0.516018
4057.21	0.519046
4086.81	0.522351
4114.5	0.526118
4139.55	0.529231
4165.59	0.53175
4189.07	0.534347
4208.41	0.536198
4230.68	0.540035
4251	0.542034
4268.35	0.543233
4287.46	0.546584
4304.87	0.550754
4320.56	0.556357
4334.92	0.564399
4348.13	0.57632
4360.62	0.59042
4373.06	0.611856
4383.05	0.641715
4390.89	0.675588
4397.22	0.686392
4404.23	0.550884
4412.2	0.400512
4418.1	0.361164
4421.16	0.347397
2552.08	0.238697
2551.05	0.275243
2548.6	0.525493
2646.27	0.532946
2741.23	0.530581
2833.14	0.528401
2921.81	0.526462
3007.15	0.524758
3089.15	0.523257
3168.09	0.521906
3244.3	0.520675
3318.11	0.519564
3389.82	0.518581
3459.65	0.517744
3527.14	0.517083
3587.48	0.516787
3645.9	0.517291
3703.75	0.517798
3762.9	0.518198
3805.19	0.514774
3846.24	0.51514
3888.89	0.516062
3922.91	0.517971
3961	0.52142
3993.29	0.521042
4024.85	0.522131
4054.63	0.523685
4085.12	0.525897
4113.05	0.528163
4140.42	0.530987
4163.87	0.532865
4184.07	0.534797
4203.88	0.535397
4226.17	0.535175
4247.76	0.536695
4266.59	0.53906
4286.64	0.542508
4304.3	0.547808
4319.97	0.555092
4333.76	0.56497
4346.04	0.576533
4360.85	0.588547
4373.02	0.609719
4382.83	0.639889
4390.57	0.673806
4396.84	0.682705
4403.89	0.543491
4411.86	0.396607
4417.72	0.359517
4420.76	0.346406
2551.02	0.243498
2550.13	0.282411
2547.98	0.522364
2644.96	0.528328
2739.14	0.526008
2830.2	0.523769
2918.13	0.521661
3002.98	0.519693
3084.82	0.517879
3163.81	0.51624
3240.13	0.514796
3313.96	0.513555
3385.4	0.512517
3454.42	0.511667
3520.56	0.510973
3582.78	0.510421
3642.6	0.510334
3701.32	0.510571
3761.23	0.510976
3802.29	0.5061
3841.67	0.507132
3884.37	0.508993
3927.82	0.510909
3957.67	0.50794
3989.83	0.50743
4023.86	0.510286
4056.74	0.514427
4085.45	0.516068
4112.67	0.520935
4139.14	0.52523
4159.73	0.526234
4181.49	0.527232
4204.2	0.530033
4225.55	0.533721
4245.25	0.537662
4267.34	0.541838
4286.22	0.543213
4303.69	0.547963
4319.22	0.55426
4332.08	0.56352
4347.7	0.57365
4361.51	0.586068
4373.18	0.607002
4382.72	0.637695
4390.28	0.671948
4396.48	0.679496
4403.55	0.537447
4411.52	0.393486
4417.35	0.358139
4420.37	0.345576
2550.53	0.246728
2549.74	0.286317
2547.82	0.507689
2644.69	0.512667
2738.36	0.510826
2828.57	0.509023
2915.7	0.507165
2999.96	0.505377
3081.48	0.503694
3160.3	0.502161
3236.55	0.50081
3310.25	0.499656
3381.43	0.498695
3450.05	0.497903
3515.87	0.49726
3578.45	0.4968
3638.31	0.496686
3695.52	0.496825
3749.81	0.496825
3799.38	0.495465
3831.7	0.493721
3876.99	0.493597
3917.62	0.494284
3951.42	0.493883
3987.68	0.495961
4021.81	0.500086
4055.23	0.504393
4087.12	0.508927
4111.86	0.510474
4134.86	0.51456
4159.27	0.515719
4182.33	0.520848
4204.83	0.525516
4226.42	0.529529
4247.18	0.533049
4267.88	0.536323
4287.09	0.540104
4304.36	0.545159
4320.26	0.551818
4334.8	0.56053
4349.1	0.570946
4362.12	0.583844
4373.33	0.604357
4382.58	0.635542
4389.98	0.670198
4396.1	0.676684
4403.19	0.532388
4411.16	0.390915
4416.96	0.356966
4419.97	0.344867
2550.52	0.250434
2549.83	0.290609
2548.13	0.494025
2645.8	0.497942
2739.17	0.496253
2828.13	0.494844
2914.25	0.49345
2997.77	0.492064
3078.85	0.490767
3157.39	0.489616
3233.46	0.488641
3307.01	0.487865
3377.88	0.487303
3446.36	0.486936
3512.24	0.486794
3574.67	0.486961
3634.45	0.487431
3690.42	0.48825
3740.85	0.488498
3788.68	0.488884
3831.1	0.489886
3871.94	0.489002
3911.95	0.491096
3949.24	0.493208
3985.28	0.495969
4018.17	0.499447
4052.93	0.503747
4085.9	0.50835
4110.95	0.509263
4133	0.512043
4158.01	0.517239
4181.68	0.522314
4204.37	0.526648
4226.17	0.530254
4247.25	0.533341
4267.95	0.536314
4287.93	0.539756
4304.41	0.544077
4320.63	0.550462
4335.7	0.558682
4349.72	0.569019
4362.35	0.582153
4373.27	0.602179
4382.32	0.633738
4389.59	0.668714
4395.65	0.674102
4402.77	0.527714
4410.75	0.388625
4416.54	0.355912
4419.54	0.34423
2550.86	0.257593
2550.35	0.300901
2549.06	0.491601
2649.35	0.493648
2742.54	0.49065
2828.66	0.488055
2913.49	0.486797
2996.04	0.485656
3076.78	0.484635
3154.89	0.483789
3230.79	0.483134
3304.35	0.482685
3374.57	0.48249
3443.08	0.482498
3509.86	0.48271
3571.32	0.48154
3632.16	0.481547
3683.62	0.481322
3735.63	0.482299
3783.13	0.48397
3826.86	0.486186
3868.11	0.489018
3908.4	0.492433
3946.59	0.496225
3983.11	0.500337
4018.47	0.504625
4050.14	0.506149
4081.98	0.509664
4105.25	0.511398
4130.05	0.514989
4156.02	0.519476
4180.02	0.524178
4202.88	0.528201
4224.73	0.531556
4245.79	0.534499
4266.82	0.537405
4287.99	0.540728
4302.72	0.543926
4320.12	0.549656
4335.62	0.55753
4349.65	0.56775
4362.15	0.581016
4372.92	0.600654
4381.84	0.632473
4389.04	0.667604
4395.08	0.671513
4402.26	0.522915
4410.28	0.386408
4416.08	0.354902
4419.08	0.343626
2551.32	0.268086
2551.07	0.327795
2550.6	0.503987
2658.11	0.504401
2751.14	0.500433
2828.64	0.495831
2913.12	0.493863
2994.18	0.492505
3075.34	0.491585
3152.56	0.490784
3228.39	0.490352
3302.87	0.490109
3370.82	0.488888
3439.3	0.488984
3501.86	0.489192
3569.07	0.490344
3636.43	0.491053
3683.66	0.483353
3732.67	0.484097
3779.1	0.48535
3822.88	0.487077
3863.01	0.48912
3904.73	0.492141
3943.4	0.495592
3979.92	0.499291
4014.35	0.503176
4046.08	0.507275
4076.2	0.511873
4103.11	0.516602
4130.53	0.521347
4153.95	0.52284
4177.52	0.526481
4200.48	0.529368
4222.21	0.531907
4242.48	0.534502
4263.63	0.537268
4284.65	0.540465
4303.63	0.544863
4319.49	0.549013
4334.95	0.55688
4349.05	0.567049
4361.53	0.580375
4372.23	0.599843
4381.1	0.6319
4388.29	0.666969
4394.38	0.668753
4401.67	0.51764
4409.74	0.384164
4415.56	0.353901
4418.57	0.34304
2551.55	0.266324
2551.19	0.312177
2550.06	0.506365
2652.55	0.507869
2746.43	0.505465
2834.94	0.503604
2914.41	0.50052
2990.4	0.498337
3075.94	0.495969
3149.71	0.493655
3225.33	0.492616
3294.08	0.491513
3367.11	0.4908
3435.59	0.490482
3500.45	0.490471
3564.42	0.490627
3625.73	0.490979
3679.9	0.491712
3731.39	0.493561
3776.77	0.49438
3819.81	0.497129
3862.82	0.500226
3901.85	0.499969
3940.14	0.502558
3976.58	0.505279
4010.72	0.508116
4041.49	0.511277
4067.38	0.514265
4098.4	0.516755
4126.25	0.519576
4151.52	0.522389
4174.2	0.525716
4198.14	0.528532
4219.94	0.531595
4240.35	0.534441
4258.64	0.537058
4281.4	0.539821
4301.16	0.543784
4317.67	0.549726
4333.58	0.556788
4347.98	0.566797
4360.53	0.580148
4371.21	0.599817
4380.05	0.632276
4387.33	0.666939
4393.54	0.665768
4400.99	0.511942
4409.15	0.381941
4415	0.352938
4418.02	0.342488
2551.62	0.274065
2551.36	0.32742
2550.41	0.517616
2653.75	0.518698
2745.3	0.516265
2834.63	0.514241
2914.41	0.513028
2997.9	0.511565
3069.26	0.510245
3145.32	0.510278
3223	0.510126
3295.18	0.50958
3365.84	0.508708
3433.39	0.508325
3497.82	0.508449
3560.24	0.508932
3619.99	0.510129
3676.69	0.512201
3734.12	0.513587
3774.69	0.510471
3814.66	0.512128
3858.28	0.515089
3898.72	0.51829
3937.64	0.521557
3974.75	0.52467
4010.4	0.526328
4038.29	0.524524
4067.34	0.52716
4096.42	0.528991
4123.92	0.531604
4149.8	0.534277
4174.6	0.536504
4196.01	0.536801
4217.16	0.538475
4236.14	0.540554
4258.9	0.541527
4279.16	0.543131
4299.92	0.54659
4318.56	0.552351
4331.66	0.557854
4346.66	0.567048
4359.26	0.58039
4369.84	0.60089
4378.57	0.634339
4386.16	0.667707
4392.6	0.662828
4400.25	0.506499
4408.5	0.379988
4414.4	0.352118
4417.43	0.342035
2551.39	0.287967
2551.36	0.367502
2551.85	0.518362
2664.94	0.517716
2744.72	0.515828
2824.26	0.514339
2911.55	0.512902
2994.87	0.511359
3073.87	0.510062
3154.25	0.509144
3224.35	0.508634
3296.01	0.508825
3365.87	0.509212
3432.45	0.50913
3495.33	0.509207
3556.84	0.509339
3615.4	0.509661
3670.82	0.510189
3723.66	0.510803
3770.36	0.511485
3815.38	0.513416
3855.05	0.512481
3895.27	0.513434
3932.45	0.514031
3969.97	0.515036
4004.75	0.51617
4036.15	0.51738
4065.17	0.52051
4094.97	0.523837
4122.34	0.527612
4148.07	0.531146
4172.15	0.534354
4194.33	0.537306
4216.51	0.540231
4237.53	0.543384
4259.13	0.546863
4280.45	0.551235
4298.8	0.552445
4316.53	0.557923
4332.39	0.56539
4345.63	0.573183
4357.82	0.585116
4368.11	0.605853
4376.28	0.638568
4384.94	0.668957
4391.68	0.660788
4399.5	0.502893
4407.84	0.378759
4413.78	0.351618
4416.84	0.341775
2550.56	0.272947
2550.24	0.327205
2549.21	0.507585
2649.89	0.508836
2739.33	0.505246
2825.1	0.502962
2910.85	0.501556
2994.39	0.500185
3075.23	0.499056
3154.08	0.498265
3228.42	0.497756
3300.25	0.497724
3367.26	0.497711
3433.33	0.498093
3492.28	0.498943
3554.44	0.499897
3611.98	0.500445
3665.55	0.500398
3717.37	0.500222
3765.75	0.499446
3809.75	0.498996
3852.09	0.499836
3892.24	0.502035
3930.44	0.504527
3967.36	0.507578
4002.27	0.510824
4034.67	0.514522
4066.43	0.518501
4093.94	0.520216
4120.43	0.523083
4146.07	0.525691
4169.75	0.528031
4190.84	0.530457
4215.2	0.531938
4236.48	0.534245
4257.78	0.536854
4278.76	0.539813
4297.83	0.54352
4315.61	0.549147
4331.45	0.556767
4344.67	0.567454
4357.2	0.579918
4367.95	0.599656
4376.8	0.633236
4384.46	0.666826
4390.99	0.660554
4398.8	0.502638
4407.2	0.378468
4413.17	0.351443
4416.25	0.341684
2549.59	0.259974
2549.03	0.300256
2547.54	0.500719
2644.24	0.503363
2735.88	0.500995
2824.14	0.499038
2910.47	0.497417
2994.66	0.496001
3076.64	0.494761
3156.41	0.493659
3232.98	0.492664
3303.45	0.491645
3370.82	0.49154
3437.27	0.491748
3497.43	0.489365
3554.57	0.487977
3607.87	0.486854
3663.39	0.485467
3714.25	0.486711
3762.27	0.488151
3806.63	0.49004
3849.14	0.492471
3888.98	0.495359
3927.54	0.498454
3964.63	0.501817
4000.19	0.505383
4031.73	0.506582
4063.15	0.508997
4092.1	0.510992
4120.35	0.51394
4146.63	0.518538
4171.04	0.522942
4193.88	0.526935
4216.49	0.530273
4237.35	0.533434
4254.75	0.536861
4276.96	0.540331
4296.1	0.544902
4314.52	0.550798
4331.02	0.558566
4345.88	0.568633
4356.16	0.579353
4367.48	0.597029
4376.53	0.629553
4383.93	0.664703
4390.32	0.659761
4398.14	0.501226
4406.58	0.37729
4412.6	0.350669
4415.7	0.34114
2548.84	0.255397
2548.21	0.296032
2546.66	0.505844
2641.88	0.509084
2734	0.507034
2823.31	0.505126
2910.33	0.503337
2995.23	0.501666
3078.25	0.500127
3159.92	0.498725
3241.64	0.497431
3307.72	0.493087
3373.25	0.491808
3436.02	0.490373
3498.95	0.489078
3557.42	0.488786
3614.41	0.489205
3663.63	0.488018
3711.74	0.488472
3760.2	0.488459
3803.13	0.490583
3846.64	0.493449
3884.8	0.493951
3923.89	0.496228
3961.2	0.498131
3994.41	0.499929
4029.16	0.502697
4061.3	0.506547
4091.42	0.510712
4120.09	0.514985
4147	0.519184
4171.89	0.523185
4195.22	0.527004
4217.61	0.530524
4237.86	0.532414
4257.21	0.53531
4276.27	0.538678
4293.1	0.543476
4313.32	0.548884
4330.19	0.556147
4344.77	0.566014
4357.1	0.579359
4367.07	0.593809
4375.89	0.62653
4383.18	0.66249
4389.59	0.654974
4397.54	0.492449
4406.01	0.372447
4412.06	0.347859
4415.19	0.339172
2548.35	0.255323
2547.74	0.297473
2546.24	0.514984
2640.92	0.518128
2733.18	0.515941
2822.98	0.513868
2910.47	0.511912
2995.81	0.510092
3079.24	0.508439
3161.34	0.506951
3243.64	0.505607
3309.93	0.503717
3376.34	0.503303
3440.92	0.502908
3502.84	0.502533
3559.62	0.502203
3614.06	0.502635
3665.44	0.503554
3716.9	0.504657
3761.46	0.505349
3796.83	0.501061
3839.95	0.501337
3881.63	0.50324
3920.85	0.505151
3957.99	0.507265
3993.02	0.50973
4026.95	0.511963
4059.26	0.514641
4090.06	0.517425
4119.47	0.520139
4147.37	0.522767
4172.32	0.523397
4195.56	0.525498
4216.62	0.527892
4238.32	0.530135
4258.42	0.532948
4277.53	0.53604
4295.53	0.53994
4313.42	0.544829
4329.59	0.551917
4343.83	0.561448
4355.99	0.574529
4365.75	0.592965
4374.78	0.623037
4382.16	0.657647
4388.8	0.637929
4397.03	0.46755
4405.39	0.361425
4411.57	0.341696
4414.75	0.334856
2548.12	0.256157
2547.53	0.299052
2546.12	0.514611
2640.72	0.517667
2733.13	0.515651
2823.22	0.513785
2910.98	0.512106
2996.46	0.510619
3079.68	0.509325
3160.58	0.508212
3238.56	0.507281
3310.25	0.506735
3379.39	0.506503
3446.61	0.506639
3509.98	0.507449
3562.3	0.50611
3614.86	0.507554
3665.25	0.508942
3710.75	0.51033
3756.98	0.512831
3798.24	0.515527
3839.73	0.517469
3880.2	0.519407
3918.96	0.521862
3955.98	0.524591
3991.28	0.527471
4025.13	0.530278
4057.51	0.533234
4088.79	0.536207
4119.27	0.538896
4150.3	0.540796
4173.34	0.537363
4195.72	0.538802
4217.3	0.540853
4238.41	0.542928
4258.64	0.545228
4277.9	0.547917
4296.04	0.551377
4313.14	0.555666
4328.81	0.561176
4342.83	0.568477
4355.13	0.577825
4365.89	0.588788
4373.42	0.596924
4381.2	0.591574
4388.58	0.517436
4396.73	0.398768
4404.3	0.346425
4411.1	0.333293
4414.39	0.328601
2548.11	0.256936
2547.54	0.299774
2546.18	0.510425
2640.96	0.513251
2733.61	0.511185
2823.95	0.509224
2911.9	0.507415
2997.44	0.505775
3080.47	0.504319
3160.74	0.503071
3237.81	0.502073
3311.18	0.501328
3382.39	0.500862
3454.17	0.500614
3508.91	0.496315
3565.99	0.496433
3616.89	0.495563
3665.63	0.496939
3711.4	0.498763
3755.63	0.50098
3797.62	0.502978
3838.73	0.505204
3878.67	0.507336
3917.03	0.50936
3953.9	0.511284
3989.26	0.513173
4023.02	0.515099
4055.15	0.517032
4086.61	0.51876
4116.82	0.520505
4145.85	0.521949
4172.14	0.521934
4195.19	0.524646
4216.98	0.527665
4238.08	0.530438
4258.66	0.533066
4278.23	0.536247
4296.4	0.540354
4313.32	0.5458
4328.84	0.553106
4342.78	0.562846
4355.03	0.575927
4365.56	0.59321
4374.14	0.622498
4380.83	0.647998
4387.75	0.590678
4396.71	0.414239
4405	0.341238
4411.04	0.32856
4414.12	0.324412
2548.3	0.25784
2547.73	0.300861
2546.35	0.520303
2641.53	0.523107
2734.52	0.520929
2825.13	0.518892
2913.27	0.517034
2998.92	0.515367
3081.96	0.5139
3162.04	0.512651
3238.7	0.511643
3312.15	0.51088
3382.66	0.51036
3449.29	0.510107
3510.34	0.510887
3573.73	0.511075
3619	0.505408
3666.89	0.506002
3711.49	0.506313
3754.46	0.507188
3795.81	0.50841
3836.83	0.509745
3876.62	0.511169
3914.5	0.512733
3951.27	0.514447
3986.72	0.516275
4020.47	0.518251
4051.33	0.520531
4083.58	0.522926
4113.41	0.525881
4142.06	0.529054
4172.06	0.532109
4193.91	0.529696
4215.37	0.531335
4236.31	0.533263
4257.71	0.535024
4277.99	0.537146
4295.99	0.540146
4312.86	0.542874
4328.39	0.549685
4342.34	0.558914
4354.59	0.571335
4365.07	0.58747
4373.58	0.617165
4380.23	0.644711
4387.45	0.588928
4396.66	0.411141
4405.02	0.340138
4410.78	0.327047
4413.72	0.322634
2548.69	0.25815
2548.11	0.300489
2546.71	0.519755
2642.55	0.522538
2736.06	0.520308
2826.97	0.518212
2915.29	0.516291
3001.14	0.514554
3084.5	0.513003
3164.84	0.511644
3240.85	0.510492
3314.15	0.509612
3384.85	0.508948
3448.08	0.508412
3507.52	0.508635
3564.96	0.508987
3617.21	0.509394
3671.27	0.510463
3712.2	0.508978
3753.74	0.51023
3792.49	0.51203
3834.79	0.514588
3875.5	0.516787
3911.69	0.516628
3948.71	0.518692
3984.77	0.520701
4019.14	0.522746
4052.29	0.524819
4081.03	0.524611
4109.24	0.526595
4135	0.52879
4165.03	0.530259
4190.11	0.531761
4212.53	0.534441
4231.92	0.537588
4256.47	0.540836
4277.96	0.543968
4297.92	0.547543
4311.66	0.550163
4327.43	0.556084
4341.49	0.563484
4353.81	0.572715
4364.33	0.58348
4373.13	0.588491
4381.08	0.548253
4388.03	0.447842
4396.98	0.359359
4404.71	0.333047
4410.21	0.325282
4413.01	0.321941
2549.3	0.258407
2548.7	0.29994
2547.26	0.520186
2644.14	0.522997
2738.35	0.520816
2829.52	0.518848
2917.88	0.517082
3003.92	0.515489
3088.09	0.514066
3169.99	0.512908
3243.76	0.512637
3316.72	0.512129
3392.56	0.511378
3448.73	0.506217
3504.78	0.505563
3559.48	0.505398
3611.67	0.505229
3662.16	0.505204
3708.2	0.504925
3752.19	0.505635
3795.2	0.506765
3832.46	0.506101
3868.61	0.506085
3909.62	0.504746
3946.11	0.505844
3983.55	0.507721
4018	0.510556
4050.24	0.513714
4080.39	0.516746
4109.02	0.520435
4136.29	0.524069
4163.51	0.527228
4188.82	0.529917
4212.18	0.532492
4234.14	0.535003
4256.42	0.537487
4277.61	0.540454
4294.85	0.543529
4311.5	0.548408
4327.28	0.555348
4341.62	0.564991
4354.16	0.578116
4364.86	0.596506
4373.66	0.628795
4380.9	0.656305
4388.25	0.569009
4396.59	0.408026
4405.02	0.340211
4410.83	0.32743
4413.78	0.323132
2550.13	0.259349
2549.55	0.300136
2548.11	0.515364
2646.61	0.517991
2741.88	0.5157
2833.06	0.513579
2920.93	0.511663
3006.67	0.50993
3092	0.508367
3181.34	0.50689
3245.65	0.500927
3314.43	0.500026
3382.72	0.498723
3445.41	0.496067
3501.9	0.494206
3555.82	0.493714
3606.91	0.493358
3657.97	0.493086
3705.5	0.493903
3750.33	0.495534
3793.75	0.497675
3830.84	0.499153
3866.41	0.502083
3909.07	0.504303
3948.27	0.507418
3983.15	0.508552
4016.94	0.511108
4048.14	0.513803
4079.19	0.516952
4108.13	0.521049
4135.61	0.524911
4161.97	0.528344
4187.54	0.531326
4211.36	0.534093
4234.12	0.536834
4255.55	0.539467
4276.88	0.542797
4292.37	0.54469
4312.63	0.549117
4326.52	0.553635
4341.48	0.562504
4354.29	0.574848
4365.17	0.59116
4374.13	0.62085
4381.32	0.651827
4387.88	0.605255
4395.65	0.413792
4405.01	0.344352
4411.17	0.330614
4414.25	0.326006
2551.18	0.262132
2550.67	0.304834
2549.33	0.515309
2650.44	0.51765
2747.63	0.51545
2838.03	0.513584
2924.21	0.512235
3007.85	0.511018
3089.73	0.50983
3169.48	0.508799
3240.94	0.508323
3310.59	0.508487
3379.46	0.508792
3449.68	0.509172
3501.02	0.503235
3553.89	0.503438
3606.57	0.504277
3655.16	0.503245
3703.35	0.504171
3747.74	0.504715
3789.36	0.506013
3830.34	0.506393
3870.37	0.507721
3909.78	0.509385
3947.73	0.511499
3983.45	0.51397
4017.27	0.516643
4048.64	0.519632
4078.01	0.521124
4106.66	0.524359
4134.07	0.527125
4159.26	0.529882
4186.13	0.532515
4209.71	0.534172
4232.01	0.535952
4254.49	0.53812
4275.39	0.541721
4295.26	0.546483
4311.12	0.549797
4326.67	0.555965
4341.39	0.564276
4354.23	0.577324
4365.17	0.595134
4374.34	0.626664
4381.72	0.660694
4388.2	0.636826
4396.45	0.455939
4405.3	0.355798
4411.46	0.336976
4414.59	0.330744
2552.37	0.266464
2551.98	0.316537
2550.94	0.515564
2656.25	0.516937
2758.24	0.513994
2845.37	0.509431
2928.18	0.507253
3008.91	0.50577
3087.65	0.504709
3163.98	0.503806
3236.18	0.502929
3305.63	0.502368
3372.85	0.501977
3437.38	0.501591
3494.94	0.500714
3550.02	0.501706
3603.6	0.503089
3653.22	0.504098
3699.32	0.505979
3747.72	0.507921
3792.31	0.510159
3834.91	0.512513
3873.08	0.513877
3910.6	0.516196
3948.53	0.518238
3984.64	0.520299
4018.77	0.522403
4050.42	0.524583
4077.52	0.526638
4105.19	0.529558
4132.38	0.530049
4160.78	0.531914
4184.4	0.532792
4208.31	0.535171
4228.58	0.538009
4253.05	0.540798
4272.91	0.545052
4294.69	0.55011
4313.56	0.556972
4328.3	0.562949
4341.06	0.567744
4353.94	0.580677
4364.72	0.601609
4374.35	0.633419
4382.08	0.667609
4388.66	0.65826
4396.78	0.490056
4405.54	0.368656
4411.74	0.343925
4414.91	0.335411
2553.52	0.267289
2553.18	0.324721
2552.48	0.524823
2663.21	0.525518
2781.63	0.522867
2855.19	0.515333
2932.37	0.512905
3010.06	0.511214
3086.05	0.509721
3160.63	0.508574
3232.18	0.507733
3300.88	0.507188
3366.86	0.50695
3429.98	0.507089
3489.29	0.507737
3545.62	0.508428
3598.03	0.509388
3651.59	0.510667
3702.14	0.511813
3749.43	0.512561
3795.18	0.51415
3840.57	0.515926
3875.64	0.51365
3908.78	0.516443
3950.05	0.518646
3986.99	0.52156
4022.29	0.524715
4052.51	0.526066
4080.27	0.526448
4106.91	0.5292
4135.33	0.531931
4158.41	0.534437
4185.88	0.536131
4210.35	0.538247
4232.7	0.540663
4254.27	0.543493
4273.98	0.547522
4294.99	0.552149
4313.3	0.558856
4329.66	0.568312
4341.63	0.57776
4353.54	0.585665
4363.24	0.609738
4374.26	0.639312
4382.47	0.67208
4389.19	0.669118
4397.16	0.510751
4405.87	0.379022
4412.09	0.349859
4415.29	0.339506
2554.46	0.25471
2553.85	0.296609
2552.36	0.521999
2659.93	0.524734
2764.54	0.522271
2856.41	0.519876
2933.51	0.516821
3011.43	0.515399
3084.29	0.513753
3159.67	0.512422
3230.39	0.511808
3298.17	0.511642
3363.17	0.511686
3426.39	0.511974
3484.58	0.512596
3542.83	0.513614
3597.96	0.514727
3652.42	0.515781
3707.92	0.516878
3751.51	0.514135
3797.06	0.51551
3842.77	0.517138
3880.66	0.516997
3917.83	0.51797
3953.86	0.516754
3988.97	0.517659
4020.78	0.519494
4051.65	0.521503
4083.42	0.52455
4111.99	0.52829
4139.35	0.531787
4164.71	0.535098
4189.98	0.537886
4213.88	0.540745
4236.32	0.543826
4256.99	0.547395
4276.71	0.552517
4295.9	0.559054
4312.9	0.563085
4329.37	0.570997
4343.68	0.581593
4354	0.589182
4365.11	0.610427
4375.01	0.641568
4383.1	0.674742
4389.85	0.674974
4397.71	0.52244
4406.35	0.385957
4412.59	0.354034
4415.8	0.342541
2555.57	0.242227
2554.59	0.277922
2552.23	0.521026
2657.32	0.527359
2758.04	0.525095
2850.85	0.523155
2934.73	0.521544
3014.85	0.520037
3092.28	0.518692
3161.5	0.516545
3229.67	0.51542
3294.84	0.514249
3361.82	0.513265
3424.57	0.5133
3483.37	0.513768
3541.22	0.514488
3596.61	0.515428
3650.19	0.516598
3702.96	0.517938
3748.38	0.518239
3796.58	0.520425
3847.55	0.522135
3884.62	0.52215
3921.78	0.524631
3959.53	0.524258
3992.72	0.52322
4026.22	0.524861
4057.25	0.527727
4087.64	0.530881
4116.21	0.533944
4143.36	0.536824
4169.14	0.53942
4193.49	0.541639
4216.96	0.544474
4239.77	0.54779
4258.7	0.548379
4277.99	0.551613
4292.83	0.555208
4313.22	0.559172
4330.15	0.567101
4344.52	0.578577
4356.22	0.594907
4365.99	0.615218
4375.58	0.644295
4383.8	0.677197
4390.63	0.678727
4398.43	0.529306
4407.03	0.390154
4413.27	0.35654
4416.48	0.344407
2557.29	0.234232
2555.88	0.265474
2552.68	0.520235
2656.94	0.530464
2757.36	0.528211
2852.33	0.526133
2937.9	0.524388
3019.14	0.523075
3090.29	0.521907
3160.43	0.521356
3232.17	0.520982
3302.25	0.520544
3362.75	0.519543
3424.79	0.519657
3481.14	0.520027
3540.1	0.521086
3595.05	0.522006
3646.72	0.523154
3694.78	0.524795
3740.42	0.527307
3791.19	0.529629
3840.67	0.531388
3884.44	0.533812
3926.31	0.535007
3969.44	0.53671
4001.63	0.530503
4032.05	0.531803
4061.43	0.534348
4091.68	0.537018
4119.86	0.539846
4146.8	0.542839
4173.07	0.545695
4196	0.545697
4218.77	0.547631
4239.39	0.550031
4259.43	0.552822
4277.32	0.556723
4296.44	0.560856
4314.84	0.567054
4331.34	0.575388
4345.87	0.58633
4358.7	0.603274
4368.05	0.623729
4375.53	0.650588
4384.56	0.679948
4391.58	0.68171
4399.36	0.53375
4407.93	0.392353
4414.15	0.357683
4417.36	0.345229
2560.11	0.230033
2558.11	0.258219
2553.81	0.514926
2658.32	0.529661
2760.02	0.527429
2861.24	0.52518
2943.57	0.522572
3016.19	0.520612
3091.94	0.519625
3164.14	0.518834
3234.51	0.51825
3302.04	0.517789
3365.63	0.517384
3427.96	0.517205
3488.3	0.517266
3541.1	0.516782
3594.9	0.517421
3645.03	0.518041
3687.22	0.517728
3725.46	0.518696
3785.22	0.51882
3837.64	0.518018
3884.4	0.518099
3927.76	0.519376
3968.82	0.52089
4005.18	0.522453
4036.92	0.524658
4067.57	0.52781
4096.97	0.530268
4123.66	0.530304
4149.6	0.532269
4173.35	0.534243
4198.48	0.536955
4221.91	0.540103
4242.17	0.541116
4261.21	0.542215
4277.95	0.546428
4299.21	0.551108
4317.53	0.557284
4333.69	0.565575
4347.86	0.576654
4360.31	0.590643
4370.05	0.618797
4378.94	0.649807
4386.05	0.677203
4392.87	0.683562
4400.55	0.536066
4409.05	0.392396
4415.23	0.357479
4418.43	0.345054
2564.7	0.229173
2561.76	0.255749
2555.67	0.500788
2660.45	0.521216
2760.98	0.519216
2856.29	0.517299
2941.91	0.515052
3019.99	0.513656
3095.44	0.512803
3167.96	0.512139
3237.93	0.511656
3304.02	0.511536
3368.02	0.511291
3431.32	0.510998
3487.54	0.509541
3544.11	0.509296
3595.35	0.50743
3642.69	0.507331
3691.44	0.507442
3738.25	0.509922
3784.46	0.513241
3838.18	0.515873
3885.69	0.517975
3929.44	0.520058
3970.82	0.522141
4011.37	0.523974
4040.93	0.521659
4070.5	0.523305
4098.11	0.525782
4127.69	0.528802
4152.11	0.529406
4178.26	0.532455
4200.77	0.532445
4222.45	0.534055
4243.11	0.53695
4264.73	0.540405
4283.92	0.544639
4302.88	0.549704
4320.29	0.556344
4335.92	0.565159
4349.47	0.577165
4362.34	0.591108
4373.45	0.617848
4381.32	0.646145
4388.59	0.675131
4394.54	0.662818
4402.02	0.52926
4410.41	0.389119
4416.51	0.355827
4419.68	0.343951
2572.24	0.235449
2567.98	0.26839
2558.76	0.483647
2664.87	0.509253
2765.14	0.507589
2859.15	0.505944
2946.07	0.504416
3024.74	0.503315
3100.19	0.50263
3172.65	0.502148
3243.51	0.50167
3306.42	0.498692
3369.39	0.497765
3429.41	0.496944
3488.36	0.494925
3541.27	0.494276
3597.92	0.494275
3649.77	0.495186
3699.94	0.496455
3748.11	0.498028
3793.01	0.500017
3842.93	0.501716
3888.78	0.504026
3931.56	0.506396
3971.72	0.508975
4009.04	0.511849
4041.87	0.513483
4072.65	0.516449
4101.7	0.519689
4129.43	0.523335
4156.21	0.524851
4178.98	0.526556
4203.03	0.529249
4226.54	0.532446
4247.88	0.536185
4268.74	0.539811
4288.16	0.543713
4306.1	0.548322
4322.82	0.554696
4338.18	0.562971
4349.73	0.572374
4363.91	0.583962
4375.05	0.603266
4383.26	0.636642
4390.7	0.665311
4397	0.643953
4403.89	0.492863
4411.91	0.383888
4417.9	0.353801
4421.06	0.342735
2585.02	0.255213
2579.79	0.304878
2564.29	0.470516
2673.17	0.497709
2773.64	0.49807
2867.24	0.498453
2956.73	0.498498
3031.04	0.493495
3106.25	0.492907
3177.21	0.492478
3244.38	0.491586
3308.46	0.487871
3371.88	0.487417
3432.05	0.487084
3491.8	0.487852
3547.99	0.48883
3603.32	0.490061
3656.56	0.491478
3708.45	0.493122
3759.22	0.495021
3806.95	0.497619
3849.63	0.494603
3892.84	0.496443
3934.21	0.497988
3973.34	0.499625
4010.13	0.501794
4044.08	0.505586
4075.39	0.509795
4104.27	0.513695
4130.61	0.517659
4159.05	0.521901
4184.47	0.526587
4209.19	0.531134
4230.82	0.533908
4251.2	0.537242
4272.22	0.540989
4291.91	0.545481
4308.55	0.547977
4324.69	0.553239
4338.71	0.560586
4353.23	0.570748
4366.34	0.583781
4377.35	0.606034
4386.43	0.641107
4392.87	0.670576
4398.81	0.678223
4405.91	0.52437
4413.17	0.386249
4419.24	0.35467
4422.57	0.343279
2606.66	0.287995
2597.79	0.33245
2577.54	0.45989
2687.94	0.477615
2787.07	0.478661
2877.56	0.479726
2957.1	0.480509
3039.22	0.481746
3116.84	0.482674
3181.8	0.47775
3245.66	0.477552
3313.45	0.478068
3377.13	0.478982
3437.94	0.480111
3496.87	0.481456
3553.6	0.483
3608.83	0.484767
3662.67	0.486727
3716	0.488804
3771.24	0.490664
3809.5	0.48507
3854.78	0.48747
3897.62	0.490295
3938.19	0.493386
3976.78	0.496692
4012.45	0.500401
4046.75	0.504505
4076.76	0.505666
4107.23	0.50879
4135.41	0.513457
4162.86	0.517992
4188.66	0.522385
4212.46	0.526729
4234.74	0.531414
4256.29	0.536084
4275.13	0.537704
4292.58	0.540183
4310.73	0.544068
4327.03	0.549998
4342.02	0.557793
4356.07	0.567796
4368.67	0.580873
4379.41	0.600627
4388.09	0.634367
4394.43	0.67823
4400.52	0.699326
4407.27	0.5776
4415.12	0.40689
4420.44	0.359813
4424.33	0.345535
2637.73	0.313841
2624.56	0.354849
2595.11	0.447123
2711.52	0.460179
2811.14	0.463648
2897.57	0.467
2979.5	0.470095
3050.05	0.466703
3116.59	0.466968
3188.7	0.467894
3255.4	0.46878
3320.62	0.469736
3383.35	0.470713
3443.74	0.471784
3502.15	0.472973
3558.7	0.474289
3613.66	0.475739
3667.19	0.477316
3719.45	0.479
3770.1	0.480775
3815.39	0.482648
3860.14	0.485343
3902.44	0.488598
3941.93	0.492235
3980.9	0.49566
4013.96	0.49523
4045.71	0.497585
4079.22	0.501224
4110.35	0.505338
4138.84	0.510134
4166.25	0.515216
4192.82	0.52034
4215.24	0.520972
4237.46	0.524644
4257.95	0.528385
4278.04	0.533184
4296.02	0.53821
4312.76	0.542887
4328.68	0.549108
4344.22	0.556527
4358.29	0.566599
4370.7	0.580235
4381.28	0.601645
4389.95	0.638335
4396.99	0.682438
4402.15	0.703649
4409.01	0.584725
4417.39	0.409825
4423.56	0.360185
4426.99	0.344536
2679.4	0.325058
2666.01	0.373276
2624.67	0.42278
2749.62	0.444408
2846.35	0.450602
2920.23	0.451085
2988.2	0.454055
3062.35	0.457057
3131.12	0.459192
3199.13	0.460965
3264.72	0.462432
3328.37	0.463752
3389.95	0.464977
3449.53	0.466169
3507.27	0.467373
3563.33	0.468612
3617.83	0.469909
3670.85	0.471277
3722.36	0.472722
3772.17	0.474246
3819.66	0.475952
3865.8	0.477999
3907.92	0.481105
3944.07	0.480337
3978.7	0.482478
4015.43	0.48555
4049.02	0.489541
4081.91	0.493599
4113.97	0.497884
4141.25	0.498549
4168.41	0.502603
4192.48	0.506811
4217.85	0.512228
4240.6	0.518193
4261.5	0.524011
4281.11	0.529403
4299.18	0.534474
4315.87	0.539624
4328.73	0.545577
4345.84	0.552765
4360.1	0.562334
4372.4	0.575487
4382.9	0.593499
4391.44	0.627294
4397.93	0.668902
4402.76	0.680308
4411.33	0.532891
4420.41	0.388714
4426.81	0.35235
4430.12	0.338745
2732.18	0.331301
2733.81	0.38519
2746.31	0.416347
2813.32	0.430333
2879.21	0.430909
2945.22	0.437195
3010.89	0.442235
3078.26	0.446209
3144.64	0.449348
3210.15	0.451963
3274.11	0.454224
3336.29	0.456227
3396.62	0.457974
3455.19	0.459532
3512.1	0.460975
3567.49	0.462345
3621.44	0.463708
3673.93	0.465124
3724.83	0.466636
3774.41	0.468171
3823.13	0.469748
3873.3	0.471192
3907.37	0.466246
3946.34	0.467861
3983.37	0.47085
4017.83	0.474408
4050.84	0.478987
4083.22	0.48031
4113.31	0.483244
4143.8	0.487577
4171.34	0.493524
4196.64	0.499823
4220.93	0.506142
4243.49	0.512455
4264.32	0.518699
4283.75	0.524468
4301.77	0.529723
4318.42	0.534554
4333.49	0.539403
4348.3	0.545135
4361.85	0.553063
4373.87	0.56346
4384.29	0.577041
4393.14	0.594057
4399.63	0.589711
4406.32	0.523749
4415.81	0.420513
4424.47	0.359869
4430.51	0.339026
4433.63	0.329083
2780.94	0.335299
2789.12	0.381662
2811.29	0.399965
2856.27	0.409672
2910.31	0.417084
2968.94	0.423166
3030.2	0.428194
3093.42	0.432386
3157.27	0.435968
3220.91	0.439201
3283.46	0.442306
3344.17	0.445354
3403.16	0.447998
3460.58	0.450287
3516.46	0.452369
3571.07	0.454188
3624.44	0.455871
3676.49	0.457537
3726.48	0.459481
3775.35	0.461093
3822.91	0.462641
3868.92	0.464305
3910.73	0.465676
3948.24	0.467497
3988.26	0.470062
4019.38	0.463223
4047.79	0.463646
4084.9	0.46829
4117.27	0.473862
4146.93	0.480705
4174.2	0.487254
4199.58	0.493476
4223.53	0.499397
4245.98	0.505023
4266.5	0.511244
4285.8	0.516578
4303.83	0.521493
4320.65	0.525871
4336.66	0.528699
4350.13	0.525014
4363.26	0.524814
4375.14	0.52213
4385.62	0.513008
4394.51	0.489399
4403.77	0.449887
4412.53	0.395257
4421.39	0.356866
4428.99	0.33621
4434.43	0.324859
4437.26	0.317834
2819.05	0.333602
2829.01	0.376424
2851.65	0.391866
2888.59	0.399012
2935.31	0.404492
2988.45	0.409137
3045.88	0.412996
3106.25	0.416274
3168.31	0.419193
3230.95	0.422045
3292.75	0.425246
3351.88	0.429269
3409.32	0.432613
3465.56	0.435173
3520.1	0.437532
3573.84	0.439541
3626.71	0.441304
3679.02	0.442695
3727.13	0.442049
3775.43	0.442946
3822.08	0.443451
3866.56	0.443178
3906.6	0.441897
3948.16	0.440987
3986.86	0.441911
4021.61	0.441558
4054.69	0.443433
4089.06	0.446558
4121.71	0.450122
4150.28	0.457836
4176.83	0.464127
4201.88	0.468733
4225.66	0.471954
4248.48	0.473264
4268.12	0.468633
4287.42	0.467949
4305.49	0.467064
4322.22	0.464471
4336.94	0.459018
4352.24	0.455759
4365.77	0.447855
4377.98	0.433618
4389.1	0.412225
4399.31	0.385661
4409.02	0.361872
4418.04	0.342652
4426.25	0.329118
4433.09	0.319895
4437.99	0.312962
4440.56	0.307111
2844.64	0.330574
2854.74	0.371876
2876.42	0.385827
2909.67	0.391633
2952.32	0.39513
3002.05	0.397554
3056.97	0.399312
3115.66	0.400691
3176.97	0.401942
3239.93	0.403197
3302.82	0.404895
3359.35	0.409006
3414.73	0.414
3470.25	0.417442
3522.53	0.413777
3575.45	0.413282
3627.46	0.412354
3677.56	0.41119
3727.83	0.410157
3776.06	0.41064
3822.37	0.410823
3866.55	0.410769
3908.27	0.410564
3948.82	0.410892
3987.31	0.411024
4023.48	0.411213
4058.26	0.412125
4092.91	0.413595
4128.24	0.41402
4153.69	0.406796
4179.13	0.404805
4203.69	0.402975
4227.06	0.399952
4247.9	0.395105
4269.78	0.392156
4289.57	0.39083
4307.84	0.388542
4324.72	0.385156
4340.27	0.38051
4355.09	0.374879
4368.75	0.367385
4381.27	0.358446
4392.75	0.348741
4403.31	0.338997
4413.07	0.329964
4421.95	0.322188
4429.76	0.315638
4436.15	0.309606
4440.69	0.30325
4443.01	0.296335
2857.42	0.327767
2867.38	0.368516
2888.38	0.381619
2920.08	0.386464
2960.93	0.388991
3009.05	0.390475
3062.76	0.391331
3120.74	0.391759
3182.17	0.391879
3247.06	0.391757
3317.18	0.391396
3365.94	0.376976
3418.01	0.372811
3468.05	0.366946
3523.05	0.364224
3576.37	0.363938
3628.37	0.363691
3678.97	0.363456
3728.63	0.36323
3776.67	0.363015
3822.86	0.362817
3867.03	0.362641
3909.15	0.362486
3949.56	0.362343
3988.08	0.362193
4024.72	0.362031
4059.92	0.361834
4094.05	0.361564
4126.56	0.361195
4154.54	0.357113
4180.54	0.356537
4205.15	0.35588
4228.39	0.355014
4250.12	0.353899
4271.25	0.352593
4291.01	0.351004
4309.36	0.349032
4326.36	0.346629
4342.14	0.34376
4356.91	0.34044
4370.6	0.336659
4383.2	0.332487
4394.8	0.328036
4405.45	0.323422
4415.2	0.318716
4423.97	0.313862
4431.6	0.308597
4437.83	0.302495
4442.11	0.294566
4444.23	0.287343
4133.13	0.42233
4153.73	0.422765
4179.03	0.425086
4203.56	0.429513
4227.04	0.435674
4243.22	0.441382
4250.22	0.474206
4267.89	0.475433
4287.29	0.477181
4305.35	0.480245
4322.12	0.485206
4334.64	0.490993
4338.92	0.52142
4349.94	0.522374
4363.16	0.520843
4375.04	0.518145
4385.48	0.514945
4393.35	0.515373
4395.12	0.557708
4399.47	0.558856
4402.02	0.528931
2679.91	0.516218
2745.22	0.515119
2809.6	0.513415
2840.48	0.5111
2914.12	0.509689
2998.44	0.507094
3053.76	0.504594
3080.99	0.499812
3149.43	0.498637
3225.92	0.497176
3277.98	0.495737
3306.05	0.496108
3370.49	0.495114
3439.85	0.494083
3485.47	0.492879
3511.98	0.492982
3570.95	0.492314
3632.22	0.492433
3668.52	0.491963
3691.54	0.494451
3740.44	0.493915
3788.35	0.493793
3813.57	0.493616
3826.65	0.494384
3784.84	0.526107
3805.81	0.525709
3846.38	0.525949
3888.01	0.525841
3922.93	0.527496
3960.35	0.527507
3993.21	0.527901
4025.26	0.5277
4047.53	0.527481
4058.69	0.528953
4084.93	0.529444
4112.44	0.531596
4138.45	0.532725
4159.72	0.534794
4181.27	0.535634
4204	0.536886
4225.23	0.53796
4243.77	0.538904
4246.51	0.541694
4153.85	0.549965
4173.56	0.550733
4195.63	0.55189
4217.21	0.553448
4238.27	0.555123
4258.5	0.557136
4277.74	0.559445
4295.89	0.56204
4312.97	0.564701
4328.63	0.567423
4342.67	0.569611
4355.01	0.569888
4365.73	0.565684
4373.56	0.546725
4381.43	0.511753
4388.82	0.443385
4396.65	0.382043
4400.04	0.351637
4216.42	0.510156
4232	0.514142
4238.28	0.533174
4249.54	0.534127
4267.32	0.538314
4284.18	0.543807
4299.41	0.550043
4304.67	0.568034
4312.49	0.569101
4327.85	0.572282
4342.47	0.576861
4356.42	0.580485
4360.6	0.592353
4366.47	0.593014
4377.1	0.594118
4386.18	0.588048
4394.24	0.566758
4397.39	0.515957
4400.6	0.508533
4407.87	0.43695
4415.35	0.381398
4420.28	0.359894
3811.05	0.501855
3829.98	0.501695
3843.74	0.504546
3871.42	0.504252
3911.7	0.506415
3949.11	0.508754
3985.36	0.510631
4007.87	0.511471
4020.07	0.517017
4049.95	0.51761
4081.53	0.51922
4105.49	0.523231
4127.77	0.524788
4135.89	0.531382
4153.61	0.531606
4177.43	0.533557
4200.36	0.534909
4222.06	0.535972
4233.65	0.536491
4240.88	0.537019
4250.85	0.537257
2836.31	0.525935
2856.25	0.525017
2882.72	0.52498
2933.09	0.524015
3011.57	0.523107
3080.46	0.521762
3108.66	0.523605
3160.43	0.522657
3229.9	0.522364
3290.29	0.52125
3314.31	0.523411
3362	0.52257
3424.9	0.521639
3476.33	0.520298
3497.03	0.519082
3540.45	0.518284
3595.07	0.517215
3638.7	0.515881
3651.33	0.511139
3690.87	0.510455
3738.47	0.509947
3775.72	0.508819
3783.97	0.500696
3549.72	0.522883
3592.27	0.522431
3647.78	0.521988
3702.67	0.521487
3755.35	0.521344
3802.79	0.522065
3846.59	0.523059
3887.28	0.524192
3928.7	0.524469
3961.52	0.526733
3994.23	0.528025
4026.52	0.529332
4057.07	0.53097
4086.59	0.532053
4114.51	0.532965
4135.57	0.533043
4143.68	0.535397
4163.08	0.535379
4183.76	0.535788
4197.63	0.535633
3828.29	0.506753
3862.74	0.507374
3901.91	0.508835
3940.33	0.510722
3977.4	0.512976
4012.98	0.515299
4041.01	0.516673
4051.8	0.530804
4076.07	0.531203
4106.21	0.533868
4134.38	0.535964
4160.78	0.538165
4185.55	0.540506
4208.54	0.543001
4228.11	0.546307
4246.73	0.549411
4264.7	0.552076
4278.67	0.553548
4283.47	0.561012
4295.67	0.561784
4310.3	0.563812
4319.71	0.564974
3642.99	0.503256
3683.58	0.503485
3732.41	0.504606
3778.81	0.506231
3822.93	0.507757
3848.96	0.50831
3864.54	0.515696
3901.57	0.516143
3939.91	0.517412
3976.34	0.518854
4010.41	0.520737
4041.1	0.523397
4067.53	0.527044
4098.11	0.528644
4125.96	0.530973
4151.45	0.533074
4171.09	0.53406
4178.32	0.540143
4195.63	0.540242
4217.01	0.540663
4231.5	0.540763
3786.03	0.479234
3815.43	0.477966
3828.2	0.462701
3862.91	0.461765
3903.1	0.461026
3941.93	0.460281
3979.28	0.459518
4014.99	0.458524
4048.91	0.45702
4081.52	0.454818
4112.24	0.45136
4132.03	0.448167
4142.76	0.431581
4166.48	0.430833
4190.98	0.432056
4214.13	0.432895
4234.75	0.433848
4253.82	0.435218
4271.15	0.436591
4285.28	0.437864
3067.29	0.525714
3121.94	0.525018
3193.56	0.524109
3264.98	0.52301
3334.95	0.522085
3402.99	0.521343
3468.77	0.520769
3531.93	0.520389
3592.17	0.520221
3649.55	0.520204
3704.03	0.520335
3755.26	0.520664
3801.64	0.521496
3848.42	0.521409
3893.61	0.521267
3935.05	0.521225
3969.84	0.52123
4000.15	0.52126
4012.61	0.522032
4102.62	0.410425
4113.17	0.411481
4120.04	0.463215
4140.84	0.466508
4150.65	0.499779
4165	0.500799
4183.08	0.505152
4190.02	0.522227
4207.75	0.523825
4213.08	0.540521
4228.01	0.541245
4237.94	0.545139
4245.46	0.547064
4258.56	0.548546
4262.57	0.550984
4276.81	0.55136
4282.25	0.555268
4293.18	0.55555
4304	0.55922
4309.5	0.564373
4321.15	0.566747
4324.04	0.577661
4334.33	0.57943
4341.09	0.585824
4348.79	0.586063
4357.86	0.590508
4359.99	0.590362
3960.17	0.52657
3971.28	0.526278
4001.21	0.527065
4032.34	0.527833
4061.64	0.528045
4072.66	0.530799
4091.68	0.530679
4118.98	0.533325
4145.66	0.535465
4168.85	0.538303
4177.78	0.544204
4191.18	0.544285
4212.16	0.546756
4232.61	0.5487
4251.63	0.550553
4258.84	0.554243
4267.56	0.554316
4287.24	0.559223
4304.67	0.564009
4320.29	0.569277
4327.28	0.573799
4333.73	0.574482
4344.37	0.576549
2614.25	0.498908
2631.7	0.499697
2687.94	0.498666
2786.53	0.497483
2877.44	0.497345
2945.3	0.496358
2968.82	0.508264
3030.34	0.507469
3105.96	0.507709
3177.51	0.50755
3221.41	0.506897
3246.19	0.512918
3306.19	0.512412
3369.36	0.512412
3427.07	0.512128
3450.51	0.516606
3486.91	0.515907
3543.74	0.515683
3595.5	0.515422
3635.47	0.514945
3649.98	0.520148
3686.64	0.519689
3719.35	0.519189
3783.07	0.501097
3800.27	0.501116
3811.99	0.513733
3849.39	0.514085
3892.66	0.515933
3933.97	0.518359
3972.95	0.521117
3991.22	0.524055
4008.76	0.524273
4041.65	0.525641
4072.49	0.527612
4101.7	0.529585
4126.26	0.530428
4133.83	0.536942
4151.93	0.53709
4177.97	0.538144
4200.68	0.539621
4222.55	0.541042
4237.68	0.541776
4243.9	0.545428
4260.99	0.545727
4272.74	0.546584
4088.87	0.521657
4094.33	0.523455
4111.78	0.52366
4133.03	0.526992
4141.65	0.534812
4159.75	0.535304
4178.75	0.537228
4185.79	0.544408
4204.13	0.545273
4221.76	0.547197
4231.21	0.552555
4251.14	0.554051
4265.63	0.556391
4272.17	0.560324
4289.23	0.563389
4297.74	0.569664
4306.92	0.569782
4321.62	0.574986
4327.25	0.582513
4336.89	0.583143
4349.76	0.5896
4354.77	0.599545
4364.41	0.601981
4373.71	0.619655
4377.23	0.630209
4382.84	0.63662
3195.13	0.513113
3245.64	0.512444
3314.39	0.511716
3382.29	0.510833
3444.87	0.510894
3501.61	0.511825
3555.58	0.51242
3605.19	0.512825
3626.16	0.517432
3654.62	0.516911
3702.9	0.517677
3747.46	0.518525
3789.27	0.519621
3830.24	0.520372
3870.29	0.521427
3909.64	0.522482
3947.51	0.523726
3983.24	0.525049
4017.08	0.52604
4046.93	0.526583
4058.54	0.529242
4076.14	0.529018
4088.39	0.529893
3490.41	0.509392
3506.5	0.508792
3522.21	0.513246
3561.81	0.512682
3614.73	0.512547
3665.65	0.511843
3698.59	0.510983
3718.35	0.510271
3761.39	0.509774
3797.62	0.507191
3838.23	0.506974
3855.81	0.508059
3884.08	0.507664
3923.72	0.510485
3961.4	0.51242
3988.49	0.513302
4002.03	0.51915
4031.36	0.519583
4062.97	0.522515
4091.51	0.525204
4104.21	0.528859
4120.02	0.52866
4145.89	0.529699
4169.51	0.530377
4184.25	0.5307
3717.27	0.526101
3720.87	0.526123
3751.72	0.525813
3797.05	0.525682
3842.15	0.525438
3880.56	0.526675
3917.73	0.527362
3953.74	0.52806
3988.69	0.52901
4021.1	0.530367
4044.94	0.530711
4055.07	0.536732
4079.84	0.537095
4106.98	0.538968
4134.94	0.539754
4158.67	0.542006
4185.66	0.542883
4210.15	0.544279
4232.57	0.545434
4253.91	0.545971
4264.68	0.546281
4267.37	0.545279
3879.77	0.480665
3905.08	0.480929
3917.64	0.493247
3943.95	0.493242
3974.16	0.495363
3984.71	0.506911
4013.84	0.507322
4036.56	0.509548
4047.86	0.516547
4076.24	0.517777
4089.3	0.522892
4104.24	0.522727
4128.8	0.524332
4136.38	0.530792
4155.97	0.530877
4175.1	0.532811
4180.89	0.540173
4200.67	0.540803
4214.96	0.543121
4222.56	0.548171
4241.56	0.549571
4248.93	0.555868
4259.46	0.555971
4276.08	0.556615
4281.69	0.55531
4289.79	0.555309
4278.68	0.548036
4280.34	0.550368
4291.58	0.551005
4297.88	0.557527
4310.15	0.558319
4316.1	0.56964
4327.34	0.57066
4331.97	0.584171
4341.01	0.585561
4345.49	0.596528
4353.54	0.597727
4358.07	0.618212
4365.54	0.622727
4369.42	0.637925
4375.27	0.641148
4380.05	0.62674
4386.06	0.622195
4389.98	0.574876
4394.84	0.564647
4398.83	0.473168
4403.9	0.451231
4407.84	0.392842
4412.99	0.381591
4416.01	0.366815
4416.74	0.36296
3990.38	0.485509
4019.63	0.488544
4037.34	0.49189
4051.38	0.496166
4083.12	0.497866
4111.42	0.501084
4121.51	0.513076
4140.9	0.513377
4168.37	0.517623
4188.09	0.52039
4195.33	0.532482
4214.99	0.533476
4237.31	0.5378
4249.03	0.541127
4256.74	0.545557
4275.03	0.547126
4291.55	0.550198
4297.3	0.557937
4308.34	0.558405
4324.61	0.562298
4336.07	0.565364
4339.6	0.571265
4348.64	0.572382
3745.26	0.519147
3774.86	0.518831
3810.1	0.518692
3823.31	0.522279
3854.51	0.522001
3894.99	0.522785
3932.43	0.523514
3969.74	0.523922
4004.45	0.52497
4036.06	0.526242
4063.23	0.526776
4073.85	0.529496
4093.33	0.529413
4120.28	0.531383
4145.89	0.532522
4169.56	0.533914
4191.05	0.535378
4214.93	0.53585
4235.53	0.536386
4243.35	0.537095
4251.27	0.536982
3765.79	0.519879
3802.19	0.520227
3823.82	0.521472
3846.16	0.52092
3889.2	0.520876
3910.67	0.521559
3929.27	0.52135
3961.9	0.52156
3983.09	0.5223
3998.34	0.523929
4029.71	0.525052
4050.86	0.526337
4064.33	0.529351
4092.34	0.530191
4113.08	0.531552
4125.25	0.5351
4150.13	0.535847
4168.57	0.537605
4178.42	0.542266
4199.72	0.542832
4216.54	0.543851
4225.15	0.546075
4242.54	0.546416
4256.47	0.547153
4259.52	0.546764
3906.76	0.523416
3933.06	0.523445
3967.21	0.524784
3999.89	0.526823
4028.08	0.527973
4039.49	0.533543
4062.87	0.533518
4095.01	0.535749
4124.45	0.538215
4150	0.541349
4162.7	0.543382
4177.12	0.54317
4199.52	0.545451
4219.53	0.547949
4240.8	0.549763
4253.7	0.551039
4261.17	0.554467
4277.35	0.555314
4293.51	0.557981
4309.45	0.561054
4321.06	0.563484
4325.6	0.569945
4336.45	0.570554
4296.23	0.54406
4299.39	0.549952
4306.81	0.550402
4311.22	0.550453
4314.05	0.555999
4321.47	0.557516
4326.33	0.560709
4329.44	0.573758
4336.29	0.576397
4341.25	0.581868
4344.47	0.593072
4350.56	0.595901
4355.81	0.598235
4359.35	0.614658
4364.81	0.622025
4369.7	0.622395
4373.88	0.632167
4378.53	0.642294
4382.91	0.642901
4386.69	0.660502
4390.45	0.676592
4394.12	0.679228
4397.29	0.682298
4400.65	0.681351
4401.55	0.680935
3563.48	0.470216
3575.85	0.47488
3603.55	0.474451
3617.91	0.490364
3648.12	0.490039
3663.44	0.490267
3682.48	0.489721
3706.62	0.489122
3719.34	0.496362
3746.86	0.49631
3760.22	0.511184
3779.44	0.512785
3800.23	0.512277
3813.97	0.512121
3839.8	0.511759
3851.9	0.512164
3869.94	0.513594
3886.18	0.514597
3895.37	0.515071
3918.25	0.514577
3928.81	0.503566
3941.93	0.499826
3950.68	0.494114
3851.41	0.525714
3884.86	0.525651
3916.1	0.525346
3924.69	0.525203
3953.49	0.524966
3989.05	0.526318
4014.81	0.526823
4025.21	0.531814
4052.08	0.53192
4080.35	0.533426
4098.66	0.534038
4107.06	0.537072
4132.34	0.537488
4160.92	0.538408
4175.55	0.539144
4186.43	0.540211
4209.59	0.540946
4231.85	0.542535
4242.64	0.543672
4255.27	0.54347
4276.51	0.544338
4290.54	0.544659
4292.22	0.543958
4292.24	0.544169
3768.36	0.516241
3796.92	0.516414
3839.82	0.517427
3881.41	0.518842
3920.64	0.520757
3957.78	0.522746
3992.88	0.52484
4026.76	0.526558
4059.08	0.528371
4089.87	0.530043
4119.25	0.531497
4146.99	0.532853
4172.07	0.534509
4195.62	0.536014
4209.51	0.536764
4218.27	0.539725
4237.62	0.54048
4257.1	0.541791
4275.93	0.542623
4290.71	0.543612
4289.52	0.54435
4290.99	0.545285
4300.19	0.545691
4304.13	0.549979
4310.82	0.552452
4317.21	0.552662
4320.98	0.560032
4329.32	0.56097
4332.8	0.569265
4338.63	0.571198
4344.26	0.571102
4347.67	0.580159
4354.34	0.58173
4357.33	0.587731
4361.44	0.592818
4365.42	0.593065
4367.36	0.593509
4372.24	0.594099
4374.4	0.604269
4377.41	0.589655
4380.29	0.587201
4382.51	0.483876
4386.87	0.460328
4388.79	0.490704
4392.85	0.421611
4395.08	0.414745
4135.38	0.542465
4155.24	0.543305
4177.66	0.545217
4199.96	0.54709
4215.99	0.548199
4225	0.551578
4242.39	0.552464
4260.58	0.555313
4277.61	0.557905
4292.04	0.559873
4298.04	0.566822
4310.01	0.567557
4324.01	0.571445
4338.16	0.573332
4352.78	0.573816
4357.77	0.570035
4367.17	0.568699
4378.73	0.561138
4388.3	0.54184
4396.89	0.491975
4402.95	0.426993
4407.49	0.396794
4412.91	0.373371
3457.29	0.518582
3501.23	0.518454
3553.87	0.518547
3606.27	0.518707
3655.08	0.519888
3703.07	0.520603
3747.5	0.522257
3790.01	0.523372
3816.19	0.523676
3835.21	0.527005
3872.82	0.527297
3910.59	0.528248
3948.37	0.528674
3984.47	0.529585
4018.54	0.530635
4050.04	0.531779
4077.57	0.533224
4105.57	0.533492
4128.76	0.53323
4138.04	0.534763
4153.06	0.534671
3586.32	0.519659
3618.89	0.519363
3666.62	0.520141
3711.32	0.5214
3754.3	0.522527
3795.75	0.523676
3836.69	0.524434
3876.41	0.525333
3914.34	0.526389
3951.09	0.527167
3986.5	0.527876
4020.37	0.528523
4048.34	0.528791
4058.77	0.533442
4080.36	0.53339
4108.93	0.534824
4135.37	0.535688
4164.54	0.535798
4189.79	0.536652
4212.31	0.537415
4227.31	0.537798
3323.22	0.411711
3365.97	0.413225
3418.46	0.417878
3451.45	0.421628
3472.31	0.441557
3522.37	0.442265
3575.34	0.443917
3627.36	0.446321
3676.34	0.448653
3698	0.456708
3726.65	0.456207
3775.25	0.457223
3821.9	0.457998
3866.52	0.459179
3903.27	0.459851
3918.06	0.468645
3947.76	0.468306
3987.66	0.467434
4019.08	0.464482
4044.14	0.464008
4015.14	0.531049
4015.28	0.531366
4041.04	0.531825
4070.59	0.533118
4090.21	0.534023
4098.87	0.539782
4123.45	0.540397
4149.63	0.542772
4168.51	0.544128
4175.63	0.55257
4195.79	0.553017
4218.77	0.554811
4236.45	0.555824
4242.64	0.560768
4258.47	0.561445
4277.78	0.565699
4292.05	0.571031
4298.89	0.576975
4312.53	0.577644
4329.19	0.583988
4342.54	0.589155
4345.86	0.597407
4353.36	0.598278
4360.06	0.608947
3980.99	0.549701
4001.78	0.549776
4031.92	0.551181
4061.45	0.552682
4091.42	0.55372
4119.66	0.555775
4146.65	0.557695
4172.69	0.559442
4195.89	0.562479
4218.52	0.564968
4239.24	0.569062
4259.18	0.572907
4277.3	0.57865
4296.3	0.582505
4314.6	0.587521
4331.09	0.594149
4345.66	0.60276
4358.39	0.618604
4367.94	0.635861
4373.96	0.647491
2829.25	0.46852
2833.23	0.469328
2849.7	0.46916
2920.42	0.469475
2966.67	0.469504
2985.12	0.482647
3050.1	0.48228
3107.61	0.482011
3126.88	0.494633
3181.42	0.494093
3242.51	0.495213
3264.81	0.50406
3307.9	0.503383
3371.64	0.504943
3403.63	0.505847
3430.1	0.507665
3488.51	0.507426
3529.12	0.507372
3547.43	0.5151
3595.2	0.514684
3637.86	0.514591
3651.64	0.51996
3686.55	0.519506
3720.71	0.519175
3930.92	0.524595
3958.32	0.526271
3979.62	0.527683
3993.91	0.533129
4024.57	0.533802
4054.63	0.536158
4085.06	0.537619
4100.83	0.5386
4114.33	0.539412
4139.53	0.541303
4165.41	0.54317
4188.71	0.545931
4199.4	0.548603
4211.87	0.548495
4232.6	0.551268
4252.34	0.554052
4271.02	0.556162
4278.99	0.560181
4290.52	0.560347
4306.96	0.563868
4321.91	0.566342
4332.06	0.567394
2796.6	0.526728
2855.01	0.5259
2932.44	0.525098
3009.99	0.523925
3085.97	0.522887
3160.42	0.521926
3231.97	0.521301
3300.67	0.520808
3366.62	0.520418
3429.65	0.520164
3489.01	0.520178
3545.29	0.52014
3598.1	0.52027
3651.31	0.519702
3701.8	0.519384
3749.25	0.519049
3795.02	0.51847
3839.37	0.517678
3875.05	0.517022
3901.17	0.516869
2917.87	0.525545
2945.39	0.524467
3013.91	0.523469
3041.77	0.523055
3089.75	0.522069
3159.07	0.520463
3188.45	0.51866
3229.14	0.517709
3294.89	0.516601
3328.07	0.515462
3362.82	0.514527
3426.57	0.513567
3461.56	0.51239
3489.55	0.511347
3545.89	0.510494
3581.46	0.509458
3604.41	0.508422
3653.35	0.507881
3687.15	0.507223
3704.98	0.506839
3747.82	0.506186
3780.63	0.505328
3795.65	0.503847
3830.63	0.503616
3857.83	0.503871
3862.15	0.505993
4009.47	0.537809
4012.95	0.537525
4038.62	0.538558
4067.34	0.539673
4096.26	0.540761
4123.76	0.542649
4149.67	0.5448
4174.31	0.546902
4195.92	0.550129
4216.96	0.552876
4236.47	0.556462
4258.96	0.558343
4274.91	0.559893
4281.96	0.570811
4298.41	0.572314
4316.23	0.577704
4332.1	0.583878
4345.45	0.592146
4357.62	0.599865
4367.86	0.619125
4375.59	0.637786
4182.39	0.540538
4194.01	0.540613
4215.31	0.542611
4236.31	0.544619
4257.58	0.546148
4277.97	0.547948
4293.1	0.549085
4299.22	0.55516
4311.56	0.555964
4327.23	0.556875
4341.33	0.556794
4353.71	0.553762
4364.33	0.544071
4373.29	0.520732
4381.26	0.468749
4388.3	0.388862
4396.93	0.346615
4404.51	0.330028
4409.93	0.324558
4411.81	0.322359
3675.66	0.515082
3712.46	0.515016
3753.99	0.514859
3787.06	0.514409
3800.04	0.515159
3831.93	0.514898
3868.9	0.516364
3909.73	0.516871
3934.7	0.517256
3949.45	0.521326
3982.87	0.521892
4016.78	0.524259
4047.09	0.526323
4059.6	0.530727
4077.63	0.530562
4106.54	0.532278
4134.1	0.533553
4156.08	0.534056
4163.98	0.536957
4184.02	0.536915
4208.09	0.537748
4225.33	0.538216
3844.71	0.525157
3856.39	0.525941
3880.68	0.525571
3915.52	0.526166
3928.48	0.530557
3959.33	0.530282
3988.66	0.530956
4002.95	0.534032
4032.09	0.533744
4053.93	0.533463
4068	0.532611
4096.7	0.532709
4110.83	0.532715
4127.4	0.532358
4151.15	0.533149
4160.88	0.53454
4178.97	0.534541
4200.9	0.535976
4210.79	0.539168
4230.77	0.539487
4247.41	0.540645
4256.65	0.541752
4275.1	0.542351
4286.31	0.543335
4295.95	0.543438
4312.36	0.544849
4319.66	0.545618
4324.61	0.545665
4082.63	0.5148
4085.26	0.514887
4101.51	0.515098
4111.62	0.51892
4124.56	0.521307
4134.78	0.524904
4145.19	0.53053
4158.63	0.53054
4166.67	0.536329
4181.35	0.536501
4189.93	0.538196
4202.35	0.538931
4212.23	0.539908
4222.08	0.540428
4233.95	0.540319
4241.88	0.542929
4253.74	0.54325
4260.32	0.54707
4270.91	0.548056
4277.71	0.550771
4286.01	0.552172
4295.39	0.552042
4301.74	0.547448
4310.96	0.54684
4314.11	0.530503
3934.23	0.524314
3954.57	0.524739
3964.37	0.532065
3992.97	0.532385
4024.64	0.533504
4054.64	0.534734
4084.9	0.535546
4112.96	0.537169
4140.11	0.538476
4163.63	0.540589
4184.04	0.542994
4204.08	0.544432
4226.1	0.545593
4247.73	0.546926
4262.97	0.547921
4269.43	0.553802
4285.78	0.554622
4303.42	0.557957
4319.02	0.561082
4328.58	0.563546
2732.08	0.508576
2754.65	0.50734
2806.55	0.506929
2837.81	0.509806
2914.75	0.508749
2978.83	0.507508
3004.31	0.512383
3069.37	0.51135
3140.94	0.509579
3168.96	0.507337
3223.62	0.506207
3295.47	0.503793
3328.93	0.501437
3366.79	0.500417
3433.59	0.499322
3475.93	0.497936
3499.46	0.49613
3554.63	0.495452
3600.84	0.494798
3619.46	0.498936
3663.31	0.498523
3709.22	0.499431
3727.15	0.504229
3760.63	0.503629
3790.66	0.50156
3260.63	0.508012
3268.69	0.507748
3307.79	0.507046
3373.22	0.506634
3434.23	0.506343
3459.83	0.510092
3496.61	0.509377
3554.31	0.51222
3607.81	0.514779
3634.92	0.515948
3664.93	0.515218
3717.1	0.516848
3765.88	0.518604
3792.3	0.519298
3814.91	0.520751
3855.01	0.521298
3895.6	0.521624
3920.69	0.521646
3938.2	0.522933
3974.53	0.522399
4010.28	0.520845
4030.73	0.51869
4042.5	0.515578
4064.07	0.515496
3397.19	0.518318
3448.99	0.518244
3504.69	0.517999
3559.27	0.517856
3611.49	0.518051
3661.75	0.518268
3707.96	0.51921
3752.02	0.519906
3794.72	0.52035
3832.84	0.521738
3865.93	0.522007
3881.24	0.527128
3910.85	0.526919
3948.5	0.528202
3984.56	0.528453
4018.97	0.528651
4051.89	0.528699
4080.93	0.528902
4108.95	0.528998
4132.6	0.529065
