2760.95	0.346064
2769.92	0.35388
2787.95	0.356915
2814.62	0.358449
2848.78	0.359292
2888.87	0.359723
2933.38	0.359886
2980.96	0.359871
3030.57	0.359738
3081.38	0.359528
3132.78	0.359271
3184.27	0.358987
3235.42	0.35869
3285.77	0.358395
3334.67	0.358102
3381.3	0.357474
3426.37	0.357293
3470.01	0.357142
3511.96	0.356979
3551.85	0.356682
3589.56	0.35634
3625.36	0.356163
3659.51	0.356026
3692.23	0.35584
3723.63	0.355581
3753.72	0.355228
3782.06	0.354763
3806.24	0.351812
3829.73	0.351234
3852.06	0.350633
3873.21	0.349851
3893.13	0.348857
3911.74	0.347624
3929.19	0.346132
3945.66	0.344369
3961.46	0.342354
3976.95	0.340143
3991.85	0.337729
4006.02	0.335162
4019.44	0.332502
4032.08	0.329806
4043.93	0.327119
4054.95	0.324463
4065.09	0.321826
4074.23	0.319169
4082.25	0.316437
4089.02	0.313572
4094.37	0.310556
4098.09	0.307495
4100.01	0.30505
2751.23	0.350133
2760.21	0.36151
2778.61	0.368032
2806.35	0.372763
2841.96	0.376392
2883.5	0.379093
2929.22	0.38104
2977.77	0.38237
3028.1	0.383225
3079.45	0.383731
3131.26	0.38399
3183.1	0.384075
3234.65	0.384022
3285.56	0.383818
3335.23	0.383398
3381.09	0.38065
3425.98	0.380452
3469.83	0.380428
3512.08	0.380372
3552.06	0.379809
3589.48	0.379095
3624.97	0.379171
3658.89	0.379552
3691.44	0.380132
3722.8	0.380858
3753.3	0.381623
3784.02	0.381986
3804.73	0.371444
3828.67	0.367691
3851.02	0.367289
3872.19	0.366782
3892.17	0.365911
3910.63	0.364517
3927.87	0.36274
3944.02	0.360528
3959.43	0.357951
3975.18	0.355202
3990.18	0.351482
4004.37	0.347058
4017.77	0.342245
4030.39	0.337376
4042.24	0.332762
4053.28	0.328617
4063.47	0.325001
4072.69	0.321841
4080.8	0.318985
4087.68	0.316274
4093.15	0.31359
4096.98	0.310907
4098.95	0.308597
2731.8	0.354851
2740.48	0.371075
2759.29	0.382632
2789.5	0.392026
2828.45	0.399974
2873.07	0.407362
2921.31	0.413054
2971.76	0.417266
3023.5	0.420261
3075.87	0.422318
3128.43	0.423683
3180.87	0.424538
3233.06	0.424985
3285.11	0.424975
3337.94	0.42408
3380.26	0.411511
3424.97	0.41109
3469.55	0.41091
3512.7	0.410239
3553	0.407956
3589.47	0.404772
3624.27	0.404288
3657.73	0.404483
3689.92	0.4051
3720.88	0.406036
3750.68	0.407304
3779.38	0.409184
3805.49	0.413463
3827.11	0.403423
3849.07	0.398778
3870.26	0.399247
3890.62	0.399441
3908.67	0.396728
3925.53	0.395555
3941.02	0.394134
3954.97	0.392625
3972.05	0.392422
3987.19	0.387498
4001.33	0.379791
4014.64	0.370186
4027.17	0.359671
4038.96	0.349355
4050.02	0.340109
4060.28	0.332603
4069.65	0.327019
4077.94	0.32299
4085.03	0.320003
4090.81	0.317618
4094.87	0.315458
4096.96	0.313562
2702.98	0.359105
2710.06	0.381279
2727.97	0.399031
2763.3	0.414339
2808.29	0.426514
2858.08	0.435476
2910.24	0.441614
2963.55	0.445514
3017.3	0.447769
3071.09	0.448875
3124.64	0.449205
3177.79	0.449022
3230.45	0.448508
3282.63	0.447797
3334.4	0.447063
3375.67	0.445144
3422.64	0.443543
3469.22	0.44349
3514.66	0.442133
3556.23	0.437805
3589.52	0.435961
3623.25	0.434817
3656.13	0.434556
3687.88	0.434984
3718.35	0.436134
3747.38	0.4383
3775.48	0.442028
3801.69	0.447705
3824.64	0.455657
3847.56	0.45968
3868.08	0.460657
3890.96	0.465012
3906.98	0.454554
3923.82	0.45502
3939.49	0.45784
3954.34	0.458553
3969.42	0.452516
3983.77	0.449311
3997.66	0.444755
4010.7	0.435739
4022.93	0.420592
4034.45	0.398498
4045.38	0.374811
4055.67	0.354475
4065.21	0.339681
4073.69	0.330171
4081.05	0.32509
4087.49	0.322506
4091.97	0.320564
4094.26	0.318955
2666.36	0.359955
2668.25	0.388387
2678.12	0.419869
2726.6	0.438182
2782.69	0.451243
2840.06	0.459864
2897.32	0.465225
2954.09	0.468393
3010.22	0.470153
3065.62	0.471042
3120.27	0.471406
3174.14	0.471474
3227.19	0.471406
3279.36	0.471343
3330.52	0.471474
3380.32	0.472126
3419.41	0.469663
3468.68	0.469668
3519.09	0.468763
3556.55	0.476589
3589.02	0.472127
3622.16	0.471319
3654.75	0.471158
3686.31	0.471319
3716.53	0.471817
3743.99	0.472753
3772.79	0.474981
3799.02	0.478775
3823.17	0.482863
3846.22	0.485395
3868.4	0.487649
3886.47	0.485568
3905.87	0.488912
3921.8	0.489164
3937.41	0.491435
3952.28	0.492127
3966.45	0.490781
3979.97	0.490908
3994.23	0.494261
4007.23	0.49602
4019.22	0.494897
4030.03	0.487046
4040.27	0.466966
4050.12	0.428424
4059.73	0.38031
4068.18	0.346563
4075.43	0.333149
4083.5	0.32907
4088.6	0.326652
4091.12	0.32496
2627.1	0.359021
2617.75	0.384092
2588.78	0.4339
2681.57	0.460939
2755.11	0.471342
2821.4	0.476972
2884.09	0.479765
2944.45	0.480962
3002.95	0.481301
3059.95	0.481211
3115.67	0.480932
3170.23	0.480596
3223.67	0.480286
3275.9	0.480063
3326.74	0.47999
3375.77	0.48015
3422.02	0.480652
3465.61	0.480169
3510	0.480829
3549.75	0.483688
3585.89	0.485691
3620.37	0.488042
3653.47	0.490263
3685.2	0.492458
3715.7	0.494704
3745.56	0.496804
3771.1	0.49597
3796.86	0.498209
3821.22	0.500641
3844.16	0.502798
3865.77	0.505029
3886.02	0.507872
3903.02	0.507509
3919.36	0.509039
3935.07	0.512057
3949.83	0.515134
3965.92	0.518681
3977.23	0.520711
3990.94	0.525183
4003.86	0.529591
4016.2	0.533807
4026.37	0.536182
4036.51	0.533746
4045.75	0.516487
4054.8	0.477112
4063.2	0.421606
4072.29	0.35957
4079.99	0.339904
4085.21	0.334157
4087.88	0.331633
2596.54	0.357166
2586.32	0.377285
2562.73	0.454698
2654.61	0.480046
2733.83	0.483635
2805.43	0.4848
2872.29	0.484625
2935.7	0.483845
2996.18	0.482885
3054.47	0.481961
3111.07	0.481153
3166.25	0.480495
3220.08	0.48
3272.51	0.47968
3323.4	0.479543
3372.58	0.479601
3419.99	0.479863
3460.27	0.480001
3504.07	0.480331
3545.05	0.481294
3582.91	0.482476
3618.45	0.48406
3652.04	0.485958
3683.82	0.488102
3714.02	0.490393
3742.83	0.492729
3769.68	0.495056
3795.54	0.497874
3820.04	0.500738
3842.72	0.503689
3863.87	0.506719
3883.59	0.509897
3901.54	0.513398
3918.03	0.517558
3931.89	0.521058
3949.57	0.525591
3962.69	0.527615
3975.4	0.532053
3987.46	0.536886
3999.86	0.542387
4013.6	0.551425
4025.09	0.562709
4034.7	0.573379
4042.97	0.584147
4050.9	0.584742
4059.38	0.520369
4068.84	0.392592
4076.63	0.351659
4081.89	0.341611
4084.76	0.338043
2575.61	0.353496
2567.74	0.369153
2551.92	0.469658
2639.13	0.489827
2719.06	0.489239
2793.15	0.488091
2862.85	0.486741
2928.75	0.485418
2990.44	0.484257
3049.45	0.483336
3106.62	0.482625
3162.28	0.482103
3216.5	0.481763
3269.2	0.481608
3320.28	0.481648
3369.63	0.481895
3417.34	0.482351
3463.89	0.482988
3499.29	0.481608
3541.81	0.481958
3580.54	0.483314
3616.78	0.485014
3650.69	0.486992
3682.28	0.489252
3711.98	0.491765
3740.34	0.494457
3767.52	0.497287
3793.85	0.500158
3818.99	0.503035
3841.12	0.506097
3861.73	0.509589
3881.29	0.513324
3899.89	0.517361
3915.86	0.519825
3931.7	0.523019
3946.56	0.523577
3960.66	0.524648
3974.7	0.52778
3987.04	0.533805
4000.65	0.541951
4013.37	0.552646
4024.35	0.566378
4033.88	0.583084
4040.57	0.60304
4049.28	0.586823
4057.77	0.484953
4066.32	0.392009
4073.61	0.357809
4078.53	0.34708
4082.03	0.343069
2562.01	0.346289
2556.56	0.358882
2546.19	0.481231
2629.75	0.497401
2708.95	0.495916
2784.1	0.494551
2856.01	0.493336
2924.82	0.492188
2986.17	0.490508
3045.01	0.48978
3102.37	0.489298
3158.4	0.488985
3213.01	0.488816
3266.06	0.488788
3317.36	0.488915
3366.77	0.489221
3414.25	0.489739
3459.71	0.490521
3502.35	0.491778
3540.66	0.490416
3578.95	0.491724
3615.71	0.493324
3649.95	0.495093
3680.91	0.496953
3709.58	0.499566
3737.29	0.502644
3764.48	0.50597
3791.64	0.50929
3819.24	0.512216
3839.36	0.511324
3858.98	0.513499
3878.27	0.514635
3895.55	0.515152
3914.32	0.516135
3930.71	0.518651
3945.83	0.521564
3960.49	0.52467
3973.9	0.529439
3987.44	0.537483
4000.49	0.547645
4013.04	0.560009
4023.25	0.571327
4032.41	0.586695
4040.91	0.616099
4048.38	0.639888
4055.82	0.573379
4064.43	0.432676
4072.13	0.368155
4077.41	0.352729
4080.32	0.346764
2553.32	0.330718
2549.64	0.342703
2542.72	0.497111
2623.61	0.511209
2701.68	0.509852
2777.09	0.508824
2851.04	0.507978
2927.15	0.506882
2983.23	0.501856
3040.81	0.500551
3098.18	0.499857
3154.6	0.499341
3209.71	0.498894
3263.24	0.498505
3314.89	0.49819
3364.34	0.497987
3411.66	0.497958
3456.82	0.49815
3499.54	0.498614
3537.95	0.499303
3577.3	0.500469
3615.54	0.501558
3650.86	0.502796
3680.21	0.502402
3706.52	0.503171
3733.13	0.505144
3759.86	0.505146
3787.38	0.506458
3812.93	0.507486
3834.98	0.506844
3854.8	0.506742
3875.77	0.508301
3894.82	0.510817
3913.32	0.514161
3927.76	0.516946
3944.85	0.521141
3960.04	0.527194
3974.44	0.534982
3986.52	0.541988
3999.01	0.548592
4010.93	0.55747
4022.44	0.569661
4032.31	0.586749
4040.74	0.616501
4047.86	0.643562
4054.85	0.589207
4063.23	0.444588
4070.96	0.371765
4076.28	0.354706
4079.05	0.348177
2547.61	0.300738
2545.18	0.316399
2540.45	0.501606
2619.28	0.512973
2695.97	0.510667
2770.4	0.508404
2842.68	0.506214
2912.46	0.504031
2975.04	0.501574
3035.21	0.500192
3093.92	0.499047
3151.33	0.498065
3207.37	0.49725
3261.87	0.496625
3314.35	0.496226
3363.77	0.496184
3410.97	0.496342
3456.3	0.496697
3499.91	0.49726
3542.77	0.497987
3575.78	0.498603
3618.55	0.499977
3648.7	0.497493
3677.74	0.498615
3705.45	0.499805
3731.45	0.501377
3760.39	0.503256
3784.75	0.503343
3808.02	0.50386
3831.31	0.504715
3852.29	0.506186
3873.5	0.508345
3892.94	0.511769
3909.2	0.515237
3926.85	0.519682
3944.01	0.525226
3958.59	0.530526
3972.77	0.537368
3985.94	0.543555
3996.76	0.548202
4010.08	0.556634
4021.43	0.570698
4031.69	0.587278
4040.25	0.616086
4047.29	0.641735
4054.18	0.584692
4062.43	0.441997
4070.06	0.371327
4075.34	0.354613
4078.04	0.348105
2543.54	0.267568
2542.14	0.292364
2538.92	0.501315
2616.08	0.510581
2691.44	0.508099
2764.7	0.505649
2835.64	0.503315
2903.79	0.501092
2968.11	0.498988
3029.84	0.497254
3089.71	0.495768
3148.1	0.494505
3205.2	0.49346
3261.12	0.492647
3315.41	0.492109
3363.95	0.490743
3410.68	0.490851
3455.96	0.491216
3499.47	0.491774
3540.57	0.492494
3579.12	0.493295
3613.37	0.492676
3646.25	0.493285
3675.62	0.495173
3703.96	0.497395
3730.86	0.498617
3756.33	0.499736
3782.33	0.501765
3806.35	0.504513
3829.21	0.507667
3851.61	0.511172
3871.27	0.513382
3889.43	0.516364
3907.43	0.519083
3924.68	0.521463
3941.71	0.524405
3957.26	0.525261
3972.07	0.528514
3985.56	0.53654
3997.81	0.54705
4009.35	0.559006
4019.68	0.57249
4030.84	0.587903
4039.64	0.615466
4046.71	0.638944
4053.61	0.576906
4061.83	0.436099
4069.37	0.369463
4074.57	0.353644
4077.23	0.347421
2541.25	0.255694
2540.19	0.284758
2537.81	0.508567
2613.68	0.51618
2687.91	0.513869
2760.16	0.51175
2830.19	0.509909
2897.73	0.50838
2962.55	0.507185
3025.05	0.50624
3085.67	0.505467
3144.77	0.504826
3202.76	0.504282
3260.49	0.503752
3320.7	0.50297
3364.39	0.499599
3410.25	0.499169
3455.8	0.498967
3499.8	0.498795
3539.29	0.498238
3575.96	0.498715
3609.96	0.499892
3645.63	0.501156
3672.86	0.498701
3700.74	0.498981
3728.48	0.50052
3754.65	0.502413
3780.18	0.504558
3804.15	0.507142
3825.91	0.509213
3848.62	0.510898
3869.15	0.512697
3886.11	0.514213
3905.68	0.517847
3923.54	0.519995
3938.79	0.521488
3955.56	0.525402
3970.83	0.530206
3984.57	0.536412
3997.12	0.544935
4008.65	0.557371
4019.51	0.571996
4030.44	0.587259
4039.18	0.614084
4046.21	0.635732
4053.13	0.569026
4061.34	0.43013
4068.8	0.367433
4073.94	0.352507
4076.56	0.346621
2539.86	0.257895
2538.99	0.28899
2537.03	0.515276
2611.99	0.521161
2685.35	0.518701
2756.79	0.516397
2826.14	0.514307
2893.27	0.512429
2958.15	0.510746
3020.96	0.509224
3081.92	0.507844
3141.28	0.506602
3199.23	0.505501
3255.95	0.504548
3311.05	0.503765
3360.52	0.503312
3408.65	0.503373
3456.53	0.503431
3505.71	0.503415
3541.01	0.50106
3575.42	0.501158
3611.32	0.501577
3640.05	0.502633
3672.36	0.504801
3699.85	0.504566
3726.84	0.505143
3752.4	0.505959
3778.69	0.507051
3802.87	0.508253
3826.66	0.510141
3847.1	0.511483
3864.78	0.512964
3882.15	0.513293
3901.72	0.512694
3920.7	0.513978
3937.25	0.516456
3954.86	0.520458
3970.33	0.526564
3984.04	0.534684
3996.08	0.545381
4006.77	0.557395
4019.63	0.570131
4030.3	0.585544
4038.87	0.61196
4045.8	0.632402
4052.71	0.562217
4060.92	0.42506
4068.31	0.365666
4073.39	0.351481
4075.98	0.345898
2539.05	0.263251
2538.29	0.294634
2536.58	0.514812
2611.01	0.519446
2683.75	0.516962
2754.51	0.51457
2823.26	0.512324
2889.99	0.51023
2954.72	0.508294
3017.54	0.506528
3078.57	0.50494
3137.91	0.503536
3195.62	0.502312
3251.66	0.501259
3305.61	0.500358
3356.61	0.499596
3405.86	0.499153
3454.44	0.498939
3504.24	0.498856
3538.5	0.495656
3571.47	0.496076
3607.39	0.497137
3644.1	0.498222
3669.41	0.496318
3696.76	0.495699
3725.84	0.49733
3754.1	0.499751
3778.85	0.500587
3802.43	0.503401
3825.44	0.505895
3843.42	0.506221
3862.47	0.506144
3882.4	0.507779
3901.18	0.510758
3918.5	0.514639
3937.92	0.519345
3954.48	0.521324
3969.79	0.526739
3983.37	0.533669
3994.57	0.543589
4008.16	0.554417
4020.14	0.567533
4030.34	0.583416
4038.67	0.609492
4045.46	0.62925
4052.34	0.556642
4060.54	0.42098
4067.87	0.364222
4072.91	0.350623
4075.47	0.34529
2538.68	0.268158
2538.01	0.298201
2536.48	0.505867
2610.83	0.509706
2683.17	0.507573
2753.26	0.505482
2821.37	0.503385
2887.61	0.50138
2952.06	0.499488
3014.73	0.49774
3075.66	0.496154
3134.89	0.49474
3192.36	0.493495
3248.05	0.492401
3301.72	0.491446
3352.99	0.490645
3402.25	0.490107
3449.55	0.489766
3494.63	0.48936
3535.96	0.488055
3563	0.487198
3601.05	0.486938
3635.34	0.487144
3663.98	0.486618
3694.8	0.487695
3723.97	0.490109
3752.66	0.492568
3780.17	0.495093
3801.62	0.495716
3821.63	0.497519
3842.93	0.497023
3863.15	0.499808
3882.92	0.502728
3901.93	0.505712
3920.21	0.508981
3938.4	0.512637
3955.25	0.517163
3970.37	0.523164
3984.25	0.530782
3996.91	0.540416
4009.33	0.55161
4020.6	0.565082
4030.38	0.581398
4038.46	0.607098
4045.12	0.626377
4051.97	0.551921
4060.16	0.417588
4067.44	0.363017
4072.44	0.349898
4074.99	0.344775
2538.69	0.274091
2538.13	0.303609
2536.75	0.496026
2611.72	0.499104
2683.84	0.497155
2752.96	0.495401
2820.26	0.493668
2885.9	0.491959
2949.99	0.490344
3012.41	0.488861
3073.19	0.487534
3132.27	0.486381
3189.47	0.485411
3245.02	0.484613
3298.73	0.484008
3349.85	0.483651
3399.02	0.483545
3445.27	0.48371
3487.12	0.483506
3526.96	0.483373
3562.44	0.48366
3596.74	0.483159
3630.49	0.484292
3662.07	0.485393
3692.72	0.486952
3720.81	0.488917
3750.64	0.491344
3779.08	0.4939
3800.78	0.49378
3819.96	0.494678
3841.8	0.497374
3862.56	0.500205
3882.52	0.502902
3901.72	0.505656
3920.27	0.508717
3938.46	0.512291
3955.97	0.516645
3970.39	0.521949
3984.54	0.529324
3997.65	0.538461
4009.81	0.549575
4020.74	0.563153
4030.25	0.579782
4038.14	0.605088
4044.7	0.623752
4051.54	0.547434
4059.75	0.414442
4067.01	0.361933
4071.99	0.349251
4074.52	0.34432
2538.96	0.283421
2538.57	0.323918
2537.5	0.493395
2614.51	0.495147
2686.5	0.492473
2753.41	0.490046
2819.71	0.488418
2884.58	0.486896
2948.39	0.485481
3010.45	0.484211
3071.08	0.483103
3130.13	0.482168
3186.81	0.481437
3242.36	0.480883
3296.78	0.480506
3347.1	0.479259
3397.13	0.47874
3439.6	0.478113
3482.72	0.478357
3522.27	0.479139
3558.84	0.480336
3593.47	0.482023
3627.45	0.484095
3659.79	0.486405
3690.85	0.488913
3721.08	0.491476
3748.25	0.492335
3775.71	0.494209
3795.85	0.494788
3817.41	0.49642
3840.07	0.498715
3861.12	0.501341
3881.22	0.503911
3900.46	0.506633
3918.99	0.509776
3937.46	0.51347
3956	0.51779
3968.87	0.521851
3984.05	0.528508
3997.52	0.537283
4009.69	0.548274
4020.49	0.561882
4029.86	0.578694
4037.64	0.603638
4044.15	0.621257
4051.03	0.542591
4059.29	0.411177
4066.55	0.360873
4071.52	0.348635
4074.04	0.343893
2539.28	0.29355
2539.08	0.350929
2538.71	0.500407
2621.31	0.500556
2693.23	0.497538
2753.46	0.494162
2819.47	0.492205
2883.17	0.490596
2947.29	0.489296
3008.64	0.488102
3069.19	0.487179
3128.99	0.486412
3183.81	0.485117
3239.32	0.484609
3290.25	0.484169
3345.24	0.484407
3400.62	0.484422
3439.61	0.479506
3480.25	0.47963
3518.9	0.480102
3555.5	0.480915
3589.18	0.481929
3624.34	0.483697
3657.09	0.48576
3688.14	0.48798
3717.55	0.490291
3744.78	0.492687
3770.73	0.495329
3794.02	0.49794
3817.87	0.500672
3838.31	0.501312
3858.96	0.503337
3879.13	0.50511
3898.24	0.507087
3916.07	0.509793
3934.64	0.513321
3953.05	0.517521
3969.62	0.523008
3983.45	0.527943
3996.87	0.536698
4009.09	0.547622
4019.87	0.561217
4029.17	0.578136
4036.9	0.602885
4043.43	0.618806
4050.42	0.536986
4058.77	0.407588
4066.05	0.359791
4071.02	0.348029
4073.55	0.343483
2539.45	0.293844
2539.2	0.339675
2538.29	0.501798
2617.03	0.502868
2689.58	0.500442
2758.4	0.498385
2820.53	0.49573
2880.23	0.493529
2947.82	0.491261
3006.41	0.489248
3066.78	0.487956
3121.93	0.486626
3180.79	0.485608
3236.27	0.484914
3289.08	0.484478
3341.4	0.484232
3391.78	0.484129
3436.49	0.484298
3479.18	0.4853
3516.95	0.485739
3552.93	0.487467
3589.05	0.489428
3621.95	0.489227
3654.37	0.490789
3685.35	0.492402
3714.5	0.494044
3740.88	0.495832
3763.18	0.497436
3790	0.498689
3814.19	0.500018
3836.23	0.501278
3856.08	0.502861
3877.1	0.504447
3896.25	0.506847
3914.18	0.509853
3930.22	0.513182
3950.15	0.516863
3967.41	0.521838
3981.79	0.528859
3995.61	0.536742
4008.07	0.547499
4018.92	0.561098
4028.19	0.578138
4035.89	0.603069
4042.53	0.616369
4049.7	0.530599
4058.19	0.403745
4065.52	0.358712
4070.51	0.347447
4073.05	0.343098
2539.47	0.300025
2539.28	0.356303
2538.55	0.509766
2617.93	0.510234
2688.69	0.507598
2758.14	0.505381
2820.52	0.504009
2886.14	0.502343
2942.51	0.500846
3002.89	0.500071
3064.87	0.499106
3122.77	0.498101
3179.73	0.49698
3234.44	0.496259
3286.89	0.495927
3337.93	0.495892
3387.02	0.496368
3433.82	0.49746
3481.44	0.498167
3515.22	0.495694
3548.63	0.496697
3585.24	0.498565
3619.33	0.500673
3652.28	0.502829
3683.84	0.504797
3714.27	0.505833
3738.17	0.504566
3763.18	0.506093
3788.32	0.507123
3812.21	0.508716
3834.78	0.510481
3856.47	0.512173
3875.24	0.512467
3893.81	0.514118
3910.46	0.516592
3930.4	0.518196
3948.13	0.520551
3966.27	0.52493
3982.49	0.531772
3993.85	0.538099
4006.84	0.548046
4017.72	0.561669
4026.91	0.578895
4034.51	0.604865
4041.46	0.614184
4048.92	0.524046
4057.58	0.400089
4064.97	0.357751
4069.99	0.346947
4072.54	0.342777
2539.32	0.314156
2539.23	0.388515
2539.65	0.511215
2626.54	0.51026
2688.2	0.509276
2750	0.507574
2818.18	0.505997
2883.65	0.504167
2946.05	0.502535
3009.91	0.501124
3065.87	0.50022
3123.34	0.499643
3179.65	0.499222
3233.59	0.498532
3284.76	0.498037
3335.05	0.497712
3383.14	0.497583
3428.87	0.497667
3472.66	0.497887
3511.52	0.498341
3549.17	0.499494
3582.47	0.498735
3616.36	0.499172
3647.81	0.499386
3679.68	0.499856
3709.35	0.500324
3736.26	0.500785
3761.24	0.502284
3787.01	0.503926
3810.79	0.505876
3833.23	0.507879
3854.3	0.510027
3873.75	0.512522
3893.21	0.515655
3911.64	0.519647
3930.57	0.524284
3949.21	0.529872
3965.21	0.532067
3980.63	0.538526
3994.4	0.54687
4005.85	0.555353
4016.36	0.567413
4025.32	0.582626
4032.44	0.608485
4040.35	0.612621
4048.16	0.519084
4056.99	0.397551
4064.42	0.357085
4069.47	0.346616
4072.02	0.342573
2538.69	0.299533
2538.42	0.357183
2537.6	0.505863
2614.9	0.506551
2683.97	0.50359
2750.58	0.501258
2817.56	0.499486
2883.18	0.497765
2947.04	0.496233
3009.65	0.49498
3069	0.493939
3126.64	0.493284
3180.69	0.492727
3234.2	0.492451
3282.16	0.492556
3332.97	0.492756
3380.22	0.492645
3424.4	0.492282
3467.33	0.491819
3507.59	0.49096
3544.32	0.490258
3579.84	0.490522
3613.67	0.491689
3645.99	0.493049
3677.37	0.494753
3707.16	0.496528
3734.93	0.498532
3762.28	0.500689
3786.08	0.501475
3809.09	0.502904
3831.44	0.504168
3852.15	0.5054
3870.62	0.507002
3891.99	0.508336
3910.66	0.510822
3929.33	0.514105
3947.68	0.517949
3964.31	0.522579
3979.77	0.529098
3993.52	0.537512
4004.96	0.548857
4015.78	0.561484
4025.13	0.578403
4032.87	0.603718
4039.95	0.610902
4047.62	0.518019
4056.45	0.396727
4063.9	0.356747
4068.96	0.346419
4071.52	0.342445
2538	0.287075
2537.57	0.325224
2536.33	0.499866
2610.53	0.50205
2681.26	0.499579
2749.8	0.497412
2817.21	0.495544
2883.34	0.493855
2948.09	0.492337
3011.44	0.490963
3072.57	0.489721
3129.12	0.488578
3183.45	0.487999
3237.31	0.487638
3286.29	0.485772
3333	0.484549
3376.75	0.483333
3422.51	0.481997
3464.63	0.482436
3504.56	0.483036
3541.62	0.483962
3577.28	0.485291
3610.85	0.486925
3643.48	0.488676
3674.99	0.490562
3705.35	0.492521
3732.38	0.493018
3759.43	0.494062
3784.45	0.494682
3808.96	0.495872
3831.87	0.498313
3853.21	0.500823
3873.23	0.503418
3893.07	0.50608
3911.37	0.509257
3926.62	0.51335
3946.03	0.517603
3962.72	0.523142
3978.74	0.529945
3993.06	0.538562
4005.93	0.549221
4014.82	0.560361
4024.68	0.576696
4032.64	0.600073
4039.55	0.608549
4047.16	0.516231
4055.99	0.395269
4063.41	0.355975
4068.47	0.345876
4071.04	0.342028
2537.45	0.279865
2536.96	0.311441
2535.65	0.501728
2608.69	0.504477
2679.78	0.50225
2749.1	0.50015
2817.05	0.498188
2883.73	0.496362
2949.3	0.494666
3014.17	0.493105
3079.43	0.49166
3132.48	0.488524
3185.34	0.487167
3236.21	0.485699
3287.41	0.484384
3335.22	0.48386
3382.05	0.483839
3422.65	0.482829
3462.48	0.482831
3502.79	0.482573
3538.64	0.483719
3575.16	0.485325
3607.32	0.485513
3640.39	0.486669
3672.09	0.487502
3700.42	0.488193
3730.17	0.489505
3757.83	0.491542
3783.86	0.49378
3808.73	0.496145
3832.17	0.498559
3853.92	0.501028
3874.36	0.50374
3893.99	0.506752
3911.74	0.508583
3928.68	0.51184
3945.34	0.515952
3960.01	0.521736
3977.59	0.528003
3992.23	0.535948
4004.86	0.546138
4015.56	0.558911
4024.25	0.574383
4032.1	0.59684
4039.04	0.602812
4046.77	0.507678
4055.59	0.389769
4062.93	0.353517
4068	0.344203
4070.58	0.340725
2537.08	0.278223
2536.59	0.311877
2535.32	0.507678
2607.91	0.510395
2679.09	0.508062
2748.79	0.505838
2817.09	0.503736
2884.11	0.50176
2950	0.49994
3015.21	0.498283
3080.95	0.496776
3134.15	0.495138
3187.72	0.494366
3240.06	0.493584
3290.48	0.492819
3336.93	0.492123
3381.66	0.492048
3424.06	0.492376
3466.72	0.492824
3503.83	0.492979
3533.39	0.490341
3569.55	0.490314
3604.67	0.491278
3637.84	0.492285
3669.4	0.493424
3699.28	0.494781
3728.34	0.495967
3756.14	0.497402
3782.73	0.498865
3808.24	0.500236
3832.51	0.50152
3854.29	0.50139
3874.63	0.502364
3893.08	0.503772
3912.08	0.505771
3929.67	0.508943
3946.35	0.512908
3962.03	0.517949
3977.57	0.523973
3991.58	0.531941
4003.91	0.542018
4014.46	0.554855
4023.01	0.571487
4031.15	0.590932
4038.45	0.584558
4046.55	0.481746
4055.25	0.377104
4062.36	0.348296
4067.52	0.340788
4070.15	0.338036
2536.91	0.27888
2536.43	0.31515
2535.21	0.509954
2607.71	0.512613
2678.98	0.510329
2748.88	0.508157
2817.39	0.506136
2884.5	0.504274
2950.21	0.50257
3014.46	0.50102
3076.72	0.499646
3134.26	0.498648
3190.04	0.497751
3244.54	0.497117
3296.16	0.496917
3338.99	0.495748
3382.19	0.496033
3423.81	0.496304
3461.52	0.496646
3499.99	0.49775
3534.48	0.498993
3569.32	0.499834
3603.43	0.500779
3636.24	0.502119
3667.71	0.503708
3697.83	0.505468
3726.82	0.507252
3754.68	0.509174
3781.68	0.511142
3808.1	0.512963
3835.09	0.514287
3855.19	0.511976
3874.75	0.513132
3893.63	0.514979
3912.1	0.517052
3929.78	0.519459
3946.57	0.522284
3962.36	0.525754
3977.2	0.529747
3990.77	0.534376
4002.9	0.539381
4013.59	0.543103
4023.13	0.540024
4030.18	0.522903
4038.39	0.468849
4046.82	0.392829
4054.79	0.355289
4061.3	0.341007
4067.04	0.336247
4069.78	0.334334
2536.89	0.279733
2536.43	0.316777
2535.25	0.507682
2607.86	0.510179
2679.3	0.507861
2749.38	0.50563
2818.02	0.503529
2885.17	0.501569
2950.72	0.49976
3014.46	0.498114
3075.99	0.496657
3134.88	0.495387
3192.34	0.494338
3250.56	0.493474
3295.18	0.490559
3341.87	0.490033
3383.72	0.488986
3423.97	0.48929
3461.92	0.489907
3498.76	0.490817
3533.87	0.491617
3568.4	0.492605
3602.07	0.493593
3634.55	0.494576
3665.9	0.495552
3696.06	0.496542
3724.98	0.497562
3752.6	0.498562
3779.76	0.499373
3805.93	0.500116
3831.18	0.500599
3854.1	0.500001
3874.25	0.501459
3893.32	0.503561
3911.78	0.506046
3929.77	0.50898
3946.84	0.512848
3962.64	0.517859
3977.32	0.524232
3990.75	0.532334
4002.79	0.542456
4013.4	0.554618
4022.64	0.567007
4030.68	0.568581
4037.82	0.540383
4046.52	0.426725
4055.16	0.354845
4062	0.337552
4066.98	0.333119
4069.52	0.331589
2537.03	0.280454
2536.57	0.318429
2535.38	0.513497
2608.28	0.515997
2679.97	0.513624
2750.25	0.51136
2819.03	0.509247
2886.27	0.507288
2951.82	0.505489
3015.41	0.503859
3076.61	0.502409
3135.57	0.501147
3192.46	0.500069
3246.5	0.499184
3296.26	0.498968
3348.17	0.498464
3385.4	0.495136
3424.96	0.494996
3461.95	0.494699
3497.73	0.494744
3532.32	0.495021
3566.77	0.495394
3600.33	0.495846
3632.4	0.496421
3663.66	0.497138
3693.9	0.497968
3722.8	0.498934
3749.33	0.500122
3777.15	0.501393
3802.98	0.503081
3827.89	0.504911
3854.05	0.506695
3873.13	0.505302
3891.9	0.506485
3910.21	0.508239
3928.9	0.510263
3946.58	0.512973
3962.23	0.516975
3976.87	0.521245
3990.31	0.528937
4002.35	0.538731
4012.95	0.55089
4022.13	0.564424
4030.07	0.568962
4037.52	0.514604
4046.41	0.419383
4055.18	0.352411
4062.02	0.336314
4066.75	0.331953
4069.16	0.330366
2537.32	0.280585
2536.85	0.317621
2535.64	0.513186
2609.05	0.515678
2681.12	0.513271
2751.63	0.510978
2820.55	0.508836
2887.94	0.50685
2953.75	0.505023
3017.55	0.503359
3078.25	0.501872
3137.08	0.500583
3194.14	0.499467
3245.42	0.498506
3293.86	0.497981
3340.88	0.497591
3383.85	0.497297
3428.53	0.497409
3462.49	0.496208
3497.09	0.496509
3529.49	0.497149
3565.01	0.498307
3599.33	0.499303
3629.97	0.498934
3661.44	0.499934
3692.2	0.500941
3721.64	0.502018
3750.14	0.503154
3774.94	0.502816
3799.37	0.50386
3821.75	0.505071
3847.92	0.505869
3869.82	0.506859
3889.44	0.508861
3906.39	0.511672
3927.83	0.514766
3946.56	0.517807
3963.91	0.520819
3975.8	0.52353
3989.42	0.527806
4001.55	0.53154
4012.23	0.531951
4021.6	0.520181
4030.19	0.478523
4039	0.405709
4046.61	0.362882
4054.98	0.340913
4061.62	0.333788
4066.24	0.33122
4068.56	0.330039
2537.77	0.280884
2537.3	0.316789
2536.06	0.512733
2610.25	0.515246
2682.86	0.512878
2753.57	0.510663
2822.51	0.508617
2890.06	0.506721
2956.52	0.504973
3021.57	0.503428
3080.5	0.502437
3139.08	0.50135
3200.32	0.500191
3245.88	0.497047
3291.55	0.496131
3336.32	0.495494
3379.24	0.49489
3420.93	0.49442
3459.11	0.493854
3495.75	0.493929
3531.72	0.494298
3563.01	0.493622
3593.46	0.493309
3628.14	0.492211
3659.12	0.492575
3691.05	0.493483
3720.55	0.494991
3748.26	0.496633
3774.29	0.498131
3799.11	0.49998
3822.83	0.501837
3846.58	0.503586
3868.71	0.505315
3889.16	0.507429
3908.37	0.510082
3927.83	0.513142
3946.3	0.516903
3961.29	0.520611
3975.72	0.52691
3989.37	0.534592
4001.75	0.544886
4012.59	0.557711
4021.92	0.572429
4029.99	0.579626
4037.96	0.521271
4047.19	0.396685
4055.06	0.35129
4062	0.33654
4066.81	0.332365
4069.23	0.330789
2538.38	0.282466
2537.93	0.318816
2536.7	0.509819
2612.13	0.512153
2685.55	0.509701
2756.26	0.507341
2824.82	0.50516
2892.13	0.503164
2959.52	0.501356
3030.52	0.499676
3081.9	0.495908
3137.13	0.494713
3192.25	0.493292
3243.08	0.491156
3289.1	0.489394
3333.23	0.488575
3375.22	0.487892
3417.36	0.487337
3456.77	0.487614
3494.11	0.488437
3530.41	0.489586
3561.55	0.490342
3591.52	0.491978
3627.6	0.49307
3660.91	0.494698
3690.65	0.49509
3719.6	0.496213
3746.42	0.497325
3773.22	0.498718
3798.31	0.500792
3822.23	0.502841
3845.24	0.504892
3867.62	0.507103
3888.47	0.509751
3908.38	0.513003
3927.09	0.516443
3945.69	0.520609
3959.17	0.52313
3976.76	0.528173
3988.8	0.533191
4001.74	0.542696
4012.82	0.555217
4022.27	0.570742
4030.31	0.585055
4037.7	0.56059
4046.09	0.444943
4054.01	0.356528
4061.99	0.339323
4067.14	0.334448
4069.69	0.33263
2539.15	0.286144
2538.74	0.327824
2537.62	0.511283
2615.04	0.513245
2689.93	0.510897
2760.04	0.508717
2827.28	0.506898
2892.94	0.505239
2957.59	0.503676
3020.92	0.502309
3077.98	0.501489
3133.89	0.500981
3189.46	0.500587
3246.43	0.500267
3288.26	0.496643
3331.54	0.496333
3374.86	0.496425
3414.99	0.495461
3454.95	0.495647
3491.91	0.495719
3526.7	0.496219
3561.08	0.496178
3594.81	0.496586
3628.16	0.497174
3660.41	0.498018
3690.89	0.499081
3719.86	0.50025
3746.85	0.501607
3772.22	0.502087
3797.06	0.503688
3820.91	0.505084
3842.9	0.506723
3866.39	0.508819
3887.04	0.510415
3906.55	0.512511
3926.2	0.515398
3944.42	0.520092
3961.71	0.525913
3975.5	0.529934
3988.98	0.536523
4001.73	0.545088
4012.84	0.558262
4022.35	0.575027
4030.48	0.594932
4037.69	0.586341
4045.86	0.475615
4054.75	0.370271
4062.31	0.344871
4067.46	0.338014
4070.06	0.335527
2540.01	0.290188
2539.68	0.340786
2538.83	0.512302
2619.46	0.513362
2698.06	0.510668
2765.65	0.507124
2830.27	0.504856
2893.64	0.503091
2955.8	0.501651
3016.39	0.50037
3074.02	0.499185
3129.75	0.498217
3183.96	0.497391
3236.27	0.496622
3283.16	0.495673
3328.24	0.495799
3372.3	0.496168
3413.29	0.496398
3451.51	0.497155
3491.81	0.497959
3529.1	0.498929
3564.9	0.5
3597.08	0.500418
3628.84	0.50149
3661.08	0.502429
3691.9	0.503402
3721.15	0.504411
3748.39	0.505444
3771.8	0.506468
3795.79	0.508056
3819.45	0.50806
3844.23	0.509109
3864.88	0.509648
3885.81	0.511811
3903.55	0.514973
3924.95	0.518544
3942.28	0.524017
3961.25	0.530195
3977.64	0.538023
3990.42	0.544622
4001.49	0.549391
4012.63	0.56245
4022.03	0.579935
4030.49	0.603701
4037.79	0.606405
4045.81	0.504685
4054.95	0.385457
4062.58	0.350964
4067.79	0.341917
4070.42	0.338554
2540.85	0.289389
2540.55	0.346552
2539.98	0.517448
2624.75	0.517816
2716.09	0.515216
2773.18	0.511245
2833.43	0.509071
2894.42	0.507236
2954.4	0.505525
3013.59	0.504071
3070.69	0.502841
3125.81	0.501824
3179.01	0.501029
3230.17	0.500503
3278.47	0.500326
3324.57	0.500259
3367.65	0.500422
3411.87	0.500782
3453.8	0.501091
3493.19	0.501101
3531.48	0.501744
3569.62	0.502553
3599.2	0.500684
3627.27	0.502175
3662.34	0.503208
3693.87	0.504837
3724.13	0.506739
3750.14	0.507665
3774.13	0.507729
3797.24	0.509197
3821.98	0.510715
3842.13	0.512343
3866.15	0.51365
3887.58	0.515625
3907.14	0.518322
3926	0.521816
3943.22	0.526828
3961.52	0.532465
3977.44	0.540213
3991.63	0.550591
4002	0.560659
4012.31	0.568581
4020.79	0.585805
4030.44	0.610502
4038.02	0.618018
4045.97	0.523605
4055.14	0.397637
4062.9	0.355996
4068.17	0.345337
4070.84	0.341234
2541.58	0.275873
2541.06	0.312474
2539.84	0.516439
2622.12	0.518693
2702.72	0.516213
2774	0.513953
2834.17	0.511586
2895.33	0.509885
2952.82	0.508084
3012.65	0.506549
3069.09	0.505459
3123.46	0.504708
3175.88	0.504181
3227.13	0.503896
3274.49	0.503929
3322.14	0.504212
3367.46	0.504578
3412.44	0.504893
3458.5	0.505211
3494.83	0.503396
3532.98	0.503942
3571.42	0.504592
3603.41	0.504315
3634.89	0.504599
3665.53	0.503775
3695.5	0.504011
3722.76	0.50473
3749.31	0.505528
3776.76	0.506926
3801.56	0.508791
3825.41	0.510711
3847.57	0.512856
3869.69	0.515102
3890.64	0.51795
3910.29	0.521529
3928.37	0.525982
3945.59	0.532225
3962.31	0.539875
3977.11	0.544879
3991.4	0.553423
4003.8	0.564326
4012.74	0.571938
4022.47	0.586603
4031.14	0.613258
4038.55	0.62465
4046.39	0.534955
4055.52	0.405848
4063.35	0.359463
4068.68	0.347814
4071.38	0.343218
2542.42	0.262756
2541.56	0.291494
2539.65	0.515863
2619.97	0.520959
2697.52	0.518561
2769.47	0.516393
2834.91	0.514457
2897.8	0.512626
2958.97	0.510958
3013.94	0.509204
3068.34	0.508068
3120.63	0.50692
3174.61	0.506008
3225.46	0.505555
3273.33	0.505404
3320.67	0.505407
3366.2	0.505536
3410.46	0.505793
3454.27	0.506145
3492.13	0.505971
3532.5	0.506832
3575.39	0.507385
3606.7	0.507066
3638.22	0.508157
3670.33	0.507825
3698.66	0.506871
3727.38	0.507739
3754.09	0.509244
3780.38	0.510913
3805.19	0.512643
3828.86	0.514481
3851.39	0.516472
3872.72	0.518589
3893.28	0.521794
3913.26	0.525891
3929.82	0.527423
3946.68	0.531481
3959.64	0.53571
3977.41	0.540388
3992.12	0.549164
4004.58	0.560991
4014.72	0.576625
4023.3	0.59021
4031.7	0.616312
4039.18	0.629181
4047.02	0.541954
4056.13	0.41084
4064	0.361544
4069.36	0.349288
4072.07	0.344404
2543.76	0.259334
2542.54	0.286643
2539.86	0.514546
2619.5	0.522826
2696.79	0.520361
2770.4	0.518035
2837.16	0.516077
2900.93	0.514377
2957.13	0.512972
3012.86	0.51182
3070.11	0.510884
3126.38	0.509843
3175.19	0.508879
3225.48	0.508432
3271.36	0.508275
3319.62	0.508696
3364.81	0.508705
3407.5	0.508867
3447.39	0.509363
3485.43	0.510364
3527.95	0.511322
3569.55	0.512064
3606.53	0.513307
3642.04	0.514121
3678.77	0.515308
3706.29	0.510381
3732.39	0.511171
3757.7	0.513008
3783.87	0.514974
3808.34	0.517265
3831.81	0.519913
3854.75	0.522759
3874.83	0.523004
3894.79	0.525206
3912.86	0.528115
3930.42	0.531614
3946.08	0.536297
3962.8	0.541135
3978.85	0.548116
3993.2	0.55703
4005.8	0.568133
4016.98	0.58174
4025.19	0.595019
4031.78	0.618281
4039.95	0.632426
4047.9	0.54649
4057	0.413651
4064.88	0.362446
4070.24	0.349853
4072.96	0.344839
2546.21	0.280737
2544.42	0.299467
2540.49	0.509581
2620.36	0.520141
2698.63	0.51771
2777.11	0.515266
2841.38	0.512782
2898.41	0.510528
2958.19	0.508947
3015.52	0.507648
3071.72	0.506565
3125.95	0.505607
3177.29	0.504671
3227.86	0.504003
3277.08	0.503584
3320.34	0.502976
3364.59	0.503103
3406	0.5032
3441.01	0.502737
3472.87	0.502927
3522.85	0.502704
3566.9	0.501644
3606.38	0.501274
3643.15	0.501842
3678.11	0.502651
3709.21	0.503467
3736.47	0.504915
3762.9	0.507057
3788.31	0.508754
3811.51	0.508513
3834.12	0.509639
3854.88	0.510718
3876.89	0.512921
3897.42	0.516134
3915.21	0.517401
3931.94	0.518752
3946.62	0.523934
3965.25	0.529628
3981.26	0.536818
3995.35	0.545979
4007.69	0.557639
4018.5	0.572346
4027.07	0.591868
4034.9	0.615509
4041.51	0.618724
4049.2	0.545706
4058.19	0.413682
4066	0.362135
4071.33	0.349564
4074.04	0.344596
2550.16	0.323177
2547.31	0.333496
2541.64	0.499695
2621.77	0.511851
2699.14	0.509692
2772.99	0.507596
2839.77	0.505088
2901.07	0.503283
2960.65	0.502006
3018.27	0.500907
3074.16	0.499983
3127.28	0.499358
3178.98	0.49866
3230.36	0.497987
3276.23	0.496655
3322.61	0.496039
3364.82	0.494362
3403.97	0.493782
3444.4	0.493483
3483.41	0.495013
3522.07	0.49716
3567.23	0.498818
3607.34	0.500153
3644.45	0.501539
3679.69	0.502957
3714.37	0.504226
3739.77	0.5026
3765.27	0.503616
3789.17	0.505164
3814.84	0.507276
3836.1	0.5077
3858.97	0.509945
3878.72	0.509737
3897.78	0.510635
3915.94	0.513149
3934.96	0.516873
3951.82	0.521892
3968.47	0.527938
3983.73	0.535557
3997.39	0.54522
4009.22	0.557855
4020.42	0.572522
4030.21	0.590821
4037.14	0.61428
4044.03	0.606495
4051.05	0.510486
4059.7	0.406917
4067.34	0.360651
4072.61	0.348668
4075.3	0.343933
2556.04	0.35804
2551.9	0.365767
2543.78	0.488847
2624.93	0.501611
2702.08	0.499799
2774.89	0.498027
2842.67	0.496366
2904.44	0.495058
2964.05	0.494008
3021.65	0.493141
3078.26	0.492325
3128.87	0.489925
3179.79	0.488794
3228.53	0.487742
3276.64	0.485857
3320.02	0.484978
3366.64	0.484651
3409.54	0.485114
3451.22	0.485863
3491.41	0.486845
3529.04	0.48813
3571.02	0.489191
3609.75	0.490759
3646.04	0.492469
3680.24	0.49437
3712.14	0.496471
3740.34	0.497556
3766.89	0.499479
3792.04	0.501506
3816.14	0.503723
3839.49	0.50447
3859.42	0.505288
3880.49	0.506872
3901.18	0.50918
3919.99	0.51238
3938.37	0.516105
3955.48	0.520594
3971.27	0.526027
3985.97	0.533235
3999.45	0.542331
4009.58	0.552536
4021.98	0.564836
4031.8	0.580572
4039.05	0.606681
4046.09	0.603721
4053.55	0.503592
4061.31	0.393751
4068.77	0.35925
4074	0.348051
4076.72	0.34354
2565.35	0.376224
2559.58	0.384812
2548	0.479027
2631.06	0.492832
2708.28	0.49247
2780.77	0.492115
2850.54	0.491539
2908.93	0.487915
2968.41	0.486978
3024.87	0.486165
3078.57	0.48497
3130.09	0.482186
3181.42	0.481449
3230.27	0.480791
3279.04	0.481066
3325.14	0.481521
3370.74	0.482184
3414.83	0.482993
3457.99	0.483981
3500.41	0.485175
3540.43	0.48695
3576.38	0.484921
3612.93	0.48606
3648.05	0.48692
3681.4	0.487772
3712.83	0.488955
3741.99	0.491348
3768.99	0.494004
3794	0.496398
3816.94	0.498711
3841.73	0.501384
3863.99	0.504569
3885.73	0.507938
3904.76	0.51014
3922.73	0.513127
3941.31	0.517135
3958.69	0.522397
3973.37	0.525877
3987.61	0.532003
3999.96	0.540165
4012.75	0.551311
4024.27	0.565287
4034.04	0.582705
4042.12	0.61213
4048.15	0.626884
4055.1	0.55079
4063.38	0.412741
4070.11	0.361004
4075.45	0.34875
4078.32	0.343981
2579.83	0.384958
2572.41	0.395174
2557.84	0.469641
2641.97	0.478184
2718.17	0.478492
2788.27	0.478764
2850.33	0.478748
2914.78	0.479159
2976.16	0.47929
3027.92	0.475648
3079.1	0.474945
3133.59	0.474893
3185.12	0.475181
3234.56	0.47564
3282.73	0.476279
3329.33	0.477073
3374.9	0.478045
3419.55	0.479165
3463.97	0.480375
3510.2	0.481409
3542.33	0.477073
3580.46	0.478655
3616.7	0.48056
3651.16	0.48263
3684.06	0.484785
3714.59	0.487228
3744.06	0.489789
3769.98	0.490174
3796.35	0.491904
3820.85	0.494959
3844.8	0.497998
3867.41	0.501046
3888.34	0.504256
3908	0.508036
3927.04	0.512314
3943.71	0.514026
3959.18	0.516683
3975.24	0.521245
3989.67	0.528306
4002.93	0.537236
4015.35	0.548301
4026.49	0.562059
4036.07	0.579305
4043.86	0.607708
4049.76	0.640399
4056.57	0.590784
4064.9	0.44153
4072.34	0.36628
4076.91	0.349433
4080.25	0.343948
2601.2	0.389305
2591.82	0.402112
2570.84	0.458234
2659.41	0.463957
2735.94	0.466251
2802.98	0.468418
2866.98	0.470195
2922.6	0.467394
2975.36	0.466883
3032.77	0.466957
3086.23	0.467102
3138.78	0.467337
3189.6	0.467593
3238.79	0.467932
3286.6	0.468379
3333.11	0.46894
3378.53	0.469625
3422.96	0.470425
3466.53	0.471322
3508.94	0.472292
3547	0.473208
3584.75	0.474982
3620.56	0.477243
3654.13	0.479797
3687.37	0.482114
3715.71	0.481631
3742.99	0.483063
3771.88	0.485627
3798.82	0.488678
3823.58	0.492236
3847.5	0.495959
3870.77	0.499705
3890.51	0.500074
3910.15	0.502423
3928.29	0.504918
3946.1	0.509095
3962.09	0.514236
3976.93	0.519616
3991.08	0.527179
4004.88	0.535673
4017.38	0.546869
4028.42	0.561219
4037.93	0.579385
4045.77	0.610114
4052.48	0.630299
4058.44	0.581849
4067.21	0.426357
4075.05	0.361382
4080.22	0.346537
4083.03	0.341182
2631.37	0.391485
2622.18	0.407783
2592.58	0.436841
2687.68	0.450715
2762.09	0.455122
2819.71	0.455247
2873.02	0.45669
2931.48	0.458377
2986.09	0.459363
3040.39	0.460106
3093.06	0.460628
3144.45	0.461063
3194.43	0.461449
3243.03	0.461838
3290.36	0.462268
3336.53	0.46276
3381.63	0.463336
3425.68	0.46401
3468.67	0.46479
3510.41	0.465684
3550.36	0.466773
3589.32	0.468194
3625	0.470509
3655.75	0.469987
3685.32	0.471484
3716.75	0.473781
3745.61	0.476929
3773.97	0.48009
3801.71	0.48332
3825.42	0.483886
3849.13	0.486573
3870.23	0.489086
3892.52	0.492528
3912.62	0.496479
3931.15	0.500512
3948.59	0.504647
3964.68	0.509152
3979.57	0.514449
3991.04	0.520997
4006.31	0.529688
4019.05	0.540103
4030.08	0.552997
4039.55	0.568643
4047.5	0.58531
4053.97	0.583111
4060.3	0.469621
4070.5	0.377986
4078.34	0.348974
4083.51	0.33985
4086.14	0.335873
2670.1	0.392615
2672.26	0.410918
2683.07	0.429057
2735.25	0.439063
2786.38	0.43889
2838.08	0.443161
2889.82	0.446408
2943.18	0.448841
2996.05	0.450619
3048.5	0.452021
3099.98	0.453184
3150.27	0.454194
3199.33	0.455048
3247.18	0.455804
3293.9	0.456522
3339.58	0.457233
3384.27	0.457988
3427.93	0.458829
3470.45	0.459786
3512.03	0.460773
3553.04	0.461795
3595.45	0.462731
3624.34	0.45873
3657.46	0.45987
3689.06	0.462088
3718.57	0.465132
3746.93	0.46853
3774.87	0.469063
3800.93	0.470657
3827.39	0.473635
3851.42	0.477731
3873.6	0.481898
3894.97	0.486052
3914.91	0.490094
3933.4	0.494103
3950.69	0.497679
3966.78	0.500956
3981.67	0.504022
3995.2	0.507277
4008.51	0.513244
4020.75	0.51862
4031.68	0.521478
4041.37	0.515047
4050.37	0.482219
4057.83	0.422681
4065.67	0.367106
4074.96	0.346579
4082.11	0.336886
4086.92	0.332238
4089.36	0.32957
2705.95	0.392519
2713.11	0.405979
2731.15	0.415104
2766.73	0.421314
2809.27	0.426396
2855.54	0.43051
2904.06	0.433786
2954.36	0.436413
3005.37	0.438571
3056.46	0.440489
3106.9	0.442359
3156.1	0.444241
3204.14	0.445807
3251.13	0.447104
3297.07	0.448262
3342.16	0.449207
3386.43	0.450061
3429.77	0.45092
3471.56	0.452076
3512.56	0.45278
3552.62	0.453413
3591.51	0.454029
3626.97	0.45396
3658.9	0.455084
3693.09	0.456357
3719.76	0.449099
3744.17	0.447559
3776.18	0.451012
3804.21	0.455114
3829.98	0.460374
3853.78	0.464739
3876.02	0.46836
3897.12	0.47146
3916.98	0.474141
3935.21	0.477639
3952.41	0.479085
3968.54	0.479059
3983.66	0.476385
3998.19	0.468412
4010.49	0.457064
4022.65	0.443198
4033.91	0.425061
4044.17	0.400575
4053.25	0.373385
4063.01	0.353351
4071.56	0.339774
4079.48	0.332607
4085.81	0.328415
4090.18	0.325642
4092.41	0.323634
2733.94	0.390649
2742.53	0.400741
2761.04	0.406566
2790.57	0.410665
2827.7	0.414012
2869.93	0.416723
2915.65	0.418888
2963.85	0.42063
3013.57	0.422111
3063.95	0.423582
3113.89	0.42543
3161.88	0.428096
3208.73	0.430098
3254.82	0.431427
3299.72	0.432634
3344.15	0.433288
3388.05	0.43365
3431.65	0.433597
3471.9	0.432207
3512.46	0.43179
3551.77	0.430894
3589.39	0.42898
3623.37	0.425623
3658.73	0.422561
3691.79	0.421617
3721.6	0.418947
3750.07	0.418887
3779.77	0.420248
3808.08	0.422014
3832.91	0.427734
3856.09	0.430685
3878.05	0.431503
3899	0.430501
3919.23	0.42721
3936.7	0.42151
3953.97	0.417032
3970.23	0.411937
3985.4	0.404542
3998.9	0.39373
4013.18	0.384601
4025.97	0.373508
4037.68	0.361692
4048.41	0.350529
4058.23	0.340892
4067.54	0.333831
4075.88	0.328764
4083.14	0.325273
4088.93	0.322622
4092.95	0.320406
4095.01	0.318524
2752.67	0.388646
2761.42	0.396891
2779.33	0.399891
2806.18	0.40175
2840.33	0.402947
2880.05	0.40365
2923.93	0.403969
2970.89	0.404
3020.11	0.403853
3070.83	0.403696
3121.7	0.403928
3167.65	0.406149
3212.87	0.408411
3258.44	0.40946
3301.53	0.405327
3345.34	0.403224
3388.58	0.400564
3430.39	0.397819
3472.44	0.395099
3512.95	0.39438
3551.99	0.393576
3589.36	0.392667
3624.76	0.391551
3659.29	0.390802
3692.18	0.389889
3723.21	0.388901
3753.16	0.388223
3783.12	0.387829
3813.8	0.386968
3835.93	0.384618
3858.15	0.382883
3879.7	0.380878
3900.29	0.377661
3918.75	0.372303
3938.25	0.367807
3956.01	0.364954
3972.5	0.361556
3987.88	0.35762
4002.18	0.353193
4015.97	0.348626
4028.79	0.343639
4040.64	0.338602
4051.53	0.333897
4061.52	0.329778
4070.65	0.326337
4078.77	0.323414
4085.68	0.320851
4091.16	0.318473
4094.96	0.316193
4096.91	0.314114
2761.99	0.38707
2770.68	0.394156
2788.14	0.395916
2813.88	0.396266
2846.72	0.396111
2885.28	0.395676
2928.28	0.395054
2974.76	0.394303
3024.14	0.393455
3076.47	0.39253
3133.22	0.391519
3172.93	0.381633
3215.5	0.37757
3256.57	0.372163
3301.91	0.369387
3346.04	0.368552
3389.26	0.367764
3431.47	0.366985
3473.02	0.366228
3513.37	0.365495
3552.3	0.364765
3589.66	0.364033
3625.4	0.363296
3659.81	0.362549
3692.73	0.361766
3724.16	0.360939
3754.47	0.360064
3783.98	0.359122
3812.17	0.358091
3836.54	0.354808
3859.27	0.353554
3880.87	0.352225
3901.36	0.350732
3920.63	0.349072
3939.47	0.347346
3957.2	0.345467
3973.78	0.343373
3989.28	0.341073
4003.79	0.338599
4017.51	0.33602
4030.33	0.333359
4042.21	0.330675
4053.15	0.328023
4063.16	0.325439
4072.22	0.322929
4080.22	0.320457
4086.99	0.317979
4092.32	0.315464
4096.02	0.312957
4097.92	0.310769
3818.06	0.38742
3835.99	0.387253
3858.09	0.387689
3879.6	0.389305
3900.29	0.392529
3914.63	0.396653
3920.82	0.41639
3936.53	0.416094
3953.89	0.41369
3970.14	0.411762
3985.35	0.411125
3996.72	0.41258
4000.43	0.433502
4010.39	0.431323
4022.62	0.418927
4033.87	0.404006
4044.1	0.391141
4051.92	0.381918
4053.21	0.39921
4057.7	0.395956
4060.65	0.372392
2638.1	0.507364
2688.6	0.506421
2738.63	0.504905
2762.71	0.502041
2820.3	0.500861
2886.58	0.49869
2930.27	0.49665
2951.84	0.493008
3006.2	0.49204
3067.27	0.49078
3109.02	0.489622
3131.57	0.489741
3183.56	0.488912
3239.78	0.487965
3276.92	0.486985
3298.54	0.486993
3346.81	0.486423
3397.19	0.486365
3427.17	0.485997
3446.22	0.487738
3486.78	0.48727
3526.71	0.487065
3547.8	0.486902
3558.77	0.487583
3524.02	0.508248
3541.55	0.507881
3575.55	0.507985
3610.59	0.507796
3640.09	0.50869
3671.83	0.508599
3699.81	0.508645
3727.2	0.508321
3746.28	0.508027
3755.82	0.508614
3778.43	0.508895
3802.24	0.510147
3824.86	0.51079
3843.42	0.512079
3862.29	0.512698
3882.24	0.513747
3900.9	0.514842
3917.2	0.515935
3919.6	0.519034
3838.2	0.520542
3855.39	0.521179
3874.68	0.52215
3893.56	0.52337
3911.99	0.524643
3929.67	0.526047
3946.45	0.52745
3962.25	0.528673
3977.08	0.529303
3990.66	0.52875
4002.82	0.525669
4013.56	0.517659
4023.07	0.501424
4030.37	0.463775
4038.54	0.41429
4046.85	0.375194
4054.6	0.351413
4057.55	0.342612
3892.5	0.477466
3906.17	0.481051
3911.73	0.497571
3921.64	0.498495
3937.32	0.501345
3952.2	0.505359
3965.68	0.510548
3970.35	0.526107
3977.27	0.527202
3990.88	0.529008
4003.85	0.530428
4016.25	0.530424
4019.92	0.549036
4025.11	0.550357
4034.71	0.54583
4043.14	0.527899
4051.08	0.487315
4054.52	0.419333
4058.08	0.410341
4066.3	0.377396
4073.44	0.355174
4077.79	0.347701
3545.72	0.491216
3561.56	0.491014
3573.09	0.492244
3596.33	0.491939
3630.29	0.493046
3661.98	0.494283
3692.81	0.495284
3712.03	0.495703
3722.47	0.498614
3748.11	0.498913
3775.34	0.499733
3796.08	0.501979
3815.44	0.503011
3822.54	0.507367
3838.03	0.507508
3858.89	0.508952
3879.03	0.510198
3898.11	0.511411
3908.29	0.512181
3914.64	0.512913
3923.39	0.513356
2758.51	0.515866
2774.01	0.515131
2794.58	0.514953
2833.88	0.514168
2895.45	0.513121
2949.79	0.511896
2972.04	0.51228
3013.11	0.511484
3068.54	0.510645
3116.96	0.509537
3136.19	0.509691
3174.61	0.508943
3225.58	0.507645
3267.44	0.506279
3284.28	0.503969
3319.82	0.503251
3364.74	0.502118
3400.75	0.500873
3411.16	0.496338
3443.94	0.495723
3483.59	0.495254
3514.71	0.494316
3521.54	0.4887
3329.55	0.506678
3364.48	0.506269
3410.24	0.505828
3455.67	0.505299
3499.45	0.504988
3539.04	0.505231
3575.75	0.505707
3610	0.5063
3645	0.506386
3672.85	0.507671
3700.7	0.508533
3728.31	0.509431
3754.55	0.510544
3780	0.511284
3804.17	0.511889
3822.46	0.511901
3829.51	0.513454
3846.43	0.513423
3864.51	0.513695
3876.67	0.513516
3560.11	0.48336
3589.06	0.483816
3622.1	0.485007
3654.63	0.48662
3686.15	0.488633
3716.52	0.490822
3740.52	0.49234
3749.76	0.50535
3770.64	0.505727
3796.66	0.507485
3821.07	0.508941
3844.03	0.510537
3865.63	0.512331
3885.75	0.514325
3902.91	0.516907
3919.27	0.519747
3935.09	0.522493
3947.4	0.524316
3951.67	0.532843
3962.43	0.533772
3975.34	0.535891
3983.65	0.536971
3406.04	0.491497
3439.57	0.491575
3480.05	0.49219
3518.68	0.493094
3555.57	0.493946
3577.42	0.49428
3590.52	0.498847
3621.74	0.499096
3654.2	0.499753
3685.16	0.50052
3714.25	0.501569
3740.57	0.503116
3763.32	0.505332
3789.77	0.506424
3813.95	0.50795
3836.18	0.509462
3853.37	0.510311
3859.73	0.515769
3874.91	0.515939
3893.67	0.516506
3906.39	0.516781
3524.73	0.456184
3549.35	0.454654
3560.09	0.43681
3589.27	0.435759
3623.16	0.434789
3656.04	0.433817
3687.79	0.432734
3718.25	0.431322
3747.31	0.429307
3775.35	0.426556
3801.84	0.422416
3818.94	0.41869
3828.19	0.400109
3848.79	0.398826
3870.16	0.398296
3890.44	0.397405
3908.57	0.395734
3925.41	0.394646
3940.79	0.393612
3953.4	0.392793
2940.4	0.511222
2983.77	0.510608
3040.88	0.50978
3098.12	0.508801
3154.49	0.507908
3209.58	0.50714
3263.09	0.506494
3314.71	0.505992
3364.17	0.505653
3411.49	0.505441
3456.61	0.505354
3499.22	0.505422
3537.97	0.505845
3577.2	0.505708
3615.26	0.505472
3650.32	0.505282
3679.86	0.505139
3705.7	0.505046
3716.35	0.505498
3793.12	0.396443
3802.27	0.397385
3808.38	0.437074
3826.49	0.440304
3835.07	0.471956
3847.59	0.473151
3863.37	0.477774
3869.47	0.494544
3884.99	0.496353
3889.7	0.513746
3902.82	0.514692
3911.58	0.519373
3918.23	0.521872
3929.79	0.523634
3933.36	0.527141
3945.92	0.527764
3950.76	0.532974
3960.43	0.533469
3969.98	0.538126
3974.84	0.543767
3985.08	0.546829
3987.62	0.557114
3996.65	0.559288
4002.53	0.566497
4009.26	0.566894
4017.14	0.572164
4018.97	0.57195
3671.64	0.508322
3681.08	0.508041
3706.61	0.508571
3733.24	0.509072
3758.41	0.509136
3767.93	0.510711
3784.34	0.510563
3807.97	0.512326
3831.15	0.51398
3851.39	0.516363
3859.22	0.521521
3870.97	0.521638
3889.38	0.524069
3907.34	0.52626
3924.07	0.528361
3930.41	0.532114
3938.09	0.532255
3955.37	0.537435
3970.66	0.542833
3984.33	0.548847
3990.42	0.553973
3996.04	0.554741
4005.31	0.557373
2585.54	0.491411
2598.94	0.492104
2641.99	0.491317
2717.78	0.490452
2788.22	0.490188
2841.25	0.4894
2859.93	0.496952
2908.4	0.496309
2968.21	0.496211
3025.16	0.495925
3060.36	0.495415
3080.39	0.499258
3128.7	0.498824
3179.78	0.498712
3226.68	0.498483
3245.91	0.50153
3275.71	0.500943
3322.31	0.500648
3364.95	0.500386
3398.02	0.500047
3410.09	0.504287
3440.54	0.503893
3467.78	0.503351
3520.16	0.488653
3534.65	0.488659
3544.64	0.49748
3576.2	0.497726
3612.79	0.498959
3647.86	0.500639
3681.1	0.502575
3696.81	0.504603
3711.9	0.504663
3740.17	0.505585
3766.77	0.506915
3792.06	0.508294
3813.43	0.508935
3820.12	0.513521
3835.95	0.513644
3858.73	0.514563
3878.65	0.515892
3897.86	0.517363
3911.2	0.518327
3916.71	0.522267
3931.73	0.522782
3942.05	0.524056
3781.68	0.502817
3786.42	0.504231
3801.56	0.504352
3820.07	0.506779
3827.62	0.512604
3843.45	0.513012
3860.09	0.514753
3866.28	0.521136
3882.36	0.522083
3897.84	0.524259
3906.14	0.529501
3923.66	0.531313
3936.38	0.534151
3942.12	0.538007
3957.11	0.5417
3964.56	0.5489
3972.61	0.549146
3985.51	0.554994
3990.44	0.563167
3998.9	0.564057
4010.19	0.571694
4014.6	0.582696
4023.08	0.584495
4031.38	0.593156
4034.57	0.599064
4039.61	0.602867
3041.53	0.502366
3081.91	0.501769
3137.12	0.501022
3191.92	0.500144
3242.66	0.49983
3288.88	0.500115
3333.06	0.500303
3373.82	0.500416
3391.09	0.503311
3414.57	0.502851
3454.6	0.503008
3491.7	0.503172
3526.65	0.503531
3561.02	0.503732
3594.77	0.504126
3628.06	0.504552
3660.25	0.505106
3690.73	0.505732
3719.72	0.506191
3745.39	0.506414
3755.42	0.508172
3770.61	0.507945
3781.23	0.508376
3280.11	0.497727
3293.25	0.497208
3306.15	0.499456
3338.6	0.498939
3382.1	0.498463
3424.15	0.497658
3451.48	0.496858
3467.93	0.496119
3503.78	0.495641
3534.06	0.493911
3568.12	0.49361
3582.92	0.494019
3606.73	0.493641
3640.27	0.495188
3672.28	0.496288
3695.38	0.496823
3706.95	0.500443
3732.08	0.500648
3759.29	0.502313
3783.97	0.503984
3795.01	0.506401
3808.75	0.506192
3831.3	0.506705
3851.94	0.50705
3864.85	0.507231
3466.27	0.510313
3469.29	0.510277
3495.03	0.509961
3532.99	0.509691
3570.92	0.509294
3603.33	0.509729
3634.82	0.509942
3665.45	0.510183
3695.28	0.510581
3723.06	0.511226
3743.58	0.511352
3752.35	0.514938
3773.77	0.51519
3797.31	0.516525
3821.65	0.517242
3842.35	0.51932
3865.95	0.520427
3887.39	0.522175
3907.02	0.523815
3925.68	0.524775
3935.09	0.52536
3937.44	0.524283
3600.94	0.469893
3622.42	0.470145
3633.21	0.479695
3655.66	0.479712
3681.49	0.481531
3690.61	0.490354
3715.62	0.490718
3735.2	0.492589
3745.01	0.498013
3769.55	0.498998
3780.95	0.502855
3793.99	0.502696
3815.4	0.50397
3822.14	0.508953
3839.28	0.50901
3856.07	0.510605
3861.25	0.516718
3878.64	0.517415
3891.24	0.519963
3897.98	0.525134
3914.68	0.527165
3921.17	0.535156
3930.43	0.535437
3944.99	0.536574
3949.9	0.53571
3956.98	0.535798
3947.23	0.525685
3948.69	0.528893
3958.47	0.529868
3963.98	0.537361
3974.65	0.538482
3979.83	0.550539
3989.59	0.551905
3993.62	0.565387
4001.46	0.567149
4005.37	0.577046
4012.35	0.57846
4016.36	0.586705
4022.94	0.587691
4026.48	0.584122
4031.69	0.582972
4036.09	0.55419
4041.63	0.547246
4045.72	0.47653
4051.1	0.459063
4055.43	0.395389
4061.16	0.385187
4064.99	0.365258
4069.93	0.358891
4072.84	0.352303
4073.51	0.350734
3694.91	0.469467
3719.99	0.472552
3735.26	0.476295
3747.4	0.480686
3774.8	0.482111
3799.34	0.484767
3808.21	0.494158
3825.12	0.494416
3849.12	0.497633
3866.46	0.499921
3872.94	0.509209
3890.3	0.510137
3910.04	0.514018
3920.49	0.517299
3927.42	0.521516
3943.62	0.523445
3958.27	0.527183
3963.4	0.535689
3973.18	0.536384
3987.54	0.541063
3997.62	0.544901
4000.7	0.550999
4008.62	0.552518
3490.72	0.502163
3515.38	0.501894
3544.81	0.501809
3555.86	0.50457
3582.03	0.504295
3616.14	0.504546
3647.81	0.504762
3679.51	0.50483
3709.12	0.505236
3736.2	0.505772
3759.58	0.505919
3768.74	0.507338
3785.58	0.507202
3808.97	0.508352
3831.3	0.509083
3851.99	0.510154
3870.81	0.511499
3891.76	0.512117
3909.82	0.512802
3916.65	0.513535
3923.57	0.513459
3508.05	0.504064
3538.44	0.504237
3556.59	0.504986
3575.36	0.504499
3611.59	0.504291
3629.74	0.504484
3645.48	0.504166
3673.16	0.504113
3691.2	0.504564
3704.2	0.505446
3731.03	0.506258
3749.19	0.507261
3760.76	0.509342
3784.91	0.509886
3802.85	0.510824
3813.37	0.513092
3834.98	0.513574
3851.05	0.514887
3859.62	0.518333
3878.25	0.518806
3892.98	0.51971
3900.5	0.521587
3915.76	0.52196
3927.99	0.522607
3930.64	0.521285
3626.4	0.506174
3648.64	0.506133
3677.64	0.506965
3705.49	0.508281
3729.61	0.509084
3739.39	0.512681
3759.48	0.512606
3787.19	0.513965
3812.68	0.515552
3834.87	0.517709
3845.93	0.519264
3858.49	0.519058
3878.08	0.520749
3895.63	0.522834
3914.31	0.52467
3925.63	0.526092
3932.16	0.529198
3946.39	0.530123
3960.62	0.532886
3974.68	0.535967
3984.9	0.538249
3988.87	0.54183
3998.45	0.542464
3962.44	0.519712
3965.17	0.524774
3971.62	0.526156
3975.48	0.528899
3977.99	0.535426
3984.43	0.537476
3988.68	0.541075
3991.41	0.555046
3997.35	0.558363
4001.67	0.564133
4004.49	0.574905
4009.78	0.578389
4014.36	0.580727
4017.54	0.591357
4022.39	0.594508
4026.76	0.594524
4030.6	0.599405
4034.8	0.605734
4038.78	0.605249
4042.48	0.600168
4046.17	0.594617
4049.71	0.592688
4053.23	0.534398
4057.61	0.477269
4058.77	0.47166
3340.33	0.450423
3350.48	0.455347
3373.28	0.455084
3385.05	0.474948
3410.01	0.474951
3422.62	0.48278
3438.42	0.483263
3458.46	0.482779
3469.1	0.487758
3492.03	0.487712
3503.26	0.498477
3519.35	0.500123
3536.77	0.499699
3548.31	0.499396
3569.99	0.499062
3580.16	0.498832
3595.36	0.499907
3609.06	0.500508
3616.79	0.501038
3636.1	0.500631
3644.93	0.49355
3656.01	0.490831
3663.36	0.486806
3578.65	0.509188
3606.92	0.509017
3633.41	0.508641
3640.73	0.508311
3665.24	0.508029
3695.59	0.508518
3717.68	0.508628
3726.64	0.510993
3749.78	0.510971
3774.21	0.51168
3790.11	0.511971
3797.43	0.513501
3819.42	0.513827
3844.36	0.514681
3857.14	0.515467
3866.66	0.516445
3886.92	0.517449
3906.4	0.519566
3915.81	0.521138
3926.84	0.520993
3945.36	0.522279
3957.57	0.522848
3959.02	0.521345
3959.04	0.521556
3509.6	0.499255
3533.48	0.4993
3569.46	0.499884
3604.5	0.500644
3637.69	0.501722
3669.24	0.502878
3699.18	0.504128
3728.2	0.505171
3755.99	0.506299
3782.59	0.507375
3808.06	0.508361
3832.19	0.509361
3854.08	0.510726
3874.68	0.512156
3886.86	0.513095
3894.56	0.516247
3911.52	0.517311
3928.58	0.5191
3945.04	0.520412
3957.92	0.521839
3957.35	0.521763
3958.63	0.523006
3966.65	0.523653
3970.05	0.528241
3975.85	0.531423
3981.38	0.531736
3984.6	0.539853
3991.81	0.541153
3994.75	0.549721
3999.77	0.551595
4004.6	0.551444
4007.49	0.558687
4013.24	0.56039
4015.79	0.560645
4019.34	0.56202
4022.78	0.561522
4024.58	0.52494
4029.09	0.519137
4031.05	0.525408
4034.36	0.482478
4037.49	0.474752
4040.36	0.380975
4045.3	0.368785
4047.52	0.380574
4051.34	0.359767
4053.46	0.356955
3822.11	0.517841
3839.38	0.518468
3858.96	0.519915
3878.46	0.521319
3892.51	0.522217
3900.38	0.524631
3915.64	0.52535
3931.63	0.52728
3946.63	0.528706
3959.33	0.529886
3964.57	0.532923
3975.11	0.53327
3987.49	0.533609
4000	0.53189
4012.98	0.52778
4017.48	0.509106
4025.93	0.504378
4036.58	0.479757
4045.96	0.439197
4055.32	0.383536
4062.43	0.352559
4067.86	0.339569
4073.06	0.333712
3252.63	0.504916
3288.46	0.504687
3331.54	0.504525
3374.63	0.50437
3414.95	0.504783
3454.74	0.505005
3491.74	0.505785
3527.27	0.506254
3549.22	0.506335
3565.18	0.508087
3596.88	0.508145
3628.85	0.508512
3660.96	0.508634
3691.77	0.509044
3720.97	0.509577
3748.07	0.510213
3771.85	0.511121
3796.13	0.511309
3816.29	0.511121
3824.36	0.512647
3837.46	0.512561
3358.53	0.502496
3385.33	0.502162
3424.75	0.502337
3461.83	0.502733
3497.63	0.503128
3532.29	0.50358
3566.68	0.503847
3600.17	0.504206
3632.29	0.504685
3663.52	0.505027
3693.73	0.505342
3722.73	0.505632
3746.77	0.505707
3755.75	0.508743
3774.37	0.508653
3799.11	0.50953
3822.08	0.510075
3847.49	0.510139
3869.55	0.51079
3889.25	0.511454
3902.36	0.511866
3138.15	0.403196
3172.98	0.40448
3215.9	0.408374
3242.97	0.411734
3260.15	0.426242
3301.42	0.426856
3345.26	0.428329
3388.51	0.43076
3429.38	0.433417
3447.51	0.441675
3471.51	0.441307
3512.32	0.441852
3551.64	0.44239
3589.37	0.443478
3620.56	0.444397
3633.19	0.453799
3658.5	0.453526
3692.58	0.452278
3719.51	0.448794
3741.04	0.447882
3717.61	0.509286
3717.73	0.509503
3739.87	0.509893
3765.36	0.511012
3782.38	0.511849
3789.95	0.516385
3811.33	0.517013
3834.16	0.519324
3850.68	0.520972
3856.97	0.529693
3874.64	0.530349
3894.78	0.532564
3910.29	0.534021
3915.74	0.539154
3929.62	0.540101
3946.5	0.545017
3958.95	0.551142
3964.9	0.557504
3976.78	0.55843
3991.25	0.56524
4002.81	0.570997
4005.67	0.578754
4012.15	0.579868
4018.01	0.58558
3688.65	0.525324
3706.43	0.525416
3732.3	0.526819
3757.73	0.528252
3783.65	0.529429
3808.17	0.531474
3831.68	0.53351
3854.43	0.535472
3874.73	0.53868
3894.56	0.541573
3912.73	0.546133
3930.19	0.550622
3946.06	0.55706
3962.67	0.561929
3978.63	0.567967
3992.98	0.575742
4005.61	0.584205
4016.72	0.592034
4025.12	0.599471
4030.46	0.604266
2748.11	0.467316
2751.32	0.468063
2764.63	0.467963
2819.9	0.468362
2856.4	0.468595
2871.32	0.478232
2922.66	0.477981
2968.37	0.477874
2984.03	0.486667
3027.63	0.486241
3076.64	0.486961
3094.81	0.492741
3129.64	0.492187
3181.26	0.49316
3207.39	0.493729
3229.08	0.494828
3276.78	0.494622
3310.14	0.49463
3325.31	0.50011
3364.7	0.499771
3400	0.499721
3411.46	0.50417
3440.46	0.503782
3468.91	0.503338
3646.73	0.506743
3669.99	0.507977
3688.15	0.509016
3700.39	0.512428
3726.61	0.512911
3752.42	0.514544
3778.66	0.515739
3792.31	0.516572
3804.01	0.517171
3825.9	0.518778
3848.46	0.520578
3868.84	0.523289
3878.2	0.526051
3889.12	0.525989
3907.33	0.528945
3924.69	0.532187
3941.1	0.534908
3948.08	0.539425
3958.21	0.539733
3972.64	0.543807
3985.76	0.546786
3994.66	0.548226
2727.7	0.515502
2773.07	0.514764
2833.51	0.513734
2894.39	0.512544
2954.36	0.511419
3013.45	0.510368
3070.55	0.509508
3125.66	0.508758
3178.84	0.508102
3229.92	0.507553
3278.26	0.507182
3324.33	0.506818
3367.73	0.506583
3411.66	0.505977
3453.53	0.505472
3493.06	0.504961
3531.36	0.504328
3568.63	0.503555
3598.72	0.502826
3620.82	0.50255
2821.3	0.514663
2842.81	0.513798
2896.64	0.512979
2918.72	0.512742
2956.72	0.511936
3011.81	0.5104
3035.34	0.50871
3067.92	0.507923
3120.69	0.506636
3147.5	0.505521
3175.6	0.504748
3227.29	0.503697
3255.82	0.502586
3278.69	0.50153
3324.81	0.500686
3354.06	0.499703
3372.98	0.498572
3413.41	0.497985
3441.46	0.497277
3456.31	0.496455
3491.99	0.495798
3519.42	0.494908
3532.01	0.493161
3561.38	0.492873
3584.31	0.492839
3587.97	0.493358
3713.5	0.513616
3716.47	0.513348
3738.48	0.514184
3763.19	0.515098
3788.2	0.516048
3812.08	0.517661
3834.67	0.519676
3856.23	0.521881
3875.16	0.525373
3893.62	0.52868
3910.74	0.533042
3930.45	0.535658
3944.39	0.537846
3950.52	0.549386
3964.87	0.551417
3980.37	0.557507
3994.14	0.564535
4005.69	0.5739
4016.17	0.583279
4025.1	0.593537
4031.84	0.607858
3863.07	0.5117
3873.23	0.511698
3891.86	0.513067
3910.22	0.51436
3928.8	0.51526
3946.58	0.516011
3959.74	0.516152
3965.07	0.515194
3975.76	0.514048
3989.31	0.511168
4001.49	0.504171
4012.24	0.49016
4021.69	0.464259
4030.34	0.421717
4039.01	0.381528
4046.67	0.351034
4054.84	0.337718
4061.42	0.332917
4065.99	0.331023
4067.56	0.330228
3432.18	0.499728
3462.71	0.499555
3497.31	0.499266
3524.95	0.498806
3535.81	0.499175
3562.57	0.498899
3593.72	0.499638
3628.25	0.499892
3649.43	0.500095
3661.95	0.502628
3690.44	0.502911
3719.48	0.504235
3745.53	0.505489
3756.33	0.508346
3771.9	0.508162
3796.97	0.50924
3820.95	0.510189
3840.12	0.510697
3847.02	0.51352
3864.55	0.513529
3885.61	0.514468
3900.71	0.515155
3573.11	0.508514
3582.95	0.509118
3603.44	0.50877
3632.95	0.508956
3643.94	0.511054
3670.18	0.51073
3695.21	0.510818
3707.43	0.512116
3732.43	0.511735
3751.21	0.511278
3763.29	0.510183
3788.08	0.51018
3800.27	0.509993
3814.6	0.509653
3835.26	0.510141
3843.65	0.510965
3859.42	0.510923
3878.59	0.512096
3887.18	0.514639
3904.72	0.514986
3919.33	0.516234
3927.39	0.517296
3943.69	0.517984
3953.55	0.519029
3962.03	0.519076
3976.57	0.520631
3983	0.520995
3987.39	0.521078
3776.28	0.497328
3778.55	0.497387
3792.61	0.497496
3801.38	0.500222
3812.65	0.502088
3821.58	0.504917
3830.7	0.509525
3842.46	0.509527
3849.55	0.514115
3862.39	0.514275
3869.91	0.515531
3880.79	0.516183
3889.44	0.516827
3898.05	0.516808
3908.46	0.516698
3915.37	0.518572
3925.79	0.518923
3931.51	0.521718
3940.79	0.522563
3946.72	0.523203
3953.97	0.522705
3962.19	0.522435
3967.77	0.513422
3975.9	0.512266
3978.71	0.493394
3649.68	0.506457
3666.94	0.506766
3675.25	0.511547
3699.6	0.511751
3726.68	0.512379
3752.43	0.513112
3778.52	0.513668
3802.8	0.514822
3826.39	0.515881
3846.9	0.517643
3864.76	0.519798
3882.32	0.521282
3901.66	0.522618
3920.68	0.524239
3934.06	0.525588
3939.74	0.531773
3954.09	0.532917
3969.55	0.536811
3983.19	0.540555
3991.52	0.543563
2678.48	0.501621
2695.96	0.500651
2736.3	0.500236
2760.65	0.50146
2820.81	0.500582
2871.14	0.499587
2891.21	0.502575
2942.6	0.501747
2999.4	0.500352
3021.68	0.499007
3065.3	0.49809
3122.92	0.496063
3149.83	0.494172
3180.33	0.49334
3234.42	0.492203
3268.84	0.490957
3287.98	0.489107
3333.06	0.488456
3370.97	0.48777
3386.25	0.48974
3422.39	0.489349
3460.41	0.489789
3475.28	0.492694
3503.15	0.492178
3528.23	0.490761
3094.62	0.497532
3101.11	0.497292
3132.55	0.49671
3185.34	0.496295
3234.78	0.495961
3255.65	0.49823
3285.64	0.497627
3332.81	0.499186
3376.74	0.50073
3399.12	0.501462
3423.9	0.500837
3467.13	0.501598
3507.73	0.502495
3529.83	0.502891
3548.78	0.503611
3582.45	0.503729
3616.67	0.503729
3637.91	0.503578
3652.76	0.504052
3683.65	0.503583
3714.17	0.502351
3731.68	0.50066
3741.77	0.498422
3760.33	0.498277
3204.07	0.50319
3246.11	0.502931
3291.5	0.502471
3336.18	0.502036
3379.11	0.5018
3420.61	0.501611
3458.93	0.50185
3495.63	0.502006
3531.34	0.502032
3563.35	0.502597
3591.24	0.502627
3604.2	0.505434
3629.28	0.505186
3661.28	0.505784
3692.04	0.505756
3721.51	0.505704
3749.8	0.50556
3774.86	0.505497
3799.12	0.505418
3819.67	0.505324
