3084.25	0.142185
3099.35	0.141292
3129.38	0.139574
3173.32	0.137144
3228.51	0.134211
3291.44	0.13098
3358.58	0.127631
3426.89	0.124311
3493.97	0.121134
3558.11	0.118174
3618.1	0.115476
3673.22	0.113061
3723.06	0.110929
3767.45	0.109073
3806.28	0.107482
3839.47	0.106143
3867.97	0.105014
3892.38	0.10406
3913.11	0.10326
3930.52	0.102595
3945.06	0.102043
3957.29	0.101583
3967.71	0.101194
3976.76	0.100857
3984.81	0.100559
3992.16	0.100288
3998.97	0.100038
4004.88	0.0998218
4010.89	0.0996027
4017.07	0.0993778
4023.6	0.099141
4030.63	0.0988872
4038.26	0.0986124
4046.72	0.098309
4056.29	0.0979672
4067.35	0.0975745
4080.32	0.0971169
4095.12	0.0965982
4111.73	0.0960209
4130.09	0.0953882
4150.04	0.0947075
4171.24	0.0939919
4193.18	0.0932621
4215.07	0.0925571
4235.86	0.0919636
4254.27	0.0916543
4269.09	0.0916112
4279.67	0.0907038
4286.23	0.0902727
4289.32	0.090126
3061.24	0.14381
3076.41	0.142924
3107.3	0.141118
3153.64	0.138444
3212.08	0.135236
3278.28	0.131761
3348.26	0.128215
3418.86	0.124745
3487.73	0.121456
3553.22	0.118415
3614.26	0.115657
3670.22	0.113197
3720.79	0.111029
3765.9	0.10914
3805.47	0.107518
3838.38	0.106186
3866.95	0.105054
3891.62	0.10409
3912.62	0.103279
3930.17	0.102608
3944.69	0.102057
3956.91	0.101597
3967.36	0.101207
3976.47	0.100868
3984.61	0.100567
3992.17	0.100288
3999.71	0.100011
4004.92	0.0998203
4011.16	0.0995929
4017.47	0.0993633
4024.17	0.0991205
4031.38	0.09886
4039.12	0.0985816
4047.62	0.0982769
4057.16	0.0979362
4068.15	0.0975458
4081.6	0.0970716
4096.86	0.0965375
4113.96	0.0959435
4132.94	0.0952903
4153.68	0.0945846
4175.86	0.0938419
4199.01	0.0931016
4222.36	0.0925094
4244.78	0.0926358
4264.67	0.0950265
4280.31	0.0994363
4290.98	0.0926294
4297.18	0.0903519
4299.96	0.0898563
3015.51	0.146832
3030.1	0.146063
3061.95	0.144187
3113.75	0.140984
3179.46	0.137201
3252.59	0.133244
3328.34	0.129321
3403.45	0.125566
3475.75	0.122067
3543.83	0.118874
3606.85	0.116005
3664.36	0.113462
3716.26	0.111227
3762.81	0.109271
3804.88	0.107552
3835.88	0.106284
3864.71	0.105142
3890.09	0.10415
3911.77	0.103313
3929.61	0.10263
3943.94	0.102085
3956.11	0.101627
3966.63	0.101234
3975.84	0.100891
3984.09	0.100586
3991.67	0.100306
3998.89	0.100042
4005.67	0.0997932
4011.8	0.0995698
4018.25	0.0993352
4025.28	0.0990804
4033	0.0988021
4040.9	0.0985178
4049.5	0.0982102
4058.96	0.097873
4069.2	0.0975084
4084.23	0.09698
4100.31	0.0964174
4118.31	0.0957934
4138.51	0.095102
4160.8	0.094353
4184.88	0.0935862
4210.44	0.0929957
4236.77	0.0935656
4262.54	0.0997166
4285.25	0.122933
4301.7	0.159289
4313.57	0.107669
4318.96	0.0925505
4320.93	0.0896531
2948.35	0.15102
2959.59	0.15067
2989.5	0.149013
3052.44	0.144822
3131.47	0.140075
3215.93	0.135364
3300.39	0.130878
3381.98	0.126714
3459.06	0.122921
3530.69	0.119517
3596.37	0.116496
3655.92	0.113842
3709.41	0.111526
3757.13	0.109512
3799.63	0.107769
3829.79	0.106529
3860.79	0.105298
3887.82	0.10424
3910.96	0.103346
3929.36	0.102641
3942.67	0.102134
3954.77	0.101679
3965.44	0.10128
3974.87	0.100928
3983.31	0.100616
3990.99	0.100332
3998.31	0.100063
4005.28	0.0998078
4011.8	0.0995695
4019.1	0.0993046
4026.41	0.0990395
4035.69	0.0987057
4043.3	0.0984317
4052.04	0.0981186
4062.39	0.0977505
4074.4	0.0973256
4088.97	0.096814
4105.44	0.0962394
4124.54	0.0955825
4146.5	0.094849
4171.12	0.0940887
4197.86	0.0934949
4226.9	0.0943046
4257.55	0.102242
4287.85	0.139744
4316.7	0.245077
4342.29	0.333671
4346.45	0.165854
4350.98	0.104934
4351.37	0.0908346
2864.07	0.155778
2864.51	0.156156
2877.9	0.155518
2968.4	0.14983
3070.84	0.143742
3171.49	0.137997
3267.07	0.132774
3356.46	0.128097
3439.13	0.123949
3514.85	0.120296
3583.58	0.117099
3645.45	0.114316
3700.69	0.111906
3749.64	0.109829
3792.67	0.108048
3829.97	0.106537
3855.69	0.105494
3884.99	0.104352
3911.09	0.103346
3928.28	0.102681
3941.51	0.102178
3953.67	0.10172
3964.53	0.101314
3974.18	0.100954
3982.83	0.100634
3990.35	0.100355
3998.07	0.100072
4005.28	0.0998075
4012.39	0.0995482
4019.93	0.0992743
4028.21	0.0989749
4036.27	0.0986845
4045.6	0.0983497
4055.09	0.0980101
4066.62	0.0976015
4079.84	0.0971366
4095.05	0.0966088
4111.6	0.096033
4132.05	0.0953622
4156.44	0.0947086
4184.39	0.0944439
4214	0.0953809
4247.15	0.104721
4282.3	0.141198
4323.7	0.260984
4371.78	0.395734
4393.86	0.502568
4393.06	0.282496
4391.69	0.137944
4389.29	0.0963398
2774.71	0.160217
2751.92	0.160684
2684.5	0.159752
2866.92	0.155181
3005.61	0.147793
3124.99	0.140865
3232.19	0.134817
3329.52	0.129586
3417.77	0.125062
3497.55	0.121151
3569.35	0.11777
3633.6	0.114854
3690.7	0.112344
3741.05	0.110194
3785.01	0.108362
3822.82	0.106821
3854.37	0.105556
3880.86	0.10451
3904.78	0.103584
3923.9	0.102848
3939.34	0.10226
3952.47	0.101765
3963.81	0.101339
3973.75	0.100969
3982.65	0.100639
3990.99	0.100332
3998.11	0.10007
4005.51	0.0997993
4013.01	0.0995261
4020.83	0.0992421
4029.24	0.0989376
4038.49	0.0986052
4047.97	0.0982658
4058.35	0.097895
4070.63	0.0974605
4084.3	0.0969794
4101.61	0.0963838
4116.11	0.095925
4139.83	0.0954549
4167.49	0.0962978
4200.98	0.101795
4231.48	0.111226
4268.02	0.160675
4310.85	0.246034
4365.78	0.362674
4414.74	0.478545
4466.89	0.615677
4447.62	0.381673
4435.39	0.190773
4430.76	0.107517
2704.74	0.164135
2680.88	0.164154
2626.78	0.162373
2804.84	0.158702
2954.21	0.151048
3084.19	0.14341
3199.97	0.136727
3303.87	0.131021
3396.8	0.126163
3480.02	0.12202
3554.52	0.118472
3620.99	0.115426
3679.94	0.112816
3731.82	0.110587
3777.06	0.108691
3816.14	0.107091
3849.67	0.105747
3874.78	0.104748
3899.38	0.103792
3919.89	0.103002
3936.71	0.10236
3950.76	0.101829
3962.68	0.101382
3972.96	0.100998
3982.06	0.100661
3990.38	0.100354
3998.1	0.10007
4005.78	0.0997894
4013.57	0.0995054
4021.57	0.099215
4030.13	0.0989055
4039.52	0.0985672
4049.92	0.0981952
4061.25	0.0977922
4073.3	0.0973654
4089.38	0.0968032
4105	0.096265
4123.56	0.0956633
4145.13	0.0951385
4171.23	0.0954169
4206.29	0.102135
4246.25	0.149285
4289.7	0.222684
4348.02	0.314547
4409.63	0.387325
4461.94	0.478383
4515.01	0.611557
4493.88	0.38583
4477.28	0.205015
4471.63	0.112363
2656.25	0.167354
2638.07	0.16687
2602	0.164451
2768.05	0.160849
2917.43	0.153285
3051.71	0.145379
3172.89	0.138322
3281.81	0.132275
3377.74	0.127163
3463.21	0.12285
3539.73	0.119171
3608.09	0.116014
3668.78	0.113308
3722.21	0.110998
3768.83	0.109034
3809.17	0.107375
3843.9	0.105975
3873.99	0.104787
3894.06	0.103994
3916.2	0.103144
3934.01	0.102463
3948.85	0.101901
3961.35	0.101432
3971.96	0.101036
3981.26	0.100691
3989.78	0.100376
3997.91	0.100077
4006.06	0.099779
4014.42	0.0994745
4022.6	0.0991777
4031.37	0.0988605
4041.14	0.0985092
4052.86	0.0980909
4063.83	0.0977009
4077.03	0.0972354
4091.99	0.096714
4108.19	0.0961504
4128.74	0.0954544
4150.8	0.0947266
4182.48	0.0938414
4219.89	0.0939311
4262.46	0.100532
4312.5	0.133175
4355.34	0.227789
4436.98	0.36303
4493.29	0.470504
4542.32	0.593835
4531.62	0.372326
4516.6	0.220748
4510.06	0.116851
2624.25	0.169694
2611.75	0.168765
2588.47	0.165779
2745.08	0.162126
2891.49	0.154739
3026.91	0.146797
3151.72	0.139542
3265.65	0.133242
3361.6	0.127997
3447.55	0.123623
3525.26	0.119864
3595.16	0.116614
3657.46	0.113817
3712.44	0.111424
3760.43	0.109391
3801.91	0.107675
3837.51	0.106233
3867.84	0.105027
3893.04	0.10404
3913.35	0.103252
3931.4	0.102562
3946.93	0.101974
3960.01	0.101483
3970.84	0.101078
3980.21	0.10073
3988.93	0.100408
3997.46	0.100094
4006.28	0.0997711
4015.99	0.0994179
4023.9	0.0991306
4032.86	0.0988074
4042.39	0.0984664
4052.3	0.0981108
4065.39	0.0976468
4079.28	0.0971549
4094.62	0.0966166
4113.85	0.0959518
4134.81	0.0952295
4160.69	0.0943618
4192.93	0.093416
4233.42	0.0932974
4274.56	0.0987262
4319.89	0.128659
4386.97	0.260093
4468.85	0.387882
4534.51	0.491
4592.81	0.613499
4572.14	0.400831
4551.29	0.215843
4544.72	0.113891
2603.49	0.171229
2595.17	0.169971
2580.1	0.166584
2729.77	0.162926
2872.67	0.155719
3007.63	0.147815
3135.39	0.140389
3260.66	0.13358
3348.17	0.128652
3432.52	0.124413
3510.92	0.12062
3582.21	0.11728
3646.12	0.114381
3702.67	0.111892
3752.07	0.109778
3794.64	0.107998
3831.09	0.106508
3862.14	0.105264
3888.32	0.104232
3909.27	0.103415
3928.36	0.102682
3945.05	0.102049
3959.01	0.101522
3969.71	0.101121
3978.76	0.100785
3987.61	0.100457
3996.47	0.100131
4005.75	0.0997915
4014.99	0.0994549
4023.52	0.0991459
4032.15	0.0988326
4042.71	0.0984531
4054.17	0.0980431
4067.75	0.0975622
4079.91	0.0971301
4098.22	0.0964909
4118.65	0.0957824
4142.78	0.0949639
4168.82	0.0941078
4200.21	0.0932194
4236.63	0.0928183
4284.33	0.0966182
4337.05	0.132616
4414.68	0.276098
4497.96	0.39603
4567.64	0.494869
4628.89	0.61288
4606.17	0.407736
4582.47	0.221147
4575.52	0.114349
2590.06	0.172191
2584.52	0.170725
2574.57	0.167109
2718.9	0.163504
2858.16	0.156501
2990.74	0.148764
3115.66	0.141498
3231.46	0.13505
3330.25	0.129603
3419.48	0.125011
3500.64	0.121038
3573.98	0.117589
3639.65	0.114611
3697.82	0.112058
3748.56	0.109894
3791.58	0.108098
3828.33	0.1066
3859.81	0.105343
3886.77	0.104283
3910.31	0.103373
3926.33	0.102754
3945.27	0.10204
3957.44	0.101579
3968.32	0.101173
3978.13	0.100808
3987.05	0.100478
3996.94	0.100114
4005.45	0.0998025
4014.05	0.0994887
4023.49	0.0991464
4033.06	0.0988008
4043.77	0.098415
4055.95	0.0979804
4067.85	0.097557
4083.64	0.0970002
4102.97	0.0963267
4123.52	0.0956154
4147.75	0.0947993
4174.3	0.0939392
4203.13	0.093088
4244.99	0.0924008
4293.4	0.0970027
4350.2	0.136882
4437.2	0.284936
4522.32	0.399992
4594.16	0.496499
4656.67	0.612614
4633.83	0.408004
4609.47	0.222404
4602.16	0.114035
2581.34	0.172794
2577.57	0.171207
2570.78	0.167474
2710.92	0.163942
2846.89	0.157116
2976.88	0.149525
3099.41	0.142359
3212.83	0.135962
3314.87	0.130399
3407.13	0.125625
3490.62	0.121509
3565.88	0.117953
3633.34	0.114884
3693.44	0.112244
3746.25	0.109998
3788.8	0.108208
3825.45	0.106713
3857.21	0.105445
3884.49	0.104372
3907.48	0.10348
3926.69	0.102743
3942.18	0.102154
3955.81	0.10164
3967.11	0.101217
3977.34	0.100837
3986.86	0.100485
3995.82	0.100154
4005.17	0.0998121
4014.31	0.0994788
4023.78	0.0991352
4034.2	0.098759
4045.02	0.0983705
4057.06	0.097941
4070.94	0.0974503
4086.72	0.0968967
4105.17	0.0962517
4125.77	0.0955416
4150.41	0.0946974
4178.72	0.0937552
4211.72	0.0927726
4252.21	0.0925153
4298.22	0.0975277
4360.39	0.140206
4455.33	0.290647
4542.13	0.402459
4615.37	0.497541
4678.63	0.612618
4656.14	0.406469
4631.82	0.220916
4624.56	0.113078
2575.69	0.173177
2573.01	0.171523
2568.15	0.167735
2705.04	0.164275
2838.25	0.157588
2966.01	0.150113
3086.8	0.143017
3199.25	0.136641
3302.33	0.131038
3396.2	0.126172
3481.28	0.121959
3558.04	0.118316
3627.03	0.115164
3689.33	0.112418
3747.68	0.109956
3785.92	0.108324
3822.03	0.106861
3854.29	0.105573
3882.29	0.10447
3904.85	0.103587
3923.65	0.102862
3939.46	0.102259
3954.52	0.101693
3965.42	0.101282
3976.02	0.100887
3986.18	0.10051
3995.69	0.10016
4005.19	0.099812
4014.72	0.0994648
4023.98	0.0991287
4034.6	0.0987456
4045.8	0.0983444
4056.55	0.0979576
4071.98	0.0974121
4088.15	0.0968455
4104.73	0.0962624
4127.81	0.0954716
4153.83	0.0945892
4183.34	0.0936175
4216.16	0.0925946
4256.58	0.0921272
4305.76	0.0977486
4370.25	0.142193
4470.25	0.294028
4558.2	0.40398
4632.35	0.49831
4696.08	0.612767
4674	0.404596
4650.14	0.218844
4643	0.111967
2572.06	0.17342
2570.05	0.17173
2566.35	0.167921
2700.81	0.164522
2831.84	0.157944
2957.74	0.150558
3077.11	0.143522
3188.83	0.13717
3292.12	0.131554
3386.73	0.126641
3472.75	0.12237
3550.39	0.118672
3620.03	0.11548
3682.12	0.112735
3736.76	0.110398
3781.05	0.108527
3819.53	0.106952
3853.62	0.105588
3884.78	0.10437
3904.87	0.103579
3922.44	0.102906
3939.43	0.102264
3952	0.101785
3965.14	0.101293
3975.71	0.100898
3985.79	0.100526
3995.26	0.100177
4005.17	0.0998138
4014.83	0.0994608
4025.2	0.0990852
4035.24	0.098723
4045.01	0.0983722
4056.12	0.0979753
4070.67	0.0974595
4087.83	0.0968573
4105.89	0.0962236
4129.4	0.0954132
4155.82	0.0945145
4185.6	0.0935259
4219.37	0.0925297
4257.76	0.0921378
4316.71	0.0976226
4380.5	0.142882
4482.67	0.295558
4571.22	0.404823
4645.89	0.498869
4709.9	0.612985
4688.16	0.402927
4664.96	0.21693
4657.88	0.110955
2569.83	0.173569
2568.23	0.171859
2565.22	0.168047
2698.03	0.164699
2827.4	0.158199
2951.69	0.150884
3069.75	0.143904
3180.66	0.137585
3283.74	0.131974
3378.57	0.127041
3465.03	0.122738
3543.16	0.119006
3613.15	0.115788
3675.25	0.113031
3729.56	0.110692
3775.89	0.108742
3815.9	0.107101
3851.01	0.105691
3883.07	0.104437
3903.03	0.103653
3920.58	0.102973
3937.84	0.102318
3953.86	0.101715
3964.19	0.101326
3974.81	0.10093
3985.68	0.100528
3996.13	0.100144
4005.55	0.0997987
4015.05	0.0994526
4025.17	0.0990863
4033.88	0.0987715
4044.2	0.0984003
4056.88	0.0979477
4071.08	0.0974446
4086.91	0.0968863
4108.78	0.0961264
4132.17	0.0953202
4159.06	0.0944114
4188.96	0.0934248
4220.42	0.0924583
4269.55	0.0917815
4326.84	0.0972922
4389.99	0.142842
4492.79	0.295977
4581.61	0.405233
4656.55	0.499264
4720.71	0.613222
4699.24	0.401649
4676.66	0.215312
4669.65	0.110134
2568.63	0.173648
2567.29	0.171926
2564.69	0.16812
2696.74	0.16481
2824.88	0.158357
2947.59	0.151099
3064.26	0.144182
3174.2	0.137909
3276.78	0.132319
3371.51	0.127385
3458.1	0.123067
3536.48	0.119314
3606.69	0.116076
3669.01	0.1133
3723.64	0.11094
3770.84	0.108952
3811.58	0.107278
3846.53	0.105871
3876.47	0.104689
3901.21	0.103727
3915.83	0.103154
3934.86	0.102432
3950.32	0.101847
3962.22	0.101399
3974.3	0.10095
3985.24	0.100544
3995.86	0.100153
4006.32	0.0997706
4014.95	0.0994559
4023.59	0.0991423
4033.59	0.098781
4044.6	0.0983852
4057.34	0.0979303
4072.05	0.0974084
4089.34	0.0967997
4110.54	0.0960625
4134.94	0.0952236
4162.11	0.094299
4193.87	0.0932438
4231.38	0.0921
4279.02	0.0914607
4335.34	0.0969654
4398.03	0.142497
4500.75	0.295858
4589.69	0.405402
4664.76	0.499545
4728.98	0.613451
4707.71	0.40074
4685.63	0.214063
4678.69	0.109508
2568.18	0.173673
2567.09	0.171936
2564.87	0.168132
2697.44	0.164841
2824.68	0.158398
2945.28	0.151196
3060.25	0.144368
3168.98	0.138162
3270.91	0.132608
3365.3	0.127686
3451.85	0.123364
3530.33	0.119598
3600.64	0.116346
3663.27	0.113551
3718.35	0.111165
3766.01	0.109155
3807.4	0.107454
3842.04	0.106056
3870.71	0.104921
3895.5	0.103952
3915.48	0.103172
3932.7	0.102513
3948.15	0.10193
3961.5	0.101428
3973.67	0.100975
3984.33	0.100578
3995.43	0.100169
4006.22	0.0997745
4015	0.0994539
4023.21	0.0991553
4033.58	0.0987812
4044.99	0.0983712
4058	0.0979066
4073.1	0.0973709
4091.01	0.0967409
4112.82	0.0959825
4139.24	0.0950803
4165.4	0.0941841
4198.42	0.0930911
4238.07	0.0918846
4285.87	0.0912315
4341.89	0.096699
4404.33	0.142092
4506.71	0.295558
4595.68	0.405469
4670.8	0.499757
4735.06	0.613654
4713.93	0.400118
4692.25	0.213138
4685.36	0.109051
2568.26	0.173656
2567.5	0.171891
2565.96	0.168044
2701.52	0.164708
2828.01	0.158238
2944.36	0.15117
3057.28	0.144492
3164.48	0.138373
3265.82	0.132865
3359.69	0.12796
3446.14	0.12364
3524.75	0.119864
3594.77	0.116615
3657.85	0.113799
3713.68	0.111379
3761.16	0.109383
3804.25	0.107617
3837.64	0.10623
3868.04	0.10502
3893.04	0.104039
3913.82	0.103234
3931.5	0.102558
3947.23	0.101963
3960.96	0.101447
3973.29	0.100987
3984.73	0.100563
3994.98	0.100186
4005.55	0.0997999
4013.67	0.0995027
4023.09	0.0991603
4033.84	0.0987719
4045.54	0.0983515
4058.79	0.0978787
4074.07	0.0973372
4092.02	0.0967051
4114.31	0.09593
4142.34	0.0949767
4166.8	0.0941377
4201.87	0.0929792
4242.62	0.0917383
4290.72	0.0910695
4346.63	0.0964973
4408.85	0.14175
4510.82	0.2953
4599.76	0.405538
4674.9	0.499946
4739.2	0.613825
4718.18	0.399685
4696.82	0.212456
4689.99	0.108728
2568.53	0.173625
2568.16	0.171816
2567.94	0.167825
2712.68	0.164112
2838.33	0.157567
2942.68	0.151156
3054.82	0.144639
3159.81	0.138611
3261.49	0.133119
3354.3	0.128244
3440.78	0.123928
3520.15	0.120109
3588.36	0.116958
3652.44	0.11411
3706.65	0.111676
3759.55	0.109434
3807.22	0.10748
3837.58	0.106227
3866.19	0.105096
3890.81	0.104131
3911.84	0.103316
3929.41	0.102639
3945.96	0.102011
3960.03	0.101482
3972.49	0.101017
3983.79	0.100598
3994.12	0.100217
4004.1	0.0998514
4013.63	0.0995034
4024.22	0.0991195
4034.47	0.098749
4046.33	0.098324
4059.81	0.0978437
4075.11	0.0973036
4091.96	0.0967075
4113.93	0.0959427
4141.37	0.0950049
4172.79	0.0939478
4205.26	0.0928642
4245.96	0.0916289
4294.15	0.0909543
4349.84	0.0963549
4411.66	0.141556
4513.17	0.295307
4602.01	0.405727
4677.22	0.500165
4741.6	0.613963
4720.69	0.399341
4699.6	0.211938
4692.81	0.108506
2568.6	0.173624
2568.14	0.171838
2567.04	0.167977
2704.85	0.164608
2831.41	0.158019
2949.77	0.150841
3054.37	0.144779
3152.47	0.139094
3259.37	0.133316
3348.06	0.128648
3435.07	0.124358
3510.24	0.120576
3584.95	0.117095
3649.73	0.114165
3706.13	0.111685
3756.78	0.109542
3800.84	0.107725
3836.08	0.106287
3866.29	0.105087
3890.36	0.10414
3910.92	0.103345
3929.37	0.10264
3944.81	0.102055
3958.87	0.101527
3971.51	0.101055
3982.96	0.10063
3993.22	0.100252
4001.97	0.0999295
4013.01	0.0995274
4023.84	0.0991343
4034.91	0.0987346
4046.29	0.0983257
4060	0.0978362
4075.28	0.0972953
4092.73	0.0966833
4111.94	0.0960117
4140.91	0.0950217
4172.68	0.0939498
4206.88	0.092825
4248.08	0.0915656
4296.56	0.0908855
4351.83	0.0962947
4412.76	0.141667
4513.59	0.296077
4602.38	0.406251
4677.86	0.500486
4742.43	0.614071
4721.65	0.399011
4700.79	0.211526
4694.05	0.108364
2568.54	0.173623
2568.24	0.171827
2567.45	0.167955
2706.25	0.164579
2829.53	0.158044
2948.73	0.150885
3053.58	0.144737
3161.01	0.138813
3250.34	0.133793
3342.4	0.128983
3432.5	0.124395
3511.47	0.120506
3583.93	0.11712
3648.12	0.114222
3704.42	0.111756
3754.19	0.109646
3797.41	0.107857
3834.37	0.106355
3867.89	0.105031
3889.37	0.104179
3908.58	0.103435
3927.75	0.102701
3943.92	0.102088
3958.21	0.101551
3971.18	0.101067
3983.23	0.100621
3992.61	0.100273
4002.59	0.0999069
4013.06	0.0995253
4023.85	0.0991335
4035.28	0.098721
4047.95	0.098267
4060.9	0.0978048
4076.06	0.0972704
4092.38	0.0966947
4116.17	0.095874
4142.17	0.0949776
4175.31	0.0938618
4214.13	0.0926153
4249.25	0.0915862
4298.73	0.090988
4353.17	0.0967518
4412.13	0.142944
4510.78	0.299036
4600.61	0.407414
4676.93	0.500947
4741.87	0.61416
4721.23	0.398728
4700.56	0.21124
4693.86	0.108299
2568.22	0.173636
2568.3	0.171792
2569.4	0.16772
2721.14	0.163782
2828.59	0.157942
2935.22	0.151584
3050.74	0.144925
3158.41	0.138804
3257.21	0.13332
3353.51	0.128363
3433.61	0.124288
3511.64	0.120578
3583.65	0.117142
3647.07	0.114273
3702.27	0.111845
3751.65	0.109751
3794.33	0.107981
3830.77	0.1065
3862.22	0.105249
3887.31	0.104261
3908.78	0.103431
3926.16	0.102765
3942.44	0.102149
3956.52	0.101615
3969.87	0.101117
3981.75	0.100675
3992.36	0.100283
4002.34	0.0999165
4012.97	0.0995279
4023.69	0.0991386
4035	0.0987305
4047.18	0.0982936
4060.41	0.097821
4076.21	0.0972622
4094.42	0.0966212
4117.51	0.0958196
4146.36	0.094839
4177.48	0.093808
4215.06	0.0926703
4257.64	0.0918043
4302.52	0.0928602
4354.85	0.103513
4410.38	0.156807
4498.01	0.305864
4596.78	0.408996
4674.89	0.501303
4740.17	0.614241
4719.59	0.398754
4699.04	0.211193
4692.39	0.108332
2567.23	0.17372
2566.8	0.171941
2565.82	0.168099
2701.15	0.164805
2821.88	0.158465
2937.05	0.151539
3050.6	0.14488
3158.67	0.138722
3259.91	0.133174
3354.63	0.128249
3439.64	0.123961
3517.13	0.120236
3584.41	0.117094
3646.9	0.114339
3698.94	0.111998
3749.27	0.10986
3791.51	0.108101
3826.81	0.106664
3858.14	0.105419
3884.71	0.104373
3906.79	0.103506
3925.77	0.102777
3942.1	0.102156
3956.47	0.101615
3969.51	0.101128
3981.37	0.100688
3992.25	0.100286
4003.16	0.0998861
4013.23	0.0995185
4023.85	0.0991335
4035.21	0.0987243
4047.18	0.0982955
4059.64	0.0978492
4076.75	0.0972462
4094.93	0.096608
4117.04	0.0958352
4144.75	0.0948885
4176.47	0.0938191
4213.76	0.0926049
4255.99	0.0913754
4301.54	0.0910074
4354.96	0.0963473
4413.67	0.140514
4508.08	0.29517
4597.41	0.405794
4673.07	0.50035
4737.57	0.614324
4716.81	0.39946
4696.32	0.211371
4689.73	0.108427
2566.1	0.173812
2565.34	0.172068
2563.6	0.168285
2693.79	0.165076
2817.63	0.158741
2936.31	0.151658
3050.73	0.14488
3159.72	0.138656
3262.39	0.133049
3358.2	0.128062
3445.65	0.123696
3521.48	0.12
3589.17	0.116852
3651.24	0.114094
3702.76	0.111841
3748.44	0.109931
3787.99	0.108272
3826.01	0.106699
3857.18	0.105446
3883.75	0.1044
3905.89	0.103539
3924.96	0.102807
3941.21	0.10219
3955.74	0.101642
3968.89	0.101151
3981.01	0.100702
3991.63	0.100309
4002.42	0.0999137
4012.87	0.0995326
4023.87	0.0991323
4035.42	0.0987154
4047.82	0.0982703
4061.59	0.0977789
4077.98	0.0972002
4096.23	0.0965613
4114.92	0.0959076
4143.75	0.0949244
4175.17	0.0938594
4213.47	0.0926078
4257.54	0.0913215
4309.25	0.0909686
4354.97	0.0961365
4416.59	0.136626
4508.46	0.287148
4596.01	0.402356
4669.9	0.49909
4733.44	0.614449
4712.53	0.399625
4692.46	0.210726
4685.98	0.108236
2565.19	0.173881
2564.32	0.172144
2562.5	0.168357
2690.83	0.16516
2815.44	0.158864
2935.63	0.151734
3051.05	0.144878
3161.01	0.13859
3264.94	0.132913
3362.83	0.127824
3455.69	0.123261
3526.29	0.119756
3591.94	0.11677
3650.8	0.114132
3706.05	0.111693
3752.7	0.109705
3793.82	0.108007
3826.58	0.106674
3855.96	0.1055
3882.95	0.104433
3904.37	0.103597
3923.87	0.10285
3939.47	0.102256
3954.39	0.101695
3967.8	0.101194
3979.27	0.100766
3991.06	0.10033
4002.1	0.0999249
4012.98	0.0995277
4024.24	0.0991189
4036.16	0.0986888
4048.94	0.0982301
4063.27	0.0977195
4080.23	0.0971208
4098.41	0.0964848
4119.53	0.0957535
4144.78	0.0948933
4172.23	0.0939599
4213.4	0.0926235
4258.03	0.0913469
4308.48	0.0911931
4364.75	0.100472
4420.48	0.135175
4506.24	0.278736
4592.5	0.39811
4664.58	0.497297
4726.86	0.614659
4706.24	0.396894
4687.61	0.207091
4681.33	0.107014
2564.59	0.173923
2563.72	0.172184
2562.01	0.168384
2689.68	0.165187
2814.56	0.158907
2935.47	0.151758
3051.59	0.144861
3162.17	0.138536
3266.68	0.132829
3365.12	0.127714
3458.67	0.123128
3530.26	0.119568
3596.99	0.116491
3657.35	0.1138
3710.94	0.111475
3755.94	0.109559
3795.23	0.107936
3829.01	0.106565
3859.42	0.10536
3883.42	0.104421
3901.04	0.10373
3920.81	0.102973
3938.39	0.102301
3953.56	0.101727
3967	0.101223
3979.14	0.100771
3990.7	0.100344
4001.89	0.0999332
4013.13	0.0995227
4024.87	0.0990967
4037.43	0.0986442
4050.42	0.0981786
4064.71	0.0976711
4080.1	0.0971246
4099.48	0.0964467
4121.62	0.0956795
4147.58	0.0947935
4178.03	0.0937793
4215.84	0.0926192
4259.33	0.0917133
4308.77	0.0929778
4364.35	0.105652
4420.36	0.162398
4503.33	0.273469
4587.21	0.39129
4656.54	0.49301
4716.15	0.614857
4697.64	0.383381
4682.25	0.195586
4676.22	0.103414
2564.3	0.173941
2563.47	0.172198
2561.86	0.168388
2689.43	0.165185
2814.53	0.158904
2935.87	0.151744
3052.41	0.144829
3163.25	0.138494
3267.64	0.132798
3364.91	0.127738
3454.05	0.123307
3531.34	0.119544
3600.78	0.116329
3663.27	0.113552
3717.42	0.111204
3758.34	0.109459
3796.14	0.107911
3829.36	0.106566
3856.99	0.10545
3882.52	0.104446
3903.07	0.103645
3921.85	0.102925
3938.65	0.102287
3953.5	0.101727
3966.79	0.101229
3978.93	0.100778
3990.38	0.100355
4001.53	0.0999455
4012.9	0.0995303
4025.1	0.0990872
4039.34	0.0985753
4051.6	0.0981352
4065.67	0.0976348
4081.94	0.0970605
4101.27	0.0963857
4123.97	0.0956051
4150.59	0.0947223
4181.78	0.0938208
4218.59	0.0934127
4261.12	0.0962547
4309.11	0.114722
4366.21	0.175436
4430.66	0.25005
4501.86	0.32393
4580.45	0.385692
4645.63	0.469778
4696.5	0.590971
4688.24	0.335784
4677.27	0.170271
4671.46	0.0975782
2564.3	0.17394
2563.49	0.172194
2561.93	0.168375
2689.73	0.165162
2815.15	0.158868
2936.84	0.151694
3053.66	0.144768
3164.61	0.13843
3268.83	0.132744
3365.45	0.127707
3453.59	0.123302
3532.54	0.119494
3603.85	0.116197
3670.14	0.113281
3716.9	0.111208
3761.95	0.109314
3798.59	0.107793
3830.59	0.106499
3858.08	0.105402
3882.26	0.104453
3903.1	0.103644
3921.67	0.102931
3938.19	0.102303
3952.89	0.101749
3966.15	0.101253
3978.35	0.1008
3989.8	0.100376
4000.86	0.0999699
4012.25	0.0995539
4024.24	0.0991187
4037.31	0.0986478
4051.03	0.0981564
4065.34	0.0976462
4081.68	0.0970688
4100.95	0.0963946
4123.9	0.0956019
4150.71	0.0946908
4181.54	0.0936689
4217.61	0.0925653
4259.85	0.0917311
4308.71	0.0931185
4364.89	0.105647
4424.06	0.157881
4511.36	0.302874
4582.41	0.385298
4647.16	0.489404
4704.73	0.615006
4686.58	0.376318
4673.64	0.188952
4668.16	0.101683
2564.56	0.173921
2563.75	0.172172
2562.19	0.168346
2690.52	0.165117
2816.4	0.1588
2938.44	0.151608
3055.48	0.14467
3166.56	0.138329
3270.75	0.132649
3367.08	0.127627
3454.67	0.123241
3533.62	0.119449
3604.3	0.116189
3666.19	0.113427
3718.27	0.111147
3767.5	0.109098
3799.68	0.107744
3830.89	0.106494
3857.57	0.10543
3881.03	0.104506
3901.63	0.103705
3920.31	0.102987
3936.91	0.102355
3951.57	0.101801
3964.99	0.101298
3977.4	0.100836
3989.02	0.100406
3999.76	0.100011
4011.41	0.0995851
4023.2	0.0991566
4036.05	0.0986922
4051.81	0.0981297
4065.41	0.097643
4081.46	0.0970775
4100.46	0.0964136
4124.08	0.0956056
4151.52	0.0946992
4181.44	0.0937422
4216.45	0.0926302
4258.4	0.091883
4307.14	0.0934689
4363.42	0.105128
4424.06	0.146765
4502.4	0.270104
4576.15	0.392807
4643.28	0.490297
4701.37	0.615031
4683.38	0.377414
4670.96	0.190919
4666	0.104108
2565.09	0.173883
2564.27	0.172133
2562.65	0.168299
2691.84	0.165049
2818.38	0.158696
2940.8	0.151477
3058.01	0.144528
3169.23	0.138183
3273.65	0.132503
3370.11	0.127489
3456.74	0.123131
3535.23	0.119369
3605.95	0.116128
3664.7	0.113478
3715.56	0.111266
3760.63	0.10937
3798.08	0.107813
3833.22	0.106401
3857.55	0.105424
3880.19	0.104539
3899.63	0.10378
3919.16	0.103029
3936.11	0.102384
3950.19	0.101852
3963.86	0.10134
3976.62	0.100865
3988.55	0.100424
4000.2	0.0999957
4010.77	0.0996091
4021.93	0.0992039
4033.26	0.0987941
4048.32	0.0982551
4063.17	0.0977255
4079.12	0.0971627
4095.85	0.0965717
4121.78	0.0956784
4150.51	0.0947167
4184.92	0.093819
4214.3	0.0939187
4256.6	0.0981274
4304.09	0.121214
4360.5	0.184042
4424.18	0.258293
4504.62	0.343533
4581.23	0.41658
4635.67	0.474988
4686.6	0.591675
4677.92	0.332198
4668.83	0.188909
4665.06	0.116483
2565.91	0.173825
2565.06	0.172071
2563.38	0.16823
2693.92	0.164951
2821.38	0.158548
2944.11	0.151293
3061.28	0.144333
3172.56	0.137985
3277.69	0.13229
3375.64	0.127251
3459.35	0.122979
3536.95	0.119267
3612.02	0.115874
3663.8	0.113523
3711.74	0.111451
3754.95	0.109624
3792.85	0.108049
3826.46	0.106683
3854.4	0.105559
3878.65	0.104601
3900.22	0.103763
3917.35	0.103102
3932.75	0.102513
3949.08	0.101897
3962.74	0.101381
3976.06	0.100885
3987.98	0.100444
3999.21	0.100031
4010.12	0.0996318
4021.29	0.0992257
4033.14	0.0987972
4046.69	0.0983113
4061.48	0.0977838
4077.93	0.0972013
4096.91	0.0965341
4120.67	0.0957129
4148.5	0.0947688
4176.78	0.0938334
4211.04	0.0928266
4251.87	0.0921023
4300.1	0.0937493
4355.69	0.105766
4415.13	0.151106
4499.66	0.289132
4580.33	0.402922
4647.53	0.508209
4700.28	0.61512
4681.76	0.380516
4668.6	0.19301
4663.49	0.104812
2567.02	0.173744
2566.18	0.171982
2564.48	0.168127
2697.14	0.164812
2826.02	0.158339
2948.73	0.151039
3065.19	0.144089
3175.91	0.137757
3282.11	0.132003
3388.1	0.126664
3460.53	0.122893
3533.59	0.119477
3601.68	0.116375
3660.02	0.113749
3708.73	0.111596
3751.58	0.10977
3788.93	0.108213
3823.52	0.106791
3852.55	0.105626
3877.37	0.104647
3899.1	0.103804
3916.39	0.103137
3931.78	0.102547
3948.81	0.101905
3963.34	0.101359
3975.71	0.100899
3987.45	0.100464
3998.33	0.100064
4009.51	0.0996542
4020.72	0.0992462
4032.56	0.0988181
4045.56	0.0983511
4060.39	0.0978221
4077.02	0.0972333
4096.56	0.0965481
4119.48	0.0957544
4147.12	0.094821
4171.52	0.0939883
4211.43	0.0927016
4245.98	0.091656
4294.59	0.0909322
4349.53	0.0948228
4410.69	0.126734
4489.35	0.255209
4576.61	0.380863
4645.48	0.481132
4698.07	0.614366
4682.89	0.36681
4668.58	0.18976
4662.64	0.10272
2568.43	0.173638
2567.65	0.171856
2566.09	0.167963
2702.22	0.164588
2833.68	0.158014
2955.38	0.150677
3069.61	0.14383
3177.7	0.137664
3279.92	0.132141
3375.33	0.127247
3456.61	0.123105
3531.11	0.119535
3599.9	0.116369
3664.83	0.113506
3708.76	0.111554
3750.45	0.1098
3788.57	0.108227
3820.71	0.106915
3850.06	0.105744
3874.85	0.104766
3896.32	0.103922
3915.76	0.103165
3933.1	0.1025
3948.81	0.101906
3962.95	0.101375
3975.67	0.100901
3987.43	0.100465
3998.42	0.100061
4009.11	0.0996688
4020.26	0.0992636
4032.04	0.0988383
4044.3	0.098397
4059.74	0.0978458
4075.95	0.0972731
4094.39	0.0966273
4116.35	0.0958609
4142.51	0.0949645
4174.2	0.0939028
4205.2	0.0928856
4243.23	0.0917188
4289.45	0.0909118
4342.88	0.0948999
4402.5	0.13133
4487.41	0.274519
4574.95	0.394555
4646.63	0.493732
4707.03	0.613971
4686.56	0.394491
4668.07	0.205835
4661.77	0.107049
2570.04	0.173511
2569.41	0.171687
2568.28	0.167682
2709.99	0.164151
2847.93	0.157347
2965.24	0.15008
3074.95	0.143501
3179.33	0.13758
3277.85	0.132251
3369.52	0.127505
3452.05	0.123354
3526.86	0.119752
3594.6	0.116618
3655.11	0.113917
3705.05	0.111718
3748.85	0.109859
3787.6	0.108257
3820.58	0.106921
3849	0.10577
3876.22	0.104696
3898.79	0.103814
3918.18	0.103069
3934.42	0.102449
3949.22	0.101889
3963.24	0.101364
3976.01	0.100888
3987.82	0.100451
3998.89	0.100044
4008.77	0.0996822
4019.48	0.0992927
4031.08	0.0988728
4044.98	0.0983749
4058.13	0.0979035
4073.79	0.0973509
4089.67	0.0967895
4112.84	0.0959852
4136.79	0.0951561
4170.38	0.0940286
4207.94	0.0928137
4244.56	0.0917862
4283.66	0.0912152
4335.58	0.0958802
4392.31	0.136846
4484.73	0.286157
4572.6	0.400601
4645.92	0.497245
4708.7	0.613559
4687.3	0.400881
4666.33	0.212746
4659.74	0.109449
2571.73	0.173383
2571.12	0.171513
2570.47	0.167302
2719.5	0.163348
2879.56	0.155475
2978.44	0.14912
3080.45	0.143185
3180.83	0.137615
3276.02	0.13247
3365.79	0.127805
3447.85	0.123674
3522.25	0.120067
3589.18	0.116939
3648.84	0.114247
3700.7	0.111961
3745.91	0.110043
3784.86	0.108389
3821.02	0.10691
3851.86	0.105668
3877.94	0.104633
3900.7	0.103745
3921.24	0.102957
3935.93	0.102393
3948.84	0.101902
3963.93	0.101337
3976.78	0.100858
3988.78	0.100415
3999.2	0.100032
4009.21	0.0996661
4019.41	0.0992942
4031.46	0.0988598
4042.5	0.0984613
4057.53	0.0979257
4073.55	0.0973578
4091.32	0.0967335
4112.25	0.0960084
4135.68	0.0951943
4167.54	0.0941224
4203.44	0.0929565
4244.55	0.0918788
4281.76	0.0922725
4328.45	0.098759
4376.78	0.14078
4479.45	0.292966
4568.21	0.403456
4642.45	0.498388
4706.14	0.613237
4684.59	0.402393
4662.47	0.21535
4655.69	0.110493
2573.45	0.173282
2572.34	0.171475
2570.41	0.167458
2715.78	0.163817
2857.79	0.15681
2981.67	0.14922
3083.75	0.142955
3184.83	0.137438
3276.66	0.132409
3367.76	0.127617
3449.09	0.123523
3522.66	0.119976
3588.56	0.116915
3648.35	0.114269
3700.42	0.111934
3747.87	0.109911
3788.56	0.108212
3824.73	0.10674
3857.75	0.105428
3880.97	0.104504
3902.9	0.103658
3922.95	0.10289
3938.27	0.102304
3952.4	0.101771
3965.23	0.10129
3977.27	0.100842
3987.98	0.100445
3998.33	0.100063
4009.26	0.0996631
4019.89	0.0992763
4031.23	0.0988665
4043.23	0.0984344
4057.18	0.0979363
4072.95	0.0973774
4090.93	0.0967454
4111.37	0.0960329
4135.62	0.0951985
4165.49	0.0942001
4199.15	0.0931498
4239.84	0.0922232
4284.47	0.0929223
4322.67	0.0998507
4377.67	0.1426
4474.44	0.293662
4561.76	0.404174
4636.05	0.498696
4700.09	0.612984
4678.53	0.402813
4655.94	0.216418
4649.09	0.111049
2575.69	0.173151
2573.84	0.171417
2570.39	0.167531
2713.31	0.163988
2850.87	0.157151
2976.92	0.149641
3088.92	0.142817
3193.04	0.136902
3289.66	0.131671
3372.54	0.127343
3450.87	0.123508
3521.84	0.120116
3591.22	0.116801
3651.28	0.114086
3703.4	0.111792
3750.22	0.109804
3790.86	0.108116
3826.24	0.106677
3857.3	0.10544
3881.65	0.104476
3904.6	0.103587
3926.42	0.102755
3940.94	0.102201
3954.4	0.101694
3967.45	0.101207
3978.51	0.100794
3989.42	0.100391
3999.56	0.100018
4009.87	0.0996407
4020.34	0.0992598
4031.46	0.0988577
4043.59	0.0984218
4057.1	0.0979389
4072.69	0.0973863
4091.16	0.0967385
4110.31	0.0960713
4134.06	0.0952639
4156.49	0.0944969
4193.19	0.0933056
4233.03	0.0922338
4276.96	0.092611
4323.92	0.104873
4371.33	0.16176
4464.83	0.296795
4551.6	0.404771
4626.15	0.498846
4690.52	0.612801
4669.03	0.402815
4646.41	0.216746
4639.58	0.111415
2579.17	0.17293
2576.38	0.171261
2571.26	0.167435
2714.15	0.163858
2852.2	0.156974
2981.92	0.149394
3096.76	0.142435
3202.76	0.136401
3291.9	0.131498
3375.97	0.127207
3459.3	0.123031
3534.61	0.119444
3595.93	0.116568
3655.04	0.113961
3704.89	0.111753
3752.37	0.109722
3792.54	0.108051
3826.71	0.106661
3855.18	0.10552
3879.5	0.104559
3903.81	0.10362
3925.11	0.102804
3942.16	0.102155
3956.99	0.101596
3971.24	0.101065
3981.45	0.100685
3991.03	0.100332
4000.44	0.0999857
4010.59	0.0996152
4020.86	0.0992416
4031.85	0.0988442
4044.16	0.0984022
4057.01	0.0979434
4072.09	0.0974109
4088.32	0.0968398
4107.28	0.0961801
4128.76	0.095445
4155.87	0.0945463
4189.25	0.0935893
4227.84	0.0931545
4272.16	0.0960205
4323.55	0.115555
4370.25	0.192625
4442.42	0.314978
4536.31	0.40645
4612.31	0.499037
4677.14	0.612722
4655.88	0.402179
4633.69	0.216136
4626.95	0.111522
2584.77	0.172557
2580.67	0.170976
2573.23	0.167214
2717.77	0.163553
2858.57	0.156479
2997.41	0.148505
3108.15	0.14177
3203.11	0.136355
3299.98	0.131091
3387.51	0.12655
3468.47	0.122547
3541.18	0.11908
3605.06	0.116124
3663.07	0.113553
3714.13	0.111347
3755.46	0.109594
3794.35	0.107999
3827.51	0.106646
3852.42	0.105641
3873.09	0.104814
3902.35	0.103684
3925.04	0.102809
3943.11	0.10212
3958.24	0.10155
3971.49	0.101055
3982.67	0.10064
3992.32	0.100283
4001.84	0.0999339
4011.31	0.0995886
4020.9	0.0992399
4031.27	0.0988654
4042.01	0.0984786
4054.97	0.0980153
4069.63	0.0974958
4085.29	0.0969469
4102.03	0.0963612
4120.47	0.0957164
4149.4	0.0947362
4181.6	0.0936783
4218.54	0.0926472
4261.16	0.0926832
4310.46	0.101448
4361.11	0.163603
4448.87	0.321376
4520.22	0.408709
4594.92	0.499149
4659.55	0.612827
4638.76	0.399695
4617.78	0.21329
4611.16	0.11086
2593.76	0.171939
2587.65	0.170509
2576.47	0.166941
2723	0.163319
2863.52	0.156314
2995.51	0.148669
3111.84	0.141676
3214.8	0.135707
3310.73	0.130527
3398.51	0.126005
3478.55	0.122066
3549.17	0.118697
3612.77	0.115782
3670.98	0.113218
3718.08	0.11117
3761.6	0.109356
3797.37	0.107883
3827.7	0.106636
3856.73	0.105468
3881.65	0.104488
3903.77	0.103624
3926.55	0.102751
3944.53	0.102066
3959.45	0.101504
3972.44	0.101019
3984.52	0.100572
3993.22	0.10025
4002.13	0.0999238
4010.78	0.0996073
4020.78	0.0992446
4029.93	0.0989132
4041.45	0.0984996
4053.22	0.0980797
4066.2	0.0976184
4080.41	0.0971147
4097.95	0.0964995
4118.32	0.0957906
4144.04	0.0949125
4174.2	0.0939058
4209.04	0.0928552
4249.2	0.0925445
4299.54	0.099213
4357.46	0.150008
4433.18	0.30144
4513.33	0.413295
4572.69	0.49992
4636.39	0.613164
4617.37	0.3899
4598.98	0.204169
4592.34	0.108146
2608.04	0.170914
2598.97	0.169708
2581.99	0.166414
2732.09	0.16282
2873.56	0.155761
3004.71	0.148104
3123.45	0.14108
3227.3	0.135078
3322.83	0.129947
3410.07	0.125466
3490.64	0.121523
3556.74	0.118386
3618.53	0.115589
3673.46	0.113138
3723.21	0.11099
3764.18	0.109227
3804.31	0.107576
3836.91	0.106252
3865.2	0.105127
3889.39	0.104179
3909.34	0.103405
3929.83	0.102624
3946.58	0.101988
3960.71	0.101457
3972.95	0.101
3983.73	0.100601
3993.02	0.100258
4001.89	0.0999323
4010.69	0.0996109
4019.78	0.0992806
4029.51	0.0989288
4038.9	0.0985906
4049.59	0.0982069
4062.79	0.097737
4077.09	0.0972304
4094.3	0.0966263
4114.6	0.0959208
4138.56	0.0950988
4166.95	0.0941469
4199.62	0.0931405
4232.71	0.0926174
4285.16	0.0958193
4340.42	0.126226
4404.6	0.256648
4491.06	0.38031
4558.62	0.475908
4604.34	0.589554
4592.83	0.345289
4577.94	0.181201
4570.75	0.103254
2630.37	0.169266
2617.36	0.168362
2591.97	0.165415
2747.51	0.161871
2890.38	0.1548
3021.64	0.147133
3144.31	0.139963
3241.76	0.134339
3336.3	0.129403
3421.03	0.125067
3497.68	0.121207
3565.57	0.117972
3627.22	0.115205
3682.83	0.112699
3732.93	0.110544
3775.37	0.108757
3812.98	0.107216
3845.2	0.105919
3873.08	0.104817
3897.29	0.103873
3917.7	0.103086
3933.91	0.102467
3948.87	0.101903
3962.02	0.101409
3973.59	0.100977
3983.89	0.100594
3993.09	0.100255
4001.65	0.0999405
4009.93	0.0996381
4018.23	0.0993364
4027.58	0.0989977
4037.48	0.0986405
4049.15	0.0982232
4060.61	0.0978149
4073.58	0.0973539
4090.79	0.0967498
4110.92	0.0960509
4132.85	0.0952965
4160.14	0.0943888
4189.33	0.0934597
4226.37	0.0927918
4272.71	0.0961987
4325.03	0.128969
4396.32	0.269435
4467.91	0.382416
4535.37	0.48412
4592.31	0.612
4571.99	0.396805
4554.5	0.211729
4546.34	0.114611
2664.42	0.166816
2647.07	0.166287
2613.46	0.163686
2773.12	0.160089
2915.01	0.15333
3042.23	0.14606
3151.32	0.139464
3260.72	0.133374
3358.83	0.128191
3435.31	0.124236
3506.4	0.120757
3578.95	0.117359
3641.05	0.114536
3695.57	0.112135
3743.54	0.110087
3785.12	0.108354
3821.32	0.106877
3852.66	0.105622
3880.06	0.104543
3905.02	0.103579
3920.69	0.102968
3937.56	0.102328
3951.83	0.101789
3964.13	0.101328
3974.97	0.100925
3984.46	0.100573
3993.32	0.100246
4001.21	0.0999572
4009.22	0.0996639
4017.36	0.0993675
4026.16	0.0990488
4035.76	0.0987024
4046.42	0.0983201
4058.34	0.0978947
4072.63	0.0973893
4087.5	0.0968683
4105.1	0.0962542
4125.79	0.0955361
4150.93	0.0946832
4180.47	0.0937339
4216.12	0.0930217
4258.86	0.0957451
4307.81	0.123369
4367	0.249259
4437.52	0.389143
4507.44	0.49161
4568.07	0.613798
4547.54	0.412845
4532.52	0.287682
4516.83	0.132666
2714.09	0.163567
2691.58	0.163569
2642.04	0.161885
2813.96	0.158121
2958.61	0.150789
3080.51	0.143573
3192.86	0.13708
3284.16	0.132044
3366.78	0.12762
3453.21	0.123333
3527.39	0.119732
3595.11	0.116595
3654.99	0.113906
3707.66	0.11161
3753.82	0.109653
3793.98	0.107988
3828.84	0.106573
3858.98	0.105371
3885.03	0.104348
3907.41	0.103481
3925.24	0.102795
3941.05	0.102196
3954.52	0.101688
3965.95	0.10126
3976.4	0.100871
3984.78	0.100561
3992.6	0.100272
4000.8	0.0999717
4008.66	0.0996842
4016.5	0.0993987
4024.97	0.0990918
4034.42	0.0987508
4044.24	0.0983982
4055.92	0.0979826
4068.09	0.0975484
4082.9	0.0970265
4100.42	0.0964152
4118.24	0.0957967
4141.82	0.0949902
4170.48	0.0940602
4204.13	0.0933321
4243.54	0.0956171
4288.59	0.120837
4341.5	0.244173
4415.3	0.386132
4473.36	0.490663
4530.89	0.615023
4507.7	0.412946
4484.37	0.23466
4479.15	0.120981
2783.81	0.159658
2761.05	0.160132
2692.1	0.159239
2878.66	0.154617
3020.26	0.147085
3122.61	0.140987
3214.53	0.135581
3311.46	0.130487
3396.25	0.126092
3475.54	0.122195
3546.96	0.118797
3611.3	0.115846
3668.54	0.113301
3719.05	0.111118
3763.34	0.109252
3801.94	0.107661
3835.44	0.106307
3864.37	0.105157
3889.26	0.104182
3910.58	0.103358
3928.58	0.102669
3944.19	0.102077
3957.07	0.101592
3967.07	0.101218
3976.01	0.100885
3985	0.100553
3992.9	0.100261
4000.62	0.0999779
4008.41	0.0996934
4015.66	0.0994294
4023.8	0.0991347
4031.95	0.0988399
4041.66	0.0984905
4052.49	0.0981034
4064.54	0.0976743
4078.57	0.0971786
4094.9	0.0966062
4113.72	0.0959541
4131.98	0.0953198
4160.34	0.0943863
4191.67	0.0935708
4227.42	0.0945576
4267.99	0.11036
4310.72	0.201804
4373.45	0.360198
4426.11	0.484717
4479.14	0.616312
4459.65	0.395831
4442.82	0.202861
4438.6	0.111036
2872.87	0.155244
2873.61	0.155625
2888.1	0.154992
2983.95	0.149166
3079.39	0.143306
3170.55	0.138002
3257.69	0.133182
3343.34	0.128726
3423.31	0.124698
3497.65	0.121097
3565.49	0.117919
3626.64	0.115144
3681.17	0.112742
3729.4	0.110672
3771.78	0.108898
3808.81	0.107379
3841	0.106083
3868.83	0.104981
3892.72	0.104047
3913.3	0.103253
3931.16	0.10257
3947.46	0.101955
3957.5	0.101575
3968.1	0.101179
3977.32	0.100837
3985.43	0.100536
3992.91	0.100261
4000.28	0.0999906
4007.37	0.0997314
4014.8	0.0994605
4022.46	0.0991826
4030.56	0.0988896
4039.67	0.0985617
4049.92	0.0981945
4061.5	0.097782
4074.85	0.0973096
4090.25	0.0967685
4107.9	0.0961537
4127.77	0.0954677
4151.99	0.0946566
4180.01	0.093831
4211.68	0.0937653
4246.79	0.100368
4283.01	0.147977
4323.67	0.277029
4368.18	0.408159
4403.55	0.507506
4403.74	0.295573
4399.72	0.142284
4397.02	0.0972564
2956.49	0.150525
2967.83	0.150172
2998	0.148513
3061.16	0.144341
3136.49	0.139793
3215.48	0.135361
3294.75	0.131133
3372.91	0.127143
3447.71	0.123454
3517.92	0.120106
3582.42	0.117125
3640.51	0.114514
3692.36	0.112248
3738.34	0.110289
3778.8	0.108603
3814.33	0.107152
3845.37	0.105907
3872.29	0.104844
3895.19	0.103951
3915.03	0.103186
3932.2	0.102531
3947	0.101971
3959.06	0.101517
3968.85	0.101151
3978.52	0.100793
3985.65	0.100529
3991.92	0.100297
4000	0.100001
4007.25	0.0997358
4014.33	0.0994777
4021.63	0.0992126
4029.47	0.0989289
4038.21	0.0986141
4048.09	0.0982602
4059.15	0.0978657
4071.92	0.0974131
4086.63	0.0968952
4103.58	0.0963039
4123.37	0.0956282
4144.52	0.0949467
4169.83	0.0943538
4197.9	0.0948486
4228.38	0.100333
4258.95	0.11799
4288.36	0.144736
4319.44	0.253269
4348.17	0.344604
4352.45	0.171621
4357.83	0.106286
4358.34	0.0909027
3022.88	0.146389
3037.32	0.145631
3068.78	0.143783
3119.58	0.140649
3182.75	0.137014
3252.41	0.133239
3324.79	0.129484
3397.4	0.12585
3468.12	0.122423
3535.3	0.119268
3597.33	0.116437
3652.45	0.113975
3701.64	0.11184
3745.48	0.109983
3784	0.108385
3818.19	0.106994
3848.33	0.105789
3874.85	0.104745
3896.41	0.103904
3915.77	0.103161
3932.49	0.102523
3946.75	0.101982
3958.31	0.101546
3969.25	0.101137
3978.46	0.100795
3986.16	0.10051
3993.18	0.100251
4000.43	0.099985
4007.54	0.0997251
4014.23	0.0994812
4021.2	0.0992281
4028.78	0.098954
4037.26	0.0986481
4047.08	0.0982963
4057.47	0.0979255
4069.84	0.0974872
4083.99	0.0969892
4100.1	0.0964284
4117.19	0.095836
4137.46	0.095142
4160.24	0.0943995
4185.16	0.0937282
4211.61	0.0935737
4238.41	0.0950369
4264.42	0.10053
4288.14	0.125192
4306.44	0.16739
4319.13	0.109386
4325	0.0927006
4327.16	0.0895131
3067.97	0.143418
3082.84	0.142552
3113.06	0.14079
3158.16	0.138193
3214.6	0.135097
3278.35	0.131749
3346.01	0.128315
3414.98	0.124922
3483.2	0.121663
3549.06	0.118611
3610.57	0.115845
3662.08	0.113542
3708.44	0.111541
3750.63	0.109765
3786.77	0.108277
3819.97	0.106933
3849.37	0.105757
3874.79	0.104753
3897.92	0.103846
3917.28	0.1031
3933.71	0.102473
3947.65	0.101946
3959.42	0.101503
3969.76	0.101117
3978.71	0.100785
3986.53	0.100496
3993.74	0.10023
4000.91	0.0999673
4008.53	0.099689
4014.46	0.0994725
4021.1	0.0992319
4028.44	0.0989663
4036.61	0.0986723
4045.11	0.0983667
4055.67	0.0979896
4067.6	0.0975658
4081.14	0.0970883
4096.39	0.0965542
4113.29	0.0959666
4132.38	0.0953099
4153.5	0.0945937
4176.28	0.0938426
4200.09	0.0931194
4224.04	0.0925759
4247.04	0.0926603
4267.83	0.0952582
4284.62	0.100498
4296	0.0927575
4302.65	0.0902301
4305.64	0.0896849
3090.62	0.141823
3105.37	0.140955
3134.64	0.139286
3177.32	0.13693
3230.75	0.134091
3291.67	0.13096
3357.01	0.127695
3424.26	0.124422
3491.62	0.12123
3558.27	0.118165
3625.19	0.11522
3668.59	0.113252
3711.58	0.111424
3750.08	0.10978
3788.51	0.108199
3821.91	0.106843
3851.12	0.105677
3876.58	0.104674
3898.94	0.103805
3918.07	0.103069
3934.34	0.102449
3948.14	0.101927
3959.89	0.101486
3970.05	0.101107
3978.89	0.100778
3986.71	0.100489
3993.91	0.100224
4000.87	0.0999686
4007.74	0.0997178
4014.1	0.0994857
4020.73	0.0992451
4027.92	0.0989849
4035.85	0.0986991
4044.61	0.0983843
4054.81	0.0980199
4066.47	0.0976058
4079.7	0.0971389
4094.59	0.0966169
4111.21	0.0960387
4129.73	0.0954006
4150.02	0.0947085
4171.73	0.0939769
4194.26	0.0932309
4216.76	0.0925109
4238.22	0.0918963
4257.44	0.0915848
4273.14	0.0915867
4284.39	0.0905843
4291.4	0.0901144
4294.71	0.0899557
4009.68	0.0996462
4014.54	0.0994697
4021.16	0.0992299
4028.53	0.0989637
4036.86	0.0986645
4043.94	0.0984119
4047.95	0.0982647
4057.55	0.0979232
4069.99	0.0974829
4084.18	0.0969843
4100.58	0.0964171
4116.54	0.0958824
4125.83	0.0955754
4144.51	0.0950199
4170.05	0.0946752
4198.1	0.0966635
4228.66	0.111354
4257.7	0.169529
4281.72	0.287119
4320.73	0.344587
4337.93	0.405697
2741.17	0.162403
2829.07	0.157842
2915.04	0.152952
2956.06	0.150147
3052.89	0.144764
3161.33	0.138868
3230.65	0.135052
3264.85	0.132879
3347.33	0.128715
3435.26	0.124428
3492.11	0.121647
3522.57	0.119969
3587.59	0.11703
3652.43	0.114172
3691.91	0.112441
3714.65	0.111342
3760.54	0.109433
3803.92	0.107665
3827.44	0.106702
3842.22	0.106056
3870.26	0.104949
3895.14	0.10398
3907.15	0.103513
3913.41	0.103257
3895.08	0.103969
3904.96	0.103576
3922.34	0.102914
3938.94	0.102288
3951.89	0.101793
3964.83	0.101308
3975.65	0.100904
3985.92	0.100524
3993.08	0.100261
3996.78	0.10012
4005.47	0.0998032
4015.09	0.0994525
4025.03	0.0990931
4034.03	0.0987668
4044.32	0.0983969
4057.05	0.0979434
4071.15	0.0974448
4085.84	0.0969292
4088.51	0.0968279
4041.29	0.0985025
4052.03	0.0981199
4066.01	0.0976244
4082.34	0.0970487
4101.69	0.0963758
4124.43	0.0956039
4151.1	0.0947672
4182.36	0.0941056
4219.13	0.0948985
4261.44	0.103277
4307.64	0.144073
4365.16	0.29484
4430.3	0.436433
4501.47	0.495234
4579.24	0.519255
4644.06	0.553455
4692.08	0.590465
4690.03	0.554733
4036.49	0.098676
4043.5	0.0984259
4048.16	0.0982583
4055.08	0.0980108
4066.76	0.0975977
4080.1	0.0971307
4095.4	0.0966178
4104.72	0.0963451
4116.32	0.0960083
4140.17	0.0958976
4168.23	0.0991749
4203.87	0.11972
4221.27	0.172881
4243.16	0.220973
4289.48	0.416061
4347.8	0.508124
4410.94	0.537841
4449.82	0.544428
4489.53	0.543656
4537.67	0.592852
4530.88	0.445341
4518.06	0.349237
3906.43	0.103523
3914.92	0.103194
3920.72	0.102969
3932.34	0.102529
3947.97	0.10194
3961.41	0.101434
3973.66	0.100979
3981.08	0.100704
3985.21	0.100546
3994.94	0.100189
4005.44	0.0998052
4013.86	0.0994966
4022.53	0.0991839
4026.43	0.0990394
4034.46	0.0987498
4046.45	0.0983203
4059.98	0.0978391
4075.49	0.0972956
4086.04	0.09693
4093.36	0.0966647
4103.78	0.0963055
2952.95	0.150925
2979.87	0.149003
3015.6	0.146697
3082.85	0.142934
3184.73	0.137473
3271.78	0.132833
3307.56	0.130629
3370.75	0.127451
3450.8	0.123561
3517.18	0.12045
3544.69	0.118945
3594.6	0.116657
3654.78	0.114011
3700.66	0.112023
3719.44	0.111123
3754.52	0.109652
3794.18	0.108027
3823.36	0.106854
3832.14	0.106455
3856.09	0.105503
3881.56	0.104502
3899.81	0.1038
3904.35	0.103612
3755.34	0.109597
3785.63	0.108346
3821.68	0.106892
3853.91	0.105602
3881.84	0.104499
3904.53	0.103607
3923.4	0.102877
3939.36	0.102267
3954.19	0.101708
3965.37	0.101286
3975.97	0.10089
3986.12	0.100514
3995.69	0.100162
4005.21	0.0998128
4014.87	0.0994616
4022.87	0.0991732
4026.54	0.0990367
4035.04	0.098732
4045.02	0.0983748
4052.66	0.0981036
3929.73	0.102624
3941.43	0.102182
3953.56	0.101726
3964.41	0.10132
3974.07	0.10096
3982.79	0.100637
3989.45	0.100391
3992.13	0.10029
3998.01	0.100074
4005.51	0.0997999
4013.04	0.0995255
4020.88	0.0992407
4029.31	0.0989359
4038.52	0.098605
4048.06	0.0982632
4058.58	0.0978877
4071.16	0.0974446
4083.69	0.0970104
4090.95	0.0967523
4104.97	0.0962765
4123.9	0.0956819
4138.45	0.0953275
3811.41	0.107289
3837.3	0.106247
3865.79	0.105124
3890.4	0.104159
3911.6	0.103339
3923.05	0.102898
3929.84	0.102624
3944.56	0.102069
3958.71	0.101536
3971.4	0.101062
3982.86	0.100636
3993.11	0.100257
4002.08	0.0999262
4013	0.0995289
4023.88	0.0991342
4035.15	0.0987286
4045.29	0.0983668
4050.08	0.09819
4060.93	0.0978052
4076.24	0.0972684
4088.46	0.0968431
3913.7	0.103242
3925.16	0.10281
3930.45	0.102599
3942.35	0.102149
3954.61	0.101687
3965.32	0.101286
3974.78	0.100933
3983.24	0.100619
3990.96	0.100334
3998.28	0.100065
4005.33	0.0998076
4009.96	0.0996387
4012.27	0.0995527
4018.27	0.0993348
4025.35	0.0990786
4033.02	0.0988018
4040.96	0.0985163
4049.56	0.0982084
4058.95	0.0978744
4068.06	0.0975518
3281.12	0.132161
3348.28	0.128628
3431.85	0.124502
3510.1	0.120723
3581.42	0.117375
3645.37	0.114464
3701.99	0.111962
3751.45	0.109835
3794.1	0.108045
3830.63	0.106545
3861.72	0.105294
3887.9	0.104259
3909.07	0.103429
3928.14	0.102696
3944.79	0.102063
3958.7	0.101538
3969.53	0.101131
3978.45	0.100799
3982	0.100666
4002.07	0.0999254
4004.43	0.0998389
4006.44	0.0997647
4011.72	0.0995733
4014.85	0.0994592
4019.17	0.099302
4025.31	0.0990816
4028.63	0.0989594
4035.98	0.0986966
4039.98	0.0985509
4048.05	0.098264
4055.28	0.098009
4061.46	0.0977849
4072.41	0.0974023
4078.24	0.0971919
4091.77	0.0967249
4100.05	0.0964313
4114.13	0.0959452
4131.6	0.0953656
4143.61	0.0949417
4167.01	0.0942008
4177.78	0.0938743
4203.65	0.0931998
4226.71	0.0932801
4252.48	0.0930854
4289.31	0.0967631
4301.98	0.0975162
3966.55	0.101244
3969.98	0.101111
3978.77	0.100785
3987.65	0.100457
3996.07	0.100148
3999.51	0.10002
4005.35	0.0998067
4014.11	0.0994873
4023.55	0.0991452
4033.02	0.0988045
4037.97	0.098625
4044.99	0.0983719
4057.2	0.0979371
4071.12	0.0974456
4086.72	0.096903
4094.73	0.0966206
4104.11	0.0962862
4127.99	0.0954705
4154.15	0.09459
4184.1	0.0936452
4202.58	0.0931584
4219.97	0.0926462
4252.62	0.0922514
2668.7	0.162137
2692.91	0.162
2773.08	0.159777
2913.99	0.153337
3041.55	0.146166
3133.12	0.140811
3161.23	0.138707
3240.58	0.134405
3335.54	0.129493
3420.58	0.125197
3468.51	0.122763
3493.64	0.121334
3556.16	0.118443
3618.1	0.11565
3670.31	0.113358
3688.19	0.112492
3717.34	0.111212
3761.01	0.109403
3797.14	0.107914
3822.43	0.106889
3830.53	0.106525
3851.92	0.10567
3869.75	0.104963
3909.59	0.103401
3916.25	0.103144
3919.9	0.102998
3933.73	0.102476
3948.72	0.101911
3961.87	0.101417
3973.43	0.100987
3978.63	0.100794
3983.65	0.100604
3992.98	0.10026
4001.89	0.0999331
4010.8	0.099608
4019.14	0.0993068
4022.7	0.0991747
4029.97	0.0989121
4041.48	0.0984997
4053.35	0.0980761
4066.73	0.0976024
4078.73	0.0971851
4086.18	0.0969153
4102.1	0.0963639
4114.82	0.0959262
4007.2	0.0997384
4008.97	0.099673
4014.98	0.0994547
4022.97	0.0991673
4026.37	0.0990421
4033.98	0.0987683
4042.95	0.0984493
4046.22	0.0983277
4056.39	0.0979664
4067.45	0.0975812
4072.94	0.0973773
4088.53	0.0968347
4101.83	0.0963749
4106.33	0.0962088
4125.78	0.0955493
4136.37	0.0951959
4148.1	0.0947926
4173.31	0.0940103
4181.93	0.0938249
4200.72	0.0933723
4233.81	0.0938388
4244.13	0.096862
4274.76	0.102852
4312.66	0.133793
4321.26	0.15973
4349.65	0.212836
3403.51	0.125702
3460.15	0.122919
3533.15	0.119536
3600.87	0.116457
3659.13	0.113831
3708.07	0.111663
3750.95	0.109834
3787.2	0.108334
3801.14	0.107735
3819.98	0.106952
3849.49	0.105782
3874.49	0.10479
3896.12	0.103936
3915.58	0.103177
3932.97	0.10251
3948.68	0.101914
3962.82	0.101383
3975.56	0.100907
3987.37	0.10047
3997.84	0.100087
4001.97	0.0999336
4008.33	0.0997004
4013.03	0.0995288
3700.78	0.111992
3714.43	0.111344
3726.79	0.110775
3757.64	0.109498
3795.78	0.107942
3829.24	0.106595
3848.8	0.105816
3860.01	0.105339
3883.23	0.104435
3901.28	0.103724
3919.83	0.103021
3927.33	0.102724
3939.05	0.102276
3954.26	0.101703
3967.82	0.101197
3977.11	0.100853
3981.65	0.100678
3991.53	0.100314
4002.41	0.0999156
4012.74	0.0995401
4017.64	0.0993611
4023.83	0.0991343
4035.25	0.098724
4047.2	0.0982972
4055.79	0.0979928
3863.39	0.105197
3864.92	0.105134
3880.86	0.104511
3902.68	0.103673
3922.56	0.102912
3938.15	0.102312
3952.29	0.101778
3965.15	0.101295
3977.16	0.100849
3988.12	0.100443
3996.3	0.100143
4000.09	0.0999991
4009.13	0.0996701
4019.56	0.0992898
4031.42	0.0988627
4042.79	0.0984512
4057.63	0.0979235
4073.73	0.0973537
4091.66	0.0967254
4112.57	0.09601
4125.78	0.0955596
4129.37	0.0954263
3949.35	0.101882
3956.72	0.101607
3959.91	0.101485
3967.01	0.101221
3974.79	0.100934
3977.39	0.100834
3984.76	0.100563
3990.53	0.100352
3993.61	0.100236
4001.17	0.0999594
4005.31	0.0998085
4009.96	0.0996372
4017.99	0.099347
4021.78	0.0992075
4029.51	0.0989296
4038.08	0.0986234
4042.46	0.0984623
4053.39	0.0980748
4063.34	0.0977266
4070.06	0.0974806
4085.43	0.0969461
4095.13	0.0966083
4107.43	0.0961765
4128.21	0.0954782
4138.73	0.0951133
4151.64	0.0946759
4150.14	0.0947124
4152.66	0.0946262
4170.29	0.0940411
4180.21	0.093707
4203.49	0.0929725
4215.37	0.0926544
4242.28	0.0919813
4253.19	0.0923426
4279.93	0.0929509
4292.82	0.0973379
4320.97	0.105092
4335.73	0.138115
4368.43	0.186576
4388	0.331248
4438.48	0.36921
4466.75	0.441037
4516.56	0.443341
4532.93	0.515264
4569.62	0.516868
4576.89	0.587292
4600.64	0.589309
4587.79	0.591525
4571.45	0.525992
4552.21	0.523596
4548.81	0.514118
3979.02	0.100774
3985.72	0.100527
3989.77	0.100378
3993.03	0.100256
4000.3	0.0999906
4007.12	0.0997421
4010.19	0.0996286
4015.62	0.0994309
4023.94	0.0991302
4031.23	0.0988685
4035.26	0.0987203
4044.28	0.0983974
4056.32	0.0979705
4065.43	0.097651
4072.77	0.0973846
4087.77	0.0968602
4105.36	0.0962531
4116.06	0.0958778
4132.86	0.0953008
4160.78	0.094388
4187.27	0.093615
4201.96	0.0932124
4229.39	0.0927055
3873.72	0.104793
3889.23	0.10419
3906.16	0.103544
3912.1	0.103303
3925.76	0.102784
3942.23	0.102161
3956.45	0.101621
3969.75	0.101123
3981.64	0.100681
3992.36	0.100285
4001.8	0.09994
4005.83	0.0997894
4013.11	0.0995237
4023.91	0.0991327
4035.26	0.0987235
4047.24	0.0982941
4060.02	0.0978363
4076.92	0.0972437
4094.6	0.0966312
4102.82	0.0963432
4111.22	0.0960455
3885.27	0.104344
3902.84	0.103667
3912.38	0.1033
3922.25	0.102914
3939.46	0.102268
3947.43	0.101967
3954.35	0.1017
3965.49	0.101282
3972.38	0.101026
3977.36	0.100837
3986.91	0.100485
3993.18	0.100255
3997.1	0.100108
4005.52	0.099801
4011.86	0.0995718
4015.32	0.099443
4023.58	0.0991445
4030.25	0.098905
4033.46	0.0987856
4042.46	0.0984646
4050.4	0.0981827
4053.81	0.0980563
4063.87	0.0977009
4073.04	0.0973808
4073.18	0.0973719
3948.42	0.101918
3957.35	0.101583
3968.24	0.101177
3978.12	0.10081
3986.39	0.100505
3989.67	0.100381
3996.37	0.100136
4005.74	0.0997929
4014.95	0.0994575
4023.5	0.0991487
4027.79	0.0989926
4032.87	0.0988073
4042.43	0.0984653
4052.54	0.0981028
4065.53	0.0976454
4074.08	0.0973454
4078.24	0.0971915
4092.08	0.0967124
4108.51	0.0961436
4128.99	0.0954766
4145.69	0.0950633
4149.89	0.0952076
4168.48	0.0954021
4181.93	0.0937521
4188.05	0.0938586
4203.06	0.0936144
4210.55	0.0928866
4215.09	0.0926083
4232.47	0.0920976
4242.5	0.0917685
4248.33	0.0918501
4267.91	0.09198
4280.71	0.092409
4287.64	0.0944356
4307.39	0.100339
4322.33	0.105683
4326.84	0.12269
4346.37	0.152826
4359.46	0.162334
4361.09	0.164838
4381.46	0.219123
4401.54	0.254741
4399.66	0.350797
4419.53	0.386177
4434.02	0.388975
4417.6	0.417915
4423.33	0.480863
4424.53	0.483254
3806.35	0.10749
3812.46	0.107238
3827.9	0.106616
3833.3	0.106396
3848.9	0.105785
3854.7	0.105544
3862.5	0.105239
3873.56	0.104801
3877.24	0.104656
3889.51	0.104183
3893.53	0.104021
3900.62	0.103752
3908.65	0.103441
3913.15	0.103262
3923.34	0.102876
3927.16	0.102725
3933.48	0.102488
3939.06	0.102275
3941.91	0.102168
3950.28	0.101854
3954.18	0.101703
3958.8	0.10153
3961.95	0.10141
3927.92	0.102695
3940.94	0.102204
3952.18	0.101784
3954.95	0.101674
3965.08	0.101296
3977.29	0.100844
3986.06	0.100521
3989.75	0.100379
3999.09	0.100037
4009.33	0.0996634
4016.6	0.099401
4020.28	0.0992625
4031.2	0.098869
4045.29	0.0983669
4053.72	0.0980671
4060.21	0.0978285
4076.13	0.0972683
4094.8	0.0966204
4106.19	0.0962249
4119.65	0.0957498
4146.96	0.094836
4168.81	0.0941024
4171.92	0.0939972
4171.96	0.0939958
3886.8	0.104283
3900.96	0.103734
3920.63	0.102984
3938.19	0.102313
3953.4	0.101736
3966.88	0.10123
3979.08	0.100776
3990.66	0.100347
4001.9	0.0999346
4013.19	0.0995222
4024.97	0.099095
4037.51	0.0986436
4050.62	0.098174
4065.14	0.0976615
4075.09	0.097311
4081.43	0.0970769
4098.77	0.0964748
4120.03	0.0957419
4144.91	0.0949006
4168.42	0.094113
4143.29	0.0949423
4147	0.0948139
4163.27	0.0942757
4173.95	0.0939114
4190.27	0.0933972
4206.13	0.0928652
4220.17	0.0924816
4243.93	0.0918793
4258.98	0.0918301
4280.04	0.0916843
4300.46	0.0913016
4317.3	0.0935073
4347.86	0.0981446
4366.42	0.109065
4392.49	0.154516
4418.12	0.185814
4442.28	0.343147
4490.48	0.364091
4512.99	0.411172
4543.85	0.436557
4573.89	0.437884
4591.11	0.522327
4627.34	0.525797
4648.98	0.598241
4677.67	0.614561
4693.9	0.614077
4017.14	0.0993752
4024.01	0.0991267
4032.92	0.0988059
4042.58	0.0984609
4050.11	0.0981933
4053.82	0.0980559
4063.95	0.0976973
4077.19	0.0972314
4092.2	0.096711
4105.91	0.0962471
4109.9	0.0961193
4123.76	0.0957016
4145.5	0.0953422
4171.82	0.0965857
4203.09	0.104959
4208.82	0.117228
4230.89	0.125814
4266.5	0.198179
4310.69	0.359423
4363.03	0.418704
4379.69	0.477913
4376.14	0.48499
4388.29	0.50169
3671.29	0.113174
3708.63	0.11157
3750.15	0.109831
3788.1	0.108264
3820.44	0.106939
3849.67	0.105772
3874.5	0.104791
3896.4	0.103933
3908.9	0.103448
3918	0.103081
3934.16	0.102464
3949.12	0.101896
3963.13	0.10137
3975.92	0.100893
3987.75	0.100455
3998.8	0.100049
4008.86	0.0996801
4019.74	0.0992854
4029.44	0.0989384
4033.12	0.0988014
4040.03	0.0985538
3776.38	0.108705
3799.38	0.107761
3830.51	0.106521
3857.27	0.105451
3880.76	0.104525
3901.43	0.103719
3920.09	0.103001
3936.7	0.102368
3951.42	0.101811
3964.86	0.101306
3977.3	0.100843
3989.01	0.10041
3998.8	0.100052
4002.64	0.0999069
4010.64	0.0996148
4021.98	0.0992037
4033.66	0.0987803
4048.35	0.0982567
4063.29	0.0977243
4079.26	0.0971622
4091.94	0.0967201
3630.57	0.114935
3668.41	0.113274
3711.55	0.111463
3736.36	0.110414
3751.76	0.109714
3786.36	0.108307
3819.66	0.106959
3849.05	0.105784
3873.77	0.104813
3883.3	0.104428
3895.96	0.103926
3915.52	0.103175
3932.29	0.102534
3946.59	0.101992
3957.16	0.101595
3960.97	0.101447
3968.65	0.10116
3978.34	0.100801
3985.56	0.100533
3991.11	0.100329
3985.63	0.100529
3985.68	0.100527
3993.28	0.100248
4002.23	0.0999213
4008.69	0.0996872
4011.97	0.0995641
4020.91	0.09924
4031.49	0.098859
4040.64	0.0985329
4045.37	0.0983576
4057.07	0.0979423
4072.4	0.0974026
4086.93	0.0968982
4093.88	0.0966418
4110.43	0.0960696
4134.33	0.0952625
4156.83	0.094521
4171.28	0.0940655
4199.13	0.0932526
4240.32	0.0926393
4282.4	0.0944546
4297.54	0.0985449
4328.56	0.104682
4361.28	0.131102
3974.91	0.100928
3981.5	0.100683
3991.03	0.100333
4000.53	0.0999839
4010.62	0.0996154
4020.95	0.0992395
4032	0.09884
4044.25	0.0984007
4057.25	0.0979366
4072.25	0.0974074
4088.61	0.0968322
4107.57	0.0961742
4129.29	0.0954369
4156.47	0.0945776
4189.76	0.093823
4228.36	0.0943162
4272.68	0.100947
4323.11	0.130628
4369.64	0.224142
4427.06	0.325
3002.21	0.147998
3006.74	0.147691
3025.55	0.146534
3122.4	0.14106
3181.7	0.137657
3201.19	0.136396
3283.9	0.132093
3353.52	0.128521
3372.2	0.127342
3434.65	0.12429
3501.72	0.121105
3521.64	0.120019
3564.82	0.118015
3626.3	0.115308
3652.91	0.114093
3674.18	0.113093
3722.91	0.111035
3752.94	0.109772
3764.27	0.109236
3797.06	0.107908
3824.07	0.106817
3831.61	0.106478
3851.92	0.105667
3870.5	0.104931
3954.94	0.101673
3964.35	0.101322
3971.3	0.101066
3975.91	0.100891
3985.7	0.100531
3995.29	0.100177
4005.18	0.099816
4010.39	0.099626
4014.81	0.0994618
4024.07	0.0991259
4034.66	0.0987446
4045.68	0.0983519
4050.88	0.0981644
4057.26	0.0979334
4071.1	0.0974455
4086.98	0.0968897
4104.42	0.0962883
4111.46	0.0960374
4123.82	0.0956059
4147.95	0.0948012
4174.49	0.0939534
4197.65	0.0932812
2899.57	0.153802
2978	0.149078
3080.29	0.143198
3180.42	0.137656
3275.55	0.132529
3365.15	0.127883
3447.18	0.123757
3521.57	0.120149
3588.5	0.117018
3648.1	0.114322
3700.03	0.112029
3745.29	0.110095
3784.5	0.108429
3820.43	0.106956
3851.3	0.105709
3877.51	0.104665
3900.34	0.103771
3920.51	0.102996
3935.54	0.102415
3945.83	0.102024
3073.22	0.144004
3110.3	0.141554
3199.29	0.136701
3232.18	0.134628
3291	0.13154
3373.58	0.12745
3405.07	0.125744
3450.11	0.123536
3521.26	0.12021
3553.7	0.118608
3587.96	0.11695
3647.99	0.114338
3677.59	0.113028
3700.74	0.111959
3745.76	0.110076
3771.64	0.10899
3787.91	0.108251
3820.42	0.106945
3840.78	0.106139
3850.89	0.10571
3874.75	0.104778
3891.82	0.104116
3899.72	0.103783
3916.2	0.103149
3928.04	0.102701
3929.93	0.102626
3982.92	0.100636
3984.1	0.100588
3992.76	0.100268
4002.65	0.0999058
4013.09	0.099525
4023.9	0.0991325
4035.37	0.0987185
4047.99	0.0982669
4061.09	0.0977992
4076.25	0.0972649
4093.24	0.096666
4117.17	0.0958522
4138.31	0.0951473
4149.56	0.0947441
4177.89	0.0938494
4215.6	0.0928544
4257.96	0.0925527
4303.11	0.0959547
4354.98	0.114051
4409.31	0.177984
4490.53	0.297648
4058.36	0.0978967
4065.72	0.097631
4081.77	0.097068
4100.96	0.0964014
4124.61	0.095611
4152.4	0.094785
4177.46	0.0943748
4188.72	0.0947884
4215.26	0.0969892
4256.96	0.11017
4302.1	0.163743
4359.45	0.313576
4424.23	0.457109
4504.01	0.495969
4579.42	0.519426
4634.68	0.563446
4681.81	0.590199
4677.29	0.370768
4668.79	0.203023
4666.5	0.155099
3835.82	0.106286
3857.55	0.105428
3880.12	0.10455
3896.56	0.103917
3902.44	0.103676
3917	0.103118
3932.78	0.102514
3949.01	0.101905
3958.31	0.101557
3963.72	0.101346
3975.6	0.100904
3987.41	0.100468
3998.01	0.100079
4002.51	0.0999125
4009.06	0.0996709
4020.31	0.0992628
4032.2	0.0988345
4042.88	0.0984541
4046.98	0.0983019
4058.14	0.0979042
4073.85	0.0973519
4087.16	0.0968867
3923.03	0.102886
3928.08	0.102692
3938.19	0.102309
3951.51	0.101811
3956.47	0.101617
3967.33	0.101213
3977.1	0.100852
3981.8	0.100673
3991.03	0.100333
3997.82	0.100086
4002.04	0.0999271
4011.2	0.0995944
4015.55	0.0994362
4020.78	0.0992449
4029.41	0.0989343
4032.18	0.0988321
4038.98	0.098588
4048.1	0.0982643
4050.89	0.0981599
4060.7	0.0978129
4069.99	0.0974876
4073.72	0.0973495
4087.42	0.0968741
4095.17	0.0966042
4100.97	0.096395
4117.39	0.0958344
4122.42	0.0956602
4127.64	0.095476
4005.96	0.0997842
4006.72	0.0997563
4012.26	0.099556
4015.32	0.0994426
4020	0.0992742
4023.62	0.0991416
4027.82	0.0989905
4033.41	0.0987893
4036.67	0.0986712
4043.49	0.0984295
4046.4	0.0983228
4052.67	0.0981008
4057.03	0.0979425
4060.97	0.097803
4067.26	0.0975796
4070.04	0.0974798
4077.94	0.0972039
4080.33	0.0971177
4088.56	0.0968357
4092.13	0.0967097
4096.95	0.0965456
4104.18	0.0962963
4105.17	0.0962703
4113.57	0.0960091
4112.22	0.0960256
3956.13	0.101631
3962.99	0.101377
3966.23	0.101251
3975.58	0.100905
3985.72	0.10053
3995.29	0.100177
4005.16	0.0998153
4014.88	0.0994599
4025.18	0.099087
4035.25	0.0987238
4045.16	0.0983674
4056.46	0.0979632
4071.02	0.0974489
4088.42	0.0968424
4103.58	0.0963193
4111.58	0.0960263
4132.32	0.0953214
4159.39	0.0944129
4189.29	0.0934411
4212.08	0.0927553
2812.3	0.159213
2842.91	0.157161
2912.07	0.15309
2953.4	0.150407
3054.58	0.144796
3136.9	0.140245
3168.83	0.138153
3250.16	0.133819
3336.66	0.129443
3369.5	0.127447
3432.36	0.124373
3510.56	0.120722
3544.75	0.11901
3583.46	0.117151
3646.72	0.114397
3683.8	0.112769
3704.01	0.111788
3748.23	0.109962
3782.69	0.108546
3796.56	0.107899
3826.14	0.106704
3854.21	0.105597
3864.46	0.105168
3882.82	0.104452
3897.93	0.103864
3476.28	0.12219
3484.64	0.121725
3526	0.11976
3591.57	0.116824
3648.55	0.114316
3670.35	0.113282
3701.77	0.111897
3748	0.10997
3787.57	0.108325
3805.83	0.107555
3826.03	0.106705
3857.77	0.105446
3884.48	0.104399
3897.37	0.103895
3908.34	0.103453
3926.03	0.102774
3942.45	0.102154
3951.84	0.101801
3958.32	0.101548
3971.06	0.101074
3983.15	0.100627
3989.88	0.100379
3993.62	0.100237
4000.86	0.0999725
3616.27	0.115634
3663.75	0.11354
3711.36	0.111491
3754.49	0.109666
3792.43	0.108087
3825.9	0.106723
3853.98	0.10559
3878.3	0.104627
3899.76	0.103791
3917.33	0.10311
3931.54	0.10257
3938	0.102315
3949.72	0.101873
3963.7	0.10135
3976.52	0.100872
3988.51	0.100428
4000.11	0.100001
4010.81	0.099609
4021.91	0.0992066
4032.21	0.0988351
