2806.68	0.320879
2816.62	0.339364
2837	0.344298
2867.36	0.346425
2906.36	0.347685
2952.15	0.348476
3002.94	0.348971
3057.19	0.349276
3113.66	0.349462
3171.41	0.349578
3229.71	0.349657
3288	0.349725
3345.79	0.349801
3402.54	0.349901
3457.56	0.350039
3509.89	0.349781
3560.36	0.350115
3609.12	0.350502
3655.89	0.350933
3700.26	0.351256
3742.1	0.351563
3781.72	0.352081
3819.44	0.352627
3855.47	0.35313
3889.98	0.353554
3922.97	0.353871
3953.98	0.354068
3980.36	0.351433
4005.93	0.351523
4030.18	0.351536
4053.09	0.351313
4074.61	0.350817
4094.67	0.350013
4113.4	0.348866
4131.02	0.347341
4147.84	0.345428
4164.26	0.343156
4179.96	0.340498
4194.82	0.337498
4208.82	0.334218
4221.97	0.330739
4234.27	0.327138
4245.73	0.323473
4256.33	0.319752
4266	0.315928
4274.59	0.311893
4281.95	0.307454
4287.87	0.302301
4291.94	0.296129
4293.98	0.291267
2795.23	0.326992
2805.22	0.349638
2826.06	0.359468
2857.7	0.366161
2898.41	0.371381
2945.89	0.375365
2998.11	0.378313
3053.47	0.380401
3110.79	0.381819
3169.15	0.382743
3227.92	0.383317
3286.61	0.383645
3344.83	0.383784
3402.23	0.383724
3458.09	0.383375
3509.56	0.380247
3559.82	0.380213
3608.82	0.380438
3655.91	0.380633
3700.38	0.380278
3741.9	0.379789
3781.18	0.380342
3818.64	0.381305
3854.5	0.382567
3888.97	0.38406
3922.41	0.385648
3956.03	0.386772
3978.62	0.375133
4004.7	0.372332
4028.98	0.372966
4051.92	0.37353
4073.51	0.373758
4093.42	0.373478
4111.93	0.372807
4129.22	0.371648
4145.65	0.370007
4162.35	0.367964
4178.16	0.36436
4193.02	0.359399
4206.98	0.353373
4220.08	0.346603
4232.34	0.339442
4243.79	0.332477
4254.41	0.326204
4264.14	0.320798
4272.84	0.316095
4280.34	0.311734
4286.38	0.307258
4290.65	0.302163
4292.82	0.297582
2772.43	0.333385
2782.12	0.361699
2803.5	0.377816
2838.08	0.390204
2882.73	0.400609
2933.81	0.410163
2988.97	0.417536
3046.56	0.423026
3105.51	0.42698
3165.06	0.429758
3224.69	0.43167
3284.06	0.43295
3343.02	0.433724
3401.67	0.433938
3461.08	0.433078
3508.56	0.419614
3558.6	0.419346
3608.4	0.419356
3656.49	0.418758
3701.31	0.416274
3741.77	0.412732
3780.29	0.412425
3817.24	0.413003
3852.7	0.414151
3886.73	0.415747
3919.42	0.417813
3950.82	0.420707
3979.34	0.426674
4002.86	0.416737
4026.75	0.412698
4049.75	0.414564
4071.78	0.416276
4091.26	0.415176
4109.42	0.415859
4126.04	0.416767
4140.95	0.418691
4159.11	0.423324
4175.07	0.422493
4189.87	0.417756
4203.69	0.408539
4216.65	0.394312
4228.75	0.377373
4240.08	0.360094
4250.69	0.344737
4260.51	0.332549
4269.41	0.323852
4277.18	0.317942
4283.6	0.313604
4288.16	0.309698
4290.53	0.306075
2738.64	0.338601
2746.52	0.374041
2766.94	0.397479
2807.55	0.416338
2859.27	0.431286
2916.43	0.442212
2976.19	0.449717
3037.12	0.454569
3098.42	0.457501
3159.62	0.459107
3220.41	0.459823
3280.59	0.459948
3340.08	0.459684
3398.89	0.459182
3457.1	0.458635
3503.39	0.4571
3555.98	0.456224
3607.99	0.456447
3658.61	0.455174
3704.83	0.450972
3741.75	0.448837
3779.07	0.44768
3815.37	0.447563
3850.35	0.448184
3883.85	0.449546
3915.69	0.45194
3946.45	0.455929
3975.09	0.461867
4000.12	0.469925
4025.05	0.474229
4047.32	0.476083
4072.12	0.481603
4089.45	0.471176
4107.64	0.473466
4124.51	0.478737
4140.47	0.482624
4156.61	0.480635
4171.9	0.482262
4186.62	0.483818
4200.31	0.482779
4212.94	0.477092
4224.52	0.463515
4235.31	0.438954
4245.56	0.402399
4255.35	0.366149
4264.42	0.341357
4272.52	0.327734
4279.73	0.321564
4284.8	0.317526
4287.4	0.31437
2695.72	0.338567
2697.6	0.382027
2708.71	0.421205
2764.74	0.442909
2829.48	0.457977
2895.52	0.467719
2961.25	0.4737
3026.24	0.477232
3090.31	0.479242
3153.4	0.480336
3215.47	0.480892
3276.49	0.481149
3336.44	0.481272
3395.25	0.481401
3452.78	0.48172
3508.64	0.482551
3552.39	0.481033
3607.42	0.481522
3663.56	0.480841
3705.2	0.488246
3741.21	0.482928
3777.88	0.482474
3813.86	0.482686
3848.62	0.483238
3881.84	0.484152
3911.96	0.485554
3943.5	0.488196
3972.15	0.492377
3998.47	0.496897
4023.54	0.499951
4047.62	0.502798
4067.2	0.501308
4088.2	0.505531
4105.43	0.506197
4122.26	0.509527
4138.29	0.511349
4153.53	0.511455
4168.05	0.513344
4183.32	0.518545
4197.19	0.523603
4209.89	0.528717
4221.14	0.533069
4231.42	0.533816
4240.7	0.520333
4249.51	0.472042
4258.24	0.38899
4266.17	0.345247
4275.19	0.332821
4280.99	0.326748
4283.88	0.323114
2649.68	0.336315
2638.48	0.374611
2604.16	0.435317
2712.18	0.46659
2797.36	0.477532
2873.85	0.483121
2945.94	0.485696
3015.12	0.486689
3081.98	0.486913
3146.92	0.486809
3210.24	0.486604
3272.08	0.486414
3332.48	0.4863
3391.38	0.486307
3448.57	0.486477
3503.58	0.486868
3555.35	0.487564
3604.03	0.488078
3653.5	0.489059
3697.7	0.491699
3737.79	0.493806
3775.95	0.496758
3812.49	0.499715
3847.45	0.502708
3880.97	0.505772
3913.7	0.50868
3941.64	0.507983
3969.77	0.510888
3996.32	0.513924
4021.26	0.516638
4044.72	0.519354
4066.66	0.522594
4085.05	0.522599
4102.72	0.524745
4119.68	0.528427
4135.61	0.532431
4152.96	0.537097
4165.13	0.539675
4179.87	0.544831
4193.75	0.550171
4206.97	0.556258
4217.79	0.564372
4228.33	0.575906
4237.44	0.586387
4245.76	0.585767
4253.11	0.55189
4262.47	0.409762
4271.32	0.350867
4277.31	0.337535
4280.38	0.332152
2613.76	0.332946
2601.6	0.363289
2573.67	0.454535
2680.67	0.484222
2772.55	0.487347
2855.28	0.487939
2932.23	0.487294
3004.98	0.486215
3074.15	0.485122
3140.6	0.484189
3204.96	0.483462
3267.53	0.482947
3328.4	0.482641
3387.54	0.482543
3444.8	0.482653
3500	0.482977
3553.08	0.483537
3598.08	0.484005
3646.9	0.484421
3692.49	0.485444
3734.5	0.48688
3773.84	0.488945
3810.93	0.491473
3845.94	0.494348
3879.14	0.497423
3910.73	0.500549
3940.1	0.503575
3968.33	0.507348
3995.03	0.511206
4019.67	0.515164
4042.62	0.519082
4063.98	0.522946
4083.4	0.526921
4101.22	0.531501
4116.18	0.535535
4135.29	0.540542
4149.44	0.543281
4163.14	0.54747
4176.14	0.553099
4189.48	0.55875
4204.24	0.567411
4216.55	0.578407
4226.75	0.592744
4235.31	0.615632
4243.12	0.643135
4250.5	0.633361
4259.36	0.466991
4267.99	0.367507
4273.92	0.346927
4277.17	0.339803
2589.02	0.327114
2579.71	0.350051
2560.97	0.467802
2662.54	0.492127
2755.29	0.491211
2840.94	0.489806
2921.21	0.488342
2996.86	0.48704
3067.45	0.486007
3134.76	0.48528
3199.79	0.484799
3262.93	0.484532
3324.26	0.484465
3383.73	0.484601
3441.22	0.48495
3496.63	0.485528
3550.06	0.486338
3602.06	0.487345
3641.53	0.48591
3688.83	0.486548
3731.81	0.488411
3771.93	0.490672
3809.39	0.493249
3844.2	0.496153
3876.85	0.499366
3907.95	0.502804
3937.69	0.506414
3966.44	0.510067
3993.82	0.513696
4017.88	0.51753
4040.23	0.521738
4061.41	0.526056
4081.54	0.530554
4098.8	0.533167
4115.92	0.536504
4131.97	0.537195
4147.19	0.537527
4162.33	0.540105
4175.64	0.545556
4190.31	0.553011
4204.01	0.563199
4215.82	0.577
4226.02	0.595696
4233.11	0.624438
4241.82	0.641569
4249.44	0.570388
4257.56	0.446092
4265.26	0.372737
4270.63	0.352552
4274.48	0.344947
2572.69	0.313721
2566.39	0.333134
2554.19	0.479633
2651.53	0.499774
2743.44	0.498303
2830.34	0.49703
2913.19	0.495977
2992.21	0.495031
3062.43	0.493487
3129.57	0.493056
3194.84	0.492902
3258.41	0.492933
3320.22	0.49312
3380.09	0.493459
3437.85	0.493964
3493.34	0.494662
3546.53	0.495592
3597.33	0.496817
3644.87	0.498602
3687.49	0.497428
3729.98	0.49916
3770.68	0.501204
3808.5	0.503401
3842.62	0.505712
3874.14	0.508879
3904.54	0.51263
3934.3	0.516712
3963.95	0.520817
3994.02	0.524467
4015.89	0.523244
4037.17	0.525968
4058.08	0.527425
4076.79	0.528159
4097.07	0.5293
4114.78	0.531861
4131.11	0.534172
4146.93	0.536775
4161.4	0.541224
4176.02	0.548708
4190.11	0.558235
4203.66	0.569935
4214.67	0.581069
4224.48	0.599294
4233.56	0.631692
4241.33	0.665482
4248.05	0.658324
4255.89	0.50636
4263.97	0.387388
4269.72	0.358518
4272.92	0.348388
2561.62	0.283637
2557.98	0.308907
2550.04	0.498771
2644.3	0.516357
2734.92	0.515221
2822.12	0.514505
2907.34	0.514005
2994.73	0.51317
3058.93	0.506679
3124.65	0.50543
3189.95	0.504957
3253.99	0.504676
3316.38	0.504455
3376.82	0.504287
3434.99	0.504191
3490.54	0.504216
3543.56	0.504433
3594.04	0.504899
3641.69	0.505675
3684.42	0.506708
3728.09	0.508302
3770.44	0.509832
3809.45	0.511603
3841.79	0.51119
3870.73	0.512284
3899.92	0.51488
3929.18	0.514929
3959.25	0.516757
3987.1	0.51831
4011.08	0.51784
4032.6	0.518314
4055.33	0.520547
4075.93	0.523639
4095.93	0.527256
4111.52	0.529849
4129.98	0.533623
4146.39	0.539061
4161.96	0.546133
4175	0.552581
4188.51	0.558677
4201.39	0.56739
4213.83	0.579595
4224.42	0.599318
4233.45	0.631948
4240.94	0.666168
4247.39	0.662599
4254.99	0.514783
4263.02	0.390891
4268.79	0.360241
4271.82	0.349439
2554.54	0.25303
2552.35	0.282037
2547.43	0.503523
2639.22	0.517805
2728.23	0.515489
2814.31	0.513201
2897.63	0.510961
2977.8	0.508671
3049.48	0.505917
3118.17	0.504622
3185.03	0.503611
3250.21	0.502781
3313.67	0.502137
3375.22	0.501711
3434.33	0.501546
3489.86	0.501802
3542.76	0.502284
3593.43	0.502999
3642.07	0.503959
3689.75	0.505112
3726.39	0.506056
3773.74	0.507951
3807.06	0.504757
3839.06	0.506324
3869.53	0.507999
3898.06	0.510196
3929.73	0.512738
3956.35	0.512997
3981.72	0.513987
4007.05	0.515446
4029.81	0.517684
4052.8	0.520525
4073.83	0.524381
4091.41	0.52786
4110.48	0.531957
4129.03	0.537021
4144.79	0.541808
4160.12	0.548226
4174.37	0.554266
4186.08	0.558619
4200.5	0.56687
4212.78	0.580722
4223.81	0.600141
4233	0.631731
4240.45	0.664912
4246.84	0.658064
4254.37	0.509044
4262.32	0.389031
4268.03	0.359688
4270.98	0.349049
2550.53	0.241316
2548.97	0.271389
2545.59	0.503911
2635.45	0.514755
2722.91	0.512219
2807.65	0.509714
2889.44	0.507322
2967.76	0.505045
3041.46	0.502897
3111.97	0.501196
3180.17	0.49977
3246.48	0.498591
3311.15	0.497657
3374.31	0.496984
3435.47	0.496631
3490.01	0.495178
3542.39	0.495605
3593.03	0.496327
3641.56	0.497281
3687.29	0.498437
3730.08	0.499682
3768.01	0.499156
3804.34	0.500175
3836.71	0.502771
3867.87	0.505746
3897.39	0.507498
3925.28	0.50912
3953.67	0.511794
3979.85	0.515215
4004.72	0.518963
4029.03	0.522947
4050.34	0.525324
4069.99	0.528441
4089.46	0.531025
4108.11	0.533296
4126.52	0.536069
4143.33	0.5367
4159.35	0.539852
4173.95	0.547501
4187.22	0.557641
4199.73	0.569164
4210.93	0.582552
4222.96	0.601036
4232.44	0.631329
4239.93	0.663296
4246.32	0.652008
4253.88	0.500783
4261.77	0.385712
4267.4	0.358265
4270.31	0.348125
2548.03	0.241576
2546.86	0.273534
2544.23	0.513753
2632.6	0.522279
2718.76	0.519974
2802.35	0.517904
2883.1	0.516159
2960.74	0.514783
3035.02	0.513805
3106.43	0.513105
3175.49	0.51258
3242.62	0.512183
3308.32	0.511872
3373.54	0.511544
3441.36	0.510859
3490.45	0.506591
3541.86	0.50623
3592.8	0.50618
3641.89	0.506169
3685.83	0.505659
3726.55	0.506459
3764.2	0.508132
3803.62	0.509924
3833.64	0.506966
3864.31	0.507504
3894.76	0.509585
3923.42	0.512068
3951.3	0.514805
3977.42	0.517975
4001.1	0.520546
4025.76	0.522615
4048.01	0.524759
4066.37	0.526384
4087.53	0.530029
4106.85	0.532021
4123.34	0.533286
4141.48	0.536887
4158	0.54137
4172.89	0.547297
4186.49	0.555608
4199	0.567729
4210.79	0.582259
4222.59	0.60028
4232.03	0.630164
4239.48	0.661414
4245.87	0.645901
4253.47	0.492764
4261.31	0.382446
4266.88	0.356739
4269.75	0.347146
2546.46	0.246945
2545.5	0.282069
2543.28	0.521907
2630.6	0.528485
2715.76	0.526013
2798.42	0.523716
2878.4	0.521649
2955.58	0.51981
3029.95	0.518177
3101.72	0.516705
3171.19	0.515373
3238.63	0.514178
3304.31	0.51313
3368.4	0.512237
3430.49	0.511528
3486.11	0.511184
3540.07	0.511508
3593.61	0.511823
3648.47	0.512043
3687.75	0.509118
3725.95	0.509382
3765.71	0.510087
3797.47	0.511587
3833.1	0.514432
3863.34	0.514156
3892.96	0.515015
3920.96	0.516209
3949.68	0.517847
3976.03	0.51956
4001.91	0.521892
4024.1	0.523474
4043.26	0.525143
4062.07	0.525554
4083.24	0.525072
4103.76	0.526393
4121.66	0.528751
4140.71	0.53245
4157.46	0.538139
4172.32	0.545833
4185.37	0.556093
4196.99	0.56785
4210.96	0.580601
4222.5	0.598122
4231.77	0.628235
4239.11	0.65934
4245.47	0.64044
4253.09	0.485953
4260.9	0.37969
4266.43	0.355391
4269.26	0.34628
2545.52	0.252404
2544.69	0.288537
2542.75	0.520318
2629.44	0.525552
2713.89	0.52309
2795.77	0.520717
2875.07	0.518485
2951.8	0.516402
3026	0.514481
3097.81	0.512738
3167.37	0.511186
3234.81	0.509834
3300.23	0.508682
3363.56	0.507717
3424.39	0.506915
3481.73	0.506264
3536.97	0.506004
3591.31	0.506019
3646.87	0.506188
3685	0.502114
3721.63	0.502861
3761.43	0.504357
3802	0.505892
3829.92	0.503471
3860.03	0.502951
3891.95	0.505259
3922.88	0.508595
3949.92	0.509879
3975.61	0.513725
4000.63	0.517073
4020.14	0.517703
4040.77	0.518112
4062.34	0.52022
4082.64	0.523423
4101.37	0.527222
4122.37	0.531597
4140.29	0.53323
4156.88	0.5383
4171.59	0.544906
4183.76	0.554483
4198.53	0.564974
4211.55	0.578192
4222.62	0.595518
4231.62	0.625939
4238.8	0.657248
4245.1	0.635819
4252.74	0.480432
4260.51	0.377463
4266	0.354266
4268.81	0.345555
2545.1	0.25655
2544.36	0.292243
2542.61	0.508532
2629.22	0.512909
2713.2	0.510876
2794.31	0.508883
2872.88	0.506856
2949.07	0.504911
3022.96	0.503078
3094.6	0.501395
3164.07	0.499887
3231.39	0.498568
3296.54	0.497435
3359.51	0.496466
3420.02	0.495646
3477.69	0.495
3532.95	0.494661
3585.88	0.49455
3636.2	0.494344
3682.23	0.493015
3712.28	0.491687
3754.48	0.491501
3792.4	0.491965
3824	0.491534
3857.94	0.493173
3889.97	0.496525
3921.38	0.499984
3951.42	0.50357
3974.78	0.504699
3996.53	0.507652
4019.64	0.507997
4041.53	0.511888
4062.91	0.515564
4083.45	0.518912
4103.2	0.522168
4122.88	0.525541
4141.12	0.529642
4157.5	0.535142
4172.56	0.542259
4186.31	0.551416
4199.82	0.562268
4212.09	0.575876
4222.72	0.593102
4231.45	0.623694
4238.47	0.655305
4244.71	0.631827
4252.36	0.475828
4260.11	0.375616
4265.57	0.353311
4268.37	0.344938
2545.1	0.261443
2544.46	0.296436
2542.91	0.496745
2630.24	0.500165
2713.96	0.498304
2793.94	0.496679
2871.59	0.495071
2947.09	0.493478
3020.58	0.491976
3091.95	0.490615
3161.25	0.489422
3228.42	0.488418
3293.28	0.487617
3356.1	0.487003
3416.67	0.486603
3474.18	0.486488
3529.36	0.486656
3581.12	0.487141
3627.86	0.487155
3672.25	0.487285
3711.69	0.487948
3749.74	0.487257
3787.07	0.488918
3821.92	0.490583
3855.67	0.492815
3886.52	0.495615
3919.19	0.499054
3950.25	0.50269
3973.89	0.503139
3994.73	0.505026
4018.43	0.508967
4040.9	0.512847
4062.47	0.516225
4083.21	0.519238
4103.26	0.522166
4122.94	0.525347
4141.91	0.529201
4157.53	0.533994
4172.89	0.540855
4187.15	0.549527
4200.38	0.560321
4212.28	0.574032
4222.62	0.591193
4231.16	0.621815
4238.05	0.653634
4244.26	0.628081
4251.94	0.471567
4259.69	0.373963
4265.13	0.352456
4267.92	0.344387
2545.42	0.269906
2544.97	0.310008
2543.77	0.494035
2633.45	0.495962
2717.01	0.493104
2794.45	0.490572
2870.93	0.48909
2945.55	0.487719
3018.73	0.486461
3089.7	0.485363
3158.83	0.484442
3225.98	0.483712
3290.25	0.483212
3353.08	0.482906
3414.47	0.482794
3471.08	0.481548
3527.23	0.481264
3574.8	0.480802
3622.98	0.481394
3667.06	0.482618
3707.72	0.48434
3746.14	0.486634
3783.73	0.489435
3819.43	0.492562
3853.63	0.495963
3886.8	0.499483
3916.57	0.50074
3946.56	0.503506
3968.51	0.504714
3991.95	0.507378
4016.54	0.510763
4039.32	0.514334
4061.05	0.517474
4081.84	0.520337
4101.87	0.523235
4121.86	0.526452
4141.95	0.530241
4155.91	0.533856
4172.39	0.540042
4187.04	0.548365
4200.28	0.559049
4212.05	0.572778
4222.25	0.58991
4230.66	0.620495
4237.49	0.65231
4243.7	0.624149
4251.45	0.467168
4259.21	0.372355
4264.65	0.351638
4267.44	0.343868
2545.83	0.280903
2545.59	0.338658
2545.17	0.503604
2641.33	0.503878
2724.78	0.500365
2794.47	0.496355
2870.63	0.494379
2943.91	0.492879
3017.45	0.491751
3087.61	0.490738
3156.66	0.490045
3224.66	0.489527
3286.84	0.488252
3349.63	0.488038
3407.11	0.487915
3469	0.488613
3531.16	0.488976
3574.83	0.4826
3620.22	0.483026
3663.31	0.48389
3704.01	0.485171
3741.38	0.486716
3780.3	0.489145
3816.44	0.491946
3850.63	0.494961
3882.93	0.498126
3912.75	0.501449
3941.11	0.505144
3966.49	0.508858
3992.42	0.512609
4014.59	0.513684
4036.96	0.516426
4058.78	0.518625
4079.44	0.520733
4098.72	0.523246
4118.81	0.526303
4138.77	0.529961
4156.75	0.534888
4171.77	0.539431
4186.37	0.547747
4199.67	0.558378
4211.42	0.572097
4221.56	0.589247
4229.92	0.619886
4236.74	0.651402
4243.03	0.619721
4250.88	0.462331
4258.68	0.37072
4264.14	0.350829
4266.93	0.343365
2546.04	0.279989
2545.72	0.323846
2544.69	0.505428
2636.35	0.506747
2720.55	0.504298
2800.17	0.502308
2871.82	0.499399
2940.51	0.497173
3018.02	0.494817
3085.04	0.492614
3153.89	0.49142
3216.64	0.490169
3283.43	0.489272
3346.2	0.488749
3405.8	0.488513
3464.7	0.488467
3521.27	0.488583
3571.34	0.489006
3619.04	0.490446
3661.15	0.491113
3701.16	0.493406
3741.22	0.495999
3777.63	0.495801
3813.41	0.497943
3847.52	0.500181
3879.54	0.502497
3908.45	0.505051
3932.82	0.507416
3962.07	0.509338
3988.39	0.511437
4012.31	0.51346
4033.82	0.515842
4056.57	0.517916
4077.29	0.520463
4096.68	0.523231
4114.06	0.526124
4135.66	0.529308
4154.39	0.533751
4170.01	0.540222
4185.04	0.547713
4198.62	0.558187
4210.44	0.571927
4220.55	0.589244
4228.88	0.620244
4235.79	0.651017
4242.22	0.614717
4250.24	0.457122
4258.11	0.369094
4263.59	0.350052
4266.4	0.342893
2546.08	0.28784
2545.85	0.340686
2544.99	0.515218
2637.42	0.515999
2719.53	0.513409
2799.88	0.511248
2871.82	0.50993
2947.29	0.508323
3011.95	0.506865
3081.03	0.506444
3151.74	0.505824
3217.62	0.505004
3282.25	0.503966
3344.16	0.503385
3403.36	0.50326
3460.83	0.503472
3515.95	0.504305
3568.36	0.505897
3621.57	0.506966
3659.22	0.504064
3696.37	0.50544
3736.99	0.507917
3774.71	0.510662
3811.08	0.51347
3845.83	0.51607
3879.26	0.517455
3905.45	0.515938
3932.8	0.518027
3960.22	0.519461
3986.21	0.521532
4010.71	0.523682
4034.23	0.52555
4054.55	0.525796
4074.65	0.527364
4092.68	0.529563
4114.28	0.530795
4133.51	0.53276
4153.19	0.536666
4170.82	0.542961
4183.18	0.548882
4197.34	0.558558
4209.19	0.572376
4219.21	0.590163
4227.45	0.622295
4234.65	0.651349
4241.33	0.609608
4249.55	0.452153
4257.5	0.367656
4263.02	0.349388
4265.84	0.342503
2545.85	0.299798
2545.82	0.378927
2546.28	0.516455
2647.42	0.515618
2718.98	0.514233
2790.5	0.512598
2869.18	0.511066
2944.49	0.509335
3016.07	0.507826
3089.1	0.506613
3152.93	0.505877
3218.32	0.505637
3282.21	0.505572
3343.25	0.505139
3401.01	0.504893
3457.63	0.504775
3511.65	0.504863
3562.88	0.505174
3611.81	0.505613
3655.14	0.506241
3697	0.507849
3733.94	0.506993
3771.46	0.507739
3806.19	0.508196
3841.3	0.508996
3873.91	0.509854
3903.4	0.510752
3930.71	0.513094
3958.82	0.515579
3984.68	0.518381
4009.05	0.521042
4031.89	0.523577
4052.95	0.526143
4074.02	0.529022
4093.98	0.532478
4114.49	0.536481
4134.7	0.541446
4152.08	0.543074
4168.85	0.549044
4183.83	0.556972
4196.32	0.565119
4207.78	0.57756
4217.54	0.594696
4225.24	0.626426
4233.46	0.652182
4240.47	0.605876
4248.86	0.448751
4256.89	0.366711
4262.44	0.348967
4265.28	0.342268
2545.12	0.286926
2544.83	0.341638
2543.9	0.508395
2633.92	0.509362
2714.12	0.506054
2791.22	0.503707
2868.51	0.502082
2944.01	0.500498
3017.27	0.499132
3088.88	0.498078
3156.57	0.497273
3222.14	0.496907
3283.44	0.496602
3344.01	0.496635
3398.15	0.497096
3455.36	0.497663
3508.43	0.497865
3557.94	0.497644
3605.92	0.497314
3650.81	0.496488
3691.69	0.4959
3731.11	0.496459
3768.55	0.498177
3804.25	0.500155
3838.81	0.502602
3871.55	0.505187
3901.98	0.508107
3931.88	0.511214
3957.83	0.512497
3982.86	0.514615
4007.14	0.516474
4029.59	0.518152
4049.6	0.520024
4072.74	0.521306
4092.96	0.523565
4113.18	0.526422
4133.08	0.529783
4151.14	0.533934
4167.95	0.540003
4182.92	0.548032
4195.38	0.559163
4207.17	0.571967
4217.36	0.589302
4225.71	0.621241
4233	0.650212
4239.82	0.605387
4248.23	0.448059
4256.29	0.366352
4261.88	0.34877
4264.73	0.342156
2544.29	0.273097
2543.8	0.310058
2542.41	0.50177
2628.86	0.50421
2711	0.501749
2790.34	0.49965
2868.15	0.497874
2944.24	0.496292
3018.51	0.494885
3090.97	0.493622
3160.7	0.492484
3225.01	0.491391
3286.65	0.49104
3347.58	0.490955
3402.85	0.488798
3455.45	0.487477
3504.59	0.486288
3555.89	0.484909
3602.97	0.485745
3647.51	0.48677
3688.73	0.488197
3728.32	0.490114
3765.48	0.49243
3801.5	0.494918
3836.22	0.497615
3869.57	0.500449
3899.2	0.501347
3928.78	0.503123
3956.07	0.504467
3982.76	0.506554
4007.64	0.510046
4030.78	0.513415
4052.46	0.51657
4073.94	0.519415
4093.76	0.522438
4110.28	0.526097
4131.34	0.529923
4149.47	0.534959
4166.89	0.541308
4182.47	0.54954
4196.49	0.560047
4206.16	0.571039
4216.88	0.587142
4225.44	0.61755
4232.51	0.648123
4239.23	0.604048
4247.66	0.446396
4255.74	0.365349
4261.34	0.348103
4264.2	0.341671
2543.62	0.266904
2543.05	0.301285
2541.62	0.505347
2626.73	0.508191
2709.3	0.506014
2789.57	0.503975
2868	0.502067
2944.73	0.500289
3019.94	0.498646
3094.14	0.497142
3168.56	0.495753
3228.89	0.491954
3288.84	0.490615
3346.39	0.489145
3404.19	0.48783
3458.01	0.487429
3510.59	0.487643
3556.08	0.486538
3600.61	0.486783
3645.56	0.486668
3685.45	0.488346
3725.97	0.490635
3761.57	0.491006
3798.09	0.492773
3833.02	0.494188
3864.16	0.49548
3896.79	0.49757
3927.04	0.500565
3955.44	0.503802
3982.51	0.507129
4007.99	0.510404
4031.58	0.513564
4053.72	0.516715
4074.98	0.519845
4094.21	0.521598
4112.58	0.524579
4130.65	0.528272
4146.59	0.533557
4165.71	0.539414
4181.64	0.547072
4195.39	0.557225
4207.01	0.570419
4216.45	0.584477
4224.82	0.614479
4231.82	0.645401
4238.63	0.596528
4247.16	0.438513
4255.21	0.361771
4260.84	0.345855
4263.72	0.340025
2543.19	0.266102
2542.62	0.302621
2541.24	0.512922
2625.85	0.515719
2708.54	0.513411
2789.24	0.511218
2868.09	0.509147
2945.21	0.507211
3020.81	0.505442
3095.39	0.503844
3170.34	0.5024
3230.86	0.500579
3291.61	0.499986
3350.83	0.49939
3407.71	0.498804
3459.99	0.498274
3510.21	0.49847
3557.71	0.499131
3605.37	0.499947
3646.72	0.500389
3679.6	0.496904
3719.74	0.497016
3758.62	0.498472
3795.26	0.499973
3830.03	0.501649
3862.88	0.503615
3894.75	0.505385
3925.16	0.5075
3954.19	0.509671
3981.97	0.511744
4008.35	0.513701
4031.99	0.513905
4054.04	0.515361
4074.03	0.51715
4094.62	0.519139
4113.7	0.522011
4131.81	0.525466
4148.85	0.529901
4165.76	0.535349
4181.02	0.542924
4194.45	0.552847
4205.9	0.565939
4215.14	0.583304
4223.74	0.610497
4230.92	0.637368
4238.09	0.572821
4246.76	0.417696
4254.62	0.353993
4260.35	0.341091
4263.29	0.336506
2542.99	0.266907
2542.45	0.305148
2541.12	0.51405
2625.65	0.516856
2708.46	0.514673
2789.41	0.512622
2868.5	0.510741
2945.73	0.509038
3021.13	0.507511
3094.62	0.506155
3165.63	0.504983
3231.07	0.504215
3294.33	0.503637
3355.97	0.503376
3414.2	0.503672
3462.39	0.502423
3510.88	0.50328
3557.48	0.504098
3599.61	0.504949
3642.5	0.506762
3680.86	0.508721
3719.5	0.510068
3757.26	0.511477
3793.49	0.51336
3828.16	0.515521
3861.27	0.517862
3893.06	0.520197
3923.54	0.522686
3953.03	0.525206
3981.81	0.527503
4011.15	0.529147
4032.97	0.526188
4054.19	0.527444
4074.67	0.529376
4094.69	0.531452
4113.88	0.533826
4132.12	0.536637
4149.28	0.540219
4165.44	0.544555
4180.23	0.549956
4193.44	0.556763
4205.03	0.564727
4215.22	0.571701
4222.46	0.570846
4230.29	0.541933
4238.19	0.454856
4246.46	0.372157
4253.55	0.343174
4259.88	0.334694
4262.92	0.331536
2542.99	0.267754
2542.46	0.306342
2541.18	0.51079
2625.85	0.51344
2708.86	0.511225
2790.03	0.509107
2869.29	0.507129
2946.57	0.505306
3021.79	0.503651
3094.7	0.502181
3164.88	0.500931
3231.85	0.499901
3297.01	0.499123
3362.84	0.498548
3413.16	0.494929
3465.71	0.494707
3512.68	0.493732
3557.75	0.494559
3600.14	0.495767
3641.19	0.497324
3680.24	0.498712
3718.53	0.500308
3755.8	0.501859
3791.66	0.503359
3826.19	0.504818
3859.35	0.506283
3891.07	0.507799
3921.3	0.50932
3950.95	0.510641
3979.47	0.511917
4006.92	0.512881
4031.81	0.51253
4053.67	0.514515
4074.35	0.516943
4094.37	0.519442
4113.89	0.522125
4132.43	0.525594
4149.62	0.530126
4165.6	0.536041
4180.25	0.543802
4193.38	0.553916
4204.91	0.566935
4214.86	0.58288
4223.08	0.604879
4229.74	0.614894
4237.5	0.514208
4246.62	0.377723
4254.27	0.338905
4259.82	0.330727
4262.66	0.328057
2543.16	0.268582
2542.64	0.30788
2541.33	0.51848
2626.35	0.521143
2709.67	0.518847
2791.08	0.516679
2870.5	0.514677
2947.88	0.512849
3023.1	0.511203
3095.84	0.509753
3165.64	0.508515
3232.7	0.507496
3297.21	0.506693
3358.32	0.506121
3414.44	0.506401
3472.82	0.506244
3514.61	0.501729
3558.89	0.501953
3600.21	0.501956
3640.08	0.502413
3678.54	0.503159
3716.75	0.504004
3753.88	0.50493
3789.29	0.505986
3823.73	0.507193
3856.97	0.508524
3888.68	0.510014
3917.71	0.511789
3948.1	0.513673
3976.25	0.516053
4003.35	0.518601
4031.75	0.52105
4052.46	0.519064
4072.82	0.520376
4092.68	0.522132
4112.98	0.523955
4132.18	0.52631
4149.21	0.529725
4165.15	0.533067
4179.8	0.54036
4192.94	0.549972
4204.47	0.562475
4214.36	0.578582
4222.5	0.602445
4229.25	0.602233
4237.28	0.50905
4246.62	0.374452
4254.29	0.337615
4259.58	0.329363
4262.28	0.326554
2543.51	0.268793
2542.97	0.307159
2541.65	0.518092
2627.26	0.520734
2711.02	0.518388
2792.7	0.516168
2872.28	0.514114
2949.85	0.51223
3025.37	0.510522
3098.34	0.508994
3167.57	0.507663
3234.47	0.506567
3299.17	0.505669
3357.16	0.50492
3411.79	0.504767
3464.7	0.504748
3512.92	0.504802
3562.92	0.505393
3600.84	0.504042
3639.4	0.504818
3675.42	0.506039
3714.83	0.507907
3752.81	0.509505
3786.64	0.509222
3821.31	0.510757
3855.12	0.512278
3887.41	0.513862
3918.6	0.515497
3945.69	0.51525
3972.32	0.516791
3996.67	0.518506
4025.09	0.519617
4048.87	0.520793
4070.14	0.523056
4088.53	0.525992
4111.81	0.529216
4132.17	0.532446
4151.04	0.536023
4164.01	0.538906
4178.88	0.544531
4192.11	0.551128
4203.7	0.558204
4213.65	0.562228
4222.23	0.54773
4230.44	0.482382
4237.81	0.396048
4246.66	0.347915
4253.93	0.332927
4259.03	0.32816
4261.62	0.326059
2544.04	0.269033
2543.5	0.306233
2542.14	0.518011
2628.67	0.520676
2713.07	0.518376
2794.98	0.516262
2874.59	0.514335
2952.33	0.51257
3028.59	0.510965
3102.99	0.509597
3170.18	0.508959
3236.79	0.508152
3306.2	0.507187
3357.73	0.503003
3409.24	0.502203
3459.61	0.501792
3507.78	0.501393
3554.46	0.501135
3597.11	0.500694
3637.94	0.501091
3677.94	0.501861
3712.64	0.50119
3746.35	0.501034
3784.67	0.499815
3818.82	0.500592
3853.93	0.502048
3886.29	0.504304
3916.62	0.506783
3945.04	0.509108
3972.07	0.511892
3997.86	0.514596
4023.65	0.51696
4047.65	0.519042
4069.83	0.521241
4090.66	0.5237
4111.79	0.526406
4131.85	0.529748
4148.16	0.53316
4163.89	0.53868
4178.77	0.546029
4192.27	0.556142
4204.08	0.569419
4214.19	0.586123
4222.56	0.61419
4229.85	0.613341
4238.14	0.482544
4246.54	0.372397
4254.28	0.337778
4259.63	0.329782
4262.34	0.327021
2544.77	0.270268
2544.25	0.307125
2542.89	0.514076
2630.86	0.516575
2716.21	0.514179
2798.12	0.511913
2877.3	0.50984
2954.76	0.507953
3032.08	0.506248
3113.26	0.504651
3171.84	0.499722
3234.64	0.498653
3297.14	0.497264
3354.62	0.494826
3406.54	0.492978
3456.2	0.492308
3503.34	0.49178
3550.54	0.491363
3594.57	0.491929
3636.18	0.493199
3676.54	0.4949
3711.08	0.496066
3744.26	0.498423
3784.12	0.500132
3820.82	0.502568
3853.52	0.503382
3885.27	0.505276
3914.62	0.507232
3943.88	0.509538
3971.21	0.512602
3997.21	0.515476
4022.19	0.518083
4046.45	0.520515
4069.06	0.523061
4090.66	0.525943
4110.97	0.528926
4131.18	0.532666
4145.84	0.534855
4164.98	0.539598
4178.09	0.544385
4192.19	0.553637
4204.26	0.566091
4214.54	0.582017
4223.03	0.607894
4230.08	0.625143
4237.38	0.534188
4245.49	0.378695
4254.26	0.341301
4259.97	0.332434
4262.81	0.329377
2545.69	0.273681
2545.23	0.314511
2543.97	0.514783
2634.27	0.516962
2721.33	0.514666
2802.55	0.512623
2880.19	0.511021
2955.76	0.509565
3029.94	0.508171
3102.38	0.506959
3167.46	0.506305
3231.05	0.506135
3294.07	0.506097
3358.48	0.506136
3405.67	0.501316
3454.36	0.501266
3502.99	0.50175
3547.92	0.500747
3592.56	0.501325
3633.75	0.501656
3672.44	0.502583
3710.59	0.502785
3747.94	0.50368
3784.77	0.504828
3820.3	0.506327
3853.8	0.508116
3885.56	0.510058
3915.09	0.512243
3942.78	0.513243
3969.84	0.515609
3995.77	0.517602
4019.64	0.519669
4045.12	0.521876
4067.5	0.523366
4088.66	0.525201
4109.98	0.527671
4129.78	0.531798
4148.58	0.537096
4163.58	0.540753
4178.26	0.547167
4192.13	0.555702
4204.23	0.568892
4214.58	0.58553
4223.26	0.61434
4230.37	0.640413
4237.44	0.569131
4246.23	0.407
4254.56	0.349506
4260.27	0.337351
4263.16	0.333186
2546.72	0.278226
2546.35	0.32759
2545.39	0.515433
2639.44	0.516653
2730.8	0.513812
2809.09	0.509726
2883.7	0.507479
2956.64	0.505842
3027.97	0.504587
3097.29	0.50349
3163.03	0.502457
3226.43	0.501693
3287.93	0.501086
3347.1	0.500511
3400	0.499601
3450.73	0.500172
3500.18	0.501058
3546.07	0.501678
3588.78	0.502993
3633.69	0.50437
3675.15	0.505974
3714.85	0.507692
3750.47	0.508589
3785.53	0.510289
3821.04	0.511779
3854.92	0.513309
3886.98	0.514884
3916.77	0.516505
3942.33	0.51804
3968.46	0.520248
3994.18	0.520462
4021.08	0.521823
4043.48	0.522448
4066.17	0.524571
4085.41	0.527436
4108.63	0.530539
4127.44	0.535363
4148.06	0.540993
4165.89	0.548382
4179.81	0.554671
4191.85	0.559528
4203.97	0.572885
4214.2	0.590947
4223.29	0.621495
4230.69	0.650425
4237.68	0.59765
4246.46	0.434337
4254.81	0.358535
4260.57	0.342735
4263.5	0.337055
2547.71	0.27833
2547.38	0.335307
2546.75	0.522736
2645.63	0.523236
2751.75	0.520585
2817.85	0.514862
2887.41	0.512543
2957.6	0.510751
3026.43	0.509126
3094.17	0.507803
3159.31	0.506748
3222.02	0.505948
3282.38	0.505414
3340.26	0.505202
3394.77	0.505418
3446.65	0.505703
3495.01	0.506231
3544.53	0.507021
3591.37	0.507734
3635.27	0.508109
3677.82	0.509239
3720.12	0.510554
3752.84	0.508418
3783.83	0.510598
3822.47	0.512222
3857.11	0.514545
3890.28	0.517131
3918.72	0.518318
3944.9	0.518595
3970.06	0.520677
3996.96	0.522714
4018.82	0.524666
4044.88	0.526048
4068.11	0.527968
4089.32	0.530421
4109.77	0.533516
4128.46	0.537993
4148.34	0.543103
4165.66	0.550332
4181.11	0.560317
4192.4	0.570178
4203.62	0.578347
4212.81	0.59818
4223.23	0.627621
4231.05	0.655918
4238.08	0.614328
4246.73	0.452555
4255.11	0.366016
4260.93	0.347403
4263.89	0.340465
2548.52	0.264558
2547.95	0.30229
2546.6	0.520985
2642.62	0.523331
2736.32	0.520815
2818.86	0.518443
2888.33	0.515702
2958.73	0.514087
3024.71	0.512312
3093.18	0.510834
3157.57	0.509943
3219.44	0.509452
3278.91	0.509184
3336.9	0.50916
3390.36	0.509467
3444	0.51013
3494.88	0.510907
3545.25	0.511647
3596.68	0.512411
3637.16	0.510119
3679.54	0.511139
3722.15	0.512338
3757.52	0.512164
3792.27	0.512836
3826.01	0.511861
3858.94	0.512486
3888.83	0.513815
3917.87	0.515258
3947.83	0.517461
3974.83	0.52018
4000.73	0.522762
4024.77	0.525327
4048.75	0.527683
4071.45	0.530389
4092.74	0.533602
4112.35	0.537536
4131.04	0.543191
4149.21	0.5503
4165.29	0.554761
4180.84	0.563023
4194.34	0.573869
4204.07	0.58172
4214.6	0.599075
4223.96	0.629977
4231.66	0.659128
4238.65	0.623701
4247.19	0.463555
4255.58	0.371154
4261.42	0.350741
4264.41	0.342992
2549.48	0.251058
2548.56	0.284789
2546.43	0.520184
2640.19	0.525794
2730.37	0.523413
2813.73	0.521309
2889.29	0.519484
2961.68	0.517763
3031.86	0.516208
3094.74	0.514227
3156.81	0.513065
3216.3	0.511866
3277.57	0.510875
3335.12	0.510685
3389.15	0.510884
3442.44	0.511294
3493.56	0.511885
3543.12	0.512651
3592.04	0.513544
3634.21	0.513653
3679.06	0.515212
3726.58	0.516351
3761.2	0.516198
3795.97	0.517972
3831.32	0.51765
3862.45	0.516702
3893.93	0.517992
3923.14	0.520158
3951.81	0.522501
3978.81	0.524793
4004.52	0.527016
4028.96	0.52916
4052.07	0.531193
4074.35	0.534098
4096	0.537734
4113.96	0.538709
4132.24	0.542333
4146.3	0.546246
4165.6	0.550588
4181.6	0.559015
4195.16	0.570729
4206.2	0.586564
4215.46	0.604099
4224.53	0.632817
4232.35	0.661873
4239.38	0.62945
4247.86	0.470158
4256.24	0.374272
4262.1	0.352747
4265.1	0.34453
2550.98	0.242231
2549.68	0.273724
2546.76	0.51919
2639.75	0.528492
2729.63	0.526085
2814.92	0.523838
2892.01	0.521942
2965.41	0.52039
3029.88	0.519086
3093.62	0.518199
3158.95	0.517515
3222.95	0.516735
3278.32	0.515742
3335.22	0.515546
3387.01	0.515627
3441.33	0.516367
3492.05	0.5168
3539.85	0.51742
3584.41	0.518458
3626.79	0.52018
3674.04	0.521785
3720.16	0.523015
3761.04	0.524828
3800.21	0.52587
3840.62	0.527351
3870.84	0.521771
3899.43	0.522807
3927.1	0.524969
3955.64	0.527246
3982.27	0.529747
4007.77	0.532501
4032.67	0.535286
4054.42	0.535357
4076.04	0.537362
4095.61	0.539958
4114.63	0.54305
4131.6	0.547323
4149.72	0.551811
4167.14	0.55842
4182.73	0.567127
4196.44	0.578432
4208.61	0.592554
4217.45	0.611895
4224.53	0.638038
4233.12	0.664638
4240.3	0.633589
4248.76	0.474222
4257.13	0.375793
4262.98	0.353607
4265.98	0.345162
2553.48	0.240853
2551.66	0.270565
2547.66	0.513401
2640.86	0.526682
2731.88	0.524294
2822.79	0.521887
2896.98	0.519307
2962.61	0.517142
3031.23	0.515795
3096.82	0.514685
3160.92	0.513793
3222.6	0.513031
3280.82	0.512313
3338.02	0.511854
3393.52	0.511655
3442.19	0.5111
3491.87	0.511489
3538.24	0.511854
3577.35	0.511458
3612.86	0.512056
3668.44	0.512054
3717.29	0.511139
3760.96	0.511014
3801.52	0.511948
3839.99	0.513111
3874.13	0.51431
3903.98	0.516153
3932.86	0.518815
3960.58	0.520887
3985.82	0.520771
4010.37	0.522283
4032.89	0.523753
4056.73	0.526108
4078.96	0.529163
4098.21	0.53024
4116.3	0.531448
4132.19	0.536111
4152.36	0.541283
4169.71	0.547977
4185	0.556726
4198.41	0.567998
4210.18	0.58208
4219.41	0.607135
4227.82	0.636426
4234.64	0.658225
4241.59	0.635473
4249.95	0.475531
4258.26	0.375598
4264.07	0.35334
4267.05	0.344938
2557.87	0.257395
2555.26	0.285241
2549.12	0.500967
2642.62	0.518084
2732.59	0.515949
2818.17	0.513885
2895.29	0.51143
2965.84	0.509766
3034.21	0.508649
3100.11	0.507721
3163.86	0.506977
3224.25	0.506573
3282.87	0.506068
3340.97	0.505556
3392.7	0.504127
3444.86	0.503677
3492.21	0.501866
3536.03	0.501518
3581.21	0.501417
3624.68	0.503452
3667.67	0.506231
3717.74	0.508418
3762.11	0.510177
3803.04	0.511955
3841.83	0.513749
3879.89	0.515339
3907.7	0.513365
3935.56	0.514739
3961.61	0.516798
3989.56	0.519376
4012.66	0.519896
4037.45	0.522499
4058.82	0.522385
4079.42	0.523598
4099.06	0.526209
4119.6	0.529702
4137.84	0.534264
4155.84	0.539795
4172.35	0.546929
4187.16	0.556177
4199.99	0.568383
4212.16	0.582493
4222.7	0.606049
4230.15	0.633459
4237.13	0.654616
4243.36	0.603801
4251.46	0.467658
4259.62	0.373244
4265.36	0.352038
4268.32	0.34403
2566.44	0.302609
2561.45	0.320227
2551.68	0.487776
2646.41	0.506665
2736.15	0.504877
2820.54	0.503121
2898.83	0.501485
2969.92	0.500245
3038.31	0.499341
3104.17	0.498633
3168.73	0.497959
3226.24	0.495217
3283.95	0.494161
3339.06	0.493205
3393.3	0.491221
3442.1	0.49045
3494.42	0.490281
3542.43	0.490982
3588.96	0.492008
3633.73	0.493303
3675.53	0.494951
3722.07	0.496329
3764.91	0.498303
3804.94	0.500406
3842.57	0.502734
3877.61	0.505332
3908.48	0.506795
3937.48	0.509338
3964.9	0.512059
3991.11	0.515051
4016.46	0.516205
4038.05	0.517463
4060.87	0.519546
4083.22	0.52219
4103.52	0.525515
4123.36	0.529074
4141.83	0.533194
4158.88	0.538179
4174.75	0.544943
4189.33	0.553586
4200.28	0.563413
4213.7	0.575733
4224.3	0.592246
4232.08	0.624745
4239.21	0.647277
4245.87	0.585673
4253.24	0.441495
4261.09	0.370217
4266.75	0.350773
4269.73	0.34325
2578.11	0.336954
2570.98	0.351628
2556.76	0.476222
2653.72	0.496486
2743.55	0.496413
2827.56	0.496358
2908.16	0.49604
2975.33	0.491669
3043.53	0.490873
3108.07	0.490219
3169.3	0.489148
3227.86	0.485872
3286	0.485277
3341.25	0.484791
3396.23	0.485335
3448.07	0.486084
3499.22	0.487066
3548.54	0.488216
3596.7	0.48957
3643.9	0.491155
3688.35	0.493377
3728.18	0.49085
3768.57	0.492389
3807.29	0.493641
3843.99	0.494944
3878.51	0.496687
3910.45	0.499848
3939.95	0.50334
3967.21	0.506525
3992.12	0.509679
4019.04	0.513129
4043.16	0.517019
4066.65	0.520901
4087.2	0.523305
4106.59	0.526351
4126.61	0.530123
4145.35	0.534919
4161.18	0.537857
4176.52	0.543532
4189.85	0.551266
4203.63	0.561942
4216.06	0.575925
4226.57	0.594635
4235.2	0.62963
4241.37	0.655927
4247.56	0.631682
4255.28	0.468584
4262.37	0.372709
4268.15	0.351711
4271.28	0.343866
2595.46	0.354265
2586.28	0.371601
2568.38	0.466977
2666.64	0.479435
2755.28	0.480008
2836.51	0.480577
2908.17	0.480871
2982.36	0.481626
3052.74	0.482097
3111.87	0.477826
3170.16	0.477359
3232.11	0.477572
3290.49	0.478167
3346.36	0.478964
3400.63	0.479966
3453	0.481149
3504.08	0.482535
3553.99	0.484092
3603.52	0.485754
3654.94	0.487222
3690.6	0.482232
3732.85	0.484256
3772.9	0.486662
3810.89	0.489289
3847.08	0.492068
3880.59	0.495197
3912.86	0.498561
3941.16	0.499315
3969.91	0.501751
3996.55	0.505617
4022.55	0.509398
4047.02	0.513092
4069.64	0.51682
4090.84	0.520981
4111.36	0.525368
4129.3	0.526969
4145.94	0.529464
4163.22	0.533634
4178.75	0.540083
4193	0.548416
4206.36	0.559001
4218.33	0.57269
4228.59	0.590113
4236.87	0.623099
4242.96	0.665072
4249.16	0.664792
4256.64	0.514696
4264.46	0.385003
4269.48	0.354699
4273.14	0.34506
2620.79	0.363365
2609.21	0.385526
2583.69	0.45553
2687.26	0.463921
2776.3	0.466662
2853.95	0.469312
2927.8	0.47165
2991.7	0.468533
3052.13	0.468358
3117.74	0.468798
3178.62	0.469262
3238.3	0.469813
3295.85	0.470391
3351.38	0.471063
3405.22	0.471853
3457.45	0.472769
3508.33	0.473817
3557.98	0.474989
3606.55	0.476266
3653.7	0.47763
3695.93	0.479011
3737.73	0.48125
3777.29	0.484023
3814.29	0.487137
3850.85	0.490007
3881.93	0.489486
3911.81	0.491374
3943.38	0.494511
3972.76	0.498152
3999.69	0.502407
4025.65	0.506889
4050.86	0.511381
4072.16	0.511913
4093.32	0.51492
4112.84	0.517994
4131.99	0.522377
4149.15	0.527356
4165.1	0.532303
4180.29	0.539101
4195.09	0.547041
4208.49	0.557749
4220.3	0.572101
4230.45	0.590708
4238.74	0.626934
4245.52	0.667964
4250.81	0.668213
4258.58	0.511739
4266.95	0.382926
4272.73	0.353169
4275.9	0.343072
2656.49	0.368761
2645.13	0.395904
2609.41	0.43295
2720.62	0.449642
2807.15	0.454717
2873.74	0.454924
2935.15	0.457012
3002.31	0.459256
3064.82	0.460726
3126.79	0.461904
3186.72	0.462826
3245.02	0.463638
3301.57	0.464383
3356.41	0.465119
3409.67	0.465884
3461.49	0.466703
3511.98	0.467594
3561.18	0.468573
3609.07	0.469646
3655.48	0.470825
3699.79	0.472201
3742.9	0.473924
3782.31	0.476626
3816.2	0.475951
3848.71	0.47779
3883.21	0.480497
3914.82	0.484154
3945.82	0.487879
3976.08	0.491771
4001.86	0.492492
4027.59	0.495979
4050.42	0.499456
4074.52	0.503948
4096.17	0.508916
4116.1	0.513805
4134.81	0.518497
4152.07	0.523216
4168.01	0.528407
4180.29	0.534699
4196.61	0.54257
4210.23	0.552707
4221.98	0.566027
4232.04	0.583035
4240.27	0.613167
4246.59	0.64832
4251.81	0.60437
4261.41	0.449957
4270.18	0.365526
4276.07	0.345342
4279.08	0.337205
2702.25	0.372258
2704.31	0.402344
2716.24	0.425528
2776.63	0.437013
2835.87	0.43702
2895.5	0.442107
2954.99	0.446088
3016.17	0.449149
3076.61	0.451481
3136.4	0.453373
3194.91	0.454978
3251.93	0.456387
3307.38	0.457602
3361.34	0.458688
3413.87	0.459712
3465.11	0.460708
3515.11	0.461735
3563.85	0.46284
3611.2	0.464063
3657.41	0.46533
3702.89	0.466653
3749.8	0.467883
3781.7	0.463424
3818.21	0.464854
3852.97	0.467549
3885.36	0.470916
3916.41	0.47504
3946.94	0.476098
3975.35	0.478508
4004.16	0.482277
4030.25	0.487404
4054.25	0.492743
4077.33	0.498065
4098.81	0.503314
4118.68	0.508499
4137.22	0.51325
4154.45	0.517648
4170.36	0.521845
4184.77	0.526312
4198.93	0.532473
4211.91	0.540305
4223.44	0.549655
4233.48	0.559146
4242.23	0.5593
4249.02	0.523846
4256.39	0.438225
4266.21	0.372876
4274.23	0.345608
4279.73	0.33456
4282.53	0.328924
2744.56	0.374074
2752.54	0.398281
2773.02	0.41059
2813.96	0.418121
2862.96	0.424141
2916.17	0.429062
2971.84	0.433063
3029.4	0.43634
3087.63	0.439088
3145.8	0.441546
3203.08	0.443917
3258.81	0.446264
3313.07	0.448264
3366.02	0.449974
3417.64	0.451529
3468.18	0.452873
3517.69	0.454126
3566.04	0.455393
3612.57	0.456956
3658.13	0.458168
3702.55	0.459329
3745.57	0.460564
3784.72	0.461369
3819.89	0.462887
3857.47	0.46489
3886.73	0.457959
3913.47	0.457603
3948.44	0.461812
3979.01	0.466772
4007.06	0.472939
4032.9	0.47853
4056.99	0.483593
4079.76	0.488253
4101.13	0.492586
4120.71	0.49768
4139.13	0.501568
4156.36	0.504845
4172.46	0.507049
4187.81	0.506476
4200.74	0.500451
4213.4	0.495541
4224.94	0.486275
4235.26	0.467916
4244.22	0.433987
4253.97	0.393316
4262.86	0.359491
4271.4	0.340765
4278.46	0.330393
4283.4	0.324333
4285.95	0.320295
2777.59	0.372607
2787.2	0.393699
2808.3	0.402023
2842.13	0.40758
2884.74	0.411904
2933.17	0.415452
2985.53	0.418379
3040.6	0.420827
3097.29	0.42297
3154.6	0.425069
3211.27	0.427521
3265.59	0.430784
3318.47	0.433382
3370.36	0.435271
3420.77	0.437018
3470.55	0.438341
3519.61	0.439408
3568.23	0.440082
3613.03	0.439079
3658.08	0.439313
3701.66	0.439114
3743.28	0.438023
3780.78	0.435751
3819.76	0.433847
3856.1	0.433895
3888.79	0.432521
3919.93	0.433586
3952.34	0.435974
3983.19	0.438733
4010.23	0.445568
4035.41	0.450413
4059.2	0.453398
4081.81	0.454877
4103.55	0.454364
4122.27	0.449201
4140.71	0.446969
4158.01	0.444313
4174.05	0.439579
4188.21	0.431311
4203.03	0.424563
4216.22	0.412896
4228.29	0.395733
4239.34	0.376641
4249.44	0.358482
4259.08	0.344032
4267.89	0.332987
4275.74	0.325513
4282.12	0.320236
4286.62	0.316046
4288.96	0.31248
2799.69	0.37058
2809.49	0.389884
2829.83	0.396249
2860.52	0.399269
2899.63	0.401356
2945.1	0.402959
2995.26	0.404094
3048.86	0.404876
3104.93	0.405428
3162.58	0.405935
3220.27	0.406852
3272.24	0.410052
3323.25	0.413652
3374.52	0.4158
3422.87	0.411763
3471.92	0.410314
3520.21	0.408413
3566.8	0.406242
3613.62	0.404083
3658.62	0.403834
3701.9	0.403425
3743.24	0.402895
3782.33	0.402232
3820.36	0.402109
3856.51	0.401831
3890.53	0.401546
3923.28	0.401733
3955.96	0.402156
3989.38	0.4014
4013.51	0.396272
4037.65	0.394358
4060.99	0.392476
4083.2	0.389568
4103.03	0.384529
4123.9	0.380661
4142.82	0.378388
4160.33	0.375286
4176.56	0.371293
4191.57	0.366395
4205.94	0.360987
4219.25	0.354536
4231.52	0.347406
4242.81	0.340007
4253.18	0.333005
4262.74	0.326962
4271.34	0.321868
4278.8	0.31749
4284.79	0.313411
4289.01	0.309288
4291.22	0.305199
2810.7	0.368882
2820.4	0.387111
2840.2	0.392387
2869.57	0.394311
2907.12	0.395108
2951.2	0.395338
3000.33	0.395226
3053.35	0.394887
3109.57	0.394387
3169.04	0.393758
3233.4	0.392993
3278.25	0.380527
3326.25	0.376332
3372.44	0.370608
3423.33	0.367761
3472.74	0.367165
3521.02	0.366627
3568.08	0.366111
3614.33	0.365616
3659.15	0.365139
3702.31	0.364676
3743.64	0.364227
3783.1	0.363789
3821	0.363354
3857.19	0.362899
3891.65	0.362416
3924.8	0.361885
3957	0.361271
3987.73	0.360543
4014.24	0.356765
4038.92	0.355806
4062.3	0.354771
4084.39	0.353545
4105.09	0.352115
4125.25	0.350556
4144.14	0.348764
4161.73	0.346651
4178.09	0.344194
4193.32	0.341396
4207.65	0.338308
4220.98	0.334951
4233.31	0.331401
4244.67	0.327749
4255.1	0.32407
4264.61	0.3204
4273.1	0.31668
4280.37	0.312782
4286.19	0.308538
4290.3	0.303785
4292.43	0.299461
3994.02	0.404926
4013.55	0.404934
4037.57	0.406638
4060.87	0.410414
4083.19	0.416174
4098.59	0.422133
4105.23	0.45056
4122.07	0.451186
4140.6	0.451321
4157.89	0.452489
4173.97	0.455409
4185.98	0.459763
4190.04	0.487252
4200.59	0.48702
4213.34	0.480452
4224.88	0.470969
4235.16	0.459668
4243	0.453385
4244.57	0.488171
4248.91	0.484997
4251.69	0.445054
2660.85	0.513281
2719.44	0.512251
2777.33	0.510627
2805.14	0.507928
2871.56	0.50662
2947.79	0.504214
2997.92	0.501922
3022.62	0.497683
3084.79	0.496603
3154.44	0.495235
3201.95	0.493926
3227.58	0.494222
3286.54	0.4933
3350.14	0.492294
3392.06	0.491185
3416.44	0.491232
3470.75	0.490603
3527.29	0.490622
3560.86	0.490189
3582.17	0.492329
3627.48	0.49182
3671.96	0.491656
3695.41	0.491483
3707.59	0.49222
3668.85	0.518553
3688.34	0.518168
3726.09	0.518351
3764.9	0.518207
3797.5	0.519503
3832.5	0.519466
3863.28	0.519696
3893.35	0.519432
3914.27	0.519174
3924.74	0.520217
3949.44	0.520598
3975.39	0.522261
3999.99	0.523108
4020.13	0.524715
4040.57	0.525401
4062.16	0.52649
4082.34	0.527516
4099.96	0.528486
4102.56	0.531392
4014.52	0.537065
4033.18	0.537793
4054.11	0.538897
4074.58	0.540347
4094.56	0.541908
4113.75	0.543747
4131.98	0.545795
4149.16	0.547982
4165.29	0.550018
4180.08	0.551688
4193.32	0.552129
4204.96	0.549543
4215.11	0.540838
4222.63	0.513273
4230.51	0.467361
4238.34	0.401548
4246.3	0.363641
4249.5	0.346198
4073.78	0.496347
4088.56	0.500222
4094.55	0.518125
4105.25	0.519081
4122.16	0.52281
4138.19	0.527834
4152.69	0.533794
4157.71	0.550925
4165.16	0.552051
4179.78	0.554994
4193.71	0.558844
4206.99	0.561653
4210.95	0.575687
4216.53	0.576569
4226.7	0.575901
4235.44	0.566241
4243.34	0.537157
4246.57	0.472675
4249.88	0.463065
4257.65	0.40183
4265.11	0.367296
4269.83	0.353645
3693.08	0.497872
3710.68	0.497692
3723.48	0.499782
3749.27	0.499483
3786.84	0.501153
3821.82	0.50298
3855.75	0.504448
3876.87	0.505092
3888.32	0.509351
3916.39	0.509806
3946.14	0.511026
3968.74	0.514136
3989.8	0.515415
3997.49	0.520764
4014.29	0.520931
4036.88	0.522545
4058.67	0.523756
4079.3	0.524806
4090.31	0.525397
4097.19	0.526001
4106.66	0.526315
2800.88	0.522337
2818.8	0.521502
2842.6	0.521393
2887.98	0.520508
2958.86	0.519511
3021.25	0.518214
3046.78	0.519315
3093.78	0.518434
3157.03	0.517857
3212.14	0.516743
3234.04	0.517931
3277.65	0.517128
3335.33	0.515969
3382.59	0.514594
3401.6	0.512725
3441.6	0.511957
3492.03	0.510834
3532.38	0.509526
3544.05	0.504754
3580.69	0.504093
3624.88	0.503597
3659.51	0.502549
3667.15	0.495583
3451.3	0.516025
3490.55	0.515595
3541.84	0.515164
3592.64	0.514654
3641.48	0.51444
3685.55	0.514949
3726.31	0.515707
3764.24	0.516587
3802.91	0.516772
3833.62	0.518554
3864.26	0.519631
3894.57	0.520728
3923.29	0.522096
3951.09	0.522993
3977.44	0.523735
3997.34	0.523767
4005	0.525692
4023.37	0.525658
4042.97	0.525971
4056.14	0.525788
3709.14	0.496862
3741.25	0.497399
3777.8	0.498725
3813.72	0.500467
3848.45	0.502588
3881.82	0.504828
3908.15	0.506252
3918.29	0.519905
3941.13	0.520286
3969.54	0.522498
3996.14	0.524277
4021.11	0.526189
4044.56	0.528282
4066.36	0.530571
4084.93	0.533611
4102.62	0.536666
4119.7	0.539428
4132.98	0.541081
4137.56	0.549089
4149.16	0.549946
4163.08	0.552034
4172.03	0.553185
3537.23	0.498705
3574.77	0.498859
3619.99	0.49973
3663.06	0.501003
3704.07	0.502201
3728.31	0.502649
3742.83	0.508685
3777.38	0.509045
3813.21	0.51003
3847.31	0.511154
3879.26	0.512639
3908.1	0.514757
3932.97	0.517685
3961.81	0.519018
3988.13	0.520897
4012.26	0.522635
4030.88	0.523493
4037.76	0.52905
4054.19	0.52916
4074.5	0.52961
4088.27	0.529767
3669.83	0.469251
3697.19	0.467857
3709.1	0.451139
3741.45	0.450148
3778.96	0.449309
3815.26	0.448475
3850.24	0.447596
3883.73	0.446461
3915.61	0.444797
3946.3	0.442434
3975.24	0.438774
3993.91	0.435408
4004.01	0.418135
4026.43	0.417109
4049.62	0.417581
4071.57	0.41772
4091.14	0.417662
4109.27	0.418049
4125.78	0.418454
4139.27	0.418872
3009.9	0.519894
3059.54	0.519232
3124.71	0.518356
3189.87	0.517307
3253.86	0.516386
3316.22	0.515621
3376.63	0.515006
3434.78	0.514563
3490.34	0.514313
3543.36	0.514203
3593.8	0.514233
3641.32	0.514444
3684.43	0.515097
3727.98	0.514995
3770.12	0.514814
3808.84	0.514706
3841.41	0.514647
3869.82	0.514624
3881.51	0.515256
3965.96	0.404655
3975.93	0.405749
3982.51	0.451904
4002.19	0.455141
4011.48	0.487669
4025.08	0.488763
4042.19	0.493286
4048.79	0.510205
4065.59	0.511892
4070.66	0.528836
4084.84	0.529647
4094.28	0.533863
4101.44	0.536029
4113.9	0.537632
4117.73	0.540421
4131.27	0.540878
4136.47	0.545146
4146.88	0.545504
4157.16	0.549612
4162.39	0.555005
4173.46	0.557694
4176.2	0.568382
4185.96	0.570333
4192.34	0.57713
4199.63	0.577434
4208.2	0.582322
4210.2	0.582183
3832.35	0.518916
3842.75	0.518626
3870.82	0.519294
3900.04	0.519932
3927.59	0.520061
3937.98	0.52218
3955.89	0.522041
3981.65	0.524212
4006.87	0.526068
4028.83	0.528612
4037.3	0.534025
4050.01	0.534111
4069.93	0.536512
4089.36	0.538529
4107.44	0.540476
4114.29	0.544203
4122.58	0.544303
4141.27	0.549346
4157.82	0.554425
4172.63	0.56004
4179.24	0.564834
4185.34	0.565548
4195.41	0.567851
2600.83	0.496543
2616.45	0.497238
2666.65	0.496316
2754.82	0.495262
2836.43	0.495007
2897.62	0.494078
2919.02	0.503694
2974.7	0.502963
3043.28	0.50303
3108.37	0.502797
3148.45	0.502207
3171.17	0.507194
3226.04	0.506719
3283.93	0.506663
3336.93	0.5064
3358.56	0.510218
3392.11	0.509565
3444.52	0.509307
3492.35	0.509047
3529.35	0.508634
3542.82	0.513481
3576.82	0.513049
3607.19	0.512522
3665.98	0.49614
3682.03	0.49615
3693.04	0.506924
3727.96	0.507226
3768.41	0.508788
3807.08	0.51086
3843.64	0.51322
3860.83	0.515707
3877.34	0.515842
3908.29	0.517014
3937.34	0.518683
3964.91	0.52036
3988.13	0.521085
3995.34	0.526506
4012.49	0.526629
4037.18	0.527582
4058.74	0.528937
4079.52	0.530322
4093.91	0.531122
4099.85	0.534834
4116.08	0.535219
4127.25	0.536256
3953.06	0.513776
3958.22	0.515375
3974.71	0.515533
3994.82	0.518377
4003	0.525089
4020.16	0.525521
4038.19	0.527306
4044.88	0.533995
4062.3	0.534877
4079.05	0.536888
4088.04	0.542177
4106.98	0.543804
4120.74	0.546368
4126.96	0.550345
4143.17	0.553719
4151.24	0.560464
4159.96	0.560634
4173.91	0.566224
4179.24	0.574256
4188.39	0.575012
4200.59	0.582227
4205.34	0.593273
4214.49	0.594818
4223.37	0.607479
4226.75	0.617468
4232.09	0.623992
3125.82	0.509165
3171.84	0.508528
3234.61	0.507788
3296.75	0.506903
3354.14	0.506784
3406.28	0.507411
3455.99	0.507816
3501.76	0.508085
3521.13	0.511912
3547.43	0.511415
3592.15	0.511882
3633.5	0.512395
3672.37	0.513134
3710.52	0.513618
3747.88	0.51435
3784.64	0.515093
3820.1	0.515989
3853.6	0.516956
3885.39	0.517666
3913.49	0.518029
3924.44	0.520178
3941.02	0.519946
3952.6	0.520581
3396.16	0.505044
3410.97	0.504477
3425.46	0.507811
3461.94	0.507263
3510.77	0.506938
3557.85	0.50616
3588.37	0.505311
3606.71	0.504546
3646.66	0.504059
3680.34	0.501916
3718.15	0.501672
3734.54	0.502479
3760.9	0.502091
3797.94	0.504311
3833.22	0.505851
3858.61	0.50657
3871.32	0.511338
3898.86	0.511659
3928.61	0.51395
3955.54	0.516106
3967.54	0.519094
3982.48	0.518883
4006.97	0.519604
4029.36	0.520057
4043.35	0.520266
3605.35	0.519749
3608.71	0.519742
3637.36	0.51943
3679.54	0.519239
3721.58	0.518919
3757.43	0.519771
3792.18	0.520226
3825.91	0.520694
3858.69	0.521357
3889.14	0.522332
3911.58	0.522546
3921.14	0.527172
3944.5	0.527462
3970.14	0.529005
3996.59	0.529705
4019.07	0.53177
4044.67	0.532694
4067.91	0.534188
4089.19	0.53552
4109.43	0.536225
4119.64	0.53665
4122.19	0.535608
3755.86	0.476284
3779.56	0.476538
3791.39	0.487498
3816.09	0.487498
3844.46	0.489499
3854.42	0.499905
3881.82	0.500296
3903.23	0.502379
3913.9	0.508752
3940.68	0.509863
3953.04	0.51437
3967.19	0.514204
3990.43	0.515635
3997.66	0.521336
4016.23	0.521398
4034.39	0.523109
4039.94	0.529661
4058.73	0.530297
4072.33	0.532655
4079.57	0.537676
4097.63	0.539332
4104.64	0.546385
4114.66	0.546559
4130.42	0.547418
4135.74	0.546307
4143.42	0.546343
4132.87	0.537948
4134.44	0.540672
4145.08	0.541456
4151.05	0.548491
4162.66	0.549432
4168.28	0.56126
4178.9	0.562446
4183.28	0.576397
4191.81	0.578005
4196.05	0.589432
4203.64	0.590861
4207.96	0.604359
4215.05	0.607859
4218.78	0.615649
4224.35	0.616806
4228.98	0.593097
4234.74	0.589335
4238.63	0.537601
4243.57	0.523569
4247.73	0.433428
4253.17	0.414751
4257.08	0.378606
4262.19	0.369538
4265.17	0.35949
4265.88	0.356848
3859.47	0.479186
3886.98	0.482205
3903.67	0.48566
3916.92	0.48991
3946.85	0.49148
3973.58	0.494408
3983.17	0.505024
4001.53	0.505298
4027.56	0.509057
4046.3	0.511572
4053.22	0.522183
4071.93	0.52313
4093.18	0.527175
4104.38	0.530413
4111.78	0.534685
4129.21	0.536393
4144.95	0.53974
4150.45	0.54784
4160.98	0.548403
4176.45	0.552662
4187.33	0.556078
4190.67	0.562116
4199.25	0.56341
3631.91	0.511967
3659.38	0.511678
3692.12	0.511583
3704.4	0.514959
3733.45	0.514686
3771.2	0.515223
3806.18	0.515712
3841.1	0.515956
3873.64	0.516683
3903.33	0.517576
3928.89	0.517895
3938.9	0.519877
3957.27	0.519758
3982.72	0.521251
4006.97	0.52212
4029.41	0.523265
4049.8	0.524571
4072.49	0.525057
4092.05	0.525615
4099.46	0.526316
4106.98	0.526215
3651.1	0.513321
3684.92	0.513587
3705.06	0.514591
3725.88	0.514066
3766.01	0.513953
3786.06	0.514409
3803.44	0.514149
3833.97	0.514249
3853.82	0.514861
3868.12	0.516142
3897.57	0.517124
3917.46	0.518283
3930.13	0.520879
3956.52	0.521582
3976.09	0.522743
3987.57	0.525664
4011.08	0.526274
4028.54	0.527784
4037.86	0.531791
4058.06	0.532301
4074.02	0.533253
4082.18	0.535331
4098.69	0.535684
4111.93	0.536391
4114.82	0.535667
3782.41	0.516244
3806.98	0.516241
3838.94	0.517346
3869.57	0.519051
3896.04	0.520045
3906.76	0.52468
3928.76	0.524629
3959.03	0.526424
3986.81	0.528436
4010.96	0.531052
4022.98	0.532812
4036.63	0.532597
4057.88	0.534566
4076.86	0.53684
4097.07	0.538657
4109.32	0.540006
4116.41	0.543365
4131.78	0.544254
4147.15	0.546954
4162.3	0.550091
4173.34	0.552564
4177.64	0.558168
4187.96	0.558821
4149.44	0.533258
4152.42	0.539076
4159.44	0.539865
4163.62	0.540738
4166.32	0.546725
4173.33	0.548479
4177.93	0.551876
4180.88	0.56545
4187.35	0.56841
4192.04	0.574061
4195.09	0.58524
4200.84	0.588426
4205.82	0.590794
4209.22	0.602881
4214.41	0.609952
4219.08	0.610301
4223.11	0.619147
4227.56	0.629106
4231.76	0.629726
4235.46	0.643951
4239.12	0.656816
4242.69	0.658718
4245.95	0.639941
4249.57	0.611008
4250.54	0.606983
3463.75	0.461883
3475.15	0.466707
3500.72	0.466349
3513.94	0.484336
3541.88	0.484149
3556.02	0.488022
3573.67	0.487864
3596.04	0.48731
3607.88	0.493217
3633.43	0.493162
3645.88	0.506098
3663.76	0.507727
3683.11	0.507254
3695.9	0.507056
3719.96	0.506705
3731.23	0.506777
3748.05	0.508032
3763.2	0.508829
3771.76	0.50937
3793.11	0.508916
3802.92	0.499879
3815.16	0.496642
3823.31	0.491745
3730.19	0.51904
3761.43	0.518922
3790.65	0.518574
3798.7	0.518329
3825.68	0.518066
3859.02	0.518976
3883.23	0.519271
3893.02	0.522815
3918.33	0.522852
3944.98	0.523936
3962.28	0.524366
3970.23	0.526553
3994.15	0.526897
4021.22	0.527725
4035.09	0.528453
4045.41	0.52945
4067.38	0.530277
4088.51	0.532082
4098.72	0.533416
4110.7	0.533234
4130.82	0.534292
4144.1	0.534725
4145.68	0.533706
4145.7	0.533919
3653.14	0.509092
3679.69	0.509206
3719.63	0.510023
3758.42	0.51113
3795.08	0.512651
3829.85	0.514245
3862.76	0.515934
3894.59	0.517321
3924.99	0.518787
3954.02	0.520144
3981.76	0.521333
4008	0.522466
4031.76	0.523908
4054.09	0.525305
4067.28	0.526098
4075.6	0.529093
4093.98	0.529959
4112.47	0.531461
4130.33	0.532496
4144.32	0.533681
4143.41	0.534072
4144.8	0.535145
4153.51	0.535654
4157.22	0.540111
4163.54	0.542905
4169.57	0.543157
4173.1	0.550907
4180.97	0.552004
4184.22	0.560502
4189.7	0.562482
4195	0.562371
4198.17	0.570773
4204.44	0.572433
4207.24	0.576081
4211.11	0.580054
4214.84	0.580114
4216.67	0.568673
4221.33	0.567428
4223.39	0.575659
4226.42	0.551337
4229.31	0.546537
4231.85	0.425307
4236.55	0.404533
4238.59	0.427182
4242.66	0.383596
4244.92	0.379365
3997.13	0.53173
4015.9	0.532473
4037.14	0.534173
4058.29	0.535834
4073.5	0.536861
4082.05	0.539849
4098.56	0.540689
4115.84	0.543218
4132.04	0.545452
4145.75	0.547228
4151.43	0.552904
4162.81	0.553558
4176.14	0.556318
4189.6	0.557244
4203.51	0.556522
4208.28	0.548023
4217.25	0.54573
4228.34	0.531815
4237.68	0.503116
4246.42	0.439659
4253.06	0.383255
4258.18	0.363528
4263.68	0.346849
3365.48	0.513231
3405.88	0.513055
3454.36	0.513027
3502.72	0.513028
3547.85	0.513828
3592.31	0.514295
3633.54	0.515512
3673.06	0.516301
3697.43	0.516492
3715.15	0.51902
3750.23	0.519196
3785.53	0.519851
3820.9	0.520115
3854.76	0.520769
3886.77	0.52155
3916.42	0.522422
3942.38	0.523565
3968.82	0.523766
3990.75	0.523522
3999.53	0.524996
4013.76	0.524896
3484.45	0.512577
3514.51	0.512259
3558.65	0.512737
3600.06	0.513563
3639.95	0.514325
3678.49	0.515127
3716.63	0.51564
3753.69	0.51627
3789.15	0.517039
3823.56	0.5176
3856.77	0.518114
3888.59	0.518586
3914.9	0.518757
3924.73	0.522619
3945.06	0.522545
3972.03	0.523686
3997.02	0.524368
4024.63	0.524433
4048.57	0.525143
4069.93	0.525822
4084.16	0.526198
3238.96	0.409641
3278.3	0.410957
3326.67	0.41517
3357.13	0.418675
3376.43	0.436147
3422.74	0.436788
3471.83	0.43832
3520.12	0.440704
3565.68	0.443155
3585.88	0.451201
3612.59	0.450748
3657.93	0.451523
3701.51	0.452162
3743.25	0.45327
3777.68	0.454026
3791.58	0.463046
3819.45	0.462734
3856.91	0.461718
3886.45	0.458588
3910.04	0.457949
3883.44	0.521479
3883.57	0.521749
3907.81	0.522177
3935.65	0.523386
3954.18	0.52425
3962.38	0.529386
3985.62	0.529988
4010.41	0.532274
4028.31	0.533719
4035.09	0.542207
4054.23	0.542735
4076.03	0.544712
4092.82	0.545922
4098.71	0.551054
4113.74	0.551856
4132.04	0.55648
4145.56	0.562273
4152.03	0.568539
4164.93	0.569333
4180.67	0.576092
4193.26	0.581781
4196.38	0.590773
4203.44	0.591829
4209.8	0.597988
3851.47	0.538901
3870.98	0.538977
3899.32	0.540365
3927.13	0.54181
3955.4	0.542894
3982.09	0.544924
4007.63	0.546883
4032.31	0.548724
4054.32	0.551865
4075.79	0.554557
4095.47	0.558922
4114.39	0.563127
4131.58	0.569315
4149.59	0.573728
4166.91	0.579353
4182.49	0.586741
4196.24	0.594707
4208.33	0.604285
4217.36	0.621714
4223.06	0.631991
2791.3	0.46961
2794.96	0.470354
2810.13	0.470208
2873.94	0.470525
2915.87	0.470611
2932.83	0.481829
2991.76	0.481497
3044.06	0.48127
3061.8	0.491787
3111.53	0.491289
3167.32	0.492184
3187.85	0.499424
3227.35	0.498797
3285.8	0.500079
3315.27	0.500807
3339.68	0.502273
3393.46	0.502049
3430.93	0.502023
3447.91	0.508736
3492.07	0.508354
3531.57	0.508284
3544.36	0.513326
3576.73	0.512898
3608.45	0.512508
3804.9	0.517045
3830.54	0.518508
3850.5	0.519734
3863.93	0.524148
3892.71	0.524723
3920.97	0.526701
3949.63	0.52801
3964.52	0.528894
3977.26	0.529587
4001.08	0.531312
4025.58	0.533105
4047.67	0.535785
4057.82	0.538446
4069.65	0.538352
4089.35	0.541177
4108.12	0.544151
4125.86	0.546523
4133.43	0.550762
4144.39	0.550985
4159.99	0.554762
4174.18	0.557452
4183.8	0.558661
2765.2	0.522625
2817.7	0.521839
2887.48	0.520914
2957.55	0.519728
3026.37	0.518635
3093.99	0.517616
3159.13	0.516859
3221.83	0.516223
3282.17	0.515684
3339.97	0.515266
3394.52	0.515071
3446.36	0.514853
3495.08	0.514786
3544.28	0.514188
3591.06	0.513764
3635.11	0.513331
3677.68	0.512717
3719.01	0.511925
3752.3	0.511218
3776.71	0.511003
2873.82	0.521667
2898.63	0.520685
2960.57	0.519759
2985.87	0.519397
3029.41	0.51849
3092.4	0.516881
3119.21	0.515073
3156.33	0.514194
3216.36	0.513003
3246.75	0.511883
3278.59	0.511018
3337.07	0.510027
3369.24	0.508893
3395.01	0.507865
3446.9	0.507015
3479.73	0.506005
3500.94	0.504943
3546.2	0.504374
3577.52	0.503684
3594.07	0.50307
3633.83	0.502411
3664.34	0.501532
3678.31	0.499873
3710.9	0.499616
3736.27	0.499734
3740.31	0.501013
3878.4	0.527119
3881.66	0.526838
3905.78	0.527773
3932.8	0.528782
3960.08	0.529784
3986.07	0.531507
4010.59	0.533556
4033.96	0.535676
4054.47	0.539016
4074.45	0.542008
4092.98	0.54596
4114.34	0.548174
4129.46	0.550015
4136.13	0.561372
4151.71	0.563122
4168.57	0.568929
4183.55	0.575624
4196.14	0.584614
4207.58	0.593368
4217.3	0.606037
4224.6	0.625573
4041.55	0.527932
4052.56	0.527975
4072.77	0.529736
4092.69	0.531499
4112.85	0.532857
4132.17	0.534348
4146.49	0.535209
4152.28	0.538828
4163.93	0.539051
4178.71	0.538748
4191.99	0.536316
4203.65	0.52936
4213.7	0.513279
4222.39	0.479493
4230.55	0.422724
4237.98	0.370212
4246.56	0.340968
4253.72	0.331179
4258.77	0.327751
4260.51	0.326354
3566.99	0.508876
3601.09	0.508756
3639.64	0.508529
3670.38	0.508067
3682.45	0.508621
3712.15	0.508353
3746.63	0.509482
3784.78	0.509878
3808.14	0.51018
3821.94	0.513524
3853.27	0.513952
3885.12	0.515786
3913.64	0.517419
3925.43	0.520974
3942.43	0.520791
3969.73	0.522124
3995.81	0.523161
4016.62	0.523611
4024.11	0.526344
4043.12	0.526304
4065.96	0.527114
4082.33	0.527637
3723.98	0.518344
3734.88	0.519057
3757.54	0.518696
3790.12	0.519092
3802.25	0.522309
3831.14	0.522003
3858.65	0.522355
3872.08	0.524436
3899.47	0.524099
3920.03	0.523738
3933.27	0.522785
3960.33	0.522828
3973.66	0.522737
3989.29	0.522383
4011.75	0.523032
4020.92	0.524164
4038.05	0.524136
4058.83	0.525391
4068.18	0.52817
4087.16	0.528482
4102.96	0.529652
4111.72	0.530745
4129.28	0.531383
4139.93	0.532418
4149.08	0.532511
4164.72	0.534019
4171.65	0.534717
4176.37	0.534785
3947.17	0.507665
3949.65	0.50774
3964.98	0.507902
3974.53	0.511147
3986.77	0.513256
3996.46	0.516414
4006.35	0.521434
4019.09	0.521429
4026.76	0.526471
4040.68	0.526624
4048.83	0.528053
4060.62	0.528728
4070	0.529526
4079.35	0.529811
4090.62	0.529697
4098.13	0.532004
4109.4	0.532333
4115.64	0.535822
4125.69	0.536799
4132.13	0.538888
4140	0.5397
4148.9	0.539528
4154.93	0.533243
4163.69	0.532458
4166.69	0.515407
3808.08	0.516722
3827.11	0.51709
3836.27	0.523173
3863.06	0.523435
3892.78	0.524299
3920.98	0.525267
3949.48	0.525938
3975.95	0.527303
4001.61	0.528458
4023.88	0.530357
4043.24	0.53259
4062.25	0.534007
4083.17	0.535215
4103.74	0.53665
4118.21	0.537788
4124.35	0.543841
4139.88	0.544798
4156.62	0.548388
4171.4	0.551789
4180.45	0.55449
2707.68	0.506478
2727.94	0.505364
2774.62	0.50495
2802.75	0.506989
2872.14	0.506014
2930.05	0.504885
2953.1	0.508869
3012.06	0.507929
3077.05	0.506331
3102.51	0.504566
3152.27	0.503531
3217.84	0.50128
3248.41	0.499134
3283.02	0.498197
3344.25	0.497058
3383.13	0.495725
3404.73	0.493851
3455.51	0.493178
3498.11	0.492498
3515.28	0.495551
3555.79	0.495142
3598.28	0.495816
3614.89	0.499693
3645.96	0.499129
3673.86	0.497369
3185.87	0.50412
3193.24	0.503869
3228.96	0.503221
3288.82	0.50281
3344.76	0.5025
3368.29	0.505565
3402.11	0.504898
3455.22	0.50712
3504.56	0.509189
3529.62	0.510139
3557.37	0.509451
3605.69	0.510655
3650.95	0.511994
3675.51	0.512548
3696.56	0.513644
3733.91	0.513986
3771.78	0.514157
3795.23	0.514093
3811.61	0.514962
3845.62	0.514468
3879.15	0.513096
3898.35	0.511188
3909.41	0.508559
3929.71	0.508451
3310.45	0.512189
3357.97	0.512028
3409.17	0.51168
3459.44	0.511391
3507.63	0.511372
3554.09	0.511387
3596.9	0.511985
3637.8	0.51242
3677.5	0.512664
3713.01	0.513657
3743.87	0.513816
3758.18	0.517831
3785.87	0.517601
3821.12	0.518553
3854.94	0.518669
3887.26	0.518747
3918.23	0.518703
3945.6	0.518781
3972.04	0.51879
3994.4	0.518774
