2832.76	0.287479
2843.3	0.324973
2864.7	0.335032
2896.82	0.337945
2938.22	0.339448
2986.92	0.340383
3040.96	0.340991
3098.67	0.341398
3158.71	0.341685
3220.06	0.341908
3281.94	0.342107
3343.75	0.34231
3404.96	0.342542
3465.02	0.342822
3523.17	0.343163
3578.41	0.343065
3631.63	0.343693
3682.98	0.344409
3732.19	0.3452
3778.81	0.345917
3822.72	0.346673
3864.25	0.347698
3903.73	0.348752
3941.4	0.349777
3977.43	0.350728
4011.83	0.351568
4044.13	0.352287
4071.57	0.349982
4098.13	0.350603
4123.3	0.351108
4147.05	0.351336
4169.34	0.351244
4190.08	0.350794
4209.43	0.349944
4227.6	0.348653
4244.92	0.346901
4261.78	0.344705
4277.88	0.342028
4293.07	0.338897
4307.33	0.335366
4320.69	0.331516
4333.18	0.327444
4344.81	0.323233
4355.59	0.318908
4365.47	0.314406
4374.33	0.309584
4382	0.304291
4388.1	0.297171
4392.15	0.288647
4394.16	0.28268
2821.03	0.303076
2831.07	0.338349
2852.88	0.35307
2886.37	0.36144
2929.65	0.367801
2980.18	0.372693
3035.77	0.376355
3094.69	0.378989
3155.63	0.380814
3217.64	0.382034
3280.02	0.382821
3342.25	0.383297
3403.92	0.383533
3464.64	0.383516
3523.68	0.383145
3578.01	0.379695
3631	0.379663
3682.59	0.379944
3732.13	0.380198
3778.85	0.379867
3822.42	0.379397
3863.6	0.380143
3902.81	0.381391
3940.3	0.383019
3976.29	0.384944
4011.17	0.387009
4046.19	0.38858
4069.68	0.376303
4096.78	0.374131
4121.99	0.375422
4145.78	0.376675
4168.15	0.377631
4188.74	0.378122
4207.87	0.378282
4225.71	0.378004
4242.62	0.377266
4259.78	0.376048
4276	0.372909
4291.2	0.367966
4305.42	0.36145
4318.71	0.353707
4331.14	0.345239
4342.73	0.336571
4353.51	0.328393
4363.44	0.321255
4372.4	0.31515
4380.18	0.309635
4386.49	0.304064
4390.87	0.297022
4393.05	0.290389
2795.78	0.31303
2805.86	0.352663
2828.4	0.373758
2865.16	0.388287
2912.76	0.400111
2967.21	0.41094
3025.99	0.419312
3087.32	0.425566
3150.03	0.430106
3213.32	0.433335
3276.62	0.435598
3339.58	0.437153
3402.02	0.438146
3464.06	0.438519
3526.83	0.437712
3576.93	0.42395
3629.68	0.423784
3682.1	0.423916
3732.67	0.423365
3779.75	0.420758
3822.21	0.416986
3862.58	0.416715
3901.25	0.417468
3938.32	0.418878
3973.86	0.420804
4007.95	0.423271
4040.66	0.42668
4070.34	0.433538
4094.78	0.423455
4119.6	0.419709
4143.46	0.422173
4166.29	0.424495
4186.47	0.424175
4205.25	0.425753
4222.42	0.427829
4237.81	0.43147
4256.51	0.438283
4272.92	0.439824
4288.07	0.43772
4302.15	0.431326
4315.23	0.419427
4327.44	0.400878
4338.87	0.378706
4349.54	0.357316
4359.51	0.33961
4368.65	0.32662
4376.73	0.317967
4383.46	0.311987
4388.25	0.306783
4390.76	0.301614
2758.86	0.320223
2767.15	0.366717
2788.8	0.395351
2832.18	0.416317
2887.44	0.432818
2948.5	0.444792
3012.28	0.453028
3077.23	0.458404
3142.49	0.461736
3207.56	0.463668
3272.11	0.464663
3335.94	0.465038
3398.95	0.465003
3461.15	0.46471
3522.65	0.464356
3571.5	0.463138
3626.92	0.462744
3681.67	0.463184
3734.89	0.462018
3783.43	0.457986
3822.15	0.455733
3861.26	0.454617
3899.24	0.454609
3935.81	0.455367
3970.79	0.456868
4004	0.459394
4036.05	0.463504
4065.86	0.469522
4091.89	0.477506
4117.78	0.481788
4140.9	0.48386
4166.61	0.489745
4184.57	0.479121
4203.41	0.482099
4220.86	0.48832
4237.35	0.493428
4254.01	0.492954
4269.78	0.49616
4284.93	0.499585
4298.99	0.5012
4311.91	0.499712
4323.65	0.492561
4334.41	0.475143
4344.42	0.441941
4354.07	0.394484
4363.3	0.354819
4371.72	0.332469
4379.31	0.322458
4384.68	0.316442
4387.45	0.311985
2712.17	0.320463
2714.07	0.375372
2725.83	0.420515
2785.93	0.444242
2855.32	0.460349
2925.99	0.470645
2996.24	0.476944
3065.58	0.480689
3133.84	0.482875
3200.96	0.484135
3266.89	0.484858
3331.62	0.485285
3395.13	0.485578
3457.34	0.485874
3518.12	0.486352
3577.07	0.487322
3623.17	0.486419
3681.09	0.487224
3740.12	0.486706
3783.84	0.493762
3821.62	0.487969
3860.04	0.487767
3897.69	0.488233
3934.03	0.489055
3968.71	0.49026
4000.13	0.491983
4032.98	0.494886
4062.8	0.499308
4090.17	0.504065
4116.2	0.507399
4141.19	0.51053
4161.49	0.509295
4183.25	0.513891
4201.09	0.514656
4218.51	0.518404
4235.08	0.520656
4250.84	0.521258
4265.83	0.523622
4281.6	0.529102
4295.91	0.534635
4309	0.540834
4320.57	0.547904
4331.05	0.554962
4340.28	0.555313
4348.66	0.526594
4356.98	0.436537
4365.08	0.359604
4374.53	0.337704
4380.68	0.327846
4383.78	0.322454
2662.12	0.318005
2649.97	0.365909
2612.75	0.434255
2729.13	0.468138
2820.67	0.479229
2902.66	0.484692
2979.79	0.487101
3053.67	0.487979
3124.94	0.488166
3194.05	0.488103
3261.34	0.488002
3326.96	0.487961
3390.96	0.488031
3453.27	0.48824
3513.7	0.488617
3571.75	0.489203
3626.31	0.490066
3677.56	0.491183
3729.58	0.492398
3776.01	0.49491
3818.07	0.497101
3858.05	0.50043
3896.29	0.503839
3932.83	0.507318
3967.83	0.510885
4001.95	0.514303
4031.06	0.513726
4060.34	0.517076
4087.93	0.520516
4113.83	0.523609
4138.16	0.526655
4160.91	0.530158
4179.96	0.530368
4198.25	0.532814
4215.81	0.536758
4232.29	0.541101
4250.23	0.546188
4262.81	0.548954
4278.05	0.554306
4292.39	0.559737
4306.06	0.565835
4317.23	0.574489
4328.06	0.588835
4337.3	0.608034
4345.47	0.624386
4352.34	0.620176
4361.25	0.456529
4370.56	0.360721
4376.92	0.340609
4380.2	0.332778
2622.98	0.313928
2609.9	0.351836
2579.73	0.452244
2695.08	0.484594
2793.88	0.48739
2882.64	0.487648
2965.02	0.486776
3042.75	0.485595
3116.52	0.484508
3187.28	0.483656
3255.69	0.483058
3322.09	0.482703
3386.61	0.482577
3449.19	0.482673
3509.71	0.482985
3567.98	0.483517
3623.93	0.484297
3671.3	0.484985
3722.65	0.485454
3770.54	0.486551
3814.62	0.488169
3855.85	0.490537
3894.67	0.493443
3931.27	0.496743
3965.93	0.500264
3998.88	0.503832
4029.48	0.507245
4058.85	0.511567
4086.6	0.516027
4112.19	0.520636
4135.99	0.525171
4158.12	0.529546
4178.23	0.533883
4196.68	0.538719
4212.16	0.542932
4231.94	0.548025
4246.57	0.550999
4260.75	0.55502
4274.18	0.560975
4287.98	0.56659
4303.25	0.574893
4315.98	0.585188
4326.48	0.602284
4335.26	0.627199
4343.17	0.658221
4350.28	0.671826
4358.52	0.514937
4367.35	0.380211
4373.58	0.350726
4377.01	0.340845
2595.74	0.303597
2585.97	0.335072
2565.92	0.464767
2675.45	0.491504
2775.22	0.490469
2867.15	0.489019
2953.12	0.487606
3033.97	0.486431
3109.28	0.485578
3180.97	0.485057
3250.11	0.484795
3317.14	0.484749
3382.16	0.484903
3445.11	0.48526
3505.88	0.485832
3564.37	0.486638
3620.7	0.487683
3675.46	0.488933
3716.96	0.487466
3766.67	0.488303
3811.77	0.490482
3853.81	0.493079
3893.02	0.496004
3929.42	0.499276
3963.52	0.502884
3995.95	0.506744
4026.94	0.510799
4056.86	0.514901
4085.32	0.51897
4110.3	0.523263
4133.49	0.527929
4155.44	0.532624
4176.27	0.5374
4194.15	0.540101
4211.87	0.543523
4228.47	0.544241
4244.23	0.54434
4259.89	0.54675
4273.65	0.551974
4288.83	0.559087
4303.02	0.568892
4315.25	0.582058
4325.77	0.603235
4333.09	0.632975
4341.98	0.657051
4349.26	0.61404
4357.03	0.481262
4364.81	0.384036
4370.38	0.356146
4374.4	0.345865
2576.77	0.279212
2571.34	0.315047
2558.54	0.477515
2663.53	0.499506
2762.41	0.498123
2855.69	0.496989
2944.43	0.496113
3028.9	0.495349
3103.83	0.493942
3175.35	0.493738
3244.76	0.493824
3312.27	0.494102
3377.8	0.494539
3441.19	0.495131
3502.26	0.495894
3560.85	0.49686
3616.94	0.498069
3670.44	0.499597
3720.44	0.501731
3765.21	0.500733
3809.81	0.502752
3852.46	0.505084
3892.05	0.50754
3927.73	0.510103
3960.66	0.513548
3992.36	0.517627
4023.38	0.52208
4054.25	0.526585
4085.5	0.530625
4108.21	0.529197
4130.29	0.532287
4151.97	0.533991
4171.34	0.534954
4192.34	0.536294
4210.66	0.538986
4227.55	0.541095
4243.92	0.543471
4258.89	0.547734
4274.03	0.554907
4288.62	0.564113
4302.65	0.575407
4314.07	0.586021
4324.19	0.606842
4333.57	0.639176
4341.56	0.674796
4348.15	0.686464
4355.51	0.549744
4363.62	0.401952
4369.6	0.362218
4372.94	0.349142
2565.34	0.253045
2562.02	0.287104
2554.19	0.497853
2655.74	0.517994
2753.19	0.517043
2846.8	0.516565
2938.08	0.516322
3031.5	0.515683
3100.01	0.508322
3170.03	0.507147
3239.49	0.506848
3307.5	0.506741
3373.66	0.506686
3437.66	0.506674
3499.17	0.506728
3557.84	0.506901
3613.77	0.507272
3666.93	0.507902
3717.06	0.508853
3761.96	0.510068
3807.8	0.511893
3852.18	0.51365
3893.03	0.515713
3926.85	0.515279
3957.08	0.516542
3987.53	0.519464
4018.04	0.51949
4049.34	0.521599
4078.3	0.523466
4103.22	0.523098
4125.55	0.523963
4149.1	0.526708
4170.43	0.530306
4191.12	0.53425
4207.26	0.536877
4226.36	0.540526
4243.34	0.545675
4259.46	0.552335
4272.97	0.558403
4286.96	0.564223
4300.31	0.572877
4313.21	0.584555
4324.15	0.606904
4333.49	0.639462
4341.21	0.675198
4347.6	0.687779
4354.74	0.555133
4362.8	0.405062
4368.78	0.363802
4371.93	0.350013
2558.6	0.237514
2556.26	0.266557
2551.35	0.503472
2650.24	0.519195
2745.97	0.516914
2838.36	0.514652
2927.63	0.512419
3013.36	0.510101
3089.87	0.507194
3163.08	0.50599
3234.2	0.505099
3303.44	0.504396
3370.74	0.503887
3435.93	0.503606
3498.45	0.503602
3557.09	0.504047
3612.9	0.504729
3666.28	0.505664
3717.45	0.50686
3767.55	0.508262
3806.01	0.509392
3855.64	0.511587
3890.52	0.50799
3923.99	0.50981
3955.82	0.511751
3985.59	0.514289
4018.61	0.5172
4046.32	0.517531
4072.7	0.518819
4099.01	0.520673
4122.63	0.523435
4146.46	0.526784
4168.24	0.531056
4186.43	0.534691
4206.16	0.538718
4225.36	0.543545
4241.67	0.548034
4257.55	0.554185
4272.31	0.560137
4284.44	0.564355
4299.39	0.572525
4312.14	0.585794
4323.55	0.607781
4333.07	0.639322
4340.76	0.674125
4347.09	0.684049
4354.2	0.548266
4362.19	0.402192
4368.11	0.362986
4371.18	0.349462
2554.46	0.233743
2552.83	0.263305
2549.29	0.504352
2646.14	0.515894
2740.21	0.513366
2831.17	0.51087
2918.81	0.508487
3002.58	0.506221
3081.26	0.504092
3156.41	0.502447
3228.98	0.501084
3299.42	0.499971
3368.03	0.49911
3434.93	0.498524
3499.62	0.498278
3557.23	0.496747
3612.49	0.497361
3665.83	0.498294
3716.9	0.499476
3764.96	0.500881
3809.87	0.502382
3849.63	0.501897
3887.68	0.503166
3921.54	0.506191
3954.09	0.509624
3984.89	0.511716
4013.96	0.513673
4043.53	0.516766
4070.75	0.520625
4096.58	0.524768
4121.81	0.529099
4143.9	0.531633
4164.24	0.53493
4184.39	0.537539
4203.69	0.539801
4222.75	0.542483
4240.15	0.542997
4256.74	0.546083
4271.88	0.553482
4285.64	0.563413
4298.61	0.574781
4310.25	0.587736
4322.7	0.6087
4332.53	0.638989
4340.27	0.672757
4346.6	0.679381
4353.76	0.539364
4361.72	0.397813
4367.56	0.361304
4370.59	0.348412
2551.81	0.236109
2550.58	0.268074
2547.79	0.515688
2643.04	0.524767
2735.72	0.522514
2825.46	0.520523
2911.99	0.518885
2995.03	0.51765
3074.35	0.516851
3150.47	0.516337
3223.96	0.51599
3295.29	0.515758
3364.98	0.515593
3434.07	0.515379
3505.8	0.514732
3557.65	0.509996
3611.89	0.509633
3665.56	0.509632
3717.22	0.509667
3763.4	0.509138
3806.15	0.51008
3845.63	0.512012
3886.91	0.514103
3918.32	0.510826
3950.37	0.511527
3982.15	0.51393
4012.02	0.516767
4041.05	0.519873
4068.22	0.523427
4092.82	0.526343
4118.4	0.528696
4141.47	0.531121
4160.49	0.532881
4182.4	0.536631
4202.38	0.538612
4219.45	0.539816
4238.24	0.543248
4255.35	0.547529
4270.78	0.553251
4284.89	0.561401
4297.86	0.573381
4310.12	0.587466
4322.34	0.607991
4332.14	0.637896
4339.85	0.671122
4346.16	0.674675
4353.37	0.530796
4361.32	0.393651
4367.11	0.359549
4370.1	0.347332
2550.12	0.241456
2549.12	0.277814
2546.76	0.524545
2640.87	0.531637
2732.48	0.529218
2821.23	0.526981
2906.94	0.524982
2989.51	0.523215
3068.92	0.521653
3145.43	0.520246
3219.37	0.518968
3291.04	0.517818
3360.72	0.516805
3428.63	0.515944
3494.32	0.515265
3553.07	0.514957
3610.01	0.515402
3666.42	0.515847
3724.14	0.516188
3765.43	0.512935
3805.54	0.513269
3847.22	0.51412
3880.49	0.515885
3917.77	0.519126
3949.37	0.518794
3980.29	0.519809
4009.48	0.521238
4039.38	0.523243
4066.79	0.525306
4093.66	0.527951
4116.69	0.529719
4136.55	0.531552
4156.03	0.532077
4177.95	0.531748
4199.19	0.533178
4217.71	0.535524
4237.43	0.539055
4254.79	0.544492
4270.19	0.551923
4283.74	0.561938
4295.79	0.573538
4310.33	0.585704
4322.28	0.605828
4331.91	0.636037
4339.5	0.669259
4345.77	0.670402
4353.02	0.523494
4360.95	0.390183
4366.7	0.358006
4369.67	0.346385
2549.11	0.246526
2548.24	0.284687
2546.17	0.522002
2639.62	0.527678
2730.46	0.525292
2818.39	0.52299
2903.37	0.520823
2985.46	0.518799
3064.72	0.516933
3141.27	0.515244
3215.32	0.513749
3287	0.512458
3356.41	0.51137
3423.52	0.510472
3487.89	0.509735
3548.48	0.509146
3606.77	0.508995
3664.03	0.509152
3722.49	0.509472
3762.57	0.504879
3801.04	0.505811
3842.78	0.507545
3885.27	0.509329
3914.48	0.50656
3945.96	0.506051
3979.29	0.508721
4011.52	0.512586
4039.67	0.514112
4066.39	0.518619
4092.38	0.52257
4112.61	0.523436
4134	0.524214
4156.33	0.526744
4177.34	0.530231
4196.71	0.534095
4218.45	0.538327
4237.01	0.539787
4254.19	0.544648
4269.45	0.551056
4282.08	0.560427
4297.41	0.570653
4310.96	0.583338
4322.42	0.603078
4331.78	0.63381
4339.21	0.667334
4345.41	0.666723
4352.67	0.517543
4360.59	0.387395
4366.3	0.356717
4369.25	0.345591
2548.65	0.250095
2547.88	0.288492
2546.02	0.508366
2639.37	0.513115
2729.71	0.511193
2816.81	0.50931
2901.03	0.507377
2982.54	0.50552
3061.47	0.503771
3137.87	0.502171
3211.82	0.500752
3283.38	0.499529
3352.53	0.498497
3419.26	0.497632
3483.3	0.496919
3544.24	0.496386
3602.56	0.496185
3658.35	0.496231
3711.32	0.496155
3759.71	0.494805
3791.28	0.493207
3835.54	0.493058
3875.27	0.493664
3908.34	0.493253
3943.82	0.495181
3977.26	0.499042
4010.01	0.50306
4041.29	0.507268
4065.57	0.508677
4088.15	0.51236
4112.14	0.513229
4134.81	0.517906
4156.94	0.522199
4178.18	0.525945
4198.61	0.529341
4218.97	0.53263
4237.86	0.536514
4254.84	0.541723
4270.46	0.548542
4284.74	0.557407
4298.78	0.567957
4311.54	0.581191
4322.55	0.600399
4331.63	0.631627
4338.89	0.665529
4345.02	0.663519
4352.3	0.512568
4360.22	0.385093
4365.9	0.355622
4368.84	0.344914
2548.65	0.254236
2547.97	0.292733
2546.33	0.495362
2640.45	0.49909
2730.51	0.497328
2816.4	0.49583
2899.63	0.494347
2980.42	0.492874
3058.93	0.491491
3135.04	0.490252
3208.82	0.489186
3280.23	0.488317
3349.08	0.487659
3415.66	0.487193
3479.76	0.48695
3540.55	0.487008
3598.79	0.487362
3653.36	0.488057
3702.56	0.488217
3749.24	0.488508
3790.67	0.489386
3830.58	0.48857
3869.71	0.490513
3906.18	0.492473
3941.47	0.495057
3973.68	0.498307
4007.74	0.502313
4040.08	0.506581
4064.66	0.507337
4086.31	0.509808
4110.89	0.514557
4134.16	0.519196
4156.49	0.523165
4177.93	0.526526
4198.67	0.529524
4219.04	0.53255
4238.69	0.53613
4254.88	0.540617
4270.82	0.547169
4285.62	0.555545
4299.37	0.566035
4311.76	0.579508
4322.48	0.598241
4331.35	0.629798
4338.49	0.663992
4344.57	0.660554
4351.88	0.507972
4359.8	0.383039
4365.47	0.354638
4368.4	0.344308
2548.99	0.261881
2548.5	0.303642
2547.24	0.492805
2643.88	0.494804
2733.77	0.491853
2816.92	0.489276
2898.91	0.487928
2978.76	0.486695
3056.93	0.485578
3132.63	0.484632
3206.24	0.483871
3277.64	0.483311
3345.86	0.482996
3412.46	0.482882
3477.43	0.482968
3537.27	0.481763
3596.55	0.481656
3646.71	0.481336
3697.45	0.482168
3743.81	0.483672
3786.52	0.485707
3826.83	0.488346
3866.23	0.491546
3903.59	0.495109
3939.34	0.49898
3973.98	0.503009
4005.01	0.50445
4036.24	0.507711
4059.07	0.509268
4083.41	0.512542
4108.93	0.516639
4132.52	0.520924
4155.01	0.524604
4176.52	0.527748
4197.24	0.530642
4217.92	0.53364
4238.74	0.537122
4253.21	0.540467
4270.31	0.546359
4285.53	0.554389
4299.3	0.564773
4311.54	0.57833
4322.12	0.596791
4330.87	0.628516
4337.93	0.662824
4344.01	0.657529
4351.38	0.503243
4359.32	0.381048
4365	0.353695
4367.92	0.343734
2549.44	0.272717
2549.18	0.331648
2548.73	0.504121
2652.34	0.50448
2742.09	0.500672
2816.92	0.496279
2898.57	0.494303
2976.98	0.49289
3055.55	0.491889
3130.38	0.491007
3203.92	0.490477
3276.21	0.490131
3342.23	0.488887
3408.8	0.488868
3469.65	0.488955
3535.08	0.489942
3600.71	0.490526
3646.75	0.483295
3694.56	0.483924
3739.88	0.485036
3782.63	0.486602
3821.84	0.488466
3862.63	0.491276
3900.47	0.494496
3936.21	0.497955
3969.93	0.501589
4001.03	0.505422
4030.57	0.509711
4056.96	0.514087
4083.89	0.518484
4106.9	0.519836
4130.07	0.523143
4152.65	0.525761
4174.03	0.528115
4193.98	0.53065
4214.78	0.533499
4235.45	0.536851
4254.1	0.541435
4269.68	0.545726
4284.86	0.553749
4298.68	0.564085
4310.91	0.577669
4321.43	0.596037
4330.12	0.627933
4337.18	0.662116
4343.31	0.654232
4350.79	0.498044
4358.79	0.379029
4364.48	0.352762
4367.41	0.343177
2549.65	0.271168
2549.31	0.315978
2548.21	0.506295
2646.99	0.507736
2737.54	0.505306
2823.02	0.50339
2899.82	0.50036
2973.32	0.498152
3056.14	0.495778
3127.63	0.493495
3200.96	0.492393
3267.69	0.491228
3338.61	0.490441
3405.18	0.490044
3468.28	0.489947
3530.55	0.490029
3590.28	0.490292
3643.08	0.490906
3693.31	0.492608
3737.6	0.493377
3779.63	0.495969
3821.66	0.498893
3859.82	0.498663
3897.28	0.501102
3932.94	0.503662
3966.38	0.506326
3996.53	0.509286
4021.92	0.512066
4052.35	0.514366
4079.69	0.516936
4104.51	0.519469
4126.81	0.52245
4150.36	0.524979
4171.8	0.527819
4191.88	0.530603
4209.87	0.533299
4232.24	0.536204
4251.66	0.540334
4267.88	0.546462
4283.5	0.553676
4297.62	0.563854
4309.92	0.577463
4320.41	0.59602
4329.08	0.628307
4336.22	0.661994
4342.48	0.6506
4350.12	0.492434
4358.2	0.377027
4363.92	0.351865
4366.86	0.342653
2549.72	0.279093
2549.47	0.331955
2548.54	0.51706
2648.14	0.518032
2736.46	0.515529
2822.72	0.513445
2899.82	0.512189
2980.58	0.510664
3049.67	0.509285
3123.36	0.509143
3198.69	0.508808
3268.74	0.508152
3337.38	0.50721
3403.03	0.506746
3465.71	0.506773
3526.47	0.507151
3584.68	0.508212
3639.95	0.510107
3695.97	0.511381
3735.57	0.508318
3774.6	0.509877
3817.23	0.512672
3856.76	0.515726
3894.83	0.518849
3931.16	0.521793
3966.07	0.523364
3993.4	0.521671
4021.88	0.524114
4050.41	0.525805
4077.41	0.528222
4102.83	0.530698
4127.21	0.53278
4148.26	0.533051
4169.07	0.534667
4187.74	0.536772
4210.11	0.537826
4230.03	0.539556
4250.44	0.543173
4268.74	0.549123
4281.59	0.554771
4296.31	0.56414
4308.66	0.577787
4319.05	0.597038
4327.61	0.630373
4335.06	0.662651
4341.55	0.646967
4349.4	0.487077
4357.56	0.375263
4363.33	0.3511
4366.29	0.342222
2549.49	0.292414
2549.45	0.371691
2549.93	0.51801
2658.92	0.517287
2735.88	0.515595
2812.68	0.514044
2897.03	0.512567
2977.63	0.510945
3054.11	0.50956
3132	0.508524
3199.99	0.507927
3269.53	0.50795
3337.38	0.508162
3402.1	0.507941
3463.26	0.50789
3523.14	0.507924
3580.18	0.508155
3634.2	0.508601
3685.74	0.509154
3731.32	0.509825
3775.29	0.511649
3814.06	0.510739
3853.37	0.511626
3889.74	0.512182
3926.46	0.513127
3960.52	0.514173
3991.29	0.515286
4019.74	0.51814
4048.98	0.52117
4075.85	0.524589
4101.12	0.527794
4124.8	0.530734
4146.61	0.533517
4168.42	0.536394
4189.1	0.53963
4210.34	0.543283
4231.29	0.547863
4249.32	0.549209
4266.73	0.554861
4282.3	0.562494
4295.28	0.570387
4307.22	0.582514
4317.33	0.602049
4325.34	0.634582
4333.85	0.663796
4340.65	0.644394
4348.67	0.483485
4356.92	0.374136
4362.72	0.350627
4365.71	0.341971
2548.69	0.27808
2548.38	0.332283
2547.38	0.508218
2644.4	0.509364
2730.67	0.505869
2813.48	0.503552
2896.34	0.502058
2977.15	0.5006
3055.42	0.499376
3131.81	0.498482
3203.91	0.497858
3273.63	0.497699
3338.72	0.497575
3402.94	0.497825
3460.28	0.49853
3520.78	0.49934
3576.83	0.499758
3629.04	0.499642
3679.58	0.499407
3726.8	0.49861
3769.76	0.498105
3811.13	0.49884
3850.38	0.500866
3887.75	0.503178
3923.89	0.506023
3958.08	0.509045
3989.82	0.51248
4020.96	0.516159
4047.96	0.517732
4073.96	0.520331
4099.16	0.52266
4122.43	0.524745
4143.16	0.526946
4167.12	0.528331
4188.06	0.53059
4209	0.533266
4229.62	0.536359
4248.36	0.540221
4265.81	0.546006
4281.37	0.553768
4294.33	0.564621
4306.61	0.577322
4317.17	0.595934
4325.85	0.629288
4333.38	0.661712
4339.96	0.644106
4347.99	0.483056
4356.29	0.373809
4362.13	0.350442
4365.13	0.341872
2547.77	0.264557
2547.23	0.303093
2545.77	0.501415
2638.95	0.503972
2727.33	0.50156
2812.55	0.499542
2895.97	0.497856
2977.41	0.496372
3056.77	0.495065
3134.07	0.493897
3208.32	0.492844
3276.71	0.491795
3342.16	0.491598
3406.76	0.491697
3465.27	0.489387
3520.9	0.488021
3572.8	0.486869
3626.92	0.48548
3676.52	0.486574
3723.38	0.487862
3766.7	0.489583
3808.23	0.491832
3847.19	0.49452
3884.9	0.497406
3921.2	0.500542
3956.03	0.503859
3986.94	0.50496
4017.75	0.507156
4046.15	0.508925
4073.88	0.511571
4099.7	0.515773
4123.69	0.519794
4146.15	0.523463
4168.38	0.526594
4188.9	0.529674
4206.01	0.533161
4227.84	0.53675
4246.65	0.541483
4264.73	0.547538
4280.93	0.555472
4295.51	0.565721
4305.58	0.576608
4316.7	0.59348
4325.57	0.625598
4332.85	0.659602
4339.32	0.643155
4347.36	0.481514
4355.69	0.372684
4361.56	0.349705
4364.58	0.341348
2547.04	0.259389
2546.42	0.297891
2544.92	0.50598
2636.67	0.509045
2725.51	0.506939
2811.73	0.504974
2895.82	0.503133
2977.95	0.501414
3058.32	0.499829
3137.46	0.498383
3216.71	0.497049
3280.86	0.492889
3344.51	0.491582
3405.52	0.490129
3466.74	0.488824
3523.65	0.488492
3579.16	0.488838
3627.14	0.487678
3674.06	0.48806
3721.35	0.488013
3763.27	0.489981
3805.78	0.492646
3843.09	0.493104
3881.33	0.495206
3917.85	0.496941
3950.38	0.498566
3984.42	0.5011
4015.93	0.504653
4045.48	0.508494
4073.62	0.512432
4100.06	0.516298
4124.52	0.519986
4147.46	0.523547
4169.48	0.526902
4189.39	0.528721
4208.41	0.531626
4227.15	0.535098
4243.69	0.540066
4263.54	0.545636
4280.1	0.553046
4294.4	0.563037
4306.48	0.576387
4316.28	0.590472
4324.94	0.622561
4332.12	0.65727
4338.62	0.637438
4346.79	0.472899
4355.13	0.368305
4361.04	0.347096
4364.08	0.339495
2546.57	0.259086
2545.96	0.299189
2544.51	0.514604
2635.73	0.51756
2724.72	0.515315
2811.41	0.513185
2895.95	0.511174
2978.5	0.509299
3059.27	0.507593
3138.83	0.506055
3218.64	0.504668
3282.99	0.502788
3347.49	0.502306
3410.27	0.501833
3470.5	0.501377
3525.78	0.500969
3578.81	0.501318
3628.89	0.502151
3679.08	0.503161
3722.58	0.503766
3757.12	0.499765
3799.24	0.499977
3840	0.501721
3878.36	0.503492
3914.72	0.505457
3949.03	0.507752
3982.27	0.50983
4013.95	0.512318
4044.16	0.514894
4073.03	0.517387
4100.43	0.519779
4124.94	0.520253
4147.79	0.522111
4168.5	0.524268
4189.84	0.526392
4209.6	0.529199
4228.38	0.532404
4246.06	0.536487
4263.62	0.541572
4279.5	0.548838
4293.46	0.55853
4305.37	0.571662
4314.96	0.589556
4323.84	0.618945
4331.14	0.651817
4337.91	0.617738
4346.33	0.449162
4354.53	0.35851
4360.55	0.341441
4363.65	0.335464
2546.35	0.259918
2545.77	0.30085
2544.4	0.514818
2635.53	0.517718
2724.66	0.515632
2811.63	0.513689
2896.43	0.511928
2979.1	0.510354
3059.66	0.508968
3138.06	0.507759
3213.69	0.506734
3283.27	0.506107
3350.43	0.505745
3415.78	0.505734
3477.43	0.506356
3528.36	0.505052
3579.56	0.506283
3628.69	0.507464
3673.07	0.50866
3718.18	0.510918
3758.47	0.513348
3799.02	0.515065
3838.59	0.516802
3876.51	0.519043
3912.75	0.521562
3947.33	0.524247
3980.49	0.526887
4012.25	0.529683
4042.93	0.532503
4072.85	0.535059
4103.32	0.536872
4125.96	0.5336
4147.96	0.534964
4169.17	0.536966
4189.92	0.539038
4209.81	0.541363
4228.73	0.544098
4246.54	0.547613
4263.33	0.55194
4278.71	0.557447
4292.46	0.56464
4304.51	0.573656
4315.08	0.5836
4322.49	0.589137
4330.27	0.576013
4337.81	0.495667
4346.05	0.387837
4353.45	0.34515
4360.08	0.333779
4363.28	0.329675
2546.34	0.260723
2545.79	0.301758
2544.45	0.510933
2635.77	0.513659
2725.11	0.511533
2812.32	0.509509
2897.31	0.507633
2980.04	0.505921
3060.41	0.504388
3138.2	0.503053
3212.94	0.501958
3284.15	0.501104
3353.33	0.50052
3423.1	0.500149
3476.37	0.496095
3531.92	0.496085
3581.52	0.495173
3629.03	0.496346
3673.67	0.497946
3716.85	0.499922
3757.86	0.501698
3798.03	0.503694
3837.08	0.505612
3874.61	0.507444
3910.71	0.509198
3945.34	0.510935
3978.43	0.512718
4009.92	0.514512
4040.79	0.516105
4070.43	0.517691
4098.95	0.518968
4124.77	0.51883
4147.43	0.521266
4168.85	0.524048
4189.59	0.526695
4209.82	0.529322
4229.06	0.532592
4246.9	0.536844
4263.51	0.542455
4278.74	0.549927
4292.4	0.559824
4304.41	0.572944
4314.74	0.589603
4323.18	0.617131
4329.83	0.639351
4337.01	0.565313
4346.08	0.399658
4354.16	0.340286
4360.03	0.329313
4363.02	0.325741
2546.53	0.261596
2545.98	0.303065
2544.62	0.519963
2636.31	0.522702
2725.99	0.520475
2813.46	0.518384
2898.62	0.516468
2981.46	0.514738
3061.85	0.513202
3139.44	0.511877
3213.78	0.510783
3285.08	0.509926
3353.57	0.509302
3418.35	0.508933
3477.75	0.509531
3539.46	0.509595
3583.57	0.50434
3630.25	0.504801
3673.76	0.505002
3715.69	0.505726
3756.08	0.506777
3796.17	0.507934
3835.08	0.509176
3872.14	0.510553
3908.14	0.51208
3942.85	0.513725
3975.93	0.515525
4006.18	0.517627
4037.82	0.519846
4067.09	0.522605
4095.22	0.525564
4124.7	0.528406
4146.17	0.526141
4167.27	0.527644
4187.85	0.52949
4208.89	0.531258
4228.81	0.533451
4246.49	0.536585
4263.05	0.539509
4278.29	0.546497
4291.97	0.555879
4303.97	0.568336
4314.24	0.584362
4322.62	0.612586
4329.26	0.633459
4336.73	0.562367
4346.06	0.396201
4354.18	0.3391
4359.78	0.327848
4362.63	0.324063
2546.91	0.261874
2546.34	0.302543
2544.96	0.519494
2637.29	0.522206
2727.46	0.519926
2815.22	0.517778
2900.56	0.515801
2983.6	0.514004
3064.29	0.51239
3142.14	0.510965
3215.86	0.509744
3287	0.508782
3355.69	0.508031
3417.15	0.507417
3474.98	0.507502
3530.91	0.50772
3581.81	0.507999
3634.51	0.508894
3674.45	0.507459
3714.99	0.50854
3752.83	0.510131
3794.17	0.512442
3833.98	0.514423
3869.38	0.514215
3905.63	0.516085
3940.94	0.517917
3974.62	0.519799
4007.12	0.521718
4035.31	0.521502
4063	0.523333
4088.29	0.525362
4117.79	0.526702
4142.44	0.528077
4164.49	0.530588
4183.54	0.533643
4207.67	0.536881
4228.79	0.54006
4248.39	0.543668
4261.87	0.546404
4277.34	0.552273
4291.12	0.559493
4303.19	0.56822
4313.51	0.577258
4322.22	0.576153
4330.23	0.526298
4337.31	0.428292
4346.28	0.35463
4353.85	0.332876
4359.21	0.326298
4361.94	0.323445
2547.49	0.262124
2546.91	0.301809
2545.5	0.51973
2638.82	0.52246
2729.67	0.520229
2817.68	0.518202
2903.06	0.516372
2986.28	0.51471
3067.76	0.513216
3147.12	0.511977
3218.67	0.51157
3289.49	0.51095
3363.17	0.510119
3417.78	0.505305
3472.31	0.504594
3525.56	0.504337
3576.41	0.504081
3625.63	0.503968
3670.54	0.503627
3713.47	0.504224
3755.48	0.505227
3791.89	0.504558
3827.23	0.504491
3867.35	0.503192
3903.06	0.50418
3939.73	0.505916
3973.49	0.508558
4005.09	0.51149
4034.67	0.514284
4062.77	0.517657
4089.54	0.520955
4116.3	0.523816
4141.17	0.526265
4164.15	0.528677
4185.73	0.531141
4207.64	0.533688
4228.45	0.536781
4245.39	0.539977
4261.73	0.545075
4277.2	0.55216
4291.26	0.561988
4303.55	0.575252
4314.05	0.592828
4322.69	0.624275
4329.91	0.645033
4337.56	0.539504
4345.99	0.393427
4354.18	0.339216
4359.83	0.328249
4362.69	0.32455
2548.28	0.263156
2547.72	0.302184
2546.31	0.515211
2641.2	0.517773
2733.07	0.515437
2821.08	0.513256
2905.99	0.511277
2988.92	0.509482
3071.53	0.507861
3158.11	0.506336
3220.48	0.500735
3287.25	0.499767
3353.59	0.498427
3414.53	0.495841
3469.49	0.493975
3521.99	0.493413
3571.76	0.492991
3621.53	0.492662
3667.89	0.493391
3711.65	0.494897
3754.06	0.496888
3790.29	0.498261
3825.07	0.500998
3866.8	0.503043
3905.17	0.505926
3939.32	0.506956
3972.44	0.509284
4003.03	0.511726
4033.49	0.514582
4061.89	0.518311
4088.88	0.52181
4114.78	0.524925
4139.92	0.527679
4163.34	0.530331
4185.72	0.533096
4206.78	0.535841
4227.74	0.539314
4242.96	0.54131
4262.85	0.545851
4276.47	0.550466
4291.14	0.559488
4303.7	0.571892
4314.38	0.587906
4323.17	0.616674
4330.28	0.64486
4337.06	0.582149
4344.99	0.399642
4354.16	0.343134
4360.16	0.331246
4363.16	0.327237
2549.29	0.26617
2548.8	0.307968
2547.48	0.515413
2644.89	0.517697
2738.6	0.515456
2825.87	0.513519
2909.14	0.512073
2990.04	0.510765
3069.3	0.509497
3146.58	0.508396
3215.88	0.507852
3283.49	0.507893
3350.4	0.508073
3418.67	0.50833
3468.61	0.502788
3520.09	0.5029
3571.41	0.503612
3618.78	0.502588
3665.79	0.503393
3709.12	0.503866
3749.76	0.505036
3789.8	0.505358
3828.94	0.506534
3867.49	0.508015
3904.64	0.509911
3939.62	0.51214
3972.76	0.514555
4003.51	0.517259
4032.33	0.518582
4060.45	0.521501
4087.37	0.523977
4112.13	0.526465
4138.54	0.528914
4161.73	0.530482
4183.65	0.532257
4205.75	0.534518
4226.28	0.5383
4245.8	0.543255
4261.37	0.546691
4276.63	0.552949
4291.06	0.561357
4303.65	0.574515
4314.4	0.591693
4323.4	0.622634
4330.66	0.654932
4337.3	0.615733
4345.77	0.437641
4354.45	0.353285
4360.45	0.337077
4363.5	0.331637
2550.43	0.270653
2550.04	0.320316
2549.03	0.51581
2650.47	0.517125
2748.82	0.514212
2832.93	0.509813
2912.95	0.507602
2991.04	0.506058
3067.26	0.504924
3141.22	0.503948
3211.24	0.503013
3278.65	0.502378
3343.94	0.501909
3406.67	0.501456
3462.67	0.500568
3516.3	0.501411
3568.5	0.502617
3616.88	0.503486
3661.84	0.505164
3709.08	0.506905
3752.63	0.508912
3794.27	0.511036
3831.59	0.512232
3868.29	0.514327
3905.42	0.516166
3940.79	0.518036
3974.23	0.519953
4005.27	0.521937
4031.86	0.523808
4059.02	0.526469
4085.72	0.52686
4113.62	0.52853
4136.84	0.529305
4160.35	0.53156
4180.28	0.534376
4204.34	0.537258
4223.85	0.541704
4245.25	0.546968
4263.77	0.554026
4278.23	0.560112
4290.76	0.564924
4303.37	0.57815
4313.97	0.597763
4323.41	0.629502
4331.02	0.662383
4337.7	0.640158
4346.06	0.469749
4354.69	0.364692
4360.74	0.343453
4363.83	0.336019
2551.51	0.271245
2551.18	0.328449
2550.51	0.524383
2657.17	0.524998
2771.38	0.522341
2842.39	0.515469
2916.97	0.513076
2992.12	0.511341
3065.68	0.509794
3137.94	0.508578
3207.33	0.507656
3274.01	0.507015
3338.1	0.506666
3399.46	0.506674
3457.17	0.507162
3512.01	0.5077
3563.07	0.508496
3615.28	0.509589
3664.59	0.510573
3710.75	0.511183
3755.44	0.512606
3799.8	0.514216
3834.09	0.511974
3866.52	0.514548
3906.92	0.516542
3943.1	0.519254
3977.69	0.522219
4007.31	0.523525
4034.55	0.523887
4060.7	0.526401
4088.62	0.528873
4111.29	0.531162
4138.3	0.532722
4162.36	0.534741
4184.33	0.537146
4205.53	0.540056
4224.91	0.544234
4245.54	0.549029
4263.52	0.55592
4279.58	0.565567
4291.32	0.575137
4303	0.58306
4312.52	0.605886
4323.34	0.635468
4331.4	0.667121
4338.19	0.652984
4346.4	0.48992
4355.01	0.373985
4361.1	0.348929
4364.21	0.33987
2552.41	0.258125
2551.8	0.298563
2550.37	0.52202
2653.97	0.524563
2754.85	0.52207
2843.54	0.519676
2918.03	0.516729
2993.4	0.515223
3063.93	0.513517
3136.97	0.51212
3205.55	0.511392
3271.34	0.511096
3334.48	0.511014
3395.95	0.511179
3452.56	0.511676
3509.27	0.512561
3562.98	0.513556
3616.08	0.514504
3670.22	0.515494
3712.77	0.51291
3757.27	0.51417
3801.95	0.515656
3839.01	0.515509
3875.37	0.516383
3910.64	0.515263
3945.02	0.51608
3976.2	0.517749
4006.46	0.519568
4037.63	0.522314
4065.68	0.525678
4092.55	0.528826
4117.48	0.531839
4142.32	0.53444
4165.83	0.537213
4187.89	0.540314
4208.21	0.543996
4227.59	0.5493
4246.44	0.556039
4263.13	0.560214
4279.29	0.568253
4293.33	0.578931
4303.45	0.586508
4314.37	0.606629
4324.08	0.637751
4332.03	0.669926
4338.83	0.659977
4346.92	0.501584
4355.49	0.380263
4361.59	0.352805
4364.73	0.342725
2553.46	0.245204
2552.5	0.280538
2550.22	0.521104
2651.42	0.527137
2748.53	0.524818
2838.12	0.522805
2919.16	0.521102
2996.66	0.519502
3071.63	0.518065
3138.71	0.515968
3204.82	0.514819
3268.08	0.513623
3333.14	0.51262
3394.15	0.512571
3451.35	0.512945
3507.68	0.513561
3561.64	0.514386
3613.88	0.515422
3665.37	0.516615
3709.71	0.51686
3756.79	0.51883
3806.62	0.520337
3842.87	0.520293
3879.24	0.522518
3916.2	0.52217
3948.7	0.521177
3981.53	0.522701
4011.95	0.525315
4041.77	0.528168
4069.82	0.530936
4096.49	0.533555
4121.83	0.535958
4145.78	0.538081
4168.85	0.540915
4191.28	0.544326
4209.89	0.545039
4228.84	0.548406
4243.43	0.552114
4263.45	0.556214
4280.07	0.564338
4294.17	0.575933
4305.65	0.591885
4315.24	0.611536
4324.65	0.640515
4332.73	0.672458
4339.59	0.664369
4347.62	0.508488
4356.16	0.384069
4362.27	0.355136
4365.41	0.344475
2555.08	0.236743
2553.72	0.268295
2550.63	0.520284
2651.02	0.530136
2747.83	0.527816
2839.49	0.525665
2922.18	0.523854
3000.75	0.522442
3069.64	0.521221
3137.62	0.52054
3207.2	0.520045
3275.23	0.519473
3334.01	0.518473
3394.33	0.518467
3449.15	0.518726
3506.56	0.519669
3560.1	0.520405
3610.48	0.52135
3657.38	0.522764
3701.93	0.524982
3751.53	0.527033
3799.89	0.528592
3842.71	0.530788
3883.68	0.531936
3925.91	0.533572
3957.44	0.527593
3987.26	0.528799
4016.07	0.531202
4045.75	0.533725
4073.42	0.536425
4099.88	0.53932
4125.7	0.542138
4148.24	0.542157
4170.63	0.544104
4190.9	0.546561
4210.6	0.549448
4228.19	0.553475
4246.98	0.557734
4265.05	0.564076
4281.24	0.572538
4295.5	0.583727
4308.1	0.599392
4317.28	0.619834
4324.62	0.646545
4333.49	0.675219
4340.53	0.667733
4348.54	0.512884
4357.06	0.38602
4363.15	0.356179
4366.29	0.34523
2557.78	0.232663
2555.84	0.26178
2551.67	0.51478
2652.3	0.528965
2750.34	0.526662
2848.04	0.52434
2927.61	0.521739
2997.85	0.519694
3071.19	0.518562
3141.15	0.517638
3209.41	0.516926
3274.97	0.51634
3336.76	0.515807
3397.37	0.515514
3456.09	0.515472
3507.52	0.514957
3559.94	0.515503
3608.82	0.516028
3649.98	0.515684
3687.32	0.516521
3745.69	0.516607
3796.93	0.51577
3842.66	0.515784
3885.09	0.516941
3925.29	0.518328
3960.92	0.519761
3992.03	0.521838
4022.09	0.524817
4050.93	0.527137
4077.14	0.527119
4102.61	0.528918
4125.96	0.530703
4150.66	0.533269
4173.69	0.536356
4193.62	0.537378
4212.35	0.53851
4228.8	0.542875
4249.7	0.547727
4267.69	0.554089
4283.56	0.562558
4297.48	0.573708
4309.7	0.587577
4319.27	0.614929
4327.99	0.645485
4334.99	0.671454
4341.82	0.669655
4349.73	0.514888
4358.19	0.385964
4364.24	0.355949
4367.36	0.345034
2562.2	0.234217
2559.38	0.263104
2553.39	0.501006
2654.3	0.520427
2751.21	0.518361
2843.2	0.516375
2925.93	0.514033
3001.45	0.512524
3074.51	0.511561
3144.79	0.510788
3212.66	0.510198
3276.84	0.509966
3339.04	0.509617
3400.59	0.509236
3455.32	0.507779
3510.42	0.507454
3560.36	0.505598
3606.53	0.505404
3654.09	0.505439
3699.79	0.507763
3744.93	0.510895
3797.44	0.513373
3843.9	0.515357
3886.72	0.517337
3927.24	0.519324
3966.96	0.521076
3995.94	0.518881
4024.95	0.520437
4052.04	0.522774
4081.08	0.52564
4105.06	0.526218
4130.76	0.529102
4152.89	0.529059
4174.21	0.53052
4194.53	0.533295
4215.8	0.536742
4234.67	0.541078
4253.31	0.546304
4270.42	0.553121
4285.77	0.562103
4299.08	0.574178
4311.72	0.588
4322.63	0.613962
4330.36	0.642003
4337.52	0.668905
4343.52	0.645279
4351.22	0.507524
4359.55	0.383023
4365.52	0.354416
4368.62	0.343996
2569.77	0.25007
2565.94	0.286723
2556.25	0.485366
2658.49	0.508581
2755.17	0.506858
2845.9	0.505161
2929.88	0.503582
3005.98	0.502422
3079.04	0.501648
3149.27	0.501075
3218	0.500517
3279.1	0.49761
3340.31	0.496627
3398.69	0.495749
3456.06	0.493734
3507.6	0.493037
3562.81	0.492973
3613.38	0.493807
3662.34	0.494991
3709.38	0.496466
3753.25	0.498333
3802.05	0.499914
3846.9	0.502106
3888.77	0.504387
3928.09	0.50689
3964.65	0.509685
3996.83	0.511279
4027.02	0.514114
4055.53	0.517189
4082.76	0.520619
4109.05	0.522016
4131.44	0.523567
4155.08	0.526032
4178.21	0.529011
4199.2	0.532572
4219.72	0.536148
4238.83	0.540111
4256.47	0.544847
4272.91	0.551358
4288	0.559753
4299.35	0.569282
4313.28	0.581236
4324.23	0.59934
4332.29	0.632744
4339.62	0.659855
4346	0.626107
4353.06	0.474347
4361.04	0.378648
4366.91	0.352672
4370.02	0.34294
2583.73	0.288249
2576.94	0.321574
2561.7	0.472756
2666.48	0.497496
2763.3	0.497682
2853.62	0.497891
2940.09	0.497791
3011.97	0.493006
3084.81	0.492333
3153.6	0.491813
3218.77	0.490848
3281	0.487284
3342.65	0.486777
3401.17	0.486389
3459.32	0.48708
3514.06	0.487982
3568	0.48913
3619.94	0.490457
3670.59	0.492006
3720.18	0.4938
3766.82	0.496267
3808.55	0.493429
3850.83	0.495169
3891.32	0.496618
3929.65	0.498147
3965.68	0.500175
3998.97	0.503755
4029.67	0.50772
4058.01	0.511374
4083.88	0.515052
4111.82	0.51901
4136.8	0.523404
4161.12	0.527701
4182.39	0.530329
4202.44	0.533536
4223.13	0.537269
4242.5	0.541852
4258.87	0.544498
4274.74	0.549905
4288.53	0.557385
4302.8	0.567698
4315.68	0.581097
4326.51	0.602124
4335.44	0.637344
4341.78	0.665996
4347.77	0.664505
4355.09	0.504606
4362.3	0.381136
4368.27	0.353591
4371.54	0.343531
2604.11	0.320627
2594.13	0.347679
2574.44	0.46258
2680.63	0.47857
2776.15	0.479424
2863.47	0.480289
2940.32	0.480874
3019.74	0.481916
3094.92	0.482664
3157.91	0.477979
3219.9	0.47768
3285.72	0.478079
3347.63	0.478876
3406.78	0.479886
3464.16	0.48111
3519.44	0.482528
3573.29	0.484161
3625.82	0.485978
3677.89	0.48791
3731.87	0.489633
3769.27	0.484257
3813.54	0.486524
3855.46	0.489204
3895.18	0.492136
3932.97	0.495261
3967.92	0.498773
4001.55	0.502619
4030.99	0.503632
4060.89	0.506509
4088.56	0.510888
4115.53	0.51515
4140.89	0.519286
4164.29	0.5234
4186.22	0.527885
4207.42	0.532436
4225.96	0.534038
4243.15	0.536509
4261	0.540486
4277.05	0.546593
4291.79	0.55457
4305.61	0.564774
4317.99	0.57819
4328.56	0.596841
4337.1	0.63062
4343.35	0.674087
4349.45	0.689681
4356.43	0.556295
4364.29	0.398708
4369.52	0.357976
4373.34	0.345424
2632.35	0.33573
2619.48	0.36768
2591.2	0.450654
2703.17	0.4619
2799.15	0.465081
2882.58	0.468161
2961.76	0.470963
3030.05	0.467672
3094.53	0.467768
3164.44	0.468507
3229.19	0.469227
3292.55	0.470026
3353.54	0.470848
3412.31	0.471766
3469.2	0.472803
3524.31	0.473968
3577.92	0.475266
3630.16	0.476692
3681.2	0.478227
3730.69	0.479851
3774.96	0.481544
3818.74	0.484074
3860.13	0.487157
3898.8	0.490609
3936.97	0.493832
3969.38	0.493354
4000.51	0.495533
4033.37	0.498992
4063.92	0.502941
4091.9	0.507554
4118.82	0.512437
4144.94	0.517348
4166.99	0.517954
4188.86	0.521391
4209.03	0.524886
4228.81	0.529515
4246.51	0.534502
4262.99	0.539259
4278.66	0.545673
4293.95	0.553268
4307.79	0.563559
4320	0.577592
4330.43	0.597708
4338.96	0.634569
4345.91	0.678053
4351.08	0.694144
4358.23	0.560341
4366.64	0.39971
4372.7	0.357626
4376.04	0.344061
2671.61	0.343526
2658.84	0.383033
2619.38	0.427137
2739.6	0.446717
2832.83	0.452464
2904.23	0.452835
2969.97	0.455469
3041.76	0.458179
3108.42	0.460057
3174.39	0.461598
3238.08	0.462853
3299.94	0.463974
3359.83	0.465011
3417.83	0.466025
3474.09	0.467058
3528.73	0.468133
3581.91	0.469272
3633.66	0.470488
3683.97	0.47179
3732.65	0.473181
3779.1	0.474759
3824.24	0.476682
3865.46	0.479637
3900.86	0.478891
3934.8	0.48092
3970.79	0.483858
4003.72	0.48774
4035.98	0.491695
4067.45	0.495863
4094.23	0.496568
4120.91	0.500442
4144.57	0.504411
4169.52	0.509513
4191.9	0.515125
4212.48	0.520604
4231.79	0.525729
4249.59	0.530656
4266.03	0.535807
4278.69	0.541879
4295.54	0.549294
4309.58	0.559082
4321.69	0.572349
4332.03	0.589827
4340.47	0.622901
4346.88	0.663173
4351.79	0.659764
4360.72	0.503698
4369.75	0.379618
4375.98	0.349694
4379.2	0.338189
2721.77	0.348771
2723.53	0.39274
2735.83	0.420271
2800.6	0.433219
2864.22	0.433547
2928.08	0.439363
2991.66	0.443988
3056.94	0.447604
3121.33	0.450426
3184.92	0.452758
3247.05	0.454759
3307.5	0.456526
3366.21	0.458062
3423.24	0.459432
3478.69	0.460708
3532.7	0.46193
3585.34	0.463162
3636.59	0.464457
3686.32	0.465861
3734.79	0.467297
3782.44	0.468781
3831.54	0.47015
3864.89	0.465378
3903.05	0.466931
3939.32	0.469827
3973.1	0.473325
4005.47	0.477763
4037.23	0.479014
4066.76	0.481784
4096.69	0.485935
4123.75	0.491606
4148.63	0.497579
4172.51	0.503555
4194.71	0.509498
4215.22	0.515368
4234.35	0.520776
4252.11	0.525728
4268.51	0.530345
4283.36	0.535086
4297.95	0.540974
4311.3	0.548947
4323.15	0.559195
4333.43	0.572028
4342.22	0.584466
4348.78	0.570034
4355.67	0.494328
4365.36	0.401023
4373.83	0.354114
4379.69	0.337184
4382.7	0.328953
2768.11	0.352212
2776.25	0.389139
2797.88	0.40446
2841.52	0.413287
2893.89	0.42014
2950.71	0.425756
3010.1	0.430368
3071.43	0.434195
3133.39	0.437449
3195.2	0.440379
3255.99	0.443195
3315.03	0.445965
3372.45	0.448353
3428.38	0.450411
3482.84	0.452285
3536.1	0.453918
3588.19	0.455437
3639.02	0.456954
3687.87	0.45876
3735.65	0.460235
3782.18	0.461653
3827.2	0.46318
3868.13	0.464374
3904.87	0.466095
3944.09	0.468473
3974.59	0.46162
4002.45	0.461788
4038.85	0.4663
4070.62	0.471671
4099.75	0.478294
4126.55	0.484524
4151.49	0.490353
4175.05	0.495841
4197.14	0.501019
4217.35	0.506851
4236.36	0.511712
4254.12	0.516126
4270.7	0.51988
4286.48	0.521743
4299.77	0.517414
4312.73	0.515893
4324.47	0.511311
4334.88	0.499267
4343.78	0.47141
4353.2	0.429525
4362.06	0.380341
4370.85	0.350097
4378.27	0.333636
4383.53	0.324457
4386.26	0.318631
2804.3	0.350891
2814.2	0.384311
2836.41	0.396287
2872.37	0.402614
2917.73	0.407783
2969.31	0.411967
3025.07	0.415429
3083.68	0.418378
3143.95	0.421006
3204.81	0.423577
3264.89	0.426492
3322.42	0.430219
3378.34	0.433272
3433.13	0.435573
3486.3	0.437698
3538.73	0.439455
3590.33	0.440965
3641.42	0.442099
3688.45	0.441328
3735.67	0.441985
3781.31	0.442238
3824.86	0.441668
3864.06	0.440029
3904.77	0.438768
3942.7	0.439367
3976.77	0.438645
4009.21	0.440237
4042.93	0.443123
4074.98	0.446438
4103.03	0.453879
4129.13	0.459706
4153.77	0.463776
4177.16	0.466402
4199.63	0.467112
4218.95	0.462291
4237.97	0.461115
4255.78	0.459664
4272.27	0.456369
4286.8	0.449956
4301.93	0.445491
4315.32	0.436225
4327.47	0.420724
4338.58	0.398702
4348.78	0.374849
4358.47	0.354506
4367.43	0.33852
4375.53	0.327398
4382.22	0.31977
4386.98	0.313926
4389.46	0.308981
2828.55	0.348546
2838.64	0.380186
2859.98	0.390565
2892.45	0.395144
2933.97	0.397959
2982.33	0.399891
3035.7	0.401431
3092.69	0.402689
3152.25	0.403732
3213.44	0.404733
3274.59	0.406148
3329.6	0.40994
3383.52	0.414426
3437.63	0.41738
3488.6	0.413559
3540.24	0.412675
3591.02	0.411353
3639.97	0.40978
3689.11	0.408295
3736.27	0.408466
3781.58	0.408396
3824.83	0.408142
3865.69	0.407757
3905.41	0.407921
3943.14	0.407919
3978.6	0.407969
4012.71	0.40868
4046.71	0.409874
4081.39	0.410026
4106.39	0.403281
4131.4	0.401157
4155.58	0.399124
4178.57	0.396208
4199.07	0.391431
4220.6	0.388161
4240.1	0.386468
4258.11	0.383847
4274.78	0.380183
4290.14	0.375367
4304.81	0.369729
4318.34	0.362534
4330.77	0.354205
4342.19	0.345358
4352.69	0.336558
4362.39	0.328618
4371.18	0.321865
4378.88	0.316139
4385.13	0.310834
4389.57	0.305313
4391.89	0.299535
2840.65	0.346446
2850.62	0.377164
2871.35	0.386549
2902.36	0.390117
2942.17	0.391921
2989	0.39287
3041.21	0.393295
3097.55	0.393377
3157.25	0.393218
3220.33	0.392869
3288.54	0.392328
3335.99	0.378562
3386.71	0.374354
3435.47	0.36851
3489.1	0.36571
3541.13	0.365296
3591.9	0.364931
3641.34	0.364587
3689.87	0.364259
3736.86	0.363945
3782.05	0.363648
3825.29	0.36337
3866.53	0.363111
3906.12	0.36286
3943.88	0.362599
3979.8	0.362321
4014.32	0.362003
4047.81	0.361611
4079.72	0.361115
4107.21	0.357129
4132.78	0.356417
4156.98	0.355624
4179.85	0.354617
4201.23	0.353377
4222.03	0.351975
4241.5	0.350305
4259.59	0.348272
4276.38	0.345834
4291.97	0.342971
4306.58	0.339709
4320.14	0.336053
4332.66	0.332079
4344.18	0.327894
4354.76	0.323599
4364.43	0.319252
4373.11	0.314788
4380.63	0.310002
4386.7	0.304625
4390.98	0.297924
4393.12	0.291721
4086.19	0.417091
4106.44	0.417417
4131.31	0.419421
4155.45	0.423331
4178.55	0.429092
4194.47	0.434977
4201.34	0.466512
4218.73	0.46756
4237.84	0.468803
4255.65	0.471284
4272.18	0.475632
4284.53	0.481018
4288.73	0.510706
4299.59	0.51133
4312.64	0.508238
4324.39	0.503364
4334.76	0.497393
4342.6	0.495339
4344.31	0.535414
4348.64	0.535237
4351.27	0.500549
2673.36	0.515448
2736.37	0.514372
2798.53	0.512694
2828.36	0.510211
2899.54	0.508835
2981.11	0.506303
3034.67	0.503874
3061.04	0.499276
3127.36	0.498134
3201.54	0.496704
3252.06	0.49531
3279.31	0.495663
3341.91	0.494693
3409.34	0.493668
3453.71	0.492495
3479.51	0.492576
3536.92	0.49192
3596.61	0.491998
3632	0.491537
3654.46	0.493903
3702.15	0.493375
3748.93	0.493238
3773.56	0.493062
3786.34	0.493824
3745.56	0.523622
3766.04	0.523228
3805.67	0.52345
3846.37	0.523331
3880.52	0.524863
3917.13	0.524857
3949.3	0.525197
3980.69	0.524974
4002.51	0.524741
4013.44	0.526061
4039.17	0.526513
4066.16	0.528484
4091.71	0.529505
4112.6	0.531394
4133.79	0.532171
4156.14	0.533353
4177.03	0.534399
4195.26	0.535343
4197.95	0.538165
4106.81	0.545616
4126.17	0.546373
4147.86	0.547515
4169.08	0.549041
4189.79	0.550686
4209.67	0.552653
4228.58	0.554893
4246.41	0.557379
4263.17	0.559869
4278.54	0.562294
4292.31	0.56398
4304.41	0.563418
4314.93	0.557856
4322.64	0.536099
4330.5	0.497115
4338.02	0.428062
4345.93	0.374592
4349.26	0.349463
4168.33	0.505551
4183.65	0.509506
4189.83	0.52815
4200.9	0.529106
4218.39	0.533149
4234.98	0.538499
4249.96	0.544657
4255.14	0.562371
4262.83	0.563463
4277.95	0.566599
4292.34	0.570997
4306.06	0.574435
4310.16	0.587047
4315.94	0.587782
4326.41	0.588405
4335.37	0.581222
4343.36	0.557515
4346.52	0.50196
4349.75	0.493685
4357.19	0.42422
4364.69	0.376044
4369.55	0.35761
3771.1	0.500649
3789.59	0.500482
3803.03	0.503064
3830.08	0.502767
3869.46	0.504759
3906.07	0.50692
3941.54	0.508656
3963.59	0.509429
3975.54	0.514518
4004.82	0.515063
4035.8	0.516537
4059.3	0.520223
4081.17	0.52168
4089.15	0.527807
4106.57	0.528008
4129.99	0.529825
4152.54	0.53111
4173.89	0.532151
4185.28	0.532686
4192.4	0.533235
4202.2	0.533496
2824.16	0.524916
2843.41	0.524027
2868.97	0.523964
2917.64	0.523026
2993.53	0.52208
3060.22	0.520749
3087.51	0.522314
3137.68	0.521389
3205.05	0.52099
3263.66	0.519875
3286.96	0.521693
3333.28	0.520863
3394.44	0.519839
3444.47	0.518481
3464.6	0.517003
3506.89	0.516214
3560.11	0.515119
3602.65	0.51379
3614.96	0.50901
3653.53	0.508333
3700	0.507828
3736.38	0.506726
3744.43	0.498997
3516.3	0.520616
3557.75	0.520172
3611.86	0.519735
3665.39	0.519233
3716.79	0.519069
3763.1	0.519722
3805.89	0.520637
3845.67	0.521684
3886.17	0.52193
3918.29	0.524024
3950.31	0.52524
3981.94	0.526472
4011.89	0.528013
4040.83	0.529028
4068.24	0.529877
4088.91	0.529937
4096.87	0.532133
4115.93	0.532109
4136.25	0.53248
4149.89	0.532313
3787.98	0.503512
3821.65	0.504102
3859.95	0.505514
3897.54	0.507347
3933.84	0.509551
3968.69	0.511841
3996.15	0.513228
4006.72	0.527191
4030.53	0.527583
4060.09	0.530082
4087.74	0.532062
4113.67	0.534159
4138	0.536411
4160.6	0.538834
4179.84	0.542055
4198.14	0.54515
4215.82	0.547856
4229.56	0.549393
4234.29	0.55705
4246.29	0.557853
4260.68	0.559902
4269.94	0.561062
3607.1	0.501847
3646.68	0.50205
3694.3	0.503081
3739.6	0.504579
3782.68	0.505987
3808.12	0.506502
3823.35	0.513408
3859.55	0.513825
3897.06	0.514997
3932.71	0.516329
3966.08	0.518074
3996.16	0.520544
4022.07	0.523935
4052.07	0.525439
4079.41	0.5276
4104.45	0.529561
4123.75	0.530492
4130.87	0.536342
4147.89	0.536441
4168.92	0.536864
4183.17	0.53698
3746.7	0.475908
3775.42	0.474595
3787.91	0.458772
3821.84	0.457815
3861.14	0.457038
3899.13	0.456262
3935.7	0.45546
3970.67	0.454421
4003.91	0.45287
4035.89	0.450624
4066.02	0.447113
4085.44	0.443872
4095.96	0.427094
4119.25	0.426261
4143.32	0.42725
4166.07	0.427873
4186.34	0.428512
4205.1	0.429571
4222.15	0.430639
4236.07	0.43164
3047.69	0.523868
3100.65	0.523183
3170.08	0.522283
3239.39	0.521199
3307.35	0.520272
3373.48	0.519519
3437.46	0.518929
3498.94	0.518525
3557.62	0.518327
3613.54	0.518277
3666.68	0.518373
3716.67	0.518663
3761.97	0.519435
3807.67	0.519344
3851.85	0.51919
3892.39	0.519126
3926.44	0.51911
3956.12	0.519124
3968.32	0.519849
4056.5	0.408601
4066.86	0.409665
4073.65	0.459387
4094.08	0.462661
4103.71	0.495689
4117.81	0.496734
4135.57	0.501157
4142.4	0.51819
4159.82	0.519817
4165.06	0.53659
4179.74	0.537342
4189.5	0.541338
4196.91	0.543342
4209.8	0.544863
4213.74	0.547401
4227.75	0.5478
4233.11	0.551792
4243.87	0.552097
4254.51	0.555911
4259.91	0.561142
4271.37	0.56362
4274.2	0.574429
4284.32	0.576253
4290.95	0.582749
4298.51	0.583007
4307.41	0.587544
4309.5	0.587401
3916.97	0.524066
3927.85	0.523775
3957.16	0.524521
3987.66	0.525243
4016.37	0.525424
4027.18	0.527941
4045.84	0.527814
4072.63	0.530284
4098.82	0.532315
4121.6	0.535038
4130.38	0.540742
4143.55	0.540823
4164.18	0.543259
4184.3	0.545219
4203.01	0.547098
4210.09	0.5508
4218.68	0.550882
4238.02	0.555833
4255.16	0.56072
4270.51	0.566107
4277.37	0.570719
4283.7	0.571411
4294.15	0.57355
2609.65	0.498304
2626.48	0.499054
2680.63	0.498061
2775.64	0.496919
2863.36	0.496726
2928.95	0.495752
2951.76	0.506806
3011.3	0.506031
3084.53	0.506207
3153.9	0.50602
3196.52	0.505388
3220.6	0.511053
3278.88	0.510556
3340.28	0.510534
3396.41	0.510256
3419.25	0.514508
3454.69	0.513824
3510.05	0.513587
3560.5	0.513325
3599.48	0.512868
3613.65	0.517965
3649.43	0.517515
3681.35	0.517005
3743.43	0.499528
3760.25	0.499543
3771.74	0.511498
3808.32	0.511832
3850.65	0.513581
3891.09	0.515883
3929.27	0.518501
3947.18	0.521279
3964.38	0.521466
3996.62	0.52277
4026.87	0.524639
4055.54	0.526509
4079.65	0.527309
4087.09	0.533407
4104.88	0.533545
4130.48	0.534558
4152.8	0.535983
4174.31	0.537381
4189.2	0.53813
4195.32	0.541785
4212.13	0.542112
4223.68	0.543028
4043	0.51909
4048.36	0.520817
4065.49	0.521005
4086.37	0.524157
4094.84	0.53156
4112.63	0.532028
4131.31	0.533893
4138.24	0.540875
4156.27	0.541742
4173.61	0.54369
4182.92	0.549016
4202.52	0.550554
4216.77	0.552968
4223.21	0.556931
4239.99	0.560106
4248.35	0.56655
4257.38	0.566685
4271.83	0.572035
4277.36	0.579766
4286.83	0.58044
4299.48	0.587183
4304.4	0.5976
4313.89	0.598943
4323.04	0.615694
4326.52	0.626047
4332.03	0.632538
3171.48	0.511949
3220.48	0.51129
3287.22	0.510555
3353.18	0.509669
3414.01	0.509666
3469.21	0.51049
3521.76	0.511018
3570.08	0.511375
3590.52	0.515713
3618.26	0.515199
3665.35	0.51586
3708.84	0.51659
3749.68	0.51756
3789.71	0.518216
3828.87	0.519155
3867.36	0.520099
3904.43	0.521218
3939.41	0.522412
3972.57	0.523301
4001.84	0.523777
4013.24	0.526244
4030.5	0.526016
4042.53	0.526804
3458.37	0.508091
3474.03	0.507502
3489.33	0.511545
3527.89	0.510985
3579.44	0.510776
3629.08	0.51004
3661.21	0.50918
3680.5	0.508438
3722.51	0.507945
3757.89	0.505523
3797.57	0.505299
3814.76	0.506296
3842.39	0.505903
3881.17	0.508515
3918.05	0.510313
3944.58	0.511139
3957.84	0.516608
3986.58	0.517002
4017.57	0.519705
4045.58	0.522202
4058.04	0.525614
4073.57	0.52541
4098.98	0.526326
4122.19	0.526915
4136.69	0.52719
3679.35	0.524076
3682.87	0.524088
3712.98	0.523778
3757.26	0.523627
3801.35	0.523357
3838.9	0.524459
3875.27	0.525065
3910.53	0.525681
3944.75	0.526528
3976.51	0.527745
3999.89	0.52804
4009.83	0.533525
4034.13	0.53386
4060.77	0.535606
4088.23	0.536352
4111.55	0.538518
4138.08	0.5394
4162.16	0.540815
4184.21	0.542021
4205.18	0.54261
4215.77	0.542956
4218.41	0.541938
3837.87	0.479251
3862.65	0.47951
3874.96	0.49135
3900.75	0.491346
3930.35	0.493429
3940.7	0.504613
3969.26	0.505017
3991.55	0.507197
4002.64	0.514001
4030.49	0.515189
4043.31	0.520088
4057.99	0.519922
4082.11	0.521465
4089.57	0.527649
4108.82	0.527725
4127.63	0.529571
4133.34	0.536601
4152.79	0.537229
4166.85	0.539549
4174.33	0.544569
4193.02	0.546051
4200.27	0.552602
4210.63	0.552727
4226.96	0.553443
4232.48	0.552202
4240.44	0.552213
4229.5	0.544582
4231.14	0.547045
4242.17	0.547731
4248.37	0.554432
4260.42	0.555274
4266.26	0.566772
4277.29	0.567847
4281.84	0.581506
4290.7	0.582968
4295.11	0.594118
4303.01	0.595395
4307.46	0.613819
4314.8	0.618109
4318.63	0.63158
4324.38	0.634412
4329.11	0.615634
4335.04	0.609605
4338.93	0.563486
4343.8	0.552186
4347.85	0.459421
4353.04	0.438149
4356.98	0.387605
4362.12	0.377112
4365.13	0.36432
4365.86	0.360823
3946.17	0.483499
3974.84	0.486521
3992.21	0.489892
4005.99	0.494146
4037.14	0.495801
4064.92	0.498916
4074.84	0.510405
4093.89	0.510696
4120.88	0.514775
4140.27	0.517452
4147.4	0.529003
4166.75	0.529978
4188.71	0.534193
4200.26	0.537477
4207.86	0.541839
4225.87	0.543452
4242.13	0.546611
4247.79	0.554471
4258.67	0.554971
4274.66	0.558988
4285.93	0.562171
4289.4	0.568112
4298.28	0.569286
3706.85	0.51678
3735.74	0.516474
3770.14	0.516354
3783.05	0.519908
3813.53	0.519632
3853.1	0.520331
3889.73	0.520978
3926.24	0.52133
3960.23	0.522264
3991.2	0.523399
4017.84	0.523854
4028.26	0.526294
4047.37	0.526197
4073.82	0.527984
4098.98	0.529016
4122.24	0.530303
4143.37	0.531691
4166.86	0.532157
4187.12	0.532691
4194.8	0.533391
4202.59	0.533282
3726.94	0.517749
3762.49	0.518068
3783.62	0.519226
3805.46	0.518683
3847.53	0.518617
3868.53	0.519223
3886.72	0.518997
3918.65	0.519172
3939.4	0.51987
3954.34	0.521378
3985.07	0.522453
4005.81	0.523694
4019.01	0.526566
4046.49	0.52736
4066.84	0.528651
4078.78	0.531976
4103.21	0.532673
4121.33	0.534337
4131	0.53875
4151.93	0.539294
4168.47	0.540284
4176.94	0.542454
4194.04	0.542798
4207.74	0.543524
4210.74	0.543031
3864.71	0.52108
3890.44	0.521098
3923.86	0.522356
3955.86	0.52428
3983.48	0.525378
3994.66	0.530623
4017.59	0.530588
4049.11	0.532662
4078	0.534962
4103.08	0.537903
4115.56	0.539831
4129.72	0.539617
4151.75	0.541782
4171.42	0.544193
4192.33	0.546005
4205.02	0.547304
4212.36	0.550716
4228.28	0.551577
4244.18	0.554253
4259.86	0.557354
4271.27	0.559811
4275.73	0.566033
4286.41	0.566659
4246.73	0.540388
4249.83	0.546292
4257.12	0.546846
4261.45	0.547128
4264.24	0.552822
4271.52	0.554418
4276.29	0.557679
4279.35	0.570893
4286.07	0.573635
4290.95	0.579152
4294.11	0.590303
4300.09	0.593235
4305.25	0.595582
4308.74	0.610629
4314.1	0.618021
4318.93	0.618395
4323.05	0.627904
4327.63	0.638016
4331.95	0.638638
4335.7	0.655318
4339.42	0.670649
4343.06	0.673124
4346.24	0.670322
4349.66	0.66218
4350.57	0.660883
3529.65	0.467523
3541.69	0.472249
3568.68	0.471844
3582.65	0.488497
3612.1	0.488217
3627.03	0.489726
3645.6	0.489297
3669.15	0.488712
3681.58	0.495428
3708.44	0.495373
3721.5	0.50957
3740.27	0.511179
3760.59	0.510682
3774.01	0.51052
3799.25	0.510161
3811.07	0.51044
3828.7	0.511805
3844.59	0.512732
3853.56	0.513239
3875.93	0.512759
3886.23	0.502463
3899.06	0.498902
3907.62	0.493478
3810.39	0.523593
3843.11	0.523509
3873.68	0.523187
3882.09	0.522999
3910.29	0.522753
3945.1	0.523946
3970.35	0.524375
3980.54	0.528822
4006.9	0.528902
4034.63	0.530256
4052.61	0.530801
4060.86	0.533511
4085.69	0.533897
4113.76	0.534774
4128.14	0.535499
4138.84	0.536533
4161.61	0.537293
4183.49	0.538948
4194.09	0.540151
4206.5	0.539955
4227.38	0.540887
4241.16	0.541247
4242.81	0.540443
4242.82	0.540655
3729.31	0.513891
3757.2	0.514043
3799.12	0.514988
3839.79	0.516296
3878.16	0.518074
3914.52	0.519925
3948.89	0.521877
3982.09	0.523479
4013.77	0.525169
4043.98	0.526726
4072.82	0.528081
4100.06	0.52935
4124.7	0.530918
4147.85	0.532373
4161.51	0.533129
4170.12	0.536088
4189.15	0.536875
4208.31	0.538245
4226.82	0.539143
4241.34	0.540199
4240.25	0.540823
4241.69	0.541805
4250.73	0.542245
4254.59	0.546594
4261.16	0.549177
4267.43	0.5494
4271.12	0.556903
4279.3	0.557894
4282.7	0.566273
4288.41	0.568234
4293.93	0.568136
4297.26	0.577027
4303.79	0.578637
4306.72	0.58381
4310.74	0.588553
4314.64	0.588753
4316.54	0.586033
4321.33	0.586175
4323.46	0.594449
4326.46	0.578302
4329.33	0.575292
4331.65	0.463602
4336.12	0.440264
4338.06	0.468875
4342.15	0.406172
4344.41	0.400261
4088.73	0.538862
4108.22	0.539668
4130.25	0.541506
4152.17	0.543302
4167.94	0.544382
4176.8	0.547624
4193.9	0.548497
4211.78	0.551242
4228.54	0.553728
4242.73	0.555646
4248.62	0.562205
4260.4	0.56292
4274.18	0.566455
4288.1	0.568063
4302.48	0.56821
4307.39	0.563
4316.64	0.561387
4328.04	0.551787
4337.51	0.529735
4346.12	0.47479
4352.38	0.409094
4357.11	0.384278
4362.6	0.361927
3426.07	0.516917
3468.83	0.516772
3520.07	0.516822
3571.12	0.516924
3618.71	0.517968
3665.52	0.518594
3708.89	0.520093
3750.4	0.521091
3775.98	0.521353
3794.57	0.524392
3831.34	0.524642
3868.29	0.525485
3905.27	0.525851
3940.62	0.52667
3974.01	0.527623
4004.9	0.528669
4031.9	0.530004
4059.39	0.530245
4082.16	0.529988
4091.28	0.531491
4106.04	0.531395
3551.73	0.51737
3583.46	0.517066
3629.99	0.517735
3673.6	0.518838
3715.54	0.519833
3756.02	0.520857
3796.04	0.521525
3834.88	0.522326
3871.99	0.523277
3907.96	0.523977
3942.64	0.524615
3975.83	0.525199
4003.25	0.525433
4013.48	0.529805
4034.65	0.529745
4062.69	0.531072
4088.65	0.531868
4117.31	0.531958
4142.13	0.532752
4164.27	0.533477
4179.01	0.533853
3294.42	0.411404
3336.03	0.412826
3387.14	0.417299
3419.3	0.420947
3439.64	0.440025
3488.46	0.4407
3540.14	0.442293
3590.93	0.44467
3638.79	0.447028
3659.96	0.455067
3687.98	0.454581
3735.51	0.455507
3781.15	0.456228
3824.82	0.457375
3860.81	0.458068
3875.31	0.466923
3904.4	0.466592
3943.5	0.465676
3974.3	0.462673
3998.87	0.462146
3970.66	0.527827
3970.8	0.528128
3996.05	0.528577
4025.03	0.529841
4044.29	0.530731
4052.8	0.536268
4076.93	0.536876
4102.65	0.539209
4121.2	0.540587
4128.21	0.549021
4148.03	0.549493
4170.62	0.551345
4188.01	0.552424
4194.1	0.557441
4209.67	0.558161
4228.64	0.562548
4242.66	0.568049
4249.37	0.574121
4262.77	0.574833
4279.12	0.581343
4292.21	0.586716
4295.47	0.595386
4302.81	0.596333
4309.4	0.60523
3937.23	0.54606
3957.59	0.546135
3987.13	0.547532
4016.09	0.549011
4045.49	0.550063
4073.22	0.552108
4099.73	0.554041
4125.33	0.555821
4148.13	0.558903
4170.38	0.561469
4190.75	0.565673
4210.35	0.56966
4228.17	0.575592
4246.84	0.579665
4264.81	0.584931
4280.99	0.591891
4295.29	0.599301
4307.8	0.614162
4317.17	0.631375
4323.08	0.642765
2816.12	0.469252
2819.99	0.47003
2836.05	0.469868
2904.42	0.470177
2949.22	0.470218
2967.18	0.482619
3030.11	0.48226
3085.86	0.481998
3104.63	0.493802
3157.54	0.493274
3216.86	0.494308
3238.56	0.502561
3280.45	0.501899
3342.42	0.503363
3373.57	0.504204
3399.35	0.505899
3456.21	0.505665
3495.77	0.50562
3513.64	0.513005
3560.21	0.5126
3601.82	0.512514
3615.27	0.517788
3649.33	0.517343
3682.68	0.516991
3888.3	0.522112
3915.12	0.523713
3935.98	0.525059
3949.99	0.530132
3980.02	0.53077
4009.48	0.532988
4039.33	0.534392
4054.8	0.535334
4068.05	0.536101
4092.79	0.537929
4118.22	0.539762
4141.12	0.542484
4151.64	0.545141
4163.89	0.545037
4184.29	0.547821
4203.71	0.550665
4222.07	0.552862
4229.91	0.556956
4241.26	0.55714
4257.41	0.560751
4272.11	0.563298
4282.09	0.564405
2785.83	0.525529
2842.22	0.524716
2917.04	0.523866
2992.05	0.522687
3065.61	0.521626
3137.75	0.520639
3207.13	0.519963
3273.81	0.519414
3337.87	0.518965
3399.15	0.518648
3456.89	0.518581
3511.69	0.518473
3563.14	0.518528
3615.01	0.517944
3664.26	0.517584
3710.58	0.517212
3755.29	0.516618
3798.64	0.515823
3833.52	0.515144
3859.07	0.514968
2902.77	0.524453
2929.36	0.523408
2995.65	0.522431
3022.64	0.522019
3069.12	0.52106
3136.3	0.519442
3164.82	0.517619
3204.31	0.516693
3268.13	0.515554
3300.37	0.514423
3334.15	0.513511
3396.13	0.512541
3430.18	0.511382
3457.42	0.51035
3512.27	0.509496
3546.93	0.508469
3569.29	0.507424
3617.01	0.506871
3649.98	0.506199
3667.38	0.505726
3709.2	0.505071
3741.24	0.504203
3755.91	0.502646
3790.09	0.502406
3816.69	0.502613
3820.91	0.504425
3965.17	0.534201
3968.58	0.533918
3993.73	0.534917
4021.88	0.535994
4050.26	0.537046
4077.26	0.53887
4102.71	0.540978
4126.93	0.54308
4148.17	0.546341
4168.87	0.549168
4188.05	0.552878
4210.18	0.554872
4225.85	0.556521
4232.77	0.567611
4248.94	0.569198
4266.44	0.574744
4282.01	0.581113
4295.11	0.589654
4307.03	0.597765
4317.09	0.615128
4324.67	0.633788
4134.85	0.536299
4146.27	0.536363
4167.21	0.538285
4187.85	0.540219
4208.76	0.541705
4228.8	0.543424
4243.66	0.544492
4249.67	0.549839
4261.78	0.550488
4277.15	0.55106
4290.97	0.550302
4303.11	0.546121
4313.53	0.534488
4322.38	0.507696
4330.39	0.453181
4337.56	0.382036
4346.21	0.34425
4353.65	0.330368
4358.94	0.325701
4360.77	0.323817
3638.8	0.513104
3674.7	0.513019
3715.24	0.512836
3747.53	0.512379
3760.22	0.513054
3791.38	0.51279
3827.52	0.514139
3867.46	0.514609
3891.9	0.514966
3906.33	0.518786
3939.06	0.519304
3972.29	0.52148
4002	0.523387
4014.27	0.527477
4031.96	0.527305
4060.34	0.528874
4087.41	0.530051
4109	0.530527
4116.76	0.533341
4136.47	0.533296
4160.13	0.534105
4177.09	0.534582
3803.85	0.522966
3815.27	0.523728
3839.02	0.523361
3873.12	0.523887
3885.8	0.527857
3916	0.52757
3944.73	0.528123
3958.73	0.530818
3987.3	0.530512
4008.71	0.530204
4022.51	0.529318
4050.66	0.529396
4064.53	0.529367
4080.79	0.52901
4104.12	0.529754
4113.66	0.531057
4131.43	0.531047
4152.98	0.532409
4162.69	0.535432
4182.34	0.535744
4198.7	0.536898
4207.79	0.537997
4225.94	0.538608
4236.96	0.539609
4246.44	0.539711
4262.59	0.541156
4269.77	0.541912
4274.64	0.541966
4036.87	0.512507
4039.45	0.512591
4055.39	0.512785
4065.33	0.516399
4078.03	0.518686
4088.08	0.522118
4098.31	0.527514
4111.53	0.527517
4119.45	0.533007
4133.88	0.53317
4142.32	0.53476
4154.54	0.535471
4164.25	0.536381
4173.94	0.536821
4185.61	0.53671
4193.4	0.539217
4205.07	0.539539
4211.54	0.543257
4221.95	0.544246
4228.64	0.546789
4236.8	0.548021
4246.01	0.547879
4252.26	0.542733
4261.32	0.54207
4264.43	0.52553
3891.58	0.521809
3911.48	0.522215
3921.07	0.529099
3949.07	0.529399
3980.09	0.530426
4009.49	0.531559
4039.17	0.532319
4066.7	0.533846
4093.36	0.535094
4116.46	0.537122
4136.53	0.539457
4156.22	0.540879
4177.88	0.542049
4199.17	0.543411
4214.15	0.544451
4220.5	0.550395
4236.58	0.551261
4253.92	0.554684
4269.25	0.557903
4278.64	0.560447
2723.7	0.508081
2745.48	0.506887
2795.6	0.506474
2825.79	0.509047
2900.15	0.508018
2962.14	0.506816
2986.79	0.511379
3049.78	0.510378
3119.12	0.508666
3146.27	0.506598
3199.28	0.5055
3269.01	0.503136
3301.5	0.50085
3338.26	0.499857
3403.19	0.498741
3444.37	0.49737
3467.26	0.495527
3520.95	0.494849
3565.96	0.494182
3584.1	0.497922
3626.83	0.497509
3671.6	0.498332
3689.09	0.502801
3721.77	0.502213
3751.09	0.500253
3235.14	0.506851
3242.96	0.506592
3280.93	0.505908
3344.48	0.505496
3403.79	0.505198
3428.69	0.508711
3464.49	0.508012
3520.65	0.510633
3572.75	0.513016
3599.18	0.514103
3628.44	0.513387
3679.33	0.514864
3726.94	0.516471
3752.74	0.517115
3774.83	0.51844
3814.01	0.518914
3853.7	0.519186
3878.25	0.519177
3895.39	0.520312
3930.95	0.519794
3965.95	0.518311
3985.99	0.516247
3997.53	0.513316
4018.67	0.513226
3367.67	0.516361
3418.04	0.516256
3472.23	0.515974
3525.37	0.515777
3576.24	0.515894
3625.23	0.516037
3670.31	0.516857
3713.32	0.517461
3755.01	0.517834
3792.27	0.519082
3824.62	0.519314
3839.59	0.524046
3868.57	0.52383
3905.42	0.524995
3940.74	0.525198
3974.46	0.525354
4006.73	0.52537
4035.22	0.525531
4062.71	0.525597
4085.94	0.525635
