2821.66	0.156654
2834.05	0.155793
2858.8	0.154203
2895.42	0.152016
2942.5	0.149365
2998.19	0.146362
3060.59	0.143099
3128.1	0.139661
3199.5	0.136123
3273.87	0.132566
3350.65	0.129103
3429.47	0.125956
3510.07	0.123569
3591.95	0.122619
3673.71	0.123205
3752.67	0.122997
3830.58	0.126509
3907.28	0.132603
3981.25	0.139836
4051.5	0.147022
4117.88	0.155271
4181.96	0.167161
4245.82	0.181071
4309.82	0.196413
4371.23	0.212505
4432.03	0.226538
4492.8	0.235601
4543.2	0.216496
4592.24	0.214656
4638.49	0.219405
4683.95	0.231766
4729.06	0.251023
4774.04	0.273512
4820.92	0.298156
4863.85	0.316609
4904.96	0.329396
4945.87	0.33874
4985.92	0.343928
5024.55	0.346153
5061.48	0.345992
5096.43	0.343532
5129.17	0.338678
5159.46	0.33129
5187.16	0.321206
5212.44	0.308729
5234.82	0.294188
5252.19	0.270085
5264.47	0.226909
5273.13	0.206471
5277.79	0.192942
2809.73	0.157323
2822.16	0.156464
2847.42	0.154847
2885.47	0.152586
2934.5	0.149837
2992.12	0.146732
3056.2	0.14338
3125.04	0.139873
3197.41	0.136304
3272.47	0.132802
3349.67	0.12965
3428.8	0.127609
3509.88	0.128617
3593	0.136147
3677.11	0.150093
3754.23	0.149348
3832.02	0.160611
3909.66	0.176949
3984	0.193501
4053.89	0.205275
4118.24	0.215014
4180.38	0.234995
4244.21	0.267267
4312.14	0.301685
4374.78	0.321718
4436.78	0.333828
4501.43	0.34309
4545.51	0.310291
4595.97	0.309051
4643.54	0.324121
4689.73	0.34314
4735.07	0.360859
4779.01	0.37528
4822.25	0.389718
4863.63	0.402902
4903.82	0.418162
4945.57	0.43293
4986.04	0.444655
5024.85	0.454187
5061.82	0.461759
5096.76	0.46661
5129.4	0.467635
5159.52	0.46364
5186.88	0.453074
5211.29	0.43415
5232.47	0.404598
5250.16	0.366719
5265.2	0.316223
5273.95	0.228214
5278.79	0.206577
2785.79	0.15858
2797.89	0.157756
2823.73	0.156127
2865.07	0.153713
2918.46	0.150759
2980.25	0.147451
3047.77	0.143923
3119.26	0.140287
3193.55	0.136675
3269.87	0.133349
3347.78	0.1311
3427.1	0.132519
3508.15	0.145056
3592.47	0.182078
3687.88	0.25146
3753.53	0.223607
3832.27	0.270701
3916.13	0.311571
3993.35	0.331343
4065.16	0.343473
4129.77	0.352781
4192	0.370403
4254.1	0.38488
4316.88	0.394754
4378.1	0.401461
4438.23	0.408404
4497.43	0.418677
4551.93	0.438183
4599.09	0.43464
4646.18	0.436434
4693.09	0.446841
4739.65	0.457687
4782.51	0.45945
4823.82	0.471029
4863.01	0.483842
4899.37	0.495958
4945.13	0.508353
4986.41	0.520911
5025.52	0.534897
5062.76	0.548251
5097.95	0.559641
5130.79	0.567716
5161.02	0.571538
5188.28	0.569962
5212.21	0.561072
5232.57	0.540244
5249.56	0.49594
5264.62	0.417052
5276.57	0.327138
5281.29	0.224991
2750.16	0.16029
2760.27	0.159604
2784.99	0.158091
2833.09	0.155413
2894.59	0.152122
2963.28	0.148501
3036.11	0.14472
3111.51	0.140914
3188.54	0.137273
3266.62	0.134299
3345.29	0.133786
3423.93	0.142422
3501.7	0.180789
3595.12	0.275091
3690.82	0.345322
3762.19	0.376008
3843.54	0.39609
3925.97	0.414231
4006.24	0.425212
4080.83	0.430084
4140.02	0.422692
4200.83	0.4327
4261.64	0.441713
4322.1	0.449979
4381.46	0.458002
4439.16	0.466522
4495.96	0.476525
4549.91	0.488945
4598.51	0.503961
4648.86	0.511509
4695.3	0.519556
4748.11	0.527652
4786.63	0.504297
4827.19	0.511301
4867.05	0.524011
4906.3	0.536249
4947.3	0.547705
4987.06	0.561216
5026.17	0.575928
5063.87	0.588501
5099.73	0.597404
5133.1	0.604344
5163.82	0.613231
5191.31	0.623419
5215.08	0.632232
5234.86	0.629502
5250.9	0.588451
5266.2	0.50829
5279.6	0.389467
5286.9	0.281752
2704.76	0.162178
2708.37	0.161791
2723.21	0.1608
2788.15	0.157692
2864.04	0.153925
2942.78	0.149915
3022.61	0.14587
3102.93	0.141935
3183.34	0.138374
3263.59	0.136091
3343.24	0.13874
3420.15	0.162615
3502.51	0.257365
3602.06	0.35008
3694.32	0.389068
3780.65	0.411839
3849.49	0.428821
3934.75	0.449263
4022.42	0.46122
4088.62	0.464642
4147.3	0.443955
4207.49	0.451324
4267.7	0.459026
4327.32	0.466562
4385.78	0.473973
4440.04	0.48005
4497.25	0.487304
4551.14	0.498543
4602.23	0.510483
4652.47	0.52232
4702.11	0.534033
4744.91	0.539127
4790.43	0.549367
4829.67	0.553439
4870.09	0.563909
4909.78	0.572219
4948.85	0.579787
4986.45	0.586325
5026.4	0.596418
5065.1	0.603536
5102.21	0.611561
5135.9	0.620357
5167.29	0.636205
5195.25	0.658045
5219.17	0.686808
5238.77	0.716214
5252.1	0.717946
5269.86	0.561803
5284.69	0.423133
5294.25	0.317908
2656.01	0.163823
2645.53	0.163685
2611.5	0.163172
2732.6	0.160432
2831.08	0.156253
2921.8	0.152051
3009.34	0.14806
3095.06	0.144379
3179.14	0.141326
3261.82	0.140077
3343.59	0.143256
3423.6	0.158939
3502.16	0.205726
3605.94	0.291161
3698.66	0.342146
3783.63	0.367988
3863.22	0.385939
3938.74	0.395598
4015.92	0.40831
4085.6	0.417121
4149.81	0.428993
4211.98	0.442987
4272.75	0.456928
4332.24	0.470938
4390.65	0.485012
4448.79	0.498745
4500.39	0.498213
4553.75	0.509672
4605.39	0.52094
4655.31	0.532331
4703.7	0.543746
4750.46	0.555212
4791.79	0.560002
4832.16	0.570585
4872.66	0.583142
4911.67	0.594034
4954.84	0.602998
4985.7	0.609736
5026.32	0.620874
5065.99	0.63088
5105.71	0.640431
5138.04	0.639075
5170.7	0.659614
5199.27	0.686797
5223.62	0.725122
5242.97	0.772138
5259.34	0.811699
5276.7	0.593539
5292.12	0.44258
5302.9	0.331984
2617.97	0.165024
2606.4	0.164945
2579.22	0.164809
2699.84	0.163043
2806.25	0.159764
2904.49	0.156795
2998.49	0.15448
3089.51	0.152933
3176.97	0.152456
3261.23	0.156856
3345.11	0.169128
3424.89	0.201918
3514.75	0.269564
3613.94	0.324066
3703.46	0.350762
3787.75	0.367808
3868.5	0.38139
3938.06	0.390286
4013.83	0.395495
4085.26	0.407379
4152.08	0.41898
4215.84	0.429966
4277.23	0.440372
4336.56	0.450525
4394.22	0.460778
4450.5	0.471324
4504.42	0.482463
4557.75	0.49365
4609.64	0.504978
4659	0.51674
4706.45	0.529752
4752.12	0.543493
4795.41	0.557864
4836	0.571998
4872.81	0.584276
4917.74	0.594861
4953.58	0.600964
4989.66	0.603133
5025.37	0.614106
5062.69	0.622511
5104.98	0.634397
5143.4	0.645115
5177.02	0.666235
5205.69	0.694425
5231.92	0.729233
5252.36	0.770158
5268.63	0.807147
5285.79	0.601082
5301.19	0.454377
5313.03	0.339753
2591.67	0.165923
2583.01	0.166092
2565.78	0.167472
2681.35	0.168225
2789.79	0.168905
2891.59	0.171922
2990.79	0.176072
3087.56	0.181353
3177.63	0.187911
3259.47	0.212794
3348.87	0.266907
3442.84	0.322772
3531.97	0.358372
3621.7	0.379522
3708.3	0.393673
3791.72	0.404504
3872.41	0.414388
3951.53	0.423939
4013.4	0.424996
4087.05	0.430514
4155.2	0.439502
4220.07	0.448863
4281.94	0.458034
4340.81	0.467263
4397.47	0.477155
4452.89	0.487658
4507.4	0.498531
4561.57	0.50933
4614.73	0.519621
4662.94	0.52834
4709.3	0.541676
4754.5	0.555852
4800.12	0.569378
4838.51	0.573741
4878.33	0.585053
4917.44	0.585699
4954.68	0.591466
4994.3	0.598337
5030.48	0.606048
5073.3	0.61394
5114.72	0.624235
5152.35	0.638723
5187.29	0.661607
5211.6	0.689928
5240.98	0.725162
5261.59	0.767013
5279.07	0.789481
5296.46	0.594537
5310.74	0.460905
5324.65	0.34505
2574.13	0.166726
2568.27	0.167801
2557.74	0.174743
2669.79	0.183908
2779.45	0.19702
2880.14	0.219662
2984.51	0.256994
3093.31	0.292301
3188.77	0.305667
3276.64	0.337422
3364.64	0.36506
3453.72	0.384847
3541.71	0.398987
3628.71	0.410151
3713.59	0.419668
3795.85	0.428288
3875.46	0.436495
3952.42	0.444674
4025.63	0.45319
4092.2	0.454874
4159.66	0.463934
4225.48	0.472452
4287.96	0.480585
4345.68	0.488687
4400.42	0.499796
4454.69	0.512069
4509.22	0.523984
4564.83	0.535367
4623.21	0.545745
4667.17	0.538914
4711.82	0.546284
4755.04	0.55055
4795.09	0.558324
4840.79	0.567215
4882.2	0.580753
4921.26	0.588444
4962	0.594872
5000.7	0.601074
5041.18	0.60842
5082.56	0.618159
5124.74	0.631901
5159.74	0.641372
5191.84	0.664748
5224.96	0.695534
5253.14	0.733753
5275.19	0.773866
5292.42	0.807539
5310.14	0.61571
5326.02	0.473331
5338.76	0.350005
2562.51	0.16752
2557.97	0.171016
2547.41	0.20203
2659.23	0.279819
2775.4	0.338979
2885.77	0.376186
2995.87	0.399531
3112.03	0.415585
3197.42	0.390526
3284.91	0.398226
3373.09	0.408005
3461.32	0.417348
3548.77	0.425976
3634.92	0.433973
3719.03	0.441629
3800.43	0.449203
3879.14	0.456569
3955.14	0.463697
4028.03	0.470769
4094.71	0.47786
4164.09	0.484812
4232.61	0.492121
4297.17	0.500819
4352.04	0.498172
4402.43	0.49998
4454.9	0.507416
4508.7	0.500755
4564.08	0.506983
4617.72	0.515339
4664.23	0.515663
4708.02	0.52354
4755.85	0.535644
4800.67	0.550916
4846.03	0.565502
4881.52	0.57614
4926.64	0.587743
4968.72	0.597104
5010.46	0.605685
5048.67	0.612891
5088.02	0.617386
5126.55	0.627729
5167.78	0.643105
5204.35	0.666375
5237.57	0.697253
5265.81	0.735349
5288.47	0.773971
5306	0.805888
5324.13	0.617427
5340.68	0.47592
5353.48	0.351208
2555.32	0.167727
2552.66	0.169758
2547.85	0.18403
2643.42	0.218417
2764.41	0.278155
2884.73	0.31788
2995.33	0.33904
3101.42	0.354463
3196.2	0.364358
3287.36	0.380549
3377.25	0.394124
3466.37	0.404987
3554.51	0.41449
3641.36	0.422995
3726.05	0.430753
3806.82	0.438304
3884.93	0.446754
3960.92	0.455297
4035.11	0.463897
4109.12	0.472397
4168.1	0.477142
4244.62	0.486402
4299.79	0.473657
4353.92	0.481842
4406.58	0.490555
4456.76	0.5
4515.19	0.51016
4564.35	0.508307
4613.06	0.514699
4663.43	0.521844
4710.16	0.531413
4757.76	0.541827
4803.85	0.555795
4842.97	0.568335
4887.62	0.581157
4933.41	0.591961
4974.16	0.597481
5015.34	0.604901
5054.36	0.613756
5090.29	0.61986
5134.71	0.629103
5175.77	0.645635
5214.71	0.668211
5249.16	0.698397
5278.1	0.735796
5301.34	0.773605
5319.25	0.804431
5337.89	0.613221
5355.02	0.472859
5368.15	0.349698
2550.71	0.167978
2548.94	0.170121
2545.81	0.185665
2641.25	0.223361
2765.92	0.289267
2883.91	0.330092
2992.74	0.355993
3096.03	0.374348
3193.34	0.389852
3287.19	0.402205
3378.92	0.412449
3469.32	0.421611
3558.78	0.429404
3647.52	0.435666
3734.8	0.439718
3813.88	0.437647
3891.04	0.44195
3966.86	0.446792
4040.79	0.451396
4111.84	0.455769
4179.88	0.462041
4241.46	0.460751
4301.59	0.469215
4356.29	0.476402
4410.66	0.487603
4462.03	0.494075
4512.46	0.502437
4565.6	0.512995
4616.07	0.524945
4665.2	0.537227
4714.39	0.549562
4759.36	0.556454
4803.14	0.564319
4847.22	0.572562
4890.93	0.581124
4935.16	0.589958
4977.25	0.593271
5020.55	0.599669
5062.05	0.607583
5102.1	0.618303
5142.19	0.63131
5180.97	0.648578
5223.78	0.669906
5259.98	0.69918
5289.83	0.73588
5313.64	0.773198
5331.93	0.803221
5351.1	0.607927
5368.8	0.467903
5382.33	0.34703
2547.79	0.168419
2545.86	0.173296
2539.85	0.216526
2656.38	0.306365
2770.48	0.356149
2881.78	0.385591
2989.13	0.405306
3091.92	0.423024
3190.47	0.439455
3285.83	0.453615
3378.91	0.46504
3470.48	0.473797
3561.31	0.480765
3652.88	0.486444
3749.71	0.490926
3820.96	0.476
3896.66	0.480403
3972.88	0.484622
4047.62	0.488333
4115.82	0.490444
4180.41	0.495948
4241.4	0.502392
4307.21	0.507965
4357.43	0.494447
4410.1	0.496543
4463.9	0.502524
4515.89	0.510777
4568.04	0.519869
4618.97	0.529893
4665.52	0.536758
4714.8	0.544058
4761.21	0.553736
4801.05	0.561399
4849.79	0.573124
4894.24	0.578421
4933.64	0.586225
4980.52	0.595402
5025.55	0.601687
5068.61	0.608582
5108.91	0.617279
5149.11	0.630967
5189.03	0.649293
5233.46	0.670344
5270.62	0.699284
5301.07	0.735645
5325.3	0.772778
5343.88	0.802237
5363.52	0.603119
5381.77	0.462827
5395.67	0.344159
2546.6	0.168355
2545.18	0.171965
2540.72	0.203709
2651.49	0.282854
2767.08	0.34189
2877.08	0.37685
2984	0.398816
3086.99	0.416069
3186.67	0.430489
3283.52	0.442688
3377.95	0.452993
3470.42	0.461827
3561.43	0.469467
3651.38	0.476086
3739.73	0.481787
3820.07	0.486632
3899.33	0.492539
3979.41	0.497884
4063.03	0.50302
4124.18	0.493729
4185.08	0.496087
4248.64	0.500038
4301.38	0.507996
4361.14	0.518696
4414.17	0.51562
4466.79	0.515449
4517.46	0.518585
4570.44	0.524465
4621.08	0.533365
4672.05	0.543464
4717.55	0.551053
4757.64	0.55764
4798.34	0.559232
4845.79	0.563424
4894.09	0.572771
4937.65	0.583458
4985.74	0.592643
5031.17	0.599774
5074.05	0.607472
5113.69	0.618495
5152.16	0.632708
5200.98	0.64819
5244.25	0.669517
5281.25	0.698693
5311.81	0.735107
5336.21	0.772331
5354.95	0.801451
5374.96	0.5993
5393.7	0.458367
5407.92	0.341523
2546.67	0.168049
2546.23	0.169163
2545.46	0.179051
2640.8	0.207963
2755.24	0.27989
2867.55	0.336914
2976.24	0.370886
3080.1	0.392135
3181.49	0.407373
3280.27	0.419577
3376.18	0.429667
3469.52	0.438199
3560.62	0.445556
3649.68	0.451963
3736.25	0.457541
3819.02	0.462391
3900.05	0.467775
3981.16	0.473272
4065.53	0.478306
4124.37	0.465884
4182.54	0.472975
4246.26	0.480486
4312.82	0.487626
4359.8	0.475732
4411.9	0.475946
4468.62	0.485283
4524.67	0.496961
4575.53	0.499665
4625.17	0.512805
4675.01	0.525822
4714.22	0.527326
4757.15	0.534899
4804.32	0.548164
4850.15	0.562388
4894.02	0.577016
4945.12	0.588588
4991.73	0.593836
5037.28	0.600461
5080.11	0.607838
5117.77	0.618957
5166.78	0.630766
5213.08	0.64641
5255	0.66823
5291.43	0.69775
5321.81	0.734401
5346.2	0.771879
5365.01	0.800818
5385.28	0.596478
5404.41	0.454675
5418.9	0.339232
2547.18	0.167858
2547.21	0.167918
2547.4	0.170031
2647.64	0.175195
2749.69	0.18886
2846.59	0.230307
2965.69	0.298926
3070.17	0.341543
3174.53	0.36691
3276.53	0.382505
3374.32	0.39318
3468.67	0.401054
3560	0.407872
3648.82	0.414056
3735.08	0.419898
3818.34	0.425699
3899.32	0.431848
3978.21	0.438192
4054.34	0.44382
4125.47	0.445981
4173.31	0.434733
4239.79	0.437202
4301.41	0.442347
4353.84	0.444516
4412.75	0.452245
4469.45	0.463842
4526.46	0.475739
4582.92	0.487909
4627.9	0.489277
4670.5	0.501857
4717.58	0.511079
4763.67	0.526831
4810.52	0.542108
4857.22	0.557
4903.99	0.571092
4952.71	0.583163
5000.49	0.593144
5045.73	0.59991
5090.21	0.607406
5133.81	0.617027
5179.66	0.62883
5224.05	0.644787
5264.84	0.666935
5300.67	0.696758
5330.78	0.733683
5355.07	0.771461
5373.89	0.800298
5394.34	0.59442
5413.79	0.451594
5428.49	0.337222
2547.74	0.167783
2547.99	0.167608
2548.5	0.16812
2651.03	0.16857
2753.23	0.169499
2853.04	0.174917
2954.09	0.190896
3049.97	0.232013
3164.93	0.290117
3274.14	0.324964
3374.13	0.345836
3469.07	0.360811
3560.26	0.37317
3648.95	0.383482
3735.35	0.392418
3818.33	0.400615
3899.06	0.408522
3976.42	0.416896
4046.55	0.422196
4114.19	0.428572
4175.65	0.435787
4236.41	0.432419
4297.46	0.440902
4355.76	0.449144
4413.93	0.456906
4468.09	0.464367
4526.86	0.474812
4584.4	0.487201
4630.49	0.491485
4671.48	0.500454
4719.89	0.515915
4767.41	0.53142
4814.79	0.54663
4862.13	0.561336
4909.89	0.575018
4959.16	0.586693
5009.87	0.595434
5052.82	0.599941
5098.46	0.607111
5144.07	0.615987
5189.48	0.627577
5233.06	0.643578
5273.18	0.66589
5308.56	0.695932
5338.44	0.733088
5362.64	0.771124
5381.46	0.799891
5402.05	0.592727
5421.76	0.448839
5436.64	0.335364
2548.15	0.167822
2548.57	0.168015
2549.42	0.170919
2654.44	0.17623
2758.45	0.178099
2856.27	0.174089
2955.31	0.181574
3051.57	0.209649
3159.21	0.261522
3273.8	0.308651
3374.75	0.334499
3470.09	0.350899
3560.57	0.362683
3649.38	0.373758
3737.38	0.38335
3818.68	0.385679
3900.27	0.392597
3970.59	0.395219
4043.16	0.402445
4110.48	0.41249
4173.76	0.42335
4234.79	0.434981
4295.92	0.446739
4355.46	0.458596
4414.05	0.470419
4472.26	0.482281
4526.47	0.485594
4582.5	0.495395
4624.52	0.501864
4671.32	0.509984
4721.1	0.521422
4769.31	0.536219
4817.1	0.551079
4864.61	0.565565
4912.25	0.579071
4962.2	0.590116
5015.33	0.597625
5055.1	0.600988
5103.96	0.607025
5150.94	0.615446
5196.59	0.626814
5239.93	0.642779
5279.7	0.66519
5314.83	0.695403
5344.58	0.732718
5368.77	0.770907
5387.61	0.799565
5408.33	0.591095
5428.29	0.446131
5443.33	0.333535
2548.23	0.167998
2548.67	0.169483
2549.5	0.183229
2657.38	0.225425
2770.6	0.24922
2856.64	0.219067
2956.81	0.254174
3068.67	0.313084
3174.5	0.352841
3277.01	0.376008
3375.76	0.392252
3472.38	0.402918
3559.73	0.407063
3648.18	0.414767
3729.99	0.422727
3819.08	0.433114
3909.69	0.439245
3974.38	0.413672
4042.69	0.417606
4108.61	0.422871
4172.06	0.430031
4231.15	0.435401
4294.14	0.443397
4354.36	0.453858
4412.83	0.464775
4469.55	0.476119
4523.5	0.488028
4575.93	0.500967
4624.85	0.514703
4676.2	0.527943
4721.94	0.530287
4769.7	0.542364
4817.74	0.553707
4865.03	0.565823
4910.39	0.578522
4960.19	0.589647
5012.77	0.597268
5063.47	0.603106
5108.51	0.606756
5155.52	0.615123
5201.41	0.626372
5244.73	0.642323
5284.31	0.664868
5319.29	0.695283
5349.08	0.732671
5373.36	0.77085
5392.3	0.799292
5413.19	0.589299
5433.38	0.443298
5448.56	0.331679
2547.88	0.168073
2547.98	0.169637
2547.86	0.181802
2647.37	0.213804
2765.05	0.276886
2877.95	0.327834
2977.75	0.34554
3075.66	0.364926
3185.36	0.379998
3279.92	0.384878
3376.61	0.396204
3464.76	0.404898
3558.75	0.412062
3647.15	0.419128
3731.74	0.426079
3816.24	0.432711
3898.42	0.439176
3972.27	0.446144
4043.81	0.454275
4108.13	0.457315
4170.4	0.465537
4233.83	0.474505
4293.32	0.473692
4353.2	0.480533
4411.58	0.487551
4467.82	0.494391
4520.31	0.500097
4565.36	0.507541
4621.13	0.511359
4673.12	0.519805
4722.19	0.529629
4767.86	0.540561
4817.21	0.550608
4864.27	0.564719
4910.01	0.578655
4953.48	0.590065
5010.16	0.596251
5062.43	0.601448
5109.32	0.608186
5157.53	0.615169
5204.19	0.626178
5247.58	0.642134
5286.94	0.664959
5321.75	0.695771
5351.84	0.733071
5376.42	0.770983
5395.56	0.799051
5416.64	0.587297
5437.08	0.440398
5452.37	0.329862
2547.39	0.168325
2546.99	0.171417
2544.86	0.195751
2652.56	0.256093
2771.72	0.32215
2884.36	0.358129
2985.31	0.369479
3090.77	0.385641
3181.99	0.391883
3279.78	0.404987
3378.64	0.418749
3470.69	0.432889
3561.06	0.445511
3647.98	0.456657
3731.73	0.466285
3813.93	0.474204
3893.84	0.482457
3971.05	0.491874
4050.88	0.498802
4108.47	0.493745
4166.36	0.501474
4230.32	0.512261
4291.62	0.522439
4352.74	0.531634
4411.98	0.54039
4470.44	0.543031
4517.7	0.533238
4568.59	0.538492
4621	0.545443
4672.34	0.553347
4722.43	0.562085
4772.13	0.570774
4816.89	0.574863
4862.79	0.583664
4905.61	0.593655
4959.46	0.598104
5009.9	0.600938
5064.42	0.60508
5117.12	0.611463
5157.38	0.616556
5205.55	0.626319
5248.77	0.642194
5287.53	0.665639
5321.73	0.697539
5352.86	0.734104
5378.09	0.7713
5397.5	0.798868
5418.79	0.585425
5439.42	0.437888
5454.8	0.328329
2547.17	0.168621
2546.64	0.174033
2543.37	0.216328
2676.32	0.294449
2769.92	0.286531
2872.22	0.318324
2986.18	0.347814
3092.46	0.371139
3192.52	0.388035
3294.31	0.400693
3383.45	0.40501
3474.99	0.415578
3564.11	0.426316
3649.83	0.436868
3731.51	0.447161
3812.38	0.45553
3890.57	0.463128
3965.87	0.470028
4038.91	0.476095
4104.78	0.480336
4169.99	0.48815
4228.55	0.484832
4289.31	0.4892
4346.99	0.492
4406.82	0.494437
4463.85	0.497819
4516.96	0.500913
4567.65	0.510057
4620.98	0.520082
4672.02	0.53274
4721.73	0.545606
4769.93	0.558569
4816.09	0.571371
4864.09	0.58334
4911.58	0.593905
4962.89	0.600997
5016.47	0.609206
5065.73	0.608982
5116.25	0.615663
5164.35	0.623915
5207.11	0.631365
5248.69	0.645622
5286.09	0.66761
5317.64	0.701286
5352.58	0.735464
5378.72	0.77159
5398.36	0.798851
5419.74	0.584824
5440.47	0.436849
5455.92	0.327554
2547.25	0.168115
2547.43	0.169519
2548.23	0.178926
2654.25	0.192812
2752.11	0.20616
2861.04	0.251342
2986.8	0.311863
3095.99	0.345362
3198.33	0.365703
3297.51	0.379415
3391.25	0.389869
3482.43	0.398094
3568.02	0.403912
3653.45	0.410228
3730.12	0.416254
3811.73	0.424417
3888.53	0.432854
3961.41	0.437425
4032.69	0.442106
4100.44	0.444871
4163.46	0.447689
4225.66	0.453548
4286.15	0.462505
4345.27	0.471661
4404.05	0.481615
4461.31	0.491875
4516.07	0.503167
4571.55	0.514854
4621.47	0.516222
4671.31	0.523951
4720.84	0.533567
4768.14	0.543749
4811.85	0.555733
4864.38	0.563533
4912.31	0.575709
4962.22	0.586846
5014.62	0.595257
5065.45	0.600501
5116	0.606456
5164.04	0.614319
5206.81	0.626234
5249.6	0.641178
5288.64	0.66449
5322.89	0.696471
5353.93	0.733416
5379.03	0.771076
5398.36	0.799146
5419.58	0.587282
5440.33	0.438295
5455.85	0.327793
2547.13	0.167922
2547.17	0.168266
2547.26	0.172198
2646.5	0.182731
2743.85	0.216936
2871.18	0.293146
2990.42	0.337178
3099.55	0.361313
3203.25	0.375732
3303.43	0.385452
3399.77	0.392187
3488.91	0.39623
3574.84	0.402167
3660.5	0.408705
3738.76	0.406112
3813.99	0.405145
3884.93	0.405504
3959.9	0.405251
4029.79	0.41344
4096.95	0.422179
4160.41	0.431349
4222.77	0.440922
4282.72	0.450901
4342.26	0.460832
4401.2	0.470964
4459.69	0.481306
4512.92	0.482692
4567.56	0.490581
4619.53	0.498131
4672.08	0.508415
4722.87	0.521819
4771.82	0.535771
4819.49	0.550061
4868.62	0.563527
4915.76	0.576845
4956.9	0.58949
5012.22	0.597352
5063.01	0.603054
5115.19	0.609547
5165.14	0.617978
5213.1	0.629532
5248.53	0.640788
5289.37	0.662461
5324.21	0.693382
5354.04	0.731426
5378.32	0.770457
5397.25	0.799504
5418.25	0.589491
5439.19	0.437825
5454.84	0.326406
2547.04	0.167921
2546.72	0.168421
2545.63	0.175138
2637.52	0.202746
2755.58	0.280738
2880.36	0.338708
2995.38	0.37042
3104.05	0.388816
3208.74	0.400951
3311.06	0.410025
3413.64	0.417178
3497.06	0.41075
3580.14	0.415119
3660.42	0.418804
3741.94	0.422344
3818.67	0.426937
3894.55	0.431956
3961.31	0.430561
4027.57	0.43416
4095.23	0.435449
4156.64	0.441908
4220.55	0.451465
4278.02	0.452316
4338.17	0.459964
4397.11	0.466615
4451.04	0.472119
4509.32	0.480599
4565.09	0.491383
4619.23	0.502955
4672.65	0.514914
4724.73	0.527341
4774.75	0.540099
4823.62	0.553654
4872.77	0.566861
4918.84	0.57403
4964.8	0.585762
5012.35	0.594732
5056.77	0.601761
5113.52	0.607524
5164.31	0.615066
5211.23	0.626085
5253.47	0.642561
5289.49	0.659334
5323.39	0.690647
5352.51	0.729529
5376.24	0.769786
5394.78	0.799717
5415.66	0.58742
5437.3	0.429206
5453.13	0.319599
2547.38	0.167932
2546.87	0.168618
2545.42	0.176814
2636.37	0.209515
2763.1	0.289611
2887.37	0.340823
3001.26	0.370732
3109.32	0.389809
3213.77	0.403682
3315.98	0.415065
3418.44	0.42425
3501.92	0.422559
3585.91	0.43257
3668.37	0.442141
3748.39	0.451724
3822.74	0.46175
3895.05	0.471699
3964.52	0.480224
4035.56	0.487216
4098.17	0.492412
4148.83	0.475452
4211.7	0.477459
4273.98	0.483703
4334.13	0.48968
4392.69	0.495841
4449.58	0.50268
4506.46	0.508121
4562.5	0.514951
4617.84	0.522178
4672.71	0.52951
4726.76	0.53735
4776.94	0.540871
4825.52	0.549965
4871.25	0.560175
4920.49	0.571263
4968.32	0.583014
5016.2	0.59275
5064.06	0.59916
5114.68	0.604081
5163.47	0.610816
5209.22	0.620605
5250.68	0.635442
5285.82	0.658931
5320.18	0.687615
5349.23	0.726542
5372.64	0.768291
5390.79	0.798908
5411.7	0.570775
5435.1	0.400254
5450.7	0.302831
2548.38	0.167942
2547.8	0.168894
2546.48	0.1778
2642.06	0.206462
2766.03	0.272079
2893.84	0.326154
3007.2	0.356482
3114.19	0.375719
3217.25	0.389661
3317.42	0.400125
3414.2	0.409097
3503.82	0.417037
3591.04	0.425342
3676.79	0.433652
3758.75	0.443002
3827.41	0.438362
3897.25	0.448792
3965.21	0.458649
4027.53	0.466952
4092.09	0.475817
4150.9	0.48609
4211.35	0.497325
4271.72	0.507652
4331.07	0.518066
4389.32	0.528586
4446.53	0.53916
4503.14	0.549379
4559.16	0.559751
4615.27	0.569908
4672.16	0.578935
4732.65	0.584972
4779.21	0.572764
4826.15	0.578968
4873.21	0.58772
4921.23	0.595283
4969.52	0.600779
5017.9	0.606208
5066.17	0.611988
5114.59	0.618095
5161.8	0.625417
5206.71	0.635132
5248.46	0.648615
5286.96	0.666866
5315.12	0.6813
5344.48	0.709027
5367.77	0.7428
5385.74	0.757995
5406.08	0.508332
5433.16	0.351973
5446.58	0.272263
2550.22	0.16812
2549.29	0.170705
2546.33	0.190992
2650.36	0.245048
2782.43	0.313267
2901.59	0.347411
3012.59	0.368253
3118.47	0.382186
3220.49	0.392336
3319.28	0.399796
3414.49	0.406091
3505.85	0.412077
3595.44	0.418034
3686.85	0.42423
3757.49	0.411002
3832.11	0.416319
3899.72	0.416789
3965.47	0.425301
4028.24	0.435226
4090.03	0.446153
4149.88	0.456241
4209.79	0.466405
4269.38	0.475893
4328.1	0.484692
4386.1	0.492858
4443.3	0.500609
4499.64	0.508153
4555.02	0.515404
4611.24	0.521802
4667.33	0.528059
4723.44	0.533496
4776.19	0.535276
4824.37	0.545977
4871.81	0.558545
4919.7	0.571078
4968.54	0.582468
5017.31	0.592303
5065.28	0.599105
5113.12	0.605142
5159.96	0.612608
5204.75	0.622851
5246.49	0.637881
5284.28	0.659966
5316.82	0.691198
5342.68	0.722053
5364.99	0.766352
5382.49	0.795932
5404.1	0.529611
5430.43	0.3428
5442.41	0.260552
2553.32	0.168692
2552.29	0.175656
2546.68	0.231332
2674.45	0.310132
2794.83	0.350151
2908.94	0.375118
3018.07	0.392212
3123.12	0.405538
3224.48	0.417161
3322.36	0.427589
3416.55	0.437114
3507.57	0.445745
3595.86	0.453542
3680.36	0.460856
3758.89	0.470604
3841.81	0.476683
3902.07	0.454773
3966.73	0.459691
4027.96	0.464441
4088.03	0.470048
4147.01	0.476511
4206.83	0.48275
4266.24	0.489407
4324.25	0.496619
4382.07	0.503999
4439.34	0.511776
4495.46	0.520093
4548.34	0.529144
4605.49	0.538864
4660.48	0.5498
4715.46	0.561333
4775.4	0.571981
4821.06	0.560051
4867.59	0.567525
4914.83	0.577429
4965.24	0.585686
5015.26	0.593626
5062.04	0.598966
5109.55	0.602405
5156.33	0.60923
5201.08	0.618538
5242.76	0.632264
5280.32	0.652851
5312.54	0.682965
5337.78	0.725335
5360.74	0.767543
5378.7	0.796956
5400.62	0.539312
5426.43	0.342223
5437.62	0.258006
2557.89	0.169654
2558.59	0.181629
2559.28	0.288948
2685.33	0.338523
2802.86	0.365401
2915.05	0.382161
3022.91	0.394298
3127.27	0.40357
3228.41	0.411569
3326.2	0.418655
3419.33	0.425157
3509.94	0.432024
3598.34	0.438849
3678.37	0.444603
3754.64	0.45265
3829.48	0.459594
3898.7	0.464683
3971.69	0.472714
4027.95	0.468413
4086	0.475188
4141.12	0.483571
4202.77	0.493532
4263.52	0.503251
4319.04	0.503653
4377.22	0.512319
4435.4	0.520826
4492.54	0.529538
4549.52	0.538292
4600.6	0.537096
4652.33	0.545114
4701.23	0.55359
4760.35	0.557259
4811.76	0.562183
4859.56	0.573619
4902.59	0.586786
4959.65	0.596096
5012.57	0.60332
5065.22	0.612667
5103.69	0.612256
5150.99	0.619506
5195.8	0.629804
5237.47	0.643631
5275.13	0.662922
5308.06	0.689421
5336.28	0.722394
5355.15	0.742329
5374.22	0.747972
5397.09	0.47512
5421.56	0.31593
5431.47	0.252339
2562.22	0.171241
2563.64	0.190855
2564.75	0.329902
2691.04	0.366701
2808.7	0.386935
2920.44	0.401414
3027.42	0.413276
3131.15	0.423062
3232.69	0.43136
3331.96	0.438764
3422.1	0.447342
3512.14	0.454411
3606.97	0.4598
3678.18	0.441371
3750.07	0.444309
3821.2	0.44911
3890.15	0.453846
3958.05	0.458496
4021.09	0.46238
4082.55	0.468976
4144.03	0.475826
4198.38	0.475404
4252.06	0.477513
4314.41	0.476274
4371.37	0.481261
4431.56	0.487913
4488.59	0.496185
4543.65	0.504817
4596.98	0.512626
4649.37	0.522865
4701.08	0.533765
4754.63	0.545434
4806.33	0.556246
4856	0.568213
4904.66	0.580127
4956.33	0.590243
5007.78	0.597311
5052.7	0.602227
5099.14	0.606534
5145.82	0.61396
5191.21	0.624192
5233.43	0.639251
5271.55	0.661518
5304.82	0.692927
5332.67	0.733149
5354.68	0.775524
5370.8	0.797245
5392.42	0.541594
5417.94	0.34179
5429.51	0.260539
2565.38	0.172145
2566.72	0.193658
2566.69	0.335885
2695.27	0.366977
2814.06	0.384306
2925.29	0.39775
3031.13	0.408299
3133.97	0.416489
3236.51	0.422912
3344.57	0.428014
3423.07	0.408362
3507.85	0.412384
3592.97	0.414482
3672.07	0.411904
3744.33	0.414162
3814.27	0.418612
3881.48	0.422957
3950.11	0.426866
4015.06	0.432751
4077.6	0.439962
4139.37	0.447727
4193.65	0.452813
4246.68	0.461814
4311.53	0.46984
4373.19	0.479673
4429.18	0.481385
4484.9	0.489573
4537.8	0.498104
4592.55	0.5077
4645.3	0.519833
4697.19	0.53243
4748.82	0.545208
4800.9	0.55778
4851.39	0.570614
4901.65	0.582692
4951.16	0.591708
5003.29	0.598569
5042.8	0.601662
5098.08	0.606713
5138.18	0.61189
5185.11	0.621289
5227.87	0.635193
5266.34	0.655784
5300.02	0.684742
5328.08	0.722361
5349.97	0.763999
5365.36	0.790772
5388.34	0.523019
5413.05	0.352716
5426.11	0.271257
2567.32	0.17269
2568.49	0.190969
2568.81	0.313081
2700.31	0.3457
2821.14	0.364996
2930.95	0.381017
3034.36	0.395214
3134.28	0.406006
3232.24	0.414451
3328.23	0.421467
3414.94	0.427635
3500.35	0.436549
3585.86	0.445106
3674.35	0.453208
3740.08	0.434619
3808.78	0.43935
3878.42	0.445741
3943.96	0.444872
4009.62	0.450182
4071.68	0.453657
4130.78	0.458799
4190.25	0.460784
4249.9	0.466479
4310.06	0.47278
4369.54	0.480107
4426.96	0.488674
4482.78	0.498598
4536.14	0.509856
4588.28	0.514379
4640.25	0.525568
4691.67	0.536435
4740.61	0.548071
4795.06	0.559979
4845	0.568804
4894.03	0.57893
4944.53	0.587842
4994.67	0.596143
5045.9	0.60143
5088.38	0.604729
5133.22	0.611664
5178.61	0.621761
5221.03	0.636772
5259.45	0.658775
5293.71	0.688975
5322.46	0.727455
5345.27	0.768536
5362.55	0.799628
5383.34	0.572183
5406.05	0.392701
5421.49	0.294641
2568.17	0.176354
2568.92	0.200117
2568.69	0.329745
2704.64	0.349054
2831.69	0.357863
2937.7	0.357653
3037.02	0.369618
3133.23	0.382464
3227.17	0.393274
3318.85	0.401282
3406.2	0.407687
3491.07	0.413727
3574.2	0.418877
3655.12	0.422545
3728.36	0.422533
3799.73	0.428992
3870.16	0.436162
3937.31	0.441093
4000.27	0.448051
4067.38	0.456494
4130.9	0.465965
4193.5	0.475402
4250.32	0.479317
4307.6	0.487495
4367.09	0.49488
4425.26	0.503374
4481.81	0.512409
4536.12	0.52201
4584.1	0.530154
4633.93	0.542403
4685.09	0.544124
4741.1	0.552965
4788.36	0.554939
4837.83	0.566326
4881.45	0.579582
4936.15	0.589398
4982.86	0.598156
5038.68	0.603867
5090.2	0.611245
5132	0.616577
5170.52	0.623506
5212.66	0.639663
5250.29	0.663444
5285.91	0.693857
5315.78	0.731638
5339.55	0.7708
5357.78	0.800963
5378.06	0.59121
5398.96	0.425981
5414.83	0.31168
2568.05	0.181199
2568.41	0.214609
2568.68	0.396294
2709.83	0.41039
2856.12	0.41629
2944.97	0.389799
3037.83	0.392962
3130.62	0.396981
3221.43	0.401633
3311.04	0.406356
3397.54	0.411452
3481.34	0.416558
3562.72	0.421728
3641.7	0.427235
3716.75	0.43368
3789.93	0.439923
3858.68	0.445654
3930.2	0.452307
3999.16	0.460281
4065.13	0.467434
4130.44	0.475789
4196.5	0.484039
4249.27	0.482232
4299.91	0.493873
4364.67	0.50383
4424.28	0.514617
4482.68	0.525339
4534.69	0.528673
4584.34	0.528925
4633.02	0.535371
4686.62	0.543721
4731.36	0.552846
4786.08	0.559146
4836.77	0.569811
4885.04	0.581033
4933.81	0.590941
4980.28	0.598868
5033.18	0.604339
5082.82	0.611576
5130.06	0.62171
5165.29	0.631645
5203.29	0.64279
5236.8	0.669269
5276.93	0.697996
5308.26	0.734382
5332.83	0.772031
5351.62	0.801372
5371.91	0.59687
5391.86	0.443167
5407.24	0.324079
2567.17	0.177242
2567.76	0.204604
2567.7	0.353392
2703.79	0.372342
2832.41	0.380589
2943.52	0.38294
3035.57	0.382676
3128.02	0.391758
3214.57	0.399271
3305.33	0.406468
3390.56	0.415116
3472.96	0.423855
3552.73	0.432051
3632.21	0.440077
3705.35	0.447945
3780.04	0.457751
3852.16	0.467743
3924.93	0.476925
4000.74	0.485248
4062.06	0.475745
4127.72	0.481554
4195.15	0.487513
4252.16	0.489675
4308.63	0.494649
4365.89	0.490039
4423.07	0.494555
4476.2	0.49833
4528.61	0.500201
4583.97	0.507872
4635.88	0.520479
4687.39	0.533581
4736.71	0.547322
4787.47	0.560195
4837.24	0.573091
4885.79	0.585177
4932.75	0.59512
4979.93	0.602246
5028.42	0.610562
5074.67	0.614662
5122.16	0.623767
5165.53	0.636227
5196.17	0.645235
5233.95	0.668905
5269.87	0.699253
5300.61	0.735864
5325.37	0.772844
5344.42	0.801685
5364.79	0.598353
5384.27	0.45145
5399.2	0.332062
2565.33	0.172284
2565.88	0.1898
2566.43	0.313361
2698.25	0.346354
2820.58	0.363953
2931.91	0.377269
3031.82	0.390473
3127.16	0.402611
3219.72	0.413263
3302.52	0.414749
3384.12	0.419063
3463.43	0.4255
3545.52	0.431681
3623.32	0.441165
3697.08	0.450606
3771.24	0.45933
3843.61	0.467419
3915.23	0.474817
3987.95	0.481427
4051.19	0.478724
4120.5	0.486646
4195.9	0.493673
4252.25	0.490561
4310.25	0.497129
4369.16	0.496461
4422.34	0.49541
4478.42	0.49966
4531.54	0.509383
4585.1	0.521196
4637.2	0.533335
4688.42	0.545845
4738.64	0.558528
4787.89	0.570644
4836.99	0.58238
4886.34	0.592584
4929.85	0.596144
4976.27	0.602066
5014.07	0.606659
5067.67	0.61107
5115.38	0.61932
5158.34	0.632025
5195.19	0.652303
5226.73	0.670218
5261.23	0.700747
5292.15	0.73724
5317.17	0.773607
5336.39	0.802127
5356.81	0.598752
5376.03	0.455208
5390.64	0.336558
2563.03	0.16958
2562.04	0.180525
2558.33	0.269356
2691.56	0.32462
2812.54	0.352677
2926.37	0.371048
3028.67	0.386245
3125.43	0.398916
3210.44	0.40273
3295.27	0.411569
3381.04	0.421237
3466.41	0.431836
3540.25	0.432731
3616.42	0.442286
3686.63	0.451486
3762.65	0.460302
3834.32	0.469453
3903.03	0.478501
3968.9	0.487756
4032.81	0.498038
4105.61	0.509773
4178.37	0.521083
4244.43	0.535551
4309.39	0.548184
4378.09	0.55482
4431.3	0.53558
4481.81	0.538305
4532.24	0.545508
4585.92	0.552809
4637.66	0.561661
4688.68	0.570232
4739.82	0.578446
4786.75	0.580858
4834.85	0.588234
4879.8	0.594908
4924.76	0.599792
4968.05	0.606552
5015.2	0.612498
5063.52	0.618432
5109.57	0.627399
5152.64	0.640194
5193.09	0.658287
5223.98	0.679756
5249.53	0.705537
5282.92	0.738944
5308.46	0.774401
5327.76	0.802748
5348.12	0.598906
5367.16	0.456331
5381.51	0.338552
2562.2	0.168495
2559.77	0.176978
2552.98	0.250962
2680.96	0.322956
2802.56	0.356517
2926.39	0.375387
3026.95	0.372904
3114.98	0.375767
3204.72	0.387631
3291.04	0.401396
3375.28	0.414411
3457.06	0.426488
3534.82	0.437871
3611.99	0.449344
3688.76	0.459783
3756.53	0.462445
3826.41	0.471531
3892.23	0.480369
3950.53	0.48448
4004.15	0.493259
4089.41	0.498619
4166.31	0.501973
4236.78	0.505196
4304	0.508618
4369.47	0.512452
4429.25	0.514468
4482.9	0.523075
4536.74	0.533429
4587.85	0.54032
4637.6	0.541524
4687.3	0.549881
4734.11	0.557045
4784.43	0.56586
4833.09	0.576964
4877.61	0.584348
4919.96	0.591162
4959.3	0.599352
5011.66	0.604165
5059.61	0.610433
5104.64	0.619017
5146.74	0.631103
5185.92	0.648352
5218.68	0.674763
5250.33	0.708605
5275.06	0.739657
5299.83	0.77486
5318.8	0.803581
5338.92	0.59841
5357.78	0.454699
5371.87	0.338259
2564.27	0.167397
2560.94	0.170357
2554.05	0.188533
2659.15	0.224556
2781.99	0.28238
2906.25	0.318736
3013.71	0.338356
3108.47	0.359428
3198.41	0.37983
3284.87	0.396647
3368.47	0.41085
3448.72	0.424023
3527.38	0.436118
3605.69	0.447105
3677.09	0.452617
3750.52	0.460698
3819.3	0.46451
3883.95	0.470686
3949.53	0.472279
4014.26	0.48151
4079.92	0.491407
4159.18	0.498382
4230.95	0.505067
4298.91	0.512654
4365.06	0.520769
4431.89	0.5289
4482.48	0.520977
4534.68	0.527354
4584.12	0.534652
4638.14	0.543446
4683.96	0.545568
4735.66	0.555211
4782.07	0.556039
4827.74	0.563976
4871.98	0.572711
4919.1	0.583716
4963.63	0.594494
5010.35	0.601234
5055.9	0.608321
5099.21	0.617602
5139.45	0.630958
5179.96	0.648746
5217.33	0.673312
5244.76	0.703343
5271.92	0.742315
5291.07	0.775127
5309.59	0.804373
5329.37	0.592291
5348.03	0.447352
5361.75	0.335099
2570.1	0.166783
2565.43	0.167962
2556.41	0.175094
2662.85	0.188598
2765.68	0.220595
2890.43	0.280809
3004.05	0.325532
3100.08	0.354927
3190.82	0.375516
3277.49	0.390981
3361.38	0.403335
3438.93	0.407863
3517.65	0.415608
3592.83	0.421688
3668.55	0.425718
3737.71	0.429305
3812.27	0.434163
3882.52	0.441689
3951.57	0.451313
4019.49	0.461173
4084.99	0.470545
4158.03	0.477945
4227.56	0.484963
4294.33	0.491534
4358.69	0.498015
4419.76	0.504286
4476.1	0.506416
4530.39	0.512715
4582.99	0.519834
4634.55	0.527615
4685.68	0.529316
4730.57	0.531938
4777.83	0.539751
4827.01	0.550536
4872.72	0.56517
4918.98	0.579101
4964.11	0.591055
5008.26	0.599304
5051.91	0.606498
5093.62	0.615766
5127.86	0.627726
5172.17	0.641307
5208.91	0.661547
5237.59	0.692056
5264.72	0.727681
5286.09	0.765
5300.46	0.783798
5319.55	0.573887
5337.84	0.431043
5351.04	0.329251
2580.9	0.166396
2574.24	0.167819
2560.73	0.177092
2666.81	0.195628
2770.29	0.243459
2892.89	0.310719
3000.81	0.342104
3090.65	0.340633
3183.19	0.355092
3269.85	0.365857
3349.66	0.373451
3427.02	0.375168
3507.67	0.38622
3582.76	0.39334
3659.5	0.405494
3733.3	0.417609
3807.36	0.429827
3880.3	0.440995
3952.95	0.451126
4025.59	0.460104
4094.72	0.469764
4159.01	0.462641
4225.59	0.467759
4290.84	0.471068
4354.3	0.474292
4414.13	0.477763
4471.78	0.485305
4526.94	0.494775
4579.14	0.503666
4629.23	0.512931
4682.75	0.523033
4732.7	0.536615
4783.32	0.550392
4827.68	0.556476
4870.86	0.569987
4918.06	0.58294
4963.84	0.593935
5004.84	0.599052
5047.53	0.605679
5086.27	0.613224
5127.23	0.624239
5167.25	0.639852
5203.09	0.662405
5234.51	0.693929
5257.24	0.727782
5277.89	0.769126
5293.72	0.80369
5308.79	0.590317
5326.54	0.428003
5339.45	0.327078
2598.57	0.165973
2589.74	0.168846
2571.62	0.192613
2682.84	0.21478
2790.06	0.231034
2895.85	0.238456
2986.47	0.236571
3079.22	0.25447
3179.36	0.288931
3258.84	0.278288
3335.38	0.271887
3414.6	0.281474
3495.83	0.322686
3572.26	0.358052
3650.06	0.385226
3725.8	0.404448
3801.19	0.419925
3876.41	0.432373
3952.63	0.442329
4033.71	0.45005
4090.48	0.427938
4158.11	0.433484
4224.13	0.44205
4288.32	0.450784
4350.87	0.459756
4410.08	0.469586
4468.42	0.48021
4522.34	0.483277
4576.77	0.491312
4629.24	0.503555
4681.59	0.516496
4732.37	0.529704
4781.03	0.543497
4827.89	0.557355
4874.74	0.570882
4916.85	0.576438
4958.24	0.586107
5001.23	0.594883
5043.14	0.601905
5083.89	0.609938
5123.99	0.620704
5162.11	0.635714
5196.52	0.657454
5225.96	0.688551
5248.45	0.731962
5269.35	0.773051
5285.04	0.808508
5301.39	0.610128
5314.6	0.472265
5327.57	0.338661
2625.19	0.165002
2613.96	0.167098
2587.9	0.185659
2707.1	0.174313
2812.73	0.175219
2908.09	0.180112
2996.89	0.197062
3082.48	0.214698
3165.42	0.206622
3250.21	0.184672
3329.55	0.177427
3406.51	0.176818
3479.7	0.196752
3553.19	0.247964
3637.93	0.31636
3714.86	0.357771
3792.4	0.380961
3869.4	0.39475
3945.77	0.404257
4020.96	0.41194
4089.12	0.416455
4157.28	0.428098
4222.96	0.439837
4285.84	0.451594
4349.15	0.462931
4405.33	0.463874
4459.97	0.472145
4518.64	0.482531
4574.64	0.494882
4627.66	0.508046
4680.23	0.52105
4732.4	0.533624
4778.84	0.53517
4826.42	0.544617
4870.63	0.554418
4915.42	0.56728
4957.98	0.58134
4997.05	0.592434
5037.95	0.600342
5079.62	0.60815
5119.45	0.618706
5156.58	0.634079
5190.02	0.657143
5219.02	0.690803
5243.67	0.734352
5261.27	0.774323
5276.56	0.81105
5292.46	0.623186
5306.35	0.480561
5317.69	0.34298
2663.18	0.163557
2652.63	0.163835
2617.45	0.165264
2743.3	0.16287
2844.62	0.161373
2925.63	0.163054
3001.42	0.162332
3087.5	0.16027
3169.05	0.156263
3249.24	0.149024
3327.07	0.144308
3403.09	0.141622
3477.4	0.144887
3550.77	0.157847
3622.42	0.188895
3696.69	0.254613
3780.31	0.325644
3860.33	0.362077
3937.68	0.38295
4012.97	0.397553
4085.54	0.410033
4156.87	0.422743
4222.69	0.43575
4281.21	0.438924
4338.88	0.448122
4400.06	0.456985
4457.73	0.468799
4515.87	0.480515
4573.84	0.491728
4624.98	0.493073
4677.8	0.501084
4725.68	0.507623
4776.85	0.516477
4824.79	0.529909
4870.21	0.544721
4914.32	0.560361
4956.68	0.575615
4997.34	0.589229
5030.21	0.598686
5074.83	0.60573
5114.58	0.615267
5150.88	0.629457
5183.41	0.650969
5211.43	0.682891
5234.06	0.726789
5251.58	0.774811
5268.32	0.813282
5284.61	0.618572
5298.57	0.473025
5309.07	0.339325
2711.95	0.161838
2716.04	0.161533
2732.49	0.160859
2803.84	0.158224
2873.6	0.154655
2945.8	0.151676
3019.25	0.148407
3096.46	0.144956
3173.85	0.141216
3250.84	0.137061
3326.77	0.133305
3401.45	0.130143
3475.05	0.128586
3547.97	0.130218
3620.25	0.138617
3691.92	0.161158
3759.18	0.219414
3847.95	0.3161
3928.2	0.36545
4004.76	0.391192
4080.51	0.407874
4159.62	0.42043
4214.29	0.408597
4276.74	0.416284
4338.27	0.427101
4396.56	0.439227
4453.44	0.450471
4511.79	0.454249
4567.22	0.458595
4623.59	0.464101
4676.6	0.475602
4726.81	0.488435
4776.27	0.502641
4823.8	0.517232
4869.22	0.532476
4913.07	0.548129
4955.29	0.563765
4995.7	0.578753
5033.75	0.59186
5072.76	0.600613
5110.41	0.609258
5145.46	0.620987
5177.12	0.638303
5204.59	0.664194
5225.08	0.698122
5243.83	0.731451
5262.4	0.733904
5278.65	0.579994
5292.07	0.455074
5301.66	0.329701
2756.98	0.159944
2767.39	0.15927
2792.82	0.157795
2841.89	0.155187
2900.6	0.152042
2965.22	0.148699
3033.88	0.145174
3105.98	0.141543
3179.9	0.137849
3254.5	0.134135
3328.75	0.130552
3401.91	0.127217
3474.23	0.124398
3546.1	0.122586
3617.58	0.123072
3688.86	0.129398
3759.14	0.151673
3827.37	0.211865
3915.83	0.311788
3993.76	0.359438
4069.17	0.383694
4142.49	0.39908
4209.31	0.41092
4271.16	0.424397
4338.98	0.438952
4392.82	0.422474
4442.34	0.422781
4508.75	0.430213
4568.24	0.44132
4623.83	0.455091
4676.44	0.469464
4726.82	0.484291
4775.74	0.49949
4823.02	0.515071
4867.84	0.531394
4911.49	0.548023
4953.73	0.564649
4994.57	0.580601
5034.67	0.594237
5070.24	0.598463
5106.47	0.606361
5140.41	0.614141
5171.35	0.621928
5197.87	0.630119
5221.83	0.637804
5241.9	0.640967
5259.54	0.612334
5274.6	0.536454
5287.25	0.423583
5295.49	0.307924
2792.01	0.158259
2804.13	0.157444
2829.96	0.155836
2870.84	0.153467
2922.34	0.150605
2981.37	0.147427
3045.92	0.144034
3114.69	0.140507
3186.35	0.136914
3259.67	0.133319
3333.07	0.1298
3404.47	0.126456
3475.14	0.123393
3545.78	0.120824
3615.87	0.119415
3686.47	0.121315
3757.18	0.133696
3827.52	0.176498
3897.44	0.233003
3978.86	0.286503
4056.41	0.31515
4128.73	0.334013
4193.82	0.351448
4262.64	0.367843
4328.41	0.383385
4388.89	0.393045
4448.06	0.408266
4510.59	0.423369
4571.11	0.437435
4625.1	0.452153
4676.58	0.46838
4726.41	0.483928
4774.98	0.49931
4822.78	0.514159
4865.79	0.516747
4909.49	0.526898
4951.82	0.535469
4992.55	0.543565
5029.59	0.551291
5068.35	0.557352
5104.32	0.566531
5137.71	0.573143
5168.2	0.576216
5195.35	0.574806
5219.45	0.568402
5240.17	0.553808
5257.77	0.522899
5272.64	0.455299
5284.55	0.365762
5290.21	0.250337
2815.39	0.157033
2827.68	0.15619
2852.56	0.154603
2889.78	0.152389
2937.24	0.149708
2992.78	0.146688
3054.64	0.143424
3121.49	0.139994
3192.25	0.136463
3265.93	0.132892
3340.65	0.129369
3409.05	0.126122
3477.4	0.123168
3547.32	0.120845
3614.85	0.120056
3684.61	0.123301
3754.3	0.136888
3822.99	0.164501
3899.39	0.147122
3975.28	0.15968
4048.66	0.176131
4117.45	0.194189
4178.63	0.22075
4253.14	0.288259
4319.9	0.345961
4383.51	0.382434
4447.75	0.406982
4512.03	0.424706
4578.4	0.437387
4627.07	0.416621
4676.62	0.423166
4725.64	0.428556
4773.5	0.432392
4817.15	0.432037
4864.03	0.432265
4908.31	0.438703
4950.74	0.445868
4991.36	0.452883
5029.92	0.459086
5067.52	0.467704
5103.08	0.47275
5136.21	0.474279
5166.62	0.471323
5194.07	0.46269
5218.55	0.44787
5239.93	0.424921
5258.03	0.390891
5272.9	0.342079
5283.17	0.27341
5287.57	0.21545
2827.02	0.156384
2839.18	0.155543
2863.42	0.153987
2899.1	0.151847
2944.76	0.149255
2998.67	0.146316
3059.26	0.143116
3125.36	0.139723
3196.28	0.136185
3272.29	0.132522
3355.76	0.128699
3414.96	0.125857
3479.44	0.123096
3542.39	0.120347
3613.18	0.11781
3683.63	0.116176
3754.27	0.116214
3825.59	0.118061
3899.43	0.116824
3973.64	0.120917
4046.22	0.12728
4115.72	0.135661
4181.9	0.149133
4248.32	0.173861
4307.74	0.216589
4373.92	0.267277
4444.84	0.300115
4509.85	0.310932
4571.63	0.31395
4625.45	0.305118
4676.24	0.309877
4725.33	0.316616
4772.81	0.323283
4818.24	0.328984
4863.73	0.337425
4907.79	0.342616
4950.2	0.346261
4990.9	0.348609
5029.84	0.349716
5067.27	0.350338
5102.76	0.348812
5135.94	0.345006
5166.49	0.338733
5194.24	0.329773
5219.22	0.318167
5241.86	0.30456
5260.33	0.285721
5273.49	0.249978
5281.98	0.215627
5286.59	0.204367
4587.67	0.488814
4627.11	0.490798
4676.44	0.496912
4725.42	0.506302
4773.69	0.516144
4808.79	0.521553
4825.83	0.566915
4865.26	0.568756
4909.22	0.577129
4951.58	0.584094
4992.59	0.590538
5025.47	0.592941
5039.31	0.63576
5069.59	0.637903
5106.12	0.648201
5140.03	0.6594
5171	0.673715
5196.15	0.686389
5206.97	0.711659
5223.53	0.713424
5230.9	0.730808
2693.69	0.367103
2770.87	0.369688
2853	0.376254
2891.65	0.407136
2984.8	0.40778
3091.22	0.410441
3160.52	0.409317
3192.58	0.419172
3279.53	0.419218
3377.19	0.420887
3442.84	0.420185
3476.99	0.426062
3559.35	0.425302
3648.85	0.424984
3707.48	0.423599
3740.65	0.422233
3818.27	0.422724
3900.28	0.426015
3948.73	0.426739
3978.53	0.437361
4046.07	0.437153
4113.69	0.437871
4148.95	0.437867
4166.55	0.437721
4094.81	0.533021
4125.18	0.532646
4185.31	0.533948
4247.55	0.534625
4301.54	0.540189
4360.42	0.540763
4414.23	0.542438
4467.86	0.542329
4506.76	0.542472
4527.66	0.552065
4574.7	0.553204
4624.9	0.559816
4673.77	0.562569
4714.29	0.57149
4756.85	0.573583
4804.07	0.576705
4849.63	0.578698
4890.81	0.580725
4897.12	0.588665
4739.78	0.629465
4779.77	0.631792
4826.11	0.634942
4873.2	0.638236
4921.16	0.640822
4969.43	0.643427
5017.79	0.645932
5066.08	0.648381
5114.4	0.650539
5161.52	0.653072
5206.38	0.655875
5248.13	0.658132
5286.21	0.658126
5315.08	0.650606
5344.31	0.638766
5368.01	0.604035
5386.33	0.570983
5395.08	0.511822
4751.82	0.575506
4785.58	0.579332
4802.43	0.596321
4829.08	0.596465
4869.9	0.609138
4909.69	0.621701
4947.63	0.630999
4963.88	0.655761
4985.54	0.656254
5026.14	0.6612
5066.08	0.667224
5107.08	0.670165
5122.77	0.660503
5142.89	0.65962
5176.66	0.659998
5205.68	0.653471
5232.44	0.637211
5246.67	0.617398
5261.22	0.61571
5279.86	0.57278
5296.56	0.509174
5308.68	0.462877
4142.9	0.477981
4171.26	0.478237
4193.34	0.490423
4235.6	0.490247
4297.14	0.49829
4355.67	0.504678
4414.34	0.509129
4452.65	0.511305
4474.62	0.530347
4526.19	0.53186
4581.76	0.536218
4625.14	0.550458
4667.84	0.55365
4685.54	0.573825
4721.25	0.574174
4769.58	0.581387
4817.62	0.584775
4865.16	0.587101
4892.71	0.587635
4910.98	0.59015
4934.87	0.59041
2921.71	0.428941
2945.67	0.427832
2975.84	0.429663
3035.07	0.428808
3128.06	0.43193
3209.37	0.432819
3240.76	0.448051
3301.37	0.447223
3384.36	0.451647
3456.87	0.451906
3482.96	0.467776
3539.51	0.467235
3616.49	0.471002
3679.48	0.471364
3702.04	0.484366
3755.93	0.483877
3826.58	0.4857
3882.95	0.485153
3896.97	0.486837
3949.01	0.486258
4014.58	0.487012
4066.12	0.485916
4075.13	0.471525
3764.11	0.52074
3821.13	0.520732
3896.68	0.521653
3972.72	0.522275
4047.09	0.52342
4115.48	0.526927
4180.11	0.530059
4241.58	0.532927
4306.04	0.533879
4357.44	0.541041
4410.09	0.543791
4463.67	0.546194
4515.82	0.549223
4567.92	0.550778
4619.31	0.551784
4659.54	0.551825
4677.39	0.558726
4716.01	0.558611
4757.13	0.559981
4785.56	0.559652
4094.96	0.510682
4147.27	0.51325
4207.37	0.518448
4267.54	0.523867
4327.14	0.528729
4386.05	0.532548
4434.55	0.534371
4455.86	0.558501
4499.35	0.559105
4553.37	0.568844
4605.1	0.574414
4655.07	0.579707
4703.45	0.584759
4749.96	0.589545
4791.59	0.596171
4832.14	0.599795
4873.13	0.602639
4907.1	0.603577
4921.97	0.612009
4952.86	0.612267
4989.65	0.614022
5014.16	0.614725
3918.61	0.485856
3974.28	0.487473
4042.39	0.492195
4108.31	0.497473
4172.43	0.501874
4211.8	0.504006
4236.2	0.528449
4293	0.52989
4352.96	0.533207
4411.29	0.536717
4467.41	0.541213
4519.69	0.547815
4565.68	0.55853
4620.74	0.561909
4672.75	0.567762
4722.34	0.572433
4762.55	0.573782
4779.18	0.591782
4816.18	0.591891
4862.64	0.593762
4895.21	0.593984
4031.96	0.471218
4073.79	0.471031
4089.12	0.47629
4139.78	0.476885
4200.76	0.479551
4261.56	0.48172
4321.98	0.483943
4381.3	0.486095
4439.05	0.487783
4495.73	0.48837
4550.08	0.488172
4584.89	0.486943
4602.2	0.475723
4645.77	0.47658
4692.96	0.480725
4739.31	0.48345
4782.32	0.487328
4823.59	0.491186
4862.49	0.494194
4895.28	0.496325
3132.07	0.484308
3198.05	0.484762
3284.97	0.486779
3373.04	0.488187
3461.2	0.489605
3548.61	0.491257
3634.71	0.493045
3718.78	0.495041
3800.18	0.497208
3878.9	0.49931
3954.86	0.501337
4027.56	0.503452
4094.81	0.506496
4164.01	0.507004
4232.25	0.507007
4296.32	0.507137
4351.53	0.506889
4400.98	0.506416
4421.94	0.508097
4521.31	0.410697
4541.35	0.412971
4557.37	0.503134
4597.99	0.506381
4619.41	0.542154
4648.95	0.542263
4686.54	0.545686
4704.15	0.561727
4742.17	0.563235
4757.65	0.583312
4791.48	0.583649
4816.3	0.58867
4836.34	0.591253
4868.52	0.592882
4881.83	0.599049
4916.23	0.599271
4932.97	0.615736
4962.01	0.615839
4992.51	0.619995
5011.37	0.625653
5045.33	0.628032
5058.54	0.641465
5090.4	0.642672
5114.95	0.646491
5141.91	0.645796
5173.82	0.649586
5185.54	0.649417
4336.07	0.536858
4353.73	0.536562
4402.64	0.539039
4455.22	0.541847
4506.51	0.543558
4528.37	0.556926
4563.33	0.556845
4612.96	0.567733
4663.19	0.572512
4708.94	0.577977
4729.54	0.588611
4758.49	0.588474
4803.03	0.594847
4847.16	0.597442
4890.14	0.598948
4909.22	0.60536
4931.44	0.604893
4980.18	0.62096
5025.35	0.626581
5068.78	0.630531
5091.8	0.631962
5113.35	0.631804
5146.91	0.633271
2602.75	0.26662
2622.27	0.306478
2682.51	0.311236
2789.72	0.329669
2895.68	0.348396
2979.4	0.365037
3012.86	0.419182
3089.63	0.420437
3182.72	0.43181
3270.57	0.440454
3327.45	0.443717
3363.18	0.466467
3438.56	0.467558
3517.65	0.471648
3591.26	0.473695
3625.96	0.48149
3675.81	0.48057
3750.15	0.484524
3819.72	0.485934
3875.36	0.485767
3897.97	0.493869
3949.69	0.493368
3995.58	0.493966
4052.2	0.490431
4079.16	0.49085
4100.81	0.524486
4158.6	0.525488
4225.36	0.530846
4290.6	0.53627
4354.34	0.541461
4387.24	0.543757
4418.91	0.544454
4475.78	0.549854
4530.2	0.554426
4583.21	0.558489
4629.95	0.560157
4647.6	0.57925
4683.53	0.579443
4735.2	0.582914
4781.96	0.58735
4828.35	0.589772
4862.93	0.590486
4880.27	0.598858
4919.55	0.598943
4947.13	0.599642
4588.9	0.525012
4597.26	0.52846
4627.84	0.528707
4666.6	0.533898
4680.74	0.55811
4714.33	0.558906
4750.94	0.562046
4762.13	0.58357
4798.87	0.584381
4834.72	0.586041
4851.8	0.599763
4894.62	0.601542
4926.25	0.604409
4937.12	0.612787
4976.73	0.615906
4995.13	0.625527
5015.37	0.625197
5052.61	0.628526
5064.18	0.639928
5088.05	0.640078
5123.21	0.644052
5133.05	0.663313
5159.4	0.664357
5186.46	0.672326
5192.05	0.688049
5208.47	0.690028
3361.34	0.464
3423.04	0.46392
3507.81	0.465675
3592.47	0.467121
3671.44	0.471289
3744.02	0.47739
3814.02	0.480747
3879.04	0.483235
3906.1	0.499519
3943.52	0.499038
4009.16	0.502022
4071.34	0.50574
4130.7	0.51006
4190.17	0.513264
4249.84	0.51698
4309.92	0.520464
4369.3	0.523946
4426.74	0.527327
4482.61	0.529616
4533.02	0.530718
4551.97	0.539811
4581.99	0.539512
4603.93	0.542946
3733.61	0.467187
3754.41	0.466673
3774.85	0.486639
3826.79	0.486506
3897.09	0.491694
3965.78	0.494411
4010.85	0.495149
4037.82	0.504388
4098.17	0.504123
4150.04	0.493544
4209.24	0.493675
4234.98	0.497669
4277.11	0.497224
4338	0.50482
4397.54	0.508841
4441.37	0.510711
4463.15	0.528384
4512.41	0.529433
4567.33	0.536551
4618.55	0.541566
4641.7	0.55006
4670.79	0.549694
4720.61	0.552871
4767.78	0.554932
4798.26	0.55617
4011.94	0.523644
4018.01	0.524026
4062.33	0.523947
4127.79	0.525005
4194.29	0.526008
4252	0.533103
4308.6	0.536752
4365.78	0.539371
4422.73	0.542705
4477.03	0.546949
4518.78	0.548347
4538.55	0.573464
4583.55	0.574302
4633.22	0.580947
4685.93	0.582791
4731.91	0.590967
4785.75	0.592785
4836.51	0.596506
4885.03	0.598689
4933.61	0.598837
4960.47	0.598806
4967.8	0.598339
4170.15	0.454855
4211.46	0.455726
4235.94	0.480004
4280.99	0.47993
4332.76	0.484336
4354.37	0.505741
4405.25	0.506522
4446.66	0.510543
4469.82	0.526858
4521.81	0.529339
4548.82	0.538268
4578.93	0.537772
4626.74	0.541991
4645.51	0.557424
4685.2	0.557423
4724.49	0.56345
4739.98	0.586263
4782.04	0.58701
4814.56	0.589322
4834.07	0.599062
4876.96	0.599938
4897.66	0.609117
4924.74	0.608547
4966.11	0.609054
4984.08	0.60775
5005.9	0.607211
5009.69	0.605176
5012.64	0.60739
5040.5	0.60729
5054.02	0.612976
5085.59	0.612822
5098.69	0.624048
5129.01	0.624077
5138.42	0.640409
5163.21	0.641055
5172.45	0.658295
5194.48	0.659171
5203.46	0.682921
5224.9	0.68408
5231.42	0.719443
5248.07	0.721196
5256.9	0.747588
5273.72	0.748585
5278.46	0.773245
5290.09	0.773778
5292.32	0.761056
5299.93	0.757722
5301.73	0.599492
5308.21	0.585266
5308.78	0.490772
5309.76	0.47844
4342.63	0.487992
4393.62	0.49358
4426.83	0.49847
4453.99	0.50722
4511.68	0.510152
4564.54	0.515545
4586.18	0.539474
4624.23	0.539601
4677.91	0.549352
4718.63	0.552781
4736.49	0.578901
4778.33	0.579902
4826.53	0.58872
4854.8	0.591007
4875.1	0.599519
4916.83	0.601609
4956.92	0.605848
4974.69	0.617502
5004.32	0.617348
5047.7	0.621635
5081.34	0.623268
5096.18	0.627942
5124.45	0.628164
4066.75	0.518222
4108.9	0.518017
4160.41	0.51825
4181.07	0.526505
4227.78	0.526389
4288.97	0.530982
4347.03	0.534576
4406.54	0.53682
4463.46	0.541122
4516.96	0.546194
4564.7	0.54804
4584.62	0.562344
4620.44	0.562383
4671.09	0.570478
4720.56	0.574257
4767.84	0.579131
4812.42	0.584066
4864.04	0.585246
4910.58	0.586905
4929.55	0.589921
4948.56	0.589694
4072	0.507935
4124.05	0.509293
4154.11	0.51413
4185.25	0.513387
4249.03	0.513624
4280.49	0.516322
4307.28	0.516455
4357.83	0.515018
4389.79	0.516188
4411.61	0.521379
4462.28	0.523428
4496.36	0.52555
4516.56	0.534592
4564.63	0.535741
4600.33	0.537654
4619.34	0.548576
4664.23	0.550135
4698.09	0.55321
4714.05	0.571245
4755	0.572224
4787.82	0.574116
4802.56	0.583648
4838.33	0.583954
4867.6	0.585226
4871.06	0.584346
4258.96	0.520985
4299.71	0.52137
4353.75	0.524709
4406.62	0.529083
4452.51	0.531265
4469.31	0.55049
4508.14	0.550647
4563.79	0.556796
4617.13	0.56262
4663.6	0.571801
4685.56	0.57981
4711.22	0.579549
4754.72	0.584708
4795.37	0.59002
4840.62	0.591964
4867.19	0.593541
4880.65	0.602767
4917.13	0.603965
4954.78	0.609801
4994.24	0.612504
5022.71	0.613849
5031.15	0.622714
5058.65	0.622962
5062.57	0.604848
5069.41	0.611645
5088.91	0.611202
5098.38	0.608071
5102.34	0.613078
5121.91	0.613615
5132.27	0.614442
5135.71	0.627866
5153.84	0.629478
5164.27	0.634556
5168.06	0.648787
5183.17	0.651066
5193.91	0.654042
5195.41	0.674389
5208.59	0.677753
5217.57	0.676191
5219.04	0.691536
5229.25	0.696295
5236.5	0.692703
5235.66	0.719615
5242.37	0.730566
5247.46	0.732189
5244.56	0.755926
5248.97	0.773972
5250.09	0.774653
3692.47	0.364016
3714.64	0.394529
3758.42	0.394995
3788.04	0.421394
3834.6	0.421123
3864.12	0.410059
3896.69	0.414415
3935.02	0.413718
3959.83	0.448304
4001.77	0.448644
4027.15	0.479592
4059.03	0.482849
4092.71	0.48198
4118.28	0.484642
4158.51	0.484253
4181.65	0.493597
4211.9	0.497096
4239.78	0.50044
4258.04	0.495883
4294.58	0.494943
4314.32	0.464472
4336.53	0.455938
4352.49	0.444842
4201.76	0.51154
4252.79	0.512218
4302.42	0.512995
4318.44	0.527394
4365.28	0.527526
4423.37	0.5339
4467.42	0.536027
4487.05	0.557661
4534	0.558222
4584.69	0.564798
4619.47	0.566696
4636.94	0.584192
4685.09	0.585424
4741.67	0.587621
4772.26	0.590537
4795.59	0.596718
4844.85	0.597865
4894.18	0.600527
4920.36	0.601676
4950.63	0.600662
5002.54	0.602391
5038.48	0.602619
5043.99	0.602698
5044.05	0.603054
4108	0.536421
4148.92	0.537577
4211.54	0.541401
4273.7	0.546425
4333.87	0.552372
4392.43	0.55814
4449.43	0.563794
4506.26	0.568069
4562.31	0.572345
4617.67	0.576011
4672.49	0.57895
4726.24	0.581622
4776.68	0.585765
4825.86	0.588159
4855.85	0.588946
4874.66	0.599086
4918.62	0.599699
4964.89	0.601957
5011.82	0.601911
5050.51	0.602539
5016.59	0.605704
5022.76	0.606444
5049.05	0.606365
5064.88	0.613171
5086.86	0.615166
5108.06	0.61478
5123.94	0.623085
5150.8	0.623198
5165.58	0.633443
5185.89	0.635187
5205.54	0.634674
5219.06	0.647517
5242.49	0.648254
5254.34	0.661969
5269.74	0.667282
5284.63	0.667329
5292.28	0.687733
5310.4	0.688886
5317.35	0.719729
5327.26	0.728179
5336.87	0.728542
5340.1	0.739357
5351.71	0.739623
5355.04	0.793311
5361.1	0.793497
5364.47	0.793326
4629.43	0.576263
4667.27	0.577514
4711.68	0.580182
4755.37	0.583636
4786.56	0.585085
4802.35	0.598018
4838.23	0.598759
4878.28	0.604348
4917.53	0.607947
4950.12	0.610575
4961.03	0.637768
4989.14	0.639256
5025.37	0.648139
5062.92	0.653717
5101.78	0.657503
5111.58	0.684132
5136.54	0.685299
5170.12	0.70623
5198.76	0.723969
5222.98	0.738896
5234.27	0.743819
5239.48	0.719917
5248.14	0.718458
3684.04	0.492153
3740.35	0.493166
3808.77	0.495748
3878.08	0.498464
3943.85	0.503408
4009.32	0.507175
4071.4	0.512242
4131.57	0.515845
4168.42	0.517395
4194.53	0.531127
4250.09	0.532769
4307.68	0.535738
4366.93	0.537767
4425.07	0.540788
4481.55	0.543851
4535.59	0.546808
4584.28	0.550481
4634.78	0.550914
4677.5	0.549864
4693.07	0.55339
4721.32	0.553234
3858.52	0.517605
3901.89	0.517922
3966.37	0.523017
4027.73	0.529577
4087.82	0.535142
4146.94	0.540351
4206.68	0.54403
4266.01	0.547735
4324.12	0.551418
4381.93	0.55396
4439.17	0.556002
4495.5	0.557614
4543.34	0.558174
4561.42	0.574431
4599.65	0.574492
4651.99	0.579202
4702.19	0.581236
4759.63	0.581494
4811.31	0.58427
4859.28	0.58632
4892.44	0.587134
3363.16	0.128275
3415.22	0.125899
3480.34	0.123306
3522.37	0.122087
3549.87	0.121425
3614.77	0.121472
3684.53	0.127226
3753.65	0.151691
3817.91	0.229441
3851.59	0.344056
3896.91	0.355368
3978.34	0.378139
4055.92	0.393641
4128.69	0.405522
4190.2	0.412335
4218.9	0.431773
4270.22	0.431248
4338.04	0.430787
4392.35	0.424341
4436	0.423371
4438.08	0.557265
4438.5	0.557748
4482.73	0.558863
4535.1	0.561522
4572.05	0.563053
4590.64	0.577781
4637.22	0.578741
4687.64	0.584073
4726.45	0.5856
4743.99	0.603376
4786.37	0.604143
4835.08	0.611224
4874.89	0.613152
4891.79	0.626525
4929.4	0.627204
4976.08	0.634272
5013.55	0.639535
5035.1	0.642421
5073.77	0.642178
5121.95	0.649604
5163.1	0.653622
5176.82	0.66375
5202.72	0.663953
5225.88	0.66963
4397.17	0.596419
4431.56	0.596587
4481.76	0.599318
4532.48	0.602797
4585.68	0.605979
4637.48	0.612652
4688.56	0.618136
4739.34	0.622558
4786.68	0.631505
4834.47	0.636252
4879.64	0.644742
4924.5	0.650611
4968.17	0.657468
5015.16	0.661992
5063.2	0.666342
5109.17	0.673419
5152.25	0.681856
5192.31	0.690279
5223.74	0.703643
5244.11	0.709135
2823.2	0.160368
2828.01	0.160833
2847.99	0.162252
2925.85	0.167601
2977.14	0.190647
2998.13	0.225071
3082.31	0.299532
3159.37	0.324814
3188.83	0.377719
3258.09	0.380864
3333.84	0.407254
3368.69	0.442961
3426.02	0.442716
3507.97	0.456205
3553.57	0.460063
3592.77	0.465658
3669.01	0.46711
3724.77	0.468581
3753.74	0.485184
3819.15	0.485089
3878.39	0.485649
3900.15	0.493056
3949.55	0.492505
3997.49	0.493935
4317.61	0.531859
4360.71	0.535431
4394.11	0.538569
4415.72	0.558823
4466.39	0.560415
4517.46	0.56673
4570.15	0.569845
4596.84	0.573524
4619.18	0.578432
4665.52	0.580614
4714.53	0.583325
4760.09	0.58803
4779.52	0.596682
4803.01	0.596522
4847.14	0.598435
4891.04	0.600649
4932.98	0.602585
4948.46	0.61563
4973.84	0.615564
5015.14	0.618277
5054.12	0.620372
5083.39	0.620452
2874.1	0.459337
2944.62	0.45927
3037.73	0.463455
3130.43	0.466182
3221.28	0.469057
3310.77	0.47148
3397.28	0.474385
3481.09	0.477195
3562.46	0.47985
3641.33	0.482423
3716.51	0.48571
3789.55	0.487926
3858.84	0.491019
3929.95	0.491894
3998.85	0.493122
4065.04	0.494165
4130.39	0.49404
4194.98	0.493315
4248.5	0.493901
4288.32	0.494526
2995.37	0.425268
3029.02	0.42439
3112.81	0.428618
3149.69	0.443379
3209.55	0.442446
3294.01	0.447915
3332.11	0.453831
3383.24	0.452748
3463.86	0.457534
3507.04	0.458007
3552.07	0.456753
3632.7	0.458863
3678.99	0.458505
3716.81	0.458607
3790.47	0.458732
3838.72	0.458519
3871.01	0.460815
3937.63	0.461007
3985.09	0.461245
4011.56	0.465686
4071.89	0.465298
4119.2	0.46491
4141.94	0.46698
4193.42	0.467018
4234.36	0.468163
4241.45	0.477119
4469.04	0.587098
4474.75	0.586801
4518.34	0.588694
4568.64	0.590751
4620.81	0.592802
4672.14	0.596407
4722.3	0.600233
4771.71	0.607343
4816.83	0.620126
4862.54	0.626492
4906.68	0.633798
4960.22	0.635894
5000.77	0.636859
5020.4	0.653837
5065.07	0.654779
5115.82	0.660375
5163.81	0.665815
5206.83	0.674669
5248.22	0.681889
5285.39	0.691361
5315.04	0.701401
4797.03	0.599687
4821.36	0.599629
4867.62	0.60371
4915.08	0.606491
4965.24	0.607421
5015.59	0.606947
5054.45	0.605624
5069.79	0.609379
5104.01	0.607711
5150.84	0.604477
5195.64	0.599752
5237.33	0.596585
5275.07	0.591285
5308.17	0.581811
5336.37	0.563631
5355.97	0.513422
5375.48	0.433686
5397.64	0.342396
5420.62	0.298181
5427.44	0.262195
3977.7	0.494681
4028.34	0.495672
4086.4	0.497145
4133.28	0.497591
4151.43	0.506471
4197.7	0.506531
4252.57	0.511669
4314.63	0.513534
4353.11	0.514765
4375.42	0.528417
4428.84	0.530022
4484.7	0.535925
4535.92	0.54048
4556.84	0.554995
4587.87	0.554833
4640.13	0.559148
4691.82	0.561942
4734.02	0.562992
4748.22	0.575626
4787.8	0.57561
4837.5	0.578519
4874.5	0.579935
4202	0.511094
4217.62	0.513095
4252.35	0.512611
4304.56	0.513995
4321.99	0.526134
4368.9	0.526053
4414.57	0.529671
4434.49	0.550555
4481.84	0.550572
4517.15	0.550944
4538.09	0.552384
4587.19	0.553033
4610.23	0.555206
4637.96	0.554708
4681.63	0.555729
4697.07	0.560714
4730.62	0.560725
4772.38	0.563147
4788.14	0.58069
4827.57	0.581277
4860.75	0.583819
4876.58	0.59202
4916.62	0.59277
4939.55	0.594997
4958.31	0.596034
4995.67	0.596892
5009.84	0.598923
5020.98	0.598835
4584.92	0.507834
4588.61	0.508043
4617.04	0.508171
4631.9	0.516801
4654.2	0.52051
4670.41	0.530631
4687.64	0.540271
4711.92	0.54015
4723.71	0.560783
4751.44	0.560991
4763.3	0.566494
4786.73	0.567674
4803.09	0.571253
4818.82	0.572928
4841.01	0.572746
4852.13	0.580444
4875.96	0.580782
4884.68	0.592194
4906.66	0.593066
4917.81	0.598797
4932.79	0.603314
4952.01	0.602914
4961.1	0.606119
4981.41	0.605841
4984.89	0.587675
4314.96	0.538405
4348.12	0.539568
4365.96	0.560318
4413.61	0.561134
4466.49	0.565476
4517.5	0.569489
4570.17	0.5719
4620.96	0.576649
4671.55	0.580089
4717.13	0.586743
4757.66	0.593887
4798.86	0.596208
4845.91	0.597668
4894.57	0.598547
4931.33	0.598869
4949.48	0.612687
4990.89	0.613089
5036.9	0.616981
5079.84	0.618559
5107.63	0.619596
2746.99	0.345502
2774.68	0.346645
2841.15	0.362269
2881.14	0.395344
2978.3	0.398303
3062.3	0.40159
3097.9	0.424959
3182.03	0.424754
3274.47	0.424946
3311.87	0.432038
3382.39	0.43094
3474.41	0.433899
3518.08	0.434158
3567.33	0.432897
3653.85	0.435095
3709.58	0.434894
3741.24	0.441405
3814.08	0.441664
3875.84	0.44274
3901.31	0.465047
3960.92	0.465048
4024.31	0.468597
4049.82	0.48336
4097.09	0.482529
4140.01	0.476207
3438.8	0.46131
3448.49	0.461764
3497.21	0.461063
3580.11	0.462273
3658.06	0.463788
3690.57	0.476012
3737.85	0.475266
3813.66	0.484505
3884.76	0.492355
3920.77	0.496987
3960.76	0.496049
4032.37	0.502192
4100.6	0.50814
4137.88	0.510795
4169.62	0.516762
4228.55	0.518762
4289.83	0.520596
4327.99	0.521506
4354.13	0.528672
4411.82	0.527617
4470.34	0.524299
4504.03	0.519597
4522.6	0.511985
4559.68	0.511881
3612.76	0.497984
3678.47	0.500123
3749.95	0.502937
3820.96	0.50616
3889.96	0.509832
3957.55	0.513023
4020.84	0.518294
4082.42	0.521614
4143.46	0.523778
4199.08	0.528603
4248.5	0.529966
4272.22	0.544827
4317.9	0.544806
4377.06	0.550205
4435.27	0.551293
4492.47	0.552087
4549.01	0.552378
4600.57	0.553404
4651.94	0.553624
4696.71	0.554062
