2857.64	0.227065
2870.07	0.264524
2896.75	0.30746
2932.72	0.32125
2978.1	0.325382
3031.13	0.327206
3089.78	0.328261
3152.25	0.328947
3217.1	0.329424
3283.23	0.329783
3349.79	0.330082
3416.14	0.330367
3481.74	0.330674
3546	0.331038
3608.12	0.331418
3667.03	0.331258
3723.69	0.332124
3778.3	0.333167
3830.54	0.334369
3879.98	0.335558
3926.47	0.336903
3970.38	0.338663
4012.05	0.340525
4051.76	0.342424
4089.67	0.344293
4125.83	0.346073
4159.72	0.34774
4188.46	0.346104
4216.25	0.347708
4242.56	0.349121
4267.35	0.350182
4290.59	0.350842
4312.2	0.351052
4332.34	0.350757
4351.22	0.349903
4369.19	0.348469
4386.65	0.346471
4403.29	0.343875
4418.94	0.340692
4433.58	0.336948
4447.24	0.332705
4459.96	0.328067
4471.79	0.323156
4482.77	0.318052
4492.89	0.312701
4502.07	0.306834
4510.15	0.29977
4516.29	0.289479
4520.29	0.277992
4522.26	0.27101
2846.95	0.253536
2860.2	0.311298
2884.63	0.337982
2921.55	0.352374
2968.87	0.361262
3023.89	0.367727
3084.23	0.372584
3148.03	0.376165
3213.87	0.378738
3280.71	0.380547
3347.8	0.381794
3414.6	0.382628
3480.67	0.383129
3545.61	0.38328
3608.65	0.382996
3666.55	0.379179
3722.95	0.379142
3777.78	0.37944
3830.36	0.379664
3879.88	0.379193
3926.01	0.378567
3969.54	0.379413
4010.93	0.380911
4050.45	0.382928
4088.32	0.385367
4124.98	0.388034
4161.74	0.390171
4186.35	0.376902
4214.72	0.375641
4241.08	0.377894
4265.93	0.380151
4289.28	0.38217
4310.74	0.383808
4330.66	0.385248
4349.2	0.386403
4366.75	0.387257
4384.54	0.387646
4401.3	0.385709
4416.97	0.38139
4431.57	0.374757
4445.16	0.366017
4457.78	0.35567
4469.54	0.34455
4480.48	0.33357
4490.62	0.323526
4499.86	0.314991
4508	0.30754
4514.65	0.300065
4519.04	0.28965
4521.2	0.279749
2823.57	0.277423
2834.12	0.333226
2858.65	0.365269
2898.79	0.384431
2950.69	0.398425
3009.98	0.410573
3073.79	0.420138
3140.21	0.427355
3207.97	0.432706
3276.19	0.436634
3344.28	0.439506
3411.86	0.441586
3478.74	0.443021
3545.09	0.44374
3612.08	0.443127
3665.45	0.429306
3721.57	0.42938
3777.26	0.429749
3830.91	0.429331
3880.78	0.42665
3925.71	0.422631
3968.36	0.422411
4009.17	0.423401
4048.24	0.42516
4085.63	0.427525
4121.45	0.430521
4155.79	0.434611
4186.91	0.442697
4212.49	0.432237
4238.46	0.428834
4263.4	0.431969
4287.25	0.434925
4308.31	0.435334
4327.89	0.437898
4345.77	0.44126
4361.78	0.446804
4381.22	0.455995
4398.24	0.460326
4413.91	0.461552
4428.41	0.458998
4441.78	0.451214
4454.1	0.436391
4465.53	0.412991
4476.27	0.383251
4486.32	0.355709
4495.68	0.334529
4504.13	0.320215
4511.27	0.310913
4516.39	0.303382
4518.98	0.295
2785.12	0.291381
2792.83	0.351645
2816.03	0.390899
2863.26	0.415348
2923.43	0.433698
2989.85	0.446735
3059.08	0.455716
3129.44	0.461687
3199.97	0.465538
3270.12	0.467949
3339.56	0.4694
3408.08	0.470213
3475.57	0.470601
3542.08	0.470719
3607.7	0.470766
3659.75	0.470135
3718.7	0.470501
3776.85	0.471372
3833.29	0.470501
3884.69	0.46689
3925.64	0.464562
3966.95	0.463604
4007.02	0.463787
4045.55	0.464788
4082.36	0.466559
4117.26	0.469353
4150.9	0.473701
4182.15	0.479851
4209.41	0.487664
4236.51	0.491758
4260.69	0.493841
4287.56	0.499889
4306.31	0.488831
4325.97	0.492487
4344.17	0.499704
4361.34	0.506137
4378.68	0.507305
4395.08	0.512052
4410.83	0.517135
4425.42	0.520912
4438.78	0.522803
4450.85	0.521557
4461.74	0.513912
4471.59	0.492101
4480.8	0.446965
4489.93	0.386087
4498.69	0.344928
4506.77	0.326262
4512.57	0.315969
4515.6	0.309062
2732.63	0.292061
2734.85	0.361535
2747.59	0.418102
2813.08	0.444785
2888.69	0.461908
2965.59	0.472654
3041.86	0.479253
3116.99	0.48328
3190.76	0.485766
3263.12	0.487346
3334.06	0.488401
3403.55	0.489166
3471.58	0.489795
3538.1	0.490418
3602.96	0.491205
3665.74	0.492452
3714.79	0.492489
3776.3	0.493815
3838.88	0.493571
3885.19	0.50002
3925.15	0.493579
3965.73	0.493778
4005.44	0.494611
4043.73	0.495819
4080.22	0.497458
4113.24	0.499679
4147.72	0.502982
4178.98	0.50782
4207.64	0.512958
4234.88	0.516728
4261	0.520254
4282.2	0.519375
4304.92	0.524428
4323.53	0.52525
4341.7	0.529465
4358.98	0.532195
4375.39	0.533342
4391	0.536164
4407.42	0.541757
4422.32	0.547398
4435.95	0.553989
4447.97	0.562439
4458.8	0.573479
4468.19	0.585495
4476.29	0.583642
4483.9	0.512724
4491.8	0.394868
4501.77	0.348852
4508.4	0.330886
4511.77	0.321996
2676.02	0.284946
2664.84	0.34959
2623.97	0.430481
2751.27	0.468102
2851.15	0.478945
2940.41	0.483994
3024.17	0.486102
3104.21	0.48685
3181.25	0.487074
3255.78	0.487182
3328.17	0.487354
3398.62	0.487656
3467.19	0.488113
3533.83	0.48873
3598.32	0.489515
3660.17	0.490486
3718.19	0.491684
3772.63	0.493677
3827.8	0.495322
3876.98	0.49769
3921.46	0.500077
3963.69	0.504013
4004.03	0.508109
4042.52	0.512298
4079.34	0.516588
4115.2	0.520742
4145.75	0.520342
4176.44	0.524375
4205.34	0.528448
4232.43	0.532147
4257.85	0.535733
4281.6	0.539684
4301.48	0.540219
4320.55	0.543103
4338.86	0.547354
4356.05	0.551989
4374.75	0.557485
4387.87	0.560523
4403.74	0.56618
4418.68	0.571759
4432.94	0.577617
4444.6	0.585374
4455.83	0.603968
4465.35	0.628855
4473.56	0.656891
4480.11	0.682537
4488.19	0.530311
4497.81	0.379642
4504.63	0.346199
4508.17	0.333894
2632.74	0.274543
2621.26	0.33204
2587.97	0.445543
2714.22	0.482062
2822.08	0.484287
2918.72	0.48411
3008.21	0.483045
3092.43	0.481887
3172.18	0.480985
3248.48	0.480421
3322.09	0.480169
3393.4	0.48019
3462.52	0.480456
3529.46	0.480947
3594.06	0.481652
3656.14	0.482576
3715.66	0.483754
3765.98	0.484786
3820.47	0.485354
3871.21	0.486626
3917.83	0.488561
3961.39	0.491397
4002.34	0.494868
4040.9	0.498794
4077.37	0.502958
4112	0.507141
4144.12	0.511074
4174.92	0.516118
4203.98	0.521392
4230.75	0.526934
4255.61	0.532417
4278.71	0.537637
4299.68	0.542633
4318.91	0.547937
4335.05	0.552359
4355.68	0.557421
4370.94	0.560577
4385.72	0.564335
4399.72	0.570714
4414.12	0.576289
4430.04	0.584187
4443.33	0.594063
4454.24	0.614044
4463.35	0.640102
4471.49	0.673079
4478.5	0.703094
4485.97	0.578287
4494.83	0.402418
4501.41	0.356653
4505.07	0.34217
2603.37	0.260113
2595.14	0.312658
2572.93	0.45688
2692.86	0.487699
2801.79	0.486667
2901.89	0.485366
2995.27	0.484251
3082.89	0.483467
3164.3	0.483055
3241.62	0.482998
3316.03	0.483198
3388.01	0.483601
3457.68	0.484186
3525.02	0.484954
3589.9	0.485922
3652.24	0.487116
3712.18	0.488543
3770.36	0.490159
3814.39	0.488639
3867.06	0.489805
3914.78	0.492451
3959.2	0.495527
4000.58	0.498941
4038.93	0.502728
4074.81	0.506889
4108.9	0.511337
4141.44	0.516008
4172.82	0.520723
4202.64	0.52539
4228.77	0.530297
4252.99	0.535652
4275.9	0.540925
4297.63	0.546121
4316.27	0.548952
4334.74	0.552536
4352.05	0.553253
4368.47	0.553187
4384.8	0.555489
4399.16	0.560488
4415	0.567182
4429.81	0.576588
4442.6	0.589136
4453.55	0.61291
4461.18	0.642985
4470.4	0.671584
4477.47	0.659987
4484.79	0.531268
4492.56	0.403905
4498.36	0.361592
4502.59	0.346903
2584.29	0.243266
2578.47	0.283485
2565.15	0.468939
2679.92	0.496771
2787.83	0.495691
2889.39	0.494924
2985.79	0.494448
3077.32	0.494069
3158.33	0.492937
3235.48	0.493142
3310.19	0.493649
3382.7	0.494345
3452.94	0.495195
3520.76	0.496198
3585.98	0.497376
3648.43	0.498767
3708.13	0.50042
3764.99	0.502412
3818.04	0.505084
3865.48	0.504387
3912.67	0.506882
3957.74	0.509693
3999.52	0.512577
4037.12	0.515535
4071.78	0.519375
4105.12	0.523868
4137.69	0.528755
4170.07	0.533718
4202.82	0.538227
4226.59	0.536446
4249.65	0.540061
4272.28	0.542153
4292.49	0.54354
4314.37	0.545277
4333.46	0.548307
4351.07	0.550283
4368.13	0.55241
4383.75	0.556424
4399.55	0.563158
4414.78	0.571958
4429.45	0.582823
4441.38	0.593472
4451.93	0.616313
4461.73	0.648396
4470.05	0.68514
4476.69	0.709704
4483.47	0.606474
4491.54	0.42493
4497.74	0.368085
4501.27	0.349988
2572.39	0.230893
2568.32	0.257814
2560.32	0.493199
2671.37	0.518422
2777.74	0.517876
2879.68	0.517862
2978.84	0.518088
3080.06	0.51781
3154.13	0.509178
3229.66	0.508179
3304.43	0.508204
3377.49	0.508416
3448.42	0.50866
3516.91	0.508925
3582.61	0.509238
3645.17	0.509662
3704.7	0.510281
3761.21	0.511157
3814.42	0.512357
3862.01	0.51382
3910.52	0.51596
3957.43	0.517989
4000.54	0.52042
4036.2	0.519927
4068.03	0.521393
4100.06	0.524716
4132.11	0.52463
4164.96	0.527096
4195.3	0.529398
4221.37	0.529143
4244.72	0.530587
4269.31	0.534155
4291.55	0.538637
4313.1	0.54323
4329.92	0.546071
4349.81	0.549695
4367.51	0.554548
4384.34	0.560691
4398.45	0.56621
4413.07	0.571612
4427.02	0.580288
4440.52	0.591936
4451.93	0.616468
4461.7	0.648747
4469.75	0.685441
4476.24	0.709295
4482.87	0.608068
4490.87	0.426939
4497.07	0.369561
4500.41	0.350637
2565.04	0.22656
2562.37	0.251145
2556.93	0.500726
2665.24	0.519193
2769.79	0.51703
2870.45	0.514865
2967.46	0.5127
3060.39	0.510391
3143.14	0.507289
3222.13	0.506282
3298.7	0.505638
3373.09	0.505198
3445.26	0.504962
3515.02	0.504964
3581.8	0.505257
3644.35	0.506026
3703.76	0.507034
3760.51	0.508296
3814.83	0.509832
3867.93	0.511591
3908.63	0.512978
3961.1	0.515605
3997.92	0.511458
4033.21	0.513662
4066.73	0.51598
4098.04	0.518971
4132.72	0.522355
4161.8	0.522718
4189.45	0.524428
4216.98	0.526848
4241.68	0.53038
4266.55	0.534526
4289.26	0.539544
4308.22	0.543573
4328.77	0.547684
4348.77	0.552266
4365.79	0.556356
4382.37	0.562119
4397.78	0.567925
4410.47	0.571949
4426.09	0.580048
4439.43	0.593433
4451.35	0.617383
4461.33	0.648689
4469.36	0.684538
4475.8	0.706778
4482.42	0.600271
4490.39	0.422984
4496.53	0.368296
4499.79	0.349885
2560.32	0.227064
2558.47	0.253879
2554.48	0.502574
2660.63	0.51577
2763.43	0.51333
2862.57	0.510927
2957.83	0.508644
3048.67	0.506487
3133.78	0.504489
3214.88	0.503019
3293.02	0.501814
3368.72	0.500841
3442.29	0.500108
3513.9	0.499647
3583.01	0.499543
3644.46	0.497852
3703.3	0.498725
3760.02	0.499954
3814.23	0.501458
3865.18	0.503205
3912.73	0.50506
3954.77	0.504584
3994.95	0.506218
4030.65	0.509867
4064.93	0.513965
4097.33	0.516564
4127.87	0.519047
4158.89	0.522774
4187.42	0.527297
4214.45	0.532028
4240.81	0.536891
4263.88	0.539669
4285.1	0.543309
4306.1	0.546084
4326.21	0.548429
4346.07	0.55103
4364.22	0.551396
4381.53	0.5544
4397.34	0.561418
4411.73	0.570989
4425.32	0.58218
4437.49	0.595686
4450.51	0.61832
4460.83	0.648422
4468.93	0.683376
4475.36	0.703832
4482.03	0.590859
4490	0.417554
4496.1	0.366131
4499.31	0.348671
2557.23	0.230012
2555.85	0.260606
2552.72	0.516413
2657.15	0.52679
2758.47	0.524699
2856.3	0.522911
2950.39	0.521519
3040.45	0.520583
3126.27	0.520132
3208.43	0.519973
3287.58	0.519959
3364.24	0.520028
3438.99	0.520124
3512.93	0.520107
3589.57	0.519524
3644.87	0.514238
3702.62	0.513859
3759.69	0.513878
3814.54	0.513909
3863.51	0.513295
3908.78	0.514345
3950.54	0.516557
3994.14	0.519013
4027.27	0.515231
4061.03	0.516159
4094.47	0.519006
4125.86	0.522336
4156.32	0.525955
4184.8	0.530064
4210.54	0.533501
4237.28	0.536298
4261.36	0.539197
4281.2	0.541219
4304.03	0.545238
4324.86	0.547299
4342.64	0.548534
4362.24	0.551776
4380.1	0.555774
4396.22	0.561181
4410.98	0.569019
4424.56	0.580778
4437.4	0.595408
4450.19	0.617666
4460.48	0.647404
4468.56	0.681945
4474.96	0.700807
4481.69	0.581992
4489.68	0.412347
4495.73	0.363968
4498.91	0.347454
2555.25	0.234608
2554.15	0.270826
2551.52	0.52624
2654.73	0.534386
2754.9	0.532147
2851.67	0.5301
2944.89	0.528299
3034.46	0.526736
3120.4	0.525374
3203.01	0.524151
3282.65	0.523033
3359.69	0.522017
3434.44	0.521112
3507.13	0.520333
3577.33	0.519713
3640.02	0.519437
3700.66	0.520026
3760.65	0.520621
3821.93	0.52111
3865.71	0.51742
3908.18	0.517834
3952.26	0.518861
3987.4	0.521004
4026.72	0.524777
4060.03	0.524295
4092.56	0.525474
4123.23	0.527221
4154.61	0.529773
4183.34	0.532384
4211.46	0.535512
4235.53	0.537575
4256.26	0.539675
4276.58	0.540403
4299.42	0.540382
4321.55	0.542094
4340.85	0.544537
4361.41	0.547868
4379.53	0.552953
4395.63	0.560001
4409.8	0.569642
4422.43	0.581139
4437.66	0.593319
4450.18	0.615567
4460.3	0.645623
4468.26	0.680261
4474.6	0.697959
4481.37	0.574497
4489.38	0.40793
4495.41	0.362104
4498.56	0.346393
2554.06	0.238901
2553.13	0.278574
2550.84	0.522059
2653.33	0.528549
2752.68	0.526373
2848.57	0.524277
2941.02	0.522306
3030.09	0.520469
3115.87	0.51878
3198.55	0.517263
3278.32	0.515937
3355.39	0.514812
3429.86	0.513886
3501.73	0.513138
3570.53	0.512534
3635.18	0.512054
3697.27	0.512082
3758.17	0.512456
3820.25	0.513004
3862.75	0.50767
3903.5	0.508869
3947.64	0.510931
3992.52	0.513054
4023.34	0.509754
4056.51	0.509238
4091.59	0.512384
4125.45	0.516955
4155	0.518753
4183	0.524186
4210.19	0.529042
4231.33	0.530271
4253.65	0.53165
4276.93	0.534941
4298.82	0.53902
4318.99	0.543152
4341.64	0.547276
4360.99	0.548533
4378.93	0.553105
4394.88	0.559223
4408.09	0.568292
4424.16	0.578304
4438.38	0.590612
4450.39	0.612904
4460.22	0.643478
4468.01	0.678485
4474.26	0.695425
4481.05	0.568411
4489.07	0.404325
4495.08	0.360562
4498.21	0.345503
2553.51	0.241548
2552.68	0.282637
2550.64	0.505654
2653.02	0.511044
2751.83	0.509368
2846.84	0.507732
2938.46	0.506033
3026.92	0.504397
3112.37	0.502861
3194.89	0.501473
3274.59	0.500268
3351.54	0.499261
3425.75	0.498447
3497.22	0.497798
3565.69	0.497293
3630.73	0.496973
3692.87	0.497018
3752.21	0.497323
3808.47	0.497457
3859.8	0.496086
3893.25	0.494098
3940.07	0.494024
3982.04	0.494858
4016.93	0.494482
4054.34	0.496802
4089.53	0.50134
4123.95	0.50609
4156.77	0.511128
4182.21	0.512869
4205.83	0.51761
4230.9	0.51924
4254.55	0.525118
4277.61	0.530431
4299.73	0.534941
4320.99	0.538732
4342.2	0.542032
4361.9	0.545674
4379.63	0.550494
4395.96	0.556897
4410.91	0.565357
4425.63	0.575612
4439.04	0.588223
4450.57	0.610311
4460.11	0.641372
4467.74	0.676805
4473.9	0.693175
4480.7	0.563352
4488.73	0.401311
4494.73	0.359259
4497.85	0.344742
2553.46	0.244529
2552.75	0.286923
2550.95	0.490913
2654.16	0.495184
2752.66	0.493645
2846.35	0.492417
2936.91	0.491204
3024.6	0.489998
3109.62	0.48888
3191.84	0.48791
3271.37	0.487118
3348.17	0.486529
3422.07	0.486158
3493.4	0.485981
3561.95	0.486032
3626.83	0.486403
3688.9	0.487085
3746.95	0.488125
3799.22	0.488532
3848.75	0.48909
3892.64	0.490309
3934.87	0.489318
3976.22	0.491659
4014.71	0.494012
4051.9	0.497038
4085.8	0.500857
4121.61	0.505607
4155.54	0.510733
4181.3	0.511886
4203.95	0.515151
4229.64	0.521064
4253.91	0.526859
4277.17	0.53183
4299.49	0.535903
4321.07	0.53921
4342.29	0.542149
4362.78	0.545394
4379.69	0.549452
4396.36	0.555571
4411.86	0.563539
4426.29	0.573689
4439.31	0.586425
4450.55	0.608177
4459.87	0.639605
4467.36	0.675385
4473.46	0.691137
4480.29	0.558702
4488.34	0.398613
4494.33	0.358092
4497.45	0.344057
2553.8	0.250834
2553.27	0.297296
2551.91	0.488674
2657.87	0.490961
2756.17	0.487897
2846.87	0.485283
2936.08	0.484201
3022.77	0.483239
3107.42	0.482402
3189.21	0.481749
3268.57	0.481295
3345.38	0.481055
3418.62	0.481082
3489.98	0.481317
3559.46	0.48176
3623.35	0.480668
3686.54	0.480886
3739.92	0.480836
3793.84	0.482075
3843.03	0.484045
3888.29	0.486581
3930.94	0.489741
3972.57	0.493511
4012	0.497668
4049.68	0.502155
4086.13	0.506837
4118.74	0.508471
4151.52	0.51237
4175.45	0.514374
4200.94	0.518447
4227.6	0.523547
4252.22	0.528944
4275.64	0.533576
4298.02	0.537353
4319.59	0.540451
4341.14	0.543259
4362.86	0.546344
4377.98	0.549306
4395.86	0.554772
4411.8	0.562399
4426.25	0.572413
4439.13	0.58521
4450.21	0.606674
4459.41	0.638365
4466.83	0.674343
4472.9	0.689157
4479.79	0.55394
4487.89	0.396013
4493.89	0.356973
4497	0.343406
2554.27	0.260464
2554.01	0.321479
2553.52	0.503144
2667.08	0.503665
2765.19	0.499445
2846.81	0.494514
2935.66	0.492575
3020.78	0.491324
3105.88	0.49055
3186.74	0.489897
3266.03	0.48964
3343.81	0.489578
3414.69	0.488406
3486.04	0.488701
3551.15	0.489115
3621.02	0.490546
3690.98	0.491464
3739.98	0.482991
3790.78	0.483924
3838.87	0.485411
3884.18	0.487405
3925.68	0.489744
3968.79	0.493116
4008.72	0.49695
4046.39	0.501044
4081.88	0.505332
4114.58	0.509854
4145.58	0.514934
4173.25	0.520215
4201.43	0.525503
4225.47	0.527202
4249.65	0.531401
4273.19	0.534767
4295.44	0.537671
4316.21	0.540441
4337.89	0.543127
4359.45	0.546097
4378.94	0.550201
4395.24	0.554117
4411.14	0.561735
4425.65	0.571686
4438.52	0.584516
4449.54	0.605866
4458.69	0.637805
4466.09	0.673787
4472.2	0.687137
4479.19	0.548707
4487.36	0.393386
4493.38	0.355863
4496.5	0.342771
2554.49	0.258624
2554.12	0.306771
2552.95	0.505841
2661.21	0.507453
2760.22	0.505115
2853.43	0.503371
2936.98	0.500224
3016.78	0.49811
3106.48	0.495782
3183.73	0.493439
3262.81	0.492526
3334.63	0.491549
3410.82	0.49098
3482.18	0.49081
3549.69	0.490953
3616.2	0.491241
3679.88	0.49175
3736.08	0.492696
3789.46	0.494792
3836.46	0.495691
3881	0.498694
3925.47	0.502063
3965.8	0.50175
4005.34	0.504566
4042.94	0.507526
4078.14	0.510619
4109.84	0.514076
4136.49	0.517372
4168.41	0.520142
4197.03	0.52335
4222.98	0.526606
4246.25	0.530506
4270.8	0.533824
4293.13	0.537329
4314.03	0.540364
4332.78	0.542901
4356.13	0.545451
4376.42	0.549158
4393.4	0.554802
4409.76	0.561618
4424.58	0.571405
4437.53	0.584251
4448.52	0.605822
4457.64	0.638178
4465.14	0.673856
4471.35	0.685039
4478.49	0.543043
4486.76	0.390788
4492.82	0.354795
4495.96	0.342175
2554.59	0.265705
2554.31	0.320415
2553.32	0.517796
2662.49	0.519072
2759.04	0.516793
2853.11	0.514899
2936.99	0.513766
3024.65	0.512437
3099.48	0.511236
3179.15	0.511587
3260.39	0.511776
3335.8	0.511443
3409.52	0.510717
3479.9	0.510489
3546.97	0.510794
3611.87	0.511469
3673.93	0.51291
3732.75	0.515285
3792.28	0.516868
3834.31	0.513721
3875.67	0.51555
3920.78	0.518779
3962.56	0.522195
4002.75	0.525653
4041.05	0.529004
4077.8	0.530771
4106.54	0.528757
4136.46	0.531699
4166.37	0.533754
4194.63	0.536689
4221.2	0.5397
4246.65	0.542194
4268.6	0.542552
4290.28	0.544363
4309.74	0.54644
4333.07	0.547305
4353.86	0.548714
4375.18	0.551922
4394.34	0.557377
4407.81	0.56265
4423.26	0.571613
4436.25	0.584469
4447.14	0.606846
4456.15	0.640228
4463.97	0.674741
4470.4	0.683047
4477.74	0.53763
4486.12	0.388513
4492.22	0.353888
4495.38	0.341685
2554.37	0.280144
2554.34	0.360315
2554.84	0.518153
2674.29	0.517658
2758.44	0.515399
2842.21	0.514036
2934.01	0.512682
3021.51	0.511301
3104.35	0.510182
3188.52	0.509493
3261.84	0.509138
3336.69	0.509637
3409.57	0.510346
3478.96	0.51053
3544.41	0.510851
3608.37	0.511172
3669.19	0.511668
3726.7	0.512343
3781.49	0.513065
3829.86	0.513756
3876.46	0.515851
3917.47	0.514887
3959.03	0.515936
3997.43	0.516579
4036.15	0.517658
4072.02	0.518908
4104.38	0.520249
4134.26	0.52381
4164.91	0.527615
4193.04	0.53198
4219.45	0.536081
4244.16	0.539775
4266.9	0.543066
4289.63	0.546139
4311.17	0.549224
4333.32	0.552459
4355.2	0.556503
4374.04	0.557518
4392.27	0.562721
4408.6	0.569907
4422.24	0.577578
4434.79	0.589427
4445.39	0.611537
4453.81	0.644469
4462.73	0.6761
4469.47	0.681717
4476.97	0.534114
4485.44	0.387119
4491.59	0.353347
4494.77	0.341412
2553.48	0.264392
2553.14	0.31919
2552.06	0.505733
2658.43	0.507158
2752.78	0.503431
2843.11	0.50123
2933.3	0.499995
3021.03	0.498793
3105.81	0.497846
3188.37	0.497251
3266.11	0.496956
3341.14	0.497155
3411.04	0.497341
3479.9	0.497959
3541.27	0.499063
3605.91	0.500268
3665.69	0.501054
3721.28	0.501133
3775.01	0.501064
3825.13	0.500334
3870.67	0.499992
3914.46	0.50102
3955.94	0.503513
3995.39	0.506304
4033.5	0.509685
4069.49	0.513276
4102.87	0.517373
4135.56	0.521807
4163.86	0.523718
4191.08	0.527013
4217.42	0.53009
4241.72	0.532878
4263.33	0.535727
4288.3	0.53742
4310.12	0.539879
4331.95	0.542434
4353.48	0.5452
4373.07	0.548661
4391.34	0.554032
4407.65	0.56143
4421.27	0.5719
4434.18	0.583859
4445.25	0.605568
4454.37	0.639094
4462.25	0.673909
4468.76	0.681506
4476.24	0.534158
4484.77	0.386919
4490.97	0.353194
4494.17	0.341337
2552.46	0.252774
2551.87	0.296514
2550.3	0.498674
2652.48	0.501639
2749.14	0.499373
2842.12	0.497543
2932.9	0.496052
3021.32	0.494772
3107.28	0.493666
3190.82	0.492692
3270.9	0.49181
3344.5	0.490855
3414.78	0.490916
3484.03	0.491318
3546.64	0.488828
3606.06	0.487413
3661.43	0.48635
3719.07	0.484969
3771.81	0.486476
3821.56	0.488182
3867.47	0.490358
3911.44	0.493095
3952.61	0.49631
3992.42	0.499735
4030.69	0.50345
4067.36	0.5074
4099.85	0.50874
4132.2	0.511495
4161.98	0.513841
4191.02	0.51727
4218.01	0.522509
4243.05	0.527553
4266.47	0.532119
4289.64	0.535858
4311.02	0.539223
4328.86	0.54261
4351.65	0.545908
4371.31	0.550225
4390.24	0.555869
4407.23	0.563382
4422.54	0.573149
4433.14	0.583357
4444.78	0.602875
4454.1	0.63543
4461.71	0.671771
4468.07	0.680894
4475.55	0.533024
4484.13	0.385678
4490.37	0.352364
4493.61	0.340759
2551.66	0.249161
2551.02	0.292838
2549.38	0.504903
2649.99	0.508469
2747.17	0.506541
2841.24	0.504757
2932.77	0.503083
3021.93	0.501518
3108.98	0.500082
3194.5	0.498777
3279.95	0.497571
3348.97	0.492949
3417.32	0.491737
3482.73	0.490347
3548.24	0.489081
3609.04	0.48886
3668.24	0.489405
3719.33	0.488171
3769.21	0.488743
3819.43	0.488783
3863.86	0.491161
3908.86	0.49435
3948.29	0.49492
3988.65	0.497474
4027.15	0.499639
4061.4	0.501707
4097.2	0.504841
4130.29	0.509157
4161.28	0.513836
4190.74	0.518645
4218.38	0.52339
4243.92	0.527918
4267.85	0.532196
4290.8	0.536037
4311.56	0.538085
4331.4	0.541023
4350.96	0.544254
4368.25	0.548788
4389.03	0.55393
4406.4	0.560953
4421.41	0.570602
4434.13	0.583714
4444.38	0.599334
4453.47	0.632428
4460.95	0.669685
4467.28	0.677417
4474.89	0.52432
4483.53	0.380057
4489.83	0.349228
4493.09	0.338605
2551.16	0.249386
2550.52	0.294507
2548.94	0.514819
2648.99	0.51832
2746.33	0.516269
2840.92	0.514332
2932.94	0.51251
3022.55	0.510822
3110.04	0.509298
3196.01	0.507927
3282.06	0.506682
3351.3	0.504814
3420.57	0.504537
3487.86	0.504291
3552.31	0.504072
3611.35	0.50389
3667.9	0.504459
3721.22	0.505505
3774.57	0.506739
3820.73	0.507564
3857.34	0.502804
3901.93	0.503196
3945.01	0.50536
3985.5	0.50749
4023.83	0.509836
4059.95	0.512563
4094.9	0.515027
4128.17	0.517993
4159.85	0.521092
4190.09	0.524143
4218.74	0.527141
4244.35	0.528023
4268.2	0.530541
4289.79	0.533366
4312.04	0.535862
4332.65	0.538746
4352.27	0.541699
4370.76	0.545321
4389.15	0.5499
4405.8	0.556704
4420.47	0.565952
4433.01	0.578758
4443.05	0.598558
4452.35	0.629077
4459.9	0.665535
4466.4	0.664367
4474.32	0.498285
4482.91	0.366871
4489.33	0.342215
4492.65	0.33382
2550.92	0.25018
2550.31	0.296037
2548.82	0.51337
2648.79	0.516771
2746.29	0.514899
2841.19	0.513188
2933.5	0.511672
3023.26	0.510359
3110.53	0.509244
3195.24	0.508315
3276.8	0.507561
3351.67	0.507163
3423.79	0.507162
3493.83	0.507555
3559.78	0.508692
3614.18	0.507288
3668.76	0.509091
3721.06	0.51082
3768.24	0.51252
3816.13	0.515405
3858.83	0.518535
3901.73	0.520874
3943.54	0.523171
3983.56	0.526002
4021.74	0.529098
4058.14	0.532317
4093	0.535404
4126.34	0.538612
4158.52	0.541818
4189.86	0.544711
4221.73	0.546744
4245.39	0.543052
4268.36	0.544637
4290.49	0.546788
4312.14	0.548879
4332.9	0.551146
4352.66	0.553765
4371.3	0.557126
4388.89	0.561322
4405.02	0.566791
4419.47	0.57418
4432.14	0.58384
4443.23	0.59611
4450.96	0.607136
4458.81	0.612563
4465.99	0.550742
4474.02	0.419528
4481.81	0.348826
4488.86	0.332543
4492.29	0.326778
2550.91	0.250906
2550.32	0.296723
2548.88	0.508653
2649.05	0.511794
2746.81	0.509845
2841.97	0.508006
2934.48	0.506325
3024.31	0.504821
3111.38	0.503512
3195.44	0.502423
3276.05	0.501601
3352.67	0.501053
3426.95	0.500799
3501.73	0.500772
3558.7	0.496059
3618.04	0.496407
3670.92	0.49562
3721.49	0.497345
3768.94	0.499553
3814.76	0.502177
3858.21	0.504551
3900.72	0.507165
3941.98	0.509659
3981.58	0.512012
4019.62	0.514228
4056.06	0.516376
4090.84	0.518536
4123.91	0.520686
4156.29	0.522615
4187.34	0.524596
4217.17	0.526298
4244.16	0.526477
4267.82	0.529666
4290.16	0.533125
4311.8	0.536166
4332.92	0.538851
4353.01	0.54192
4371.67	0.545808
4389.08	0.550993
4405.06	0.558036
4419.43	0.567501
4432.07	0.580294
4442.89	0.599062
4451.71	0.629871
4458.54	0.657789
4465.18	0.62695
4473.87	0.440331
4482.49	0.343294
4488.79	0.32739
4492.02	0.322165
2551.11	0.251874
2550.52	0.297878
2549.06	0.519987
2649.64	0.523085
2747.77	0.521013
2843.22	0.519087
2935.93	0.517346
3025.88	0.515801
3112.95	0.514465
3196.81	0.513356
3276.98	0.512501
3353.7	0.511903
3427.24	0.51156
3496.66	0.511503
3560.2	0.512592
3626.09	0.512986
3673.11	0.506636
3722.8	0.507451
3769.03	0.507945
3813.54	0.509065
3856.34	0.510572
3898.75	0.5122
3939.86	0.513929
3978.96	0.515809
4016.9	0.517845
4053.44	0.519989
4088.21	0.522268
4119.98	0.524847
4153.16	0.527524
4183.82	0.530777
4213.26	0.534279
4244.07	0.537674
4266.49	0.53501
4288.51	0.536911
4309.98	0.53902
4331.94	0.540806
4352.76	0.542843
4371.25	0.545655
4388.6	0.548105
4404.6	0.55463
4418.98	0.563579
4431.62	0.575875
4442.41	0.592508
4451.16	0.623684
4457.88	0.6574
4464.82	0.626907
4473.79	0.438363
4482.48	0.342389
4488.52	0.325811
4491.6	0.320222
2551.52	0.252217
2550.92	0.297597
2549.44	0.519247
2650.73	0.522336
2749.39	0.520217
2845.16	0.518234
2938.06	0.51643
3028.22	0.514815
3115.63	0.513391
3199.76	0.512161
3279.25	0.51114
3355.79	0.510408
3429.54	0.509902
3495.41	0.509502
3557.27	0.509956
3616.99	0.510538
3671.25	0.511161
3727.34	0.512515
3769.77	0.510944
3812.8	0.51248
3852.9	0.514626
3896.64	0.51759
3938.7	0.520158
3976.06	0.520088
4014.26	0.522481
4051.43	0.524789
4086.84	0.527109
4120.96	0.52943
4150.53	0.529227
4179.54	0.53145
4206.01	0.5339
4236.84	0.535572
4262.58	0.537296
4285.58	0.540294
4305.46	0.543638
4330.65	0.546921
4352.73	0.549967
4373.24	0.553443
4387.37	0.555844
4403.61	0.561777
4418.11	0.569334
4430.83	0.57903
4441.67	0.591461
4450.67	0.604579
4458.58	0.580094
4465.33	0.480777
4474.22	0.36951
4482.2	0.333677
4487.93	0.323661
4490.86	0.319394
2552.15	0.252491
2551.54	0.297127
2550.02	0.52009
2652.4	0.523202
2751.82	0.521124
2847.86	0.519274
2940.8	0.517635
3031.15	0.516173
3119.41	0.514885
3205.16	0.513876
3282.3	0.513845
3358.48	0.513535
3437.58	0.512928
3496.1	0.507197
3554.43	0.506651
3611.29	0.50665
3665.51	0.506638
3717.9	0.506766
3765.63	0.506601
3811.19	0.507504
3855.7	0.508843
3894.23	0.508189
3931.59	0.508261
3973.94	0.506869
4011.59	0.508143
4050.19	0.510241
4085.69	0.513364
4118.88	0.516859
4149.9	0.520243
4179.34	0.524423
4207.34	0.528599
4235.29	0.532268
4261.25	0.535388
4285.21	0.538295
4307.72	0.540947
4330.59	0.543374
4352.34	0.546158
4370.06	0.549043
4387.19	0.553579
4403.43	0.560292
4418.22	0.56965
4431.17	0.582274
4442.17	0.602513
4451.23	0.635205
4458.6	0.668324
4465.56	0.612802
4473.71	0.434857
4482.48	0.342352
4488.55	0.32615
4491.64	0.320733
2553.03	0.253306
2552.42	0.297293
2550.92	0.514783
2655.02	0.517676
2755.55	0.515483
2851.6	0.513481
2944.02	0.511693
3034.06	0.510083
3123.52	0.508633
3217.06	0.507253
3284.29	0.500703
3356.11	0.49993
3427.35	0.498708
3492.66	0.495957
3551.45	0.494127
3607.51	0.493767
3660.58	0.493539
3713.56	0.493369
3762.84	0.494336
3809.28	0.49617
3854.21	0.498547
3892.57	0.500185
3929.32	0.503412
3973.38	0.505906
4013.83	0.509377
4049.79	0.51066
4084.61	0.513571
4116.73	0.516658
4148.68	0.520264
4178.43	0.524949
4206.65	0.529414
4233.7	0.533404
4259.93	0.536823
4284.35	0.539854
4307.7	0.542627
4329.68	0.545114
4351.59	0.548221
4367.5	0.54995
4388.34	0.554191
4402.63	0.558562
4418.04	0.567158
4431.26	0.579274
4442.46	0.59652
4451.68	0.626989
4459.04	0.660585
4465.38	0.637084
4472.86	0.439225
4482.49	0.346844
4488.89	0.329633
4492.11	0.323928
2554.14	0.25578
2553.6	0.300656
2552.2	0.514432
2659.08	0.51689
2761.62	0.514779
2856.86	0.513048
2947.5	0.51188
3035.34	0.510834
3121.19	0.509796
3204.69	0.508899
3279.41	0.508547
3352.15	0.508925
3423.98	0.509445
3497.14	0.510033
3550.56	0.503457
3605.52	0.503818
3660.23	0.504869
3710.65	0.503826
3760.61	0.504946
3806.59	0.505599
3849.66	0.507095
3892.05	0.50756
3933.42	0.509133
3974.11	0.51109
4013.27	0.51356
4050.1	0.516428
4084.93	0.51952
4117.23	0.522964
4147.45	0.524715
4176.9	0.52847
4205.05	0.531726
4230.91	0.534967
4258.46	0.537962
4282.65	0.53983
4305.52	0.541681
4328.58	0.543739
4350.03	0.547065
4370.45	0.55151
4386.77	0.554627
4402.77	0.560651
4417.93	0.56881
4431.17	0.581427
4442.43	0.60084
4451.87	0.632621
4459.45	0.668486
4465.8	0.664433
4473.68	0.487139
4482.76	0.360605
4489.17	0.336898
4492.44	0.329237
2555.42	0.259731
2555.01	0.310775
2553.92	0.514476
2665.23	0.515961
2772.83	0.512987
2864.62	0.508179
2951.71	0.506082
3036.49	0.504719
3119.06	0.503792
3198.98	0.503017
3274.48	0.502245
3347.02	0.501811
3417.13	0.501551
3484.36	0.501277
3544.26	0.500416
3601.53	0.501649
3657.16	0.503324
3708.65	0.504555
3756.44	0.506766
3806.57	0.50904
3852.71	0.511663
3896.77	0.5144
3936.21	0.516041
3974.94	0.518737
4014.07	0.521128
4051.31	0.523515
4086.46	0.525927
4119.05	0.52842
4146.93	0.53077
4175.37	0.534116
4203.3	0.534764
4232.45	0.536969
4256.68	0.538033
4281.2	0.540683
4301.99	0.543634
4327.09	0.546321
4347.47	0.550298
4369.85	0.555027
4389.27	0.561548
4404.43	0.567331
4417.57	0.572178
4430.85	0.584695
4441.94	0.607501
4451.86	0.639222
4459.81	0.674771
4466.33	0.681257
4474.06	0.523341
4483	0.376034
4489.43	0.344817
4492.74	0.334368
2556.68	0.260874
2556.32	0.318931
2555.57	0.524837
2672.61	0.52569
2797.53	0.523066
2875	0.514411
2956.17	0.511942
3037.75	0.510342
3117.43	0.508957
3195.52	0.507936
3270.35	0.507242
3342.1	0.506865
3410.92	0.506821
3476.68	0.507184
3538.4	0.508107
3596.96	0.509064
3651.39	0.510317
3706.96	0.511926
3759.35	0.513365
3808.32	0.514351
3855.66	0.51623
3902.59	0.518287
3938.82	0.515997
3973.04	0.519157
4015.63	0.521714
4053.71	0.524946
4090.08	0.528382
4121.19	0.529776
4149.75	0.530148
4177.13	0.533267
4206.33	0.536433
4230.01	0.539325
4258.19	0.54128
4283.29	0.543616
4306.21	0.546105
4328.33	0.548847
4348.56	0.552656
4370.14	0.557026
4388.98	0.563441
4405.82	0.57257
4418.15	0.581845
4430.42	0.589999
4440.39	0.615515
4451.75	0.645011
4460.2	0.678941
4466.91	0.689305
4474.5	0.544101
4483.32	0.388241
4489.77	0.351511
4493.11	0.33886
2557.74	0.249399
2557.09	0.29328
2555.49	0.521118
2669.2	0.524218
2779.59	0.521827
2876.36	0.519443
2957.43	0.516218
3039.26	0.51497
3115.66	0.513462
3194.59	0.51227
3268.53	0.511886
3339.31	0.511978
3407.11	0.512267
3472.97	0.512801
3533.52	0.51367
3594.07	0.514938
3651.32	0.516264
3707.82	0.517479
3765.34	0.518732
3810.47	0.515731
3857.6	0.517272
3904.86	0.519104
3944	0.518965
3982.37	0.520083
4019.54	0.518691
4055.74	0.519713
4088.53	0.521781
4120.31	0.52406
4153	0.527586
4182.36	0.531956
4210.45	0.536059
4236.47	0.539917
4262.39	0.543079
4286.9	0.546154
4309.91	0.549264
4331.11	0.552694
4351.35	0.557545
4371.07	0.563757
4388.56	0.567575
4405.5	0.575278
4420.25	0.585693
4430.86	0.593642
4442.3	0.616138
4452.5	0.647234
4460.83	0.681447
4467.59	0.693602
4475.09	0.555379
4483.81	0.396272
4490.26	0.35617
4493.61	0.342189
2558.99	0.237778
2557.95	0.27338
2555.4	0.51997
2666.53	0.526903
2772.82	0.52476
2870.6	0.522973
2958.8	0.521555
3042.92	0.520246
3124.1	0.519098
3196.55	0.516897
3267.84	0.515844
3335.88	0.51476
3405.74	0.513862
3471.11	0.514063
3532.29	0.514698
3592.43	0.515583
3649.94	0.516697
3705.52	0.518058
3760.21	0.519608
3807.24	0.519959
3857.1	0.522478
3909.79	0.524513
3948.08	0.524611
3986.44	0.527522
4025.38	0.527093
4059.6	0.525957
4094.12	0.527763
4126.06	0.531041
4157.32	0.534707
4186.67	0.538286
4214.55	0.541649
4241	0.544628
4265.98	0.547073
4290.04	0.549975
4313.44	0.55318
4332.86	0.5536
4352.66	0.556636
4367.91	0.560052
4388.87	0.563799
4406.29	0.571399
4421.1	0.582472
4433.13	0.60014
4443.18	0.620706
4453.06	0.649907
4461.52	0.683812
4468.38	0.696488
4475.84	0.561925
4484.49	0.401114
4490.93	0.358957
4494.28	0.344243
2560.94	0.230615
2559.42	0.260974
2555.96	0.518979
2666.23	0.530109
2772.2	0.527991
2872.24	0.526061
2962.23	0.524457
3047.51	0.523344
3122.09	0.522265
3195.51	0.52196
3270.52	0.521813
3343.67	0.521628
3406.76	0.520629
3471.38	0.520963
3530.02	0.521537
3591.29	0.52279
3648.34	0.52404
3701.93	0.525549
3751.74	0.52759
3798.99	0.530619
3851.51	0.533427
3902.65	0.535555
3947.86	0.53839
3991.08	0.539655
4035.56	0.541434
4068.75	0.53483
4100.08	0.536279
4130.32	0.539063
4161.44	0.541986
4190.39	0.545043
4218.06	0.548222
4245.02	0.551172
4268.54	0.551158
4291.9	0.553099
4313.05	0.555435
4333.61	0.558101
4351.97	0.561821
4371.61	0.565755
4390.53	0.571715
4407.5	0.579902
4422.46	0.590595
4435.65	0.609076
4445.28	0.629506
4452.98	0.656466
4462.27	0.686542
4469.33	0.698939
4476.79	0.566295
4485.39	0.403699
4491.8	0.360262
4495.14	0.345178
2564.11	0.226735
2561.94	0.253106
2557.27	0.513798
2667.79	0.529898
2775.11	0.527822
2881.7	0.525727
2968.27	0.523106
3044.5	0.521306
3123.91	0.520599
3199.48	0.520077
3273.04	0.519751
3343.53	0.519544
3409.82	0.519398
3474.72	0.519451
3537.48	0.519718
3592.35	0.519306
3648.19	0.520122
3700.19	0.520906
3743.9	0.520652
3783.5	0.521844
3845.33	0.522026
3899.52	0.521267
3947.82	0.521433
3992.57	0.522891
4034.92	0.524617
4072.4	0.526391
4105.09	0.528813
4136.63	0.532246
4166.86	0.534923
4194.3	0.535044
4220.94	0.537288
4245.32	0.539583
4271.11	0.542571
4295.13	0.545878
4315.91	0.546915
4335.43	0.547977
4352.61	0.551967
4374.44	0.556375
4393.26	0.562256
4409.88	0.570233
4424.47	0.581098
4437.27	0.595725
4447.3	0.624569
4456.45	0.656108
4463.74	0.684968
4470.61	0.700613
4477.96	0.568994
4486.51	0.403933
4492.88	0.360106
4496.2	0.345039
2569.19	0.224782
2565.99	0.247817
2559.42	0.499083
2670.19	0.521637
2776.23	0.519797
2876.59	0.518044
2966.61	0.516005
3048.56	0.514846
3127.65	0.51422
3203.56	0.513779
3276.68	0.513513
3345.66	0.513615
3412.37	0.513575
3478.27	0.513455
3536.75	0.512027
3595.51	0.511932
3648.69	0.51008
3697.78	0.510148
3748.28	0.510384
3796.76	0.513118
3844.56	0.516736
3900.08	0.519612
3949.15	0.521901
3994.3	0.524146
4036.98	0.526375
4078.77	0.52833
4109.22	0.52582
4139.65	0.527608
4168.05	0.530297
4198.46	0.533557
4223.54	0.534192
4250.38	0.53752
4273.48	0.537547
4295.71	0.53941
4316.89	0.54254
4339.05	0.546059
4358.74	0.550164
4378.2	0.554985
4396.08	0.561343
4412.15	0.56986
4426.09	0.581651
4439.31	0.59634
4450.75	0.62365
4458.85	0.652238
4466.31	0.683607
4472.24	0.685024
4479.41	0.563356
4487.86	0.400131
4494.15	0.358268
4497.44	0.343841
2577.28	0.225331
2572.49	0.24872
2563.01	0.480074
2675.01	0.509669
2780.72	0.508156
2879.69	0.506638
2971.06	0.505228
3053.64	0.504251
3132.71	0.503743
3208.54	0.503439
3282.59	0.503123
3348.23	0.500063
3413.87	0.499261
3476.36	0.498562
3537.65	0.496564
3592.62	0.496019
3651.42	0.496136
3705.18	0.49718
3757.15	0.49859
3807	0.500323
3853.43	0.502515
3905.03	0.504416
3952.38	0.506923
3996.52	0.509431
4037.93	0.512115
4076.4	0.515082
4110.21	0.516735
4141.89	0.519874
4171.77	0.523338
4200.28	0.527288
4227.78	0.528965
4251.16	0.530897
4275.83	0.533972
4299.94	0.537565
4321.81	0.541665
4343.18	0.545437
4363.09	0.549281
4381.5	0.553701
4398.66	0.559855
4414.44	0.567944
4426.31	0.577224
4440.9	0.588452
4452.35	0.609201
4460.79	0.642403
4468.43	0.672852
4474.68	0.667279
4481.31	0.522835
4489.37	0.393317
4495.53	0.355764
4498.81	0.34236
2590.29	0.231055
2583.59	0.267996
2569.19	0.463024
2683.88	0.49746
2789.75	0.498186
2888.28	0.498912
2982.36	0.499239
3060.34	0.493905
3139.15	0.493489
3213.4	0.493245
3283.6	0.492497
3350.48	0.488564
3416.56	0.488216
3479.21	0.487985
3541.34	0.488881
3599.7	0.489976
3657.12	0.491333
3712.31	0.492876
3766.04	0.494658
3818.57	0.496712
3867.93	0.499518
3912.01	0.496203
3956.63	0.498187
3999.31	0.499868
4039.66	0.50166
4077.57	0.504033
4112.54	0.508143
4144.75	0.512724
4174.45	0.517
4201.52	0.521416
4230.73	0.526119
4256.82	0.531294
4282.18	0.536274
4304.35	0.539311
4325.23	0.542905
4346.77	0.546727
4366.95	0.551114
4384.02	0.55339
4400.58	0.558417
4414.97	0.565539
4429.88	0.57552
4443.35	0.588229
4454.66	0.611885
4464	0.646673
4470.6	0.677037
4476.54	0.695487
4483.32	0.555714
4490.62	0.395613
4496.85	0.356496
4500.28	0.342778
2610.98	0.243855
2603.85	0.306053
2582.65	0.453687
2699.35	0.475279
2803.93	0.476726
2899.24	0.478191
2982.86	0.479362
3069.06	0.480989
3150.42	0.482257
3218.37	0.476935
3285.09	0.476928
3355.85	0.477661
3422.21	0.478782
3485.5	0.480109
3546.77	0.481649
3605.68	0.483392
3662.96	0.48537
3718.76	0.48755
3773.96	0.489853
3831.1	0.491932
3870.64	0.485966
3917.42	0.488585
3961.64	0.491646
4003.48	0.494987
4043.26	0.498573
4080.01	0.502586
4115.33	0.50709
4146.2	0.508489
4177.54	0.512018
4206.49	0.517165
4234.68	0.522156
4261.16	0.526985
4285.56	0.531727
4308.4	0.53677
4330.48	0.541669
4349.78	0.54334
4367.66	0.545868
4386.26	0.549629
4402.98	0.555285
4418.35	0.562798
4432.78	0.572543
4445.73	0.585084
4456.73	0.606554
4465.65	0.63998
4472.15	0.684162
4478.29	0.710715
4484.71	0.610028
4492.54	0.420409
4497.98	0.362986
4501.99	0.345593
2641.12	0.261486
2631.77	0.331511
2601.08	0.440172
2724.27	0.456378
2829.43	0.460398
2920.46	0.464263
3006.6	0.467888
3080.62	0.464317
3150.33	0.464896
3225.8	0.466165
3295.49	0.467365
3363.54	0.468619
3428.89	0.469885
3491.73	0.47124
3552.43	0.472707
3611.13	0.474297
3668.12	0.476018
3723.57	0.47786
3777.65	0.479803
3830.02	0.481838
3876.81	0.484017
3923.02	0.486988
3966.66	0.490522
4007.39	0.494457
4047.55	0.498222
4081.59	0.497901
4114.28	0.500572
4148.75	0.50452
4180.76	0.508909
4210.04	0.513991
4238.19	0.519373
4265.47	0.524813
4288.46	0.525463
4311.23	0.529507
4332.23	0.533659
4352.8	0.538778
4371.21	0.543923
4388.36	0.548504
4404.68	0.554438
4420.6	0.561587
4435.04	0.571379
4447.79	0.584438
4458.62	0.607634
4467.52	0.64395
4474.73	0.688532
4479.92	0.714575
4486.4	0.620601
4494.7	0.42633
4501.02	0.364637
4504.58	0.345192
2684.89	0.280258
2675.19	0.352883
2632.33	0.413766
2764.6	0.439559
2866.72	0.446572
2944.5	0.447261
3015.93	0.450805
3093.75	0.454326
3165.8	0.456935
3236.93	0.459139
3305.43	0.461008
3371.82	0.462706
3435.95	0.464287
3497.92	0.465819
3557.92	0.467346
3616.08	0.468894
3672.58	0.470487
3727.47	0.472134
3780.75	0.473842
3832.24	0.475615
3881.3	0.477557
3928.92	0.47983
3972.37	0.483204
4009.63	0.482434
4045.32	0.484777
4083.14	0.488085
4117.72	0.492253
4151.55	0.496452
4184.53	0.500887
4212.56	0.501448
4240.45	0.505747
4265.16	0.510292
4291.19	0.516184
4314.5	0.522715
4335.91	0.529097
4355.98	0.534956
4374.48	0.540308
4391.57	0.545492
4404.74	0.551268
4422.27	0.558122
4436.9	0.567336
4449.52	0.580083
4460.25	0.599517
4469	0.633552
4475.64	0.676252
4480.43	0.702967
4488.48	0.577686
4497.54	0.405565
4504.19	0.356977
4507.66	0.339632
2743.85	0.295802
2747.42	0.36712
2761.36	0.407814
2832.13	0.42449
2901.6	0.425487
2971.05	0.432623
3040.02	0.438395
3110.67	0.443018
3180.18	0.446744
3248.67	0.449898
3315.45	0.452653
3380.27	0.45511
3443.09	0.457267
3503.99	0.45919
3563.08	0.460957
3620.54	0.462611
3676.44	0.464227
3730.77	0.465865
3783.41	0.467577
3834.65	0.46929
3884.96	0.471028
3936.72	0.4726
3971.86	0.467381
4012.03	0.4691
4050.17	0.472229
4085.66	0.475873
4119.64	0.480642
4152.95	0.482033
4183.89	0.485186
4215.23	0.48978
4243.52	0.496147
4269.48	0.502942
4294.39	0.509791
4317.51	0.516687
4338.84	0.523533
4358.73	0.529895
4377.18	0.535654
4394.21	0.540832
4409.64	0.545838
4424.8	0.551341
4438.68	0.559119
4450.99	0.569568
4461.65	0.583455
4470.65	0.6056
4477.13	0.614419
4483.55	0.566829
4492.67	0.454984
4501.54	0.371047
4507.87	0.342603
4511.17	0.329437
2798.72	0.300204
2807.14	0.363301
2830.38	0.390897
2877.83	0.40217
2934.68	0.410815
2996.27	0.417744
3060.55	0.423505
3126.8	0.428383
3193.61	0.432601
3260.12	0.436423
3325.39	0.440081
3388.67	0.443658
3450.07	0.44679
3509.76	0.44952
3567.77	0.452001
3624.39	0.454173
3679.68	0.456169
3733.54	0.458108
3785.23	0.4603
3835.71	0.462134
3884.82	0.463888
3932.28	0.465745
3975.39	0.467353
4014.04	0.469318
4055.26	0.472155
4087.3	0.465277
4116.53	0.466071
4154.72	0.470897
4188	0.476776
4218.48	0.483945
4246.48	0.490977
4272.52	0.497798
4297.08	0.504392
4320.07	0.51073
4341.09	0.51758
4360.84	0.523639
4379.3	0.529264
4396.51	0.53444
4412.89	0.538448
4426.67	0.535543
4440.09	0.536915
4452.2	0.536558
4462.84	0.531232
4471.78	0.514056
4480.88	0.480664
4489.37	0.423574
4498.29	0.370797
4506.17	0.341714
4511.87	0.32606
4514.87	0.316717
2840.06	0.295395
2850	0.356538
2873.47	0.381555
2912.14	0.391654
2961.2	0.397929
3017.01	0.402975
3077.23	0.407531
3140.44	0.411497
3205.34	0.415053
3270.77	0.41848
3335.26	0.422216
3396.88	0.426792
3456.65	0.430681
3515.1	0.433722
3571.7	0.436514
3627.41	0.438966
3682.16	0.441154
3736.28	0.442962
3786.02	0.442503
3835.89	0.443795
3884.03	0.444703
3929.91	0.444914
3971.18	0.444215
4014	0.443868
4053.85	0.445361
4089.61	0.445643
4123.64	0.448002
4158.99	0.451504
4192.56	0.455444
4221.9	0.463548
4249.17	0.470523
4274.86	0.475909
4299.23	0.479983
4322.61	0.482195
4342.72	0.477883
4362.48	0.477889
4380.97	0.477793
4398.08	0.476199
4413.12	0.472162
4428.73	0.4707
4442.49	0.464966
4454.86	0.452986
4466.02	0.433483
4476.21	0.405771
4485.95	0.376284
4495.02	0.351146
4503.41	0.333084
4510.49	0.320749
4515.6	0.311737
4518.32	0.304117
2866.63	0.287934
2877.28	0.350242
2899.86	0.374455
2934.61	0.383433
2979.31	0.388409
3031.45	0.391827
3088.98	0.394379
3150.37	0.396377
3214.47	0.398022
3280.24	0.399526
3345.88	0.401504
3404.79	0.406097
3462.4	0.41194
3520.09	0.416217
3574.33	0.412816
3629.18	0.41305
3683.03	0.412867
3734.84	0.412489
3786.81	0.412325
3836.6	0.413475
3884.37	0.414216
3929.92	0.414609
3972.91	0.414781
4014.67	0.415427
4054.29	0.415796
4091.52	0.416196
4127.3	0.417391
4162.93	0.419229
4199.25	0.419965
4225.39	0.412069
4251.5	0.410207
4276.7	0.408623
4300.63	0.405938
4321.98	0.401021
4344.39	0.398427
4364.65	0.397751
4383.33	0.396077
4400.57	0.393261
4416.43	0.389059
4431.52	0.38364
4445.4	0.375852
4458.08	0.36607
4469.67	0.355014
4480.32	0.343621
4490.18	0.332815
4499.19	0.323226
4507.18	0.315202
4513.76	0.307953
4518.46	0.300085
4520.78	0.290904
2879.44	0.281071
2890.51	0.345275
2912.55	0.369512
2945.7	0.377776
2988.48	0.381872
3038.9	0.384446
3095.13	0.386203
3155.78	0.387412
3219.98	0.388206
3287.73	0.388651
3360.87	0.388741
3411.67	0.373316
3465.84	0.369366
3517.82	0.363606
3574.89	0.361152
3630.15	0.361171
3683.98	0.361181
3736.32	0.361166
3787.64	0.361133
3837.24	0.361098
3884.9	0.361077
3930.44	0.361078
3973.84	0.361106
4015.46	0.361146
4055.12	0.361185
4092.83	0.361219
4129.04	0.361224
4164.13	0.361162
4197.55	0.361007
4226.29	0.3568
4252.98	0.356472
4278.21	0.35605
4302.03	0.355399
4324.29	0.354498
4345.93	0.353369
4366.15	0.351922
4384.91	0.350068
4402.28	0.347748
4418.37	0.344907
4433.4	0.341539
4447.31	0.337606
4460.08	0.333166
4471.81	0.32833
4482.57	0.323228
4492.44	0.317959
4501.37	0.312491
4509.19	0.306565
4515.59	0.298933
4519.88	0.288892
4521.98	0.280338
4204.26	0.429665
4225.43	0.430208
4251.4	0.432874
4276.56	0.437876
4300.61	0.444737
4317.18	0.450932
4324.37	0.485392
4342.48	0.486848
4362.34	0.489282
4380.83	0.493119
4397.97	0.498866
4410.78	0.505106
4415.17	0.536247
4426.45	0.537565
4439.97	0.538046
4452.07	0.538189
4462.68	0.538708
4470.63	0.542538
4472.5	0.587253
4476.92	0.589612
4479.38	0.569828
2690.09	0.516831
2758.96	0.515697
2826.76	0.51396
2859.25	0.512001
2936.68	0.510538
3025.21	0.507853
3083.23	0.505248
3111.76	0.500197
3183.43	0.498974
3263.43	0.497467
3317.81	0.495958
3347.11	0.496342
3414.34	0.495312
3486.61	0.494279
3534.09	0.493027
3561.67	0.493164
3622.97	0.492484
3686.59	0.492684
3724.25	0.492205
3748.12	0.494901
3798.79	0.494354
3848.41	0.494258
3874.5	0.494077
3888.03	0.494837
3844.64	0.529741
3866.34	0.529337
3908.31	0.529603
3951.35	0.529513
3987.42	0.531356
4026.05	0.531388
4059.95	0.531862
4092.98	0.531692
4115.93	0.531495
4127.44	0.533214
4154.46	0.533768
4182.75	0.536224
4209.48	0.537541
4231.31	0.539934
4253.42	0.540894
4276.73	0.542285
4298.49	0.543428
4317.48	0.544391
4320.28	0.547156
4225.38	0.556565
4245.61	0.557344
4268.25	0.558515
4290.39	0.560111
4312	0.561813
4332.75	0.563867
4352.5	0.566236
4371.15	0.568932
4388.71	0.571761
4404.84	0.574797
4419.3	0.577542
4432.02	0.57877
4443.05	0.576161
4451.08	0.560612
4459.05	0.531131
4466.29	0.464972
4473.98	0.390608
4477.46	0.354946
4289.35	0.5171
4305.34	0.521125
4311.78	0.540759
4323.32	0.541703
4341.57	0.546097
4358.86	0.551791
4374.47	0.558125
4379.86	0.576523
4387.88	0.577545
4403.63	0.580752
4418.62	0.585532
4432.94	0.589325
4437.24	0.599632
4443.27	0.600411
4454.15	0.604071
4463.45	0.59744
4471.64	0.579256
4474.79	0.535254
4478.01	0.529129
4485.03	0.456942
4492.47	0.389851
4497.5	0.363666
3871.87	0.503385
3891.46	0.503239
3905.7	0.506538
3934.33	0.506248
3975.94	0.508686
4014.58	0.511304
4051.97	0.513401
4075.18	0.514347
4087.76	0.520632
4118.54	0.521297
4151.05	0.523126
4175.69	0.527668
4198.58	0.529385
4206.92	0.536782
4225.13	0.537043
4249.56	0.539245
4273.07	0.540737
4295.3	0.541868
4307.17	0.542385
4314.58	0.542892
4324.8	0.543101
2855.13	0.526975
2876.12	0.526013
2904	0.526021
2956.98	0.525012
3039.39	0.524185
3111.65	0.522828
3141.21	0.525165
3195.43	0.524184
3268.07	0.524078
3331.14	0.522969
3356.23	0.525687
3405.97	0.52483
3471.49	0.524083
3525.01	0.522782
3546.54	0.522073
3591.67	0.521265
3648.36	0.520255
3693.62	0.518921
3706.72	0.514295
3747.69	0.5136
3796.98	0.513096
3835.52	0.511932
3844.07	0.503216
3600.77	0.526238
3644.97	0.525776
3702.58	0.525322
3759.5	0.524814
3814.08	0.524695
3863.19	0.525512
3908.5	0.526616
3950.57	0.527876
3993.35	0.5282
4027.23	0.530729
4060.96	0.532144
4094.24	0.533571
4125.71	0.535366
4156.09	0.536558
4184.81	0.537574
4206.45	0.537683
4214.79	0.540304
4234.72	0.540298
4255.94	0.540772
4270.17	0.540639
3889.56	0.511445
3925.17	0.512118
3965.63	0.513662
4005.28	0.515643
4043.52	0.517983
4080.19	0.520368
4109.06	0.52173
4120.18	0.536147
4145.17	0.536561
4176.18	0.539506
4205.13	0.541799
4232.25	0.544179
4257.67	0.546669
4281.27	0.54928
4301.34	0.552717
4320.44	0.555827
4338.88	0.558414
4353.21	0.559779
4358.13	0.566923
4370.64	0.567646
4385.65	0.569637
4395.3	0.5708
3697.77	0.505109
3739.89	0.505382
3790.5	0.506656
3838.57	0.508493
3884.22	0.510218
3911.14	0.510838
3927.25	0.519018
3965.51	0.519509
4005.1	0.52093
4042.69	0.522541
4077.81	0.524639
4109.44	0.5276
4136.64	0.53166
4168.11	0.533414
4196.73	0.536026
4222.9	0.538375
4243.05	0.539465
4250.47	0.546025
4268.21	0.54613
4290.13	0.546566
4304.98	0.54665
3845.85	0.484165
3876.25	0.482972
3889.43	0.468705
3925.31	0.467807
3966.82	0.467138
4006.9	0.466448
4045.42	0.465753
4082.22	0.464833
4117.16	0.463401
4150.72	0.461259
4182.32	0.457866
4202.67	0.454733
4213.71	0.438365
4238.09	0.437732
4263.25	0.439267
4287.02	0.440388
4308.17	0.441753
4327.73	0.443542
4345.49	0.445326
4359.97	0.446963
3097.57	0.528244
3154.8	0.527533
3229.71	0.526614
3304.31	0.525497
3377.32	0.524584
3448.22	0.523867
3516.68	0.523329
3582.35	0.522992
3644.92	0.522878
3704.46	0.522917
3760.94	0.523103
3814	0.523491
3862.01	0.52441
3910.38	0.524332
3957.08	0.524205
3999.87	0.52419
4035.77	0.524221
4067.02	0.524273
4079.86	0.525113
4172.54	0.41298
4183.37	0.414037
4190.39	0.469125
4211.75	0.472445
4221.81	0.506041
4236.54	0.507019
4255.12	0.511235
4262.25	0.528326
4280.45	0.529883
4285.93	0.546474
4301.24	0.54716
4311.43	0.550916
4319.15	0.552726
4332.59	0.554155
4336.69	0.556475
4351.29	0.556823
4356.87	0.560684
4368.08	0.560937
4379.18	0.564395
4384.82	0.569448
4396.78	0.57167
4399.75	0.582816
4410.34	0.584513
4417.29	0.590825
4425.21	0.591039
4434.54	0.59552
4436.74	0.595366
4025.78	0.530199
4037.24	0.529907
4068.11	0.530758
4100.18	0.531599
4130.36	0.531864
4141.71	0.535031
4161.29	0.534925
4189.36	0.537869
4216.78	0.540196
4240.59	0.543243
4249.76	0.54951
4263.51	0.549594
4285.03	0.552142
4306	0.554079
4325.49	0.5559
4332.88	0.559575
4341.83	0.559636
4362.01	0.564475
4379.9	0.569098
4395.94	0.574169
4403.13	0.578535
4409.77	0.579204
4420.71	0.581159
2621.35	0.499346
2639.85	0.500207
2699.32	0.499122
2803.36	0.497912
2899.09	0.497897
2970.42	0.496901
2995.07	0.510263
3059.6	0.509437
3138.85	0.509791
3213.7	0.509684
3259.56	0.509
3285.4	0.515568
3347.99	0.515051
3413.82	0.515094
3473.91	0.514807
3498.25	0.51964
3536.08	0.518919
3595.12	0.518724
3648.84	0.518471
3690.28	0.517965
3705.31	0.523302
3743.3	0.522831
3777.17	0.52235
3843.31	0.503258
3861.07	0.503286
3873.15	0.517014
3911.77	0.517393
3956.43	0.519398
3999.05	0.522021
4039.24	0.525004
4058.05	0.528198
4076.11	0.528467
4109.98	0.529925
4141.73	0.53205
4171.77	0.534182
4197.01	0.535092
4204.76	0.542333
4223.35	0.5425
4250.09	0.54363
4273.39	0.545204
4295.81	0.546681
4311.32	0.547405
4317.69	0.551093
4335.21	0.551356
4347.27	0.552127
4158.58	0.525346
4164.19	0.527258
4182.13	0.527491
4203.95	0.531123
4212.77	0.539665
4231.35	0.540201
4250.83	0.542236
4258.03	0.549799
4276.83	0.550667
4294.89	0.552567
4304.58	0.558001
4325	0.559437
4339.85	0.561663
4346.55	0.565526
4364.05	0.568411
4372.77	0.574405
4382.19	0.574496
4397.28	0.579433
4403.05	0.586562
4412.95	0.58712
4426.17	0.593047
4431.3	0.604955
4441.19	0.608181
4450.72	0.625634
4454.34	0.636343
4460.09	0.642581
3231.47	0.514494
3284.28	0.513808
3356.07	0.513099
3426.9	0.512225
3492.09	0.512397
3551.14	0.513504
3607.26	0.514209
3658.78	0.514694
3680.55	0.519726
3710.08	0.519192
3760.13	0.520128
3806.29	0.521167
3849.57	0.522469
3891.95	0.523373
3933.33	0.524617
3973.96	0.525856
4013.04	0.527306
4049.87	0.52884
4084.73	0.53
4115.46	0.530657
4127.41	0.533649
4145.5	0.533431
4158.1	0.534451
3539.44	0.510987
3556.18	0.510373
3572.51	0.515535
3613.67	0.514968
3668.62	0.514969
3721.47	0.514328
3755.61	0.513473
3776.07	0.512846
3820.65	0.512343
3858.15	0.509483
3900.16	0.509275
3918.33	0.51048
3947.54	0.510082
3988.47	0.513234
4027.36	0.515383
4055.29	0.516352
4069.25	0.522803
4099.46	0.523298
4132	0.526597
4161.37	0.529596
4174.42	0.53365
4190.67	0.533461
4217.23	0.534713
4241.46	0.535553
4256.58	0.535969
3775.02	0.528932
3778.75	0.528971
3810.68	0.528662
3857.58	0.528559
3904.22	0.528355
3943.89	0.529805
3982.26	0.53062
4019.42	0.531448
4055.45	0.532565
4088.85	0.534152
4113.4	0.534581
4123.82	0.541555
4149.3	0.541964
4177.2	0.544063
4205.92	0.544924
4230.27	0.54736
4257.96	0.548253
4283.08	0.549654
4306.07	0.550754
4327.96	0.551223
4339.02	0.551483
4341.78	0.550515
3943.39	0.482668
3969.48	0.48294
3982.4	0.496019
4009.51	0.496014
4040.63	0.498188
4051.47	0.510237
4081.47	0.51066
4104.85	0.512954
4116.46	0.520221
4145.66	0.52152
4159.07	0.526987
4174.42	0.526824
4199.66	0.528531
4207.42	0.535449
4227.53	0.535548
4247.17	0.537641
4253.09	0.54564
4273.37	0.54628
4288.02	0.548621
4295.8	0.553765
4315.28	0.555051
4322.84	0.560971
4333.65	0.561043
4350.7	0.561581
4356.46	0.560173
4364.79	0.560154
4353.44	0.553382
4355.14	0.555515
4366.68	0.556079
4373.16	0.562307
4385.77	0.563025
4391.88	0.574039
4403.44	0.574975
4408.2	0.58822
4417.51	0.5895
4422.13	0.600151
4430.4	0.602827
4435.03	0.625054
4442.72	0.629693
4446.68	0.647539
4452.7	0.651304
4457.55	0.643622
4463.68	0.641175
4467.68	0.590131
4472.57	0.58135
4476.47	0.494901
4481.37	0.473005
4485.31	0.402631
4490.45	0.389648
4493.49	0.37106
4494.24	0.366625
4057.45	0.488323
4087.55	0.491396
4105.76	0.494729
4120.19	0.499071
4152.84	0.500841
4181.94	0.504227
4192.29	0.51706
4212.2	0.517376
4240.41	0.521878
4260.64	0.524784
4268.04	0.537778
4288.2	0.538801
4311.07	0.543321
4323.06	0.546734
4330.95	0.551304
4349.68	0.552815
4366.6	0.555764
4372.49	0.563321
4383.81	0.563742
4400.5	0.567444
4412.27	0.570332
4415.9	0.576198
4425.19	0.577237
3803.83	0.522622
3834.48	0.52229
3870.95	0.522117
3884.64	0.525663
3916.91	0.525381
3958.74	0.526297
3997.41	0.527153
4035.92	0.527649
4071.71	0.528878
4104.28	0.530376
4132.25	0.531044
4143.19	0.534252
4163.23	0.534192
4190.92	0.536482
4217.23	0.537819
4241.52	0.539414
4263.55	0.541043
4288.03	0.541546
4309.15	0.54211
4317.17	0.542847
4325.29	0.542732
3824.96	0.522931
3862.65	0.523326
3885	0.524717
3908.09	0.524153
3952.57	0.524136
3974.74	0.524938
3993.94	0.524752
4027.62	0.525005
4049.47	0.525808
4065.19	0.527625
4097.51	0.528825
4119.29	0.530176
4133.15	0.533413
4161.97	0.534322
4183.29	0.535792
4195.8	0.539702
4221.36	0.540532
4240.3	0.542453
4250.39	0.547558
4272.25	0.548165
4289.49	0.549239
4298.32	0.551568
4316.15	0.551905
4330.43	0.552663
4333.57	0.552425
3970.67	0.526777
3997.83	0.526825
4033.07	0.528293
4066.76	0.53051
4095.8	0.531738
4107.55	0.537821
4131.63	0.537811
4164.7	0.540302
4194.98	0.543045
4221.22	0.546509
4234.26	0.548731
4249.06	0.548523
4272.05	0.551009
4292.56	0.553665
4314.37	0.555492
4327.59	0.556736
4335.25	0.560182
4351.85	0.561007
4368.42	0.563666
4384.77	0.566681
4396.68	0.569044
4401.34	0.575778
4412.47	0.576357
4371.5	0.549711
4374.75	0.55553
4382.38	0.555837
4386.9	0.555603
4389.8	0.560923
4397.43	0.562321
4402.42	0.565404
4405.61	0.578173
4412.66	0.580659
4417.76	0.586011
4421.07	0.597104
4427.33	0.599752
4432.7	0.604581
4436.31	0.620767
4441.92	0.627993
4446.94	0.628352
4451.18	0.638474
4455.96	0.648545
4460.43	0.649108
4464.26	0.667765
4468.09	0.684504
4471.82	0.68726
4474.98	0.69659
4478.32	0.702733
4479.22	0.703113
3615.1	0.473942
3627.97	0.478502
3656.74	0.478043
3671.68	0.492803
3703.03	0.492412
3718.95	0.490589
3738.68	0.489903
3763.7	0.489282
3776.85	0.497505
3805.34	0.497458
3819.16	0.513409
3839.04	0.51501
3860.55	0.514484
3874.77	0.514313
3901.48	0.513946
3913.99	0.51459
3932.64	0.51613
3949.44	0.517269
3958.95	0.517659
3982.59	0.517142
3993.54	0.504929
4007.1	0.500898
4016.17	0.494725
3913.77	0.528639
3948.32	0.52861
3980.58	0.528337
3989.45	0.52831
4019.16	0.528088
4055.82	0.529699
4082.37	0.53033
4093.08	0.536264
4120.75	0.536408
4149.82	0.538159
4168.65	0.538882
4177.29	0.542489
4203.26	0.542959
4232.6	0.543972
4247.6	0.54474
4258.77	0.545884
4282.53	0.546598
4305.36	0.548104
4316.43	0.549144
4329.39	0.548934
4351.2	0.549704
4365.62	0.549966
4367.35	0.549418
4367.37	0.549626
3827.86	0.519687
3857.42	0.519893
3901.8	0.521013
3944.78	0.5226
3985.29	0.524733
4023.61	0.52694
4059.8	0.529259
4094.7	0.531162
4127.97	0.533174
4159.65	0.535033
4189.86	0.536653
4218.35	0.538162
4244.1	0.539983
4268.25	0.541595
4282.5	0.542349
4291.47	0.54535
4311.31	0.546068
4331.3	0.547302
4350.62	0.54804
4365.79	0.54893
4364.43	0.549834
4365.94	0.550696
4375.39	0.551051
4379.45	0.555241
4386.34	0.557544
4392.92	0.557735
4396.82	0.564891
4405.41	0.565749
4409.01	0.573893
4415.03	0.575763
4420.85	0.575666
4424.38	0.584744
4431.26	0.586218
4434.36	0.593342
4438.6	0.59876
4442.72	0.599019
4444.74	0.601476
4449.76	0.603124
4451.94	0.620761
4454.98	0.608704
4457.92	0.604681
4460	0.515253
4464.23	0.492981
4466.15	0.523625
4470.13	0.448361
4472.3	0.440396
4206.19	0.547904
4226.59	0.548797
4249.61	0.550831
4272.49	0.552837
4288.94	0.553998
4298.17	0.557615
4316.01	0.558523
4334.65	0.561534
4352.12	0.56428
4366.91	0.566316
4373.06	0.573847
4385.35	0.574606
4399.71	0.579058
4414.22	0.581359
4429.22	0.582315
4434.31	0.580726
4443.95	0.579803
4455.78	0.575672
4465.53	0.560762
4474.15	0.520598
4479.95	0.462643
4484.17	0.429947
4489.42	0.39707
3505.05	0.520792
3550.78	0.520693
3605.49	0.520856
3659.92	0.521117
3710.56	0.522522
3760.31	0.523381
3806.33	0.525287
3850.33	0.526598
3877.41	0.52697
3897.07	0.530783
3935.93	0.531144
3974.92	0.532275
4013.9	0.532803
4051.12	0.533868
4086.22	0.535074
4118.65	0.536378
4146.97	0.538004
4175.76	0.538315
4199.58	0.538047
4209.1	0.539641
4224.52	0.539559
3639.17	0.522909
3672.99	0.52263
3722.51	0.523588
3768.85	0.525105
3813.37	0.526451
3856.26	0.527811
3898.6	0.528721
3939.64	0.529785
3978.8	0.531018
4016.71	0.53193
4053.21	0.532758
4088.1	0.53351
4116.9	0.533835
4127.63	0.538932
4149.84	0.538894
4179.21	0.540504
4206.38	0.541485
4236.34	0.54163
4262.25	0.542599
4285.36	0.543442
4300.74	0.543848
3367.16	0.411075
3411.69	0.412809
3466.29	0.417838
3500.58	0.421806
3522.22	0.443114
3574.17	0.443899
3629.06	0.445697
3682.92	0.448204
3733.58	0.450543
3755.93	0.458705
3785.52	0.458182
3835.71	0.459353
3883.85	0.46023
3929.87	0.461487
3967.74	0.462143
3982.96	0.470904
4013.55	0.470552
4054.64	0.469739
4086.99	0.46684
4112.78	0.466441
4082.65	0.535921
4082.79	0.536262
4109.32	0.536738
4139.74	0.538074
4159.92	0.539001
4168.82	0.545117
4194.08	0.545747
4220.97	0.548212
4240.34	0.549547
4247.65	0.558063
4268.33	0.558475
4291.9	0.560189
4310.03	0.561109
4316.39	0.56592
4332.63	0.566533
4352.45	0.570572
4367.11	0.575621
4374.15	0.581335
4388.18	0.581935
4405.33	0.587983
4419.08	0.592788
4422.52	0.600634
4430.23	0.602557
4437.12	0.614644
4047.47	0.555256
4068.9	0.555332
4099.94	0.556757
4130.34	0.558301
4161.16	0.559323
4190.19	0.561406
4217.9	0.563314
4244.63	0.565012
4268.43	0.567981
4291.64	0.570347
4312.9	0.574263
4333.36	0.577873
4351.96	0.583293
4371.47	0.586784
4390.28	0.591374
4407.27	0.597427
4422.24	0.609031
4435.33	0.625078
4445.16	0.642515
4451.36	0.654446
2848.82	0.466567
2852.99	0.46742
2870.26	0.467241
2944.69	0.46758
2993.24	0.467608
3012.52	0.482099
3080.67	0.48173
3140.88	0.481473
3160.96	0.495607
3217.97	0.495052
3281.78	0.496332
3304.97	0.506184
3349.89	0.505483
3416.31	0.507198
3449.57	0.508198
3477.07	0.510205
3537.81	0.509963
3579.98	0.509897
3598.96	0.518145
3648.53	0.517717
3692.77	0.517615
3707.04	0.523095
3743.21	0.522627
3778.58	0.522335
3995.71	0.528217
4024	0.530013
4045.95	0.531533
4060.67	0.537596
4092.27	0.538326
4123.23	0.540911
4154.54	0.542477
4170.75	0.543531
4184.61	0.544426
4210.51	0.546424
4237.08	0.548358
4260.99	0.551204
4271.95	0.553925
4284.73	0.553815
4305.98	0.556588
4326.22	0.559288
4345.36	0.561267
4353.53	0.565174
4365.36	0.565314
4382.22	0.568689
4397.57	0.571044
4408	0.572006
2813.3	0.528099
2874.81	0.527251
2956.23	0.526536
3037.66	0.525381
3117.34	0.524391
3195.3	0.52348
3270.12	0.522952
3341.87	0.522564
3410.66	0.522283
3476.33	0.522148
3538.1	0.522308
3596.61	0.5224
3651.45	0.522675
3706.66	0.52214
3758.99	0.5219
3808.13	0.521636
3855.5	0.52109
3901.35	0.520309
3938.21	0.519705
3965.19	0.519593
2941.25	0.526643
2970.17	0.525515
3042.09	0.524494
3071.26	0.524136
3121.53	0.52311
3194.08	0.521551
3224.77	0.519828
3267.28	0.518841
3335.93	0.517789
3370.52	0.51664
3406.74	0.515667
3473.15	0.514726
3509.56	0.513521
3538.67	0.512449
3597.23	0.511601
3634.17	0.510559
3658	0.509546
3708.78	0.509027
3743.82	0.508394
3762.29	0.508179
3806.67	0.507533
3840.63	0.506695
3856.17	0.505372
3892.35	0.505156
3920.46	0.505487
3924.92	0.508127
4076.85	0.543285
4080.44	0.543001
4106.89	0.544085
4136.45	0.54526
4166.2	0.546413
4194.47	0.548409
4221.07	0.550637
4246.36	0.552749
4268.51	0.555927
4290.08	0.558552
4310.07	0.561935
4333.14	0.563634
4349.51	0.565024
4356.75	0.575581
4373.65	0.576941
4391.97	0.58202
4408.3	0.58779
4422.07	0.59545
4434.58	0.605783
4445.13	0.625189
4453.11	0.643713
4254.66	0.546996
4266.59	0.54709
4288.45	0.549205
4309.98	0.551325
4331.8	0.552906
4352.74	0.554804
4368.28	0.556017
4374.57	0.56309
4387.27	0.564078
4403.4	0.565419
4417.93	0.566228
4430.7	0.564733
4441.65	0.557725
4450.82	0.538854
4458.78	0.492072
4465.65	0.401519
4474.21	0.351795
4482	0.329681
4487.64	0.322683
4489.61	0.319894
3731.9	0.517819
3770.04	0.517788
3813.05	0.517677
3847.28	0.517242
3860.71	0.518135
3893.68	0.517881
3931.88	0.51953
3974.05	0.520095
3999.82	0.520522
4015.04	0.524979
4049.5	0.525621
4084.44	0.528298
4115.64	0.530619
4128.5	0.535553
4147.06	0.535402
4176.77	0.537374
4205.08	0.538827
4227.64	0.53939
4235.73	0.542493
4256.29	0.542463
4280.98	0.543366
4298.66	0.543844
3906.86	0.528244
3918.93	0.529059
3944.01	0.528687
3979.99	0.529388
3993.35	0.534457
4025.17	0.534202
4055.4	0.535088
4070.1	0.538847
4100.12	0.538586
4122.6	0.538349
4137.07	0.537548
4166.59	0.537678
4181.12	0.537749
4198.15	0.537391
4222.56	0.53825
4232.57	0.53977
4251.14	0.539789
4273.65	0.541359
4283.8	0.544881
4304.3	0.545216
4321.36	0.5464
4330.85	0.547536
4349.76	0.548122
4361.24	0.549081
4371.13	0.549187
4387.95	0.550544
4395.44	0.551321
4400.52	0.551357
4152.18	0.518037
4154.89	0.518128
4171.59	0.518362
4181.99	0.522517
4195.27	0.525064
4205.75	0.528946
4216.41	0.534968
4230.19	0.534991
4238.42	0.54134
4253.47	0.54153
4262.25	0.543415
4274.98	0.544195
4285.1	0.54529
4295.2	0.545932
4307.36	0.545828
4315.48	0.5486
4327.64	0.548924
4334.39	0.552891
4345.24	0.553864
4352.22	0.556777
4360.73	0.558388
4370.35	0.558272
4376.87	0.554501
4386.31	0.553972
4389.55	0.537901
3999.06	0.527996
4020.06	0.528452
4030.18	0.536491
4059.69	0.536844
4092.34	0.538113
4123.24	0.539504
4154.38	0.540405
4183.24	0.542198
4211.13	0.54361
4235.29	0.545874
4256.23	0.548417
4276.77	0.549899
4299.35	0.551059
4321.53	0.552362
4337.14	0.553293
4343.78	0.559068
4360.55	0.559819
4378.65	0.563015
4394.68	0.56599
4404.5	0.568327
2745.09	0.50881
2768.88	0.507507
2823.55	0.5071
2856.44	0.510485
2937.34	0.509385
3004.63	0.508084
3031.37	0.513454
3099.59	0.512373
3174.56	0.510513
3203.89	0.507984
3261.06	0.506806
3336.13	0.504335
3371.05	0.501882
3410.55	0.500818
3480.17	0.499774
3524.25	0.498373
3548.75	0.496663
3606.12	0.49599
3654.13	0.495367
3673.48	0.500196
3718.99	0.499784
3766.6	0.500833
3785.18	0.506181
3819.87	0.505564
3850.95	0.503319
3299.8	0.509419
3308.21	0.509146
3349.04	0.508417
3417.29	0.508007
3480.86	0.507731
3507.5	0.511851
3545.79	0.511113
3605.78	0.514326
3661.36	0.517181
3689.5	0.518487
3720.63	0.517736
3774.72	0.519623
3825.25	0.52163
3852.58	0.52241
3875.96	0.524076
3917.42	0.524742
3959.37	0.525157
3985.28	0.52523
4003.34	0.526776
4040.82	0.526209
4077.68	0.524527
4098.75	0.522215
4110.88	0.51879
4133.09	0.518719
3442.4	0.521035
3496.36	0.521013
3554.33	0.520832
3611.08	0.520783
3665.31	0.521112
3717.46	0.521452
3765.37	0.522594
3811.01	0.523442
3855.2	0.524001
3894.62	0.525615
3928.82	0.525944
3944.62	0.531682
3975.2	0.531487
4014.04	0.532967
4051.22	0.533297
4086.67	0.533562
4120.55	0.533659
4150.43	0.533926
4179.24	0.534066
4203.55	0.534177
