2755.84	0.347859
2764.66	0.355175
2782.38	0.358082
2808.59	0.359541
2842.16	0.360323
2881.57	0.360701
2925.31	0.360818
2972.09	0.36076
3020.87	0.360586
3070.85	0.360336
3121.42	0.360039
3172.08	0.359714
3222.43	0.359376
3272	0.359038
3320.16	0.358698
3366.08	0.358031
3410.49	0.357797
3453.5	0.357592
3494.85	0.357372
3534.19	0.357017
3571.39	0.356617
3606.71	0.356377
3640.42	0.356177
3672.71	0.35593
3703.72	0.35561
3733.44	0.355198
3761.45	0.354676
3785.34	0.351707
3808.56	0.351071
3830.65	0.350416
3851.56	0.349587
3871.27	0.348552
3889.7	0.347284
3906.98	0.345768
3923.3	0.343995
3938.96	0.341986
3954.33	0.339799
3969.12	0.33743
3983.21	0.334927
3996.55	0.332349
4009.12	0.32975
4020.9	0.327171
4031.86	0.324629
4041.92	0.322111
4050.99	0.31958
4058.94	0.316987
4065.63	0.314286
4070.9	0.311471
4074.57	0.308653
4076.46	0.306403
2746.3	0.351804
2755.14	0.362549
2773.22	0.368815
2800.48	0.373356
2835.47	0.37683
2876.29	0.379408
2921.24	0.381258
2968.96	0.382514
3018.45	0.383312
3068.96	0.383774
3119.93	0.383996
3170.94	0.38405
3221.67	0.38397
3271.8	0.383743
3320.71	0.383306
3365.89	0.380587
3410.12	0.380363
3453.33	0.380304
3494.98	0.380212
3534.4	0.379618
3571.31	0.378871
3606.33	0.37889
3639.81	0.379203
3671.94	0.379708
3702.91	0.380351
3733.03	0.381029
3763.39	0.381309
3783.85	0.370881
3807.53	0.367049
3829.63	0.366534
3850.56	0.365921
3870.33	0.364942
3888.61	0.363442
3905.67	0.361574
3921.67	0.359285
3936.96	0.356651
3952.58	0.353868
3967.48	0.350178
3981.57	0.345864
3994.9	0.34124
4007.45	0.336624
4019.24	0.332291
4030.22	0.328417
4040.34	0.325038
4049.48	0.322077
4057.52	0.319391
4064.32	0.31684
4069.72	0.31433
4073.49	0.311849
4075.43	0.309724
2727.25	0.356407
2735.78	0.371851
2754.27	0.383014
2783.95	0.392102
2822.21	0.399796
2866.06	0.406942
2913.46	0.412455
2963.06	0.41653
3013.93	0.419422
3065.44	0.421401
3117.14	0.422705
3168.75	0.423515
3220.12	0.423927
3271.35	0.423892
3323.39	0.422994
3365.07	0.410546
3409.12	0.410106
3453.06	0.409903
3495.6	0.409221
3535.35	0.406954
3571.32	0.403801
3605.65	0.403285
3638.67	0.403428
3670.45	0.403977
3701.02	0.404829
3730.46	0.405995
3758.81	0.407743
3784.62	0.411797
3806	0.401676
3827.71	0.397051
3848.67	0.397281
3868.81	0.397237
3886.67	0.394423
3903.36	0.393045
3918.7	0.391376
3932.53	0.389486
3949.47	0.38877
3964.5	0.383638
3978.55	0.375986
3991.79	0.366723
4004.27	0.356804
4016.01	0.347205
4027.01	0.338691
4037.22	0.331867
4046.52	0.326801
4054.72	0.323117
4061.73	0.320356
4067.43	0.318138
4071.43	0.316133
4073.49	0.314381
2698.98	0.36059
2705.94	0.381818
2723.54	0.399044
2758.24	0.413949
2802.43	0.425817
2851.34	0.43456
2902.6	0.440543
2954.99	0.444337
3007.84	0.446519
3060.74	0.447575
3113.42	0.447869
3165.71	0.44766
3217.54	0.447126
3268.91	0.4464
3319.9	0.445651
3360.55	0.443699
3406.84	0.442023
3452.74	0.441943
3497.54	0.44058
3538.54	0.436247
3571.38	0.434444
3604.66	0.433302
3637.1	0.433023
3668.45	0.433426
3698.54	0.434547
3727.21	0.43668
3754.97	0.440366
3780.87	0.445996
3803.56	0.453906
3826.22	0.457856
3846.5	0.458684
3869.13	0.462858
3884.98	0.452337
3901.65	0.452522
3917.15	0.454965
3931.86	0.455177
3946.81	0.448483
3961.04	0.444509
3974.84	0.439081
3987.81	0.429129
4000.01	0.41313
4011.53	0.391328
4022.43	0.369514
4032.7	0.351223
4042.18	0.338046
4050.57	0.329621
4057.83	0.325095
4064.18	0.322756
4068.59	0.320975
4070.84	0.319492
2663.06	0.361518
2664.94	0.388812
2674.65	0.419515
2722.24	0.437452
2777.31	0.450281
2833.65	0.45877
2889.9	0.464059
2945.7	0.467187
3000.87	0.468923
3055.36	0.469794
3109.12	0.470143
3162.12	0.470196
3214.33	0.470112
3265.69	0.470034
3316.07	0.470147
3365.13	0.470782
3403.65	0.468221
3452.21	0.468175
3501.9	0.467249
3538.85	0.475112
3570.88	0.470751
3603.58	0.469912
3635.74	0.469716
3666.89	0.46984
3696.74	0.470299
3723.86	0.471187
3752.32	0.473368
3778.24	0.477115
3802.11	0.481147
3824.89	0.48361
3846.83	0.485781
3864.7	0.483607
3883.88	0.486819
3899.65	0.486992
3915.09	0.489097
3929.82	0.489603
3943.85	0.487994
3957.24	0.487764
3971.37	0.490685
3984.26	0.491701
3996.18	0.489291
4006.96	0.479258
4017.24	0.45665
4027.18	0.417247
4036.8	0.373386
4045.16	0.344182
4052.32	0.332491
4060.26	0.328929
4065.27	0.326762
4067.75	0.325219
2624.56	0.360716
2615.41	0.384761
2587.03	0.433477
2678.07	0.460066
2750.24	0.470396
2815.33	0.476022
2876.92	0.478837
2936.23	0.480057
2993.74	0.480413
3049.78	0.480329
3104.58	0.480048
3158.27	0.479703
3210.86	0.479378
3262.28	0.479136
3312.35	0.479044
3360.64	0.479183
3406.22	0.479668
3449.18	0.479076
3492.94	0.479704
3532.13	0.482585
3567.78	0.484579
3601.8	0.486864
3634.47	0.489006
3665.8	0.491118
3695.92	0.493278
3725.41	0.495295
3750.64	0.494454
3776.1	0.496625
3800.19	0.498996
3822.86	0.501096
3844.23	0.503275
3864.25	0.506071
3881.07	0.50566
3897.23	0.507105
3912.78	0.510023
3927.39	0.512956
3943.32	0.516316
3954.51	0.518228
3968.09	0.522533
3980.89	0.52667
3993.12	0.530349
4003.23	0.531348
4013.35	0.526213
4022.64	0.505
4031.8	0.462655
4040.28	0.409487
4049.25	0.356367
4056.81	0.339091
4061.93	0.333926
4064.55	0.331629
2594.58	0.359048
2584.59	0.378353
2561.49	0.454385
2651.62	0.479308
2729.36	0.482945
2799.66	0.484176
2865.33	0.484059
2927.63	0.48332
2987.08	0.482383
3044.39	0.481467
3100.06	0.480659
3154.35	0.479992
3207.33	0.479484
3258.94	0.479144
3309.06	0.478986
3357.51	0.479019
3404.22	0.479253
3443.92	0.479356
3487.09	0.479676
3527.5	0.480637
3564.84	0.481794
3599.91	0.483324
3633.06	0.485152
3664.43	0.487214
3694.25	0.489416
3722.71	0.491662
3749.24	0.493912
3774.79	0.496627
3799.02	0.499389
3821.44	0.50224
3842.36	0.505186
3861.86	0.5083
3879.62	0.511753
3895.93	0.515857
3909.64	0.519268
3927.14	0.523709
3940.12	0.525612
3952.7	0.53007
3964.65	0.53476
3976.92	0.54019
3990.53	0.549212
4001.92	0.560425
4011.47	0.570238
4019.72	0.578574
4027.72	0.573401
4036.36	0.505132
4045.8	0.386253
4053.46	0.350296
4058.63	0.341132
4061.46	0.337867
2574.06	0.35565
2566.37	0.370729
2550.89	0.469549
2636.43	0.489317
2714.87	0.488774
2787.62	0.487667
2856.06	0.486342
2920.81	0.485027
2981.45	0.483863
3039.46	0.48293
3095.69	0.482201
3150.45	0.481658
3203.81	0.481294
3255.69	0.481113
3305.99	0.481123
3354.6	0.481337
3401.61	0.481757
3447.48	0.482355
3482.38	0.480982
3524.31	0.481305
3562.51	0.482607
3598.26	0.484245
3631.73	0.486156
3662.92	0.488342
3692.25	0.490775
3720.25	0.493382
3747.11	0.496125
3773.14	0.498911
3797.99	0.501708
3819.87	0.504687
3840.25	0.508105
3859.59	0.511779
3878	0.51576
3893.79	0.518206
3909.46	0.521378
3924.17	0.52191
3938.12	0.523104
3952.02	0.526326
3964.23	0.532433
3977.71	0.540658
3990.3	0.551376
4001.17	0.565045
4010.62	0.581599
4017.27	0.599076
4026.03	0.57799
4034.64	0.474815
4043.22	0.387163
4050.42	0.356429
4055.28	0.346537
4058.73	0.342845
2560.73	0.348864
2555.41	0.361086
2545.27	0.481149
2627.24	0.496919
2704.96	0.495441
2778.74	0.494074
2849.36	0.492849
2916.96	0.491687
2977.26	0.489998
3035.11	0.489245
3091.52	0.488732
3146.64	0.488386
3200.38	0.488183
3252.61	0.48812
3303.12	0.48821
3351.79	0.488477
3398.57	0.488954
3443.37	0.489692
3485.41	0.490896
3523.18	0.489523
3560.95	0.490787
3597.22	0.492337
3631.01	0.494056
3661.57	0.49586
3689.88	0.498403
3717.25	0.501398
3744.12	0.504633
3770.96	0.507861
3798.24	0.510705
3818.13	0.509853
3837.53	0.511976
3856.62	0.513086
3873.71	0.513596
3892.28	0.514577
3908.5	0.517099
3923.46	0.520105
3937.96	0.523278
3951.23	0.528083
3964.63	0.536192
3977.55	0.546422
3989.97	0.558825
4000.08	0.570116
4009.15	0.585378
4017.59	0.614018
4025.05	0.634866
4032.62	0.561186
4041.29	0.425134
4048.92	0.366432
4054.14	0.352136
4057.01	0.346557
2552.23	0.334338
2548.64	0.345843
2541.87	0.496761
2621.22	0.510448
2697.83	0.509071
2771.86	0.508014
2844.49	0.507135
2919.26	0.506014
2974.38	0.501151
3030.99	0.499844
3087.41	0.49913
3142.91	0.498592
3197.14	0.498122
3249.84	0.497712
3300.69	0.497374
3349.4	0.497146
3396.02	0.49709
3440.52	0.497251
3482.64	0.49768
3520.51	0.49833
3559.32	0.499446
3597.05	0.500482
3631.91	0.50166
3660.88	0.501267
3686.87	0.501998
3713.15	0.503898
3739.56	0.503889
3766.75	0.505144
3792.01	0.506117
3813.81	0.50546
3833.41	0.505307
3854.15	0.506811
3873	0.509289
3891.3	0.512624
3905.58	0.515452
3922.5	0.519709
3937.52	0.525835
3951.77	0.533697
3963.72	0.540756
3976.09	0.547416
3987.89	0.556292
3999.28	0.568426
4009.05	0.585436
4017.41	0.614497
4024.5	0.639643
4031.61	0.578401
4040.06	0.437224
4047.72	0.37003
4052.99	0.35414
4055.72	0.348013
2546.68	0.305515
2544.31	0.320382
2539.66	0.501167
2616.98	0.512248
2692.24	0.509947
2765.3	0.50769
2836.28	0.50551
2904.84	0.503342
2966.34	0.50092
3025.48	0.499532
3083.23	0.498376
3139.7	0.49738
3194.84	0.496548
3248.49	0.495903
3300.16	0.495479
3348.84	0.495405
3395.35	0.495527
3440.01	0.495843
3483.01	0.496361
3525.27	0.497041
3557.83	0.49762
3600.03	0.498935
3629.79	0.496528
3658.45	0.497599
3685.81	0.498733
3711.49	0.500235
3740.08	0.502042
3764.16	0.502109
3787.17	0.502581
3810.19	0.503379
3830.93	0.50478
3851.91	0.506882
3871.15	0.510283
3887.23	0.513768
3904.69	0.518267
3921.67	0.523868
3936.09	0.529224
3950.12	0.536109
3963.15	0.542308
3973.86	0.54699
3987.04	0.555422
3998.27	0.569441
4008.43	0.585936
4016.91	0.61405
4023.92	0.637683
4030.91	0.57422
4039.23	0.435038
4046.81	0.369718
4052.02	0.354099
4054.69	0.347981
2542.78	0.271814
2541.37	0.295338
2538.15	0.50092
2613.85	0.509942
2687.79	0.507469
2759.7	0.505029
2829.37	0.502704
2896.32	0.500492
2959.53	0.498395
3020.21	0.49666
3079.09	0.495169
3136.53	0.493898
3192.71	0.492842
3247.76	0.492013
3301.21	0.491455
3349.02	0.490096
3395.06	0.490168
3439.69	0.490493
3482.57	0.491007
3523.1	0.491679
3561.13	0.492432
3594.92	0.491802
3627.37	0.492367
3656.36	0.494179
3684.35	0.49632
3710.92	0.497487
3736.08	0.498556
3761.77	0.500522
3785.51	0.503204
3808.12	0.506301
3830.27	0.509767
3849.72	0.51197
3867.68	0.514952
3885.48	0.517698
3902.55	0.520096
3919.4	0.523055
3934.78	0.523938
3949.43	0.527202
3962.78	0.535266
3974.9	0.545815
3986.31	0.557798
3996.53	0.571214
4007.58	0.586535
4016.29	0.613386
4023.33	0.634574
4030.33	0.566488
4038.61	0.429479
4046.09	0.367987
4051.24	0.35318
4053.86	0.347326
2540.49	0.257883
2539.42	0.28632
2537.07	0.507861
2611.5	0.515357
2684.33	0.513049
2755.26	0.510929
2824.02	0.509081
2890.37	0.507538
2954.07	0.506324
3015.51	0.505355
3075.12	0.504555
3133.25	0.503887
3190.31	0.503317
3247.14	0.502763
3306.43	0.501967
3349.46	0.498699
3394.64	0.498256
3439.53	0.498033
3482.91	0.497838
3521.84	0.497274
3558.01	0.497713
3591.56	0.498834
3626.76	0.50004
3653.64	0.497638
3681.17	0.497892
3708.57	0.499374
3734.43	0.501206
3759.65	0.503291
3783.34	0.505819
3804.86	0.507844
3827.32	0.509498
3847.62	0.51127
3864.4	0.512785
3883.76	0.51643
3901.42	0.518604
3916.51	0.52013
3933.11	0.524079
3948.21	0.528914
3961.8	0.535146
3974.22	0.543686
3985.62	0.556135
3996.36	0.570706
4007.17	0.585896
4015.83	0.611959
4022.83	0.631036
4029.84	0.558616
4038.11	0.423804
4045.51	0.366072
4050.59	0.352085
4053.18	0.346546
2539.11	0.259304
2538.24	0.289803
2536.31	0.514396
2609.84	0.520204
2681.82	0.51775
2751.95	0.51545
2820.05	0.513361
2886	0.511482
2949.75	0.509796
3011.49	0.50827
3071.44	0.506884
3129.82	0.505636
3186.85	0.504529
3242.68	0.503567
3296.92	0.502772
3345.65	0.502304
3393.07	0.502332
3440.25	0.502359
3488.73	0.502316
3523.54	0.500023
3557.48	0.500101
3592.9	0.500486
3621.25	0.501495
3653.15	0.503591
3680.29	0.503359
3706.95	0.503907
3732.2	0.504685
3758.18	0.505725
3782.08	0.506879
3805.6	0.508728
3825.82	0.510053
3843.3	0.511522
3860.48	0.511852
3879.84	0.511252
3898.62	0.512542
3915	0.515038
3932.41	0.519073
3947.72	0.525222
3961.28	0.533388
3973.18	0.544128
3983.75	0.556142
3996.47	0.568836
4007.02	0.584214
4015.51	0.609797
4022.42	0.627433
4029.43	0.551814
4037.68	0.418979
4045.01	0.364397
4050.03	0.351094
4052.59	0.345839
2538.3	0.264525
2537.56	0.295307
2535.87	0.514014
2608.87	0.518587
2680.25	0.516107
2749.72	0.513718
2817.23	0.511475
2882.77	0.509384
2946.38	0.50745
3008.13	0.505684
3068.14	0.504094
3126.51	0.502684
3183.3	0.501454
3238.45	0.500391
3291.57	0.499478
3341.79	0.498703
3390.31	0.498239
3438.18	0.498
3487.28	0.497889
3521.06	0.494786
3553.57	0.495168
3589.01	0.496178
3625.24	0.497211
3650.23	0.495356
3677.23	0.49472
3705.96	0.496274
3733.87	0.498597
3758.34	0.499385
3781.64	0.5021
3804.4	0.504518
3822.18	0.504821
3841.02	0.504704
3860.73	0.506306
3879.31	0.509278
3896.45	0.51318
3915.66	0.517927
3932.04	0.519949
3947.18	0.5254
3960.61	0.532363
3971.69	0.542312
3985.13	0.553154
3996.97	0.566237
4007.06	0.582122
4015.3	0.607298
4022.07	0.624071
4029.05	0.546256
4037.29	0.415099
4044.56	0.363026
4049.54	0.350263
4052.07	0.345244
2537.94	0.269481
2537.28	0.298832
2535.77	0.50535
2608.7	0.509137
2679.68	0.506999
2748.49	0.504902
2815.37	0.502803
2880.44	0.500795
2943.76	0.498901
3005.36	0.497149
3065.28	0.495558
3123.53	0.494137
3180.08	0.492883
3234.89	0.491778
3287.73	0.490809
3338.22	0.489993
3386.75	0.489434
3433.36	0.489069
3477.79	0.48864
3518.55	0.487337
3545.21	0.486533
3582.75	0.486263
3616.59	0.486435
3644.86	0.485891
3675.29	0.486899
3704.1	0.489206
3732.45	0.491556
3759.64	0.493967
3780.84	0.494537
3800.62	0.496226
3821.69	0.495643
3841.69	0.498331
3861.25	0.501195
3880.06	0.504163
3898.14	0.50745
3916.13	0.511146
3932.8	0.515721
3947.75	0.521778
3961.48	0.529448
3974	0.539126
3986.28	0.550336
3997.42	0.563785
4007.1	0.580134
4015.09	0.604879
4021.73	0.621026
4028.68	0.541551
4036.91	0.411874
4044.13	0.361881
4049.07	0.349562
4051.58	0.344741
2537.95	0.275494
2537.4	0.304834
2536.04	0.495698
2609.58	0.498768
2680.34	0.496815
2748.19	0.495051
2814.28	0.493309
2878.76	0.491593
2941.74	0.48997
3003.09	0.488478
3062.85	0.487141
3120.96	0.485975
3177.24	0.48499
3231.92	0.484175
3284.78	0.48355
3335.13	0.483169
3383.57	0.483033
3429.14	0.483164
3470.39	0.482935
3509.67	0.482772
3544.66	0.483015
3578.5	0.482532
3611.8	0.483601
3642.97	0.484634
3673.23	0.486115
3700.97	0.487985
3730.45	0.4903
3758.56	0.492739
3780.01	0.492555
3798.97	0.493349
3820.57	0.495926
3841.11	0.498667
3860.86	0.501319
3879.85	0.50407
3898.2	0.507162
3916.2	0.510786
3933.52	0.515196
3947.77	0.520555
3961.76	0.527982
3974.73	0.537162
3986.75	0.548293
3997.56	0.561857
4006.96	0.57854
4014.77	0.602844
4021.31	0.618227
4028.25	0.53707
4036.5	0.408883
4043.69	0.360851
4048.61	0.348937
4051.11	0.344296
2538.21	0.284859
2537.83	0.325609
2536.77	0.493113
2612.31	0.494842
2682.95	0.49219
2748.64	0.489779
2813.74	0.488139
2877.46	0.486606
2940.16	0.485179
3001.16	0.483895
3060.77	0.482771
3118.86	0.481818
3174.62	0.481066
3229.29	0.480489
3282.87	0.480087
3332.42	0.478844
3381.7	0.478302
3423.56	0.47766
3466.06	0.477868
3505.05	0.4786
3541.11	0.479738
3575.27	0.481354
3608.8	0.483338
3640.72	0.485551
3671.39	0.487954
3701.24	0.490406
3728.09	0.491216
3755.23	0.492993
3775.14	0.493504
3796.45	0.495029
3818.87	0.497222
3839.68	0.499772
3859.57	0.502308
3878.6	0.50504
3896.93	0.508225
3915.2	0.511976
3933.54	0.516354
3946.27	0.520462
3961.28	0.527167
3974.6	0.535982
3986.63	0.54699
3997.31	0.56059
4006.56	0.577467
4014.27	0.601367
4020.77	0.61552
4027.75	0.532215
4036.04	0.405777
4043.23	0.359844
4048.14	0.348342
4050.63	0.34388
2538.53	0.294836
2538.33	0.352335
2537.96	0.499864
2618.99	0.5
2689.56	0.497036
2748.68	0.493727
2813.51	0.491773
2876.08	0.490155
2939.09	0.488838
2999.38	0.487628
3058.92	0.486681
3117.74	0.48589
3171.67	0.484596
3226.3	0.484058
3276.44	0.483585
3330.59	0.483774
3385.15	0.483752
3423.56	0.478998
3463.61	0.479092
3501.72	0.479522
3537.81	0.480284
3571.03	0.481238
3605.73	0.48293
3638.05	0.484906
3668.71	0.487034
3697.76	0.489246
3724.66	0.491537
3750.31	0.494064
3773.33	0.496562
3796.91	0.499197
3817.12	0.499798
3837.55	0.501769
3857.5	0.503519
3876.41	0.505503
3894.04	0.508244
3912.41	0.511829
3930.62	0.516088
3947.01	0.521633
3960.68	0.526606
3973.95	0.5354
3986.03	0.546341
3996.69	0.559929
4005.88	0.576916
4013.53	0.600578
4020.06	0.612789
4027.15	0.526581
4035.52	0.40236
4042.73	0.358815
4047.65	0.347757
4050.14	0.343479
2538.69	0.295219
2538.44	0.341585
2537.55	0.501223
2614.78	0.502261
2685.98	0.499841
2753.54	0.49778
2814.55	0.495156
2873.19	0.49296
2939.6	0.490704
2997.2	0.488716
3056.55	0.487417
3110.79	0.486084
3168.7	0.485056
3223.3	0.484345
3275.28	0.483888
3326.8	0.483621
3376.43	0.483495
3420.48	0.483638
3462.56	0.484591
3499.8	0.484999
3535.28	0.48666
3570.91	0.488546
3603.37	0.488338
3635.37	0.48983
3665.96	0.491369
3694.75	0.492932
3720.82	0.494634
3742.84	0.496154
3769.35	0.497336
3793.27	0.498589
3815.07	0.49978
3834.71	0.501299
3855.49	0.502856
3874.44	0.505266
3892.17	0.508314
3908.04	0.511696
3927.75	0.515432
3944.82	0.520463
3959.04	0.527539
3972.7	0.535454
3985.02	0.546225
3995.74	0.559814
4004.9	0.576915
4012.53	0.600714
4019.17	0.609987
4026.45	0.520141
4034.96	0.398716
4042.2	0.357785
4047.14	0.347195
4049.64	0.343104
2538.71	0.301247
2538.52	0.358002
2537.8	0.508982
2615.67	0.509416
2685.11	0.506783
2753.28	0.504563
2814.54	0.503189
2879	0.501522
2934.39	0.500028
2993.73	0.499223
3054.67	0.49823
3111.62	0.49721
3167.66	0.496083
3221.5	0.495348
3273.13	0.494995
3323.39	0.494933
3371.74	0.495368
3417.85	0.496404
3464.79	0.497067
3498.09	0.494652
3531.04	0.495607
3567.16	0.497404
3600.79	0.499434
3633.31	0.501513
3664.47	0.503411
3694.52	0.50441
3718.13	0.503168
3742.85	0.50464
3767.7	0.505633
3791.32	0.507186
3813.63	0.508925
3835.09	0.510614
3853.65	0.510921
3872.02	0.512592
3888.49	0.515104
3908.22	0.516753
3925.75	0.519149
3943.68	0.523578
3959.73	0.530473
3970.95	0.536834
3983.79	0.546791
3994.55	0.560391
4003.63	0.577652
4011.16	0.60244
4018.11	0.607357
4025.68	0.513495
4034.36	0.395312
4041.66	0.356858
4046.62	0.346713
4049.13	0.342791
2538.56	0.315982
2538.47	0.389368
2538.88	0.510434
2624.11	0.509471
2684.62	0.508526
2745.29	0.506821
2812.24	0.505243
2876.54	0.503407
2937.86	0.501766
3000.63	0.500339
3055.65	0.499422
3112.18	0.498815
3167.57	0.498362
3220.65	0.497649
3271.02	0.49713
3320.54	0.496784
3367.92	0.496629
3412.97	0.496686
3456.13	0.496877
3494.44	0.497304
3531.57	0.4984
3564.42	0.497651
3597.86	0.498049
3628.9	0.498231
3660.36	0.498661
3689.67	0.499083
3716.25	0.499493
3740.93	0.500907
3766.4	0.502468
3789.91	0.504346
3812.1	0.506301
3832.94	0.508433
3852.18	0.510943
3871.43	0.514119
3889.66	0.518178
3908.38	0.522884
3926.81	0.528535
3942.63	0.530799
3957.88	0.537304
3971.49	0.545679
3982.81	0.554181
3993.2	0.566179
4002.06	0.581323
4009.1	0.605938
4017.02	0.605363
4024.94	0.508444
4033.77	0.392948
4041.12	0.356211
4046.1	0.346391
4048.62	0.34259
2537.95	0.300779
2537.67	0.358827
2536.87	0.505364
2612.69	0.506022
2680.46	0.503101
2745.85	0.500775
2811.62	0.498991
2876.08	0.497259
2938.83	0.495713
3000.37	0.494443
3058.72	0.49338
3115.41	0.492697
3168.59	0.492115
3221.25	0.491809
3268.46	0.491878
3318.49	0.492039
3365.03	0.491896
3408.56	0.491517
3450.87	0.491041
3490.56	0.490177
3526.78	0.489464
3561.82	0.489693
3595.2	0.490795
3627.1	0.49208
3658.07	0.493699
3687.5	0.495382
3714.93	0.497289
3741.96	0.49935
3765.48	0.500087
3788.23	0.501458
3810.34	0.502677
3830.81	0.503881
3849.08	0.505476
3870.22	0.506833
3888.68	0.509357
3907.15	0.512693
3925.29	0.516591
3941.73	0.521271
3957.02	0.527834
3970.61	0.536279
3981.92	0.547626
3992.62	0.56024
4001.87	0.577196
4009.54	0.601251
4016.63	0.603678
4024.41	0.50731
4033.25	0.39214
4040.61	0.355875
4045.6	0.346196
4048.13	0.342462
2537.27	0.288518
2536.85	0.32711
2535.62	0.499457
2608.4	0.501609
2677.81	0.499141
2745.08	0.496971
2811.27	0.495096
2876.23	0.493399
2939.85	0.491871
3002.12	0.490487
3062.23	0.489237
3117.84	0.488088
3171.3	0.487485
3224.3	0.487095
3272.52	0.485263
3318.52	0.484052
3361.61	0.482835
3406.69	0.481505
3448.2	0.481901
3487.57	0.482453
3524.11	0.483322
3559.29	0.484583
3592.41	0.486137
3624.61	0.487801
3655.72	0.489593
3685.71	0.491455
3712.41	0.491905
3739.13	0.492871
3763.87	0.493415
3788.1	0.494514
3810.75	0.49686
3831.86	0.499301
3851.66	0.501862
3871.28	0.504527
3889.38	0.507737
3904.46	0.511885
3923.66	0.516185
3940.16	0.521776
3955.99	0.528622
3970.15	0.537265
3982.88	0.547923
3991.67	0.559104
4001.41	0.575486
4009.31	0.597672
4016.24	0.601284
4023.97	0.505481
4032.8	0.390747
4040.13	0.355125
4045.12	0.345666
4047.65	0.342052
2536.73	0.281292
2536.25	0.312944
2534.96	0.501157
2606.6	0.503887
2676.35	0.501657
2744.4	0.499554
2811.12	0.497589
2876.61	0.495759
2941.04	0.49406
3004.8	0.492494
3068.97	0.491044
3121.15	0.487985
3173.16	0.486627
3223.22	0.485161
3273.62	0.483847
3320.7	0.483308
3366.83	0.483259
3406.83	0.482259
3446.08	0.482232
3485.82	0.481954
3521.18	0.483037
3557.2	0.484565
3588.93	0.484729
3621.57	0.485813
3652.86	0.48658
3680.83	0.487203
3710.23	0.48843
3737.55	0.490363
3763.28	0.492498
3787.86	0.494769
3811.05	0.497105
3832.56	0.49952
3852.77	0.502206
3872.18	0.505226
3889.74	0.50708
3906.49	0.510375
3922.96	0.514533
3937.47	0.520365
3954.85	0.526668
3969.32	0.53463
3981.81	0.544807
3992.4	0.557513
4000.99	0.573116
4008.79	0.594407
4015.76	0.595177
4023.61	0.496923
4032.41	0.385631
4039.65	0.35276
4044.65	0.344052
4047.19	0.340786
2536.37	0.279569
2535.89	0.313184
2534.64	0.506931
2605.84	0.509634
2675.68	0.507302
2744.08	0.505077
2811.15	0.502974
2876.97	0.500996
2941.72	0.499172
3005.82	0.497511
3070.45	0.495998
3122.78	0.494384
3175.48	0.493592
3227	0.49279
3276.63	0.492007
3322.37	0.491295
3366.44	0.491189
3408.22	0.491477
3450.26	0.491882
3486.85	0.492005
3515.99	0.489457
3551.67	0.489417
3586.31	0.490326
3619.05	0.491275
3650.21	0.492352
3679.72	0.493638
3708.42	0.494757
3735.88	0.496118
3762.17	0.497505
3787.38	0.498806
3811.38	0.500025
3832.91	0.499874
3853.03	0.500814
3871.28	0.5022
3890.07	0.504218
3907.46	0.507433
3923.96	0.511458
3939.46	0.516561
3954.81	0.522643
3968.67	0.530638
3980.86	0.54071
3991.3	0.553477
3999.77	0.569762
4007.86	0.587782
4015.22	0.57595
4023.42	0.471225
4032.07	0.373942
4039.08	0.347773
4044.17	0.340772
4046.77	0.338185
2536.2	0.280196
2535.73	0.316477
2534.53	0.509285
2605.63	0.511923
2675.56	0.509631
2744.17	0.507448
2811.43	0.505415
2877.35	0.503539
2941.92	0.501819
3005.07	0.50025
3066.29	0.498857
3122.88	0.497834
3177.76	0.496905
3231.4	0.496234
3282.22	0.495984
3324.4	0.494825
3366.96	0.495053
3407.96	0.495271
3445.13	0.495563
3483.06	0.496596
3517.07	0.497768
3551.43	0.498561
3585.09	0.499459
3617.48	0.50074
3648.54	0.502265
3678.29	0.503958
3706.92	0.505678
3734.44	0.507535
3761.13	0.509439
3787.25	0.511204
3813.93	0.512488
3833.8	0.510263
3853.15	0.511413
3871.82	0.51325
3890.08	0.515318
3907.57	0.517717
3924.17	0.520524
3939.77	0.52395
3954.44	0.527856
3967.85	0.532317
3979.85	0.536968
3990.43	0.539912
3999.9	0.535177
4006.95	0.515868
4015.22	0.459806
4023.7	0.387585
4031.6	0.353932
4038.03	0.340849
4043.7	0.336414
4046.39	0.334613
2536.19	0.281042
2535.73	0.318144
2534.56	0.507113
2605.78	0.509588
2675.87	0.507261
2744.65	0.50502
2812.05	0.502909
2878	0.500937
2942.41	0.499114
3005.06	0.497453
3065.57	0.495976
3123.48	0.494683
3180.02	0.493608
3237.32	0.492716
3281.25	0.489877
3327.23	0.489322
3368.46	0.488269
3408.11	0.48852
3445.52	0.489077
3481.84	0.489921
3516.47	0.490662
3550.52	0.491589
3583.75	0.492518
3615.8	0.493444
3646.75	0.494366
3676.54	0.4953
3705.1	0.496262
3732.39	0.497202
3759.23	0.497955
3785.1	0.498644
3810.06	0.499083
3832.72	0.498474
3852.65	0.499896
3871.51	0.501984
3889.77	0.504485
3907.55	0.507455
3924.42	0.511369
3940.04	0.516429
3954.55	0.522842
3967.83	0.530956
3979.74	0.541023
3990.23	0.552925
3999.39	0.564293
4007.44	0.562372
4014.67	0.529769
4023.45	0.418155
4031.99	0.353224
4038.73	0.337483
4043.64	0.333376
4046.14	0.331946
2536.32	0.281748
2535.86	0.319795
2534.69	0.512744
2606.19	0.51522
2676.53	0.51284
2745.51	0.510568
2813.04	0.508444
2879.08	0.506473
2943.49	0.504659
3005.99	0.503011
3066.17	0.50154
3124.16	0.500253
3180.13	0.499148
3233.32	0.498231
3282.31	0.497964
3333.43	0.497424
3370.11	0.494221
3409.08	0.494045
3445.54	0.493718
3480.83	0.493722
3514.93	0.493953
3548.92	0.494279
3582.03	0.494684
3613.68	0.495208
3644.54	0.495872
3674.4	0.496647
3702.95	0.497553
3729.16	0.498673
3756.65	0.499874
3782.18	0.501485
3806.81	0.503237
3832.67	0.504952
3851.54	0.503637
3870.1	0.504819
3888.21	0.506583
3906.69	0.508635
3924.16	0.511388
3939.64	0.515462
3954.11	0.519857
3967.39	0.527575
3979.29	0.537347
3989.78	0.549319
3998.89	0.561949
4006.83	0.562924
4014.39	0.502751
4023.34	0.410838
4032.01	0.350884
4038.75	0.336262
4043.41	0.332234
4045.78	0.330753
2536.61	0.281875
2536.14	0.318995
2534.95	0.512442
2606.94	0.514913
2677.65	0.512501
2746.85	0.510202
2814.52	0.508053
2880.72	0.506058
2945.39	0.504219
3008.09	0.502542
3067.77	0.50104
3125.64	0.499732
3181.79	0.498593
3232.25	0.49761
3279.94	0.497047
3326.25	0.496619
3368.58	0.496289
3412.6	0.496351
3446.07	0.495168
3480.19	0.495421
3512.14	0.496001
3547.18	0.497085
3581.04	0.498017
3611.28	0.49764
3642.35	0.498582
3672.72	0.499532
3701.8	0.500553
3729.96	0.501633
3754.46	0.501285
3778.61	0.502276
3800.74	0.503437
3826.61	0.50421
3848.27	0.505193
3867.67	0.507175
3884.43	0.509969
3905.63	0.513029
3924.15	0.51601
3941.29	0.518902
3953.05	0.52153
3966.51	0.52553
3978.5	0.528711
3989.07	0.527925
3998.39	0.513794
4007	0.469488
4015.88	0.398365
4023.48	0.360548
4031.78	0.340442
4038.35	0.333926
4042.9	0.331544
4045.19	0.330442
2537.05	0.282187
2536.58	0.318202
2535.36	0.511961
2608.12	0.514451
2679.36	0.512076
2748.76	0.509853
2816.45	0.507796
2882.8	0.505888
2948.1	0.504127
3012.04	0.502565
3069.98	0.501537
3127.6	0.500421
3187.85	0.499242
3232.7	0.49621
3277.66	0.495283
3321.76	0.494624
3364.03	0.494
3405.11	0.493508
3442.74	0.49293
3478.86	0.49297
3514.34	0.493294
3545.2	0.492618
3575.24	0.492286
3609.47	0.491197
3640.06	0.49151
3671.58	0.492351
3700.72	0.493772
3728.1	0.495322
3753.82	0.496733
3778.35	0.498491
3801.8	0.500275
3825.29	0.501979
3847.17	0.503692
3867.4	0.505817
3886.39	0.508502
3905.63	0.511603
3923.89	0.515405
3938.71	0.519135
3952.98	0.525525
3966.46	0.533225
3978.7	0.543498
3989.42	0.556158
3998.67	0.570041
4006.73	0.573168
4014.82	0.508675
4024.11	0.389629
4031.88	0.349811
4038.73	0.336493
4043.46	0.332643
4045.86	0.331171
2537.64	0.283797
2537.2	0.320357
2535.99	0.509161
2609.96	0.51147
2681.99	0.509015
2751.39	0.506647
2818.71	0.504456
2884.83	0.50245
2951.05	0.500633
3020.84	0.498945
3071.35	0.495307
3125.68	0.4941
3179.91	0.492678
3229.94	0.490579
3275.25	0.488829
3318.7	0.487995
3360.06	0.487295
3401.59	0.486724
3440.43	0.486965
3477.24	0.487735
3513.04	0.488819
3543.75	0.489525
3573.32	0.491078
3608.93	0.492098
3641.82	0.493634
3671.19	0.493977
3699.78	0.495016
3726.28	0.496038
3752.76	0.497338
3777.57	0.499322
3801.21	0.501305
3823.97	0.503323
3846.09	0.505534
3866.71	0.508212
3886.41	0.511513
3904.9	0.515004
3923.29	0.519212
3936.62	0.52177
3954.01	0.526841
3965.91	0.531878
3978.69	0.541397
3989.65	0.553876
3999.01	0.569011
4007.01	0.581051
4014.49	0.550809
4022.98	0.435509
4030.84	0.354882
4038.72	0.339191
4043.8	0.334665
4046.31	0.332959
2538.39	0.287464
2537.99	0.32946
2536.88	0.510699
2612.81	0.512632
2686.29	0.51028
2755.1	0.508087
2821.13	0.506247
2885.62	0.504569
2949.14	0.502989
3011.39	0.501607
3067.49	0.500769
3122.49	0.500224
3177.16	0.499791
3233.23	0.499432
3274.41	0.495936
3317.03	0.495598
3359.71	0.495646
3399.25	0.494686
3438.63	0.494827
3475.08	0.49487
3509.38	0.495325
3543.29	0.495254
3576.57	0.495608
3609.49	0.496134
3641.32	0.496908
3671.42	0.497895
3700.04	0.498985
3726.7	0.500261
3751.77	0.500691
3776.33	0.502227
3799.91	0.50358
3821.65	0.505195
3844.88	0.507301
3865.3	0.508925
3884.59	0.511059
3904.02	0.513993
3922.04	0.518743
3939.13	0.524614
3952.76	0.528675
3966.09	0.535273
3978.69	0.543832
3989.68	0.556998
3999.08	0.573619
4007.16	0.591758
4014.44	0.577397
4022.73	0.465023
4031.58	0.367515
4039.04	0.344469
4044.12	0.338097
4046.68	0.335761
2539.23	0.291416
2538.91	0.342307
2538.07	0.511753
2617.15	0.512793
2694.27	0.510116
2760.61	0.506631
2824.06	0.504362
2886.3	0.502584
2947.38	0.501125
3006.93	0.499824
3063.59	0.498623
3118.4	0.497634
3171.74	0.496784
3223.23	0.495996
3269.38	0.495043
3313.78	0.495121
3357.18	0.495436
3397.57	0.495627
3435.24	0.496328
3474.96	0.497072
3511.74	0.497976
3547.05	0.49898
3578.81	0.499347
3610.15	0.500351
3641.98	0.501232
3672.42	0.502147
3701.31	0.503098
3728.22	0.504073
3751.36	0.50505
3775.08	0.506588
3798.46	0.50658
3822.96	0.507615
3843.38	0.508159
3864.08	0.510344
3881.63	0.51355
3902.79	0.517175
3919.92	0.522715
3938.67	0.528944
3954.88	0.536804
3967.52	0.543428
3978.46	0.548183
3989.47	0.561208
3998.77	0.578722
4007.16	0.60111
4014.49	0.598311
4022.65	0.493449
4031.77	0.381484
4039.32	0.350281
4044.45	0.341853
4047.05	0.338698
2540.06	0.290528
2539.76	0.347794
2539.2	0.516664
2622.34	0.517019
2711.96	0.514426
2768	0.510635
2827.16	0.508477
2887.07	0.506641
2945.99	0.504924
3004.18	0.503458
3060.32	0.502212
3114.53	0.501175
3166.87	0.500356
3217.22	0.499799
3264.77	0.499583
3310.16	0.499483
3352.59	0.499611
3396.17	0.499928
3437.49	0.500194
3476.33	0.500166
3514.08	0.500755
3551.71	0.501507
3580.9	0.499671
3608.6	0.501084
3643.22	0.502055
3674.36	0.503609
3704.25	0.505439
3729.95	0.506337
3753.66	0.506379
3776.51	0.507797
3800.97	0.50928
3820.89	0.510894
3844.64	0.51221
3865.83	0.514206
3885.18	0.51694
3903.83	0.520481
3920.85	0.525551
3938.95	0.531242
3954.69	0.539033
3968.72	0.549419
3978.97	0.559484
3989.16	0.567369
3997.55	0.5845
4007.11	0.608076
4014.7	0.610813
4022.78	0.512358
4031.96	0.392743
4039.63	0.355109
4044.84	0.345148
4047.47	0.3413
2540.77	0.277163
2540.26	0.313874
2539.06	0.515744
2619.75	0.517985
2698.84	0.515513
2768.8	0.513271
2827.88	0.510946
2887.95	0.50924
2944.43	0.507441
3003.24	0.505902
3058.73	0.504792
3112.21	0.504014
3163.78	0.503459
3214.22	0.503147
3260.84	0.50315
3307.76	0.503388
3352.4	0.503704
3396.72	0.503967
3442.11	0.504233
3477.94	0.502467
3515.56	0.502958
3553.48	0.503548
3585.05	0.503256
3616.12	0.503495
3646.37	0.50268
3675.97	0.502873
3702.9	0.503527
3729.13	0.50426
3756.26	0.505586
3780.77	0.507381
3804.35	0.509256
3826.27	0.511382
3848.14	0.513639
3868.86	0.51652
3888.29	0.520148
3906.17	0.524661
3923.2	0.530965
3939.74	0.538665
3954.36	0.543729
3968.49	0.552281
3980.75	0.563123
3989.59	0.570688
3999.22	0.585275
4007.8	0.610929
4015.21	0.618022
4023.18	0.523809
4032.33	0.400408
4040.09	0.358441
4045.35	0.347535
4048.01	0.343225
2541.6	0.264332
2540.75	0.292373
2538.87	0.51519
2617.64	0.520229
2693.72	0.517834
2764.34	0.515663
2828.6	0.513718
2890.37	0.511878
2950.48	0.510201
3004.5	0.508471
3057.99	0.507339
3109.41	0.506197
3162.53	0.505293
3212.57	0.504808
3259.69	0.504614
3306.3	0.504568
3351.15	0.504644
3394.77	0.504843
3437.95	0.505135
3475.27	0.50493
3515.08	0.505717
3557.39	0.50621
3588.3	0.505877
3619.41	0.5069
3651.11	0.506564
3679.09	0.505606
3707.45	0.50643
3733.85	0.507874
3759.83	0.509489
3784.36	0.511179
3807.76	0.512998
3830.04	0.514993
3851.13	0.517135
3871.46	0.520383
3891.22	0.524535
3907.61	0.526136
3924.28	0.530239
3937.09	0.534497
3954.66	0.539204
3969.21	0.548003
3981.53	0.55981
3991.55	0.575292
4000.03	0.588687
4008.36	0.614025
4015.84	0.622863
4023.79	0.530798
4032.94	0.405184
4040.74	0.360421
4046.03	0.348953
4048.71	0.344373
2542.91	0.262328
2541.72	0.288633
2539.06	0.513868
2617.17	0.521984
2693	0.519517
2765.25	0.517187
2830.8	0.515226
2893.44	0.513515
2948.66	0.512102
3003.44	0.510927
3059.73	0.509967
3115.07	0.508903
3163.09	0.507943
3212.58	0.507473
3257.75	0.507294
3305.27	0.50768
3349.77	0.507648
3391.84	0.507764
3431.16	0.508204
3468.66	0.509134
3510.59	0.510029
3551.63	0.510722
3588.12	0.51191
3623.17	0.512696
3659.43	0.513851
3686.61	0.508999
3712.4	0.509767
3737.4	0.511577
3763.27	0.51352
3787.46	0.515798
3810.66	0.518446
3833.36	0.521308
3853.21	0.52158
3872.95	0.52381
3890.82	0.526757
3908.19	0.530302
3923.68	0.535025
3940.22	0.539894
3956.09	0.546904
3970.28	0.555824
3982.74	0.566898
3993.79	0.580377
4001.91	0.592961
4008.44	0.615469
4016.59	0.626166
4024.67	0.535248
4033.81	0.407819
4041.61	0.361264
4046.91	0.349488
4049.6	0.344788
2545.35	0.28659
2543.54	0.30343
2539.68	0.509026
2618	0.519221
2694.8	0.516791
2771.83	0.51435
2834.94	0.511882
2890.95	0.509627
2949.69	0.508028
3006.05	0.506715
3061.3	0.505616
3114.64	0.504641
3165.15	0.503685
3214.92	0.502997
3263.37	0.502554
3305.97	0.50194
3349.56	0.502039
3390.36	0.502106
3424.87	0.501637
3456.27	0.501781
3505.55	0.50153
3549.01	0.500456
3587.97	0.50006
3624.26	0.500589
3658.78	0.501361
3689.49	0.502137
3716.42	0.503543
3742.54	0.505631
3767.65	0.507294
3790.58	0.507046
3812.94	0.508141
3833.48	0.509191
3855.24	0.511393
3875.55	0.514638
3893.15	0.515932
3909.69	0.517297
3924.22	0.522534
3942.64	0.528283
3958.48	0.535523
3972.42	0.544727
3984.62	0.556422
3995.31	0.571077
4003.78	0.590165
4011.54	0.61247
4018.16	0.611336
4025.97	0.534028
4035	0.407728
4042.74	0.360948
4048	0.349199
4050.67	0.344545
2549.13	0.328546
2546.34	0.338449
2540.8	0.499334
2619.38	0.510997
2695.29	0.508841
2767.77	0.506746
2833.35	0.504241
2893.55	0.502428
2952.1	0.501138
3008.73	0.500026
3063.69	0.499086
3115.93	0.498441
3166.8	0.497725
3217.36	0.497036
3262.53	0.495717
3308.2	0.495085
3349.77	0.493425
3388.35	0.492821
3428.2	0.492503
3466.65	0.493976
3504.77	0.496051
3549.32	0.497649
3588.9	0.498935
3625.53	0.500272
3660.32	0.501646
3694.57	0.502877
3719.67	0.501287
3744.87	0.502261
3768.49	0.503752
3793.87	0.505819
3814.89	0.506237
3837.51	0.508454
3857.04	0.508242
3875.89	0.509115
3893.87	0.511632
3912.68	0.51539
3929.37	0.520463
3945.83	0.526563
3960.93	0.534232
3974.45	0.54394
3986.15	0.556606
3997.22	0.571207
4006.91	0.589167
4013.77	0.611493
4020.7	0.597942
4027.83	0.499362
4036.51	0.401193
4044.07	0.359548
4049.28	0.348347
4051.94	0.34391
2554.84	0.361942
2550.8	0.369398
2542.89	0.488712
2622.47	0.50091
2698.17	0.499101
2769.63	0.497331
2836.18	0.495672
2896.85	0.494361
2955.43	0.493298
3012.04	0.492416
3067.71	0.491588
3117.49	0.489228
3167.59	0.488091
3215.56	0.487029
3262.92	0.485158
3305.64	0.484268
3351.56	0.483925
3393.83	0.484359
3434.9	0.485075
3474.53	0.486021
3511.64	0.487266
3553.05	0.488294
3591.27	0.489812
3627.09	0.49147
3660.85	0.493313
3692.35	0.495349
3720.22	0.496384
3746.45	0.498233
3771.31	0.500183
3795.14	0.502319
3818.23	0.503027
3837.94	0.503807
3858.78	0.50535
3879.25	0.507641
3897.86	0.510847
3916.05	0.514603
3932.99	0.519139
3948.61	0.524623
3963.15	0.531878
3976.49	0.54102
3986.51	0.551249
3998.78	0.563537
4008.5	0.579279
4015.69	0.604
4022.75	0.596279
4030.32	0.493752
4038.1	0.389642
4045.49	0.358244
4050.67	0.347786
4053.36	0.34355
2563.94	0.378999
2558.31	0.387229
2547.02	0.478974
2628.48	0.492261
2704.24	0.491879
2775.38	0.4915
2843.9	0.490904
2901.25	0.48736
2959.7	0.486412
3015.2	0.485585
3068	0.48438
3118.67	0.481649
3169.17	0.480896
3217.25	0.480219
3265.26	0.480463
3310.66	0.480883
3355.58	0.481509
3399.03	0.482278
3441.57	0.483223
3483.39	0.484372
3522.86	0.486096
3558.32	0.48412
3594.39	0.48521
3629.05	0.486022
3661.98	0.486821
3693.02	0.487938
3721.82	0.490245
3748.51	0.49281
3773.23	0.495122
3795.91	0.49735
3820.42	0.499948
3842.45	0.503071
3863.96	0.506401
3882.78	0.508596
3900.56	0.511593
3918.95	0.515639
3936.16	0.520958
3950.69	0.524501
3964.78	0.530674
3977	0.538874
3989.66	0.550048
4001.06	0.564004
4010.74	0.581416
4018.75	0.609522
4024.79	0.621474
4031.85	0.54052
4040.17	0.407268
4046.84	0.359905
4052.12	0.348437
4054.96	0.343954
2578.13	0.387062
2570.89	0.396767
2556.67	0.469562
2639.17	0.477826
2713.93	0.478119
2782.74	0.478371
2843.67	0.478331
2906.98	0.478715
2967.28	0.478815
3018.17	0.475239
3068.5	0.474514
3122.09	0.474436
3172.79	0.474693
3221.46	0.475116
3268.88	0.475717
3314.77	0.476469
3359.67	0.477396
3403.66	0.478467
3447.44	0.479628
3493.03	0.480614
3524.72	0.476354
3562.33	0.477885
3598.1	0.479731
3632.11	0.481736
3664.59	0.483821
3694.74	0.486187
3723.86	0.488663
3749.47	0.489014
3775.53	0.490671
3799.75	0.493642
3823.45	0.496607
3845.81	0.499594
3866.52	0.50276
3885.97	0.506514
3904.82	0.510792
3921.32	0.512527
3936.63	0.515211
3952.54	0.51982
3966.82	0.52695
3979.95	0.535938
3992.25	0.547042
4003.28	0.560813
4012.76	0.578145
4020.5	0.6057
4026.39	0.635942
4033.32	0.579693
4041.72	0.43378
4049.08	0.364563
4053.59	0.348888
4056.89	0.34379
2599.05	0.390983
2589.9	0.40329
2569.4	0.45815
2656.26	0.4637
2731.34	0.465967
2797.15	0.468099
2859.99	0.469831
2914.63	0.467069
2966.49	0.46653
3022.91	0.466573
3075.48	0.466691
3127.18	0.466897
3177.19	0.467124
3225.6	0.467432
3272.67	0.467846
3318.48	0.468373
3363.22	0.469022
3407.01	0.469784
3449.96	0.470643
3491.78	0.471574
3529.32	0.472444
3566.56	0.47417
3601.9	0.476374
3635.03	0.478866
3667.85	0.481124
3695.83	0.48065
3722.79	0.482031
3751.33	0.484527
3777.96	0.487506
3802.44	0.490982
3826.1	0.494618
3849.11	0.498285
3868.65	0.498638
3888.09	0.500924
3906.04	0.503368
3923.68	0.507538
3939.5	0.512708
3954.2	0.518142
3968.22	0.525799
3981.88	0.534341
3994.27	0.545568
4005.2	0.559911
4014.62	0.578115
4022.41	0.607599
4029.15	0.622284
4035.24	0.568379
4044.07	0.4177
4051.81	0.359535
4056.89	0.345906
4059.66	0.340972
2628.62	0.3929
2619.64	0.408498
2590.7	0.436876
2683.96	0.450537
2756.97	0.454904
2813.55	0.455036
2865.89	0.456429
2923.33	0.458074
2977	0.459023
3030.38	0.459731
3082.18	0.460221
3132.73	0.460626
3181.91	0.460983
3229.75	0.461342
3276.36	0.461742
3321.84	0.462206
3366.27	0.462754
3409.68	0.4634
3452.06	0.464153
3493.22	0.465018
3532.62	0.466077
3571.05	0.467465
3606.26	0.469737
3636.62	0.46923
3665.82	0.470683
3696.85	0.47293
3725.36	0.476009
3753.38	0.479093
3780.8	0.482236
3804.23	0.482771
3827.69	0.485362
3848.55	0.487763
3870.62	0.491093
3890.51	0.494941
3908.86	0.498894
3926.12	0.502979
3942.06	0.507465
3956.81	0.512763
3968.18	0.519307
3983.3	0.528084
3995.94	0.538471
4006.87	0.551178
4016.26	0.566167
4024.18	0.580185
4030.72	0.570929
4037.19	0.454334
4047.36	0.372885
4055.08	0.347633
4060.16	0.339401
4062.75	0.335767
2666.58	0.393847
2668.72	0.411334
2679.37	0.429067
2730.59	0.438958
2780.77	0.438783
2831.54	0.442994
2882.36	0.446186
2934.79	0.448575
2986.76	0.450313
3038.33	0.45168
3088.96	0.452812
3138.44	0.453792
3186.72	0.454618
3233.83	0.455348
3279.83	0.45604
3324.82	0.456725
3368.86	0.457454
3411.89	0.458267
3453.8	0.459196
3494.8	0.46015
3535.25	0.461135
3577.09	0.462031
3605.6	0.458069
3638.29	0.459167
3669.49	0.461318
3698.64	0.464317
3726.65	0.467618
3754.26	0.468077
3780.02	0.469565
3806.17	0.472444
3829.93	0.476419
3851.87	0.480451
3873.01	0.484472
3892.75	0.488376
3911.06	0.492246
3928.19	0.495671
3944.13	0.49878
3958.89	0.501637
3972.31	0.504618
3985.51	0.510404
3997.65	0.515128
4008.51	0.516556
4018.17	0.507311
4027.21	0.47091
4034.73	0.411854
4042.55	0.362582
4051.75	0.344828
4058.79	0.336312
4063.53	0.332132
4065.92	0.329696
2701.72	0.393612
2708.76	0.406346
2726.49	0.415196
2761.43	0.421292
2803.2	0.426292
2848.65	0.430339
2896.32	0.433557
2945.75	0.436133
2995.89	0.438245
3046.13	0.440122
3095.74	0.441955
3144.15	0.443802
3191.43	0.445333
3237.7	0.446595
3282.94	0.447716
3327.36	0.44862
3370.97	0.44943
3413.69	0.450243
3454.88	0.451353
3495.32	0.451997
3534.83	0.452564
3573.2	0.453101
3608.19	0.452913
3639.7	0.453987
3673.46	0.455169
3699.81	0.447852
3723.92	0.446156
3755.54	0.449511
3783.25	0.453511
3808.72	0.458658
3832.25	0.462874
3854.26	0.466319
3875.13	0.469222
3894.79	0.471682
3912.85	0.474938
3929.89	0.475992
3945.88	0.475408
3960.87	0.471907
3975.31	0.462799
3987.54	0.450723
3999.64	0.435967
4010.87	0.417249
4021.12	0.393284
4030.15	0.368663
4039.87	0.35064
4048.35	0.33852
4056.18	0.332171
4062.43	0.328408
4066.73	0.32588
4068.93	0.324035
2729.14	0.391707
2737.59	0.401087
2755.78	0.406656
2784.79	0.410622
2821.26	0.41387
2862.75	0.416498
2907.68	0.418591
2955.05	0.420268
3003.94	0.421689
3053.48	0.423102
3102.6	0.424894
3149.83	0.427502
3195.94	0.429446
3241.32	0.430716
3285.54	0.431865
3329.31	0.432443
3372.57	0.432724
3415.54	0.432594
3455.22	0.431165
3495.21	0.430682
3533.99	0.429714
3571.1	0.427711
3604.63	0.424224
3639.54	0.421016
3672.18	0.419953
3701.62	0.417141
3729.75	0.416975
3759.09	0.418241
3787.08	0.419906
3811.61	0.425444
3834.53	0.428143
3856.26	0.428673
3876.99	0.427336
3897.02	0.423669
3914.33	0.417928
3931.45	0.413173
3947.58	0.407783
3962.66	0.40006
3976.07	0.389567
3990.27	0.380567
4002.99	0.369966
4014.64	0.358879
4025.32	0.348516
4035.08	0.339634
4044.32	0.333212
4052.58	0.32861
4059.77	0.325421
4065.48	0.322977
4069.45	0.320926
4071.48	0.319186
2747.5	0.389704
2756.11	0.397182
2773.72	0.399943
2800.1	0.401675
2833.65	0.402762
2872.68	0.403375
2915.8	0.403614
2961.96	0.403576
3010.35	0.403365
3060.24	0.403147
3110.28	0.403313
3155.49	0.405427
3200.01	0.407543
3244.88	0.408472
3287.32	0.404339
3330.49	0.402168
3373.11	0.39949
3414.31	0.39682
3455.76	0.39402
3495.7	0.393257
3534.2	0.39241
3571.07	0.391452
3606.01	0.390277
3640.09	0.389468
3672.57	0.388508
3703.21	0.387488
3732.81	0.386784
3762.42	0.386356
3792.73	0.385456
3814.61	0.383229
3836.57	0.381465
3857.89	0.37942
3878.26	0.37619
3896.54	0.370901
3915.87	0.366411
3933.48	0.363534
3949.85	0.360146
3965.11	0.356253
3979.32	0.351884
3993.03	0.347436
4005.78	0.342652
4017.55	0.337883
4028.38	0.333469
4038.3	0.329624
4047.37	0.326416
4055.41	0.323685
4062.25	0.321287
4067.66	0.319066
4071.41	0.316946
4073.34	0.315029
2756.64	0.38813
2765.19	0.394446
2782.35	0.395959
2807.64	0.396192
2839.92	0.395964
2877.8	0.395473
2920.07	0.394808
2965.76	0.394018
3014.31	0.393137
3065.78	0.392182
3121.6	0.391145
3160.68	0.381586
3202.6	0.377542
3243.03	0.372177
3287.69	0.369414
3331.18	0.36855
3373.76	0.36773
3415.36	0.366918
3456.32	0.366133
3496.11	0.365374
3534.51	0.364615
3571.37	0.363854
3606.64	0.363084
3640.6	0.362305
3673.11	0.36149
3704.15	0.360633
3734.1	0.359732
3763.25	0.358768
3791.11	0.357716
3815.2	0.354491
3837.68	0.353212
3859.04	0.351859
3879.32	0.350345
3898.4	0.34867
3917.07	0.346938
3934.66	0.345064
3951.11	0.342988
3966.5	0.340723
3980.91	0.338302
3994.54	0.335794
4007.29	0.333223
4019.1	0.330644
4029.97	0.328106
4039.91	0.325643
4048.9	0.323257
4056.83	0.320915
4063.53	0.31858
4068.8	0.316229
4072.45	0.313906
4074.32	0.311888
3796.94	0.385632
3814.67	0.385423
3836.51	0.38572
3857.8	0.387109
3878.27	0.390026
3892.46	0.393857
3898.59	0.411882
3914.16	0.411546
3931.37	0.408818
3947.5	0.406496
3962.61	0.405406
3973.9	0.406491
3977.55	0.426762
3987.45	0.424446
3999.62	0.411874
4010.84	0.397658
4021.04	0.385177
4028.82	0.376807
4030.09	0.393581
4034.59	0.390293
4037.53	0.36758
2635.46	0.50653
2685.02	0.505598
2734.12	0.504095
2757.77	0.501224
2814.32	0.500059
2879.42	0.497915
2922.36	0.495903
2943.55	0.492322
2996.99	0.491366
3057.03	0.490118
3098.09	0.488977
3120.28	0.48907
3171.42	0.488252
3226.76	0.487312
3263.32	0.486348
3284.61	0.486353
3332.14	0.48579
3381.77	0.485724
3411.3	0.485363
3430.08	0.487057
3470.06	0.486594
3509.42	0.486386
3530.23	0.486225
3541.04	0.486901
3506.79	0.506962
3524.07	0.506598
3557.61	0.506693
3592.18	0.5065
3621.29	0.507351
3652.62	0.507255
3680.25	0.507283
3707.31	0.506953
3726.15	0.506657
3735.58	0.507196
3757.92	0.507468
3781.46	0.508686
3803.82	0.509316
3822.18	0.510583
3840.84	0.511201
3860.57	0.512255
3879.03	0.513366
3895.16	0.514479
3897.54	0.517601
3817	0.518515
3834	0.519135
3853.08	0.520079
3871.75	0.521258
3889.97	0.522476
3907.45	0.523799
3924.05	0.525085
3939.67	0.526136
3954.33	0.52652
3967.75	0.525587
3979.78	0.52192
3990.41	0.513039
3999.84	0.49569
4007.14	0.456887
4015.36	0.407755
4023.71	0.371825
4031.4	0.350385
4034.32	0.342332
3870.66	0.47499
3884.18	0.47852
3889.69	0.494875
3899.49	0.495792
3915.01	0.498489
3929.74	0.502316
3943.08	0.507344
3947.71	0.522624
3954.56	0.523698
3968.03	0.525239
3980.88	0.526149
3993.18	0.525567
3996.8	0.544852
4001.95	0.546237
4011.48	0.540914
4019.89	0.521322
4027.88	0.479233
4031.34	0.412626
4034.94	0.404021
4043.17	0.374154
4050.25	0.353999
4054.55	0.347112
3528.17	0.490307
3543.8	0.490102
3555.17	0.491235
3578.1	0.49093
3611.61	0.491973
3642.89	0.493143
3673.32	0.494093
3692.31	0.494488
3702.62	0.497259
3727.95	0.497541
3754.86	0.498322
3775.36	0.500487
3794.51	0.501498
3801.53	0.505776
3816.85	0.505917
3837.48	0.507357
3857.41	0.50862
3876.28	0.509862
3886.35	0.510659
3892.63	0.511407
3901.28	0.511867
2753.6	0.514977
2768.81	0.514254
2789	0.51407
2827.59	0.513296
2888.07	0.512244
2941.46	0.511028
2963.33	0.511336
3003.69	0.510549
3058.19	0.509685
3105.81	0.508578
3124.72	0.508624
3162.52	0.507884
3212.68	0.506576
3253.88	0.505212
3270.46	0.502868
3305.46	0.502157
3349.7	0.501025
3385.19	0.499789
3395.44	0.495296
3427.75	0.494686
3466.84	0.49422
3497.52	0.493296
3504.25	0.487828
3315.14	0.505502
3349.55	0.505095
3394.63	0.504653
3439.4	0.504121
3482.56	0.5038
3521.6	0.504015
3557.81	0.504461
3591.6	0.505025
3626.14	0.5051
3653.63	0.506335
3681.13	0.507177
3708.4	0.508057
3734.32	0.509147
3759.47	0.509875
3783.37	0.51047
3801.45	0.510483
3808.42	0.512004
3825.15	0.511975
3843.03	0.512249
3855.06	0.512074
3542.36	0.481684
3570.92	0.482133
3603.51	0.483308
3635.62	0.484907
3666.74	0.486909
3696.73	0.489093
3720.43	0.490624
3729.57	0.503547
3750.19	0.503924
3775.91	0.505631
3800.03	0.507051
3822.73	0.508608
3844.09	0.510361
3863.99	0.51231
3880.97	0.514819
3897.15	0.517615
3912.8	0.520343
3924.99	0.522178
3929.21	0.530744
3939.87	0.531677
3952.65	0.533788
3960.87	0.534845
3390.48	0.490536
3423.52	0.490606
3463.42	0.491192
3501.51	0.492057
3537.88	0.492872
3559.43	0.493193
3572.36	0.4976
3603.17	0.497834
3635.21	0.498455
3665.78	0.499183
3694.5	0.500187
3720.51	0.501676
3742.99	0.503824
3769.13	0.504896
3793.04	0.506397
3815.02	0.507899
3832.02	0.508757
3838.31	0.514233
3853.32	0.514413
3871.88	0.514999
3884.46	0.515291
3507.47	0.454581
3531.75	0.453036
3542.34	0.43509
3571.12	0.434031
3604.57	0.433039
3637.01	0.432042
3668.36	0.430924
3698.44	0.429464
3727.14	0.427389
3754.84	0.424572
3781.02	0.420353
3797.94	0.416572
3807.07	0.398164
3827.43	0.396681
3848.57	0.395987
3868.63	0.394953
3886.57	0.393131
3903.24	0.391861
3918.47	0.390643
3930.97	0.389658
2932.28	0.510096
2974.92	0.509487
3031.06	0.508665
3087.35	0.507694
3142.81	0.506805
3197.02	0.506037
3249.69	0.505388
3300.52	0.50488
3349.23	0.504531
3395.85	0.504307
3440.32	0.504206
3482.33	0.504258
3520.53	0.504655
3559.23	0.504514
3596.79	0.504272
3631.38	0.504072
3660.54	0.503918
3686.05	0.503818
3696.58	0.504249
3772.39	0.395444
3781.43	0.396374
3787.48	0.435134
3805.39	0.438375
3813.87	0.469976
3826.25	0.471187
3841.85	0.475818
3847.88	0.492601
3863.23	0.494425
3867.9	0.511891
3880.87	0.512856
3889.54	0.517595
3896.13	0.520138
3907.57	0.521919
3911.11	0.525536
3923.53	0.526185
3928.33	0.531553
3937.91	0.532068
3947.35	0.536788
3952.17	0.542448
3962.3	0.545551
3964.82	0.555759
3973.75	0.557956
3979.57	0.565186
3986.22	0.565593
3994.02	0.57088
3995.83	0.570662
3652.43	0.506991
3661.75	0.506712
3686.95	0.507226
3713.26	0.507713
3738.13	0.507773
3747.54	0.509301
3763.75	0.509154
3787.11	0.510882
3810.03	0.512523
3830.04	0.514901
3837.79	0.52005
3849.42	0.520173
3867.63	0.522613
3885.4	0.524829
3901.94	0.526949
3908.22	0.5307
3915.82	0.530847
3932.91	0.536036
3948.04	0.541464
3961.56	0.547518
3967.59	0.552677
3973.15	0.55345
3982.31	0.556118
2583.82	0.490659
2596.97	0.491359
2639.19	0.490589
2713.55	0.489747
2782.68	0.489489
2834.75	0.488721
2853.12	0.496073
2900.73	0.495441
2959.5	0.495326
3015.48	0.495036
3050.1	0.494536
3069.8	0.498257
3117.32	0.497828
3167.58	0.49771
3213.73	0.497484
3232.67	0.500445
3262.01	0.499866
3307.9	0.499567
3349.91	0.499303
3382.49	0.498973
3394.39	0.503131
3424.41	0.502742
3451.25	0.5022
3502.86	0.487671
3517.15	0.487678
3527.01	0.496285
3558.14	0.496525
3594.25	0.497721
3628.87	0.499358
3661.69	0.501249
3677.21	0.503231
3692.12	0.503285
3720.04	0.504179
3746.33	0.505474
3771.33	0.506827
3792.46	0.507464
3799.08	0.511985
3814.73	0.51211
3837.27	0.513033
3856.97	0.514367
3875.98	0.515856
3889.17	0.516845
3894.63	0.520818
3909.49	0.52135
3919.7	0.522653
3761.12	0.501446
3765.81	0.502843
3780.78	0.502962
3799.08	0.505355
3806.55	0.511108
3822.2	0.511516
3838.66	0.51326
3844.78	0.519621
3860.7	0.520578
3876.01	0.522776
3884.22	0.52801
3901.54	0.529844
3914.13	0.532712
3919.81	0.536541
3934.63	0.540265
3942	0.547504
3949.97	0.54776
3962.73	0.553614
3967.61	0.561752
3975.98	0.562654
3987.16	0.570275
3991.52	0.581134
3999.92	0.58294
4008.14	0.591462
4011.3	0.597028
4016.31	0.599078
3031.66	0.501436
3071.37	0.500845
3125.67	0.500096
3179.59	0.499218
3229.53	0.498883
3275.03	0.49913
3318.53	0.499293
3358.68	0.499388
3375.7	0.502177
3398.84	0.501721
3438.29	0.501846
3474.86	0.501974
3509.33	0.502293
3543.24	0.502465
3576.53	0.502826
3609.39	0.503219
3641.16	0.503739
3671.26	0.504334
3699.9	0.504772
3725.26	0.504986
3735.17	0.506714
3750.19	0.506489
3760.69	0.506905
3266.42	0.496736
3279.35	0.496223
3292.06	0.498359
3324.01	0.497846
3366.87	0.497356
3408.3	0.496551
3435.24	0.495758
3451.45	0.495023
3486.8	0.494546
3516.65	0.492858
3550.26	0.492549
3564.85	0.492911
3588.35	0.492535
3621.45	0.494008
3653.05	0.49506
3675.86	0.495576
3687.29	0.499078
3712.11	0.499271
3739	0.500878
3763.39	0.502508
3774.3	0.504879
3787.89	0.504672
3810.19	0.505174
3830.6	0.505517
3843.38	0.505703
3449.77	0.509088
3452.75	0.509049
3478.13	0.508733
3515.57	0.508455
3552.99	0.508051
3584.97	0.508444
3616.05	0.508633
3646.29	0.508852
3675.75	0.509226
3703.19	0.509844
3723.47	0.509966
3732.14	0.513472
3753.3	0.513723
3776.58	0.515048
3800.64	0.515776
3821.11	0.517869
3844.45	0.519005
3865.65	0.52079
3885.06	0.522469
3903.51	0.523461
3912.82	0.524065
3915.14	0.522984
3582.51	0.469054
3603.71	0.469306
3614.36	0.478713
3636.53	0.478733
3662.03	0.480529
3671.05	0.489165
3695.75	0.489525
3715.09	0.491369
3724.8	0.496675
3749.05	0.497648
3760.33	0.501435
3773.22	0.501278
3794.39	0.502539
3801.06	0.507454
3818.02	0.507512
3834.63	0.509105
3839.76	0.515195
3856.96	0.515904
3869.43	0.518483
3876.1	0.523679
3892.62	0.525756
3899.04	0.533854
3908.21	0.534149
3922.6	0.53532
3927.46	0.534489
3934.46	0.534584
3924.81	0.524242
3926.26	0.527508
3935.93	0.528507
3941.37	0.536037
3951.93	0.537179
3957.05	0.549226
3966.7	0.550611
3970.68	0.563956
3978.44	0.565727
3982.3	0.575301
3989.2	0.576689
3993.18	0.584323
3999.69	0.585238
4003.2	0.580333
4008.36	0.578914
4012.76	0.54811
4018.28	0.540557
4022.41	0.468417
4027.85	0.451026
4032.19	0.391824
4037.94	0.381925
4041.75	0.363874
4046.66	0.35788
4049.55	0.351595
4050.22	0.350118
3675.27	0.468155
3700.03	0.471254
3715.12	0.475046
3727.11	0.479468
3754.19	0.480878
3778.44	0.483512
3787.21	0.492798
3803.94	0.493055
3827.68	0.496217
3844.83	0.498486
3851.26	0.507659
3868.44	0.508588
3887.97	0.512463
3898.32	0.515759
3905.19	0.519976
3921.23	0.521935
3935.73	0.525721
3940.81	0.534269
3950.5	0.534981
3964.7	0.539705
3974.69	0.543589
3977.73	0.549683
3985.56	0.551229
3473.94	0.500929
3498.25	0.500663
3527.27	0.500577
3538.17	0.503251
3563.99	0.502977
3597.64	0.503196
3628.9	0.503382
3660.19	0.503434
3689.43	0.503809
3716.19	0.504313
3739.29	0.504447
3748.34	0.505824
3764.98	0.505688
3788.11	0.506815
3810.19	0.507543
3830.65	0.50862
3849.27	0.509983
3869.99	0.510623
3887.85	0.511328
3894.6	0.512066
3901.45	0.511993
3491.03	0.502889
3521	0.503051
3538.91	0.503773
3557.42	0.503291
3593.17	0.503073
3611.08	0.503236
3626.61	0.502912
3653.94	0.502841
3671.75	0.503273
3684.58	0.504109
3711.08	0.504903
3729.02	0.505887
3740.45	0.507908
3764.32	0.508434
3782.05	0.509348
3792.45	0.511546
3813.81	0.512016
3829.7	0.513311
3838.18	0.516701
3856.59	0.51717
3871.16	0.518068
3878.6	0.519912
3893.69	0.520286
3905.79	0.520922
3908.41	0.51951
3607.77	0.504896
3629.73	0.504851
3658.35	0.505653
3685.86	0.506924
3709.68	0.507705
3719.34	0.511189
3739.18	0.511112
3766.56	0.512427
3791.76	0.513972
3813.7	0.516086
3824.63	0.517623
3837.05	0.517419
3856.43	0.519082
3873.78	0.521146
3892.27	0.522981
3903.47	0.524407
3909.92	0.52746
3924	0.528386
3938.09	0.531153
3952	0.534207
3962.11	0.536433
3966.04	0.539652
3975.52	0.540269
3939.85	0.518074
3942.54	0.522973
3948.92	0.52444
3952.73	0.527499
3955.22	0.534092
3961.59	0.536177
3965.8	0.539792
3968.49	0.553767
3974.37	0.557118
3978.64	0.562872
3981.43	0.573487
3986.66	0.57697
3991.2	0.579256
3994.35	0.589597
3999.15	0.592696
4003.48	0.592772
4007.29	0.597601
4011.47	0.60147
4015.43	0.600346
4019.13	0.595103
4022.81	0.588647
4026.35	0.586315
4029.91	0.522525
4034.42	0.462159
4035.61	0.456369
3325.74	0.449009
3335.74	0.453939
3358.19	0.453688
3369.8	0.473714
3394.38	0.473741
3406.81	0.481996
3422.37	0.482565
3442.13	0.48209
3452.62	0.487
3475.23	0.486956
3486.3	0.49748
3502.17	0.499124
3519.35	0.498706
3530.73	0.498391
3552.11	0.498059
3562.15	0.497801
3577.15	0.498857
3590.66	0.499438
3598.3	0.49996
3617.35	0.499558
3626.06	0.492675
3636.99	0.490009
3644.25	0.486077
3560.61	0.507924
3588.51	0.507749
3614.66	0.50737
3621.89	0.507029
3646.08	0.506745
3676.05	0.507196
3697.87	0.507291
3706.73	0.509557
3729.6	0.509531
3753.74	0.510208
3769.46	0.510489
3776.69	0.511964
3798.44	0.512293
3823.09	0.513158
3835.73	0.513954
3845.15	0.51493
3865.19	0.515958
3884.44	0.518111
3893.75	0.51971
3904.65	0.51957
3922.96	0.520882
3935.04	0.521466
3936.47	0.519897
3936.49	0.520106
3492.54	0.498015
3516.08	0.498053
3551.58	0.49861
3586.15	0.499332
3618.9	0.500361
3650.05	0.50147
3679.62	0.502674
3708.29	0.503683
3735.74	0.504779
3762.03	0.50583
3787.2	0.506802
3811.07	0.507798
3832.71	0.509167
3853.09	0.510612
3865.13	0.511574
3872.74	0.514749
3889.52	0.515839
3906.4	0.517665
3922.67	0.51901
3935.4	0.520465
3934.88	0.520334
3936.14	0.521597
3944.07	0.52226
3947.43	0.526855
3953.16	0.530082
3958.63	0.530403
3961.81	0.538551
3968.94	0.539875
3971.84	0.548437
3976.79	0.550288
3981.57	0.550132
3984.42	0.557205
3990.11	0.558906
3992.62	0.55858
3996.14	0.5594
3999.54	0.558787
4001.35	0.518569
4005.86	0.512083
4007.82	0.517979
4011.16	0.473358
4014.34	0.465485
4017.24	0.377369
4022.18	0.365703
4024.43	0.375629
4028.19	0.357668
4030.29	0.355251
3801.07	0.516146
3818.15	0.516759
3837.52	0.518173
3856.81	0.519542
3870.7	0.520418
3878.48	0.522746
3893.58	0.523442
3909.4	0.525272
3924.25	0.526557
3936.8	0.527621
3941.99	0.530212
3952.42	0.530493
3964.67	0.530403
3977.07	0.528166
3989.93	0.523399
3994.41	0.503004
4002.8	0.49786
4013.42	0.471858
4022.84	0.430753
4032.29	0.379107
4039.41	0.350172
4044.82	0.338174
4049.97	0.332994
3239.34	0.50382
3274.61	0.503586
3317.04	0.503409
3359.48	0.503238
3399.21	0.503611
3438.43	0.503808
3474.9	0.504545
3509.94	0.504983
3531.59	0.505054
3547.34	0.50673
3578.61	0.506777
3610.17	0.507116
3641.87	0.507224
3672.29	0.507612
3701.13	0.508124
3727.91	0.508742
3751.42	0.509636
3775.41	0.509828
3795.34	0.509651
3803.32	0.511191
3816.27	0.511109
3343.64	0.501215
3370.04	0.50088
3408.88	0.501023
3445.43	0.501374
3480.72	0.501731
3514.91	0.502146
3548.83	0.502387
3581.87	0.502718
3613.57	0.503165
3644.41	0.503482
3674.24	0.503776
3702.88	0.504047
3726.63	0.504114
3735.51	0.507064
3753.91	0.506974
3778.36	0.507826
3801.07	0.508361
3826.19	0.508429
3848	0.509079
3867.48	0.509745
3880.44	0.510161
3126.45	0.402163
3160.74	0.403454
3202.98	0.407314
3229.64	0.410661
3246.56	0.424799
3287.21	0.425407
3330.41	0.426865
3373.03	0.429293
3413.31	0.432028
3431.18	0.440336
3454.84	0.43998
3495.08	0.440502
3533.85	0.441031
3571.08	0.44212
3601.86	0.44306
3614.33	0.452513
3639.31	0.452244
3672.96	0.450964
3699.56	0.447427
3720.83	0.446476
3697.77	0.507817
3697.89	0.508029
3719.77	0.508416
3744.96	0.509527
3761.78	0.510365
3769.27	0.514845
3790.41	0.51548
3812.98	0.517804
3829.32	0.519482
3835.55	0.528238
3853.03	0.528911
3872.94	0.531155
3888.28	0.532641
3893.68	0.537764
3907.4	0.538728
3924.09	0.543671
3936.41	0.549826
3942.29	0.55619
3954.04	0.557132
3968.34	0.563936
3979.77	0.569693
3982.6	0.577407
3989.01	0.578536
3994.8	0.584268
3669.19	0.523698
3686.76	0.523792
3712.31	0.5252
3737.44	0.526634
3763.05	0.527825
3787.3	0.529873
3810.54	0.531917
3833.03	0.533891
3853.11	0.537098
3872.73	0.540006
3890.7	0.54457
3907.97	0.549072
3923.66	0.555504
3940.09	0.560395
3955.87	0.566437
3970.06	0.574184
3982.55	0.582594
3993.54	0.590344
4001.84	0.597632
4007.15	0.600267
2743.23	0.466836
2746.38	0.467588
2759.47	0.467495
2813.73	0.467909
2849.59	0.468163
2864.25	0.477652
2914.7	0.477413
2959.62	0.477322
2975.02	0.485948
3017.88	0.485533
3066.08	0.486238
3083.96	0.491874
3118.23	0.491329
3169.02	0.492269
3194.74	0.492825
3216.09	0.493886
3263.06	0.493683
3295.91	0.493694
3310.86	0.499033
3349.66	0.498699
3384.44	0.49865
3395.74	0.503019
3424.33	0.502637
3452.37	0.502187
3627.84	0.505458
3650.8	0.506668
3668.73	0.507689
3680.82	0.511001
3706.72	0.511476
3732.22	0.513078
3758.15	0.514265
3771.65	0.515097
3783.21	0.515688
3804.85	0.517288
3827.16	0.519096
3847.31	0.521818
3856.57	0.524598
3867.37	0.524541
3885.39	0.527514
3902.56	0.530789
3918.79	0.533553
3925.7	0.538102
3935.72	0.538421
3950	0.542528
3962.97	0.545542
3971.78	0.547011
2723.36	0.514531
2767.89	0.513798
2827.24	0.512758
2887.03	0.511567
2945.96	0.510439
3004.04	0.509385
3060.18	0.508516
3114.38	0.507755
3166.7	0.507088
3216.97	0.506527
3264.56	0.506139
3309.92	0.50576
3352.67	0.505509
3395.95	0.504903
3437.23	0.50439
3476.2	0.503871
3513.97	0.503237
3550.73	0.502468
3580.42	0.501739
3602.24	0.501456
2815.22	0.513706
2836.34	0.512855
2889.22	0.512049
2910.92	0.511822
2948.26	0.511028
3002.4	0.509503
3025.54	0.50783
3057.58	0.507053
3109.48	0.505755
3135.85	0.504639
3163.51	0.503877
3214.38	0.502818
3242.46	0.501708
3264.98	0.500648
3310.39	0.499803
3339.21	0.498823
3357.85	0.49768
3397.69	0.497091
3425.34	0.496381
3439.97	0.495535
3475.15	0.494878
3502.2	0.493988
3514.62	0.492236
3543.59	0.491944
3566.21	0.491894
3569.83	0.492342
3693.76	0.511999
3696.7	0.511734
3718.44	0.512561
3742.87	0.513467
3767.58	0.514415
3791.19	0.516022
3813.53	0.51804
3834.85	0.520258
3853.58	0.523767
3871.84	0.52711
3888.76	0.531517
3908.26	0.53418
3922.05	0.536408
3928.11	0.547943
3942.29	0.550006
3957.62	0.556113
3971.23	0.563161
3982.65	0.572539
3993.01	0.58196
4001.84	0.592319
4008.51	0.605376
3841.6	0.509736
3851.64	0.509727
3870.06	0.511042
3888.22	0.512264
3906.59	0.513087
3924.17	0.51372
3937.17	0.513742
3942.44	0.512124
3953.01	0.510759
3966.4	0.507487
3978.44	0.499833
3989.09	0.484881
3998.48	0.457781
4007.14	0.415084
4015.88	0.37814
4023.54	0.349722
4031.64	0.337541
4038.15	0.333128
4042.66	0.331364
4044.2	0.330621
3416.2	0.498546
3446.3	0.498367
3480.4	0.498072
3507.66	0.497613
3518.37	0.497962
3544.77	0.497685
3575.5	0.498381
3609.58	0.498619
3630.49	0.498811
3642.84	0.501259
3670.98	0.501528
3699.66	0.502804
3725.4	0.504028
3736.07	0.50683
3751.46	0.506648
3776.24	0.507711
3799.95	0.508664
3818.91	0.509189
3825.73	0.512037
3843.06	0.512055
3863.89	0.513018
3878.82	0.513729
3555.16	0.50726
3564.86	0.50785
3585.07	0.507505
3614.21	0.50767
3625.05	0.509662
3650.95	0.509337
3675.67	0.509404
3687.74	0.510636
3712.44	0.510251
3730.99	0.509782
3742.92	0.50867
3767.42	0.508663
3779.47	0.508466
3793.63	0.508129
3814.05	0.5086
3822.35	0.509389
3837.94	0.509348
3856.9	0.510521
3865.39	0.513047
3882.74	0.513401
3897.2	0.514659
3905.17	0.51571
3921.3	0.516401
3931.06	0.517436
3939.45	0.517472
3953.85	0.519018
3960.21	0.519306
3964.56	0.519388
3755.79	0.496006
3758.04	0.496063
3771.94	0.496168
3780.6	0.498849
3791.74	0.500697
3800.57	0.503502
3809.6	0.508088
3821.23	0.508094
3828.24	0.512655
3840.94	0.512818
3848.37	0.514062
3859.14	0.514716
3867.69	0.515345
3876.21	0.515287
3886.5	0.515179
3893.33	0.516992
3903.64	0.517345
3909.29	0.520019
3918.47	0.520832
3924.33	0.521226
3931.5	0.520501
3939.63	0.520212
3945.15	0.510766
3953.2	0.509541
3955.98	0.49032
3630.76	0.505183
3647.79	0.505486
3656	0.510131
3680.05	0.51033
3706.79	0.510936
3732.23	0.511648
3758.01	0.512195
3782.01	0.513332
3805.34	0.514387
3825.62	0.516141
3843.28	0.518293
3860.65	0.519791
3879.78	0.521145
3898.6	0.522791
3911.84	0.524167
3917.46	0.530359
3931.65	0.531526
3946.94	0.535454
3960.43	0.539238
3968.67	0.542281
2675.09	0.500907
2692.25	0.499955
2731.84	0.499539
2755.75	0.50068
2814.82	0.499814
2864.27	0.498834
2883.98	0.501712
2934.48	0.500896
2990.3	0.499525
3012.2	0.498216
3055.09	0.497312
3111.76	0.495311
3138.23	0.493448
3168.24	0.492629
3221.47	0.491494
3255.35	0.490258
3274.18	0.488414
3318.58	0.487766
3355.92	0.48708
3370.97	0.488935
3406.58	0.488546
3444.04	0.488961
3458.7	0.49176
3486.18	0.491251
3510.9	0.489871
3083.91	0.496635
3090.29	0.496397
3121.22	0.495823
3173.15	0.495406
3221.82	0.495068
3242.35	0.497247
3271.88	0.496651
3318.33	0.498138
3361.6	0.499623
3383.65	0.500333
3408.07	0.499716
3450.68	0.500428
3490.7	0.501277
3512.49	0.501655
3531.19	0.502335
3564.4	0.502431
3598.16	0.502412
3619.13	0.502252
3633.79	0.502687
3664.29	0.502221
3694.43	0.501001
3711.73	0.499329
3721.7	0.497125
3740.03	0.496976
3191.55	0.502029
3232.93	0.501758
3277.62	0.501285
3321.61	0.500834
3363.9	0.500575
3404.79	0.500364
3442.57	0.500564
3478.75	0.50069
3513.96	0.500693
3545.54	0.501212
3573.05	0.501229
3585.85	0.503907
3610.6	0.503656
3642.19	0.504214
3672.56	0.504172
3701.67	0.504107
3729.62	0.503952
3754.39	0.503876
3778.37	0.503789
3798.68	0.503688
