2781.13	0.159552
2791.84	0.158778
2813.23	0.157342
2844.91	0.155361
2885.69	0.152954
2933.97	0.150217
2988.18	0.147234
3046.94	0.144072
3109.22	0.140791
3174.21	0.137438
3241.34	0.134053
3310.17	0.130666
3380.29	0.127302
3451.19	0.123984
3522.04	0.12074
3591.69	0.117606
3661.34	0.114609
3731.34	0.111753
3801.42	0.109092
3871.11	0.106747
3940.12	0.104908
4008.69	0.10401
4076.85	0.104898
4144.43	0.109438
4211.6	0.12086
4278.87	0.141645
4346.26	0.164616
4404.79	0.162841
4460.63	0.156595
4513.96	0.155906
4564.98	0.160301
4614.16	0.165861
4661.49	0.171409
4707.68	0.180686
4752.71	0.196231
4794.01	0.222047
4840.94	0.263369
4891.38	0.29611
4937.41	0.312515
4979.96	0.320007
5019.87	0.32264
5057.31	0.321424
5092.26	0.316663
5124.7	0.308688
5154.21	0.297888
5178.01	0.280937
5195.09	0.249167
5206.9	0.209588
5215.47	0.18205
5219.83	0.162272
2770.63	0.160134
2781.36	0.159363
2803.17	0.157908
2836.04	0.15587
2878.44	0.153383
2928.34	0.150564
2983.93	0.147504
3043.81	0.144277
3106.92	0.140942
3172.56	0.137547
3240.2	0.134127
3309.51	0.13071
3380.22	0.127316
3452.03	0.123966
3524.13	0.120695
3592.66	0.117595
3662.06	0.114695
3732.42	0.112087
3803.07	0.110095
3873.14	0.10928
3941.94	0.109818
4010.38	0.112575
4078.48	0.118699
4145.37	0.13141
4211.15	0.155635
4277.35	0.197645
4356.11	0.263251
4406.46	0.227595
4461.79	0.212735
4514.81	0.211324
4565.24	0.217745
4614.44	0.228526
4660.97	0.239212
4707.14	0.264742
4756.15	0.305029
4800.32	0.344144
4847.22	0.380605
4894.43	0.401079
4939.42	0.416394
4981.92	0.428927
5022.02	0.438688
5059.68	0.444789
5094.82	0.44577
5127.19	0.439371
5156.22	0.422984
5180.67	0.394442
5199.72	0.351503
5212.78	0.287354
5219.43	0.203371
5223.7	0.181149
2749.6	0.161222
2760	0.160484
2782.24	0.159024
2817.86	0.156868
2863.92	0.154218
2917.29	0.151232
2975.73	0.148022
3037.79	0.144668
3102.54	0.141232
3169.38	0.137756
3237.95	0.134273
3308.08	0.130803
3379.76	0.127357
3453.39	0.123939
3530.68	0.12055
3593.72	0.117668
3662.85	0.115123
3734.34	0.113647
3806.43	0.115258
3877.44	0.123477
3944.88	0.133972
4012.83	0.147286
4081.16	0.16436
4146.2	0.192378
4208.22	0.23624
4284.08	0.303276
4353.41	0.338187
4415.26	0.358873
4468.15	0.351183
4520.16	0.353507
4571.98	0.36918
4623.1	0.385007
4669.7	0.388656
4715.01	0.405307
4759.05	0.425945
4799.58	0.446691
4850.79	0.459855
4897.73	0.476569
4942.46	0.494652
4985.2	0.512372
5025.85	0.529009
5064.18	0.543528
5100.12	0.554406
5133.35	0.558791
5163.2	0.553892
5188.6	0.534565
5208.32	0.488116
5222.23	0.397705
5228.72	0.272069
5231.61	0.205785
2718.35	0.162691
2726.97	0.162067
2748.12	0.160709
2789.44	0.158351
2842.31	0.155432
2901.42	0.152184
2964.21	0.148748
3029.45	0.145212
3096.47	0.141634
3164.94	0.138052
3234.71	0.13449
3305.72	0.130962
3378.04	0.127482
3451.86	0.12407
3527.4	0.1208
3589.66	0.11835
3662.24	0.116548
3736.49	0.11901
3811.22	0.135342
3884.27	0.18449
3945.31	0.216084
4012.9	0.257155
4087.28	0.301812
4156.09	0.336144
4222.73	0.367121
4289.41	0.389711
4354.33	0.408264
4415.11	0.426599
4469.42	0.446396
4525.52	0.457778
4577.15	0.470657
4635.44	0.484
4677.8	0.452961
4722.19	0.461949
4766.48	0.477468
4810.29	0.491856
4856.27	0.505205
4901.18	0.5213
4945.71	0.540112
4989.05	0.558478
5030.76	0.575647
5070.23	0.590216
5107.85	0.600815
5143.08	0.610795
5175.05	0.620376
5202.71	0.619512
5223.23	0.589299
5236.18	0.502119
5242.69	0.367304
5243.73	0.236098
2678.62	0.164295
2681.54	0.163909
2693.97	0.162966
2749.63	0.160273
2814.64	0.156952
2882.09	0.153344
2950.53	0.149617
3019.65	0.145856
3089.35	0.14211
3159.69	0.138405
3230.76	0.134754
3302.67	0.131165
3375.52	0.127648
3449.4	0.124235
3524.23	0.121059
3599.6	0.118687
3660.73	0.118909
3738.23	0.128839
3815.25	0.177972
3889.48	0.288213
3955.48	0.305014
4024.4	0.343034
4095.74	0.365013
4164.98	0.383523
4232.04	0.398846
4294.02	0.410374
4358.58	0.422475
4419	0.438661
4475.95	0.454784
4531.74	0.470329
4586.59	0.485783
4634.16	0.493087
4684.14	0.506507
4727.36	0.511829
4772.45	0.524618
4816.96	0.534477
4860.94	0.543947
4903.25	0.553469
4948.5	0.570873
4993.14	0.585894
5036.88	0.597231
5077.7	0.605485
5117.66	0.619439
5155.53	0.639483
5190.65	0.668128
5222.89	0.701913
5243.85	0.716132
5256.27	0.567406
5261.59	0.413534
5262.63	0.287009
2636.09	0.165675
2626.7	0.16547
2596.6	0.164837
2700.55	0.162371
2784.67	0.158583
2861.96	0.154563
2936.45	0.150522
3009.59	0.146526
3081.99	0.142607
3154.17	0.138778
3226.5	0.13504
3299.29	0.131393
3372.69	0.127842
3446.76	0.124424
3521.37	0.121275
3595.93	0.118884
3668.93	0.11897
3739.33	0.119957
3813.63	0.130535
3885.45	0.155501
3950.16	0.189583
4024.95	0.277495
4102.85	0.348396
4173.42	0.385247
4240.6	0.410408
4306.25	0.43187
4364.33	0.433805
4424.08	0.449777
4481.57	0.465023
4536.94	0.47996
4590.43	0.494737
4642.05	0.509727
4687.84	0.515924
4732.52	0.528803
4777.64	0.54509
4821.21	0.561206
4869.42	0.57799
4904	0.589261
4950.63	0.601442
4997.22	0.611311
5045.32	0.621513
5085.22	0.620406
5128.24	0.639209
5168.83	0.665152
5206.79	0.704788
5242.76	0.760641
5285.24	0.811793
5283.73	0.602114
5284.43	0.438049
5284.86	0.31081
2603.02	0.166654
2592.64	0.166423
2568.36	0.165764
2671.29	0.163646
2761.61	0.159829
2844.78	0.155599
2923.95	0.151328
3000.56	0.147135
3075.25	0.143066
3148.93	0.139133
3222.33	0.135327
3295.9	0.131642
3369.87	0.128095
3444.37	0.124764
3519.38	0.121894
3594.64	0.120204
3669.93	0.121817
3736.36	0.131016
3812.53	0.129654
3886.13	0.137048
3955.71	0.165252
4024.11	0.226186
4110.7	0.311284
4181.64	0.355356
4247.53	0.381957
4310.99	0.400791
4371.32	0.417458
4430.7	0.432804
4488.26	0.447474
4542.89	0.462184
4595.3	0.478226
4645.72	0.494978
4693.59	0.512565
4738.44	0.530384
4779.59	0.546701
4829.34	0.563357
4869.47	0.574731
4910.26	0.580319
4951.12	0.59641
4994.77	0.604264
5045.85	0.616099
5094.87	0.626403
5140.99	0.646491
5183.92	0.674069
5227.86	0.710882
5267.62	0.75904
5311.65	0.807954
5308.34	0.606916
5307.63	0.452508
5307.62	0.319907
2580.41	0.16733
2572.53	0.167049
2556.7	0.166384
2654.6	0.164405
2745.76	0.160668
2831.76	0.156363
2914.2	0.151948
2993.75	0.147608
3069.86	0.143434
3144.41	0.139446
3218.51	0.135622
3292.7	0.13198
3367.21	0.128632
3442.22	0.125913
3517.95	0.124606
3593.98	0.126268
3670.38	0.135248
3746.32	0.16442
3812.49	0.183857
3888.38	0.183581
3960.03	0.243956
4043.78	0.321452
4119.88	0.360962
4188.76	0.385438
4253.42	0.404488
4315.73	0.421803
4376.51	0.437762
4436.65	0.452275
4495.53	0.465316
4548.84	0.475906
4600.04	0.492494
4649.92	0.510533
4700.45	0.528691
4742.7	0.534267
4786.75	0.551058
4830.24	0.550232
4871.84	0.558464
4916.51	0.572745
4957.65	0.589533
5007.75	0.599619
5058.38	0.608623
5107.15	0.621072
5156.1	0.641507
5193.45	0.668208
5243.82	0.705291
5285.59	0.755053
5326.53	0.796744
5329.48	0.60281
5330.09	0.459399
5330.22	0.32493
2565.73	0.167821
2560.45	0.167499
2550.58	0.166803
2644.64	0.164878
2735.09	0.161209
2822.41	0.156873
2907.53	0.152346
2990.66	0.147862
3066.39	0.143673
3140.75	0.139739
3215.11	0.136048
3289.73	0.132805
3364.64	0.130718
3439.91	0.131692
3516.58	0.138348
3592.91	0.150006
3670.12	0.169635
3741.69	0.214627
3830.33	0.291224
3906.51	0.308602
3981	0.354938
4057.31	0.383483
4130.07	0.401
4196.36	0.414728
4258.36	0.431982
4319.19	0.450738
4379.91	0.468198
4441.59	0.484026
4506.23	0.497819
4554.82	0.489039
4604.18	0.49805
4651.68	0.503217
4695.75	0.513021
4746.22	0.524174
4792.08	0.542359
4835.4	0.554144
4881.05	0.564337
4924.64	0.57921
4970.71	0.592883
5019.45	0.602599
5071.65	0.614722
5117.53	0.623189
5162.67	0.644271
5214.02	0.674025
5264.08	0.714844
5311.02	0.764589
5358.48	0.809203
5355.15	0.621537
5353.4	0.473104
5352.77	0.33091
2556.39	0.168196
2553.02	0.167842
2546.93	0.167102
2638.24	0.165198
2727.6	0.161576
2815.35	0.157218
2903.03	0.152543
2995.23	0.147642
3064.62	0.143807
3137.5	0.140225
3211.87	0.137226
3286.9	0.136121
3361.9	0.141034
3435.56	0.163172
3513.61	0.202285
3588.49	0.237424
3673.14	0.292001
3757.84	0.332603
3840.12	0.364185
3914.58	0.388417
3992.36	0.404872
4069.76	0.421281
4142.91	0.437245
4204.9	0.436052
4261.56	0.439737
4320.32	0.449777
4380.31	0.440452
4441.74	0.448026
4501.17	0.458747
4552.45	0.459602
4600.81	0.46968
4653.59	0.48463
4703	0.503257
4753.09	0.521505
4792.25	0.535644
4842.42	0.552492
4889.44	0.569592
4936.41	0.58639
4980.29	0.596915
5026.75	0.602065
5074.1	0.61161
5127.82	0.625034
5179.81	0.64603
5232.39	0.676033
5283.74	0.71694
5333.23	0.765234
5382.81	0.808145
5378.29	0.623563
5375.43	0.476639
5374.29	0.33249
2550.48	0.168488
2548.36	0.16811
2544.58	0.167334
2633.79	0.165452
2721.75	0.1619
2808.45	0.157625
2894.17	0.153088
2978.53	0.148547
3055.78	0.144307
3131.76	0.140371
3207.76	0.136879
3284.16	0.134491
3361.36	0.135031
3440.11	0.142086
3518.92	0.158335
3594.11	0.180098
3671.15	0.231893
3768.33	0.315212
3852.22	0.359956
3934.02	0.386746
4000.11	0.399582
4085.79	0.417193
4147.63	0.402519
4208.33	0.41479
4267.21	0.427634
4323.16	0.440929
4388.27	0.454503
4442.77	0.45234
4496.76	0.460951
4552.52	0.469678
4604.17	0.480874
4656.59	0.493108
4707.42	0.510148
4750.51	0.526372
4799.91	0.543811
4850.77	0.560895
4896.37	0.570633
4942.75	0.58536
4987.37	0.597597
5029.71	0.604534
5084.1	0.612968
5137.91	0.627343
5193.54	0.647874
5248.43	0.677388
5301.47	0.717706
5352.54	0.765121
5403.13	0.807265
5398.66	0.620297
5395.51	0.473926
5394.16	0.330851
2546.75	0.168715
2545.4	0.168318
2543.01	0.167515
2630.56	0.165651
2717.17	0.162162
2802.63	0.157961
2886.8	0.153505
2969.18	0.149042
3048.52	0.144754
3126.34	0.140836
3203.6	0.137841
3280.82	0.137784
3358.86	0.146595
3442.63	0.171328
3523.43	0.212054
3597.38	0.231844
3686.76	0.289088
3776.6	0.326413
3859.84	0.348331
3938.72	0.363502
4014.45	0.378119
4083.3	0.379732
4150.59	0.395025
4211.82	0.406647
4272.54	0.422749
4329.76	0.432382
4385.92	0.444318
4444.96	0.458508
4500.89	0.47405
4555.22	0.489652
4609.49	0.505401
4659.06	0.514192
4707.38	0.524053
4755.99	0.534276
4804.29	0.545011
4853.28	0.558005
4900.31	0.56217
4948.88	0.577238
4996.08	0.592374
5043.33	0.603321
5093.27	0.614755
5144.11	0.629915
5205.09	0.64954
5262.64	0.67833
5317.29	0.71801
5369.49	0.764848
5420.71	0.806555
5416.59	0.616093
5413.49	0.469032
5412.12	0.327822
2544.41	0.168884
2543.53	0.168473
2541.96	0.167648
2628.26	0.165795
2713.76	0.162352
2798.19	0.158203
2881.38	0.153792
2963.09	0.149364
3043.07	0.145106
3121.81	0.141386
3199.7	0.139636
3276.41	0.146318
3348.73	0.188584
3444.85	0.304252
3543.73	0.368564
3616.79	0.357878
3698.62	0.380302
3783.29	0.39581
3866.62	0.407304
3942.65	0.415294
4014.76	0.4274
4083.04	0.440151
4156.78	0.450045
4213.11	0.433143
4272.09	0.437238
4332.18	0.44561
4390.13	0.456558
4448.14	0.468255
4504.69	0.481127
4556.21	0.48964
4610.57	0.498254
4661.73	0.509885
4705.65	0.519626
4759.46	0.535085
4808.45	0.540832
4852.04	0.550717
4904.44	0.565966
4954.92	0.580544
5003.88	0.593436
5051.12	0.602674
5100.98	0.614595
5153.85	0.630638
5217	0.65007
5275.98	0.67859
5331.63	0.717931
5384.53	0.76449
5436.15	0.805974
5432.37	0.612312
5429.44	0.463909
5428.11	0.324554
2543.01	0.169
2542.4	0.168579
2541.3	0.167737
2626.75	0.16589
2711.43	0.162475
2795.08	0.15836
2877.61	0.153979
2958.94	0.149561
3039.12	0.145265
3118.38	0.141326
3196.99	0.138492
3275.03	0.139566
3352.21	0.154272
3428.63	0.206906
3529.57	0.305833
3614.61	0.360604
3700.07	0.397357
3787.83	0.420208
3881.15	0.435263
3949.75	0.424037
4018.1	0.430934
4090.23	0.439262
4149.83	0.452355
4217.11	0.467896
4276.61	0.464357
4335.52	0.464467
4392.14	0.468191
4451.13	0.474674
4507.45	0.485463
4563.9	0.497729
4614.22	0.507532
4658.42	0.516117
4703.28	0.51678
4755.57	0.520692
4808.9	0.532334
4857.1	0.546449
4910.61	0.561393
4961.36	0.57793
5009.97	0.592535
5056.76	0.603657
5104.24	0.616115
5168.21	0.629812
5229.93	0.649436
5288.81	0.678155
5344.73	0.717498
5397.92	0.764053
5449.72	0.805497
5446.2	0.609352
5443.44	0.459385
5442.18	0.32158
2542.26	0.169069
2541.82	0.168639
2540.98	0.167784
2626.01	0.165938
2710.15	0.162539
2793.19	0.158448
2875.16	0.15409
2956.17	0.149682
3036.35	0.145352
3115.89	0.141224
3195.04	0.137577
3274.02	0.135305
3353.16	0.137217
3432.94	0.150794
3513.34	0.188975
3602.19	0.271941
3692.73	0.340774
3782.51	0.377879
3879.08	0.397584
3946.3	0.385779
4012.5	0.400076
4085.94	0.414284
4162.3	0.426326
4215.45	0.414618
4274.2	0.414557
4337.92	0.425416
4400.63	0.43886
4457.4	0.441706
4512.62	0.457766
4567.9	0.473731
4611.16	0.474843
4658.44	0.484039
4710.44	0.500655
4760.94	0.518562
4809.33	0.53803
4865.78	0.555556
4917.62	0.563797
4968.51	0.579263
5017.01	0.592901
5061.16	0.604234
5121.44	0.614615
5182.39	0.628363
5242.52	0.648373
5300.78	0.677357
5356.53	0.71686
5409.74	0.763578
5461.56	0.805108
5458.22	0.607182
5455.6	0.455656
5454.39	0.319038
2542.01	0.169095
2541.67	0.168658
2540.99	0.167791
2626.13	0.165939
2710	0.162543
2792.44	0.15847
2873.84	0.154139
2954.46	0.149752
3034.5	0.145415
3114.13	0.141203
3193.55	0.137221
3273.02	0.133728
3352.81	0.131471
3433.44	0.13244
3515.15	0.140935
3597.87	0.162614
3676.17	0.205532
3764.57	0.271534
3857.4	0.321365
3941	0.341422
3996.67	0.343228
4076.35	0.351278
4148.54	0.360501
4208.86	0.365125
4275.6	0.377835
4339.43	0.394868
4403.37	0.410061
4466.4	0.425367
4516.35	0.426871
4563.47	0.442397
4615.53	0.454249
4666.28	0.473824
4717.82	0.492639
4769.22	0.511024
4820.79	0.528987
4874.64	0.545752
4927.66	0.562241
4978.03	0.578413
5028.29	0.592848
5079.5	0.602795
5136.26	0.613087
5195.02	0.627037
5253.84	0.647281
5311.41	0.67649
5366.86	0.716188
5419.95	0.763123
5471.71	0.804796
5468.48	0.605583
5465.96	0.452572
5464.79	0.316855
2542.13	0.169087
2541.92	0.168639
2541.43	0.167756
2627.5	0.165885
2711.32	0.162475
2792.81	0.158425
2873.44	0.154135
2953.53	0.14978
3033.36	0.145458
3112.91	0.141229
3192.44	0.137146
3272.08	0.133305
3351.89	0.129958
3432.57	0.127754
3514.21	0.128232
3595.51	0.134246
3676.35	0.150682
3754.96	0.18652
3833.02	0.22458
3916.59	0.271178
3995.44	0.316615
4070.84	0.326208
4143.44	0.346668
4210.99	0.362658
4277.25	0.377294
4338.32	0.390733
4404.31	0.405265
4468.46	0.421959
4519.71	0.427952
4565.1	0.439756
4618.55	0.459628
4670.85	0.479238
4722.95	0.498181
4775.05	0.516561
4827.71	0.534344
4882.18	0.551126
4938.4	0.566661
4986.16	0.57852
5037.69	0.592637
5091.21	0.602052
5147.49	0.61211
5205.29	0.626053
5263.3	0.646396
5320.34	0.675759
5375.51	0.715622
5428.47	0.762748
5480.16	0.804552
5477.02	0.604284
5474.58	0.449846
5473.44	0.314877
2542.51	0.169054
2542.51	0.168589
2542.44	0.167673
2631.09	0.16574
2715.03	0.162291
2794.12	0.158312
2873.75	0.154089
2953.11	0.149781
3032.78	0.145486
3112.09	0.14127
3191.64	0.137186
3271.49	0.133326
3350.64	0.129973
3431.19	0.127905
3513.65	0.129916
3592.66	0.138624
3675.46	0.157909
3750.58	0.169203
3832.65	0.183804
3909.82	0.202134
3982.46	0.237281
4067.63	0.297997
4141.73	0.34564
4210.52	0.376716
4277.29	0.398346
4343.01	0.415599
4403.87	0.420272
4466.44	0.433308
4513.19	0.442154
4565.06	0.452896
4620.07	0.467197
4673.18	0.485571
4725.78	0.503973
4778.11	0.522149
4830.67	0.539977
4885.89	0.556477
4944.72	0.571141
4989	0.580586
5044.1	0.592631
5099.13	0.601694
5155.63	0.611524
5213.1	0.625405
5270.65	0.645801
5327.33	0.675289
5382.31	0.71527
5435.22	0.762505
5486.9	0.804369
5483.84	0.603041
5481.48	0.447183
5480.37	0.312953
2542.95	0.169014
2543.2	0.168528
2544.01	0.167551
2639.39	0.165394
2723.6	0.161851
2795.01	0.158201
2874.48	0.154034
2952.59	0.149789
3032.85	0.145501
3111.4	0.141331
3190.98	0.137298
3272.12	0.133558
3348.53	0.130785
3428.35	0.129678
3503.72	0.134446
3586.01	0.164045
3679.1	0.252264
3752.82	0.25664
3834.45	0.283733
3915.24	0.30535
3991.6	0.32474
4064.17	0.337885
4138.97	0.356321
4208.64	0.376554
4275.48	0.393929
4339.78	0.409686
4400.47	0.425767
4459.07	0.442724
4513.5	0.460555
4570.43	0.476755
4620.99	0.479454
4673.69	0.494093
4726.65	0.507778
4778.82	0.522695
4828.9	0.539233
4883.98	0.55565
4942.23	0.570467
4998.65	0.584454
5049.51	0.592445
5104.55	0.601506
5161.26	0.611199
5218.6	0.625033
5275.8	0.645525
5332.19	0.675186
5387.16	0.715233
5440.15	0.762438
5491.91	0.804242
5488.97	0.601669
5486.7	0.444391
5485.63	0.311006
2543.18	0.16899
2543.37	0.168502
2543.59	0.167546
2634.66	0.165545
2719.7	0.161988
2801.57	0.157864
2876.73	0.153932
2950.16	0.149932
3034.95	0.145422
3110.05	0.14147
3189.2	0.137534
3263.41	0.133834
3344.99	0.130471
3424.32	0.128981
3502.16	0.133543
3581.44	0.156412
3662.19	0.212114
3758.71	0.295972
3844.75	0.344681
3920.83	0.367737
3993.96	0.39087
4068.3	0.408679
4137.74	0.412317
4206.85	0.421823
4273.59	0.430186
4337.43	0.438083
4396.6	0.444866
4447.05	0.454322
4509.21	0.459202
4566.92	0.469047
4621.22	0.480479
4671.67	0.49297
4726.15	0.504555
4778.13	0.521621
4828.7	0.539496
4876.87	0.556018
4939.7	0.568098
4997.83	0.581779
5050.94	0.594313
5107.25	0.601631
5164.74	0.611077
5222	0.624878
5278.7	0.645597
5334.65	0.67563
5389.93	0.715638
5443.28	0.762586
5495.26	0.804168
5492.47	0.600109
5490.3	0.441507
5489.27	0.309103
2543.28	0.168982
2543.56	0.168487
2543.98	0.167517
2635.94	0.165496
2719	0.161977
2801.79	0.157831
2877.33	0.153845
2958.15	0.149609
3028.96	0.145769
3106.37	0.14176
3187.53	0.1376
3265.43	0.133871
3344.21	0.130857
3422.08	0.130924
3498.37	0.143809
3570.74	0.208942
3669.22	0.326353
3762.49	0.384467
3856.84	0.412559
3924.52	0.407611
3992.14	0.427893
4066.38	0.448291
4137.14	0.466572
4207.18	0.48153
4274.56	0.494385
4340.7	0.498625
4393.9	0.485789
4450.9	0.492184
4509.27	0.501099
4566.21	0.511202
4621.57	0.521731
4676.43	0.531933
4725.91	0.536521
4776.71	0.547368
4824.12	0.561522
4883.83	0.569478
4939.8	0.578462
5000.44	0.58865
5060.35	0.597992
5107.72	0.602926
5166.9	0.611239
5223.74	0.624925
5279.3	0.646169
5333.94	0.677249
5390.56	0.716671
5444.71	0.76294
5497.04	0.804141
5494.42	0.598606
5492.34	0.43899
5491.34	0.307511
2543.14	0.168997
2543.67	0.16849
2545.34	0.167465
2646.12	0.165144
2718.6	0.161993
2792.19	0.15832
2874.65	0.154041
2955.28	0.149728
3033.72	0.145497
3115.83	0.141328
3189.54	0.13783
3267.04	0.134853
3344.77	0.131741
3421.43	0.132314
3496.11	0.141604
3568.97	0.183291
3664.09	0.286008
3757.27	0.351077
3843.46	0.382385
3920.74	0.400264
3997	0.417767
4065.14	0.415229
4135.24	0.422772
4201.39	0.427798
4269.48	0.431828
4333.92	0.437208
4393.61	0.441877
4450.29	0.453863
4509.62	0.46672
4566.21	0.482572
4621.14	0.498792
4674.34	0.515156
4725.3	0.531374
4778.36	0.547111
4830.91	0.562841
4887.68	0.57683
4947.31	0.588563
5002.38	0.592559
5060.02	0.600419
5116.88	0.608255
5169.81	0.61499
5224.52	0.62764
5277.75	0.647813
5327.39	0.680671
5389.55	0.718044
5444.92	0.763254
5497.49	0.804158
5494.92	0.59813
5492.88	0.43796
5491.89	0.306753
2542.52	0.16905
2542.69	0.168567
2542.92	0.167621
2632.52	0.165662
2713.62	0.162273
2792.93	0.158325
2873.97	0.154078
2954.82	0.149738
3035.11	0.14544
3115.62	0.141293
3193.79	0.137565
3271.68	0.135023
3346.64	0.136865
3422.4	0.146898
3493.52	0.157497
3572.75	0.182963
3655.98	0.246665
3749.85	0.307491
3834.3	0.329882
3914.49	0.341276
3990.68	0.350914
4063.78	0.36707
4133.4	0.38559
4200.88	0.4014
4267.46	0.41679
4331.9	0.431361
4393.19	0.446132
4455.01	0.460541
4510.46	0.462216
4565.7	0.471647
4620.43	0.483662
4672.63	0.496224
4720.87	0.510805
4778.89	0.520228
4831.92	0.535599
4887.21	0.551217
4945.45	0.566067
5002.19	0.579863
5059.56	0.592185
5116.05	0.600927
5169.12	0.611166
5225.13	0.624038
5280.71	0.645101
5335.05	0.676189
5391.18	0.715919
5444.83	0.762625
5496.79	0.804204
5494.01	0.600317
5491.92	0.439478
5490.93	0.307005
2541.78	0.169111
2541.71	0.168644
2541.4	0.167729
2627.42	0.165842
2710.45	0.16244
2792.05	0.158402
2873.62	0.154097
2955.13	0.14971
3036.58	0.14536
3118.1	0.141167
3198.71	0.137396
3275.2	0.134984
3350.62	0.137363
3426.9	0.15839
3500.2	0.212673
3580.88	0.242954
3662.48	0.241767
3746.51	0.21194
3824.99	0.226408
3904.1	0.257202
3988.49	0.302171
4062.52	0.340486
4131.16	0.368209
4198.57	0.388631
4265.1	0.404184
4330.79	0.418127
4390.23	0.419825
4451.03	0.430142
4508.67	0.440081
4566.87	0.453157
4622.94	0.469476
4676.93	0.486272
4729.52	0.503477
4783.78	0.520036
4835.92	0.537326
4881.53	0.555867
4942.98	0.571227
4999.62	0.585434
5058.79	0.596171
5117.58	0.604075
5177.2	0.614106
5223.95	0.623712
5281.87	0.643307
5337.08	0.673281
5391.19	0.713851
5443.38	0.761858
5494.52	0.8043
5491.5	0.602403
5489.42	0.439042
5488.46	0.305399
2541.16	0.169163
2541.01	0.168702
2540.63	0.167791
2625.3	0.165919
2708.74	0.162523
2791.28	0.158451
2873.51	0.1541
2955.72	0.149664
3038.25	0.145259
3121.84	0.141014
3208.12	0.137337
3280.04	0.136049
3353.17	0.14001
3424.62	0.153407
3503.89	0.159538
3578.55	0.202351
3671.67	0.278594
3753.63	0.298414
3832.78	0.317801
3912.23	0.332168
3985.99	0.352302
4060.68	0.374586
4126.49	0.379556
4194.65	0.392292
4261.11	0.401882
4321.61	0.409974
4386.72	0.421195
4448.71	0.434793
4508.66	0.449043
4567.7	0.463379
4625.16	0.478077
4680.33	0.493035
4734.25	0.509213
4788.59	0.525758
4839.55	0.534422
4890.56	0.550663
4943.46	0.566273
4993.09	0.582815
5057.39	0.593704
5117.04	0.601653
5175.2	0.611099
5231.39	0.625524
5282.69	0.640522
5336.4	0.670652
5389.1	0.711841
5439.92	0.760998
5490.08	0.804464
5487.12	0.601274
5485.35	0.42991
5484.5	0.29788
2540.74	0.169199
2540.59	0.168738
2540.27	0.167825
2624.42	0.165955
2707.94	0.162562
2790.91	0.158475
2873.57	0.154099
2956.19	0.149637
3039.16	0.1452
3123.22	0.140888
3210.21	0.13695
3282.5	0.133904
3357.43	0.133461
3432.91	0.140279
3507.68	0.168504
3584.13	0.250414
3677.05	0.341482
3761.08	0.386839
3845.54	0.413545
3919.15	0.427527
3978.61	0.40812
4051.53	0.41488
4123.03	0.425398
4191.26	0.434174
4257.16	0.442908
4320.77	0.452265
4384.08	0.459062
4446.21	0.46748
4507.4	0.476098
4567.96	0.484512
4627.57	0.493374
4682.91	0.496325
4736.52	0.506441
4787.05	0.517821
4841.59	0.531157
4894.73	0.546667
4948.12	0.562049
5001.82	0.576682
5059.45	0.588615
5116.86	0.598184
5173.56	0.60669
5228.48	0.619339
5279.15	0.640299
5333	0.667743
5384.88	0.708684
5434.09	0.759122
5482.37	0.804625
5480.68	0.587404
5479.89	0.399917
5479.36	0.277902
2540.52	0.169217
2540.39	0.168755
2540.13	0.167839
2624.13	0.165968
2707.74	0.162575
2790.93	0.158482
2873.81	0.154099
2956.53	0.149635
3039.24	0.145209
3122.02	0.140929
3204.35	0.137027
3282.63	0.134309
3361.01	0.135775
3440.2	0.15217
3516.83	0.213693
3591.81	0.253622
3679.02	0.296775
3762.31	0.323913
3838.78	0.346229
3915.81	0.369395
3984.55	0.393984
4054.11	0.417915
4122.82	0.439225
4189.69	0.458533
4254.86	0.476343
4318.5	0.492945
4381.22	0.508068
4443.12	0.522478
4505.01	0.536065
4567.69	0.548062
4634.33	0.556691
4685.71	0.535901
4737.53	0.542562
4789.58	0.553507
4842.83	0.564422
4896.49	0.575513
4950.44	0.586254
5004.77	0.595602
5060.32	0.602404
5116.33	0.609691
5172.29	0.61909
5227.78	0.631926
5283.28	0.649681
5327.88	0.66422
5379.41	0.693885
5426.24	0.734384
5468.39	0.772326
5472.75	0.524381
5474.09	0.342302
5474.09	0.244736
2540.48	0.169217
2540.37	0.168755
2540.14	0.167838
2624.23	0.165965
2707.98	0.162567
2791.34	0.158468
2874.35	0.154081
2957.08	0.149619
3039.54	0.145208
3121.61	0.140971
3202.91	0.137209
3282.95	0.135041
3363.46	0.138831
3447.26	0.163877
3520.8	0.197005
3601.83	0.221814
3678.89	0.229264
3757.79	0.261889
3841.06	0.3008
3915.47	0.334427
3985.04	0.362533
4053.57	0.385189
4121.23	0.402866
4187.29	0.418191
4252.06	0.431692
4315.61	0.44372
4377.95	0.454684
4439.07	0.464623
4500.99	0.472944
4562.72	0.480684
4624.48	0.487029
4682.57	0.488025
4735.68	0.500282
4788.09	0.515048
4841.21	0.530449
4895.56	0.545767
4950.09	0.561519
5004.05	0.577141
5058.59	0.590567
5113.84	0.59981
5169.44	0.608641
5224.79	0.621551
5279.29	0.641449
5331.62	0.67177
5377.65	0.704232
5424.52	0.757092
5471.55	0.804913
5469.97	0.55575
5469.79	0.339464
5469.69	0.238303
2540.61	0.169201
2540.49	0.168739
2540.27	0.167822
2624.64	0.165945
2708.64	0.162536
2792.19	0.158426
2875.32	0.154032
2958.11	0.14957
3040.53	0.145174
3122.33	0.140994
3203.08	0.137443
3282.96	0.136062
3361.73	0.142906
3435.49	0.18079
3526.17	0.293925
3623.8	0.361657
3693.65	0.343604
3769.5	0.364218
3842.91	0.380424
3913.73	0.393532
3982.26	0.404298
4050.82	0.414379
4118.23	0.424983
4183.48	0.43632
4248.06	0.447645
4311.68	0.459222
4373.78	0.471127
4432.11	0.483478
4495	0.496127
4555.47	0.509994
4615.97	0.524725
4682.01	0.539411
4732.23	0.519899
4783.63	0.527659
4836.07	0.539339
4892.2	0.550215
4948.23	0.563037
5000.99	0.575687
5054.96	0.585777
5109.98	0.59677
5165.41	0.605147
5220.56	0.616794
5274.57	0.634935
5325.97	0.663501
5371.92	0.707579
5419.74	0.758204
5467.13	0.805077
5465.46	0.56622
5465.29	0.342293
5465.34	0.238247
2540.89	0.169168
2540.77	0.168706
2540.54	0.167792
2625.4	0.165908
2709.78	0.162481
2793.54	0.158353
2876.78	0.153947
2959.71	0.149484
3042.4	0.145113
3124.41	0.14106
3204.42	0.138008
3284.05	0.138309
3363.37	0.148415
3438.32	0.167578
3512.23	0.215247
3613.3	0.300364
3695.48	0.347149
3780.21	0.379053
3845.98	0.378118
3913.49	0.394108
3977.07	0.410494
4047.33	0.427542
4116.01	0.44303
4178.3	0.444555
4243.18	0.457542
4307.76	0.469784
4370.93	0.481712
4433.72	0.493172
4489.91	0.492471
4546.78	0.502494
4600.51	0.512773
4665.5	0.516978
4722.04	0.521981
4774.78	0.535853
4822.44	0.553333
4885.82	0.568896
4944.91	0.583226
5004.75	0.595207
5048.78	0.59711
5104.71	0.604557
5160.34	0.614565
5215.52	0.627675
5269.69	0.64617
5322.18	0.672967
5373.16	0.709443
5412.49	0.737499
5455.43	0.772605
5459.44	0.500688
5460.64	0.308794
5461.08	0.233259
2541.34	0.169119
2541.22	0.168658
2540.96	0.167747
2626.64	0.165854
2711.56	0.1624
2795.48	0.158249
2878.69	0.153832
2961.75	0.149375
3045.22	0.145079
3128.79	0.141465
3206.3	0.140675
3284.89	0.152312
3366.11	0.213363
3436.96	0.240595
3517.24	0.281405
3604.63	0.311016
3686.16	0.33546
3765	0.355591
3839.33	0.371627
3910.73	0.387402
3981.25	0.400677
4043.04	0.402786
4103.65	0.408537
4173.62	0.408968
4237.18	0.416936
4303.99	0.426532
4367.04	0.437753
4427.71	0.449183
4486.33	0.459311
4543.82	0.472149
4600.53	0.485519
4659.29	0.499714
4716.09	0.51256
4770.82	0.527067
4824.66	0.542373
4882.03	0.557182
4939.4	0.570776
4989.92	0.583211
5042.89	0.592517
5097.7	0.60089
5153.79	0.609658
5209.56	0.622561
5264.4	0.642572
5317.7	0.672949
5368.82	0.715797
5417.26	0.767974
5460.25	0.805237
5458.14	0.569636
5457.78	0.344898
5457.86	0.241782
2541.95	0.169054
2541.86	0.168593
2541.62	0.167685
2628.6	0.165778
2714.37	0.162288
2798.21	0.158118
2880.88	0.153709
2963.59	0.149279
3048.18	0.14509
3139.42	0.142138
3206.82	0.143224
3280.33	0.155216
3354.96	0.191486
3433.88	0.220881
3513.6	0.243182
3595.59	0.255912
3674.01	0.2584
3751.68	0.268306
3833.77	0.303647
3907.04	0.332387
3977.51	0.355213
4038.77	0.368776
4098.21	0.386168
4170.84	0.398426
4239.48	0.412284
4301.59	0.415444
4363.18	0.426802
4421.46	0.438459
4481.66	0.451172
4539.5	0.466616
4596.35	0.482274
4652.96	0.497885
4710.14	0.513154
4765.74	0.529138
4821.29	0.5453
4876.22	0.55906
4934.3	0.572949
4978.6	0.581789
5041.47	0.592496
5088.43	0.599156
5146.12	0.60725
5202.41	0.619096
5257.71	0.637365
5311.7	0.664969
5363.3	0.704336
5411.32	0.754267
5454.19	0.803416
5455.02	0.545245
5454.6	0.356144
5454.59	0.251232
2542.7	0.168978
2542.69	0.168512
2542.59	0.167599
2631.74	0.16566
2719.14	0.16211
2802.18	0.157942
2883.18	0.153607
2963.73	0.14927
3044.67	0.145078
3125.67	0.141398
3200.24	0.139477
3274.68	0.143989
3348.54	0.173042
3437.96	0.26413
3510.04	0.278869
3590.92	0.316821
3673.45	0.343319
3750.49	0.351431
3828.33	0.362176
3900.32	0.369687
3967.97	0.380331
4035.18	0.386817
4102.09	0.395974
4169.32	0.40425
4235.49	0.413897
4299.12	0.425285
4360.77	0.438252
4419.53	0.452772
4476.86	0.458778
4533.84	0.473031
4590.2	0.486569
4643.85	0.500926
4703.65	0.515852
4758.61	0.526729
4812.75	0.53961
4868.65	0.552301
4924.43	0.567231
4981.86	0.580539
5030.28	0.58893
5082.79	0.59852
5138.48	0.60732
5194.28	0.620169
5249.51	0.639876
5304.44	0.668985
5357.34	0.709698
5407.44	0.759621
5456.05	0.805255
5453.07	0.591714
5451.35	0.400833
5451.02	0.276352
2543.52	0.168897
2543.64	0.16842
2543.91	0.167477
2636.62	0.16545
2728.28	0.16174
2808.28	0.157635
2886.06	0.153464
2963.7	0.149297
3041.32	0.145238
3118.58	0.14152
3193.69	0.138828
3268.14	0.139262
3343.07	0.148286
3420.88	0.171097
3495.8	0.190708
3571.49	0.229061
3664.52	0.291439
3746.42	0.317301
3820.42	0.343245
3897.51	0.366672
3969.28	0.387734
4039.49	0.403753
4103.02	0.411507
4166.81	0.423281
4232.8	0.433149
4297.12	0.444196
4359.48	0.455737
4419.25	0.467953
4471.96	0.47825
4526.59	0.493885
4582.69	0.495979
4644.21	0.506651
4696.06	0.508604
4750.45	0.522744
4798.57	0.540114
4859.08	0.555016
4910.9	0.572392
4973.35	0.585948
5032.29	0.597222
5081.9	0.602509
5129.35	0.608529
5184.7	0.622441
5238.71	0.643911
5295.56	0.673552
5350.19	0.713967
5402.08	0.762275
5452.73	0.80535
5449.19	0.605265
5446.89	0.432024
5446.22	0.295235
2544.28	0.168826
2544.46	0.16834
2545.17	0.16735
2642.51	0.16513
2749.09	0.16076
2816.71	0.157135
2889.25	0.153298
2963.87	0.149408
3038.61	0.14573
3113.86	0.14287
3187.88	0.142846
3260.42	0.152003
3331.84	0.183677
3405.41	0.217356
3484.28	0.26146
3572.19	0.3006
3655.83	0.325721
3740.78	0.348425
3820.75	0.369265
3895.92	0.384068
3969.55	0.399269
4043.46	0.413109
4102.26	0.412048
4158.43	0.429252
4230.09	0.442896
4295.85	0.457366
4360.09	0.471378
4417.24	0.475828
4471.79	0.476597
4525.2	0.484779
4583.97	0.494933
4633.04	0.506224
4693.09	0.5136
4748.85	0.527033
4802.12	0.542049
4856.11	0.557338
4907.66	0.573832
4966.8	0.586866
5023.62	0.597357
5079.96	0.606219
5124.21	0.614805
5174.34	0.624881
5222.06	0.648929
5285.1	0.677411
5341.81	0.716732
5394.99	0.763706
5446.64	0.805526
5443.2	0.608764
5440.7	0.447405
5439.73	0.306698
2544.89	0.168776
2544.82	0.168315
2544.79	0.1674
2639.09	0.165354
2732.83	0.161553
2817.06	0.157246
2889.32	0.15329
2963.91	0.149387
3035.27	0.145625
3111.22	0.141894
3184.36	0.139281
3256.43	0.140182
3327.36	0.153943
3397.6	0.186432
3466.51	0.200582
3562.94	0.297414
3651.68	0.35922
3737.31	0.391592
3824.43	0.410604
3893.63	0.400628
3967.09	0.410206
4042.11	0.419397
4105.31	0.423123
4167.71	0.430633
4230.97	0.4249
4294.02	0.431748
4352.5	0.437479
4410.03	0.440062
4470.68	0.449732
4527.56	0.465317
4584.01	0.481537
4638.1	0.498497
4693.86	0.514611
4748.66	0.531206
4802.28	0.548061
4854.32	0.564942
4906.69	0.580881
4961.19	0.59369
5014.43	0.599506
5071.07	0.60793
5125.36	0.619103
5166.12	0.627053
5219.98	0.64873
5277.05	0.678539
5332.94	0.718187
5386.45	0.764627
5438.6	0.805788
5435.29	0.609365
5432.77	0.454332
5431.67	0.313823
2545.63	0.168723
2545.17	0.168294
2544.31	0.167451
2636.19	0.165512
2726.1	0.161892
2810.81	0.157667
2889.12	0.153412
2965.75	0.149252
3041.88	0.145219
3111.66	0.141819
3182.07	0.139279
3251.37	0.138225
3324.63	0.136226
3395.67	0.142868
3464.51	0.166334
3545.27	0.252579
3642.89	0.34005
3728.21	0.380098
3811.42	0.401697
3882.52	0.403975
3959.59	0.41809
4043.01	0.429379
4105.21	0.425927
4169.1	0.435074
4233.8	0.434454
4292.18	0.433875
4353.84	0.439663
4412.09	0.452389
4470.79	0.467204
4527.9	0.482418
4584.07	0.497817
4639.22	0.51345
4693.4	0.529192
4747.56	0.544983
4802.06	0.560289
4850.49	0.565427
4902.19	0.578849
4944.64	0.589752
5005.84	0.597133
5062.5	0.604635
5116.28	0.615456
5165.85	0.633294
5211.65	0.64983
5266.36	0.679862
5322.45	0.71952
5376.33	0.765466
5428.81	0.806152
5425.63	0.609393
5423.18	0.457258
5422.08	0.317797
2546.89	0.168639
2545.97	0.168237
2544.29	0.167441
2635.22	0.16554
2724.61	0.161951
2811.05	0.157692
2890.78	0.153362
2968.32	0.149126
3038.08	0.145343
3108.74	0.141777
3182.53	0.138105
3257.32	0.135664
3323.71	0.136353
3393.56	0.145908
3458.92	0.169016
3533.92	0.214039
3633.93	0.314009
3715.68	0.368055
3790.85	0.399208
3862.37	0.422189
3943.1	0.442777
4023.36	0.46108
4095.97	0.482448
4167.25	0.501543
4242.61	0.512874
4301	0.486512
4356.22	0.49063
4411.47	0.499634
4470.29	0.508813
4527.08	0.51963
4583.13	0.530638
4639.31	0.541596
4691.1	0.543378
4744.35	0.552649
4794.16	0.562344
4844.04	0.571804
4892.37	0.584566
4945.31	0.594785
5000.77	0.601587
5055.67	0.61019
5109.76	0.621923
5164.15	0.638333
5209.31	0.658745
5250.47	0.684276
5310.16	0.721168
5364.69	0.766304
5417.35	0.806619
5414.26	0.609347
5411.96	0.457852
5410.95	0.319389
2549.11	0.1685
2547.57	0.168124
2544.82	0.167366
2635.76	0.16547
2726.09	0.161826
2818.11	0.157321
2894.79	0.153126
2964.04	0.149335
3037.66	0.145303
3109.94	0.141452
3182.37	0.137782
3254.16	0.13472
3323.91	0.133875
3394.37	0.14274
3463.77	0.191365
3535.65	0.252449
3624.96	0.320411
3701.84	0.36783
3768.58	0.387211
3829.06	0.411821
3924.03	0.425364
4008.92	0.43449
4086.28	0.44245
4159.92	0.449622
4231.61	0.456119
4297.12	0.45898
4355.94	0.471059
4415.08	0.484716
4470.85	0.494287
4525.64	0.496209
4580.39	0.505959
4632	0.513311
4687.46	0.523535
4741.19	0.537781
4790.59	0.547319
4837.66	0.557469
4881.51	0.574111
4940.11	0.585841
4994.78	0.596243
5048.13	0.60435
5100.77	0.614795
5153.23	0.629811
5201.3	0.653923
5252.94	0.687689
5299.03	0.721838
5352.03	0.766681
5404.11	0.807201
5401.19	0.608808
5399.2	0.455697
5398.36	0.318639
2552.91	0.168291
2550.45	0.167944
2545.93	0.167243
2636.89	0.165398
2725.88	0.161857
2812.13	0.157642
2891.42	0.153356
2965.51	0.149232
3038.88	0.145213
3111.36	0.141342
3183.31	0.137729
3253.48	0.134866
3323.45	0.134902
3394.11	0.148711
3459.47	0.196751
3536.48	0.254271
3616.26	0.290191
3690.46	0.328476
3764.46	0.350733
3838.08	0.384484
3911.28	0.410219
3998.88	0.425069
4077.61	0.438845
4152.02	0.45248
4224.47	0.465661
4297.74	0.478012
4353.47	0.467827
4411.04	0.475888
4465.46	0.484328
4524.8	0.49535
4575.14	0.498975
4632.26	0.510911
4683.66	0.511495
4734.27	0.520185
4783.29	0.530672
4835.56	0.545816
4885.2	0.563869
4937.48	0.580216
4989.24	0.593491
5040.3	0.602902
5090.46	0.614516
5144.5	0.630123
5199.21	0.652719
5243.97	0.682278
5294.88	0.724843
5337.46	0.766777
5388.17	0.807881
5386.29	0.603337
5385.08	0.447168
5384.51	0.314517
2559.24	0.167993
2555.42	0.167671
2548.18	0.167016
2639.98	0.165194
2728.43	0.161684
2813.21	0.157522
2893.44	0.153217
2967.96	0.149073
3041.31	0.145076
3113.71	0.14125
3186.46	0.137847
3253.36	0.135867
3322.1	0.137282
3389.04	0.147112
3458.92	0.161763
3530.45	0.16477
3607.6	0.164736
3677.37	0.194981
3755.49	0.268696
3840.03	0.336727
3913.9	0.376804
3994.03	0.398958
4070.29	0.414721
4143.67	0.427502
4214.44	0.438275
4281.37	0.447398
4343.81	0.450034
4403.97	0.458175
4462.19	0.46691
4519.21	0.476064
4575.73	0.47761
4625.39	0.480747
4677.41	0.489611
4731.92	0.502491
4782.59	0.520474
4834.06	0.539079
4884.45	0.5577
4933.96	0.575667
4983.52	0.590783
5032.47	0.601402
5074.79	0.612076
5132.95	0.624021
5185.75	0.642292
5232.11	0.67148
5282.22	0.709265
5329.12	0.754486
5366.98	0.791171
5370.07	0.582417
5370.11	0.427774
5369.74	0.306688
2569.43	0.167589
2563.86	0.167282
2552.76	0.166634
2646.39	0.164799
2734.7	0.161289
2818.92	0.157127
2901.37	0.152703
2971.81	0.148789
3045.02	0.144899
3116.06	0.141182
3184.87	0.137647
3252.66	0.134808
3322.29	0.133114
3390.25	0.13006
3461.48	0.129039
3533.05	0.128886
3605.79	0.133923
3675.76	0.160706
3748.73	0.245421
3842.19	0.333307
3918.4	0.375212
3988.96	0.378911
4062.63	0.394272
4135.28	0.402423
4206	0.408924
4272.15	0.41333
4336.13	0.423047
4397.52	0.434651
4455.43	0.445332
4511.4	0.456202
4570.63	0.468055
4625.96	0.484569
4682.11	0.501914
4731.08	0.509265
4778.89	0.526876
4831.52	0.545128
4882.67	0.563288
4928.87	0.574229
4977.5	0.588504
5022.65	0.599015
5072.52	0.60864
5124.85	0.622223
5176.15	0.642498
5226.84	0.672865
5269.1	0.709131
5315.34	0.759322
5360.82	0.806853
5356.5	0.599859
5355.3	0.425173
5354.28	0.304185
2585.25	0.16706
2577.91	0.166759
2563.56	0.166037
2658.11	0.164127
2745.1	0.160704
2826.5	0.156719
2899.75	0.152721
2977.08	0.148484
3052.36	0.144399
3117.51	0.140907
3183.34	0.137504
3254.59	0.13384
3324.25	0.130506
3393.33	0.127249
3463.4	0.12452
3534.2	0.123101
3605.7	0.126458
3676.77	0.145879
3745.82	0.207848
3851.34	0.303001
3905.07	0.245802
3978.9	0.287652
4053.47	0.335636
4126.6	0.362831
4197.02	0.381412
4263.56	0.396747
4328.67	0.411625
4389.56	0.417527
4450.33	0.428493
4508.88	0.444495
4567.08	0.461085
4623.44	0.477769
4677.51	0.494877
4729.57	0.512238
4781.64	0.530207
4828.56	0.53779
4875.08	0.550479
4923.37	0.565501
4970.88	0.582187
5018.04	0.595533
5066.63	0.605547
5115.98	0.618554
5164.56	0.637924
5211.14	0.667565
5252.55	0.713098
5299.62	0.763708
5346.9	0.80979
5342.13	0.614493
5339.83	0.479137
5337.43	0.320762
2608.48	0.166371
2599.01	0.166117
2577.74	0.165437
2676.91	0.163367
2764.11	0.159719
2841.96	0.15575
2917.51	0.151643
2984.65	0.147998
3049.49	0.144443
3121.13	0.1406
3189.62	0.136967
3258.61	0.133416
3327.35	0.129984
3396.06	0.126676
3465.33	0.123606
3535.34	0.121134
3606.22	0.120481
3678.02	0.125011
3751.42	0.140775
3829.91	0.163997
3899.93	0.158833
3966.74	0.182582
4037.91	0.261996
4115.89	0.336462
4188.74	0.37225
4253.47	0.382271
4315.63	0.39574
4381.81	0.411332
4444.72	0.42973
4504.16	0.448918
4562.97	0.467157
4620.96	0.484569
4672.84	0.487427
4726.06	0.498743
4775.3	0.509002
4825.29	0.524649
4873.2	0.543439
4916.98	0.560807
4963.38	0.578579
5011.29	0.593049
5059	0.603484
5106.3	0.616663
5152.58	0.637066
5197.41	0.66904
5241.71	0.714814
5281.07	0.764529
5326.59	0.81132
5321.13	0.625801
5318.6	0.482051
5317.55	0.324874
2641.26	0.165407
2631.99	0.165198
2601.17	0.164572
2707.65	0.162081
2792.55	0.158238
2859.85	0.154726
2922.96	0.151216
2993.25	0.147411
3060.3	0.143743
3128.32	0.140107
3195.88	0.136549
3263.48	0.133076
3331.12	0.129692
3398.98	0.126403
3467.37	0.12324
3536.51	0.120301
3606.57	0.11788
3677.7	0.116702
3750.17	0.117974
3824.1	0.121876
3896.06	0.125896
3966.27	0.149279
4028.88	0.219932
4100.99	0.284852
4170.71	0.32526
4242.24	0.357371
4307.6	0.386409
4373.89	0.409032
4439.62	0.428724
4497.54	0.434389
4557.44	0.445881
4611.35	0.453494
4668.43	0.463566
4721.96	0.479134
4772.7	0.496481
4822.08	0.515635
4869.76	0.535552
4915.74	0.555801
4953.07	0.574777
5003.96	0.589458
5050.87	0.600525
5096.14	0.612694
5139.75	0.631525
5181.06	0.66135
5219.2	0.70647
5254.92	0.763965
5298.42	0.812719
5296.16	0.621913
5296.03	0.473055
5296.2	0.321175
2683.38	0.164056
2686.6	0.163668
2700.03	0.162714
2759.95	0.159897
2818.78	0.156807
2879.33	0.153524
2940.87	0.150128
3005.37	0.14662
3070.5	0.143099
3136.42	0.139594
3202.59	0.136136
3268.88	0.132743
3335.34	0.129427
3402.15	0.126191
3469.52	0.123041
3537.69	0.119995
3606.8	0.117115
3676.89	0.114568
3747.87	0.11273
3820.02	0.112528
3893.15	0.117702
3969.84	0.14454
4024.27	0.180877
4089.7	0.178941
4154.3	0.233489
4230.43	0.316132
4294.39	0.360665
4363.03	0.377531
4428.12	0.387512
4492.82	0.397298
4553.2	0.412518
4609.87	0.42838
4665.29	0.446074
4718.43	0.463918
4769.26	0.48238
4818.5	0.501393
4866.09	0.520829
4911.84	0.540714
4955.09	0.56101
4999.71	0.580354
5043.68	0.594951
5086.4	0.605821
5127.23	0.620857
5165.07	0.644446
5195.9	0.677952
5226.51	0.71591
5257.06	0.73116
5268.47	0.586326
5273.44	0.45234
5274.96	0.307769
2722.4	0.162491
2731.11	0.161873
2752.45	0.160527
2793.82	0.158198
2843.44	0.155433
2898.04	0.152402
2956.09	0.149196
3017.19	0.145873
3080.28	0.142491
3144.7	0.139094
3209.72	0.135722
3274.71	0.132406
3339.89	0.129164
3405.54	0.125997
3471.74	0.122903
3538.88	0.119878
3607.06	0.116932
3676.22	0.114122
3745.39	0.111615
3815.72	0.109813
3886.63	0.110077
3957.34	0.116429
4023.21	0.134293
4082.48	0.172299
4156.24	0.259448
4218.54	0.26297
4269.55	0.254965
4351.71	0.302038
4424.54	0.34193
4489.57	0.373389
4549.91	0.398013
4606.97	0.419325
4661.91	0.439751
4714.8	0.459694
4765.15	0.480022
4814.38	0.5006
4862.2	0.521571
4908.53	0.542858
4954.08	0.563574
4994.98	0.572941
5037.14	0.588266
5077.71	0.599059
5116.26	0.607299
5150.89	0.615814
5182.3	0.624512
5210.2	0.629932
5233.81	0.607842
5247.18	0.534218
5254.29	0.41154
5255.72	0.270675
2752.87	0.161066
2763.11	0.160345
2784.96	0.158923
2819.61	0.156833
2863.33	0.154303
2913.52	0.151471
2968.53	0.148425
3027.37	0.145232
3089.11	0.141947
3152.87	0.13862
3217.41	0.135304
3280.95	0.132062
3344.65	0.128901
3409.15	0.125806
3473.88	0.122798
3539.96	0.119835
3607.38	0.116918
3676.63	0.114083
3742.85	0.111616
3811.91	0.109622
3881.04	0.10878
3949.35	0.110439
4013	0.114918
4081.18	0.120817
4149.41	0.140918
4213.7	0.148948
4274.68	0.159442
4336.46	0.213787
4421.73	0.308522
4486.88	0.362
4546.37	0.394553
4603.07	0.418642
4657.82	0.440469
4711.23	0.461434
4759.88	0.467731
4809.57	0.482615
4857.88	0.494606
4904.38	0.505266
4946.63	0.515187
4990.76	0.524327
5032.2	0.538395
5071.33	0.550711
5107.9	0.559378
5141.3	0.562533
5171.3	0.559279
5197.31	0.54616
5218.21	0.514025
5232.56	0.436853
5240.08	0.333678
5241.76	0.218711
2773.26	0.160016
2783.7	0.15927
2804.85	0.157863
2836.52	0.155896
2876.98	0.153507
2924.43	0.150803
2977.44	0.14786
3034.99	0.144741
3096.32	0.141496
3160.71	0.138171
3226.65	0.13484
3287.63	0.131703
3349.31	0.12865
3413.28	0.125588
3475.53	0.122746
3540.63	0.119873
3606.85	0.117021
3672.93	0.114239
3741.09	0.111365
3809.39	0.108775
3877.59	0.106488
3945.17	0.104695
4011.53	0.103556
4078.72	0.103624
4145.78	0.107197
4211.33	0.114189
4275.33	0.1383
4336.33	0.220081
4425.22	0.327086
4484.34	0.32072
4542.15	0.342997
4598.26	0.357893
4652.63	0.368105
4701.67	0.37358
4754.34	0.381462
4805.14	0.394521
4854.48	0.405618
4901.19	0.415629
4945.17	0.424717
4987.89	0.436429
5028.52	0.445106
5066.79	0.450504
5102.45	0.451347
5135.14	0.445805
5164.53	0.432678
5189.69	0.409736
5209.46	0.376326
5223.56	0.322062
5229.55	0.221508
5233.95	0.195036
2783.41	0.159456
2793.78	0.15871
2814.42	0.157325
2844.87	0.155414
2883.88	0.153092
2930.05	0.150449
2982.13	0.147553
3039.21	0.144456
3100.87	0.141191
3167.5	0.137761
3241.38	0.134114
3294.26	0.131356
3352.37	0.128547
3409.74	0.12573
3474.91	0.122748
3540.32	0.119817
3606.34	0.116926
3672.84	0.114079
3740.31	0.111274
3808.15	0.108576
3875.95	0.106002
3943.36	0.103599
4010.27	0.101456
4077.23	0.0998469
4144.04	0.0995564
4210.36	0.102288
4276.65	0.113666
4344.09	0.143594
4416.33	0.183566
4479.6	0.196113
4537.42	0.212356
4592.43	0.225164
4646.24	0.236966
4696.82	0.246192
4748.48	0.266186
4800.45	0.285729
4852.23	0.301622
4899.53	0.31231
4943.91	0.31954
4986.26	0.324828
5026.51	0.326779
5064.43	0.325584
5099.78	0.321211
5132.37	0.313622
5162.2	0.303656
5187.18	0.289724
5205.72	0.265503
5217.24	0.220188
5225.78	0.194807
5230.19	0.174828
4436.3	0.421522
4484.13	0.427673
4541.81	0.443789
4597.93	0.463118
4652.86	0.48096
4693.34	0.490058
4714.11	0.540869
4759.23	0.543552
4809.26	0.55595
4857.58	0.566196
4904.41	0.576038
4942.23	0.579884
4959.02	0.622131
4994.28	0.624827
5036.83	0.644102
5077.38	0.658814
5116.11	0.673782
5149.96	0.683994
5167.81	0.696098
5193.62	0.696878
5205.59	0.715606
2659.66	0.164498
2719.1	0.161965
2778.58	0.159115
2807.37	0.157427
2877.1	0.153853
2958.72	0.149621
3013.38	0.146711
3040.29	0.145046
3109.89	0.141501
3189.96	0.137604
3245.86	0.13506
3276.05	0.133608
3348.34	0.131247
3429.22	0.130797
3484.29	0.133441
3516.77	0.133454
3592.46	0.141946
3675.42	0.164223
3724.42	0.193372
3752.91	0.220283
3832.65	0.308501
3916.33	0.329385
3963.05	0.3383
3987.34	0.346545
3916.78	0.482898
3950.86	0.48256
4018.41	0.484765
4088.97	0.485928
4149.99	0.493414
4216.28	0.494164
4276.67	0.496066
4336.74	0.495781
4380.32	0.495857
4403.89	0.506585
4456.46	0.508026
4512.31	0.516121
4566.5	0.519489
4611.22	0.53075
4658.11	0.533792
4710.17	0.537917
4760.36	0.540652
4805.79	0.543534
4812.75	0.555536
4642.18	0.617591
4686.29	0.621937
4737.46	0.627925
4789.52	0.635454
4842.71	0.642403
4896.34	0.650302
4950.31	0.65811
5004.7	0.665387
5060.18	0.671562
5116.14	0.678299
5172.06	0.685694
5227.55	0.693403
5282.34	0.700692
5327.85	0.717037
5378.98	0.721805
5425.74	0.726557
5465.73	0.723643
5469.12	0.547861
4639.49	0.556556
4676.93	0.562777
4696.49	0.581234
4726.57	0.581496
4772.2	0.594873
4816.86	0.609781
4859.81	0.625685
4878.8	0.666742
4903.74	0.667876
4950.41	0.679389
4997.35	0.692671
5047.39	0.700773
5067.96	0.719246
5094.24	0.719338
5140.46	0.73499
5183.78	0.754671
5228.79	0.762689
5255.93	0.764191
5283.79	0.763864
5323.75	0.767083
5329.18	0.591795
5329.96	0.476198
3961.11	0.392739
3994.01	0.394085
4018.95	0.411909
4069.84	0.412525
4142.92	0.425976
4210.77	0.438858
4277.61	0.448491
4320.9	0.452682
4345.64	0.478682
4403.55	0.4807
4465.62	0.486011
4513.87	0.503923
4561.2	0.508255
4580.76	0.53382
4620.23	0.534333
4673.55	0.543392
4726.53	0.548075
4778.98	0.55143
4809.49	0.552381
4829.77	0.555979
4856.24	0.556506
2799.25	0.158199
2817.65	0.157091
2841.97	0.155733
2889.04	0.153273
2964.11	0.149405
3031.43	0.145971
3058.9	0.144458
3110.73	0.142027
3182.41	0.13958
3246.3	0.138657
3271.26	0.13837
3323	0.139528
3393.36	0.156813
3449.02	0.219318
3474.76	0.328919
3535.38	0.354848
3624.54	0.375668
3690.31	0.381311
3705.33	0.39277
3763.85	0.394017
3838.23	0.400323
3895.32	0.401017
3904.21	0.378587
3558.39	0.451612
3617.15	0.454365
3698.74	0.460676
3783.11	0.46457
3866.03	0.467895
3942.27	0.474176
4014.44	0.479102
4083.24	0.48323
4155.47	0.484796
4213.12	0.494261
4272.08	0.497991
4331.93	0.501243
4390.05	0.504972
4448	0.506998
4505.06	0.508269
4549.7	0.508311
4569.69	0.516563
4612.48	0.516406
4657.85	0.517957
4689.19	0.517337
3896.24	0.41526
3955.35	0.433809
4024.29	0.452549
4095.4	0.465133
4164.68	0.476197
4232.36	0.483532
4288.18	0.48632
4313.49	0.51629
4363.04	0.517196
4423.63	0.531423
4481.23	0.53934
4536.64	0.547094
4590.13	0.554838
4641.48	0.56233
4687.58	0.572869
4732.47	0.579382
4778.16	0.582316
4816.36	0.583438
4833.72	0.593029
4868.64	0.59329
4910.28	0.596252
4938.32	0.596713
3688.72	0.363303
3752.58	0.378533
3834.09	0.404035
3914.73	0.423052
3992.19	0.43486
4040.92	0.440541
4070.66	0.480678
4137.27	0.482513
4206.53	0.486793
4273.25	0.490822
4336.95	0.495999
4395.9	0.503814
4447.41	0.516735
4508.78	0.521121
4566.51	0.528148
4621.39	0.533858
4665.82	0.535766
4684.22	0.558821
4725.13	0.559019
4776.54	0.561555
4812.6	0.561987
3821.69	0.20712
3870.56	0.287099
3889.84	0.301975
3944.79	0.336402
4012.84	0.371862
4086.73	0.392499
4155.79	0.406023
4222.62	0.416987
4289.22	0.422584
4353.95	0.424644
4415.11	0.424869
4453.43	0.423516
4471.78	0.407277
4519.72	0.410244
4571.78	0.418019
4622.68	0.424733
4669.51	0.432259
4714.83	0.439134
4758.45	0.443187
4795.01	0.447059
3011.63	0.146615
3065.46	0.143821
3137.75	0.140515
3211.95	0.138125
3286.84	0.138836
3361.45	0.149444
3432.5	0.191886
3512.61	0.306517
3588.39	0.374716
3672.88	0.405734
3757.49	0.422787
3839.5	0.433653
3914.65	0.443344
3992.29	0.446206
4069.36	0.447139
4141.92	0.448072
4204.29	0.448527
4259.9	0.448215
4283.39	0.450569
4379.45	0.355869
4403.27	0.360613
4421.31	0.447693
4467.07	0.453271
4491.89	0.500012
4525.58	0.500169
4567.95	0.505001
4588.65	0.523811
4631.28	0.526022
4649.5	0.550638
4687.51	0.551213
4715.72	0.558645
4738.74	0.562634
4774.97	0.565896
4790.43	0.579214
4828.88	0.580031
4848.17	0.595235
4881.06	0.595279
4915.83	0.597715
4937.48	0.608283
4976.63	0.610859
4992.32	0.626065
5029.99	0.627089
5060.05	0.630203
5093.13	0.629205
5134.59	0.631253
5149.43	0.630839
4186.83	0.489856
4206.77	0.489549
4261.77	0.493104
4320.66	0.49711
4377.94	0.499665
4402.57	0.517333
4441.59	0.517275
4496.64	0.532067
4552.24	0.539062
4602.87	0.546912
4625.89	0.561312
4658.04	0.56118
4707.22	0.571183
4755.89	0.576079
4803.41	0.579439
4824.74	0.585863
4849.49	0.58563
4904.09	0.599967
4954.77	0.610614
5004.28	0.615773
5031.33	0.616895
5056.65	0.616499
5097.8	0.616888
2594.41	0.165397
2609.55	0.165232
2658.19	0.164046
2744.74	0.160717
2826.55	0.156742
2889.4	0.15342
2912.45	0.151952
2971.24	0.148813
3044.88	0.144938
3116.64	0.141305
3162.39	0.13929
3189.18	0.138163
3253.2	0.137024
3322	0.14191
3384.77	0.169149
3406.29	0.230723
3457.64	0.290273
3536.24	0.347251
3616.48	0.369924
3680.96	0.378183
3707.81	0.407036
3767.46	0.408054
3819.36	0.412529
3870.74	0.409391
3899.4	0.413438
3924.5	0.468888
3988.49	0.471688
4062.4	0.480528
4135.05	0.488044
4206.26	0.494329
4243.88	0.497248
4280.16	0.497942
4343.45	0.506076
4403.76	0.511884
4462.46	0.517151
4514.39	0.519557
4534.66	0.542856
4574.62	0.543169
4631.75	0.548107
4683.54	0.554253
4734.97	0.557997
4773.59	0.559395
4793.35	0.572233
4837.18	0.572628
4867.93	0.574497
4473.36	0.471891
4482.47	0.476495
4516.29	0.476831
4559.06	0.483315
4574.34	0.515392
4611.26	0.516569
4651.48	0.521172
4663.46	0.553039
4703.82	0.554473
4743.18	0.5575
4761.68	0.580772
4808.81	0.582606
4843.68	0.585161
4855.49	0.59333
4899.72	0.595318
4920.25	0.60886
4942.87	0.608531
4985.45	0.612232
4998.88	0.625416
5026.95	0.625442
5070.17	0.628788
5082.82	0.64696
5117.33	0.647563
5155.32	0.652461
5163.59	0.667294
5188.68	0.668487
3153.81	0.143753
3206.82	0.146542
3279.79	0.165965
3352.29	0.231247
3433.48	0.329293
3513.33	0.355427
3595.1	0.375658
3672.19	0.394475
3704.99	0.4291
3749.85	0.428914
3827.62	0.434561
3899.84	0.441872
3967.79	0.449508
4035.05	0.455573
4102.01	0.461585
4169.15	0.466352
4235.21	0.470705
4298.87	0.474756
4360.57	0.477515
4416.04	0.478906
4436.75	0.490519
4469.65	0.490163
4493.69	0.494566
3490.47	0.268136
3516.3	0.296597
3535.25	0.362041
3591.61	0.373809
3678.62	0.395365
3762.71	0.410066
3817.25	0.416266
3848.33	0.447186
3919.14	0.447476
3979.94	0.433157
4048.43	0.433354
4077.47	0.438329
4125.44	0.438039
4194.44	0.448757
4261.57	0.454054
4310.59	0.456172
4334.73	0.477825
4389.68	0.479146
4450.78	0.487541
4507.56	0.493526
4533.04	0.504014
4565.14	0.503543
4620.17	0.507372
4672.23	0.509882
4705.88	0.511381
3837.51	0.468375
3844.1	0.469126
3893.89	0.469193
3967.11	0.470891
4041.15	0.472518
4105.12	0.482211
4167.67	0.487232
4230.83	0.490979
4293.64	0.495606
4353.41	0.500977
4399.4	0.50301
4421.38	0.534832
4470.91	0.536142
4525.41	0.54509
4583.21	0.548056
4633.63	0.559475
4692.72	0.562664
4748.55	0.568478
4802.1	0.572289
4855.91	0.573083
4885.83	0.573434
4894.04	0.572641
3978.33	0.176246
4019.7	0.250203
4046.24	0.3739
4100.63	0.382789
4164.6	0.404961
4193.36	0.445895
4253.31	0.448113
4301.65	0.456013
4329.85	0.478573
4389.07	0.482064
4420.41	0.492066
4455.08	0.491387
4508.82	0.49782
4530.7	0.517588
4575.17	0.517649
4618.93	0.526568
4636.8	0.557382
4683.62	0.558736
4720.01	0.562917
4742.14	0.578729
4789.87	0.580842
4813.44	0.588833
4843.97	0.588533
4890.31	0.589543
4910.82	0.590197
4935.43	0.590015
4941.5	0.586384
4944.79	0.588587
4976.03	0.588674
4991.22	0.595713
5027.19	0.595667
5042.51	0.610608
5078.47	0.610516
5090.47	0.625942
5121.74	0.626304
5134.51	0.644339
5164.07	0.644976
5177.76	0.669223
5209.23	0.66998
5220.96	0.707833
5248.36	0.709089
5265.26	0.73989
5296.86	0.740479
5308.92	0.773433
5335.52	0.773868
5343.59	0.790973
5364.45	0.791161
5360.18	0.788872
5355.9	0.655745
5346.95	0.651111
5345.72	0.640313
4159.94	0.37191
4219.24	0.408005
4260.17	0.437651
4294.45	0.452522
4362.85	0.459219
4425.36	0.4688
4452.08	0.497935
4496.55	0.49808
4557.56	0.512622
4603.9	0.517502
4625.06	0.550481
4672.23	0.552083
4726.22	0.565388
4758.37	0.569263
4781.79	0.582345
4828.49	0.58477
4873.69	0.588899
4894.43	0.598721
4928.29	0.598634
4977.82	0.606933
5017.39	0.608593
5035.68	0.612836
5070.58	0.612676
3875.44	0.456901
3924.96	0.457106
3985.27	0.458279
4009.67	0.473446
4064.16	0.473389
4134.83	0.479993
4201.4	0.484726
4269.14	0.487721
4333.47	0.493165
4393.59	0.499513
4447.03	0.502048
4469.37	0.519844
4509.3	0.5199
4565.45	0.530127
4620.12	0.535076
4672.3	0.541312
4721.5	0.547747
4778.52	0.549624
4830.04	0.551978
4851.13	0.556445
4872.26	0.556144
3886.47	0.449038
3946.08	0.451643
3981.5	0.458104
4018.11	0.457174
4090.66	0.457705
4126.36	0.461287
4156.79	0.461305
4213.54	0.459326
4249.25	0.460757
4273.59	0.467021
4330.02	0.469676
4367.71	0.472363
4389.84	0.483676
4443.06	0.485055
4482.37	0.487345
4503.02	0.500313
4552.44	0.502402
4589.58	0.506555
4606.72	0.530086
4651.62	0.531556
4687.51	0.53444
4703.25	0.54819
4742.49	0.54876
4774.63	0.550835
4777.9	0.547127
4101.85	0.467238
4147.54	0.467903
4208.13	0.472311
4267.24	0.477912
4318.29	0.480814
4336.63	0.506337
4379.71	0.506613
4441.42	0.514385
4500.5	0.521946
4551.68	0.534374
4575.54	0.545985
4603.54	0.545682
4651.31	0.553103
4696.04	0.561259
4745.96	0.564899
4775.03	0.568396
4789.42	0.585115
4829.86	0.586347
4871.93	0.591886
4916.45	0.594081
4948.75	0.59509
4958.1	0.60477
4990.07	0.604828
5001.57	0.590072
5009.51	0.597061
5031.66	0.596335
5042.07	0.594325
5046.51	0.599662
5069.49	0.599852
5081.73	0.600216
5086.51	0.613044
5109.29	0.614202
5122.94	0.618223
5128.75	0.631473
5149.25	0.633178
5164.17	0.635769
5167.47	0.654753
5186.69	0.657299
5199.71	0.65563
5202.04	0.6722
5218.64	0.675862
5230.34	0.672042
5229.02	0.703336
5241.35	0.712088
5250.59	0.713221
5243.42	0.741805
5250.77	0.763313
5252.55	0.763788
3534.59	0.120425
3550.88	0.11991
3586.22	0.118673
3606.85	0.119037
3646.86	0.119539
3669.98	0.12055
3698.41	0.131162
3733.21	0.138901
3752.04	0.198495
3801.73	0.282811
3831.93	0.380025
3871.24	0.399766
3912.19	0.399289
3943.69	0.41065
3989.37	0.410825
4016.3	0.425997
4050.1	0.4332
4081.18	0.438897
4100.99	0.434794
4142.14	0.433774
4164.08	0.392415
4189.28	0.382235
4207.34	0.365556
4049.48	0.454124
4105.79	0.455137
4160.56	0.456294
4178.45	0.475266
4230.28	0.47554
4294.34	0.483941
4342.95	0.486939
4364.79	0.514619
4416.48	0.515506
4472.18	0.524504
4510.46	0.527419
4529.82	0.55079
4582.67	0.552835
4644.82	0.556669
4678.48	0.562021
4704.18	0.571285
4758.43	0.573511
4812.91	0.578086
4842.01	0.579371
4875.62	0.578855
4933.47	0.58113
4973.79	0.582652
4980.04	0.58372
4980.1	0.585269
3930.67	0.492786
3978.65	0.494455
4051.3	0.499627
4122.67	0.506251
4190.95	0.51383
4256.85	0.52112
4320.58	0.528215
4383.84	0.533716
4445.99	0.539209
4507.2	0.543993
4567.72	0.547924
4627	0.551531
4682.62	0.557046
4736.87	0.560448
4769.96	0.56188
4790.65	0.577621
4839.27	0.578968
4890.64	0.581279
4942.87	0.581791
4986.11	0.583197
4945.97	0.587124
4952.95	0.587848
4982.32	0.587979
5000.26	0.598203
5025.37	0.599255
5049.59	0.599191
5068.41	0.609866
5100.16	0.609826
5118.41	0.619397
5143.44	0.62117
5167.63	0.620539
5185.21	0.633092
5216.2	0.633513
5232.77	0.649982
5255.55	0.65517
5277.59	0.655126
5291.44	0.681522
5320.58	0.682745
5332.8	0.714432
5351.91	0.722484
5370.46	0.722885
5380.64	0.755743
5406.02	0.756984
5418.65	0.799521
5439.46	0.803793
5451.18	0.803341
4513.1	0.538817
4554.92	0.540794
4603.99	0.544963
4651.99	0.550479
4686.07	0.553057
4703.01	0.573607
4742.38	0.575159
4786.67	0.580429
4830.31	0.583043
4866.57	0.584844
4878.26	0.621127
4909.79	0.62317
4951.21	0.635883
4995.15	0.641939
5041.88	0.646059
5053.22	0.682962
5083.74	0.682643
5127.75	0.704433
5168.36	0.720746
5205.59	0.735088
5221.91	0.749158
5225.31	0.715955
5238.04	0.716269
3448.03	0.381091
3510.37	0.395079
3590.83	0.412273
3672.98	0.42236
3750.34	0.432995
3827.85	0.441015
3899.88	0.450729
3968.77	0.457724
4010.72	0.460636
4040.48	0.478959
4102.74	0.481226
4166.88	0.485045
4232.61	0.487735
4296.91	0.491531
4359.2	0.495315
4418.66	0.498953
4472.15	0.503549
4527.51	0.504169
4574.28	0.502754
4591.15	0.506919
4622.06	0.506725
3643.05	0.448759
3693.42	0.450928
3769.14	0.463808
3842.55	0.475275
3913.41	0.485034
3982.1	0.492985
4050.59	0.498539
4117.92	0.503912
4183.29	0.509097
4247.86	0.512791
4311.46	0.51569
4373.8	0.517877
4426.64	0.518655
4446.7	0.537985
4488.85	0.538075
4546.4	0.543889
4601.57	0.546357
4664.71	0.546737
4721.56	0.550105
4774.48	0.552703
4811.19	0.553817
3247.99	0.133697
3294.53	0.131346
3353.21	0.128549
3391.2	0.126718
3415.85	0.125433
3475.56	0.122764
3540.73	0.119899
3607.02	0.117072
3671.88	0.114468
3702.31	0.113337
3742.37	0.111831
3811.88	0.110022
3880.99	0.109736
3949.55	0.113744
4008.25	0.127994
4033.3	0.152693
4080.94	0.185139
4155.13	0.255211
4217.63	0.25913
4262.96	0.255192
4304.46	0.516825
4304.99	0.517409
4353.73	0.51914
4411.54	0.523154
4452.59	0.52558
4473.71	0.545708
4525.2	0.547275
4580.77	0.554955
4623.8	0.557585
4643.68	0.580819
4690.63	0.581466
4744.58	0.587115
4788.86	0.58853
4807.99	0.603827
4850.02	0.604853
4902.03	0.618681
4944.27	0.626149
4969.01	0.629185
5013.59	0.628844
5071.06	0.635205
5122.5	0.637448
5140.06	0.646775
5173.99	0.646606
5206.68	0.649635
4263.49	0.574719
4301.21	0.575164
4356.1	0.579851
4411.65	0.583416
4469.96	0.585662
4526.83	0.590321
4582.95	0.594128
4638.81	0.597092
4691.05	0.606727
4743.97	0.613322
4794	0.627131
4843.79	0.636788
4892.54	0.647925
4945.38	0.653964
5000.6	0.658941
5055.46	0.665213
5109.61	0.671632
5163.46	0.677026
5209.36	0.687512
5241.89	0.690258
2775.53	0.159081
2779.4	0.158864
2795.46	0.158016
2860.2	0.154725
2903.91	0.152381
2922.59	0.151264
2984.84	0.147997
3041.37	0.145012
3061.93	0.143774
3117.23	0.140945
3180.55	0.137885
3205.5	0.13699
3252.14	0.135295
3322.26	0.135613
3358.98	0.144802
3389.75	0.152157
3457.48	0.183848
3516.22	0.290034
3541.85	0.356048
3615.99	0.366875
3684.37	0.379049
3710.3	0.404947
3767.34	0.405676
3821.52	0.412473
4167.73	0.485298
4216.46	0.490056
4254.05	0.493991
4278.33	0.51979
4335.07	0.521976
4392.12	0.529876
4450.77	0.534362
4480.27	0.539564
4504.92	0.546292
4556.18	0.549658
4610.25	0.554217
4660.42	0.561398
4681.56	0.575482
4707.24	0.575349
4755.86	0.578805
4804.34	0.582871
4850.75	0.584947
4867.83	0.598384
4896.06	0.59837
4942.59	0.601992
4987.21	0.605279
5021.6	0.605272
2762.81	0.159909
2816.63	0.157117
2889.41	0.153308
2963.9	0.149478
3038.64	0.145987
3113.75	0.143803
3187.67	0.146251
3259.53	0.16475
3328.98	0.234906
3405.02	0.342895
3484.35	0.382425
3571.76	0.399975
3655.72	0.410332
3740.24	0.416364
3820.21	0.422041
3895.69	0.42613
3969.4	0.427492
4041.71	0.427102
4101.37	0.428692
4145.56	0.429959
2870.79	0.154533
2896.57	0.152985
2962.09	0.149512
2989.96	0.147885
3037.59	0.145398
3107.59	0.142124
3138.68	0.141311
3181.52	0.139937
3251.57	0.141665
3288.12	0.154465
3326.67	0.162716
3395.55	0.220356
3445.46	0.325535
3485	0.339122
3572.64	0.350605
3629.3	0.353679
3665.86	0.362028
3746.41	0.367663
3801.31	0.371941
3830.79	0.385085
3900.47	0.385819
3954.52	0.386592
3980.3	0.389065
4038.45	0.390592
4084.29	0.394184
4092.04	0.407639
4339.06	0.559188
4345.51	0.558808
4394.57	0.561766
4450.89	0.565019
4509.02	0.568444
4565.94	0.574389
4621.35	0.580714
4675.9	0.5862
4725.8	0.59515
4776.45	0.599012
4825.33	0.608316
4884.76	0.611165
4930.08	0.612497
4951.82	0.644806
5001.84	0.646585
5059.78	0.653073
5116.51	0.657513
5169.79	0.664813
5224.28	0.669284
5277.14	0.674737
5323.34	0.681096
4705.71	0.593174
4732.46	0.593424
4783.59	0.597518
4836.28	0.602722
4892.17	0.608177
4948.62	0.612606
4992.75	0.61495
5009.87	0.668068
5049.12	0.671581
5104.55	0.675462
5160.13	0.680705
5215.27	0.686811
5269.42	0.69327
5321.95	0.699002
5372.38	0.701872
5412.6	0.697828
5452.87	0.690934
5459.09	0.477377
5460.56	0.299993
5460.91	0.260705
3787.18	0.423285
3846.35	0.426786
3913.88	0.431509
3968.13	0.433025
3989.37	0.447388
4042.21	0.447641
4104.19	0.455126
4173.85	0.457635
4216.87	0.459215
4241.88	0.476331
4301.2	0.478478
4362.96	0.485583
4419.39	0.491216
4442.33	0.509223
4476.4	0.509026
4533.72	0.514295
4590.36	0.517864
4636.59	0.519317
4652.06	0.534998
4695.46	0.534949
4750.11	0.538677
4790.9	0.540603
4049.57	0.451916
4066.95	0.454669
4105.49	0.454131
4163.12	0.456046
4182.08	0.472461
4233.51	0.472431
4283.38	0.476959
4304.61	0.504763
4356.22	0.504797
4394.42	0.505238
4416.67	0.506645
4470.07	0.507446
4494.76	0.509522
4524.66	0.508877
4572.45	0.509928
4588.77	0.515286
4625.45	0.515295
4671.15	0.518502
4687.72	0.542097
4730.95	0.543091
4767.21	0.547136
4783.89	0.560406
4828.25	0.561816
4853.33	0.565815
4873.64	0.567911
4915.3	0.569821
4930.49	0.574977
4942.84	0.574962
4469.12	0.449621
4473.23	0.449797
4504.84	0.449982
4521.25	0.460881
4545.75	0.4656
4563.37	0.479082
4581.99	0.491473
4608.58	0.491339
4621.08	0.519137
4651.5	0.519424
4664.06	0.524944
4689.68	0.526489
4707.32	0.5304
4724.16	0.531938
4748.33	0.531699
4759.92	0.54173
4786	0.542315
4794.86	0.560517
4818.93	0.562273
4830.61	0.573395
4846.64	0.578862
4867.66	0.578693
4876.65	0.587213
4899.01	0.58735
4901.95	0.556578
4165.45	0.492734
4202.62	0.494458
4222.55	0.522814
4275.99	0.52401
4335.18	0.52961
4392.15	0.534722
4450.83	0.538208
4507.29	0.544647
4563.33	0.549935
4613.73	0.559822
4658.41	0.570994
4703.8	0.575363
4755.65	0.578226
4809.39	0.580248
4850.1	0.581363
4870.5	0.595388
4916.68	0.595746
4968.18	0.600542
5016.85	0.604202
5049.32	0.60503
2706.31	0.162774
2726.88	0.161658
2774.92	0.159297
2804.29	0.157643
2877.14	0.153928
2939.18	0.150689
2964.46	0.149155
3029.15	0.145778
3102.03	0.142175
3131.29	0.140657
3188.85	0.138102
3266.56	0.13613
3303.75	0.138924
3346.13	0.140307
3422.1	0.159189
3466.76	0.217868
3501.67	0.296207
3581.21	0.316275
3654.51	0.329938
3681.27	0.373305
3753.09	0.377751
3829.32	0.388845
3861.1	0.417178
3917.74	0.416489
3968.23	0.408932
3228.69	0.137665
3237.48	0.137898
3280.2	0.137943
3352.96	0.146361
3419.57	0.186954
3450.87	0.296732
3499.4	0.31708
3580.56	0.355061
3661.93	0.385492
3702.74	0.416563
3749.22	0.416397
3833.87	0.4288
3914.61	0.443452
3959.03	0.450644
3996.46	0.462003
4065.09	0.465513
4135.74	0.468451
4179.21	0.469867
4208.78	0.480603
4274.33	0.479449
4340.53	0.475358
4378.39	0.469165
4399.17	0.459765
4440.7	0.459642
3370.93	0.324051
3437.11	0.37339
3517.3	0.403873
3604.06	0.422365
3685.74	0.437135
3764.47	0.448523
3838.92	0.458483
3910.47	0.465866
3980.52	0.470334
4043.74	0.477446
4099.48	0.479466
4125.87	0.500392
4176.99	0.500466
4242.97	0.507889
4307.58	0.509522
4370.82	0.510698
4433.15	0.511189
4489.88	0.512566
4546.34	0.512874
4595.54	0.51338
