2813.3	0.157222
2825.35	0.15638
2849.42	0.154821
2885.06	0.152676
2930.94	0.150072
2985.25	0.147115
3046.19	0.143898
3112.22	0.140498
3182.11	0.136986
3254.99	0.133423
3330.2	0.129877
3407.33	0.126445
3486.04	0.123315
3565.9	0.120836
3645.95	0.11934
3724.31	0.118111
3801.56	0.1196
3878.41	0.123397
3954.01	0.12835
4026.68	0.133731
4095.5	0.140423
4160.66	0.151838
4223.92	0.167226
4287.74	0.183817
4351.44	0.200972
4412.7	0.216885
4473.52	0.227793
4525.83	0.21166
4576.3	0.20754
4624.82	0.209861
4670.38	0.218194
4715.09	0.233064
4759.53	0.254671
4805.19	0.281463
4851.4	0.3065
4894.41	0.322878
4936.99	0.334209
4978.75	0.340454
5019.31	0.343476
5058.45	0.344008
5095.95	0.342172
5131.58	0.337886
5165.06	0.331042
5196.07	0.321509
5224.34	0.309533
5248.69	0.294621
5266.41	0.269685
5277.37	0.223879
5285.12	0.202618
5289.15	0.187901
2801.63	0.157874
2813.71	0.157035
2838.26	0.155453
2875.27	0.153237
2922.99	0.150539
2979.17	0.147486
3041.73	0.14418
3109.05	0.140707
3179.93	0.137143
3253.53	0.133565
3329.28	0.130092
3406.83	0.127012
3486.04	0.125125
3566.87	0.12639
3648.64	0.133198
3726.34	0.132997
3802.5	0.143569
3879.86	0.157359
3956.73	0.170929
4029.85	0.183167
4097.95	0.193029
4160.8	0.209905
4221.65	0.235323
4286.55	0.273886
4353.77	0.306935
4417.59	0.323148
4483.8	0.333054
4528.88	0.296537
4578.82	0.291334
4628.54	0.30649
4675.83	0.326804
4721.61	0.346724
4765.72	0.363452
4809.18	0.380779
4852.04	0.396253
4893.78	0.412325
4937.23	0.428215
4979.55	0.440563
5020.46	0.450792
5059.89	0.459168
5097.68	0.464941
5133.61	0.466995
5167.41	0.464105
5198.71	0.454727
5226.93	0.437266
5251.15	0.409627
5269.81	0.37268
5283.05	0.320339
5288.84	0.224041
5292.79	0.202533
2778.24	0.159098
2789.96	0.158295
2815.04	0.156704
2855.17	0.154345
2907.08	0.151452
2967.24	0.148202
3033.12	0.144721
3103.02	0.141108
3175.83	0.13745
3250.82	0.133862
3327.51	0.130619
3405.67	0.128639
3485.36	0.131125
3567.33	0.147932
3654.53	0.198833
3729.19	0.183565
3800.64	0.216542
3880.44	0.2657
3965.57	0.302024
4040.63	0.317272
4107.48	0.326867
4170.94	0.348233
4232.86	0.369166
4295.17	0.383655
4357.9	0.392761
4419.43	0.399704
4479.96	0.409241
4535.42	0.429463
4583.2	0.425828
4631.3	0.428067
4679.15	0.438911
4726.5	0.450146
4770.02	0.452006
4812.08	0.464333
4852.39	0.478145
4890.04	0.491116
4937.64	0.503404
4980.94	0.516466
5022.42	0.531127
5062.47	0.545324
5100.99	0.557756
5137.71	0.567026
5172.43	0.572048
5204.7	0.571625
5233.79	0.563942
5258.69	0.5447
5277.97	0.502732
5291.47	0.423577
5298.68	0.32698
5300.3	0.221314
2743.44	0.16076
2753.2	0.160091
2777.11	0.158615
2823.7	0.156009
2883.35	0.152792
2950.13	0.149234
3021.11	0.145494
3094.79	0.141683
3170.34	0.137902
3247.26	0.13432
3325.19	0.131439
3403.8	0.131093
3482.61	0.13994
3560.84	0.177401
3651.89	0.265838
3730.78	0.331324
3813.87	0.365496
3896.68	0.394737
3980.08	0.410405
4057.08	0.417582
4117.71	0.410444
4179.57	0.421581
4240.99	0.431659
4301.97	0.440912
4362.23	0.449669
4420.94	0.458735
4478.75	0.469202
4533.57	0.482035
4582.96	0.49772
4634.26	0.50565
4681.65	0.514247
4735.58	0.523201
4774.88	0.498623
4816.32	0.505818
4857.4	0.518906
4898.15	0.531485
4940.99	0.543305
4982.91	0.557321
5024.7	0.572914
5065.69	0.586684
5105.53	0.597047
5143.64	0.604649
5180.05	0.613965
5214.12	0.624724
5245.1	0.634375
5271.95	0.633274
5292.13	0.596636
5304.92	0.517717
5312.1	0.39508
5313.87	0.27501
2699.15	0.162588
2702.56	0.162204
2716.76	0.161224
2779.49	0.158205
2852.91	0.154514
2929.32	0.150546
3006.99	0.146498
3085.4	0.14248
3164.29	0.138599
3243.54	0.13511
3322.99	0.132865
3402.14	0.135452
3479.13	0.158549
3559.26	0.251136
3657.04	0.348941
3748.96	0.38985
3820.55	0.410937
3907.72	0.435696
3997.61	0.450711
4065.42	0.45492
4125.34	0.433312
4186.55	0.441514
4247.58	0.449971
4307.94	0.458165
4367.23	0.466111
4422.31	0.472475
4480.38	0.480067
4535.12	0.49172
4587.05	0.504089
4638.2	0.516377
4688.84	0.528593
4732.62	0.533969
4779.21	0.544699
4819.6	0.548854
4861.47	0.559751
4902.88	0.568496
4943.98	0.576551
4983.83	0.583692
5026.79	0.595245
5069.48	0.603152
5111.57	0.611509
5150.92	0.620617
5189.44	0.636806
5225.9	0.659118
5259.73	0.688633
5290.94	0.719377
5311.55	0.726515
5324.19	0.574448
5330.06	0.431397
5332.12	0.314054
2651.66	0.16417
2641.33	0.164011
2608.03	0.163432
2724.81	0.160705
2819.83	0.156513
2907.72	0.152185
2992.74	0.147973
3076.22	0.143942
3158.64	0.140169
3240.45	0.137072
3321.76	0.135486
3402.41	0.137807
3482.27	0.151203
3559.61	0.194343
3657	0.276256
3751.74	0.334555
3835.23	0.363494
3912.85	0.377039
3991.76	0.39288
4062.96	0.403341
4128.38	0.417002
4191.51	0.432327
4253.11	0.447304
4313.37	0.462131
4372.56	0.476895
4431.49	0.49129
4483.86	0.49092
4538.06	0.502826
4590.55	0.514518
4641.38	0.526326
4690.74	0.538168
4738.58	0.550133
4781.03	0.555121
4822.65	0.566101
4864.73	0.579393
4905.54	0.591485
4951.13	0.601501
4984.15	0.608286
5028.67	0.619722
5073.28	0.630196
5119.49	0.640645
5157.96	0.639197
5199.33	0.660183
5238.34	0.687959
5274.89	0.727213
5309.81	0.775613
5351.58	0.820966
5350.47	0.609924
5351.63	0.45356
5352.45	0.329312
2614.66	0.165303
2603.21	0.165138
2576.4	0.164655
2691.97	0.162532
2794.17	0.158699
2889.4	0.154834
2980.56	0.151439
3068.74	0.148478
3154.32	0.145673
3238.54	0.144733
3321.64	0.147376
3403.11	0.157262
3485.22	0.17976
3564.22	0.23446
3667.17	0.305327
3757.43	0.339036
3841.44	0.359394
3912.98	0.371665
3990.36	0.379024
4063.08	0.394285
4131.05	0.407465
4195.76	0.419636
4257.99	0.430936
4318.09	0.441783
4376.5	0.452595
4433.54	0.463602
4488.24	0.475139
4542.38	0.486666
4595.11	0.498309
4645.36	0.510388
4693.77	0.523771
4740.51	0.537932
4785.01	0.552813
4826.96	0.567591
4865.31	0.580609
4912.37	0.592328
4950.44	0.599348
4989.32	0.60188
5028.6	0.613106
5070.62	0.621854
5119.83	0.634536
5167.02	0.645718
5211.3	0.667584
5252.48	0.696605
5294.75	0.732756
5333.41	0.774496
5376.78	0.817126
5373.8	0.618575
5373.47	0.467877
5373.68	0.337902
2589.24	0.166094
2580.56	0.165946
2563.13	0.165865
2672.54	0.164767
2775.62	0.162883
2875.43	0.16213
2971.65	0.163613
3064.11	0.166331
3151.61	0.165654
3237.79	0.17075
3322.35	0.187029
3400.68	0.227073
3498.51	0.296179
3586.68	0.342676
3676.48	0.370102
3762.82	0.387503
3846.01	0.400011
3927.06	0.411118
3990.23	0.412899
4065.2	0.419188
4134.46	0.429141
4200.28	0.439315
4263.01	0.449159
4322.66	0.458979
4380.06	0.469409
4436.23	0.480374
4491.52	0.491631
4546.5	0.502753
4600.54	0.513327
4649.62	0.522261
4696.94	0.536026
4743.22	0.550766
4790.21	0.565057
4829.9	0.569666
4871.37	0.581882
4912.45	0.582478
4951.94	0.588943
4994.55	0.597242
5034.32	0.605544
5082.8	0.613788
5131.67	0.624485
5178.6	0.639446
5225.53	0.662923
5261.32	0.691878
5309.73	0.728494
5350.37	0.771914
5390.68	0.801743
5393.83	0.611745
5394.61	0.476067
5394.91	0.343476
2572.59	0.166687
2566.73	0.166669
2555.74	0.167677
2659.31	0.16963
2760.12	0.175403
2864.72	0.185314
2965.81	0.201702
3063.34	0.225152
3148.87	0.22583
3236.97	0.260335
3333.25	0.310214
3421.01	0.347072
3510.41	0.37296
3597.8	0.390965
3684.31	0.403799
3768.44	0.414557
3849.85	0.424244
3928.37	0.433541
4002.91	0.443012
4070.62	0.445033
4139.14	0.45478
4205.92	0.463839
4269.27	0.472399
4327.78	0.48086
4383.26	0.492433
4438.28	0.505221
4493.59	0.517618
4550.06	0.529451
4609.43	0.540338
4654.19	0.533234
4699.81	0.540854
4744.04	0.545273
4785.17	0.553337
4832.37	0.56262
4875.47	0.576997
4916.5	0.585454
4959.85	0.592828
5001.59	0.600331
5046.3	0.607926
5093.6	0.617965
5144.02	0.63219
5188.22	0.642172
5231.57	0.666128
5280.71	0.697914
5328.78	0.737517
5374.43	0.779231
5421.18	0.818249
5418.13	0.633603
5416.63	0.48953
5416.17	0.349669
2561.88	0.167148
2558.03	0.167338
2550.86	0.170351
2648.14	0.180805
2739.19	0.224676
2855.52	0.310203
2963.59	0.355663
3079.06	0.384294
3163.32	0.357984
3251.13	0.371642
3341.36	0.386066
3430.41	0.39836
3518.86	0.409121
3605.96	0.418993
3691.29	0.42824
3774.07	0.437144
3854.18	0.445656
3931.5	0.453802
4005.57	0.461746
4073.3	0.46953
4143.73	0.476968
4213.25	0.484748
4278.74	0.493886
4334.37	0.491191
4385.46	0.49307
4438.68	0.500764
4493.27	0.493726
4549.48	0.500126
4604.02	0.508803
4651.35	0.509165
4695.99	0.517274
4744.92	0.529761
4790.98	0.545543
4837.87	0.56077
4874.81	0.572052
4922.22	0.584725
4967.04	0.595611
5012.43	0.604794
5054.93	0.612355
5100.08	0.617328
5145.99	0.628092
5197.77	0.644037
5247.64	0.668033
5297.96	0.699976
5347.27	0.739511
5395.4	0.779793
5444.25	0.817129
5440.02	0.636147
5437.44	0.493128
5436.46	0.351565
2555.06	0.167453
2552.58	0.167479
2548.07	0.169069
2643.47	0.173325
2737.11	0.187177
2831.97	0.222489
2946.1	0.272704
3064.11	0.304676
3163.19	0.319577
3255.72	0.346903
3346.58	0.368523
3436.35	0.385158
3525.44	0.39778
3613.35	0.408184
3699.19	0.417479
3781.15	0.426305
3860.48	0.435906
3937.66	0.445443
4012.97	0.454887
4088.07	0.464082
4147.94	0.469187
4225.56	0.478942
4281.51	0.465777
4336.39	0.474326
4389.78	0.4834
4440.67	0.493192
4499.97	0.503734
4549.88	0.501839
4599.39	0.508483
4650.66	0.515811
4698.34	0.525565
4747.01	0.536238
4794.4	0.550702
4834.83	0.563862
4881.32	0.577525
4929.53	0.589472
4973.07	0.59603
5017.89	0.603998
5061.32	0.613211
5102.41	0.619776
5155.16	0.629528
5207.05	0.646623
5260.43	0.670031
5312.97	0.701358
5363.92	0.74024
5413.58	0.779729
5463.43	0.816187
5459.25	0.632805
5456.36	0.490626
5455.19	0.35015
2550.75	0.167677
2549.11	0.167601
2546.12	0.168673
2639.33	0.171871
2731.44	0.183758
2825.86	0.218384
2944.09	0.2841
3058.03	0.329256
3159.42	0.358697
3254.9	0.379297
3347.76	0.393894
3439.28	0.405083
3529.89	0.414668
3619.82	0.422434
3708.33	0.427665
3788.57	0.426222
3866.89	0.431306
3943.85	0.436814
4018.89	0.441965
4090.97	0.446789
4159.99	0.453513
4222.46	0.452266
4283.44	0.461197
4338.9	0.46869
4394.04	0.480328
4446.12	0.487093
4497.29	0.495787
4551.25	0.506704
4602.54	0.519033
4652.57	0.531717
4702.77	0.544549
4748.82	0.551748
4793.88	0.559948
4839.47	0.56857
4885.01	0.577629
4931.53	0.587282
4976.31	0.591114
5023.01	0.599033
5069.05	0.607269
5115.11	0.618312
5163.53	0.631725
5212.55	0.649528
5271.11	0.671819
5326.23	0.702301
5378.74	0.740516
5429.51	0.779523
5479.99	0.815415
5476.13	0.62836
5473.29	0.485956
5472.08	0.347244
2548.1	0.167849
2546.94	0.167807
2544.69	0.169656
2635.06	0.177859
2719.51	0.219121
2836.24	0.310086
2946.85	0.360424
3053.86	0.391452
3155.45	0.414172
3252.61	0.433274
3347.07	0.448712
3439.93	0.460602
3532.08	0.469651
3625.04	0.476688
3723.37	0.482017
3795.74	0.466295
3872.63	0.471374
3950.01	0.476224
4025.87	0.48043
4095.08	0.482869
4160.6	0.488815
4222.47	0.49568
4289.22	0.501566
4340.14	0.487572
4393.55	0.489806
4448.12	0.495976
4500.88	0.504501
4553.85	0.513886
4605.64	0.524267
4653.04	0.531307
4703.31	0.538792
4750.82	0.548766
4791.74	0.556765
4842.13	0.569155
4888.42	0.574702
4929.82	0.583064
4979.61	0.593572
5028.23	0.600965
5075.93	0.608269
5122.08	0.617325
5170.5	0.631413
5221.57	0.650307
5282.18	0.672355
5338.67	0.702528
5392.15	0.740416
5443.6	0.779235
5494.49	0.814774
5490.96	0.624309
5488.28	0.481011
5487.11	0.344012
2546.61	0.167947
2545.81	0.167815
2544.19	0.169013
2634.35	0.174546
2719.76	0.202571
2830.15	0.283488
2942.06	0.344604
3047.87	0.380157
3150.09	0.403001
3248.55	0.420842
3344.58	0.435175
3438.76	0.446991
3531.48	0.45684
3623.07	0.46511
3712.99	0.472063
3794.71	0.477914
3875.26	0.484774
3956.61	0.490624
4041.53	0.496103
4103.6	0.486548
4165.39	0.489171
4229.86	0.493392
4283.36	0.501716
4343.96	0.512829
4397.77	0.509633
4451.15	0.509381
4502.58	0.512607
4556.37	0.518596
4607.86	0.527759
4659.76	0.538184
4706.21	0.546099
4747.23	0.553016
4789.03	0.554559
4837.96	0.55881
4888.11	0.568655
4933.73	0.5801
4984.7	0.590472
5033.7	0.599165
5081.22	0.607174
5127	0.618502
5173.11	0.633087
5234.92	0.64934
5294.22	0.671637
5350.65	0.70204
5404.39	0.739975
5456.13	0.778876
5507.21	0.814242
5503.95	0.621111
5501.42	0.476604
5500.31	0.341012
2545.96	0.167985
2545.44	0.167711
2544.45	0.167799
2636.51	0.168725
2727.76	0.175264
2819.98	0.203653
2929.5	0.279072
3037.31	0.33867
3141.89	0.37297
3241.93	0.394654
3340.09	0.410092
3436.01	0.422304
3529.5	0.432244
3620.67	0.440457
3709.05	0.447321
3793.41	0.453101
3875.88	0.459155
3958.36	0.465198
4044.09	0.47062
4103.83	0.457883
4162.89	0.465447
4227.52	0.473322
4295.04	0.480756
4342.68	0.468456
4395.52	0.46855
4453.06	0.478086
4509.95	0.490039
4561.6	0.492812
4612.06	0.506324
4662.81	0.519775
4702.8	0.521281
4746.67	0.52905
4795.05	0.542794
4842.29	0.557621
4887.84	0.573099
4941.42	0.585768
4990.87	0.591821
5040.02	0.599833
5087.44	0.60752
5130.63	0.618946
5189.27	0.631314
5248.18	0.647686
5305.97	0.670448
5361.82	0.701178
5415.42	0.739337
5467.18	0.778479
5518.29	0.8138
5515.2	0.618754
5512.8	0.472934
5511.74	0.338401
2545.85	0.167987
2545.54	0.167624
2544.97	0.167127
2638.74	0.166043
2732.2	0.165065
2826.53	0.168734
2923.12	0.184105
3015.24	0.229401
3130.59	0.300906
3231.66	0.343286
3333.71	0.368097
3432.57	0.383409
3527.42	0.393982
3619.02	0.401807
3707.45	0.408628
3792.47	0.415059
3875.04	0.421749
3955.37	0.428605
4032.77	0.434734
4105.04	0.437271
4153.62	0.425796
4221.05	0.428429
4283.56	0.433775
4336.73	0.436027
4396.47	0.444
4453.99	0.455922
4511.83	0.46814
4569.17	0.480665
4614.87	0.482047
4658.21	0.494981
4706.15	0.504488
4753.22	0.520694
4801.25	0.536452
4849.39	0.551907
4897.95	0.566721
4949.01	0.579748
4999.67	0.591025
5048.47	0.599344
5097.78	0.607168
5147.94	0.617172
5203.18	0.629504
5259.99	0.64616
5316.54	0.66923
5371.74	0.700248
5425.05	0.738666
5476.7	0.778095
5527.77	0.813442
5524.78	0.61701
5522.48	0.469862
5521.46	0.336119
2546.09	0.167967
2545.96	0.167571
2545.67	0.1669
2641.08	0.165263
2735.23	0.162367
2829.15	0.159901
2924.36	0.160664
3019.68	0.168973
3116.82	0.189474
3210.38	0.23663
3325.82	0.296285
3430.46	0.32885
3526.81	0.349504
3618.8	0.364545
3707.57	0.37675
3792.34	0.387596
3874.74	0.3969
3953.58	0.405979
4024.9	0.411698
4093.66	0.418542
4156.08	0.426216
4217.73	0.422837
4279.66	0.431681
4338.79	0.440319
4397.78	0.448446
4452.7	0.456193
4512.32	0.466975
4570.71	0.479785
4617.54	0.484232
4659.22	0.493486
4708.5	0.509417
4757.03	0.525396
4805.6	0.541111
4854.4	0.556413
4903.98	0.570861
4955.62	0.583564
5009.42	0.593647
5055.78	0.599411
5106.39	0.606922
5158.87	0.616214
5213.66	0.62833
5269.56	0.645017
5325.34	0.668237
5380.04	0.699461
5433.09	0.738097
5484.62	0.777775
5535.64	0.813156
5532.73	0.615581
5530.5	0.467109
5529.52	0.334018
2546.51	0.167941
2546.59	0.167566
2546.71	0.167124
2644.65	0.166136
2738.44	0.164438
2830.45	0.16043
2924.93	0.1587
3020.01	0.162534
3116.86	0.178205
3209.93	0.215833
3320.3	0.273999
3429.9	0.315469
3526.41	0.336865
3618.76	0.353189
3709.34	0.365512
3792.74	0.368787
3876.13	0.377295
3947.78	0.380882
4021.49	0.389862
4089.98	0.401036
4154.27	0.412745
4216.19	0.42525
4278.19	0.437737
4338.56	0.450174
4397.97	0.462446
4456.99	0.474713
4511.98	0.478149
4568.85	0.488298
4611.53	0.495032
4659.12	0.503375
4709.81	0.515126
4759.05	0.530367
4808.04	0.545729
4857.02	0.560828
4906.47	0.575149
4958.83	0.587299
5015.23	0.596256
5058.17	0.600484
5112.23	0.606873
5166.19	0.615723
5221.2	0.627617
5276.79	0.64426
5332.14	0.667566
5386.5	0.698949
5439.39	0.737736
5490.87	0.777563
5541.88	0.812938
5539.06	0.614199
5536.9	0.464388
5535.95	0.331952
2546.91	0.167925
2547.21	0.16766
2548.11	0.16836
2652.08	0.172309
2742.8	0.186631
2829.11	0.176821
2924.7	0.176078
3017.36	0.19293
3117.47	0.254794
3227.44	0.323056
3331.09	0.362054
3434.2	0.383695
3525.56	0.391477
3617.29	0.40109
3701.67	0.410232
3793.07	0.422023
3885.67	0.429255
3951.54	0.403318
4021.04	0.40738
4088.08	0.412881
4152.55	0.420529
4212.53	0.426319
4276.42	0.434696
4337.49	0.445575
4396.78	0.456881
4454.29	0.4686
4509.02	0.480881
4562.22	0.494196
4611.92	0.508345
4664.16	0.521969
4710.78	0.524366
4759.6	0.536809
4808.87	0.548521
4857.63	0.561139
4904.68	0.574569
4956.83	0.586807
5012.58	0.595927
5067.4	0.602603
5117.22	0.606656
5171.15	0.615441
5226.37	0.62721
5281.83	0.643826
5336.85	0.667251
5390.94	0.698823
5443.82	0.737678
5495.39	0.777497
5546.49	0.812782
5543.79	0.612657
5541.72	0.461514
5540.81	0.32985
2547.05	0.167916
2547.23	0.167672
2547.38	0.168304
2646.17	0.170966
2738.45	0.183338
2831.66	0.225753
2925.38	0.254579
3025.5	0.292099
3137.94	0.3341
3236.23	0.347605
3336.43	0.368391
3428.07	0.384083
3525.56	0.395701
3616.82	0.405387
3703.74	0.413998
3790.29	0.421707
3874.23	0.429165
3949.48	0.437033
4022.28	0.445875
4087.65	0.449389
4150.9	0.458013
4215.26	0.467352
4275.61	0.466545
4336.35	0.473575
4395.56	0.480781
4452.6	0.487777
4505.86	0.493604
4551.58	0.501266
4608.23	0.505153
4661.12	0.513783
4711.15	0.523861
4757.84	0.535024
4808.44	0.545345
4856.97	0.559998
4904.49	0.574714
4950.03	0.587204
5010.02	0.594706
5066.39	0.600996
5118.4	0.608094
5173.52	0.61552
5229.48	0.627044
5284.87	0.643648
5339.41	0.667326
5393.08	0.699272
5446.27	0.738045
5498.2	0.777608
5549.52	0.812685
5546.98	0.610891
5545.01	0.458537
5544.14	0.327784
2547.04	0.167929
2547.25	0.167776
2547.39	0.169152
2645.62	0.174422
2732.76	0.195923
2831.34	0.265013
2932.05	0.304923
3040.95	0.33884
3136.01	0.351508
3237.8	0.37269
3340.25	0.392369
3435.56	0.4115
3528.84	0.42805
3618.24	0.442405
3704.08	0.454509
3788.13	0.464152
3869.68	0.473444
3948.33	0.483702
4029.56	0.491232
4088.1	0.486074
4146.88	0.494525
4211.78	0.505909
4273.97	0.516571
4335.96	0.526141
4396.04	0.535253
4455.34	0.538079
4503.27	0.527827
4554.93	0.533187
4608.17	0.540364
4660.41	0.548503
4711.51	0.557449
4762.35	0.566369
4808.33	0.570635
4855.73	0.579909
4900.25	0.590825
4956.67	0.596234
5010.11	0.600099
5068.93	0.604622
5127.5	0.611427
5173.75	0.616909
5231.33	0.627219
5286.31	0.643716
5339.77	0.667959
5392.21	0.700935
5446.7	0.739013
5499.42	0.77789
5551.09	0.812644
5548.7	0.609189
5546.83	0.455931
5545.99	0.326041
2546.85	0.167964
2547.29	0.167973
2548.54	0.171309
2654.2	0.186646
2735.56	0.203384
2820.3	0.200034
2915.17	0.238814
3035.8	0.313672
3145.19	0.352056
3252.72	0.375335
3345.55	0.38308
3440.33	0.396699
3532.29	0.409562
3620.36	0.422403
3704.05	0.434568
3786.72	0.444398
3866.48	0.453145
3943.18	0.460925
4017.49	0.46765
4084.43	0.472345
4150.65	0.480605
4210.06	0.477229
4271.69	0.481831
4330.19	0.4848
4390.86	0.487357
4448.69	0.490908
4502.57	0.494122
4554.02	0.503546
4608.18	0.513872
4660.11	0.526913
4710.8	0.540197
4760.09	0.553618
4807.48	0.566954
4857.03	0.57964
4906.38	0.591355
4960.2	0.599678
5017.35	0.607981
5070.77	0.608318
5127.03	0.615421
5182.48	0.624187
5233.92	0.632193
5286.84	0.64707
5338.09	0.66982
5385.75	0.704446
5445.6	0.740291
5499.49	0.77814
5551.4	0.812651
5549.07	0.608635
5547.23	0.45485
5546.4	0.325177
2546.25	0.167973
2546.38	0.167696
2546.52	0.167951
2643.58	0.168817
2733.51	0.169576
2823.02	0.17267
2915.23	0.195513
3026.1	0.255107
3148.81	0.317296
3256.04	0.348296
3354.11	0.367647
3448.31	0.380905
3536.3	0.38951
3624.07	0.397088
3702.7	0.403726
3786.16	0.412678
3864.53	0.42188
3938.77	0.426839
4011.28	0.432044
4080.13	0.43527
4144.14	0.438534
4207.25	0.444859
4268.59	0.454342
4328.51	0.463955
4388.1	0.474301
4446.16	0.484891
4501.71	0.496496
4558.02	0.50852
4608.75	0.509921
4659.48	0.517887
4709.99	0.527794
4758.36	0.538291
4803.22	0.550682
4857.41	0.55881
4907.19	0.571648
4959.5	0.583769
5015.18	0.593571
5070.17	0.600145
5126.32	0.606503
5181.55	0.614809
5233.16	0.627171
5287.36	0.642725
5340.87	0.666819
5393.04	0.699851
5447.08	0.738285
5499.32	0.777606
5550.63	0.812693
5548.11	0.611006
5546.23	0.456396
5545.41	0.325478
2545.54	0.168011
2545.47	0.167649
2545.16	0.167259
2639.13	0.166516
2730.47	0.166668
2820.8	0.175769
2912.77	0.215305
3039.15	0.296313
3155.2	0.338187
3262.28	0.359826
3363.06	0.372374
3455.23	0.379539
3543.55	0.387689
3631.62	0.395075
3711.76	0.393131
3788.68	0.392579
3861.06	0.393019
3937.35	0.393327
4008.5	0.402318
4076.75	0.411861
4141.16	0.421792
4204.42	0.43201
4265.19	0.442525
4325.53	0.452874
4385.28	0.463348
4444.58	0.474001
4498.57	0.475414
4554.02	0.48358
4606.82	0.491375
4660.29	0.501959
4712.07	0.515716
4762.13	0.530054
4811.09	0.544802
4861.82	0.558831
4910.83	0.572928
4954.01	0.586765
5012.69	0.596142
5067.58	0.602642
5125.47	0.609529
5182.92	0.618415
5240.92	0.630577
5286.15	0.642335
5341.93	0.664856
5394.94	0.696857
5447.05	0.736317
5497.86	0.776955
5548.38	0.812791
5545.63	0.613322
5543.79	0.456022
5543.03	0.323943
2544.95	0.168054
2544.82	0.167694
2544.44	0.167358
2637.02	0.167198
2727.63	0.171224
2813.86	0.200683
2929.78	0.286967
3049.85	0.344057
3162.48	0.373133
3270.6	0.389755
3377.9	0.400274
3464.03	0.395679
3549.46	0.401563
3631.82	0.406558
3715.31	0.411184
3793.68	0.416647
3871.01	0.42233
3938.96	0.421089
4006.37	0.425087
4075.1	0.426597
4137.42	0.433355
4202.25	0.443362
4260.5	0.444271
4321.46	0.452243
4381.19	0.459167
4435.85	0.464886
4494.96	0.473645
4551.57	0.484724
4606.58	0.496587
4660.96	0.508834
4714.09	0.521569
4765.28	0.534669
4815.49	0.548694
4866.35	0.562583
4914.3	0.570081
4962.6	0.582798
5013.13	0.593162
5061.14	0.601363
5123.96	0.607562
5182.29	0.615587
5238.88	0.627154
5293.27	0.644344
5342.68	0.661836
5394.28	0.69417
5445.02	0.734407
5494.51	0.776221
5544.06	0.812963
5541.38	0.612153
5539.89	0.447176
5539.31	0.316191
2544.55	0.168088
2544.44	0.167735
2544.18	0.167462
2636.48	0.167562
2727.43	0.172662
2814.26	0.205847
2937.73	0.292462
3057.86	0.344537
3169.48	0.373816
3276.87	0.392474
3383.48	0.405588
3469.71	0.405481
3555.99	0.417793
3640.47	0.429094
3722.28	0.440111
3798.15	0.451541
3871.79	0.462881
3942.45	0.472503
4014.64	0.480225
4078.2	0.485775
4129.6	0.468305
4193.35	0.47058
4256.48	0.477127
4317.43	0.48335
4376.78	0.489731
4434.44	0.496788
4492.13	0.502347
4549.03	0.509337
4605.3	0.516724
4661.2	0.524204
4716.42	0.532249
4767.78	0.535741
4817.71	0.545068
4864.96	0.555552
4916.24	0.567194
4966.56	0.579827
5017.58	0.590825
5069.5	0.59879
5125.81	0.604287
5182	0.611508
5237.21	0.621846
5290.41	0.637302
5339.24	0.661488
5391.02	0.691165
5441	0.731387
5488.89	0.774624
5536.57	0.813127
5535.14	0.598049
5534.73	0.416203
5534.47	0.297092
2544.31	0.168112
2544.26	0.167779
2544.17	0.167607
2636.85	0.167823
2729.28	0.172316
2821.09	0.197792
2938.43	0.264181
3064.3	0.32446
3175.22	0.356153
3279.77	0.37637
3379.81	0.390692
3472.16	0.401428
3561.66	0.411303
3649.45	0.420614
3733.16	0.430835
3803.17	0.425702
3874.26	0.436907
3943.37	0.447635
4006.69	0.456802
4072.23	0.46642
4131.88	0.477547
4193.15	0.489741
4254.31	0.500877
4314.42	0.511945
4373.43	0.523026
4431.41	0.534088
4488.8	0.544729
4545.68	0.555493
4602.75	0.566042
4660.79	0.575506
4722.77	0.582239
4770.41	0.568744
4818.68	0.575108
4867.39	0.584398
4917.49	0.592876
4968.36	0.599558
5020.07	0.60529
5072.66	0.611466
5126.77	0.618061
5181.41	0.625975
5235.84	0.636382
5289.61	0.650684
5343.17	0.670041
5386.14	0.685447
5435.87	0.714528
5481.42	0.75009
5522.91	0.778061
5527.4	0.538673
5529.07	0.361192
5529.2	0.264097
2544.18	0.168141
2544.17	0.167907
2544.17	0.168404
2637	0.170676
2729.78	0.182212
2824.95	0.226217
2955.9	0.303702
3072.42	0.342483
3180.35	0.365258
3282.88	0.379775
3380.95	0.390073
3474.8	0.397914
3566.64	0.404593
3660.15	0.41147
3732.11	0.398859
3808.15	0.404626
3876.94	0.405417
3943.77	0.414348
4007.52	0.424794
4070.23	0.436374
4130.92	0.447186
4191.63	0.458013
4251.99	0.468094
4311.47	0.477403
4370.21	0.485998
4428.18	0.494109
4485.3	0.501959
4541.52	0.509469
4598.68	0.516074
4655.87	0.522521
4713.27	0.528118
4767.36	0.529823
4816.91	0.540815
4865.99	0.553833
4915.96	0.567002
4967.44	0.579297
5019.55	0.590425
5071.69	0.598817
5124.98	0.605379
5179.07	0.613315
5233.23	0.624098
5286.87	0.639773
5339.43	0.662679
5389.77	0.694989
5434.14	0.726973
5479.76	0.77273
5526.18	0.813433
5524.86	0.564866
5524.91	0.351805
5524.92	0.25291
2544.13	0.168196
2544.07	0.168262
2544	0.170863
2636.22	0.180031
2727.34	0.215304
2851.84	0.297488
2969.64	0.344866
3080.37	0.373787
3186.02	0.393107
3287.26	0.40788
3384.09	0.420622
3477.34	0.431822
3567.61	0.441613
3653.85	0.450459
3733.83	0.461309
3818.21	0.46813
3879.47	0.445307
3945.15	0.450703
4007.3	0.455892
4068.24	0.461855
4128.04	0.468702
4188.66	0.475297
4248.84	0.482327
4307.6	0.489926
4366.17	0.497667
4424.2	0.505788
4481.11	0.514437
4534.78	0.5238
4592.87	0.533855
4648.92	0.545189
4705.19	0.557281
4766.89	0.569093
4813.78	0.555778
4861.93	0.56343
4911.25	0.573876
4964.41	0.582821
5017.93	0.591952
5068.8	0.598651
5121.45	0.602715
5175.37	0.610031
5229.41	0.619893
5282.88	0.63426
5334.98	0.655628
5384.41	0.686703
5428.71	0.730171
5475.23	0.773813
5522.01	0.81362
5520.58	0.574926
5520.62	0.351369
5520.76	0.250653
2544.16	0.168312
2543.93	0.169109
2543.42	0.176982
2633.87	0.202995
2744.01	0.272036
2866.79	0.327971
2979.64	0.358118
3087.43	0.377583
3191.6	0.39099
3292.2	0.400893
3387.65	0.409229
3480.31	0.417534
3570.55	0.425589
3652.15	0.432362
3729.78	0.441772
3805.87	0.449773
3876.2	0.455556
3950.29	0.464201
4007.38	0.459784
4066.24	0.467065
4122.11	0.475964
4184.56	0.486426
4246.1	0.496593
4302.33	0.497088
4361.26	0.506129
4420.22	0.514962
4478.16	0.523981
4536	0.533058
4587.92	0.531878
4640.62	0.540147
4690.57	0.548906
4751.16	0.552713
4803.99	0.557711
4853.41	0.569668
4898.26	0.583807
4958.3	0.594527
5014.95	0.60246
5072.76	0.612881
5115.78	0.612533
5170.41	0.620329
5224.57	0.631359
5278.05	0.646038
5330.31	0.666335
5380.86	0.694105
5430.08	0.728648
5468.4	0.752319
5510.71	0.777016
5514.84	0.511332
5516.21	0.316415
5516.73	0.244135
2544.42	0.168523
2543.75	0.170866
2541.43	0.191634
2639.93	0.254919
2762.57	0.325739
2877.76	0.362223
2987.24	0.386004
3093.52	0.401565
3197.47	0.413515
3299.07	0.423384
3391.12	0.433952
3482.96	0.442815
3579.62	0.449202
3652.14	0.429732
3725.29	0.433175
3797.6	0.43862
3867.63	0.443966
3936.54	0.449134
4000.48	0.453466
4062.78	0.46057
4125.07	0.467867
4180.12	0.467581
4234.49	0.469903
4297.63	0.468718
4355.33	0.473951
4416.32	0.480865
4474.13	0.48943
4530	0.49835
4584.17	0.506396
4637.5	0.516929
4690.25	0.528139
4745.07	0.54017
4798.18	0.551333
4849.52	0.563803
4900.26	0.576451
4954.69	0.587652
5009.67	0.596182
5058.58	0.601955
5110.34	0.606689
5163.98	0.61456
5218.59	0.625317
5272.61	0.641011
5325.45	0.664086
5376.67	0.696545
5425.92	0.738124
5473.16	0.781982
5515.58	0.813814
5513.72	0.578389
5513.59	0.351894
5513.75	0.253218
2545.27	0.168743
2544.38	0.172418
2540.84	0.20202
2648.61	0.278042
2772.26	0.33337
2885.81	0.365071
2993.27	0.385433
3097.94	0.398295
3202.51	0.406905
3312.85	0.413418
3392.65	0.394152
3478.96	0.398496
3565.67	0.401037
3646.13	0.399174
3719.6	0.401817
3790.69	0.406786
3858.93	0.411735
3928.56	0.416254
3994.41	0.422727
4057.79	0.430489
4120.35	0.438736
4175.32	0.444116
4229.02	0.453518
4294.7	0.46185
4357.17	0.472055
4413.89	0.473878
4470.37	0.482405
4524.02	0.491241
4579.63	0.501141
4633.3	0.513629
4686.21	0.52659
4739.03	0.539762
4792.53	0.552783
4844.71	0.566219
4897.11	0.579157
4949.34	0.58921
5004.97	0.597558
5047.87	0.601341
5109.3	0.606893
5155.3	0.612467
5211.49	0.622411
5266.01	0.636963
5319.26	0.658374
5371.09	0.688401
5420.73	0.727364
5467.44	0.770555
5509.79	0.809866
5510.85	0.554098
5510.66	0.364334
5510.72	0.264117
2546.86	0.169106
2546.44	0.173331
2545.03	0.195288
2647.35	0.235947
2780.18	0.297778
2894.17	0.336039
2998.92	0.364586
3099.9	0.383868
3199.24	0.396665
3296.81	0.405982
3384.93	0.413917
3471.78	0.424406
3558.74	0.434216
3648.68	0.443257
3715.45	0.423857
3785.21	0.429018
3855.88	0.435922
3922.33	0.435215
3988.88	0.440975
4051.76	0.444779
4111.61	0.4503
4171.83	0.452458
4232.24	0.45838
4293.16	0.464898
4353.41	0.472474
4411.59	0.48134
4468.18	0.491597
4522.32	0.503228
4575.29	0.507915
4628.16	0.51946
4680.59	0.530667
4730.65	0.542695
4786.59	0.555142
4838.18	0.564354
4889.21	0.575086
4942.24	0.584858
4995.67	0.594624
5051.37	0.601066
5098.74	0.604821
5150.17	0.612188
5204.42	0.622794
5258.44	0.638431
5311.58	0.661254
5364.29	0.692562
5415.15	0.732446
5463.89	0.775079
5511.87	0.813897
5509.15	0.601281
5507.67	0.412111
5507.35	0.289308
2548.72	0.170644
2548.45	0.181153
2545.29	0.233169
2665.46	0.287316
2794.34	0.308808
2902.64	0.308678
3003.08	0.329989
3100.16	0.351366
3195.07	0.369071
3287.78	0.382151
3376.35	0.391666
3462.64	0.399512
3547.16	0.405909
3629.38	0.410539
3703.73	0.411104
3776.16	0.41819
3847.57	0.425957
3915.62	0.431306
3979.41	0.438754
4047.38	0.447691
4111.69	0.457647
4175.08	0.467508
4232.6	0.471625
4290.6	0.480084
4350.86	0.487695
4409.8	0.49645
4467.13	0.505765
4522.25	0.5157
4571	0.524133
4621.71	0.536893
4673.87	0.538627
4731.17	0.547779
4779.68	0.549753
4830.73	0.561649
4876.07	0.575718
4933.42	0.586632
4983.15	0.59706
5043.7	0.603408
5101.29	0.611257
5149.77	0.617042
5195.95	0.62444
5249.47	0.641195
5301.41	0.665753
5355.93	0.697325
5408.47	0.736568
5458.94	0.777342
5508.9	0.814026
5505.61	0.616502
5503.49	0.446534
5502.8	0.308528
2550.56	0.173074
2551.52	0.196411
2554.8	0.345865
2680.08	0.379015
2821.4	0.392383
2909.93	0.366499
3003.45	0.37208
3097.21	0.37783
3189.08	0.384291
3279.87	0.390733
3367.7	0.397196
3452.91	0.403171
3535.66	0.40914
3615.9	0.415367
3692.08	0.422559
3766.29	0.429389
3835.97	0.435621
3908.43	0.44274
3978.26	0.451201
4045.04	0.45879
4111.16	0.467585
4178.03	0.476229
4231.45	0.474444
4282.73	0.486541
4348.32	0.496837
4408.72	0.507979
4467.93	0.519136
4520.71	0.522637
4571.16	0.522933
4620.69	0.529564
4675.35	0.538148
4721.12	0.547613
4777.29	0.554109
4829.63	0.56529
4879.85	0.577287
4931.07	0.588319
4980.5	0.597876
5037.99	0.603888
5093.49	0.611483
5148.33	0.622064
5191.3	0.632442
5239.76	0.644178
5285.63	0.671292
5346.09	0.70133
5400.62	0.739245
5452.35	0.778559
5503.29	0.814237
5500.07	0.620303
5497.74	0.462988
5496.8	0.322389
2550.82	0.170608
2550.68	0.18192
2548.48	0.255695
2671.79	0.315962
2795.83	0.3403
2907.46	0.348598
3000.78	0.351518
3094.42	0.365738
3182.08	0.377835
3274.07	0.388684
3360.79	0.399698
3444.64	0.41003
3525.75	0.419434
3606.46	0.428516
3680.68	0.437331
3756.37	0.448054
3829.4	0.458815
3903.07	0.46857
3979.8	0.477361
4041.86	0.467511
4108.31	0.473607
4176.56	0.479842
4234.28	0.482176
4291.44	0.487421
4349.44	0.482685
4407.39	0.487449
4461.26	0.491349
4514.41	0.4932
4570.62	0.501063
4623.42	0.514004
4675.95	0.527507
4726.4	0.54171
4778.55	0.555107
4829.98	0.568692
4880.56	0.581741
4929.95	0.59314
4980.32	0.601314
5033.33	0.609873
5085.18	0.614446
5140.19	0.624029
5192.73	0.637065
5232.15	0.646565
5283.92	0.671011
5338.62	0.702531
5392.36	0.740665
5444.41	0.779334
5495.82	0.814538
5492.74	0.620918
5490.4	0.470583
5489.41	0.330966
2551.02	0.168727
2550.2	0.172604
2547.57	0.192512
2647.36	0.232614
2774.73	0.294395
2892.74	0.329082
2995.28	0.356024
3092.19	0.377457
3186.65	0.393126
3271.06	0.396458
3354.25	0.402033
3435.09	0.40974
3518.66	0.417166
3597.64	0.428353
3672.42	0.439282
3747.52	0.449202
3820.74	0.458217
3893.2	0.466301
3966.77	0.473411
4030.74	0.470703
4100.86	0.479021
4177.18	0.48639
4234.23	0.483155
4292.96	0.489928
4352.6	0.489219
4406.46	0.48818
4463.32	0.492558
4517.2	0.50259
4571.61	0.514782
4624.62	0.527311
4676.87	0.540233
4728.28	0.553394
4778.91	0.566102
4829.72	0.578551
4881.24	0.58976
4927.11	0.594082
4976.71	0.601085
5017.82	0.606085
5077.37	0.61097
5132.41	0.619647
5184.44	0.632809
5232.19	0.653681
5276.22	0.672262
5328.65	0.70391
5382.57	0.741939
5434.98	0.780022
5486.7	0.814943
5483.74	0.620898
5481.48	0.473818
5480.53	0.33568
2552.04	0.167935
2550.77	0.169255
2548.07	0.177761
2644.77	0.198927
2753.97	0.251711
2882.62	0.313008
2989.02	0.347026
3088.45	0.370583
3176.07	0.378855
3263.27	0.390888
3351.17	0.402647
3438.24	0.415506
3513.33	0.417195
3590.63	0.428328
3661.77	0.439094
3738.75	0.449208
3811.25	0.459538
3880.71	0.469538
3947.33	0.479526
4011.96	0.490382
4085.61	0.502674
4159.24	0.514511
4226.11	0.529619
4291.88	0.542964
4361.48	0.550263
4415.39	0.529965
4466.58	0.532812
4517.76	0.540196
4572.32	0.547685
4624.99	0.55679
4677.07	0.565718
4729.44	0.574382
4777.76	0.576794
4827.55	0.584666
4874.4	0.592154
4921.7	0.598147
4967.89	0.605226
5019.08	0.611614
5072.95	0.617975
5126.21	0.627429
5178.53	0.640772
5230.91	0.659517
5274.26	0.681807
5313.74	0.708406
5371.1	0.743477
5424.11	0.78069
5475.98	0.815453
5473.12	0.620803
5471.01	0.474496
5470.14	0.337658
2554.4	0.167579
2552.48	0.168307
2548.62	0.174891
2644.2	0.196516
2751.73	0.260144
2879.97	0.321891
2981.62	0.326577
3075.11	0.332525
3169.83	0.352154
3258.94	0.374836
3345.26	0.393377
3428.73	0.408434
3507.73	0.422144
3585.95	0.435651
3663.71	0.447753
3732.3	0.450998
3802.97	0.461306
3869.48	0.471214
3928.47	0.475849
3982.72	0.485385
4068.97	0.491182
4146.79	0.494903
4218.11	0.498453
4286.17	0.502126
4352.48	0.506116
4413.06	0.508104
4467.46	0.517034
4522.13	0.527781
4574.04	0.535002
4624.7	0.536252
4675.43	0.544809
4723.34	0.552055
4775.03	0.561199
4825.31	0.572959
4871.67	0.580853
4916.05	0.588453
4957.79	0.598308
5014.32	0.60356
5067.55	0.6102
5119.43	0.619194
5170.38	0.631749
5220.9	0.649584
5266.98	0.676688
5316.43	0.711692
5360.8	0.744022
5412.29	0.780967
5463.55	0.816079
5460.85	0.620169
5459.06	0.472305
5458.36	0.337079
2558.74	0.167229
2555.96	0.167383
2550.88	0.169481
2651.8	0.173988
2754.41	0.184371
2855.43	0.208268
2950.76	0.239425
3062	0.292276
3162	0.336157
3252.39	0.366916
3338.12	0.388581
3419.93	0.405373
3499.72	0.42004
3579.03	0.433041
3651.35	0.439713
3725.71	0.449064
3795.4	0.453744
3860.88	0.46088
3927.19	0.462834
3992.62	0.472892
4059.02	0.483523
4139.25	0.490888
4211.9	0.498015
4280.71	0.50602
4347.72	0.514534
4415.46	0.523081
4466.79	0.514834
4519.8	0.521381
4570.04	0.528825
4625.02	0.537975
4671.73	0.540274
4724.63	0.55034
4772.32	0.551108
4819.44	0.559259
4865.29	0.568402
4914.51	0.58028
4961.68	0.592538
5012.07	0.600584
5062.53	0.608005
5112.29	0.617652
5160.87	0.631429
5212.95	0.64984
5265.4	0.675261
5308.25	0.706249
5357.16	0.746716
5398.63	0.780957
5448.5	0.816799
5446.82	0.613948
5445.79	0.463801
5445.36	0.333199
2565.95	0.166855
2561.72	0.166815
2553.75	0.16759
2656.41	0.16868
2756.4	0.172422
2852.55	0.186142
2943.44	0.22043
3053.04	0.286826
3153.76	0.336105
3244.63	0.363801
3330.71	0.381924
3409.31	0.388432
3488.92	0.398019
3565.21	0.405351
3642.05	0.410709
3712.22	0.415394
3787.72	0.421363
3858.85	0.429978
3928.74	0.440666
3997.48	0.451728
4063.8	0.462113
4137.69	0.47024
4208.09	0.477644
4275.72	0.484554
4340.94	0.491293
4402.82	0.497767
4460	0.499911
4515.14	0.506394
4568.61	0.513709
4621.09	0.521696
4673.23	0.523366
4719.11	0.526043
4767.48	0.534017
4818.12	0.545169
4865.47	0.560427
4913.82	0.57529
4961.59	0.588557
5009.15	0.598477
5057.39	0.606112
5105.14	0.61575
5146.17	0.628064
5202.27	0.642357
5252.94	0.663409
5297.3	0.69483
5345.41	0.731845
5390.93	0.770916
5428.27	0.797098
5431.49	0.594629
5431.7	0.445136
5431.47	0.326276
2577.46	0.166412
2571.27	0.166428
2558.87	0.167601
2663.17	0.169986
2760.89	0.178744
2851.28	0.211258
2959.35	0.284127
3051.07	0.290255
3147.26	0.316041
3237.24	0.330735
3319.15	0.339235
3396.54	0.339254
3476.86	0.355798
3554.24	0.366636
3631.68	0.385225
3706.76	0.400843
3781.8	0.415671
3855.71	0.428842
3929.35	0.440541
4002.99	0.450747
4072.98	0.461334
4138.15	0.454531
4205.65	0.460126
4271.81	0.463673
4336.16	0.467049
4396.79	0.470471
4455.28	0.478162
4511.3	0.487836
4564.34	0.496916
4615.34	0.506346
4669.84	0.516658
4720.86	0.530645
4772.78	0.544979
4818.4	0.551284
4863.07	0.565461
4912.38	0.579369
4960.81	0.591671
5004.97	0.598002
5052.02	0.605171
5095.96	0.613085
5144.39	0.624509
5194.89	0.640691
5244.12	0.664008
5292.61	0.696591
5333.17	0.731701
5378.06	0.77464
5422.83	0.815729
5418.78	0.613561
5417.8	0.442685
5416.97	0.324451
2595.26	0.165834
2587.06	0.166004
2570.91	0.16859
2675.73	0.174737
2770.55	0.190899
2867.43	0.20838
2958.49	0.202757
3049.28	0.203053
3143.1	0.241166
3226.9	0.246378
3306.09	0.235146
3380.5	0.21677
3455.23	0.243197
3542.5	0.298675
3619.68	0.348229
3697.7	0.381292
3774.04	0.402932
3850.43	0.41893
3927.95	0.431323
4010.43	0.440763
4068.1	0.418157
4136.71	0.424177
4203.69	0.433184
4268.8	0.442244
4332.25	0.451501
4392.32	0.461634
4451.5	0.472643
4506.3	0.475897
4561.58	0.484184
4614.96	0.496782
4668.27	0.510098
4720.12	0.523715
4769.98	0.537962
4818.2	0.552373
4866.74	0.566671
4910.7	0.572599
4954.38	0.583019
5000.2	0.593164
5045.98	0.601364
5091.92	0.609721
5139.11	0.620878
5186.75	0.636387
5233.38	0.658795
5277.93	0.690811
5317.65	0.735423
5363.33	0.778202
5409.85	0.81882
5405.32	0.628196
5403.28	0.493613
5401.16	0.339755
2621.36	0.165014
2610.82	0.165078
2587.02	0.166457
2698.41	0.16467
2796.8	0.164043
2887.27	0.165459
2976.11	0.169907
3053.77	0.184868
3135.05	0.188825
3221.61	0.171347
3301.7	0.165233
3378.42	0.158058
3453.79	0.161025
3528.49	0.17797
3597.54	0.227171
3685.33	0.304009
3762.38	0.349914
3841.22	0.374571
3919.41	0.389084
3996.32	0.398674
4065.85	0.403894
4135.24	0.416732
4201.96	0.429541
4265.81	0.442166
4330.05	0.454215
4387.11	0.455414
4442.59	0.464033
4502.15	0.474829
4559.05	0.487688
4612.97	0.501401
4666.53	0.514949
4719.77	0.52811
4767.34	0.529723
4816.3	0.539456
4861.93	0.549411
4908.52	0.562847
4953.35	0.577864
4994.83	0.5902
5039.24	0.599673
5085.78	0.60778
5132.11	0.618674
5177.79	0.634449
5222.23	0.658065
5265.11	0.692563
5307.6	0.737374
5345.81	0.778889
5390.63	0.820384
5385.52	0.638612
5383.32	0.496259
5382.51	0.342891
2658.14	0.163859
2647.89	0.163757
2613.59	0.163471
2733.7	0.161025
2830.18	0.1578
2907.81	0.156017
2981.16	0.153452
3063.08	0.151086
3142.74	0.148772
3222.68	0.143683
3300.5	0.139601
3376.42	0.135486
3451.18	0.134119
3525.14	0.137526
3597.71	0.150883
3670.64	0.178545
3741.44	0.23847
3828.19	0.316496
3909.21	0.35621
3986.82	0.378998
4061.15	0.395405
4134.07	0.41012
4201.05	0.424762
4260.55	0.42868
4319.22	0.438628
4381.32	0.448124
4439.87	0.460687
4498.92	0.473098
4557.83	0.484951
4609.86	0.486501
4663.7	0.494814
4712.57	0.50142
4764.87	0.510362
4814.07	0.524103
4860.9	0.539332
4906.7	0.555591
4951.13	0.571728
4994.32	0.586625
5029.86	0.59773
5079.06	0.605243
5124.6	0.615088
5168.32	0.629606
5210.22	0.651536
5249.77	0.684092
5286.3	0.728984
5320.86	0.778414
5363.72	0.821807
5361.83	0.632858
5362.05	0.485782
5362.51	0.337796
2705.36	0.162284
2709.15	0.161914
2724.61	0.160991
2792.61	0.158023
2859.52	0.15456
2928.95	0.15116
2999.9	0.147603
3074.52	0.143999
3150.17	0.140377
3226.28	0.136525
3301.72	0.132832
3376.11	0.12932
3449.65	0.126538
3522.59	0.12516
3595.01	0.126845
3667.28	0.134832
3738.39	0.157176
3806.25	0.215393
3895.5	0.31559
3976.66	0.365761
4054.68	0.391633
4136.04	0.4073
4191.88	0.396465
4255.42	0.405172
4318.03	0.417026
4377.25	0.430132
4434.97	0.442174
4494.31	0.446515
4550.72	0.451109
4608.05	0.456733
4662.06	0.468489
4713.28	0.481556
4763.84	0.496179
4812.59	0.511155
4859.36	0.526834
4904.81	0.543014
4948.95	0.559336
4991.69	0.575283
5032.56	0.589786
5075.33	0.600087
5117.89	0.609024
5159.16	0.621047
5198.44	0.638682
5234.75	0.66498
5264.34	0.699525
5293.86	0.734153
5323.79	0.741414
5335.42	0.591389
5340.66	0.465031
5342.83	0.326971
2749.02	0.160482
2758.96	0.159818
2783.26	0.158356
2830.27	0.155782
2886.74	0.152713
2949.1	0.149381
3015.59	0.145868
3085.68	0.142247
3158.02	0.13858
3231.53	0.134906
3305.05	0.131311
3377.72	0.127862
3449.73	0.124693
3521.4	0.122007
3592.77	0.120314
3664.18	0.120911
3735.39	0.127533
3805.73	0.150754
3873.12	0.212604
3963.09	0.310149
4041.31	0.356745
4117.28	0.380688
4186.05	0.395764
4248.88	0.411497
4318.12	0.428716
4372.89	0.412382
4423.12	0.413011
4490.66	0.420905
4551.26	0.432382
4607.87	0.446787
4661.5	0.461713
4712.93	0.477053
4762.95	0.492738
4811.41	0.50879
4857.53	0.525609
4902.69	0.542801
4946.74	0.560129
4989.77	0.577026
5032.64	0.592041
5071.35	0.597362
5111.76	0.60582
5150.85	0.614054
5187.98	0.622391
5221.32	0.631164
5251.63	0.639727
5278.64	0.644269
5301.71	0.619254
5314.98	0.545206
5322.47	0.430566
5325.4	0.303588
2783.06	0.158859
2794.71	0.15807
2819.53	0.156507
2858.88	0.154204
2908.58	0.151415
2965.72	0.148301
3028.41	0.144961
3095.45	0.141475
3165.65	0.13791
3237.82	0.134328
3310.37	0.130799
3381.15	0.127405
3451.38	0.124202
3521.69	0.12126
3591.54	0.118836
3662.01	0.117669
3732.86	0.120497
3804.05	0.137525
3870.49	0.188499
3944.59	0.230922
4023.44	0.275049
4101.95	0.300595
4170.18	0.317399
4238.38	0.34115
4306.74	0.364275
4368.18	0.377409
4427.95	0.395781
4491.78	0.412585
4553.66	0.42796
4608.71	0.443761
4661.25	0.460559
4712.18	0.476822
4761.88	0.492906
4810.88	0.508597
4855.1	0.511517
4900.25	0.522203
4944.28	0.531216
4987.04	0.539778
5026.32	0.547964
5067.77	0.554702
5107.15	0.564886
5144.64	0.572557
5179.87	0.576695
5212.12	0.57633
5241.18	0.570909
5266.51	0.557625
5286.98	0.528732
5300.92	0.461521
5308.74	0.369485
5310.66	0.244494
2805.82	0.157672
2817.67	0.156854
2841.66	0.155312
2877.6	0.153156
2923.53	0.150539
2977.41	0.147581
3037.61	0.144371
3102.88	0.140982
3172.25	0.137478
3244.76	0.133918
3318.55	0.130386
3386.29	0.1271
3454.14	0.124009
3523.68	0.121163
3590.9	0.11898
3660.47	0.118041
3730.36	0.120326
3799.16	0.1279
3872.47	0.127375
3946.29	0.141191
4020.53	0.15499
4092.69	0.167386
4160.31	0.182752
4220.54	0.220937
4297.72	0.302466
4361.79	0.358125
4425.73	0.392746
4492.19	0.414496
4560.58	0.429729
4610.16	0.408862
4660.89	0.416365
4711.09	0.422347
4760.11	0.426742
4804.84	0.426797
4852.92	0.427324
4898.54	0.43415
4942.5	0.441699
4984.89	0.449168
5025.49	0.455895
5065.49	0.465138
5103.95	0.470977
5140.5	0.473424
5174.74	0.471472
5206.2	0.463885
5234.52	0.450156
5259.12	0.428856
5278.75	0.396671
5292.49	0.346798
5299.74	0.268785
5302.7	0.212219
2817.15	0.157043
2828.9	0.156225
2852.31	0.154709
2886.83	0.152622
2931.07	0.150088
2983.44	0.147205
3042.46	0.144056
3107.05	0.140702
3176.61	0.13719
3251.42	0.133534
3333.86	0.129693
3392.47	0.12681
3456.41	0.12395
3518.95	0.1211
3589.35	0.118245
3659.43	0.115741
3729.65	0.113809
3800.18	0.112606
3872.53	0.111593
3945.73	0.113622
4018.8	0.117557
4090.2	0.122653
4158.69	0.130502
4224.16	0.148322
4289.92	0.180352
4349.69	0.228443
4417.94	0.276501
4488.51	0.299682
4553.51	0.305612
4607.53	0.295573
4660.06	0.301447
4710.5	0.308879
4759.17	0.316063
4805.72	0.322401
4852.37	0.331909
4897.68	0.337897
4941.49	0.342264
4983.8	0.34528
5024.6	0.346996
5064.23	0.348164
5102.31	0.347161
5138.48	0.343875
5172.34	0.338129
5203.48	0.329698
5231.58	0.318594
5256.46	0.305203
5275.7	0.285761
5287.76	0.246716
5295	0.212455
5298.97	0.199801
4570.02	0.486418
4610.21	0.488639
4660.71	0.495159
4710.87	0.505097
4760.32	0.515476
4796.36	0.521131
4813.98	0.568037
4854.56	0.57007
4899.99	0.579327
4944.05	0.586984
4987.15	0.593967
5022.32	0.596589
5037.59	0.647352
5070.7	0.650167
5111.45	0.663301
5150.51	0.67647
5187.8	0.692095
5220.35	0.702929
5237.42	0.716235
5262.16	0.716989
5273.7	0.73392
2663.89	0.218595
2734.78	0.283912
2808.8	0.325247
2840.5	0.368866
2931.84	0.374483
3041.39	0.378935
3113.02	0.37906
3145.57	0.395809
3235.77	0.397182
3336.96	0.401226
3404.81	0.402105
3439.32	0.411093
3525.12	0.410881
3617.93	0.411255
3678.41	0.409835
3712.61	0.407917
3792.29	0.408987
3876.1	0.41361
3925.51	0.415349
3955.74	0.427954
4024.42	0.427804
4093.13	0.428674
4128.91	0.428791
4146.76	0.428882
4073.78	0.527573
4104.61	0.527194
4165.62	0.528581
4228.75	0.529314
4283.52	0.535094
4343.24	0.535712
4397.83	0.537456
4452.25	0.537357
4491.74	0.537528
4512.98	0.547512
4560.76	0.548729
4611.8	0.555586
4661.55	0.558414
4702.88	0.567738
4746.38	0.569983
4794.82	0.573153
4841.78	0.575123
4884.52	0.577182
4891.13	0.585853
4730.03	0.642239
4770.97	0.646592
4818.63	0.651996
4867.36	0.658106
4917.4	0.663633
4968.27	0.669559
5019.97	0.675495
5072.6	0.681598
5126.62	0.687366
5181.2	0.693992
5235.6	0.701358
5289.36	0.708936
5342.26	0.715808
5386.13	0.730248
5435.5	0.733679
5480.99	0.736331
5520.29	0.732316
5523.73	0.56009
4739.35	0.578245
4773.9	0.582621
4791.44	0.599974
4819.03	0.600399
4861.26	0.621467
4902.77	0.639267
4942.81	0.653614
4960.49	0.685994
4983.94	0.686914
5028.45	0.696953
5073.4	0.709833
5121.45	0.717239
5141.18	0.733273
5166.41	0.733348
5210.79	0.747874
5252.39	0.76511
5295.71	0.770724
5321.87	0.771613
5348.75	0.771333
5387.98	0.770696
5393.55	0.596296
5394.46	0.49065
4122.74	0.470628
4151.54	0.4709
4173.99	0.483407
4216.9	0.483235
4279.34	0.491596
4338.7	0.498167
4398.2	0.502801
4437.07	0.505083
4459.37	0.524865
4511.7	0.526469
4568.11	0.530989
4612.17	0.54584
4655.61	0.549225
4673.67	0.570211
4710.09	0.570591
4759.48	0.578094
4808.77	0.581608
4857.82	0.583973
4886.47	0.584554
4905.53	0.587285
4930.55	0.587574
2886.71	0.405652
2910.58	0.404674
2940.59	0.407582
3000.3	0.407028
3094.42	0.411769
3176.82	0.414601
3208.37	0.433734
3269.92	0.433039
3354.5	0.438283
3428.41	0.43872
3455.01	0.45626
3512.56	0.455765
3590.68	0.460181
3654.47	0.460738
3677.19	0.475215
3731.69	0.474771
3803.13	0.476937
3860.05	0.476482
3874.09	0.478656
3926.66	0.478101
3992.93	0.479033
4044.99	0.477965
4053.97	0.463115
3738	0.514242
3795.92	0.514281
3872.64	0.515344
3949.84	0.516081
4025.33	0.51735
4094.73	0.521071
4160.3	0.524368
4222.65	0.527365
4288.03	0.528375
4340.15	0.535798
4393.54	0.538681
4447.89	0.541192
4500.82	0.544303
4553.74	0.545909
4606	0.546929
4646.98	0.546971
4665.22	0.554084
4704.65	0.553965
4746.72	0.555368
4775.91	0.555002
4071.89	0.504137
4125.29	0.50689
4186.4	0.512597
4247.4	0.51851
4307.77	0.523747
4367.52	0.527778
4416.81	0.529738
4438.59	0.554706
4482.8	0.555367
4537.68	0.565739
4590.27	0.571649
4641.13	0.577267
4690.49	0.582673
4738.07	0.587802
4780.83	0.594963
4822.65	0.598838
4865.28	0.600312
4900.94	0.60127
4916.84	0.611108
4949.74	0.611409
4989.39	0.613236
5016.29	0.613793
3894.75	0.47883
3951.44	0.480554
4020.74	0.485468
4087.78	0.490937
4152.92	0.49553
4192.89	0.497766
4217.66	0.523212
4275.29	0.524722
4336.1	0.528137
4395.27	0.531774
4452.18	0.536413
4505.23	0.54324
4551.91	0.554355
4607.84	0.557928
4660.76	0.563954
4711.33	0.568724
4752.47	0.570162
4769.59	0.588886
4807.63	0.589009
4855.61	0.590972
4889.44	0.591174
4007.36	0.462366
4050.12	0.462239
4065.63	0.468598
4117.42	0.469303
4179.45	0.47235
4240.9	0.474944
4301.87	0.477483
4362.09	0.479767
4420.83	0.481543
4478.49	0.482227
4533.73	0.482136
4569.01	0.480942
4586.45	0.469692
4630.88	0.470638
4679.01	0.474972
4726.16	0.477918
4769.84	0.482158
4811.87	0.486231
4851.88	0.489279
4885.8	0.491492
3098.79	0.468612
3164.03	0.469896
3251.3	0.473961
3341.18	0.477022
3430.28	0.480164
3518.69	0.482433
3605.76	0.48471
3691.05	0.487032
3773.82	0.489488
3853.93	0.491831
3931.2	0.49407
4005.09	0.496395
4073.39	0.49967
4143.65	0.500242
4212.88	0.500286
4277.87	0.500452
4333.85	0.500216
4383.99	0.499722
4405.26	0.501464
4504.19	0.401728
4524.76	0.404092
4540.95	0.498349
4582.13	0.501773
4604.12	0.537882
4634.35	0.537977
4672.78	0.541578
4690.9	0.558094
4729.85	0.559712
4745.89	0.580624
4780.73	0.580997
4806.48	0.586294
4827.33	0.589136
4860.92	0.590958
4875.02	0.598213
4911.2	0.598498
4929	0.616345
4959.92	0.616476
4992.94	0.620997
5013.51	0.626991
5051.29	0.629445
5066.22	0.644132
5102.64	0.645307
5131.54	0.648987
5163.38	0.648127
5203.26	0.650755
5217.37	0.650458
4318.17	0.531991
4336.08	0.531698
4385.67	0.534362
4439.01	0.537394
4491.07	0.539279
4513.31	0.553398
4548.83	0.553332
4599.29	0.56491
4650.42	0.570043
4697.12	0.575877
4718.26	0.587097
4747.94	0.586965
4793.77	0.593898
4839.42	0.596721
4884.22	0.598337
4904.26	0.604798
4927.6	0.604301
4979.31	0.622739
5028.12	0.62857
5076.27	0.632019
5102.44	0.633338
5126.91	0.633128
5166.86	0.63378
2605.25	0.171651
2621.81	0.175406
2675.38	0.180743
2767.55	0.20859
2867.03	0.293157
2949.43	0.323375
2975.28	0.390311
3050.43	0.393661
3146.77	0.407102
3237.83	0.418807
3296.27	0.423903
3332.48	0.453326
3408.92	0.455414
3488.93	0.46089
3563.7	0.463485
3599.22	0.471712
3650	0.470783
3725.34	0.475482
3795.83	0.477201
3852.23	0.477138
3875.23	0.485867
3927.61	0.485381
3974.05	0.486105
4029.27	0.48398
4056.75	0.484444
4079.03	0.518954
4137.72	0.520019
4205.42	0.525658
4271.57	0.531297
4336.22	0.536659
4369.7	0.539062
4401.93	0.539771
4459.67	0.545541
4514.94	0.550342
4568.85	0.554641
4616.46	0.556455
4634.58	0.576472
4671.3	0.576697
4724.17	0.580423
4772.23	0.585165
4820.11	0.58773
4856.12	0.588539
4874.42	0.597685
4915.66	0.597807
4944.89	0.598616
4575.27	0.519304
4583.75	0.522941
4614.82	0.52321
4654.25	0.52861
4668.65	0.553934
4702.91	0.554793
4740.34	0.558162
4751.84	0.581256
4789.58	0.582157
4826.59	0.584001
4844.25	0.599244
4888.86	0.60047
4922.14	0.603685
4933.63	0.613671
4975.83	0.617351
4995.91	0.627688
5017.99	0.627298
5059.47	0.630897
5072.78	0.643711
5100.24	0.64381
5142.21	0.647707
5154.63	0.668422
5188	0.669211
5224.55	0.674912
5232.64	0.690854
5256.74	0.692103
3329.9	0.453896
3392.61	0.453917
3478.91	0.456261
3565.15	0.458036
3645.48	0.462588
3719.28	0.469086
3790.42	0.472653
3856.45	0.475312
3883.91	0.492459
3921.88	0.491975
3988.41	0.495124
4051.41	0.499002
4111.53	0.503465
4171.75	0.506802
4232.18	0.51066
4293.02	0.514281
4353.17	0.51789
4411.38	0.521354
4468.01	0.523691
4519.15	0.524804
4538.39	0.5342
4568.87	0.533892
4591.19	0.537459
3707.76	0.457584
3728.93	0.457079
3749.64	0.478329
3802.53	0.478232
3874.09	0.483893
3943.92	0.486988
3989.65	0.4879
4016.96	0.498284
4078.2	0.498044
4130.83	0.486941
4190.84	0.487078
4216.9	0.491161
4259.58	0.490709
4321.29	0.498503
4381.63	0.502621
4426.04	0.50455
4448.1	0.522736
4498.06	0.523836
4553.8	0.531131
4605.83	0.536278
4629.37	0.54499
4658.96	0.544608
4709.76	0.547839
4758	0.549909
4789.28	0.551144
3991.11	0.517737
3997.25	0.518149
4042.13	0.518089
4108.38	0.519246
4175.7	0.520356
4234.12	0.52785
4291.41	0.531748
4349.33	0.534566
4407.04	0.538126
4462.1	0.542584
4504.48	0.544106
4524.62	0.570455
4570.36	0.571386
4620.9	0.57849
4674.66	0.580535
4721.69	0.58934
4776.97	0.591377
4829.39	0.595339
4879.9	0.597615
4930.92	0.597828
4959.43	0.597773
4967.19	0.597253
4146.81	0.445943
4189.05	0.446949
4214.3	0.472619
4260.33	0.472566
4313.07	0.477297
4335.27	0.49968
4387.04	0.500524
4429.2	0.504767
4452.9	0.521811
4505.79	0.524445
4533.38	0.533567
4564.12	0.533049
4612.86	0.537568
4632.17	0.553745
4672.74	0.553763
4712.97	0.560248
4729.03	0.584414
4772.31	0.585246
4806	0.587681
4826.33	0.598399
4871.05	0.599412
4893.03	0.608611
4921.71	0.607987
4965.88	0.608546
4985.28	0.60727
5008.96	0.606683
5011.8	0.605424
5015.1	0.608012
5045.43	0.607959
5060.48	0.614498
5095.74	0.614334
5111.13	0.626503
5146.43	0.62647
5158.4	0.644681
5188.9	0.645238
5201.48	0.665211
5230.17	0.665985
5243.53	0.691979
5273.89	0.692796
5285.34	0.730563
5311.73	0.731663
5328.21	0.759337
5358.74	0.759758
5370.75	0.785762
5396.78	0.785994
5405.07	0.797039
5425.81	0.797113
5422.05	0.795064
5418.2	0.66522
5409.85	0.660656
5408.72	0.649922
4321.83	0.482082
4373.71	0.488136
4407.64	0.493308
4435.47	0.502346
4494.2	0.505459
4548.05	0.511114
4570.25	0.535657
4609.09	0.535796
4663.82	0.546157
4705.47	0.549824
4723.91	0.577159
4766.83	0.578252
4816.45	0.587646
4845.86	0.590118
4867.1	0.599324
4910.71	0.601481
4953.13	0.606022
4972.44	0.618479
5004.49	0.618309
5052.34	0.622637
5090.73	0.624123
5108.3	0.628602
5142.1	0.628599
4045.68	0.512028
4088.52	0.511838
4140.85	0.512125
4161.86	0.520784
4209.27	0.520678
4271.35	0.525516
4330.23	0.529287
4390.58	0.531678
4448.3	0.53618
4502.58	0.541478
4551.04	0.543446
4571.3	0.558397
4607.72	0.558452
4659.26	0.566918
4709.71	0.570885
4758.06	0.575951
4803.84	0.581069
4857.09	0.582358
4905.46	0.584006
4925.33	0.587226
4945.27	0.58698
4050.66	0.501418
4103.51	0.502833
4133.99	0.50785
4165.57	0.507086
4230.25	0.507341
4262.15	0.510114
4289.29	0.510232
4340.54	0.508703
4372.92	0.50991
4395.01	0.515238
4446.38	0.517372
4480.92	0.519579
4501.37	0.528922
4550.16	0.530121
4586.41	0.532109
4605.68	0.543404
4651.35	0.54505
4685.86	0.548246
4702.11	0.567124
4744	0.56817
4777.68	0.570141
4792.77	0.580349
4829.72	0.580683
4860.13	0.581999
4863.57	0.580714
4240.1	0.515128
4281.42	0.515548
4336.22	0.51906
4389.82	0.523642
4436.34	0.52596
4453.34	0.546238
4492.71	0.546428
4549.2	0.552884
4603.42	0.558992
4650.7	0.568715
4673.06	0.577199
4699.21	0.576934
4743.71	0.582438
4785.47	0.588105
4832.23	0.59025
4859.85	0.591871
4873.84	0.601807
4912.16	0.603205
4952.1	0.609511
4994.58	0.612395
5025.84	0.613479
5035.17	0.622238
5066.08	0.622364
5069.41	0.605777
5077.39	0.613426
5099.14	0.61166
5109.53	0.608495
5114.22	0.614155
5136.86	0.61468
5149.12	0.615857
5154.22	0.629841
5176.53	0.631308
5190.06	0.636455
5195.99	0.651548
5215.94	0.653538
5230.56	0.656635
5234.08	0.677608
5252.71	0.680268
5265.46	0.678679
5268.09	0.695748
5284.16	0.699263
5295.6	0.695338
5294.69	0.727213
5306.7	0.734485
5315.77	0.735493
5309.27	0.761456
5316.67	0.778066
5318.47	0.778316
3658.18	0.287573
3680.17	0.358858
3726.59	0.361701
3756.75	0.402243
3805.22	0.402658
3836.13	0.392241
3870.09	0.397664
3909.86	0.397174
3935.49	0.437902
3978.37	0.438346
4004.43	0.471465
4036.94	0.47494
4071.26	0.474052
4097.34	0.47708
4138.21	0.476695
4161.78	0.486573
4192.5	0.490224
4220.82	0.493723
4239.38	0.489112
4276.47	0.48815
4296.55	0.456636
4319.11	0.447837
4335.35	0.436356
4183.11	0.505108
4234.77	0.505839
4285.06	0.506684
4301.35	0.521819
4348.83	0.521979
4407.69	0.528672
4452.38	0.530941
4472.34	0.553527
4520.01	0.554153
4571.52	0.561187
4606.94	0.563261
4624.78	0.582007
4673.88	0.583374
4731.77	0.585802
4763.19	0.589173
4787.16	0.596034
4838.05	0.597328
4889.43	0.599839
4916.98	0.600939
4948.85	0.599951
5004.23	0.601852
5043.19	0.602375
5049.16	0.60247
5049.22	0.602901
4088.17	0.532064
4129.69	0.533301
4193.18	0.537346
4256.19	0.542644
4317.17	0.5489
4376.51	0.554979
4434.29	0.560944
4491.93	0.565483
4548.84	0.570015
4605.13	0.573901
4660.99	0.577008
4715.9	0.579825
4767.54	0.58421
4818.08	0.586646
4849.02	0.587521
4868.38	0.598887
4914.13	0.599586
4962.78	0.601435
5012.66	0.601508
5054.4	0.602202
5016.65	0.605651
5023.28	0.606529
5051.69	0.606491
5069	0.614047
5093.45	0.616182
5117.05	0.615748
5135.37	0.624701
5166.33	0.624759
5183.96	0.636277
5208.24	0.638272
5231.7	0.637712
5248.66	0.65214
5278.63	0.652745
5294.58	0.670682
5316.51	0.67606
5337.73	0.676099
5351.03	0.702039
5379.11	0.703199
5390.91	0.735317
5409.39	0.741862
5427.33	0.742175
5437.38	0.766475
5462.14	0.7673
5474.59	0.804835
5495.2	0.810284
5506.8	0.809833
4615.76	0.573211
4654.3	0.574606
4699.66	0.577521
4744.38	0.581281
4776.38	0.582897
4792.57	0.597295
4829.63	0.598158
4871.34	0.603414
4912.58	0.60727
4947.12	0.610298
4958.62	0.643088
4988.84	0.644915
5028.67	0.654418
5070.98	0.660663
5116.03	0.664891
5127.04	0.701968
5156.49	0.701821
5198.84	0.723966
5237.89	0.739605
5273.79	0.752088
5289.78	0.762645
5293.3	0.727179
5305.83	0.726681
3658.52	0.484509
3715.73	0.485599
3785.2	0.488344
3855.52	0.491253
3922.21	0.496409
3988.57	0.500367
4051.47	0.505599
4112.41	0.509333
4149.7	0.510957
4176.13	0.525174
4232.37	0.5269
4290.69	0.529969
4350.69	0.532102
4409.61	0.535235
4466.88	0.538388
4521.72	0.541429
4571.2	0.545211
4622.59	0.54567
4666.14	0.54455
4681.99	0.548184
4710.86	0.548019
3835.19	0.511379
3879.28	0.511734
3944.78	0.517124
4007.07	0.523964
4068.02	0.529813
4127.96	0.535298
4188.5	0.53921
4248.61	0.543131
4307.46	0.547011
4366.02	0.549701
4424.03	0.551856
4481.15	0.553547
4529.72	0.554162
4548.1	0.571105
4586.97	0.571184
4640.29	0.576081
4691.58	0.57815
4750.44	0.578451
4803.57	0.58133
4853.15	0.583392
4887.68	0.584178
3341.18	0.129257
3392.73	0.126825
3457.32	0.124035
3499.02	0.122374
3526.27	0.121257
3590.85	0.119449
3660.47	0.119332
3730.26	0.125517
3796.22	0.152437
3821.2	0.212487
3867.35	0.269343
3944.31	0.340841
4023.11	0.368231
4101.68	0.387264
4166.18	0.39536
4195.61	0.421279
4247.93	0.420974
4317.15	0.420958
4372.39	0.414493
4416.68	0.413591
4421.72	0.55313
4422.16	0.553634
4467.03	0.554854
4520.24	0.557722
4557.84	0.559399
4576.85	0.575096
4624.32	0.57616
4675.8	0.58185
4715.58	0.583543
4733.72	0.601525
4777.39	0.602446
4827.82	0.610417
4869.36	0.61279
4887.05	0.629694
4926.69	0.630712
4976.58	0.63883
5017.37	0.64444
5041.13	0.647411
5084.36	0.647197
5140.14	0.654478
5189.9	0.657403
5206.7	0.668337
5239.39	0.668316
5270.84	0.671893
4380.8	0.595661
4415.64	0.595889
4466.52	0.598939
4518	0.602466
4572.07	0.606248
4624.82	0.613885
4676.95	0.620364
4728.98	0.625785
4777.7	0.636422
4827.18	0.642391
4874.25	0.652871
4921.47	0.660353
4968.08	0.668818
5019.14	0.674642
5072.75	0.679811
5125.97	0.686816
5178.34	0.694081
5230.22	0.700164
5274.29	0.711342
5305.51	0.713949
2810.56	0.158111
2815.02	0.1581
2833.54	0.157948
2908.27	0.157539
2959.32	0.16387
2981.52	0.174921
3052.36	0.199382
3125.96	0.278087
3154.1	0.340388
3226.16	0.346516
3304.37	0.376996
3338.57	0.423259
3395.58	0.423698
3477.35	0.440726
3524.52	0.447232
3565.03	0.45458
3642.52	0.45666
3699.23	0.458399
3728.89	0.476313
3795.24	0.4763
3855.28	0.477041
3877.43	0.484996
3927.47	0.484454
3975.97	0.486072
4299.89	0.526813
4343.6	0.530563
4377.45	0.533866
4399.34	0.555044
4450.74	0.556762
4502.58	0.563431
4556.08	0.566808
4583.19	0.570754
4605.87	0.576043
4653.04	0.578428
4703.04	0.581399
4749.68	0.586421
4769.63	0.595848
4793.77	0.59569
4839.4	0.597695
4885.15	0.599628
4929.3	0.601185
4945.74	0.616311
4972.83	0.616274
5017.75	0.618879
5061.16	0.620665
5094.54	0.620456
2839.29	0.442033
2909.61	0.442366
3003.34	0.448346
3096.98	0.452783
3188.9	0.457384
3279.59	0.461276
3367.44	0.465171
3452.66	0.468444
3535.39	0.471348
3615.51	0.474147
3691.84	0.477653
3765.9	0.480046
3836.13	0.483317
3908.17	0.48428
3977.94	0.485594
4044.95	0.486715
4111.1	0.48662
4176.49	0.4859
4230.68	0.486544
4270.99	0.487209
2949.8	0.398945
2983.93	0.398643
3072.95	0.406116
3112.36	0.426274
3175.01	0.425538
3261.93	0.434442
3301	0.442538
3353.32	0.441487
3435.49	0.447417
3479.34	0.448195
3525.08	0.446934
3606.94	0.44942
3653.84	0.449171
3692.15	0.449449
3766.83	0.449663
3815.72	0.449522
3848.43	0.452112
3915.94	0.452359
3964.02	0.452653
3990.84	0.457395
4051.97	0.457032
4099.89	0.456669
4122.94	0.458865
4175.09	0.458923
4216.56	0.460125
4223.73	0.46949
4453.9	0.585611
4459.69	0.585323
4503.92	0.587428
4554.97	0.589707
4607.97	0.591995
4660.21	0.596007
4711.38	0.600328
4761.94	0.608487
4808.28	0.623256
4855.49	0.630926
4901.4	0.639748
4957.56	0.642813
5000.64	0.644536
5021.72	0.665297
5070.25	0.666851
5126.76	0.672966
5182.07	0.678126
5233.85	0.686555
5286.57	0.691752
5337.49	0.697957
5381.87	0.704769
4789.05	0.6188
4814.05	0.619439
4861.91	0.628293
4911.46	0.635853
4964.4	0.641113
5018.31	0.645009
5060.69	0.647536
5077.68	0.681888
5116.09	0.68472
5170.23	0.688325
5224.33	0.69341
5277.79	0.69919
5330.07	0.704934
5380.68	0.70937
5429.4	0.710453
5468.59	0.703053
5508.21	0.69501
5514.51	0.484404
5516.12	0.309405
5516.53	0.269727
3956.39	0.487454
4007.76	0.488521
4066.63	0.490105
4114.16	0.490603
4132.55	0.4999
4179.43	0.49998
4235	0.505332
4297.86	0.507291
4336.83	0.508585
4359.42	0.522709
4413.54	0.524403
4470.17	0.530481
4522.13	0.535195
4543.36	0.550204
4574.88	0.550038
4628.05	0.554457
4680.76	0.557335
4723.93	0.558451
4738.5	0.571723
4779.14	0.571702
4830.42	0.574675
4868.85	0.576096
4183.57	0.504335
4199.36	0.506431
4234.47	0.505938
4287.3	0.50739
4304.88	0.519969
4352.34	0.519895
4398.55	0.523642
4418.64	0.545435
4466.61	0.545455
4502.37	0.545853
4523.53	0.547375
4573.36	0.548064
4596.71	0.55029
4624.85	0.549772
4669.33	0.550812
4684.95	0.556013
4719.16	0.556028
4761.85	0.558571
4777.82	0.577346
4818.3	0.577993
4852.52	0.580668
4868.74	0.589887
4910.44	0.590723
4934.33	0.593211
4953.76	0.594485
4993.32	0.595447
5008.15	0.597977
5020.02	0.597889
4571.33	0.501194
4575.06	0.50141
4603.92	0.501544
4618.98	0.510497
4641.65	0.514353
4658.12	0.524891
4675.69	0.534841
4700.45	0.534715
4712.5	0.556226
4740.87	0.556442
4752.97	0.562082
4777.03	0.56332
4793.82	0.567055
4809.95	0.56877
4832.81	0.568576
4844.24	0.576842
4869.02	0.577206
4878.08	0.589936
4901.16	0.590916
4912.82	0.597795
4928.5	0.601698
4948.75	0.601263
4957.91	0.606923
4979.43	0.606952
4982.47	0.585462
4297.08	0.533655
4330.73	0.534909
4348.84	0.55659
4397.2	0.557478
4450.84	0.562078
4502.62	0.566323
4556.1	0.56893
4607.74	0.573958
4659.25	0.577667
4705.78	0.584811
4747.26	0.592523
4789.58	0.595081
4838.12	0.5967
4888.67	0.597692
4927.15	0.598082
4946.17	0.613274
4990.11	0.613812
5039.76	0.617964
5087.29	0.619142
5119.04	0.619692
2722.12	0.202306
2743.7	0.209055
2805.81	0.299154
2835.96	0.332261
2926.29	0.345192
3012.28	0.359317
3048.5	0.397918
3135.99	0.399096
3232.31	0.402109
3271.06	0.415859
3344.41	0.415065
3439.69	0.420482
3484.76	0.421586
3535.55	0.420347
3624.46	0.423492
3681.69	0.423503
3714.24	0.430466
3788.75	0.431044
3851.84	0.432757
3877.85	0.457346
3938.57	0.457381
4003.07	0.461098
4029.06	0.47645
4077.1	0.475604
4120.65	0.469073
3404.2	0.450201
3414.07	0.45081
3464.18	0.45012
3549.41	0.451703
3629.36	0.453344
3662.52	0.466291
3710.83	0.465552
3788.32	0.475478
3860.85	0.484401
3897.45	0.489915
3938.1	0.488962
4010.95	0.495361
4080.28	0.501572
4118.1	0.504374
4150.27	0.510643
4210.06	0.512734
4272.21	0.514683
4310.89	0.515662
4337.37	0.523191
4395.87	0.522111
4455.23	0.518687
4489.39	0.513758
4508.19	0.505885
4545.82	0.505783
3585.51	0.490297
3652.42	0.49262
3725.16	0.495677
3797.35	0.499183
3867.43	0.503126
3936.04	0.506545
4000.22	0.512102
4062.64	0.515615
4124.49	0.517921
4180.82	0.522961
4230.89	0.52441
4254.91	0.539845
4301.17	0.539834
4361.11	0.545444
4420.09	0.546582
4478.09	0.547409
4535.49	0.547711
4587.91	0.548766
4640.23	0.548973
4685.95	0.549399
