2763.5	0.160946
2773.49	0.160203
2793.47	0.158823
2823.04	0.156923
2861.09	0.154615
2906.12	0.151996
2956.64	0.149143
3011.36	0.146119
3069.3	0.14298
3129.69	0.139771
3192	0.13653
3255.79	0.133285
3320.69	0.13006
3386.23	0.126877
3451.64	0.123763
3515.88	0.120747
3580.04	0.117838
3644.37	0.115017
3708.54	0.112279
3772.05	0.109635
3834.72	0.1071
3897.01	0.104683
3959.42	0.102407
4022.38	0.10038
4086.17	0.0989539
4150.83	0.0990919
4215.22	0.102543
4273.26	0.106493
4332.92	0.106097
4391.56	0.106772
4448.93	0.109885
4504.75	0.112826
4558.4	0.113926
4609.86	0.118465
4659.03	0.128574
4706.39	0.144391
4754.61	0.166433
4802.09	0.193231
4845.14	0.223661
4890.69	0.257883
4935.66	0.283213
4977.88	0.295414
5016.29	0.29831
5050.43	0.294826
5079.87	0.28565
5103.72	0.267921
5120.52	0.230717
5133.4	0.196334
5142.35	0.160528
5146.87	0.135869
2753.65	0.161501
2763.66	0.16076
2784.02	0.159362
2814.71	0.157408
2854.27	0.155027
2900.82	0.15233
2952.64	0.149404
3008.4	0.146318
3067.13	0.143128
3128.12	0.139878
3190.89	0.136603
3255.12	0.133328
3320.55	0.130073
3386.9	0.126857
3453.44	0.123705
3516.66	0.120704
3580.63	0.117811
3645.37	0.114987
3710.12	0.11224
3773.9	0.109596
3836.18	0.107094
3898.04	0.104761
3960.12	0.102684
4022.84	0.101192
4086.61	0.101442
4152.21	0.107486
4222.14	0.131525
4271.48	0.15885
4334.19	0.147573
4393.06	0.147343
4450.63	0.154519
4506.86	0.161744
4560.34	0.162466
4611.43	0.171551
4659.4	0.189481
4703.51	0.210041
4753.02	0.259801
4805.95	0.317937
4853.01	0.356413
4897.82	0.383814
4941.07	0.402412
4981.74	0.415352
5019.13	0.422504
5052.77	0.421817
5082.29	0.409596
5107.05	0.383286
5126.82	0.33668
5138.45	0.250772
5146.53	0.186038
5150.98	0.158658
2733.92	0.162534
2743.63	0.161821
2764.39	0.160419
2797.65	0.158357
2840.64	0.155825
2890.43	0.152973
2944.92	0.149904
3002.73	0.146697
3062.97	0.14341
3125.08	0.140083
3188.71	0.136747
3253.68	0.133421
3319.97	0.130112
3387.95	0.126816
3459.2	0.12349
3517.39	0.120651
3581.2	0.117787
3647.21	0.11494
3713.61	0.112163
3778.23	0.10954
3839.16	0.107199
3900	0.105243
3961.37	0.104007
4023.43	0.104333
4086.21	0.107877
4149.67	0.119019
4214.44	0.150557
4276	0.218324
4338.41	0.25183
4394.73	0.247347
4453.29	0.2716
4513.58	0.293175
4565.24	0.2872
4615.89	0.310655
4662.6	0.341
4705.61	0.375863
4760.68	0.39992
4811.46	0.424099
4858.85	0.448161
4903.99	0.471035
4947.07	0.492556
4987.57	0.51226
5025.17	0.529236
5059.43	0.540473
5089.87	0.541164
5115.69	0.523896
5135.85	0.474111
5149.52	0.377188
5154.57	0.223463
5159.29	0.189269
2704.61	0.163919
2712.65	0.163308
2732.4	0.161997
2770.99	0.159754
2820.36	0.156977
2875.52	0.153883
2934.08	0.150603
2994.85	0.147224
3057.22	0.143801
3120.85	0.140372
3185.57	0.136959
3251.33	0.133578
3318.18	0.130234
3386.29	0.12693
3455.89	0.123668
3513.22	0.120895
3580.34	0.117857
3649.49	0.114897
3719.79	0.112049
3787.27	0.109566
3843.29	0.108015
3902.53	0.107845
3962.93	0.110958
4024.04	0.120675
4085.22	0.13753
4144.67	0.162759
4206.54	0.209422
4281.05	0.29723
4343.03	0.361808
4405.71	0.386925
4463.97	0.407378
4529.66	0.429005
4576.33	0.394047
4624.96	0.405586
4672.61	0.425532
4719.53	0.443474
4768.82	0.459605
4816.84	0.478507
4863.98	0.500421
4909.66	0.52215
4953.47	0.543678
4994.66	0.564514
5033.49	0.583841
5069.65	0.597638
5102.47	0.607245
5130.81	0.607629
5151.65	0.581444
5164.68	0.481609
5170.85	0.33002
5172.29	0.215378
2667.36	0.165422
2670.06	0.165024
2681.63	0.164083
2733.65	0.161546
2794.39	0.15841
2857.36	0.154986
2921.21	0.151436
2985.61	0.147846
3050.48	0.144262
3115.85	0.140715
3181.77	0.137218
3248.33	0.133777
3315.62	0.130395
3383.68	0.127071
3452.5	0.123804
3521.79	0.120588
3578.21	0.117947
3651.45	0.114853
3729.71	0.111845
3790.52	0.109924
3845.62	0.109735
3904.07	0.114245
3963.39	0.132172
4023.17	0.176446
4084.74	0.214316
4143.74	0.22808
4216.6	0.279577
4288.74	0.346165
4353.4	0.384192
4415.86	0.409043
4476.78	0.430396
4529.92	0.440773
4584.75	0.458237
4631.73	0.466593
4680.41	0.483106
4728.23	0.49478
4775.46	0.504932
4820.56	0.516045
4868.24	0.537058
4915.05	0.556686
4960.61	0.574809
5002.69	0.58975
5043.85	0.603661
5082.94	0.621192
5119.24	0.647986
5152.53	0.683193
5173.83	0.703163
5185.93	0.55432
5190.45	0.391019
5190.58	0.253308
2627.48	0.166711
2618.67	0.166476
2590.43	0.16581
2687.65	0.163485
2766.26	0.159936
2838.44	0.156141
2907.95	0.152302
2976.12	0.14849
3043.52	0.144742
3110.59	0.141076
3177.69	0.137495
3245.03	0.133996
3312.76	0.130577
3380.88	0.127236
3449.26	0.123976
3517.46	0.120809
3584.25	0.117778
3649.22	0.11492
3717.99	0.112107
3782.19	0.109599
3843.36	0.107755
3904.57	0.107669
3966.04	0.113257
4027.1	0.136288
4084.42	0.204265
4159.52	0.320648
4226.39	0.346509
4295.87	0.376946
4361.64	0.399378
4423.89	0.420152
4483.26	0.440105
4540.07	0.459586
4590.25	0.467996
4638.8	0.483748
4687.56	0.50306
4734.33	0.522258
4785.68	0.543232
4822.24	0.557427
4871.36	0.577278
4919.89	0.591904
4969.82	0.601966
5010.9	0.60312
5055.32	0.619559
5097.33	0.643017
5136.64	0.681351
5173.73	0.742212
5216.82	0.802641
5214.77	0.591234
5214.77	0.420155
5214.08	0.289351
2596.48	0.167631
2586.74	0.16737
2563.97	0.166679
2660.2	0.164676
2744.62	0.161109
2822.3	0.157124
2896.17	0.153072
2967.6	0.149074
3037.13	0.145183
3105.62	0.141416
3173.71	0.137763
3241.78	0.134214
3309.98	0.130759
3378.36	0.127395
3446.82	0.124122
3515.24	0.120948
3583.6	0.117884
3644.05	0.11521
3711.76	0.112334
3777.91	0.109669
3842.09	0.107424
3905.67	0.106149
3969.08	0.107576
4032.09	0.116633
4094.62	0.14423
4158.8	0.19587
4232.08	0.271543
4305.9	0.338649
4371.78	0.374235
4432.94	0.398587
4490.82	0.420839
4545.99	0.442553
4598.06	0.464154
4646.47	0.485226
4691.01	0.504429
4744.05	0.524712
4786.69	0.540499
4829.96	0.545551
4872.93	0.569031
4918.18	0.583961
4970.81	0.598121
5021.36	0.608083
5069.09	0.626303
5113.62	0.651828
5159.22	0.68785
5200.15	0.739953
5244.73	0.799291
5240.96	0.594265
5239.7	0.435675
5239.15	0.301781
2575.28	0.168274
2567.89	0.167968
2553.03	0.167274
2644.54	0.165399
2729.72	0.161906
2810.04	0.157851
2886.98	0.153663
2961.16	0.149525
3032.04	0.145531
3101.35	0.1417
3170.13	0.138002
3238.8	0.134416
3307.52	0.13093
3376.3	0.127541
3445.06	0.124248
3513.77	0.121055
3582.65	0.117972
3652.52	0.115039
3708.05	0.112761
3776.62	0.11011
3842.5	0.108448
3908	0.108829
3973.24	0.113383
4037.04	0.125983
4099.43	0.160541
4164.8	0.244677
4243.73	0.334924
4314.74	0.377068
4381.66	0.400677
4441.09	0.416271
4497.45	0.43818
4551.89	0.46115
4606.77	0.483866
4652.23	0.490236
4699.46	0.511157
4745.95	0.509398
4790.1	0.51869
4837.46	0.536104
4880.65	0.559387
4932.61	0.578173
4984.47	0.593509
5034.61	0.604677
5085.27	0.62208
5124.05	0.645634
5176.35	0.681418
5219.33	0.735212
5260.94	0.788981
5263.54	0.592971
5263.85	0.442031
5263.62	0.307
2561.51	0.168751
2556.55	0.168409
2547.29	0.167686
2635.18	0.165859
2719.69	0.162426
2801.23	0.158339
2880.67	0.154039
2958.19	0.149754
3028.74	0.145734
3097.93	0.14191
3167	0.138206
3236.19	0.134602
3305.49	0.131092
3374.8	0.12768
3443.95	0.124372
3512.83	0.121181
3581.48	0.118149
3649.82	0.115434
3716.73	0.11375
3778.98	0.112133
3844.2	0.114854
3911.21	0.126631
3978.67	0.149382
4041.43	0.181668
4105.64	0.252891
4180.17	0.340998
4251.86	0.389141
4322.3	0.421115
4394.68	0.443975
4448.54	0.433983
4502.82	0.444832
4554.59	0.451046
4602.36	0.463876
4656.86	0.477695
4706.13	0.499734
4752.35	0.51449
4800.88	0.526598
4847	0.544966
4895.21	0.565299
4945.42	0.584127
4998.85	0.598948
5045.97	0.606182
5092.57	0.624323
5145.95	0.650964
5198.03	0.690891
5246.44	0.746091
5294.53	0.80028
5290.8	0.609209
5288.71	0.455898
5287.78	0.312552
2552.74	0.169123
2549.58	0.168752
2543.86	0.167987
2629.16	0.166176
2712.63	0.162782
2794.57	0.158669
2876.4	0.154219
2962.39	0.149502
3027.06	0.14576
3094.91	0.142068
3164.1	0.138394
3233.88	0.134781
3303.93	0.131251
3373.99	0.127821
3443.74	0.12451
3512.82	0.121367
3581.36	0.118519
3649.35	0.116371
3716.33	0.116292
3778.89	0.122707
3843.78	0.14637
3911.67	0.200784
3988.52	0.283226
4056.65	0.320348
4119.65	0.351001
4186.7	0.377171
4254.74	0.370057
4323.58	0.381512
4389.89	0.394582
4446.55	0.397261
4499.9	0.410251
4557.65	0.429325
4611.21	0.452497
4665.19	0.474603
4707.13	0.491749
4760.77	0.51193
4810.64	0.533133
4859.96	0.555903
4905.8	0.572312
4953.64	0.582578
5001.97	0.596737
5057.17	0.608162
5110.92	0.625936
5165.61	0.652887
5219.06	0.693034
5270.12	0.746703
5320.34	0.799316
5315.44	0.61067
5312.21	0.459366
5310.81	0.313706
2547.19	0.16942
2545.2	0.169024
2541.64	0.168222
2624.96	0.166427
2707.1	0.163097
2788.06	0.159062
2868.06	0.154748
2946.77	0.1504
3018.82	0.146304
3089.64	0.14239
3160.44	0.138589
3231.46	0.134885
3302.76	0.131279
3374.19	0.127777
3445.18	0.124402
3514.34	0.121207
3582.87	0.118291
3651.33	0.115973
3720.2	0.115522
3791.38	0.121499
3849.14	0.13865
3925.83	0.190779
3987.83	0.23202
4058.84	0.287328
4128.44	0.329271
4192	0.361921
4265.11	0.387786
4325.55	0.38878
4385.51	0.400576
4447.2	0.411451
4504.04	0.42536
4561.36	0.440764
4616.47	0.461635
4662.91	0.48127
4716	0.502028
4770.33	0.523041
4818.6	0.534923
4867.28	0.554729
4913.62	0.574404
4957.3	0.587322
5012.9	0.59827
5068.21	0.610274
5125.75	0.627643
5182.83	0.654212
5238.04	0.693847
5290.75	0.746494
5342.01	0.798511
5337.17	0.60752
5333.66	0.456443
5332.06	0.311783
2543.68	0.169652
2542.41	0.169237
2540.16	0.168406
2621.91	0.166625
2702.77	0.163352
2782.55	0.159387
2861.11	0.155151
2937.99	0.150875
3012.03	0.146703
3084.68	0.142675
3156.89	0.138775
3229.18	0.134986
3301.92	0.131298
3375.39	0.127715
3449.06	0.124287
3517.17	0.121229
3585.17	0.118773
3653.59	0.117867
3722.16	0.121513
3791.24	0.135418
3859.27	0.168447
3927.66	0.176952
3992.73	0.213887
4059.34	0.251308
4135.53	0.316012
4200.6	0.34138
4263.16	0.366143
4328.52	0.39111
4390.38	0.414646
4450.3	0.436672
4509.92	0.457373
4564.05	0.468063
4616.53	0.480096
4669.11	0.492282
4721.06	0.50454
4773.39	0.520118
4823.24	0.52376
4874.54	0.542692
4923.7	0.565333
4972.09	0.586119
5023.02	0.59969
5075.29	0.612606
5138.31	0.629197
5198.14	0.655157
5255.02	0.694212
5308.9	0.74615
5360.82	0.797852
5356.33	0.603613
5352.9	0.451343
5351.28	0.308638
2541.48	0.169826
2540.65	0.169396
2539.17	0.168541
2619.72	0.166769
2699.52	0.163537
2778.32	0.159621
2855.95	0.155429
2932.2	0.151177
3006.85	0.146985
3080.46	0.142906
3153.61	0.138945
3226.85	0.135093
3300.84	0.13133
3376.91	0.127646
3459.1	0.124114
3520.76	0.121963
3587.65	0.121975
3655.95	0.12914
3722.69	0.157332
3789.15	0.20574
3857.63	0.255327
3931.59	0.313681
4009.69	0.354277
4070.28	0.343467
4135.63	0.358272
4202.1	0.375053
4266.34	0.393063
4330.82	0.409271
4393.5	0.4261
4450.7	0.437874
4510.79	0.448644
4566.9	0.463268
4614.85	0.475402
4673.21	0.493877
4725.92	0.499913
4772.49	0.510607
4828.16	0.529184
4881.43	0.547843
4932.49	0.567172
4980.85	0.585414
5031.62	0.599798
5085.83	0.613283
5151.19	0.629732
5212.5	0.655473
5270.41	0.694204
5325.02	0.74574
5377.35	0.797313
5373.22	0.600188
5369.99	0.446067
5368.43	0.30538
2540.15	0.169945
2539.58	0.169504
2538.54	0.168632
2618.27	0.166863
2697.27	0.163658
2775.31	0.159777
2852.29	0.155615
2928.15	0.151383
3002.95	0.147192
3076.96	0.143097
3150.58	0.139115
3224.17	0.135246
3298.15	0.131486
3372.84	0.127845
3447.85	0.124408
3517.61	0.121622
3588.02	0.121076
3660.38	0.131145
3734.84	0.186948
3793.7	0.232827
3863.89	0.287002
3939.02	0.326031
4003.35	0.359188
4074.84	0.393747
4138.66	0.39839
4202.95	0.406202
4265.94	0.414795
4332.31	0.421909
4395.51	0.434386
4458.69	0.448569
4514.55	0.460242
4563.3	0.471046
4612.41	0.471254
4669.31	0.4753
4726.93	0.488715
4778.6	0.504953
4835.48	0.522825
4888.99	0.544178
4939.55	0.56627
4987.27	0.587196
5035.69	0.601275
5101.32	0.612595
5165.11	0.629219
5226.31	0.655137
5284.48	0.693843
5339.38	0.745263
5391.92	0.796873
5388.06	0.597549
5385.03	0.441464
5383.55	0.302498
2539.43	0.170017
2539.01	0.169567
2538.22	0.16868
2617.52	0.166911
2695.99	0.163722
2773.41	0.159865
2849.83	0.155731
2925.34	0.151522
3000.04	0.147344
3074.15	0.143252
3147.89	0.139269
3221.52	0.135402
3295.2	0.131651
3368.99	0.128025
3442.45	0.124565
3514.41	0.12146
3586.7	0.119515
3660.93	0.122379
3739.75	0.143833
3796.05	0.180485
3858.1	0.167793
3921.02	0.216342
4013.03	0.300829
4068.51	0.295491
4131.31	0.29796
4199.05	0.340843
4271.52	0.374391
4336.76	0.379684
4399.95	0.400021
4462.66	0.418056
4511.17	0.418282
4563.7	0.429347
4620.85	0.450064
4675.76	0.471942
4727.96	0.495332
4788.34	0.516713
4843.42	0.526355
4897.01	0.546433
4947.45	0.567188
4992.59	0.588355
5054.03	0.600001
5116.54	0.611384
5178.65	0.628324
5239.18	0.654456
5297.16	0.693275
5352.08	0.744755
5404.64	0.796517
5400.97	0.59557
5398.09	0.437727
5396.74	0.300094
2539.17	0.170046
2538.86	0.169587
2538.22	0.168687
2617.58	0.166913
2695.75	0.163729
2772.58	0.159893
2848.41	0.155788
2923.47	0.151607
2997.95	0.147451
3071.96	0.143373
3145.67	0.139398
3219.21	0.135536
3292.63	0.131793
3366.03	0.128171
3439.16	0.124683
3511.59	0.121386
3584	0.118468
3656.64	0.1166
3729.03	0.117596
3799.44	0.121022
3848.88	0.123388
3919.65	0.140433
3990.29	0.166638
4052.25	0.177475
4120.95	0.180506
4182.7	0.219822
4266.44	0.295777
4344.46	0.339272
4403.55	0.349357
4457.94	0.371828
4516.97	0.387256
4573.39	0.414132
4629.78	0.43912
4685.46	0.462333
4740.91	0.484104
4798.46	0.504085
4854.74	0.524061
4907.75	0.544901
4959.95	0.566608
5012.22	0.585964
5069.92	0.598786
5130.11	0.61029
5190.83	0.627397
5250.62	0.653706
5308.27	0.692668
5363.05	0.744278
5415.55	0.796233
5411.99	0.594094
5409.21	0.434681
5407.91	0.29807
2539.27	0.17004
2539.08	0.169569
2538.6	0.168651
2618.8	0.166859
2696.89	0.163664
2772.79	0.159854
2847.85	0.155792
2922.36	0.151649
2996.54	0.14752
3070.35	0.14346
3143.96	0.139496
3217.41	0.135643
3290.58	0.131909
3363.88	0.12829
3437.21	0.12479
3509.5	0.12146
3581.84	0.118318
3653.26	0.115576
3720.33	0.113711
3787.32	0.112825
3850.6	0.112655
3915.89	0.116999
3983.76	0.128221
4048.82	0.15108
4117.31	0.188455
4182.34	0.194402
4257.94	0.245781
4345.37	0.316466
4407.73	0.335162
4460.43	0.358267
4520.87	0.39138
4578.87	0.419978
4635.77	0.445655
4692.13	0.468995
4748.71	0.490626
4806.89	0.510768
4866.57	0.529861
4916.78	0.545064
4970.28	0.56615
5024.91	0.584703
5082.03	0.597977
5141.18	0.609492
5201.03	0.626653
5260.25	0.653077
5317.59	0.692161
5372.22	0.743895
5424.65	0.796015
5421.17	0.592897
5418.45	0.43203
5417.18	0.29624
2539.61	0.170009
2539.6	0.169521
2539.53	0.168567
2622.09	0.166715
2700.25	0.163486
2773.89	0.159748
2847.97	0.155752
2921.74	0.151657
2995.71	0.147559
3069.21	0.143519
3142.75	0.139567
3216.31	0.135715
3288.87	0.132008
3362.27	0.12839
3436.95	0.124829
3508.1	0.121615
3581.41	0.118486
3646.19	0.115685
3715.06	0.113376
3781.37	0.11222
3846.26	0.112766
3912.5	0.112922
3981.14	0.117588
4048.82	0.13291
4113.27	0.176016
4190.15	0.275703
4266.76	0.319726
4344.12	0.350233
4399.7	0.3671
4459.7	0.384814
4522.16	0.404618
4581.15	0.429452
4638.72	0.453357
4695.43	0.476044
4751.96	0.497637
4810.98	0.517504
4873.41	0.535764
4920.01	0.547907
4977.3	0.566119
5033.53	0.584102
5090.86	0.597494
5149.64	0.608974
5209	0.62616
5267.82	0.652682
5324.96	0.691861
5379.53	0.743657
5431.92	0.795854
5428.52	0.591758
5425.86	0.429477
5424.61	0.294445
2540.01	0.169971
2540.23	0.16946
2540.98	0.168444
2629.77	0.166378
2708.15	0.163059
2774.6	0.159635
2848.51	0.155694
2921.08	0.151662
2995.56	0.147568
3068.32	0.143567
3141.87	0.139624
3216.62	0.135702
3286.81	0.13215
3359.92	0.128596
3429.21	0.125158
3506.93	0.121638
3588.53	0.118427
3648.32	0.116763
3713.25	0.11761
3777.53	0.125417
3840.66	0.147246
3906.78	0.143941
3978.94	0.147961
4049.55	0.167956
4115.03	0.204063
4189.38	0.264267
4267.61	0.323182
4337.48	0.364307
4400.79	0.395947
4465.7	0.419487
4522.51	0.42439
4581.03	0.442399
4639.17	0.459093
4695.89	0.477045
4749.93	0.496858
4808.92	0.516497
4870.83	0.534836
4930.21	0.553651
4983.14	0.565855
5039.42	0.583812
5097	0.597228
5155.65	0.608678
5214.64	0.62594
5273.15	0.652619
5330.26	0.691866
5384.9	0.743614
5437.37	0.795748
5434.07	0.590497
5431.48	0.426822
5430.27	0.292612
2540.22	0.169948
2540.39	0.169436
2540.57	0.168437
2625.34	0.166518
2704.47	0.163186
2780.63	0.1593
2850.49	0.155574
2918.69	0.151777
2997.35	0.147465
3066.93	0.143661
3140.13	0.13982
3208.64	0.136128
3283.84	0.132303
3356.88	0.128657
3428.74	0.125147
3502.6	0.121761
3576.51	0.118619
3644.83	0.116221
3712.92	0.115873
3775.99	0.121297
3839.38	0.145449
3904.53	0.218408
3975.71	0.259794
4053.07	0.308362
4125.67	0.3433
4197.6	0.369078
4266.74	0.383217
4325.04	0.39615
4396.2	0.404255
4461.62	0.415869
4522.52	0.429459
4578.51	0.443582
4638.4	0.456872
4694.96	0.476729
4749.53	0.497595
4801.16	0.517065
4868.07	0.53173
4929.4	0.549632
4984.63	0.568855
5042.37	0.58406
5100.82	0.597144
5159.43	0.608552
5217.91	0.626013
5275.96	0.653056
5333.37	0.692307
5388.36	0.743806
5441.04	0.795692
5437.89	0.589046
5435.38	0.4241
5434.2	0.290784
2540.3	0.169941
2540.56	0.169422
2540.94	0.168409
2626.52	0.16647
2703.79	0.163174
2780.79	0.159266
2850.99	0.155486
2926.06	0.151448
2991.76	0.147776
3063.53	0.143907
3138.66	0.139872
3210.7	0.136043
3283.5	0.132306
3355.56	0.128698
3426.94	0.125226
3498.93	0.121924
3570.87	0.119003
3642.34	0.11767
3718.05	0.123864
3773.34	0.142367
3832.63	0.176389
3899.45	0.235531
3980.77	0.338151
4057.06	0.394129
4131.17	0.425483
4205.35	0.440825
4265.97	0.428984
4331.12	0.437585
4397.41	0.450092
4461.52	0.464322
4523.24	0.478005
4583.79	0.490842
4637.96	0.496599
4693.15	0.509087
4744.33	0.525756
4808.4	0.534707
4868.03	0.545536
4932.08	0.559547
4994.35	0.575584
5042.94	0.58632
5103.23	0.59734
5161.45	0.60858
5218.77	0.626516
5275.45	0.654591
5334.23	0.693371
5390.04	0.744226
5443.07	0.795683
5440.07	0.587632
5437.64	0.421735
5436.47	0.289235
2540.17	0.169958
2540.66	0.169426
2542.2	0.16836
2635.98	0.166137
2703.41	0.16319
2771.85	0.15974
2848.51	0.155692
2923.41	0.151589
2996.21	0.147531
3072.34	0.143426
3140.64	0.13972
3212.42	0.136022
3284.37	0.132277
3355.5	0.128726
3425.15	0.125317
3496.03	0.122061
3566.44	0.119151
3636.17	0.117438
3705.62	0.12035
3769.7	0.141359
3833.39	0.219852
3900.08	0.261126
3976.56	0.296076
4048.24	0.321821
4123.77	0.345711
4198.2	0.358769
4266.94	0.368579
4331.73	0.386407
4398.99	0.404431
4462.48	0.425573
4523.51	0.446861
4582.08	0.468143
4637.73	0.488821
4695.27	0.508224
4751.9	0.527439
4812.68	0.544762
4875.97	0.559965
4934.09	0.564903
4994.01	0.579538
5052.35	0.592642
5106.41	0.599865
5162.5	0.610545
5217.4	0.627835
5268.85	0.657797
5333.35	0.694784
5390.4	0.744598
5443.67	0.795714
5440.72	0.587207
5438.31	0.420752
5437.15	0.288473
2539.6	0.17001
2539.75	0.169503
2539.95	0.168517
2623.33	0.16664
2698.79	0.16347
2772.57	0.159759
2847.9	0.155739
2923.02	0.151609
2997.56	0.147489
3072.24	0.143435
3144.7	0.139528
3216.89	0.135743
3286.54	0.132158
3357.46	0.128736
3422.79	0.125485
3494.31	0.122251
3563.47	0.119594
3630.88	0.119228
3698.29	0.124797
3763.13	0.143835
3830.91	0.136941
3900.19	0.146478
3969.78	0.162372
4036.26	0.192854
4111.22	0.265108
4194.64	0.332904
4266.91	0.372713
4337.75	0.398379
4400.42	0.402582
4462.32	0.414083
4523.04	0.429374
4580.47	0.445521
4633.11	0.46378
4696.03	0.475213
4753.2	0.493114
4812.43	0.51127
4874.36	0.529174
4934.21	0.547059
4993.96	0.565432
5051.87	0.582824
5105.88	0.597246
5163.23	0.607825
5220.54	0.625547
5276.88	0.653592
5335.13	0.692635
5390.41	0.743914
5443.04	0.795771
5439.88	0.589315
5437.41	0.422074
5436.24	0.288613
2538.91	0.170071
2538.84	0.169581
2538.54	0.168629
2618.6	0.166819
2695.86	0.163633
2771.78	0.159835
2847.63	0.15576
2923.37	0.151583
2998.99	0.147408
3074.63	0.143298
3149.37	0.139306
3220.31	0.135538
3290.43	0.131955
3362.06	0.128456
3429.42	0.125249
3495.64	0.12243
3559.58	0.119882
3628.83	0.117004
3695.51	0.115684
3761.94	0.116054
3828.6	0.116915
3897.17	0.124071
3965.48	0.138763
4033.73	0.167389
4102.74	0.231556
4192.31	0.317537
4263.81	0.333255
4334.02	0.35339
4399.23	0.369337
4464.42	0.389156
4526.52	0.411201
4585.71	0.43292
4642.92	0.454235
4701.62	0.474059
4757.72	0.494534
4806.51	0.516673
4871.94	0.535533
4931.7	0.55474
4993.32	0.572515
5053.53	0.588376
5114.25	0.599866
5162.13	0.607614
5221.81	0.623963
5279.04	0.650853
5335.2	0.690548
5388.96	0.743072
5440.76	0.795878
5437.34	0.591273
5434.87	0.421433
5433.73	0.286815
2538.34	0.170123
2538.19	0.169639
2537.83	0.168693
2616.65	0.166897
2694.31	0.163713
2771.11	0.15988
2847.59	0.15576
2923.99	0.151533
3000.64	0.147293
3078.2	0.143073
3158.21	0.138853
3224.99	0.135243
3293.29	0.131838
3360.86	0.12852
3430.9	0.125111
3498.75	0.122049
3567.84	0.11957
3630.06	0.118719
3693.43	0.120314
3760.31	0.122563
3824.1	0.133841
3893.29	0.160144
3958.41	0.199082
4029.77	0.235127
4107.01	0.276907
4183.89	0.307367
4261.31	0.337612
4332.27	0.364842
4399.72	0.387642
4465.59	0.406928
4529.03	0.42568
4589.43	0.443943
4648.06	0.463016
4706.77	0.482179
4761.58	0.492216
4816.16	0.511135
4872.43	0.529868
4924.82	0.551181
4991.94	0.567912
5053.16	0.58409
5112.34	0.597071
5169.86	0.609078
5222.7	0.62147
5278.37	0.648353
5333.05	0.688506
5385.41	0.742129
5436.2	0.796055
5432.85	0.590002
5430.68	0.412348
5429.65	0.278543
2537.96	0.170158
2537.81	0.169675
2537.5	0.168727
2615.85	0.166932
2693.62	0.163748
2770.84	0.159899
2847.73	0.155755
2924.53	0.151504
3001.59	0.147241
3079.58	0.142999
3160.18	0.138762
3227.05	0.135142
3296.29	0.131622
3365.97	0.128184
3435.23	0.124865
3501.32	0.121867
3567.39	0.119507
3632.55	0.119651
3700.65	0.131615
3760.54	0.170767
3811.56	0.211306
3881.15	0.255306
3958.75	0.311538
4035.65	0.348358
4111.56	0.372904
4186.11	0.391216
4259.34	0.403675
4330.01	0.415711
4398.62	0.427709
4465.84	0.438632
4531.46	0.448689
4592.02	0.451393
4650.36	0.462751
4705.04	0.475384
4763.74	0.490124
4820.59	0.5075
4877.35	0.525269
4933.96	0.543302
4994.05	0.560032
5053.08	0.577226
5110.79	0.592319
5166.94	0.603808
5219.12	0.621332
5274.86	0.645629
5328.66	0.685314
5379.35	0.740058
5428.27	0.796231
5426.23	0.575637
5425.12	0.383557
5424.41	0.257325
2537.76	0.170174
2537.63	0.169691
2537.38	0.168741
2615.62	0.166944
2693.49	0.163758
2770.94	0.159902
2848.06	0.155749
2924.98	0.151497
3001.83	0.147251
3078.63	0.143071
3154.88	0.139004
3227.19	0.135149
3299.35	0.131459
3372.09	0.127886
3443.37	0.124496
3504.61	0.121803
3568.56	0.119683
3632.44	0.118856
3692.51	0.118651
3756.65	0.123776
3817.93	0.136738
3883.54	0.161805
3948.27	0.222617
4035.14	0.323227
4113.21	0.380991
4187.2	0.418529
4258.67	0.448902
4328.24	0.474247
4397.05	0.495534
4466.15	0.512954
4539	0.525663
4595.15	0.497681
4651.49	0.505288
4707.76	0.517782
4765.02	0.530161
4822.38	0.543019
4879.69	0.556225
4936.9	0.569629
4994.68	0.582509
5052.23	0.594032
5109.45	0.603234
5166.31	0.614714
5223.45	0.630626
5269.55	0.643867
5322.88	0.672801
5371.08	0.716831
5413.92	0.765288
5418.08	0.508333
5419.15	0.323898
5418.89	0.228973
2537.73	0.170174
2537.62	0.16969
2537.4	0.168738
2615.75	0.166938
2693.78	0.163746
2771.42	0.159883
2848.7	0.155724
2925.67	0.151472
3002.32	0.147234
3078.51	0.143072
3153.86	0.139022
3227.91	0.135106
3302.33	0.131305
3380.24	0.127529
3441.85	0.124487
3508.42	0.121484
3570.32	0.118959
3632.13	0.117273
3692.71	0.117681
3754.2	0.123847
3816.79	0.137749
3883	0.157502
3950.41	0.191656
4026.8	0.256702
4110.34	0.325917
4184.63	0.364837
4255.6	0.389462
4324.32	0.406684
4393.19	0.419546
4461.23	0.430477
4528.83	0.438928
4592.14	0.440008
4649.77	0.454063
4706.34	0.470807
4763.38	0.488195
4821.44	0.50563
4879.36	0.524124
4936.23	0.543687
4993.11	0.562878
5049.89	0.580512
5106.49	0.594709
5163.07	0.605775
5219.18	0.622353
5273.34	0.649556
5321.04	0.680915
5369.31	0.737939
5416.96	0.796519
5415.04	0.546441
5414.59	0.32677
5414.21	0.226704
2537.86	0.170156
2537.75	0.169672
2537.54	0.168721
2616.18	0.166916
2694.47	0.163712
2772.32	0.159836
2849.76	0.155668
2926.82	0.15141
3003.49	0.147171
3079.51	0.143015
3154.49	0.138979
3228.66	0.135086
3302.32	0.131339
3374.49	0.127759
3443.23	0.124442
3517.64	0.121444
3572.91	0.120038
3633.66	0.121811
3692.13	0.134315
3749.23	0.175274
3808.99	0.217329
3877.51	0.26555
3954.49	0.311113
4029.43	0.347012
4105.6	0.370287
4179.7	0.390351
4250.94	0.409454
4316.86	0.429188
4387	0.448106
4453.71	0.467253
4519.93	0.48619
4591.82	0.504123
4646.22	0.479823
4701.6	0.48783
4757.82	0.500284
4817.74	0.512184
4877.23	0.526663
4932.87	0.541962
4989.24	0.555632
5045.89	0.574146
5102.3	0.590232
5158.59	0.601817
5214.17	0.61658
5267.36	0.641648
5314.98	0.684235
5364.24	0.739027
5412.25	0.796673
5410.24	0.55688
5409.8	0.331782
5409.6	0.227658
2538.14	0.170122
2538.03	0.169638
2537.8	0.168688
2616.94	0.166876
2695.62	0.163654
2773.7	0.159759
2851.28	0.155574
2928.54	0.151302
3005.54	0.147051
3081.85	0.142888
3156.26	0.138868
3230.35	0.134999
3304.28	0.131278
3372.74	0.127837
3439.55	0.124619
3506.68	0.121652
3570.26	0.119322
3638.95	0.118861
3692.96	0.12307
3749.62	0.138214
3804.9	0.167983
3869.17	0.231276
3952.08	0.325443
4023.2	0.347301
4099.6	0.379271
4175.19	0.402059
4247.83	0.422874
4318.83	0.441508
4381.62	0.442744
4444.52	0.456999
4503.46	0.470247
4574.3	0.475697
4635.56	0.481237
4692.39	0.497126
4743.49	0.51722
4811.12	0.535663
4873.78	0.553307
4936.67	0.569647
4982.51	0.573476
5039.99	0.587628
5096.8	0.599244
5153.31	0.610775
5209.06	0.62728
5263.34	0.652181
5316.09	0.688871
5356.49	0.720323
5400.07	0.76663
5403.86	0.488344
5404.82	0.300825
5405.08	0.224912
2538.57	0.170071
2538.46	0.169588
2538.21	0.16864
2618.14	0.166819
2697.36	0.16357
2775.64	0.159651
2853.23	0.155448
2930.68	0.151153
3008.48	0.146863
3086.38	0.142649
3158.71	0.138689
3232.62	0.134833
3312.23	0.130897
3373.21	0.127847
3436.21	0.124906
3499.96	0.1222
3563.16	0.120174
3626.68	0.120147
3686.66	0.12649
3745.38	0.150484
3809.27	0.195635
3869.58	0.228237
3933.13	0.24305
4008.96	0.261421
4090.66	0.301712
4170.95	0.337304
4244.04	0.363273
4312.93	0.383626
4378.66	0.398962
4442.32	0.416485
4504.43	0.434182
4568.32	0.451971
4629.71	0.467537
4688.57	0.484612
4746.17	0.502449
4807.28	0.519785
4868.05	0.536111
4921.18	0.552066
4976.36	0.566
5032.68	0.582572
5089.76	0.595788
5146.77	0.606569
5203.24	0.623201
5258.44	0.650372
5311.45	0.692378
5361.27	0.749889
5404.81	0.796795
5402.33	0.560435
5401.66	0.336313
5401.5	0.231442
2539.16	0.170006
2539.07	0.169521
2538.84	0.168573
2620.02	0.166738
2700.07	0.163455
2778.3	0.159516
2855.45	0.155313
2932.61	0.151008
3011.54	0.146632
3096.76	0.142086
3159.94	0.138579
3229.59	0.135037
3301	0.131505
3368.77	0.128176
3432.04	0.125133
3494.7	0.122337
3556.33	0.119853
3620.37	0.117578
3682.72	0.117166
3744.53	0.121116
3808.73	0.134397
3867.56	0.151168
3927.1	0.17057
4000.03	0.204265
4089.3	0.283697
4167.3	0.310511
4240.12	0.336545
4306.86	0.358814
4374.33	0.38147
4438.35	0.405056
4500.53	0.426979
4561.95	0.447512
4623.65	0.46648
4683.35	0.485618
4742.73	0.504635
4801.15	0.520944
4862.61	0.537946
4909.17	0.549194
4974.66	0.565035
5022.9	0.578563
5081.57	0.592897
5139.05	0.60369
5195.98	0.618669
5251.93	0.642893
5305.51	0.680732
5355.03	0.734565
5398.44	0.796316
5398.92	0.536214
5398.15	0.346855
5397.89	0.238818
2539.87	0.169928
2539.86	0.169437
2539.77	0.168481
2623	0.166613
2704.59	0.163275
2782.12	0.15934
2857.74	0.155213
2932.94	0.151035
3008.51	0.14687
3084.2	0.142782
3154.03	0.138965
3224.27	0.135293
3296.09	0.131662
3372.06	0.127976
3429.61	0.125158
3491.14	0.122464
3554.96	0.120125
3616.37	0.119079
3679.58	0.121085
3740.36	0.1298
3798.86	0.152808
3861.49	0.176373
3928.2	0.216396
4004.01	0.262706
4088.82	0.3052
4165.82	0.336197
4237.73	0.361668
4304.77	0.385082
4368.96	0.394857
4432.04	0.414254
4493.77	0.432359
4552.07	0.450807
4616.64	0.469021
4675.7	0.482093
4733.59	0.497225
4793.13	0.512118
4852.13	0.530273
4912.4	0.5477
4962.66	0.559662
5016.63	0.577328
5073.28	0.592705
5130.28	0.604308
5187.18	0.620682
5244.14	0.646577
5299.08	0.686135
5350.75	0.740469
5399.99	0.796733
5396.61	0.581512
5394.53	0.389685
5394.01	0.262265
2540.65	0.169845
2540.75	0.169342
2541.01	0.168354
2627.59	0.1664
2713.2	0.162906
2787.92	0.159035
2860.56	0.155063
2933.06	0.151052
3005.57	0.147056
3077.78	0.143127
3148.06	0.139327
3217.78	0.135666
3287.49	0.13212
3356.75	0.128706
3420.75	0.125572
3484.46	0.122665
3548.99	0.120084
3611.49	0.118212
3671.58	0.117167
3737.56	0.120064
3801.99	0.138501
3866.45	0.206006
3931.99	0.255684
4011.36	0.311758
4090.79	0.345137
4166.04	0.370005
4237.52	0.389708
4305.01	0.406601
4363.71	0.420669
4424.03	0.440802
4485.46	0.443708
4552.34	0.457028
4608.37	0.459688
4666.84	0.476657
4718.32	0.497285
4782.77	0.515071
4837.56	0.536613
4903.17	0.554937
4964.29	0.573292
5015.03	0.584792
5063.32	0.594006
5119.96	0.60604
5175.66	0.624158
5234.63	0.650791
5291.39	0.690354
5344.9	0.743355
5396.21	0.796791
5392.3	0.594265
5389.65	0.417426
5388.88	0.280894
2541.37	0.169772
2541.54	0.16926
2542.2	0.168225
2633.13	0.166086
2732.7	0.161958
2795.87	0.158533
2863.63	0.154854
2933.34	0.151039
3003.17	0.147195
3073.56	0.143368
3143	0.139637
3211.71	0.13603
3279.83	0.132551
3347.23	0.129216
3412.79	0.126061
3477.65	0.123209
3539.98	0.120766
3606.32	0.119421
3671.71	0.121414
3735.8	0.131555
3801.36	0.15931
3871.22	0.21849
3931.12	0.222075
4006.53	0.298059
4092.3	0.346369
4167.7	0.383205
4240.39	0.408258
4304.09	0.415758
4364.25	0.417236
4422.84	0.428715
4486.91	0.442044
4540.11	0.456304
4604.92	0.465203
4664.81	0.481338
4721.77	0.499274
4779.25	0.517667
4833.79	0.538319
4895.84	0.556344
4954.75	0.574237
5012.37	0.590147
5057.45	0.599357
5108.82	0.607844
5158.07	0.628555
5223.46	0.654376
5282.38	0.693065
5337.22	0.744902
5389.57	0.796935
5385.77	0.597186
5382.99	0.431364
5382.02	0.291571
2541.96	0.16972
2541.88	0.169233
2541.86	0.16827
2629.96	0.166299
2717.55	0.162718
2796.25	0.158645
2863.76	0.15487
2933.44	0.151097
3000.1	0.147397
3071.07	0.143505
3139.46	0.139811
3206.98	0.136249
3273.81	0.132798
3341.18	0.129506
3404.68	0.126307
3470.81	0.123257
3535.96	0.120738
3602.98	0.120486
3673.63	0.131913
3730.06	0.166853
3793.91	0.215855
3876.31	0.279958
3949.18	0.31731
4022.8	0.340375
4095.82	0.335627
4167.51	0.346106
4233.19	0.357006
4296.98	0.365317
4363.53	0.382148
4425.66	0.404192
4486.94	0.425415
4545.36	0.4468
4605.39	0.466642
4664.15	0.486569
4721.41	0.506773
4776.77	0.527425
4832.15	0.548115
4889.19	0.566998
4944.46	0.578028
5002.52	0.592334
5058.11	0.603348
5099.84	0.609842
5155.45	0.628482
5214.71	0.655393
5272.79	0.694464
5327.98	0.745901
5380.84	0.797168
5377.2	0.597716
5374.44	0.437471
5373.33	0.297347
2542.66	0.169666
2542.22	0.169211
2541.41	0.168321
2627.27	0.166455
2711.3	0.163049
2790.45	0.159059
2863.62	0.15501
2935.2	0.151011
3006.29	0.147038
3071.42	0.143425
3137.13	0.139928
3201.82	0.136558
3270.03	0.132981
3336.17	0.129646
3400.18	0.126452
3465.59	0.123387
3530.69	0.120673
3596.29	0.119227
3663.6	0.123254
3722.71	0.134904
3785.68	0.185827
3884.47	0.292542
3956.02	0.321439
4027.6	0.352143
4101.03	0.355495
4166.67	0.356749
4234.99	0.368305
4299.01	0.388022
4363.26	0.407839
4425.45	0.427642
4486.3	0.447096
4545.79	0.466448
4604.09	0.485428
4662.16	0.504583
4720.28	0.523575
4771.79	0.528645
4826.59	0.54505
4871.3	0.559972
4935.02	0.573182
4993.1	0.588332
5048.09	0.600221
5099.08	0.615073
5146.36	0.629319
5203.18	0.656588
5261.47	0.69576
5317.05	0.746839
5370.25	0.797499
5366.73	0.597748
5364.02	0.440013
5362.82	0.300311
2543.84	0.169578
2542.98	0.169151
2541.4	0.168311
2626.39	0.166486
2709.93	0.163111
2790.71	0.159087
2865.2	0.154972
2937.62	0.150905
3002.74	0.14721
3068.66	0.14362
3137.43	0.139878
3207.07	0.13622
3268.77	0.132981
3333.83	0.129775
3394.84	0.126735
3461.34	0.123581
3525.59	0.120776
3588.36	0.11872
3649.18	0.11945
3708.5	0.131448
3773.75	0.189563
3866.95	0.312953
3949.5	0.388019
4028.83	0.431916
4112.23	0.457493
4176.6	0.426411
4237.17	0.434564
4297.57	0.448435
4361.66	0.461315
4423.39	0.475466
4484.1	0.489232
4544.68	0.502699
4600.5	0.504612
4657.71	0.515063
4711.13	0.525479
4764.33	0.536311
4815.67	0.552167
4871.39	0.566858
4929.01	0.58054
4985.35	0.593961
5040.79	0.604978
5096.78	0.61928
5143.48	0.637164
5186.2	0.660655
5248.23	0.697402
5304.48	0.747809
5357.86	0.797934
5354.42	0.597705
5351.81	0.440482
5350.57	0.301402
2545.93	0.169435
2544.49	0.169034
2541.9	0.168235
2626.91	0.166419
2711.34	0.162994
2797.33	0.158735
2868.97	0.15475
2933.63	0.151125
3002.34	0.147263
3069.74	0.143528
3137.21	0.139869
3203.99	0.13633
3268.78	0.132952
3334.36	0.129672
3400.38	0.126468
3459.96	0.123686
3522.63	0.121043
3583.02	0.118948
3636.41	0.118452
3686.37	0.121962
3767.3	0.1423
3841.73	0.204285
3936.82	0.305118
4020.61	0.353603
4100.24	0.376559
4171.94	0.388154
4236.15	0.40888
4300.52	0.429297
4360.86	0.443295
4420.57	0.446961
4480.05	0.459462
4535.98	0.467655
4595.83	0.479264
4653.59	0.495667
4706.66	0.506641
4757.01	0.51843
4803.68	0.538495
4865.55	0.554216
4922.48	0.571486
4977.14	0.587862
5030.88	0.599937
5084.81	0.612269
5134.57	0.632893
5188.26	0.664018
5236.1	0.698101
5290.8	0.748295
5343.61	0.798479
5340.31	0.597191
5337.96	0.438309
5336.77	0.3004
2549.51	0.169219
2547.19	0.168848
2542.95	0.168108
2627.99	0.166345
2711.17	0.163023
2791.77	0.159047
2865.85	0.154983
2935.02	0.151051
3003.46	0.147196
3071.02	0.143444
3138.01	0.139803
3203.29	0.136327
3268.47	0.132957
3334.95	0.129642
3396.25	0.126637
3460.08	0.123722
3520.34	0.121142
3578.01	0.118797
3638.8	0.116787
3700.05	0.116734
3763.49	0.122763
3841.57	0.150846
3917.04	0.233497
4008.27	0.33534
4090.33	0.384044
4170.36	0.412471
4231.25	0.403697
4294.23	0.416324
4353.63	0.427881
4418.13	0.442258
4472.77	0.448364
4534.91	0.46276
4590.72	0.464042
4645.47	0.473841
4698.24	0.485649
4754.19	0.503216
4807.03	0.525028
4862.24	0.546407
4916.21	0.566767
4968.53	0.585419
5019.65	0.599551
5075.17	0.612566
5131.78	0.631987
5178.3	0.658875
5231.27	0.701256
5275.1	0.748562
5326.57	0.799112
5324.32	0.591967
5322.65	0.429642
5321.54	0.295739
2555.45	0.168916
2551.86	0.168571
2545.07	0.167876
2630.9	0.16614
2713.59	0.162853
2792.81	0.158931
2867.75	0.154849
2937.3	0.150897
3005.71	0.147056
3073.14	0.143305
3140.84	0.139608
3203.1	0.136314
3267.29	0.133053
3330.22	0.129875
3394.04	0.126777
3453.29	0.123874
3518.78	0.120852
3581.54	0.118069
3644.85	0.115636
3708.64	0.114305
3771.56	0.116825
3844.38	0.129027
3916.05	0.167028
3990.6	0.246152
4075.76	0.327112
4147.5	0.365639
4216.66	0.379363
4283.12	0.394131
4347.38	0.406483
4410.15	0.418392
4472.11	0.421334
4526.38	0.42564
4582.77	0.436169
4641.89	0.451555
4696.5	0.472702
4751.69	0.494723
4805.37	0.517172
4857.71	0.540014
4909.53	0.561994
4959.76	0.58251
5002.92	0.597846
5062.59	0.60776
5117.15	0.62312
5165.35	0.649105
5217.49	0.685874
5265.91	0.735342
5304.27	0.783059
5307.04	0.566738
5306.57	0.409816
5305.57	0.286101
2565.02	0.168514
2559.79	0.168182
2549.36	0.167494
2636.92	0.165748
2719.48	0.162464
2798.18	0.158545
2875.18	0.154345
2940.91	0.150607
3009.14	0.146858
3075.28	0.143225
3139.26	0.139684
3202.19	0.136325
3266.75	0.133067
3329.21	0.129827
3393.51	0.126647
3456.34	0.123596
3520.66	0.120622
3585.27	0.117794
3651.16	0.115397
3718.72	0.11483
3784.76	0.123021
3846.01	0.150719
3915.97	0.202085
3987.1	0.234285
4061.67	0.255476
4126.82	0.258977
4202.82	0.314396
4271.7	0.350732
4336.32	0.373145
4399.27	0.389416
4464.7	0.405157
4525.33	0.426629
4586.58	0.448963
4639.55	0.457943
4691.07	0.479762
4747.73	0.502164
4802.3	0.525093
4851.17	0.538848
4902.32	0.558634
4949.1	0.577456
4999.98	0.593583
5053.58	0.60577
5106.56	0.622847
5159.27	0.649953
5203.26	0.685541
5251.05	0.740276
5297.18	0.798301
5292.48	0.586781
5290.88	0.406956
5289.67	0.283324
2579.86	0.168002
2572.96	0.167672
2559.48	0.166907
2647.91	0.165092
2729.24	0.161889
2805.3	0.15814
2873.71	0.154361
2945.87	0.150327
3016.02	0.146415
3076.63	0.143045
3137.79	0.139729
3203.81	0.136207
3268.12	0.132865
3331.44	0.129626
3395	0.126481
3458.54	0.123424
3522.92	0.120448
3588.48	0.117585
3656.55	0.115072
3730.82	0.11408
3784.32	0.113448
3850.64	0.115554
3918.52	0.126399
3986.33	0.140177
4053.47	0.154165
4114.59	0.180613
4183.49	0.259971
4255.6	0.298151
4327.85	0.323597
4393.66	0.363195
4458.02	0.393574
4519.98	0.418434
4579.3	0.441581
4636.12	0.463455
4692.5	0.485731
4743.09	0.49523
4793.11	0.50967
4844.45	0.527568
4894.57	0.549442
4943.62	0.570792
4993.28	0.589484
5043.75	0.602646
5093.89	0.618897
5142.32	0.645227
5185.48	0.689481
5234.13	0.745464
5282.09	0.80085
5277.03	0.601691
5274.59	0.463577
5272.65	0.302775
2601.65	0.167348
2592.76	0.16706
2572.78	0.166336
2665.55	0.16438
2747.1	0.160971
2819.84	0.157236
2890.39	0.15334
2953	0.149868
3013.41	0.146477
3080.06	0.142807
3143.64	0.139333
3207.52	0.135936
3270.92	0.132641
3333.96	0.129439
3397.1	0.126325
3460.54	0.123289
3524.71	0.120323
3589.91	0.117428
3656.5	0.114643
3724.12	0.112089
3787.42	0.109755
3853.25	0.108147
3919.2	0.1085
3984.03	0.112776
4049.97	0.128479
4107.43	0.167514
4169.63	0.173334
4231.17	0.20298
4314.88	0.295261
4383.43	0.361474
4449.09	0.398552
4513.3	0.425957
4571.21	0.434132
4630.22	0.449335
4684.09	0.460973
4738.26	0.47904
4789.86	0.500945
4836.4	0.521702
4885.64	0.544465
4935.7	0.566297
4984.68	0.586111
5033.06	0.600735
5080.83	0.617833
5127.44	0.646306
5173.6	0.69082
5214.28	0.746508
5260.43	0.802309
5254.59	0.612591
5251.7	0.467313
5250.49	0.308306
2632.4	0.166445
2623.69	0.166202
2594.75	0.165536
2694.39	0.163185
2773.78	0.159585
2836.65	0.156269
2895.57	0.152944
2961.13	0.149319
3023.58	0.145821
3086.84	0.142348
3149.53	0.13895
3212.11	0.135633
3274.52	0.132399
3336.89	0.129248
3399.45	0.126175
3462.46	0.123173
3526.16	0.120233
3590.73	0.117352
3656.26	0.114532
3722.58	0.111796
3788.89	0.10918
3856.59	0.106866
3921.56	0.105546
3980.55	0.106769
4039.54	0.109857
4103.27	0.115218
4164.78	0.132092
4223.88	0.184569
4304.49	0.294719
4369.32	0.334457
4436.84	0.369987
4498.9	0.386437
4563.62	0.40261
4623.52	0.422967
4679.43	0.444253
4733.19	0.467407
4784.64	0.49118
4833.89	0.515584
4873.57	0.539632
4926.97	0.56034
4975.49	0.580865
5021.88	0.597364
5066.88	0.613265
5109.8	0.639621
5149.58	0.683015
5186.63	0.745962
5230.72	0.803649
5228.01	0.610452
5227.41	0.459465
5227.16	0.306496
2671.92	0.165183
2674.9	0.164781
2687.41	0.163825
2743.42	0.161166
2798.42	0.158255
2854.98	0.155143
2912.41	0.151912
2972.55	0.148567
3033.19	0.145204
3094.48	0.141857
3155.88	0.138554
3217.25	0.135313
3278.62	0.132146
3340.13	0.129052
3401.95	0.126029
3464.32	0.123068
3527.44	0.120163
3591.37	0.117308
3656.07	0.114506
3721.99	0.111757
3789.95	0.109063
3863.71	0.106477
3916.2	0.10477
3977.98	0.102988
4040.01	0.102935
4100.08	0.108547
4159.34	0.137821
4222.89	0.193238
4289.52	0.213338
4352.57	0.20338
4419.68	0.265622
4491.51	0.332311
4556.68	0.373184
4617.11	0.40169
4673.54	0.426739
4727.38	0.450812
4778.85	0.474339
4827.92	0.497936
4873.93	0.522306
4921.11	0.547629
4967.11	0.570381
5011.18	0.589966
5053.32	0.604616
5092.55	0.625177
5124.61	0.656643
5156.37	0.695861
5187.62	0.717691
5198.72	0.579172
5203.22	0.435329
5203.88	0.288725
2708.53	0.163716
2716.65	0.16311
2736.58	0.161809
2775.24	0.159593
2821.6	0.156965
2872.57	0.154078
2926.73	0.151021
2983.68	0.147848
3042.4	0.144618
3102.29	0.141373
3162.62	0.138152
3222.81	0.134984
3283.04	0.131886
3343.57	0.128855
3404.46	0.125891
3466.09	0.122979
3528.62	0.120112
3592.02	0.11729
3655.5	0.114535
3720.29	0.11184
3786.24	0.109196
3853.03	0.106654
3916.48	0.104414
3976.27	0.102885
4043.3	0.102929
4097.72	0.105662
4149.25	0.106903
4221.1	0.116506
4288.03	0.126147
4350.53	0.133996
4409.32	0.177392
4480.62	0.276765
4549.17	0.353245
4610.17	0.392807
4666.47	0.422113
4720.63	0.448876
4772.51	0.474704
4822.26	0.500581
4870.63	0.526545
4914.28	0.53873
4959.04	0.558987
5001.58	0.576975
5041.6	0.591576
5077.46	0.601407
5109.86	0.610092
5138.64	0.615257
5162.73	0.598128
5176.3	0.518869
5182.96	0.38551
5183.81	0.238277
2737.12	0.162371
2746.69	0.161675
2767.09	0.160307
2799.46	0.158309
2840.29	0.155893
2887.13	0.153188
2938.43	0.150279
2993.26	0.147229
3050.71	0.144091
3109.97	0.140912
3169.87	0.137744
3228.73	0.134646
3287.63	0.131622
3347.16	0.128656
3406.81	0.125769
3467.62	0.122917
3529.63	0.120087
3593.39	0.117264
3654.49	0.114601
3718.37	0.111984
3782.69	0.109401
3846.77	0.106904
3906.98	0.104571
3971.66	0.102183
4035.46	0.10025
4095.76	0.098768
4156.2	0.0977637
4222.6	0.099076
4288.87	0.104773
4348.7	0.121574
4405.1	0.172414
4474.41	0.281239
4541.64	0.358938
4603.03	0.397113
4657.6	0.407986
4712.92	0.429846
4765.48	0.446534
4815.5	0.460961
4860.79	0.47374
4908.09	0.486355
4952.54	0.504588
4994.18	0.521315
5032.66	0.535234
5067.33	0.543924
5098.13	0.544885
5124.67	0.533391
5146.03	0.49889
5160.8	0.410509
5168.03	0.284344
5170.82	0.202743
2756.27	0.161372
2766.02	0.160655
2785.77	0.159303
2815.35	0.157417
2853.12	0.155131
2897.39	0.152545
2946.82	0.149734
3000.43	0.146754
3057.49	0.143653
3117.33	0.140475
3178.51	0.137291
3235.02	0.134295
3292.07	0.13137
3351.16	0.128427
3408.58	0.12569
3468.59	0.122917
3529.61	0.120153
3590.51	0.117432
3653.55	0.11463
3716.85	0.111959
3780.31	0.109361
3843.52	0.106834
3905.87	0.104391
3969.16	0.102026
4032.32	0.0998164
4094.85	0.0978956
4158.29	0.0968539
4224.97	0.0992279
4296.01	0.114348
4348.07	0.148701
4405.91	0.207554
4469.41	0.245906
4534.81	0.268872
4589.85	0.262633
4648.21	0.277807
4706.71	0.309559
4759.48	0.334999
4808.93	0.358576
4855.93	0.378349
4902.45	0.397473
4946.97	0.411744
4988.51	0.421969
5026.57	0.427299
5060.8	0.4259
5090.85	0.41552
5116.29	0.393635
5136.46	0.355372
5150.46	0.288881
5157.49	0.19956
5162.23	0.171255
2765.8	0.160837
2775.48	0.160121
2794.76	0.158789
2823.19	0.156956
2859.61	0.154732
2902.68	0.152204
2951.23	0.149437
3004.39	0.146479
3061.76	0.143358
3123.66	0.140078
3192.2	0.136585
3241.19	0.133954
3294.95	0.13126
3347.98	0.128567
3408.16	0.125701
3468.49	0.122881
3529.38	0.120096
3590.77	0.117342
3653.19	0.114612
3716.11	0.111948
3779.21	0.109351
3842.2	0.106823
3904.97	0.104371
3968.01	0.102003
4031.12	0.0997383
4094.34	0.0976536
4158.4	0.0960076
4223.9	0.0956264
4289.53	0.0987608
4349.27	0.108948
4409.5	0.130933
4471.09	0.152432
4532.46	0.165397
4590.53	0.169329
4647.68	0.176705
4702.77	0.191046
4753.41	0.209474
4801.06	0.229847
4848.93	0.255022
4896.67	0.279147
4942.68	0.294396
4985.22	0.301136
5023.74	0.301754
5058.45	0.297801
5088.49	0.289449
5113.2	0.274429
5131.18	0.243921
5144.03	0.204851
5153.33	0.170949
5158.08	0.146187
4305.55	0.131912
4346.14	0.17323
4405.47	0.302247
4469.06	0.370055
4534.73	0.408731
4582.72	0.432902
4606.16	0.505791
4656.85	0.509639
4712.5	0.525694
4765.11	0.540157
4815.51	0.55399
4856.31	0.559534
4875.34	0.594355
4913.46	0.595404
4958.71	0.616672
5001.25	0.636171
5041.47	0.65483
5076.6	0.664952
5095.32	0.675365
5122.22	0.676075
5134.65	0.695521
2648.57	0.165534
2703.87	0.163157
2759.19	0.160465
2785.96	0.158881
2850.77	0.155486
2926.59	0.151447
2977.31	0.148662
3002.28	0.147091
3066.76	0.143668
3140.82	0.139817
3192.4	0.1371
3220.21	0.135451
3286.62	0.132172
3360.67	0.128615
3410.79	0.126214
3439.85	0.124666
3507.89	0.121672
3581.69	0.118604
3626.82	0.116871
3655.3	0.115716
3720.02	0.114086
3787.04	0.11415
3823.43	0.118259
3841.81	0.122034
3763.29	0.34625
3794.63	0.377421
3864	0.406756
3937.94	0.420309
4003.34	0.435165
4074	0.439821
4138.82	0.444042
4204.27	0.44423
4251.71	0.444363
4276.22	0.457658
4335.8	0.460033
4399.57	0.469078
4461.02	0.47263
4511.19	0.486047
4563.26	0.489655
4620.49	0.494828
4675.1	0.498357
4724.12	0.501983
4731.58	0.516636
4547.52	0.594975
4595.7	0.596826
4651.38	0.599396
4707.69	0.607443
4764.87	0.615646
4822.21	0.625357
4879.52	0.635392
4936.77	0.645228
4994.49	0.653644
5052.03	0.662149
5109.24	0.670127
5166.1	0.677857
5222.49	0.685276
5269.5	0.70278
5322.38	0.708585
5370.5	0.715423
5411.21	0.714062
5414.53	0.534182
4534.12	0.527202
4575.53	0.535904
4597.54	0.555223
4630.74	0.555559
4680.07	0.574458
4728.06	0.587947
4774.38	0.59707
4795.08	0.640321
4821.92	0.641516
4871.12	0.657817
4920.03	0.674526
4972.01	0.683253
4993.43	0.703459
5020.71	0.703551
5068.56	0.719996
5113.46	0.741154
5160.16	0.751091
5188.38	0.753294
5217.33	0.752905
5258.08	0.760456
5263.22	0.586376
5263.77	0.462798
3817.52	0.121672
3846.9	0.122107
3870.09	0.119433
3915.3	0.120271
3983.35	0.133568
4047.1	0.169834
4116.36	0.278978
4167.86	0.347447
4194.41	0.396787
4266.3	0.407729
4343	0.419177
4400.3	0.447198
4455.1	0.454655
4477.21	0.48976
4521.61	0.490405
4580.84	0.501402
4639	0.507183
4696	0.511427
4728.86	0.512662
4750.66	0.516997
4779.04	0.51768
2779.56	0.159525
2796.75	0.158486
2819.5	0.157193
2863.49	0.154842
2933.63	0.151091
2996.51	0.147668
3022.17	0.146062
3070.56	0.143458
3137.45	0.13993
3197.02	0.136879
3220.13	0.135464
3268.19	0.13301
3334.04	0.129791
3389.34	0.12712
3411.05	0.12594
3459.42	0.123752
3522.92	0.121143
3575.06	0.119389
3589.43	0.118675
3638.34	0.117207
3700.47	0.117521
3750.74	0.120722
3760.65	0.118752
3471.6	0.123884
3521.07	0.122721
3587.74	0.124441
3655.58	0.136636
3720.03	0.181134
3788.49	0.304635
3857.44	0.373423
3931.54	0.40272
4008.39	0.413488
4070.34	0.432215
4135.55	0.441813
4201.8	0.44952
4266.25	0.456047
4330.64	0.45897
4393.89	0.460531
4443.33	0.460632
4465.24	0.471043
4512.6	0.470846
4562.62	0.472725
4596.97	0.471911
3796.59	0.110227
3845.87	0.111098
3904.05	0.118999
3962.49	0.149045
4020.42	0.242071
4084.42	0.362891
4141.08	0.410741
4168.59	0.462628
4225.15	0.465639
4295.29	0.483735
4361.19	0.495182
4423.52	0.505163
4482.91	0.514998
4539.44	0.524373
4589.94	0.537292
4638.72	0.545673
4688.1	0.549925
4729.3	0.551633
4748.37	0.563632
4785.75	0.56411
4829.93	0.568289
4859.44	0.569417
3596.87	0.118401
3648.47	0.117698
3713.13	0.12122
3777	0.138906
3837.48	0.198497
3884.56	0.31143
3908.04	0.375808
3975.54	0.39941
4052.52	0.421856
4125.4	0.436232
4197.23	0.446985
4265.91	0.456664
4325.41	0.472943
4395.67	0.478148
4461.12	0.485937
4522.63	0.492522
4571.96	0.494682
4592.23	0.52246
4637.05	0.522695
4692.93	0.525773
4731.89	0.526351
3738.69	0.111561
3778.13	0.110363
3794.47	0.109651
3843.19	0.108551
3902.63	0.10886
3962.97	0.112707
4024	0.123184
4084.9	0.142474
4142.64	0.181124
4206.19	0.287827
4280.24	0.328688
4323.26	0.332228
4342.53	0.308398
4394.47	0.313427
4453.19	0.325866
4512.9	0.336239
4564.97	0.345269
4615.48	0.35935
4661.91	0.368261
4700.76	0.375991
2977.66	0.148466
3027.83	0.145671
3095.14	0.142053
3164.19	0.1384
3233.92	0.134796
3303.94	0.131273
3373.97	0.127851
3443.69	0.124556
3512.78	0.121452
3581.32	0.118727
3649.25	0.116986
3715.98	0.118237
3778.79	0.129046
3841.64	0.168864
3910.93	0.288895
3987.68	0.352024
4056.02	0.365865
4117.89	0.370518
4144.62	0.377684
4242.91	0.176747
4263.87	0.209171
4282.84	0.346305
4337.34	0.373114
4366.66	0.447302
4405.7	0.448191
4454.18	0.45621
4478.82	0.480129
4526.8	0.482896
4547.77	0.512289
4589.89	0.513045
4621.08	0.522353
4646.72	0.527209
4686.12	0.531856
4703.24	0.550207
4744.52	0.551591
4765.52	0.57285
4800.82	0.573041
4837.7	0.5782
4860.95	0.588191
4902	0.589829
4918.59	0.608992
4957.59	0.610387
4988.72	0.613568
5022.88	0.612469
5065.64	0.614056
5081.2	0.61354
4036.54	0.418596
4058.59	0.42092
4119.89	0.432897
4187.03	0.443004
4252.17	0.448057
4280.32	0.471775
4324.19	0.471841
4385.37	0.491435
4446.88	0.500265
4502.59	0.510104
4527.77	0.528453
4562.91	0.528316
4616.33	0.541445
4668.97	0.548438
4720.1	0.553736
4743.05	0.563212
4769.64	0.562966
4827.66	0.585779
4881.16	0.594618
4932.81	0.599372
4960.85	0.600374
4987.07	0.600858
5029.11	0.602094
2588.36	0.16628
2602.5	0.166119
2647.98	0.165012
2728.9	0.161895
2805.35	0.158153
2864.03	0.155005
2885.52	0.153622
2940.37	0.150618
3009.01	0.14687
3075.83	0.143234
3118.4	0.140897
3143.37	0.139409
3203	0.136325
3267.42	0.133064
3328.3	0.130058
3354.94	0.128642
3395.58	0.126677
3459.83	0.12379
3520.75	0.121251
3569.84	0.1196
3588.96	0.119351
3635.75	0.119139
3678.38	0.121656
3747.77	0.119148
3772.45	0.124213
3790.81	0.137969
3843.2	0.177414
3915.22	0.301465
3986.78	0.375377
4061.94	0.415229
4104.72	0.437386
4145.95	0.439889
4216.23	0.454831
4282.88	0.463671
4347.69	0.470634
4405.12	0.473662
4428.19	0.500612
4472.15	0.500982
4534.36	0.507139
4590.58	0.514396
4646.22	0.51895
4687.95	0.52078
4709.47	0.536022
4756.47	0.536561
4789.22	0.538995
4351.4	0.398085
4362.83	0.408648
4403.33	0.409866
4452.79	0.422874
4469.89	0.468559
4511.26	0.469995
4555.85	0.475464
4568.84	0.516824
4612.97	0.518745
4655.68	0.522858
4675.57	0.553576
4726.23	0.556353
4763.39	0.560409
4775.72	0.570259
4822.49	0.573654
4843.82	0.588331
4867.35	0.588187
4911.55	0.590588
4925.12	0.605269
4953.84	0.605391
4997.93	0.608832
5010.55	0.627187
5045.81	0.627659
5084.9	0.631641
5093.18	0.644947
5119.12	0.645977
3110.3	0.141204
3160.08	0.138557
3229.72	0.135045
3300.72	0.131544
3368.38	0.128233
3431.95	0.125212
3494.7	0.122528
3554.47	0.12055
3580.41	0.120687
3616.07	0.120388
3679.27	0.123541
3740.11	0.134073
3798.91	0.159565
3859.01	0.208659
3927.97	0.329122
4004.03	0.374973
4088.11	0.394877
4165.23	0.406712
4237.29	0.414913
4300.73	0.419116
4324.14	0.436089
4361.03	0.435732
4387.62	0.441555
3421.14	0.125656
3439.37	0.124696
3457.72	0.123867
3504.22	0.121992
3568.58	0.120253
3633.15	0.121691
3676.43	0.131138
3702.55	0.142136
3760.13	0.180812
3812.33	0.214411
3877.69	0.24609
3904.35	0.244382
3955.88	0.272666
4029.63	0.335111
4107.79	0.361562
4168.82	0.371851
4197.14	0.408053
4262.98	0.412147
4333.61	0.427088
4397.85	0.438848
4426.04	0.455201
4461.69	0.454708
4522.72	0.459312
4579.99	0.462484
4616.73	0.464444
3683.47	0.160829
3688.48	0.169373
3726.66	0.219731
3794.15	0.34255
3875.49	0.378188
3949.01	0.399591
4022.61	0.410765
4095.53	0.419643
4166.97	0.429993
4234.03	0.440225
4285.06	0.44482
4308.83	0.489931
4363.29	0.491712
4423.04	0.502424
4486.07	0.506242
4540.73	0.519914
4604.51	0.524106
4664.48	0.531221
4721.73	0.536064
4779.01	0.537344
4810.8	0.537905
4819.56	0.53694
3873.83	0.106335
3913.37	0.105571
3936.13	0.10719
3980.51	0.108858
4033.15	0.122278
4054.93	0.146643
4105.65	0.198229
4157.39	0.324102
4185.39	0.390622
4255.16	0.412573
4293.64	0.433741
4335.6	0.433049
4396.54	0.446302
4421.95	0.471742
4471.45	0.471837
4519.53	0.483017
4539.63	0.519278
4590.67	0.521034
4630.27	0.526429
4654.53	0.545275
4705.9	0.548224
4731.37	0.558149
4764.21	0.557755
4813.52	0.559508
4835.51	0.560512
4861.56	0.560315
4870.22	0.556607
4873.63	0.56004
4906.42	0.560321
4922.09	0.572518
4959.35	0.572697
4974.8	0.590936
5011.49	0.590985
5023.25	0.608341
5054.93	0.60872
5067.63	0.625258
5097.74	0.625734
5111.53	0.647521
5143.86	0.648141
5155.73	0.684298
5183.99	0.685608
5201.2	0.717797
5233.82	0.718515
5245.86	0.757044
5273.06	0.757737
5280.76	0.78262
5301.66	0.783006
5296.72	0.780016
5291.9	0.640582
5282.28	0.636161
5280.96	0.625473
4047.1	0.104197
4098.57	0.112744
4131.68	0.139425
4158.54	0.160944
4221.57	0.264388
4287.65	0.365696
4317.93	0.43835
4368.25	0.440986
4437.09	0.465741
4491.15	0.474756
4517.03	0.514625
4570.46	0.516748
4630.39	0.534416
4666.13	0.539666
4692.42	0.555753
4742.96	0.560083
4791.65	0.566984
4814.19	0.581349
4850.4	0.581383
4902.54	0.590317
4943.69	0.59186
4962.83	0.598087
4998.61	0.598113
3732.64	0.141589
3771.77	0.169688
3825.41	0.275163
3846.51	0.369417
3899.66	0.379739
3976.05	0.398729
4048.25	0.414343
4123.53	0.424782
4197.68	0.434593
4266.85	0.444496
4328.06	0.449689
4353.69	0.473404
4399.02	0.473474
4462	0.486131
4522.68	0.492057
4580.08	0.499429
4633.78	0.50706
4695.6	0.50936
4751.16	0.512187
4773.86	0.517401
4796.55	0.517023
3745.53	0.159214
3793.63	0.224113
3827.66	0.353172
3863.93	0.358599
3939.51	0.369004
3977.46	0.378193
4009.74	0.379772
4070.79	0.379431
4110.08	0.383388
4136.74	0.390544
4200.7	0.398016
4242.71	0.406001
4266.91	0.425287
4325.86	0.427754
4369.32	0.431192
4391.97	0.446676
4446.52	0.449449
4487.23	0.4546
4505.66	0.484186
4554.49	0.486056
4593.22	0.48981
4609.87	0.507263
4651.99	0.508028
4686.27	0.510794
4689.38	0.505202
3940.23	0.315212
3987.8	0.354376
4058.48	0.38285
4128.18	0.402397
4186.21	0.412274
4205.87	0.452651
4254.1	0.453411
4323.21	0.46333
4389.12	0.473765
4445.64	0.489146
4471.6	0.503801
4502.14	0.503437
4554.18	0.512301
4602.66	0.522215
4656.51	0.527103
4687.43	0.532093
4702.42	0.553908
4745.53	0.55581
4790.17	0.563565
4837.31	0.567274
4871	0.569692
4880.31	0.583956
4913.33	0.584213
4933.45	0.561509
4941.62	0.573026
4964.67	0.572141
4975.47	0.569018
4979.81	0.579312
5003.26	0.580027
5015.51	0.581154
5019.74	0.597021
5042.71	0.597599
5056.18	0.601453
5061.61	0.613582
5082.4	0.614978
5097.37	0.616992
5100.23	0.633622
5119.85	0.635909
5132.93	0.634201
5134.74	0.649702
5151.71	0.65327
5163.51	0.649669
5161.56	0.678655
5174.13	0.688446
5183.43	0.68964
5175.37	0.718782
5182.58	0.744864
5184.31	0.745656
3462.77	0.123301
3477.63	0.122572
3510.02	0.121083
3528.5	0.120242
3565.09	0.118649
3585.21	0.117741
3610.32	0.116705
3641.47	0.115383
3660.47	0.114832
3697.32	0.113782
3718.26	0.114611
3746.67	0.119958
3777.09	0.123301
3800.47	0.130575
3839.29	0.14724
3859.79	0.187116
3896.21	0.301381
3929.56	0.324377
3950.75	0.336671
3995.44	0.336394
4015.37	0.270834
4035.4	0.217453
4050.94	0.180564
3891.69	0.363384
3956.4	0.371089
4017.41	0.375689
4036.03	0.400422
4095.06	0.401984
4167.74	0.41472
4222.29	0.421928
4245.88	0.46477
4303.23	0.466037
4364.64	0.477092
4406.54	0.48075
4427.61	0.509649
4485.43	0.512277
4552.97	0.517358
4589.37	0.524103
4617.18	0.535192
4675.48	0.538215
4733.73	0.544184
4764.7	0.546064
4800.47	0.545394
4861.71	0.548471
4904.12	0.550591
4910.73	0.552741
4910.79	0.554742
3766.42	0.252353
3811.03	0.333843
3881.02	0.4061
3958.42	0.444919
4035.34	0.463193
4111.26	0.476519
4185.84	0.486491
4259	0.49375
4329.7	0.500228
4398.36	0.50581
4465.54	0.510277
4530.81	0.51425
4591.69	0.520371
4650.71	0.524199
4686.54	0.525919
4708.95	0.543847
4761.25	0.545679
4816.2	0.548779
4871.76	0.549608
4917.44	0.551667
4874.6	0.558618
4882.02	0.559836
4912.96	0.560186
4931.84	0.577594
4957.97	0.579969
4983.17	0.580161
5002.59	0.592171
5035.2	0.592252
5053.92	0.602678
5079.58	0.604357
5104.38	0.603586
5122.46	0.616294
5154.21	0.616554
5171.31	0.631115
5194.79	0.635888
5217.52	0.63575
5231.88	0.661263
5261.99	0.662457
5274.58	0.692439
5294.31	0.701532
5313.45	0.701976
5323.77	0.741966
5349.81	0.743694
5362.59	0.794358
5383.59	0.796371
5395.4	0.796286
4402.29	0.495629
4448.62	0.498171
4502.59	0.503496
4554.86	0.510635
4591.62	0.514186
4609.6	0.541124
4651.87	0.543426
4699.35	0.550592
4745.95	0.554814
4784.2	0.557936
4796.2	0.596631
4829.46	0.597569
4872.97	0.613774
4918.56	0.621097
4966.68	0.625358
4978.08	0.663788
5009.42	0.663362
5054.84	0.684022
5096.85	0.700149
5135.33	0.715436
5151.92	0.732621
5155.06	0.702144
5167.94	0.703267
3380.62	0.127479
3430.06	0.125168
3491.33	0.122572
3554.81	0.12046
3616.48	0.120065
3679.4	0.124317
3739.77	0.142103
3796.08	0.200607
3839.15	0.311105
3866.64	0.346164
3932.32	0.393213
4011.18	0.413904
4090.36	0.423819
4165.65	0.433609
4237.12	0.441177
4304.28	0.446703
4363.86	0.452793
4424.98	0.453573
4476.2	0.451893
4494.62	0.457066
4528.18	0.45687
3533.04	0.121447
3572.95	0.120965
3633.44	0.125237
3691.69	0.146457
3746.42	0.220481
3808.66	0.361045
3877.52	0.415687
3954.11	0.441369
4029.29	0.455213
4105.25	0.46267
4179.31	0.468598
4250.83	0.472422
4310.62	0.473809
4333.2	0.498483
4380.34	0.498605
4444.04	0.506063
4504.57	0.509172
4573.4	0.509571
4635.01	0.513442
4692.04	0.516487
4731.42	0.517822
3198.33	0.13619
3241.44	0.133939
3295.72	0.131253
3330.8	0.129494
3353.53	0.128273
3408.61	0.125699
3468.67	0.122931
3529.75	0.120176
3589.49	0.117561
3617.33	0.116258
3654.1	0.114626
3718.38	0.112019
3782.7	0.109446
3847.08	0.10699
3902.92	0.105071
3927.6	0.104466
3975.7	0.103394
4042.45	0.103508
4097.33	0.105779
4142.65	0.106847
4177.54	0.470945
4178.23	0.472032
4231.53	0.474814
4294.8	0.480503
4340.02	0.483906
4363.76	0.509654
4420.08	0.511802
4480.47	0.521549
4527.27	0.525149
4549.18	0.554139
4599.94	0.555142
4657.93	0.563223
4705.5	0.565673
4726.3	0.58535
4771.16	0.586039
4826.37	0.595798
4870.95	0.601492
4897.06	0.606138
4943.57	0.605794
5002.52	0.617657
5055.26	0.619603
5073.53	0.627283
5108.47	0.626943
5142.21	0.629355
4135.19	0.544897
4176.75	0.545702
4236.99	0.552367
4297.71	0.557873
4361.27	0.561235
4423.09	0.567706
4483.86	0.573271
4544.07	0.577975
4600.36	0.586244
4657.22	0.590553
4710.94	0.59868
4764.07	0.609141
4815.81	0.623758
4871.4	0.630878
4928.81	0.636532
4985.16	0.644194
5040.68	0.65025
5096.11	0.654826
5143.56	0.664104
5177.29	0.666748
2757.93	0.160389
2761.54	0.160183
2776.51	0.159379
2836.97	0.156263
2877.74	0.154035
2895.13	0.152981
2953.17	0.149861
3005.82	0.146997
3024.93	0.145805
3076.37	0.143055
3135.2	0.139938
3158.39	0.138579
3201.7	0.136341
3266.84	0.13311
3301.56	0.131337
3330.87	0.129811
3394.47	0.126798
3440.94	0.124665
3463.66	0.123555
3520.3	0.121228
3572.66	0.119419
3590.97	0.119262
3635.6	0.118967
3680.15	0.121699
4018.57	0.405897
4069.86	0.422227
4112.32	0.435721
4140.18	0.478028
4202.55	0.481437
4266	0.489671
4331.99	0.49474
4365.5	0.499775
4393.61	0.507545
4450.65	0.511845
4510.42	0.517805
4565.42	0.526645
4588.43	0.544313
4616.35	0.54416
4668.94	0.549
4721.07	0.554924
4770.57	0.558266
4788.46	0.578655
4818.21	0.578794
4867.03	0.583545
4913.41	0.586977
4948.94	0.587644
2745.51	0.161156
2795.79	0.158507
2863.78	0.154838
2933.37	0.151032
3003.22	0.147192
3073.5	0.143376
3142.95	0.139651
3211.66	0.136049
3279.76	0.132578
3347.08	0.129258
3412.71	0.126139
3477.48	0.123365
3540.33	0.121214
3606.24	0.120732
3671.55	0.124753
3735.79	0.13916
3800.52	0.17408
3868.3	0.24031
3930.83	0.281373
3989.38	0.297763
2846.54	0.156073
2870.62	0.154612
2931.81	0.15127
2957.82	0.149662
3002.28	0.147218
3067.6	0.143733
3096.64	0.14206
3136.64	0.139935
3202.13	0.136579
3236.91	0.134719
3273.49	0.132802
3341.62	0.129538
3380.99	0.127652
3413.1	0.126056
3478.2	0.123272
3521.36	0.121593
3550.06	0.120271
3611.89	0.118824
3656.79	0.120491
3681.69	0.123086
3740.65	0.131491
3788	0.143516
3811.73	0.140459
3867.4	0.154619
3912.85	0.182147
3920.21	0.203905
4203.6	0.523552
4210.84	0.523143
4266.75	0.527301
4331.08	0.5316
4397.09	0.536431
4461.18	0.544278
4522.96	0.552659
4583.18	0.560232
4637.8	0.572274
4692.78	0.578328
4745.54	0.585208
4809.28	0.586735
4857.52	0.587449
4880.65	0.618644
4933.46	0.620438
4993.71	0.630955
5051.97	0.637089
5106.43	0.644438
5162.31	0.648264
5216.81	0.652762
5264.66	0.65833
4617.47	0.569649
4646.42	0.570014
4701.49	0.575768
4757.95	0.58152
4817.61	0.58459
4877.54	0.587594
4924.13	0.588818
4941.95	0.652419
4982.76	0.656655
5039.8	0.661274
5096.59	0.667721
5153.07	0.674095
5208.79	0.680985
5263.08	0.687606
5315.2	0.692105
5356.52	0.69204
5397.43	0.686643
5403.48	0.469727
5404.73	0.298668
5404.96	0.256026
3644.75	0.120139
3693.39	0.125837
3749.88	0.146536
3794.94	0.191619
3812.78	0.258249
3868.85	0.307909
3933.57	0.330558
4009.87	0.351213
4062.98	0.363222
4092.46	0.392735
4166.55	0.401298
4239.67	0.417632
4304.42	0.430886
4330.17	0.459174
4368.38	0.459104
4431.86	0.466168
4493.91	0.470639
4544.13	0.472422
4560.83	0.491052
4607.7	0.491004
4666.45	0.495508
4710.11	0.497876
3878.5	0.34304
3901.61	0.371696
3949.12	0.372746
4017.68	0.378867
4041.26	0.402853
4100.59	0.403766
4156.92	0.412653
4180.47	0.453426
4237.11	0.453732
4278.51	0.454599
4302.29	0.456232
4359.95	0.457235
4386.12	0.459318
4418.04	0.458594
4469.72	0.459609
4486.79	0.465055
4526.44	0.465046
4575.72	0.468618
4592.9	0.497174
4639.37	0.498469
4677.99	0.503612
4695.12	0.520607
4742.69	0.522445
4769.12	0.527527
4790.36	0.530083
4834.49	0.532723
4849.98	0.539823
4862.87	0.539862
4348.02	0.373356
4352.34	0.373832
4389.82	0.374715
4409.37	0.385494
4437.78	0.395199
4457.78	0.417737
4478.51	0.439205
4508.27	0.439117
4522.1	0.474273
4555.64	0.474617
4569.43	0.48053
4597.33	0.482275
4616.45	0.486078
4634.52	0.487362
4660.52	0.487073
4672.56	0.498511
4700.32	0.499258
4709.13	0.521508
4734.51	0.523905
4746.34	0.537572
4762.78	0.545455
4784.73	0.545297
4793.46	0.556919
4816.86	0.557264
4819.42	0.520637
4018.99	0.430035
4059.31	0.435393
4080.65	0.481601
4138.12	0.484113
4202.71	0.490446
4266.04	0.495762
4331.98	0.499876
4395.33	0.507128
4458.04	0.513388
4513.99	0.525523
4563.25	0.539499
4612.93	0.545706
4669.33	0.549803
4727.38	0.552856
4771.14	0.554703
4793.15	0.574532
4842.31	0.575312
4896.53	0.583334
4947.18	0.587132
4980.46	0.588703
2692.05	0.163906
2711.2	0.162875
2755.87	0.160644
2783.15	0.15909
2850.87	0.155561
2908.47	0.152469
2931.91	0.15101
2991.93	0.147765
3059.51	0.144209
3086.65	0.14254
3140	0.13975
3212.03	0.1361
3246.72	0.13422
3286.19	0.132166
3357.91	0.128765
3405.11	0.126535
3431.88	0.125156
3495.87	0.122532
3551.4	0.120669
3574.43	0.120203
3629.83	0.120126
3690.21	0.128018
3714.27	0.148581
3759.56	0.173915
3802.66	0.205579
3177.36	0.137761
3185.52	0.137268
3225.22	0.135201
3293.43	0.131853
3359.13	0.128706
3387.56	0.127264
3428.74	0.125325
3495.54	0.122579
3559.74	0.120676
3593.12	0.121635
3630.38	0.121805
3697.86	0.132747
3760.42	0.186057
3800.4	0.309419
3833.19	0.339993
3900.08	0.366548
3977.01	0.390765
4025.51	0.399063
4058.62	0.420566
4130.96	0.420952
4205.12	0.418451
4247.5	0.411889
4270.07	0.401413
4317.76	0.401973
3317.26	0.130576
3373.66	0.127841
3436.3	0.124975
3499.93	0.122425
3563.15	0.120943
3626.32	0.122904
3686.16	0.136384
3742.37	0.18562
3808.02	0.308694
3870.3	0.385762
3931.14	0.410054
3962.55	0.44494
4021.87	0.446532
4099.28	0.459331
4174.83	0.463213
4247.58	0.465708
4318.1	0.467051
4381.52	0.4695
4443.99	0.470143
4498	0.470955
