2921.54	0.159611
2935.55	0.16506
2963.26	0.174248
3002.99	0.185804
3053.1	0.199128
3113.22	0.212598
3177.99	0.229563
3248.46	0.248837
3322.39	0.263347
3398.01	0.273492
3474.05	0.280754
3549.69	0.2862
3624.33	0.290474
3697.34	0.293788
3767.63	0.295884
3833.37	0.296137
3896.82	0.298234
3958.32	0.300359
4016.89	0.301586
4072.29	0.302046
4124.45	0.302413
4173.76	0.303798
4220.67	0.306351
4265.42	0.309633
4308.2	0.313399
4349.03	0.317624
4387.33	0.322408
4419.73	0.323186
4450.95	0.329564
4480.47	0.335027
4508.33	0.339639
4534.47	0.34348
4558.82	0.346537
4581.53	0.348694
4602.85	0.349809
4623.16	0.349833
4642.9	0.348798
4661.68	0.346768
4679.31	0.343804
4695.75	0.339943
4711	0.335236
4725.1	0.329735
4738.14	0.323512
4750.19	0.316741
4761.38	0.309505
4771.8	0.301739
4780.47	0.288321
4786.93	0.269814
4791.09	0.252696
4793.12	0.245448
2906.73	0.1671
2920.85	0.177031
2949.94	0.191002
2990.93	0.207029
3041.28	0.242115
3110.2	0.301918
3177.87	0.330745
3249.28	0.343678
3323.46	0.351666
3399.05	0.357722
3474.98	0.362673
3550.52	0.366817
3625.16	0.370292
3698.41	0.373071
3769.28	0.374444
3833.96	0.371285
3896.94	0.37335
3958.31	0.375408
4017.12	0.376568
4072.53	0.376601
4124.17	0.376344
4172.96	0.377821
4219.39	0.380306
4263.79	0.383231
4306.41	0.386497
4347.71	0.389909
4389.18	0.392405
4416.94	0.375027
4448.88	0.375266
4478.53	0.379954
4506.51	0.384673
4532.83	0.389224
4557.08	0.393597
4579.61	0.398195
4600.59	0.403373
4620.45	0.408638
4640.58	0.413781
4659.51	0.416249
4677.16	0.415982
4693.53	0.412578
4708.66	0.405093
4722.65	0.392762
4735.53	0.376657
4747.4	0.358054
4758.42	0.339051
4768.66	0.321889
4777.85	0.307608
4785.2	0.293613
4789.93	0.271142
4792.17	0.253823
2876.74	0.182951
2889.88	0.205522
2923.34	0.266033
2974.1	0.322655
3031.22	0.358352
3097.69	0.383925
3169.56	0.401383
3244.13	0.414103
3320.25	0.423117
3397	0.429527
3473.65	0.434268
3549.69	0.438015
3624.86	0.441108
3699.33	0.443592
3774.45	0.445505
3833.91	0.432998
3896.46	0.435136
3958.59	0.43676
4018.49	0.43728
4074.21	0.435341
4124.41	0.431702
4172.12	0.43204
4217.81	0.433938
4261.62	0.436786
4303.62	0.440503
4343.88	0.445144
4382.49	0.451239
4417.48	0.462615
4446.29	0.451895
4475.49	0.448983
4503.6	0.453424
4530.53	0.457413
4554.38	0.457727
4576.56	0.461793
4596.84	0.467043
4615.03	0.475193
4637.15	0.487234
4656.5	0.495757
4674.29	0.502425
4690.7	0.506833
4705.75	0.50785
4719.45	0.503624
4731.86	0.491484
4743.1	0.468
4753.47	0.430077
4763.4	0.382033
4772.8	0.342741
4781.17	0.317019
4787.32	0.298997
4790.17	0.276101
2832.12	0.201719
2846.11	0.251847
2880.25	0.32285
2934.21	0.369581
3002.64	0.402715
3077.32	0.427088
3155.16	0.442555
3234.24	0.452595
3313.49	0.459535
3392.3	0.464491
3470.25	0.468119
3547.11	0.470837
3622.73	0.472928
3697.15	0.474607
3770.43	0.476138
3828.52	0.477306
3894.23	0.479278
3959.05	0.481373
4021.99	0.482058
4079.42	0.480392
4125.12	0.478357
4171.21	0.479542
4216	0.48061
4259.13	0.482218
4300.4	0.484692
4339.56	0.488472
4377.3	0.494053
4412.37	0.501392
4443	0.509601
4473.51	0.513311
4500.79	0.514752
4531.18	0.51954
4552.43	0.506776
4574.67	0.511333
4595.33	0.519988
4614.87	0.528537
4634.6	0.533162
4653.28	0.54042
4671.21	0.547846
4687.84	0.553932
4703.09	0.558757
4716.82	0.562924
4729.07	0.566417
4739.8	0.565673
4749.17	0.550161
4757.72	0.50034
4766.53	0.416033
4775.87	0.354172
4783.04	0.321697
4786.95	0.303099
2774.67	0.21058
2782.15	0.276898
2799.23	0.361474
2876.52	0.405029
2963.15	0.435111
3050.53	0.45319
3136.81	0.46409
3221.57	0.471224
3304.63	0.476406
3385.96	0.480467
3465.54	0.483807
3543.4	0.486642
3619.5	0.489118
3693.8	0.491376
3766.14	0.493594
3836.07	0.496061
3890.79	0.498855
3959.27	0.502142
4028.97	0.502796
4080.63	0.507264
4125.28	0.498703
4170.57	0.500556
4214.93	0.502643
4257.74	0.504932
4298.62	0.50759
4335.64	0.510923
4374.26	0.515141
4409.33	0.521455
4441.51	0.528051
4472.13	0.533487
4501.52	0.538393
4525.49	0.538758
4551.12	0.544926
4572.18	0.545952
4592.8	0.551188
4612.45	0.554916
4631.15	0.557232
4648.95	0.560873
4667.65	0.566554
4684.67	0.571821
4700.28	0.577953
4714.08	0.586187
4726.47	0.600208
4737.13	0.621727
4746.01	0.645561
4753.2	0.645226
4760.11	0.531414
4770.72	0.402167
4778.72	0.346409
4782.96	0.322557
2711.06	0.210037
2696.17	0.255054
2654.2	0.376883
2803.68	0.432433
2919.34	0.449797
3021.66	0.457634
3117.05	0.461126
3207.77	0.463023
3294.77	0.464584
3378.7	0.4663
3460.01	0.468315
3538.96	0.470629
3615.65	0.473188
3690.05	0.475915
3761.95	0.478723
3830.82	0.481536
3895.41	0.484324
3956.06	0.488516
4017.5	0.49206
4072.28	0.494457
4121.88	0.497985
4168.97	0.504139
4213.98	0.51057
4256.97	0.51699
4298.14	0.523304
4338.26	0.529332
4372.53	0.529252
4406.97	0.535188
4439.43	0.54111
4469.87	0.546649
4498.46	0.551931
4525.2	0.557426
4547.65	0.559029
4569.2	0.563495
4589.94	0.568816
4609.45	0.5738
4630.71	0.579402
4645.62	0.583352
4663.77	0.590179
4680.86	0.596793
4697.19	0.603258
4710.58	0.608839
4723.47	0.630415
4734.36	0.657692
4743.57	0.693924
4750.66	0.735271
4757.69	0.67868
4767.38	0.446381
4775.25	0.365098
4779.57	0.336575
2661.43	0.20992
2645.05	0.23078
2612.52	0.393753
2759.8	0.447786
2884.9	0.452972
2996.18	0.454481
3098.56	0.454854
3194.39	0.455266
3284.73	0.456116
3370.84	0.457419
3453.65	0.459082
3533.63	0.461022
3611.01	0.463181
3685.77	0.465527
3757.82	0.468032
3826.97	0.470683
3893.21	0.473516
3949.27	0.475752
4009.95	0.476847
4066.44	0.479264
4118.38	0.482492
4166.93	0.486701
4212.63	0.491643
4255.7	0.497227
4296.46	0.503214
4335.2	0.50921
4371.2	0.514657
4405.75	0.521317
4438.39	0.528322
4468.47	0.535941
4496.43	0.543849
4522.42	0.551558
4546.04	0.558848
4567.71	0.566084
4586.01	0.571501
4609.31	0.576372
4626.66	0.579215
4643.51	0.582254
4659.5	0.58956
4675.95	0.595109
4694.13	0.603923
4709.37	0.615131
4721.95	0.635556
4732.41	0.662793
4741.72	0.697075
4749.49	0.736076
4756.32	0.691693
4765.16	0.46452
4772.5	0.375044
4776.86	0.344092
2627.4	0.210707
2615.32	0.220096
2593.46	0.411935
2733.62	0.458494
2860.29	0.459952
2975.95	0.461014
3083.17	0.462254
3183.2	0.463771
3275.68	0.465569
3363.13	0.467646
3446.98	0.469891
3527.84	0.47223
3605.91	0.474634
3681.18	0.477108
3753.59	0.479674
3823.07	0.482352
3889.82	0.48514
3954.59	0.487956
4003.69	0.486349
4062.32	0.488513
4115.46	0.492519
4164.98	0.496815
4211.14	0.501338
4253.97	0.506284
4294.08	0.511822
4332.23	0.517794
4368.67	0.524053
4403.86	0.530282
4437.33	0.536415
4466.7	0.542489
4493.94	0.549828
4519.69	0.556869
4544.2	0.563296
4565.14	0.566378
4585.95	0.570791
4605.52	0.571369
4624.09	0.571644
4642.64	0.574198
4659.01	0.579032
4677.14	0.585005
4694.14	0.593128
4708.8	0.608155
4721.47	0.632327
4730.3	0.66193
4740.9	0.694621
4748.55	0.717219
4755.48	0.644977
4763.48	0.461317
4769.9	0.379003
4774.83	0.348237
2604.79	0.212844
2596.71	0.219614
2581.95	0.437412
2716.97	0.475996
2842.96	0.476899
2960.71	0.478172
3071.72	0.479627
3176.51	0.480937
3268.75	0.481055
3356.19	0.48282
3440.53	0.484843
3522.1	0.486972
3600.9	0.489168
3676.8	0.491452
3749.65	0.49387
3819.31	0.496486
3885.84	0.499375
3949.17	0.502654
4008.27	0.506764
4061.12	0.506926
4113.69	0.510894
4163.93	0.515222
4210.54	0.519567
4252.52	0.523969
4291.25	0.529337
4328.55	0.535171
4365.03	0.541133
4401.32	0.546879
4438.08	0.551972
4464.79	0.548961
4490.75	0.553606
4516.09	0.556581
4538.74	0.559512
4563.34	0.562765
4584.82	0.567546
4604.65	0.569883
4623.98	0.571816
4641.73	0.575428
4659.75	0.581101
4677.21	0.588925
4694.04	0.600142
4707.72	0.612314
4719.86	0.63544
4731.25	0.666699
4740.88	0.704135
4748.37	0.739195
4754.86	0.705185
4763.01	0.484227
4769.86	0.38761
4774.04	0.351025
2589.81	0.215468
2584.45	0.221472
2574.44	0.475275
2705.72	0.508367
2830.34	0.509585
2948.84	0.511496
3063.3	0.513605
3179.37	0.514812
3263.87	0.50246
3349.63	0.502293
3434.16	0.503593
3516.48	0.505043
3596.14	0.506454
3672.87	0.507819
3746.31	0.509164
3816.14	0.510552
3882.52	0.512078
3945.49	0.513823
4004.76	0.515871
4057.8	0.518185
4111.86	0.521254
4164.18	0.523843
4212.29	0.527095
4252.12	0.52609
4287.72	0.527709
4323.61	0.531784
4359.53	0.530809
4396.26	0.534142
4430.27	0.53762
4459.45	0.537481
4485.64	0.540505
4513.23	0.546433
4538.16	0.553756
4562.35	0.560705
4581.18	0.564803
4603.59	0.569123
4623.61	0.573877
4642.71	0.579213
4658.86	0.583788
4675.6	0.588198
4691.56	0.596413
4707.04	0.61153
4720.23	0.635806
4731.59	0.667221
4740.94	0.704533
4748.32	0.73819
4754.73	0.702906
4762.85	0.484134
4769.72	0.388826
4773.7	0.35126
2579.92	0.217548
2576.37	0.225761
2569.41	0.48374
2697.73	0.506754
2820.5	0.505357
2937.77	0.503878
3049.99	0.502273
3156.81	0.500294
3251.41	0.496749
3341.24	0.496614
3427.94	0.497039
3511.83	0.497733
3592.95	0.498677
3671.16	0.499913
3745.86	0.501514
3815.71	0.503647
3881.98	0.506091
3945.22	0.50864
4005.75	0.511338
4064.91	0.514088
4110.37	0.515966
4168.89	0.519791
4210	0.514034
4249.4	0.517689
4286.83	0.521303
4321.8	0.525611
4360.68	0.530112
4393.18	0.530049
4424.16	0.53284
4455.04	0.536664
4482.74	0.542067
4510.58	0.548241
4536.04	0.555609
4557.25	0.561301
4580.31	0.566575
4602.84	0.571193
4622.09	0.574524
4640.89	0.579577
4658.4	0.584956
4672.95	0.588986
4690.86	0.596379
4706.17	0.613419
4719.96	0.636782
4731.56	0.667318
4740.93	0.70388
4748.27	0.736408
4754.68	0.69669
4762.82	0.47836
4769.68	0.38623
4773.58	0.350131
2573.38	0.219054
2570.98	0.231917
2565.94	0.486948
2691.79	0.503462
2812.68	0.50195
2928.36	0.500511
3038.75	0.499238
3143.33	0.498163
3240.76	0.4974
3333.11	0.497282
3421.67	0.497305
3507.11	0.497385
3589.87	0.497508
3670.2	0.497701
3747.56	0.498059
3816.23	0.495587
3881.91	0.496647
3945.17	0.498507
4005.62	0.50069
4062.43	0.503178
4115.47	0.506142
4162.41	0.505273
4207.27	0.507926
4247.14	0.513099
4285.47	0.518977
4321.6	0.5228
4355.74	0.526909
4390.47	0.532472
4422.41	0.538943
4452.67	0.545363
4482.16	0.551731
4507.98	0.555117
4531.81	0.559722
4555.34	0.56348
4577.89	0.566631
4600.19	0.569554
4620.63	0.569722
4640.25	0.572723
4658.26	0.57884
4674.73	0.587465
4690.33	0.598802
4704.34	0.615985
4719.4	0.637743
4731.41	0.667167
4740.88	0.70296
4748.22	0.734554
4754.67	0.689644
4762.87	0.471262
4769.73	0.382613
4773.59	0.348573
2569.11	0.22017
2567.41	0.242104
2563.5	0.508571
2687.39	0.521951
2806.65	0.520906
2920.94	0.520279
3030.11	0.520161
3133.94	0.520614
3232.29	0.521649
3325.96	0.522909
3415.76	0.52417
3502.38	0.52536
3586.53	0.526421
3669.54	0.527177
3755.35	0.527004
3817.18	0.520506
3881.66	0.520782
3945.31	0.52116
4006.47	0.52133
4061.08	0.520687
4111.6	0.521712
4158.22	0.524194
4206.95	0.527098
4243.92	0.521298
4281.62	0.522614
4319	0.526491
4354.09	0.531045
4388.18	0.535867
4420.1	0.541276
4448.88	0.545977
4478.73	0.54999
4505.65	0.554446
4527.84	0.557444
4553.46	0.562661
4576.75	0.565264
4596.67	0.56732
4618.78	0.570555
4639.03	0.574042
4657.4	0.578727
4674.23	0.585817
4689.83	0.59711
4704.54	0.61579
4719.42	0.637219
4731.43	0.666295
4740.89	0.701764
4748.21	0.732765
4754.68	0.682987
4762.95	0.464567
4769.82	0.379151
4773.66	0.347048
2566.44	0.222202
2565.12	0.254824
2561.92	0.517996
2684.45	0.528686
2802.45	0.527631
2915.62	0.526779
3023.89	0.52618
3127.26	0.525814
3225.87	0.525631
3320.14	0.525548
3410.59	0.525518
3497.71	0.525518
3581.92	0.525535
3663.58	0.52556
3742.22	0.525589
3812.32	0.525739
3880.04	0.526892
3946.98	0.527893
4015.32	0.52875
4064.16	0.52394
4111.58	0.524587
4160.67	0.526055
4199.94	0.529365
4243.79	0.534523
4281.08	0.533283
4317.46	0.534283
4351.74	0.536463
4386.77	0.540312
4418.91	0.544619
4450.33	0.549331
4477.27	0.552309
4500.44	0.555124
4523.15	0.55626
4548.68	0.557351
4573.47	0.560449
4595.11	0.563922
4618.24	0.567169
4638.75	0.571542
4657.06	0.577693
4673.24	0.586547
4687.78	0.597817
4705.29	0.61349
4719.83	0.635286
4731.65	0.664683
4740.99	0.700297
4748.24	0.731095
4754.72	0.677274
4763.04	0.458876
4769.93	0.3762
4773.75	0.345718
2564.85	0.223781
2563.78	0.262274
2561.04	0.507192
2682.75	0.515932
2799.85	0.514981
2912.08	0.514114
3019.56	0.513364
3122.46	0.512731
3220.98	0.51223
3315.43	0.511891
3406.11	0.511732
3493.34	0.511746
3577.32	0.511904
3658.1	0.51215
3735.23	0.512399
3807.57	0.512591
3876.93	0.513413
3944.89	0.514639
4014.12	0.516014
4061.49	0.508767
4107	0.510871
4156.19	0.513847
4206.21	0.516833
4240.6	0.511861
4277.67	0.511553
4316.88	0.515983
4354.68	0.522316
4387.75	0.52447
4419.08	0.532004
4449.51	0.538909
4473.08	0.540812
4497.97	0.544043
4524	0.549914
4548.44	0.556292
4570.99	0.562077
4596.34	0.56662
4618.15	0.567704
4638.46	0.571699
4656.6	0.577186
4671.71	0.585632
4690.19	0.594747
4706.54	0.610401
4720.49	0.632837
4731.99	0.662724
4741.14	0.698714
4748.28	0.729581
4754.74	0.672575
4763.11	0.45421
4770.01	0.373766
4773.82	0.344596
2564.08	0.224204
2563.19	0.263965
2560.76	0.482599
2682.31	0.490066
2798.81	0.48965
2910.07	0.489317
3016.67	0.488908
3118.96	0.488562
3217.19	0.488315
3311.55	0.48822
3402.24	0.48831
3489.42	0.488588
3573.17	0.489026
3653.57	0.489566
3730.38	0.490172
3803.2	0.490887
3872.65	0.491967
3938.91	0.493271
4001.66	0.494216
4058.93	0.49297
4096.31	0.48952
4148.41	0.489871
4195.16	0.491645
4233.99	0.491714
4275.81	0.49529
4315.12	0.501615
4353.56	0.508095
4390.27	0.514969
4418.71	0.51694
4445.05	0.524357
4473.08	0.528058
4499.48	0.536998
4525.21	0.545171
4549.88	0.552284
4573.63	0.558005
4597.38	0.562159
4619.57	0.565718
4639.62	0.569806
4658.2	0.575348
4675.32	0.58288
4692.27	0.592015
4707.71	0.607558
4721.11	0.63046
4732.28	0.660797
4741.24	0.697205
4748.27	0.728251
4754.71	0.668643
4763.12	0.450315
4770.03	0.371712
4773.84	0.343627
2563.94	0.224683
2563.22	0.265814
2561.06	0.463306
2683.53	0.469583
2799.67	0.469167
2909.44	0.469232
3014.86	0.469404
3116.32	0.469601
3214.13	0.469897
3308.22	0.470358
3398.8	0.471006
3485.89	0.47186
3569.37	0.472925
3649.68	0.474152
3726.63	0.475578
3799.32	0.477317
3868.74	0.479325
3933.62	0.481681
3991.9	0.483075
4047.09	0.484714
4096.01	0.487201
4143.08	0.485797
4189.17	0.489421
4232.08	0.492926
4273.6	0.496931
4311.44	0.501815
4351.39	0.508087
4389.25	0.515139
4418.09	0.517199
4443.39	0.522287
4472.09	0.531028
4499.19	0.539718
4525.12	0.547572
4550.01	0.554217
4574.1	0.559327
4597.87	0.562942
4620.98	0.565851
4640.08	0.568965
4659.04	0.574183
4676.79	0.581161
4693.42	0.590179
4708.43	0.605347
4721.48	0.628506
4732.4	0.659177
4741.2	0.695935
4748.15	0.727115
4754.58	0.665097
4763.04	0.446821
4769.98	0.369882
4773.78	0.342745
2564.24	0.226962
2563.75	0.27571
2562.09	0.463558
2687.75	0.467573
2803.63	0.464419
2909.9	0.461908
3013.79	0.46206
3114.13	0.462368
3211.59	0.462823
3305.25	0.463492
3395.7	0.464375
3482.87	0.465483
3565.67	0.46689
3646.08	0.468494
3724.16	0.470297
3795.77	0.469729
3866.46	0.471138
3926.15	0.471992
3986.36	0.474718
4041.21	0.478428
4091.65	0.482769
4139.16	0.487735
4185.54	0.493299
4229.48	0.499163
4271.49	0.50522
4312.13	0.511408
4348.56	0.513375
4385.18	0.518613
4411.9	0.52161
4440.43	0.527225
4470.2	0.534436
4497.67	0.542681
4523.79	0.55017
4548.73	0.556432
4572.79	0.561136
4596.92	0.564323
4621.36	0.566848
4638.51	0.568961
4658.84	0.573455
4677.09	0.580085
4693.75	0.588995
4708.61	0.6038
4721.47	0.627116
4732.25	0.658037
4740.97	0.695029
4747.87	0.726176
4754.33	0.661557
4762.85	0.443421
4769.83	0.36814
4773.64	0.341898
2564.71	0.231623
2564.52	0.295258
2563.87	0.490086
2698.48	0.491711
2814.04	0.486742
2909.65	0.480833
3013.13	0.47949
3111.7	0.479076
3209.7	0.479301
3302.35	0.479584
3392.78	0.480358
3481.1	0.481298
3561.28	0.480537
3641.74	0.481876
3714.96	0.483365
3793.37	0.486167
3871.7	0.487911
3926.51	0.475835
3983.25	0.477517
4036.92	0.480014
4087.44	0.483134
4133.68	0.48661
4181.71	0.491504
4226.21	0.497113
4268.2	0.503039
4307.79	0.509183
4344.27	0.515577
4378.85	0.522624
4409.77	0.530076
4441.25	0.537294
4468.11	0.539468
4495.12	0.545926
4521.37	0.551508
4546.19	0.556545
4569.34	0.560975
4593.59	0.564153
4617.85	0.566665
4639.91	0.56982
4658.47	0.572789
4676.68	0.579397
4693.42	0.588269
4708.26	0.602848
4721.06	0.626346
4731.77	0.657521
4740.47	0.694601
4747.39	0.725438
4753.92	0.657751
4762.54	0.439936
4769.57	0.366427
4773.4	0.341066
2564.92	0.231154
2564.62	0.287468
2563.21	0.492404
2691.58	0.495601
2808.22	0.494048
2917.33	0.493306
3014.61	0.490351
3107.04	0.489085
3210.38	0.487491
3298.93	0.485354
3389.18	0.485416
3470.82	0.48541
3557.11	0.485802
3637.62	0.486678
3713.57	0.487856
3788.2	0.489002
3859.52	0.490406
3922.37	0.492545
3981.98	0.495838
4034.43	0.497026
4084.09	0.50121
4133.63	0.505808
4178.59	0.505229
4222.68	0.508941
4264.62	0.512765
4303.9	0.516667
4339.31	0.520995
4369.07	0.525273
4404.7	0.528718
4436.67	0.533334
4465.64	0.538293
4491.61	0.544479
4518.97	0.549935
4543.85	0.556046
4567.15	0.560927
4588.16	0.563943
4614.43	0.565925
4637.37	0.568858
4656.69	0.573505
4675.43	0.579216
4692.52	0.587926
4707.45	0.602419
4720.2	0.626257
4730.88	0.65787
4739.7	0.694797
4746.72	0.724918
4753.37	0.65366
4762.12	0.436425
4769.22	0.364795
4773.06	0.34028
2565.01	0.233943
2564.81	0.294988
2563.65	0.506399
2693.12	0.509217
2806.9	0.508218
2917.03	0.507509
3014.68	0.506916
3116.18	0.506773
3202.43	0.506397
3293.86	0.508679
3386.63	0.511031
3472.36	0.51223
3555.86	0.512744
3635.29	0.513607
3710.76	0.515011
3783.6	0.516767
3853.11	0.519448
3918.89	0.523295
3985.38	0.525928
4032.27	0.523156
4078.4	0.526215
4128.62	0.531005
4175.18	0.535449
4220.04	0.539461
4262.74	0.543413
4303.75	0.545105
4335.85	0.541618
4369.27	0.545585
4402.66	0.548711
4434.21	0.552939
4463.85	0.557424
4492.21	0.561265
4516.69	0.562126
4540.88	0.565036
4562.61	0.567693
4588.76	0.568436
4612.15	0.56926
4636.25	0.571593
4658.05	0.575949
4673.52	0.580263
4691.3	0.587989
4706.27	0.602548
4718.91	0.62711
4729.46	0.659835
4738.64	0.695809
4745.89	0.724646
4752.7	0.64978
4761.59	0.43332
4768.76	0.363432
4772.64	0.339637
2564.81	0.241921
2564.98	0.32193
2565.44	0.505439
2707.06	0.506031
2806.22	0.501419
2904.4	0.501001
3011.4	0.500335
3112.78	0.500151
3208.25	0.500302
3304.76	0.501124
3388.47	0.501505
3473.6	0.503807
3556.18	0.506423
3634.51	0.508397
3708.17	0.510399
3779.97	0.512033
3848.12	0.513692
3912.44	0.515351
3973.63	0.516818
4027.61	0.517681
4079.57	0.520559
4125.29	0.519514
4171.6	0.521033
4214.42	0.521826
4257.62	0.523008
4297.64	0.524551
4333.77	0.526182
4367.14	0.531391
4401.34	0.537023
4432.72	0.543835
4462.17	0.550469
4489.7	0.55662
4515.03	0.561983
4540.37	0.566439
4564.42	0.570088
4589.24	0.57299
4613.86	0.575974
4635.21	0.576427
4655.98	0.580852
4674.69	0.587004
4690.4	0.593595
4704.85	0.608078
4717.15	0.63077
4727	0.664034
4737.45	0.697266
4745.04	0.72457
4751.98	0.647487
4760.99	0.431582
4768.23	0.362691
4772.14	0.339306
2563.77	0.23245
2563.48	0.290941
2562.19	0.485381
2688.4	0.488163
2799.66	0.484204
2905.54	0.482821
3010.63	0.482733
3112.29	0.482684
3210.02	0.48295
3304.71	0.483592
3393.48	0.484615
3478.79	0.486154
3557.96	0.487482
3635.72	0.489424
3704.83	0.491897
3777.43	0.494521
3844.42	0.496712
3906.63	0.497604
3966.65	0.498231
4022.58	0.497868
4073.38	0.49816
4122.19	0.500244
4168.43	0.504292
4212.39	0.508631
4254.87	0.5136
4295.01	0.518712
4332.25	0.524348
4368.74	0.530318
4400.34	0.532466
4430.74	0.537254
4460.11	0.542281
4487.2	0.547138
4511.29	0.552219
4539.13	0.555296
4563.48	0.55933
4587.89	0.562507
4612.11	0.564972
4634.28	0.567638
4655.09	0.572022
4673.77	0.578466
4689.46	0.588096
4704.36	0.601338
4717.18	0.625758
4727.84	0.658618
4737.08	0.69499
4744.38	0.724194
4751.27	0.648387
4760.33	0.432077
4767.65	0.362711
4771.6	0.339311
2562.62	0.228158
2562.05	0.276178
2560.16	0.478615
2681.4	0.483561
2795.4	0.482231
2904.38	0.481428
3010.18	0.480938
3112.64	0.480666
3211.71	0.480543
3307.52	0.480504
3398.94	0.480464
3482.62	0.480064
3562.22	0.481126
3640.4	0.48262
3710.89	0.479867
3777.65	0.478388
3839.73	0.477681
3904.27	0.476408
3963.22	0.479358
4018.74	0.482504
4069.96	0.486202
4118.97	0.490497
4164.85	0.495285
4209.22	0.500192
4251.88	0.50534
4292.78	0.510724
4329.03	0.51242
4365.12	0.516472
4398.34	0.520167
4430.76	0.525477
4460.88	0.533207
4488.8	0.54091
4514.91	0.548152
4540.74	0.554156
4564.6	0.559228
4584.56	0.563308
4610.2	0.566281
4632.44	0.56976
4653.99	0.574486
4673.44	0.581073
4691.08	0.58986
4703.33	0.600729
4716.81	0.623264
4727.69	0.655073
4736.58	0.692837
4743.68	0.723727
4750.51	0.648511
4759.64	0.431138
4767.06	0.361666
4771.05	0.338593
2561.74	0.227429
2561.1	0.274565
2559.11	0.489844
2678.5	0.495502
2793.11	0.494573
2903.38	0.493805
3010.02	0.493115
3113.32	0.492498
3213.63	0.49199
3311.69	0.491577
3409.2	0.49119
3487.64	0.485679
3565.05	0.485207
3638.9	0.484407
3712.66	0.483609
3780.95	0.483926
3847.32	0.485145
3904.51	0.483703
3960.28	0.484842
4016.37	0.485145
4065.94	0.48869
4116.12	0.493296
4160.08	0.494149
4205.07	0.497866
4247.98	0.50108
4286.16	0.504164
4326.08	0.508722
4362.98	0.514849
4397.56	0.52151
4430.45	0.528411
4461.31	0.535375
4489.8	0.542212
4516.49	0.548719
4542.11	0.554382
4565.31	0.557504
4587.54	0.56138
4609.54	0.56459
4629.09	0.568373
4652.73	0.572499
4672.62	0.578505
4689.92	0.587178
4704.61	0.601471
4716.48	0.619797
4727.08	0.652148
4735.8	0.690902
4742.78	0.722736
4749.65	0.642863
4758.95	0.423583
4766.5	0.356993
4770.56	0.335631
2561.17	0.227942
2560.54	0.277111
2558.62	0.501044
2677.38	0.506896
2792.18	0.506047
2903.04	0.505347
3010.24	0.50479
3114.05	0.504388
3214.85	0.50414
3313.39	0.503988
3411.58	0.503845
3490.27	0.502482
3568.7	0.503597
3644.64	0.504742
3717.17	0.50591
3783.47	0.50703
3846.84	0.508458
3906.53	0.510068
3966.19	0.511611
4017.74	0.512876
4058.63	0.505754
4108.36	0.506793
4156.37	0.510101
4201.49	0.513133
4244.2	0.516384
4284.45	0.520105
4323.41	0.523376
4360.52	0.527366
4395.87	0.531557
4429.64	0.535749
4461.65	0.540029
4490.26	0.541829
4516.89	0.54615
4541	0.551086
4565.87	0.55527
4588.98	0.559267
4611.06	0.562311
4632	0.565189
4652.95	0.568658
4672.02	0.574326
4688.93	0.582672
4703.44	0.594846
4715.06	0.619338
4725.89	0.649059
4734.65	0.687752
4741.63	0.719204
4748.7	0.621797
4758.21	0.400956
4766	0.346013
4770.13	0.32878
2560.89	0.228325
2560.3	0.278081
2558.47	0.494877
2677.13	0.500496
2792.11	0.49976
2903.32	0.49924
3010.84	0.498966
3114.81	0.498932
3215.35	0.499121
3312.47	0.499506
3405.53	0.500009
3490.63	0.500676
3572.3	0.502102
3651.35	0.503994
3725.57	0.506915
3786.67	0.505192
3847.86	0.508786
3906.39	0.512098
3959.13	0.515103
4012.62	0.519349
4060.26	0.524237
4108.09	0.528496
4154.68	0.532628
4199.25	0.537333
4241.78	0.542309
4282.31	0.547338
4321.15	0.55198
4358.31	0.556481
4394.22	0.560641
4429.22	0.56417
4464.84	0.566622
4491.31	0.561748
4516.97	0.564266
4541.72	0.567204
4565.96	0.569584
4589.27	0.571871
4611.54	0.574415
4632.65	0.577488
4652.69	0.581258
4671.19	0.586333
4687.85	0.593549
4702.5	0.605711
4715.35	0.621995
4724.35	0.635699
4733.32	0.65719
4740.54	0.655647
4748.13	0.522321
4757.03	0.365566
4765.51	0.330233
4769.77	0.317989
2560.86	0.228771
2560.29	0.278665
2558.51	0.489234
2677.36	0.494357
2792.61	0.493298
2904.1	0.492368
3011.83	0.491615
3115.86	0.491061
3216.16	0.490726
3312.52	0.490645
3404.5	0.490892
3491.59	0.491461
3575.71	0.492398
3660.12	0.493596
3724.29	0.486709
3790.94	0.48833
3850.23	0.488099
3906.83	0.491692
3959.86	0.495906
4011.02	0.50056
4059.5	0.504703
4106.89	0.509107
4152.87	0.513281
4196.98	0.517196
4239.36	0.520848
4279.94	0.524309
4318.69	0.527659
4355.55	0.530827
4391.67	0.533545
4426.36	0.536328
4459.7	0.538877
4489.88	0.539683
4516.32	0.544993
4541.3	0.550739
4565.52	0.555614
4589.21	0.55928
4611.84	0.562431
4632.98	0.565752
4652.82	0.570021
4671.15	0.576041
4687.74	0.584592
4702.39	0.597205
4714.95	0.620216
4725.25	0.651939
4733.12	0.682654
4739.86	0.709808
4747.51	0.56541
4757.55	0.360775
4765.33	0.323547
4769.41	0.31137
2561.07	0.229744
2560.49	0.281334
2558.69	0.507114
2677.99	0.512385
2793.62	0.511334
2905.4	0.510447
3013.33	0.509756
3117.46	0.509261
3217.73	0.508967
3313.83	0.508893
3405.29	0.509069
3492.48	0.509471
3575.75	0.510106
3654.12	0.511039
3725.66	0.513718
3799.68	0.514988
3852.42	0.505403
3908.04	0.507218
3959.74	0.5086
4009.44	0.510854
4057.19	0.513607
4104.5	0.516476
4150.33	0.51952
4193.9	0.522791
4236.18	0.526296
4276.89	0.529968
4315.62	0.533804
4351.02	0.537959
4388.04	0.542056
4422.27	0.546569
4455.17	0.551258
4489.61	0.555876
4514.71	0.551807
4539.33	0.555161
4563.36	0.558615
4588.01	0.561052
4611.45	0.563177
4632.38	0.565584
4652.16	0.567338
4670.52	0.572813
4687.13	0.580742
4701.8	0.591828
4714.33	0.612899
4724.54	0.644333
4732.22	0.686009
4739.25	0.712242
4747.16	0.568682
4757.35	0.361811
4764.87	0.321913
4768.8	0.30864
2561.52	0.230158
2560.92	0.281363
2559.12	0.50457
2679.2	0.509765
2795.42	0.508667
2907.52	0.507713
3015.63	0.506958
3119.96	0.506407
3220.58	0.506046
3316.96	0.505854
3407.63	0.505835
3494.59	0.506168
3578.09	0.506706
3652.45	0.507171
3722.1	0.508815
3789.19	0.510503
3850.04	0.512086
3912.83	0.514839
3960.28	0.512782
4008.32	0.515616
4053.06	0.519334
4101.88	0.524015
4148.76	0.528264
4190.43	0.52861
4233.02	0.532607
4274.45	0.536408
4313.93	0.540091
4352	0.543598
4385	0.543326
4417.38	0.546649
4446.94	0.550057
4481.4	0.552311
4510.17	0.554975
4535.87	0.559749
4558.1	0.564558
4586.36	0.568389
4611.23	0.571391
4634.51	0.57429
4650.63	0.575664
4669.28	0.581224
4686.02	0.588749
4700.76	0.599893
4713.39	0.617496
4723.9	0.639736
4732.58	0.657436
4739.04	0.606499
4747.61	0.451956
4757.04	0.341846
4764.05	0.317679
4767.74	0.30707
2562.22	0.230627
2561.6	0.281536
2559.74	0.508972
2681.04	0.514055
2798.07	0.512879
2910.45	0.511978
3018.55	0.511306
3123.07	0.510802
3224.62	0.510455
3322.82	0.510413
3410.78	0.511708
3497.31	0.512473
3586.84	0.512755
3652.91	0.504361
3718.58	0.504552
3782.47	0.505527
3843.26	0.506424
3901.93	0.507433
3955.32	0.507989
4006.23	0.509917
4055.95	0.512241
4098.95	0.511639
4140.6	0.512128
4187.83	0.510686
4229.82	0.512835
4272.88	0.515898
4312.47	0.520134
4349.5	0.524803
4384.14	0.529306
4417.01	0.535201
4448.29	0.541424
4479.49	0.547316
4508.48	0.552509
4535.24	0.557429
4560.41	0.561483
4586.05	0.564364
4610.54	0.566811
4630.63	0.569169
4650.19	0.572455
4668.82	0.578257
4685.89	0.586598
4700.89	0.599776
4713.69	0.623225
4724.29	0.655543
4732.79	0.694754
4739.59	0.71601
4746.81	0.565071
4757.06	0.360928
4764.57	0.321896
4768.47	0.309269
2563.2	0.231039
2562.58	0.281531
2560.75	0.501508
2684	0.506237
2802.28	0.504923
2914.62	0.503897
3022.08	0.503104
3126.18	0.502451
3229.07	0.501881
3336.11	0.501254
3412.75	0.492068
3494.31	0.492199
3574.96	0.491545
3648.68	0.488597
3714.88	0.487347
3777.86	0.487838
3837.36	0.488417
3896.73	0.488921
3951.85	0.490764
4003.74	0.493638
4053.9	0.497111
4096.76	0.499442
4137.81	0.503857
4186.95	0.507516
4232.1	0.512354
4272.2	0.51396
4311.03	0.518221
4346.85	0.522789
4382.56	0.528096
4415.77	0.535003
4447.28	0.541914
4477.47	0.548424
4506.76	0.554184
4534.03	0.559181
4560.13	0.563039
4584.78	0.565571
4609.5	0.568072
4627.53	0.569278
4651.27	0.572728
4667.62	0.576612
4685.4	0.584333
4700.72	0.595749
4713.7	0.617225
4724.48	0.647175
4733.05	0.684304
4739.61	0.710659
4746.13	0.561672
4756.97	0.365867
4764.74	0.326557
4768.76	0.314088
2564.45	0.232334
2563.88	0.284809
2562.21	0.499122
2688.67	0.503265
2809.27	0.50199
2920.59	0.501297
3025.94	0.501331
3127.45	0.501414
3226.18	0.501398
3321.74	0.501454
3406.91	0.501969
3489.51	0.503661
3570.8	0.505431
3653.34	0.507181
3713.49	0.497811
3775.24	0.49906
3836.61	0.50116
3893.1	0.500122
3948.95	0.502149
4000.36	0.503259
4048.48	0.505522
4095.81	0.506349
4142	0.508969
4187.43	0.51208
4231.12	0.515975
4272.21	0.520534
4311.07	0.525487
4347.1	0.530891
4380.9	0.533495
4413.77	0.539367
4445.19	0.544746
4474.05	0.550282
4504.82	0.555333
4531.86	0.558763
4557.46	0.561755
4583.28	0.564089
4607.45	0.566774
4630.63	0.570028
4649.2	0.572387
4667.54	0.577723
4684.99	0.585517
4700.3	0.598196
4713.36	0.621269
4724.4	0.652316
4733.24	0.690372
4740.11	0.721311
4746.96	0.617099
4756.99	0.392447
4764.75	0.338069
4768.82	0.322154
2565.9	0.234707
2565.46	0.292223
2564.18	0.498836
2695.82	0.501465
2822.27	0.498828
2929.5	0.493474
3030.66	0.492351
3128.6	0.492041
3223.51	0.492142
3314.97	0.492248
3401.02	0.492216
3483.37	0.492545
3562.71	0.492982
3638.57	0.493251
3706	0.492431
3770.33	0.494736
3832.68	0.497624
3890.4	0.499712
3943.87	0.503237
3999.87	0.507013
4051.41	0.511393
4100.64	0.515787
4144.66	0.518432
4187.88	0.522823
4231.55	0.526908
4273.1	0.530988
4312.35	0.534956
4348.76	0.538904
4379.92	0.542491
4411.65	0.547697
4442.88	0.548816
4475.53	0.55254
4502.58	0.554287
4529.95	0.558817
4553.19	0.56325
4581.31	0.566222
4604.24	0.569705
4629.64	0.57337
4651.81	0.578534
4669.18	0.583211
4684.3	0.587979
4699.6	0.602547
4712.48	0.627448
4724.07	0.658468
4733.37	0.695647
4740.59	0.726541
4747.49	0.647238
4757.02	0.420386
4764.72	0.350599
4768.82	0.329311
2567.38	0.236185
2567.03	0.299104
2566.13	0.514632
2704.47	0.516429
2851.07	0.514272
2941.47	0.500297
3035.67	0.498085
3129.87	0.497287
3221.43	0.496746
3310.78	0.49657
3396.03	0.496745
3477.47	0.497287
3555.32	0.498221
3629.51	0.499658
3698.94	0.501844
3764.73	0.504047
3825.75	0.506632
3887.94	0.509872
3946.51	0.513111
4001.23	0.515382
4054.09	0.518808
4106.46	0.522362
4146.96	0.520448
4185.16	0.525653
4232.7	0.530092
4275.24	0.534768
4315.86	0.539246
4350.66	0.540641
4382.66	0.540591
4413.31	0.544789
4445.96	0.549628
4472.43	0.554201
4503.9	0.557544
4531.94	0.561497
4557.58	0.565081
4582.42	0.568089
4605.21	0.571427
4629.67	0.574964
4651.18	0.580442
4670.53	0.588308
4684.69	0.597137
4698.79	0.608499
4710.36	0.635032
4723.63	0.663901
4733.5	0.69935
4741.04	0.729312
4747.99	0.661319
4757.21	0.438079
4764.79	0.361047
4768.9	0.335496
2568.74	0.230243
2568.04	0.280722
2566.13	0.505404
2700.58	0.509916
2830.22	0.508187
2943.11	0.505938
3037.12	0.502066
3131.54	0.502068
3219.26	0.501665
3309.53	0.501544
3393.72	0.502741
3474	0.504523
3550.61	0.506447
3624.91	0.508639
3692.98	0.511257
3760.9	0.514399
3825.01	0.517383
3888.2	0.519767
3952.48	0.521761
4002.93	0.517632
4055.62	0.519813
4108.44	0.522291
4152.18	0.522184
4194.98	0.523838
4236.57	0.521553
4277.09	0.522973
4313.8	0.525551
4349.37	0.528297
4385.92	0.533466
4418.75	0.540445
4450.16	0.547263
4479.23	0.553881
4508.17	0.559327
4535.56	0.564163
4561.33	0.568243
4585.16	0.571787
4608.02	0.575967
4630.41	0.58102
4650.4	0.584224
4669.88	0.591105
4686.85	0.602222
4698.99	0.612255
4712.25	0.635437
4724.17	0.666018
4733.91	0.701622
4741.56	0.731134
4748.53	0.668257
4757.57	0.447934
4765.04	0.368144
4769.13	0.340057
2570.41	0.223876
2569.19	0.259231
2566.18	0.50368
2697.62	0.51218
2822.45	0.511029
2936.51	0.510395
3038.76	0.510414
3135.72	0.510601
3228.81	0.510975
3311.53	0.50891
3392.58	0.508552
3469.73	0.508592
3548.66	0.508939
3622.3	0.510666
3691.02	0.512713
3758.45	0.514755
3822.83	0.516827
3885	0.518971
3946.18	0.521175
3998.71	0.521103
4054.43	0.524678
4113.33	0.527841
4156.16	0.527815
4199.1	0.532464
4242.58	0.531796
4280.81	0.530152
4319.49	0.532438
4355.25	0.537457
4390.23	0.543423
4423.06	0.549442
4454.23	0.555311
4483.8	0.560642
4511.73	0.564916
4538.66	0.568952
4564.89	0.572395
4586.78	0.572585
4609.18	0.575137
4626.53	0.577931
4650.42	0.58082
4670.41	0.587424
4687.46	0.598098
4701.32	0.619506
4712.95	0.638917
4724.48	0.668491
4734.37	0.703813
4742.16	0.73275
4749.17	0.672337
4758.11	0.453394
4765.49	0.37235
4769.56	0.34289
2573.01	0.220369
2571.21	0.242395
2567.07	0.501855
2697.5	0.51508
2821.89	0.514022
2938.5	0.51323
3042.73	0.512796
3140.92	0.513148
3226.37	0.512486
3310.15	0.513704
3395.38	0.515064
3478.22	0.516493
3549.4	0.515558
3622.09	0.517305
3687.89	0.519181
3756.63	0.52151
3820.46	0.52445
3880.36	0.527779
3936.04	0.531792
3988.82	0.537213
4047.48	0.542594
4104.6	0.547076
4155.11	0.552645
4203.43	0.554949
4253.23	0.556498
4290.45	0.547735
4325.48	0.549628
4359.33	0.553505
4394.18	0.557605
4426.62	0.561855
4457.6	0.566066
4487.78	0.569778
4514.16	0.569951
4540.39	0.572277
4564.16	0.574681
4587.32	0.57719
4608.13	0.580624
4630.43	0.584062
4652.02	0.589025
4671.47	0.596242
4688.64	0.60938
4703.89	0.628099
4715.07	0.648532
4724.04	0.67508
4734.89	0.706433
4742.91	0.734393
4749.95	0.675413
4758.84	0.45644
4766.15	0.374458
4770.2	0.344279
2577.3	0.219197
2574.61	0.232228
2568.95	0.497857
2699.65	0.516903
2825.49	0.516029
2949.54	0.515134
3049.65	0.512176
3137.35	0.511155
3228.26	0.512228
3314.37	0.513636
3397.84	0.51517
3477.57	0.516785
3552.32	0.518508
3625.3	0.520282
3695.75	0.522107
3757.21	0.522379
3819.64	0.52455
3877.66	0.526612
3926.55	0.526923
3970.81	0.529571
4039.87	0.530452
4100.41	0.529905
4154.4	0.53004
4204.47	0.531713
4251.88	0.534354
4293.89	0.536829
4330.52	0.540484
4365.91	0.545247
4399.7	0.548794
4430.51	0.549216
4460.41	0.55278
4487.78	0.556488
4516.69	0.560858
4543.65	0.565565
4567.03	0.567316
4589.02	0.568594
4608.44	0.572125
4633.22	0.575541
4654.7	0.580381
4673.76	0.587326
4690.57	0.597495
4705.33	0.615772
4717.01	0.643733
4727.71	0.676245
4736.18	0.707003
4744.01	0.735724
4750.96	0.67796
4759.77	0.457236
4767.03	0.374577
4771.04	0.344334
2584.16	0.217802
2580.13	0.226254
2572.03	0.48184
2702.93	0.508153
2827.1	0.507686
2943.72	0.507398
3047.65	0.507045
3141.76	0.507775
3232.14	0.509022
3318.51	0.510413
3401.4	0.51191
3479.38	0.513718
3554.57	0.515278
3628.63	0.516567
3694.23	0.515916
3760.07	0.516808
3819.64	0.515464
3874.59	0.516396
3930.93	0.517117
3985.01	0.521121
4038.37	0.526031
4100.43	0.529913
4155.28	0.533123
4205.79	0.536186
4253.57	0.539103
4300.41	0.541582
4334.59	0.538237
4368.77	0.540812
4400.64	0.544365
4434.75	0.548604
4462.9	0.549271
4493.07	0.553965
4519.05	0.553937
4544.07	0.556922
4567.88	0.561348
4592.8	0.565791
4615.03	0.569942
4637.13	0.57403
4657.54	0.579381
4675.96	0.586884
4692.03	0.598226
4707.28	0.616858
4720.61	0.6429
4730.07	0.672013
4738.8	0.707603
4745.36	0.732002
4752.18	0.676278
4760.93	0.452719
4768.11	0.371827
4772.08	0.342862
2594.91	0.215788
2588.93	0.221673
2577.19	0.462652
2709.22	0.498085
2832.64	0.498156
2947.3	0.498076
3052.52	0.498014
3147.14	0.498297
3237.37	0.499292
3323.56	0.500418
3407.41	0.501414
3481.63	0.498466
3555.65	0.49861
3625.94	0.498844
3694.75	0.497202
3756.36	0.497583
3822.12	0.498494
3882.21	0.500701
3940.24	0.503129
3995.92	0.505792
4047.83	0.508967
4105.44	0.511773
4158.37	0.515258
4207.76	0.518533
4254.13	0.521769
4297.23	0.525068
4335.2	0.526327
4370.8	0.529897
4404.39	0.533962
4436.46	0.538641
4467.4	0.540448
4493.71	0.542766
4521.42	0.54743
4548.54	0.553015
4573.12	0.559417
4597.17	0.564653
4619.66	0.568931
4640.55	0.572933
4660.13	0.578273
4678.2	0.585665
4691.89	0.594498
4708.71	0.608111
4722.01	0.629287
4731.89	0.661301
4740.82	0.694794
4747.71	0.717716
4753.86	0.635902
4762.28	0.440926
4769.34	0.366529
4773.27	0.340283
2611.42	0.212668
2603	0.21903
2586.15	0.438728
2720.59	0.483703
2843.55	0.488064
2957.2	0.49179
3065.14	0.494329
3154.28	0.488028
3244.1	0.488914
3328.51	0.489888
3408.03	0.490119
3483.62	0.485828
3558.19	0.486552
3628.64	0.487361
3698.36	0.489332
3763.74	0.491316
3827.98	0.493386
3889.67	0.495485
3949.71	0.497751
4008.4	0.500335
4063.56	0.504025
4112.86	0.499112
4162.76	0.501516
4210.54	0.503514
4255.75	0.505662
4298.2	0.508622
4337.44	0.513822
4373.65	0.519745
4407.04	0.525248
4437.54	0.531281
4470.38	0.537853
4499.74	0.545185
4528.29	0.55216
4553.21	0.556349
4576.68	0.561758
4600.96	0.5666
4623.75	0.571199
4643.12	0.572955
4662.03	0.577205
4678.53	0.583412
4695.67	0.592174
4711.17	0.607771
4724.29	0.631645
4735.21	0.664963
4742.88	0.696847
4749.56	0.731385
4755.8	0.667436
4763.4	0.44384
4770.47	0.365999
4774.54	0.33973
2636.02	0.208343
2625.29	0.216436
2604.26	0.415425
2739.95	0.447724
2860.52	0.455126
2969.85	0.461428
3065.46	0.466225
3163.76	0.470944
3256.32	0.474588
3333.57	0.467923
3409.27	0.469202
3489.25	0.471479
3564.12	0.473891
3635.34	0.476269
3704.12	0.478678
3770.14	0.481118
3834.26	0.483691
3896.64	0.486421
3958.35	0.489292
4022.21	0.491941
4066.43	0.483499
4118.68	0.487267
4168.1	0.491539
4214.91	0.496074
4259.44	0.500875
4300.63	0.506091
4340.25	0.511984
4374.98	0.514067
4410.19	0.519211
4442.76	0.526497
4474.48	0.533604
4504.28	0.540555
4531.77	0.547323
4557.5	0.554229
4582.38	0.560557
4604.14	0.562666
4624.36	0.565915
4645.42	0.569581
4664.47	0.574365
4682.08	0.580818
4698.68	0.589373
4713.57	0.603618
4726.31	0.626634
4736.7	0.658809
4744.28	0.702835
4751.23	0.73909
4757.3	0.706202
4765.2	0.476958
4771.26	0.379635
4775.97	0.344451
2670.91	0.203194
2657.53	0.213628
2627.46	0.385407
2770.05	0.411533
2890.38	0.426139
2994.11	0.43748
3092.08	0.446478
3176.43	0.442179
3255.82	0.4448
3341.61	0.448057
3420.72	0.451297
3497.76	0.454411
3571.56	0.457391
3642.32	0.460374
3710.5	0.463412
3776.29	0.466527
3840.06	0.469724
3902.02	0.472991
3962.42	0.476307
4020.9	0.479686
4073.13	0.483245
4124.72	0.487679
4173.47	0.492545
4219	0.497767
4263.93	0.502931
4302.11	0.503186
4338.77	0.507526
4377.46	0.513118
4413.42	0.519115
4446.36	0.52566
4478.07	0.53226
4508.81	0.538812
4534.77	0.539323
4560.48	0.544688
4584.16	0.55056
4607.37	0.557458
4628.19	0.563784
4647.59	0.568537
4666.17	0.573635
4684.39	0.579747
4700.99	0.588281
4715.65	0.602896
4728.18	0.627618
4738.52	0.662631
4746.92	0.707068
4752.79	0.741986
4758.9	0.717439
4767.07	0.492362
4774	0.387718
4778.27	0.346315
2718.58	0.197714
2705.95	0.212736
2664.66	0.328807
2816.68	0.37963
2932.88	0.402105
3020.92	0.408866
3101.96	0.418459
3190.49	0.426336
3272.65	0.432347
3353.73	0.437448
3431.66	0.441977
3506.98	0.446179
3579.51	0.450143
3649.36	0.453952
3716.76	0.457657
3781.95	0.461276
3845.12	0.464821
3906.42	0.468295
3965.87	0.471703
4023.3	0.475051
4078	0.478462
4131.12	0.482085
4179.62	0.4869
4221.27	0.486576
4261.19	0.4902
4303.51	0.494851
4342.27	0.500173
4380.26	0.50514
4417.34	0.51004
4448.93	0.509948
4480.39	0.514841
4508.28	0.52024
4537.67	0.527495
4563.99	0.536191
4588.15	0.544979
4610.81	0.553135
4631.71	0.560231
4651.08	0.56614
4666.07	0.571478
4686.08	0.577221
4702.87	0.585332
4717.39	0.597728
4729.75	0.620829
4739.92	0.653793
4747.64	0.697486
4753.07	0.740983
4760.47	0.706121
4769.41	0.478844
4776.83	0.381284
4781.07	0.342329
2778.03	0.191575
2782.27	0.218841
2816.16	0.304323
2893.85	0.34855
2970.06	0.365277
3048.24	0.387868
3126.99	0.40193
3207.95	0.412077
3287.71	0.419964
3366.21	0.426655
3442.51	0.432735
3516.29	0.43838
3587.49	0.44353
3656.23	0.448213
3722.66	0.452468
3787.05	0.456304
3849.54	0.459793
3910.18	0.463018
3968.87	0.466069
4025.96	0.4689
4082.02	0.47159
4139.74	0.473953
4178.95	0.467649
4223.78	0.470126
4266.41	0.474197
4306.13	0.478419
4344.23	0.483783
4381.67	0.485026
4416.49	0.488571
4451.79	0.493778
4483.69	0.501688
4513	0.510299
4541.12	0.519111
4567.23	0.528198
4591.33	0.537434
4613.79	0.54631
4634.65	0.554417
4653.95	0.561381
4671.49	0.567254
4688.79	0.572279
4704.69	0.579209
4718.85	0.588771
4731.1	0.605825
4741.46	0.63294
4748.76	0.660332
4755.32	0.672172
4763.7	0.588075
4772.78	0.438469
4780.27	0.364337
4784.42	0.331827
2832.07	0.176726
2843.88	0.189061
2872.8	0.213408
2933.09	0.275934
3000.71	0.331252
3071.39	0.362882
3146.2	0.381685
3223.45	0.393157
3301.18	0.401442
3378.1	0.409093
3453.16	0.416586
3525.52	0.423932
3595.34	0.43051
3662.85	0.436358
3728.14	0.441637
3791.62	0.446256
3853.42	0.450402
3913.51	0.454234
3971.1	0.458148
4027.29	0.461424
4081.94	0.464362
4134.8	0.467111
4182.85	0.469518
4225.97	0.472021
4272.02	0.475532
4307.89	0.467265
4340.65	0.468994
4383.51	0.47437
4420.94	0.481533
4455.28	0.489965
4486.86	0.498792
4516.25	0.507815
4543.98	0.516924
4569.94	0.526057
4593.68	0.535616
4616	0.544634
4636.88	0.552944
4656.4	0.560391
4675.01	0.566806
4690.72	0.565912
4706.05	0.570078
4719.88	0.574197
4732	0.577021
4742.05	0.575771
4751.65	0.566574
4759.95	0.532087
4768.58	0.461664
4777.37	0.384136
4784.39	0.338992
4788.27	0.314231
2873.42	0.16485
2886.89	0.169759
2915.31	0.179786
2959	0.199078
3015.29	0.252513
3086	0.3226
3159.88	0.352435
3235.75	0.367877
3312.43	0.377916
3388.86	0.385856
3463.6	0.39344
3534.57	0.401891
3602.84	0.409852
3669.14	0.41649
3732.91	0.422356
3795.4	0.427546
3856.59	0.432181
3916.96	0.4361
3972.37	0.436264
4027.81	0.439053
4081.32	0.441396
4132.33	0.443202
4178.23	0.44442
4225.92	0.445917
4270.36	0.450046
4310.31	0.453351
4348.39	0.45841
4388.05	0.463748
4425.79	0.469354
4458.85	0.478687
4489.59	0.488213
4518.59	0.496498
4546.1	0.503648
4572.48	0.50905
4595.21	0.506564
4617.57	0.508802
4638.51	0.510944
4657.91	0.512085
4674.98	0.511886
4692.66	0.51488
4708.23	0.515917
4722.13	0.512556
4734.5	0.502962
4745.45	0.484498
4755.56	0.45561
4765.02	0.413217
4774.19	0.368357
4782.42	0.335026
4788.67	0.311791
4791.9	0.291215
2900.68	0.157677
2914.06	0.159379
2940.89	0.163181
2980.19	0.171903
3028.6	0.193109
3087.22	0.245266
3167.07	0.311128
3244.04	0.33838
3321.14	0.350908
3398.68	0.358562
3475.17	0.365212
3543.32	0.374933
3609.47	0.386234
3675.24	0.395029
3736.39	0.392525
3797.91	0.395427
3858.08	0.398023
3915.82	0.400837
3973.66	0.40485
4028.94	0.410487
4081.91	0.415651
4132.39	0.420313
4180.09	0.424389
4226.48	0.428158
4270.58	0.430858
4312.11	0.432879
4352.14	0.435479
4392.12	0.438726
4432.97	0.440341
4462.46	0.429859
4491.91	0.428543
4520.35	0.427801
4547.39	0.42592
4571.51	0.42169
4596.84	0.420262
4619.75	0.421976
4640.87	0.422989
4660.37	0.423249
4678.27	0.422463
4695.25	0.420563
4710.78	0.415024
4724.92	0.404949
4737.76	0.390234
4749.43	0.37268
4760.16	0.353807
4770.06	0.335314
4779.07	0.318933
4786.67	0.305199
4791.82	0.289235
4794.26	0.266898
2914.13	0.154408
2927.24	0.154966
2953.09	0.156564
2990.48	0.161465
3036.91	0.176069
3088.93	0.21411
3167.62	0.28544
3247.45	0.324805
3326	0.337135
3406.54	0.342421
3492.14	0.346048
3551.28	0.322274
3613.82	0.321721
3673.29	0.319899
3737.78	0.323808
3799.66	0.330505
3859.61	0.336146
3917.73	0.340676
3974.64	0.3441
4029.59	0.34663
4082.37	0.348473
4132.84	0.349695
4180.98	0.350595
4227.23	0.351574
4271.4	0.352521
4313.49	0.353525
4354.02	0.354516
4393.42	0.355408
4431.05	0.356219
4463.42	0.351243
4493.52	0.352443
4522	0.353535
4548.89	0.354252
4574.05	0.354549
4598.51	0.354402
4621.38	0.353786
4642.6	0.352624
4662.24	0.350826
4680.42	0.34828
4697.35	0.344922
4712.95	0.340691
4727.22	0.335612
4740.24	0.329716
4752.11	0.323082
4763	0.315904
4772.98	0.308122
4781.95	0.298815
4788.78	0.283665
4793.22	0.26515
4795.36	0.253894
4438.62	0.454685
4462.48	0.455494
4491.78	0.459033
4520.18	0.465455
4547.35	0.473843
4566.16	0.480793
4574.4	0.5206
4594.91	0.522569
4617.4	0.526804
4638.33	0.532319
4657.79	0.539384
4672.38	0.545702
4677.51	0.576046
4690.43	0.577541
4705.88	0.581306
4719.7	0.585679
4731.79	0.591009
4740.9	0.597034
4743.23	0.654377
4748.33	0.664375
4750.87	0.671097
2725.67	0.509912
2806.78	0.508675
2886.23	0.506904
2924.15	0.507798
3014.28	0.506186
3116.79	0.503375
3183.65	0.500477
3216.42	0.495152
3298.56	0.493794
3389.85	0.492249
3451.64	0.490534
3484.83	0.491014
3560.87	0.489872
3642.35	0.488846
3695.71	0.487426
3726.62	0.487449
3795.33	0.486801
3866.49	0.487527
3908.47	0.487118
3934.95	0.491017
3991.42	0.490472
4046.7	0.490492
4075.63	0.490263
4090.56	0.490658
4040.66	0.540251
4064.87	0.539834
4111.71	0.540206
4159.67	0.540189
4199.96	0.542711
4243.06	0.542798
4281	0.543447
4317.95	0.543323
4343.73	0.543201
4356.81	0.546107
4387.12	0.546883
4418.78	0.550628
4448.69	0.552737
4473.04	0.556802
4497.71	0.558386
4523.77	0.560573
4548.07	0.5622
4569.3	0.56346
4572.44	0.56654
4468.92	0.579529
4491.53	0.580331
4516.85	0.581517
4541.61	0.583183
4565.8	0.584847
4589.11	0.586825
4611.37	0.589084
4632.49	0.591637
4652.5	0.594338
4670.98	0.597421
4687.65	0.601383
4702.33	0.607428
4715.1	0.608332
4724.44	0.596898
4733.51	0.581029
4740.97	0.537228
4748.32	0.445877
4752.22	0.373977
4533.2	0.540412
4551.35	0.544388
4558.77	0.565474
4571.93	0.566273
4592.65	0.571039
4612.32	0.576655
4630.14	0.582282
4636.42	0.599017
4645.65	0.59967
4663.66	0.604635
4680.8	0.613251
4697.22	0.621223
4702.26	0.629378
4709.26	0.630357
4721.78	0.637543
4732.4	0.639249
4741.77	0.619642
4745.38	0.58357
4749.07	0.580145
4755.96	0.52232
4763.49	0.424241
4768.97	0.381441
4072.43	0.504927
4094.36	0.504865
4110.42	0.510395
4142.45	0.510137
4188.85	0.513803
4231.93	0.517549
4273.68	0.520431
4299.71	0.521759
4313.9	0.531096
4348.32	0.532011
4384.64	0.53467
4412.16	0.541456
4437.83	0.543755
4447.28	0.554675
4467.7	0.55507
4495	0.558559
4521.23	0.560874
4546.05	0.562598
4559.37	0.563302
4567.74	0.563952
4579.2	0.564145
2918.26	0.521651
2942.73	0.520515
2975.12	0.520741
3036.56	0.519577
3131.64	0.519356
3214.6	0.518084
3248.35	0.523226
3310.22	0.522145
3392.82	0.5231
3464.27	0.522111
3492.45	0.527494
3548.49	0.526615
3622.19	0.527044
3682.17	0.526055
3706.03	0.528458
3756.45	0.527672
3819.81	0.527239
3870.26	0.526008
3884.67	0.522501
3930.28	0.521804
3985.25	0.521485
4028.2	0.520262
4037.57	0.50973
3767.88	0.536314
3817.28	0.535848
3881.61	0.535424
3945.1	0.534927
4005.96	0.534881
4060.73	0.535974
4111.28	0.537334
4158.25	0.538899
4206.06	0.539318
4243.86	0.542771
4281.53	0.544628
4318.73	0.546494
4353.92	0.548876
4387.91	0.550443
4420.11	0.551817
4444.42	0.552028
4453.96	0.555832
4476.35	0.55586
4500.08	0.556577
4515.98	0.556499
4085.5	0.524121
4125.28	0.525092
4170.45	0.527159
4214.74	0.529671
4257.51	0.532431
4298.6	0.535103
4331.05	0.536436
4343.73	0.552445
4371.85	0.552929
4406.66	0.557246
4439.18	0.560465
4469.66	0.563694
4498.26	0.566907
4524.83	0.570099
4547.5	0.574187
4569.08	0.577356
4589.98	0.579584
4606.3	0.580514
4612.04	0.586263
4626.32	0.586748
4643.43	0.588567
4654.45	0.589653
3879.28	0.507964
3926.39	0.508456
3982.93	0.510474
4036.56	0.513296
4087.48	0.515928
4117.55	0.516889
4135.57	0.528786
4178.26	0.529449
4222.41	0.53143
4264.33	0.533645
4303.53	0.536508
4338.86	0.540579
4369.22	0.546294
4404.35	0.548609
4436.32	0.552454
4465.54	0.555926
4488.07	0.557477
4496.42	0.56693
4516.25	0.5671
4540.71	0.56778
4557.3	0.567902
4036.7	0.498029
4070.46	0.497157
4084.84	0.487894
4124.76	0.487277
4171.07	0.487242
4215.86	0.486928
4258.99	0.486645
4300.24	0.48622
4339.44	0.485346
4377.11	0.483702
4412.56	0.480805
4435.37	0.477992
4447.69	0.4621
4475.08	0.461736
4503.43	0.463958
4530.27	0.465577
4554.21	0.467636
4576.37	0.470354
4596.52	0.472997
4612.97	0.475358
3199.33	0.532482
3264.58	0.531769
3349.63	0.530936
3434	0.529883
3516.26	0.529187
3595.9	0.528737
3672.6	0.528495
3746.02	0.52848
3815.86	0.5287
3882.24	0.529042
3945.18	0.529503
4004.29	0.530156
4057.8	0.53141
4111.72	0.531341
4163.79	0.531199
4211.54	0.531195
4251.64	0.531165
4286.6	0.531186
4300.98	0.532214
4401.35	0.421361
4413.57	0.422403
4421.41	0.491067
4445.46	0.4944
4456.89	0.528006
4473.56	0.52875
4494.62	0.532202
4502.9	0.548501
4523.56	0.549944
4529.98	0.566303
4547.39	0.566869
4559.06	0.57047
4567.96	0.571976
4583.28	0.573319
4588.11	0.575483
4604.68	0.575774
4611.14	0.580101
4623.93	0.580266
4636.66	0.582887
4643.25	0.587297
4657	0.588803
4660.62	0.598041
4672.84	0.599118
4680.97	0.607339
4690.21	0.607814
4701.02	0.615665
4703.73	0.615721
4240.48	0.540389
4253.28	0.540094
4287.81	0.541198
4323.74	0.542368
4357.61	0.542906
4370.54	0.54829
4392.57	0.548236
4424.05	0.552661
4454.8	0.555822
4481.56	0.559855
4492	0.567936
4507.55	0.568027
4531.73	0.571171
4555.22	0.573321
4577.13	0.575195
4585.56	0.578944
4595.73	0.578962
4618.53	0.58385
4638.82	0.587886
4657.12	0.592162
4665.47	0.595723
4673.19	0.596313
4685.8	0.597869
2650.39	0.491611
2671.43	0.493517
2739.91	0.492295
2859.81	0.491386
2969.66	0.492691
3051.3	0.491908
3079.61	0.511915
3153.42	0.511033
3243.74	0.512118
3328.86	0.512378
3381	0.511663
3410.5	0.520334
3481.33	0.519862
3555.59	0.520305
3623.23	0.520159
3650.83	0.526437
3693.45	0.525655
3759.63	0.525773
3819.82	0.525678
3866.29	0.525104
3883.31	0.5309
3925.88	0.530404
3963.74	0.530119
4035.88	0.507775
4055.78	0.507864
4069.35	0.527144
4112.57	0.527638
4162.54	0.530278
4210.25	0.533658
4255.3	0.537499
4276.52	0.541492
4296.88	0.541965
4334.94	0.543756
4370.61	0.546392
4404.4	0.54906
4432.84	0.550192
4441.71	0.560732
4462.67	0.560962
4492.73	0.562505
4518.95	0.564607
4544.18	0.566438
4561.7	0.567208
4569	0.571572
4588.77	0.57175
4602.4	0.572296
4392.56	0.535168
4398.66	0.537533
4418.6	0.537854
4442.87	0.542622
4452.47	0.554698
4473.09	0.555424
4494.74	0.558033
4502.49	0.56812
4523.41	0.569046
4543.5	0.570967
4554.12	0.57729
4576.9	0.578572
4593.47	0.580454
4600.78	0.583901
4620.44	0.58607
4630.18	0.591013
4640.72	0.591018
4657.82	0.594644
4664.28	0.60047
4675.49	0.601232
4690.56	0.610685
4696.26	0.626538
4707.5	0.629851
4718.43	0.645386
4722.44	0.656395
4729.04	0.661642
3352.54	0.513579
3412.7	0.512876
3494.24	0.512378
3574.42	0.511675
3648.03	0.512478
3714.51	0.514499
3777.55	0.515758
3835.29	0.51664
3859.52	0.523636
3892.46	0.523075
3948.41	0.524703
4000.01	0.526546
4048.35	0.52873
4095.68	0.530277
4141.9	0.532289
4187.24	0.534286
4230.85	0.536577
4271.94	0.539001
4310.83	0.540864
4345.08	0.541987
4358.25	0.5466
4378.35	0.54641
4392.4	0.548035
3702.59	0.511305
3721.44	0.510668
3739.83	0.519456
3786.07	0.518917
3847.69	0.519741
3906.84	0.519556
3945.01	0.518834
3967.87	0.519157
4017.66	0.518622
4059.53	0.514369
4106.38	0.514172
4126.66	0.515686
4159.23	0.515277
4204.86	0.519733
4248.2	0.522665
4279.33	0.523941
4294.88	0.532819
4328.58	0.533523
4364.89	0.53823
4397.65	0.542373
4412.17	0.548008
4430.27	0.547843
4459.9	0.550014
4486.91	0.551584
4503.76	0.552456
3963.11	0.535958
3967.37	0.536064
4003.15	0.535761
4055.59	0.535774
4107.72	0.535721
4152.04	0.538084
4194.86	0.539428
4236.43	0.540733
4276.75	0.54249
4314.16	0.544995
4341.72	0.545762
4353.53	0.557413
4382.13	0.557988
4413.37	0.561116
4445.5	0.562329
4472.71	0.565924
4503.64	0.56708
4531.7	0.568897
4557.45	0.570099
4582.04	0.570463
4594.57	0.570626
4597.73	0.569874
4147.18	0.486787
4176.31	0.487113
4190.81	0.503154
4221.14	0.503149
4256	0.505528
4268.29	0.518926
4301.98	0.519398
4328.31	0.522004
4341.49	0.530338
4374.39	0.531918
4389.61	0.53891
4407	0.538738
4435.48	0.540865
4444.4	0.549828
4467.11	0.549959
4489.27	0.552822
4496.06	0.56456
4518.94	0.565272
4535.51	0.567837
4544.38	0.573823
4566.36	0.574844
4575.05	0.579607
4587.36	0.57958
4606.73	0.579814
4613.44	0.578114
4622.96	0.57804
4611.73	0.572634
4613.57	0.574096
4626.59	0.5744
4633.77	0.579383
4648.06	0.579808
4654.88	0.589242
4668.04	0.58982
4673.34	0.6025
4683.95	0.604698
4689.04	0.622359
4698.43	0.625725
4703.59	0.647247
4712.39	0.651245
4716.77	0.674501
4723.66	0.678659
4729	0.683888
4735.97	0.684666
4740.19	0.652048
4745.59	0.642506
4749.44	0.563217
4754.13	0.546814
4758.09	0.448852
4763.25	0.425686
4766.44	0.389684
4767.25	0.384172
4274.46	0.495669
4308.18	0.499059
4328.63	0.502621
4344.85	0.507683
4381.55	0.509702
4414.31	0.513702
4426.03	0.530184
4448.5	0.530526
4480.34	0.535965
4503.23	0.53927
4511.67	0.556037
4534.47	0.557143
4560.3	0.562627
4573.9	0.566431
4582.88	0.571908
4604.04	0.573282
4623.2	0.575933
4629.98	0.582901
4642.89	0.583156
4661.96	0.586166
4675.51	0.588292
4679.83	0.593812
4690.59	0.594534
3998.27	0.53251
4032.48	0.532134
4073.21	0.531833
4088.61	0.534543
4124.64	0.534247
4171.27	0.535738
4214.39	0.537103
4257.35	0.537939
4297.29	0.539916
4333.66	0.542367
4364.91	0.543585
4377.19	0.54918
4399.61	0.549208
4430.54	0.552989
4459.89	0.555297
4486.96	0.558015
4511.52	0.560702
4538.83	0.561515
4562.41	0.562454
4571.43	0.563543
4580.55	0.563433
4019.36	0.530591
4061.33	0.531215
4086.01	0.533397
4111.51	0.532804
4161.01	0.532808
4185.57	0.534046
4206.77	0.533909
4244.28	0.534034
4268.49	0.534998
4285.79	0.537541
4321.78	0.539033
4345.95	0.540645
4361.19	0.544885
4393.35	0.545977
4417.1	0.547774
4430.87	0.553237
4459.41	0.554395
4480.54	0.557023
4491.63	0.564572
4516.05	0.565368
4535.3	0.566795
4545.03	0.569953
4565.01	0.57029
4581.03	0.571184
4584.41	0.571509
4179.57	0.535594
4209.88	0.535726
4249.22	0.537737
4286.85	0.54063
4319.23	0.542108
4332.15	0.550287
4359	0.550333
4395.97	0.553962
4429.89	0.557919
4459.22	0.562935
4473.67	0.56622
4490.11	0.566034
4515.83	0.569504
4538.82	0.573056
4563.32	0.57502
4578.11	0.576244
4586.58	0.579916
4605.29	0.580653
4624.04	0.583347
4642.61	0.585937
4656.15	0.587807
4661.38	0.594756
4674.08	0.595177
4632.65	0.570002
4636.24	0.5752
4644.87	0.575136
4649.86	0.574264
4652.96	0.578674
4661.6	0.579619
4667.14	0.582114
4670.55	0.593336
4678.56	0.595114
4684.25	0.599741
4687.8	0.614751
4694.84	0.620803
4700.83	0.624351
4704.67	0.641111
4711.01	0.647794
4716.6	0.648125
4721.12	0.659451
4726.51	0.66882
4731.47	0.669127
4735.5	0.690274
4739.78	0.706606
4743.9	0.709202
4747.16	0.727601
4750.77	0.740041
4751.75	0.740845
3777.92	0.479951
3792.71	0.484365
3825.2	0.483809
3842.63	0.494786
3877.83	0.494194
3896.24	0.484686
3918.6	0.484149
3946.72	0.483469
3961.78	0.49763
3993.68	0.497638
4009.51	0.517546
4031.96	0.519364
4056.19	0.518777
4072.49	0.5183
4102.46	0.517922
4116.86	0.520439
4137.95	0.522539
4156.99	0.524385
4168.09	0.523597
4194.63	0.522972
4207.34	0.505173
4222.69	0.499892
4233.11	0.491993
4117.78	0.534618
4156.44	0.534751
4192.63	0.534692
4202.78	0.536401
4236.13	0.536259
4277.18	0.538987
4306.99	0.540103
4319.14	0.550364
4350.16	0.550632
4382.74	0.553341
4403.92	0.554458
4413.74	0.56086
4442.82	0.561585
4475.69	0.563118
4492.55	0.564193
4505.14	0.566004
4531.72	0.566812
4557.31	0.568328
4569.83	0.569116
4584.47	0.568886
4609.08	0.56937
4625.42	0.569447
4627.45	0.569384
4627.47	0.569583
4025.7	0.530213
4058.7	0.530565
4108.19	0.532156
4156.1	0.534455
4201.24	0.537468
4243.94	0.540541
4284.27	0.543742
4323.19	0.546346
4360.29	0.549125
4395.65	0.551711
4429.37	0.553999
4461.2	0.556179
4489.96	0.558845
4516.94	0.561064
4532.84	0.561933
4542.86	0.565623
4565.04	0.56631
4587.44	0.567463
4609.17	0.567945
4626.32	0.568531
4622.98	0.569961
4624.82	0.570567
4635.61	0.570753
4640.5	0.574692
4648.5	0.576372
4656.15	0.576505
4660.87	0.58279
4670.8	0.583348
4675.17	0.590816
4682.2	0.592175
4688.98	0.592048
4693.2	0.601014
4701.18	0.603602
4704.89	0.610918
4709.85	0.621006
4714.67	0.622167
4717.06	0.634634
4722.9	0.638421
4725.42	0.660397
4728.74	0.672729
4732.02	0.67413
4733.91	0.625811
4738.05	0.609115
4740.17	0.632871
4743.74	0.568912
4745.64	0.562927
4441.86	0.565423
4464.78	0.566459
4490.69	0.568898
4516.31	0.571437
4534.66	0.572786
4544.86	0.577589
4564.85	0.578494
4585.84	0.581822
4605.59	0.584584
4622.29	0.586438
4629.16	0.594924
4643.09	0.595576
4659.48	0.601596
4676.04	0.607899
4693.12	0.612975
4698.79	0.620801
4709.78	0.621297
4723.26	0.63134
4734.33	0.631672
4743.94	0.607561
4749.67	0.580971
4753.51	0.561555
4758.06	0.534043
3662.24	0.523979
3713.71	0.524034
3775.19	0.524564
3836.23	0.525298
3892.97	0.527666
3948.6	0.529184
4000.06	0.532122
4049.17	0.534252
4079.26	0.534918
4101.02	0.540947
4144.34	0.541626
4187.85	0.543562
4231.35	0.544564
4272.89	0.546321
4312.08	0.548197
4348.31	0.550128
4379.96	0.55245
4412.08	0.552897
4438.65	0.552559
4449.14	0.554485
4466.32	0.554438
3814.34	0.531009
3852.26	0.530812
3907.7	0.532611
3959.51	0.535336
4009.22	0.53769
4057.09	0.539999
4104.31	0.541608
4150.06	0.543418
4193.71	0.545448
4235.95	0.546959
4276.62	0.548319
4315.49	0.549535
4347.57	0.550093
4359.48	0.557158
4384.23	0.557172
4417.01	0.559533
4447.36	0.560977
4480.83	0.561258
4509.79	0.562831
4535.62	0.564159
4552.82	0.564766
3499.38	0.385598
3551.18	0.388958
3614.17	0.397337
3653.41	0.403814
3677.65	0.436515
3736.17	0.438059
3797.75	0.441515
3857.93	0.44559
3914.35	0.448899
3939.05	0.459399
3971.83	0.458845
4027.6	0.460662
4081.12	0.46201
4132.28	0.463686
4174.41	0.464439
4191.34	0.474127
4225.44	0.473722
4271.34	0.472873
4307.54	0.469665
4336.45	0.4694
4304.74	0.551847
4304.92	0.552253
4334.7	0.552811
4368.87	0.554335
4391.64	0.555336
4401.83	0.562897
4430.25	0.563618
4460.46	0.566684
4482.29	0.568054
4490.66	0.577602
4513.93	0.577936
4540.39	0.579529
4560.85	0.580166
4568.15	0.584536
4586.53	0.584928
4608.96	0.58814
4625.69	0.591931
4633.87	0.596317
4649.98	0.596644
4669.7	0.602876
4685.54	0.611363
4689.61	0.622037
4698.56	0.624156
4706.57	0.63447
4266.58	0.574154
4290.6	0.574239
4325.33	0.575801
4359.35	0.577542
4393.87	0.578545
4426.38	0.58081
4457.42	0.582727
4487.35	0.584287
4514.04	0.587002
4540.11	0.588876
4564.02	0.592018
4587.06	0.594618
4608.14	0.598477
4630.32	0.601271
4651.77	0.608118
4671.19	0.618929
4688.38	0.632361
4703.52	0.646599
4714.93	0.66385
4722.14	0.675348
2912.57	0.441348
2917.29	0.444425
2936.86	0.444439
3021.15	0.445851
3076.47	0.446681
3098.74	0.471322
3176.47	0.47119
3245.14	0.471392
3268.2	0.494473
3333.1	0.493934
3405.55	0.496027
3432.01	0.509594
3482.93	0.508825
3557.91	0.511356
3595.55	0.512593
3626.69	0.51517
3694.93	0.515013
3742.34	0.515028
3763.87	0.52533
3819.46	0.524888
3869.05	0.524799
3885.23	0.530578
3925.77	0.530079
3965.31	0.530103
4209.75	0.538493
4241.29	0.540779
4265.65	0.542756
4281.86	0.55171
4317.12	0.552647
4351.72	0.556212
4386.65	0.558314
4404.61	0.559855
4419.92	0.561261
4448.84	0.563618
4478.51	0.565937
4505.19	0.569359
4517.28	0.572693
4531.43	0.572587
4555.21	0.575537
4577.91	0.578092
4599.37	0.579667
4608.41	0.583396
4621.64	0.583455
4640.74	0.586307
4658.17	0.588235
4670.13	0.589058
2869.46	0.525812
2941.2	0.524924
3035.69	0.524819
3129.72	0.523873
3221.28	0.52328
3310.48	0.522757
3395.73	0.522837
3477.17	0.523081
3555	0.523441
3629.09	0.523989
3698.58	0.524991
3764.32	0.525816
3825.8	0.526923
3887.59	0.526657
3946.11	0.526931
4001.01	0.527117
4053.91	0.526816
4105.08	0.526164
4146.27	0.525976
4176.39	0.526123
3018.4	0.520967
3051.82	0.519662
3134.57	0.518768
3168.08	0.519879
3225.69	0.518726
3308.51	0.517821
3343.52	0.517192
3391.92	0.516084
3469.79	0.515594
3509.07	0.514501
3550.16	0.513393
3625.12	0.512751
3666.26	0.511519
3699.19	0.510382
3765.04	0.509652
3806.64	0.508687
3833.58	0.508144
3890.55	0.507756
3929.9	0.5073
3950.78	0.508212
4000.45	0.507629
4038.49	0.506926
4056.03	0.506663
4096.51	0.506514
4127.96	0.50714
4133.02	0.511857
4302.68	0.562081
4306.67	0.561801
4336.22	0.563044
4369.24	0.564455
4402.47	0.565903
4434.01	0.568401
4463.69	0.571061
4491.88	0.573366
4516.59	0.576597
4540.66	0.578895
4563.01	0.581626
4588.88	0.582693
4607.35	0.583512
4615.62	0.592343
4634.8	0.593164
4655.68	0.596847
4674.4	0.601812
4690.21	0.614394
4704.6	0.628875
4716.86	0.646037
4726.17	0.66342
4501.46	0.569317
4514.8	0.569465
4539.25	0.571969
4563.36	0.574432
4587.85	0.576032
4611.44	0.57798
4628.99	0.579127
4636.06	0.588457
4650.51	0.589569
4669.02	0.591417
4685.79	0.593737
4700.58	0.595095
4713.31	0.593136
4723.98	0.584024
4732.81	0.557884
4739.56	0.479355
4747.88	0.382309
4756.86	0.330721
4763.72	0.314592
4766.17	0.307931
3917.91	0.523438
3960.56	0.523585
4008.59	0.523746
4046.73	0.523438
4061.58	0.525346
4098.33	0.525132
4140.92	0.527532
4187.93	0.52833
4216.6	0.528912
4233.46	0.534939
4271.86	0.535854
4310.82	0.539732
4345.6	0.543048
4359.83	0.550371
4380.46	0.550272
4413.62	0.553343
4445.21	0.555614
4470.34	0.556487
4479.24	0.561147
4502.15	0.561196
4529.7	0.562706
4549.46	0.563459
4111.14	0.535416
4124.4	0.536391
4152.2	0.536007
4192.25	0.537017
4206.92	0.544579
4242.33	0.544417
4275.96	0.546321
4292.05	0.553822
4325.52	0.553676
4350.51	0.55361
4366.44	0.553058
4399.37	0.553342
4415.49	0.553796
4434.43	0.553439
4461.77	0.55444
4472.87	0.556411
4493.69	0.556494
4518.91	0.558692
4530.16	0.564365
4553.14	0.564812
4572.27	0.56632
4582.82	0.567938
4604.11	0.568528
4617.03	0.569485
4628.11	0.569629
4647.12	0.570799
4655.55	0.571575
4661.29	0.571571
4386.02	0.526072
4388.95	0.526164
4407.54	0.52644
4418.86	0.531718
4433.52	0.534823
4444.95	0.539999
4456.55	0.547658
4471.78	0.547727
4480.56	0.557377
4497.25	0.557638
4506.66	0.560505
4520.76	0.561482
4531.81	0.563154
4542.83	0.564233
4556.28	0.564154
4565.06	0.567702
4578.59	0.568057
4585.88	0.572771
4598.02	0.573648
4605.71	0.576803
4615.19	0.578808
4625.98	0.578711
4633.16	0.577655
4643.83	0.577372
4647.36	0.562258
4212.47	0.539135
4236.04	0.539687
4247.58	0.550558
4280.69	0.551004
4317.2	0.552893
4351.72	0.554985
4386.51	0.55634
4418.78	0.558988
4449.96	0.560967
4476.99	0.564086
4500.4	0.567481
4523.35	0.569316
4548.6	0.570637
4573.46	0.571974
4591.07	0.572725
4598.7	0.578185
4617.66	0.5787
4638.16	0.581417
4656.38	0.583834
4667.6	0.585699
2790.35	0.50146
2818.35	0.499906
2882.37	0.499538
2920.81	0.505046
3014.99	0.503825
3092.97	0.502356
3123.89	0.509799
3202.54	0.508567
3288.6	0.506444
3322.24	0.502996
3387.56	0.501663
3472.95	0.499431
3512.58	0.49691
3557.36	0.495702
3635.99	0.49515
3685.66	0.493828
3713.24	0.493182
3777.69	0.49262
3831.52	0.492248
3853.18	0.500751
3904.12	0.500389
3957.34	0.502127
3978.07	0.510066
4016.8	0.509394
4051.49	0.50633
3431.74	0.509048
3441.31	0.508773
3487.69	0.507961
3564.99	0.507646
3636.77	0.507529
3666.81	0.513176
3709.91	0.512373
3777.31	0.517324
3839.62	0.521561
3871.09	0.523548
3905.89	0.522732
3966.32	0.525877
4022.68	0.529106
4053.07	0.53032
4079.04	0.533001
4125.23	0.534211
4171.96	0.535047
4200.74	0.53536
4220.74	0.538176
4262.5	0.537409
4303.62	0.53505
4327.08	0.532025
4340.51	0.527193
4365.27	0.527138
3592.27	0.526645
3653.18	0.526919
3718.45	0.527134
3782.21	0.52761
3843.03	0.52862
3901.43	0.529559
3955.02	0.531643
4006.01	0.533162
4055.37	0.534201
4099.37	0.536765
4137.55	0.53734
4155.29	0.545479
4189.45	0.545344
4232.76	0.54777
4274.21	0.548461
4313.74	0.549014
4351.54	0.5493
4384.89	0.549804
4417.05	0.550097
4444.2	0.550345
