2862.56	0.220455
2874.72	0.245296
2901.76	0.291049
2939.45	0.314376
2985.98	0.321127
3040.05	0.323709
3099.72	0.325084
3163.21	0.32595
3229.06	0.326543
3296.16	0.326982
3363.66	0.327335
3430.92	0.327654
3497.38	0.32798
3562.47	0.32835
3625.36	0.328702
3684.98	0.328474
3742.32	0.32933
3797.56	0.330399
3850.41	0.331647
3900.41	0.332893
3947.41	0.334334
3991.79	0.336242
4033.91	0.33828
4074.03	0.340379
4112.33	0.342471
4148.84	0.344486
4183.06	0.346397
4212.07	0.34494
4240.11	0.346802
4266.65	0.348451
4291.66	0.349729
4315.11	0.350585
4336.9	0.350969
4357.2	0.35082
4376.24	0.350081
4394.35	0.348729
4411.96	0.346785
4428.72	0.344218
4444.48	0.34104
4459.22	0.337269
4472.95	0.332961
4485.73	0.328217
4497.61	0.323166
4508.65	0.317899
4518.82	0.312379
4528.07	0.306343
4536.18	0.298747
4542.33	0.287754
4546.33	0.275705
4548.29	0.268575
2851.35	0.241439
2865.79	0.303747
2890.69	0.333538
2928.36	0.349732
2976.66	0.359481
3032.71	0.366338
3094.1	0.371465
3158.94	0.375269
3225.8	0.378034
3293.62	0.380005
3361.67	0.381388
3429.37	0.382335
3496.32	0.382927
3562.08	0.383148
3625.9	0.382926
3684.51	0.379073
3741.57	0.379073
3797.03	0.379393
3850.21	0.379619
3900.28	0.379109
3946.91	0.378429
3990.91	0.379266
4032.74	0.38079
4072.67	0.382863
4110.93	0.385388
4147.95	0.388165
4185.06	0.390405
4209.91	0.37689
4238.54	0.375824
4265.14	0.37829
4290.21	0.380767
4313.76	0.383018
4335.42	0.384907
4355.5	0.386631
4374.2	0.388111
4391.89	0.389342
4409.82	0.390138
4426.71	0.388537
4442.48	0.384444
4457.18	0.377881
4470.84	0.369015
4483.53	0.358315
4495.32	0.346637
4506.31	0.335018
4516.49	0.32429
4525.8	0.315151
4534.01	0.307259
4540.68	0.29927
4545.09	0.288033
4547.24	0.277435
2827.98	0.267691
2839.36	0.327661
2864.5	0.363115
2905.43	0.383558
2958.3	0.39803
3018.65	0.410356
3083.55	0.420075
3151.05	0.427431
3219.85	0.432921
3289.08	0.436991
3358.14	0.440006
3426.64	0.442227
3494.4	0.44379
3561.58	0.444616
3629.41	0.444073
3683.42	0.430289
3740.19	0.430437
3796.52	0.430874
3850.77	0.430503
3901.19	0.427831
3946.61	0.423781
3989.71	0.423579
4030.95	0.424627
4070.41	0.426465
4108.19	0.428926
4144.36	0.432037
4179.03	0.436272
4210.45	0.444625
4236.26	0.434071
4262.46	0.430734
4287.63	0.433996
4311.7	0.437061
4332.95	0.437568
4352.7	0.440308
4370.74	0.443897
4386.89	0.449773
4406.49	0.459376
4423.65	0.46422
4439.45	0.466086
4454.05	0.464308
4467.5	0.457423
4479.87	0.44354
4491.31	0.4209
4502.05	0.390134
4512.12	0.360299
4521.52	0.33696
4530.04	0.32112
4537.26	0.310906
4542.45	0.302756
4545.05	0.293498
2789.5	0.283349
2797.72	0.347112
2821.45	0.389645
2869.55	0.41504
2930.77	0.43376
2998.31	0.446941
3068.69	0.456016
3140.16	0.462078
3211.77	0.466026
3282.96	0.468538
3353.38	0.470092
3422.83	0.471009
3491.21	0.4715
3558.57	0.471719
3625	0.471868
3677.67	0.471377
3737.31	0.471915
3796.13	0.472901
3853.2	0.472122
3905.16	0.468634
3946.55	0.466311
3988.29	0.46541
4028.78	0.465637
4067.7	0.466694
4104.88	0.468534
4140.12	0.471403
4174.08	0.475821
4205.63	0.482015
4233.15	0.489795
4260.5	0.493834
4284.89	0.495882
4312.01	0.501909
4330.94	0.49074
4350.77	0.494509
4369.13	0.5019
4386.45	0.508578
4403.95	0.510059
4420.49	0.515076
4436.37	0.520428
4451.08	0.524525
4464.55	0.526897
4476.71	0.526526
4487.66	0.520509
4497.51	0.501332
4506.64	0.458391
4515.69	0.395006
4524.51	0.348651
4532.68	0.327562
4538.58	0.316049
4541.68	0.308478
2736.78	0.284392
2739.21	0.357039
2752.16	0.417055
2818.74	0.444546
2895.62	0.461878
2973.79	0.472697
3051.29	0.479357
3127.59	0.483457
3202.48	0.486026
3275.9	0.487696
3347.83	0.488845
3418.27	0.489702
3487.19	0.49042
3554.55	0.49113
3620.22	0.491998
3683.75	0.493318
3733.37	0.493567
3795.59	0.495021
3858.87	0.494843
3905.68	0.501145
3946.08	0.494563
3987.08	0.49486
4027.21	0.495774
4065.88	0.497064
4102.74	0.498795
4136.08	0.501126
4170.89	0.504518
4202.45	0.50946
4231.37	0.514694
4258.86	0.51857
4285.22	0.522188
4306.61	0.521391
4329.53	0.526538
4348.31	0.527367
4366.64	0.531671
4384.07	0.534492
4400.63	0.535745
4416.38	0.538653
4432.94	0.544254
4447.97	0.549878
4461.72	0.556472
4473.86	0.565031
4484.78	0.576474
4494.22	0.590056
4502.3	0.593013
4509.78	0.528334
4517.58	0.405286
4527.65	0.351959
4534.39	0.331788
4537.82	0.32196
2679.67	0.276703
2668.53	0.34441
2626.51	0.42873
2756	0.467519
2857.55	0.478316
2948.28	0.483284
3033.38	0.485342
3114.67	0.486084
3192.86	0.48634
3268.48	0.486513
3341.89	0.486771
3413.3	0.487174
3482.77	0.487741
3550.25	0.488471
3615.54	0.489367
3678.13	0.490441
3736.83	0.491727
3791.9	0.493915
3847.69	0.495672
3897.4	0.498017
3942.37	0.500462
3985.04	0.504548
4025.8	0.508806
4064.68	0.513156
4101.86	0.517604
4138.07	0.521917
4168.92	0.521554
4199.9	0.525742
4229.06	0.529961
4256.4	0.533801
4282.05	0.537516
4306.01	0.541578
4326.06	0.542191
4345.31	0.545179
4363.78	0.549496
4381.12	0.554172
4399.99	0.559726
4413.22	0.56283
4429.24	0.568565
4444.31	0.574197
4458.7	0.580025
4470.47	0.587474
4481.8	0.60692
4491.4	0.632341
4499.64	0.661853
4506.17	0.691361
4514.07	0.546073
4523.72	0.384529
4530.63	0.347579
4534.23	0.334153
2635.92	0.266239
2624.36	0.326607
2589.92	0.442947
2718.37	0.480866
2828.05	0.483019
2926.28	0.482788
3017.2	0.48172
3102.72	0.480604
3183.67	0.479777
3261.08	0.479308
3335.73	0.479162
3408	0.479293
3478.04	0.47967
3545.83	0.48027
3611.23	0.481081
3674.06	0.482108
3734.28	0.483387
3785.18	0.484501
3840.28	0.485096
3891.58	0.486421
3938.71	0.488435
3982.72	0.491378
4024.1	0.494975
4063.05	0.499044
4099.88	0.503352
4134.85	0.507672
4167.28	0.511717
4198.38	0.516908
4227.71	0.52235
4254.72	0.528091
4279.8	0.533786
4303.11	0.539206
4324.26	0.544367
4343.66	0.549795
4359.94	0.554267
4380.75	0.559306
4396.15	0.562477
4411.06	0.566175
4425.19	0.572642
4439.72	0.578212
4455.79	0.586015
4469.2	0.596032
4480.2	0.616293
4489.39	0.642556
4497.59	0.675726
4504.62	0.707521
4511.96	0.590903
4520.8	0.40776
4527.44	0.358016
4531.15	0.342423
2606	0.25259
2597.6	0.306834
2574.6	0.454077
2696.65	0.486344
2807.42	0.485368
2909.17	0.484147
3004.05	0.483139
3093.02	0.482478
3175.66	0.482196
3254.1	0.482269
3329.56	0.482598
3402.52	0.483123
3473.12	0.483824
3541.32	0.4847
3607	0.485769
3670.1	0.487061
3730.75	0.488579
3789.6	0.490279
3834.13	0.488746
3887.38	0.489991
3935.62	0.492741
3980.51	0.49592
4022.31	0.499438
4061.06	0.503335
4097.3	0.507616
4131.73	0.512193
4164.58	0.516997
4196.26	0.521842
4226.36	0.526635
4252.73	0.531667
4277.17	0.537178
4300.28	0.542584
4322.2	0.547876
4341	0.550733
4359.63	0.554361
4377.09	0.555073
4393.66	0.554994
4410.13	0.557292
4424.62	0.562255
4440.61	0.568862
4455.56	0.578187
4468.46	0.590724
4479.52	0.614843
4487.23	0.644927
4496.52	0.674167
4503.59	0.667689
4510.82	0.541884
4518.59	0.408696
4524.43	0.362846
4528.7	0.347089
2586.33	0.237622
2580.04	0.274442
2566.74	0.466173
2683.47	0.495782
2793.21	0.494801
2896.46	0.494144
2994.4	0.493781
3087.36	0.493509
3169.59	0.492456
3247.86	0.492767
3323.62	0.493379
3397.12	0.494178
3468.29	0.495128
3536.99	0.496228
3603.02	0.497503
3666.24	0.498994
3726.64	0.500747
3784.16	0.502846
3837.81	0.505639
3885.78	0.505012
3933.48	0.507621
3979.03	0.510547
4021.25	0.513538
4059.24	0.516592
4094.24	0.520526
4127.91	0.525108
4160.8	0.53008
4193.5	0.535125
4226.54	0.539719
4250.54	0.53785
4273.81	0.541573
4296.64	0.543752
4317.02	0.545246
4339.09	0.547085
4358.34	0.550214
4376.11	0.552183
4393.32	0.554268
4409.07	0.558232
4425.02	0.564873
4440.4	0.573588
4455.2	0.584365
4467.24	0.595149
4477.89	0.618213
4487.79	0.650229
4496.18	0.687109
4502.86	0.713199
4509.55	0.617695
4517.61	0.430046
4523.85	0.369494
4527.42	0.350139
2574.15	0.227932
2569.91	0.252718
2561.71	0.491792
2674.73	0.518199
2782.92	0.517766
2886.56	0.517877
2987.32	0.518228
3090.12	0.518046
3165.3	0.509127
3241.94	0.50818
3317.76	0.50829
3391.82	0.508585
3463.69	0.508905
3533.07	0.509242
3599.59	0.50962
3662.92	0.510107
3723.16	0.510785
3780.33	0.511719
3834.15	0.512976
3882.27	0.514495
3931.31	0.516703
3978.72	0.518784
4022.29	0.521286
4058.31	0.520773
4090.46	0.522275
4122.82	0.525677
4155.18	0.525552
4188.34	0.528091
4218.97	0.530486
4245.29	0.53025
4268.85	0.531821
4293.65	0.53558
4316.09	0.540277
4337.82	0.545036
4354.78	0.547948
4374.84	0.551589
4392.7	0.556397
4409.68	0.562439
4423.92	0.567848
4438.68	0.573151
4452.77	0.581816
4466.38	0.593614
4477.9	0.618387
4487.78	0.650593
4495.91	0.687408
4502.43	0.712646
4508.98	0.618573
4516.97	0.431846
4523.22	0.370947
4526.59	0.350743
2566.56	0.225099
2563.78	0.24847
2558.16	0.499736
2668.43	0.518871
2774.8	0.516743
2877.16	0.51461
2975.74	0.512469
3070.13	0.510169
3154.13	0.507025
3234.28	0.506071
3311.94	0.505493
3387.35	0.505124
3460.48	0.504962
3531.15	0.505042
3598.77	0.505415
3662.09	0.50627
3722.21	0.507359
3779.62	0.508697
3834.56	0.510309
3888.26	0.512146
3929.41	0.513588
3982.44	0.51631
4019.65	0.512044
4055.31	0.514341
4089.17	0.516746
4120.79	0.519834
4155.81	0.523313
4185.17	0.52367
4213.08	0.525471
4240.87	0.528014
4265.78	0.531713
4290.88	0.536038
4313.78	0.541237
4332.9	0.545376
4353.62	0.549535
4373.8	0.55408
4390.97	0.558089
4407.69	0.56377
4423.25	0.569536
4436.06	0.57352
4451.84	0.581573
4465.3	0.595183
4477.33	0.619308
4487.41	0.650551
4495.53	0.686532
4502.01	0.710211
4508.55	0.610853
4516.51	0.427677
4522.7	0.369578
4526	0.349952
2561.64	0.225967
2559.72	0.251976
2555.61	0.501828
2663.69	0.51545
2768.3	0.513045
2869.12	0.510678
2965.94	0.508434
3058.21	0.506319
3144.62	0.504372
3226.91	0.502961
3306.17	0.501808
3382.91	0.500878
3457.46	0.500179
3530	0.499746
3599.99	0.499669
3662.19	0.497931
3721.74	0.498855
3779.12	0.500149
3833.96	0.501724
3885.49	0.503544
3933.55	0.505476
3976.06	0.50499
4016.66	0.506705
4052.73	0.510491
4087.36	0.514736
4120.08	0.517448
4150.92	0.520055
4182.24	0.523926
4211.04	0.528601
4238.32	0.533464
4264.92	0.538447
4288.18	0.541278
4309.59	0.545
4330.77	0.547831
4351.05	0.550211
4371.08	0.552806
4389.39	0.553142
4406.85	0.556132
4422.82	0.563068
4437.35	0.572552
4451.06	0.583656
4463.35	0.597533
4476.5	0.620247
4486.93	0.650295
4495.12	0.685398
4501.59	0.707516
4508.18	0.601478
4516.15	0.422044
4522.29	0.367299
4525.54	0.348704
2558.42	0.228873
2557	0.259008
2553.78	0.516268
2660.12	0.526976
2763.23	0.524936
2862.73	0.523207
2958.36	0.521886
3049.85	0.521031
3136.98	0.520673
3220.36	0.520607
3300.64	0.52068
3378.37	0.520828
3454.11	0.520992
3529.02	0.521028
3606.62	0.520465
3662.6	0.515078
3721.05	0.514701
3778.79	0.514722
3834.27	0.514745
3883.8	0.514107
3929.57	0.515164
3971.79	0.517421
4015.85	0.519943
4049.32	0.516037
4083.43	0.517012
4117.21	0.519954
4148.91	0.523388
4179.66	0.527116
4208.41	0.531345
4234.38	0.534896
4261.36	0.537795
4285.66	0.540807
4305.67	0.542895
4328.7	0.54699
4349.7	0.549082
4367.63	0.550345
4387.4	0.553555
4405.42	0.557496
4421.7	0.562835
4436.59	0.570597
4450.31	0.582253
4463.27	0.597245
4476.19	0.619604
4486.59	0.649291
4494.76	0.683996
4501.2	0.704809
4507.85	0.592591
4515.84	0.416657
4521.95	0.365035
4525.17	0.347459
2556.35	0.233275
2555.23	0.269292
2552.54	0.526283
2657.64	0.534678
2759.59	0.532496
2858.02	0.530509
2952.77	0.528769
3043.76	0.527268
3131.02	0.525968
3214.86	0.524803
3295.65	0.523738
3373.75	0.522767
3449.51	0.5219
3523.16	0.521151
3594.24	0.520551
3657.7	0.520285
3719.07	0.520903
3779.77	0.521526
3841.76	0.522045
3886.03	0.518264
3928.97	0.518695
3973.53	0.519757
4009.05	0.521984
4048.78	0.52587
4082.43	0.525341
4115.29	0.526541
4146.27	0.528352
4177.94	0.531024
4206.94	0.533764
4235.32	0.537004
4259.62	0.539134
4280.53	0.541294
4301.02	0.542069
4324.05	0.542127
4346.37	0.543921
4365.83	0.546405
4386.57	0.549701
4404.86	0.554713
4421.1	0.561681
4435.42	0.571234
4448.17	0.582682
4463.55	0.595069
4476.2	0.61752
4486.43	0.647525
4494.48	0.682339
4500.85	0.70223
4507.54	0.585086
4515.55	0.412087
4521.64	0.363088
4524.83	0.346374
2555.12	0.237366
2554.17	0.277229
2551.83	0.521683
2656.21	0.528361
2757.32	0.52625
2854.86	0.524217
2948.84	0.522308
3039.32	0.52053
3126.43	0.518899
3210.34	0.517438
3291.26	0.516167
3369.4	0.515095
3444.89	0.51422
3517.7	0.513518
3587.37	0.512952
3652.83	0.512504
3715.67	0.512577
3777.29	0.513003
3840.08	0.513605
3883.06	0.508108
3924.26	0.509368
3968.89	0.511502
4014.24	0.513697
4045.38	0.510276
4078.9	0.50976
4114.34	0.513006
4148.53	0.517727
4178.36	0.519571
4206.63	0.525198
4234.07	0.530252
4255.39	0.53156
4277.91	0.533079
4301.39	0.536559
4323.46	0.540795
4343.8	0.545013
4366.64	0.549132
4386.16	0.550352
4404.26	0.554865
4420.36	0.560922
4433.7	0.569918
4449.93	0.579882
4464.29	0.592266
4476.42	0.614874
4486.36	0.645397
4494.24	0.680585
4500.53	0.699912
4507.23	0.57899
4515.26	0.408354
4521.33	0.361476
4524.5	0.345463
2554.54	0.239798
2553.7	0.281311
2551.62	0.504642
2655.88	0.510183
2756.45	0.508578
2853.09	0.507013
2946.23	0.505383
3036.11	0.503814
3122.88	0.502343
3206.63	0.50102
3287.49	0.499879
3365.51	0.498936
3440.73	0.498185
3513.15	0.497596
3582.49	0.49715
3648.34	0.496887
3711.24	0.496994
3771.28	0.497363
3828.19	0.497549
3880.1	0.496176
3913.93	0.494097
3961.26	0.494045
4003.68	0.494936
4038.93	0.494575
4076.73	0.496982
4112.28	0.501665
4147.03	0.506567
4180.17	0.511775
4205.85	0.513574
4229.69	0.518547
4254.98	0.520345
4278.84	0.526491
4302.09	0.532041
4324.39	0.536744
4345.83	0.540651
4367.22	0.543977
4387.09	0.547579
4404.97	0.55232
4421.46	0.558635
4436.56	0.567004
4451.42	0.577206
4464.97	0.589808
4476.62	0.6123
4486.27	0.643307
4493.98	0.678925
4500.17	0.697842
4506.89	0.573925
4514.93	0.405237
4520.99	0.360116
4524.16	0.344684
2554.48	0.242519
2553.75	0.285558
2551.92	0.489516
2657.02	0.493921
2757.27	0.492446
2852.58	0.491294
2944.64	0.490158
3033.74	0.489029
3120.07	0.487987
3203.53	0.487094
3284.21	0.48638
3362.1	0.485869
3437.01	0.485577
3509.28	0.485479
3578.71	0.485609
3644.41	0.486062
3707.23	0.486827
3765.98	0.487951
3818.85	0.488421
3868.94	0.489047
3913.33	0.49035
3956.02	0.489321
3997.8	0.491752
4036.7	0.494191
4074.28	0.497306
4108.52	0.501238
4144.68	0.506139
4178.94	0.511445
4204.94	0.512679
4227.81	0.51611
4253.72	0.522275
4278.21	0.528327
4301.65	0.533533
4324.16	0.537791
4345.92	0.541197
4367.31	0.544142
4387.99	0.547325
4405.05	0.551292
4421.87	0.55732
4437.53	0.565197
4452.1	0.575291
4465.26	0.587965
4476.61	0.610181
4486.04	0.641552
4493.62	0.677523
4499.74	0.695973
4506.48	0.569288
4514.55	0.402434
4520.61	0.3589
4523.77	0.343982
2554.81	0.2485
2554.27	0.295973
2552.89	0.487368
2660.79	0.489757
2760.83	0.486672
2853.09	0.484054
2943.78	0.483044
3031.86	0.482156
3117.84	0.481394
3200.85	0.48082
3281.37	0.480446
3359.26	0.48029
3433.51	0.480404
3505.82	0.480729
3576.2	0.481262
3640.89	0.480204
3704.85	0.480503
3758.87	0.480522
3813.42	0.481863
3863.17	0.48395
3908.93	0.486608
3952.05	0.489891
3994.13	0.493791
4033.97	0.498079
4072.04	0.502695
4108.85	0.50751
4141.8	0.509178
4174.89	0.513206
4199.04	0.5153
4224.77	0.519533
4251.67	0.524844
4276.5	0.53049
4300.12	0.535351
4322.69	0.539297
4344.43	0.542473
4366.17	0.545263
4388.07	0.54827
4403.33	0.55115
4421.38	0.556524
4437.48	0.564063
4452.07	0.574016
4465.1	0.586717
4476.29	0.608687
4485.59	0.640321
4493.09	0.676499
4499.19	0.694181
4505.98	0.564574
4514.1	0.399695
4520.17	0.357741
4523.33	0.343313
2555.28	0.257756
2555.02	0.319256
2554.52	0.502657
2670.15	0.503221
2769.99	0.498915
2853.01	0.493872
2943.33	0.491949
3029.83	0.490742
3116.25	0.490026
3198.33	0.489431
3278.78	0.489241
3357.66	0.489248
3429.51	0.488097
3501.82	0.488467
3567.77	0.488958
3638.53	0.490492
3709.35	0.491484
3758.94	0.482731
3810.33	0.483731
3858.98	0.485303
3904.79	0.487392
3946.74	0.489838
3990.32	0.493337
4030.67	0.497311
4068.72	0.501547
4104.58	0.50598
4137.59	0.510651
4168.9	0.515898
4196.83	0.52137
4225.27	0.526843
4249.53	0.528606
4273.92	0.533005
4297.65	0.53655
4320.09	0.539602
4341.03	0.542456
4362.89	0.545132
4384.65	0.548029
4404.31	0.552034
4420.77	0.555865
4436.82	0.563395
4451.49	0.573284
4464.49	0.586002
4475.62	0.60788
4484.87	0.639764
4492.36	0.675964
4498.49	0.692387
4505.38	0.559399
4513.58	0.396926
4519.67	0.356593
4522.84	0.342662
2555.5	0.255969
2555.12	0.305078
2553.94	0.505455
2664.18	0.507108
2764.93	0.504803
2859.73	0.503108
2944.67	0.499947
3025.75	0.497867
3116.85	0.495565
3195.27	0.493218
3275.51	0.492358
3348.36	0.491433
3425.59	0.490924
3497.91	0.490813
3566.3	0.491017
3633.65	0.491356
3698.11	0.491925
3754.99	0.492953
3808.99	0.495139
3856.53	0.496067
3901.57	0.499161
3946.53	0.502626
3987.3	0.50229
4027.25	0.505183
4065.24	0.508222
4100.8	0.511398
4132.81	0.514953
4159.73	0.51835
4191.95	0.521208
4220.84	0.524548
4247.02	0.527958
4270.49	0.532061
4295.25	0.535565
4317.76	0.539249
4338.84	0.542376
4357.75	0.544901
4381.31	0.547381
4401.78	0.551002
4418.92	0.556544
4435.44	0.56327
4450.42	0.572994
4463.5	0.585722
4474.61	0.607831
4483.83	0.640135
4491.41	0.676057
4497.64	0.690558
4504.69	0.553794
4512.99	0.394191
4519.12	0.355488
4522.3	0.342049
2555.6	0.262715
2555.32	0.318024
2554.31	0.517633
2665.47	0.518984
2763.73	0.516772
2859.41	0.514934
2944.68	0.513835
3033.75	0.512564
3109.75	0.511412
3190.62	0.511888
3273.06	0.512212
3349.54	0.511965
3424.28	0.511301
3495.61	0.511137
3563.55	0.511513
3629.27	0.512263
3692.09	0.513796
3751.63	0.516285
3811.85	0.517943
3854.36	0.514802
3896.19	0.516698
3941.78	0.520026
3984.02	0.523513
4024.64	0.527028
4063.33	0.530454
4100.46	0.532248
4129.49	0.530149
4159.69	0.533196
4189.89	0.535332
4218.42	0.53838
4245.22	0.541515
4270.9	0.544111
4293.03	0.544496
4314.9	0.546368
4334.52	0.548458
4358.05	0.549291
4379.02	0.550634
4400.53	0.553755
4419.88	0.559103
4433.49	0.564294
4449.09	0.573187
4462.22	0.585933
4473.22	0.608838
4482.33	0.642179
4490.24	0.67697
4496.69	0.688851
4503.93	0.548437
4512.34	0.391798
4518.52	0.354551
4521.72	0.341547
2555.38	0.277189
2555.36	0.357627
2555.87	0.517837
2677.49	0.517404
2763.12	0.514996
2848.33	0.513687
2941.66	0.512368
3030.57	0.511055
3114.7	0.510009
3200.14	0.509414
3274.53	0.509118
3350.45	0.509737
3424.35	0.510572
3494.67	0.510865
3560.97	0.511284
3625.74	0.511682
3687.32	0.512248
3745.52	0.512982
3800.95	0.513746
3849.87	0.514439
3896.99	0.516592
3938.46	0.515621
3980.47	0.516702
4019.28	0.517358
4058.4	0.518456
4094.63	0.519741
4127.32	0.52112
4157.49	0.524831
4188.43	0.528801
4216.82	0.533378
4243.47	0.537687
4268.39	0.541567
4291.32	0.544997
4314.24	0.548142
4335.96	0.551223
4358.31	0.554383
4380.38	0.558316
4399.4	0.559269
4417.8	0.56438
4434.29	0.571462
4448.08	0.579093
4460.76	0.590979
4471.47	0.613433
4479.98	0.646421
4489	0.678353
4495.76	0.687733
4503.15	0.544982
4511.67	0.390345
4517.89	0.353996
4521.12	0.341269
2554.48	0.261339
2554.14	0.31647
2553.04	0.504823
2661.35	0.506311
2757.37	0.50254
2849.26	0.500378
2940.94	0.499213
3030.08	0.498079
3116.19	0.497207
3200	0.49669
3278.88	0.49648
3354.98	0.496768
3425.85	0.497031
3495.63	0.49774
3557.8	0.498941
3623.26	0.500242
3683.78	0.501119
3740.04	0.501248
3794.41	0.501222
3845.1	0.500512
3891.16	0.500213
3935.43	0.501314
3977.36	0.503918
4017.23	0.50682
4055.73	0.510318
4092.09	0.514029
4125.8	0.518261
4158.81	0.522846
4187.38	0.524815
4214.85	0.528258
4241.42	0.531504
4265.93	0.534459
4287.73	0.537473
4312.92	0.539255
4334.92	0.541791
4356.93	0.544344
4378.65	0.54705
4398.42	0.550427
4416.87	0.555708
4433.34	0.563028
4447.1	0.573437
4460.16	0.58527
4471.33	0.607548
4480.55	0.641035
4488.52	0.676147
4495.05	0.687516
4502.42	0.54513
4510.99	0.390189
4517.26	0.353852
4520.52	0.3412
2553.43	0.250308
2552.84	0.295157
2551.25	0.497714
2655.29	0.500801
2753.67	0.498581
2848.24	0.496805
2940.54	0.495369
3030.39	0.494146
3117.69	0.493095
3202.49	0.492174
3283.74	0.49134
3358.39	0.490411
3429.64	0.490537
3499.81	0.491013
3563.24	0.48849
3623.42	0.487067
3679.48	0.486028
3737.82	0.484651
3791.19	0.486258
3841.5	0.488065
3887.94	0.490349
3932.39	0.493199
3974	0.496532
4014.23	0.500074
4052.9	0.503911
4089.94	0.507991
4122.75	0.509376
4155.42	0.512248
4185.48	0.514714
4214.79	0.51831
4242.03	0.523775
4267.29	0.529048
4290.9	0.533829
4314.27	0.537728
4335.83	0.541186
4353.82	0.544577
4376.81	0.547821
4396.65	0.552051
4415.77	0.557609
4432.92	0.565036
4448.39	0.574708
4459.11	0.584751
4470.87	0.604873
4480.29	0.637379
4487.98	0.674004
4494.35	0.686949
4501.72	0.544108
4510.34	0.388935
4516.67	0.353004
4519.95	0.340611
2552.63	0.247026
2551.98	0.291659
2550.31	0.504349
2652.77	0.50804
2751.67	0.506165
2847.36	0.504434
2940.41	0.502812
3031.01	0.501294
3119.41	0.499904
3206.23	0.498643
3292.93	0.497476
3362.92	0.492762
3432.21	0.491582
3498.5	0.490213
3564.87	0.488963
3626.44	0.488769
3686.37	0.48936
3738.08	0.488109
3788.56	0.488724
3839.35	0.488784
3884.28	0.491254
3929.78	0.494557
3969.63	0.495151
4010.43	0.497802
4049.32	0.500058
4083.92	0.502218
4120.08	0.505479
4153.49	0.509956
4184.77	0.514813
4214.5	0.51981
4242.4	0.524748
4268.16	0.529469
4292.29	0.533919
4315.44	0.537887
4336.38	0.540003
4356.39	0.542974
4376.12	0.546167
4393.57	0.550613
4414.55	0.555661
4432.09	0.562599
4447.27	0.572176
4460.12	0.585132
4470.47	0.601325
4479.66	0.634384
4487.21	0.671949
4493.55	0.683873
4501.04	0.535522
4509.74	0.383033
4516.12	0.349752
4519.43	0.338389
2552.12	0.247335
2551.48	0.293403
2549.87	0.514509
2651.75	0.518151
2750.82	0.516163
2847.04	0.514289
2940.58	0.512529
3031.65	0.510903
3120.5	0.509439
3207.76	0.508123
3295.07	0.506925
3365.29	0.505076
3435.51	0.50486
3503.71	0.504677
3569	0.504523
3628.79	0.504404
3686.03	0.505022
3740	0.506109
3793.98	0.507384
3840.67	0.508254
3877.7	0.503321
3922.78	0.50376
3966.32	0.506017
4007.24	0.508224
4045.96	0.51065
4082.44	0.513466
4117.74	0.516007
4151.34	0.51907
4183.32	0.522274
4213.84	0.525438
4242.76	0.528562
4268.6	0.529532
4292.65	0.532202
4314.43	0.535191
4336.86	0.537793
4357.66	0.540721
4377.45	0.543639
4396.12	0.54717
4414.69	0.551642
4431.5	0.558348
4446.32	0.567499
4459	0.580132
4469.14	0.600578
4478.53	0.631072
4486.15	0.667978
4492.63	0.672118
4500.45	0.509329
4509.11	0.36903
4515.62	0.342431
4518.99	0.333436
2551.88	0.248105
2551.27	0.294904
2549.75	0.512664
2651.55	0.516199
2750.79	0.514389
2847.32	0.512743
2941.16	0.511296
3032.37	0.510054
3121	0.509014
3207	0.508161
3289.74	0.507479
3365.68	0.50714
3438.79	0.507228
3509.77	0.50772
3576.58	0.50898
3631.66	0.507552
3686.92	0.509486
3739.85	0.511337
3787.58	0.513147
3836.02	0.516165
3879.2	0.51945
3922.58	0.521937
3964.84	0.52437
4005.27	0.527343
4043.85	0.530578
4080.61	0.533925
4115.82	0.537117
4149.48	0.540415
4181.97	0.5437
4213.6	0.546661
4245.76	0.54874
4269.64	0.544955
4292.8	0.546598
4315.13	0.548792
4336.96	0.550892
4357.91	0.55315
4377.85	0.555748
4396.66	0.559072
4414.42	0.563232
4430.72	0.568676
4445.31	0.57608
4458.13	0.585787
4469.33	0.598648
4477.14	0.610281
4485.04	0.618659
4492.16	0.561999
4500.14	0.4274
4508	0.349812
4515.15	0.332289
4518.63	0.326106
2551.87	0.248808
2551.28	0.295571
2549.81	0.507774
2651.82	0.511036
2751.31	0.509135
2848.11	0.507346
2942.16	0.505717
3033.44	0.504268
3121.87	0.503017
3207.2	0.501991
3288.98	0.501239
3366.7	0.500767
3442	0.500595
3517.77	0.500653
3575.49	0.495786
3635.59	0.496223
3689.11	0.49547
3740.29	0.497327
3788.3	0.499677
3834.65	0.502453
3878.59	0.504964
3921.56	0.507719
3963.26	0.510346
4003.28	0.512821
4041.71	0.515146
4078.51	0.51739
4113.64	0.519637
4147.03	0.521863
4179.71	0.523859
4211.06	0.525918
4241.17	0.527706
4268.4	0.527951
4292.26	0.531316
4314.8	0.534945
4336.63	0.538099
4357.93	0.54082
4378.2	0.54386
4397.04	0.547678
4414.61	0.552773
4430.76	0.559726
4445.28	0.569098
4458.06	0.581707
4469	0.601148
4477.91	0.632208
4484.78	0.660693
4491.35	0.637984
4499.94	0.450215
4508.67	0.34419
4515.07	0.326991
4518.36	0.321338
2552.07	0.249796
2551.47	0.296799
2549.99	0.519643
2652.42	0.522868
2752.29	0.520843
2849.38	0.518966
2943.63	0.517275
3035.03	0.515782
3123.46	0.5145
3208.59	0.513447
3289.93	0.51265
3367.74	0.512115
3442.29	0.511837
3512.64	0.511852
3577.01	0.513057
3643.73	0.513525
3691.33	0.506927
3741.62	0.507823
3788.39	0.508383
3833.41	0.509592
3876.69	0.5112
3919.57	0.512933
3961.12	0.514772
4000.63	0.516768
4038.96	0.518923
4075.87	0.521185
4110.97	0.523578
4143.05	0.526267
4176.55	0.529047
4207.5	0.532402
4237.21	0.536015
4268.3	0.539526
4290.92	0.536768
4313.13	0.538773
4334.79	0.54096
4356.94	0.542767
4377.95	0.544783
4396.61	0.547537
4414.13	0.549901
4430.29	0.556326
4444.83	0.565169
4457.6	0.577388
4468.51	0.594307
4477.35	0.625795
4484.11	0.661031
4490.98	0.638446
4499.85	0.448718
4508.66	0.343375
4514.79	0.325393
4517.93	0.319335
2552.49	0.250151
2551.88	0.29653
2550.38	0.518818
2653.53	0.522034
2753.94	0.519964
2851.36	0.518031
2945.8	0.516279
3037.42	0.514716
3126.19	0.513346
3211.58	0.512169
3292.24	0.511201
3369.86	0.510529
3444.63	0.510084
3511.38	0.509736
3574.05	0.510276
3634.52	0.510943
3689.45	0.511644
3746.21	0.513103
3789.14	0.511499
3832.66	0.513137
3873.21	0.515408
3917.44	0.518518
3959.94	0.52122
3997.7	0.521184
4036.29	0.523699
4073.83	0.526119
4109.59	0.528539
4144.05	0.53095
4173.9	0.530745
4203.18	0.533053
4229.89	0.535589
4261	0.537329
4286.97	0.539135
4310.17	0.542257
4330.22	0.545686
4355.64	0.548989
4377.91	0.552006
4398.62	0.555437
4412.89	0.557755
4429.3	0.563676
4443.95	0.571264
4456.81	0.581054
4467.77	0.593992
4476.86	0.609136
4484.76	0.590228
4491.45	0.492557
4500.3	0.373971
4508.39	0.334009
4514.2	0.323094
4517.18	0.318455
2553.13	0.250434
2552.52	0.296075
2550.97	0.51984
2655.23	0.523071
2756.41	0.521038
2854.1	0.519237
2948.58	0.517651
3040.4	0.516242
3130.02	0.515009
3217.07	0.514059
3295.34	0.514119
3372.59	0.513884
3452.78	0.513334
3512.08	0.507397
3571.16	0.506895
3628.75	0.506959
3683.63	0.507007
3736.65	0.507192
3784.94	0.507073
3831.03	0.508047
3876.04	0.509462
3915	0.508812
3952.75	0.508917
3995.56	0.507511
4033.6	0.508849
4072.59	0.511023
4108.44	0.514243
4141.95	0.517848
4173.27	0.521348
4202.98	0.525695
4231.24	0.530061
4259.44	0.533915
4285.62	0.537199
4309.79	0.540241
4332.5	0.542962
4355.56	0.545384
4377.51	0.54811
4395.4	0.550931
4412.7	0.555349
4429.11	0.561984
4444.04	0.571258
4457.14	0.583706
4468.26	0.604564
4477.42	0.637282
4484.84	0.671555
4491.7	0.626554
4499.77	0.4451
4508.65	0.343292
4514.83	0.325713
4517.97	0.319852
2554.02	0.251207
2553.41	0.296233
2551.88	0.514355
2657.89	0.517358
2760.21	0.515209
2857.91	0.513258
2951.87	0.511523
3043.35	0.509964
3134.21	0.508562
3229.15	0.507222
3297.36	0.500463
3370.2	0.499742
3442.41	0.498554
3508.59	0.495775
3568.15	0.493965
3624.92	0.493658
3678.64	0.493481
3732.26	0.493351
3782.12	0.494375
3829.09	0.496282
3874.53	0.498743
3913.31	0.500436
3950.47	0.503764
3994.99	0.506354
4035.86	0.509946
4072.18	0.511276
4107.34	0.514308
4139.78	0.517531
4172.03	0.521292
4202.06	0.526181
4230.53	0.530863
4257.82	0.535059
4284.29	0.538649
4308.92	0.541797
4332.46	0.544602
4354.64	0.54705
4376.75	0.550082
4392.81	0.551755
4413.85	0.55593
4428.28	0.560253
4443.86	0.568752
4457.22	0.580727
4468.53	0.598454
4477.85	0.629012
4485.28	0.663273
4491.57	0.646719
4498.94	0.448868
4508.67	0.347893
4515.16	0.3293
4518.43	0.323164
2555.16	0.253587
2554.61	0.299515
2553.19	0.513867
2662.03	0.51641
2766.4	0.514338
2863.27	0.512663
2955.42	0.511566
3044.66	0.510589
3131.85	0.509612
3216.61	0.508768
3292.42	0.508467
3366.19	0.508927
3439.01	0.509528
3513.13	0.510194
3567.25	0.50339
3622.91	0.503812
3678.29	0.50494
3729.31	0.503894
3779.86	0.505083
3826.37	0.505773
3869.93	0.507337
3912.78	0.50783
3954.6	0.509489
3995.73	0.511549
4035.28	0.514146
4072.48	0.517156
4107.67	0.520398
4140.28	0.524003
4170.79	0.52584
4200.51	0.52978
4228.92	0.533215
4255	0.536638
4282.8	0.539778
4307.19	0.541739
4330.26	0.543634
4353.52	0.545668
4375.17	0.548904
4395.78	0.553236
4412.26	0.556285
4428.42	0.562258
4443.73	0.570377
4457.12	0.582797
4468.49	0.60285
4478.04	0.63459
4485.69	0.6709
4492.02	0.67252
4499.77	0.498486
4508.93	0.362542
4515.43	0.336897
4518.75	0.328683
2556.47	0.257384
2556.05	0.308861
2554.94	0.513879
2668.29	0.515407
2777.81	0.51243
2871.17	0.507544
2959.71	0.505486
3045.85	0.504173
3129.7	0.5033
3210.83	0.502576
3287.43	0.501844
3360.99	0.501458
3432.07	0.501247
3500.2	0.501013
3560.88	0.500156
3618.87	0.501477
3675.18	0.503254
3727.29	0.504562
3775.64	0.506891
3826.35	0.509284
3873.01	0.512047
3917.55	0.514922
3957.41	0.516661
3996.55	0.519495
4036.08	0.522018
4073.7	0.524525
4109.2	0.52705
4142.1	0.529654
4170.25	0.532107
4198.95	0.535606
4227.14	0.536306
4256.55	0.538637
4280.99	0.539769
4305.72	0.542535
4326.69	0.54555
4352.01	0.548215
4372.57	0.552107
4395.17	0.556722
4414.77	0.563118
4430.09	0.568825
4443.37	0.573706
4456.78	0.586139
4467.99	0.609467
4478.02	0.641143
4486.05	0.677016
4492.57	0.687823
4500.18	0.535079
4509.17	0.378946
4515.68	0.345172
4519.05	0.333981
2557.76	0.258621
2557.4	0.31701
2556.63	0.524633
2675.82	0.525546
2802.95	0.522939
2881.75	0.51387
2964.26	0.511394
3047.15	0.509834
3128.06	0.508493
3207.34	0.507523
3283.25	0.506885
3356.02	0.506572
3425.78	0.506599
3492.42	0.507046
3554.94	0.50807
3614.23	0.509127
3669.33	0.510489
3725.57	0.512224
3778.57	0.513777
3828.11	0.514854
3875.97	0.516842
3923.42	0.519005
3960.04	0.516722
3994.62	0.520019
4037.64	0.522708
4076.11	0.52605
4112.84	0.529581
4144.26	0.530981
4173.09	0.531337
4200.73	0.534578
4230.19	0.5379
4254.08	0.540935
4282.51	0.542994
4307.82	0.545425
4330.94	0.547957
4353.25	0.55068
4373.67	0.554421
4395.45	0.558703
4414.47	0.56502
4431.49	0.57403
4443.94	0.583247
4456.34	0.591561
4466.41	0.617445
4477.9	0.646898
4486.43	0.681108
4493.16	0.694993
4500.64	0.555646
4509.48	0.391831
4516.02	0.35214
4519.4	0.338614
2558.87	0.247592
2558.21	0.292165
2556.56	0.52056
2672.38	0.523787
2784.73	0.52143
2883.15	0.519053
2965.56	0.515769
3048.71	0.514593
3126.29	0.513146
3206.41	0.512015
3281.43	0.511726
3353.21	0.511924
3421.93	0.512315
3488.66	0.51295
3550	0.513923
3611.32	0.515295
3669.27	0.516706
3726.44	0.517979
3784.62	0.519283
3830.27	0.516191
3877.93	0.517785
3925.7	0.519682
3965.26	0.519542
4004.03	0.520708
4041.59	0.519249
4078.16	0.520306
4111.27	0.522445
4143.37	0.524807
4176.37	0.528498
4206	0.533094
4234.35	0.537421
4260.6	0.541489
4286.73	0.544804
4311.45	0.547976
4334.66	0.551116
4356.05	0.554511
4376.48	0.559274
4396.39	0.565374
4414.04	0.569123
4431.16	0.576755
4446.06	0.587094
4456.78	0.595255
4468.33	0.618045
4478.64	0.649112
4487.06	0.683575
4493.85	0.69882
4501.24	0.56666
4509.97	0.400268
4516.5	0.356969
4519.89	0.342048
2560.2	0.236324
2559.12	0.271869
2556.5	0.519348
2669.69	0.526485
2777.88	0.524395
2877.33	0.522673
2967	0.521337
3052.46	0.520113
3134.88	0.519051
3208.42	0.516839
3280.74	0.515822
3349.75	0.514785
3420.56	0.513936
3486.8	0.51421
3548.76	0.514912
3609.65	0.515859
3667.87	0.517032
3724.11	0.518454
3779.44	0.520071
3827	0.520427
3877.41	0.523055
3930.67	0.525203
3969.37	0.525326
4008.14	0.528392
4047.48	0.52794
4082.04	0.526761
4116.91	0.52862
4149.16	0.532045
4180.72	0.535897
4210.34	0.53967
4238.47	0.543218
4265.15	0.546353
4290.35	0.5489
4314.62	0.551844
4338.22	0.555025
4357.82	0.555394
4377.79	0.558365
4393.19	0.56172
4414.34	0.565393
4431.95	0.572887
4446.91	0.583748
4459.05	0.602053
4469.21	0.622527
4479.2	0.651767
4487.74	0.685917
4494.64	0.701447
4502	0.573071
4510.66	0.405282
4517.16	0.359864
4520.56	0.34417
2562.26	0.229448
2560.68	0.259405
2557.1	0.518238
2669.42	0.529709
2777.29	0.527648
2879.04	0.52578
2970.52	0.524237
3057.15	0.523207
3132.88	0.522163
3207.39	0.521954
3283.49	0.521899
3357.66	0.521815
3421.61	0.520817
3487.08	0.521239
3546.47	0.521891
3608.51	0.523216
3666.25	0.524591
3720.48	0.526237
3770.86	0.528431
3818.64	0.531653
3871.75	0.534648
3923.44	0.536923
3969.13	0.53992
4012.8	0.541212
4057.74	0.543008
4091.27	0.536252
4122.91	0.537752
4153.44	0.540624
4184.85	0.543639
4214.08	0.546783
4241.99	0.550036
4269.2	0.553029
4292.93	0.553012
4316.49	0.554963
4337.82	0.557284
4358.57	0.559915
4377.09	0.563579
4396.91	0.567446
4416.01	0.573318
4433.16	0.581463
4448.26	0.592144
4461.58	0.610992
4471.32	0.631416
4479.1	0.65838
4488.49	0.688639
4495.59	0.703732
4502.94	0.577419
4511.55	0.407942
4518.03	0.361237
4521.41	0.345143
2565.59	0.225735
2563.34	0.251379
2558.49	0.513075
2671.07	0.529706
2780.29	0.527696
2888.7	0.525669
2976.68	0.523039
3054.12	0.521302
3134.76	0.520707
3211.45	0.520296
3286.06	0.520078
3357.53	0.519977
3424.72	0.51994
3490.48	0.520091
3554.03	0.520445
3609.58	0.520067
3666.1	0.520956
3718.71	0.521804
3762.92	0.521575
3802.97	0.522852
3865.49	0.523056
3920.27	0.522308
3969.09	0.522495
4014.31	0.524011
4057.08	0.525815
4094.95	0.527663
4127.96	0.530165
4159.81	0.533699
4190.32	0.536453
4218.02	0.536603
4244.9	0.538947
4269.5	0.54136
4295.51	0.544455
4319.74	0.547837
4340.7	0.548894
4360.4	0.549949
4377.73	0.553867
4399.76	0.558183
4418.76	0.563964
4435.55	0.571828
4450.29	0.582564
4463.2	0.597566
4473.34	0.626486
4482.59	0.658165
4489.95	0.687381
4496.87	0.705334
4504.12	0.580221
4512.67	0.408233
4519.11	0.3611
4522.47	0.34502
2570.93	0.22373
2567.61	0.24564
2560.77	0.49815
2673.58	0.521514
2781.48	0.519744
2883.54	0.518063
2975.03	0.516116
3058.28	0.515059
3138.58	0.51453
3215.6	0.514184
3289.77	0.514009
3359.72	0.514203
3427.32	0.514249
3494.08	0.514201
3553.3	0.512793
3612.79	0.512759
3666.6	0.510919
3716.27	0.511051
3767.36	0.511333
3816.38	0.514158
3864.71	0.51788
3920.83	0.520841
3970.42	0.523198
4016.05	0.525499
4059.16	0.527778
4101.37	0.529775
4132.12	0.527197
4162.85	0.529035
4191.52	0.531796
4222.21	0.535139
4247.53	0.535781
4274.61	0.539211
4297.9	0.539246
4320.33	0.5412
4341.69	0.544425
4364.05	0.547982
4383.91	0.552052
4403.54	0.556792
4421.6	0.563054
4437.82	0.571465
4451.91	0.58312
4465.25	0.598261
4476.81	0.625578
4485	0.654243
4492.54	0.686245
4498.48	0.691345
4505.55	0.574983
4514.01	0.404353
4520.37	0.359183
4523.7	0.343791
2579.39	0.223471
2574.39	0.244261
2564.58	0.478633
2678.58	0.509602
2786.11	0.508159
2886.73	0.506699
2979.59	0.505343
3063.46	0.504418
3143.74	0.503983
3220.68	0.503752
3295.79	0.503504
3362.34	0.500424
3428.86	0.499677
3492.16	0.499032
3554.23	0.497051
3609.88	0.496553
3669.38	0.496717
3723.77	0.497813
3776.34	0.499276
3826.75	0.501067
3873.69	0.503332
3925.84	0.505307
3973.69	0.507887
4018.29	0.510445
4060.12	0.513163
4098.98	0.516155
4133.12	0.517801
4165.11	0.520992
4195.27	0.524523
4224.05	0.528566
4251.8	0.530288
4275.39	0.532291
4300.29	0.535505
4324.61	0.539249
4346.66	0.543498
4368.21	0.54734
4388.3	0.551178
4406.87	0.555538
4424.19	0.561615
4440.12	0.569637
4452.12	0.578887
4466.84	0.590078
4478.4	0.611185
4486.94	0.644305
4494.66	0.675225
4500.91	0.674135
4507.45	0.533303
4515.53	0.396939
4521.75	0.356499
4525.07	0.342214
2592.83	0.226592
2585.54	0.256515
2571.1	0.460138
2687.71	0.497173
2795.35	0.498061
2895.5	0.498931
2991.1	0.499375
3070.29	0.493929
3150.3	0.493586
3225.64	0.493417
3296.85	0.492733
3364.65	0.488733
3431.62	0.48843
3495.09	0.488242
3558	0.489187
3617.08	0.490324
3675.18	0.491722
3731.01	0.493305
3785.35	0.49513
3838.47	0.497236
3888.36	0.500114
3932.92	0.496687
3978	0.498718
4021.12	0.500441
4061.88	0.502281
4100.17	0.50472
4135.48	0.508936
4168.01	0.513642
4197.99	0.518043
4225.31	0.522615
4254.79	0.527482
4281.12	0.532834
4306.69	0.537973
4329.06	0.541108
4350.12	0.544812
4371.84	0.548676
4392.19	0.55304
4409.41	0.555245
4426.12	0.560191
4440.65	0.567229
4455.7	0.577151
4469.31	0.589843
4480.72	0.613841
4490.16	0.648513
4496.82	0.679107
4502.78	0.700388
4509.46	0.566554
4516.77	0.3993
4523.06	0.357164
4526.53	0.342576
2614.16	0.235196
2606.15	0.291645
2584.9	0.449734
2703.49	0.474196
2809.81	0.475824
2906.67	0.477459
2991.63	0.478791
3079.19	0.480583
3161.78	0.481989
3230.73	0.476524
3298.4	0.476593
3370.14	0.477414
3437.4	0.478613
3501.51	0.480012
3563.54	0.481621
3623.17	0.483432
3681.14	0.48548
3737.57	0.487732
3793.39	0.490113
3851.16	0.492266
3891.13	0.486159
3938.4	0.488858
3983.08	0.492004
4025.36	0.495434
4065.53	0.499117
4102.65	0.503232
4138.31	0.507872
4169.48	0.509353
4201.11	0.513026
4230.34	0.518346
4258.78	0.523504
4285.5	0.528495
4310.11	0.533385
4333.15	0.538563
4355.42	0.543554
4374.88	0.545249
4392.91	0.547805
4411.67	0.551531
4428.54	0.557094
4444.06	0.564509
4458.62	0.574179
4471.69	0.586599
4482.8	0.608538
4491.8	0.64185
4498.37	0.686087
4504.54	0.714012
4510.87	0.62067
4518.68	0.425236
4524.16	0.364176
4528.22	0.345578
2645.18	0.248617
2635.42	0.321366
2603.48	0.436693
2728.8	0.454674
2835.73	0.458942
2928.27	0.463019
3015.79	0.466856
3090.97	0.463218
3161.75	0.46392
3238.33	0.465325
3309.02	0.466651
3378.01	0.468026
3444.23	0.469406
3507.88	0.470872
3569.34	0.472448
3628.74	0.474145
3686.4	0.47597
3742.48	0.477911
3797.16	0.479951
3850.1	0.482084
3897.39	0.484375
3944.08	0.487448
3988.18	0.491081
4029.31	0.495122
4069.87	0.499008
4104.25	0.498735
4137.25	0.501527
4172.06	0.505591
4204.37	0.510084
4233.92	0.515268
4262.33	0.52075
4289.85	0.526295
4313.04	0.526944
4336.01	0.531115
4357.18	0.535416
4377.93	0.54066
4396.49	0.545862
4413.79	0.550423
4430.25	0.556262
4446.33	0.563316
4460.89	0.573025
4473.76	0.585947
4484.7	0.609617
4493.67	0.645816
4500.95	0.690477
4506.17	0.717792
4512.55	0.631833
4520.81	0.432172
4527.18	0.366311
4530.79	0.345388
2689.27	0.264658
2679.51	0.342821
2635.22	0.409363
2769.77	0.437415
2873.62	0.444794
2952.69	0.445576
3025.3	0.44934
3104.36	0.453062
3177.51	0.455857
3249.69	0.458233
3319.17	0.460264
3386.47	0.462114
3451.45	0.463839
3514.22	0.465508
3574.95	0.467165
3633.81	0.468837
3690.96	0.470547
3746.47	0.472305
3800.34	0.474116
3852.38	0.475987
3901.95	0.478022
3950.06	0.480383
3993.95	0.483859
4031.59	0.483098
4067.63	0.485523
4105.82	0.488922
4140.73	0.493154
4174.89	0.497401
4208.18	0.501879
4236.48	0.502393
4264.62	0.506766
4289.55	0.511416
4315.81	0.517464
4339.32	0.524192
4360.91	0.530777
4381.15	0.536812
4399.8	0.542276
4417.04	0.547485
4430.32	0.553205
4448.01	0.55995
4462.76	0.569048
4475.5	0.581576
4486.32	0.601666
4495.16	0.635599
4501.85	0.678527
4506.66	0.708568
4514.56	0.592632
4523.6	0.411914
4530.32	0.358723
4533.85	0.339934
2748.06	0.280444
2752.03	0.357976
2766.34	0.403884
2838.35	0.421962
2909.04	0.423155
2979.68	0.43065
3049.8	0.436709
3121.58	0.441582
3192.16	0.44554
3261.66	0.44891
3329.39	0.451866
3395.1	0.454509
3458.74	0.456834
3520.41	0.458908
3580.23	0.460807
3638.36	0.462579
3694.91	0.464296
3749.85	0.466022
3803.06	0.467813
3854.85	0.469596
3905.67	0.471396
3957.97	0.473016
3993.46	0.467703
4034.03	0.469463
4072.54	0.472641
4108.38	0.476315
4142.69	0.481142
4176.31	0.482544
4207.54	0.48576
4239.18	0.490436
4267.72	0.496946
4293.93	0.503909
4319.05	0.51094
4342.36	0.518036
4363.88	0.525093
4383.93	0.531668
4402.53	0.53761
4419.71	0.542918
4435.27	0.547979
4450.56	0.55341
4464.56	0.56112
4476.98	0.571563
4487.73	0.585526
4496.8	0.608909
4503.29	0.621123
4509.65	0.580598
4518.64	0.467588
4527.56	0.375582
4533.99	0.344041
4537.35	0.329598
2802.62	0.284462
2811.96	0.353973
2836.05	0.386507
2884.59	0.399067
2942.56	0.408097
3005.27	0.415434
3070.66	0.421476
3137.99	0.426616
3205.84	0.431088
3273.33	0.435153
3339.53	0.439042
3403.67	0.442836
3465.87	0.446164
3526.32	0.449071
3585.03	0.451714
3642.32	0.45403
3698.24	0.456152
3752.7	0.458199
3804.94	0.46049
3855.95	0.462409
3905.56	0.464236
3953.51	0.466153
3997.05	0.467833
4036.08	0.469844
4077.7	0.472766
4110.04	0.465853
4139.56	0.466766
4178.11	0.471649
4211.7	0.477633
4242.46	0.484912
4270.72	0.492107
4296.99	0.499131
4321.76	0.505957
4344.95	0.512543
4366.15	0.519617
4386.07	0.525927
4404.67	0.531788
4422.03	0.537204
4438.54	0.541541
4452.44	0.53886
4465.97	0.540658
4478.17	0.54095
4488.89	0.536729
4497.86	0.521564
4506.92	0.490702
4515.33	0.434082
4524.24	0.376707
4532.21	0.34408
4538.02	0.326654
4541.08	0.316374
2843.5	0.277455
2854.88	0.346216
2879.5	0.376377
2919.25	0.388216
2969.37	0.395224
3026.3	0.400412
3087.61	0.405122
3151.87	0.409345
3217.78	0.413164
3284.17	0.41685
3349.58	0.420833
3412.04	0.42564
3472.6	0.429746
3531.78	0.432978
3589.07	0.435942
3645.43	0.438565
3700.8	0.440909
3755.51	0.442865
3805.78	0.442465
3856.17	0.443895
3904.8	0.444943
3951.14	0.445323
3992.81	0.444828
4036.05	0.444675
4076.28	0.446382
4112.38	0.446901
4146.73	0.449443
4182.41	0.45308
4216.29	0.457149
4245.91	0.465377
4273.42	0.472584
4299.34	0.478232
4323.92	0.482587
4347.5	0.485094
4367.78	0.480893
4387.71	0.481115
4406.35	0.481267
4423.6	0.479989
4438.76	0.476409
4454.48	0.475527
4468.33	0.470532
4480.78	0.459374
4491.98	0.440639
4502.16	0.413295
4511.9	0.38213
4521	0.354758
4529.45	0.334867
4536.61	0.321259
4541.8	0.311412
4544.56	0.303057
2869.64	0.267204
2882.17	0.338627
2906.09	0.36857
2941.96	0.379496
2987.74	0.385237
3040.95	0.389112
3099.54	0.392007
3161.97	0.394293
3227.06	0.396194
3293.78	0.397934
3360.37	0.399966
3420.11	0.40465
3478.47	0.410803
3536.88	0.415385
3591.77	0.412063
3647.26	0.412577
3701.71	0.412681
3754.09	0.412614
3806.6	0.412796
3856.91	0.414235
3905.16	0.415226
3951.15	0.415823
3994.56	0.416164
4036.72	0.416947
4076.72	0.417413
4114.3	0.417891
4150.42	0.419182
4186.39	0.421138
4223.03	0.42196
4249.43	0.413842
4275.77	0.412019
4301.19	0.410505
4325.33	0.407889
4346.85	0.403054
4369.46	0.40059
4389.88	0.400154
4408.7	0.398715
4426.08	0.396131
4442.06	0.392132
4457.26	0.386846
4471.22	0.37901
4483.97	0.368979
4495.61	0.357473
4506.3	0.345471
4516.19	0.334024
4525.25	0.323755
4533.31	0.315157
4539.96	0.307475
4544.69	0.299015
4547.02	0.28891
2882.21	0.258496
2895.43	0.332266
2918.88	0.363065
2953.17	0.373534
2997.02	0.37846
3048.5	0.38152
3105.79	0.383666
3167.46	0.38522
3232.67	0.386325
3301.42	0.387043
3375.59	0.387363
3427.08	0.371588
3481.97	0.367772
3534.6	0.362107
3592.35	0.359813
3648.25	0.359988
3702.68	0.360123
3755.59	0.360209
3807.45	0.36026
3857.56	0.360297
3905.7	0.360342
3951.69	0.360411
3995.51	0.360507
4037.53	0.360617
4077.57	0.360726
4115.63	0.360831
4152.18	0.36091
4187.6	0.360924
4221.34	0.360848
4250.33	0.356601
4277.26	0.356372
4302.72	0.356043
4326.74	0.355474
4349.2	0.354646
4371.02	0.353581
4391.4	0.352187
4410.31	0.35038
4427.82	0.348095
4444.02	0.345273
4459.16	0.341898
4473.15	0.337926
4486	0.333406
4497.78	0.328446
4508.59	0.323182
4518.51	0.317718
4527.49	0.312032
4535.39	0.305892
4541.81	0.29765
4546.1	0.286838
4548.2	0.277898
4228.1	0.432056
4249.46	0.432627
4275.66	0.435388
4301.04	0.440551
4325.3	0.447601
4342.02	0.453932
4349.27	0.489026
4367.53	0.490556
4387.57	0.493201
4406.2	0.497272
4423.49	0.503248
4436.4	0.509603
4440.84	0.540903
4452.21	0.542313
4465.84	0.543383
4478.04	0.544362
4488.71	0.545993
4496.71	0.550848
4498.61	0.596299
4503.07	0.598879
4505.5	0.582876
2693.57	0.516855
2763.65	0.515709
2832.62	0.513961
2865.65	0.512159
2944.36	0.510678
3034.31	0.507965
3093.24	0.505325
3122.21	0.500192
3194.96	0.498952
3276.13	0.49743
3331.29	0.495898
3361.01	0.496284
3429.16	0.495242
3502.39	0.494209
3550.49	0.49294
3578.43	0.493088
3640.5	0.492406
3704.9	0.492639
3743.01	0.492158
3767.15	0.494933
3818.41	0.494383
3868.6	0.494296
3894.97	0.494113
3908.65	0.494864
3864.72	0.530921
3886.68	0.530516
3929.1	0.53079
3972.61	0.530706
4009.07	0.532611
4048.1	0.53265
4082.35	0.533149
4115.72	0.532989
4138.9	0.532799
4150.53	0.534606
4177.81	0.535183
4206.37	0.537749
4233.35	0.539134
4255.37	0.541651
4277.68	0.542659
4301.19	0.544105
4323.13	0.545278
4342.28	0.546255
4345.11	0.549018
4249.44	0.558796
4269.85	0.559579
4292.7	0.560755
4315.03	0.562363
4336.82	0.564073
4357.76	0.566136
4377.69	0.568519
4396.51	0.571239
4414.24	0.574111
4430.53	0.577232
4445.14	0.580134
4458	0.581632
4469.14	0.579503
4477.26	0.564868
4485.27	0.537069
4492.47	0.472231
4500.12	0.393614
4503.63	0.356235
4313.82	0.519409
4329.95	0.523441
4336.45	0.543262
4348.1	0.544201
4366.51	0.54865
4383.95	0.554385
4399.7	0.560719
4405.14	0.579163
4413.23	0.580163
4429.12	0.583333
4444.25	0.588077
4458.7	0.591797
4463.05	0.602685
4469.13	0.604067
4480.1	0.608684
4489.48	0.600788
4497.74	0.582975
4500.89	0.541
4504.13	0.535278
4511.09	0.46335
4518.51	0.392056
4523.57	0.364992
3892.31	0.503809
3912.12	0.503669
3926.52	0.507132
3955.47	0.506845
3997.53	0.509379
4036.56	0.512095
4074.34	0.514268
4097.8	0.515249
4110.5	0.521797
4141.59	0.522486
4174.41	0.524391
4199.28	0.529121
4222.39	0.530895
4230.81	0.538586
4249.18	0.538861
4273.82	0.541159
4297.53	0.542709
4319.95	0.543873
4331.92	0.544395
4339.39	0.544899
4349.7	0.545101
2861.53	0.527155
2882.88	0.526177
2911.24	0.526202
2965.11	0.525178
3048.84	0.524387
3122.22	0.523027
3152.24	0.525555
3207.28	0.524563
3280.97	0.524529
3344.93	0.523424
3370.38	0.526341
3420.8	0.52548
3487.19	0.524808
3541.4	0.523524
3563.2	0.523019
3608.89	0.522209
3666.27	0.521227
3712.06	0.519895
3725.32	0.515324
3766.76	0.514627
3816.6	0.514127
3855.57	0.512952
3864.22	0.50404
3617.96	0.527343
3662.7	0.526877
3721.01	0.526417
3778.6	0.525907
3833.81	0.525794
3883.47	0.52664
3929.29	0.527778
3971.81	0.529077
4015.05	0.529416
4049.28	0.532036
4083.36	0.533494
4116.98	0.534963
4148.75	0.536813
4179.42	0.538043
4208.41	0.539096
4230.26	0.539215
4238.69	0.541933
4258.8	0.541931
4280.2	0.542429
4294.56	0.542305
3910.1	0.512951
3946.09	0.513642
3986.97	0.515218
4027.04	0.517234
4065.67	0.519606
4102.71	0.522014
4131.87	0.523374
4143.1	0.537899
4168.33	0.538319
4199.63	0.541368
4228.85	0.543732
4256.22	0.546179
4281.87	0.548724
4305.68	0.551378
4325.93	0.554861
4345.2	0.557972
4363.8	0.560529
4378.25	0.561855
4383.23	0.568884
4395.85	0.569588
4410.99	0.571566
4420.73	0.572729
3716.22	0.505646
3758.85	0.505935
3810.05	0.507265
3858.66	0.50918
3904.83	0.510979
3932.04	0.511623
3948.33	0.520092
3987	0.520598
4027.01	0.52207
4064.98	0.523739
4100.47	0.52591
4132.41	0.528976
4159.88	0.533181
4191.64	0.534988
4220.53	0.537704
4246.94	0.540145
4267.26	0.541275
4274.74	0.548031
4292.64	0.54814
4314.74	0.548585
4329.72	0.548668
3865.91	0.485778
3896.64	0.484612
3909.95	0.470723
3946.21	0.469842
3988.16	0.469201
4028.65	0.468533
4067.57	0.467864
4104.74	0.466972
4140.02	0.465568
4173.91	0.463448
4205.8	0.460077
4226.35	0.456961
4237.49	0.44065
4262.09	0.440051
4287.48	0.441679
4311.46	0.442881
4332.81	0.444364
4352.54	0.446279
4370.45	0.448186
4385.06	0.44993
3107.89	0.529006
3165.98	0.528291
3241.98	0.527371
3317.64	0.52625
3391.65	0.525345
3463.49	0.52464
3532.84	0.524116
3599.34	0.523797
3662.67	0.523705
3722.92	0.523764
3780.05	0.523968
3833.72	0.524377
3882.26	0.525326
3931.17	0.52525
3978.36	0.525126
4021.6	0.525119
4057.87	0.525156
4089.44	0.525213
4102.41	0.526075
4195.96	0.41379
4206.9	0.414849
4213.96	0.47115
4235.51	0.474479
4245.66	0.508165
4260.53	0.509127
4279.27	0.513288
4286.48	0.530367
4304.85	0.531911
4310.38	0.54847
4325.83	0.549143
4336.11	0.55286
4343.9	0.554633
4357.45	0.556047
4361.6	0.558336
4376.33	0.558676
4381.95	0.562545
4393.26	0.56279
4404.46	0.566181
4410.16	0.571207
4422.23	0.573381
4425.24	0.584628
4435.93	0.586303
4442.95	0.592607
4450.95	0.592814
4460.37	0.597368
4462.6	0.597211
4047.79	0.531367
4059.37	0.531075
4090.55	0.531948
4122.94	0.532815
4153.41	0.533099
4164.88	0.536422
4184.64	0.536321
4212.99	0.539375
4240.66	0.541771
4264.69	0.544896
4273.94	0.551304
4287.82	0.551389
4309.52	0.55397
4330.67	0.55591
4350.33	0.557724
4357.79	0.561393
4366.82	0.56145
4387.17	0.566267
4405.23	0.570829
4421.42	0.575827
4428.68	0.580128
4435.38	0.58079
4446.44	0.582704
2624.12	0.499322
2642.96	0.500228
2703.46	0.499132
2809.22	0.497919
2906.52	0.497954
2978.99	0.496958
3004.01	0.510857
3069.54	0.510022
3149.99	0.510419
3225.95	0.510332
3272.45	0.509638
3298.64	0.516391
3362.1	0.515872
3428.81	0.515934
3489.67	0.515648
3514.32	0.520605
3552.62	0.519878
3612.39	0.519696
3666.75	0.519447
3708.68	0.518931
3723.89	0.524309
3762.32	0.523834
3796.58	0.523362
3863.5	0.503917
3881.45	0.503949
3893.64	0.518087
3932.67	0.518476
3977.8	0.520536
4020.86	0.523226
4061.46	0.526288
4080.45	0.529571
4098.69	0.529859
4132.89	0.531345
4164.95	0.53352
4195.28	0.535706
4220.75	0.53664
4228.57	0.54415
4247.33	0.544323
4274.31	0.545483
4297.81	0.547095
4320.43	0.548596
4336.08	0.549321
4342.5	0.553034
4360.17	0.553285
4372.34	0.554028
4182.01	0.526522
4187.66	0.528474
4205.77	0.528717
4227.78	0.532456
4236.67	0.541268
4255.41	0.54182
4275.06	0.543899
4282.31	0.551616
4301.27	0.552488
4319.49	0.554383
4329.25	0.559853
4349.84	0.561271
4364.81	0.56346
4371.57	0.567298
4389.22	0.570122
4398.01	0.576019
4407.52	0.576102
4422.75	0.580944
4428.57	0.587937
4438.55	0.58847
4451.91	0.594213
4457.08	0.607055
4467.05	0.610374
4476.67	0.627623
4480.31	0.638364
4486.12	0.644532
3243.77	0.514836
3297.34	0.514146
3370.15	0.513445
3441.95	0.512576
3508.02	0.51279
3567.83	0.513962
3624.66	0.514707
3676.82	0.515221
3698.85	0.520401
3728.73	0.519864
3779.37	0.52086
3826.06	0.521967
3869.83	0.523342
3912.68	0.524301
3954.51	0.525612
3995.57	0.526916
4035.05	0.52844
4072.25	0.530051
4107.46	0.531271
4138.49	0.531969
4150.55	0.535084
4168.81	0.534869
4181.53	0.53594
3555.97	0.511406
3572.94	0.510788
3589.46	0.516215
3631.14	0.515648
3686.78	0.515702
3740.26	0.515087
3774.8	0.514236
3795.5	0.513651
3840.59	0.513145
3878.51	0.510183
3920.98	0.509977
3939.35	0.511218
3968.88	0.510819
4010.24	0.514086
4049.53	0.516309
4077.74	0.517307
4091.85	0.52397
4122.36	0.524485
4155.22	0.527912
4184.86	0.53102
4198.03	0.535216
4214.43	0.53503
4241.23	0.536361
4265.67	0.537261
4280.92	0.537714
3794.41	0.529814
3798.19	0.529859
3830.48	0.52955
3877.91	0.529456
3925.05	0.529266
3965.15	0.530791
4003.92	0.53165
4041.47	0.532523
4077.86	0.533698
4111.6	0.535368
4136.39	0.535828
4146.91	0.543162
4172.63	0.543588
4200.8	0.545771
4229.78	0.546661
4254.35	0.549173
4282.28	0.550078
4307.61	0.55149
4330.81	0.552579
4352.89	0.553029
4364.05	0.553274
4366.84	0.55232
3964.7	0.483293
3991.05	0.483569
4004.09	0.496912
4031.47	0.496907
4062.89	0.499099
4073.84	0.511301
4104.13	0.511727
4127.73	0.514046
4139.46	0.521397
4168.94	0.522721
4182.47	0.528314
4197.96	0.528151
4223.43	0.529895
4231.26	0.536979
4251.55	0.537082
4271.37	0.539236
4277.34	0.547489
4297.8	0.548134
4312.58	0.550487
4320.42	0.555678
4340.07	0.556929
4347.7	0.562726
4358.6	0.562787
4375.81	0.563291
4381.63	0.561847
4390.03	0.561823
4378.62	0.555206
4380.34	0.557271
4391.98	0.55781
4398.52	0.563931
4411.25	0.564622
4417.42	0.575511
4429.09	0.576417
4433.9	0.589521
4443.3	0.590758
4447.95	0.602506
4456.3	0.605364
4460.97	0.627387
4468.74	0.631981
4472.74	0.65064
4478.81	0.654553
4483.69	0.648945
4489.87	0.647109
4493.9	0.594684
4498.81	0.586358
4502.68	0.502223
4507.53	0.480617
4511.46	0.407133
4516.6	0.392722
4519.66	0.372649
4520.41	0.367999
4079.9	0.489204
4110.3	0.492295
4128.68	0.495632
4143.24	0.500007
4176.21	0.5018
4205.57	0.505244
4216.01	0.518382
4236.1	0.518702
4264.58	0.523292
4284.99	0.526244
4292.45	0.539561
4312.79	0.540595
4335.85	0.545189
4347.94	0.548637
4355.89	0.553264
4374.78	0.554757
4391.84	0.557668
4397.78	0.565164
4409.2	0.56557
4426.04	0.569206
4437.93	0.572031
4441.59	0.577888
4450.98	0.578901
3823.53	0.523753
3854.53	0.523415
3891.42	0.52323
3905.26	0.526736
3937.89	0.526452
3980.17	0.527414
4019.25	0.528314
4058.16	0.52884
4094.32	0.530133
4127.22	0.531711
4155.46	0.532427
4166.51	0.535818
4186.74	0.535767
4214.69	0.538175
4241.23	0.539588
4265.73	0.541264
4287.95	0.542962
4312.64	0.543482
4333.94	0.544062
4342.03	0.544815
4350.22	0.544699
3844.85	0.5239
3882.95	0.524312
3905.54	0.525757
3928.88	0.52519
3973.85	0.52518
3996.25	0.526021
4015.64	0.525843
4049.67	0.526106
4071.74	0.52693
4087.62	0.528811
4120.26	0.530038
4142.25	0.531412
4156.24	0.534727
4185.33	0.535659
4206.86	0.537164
4219.47	0.541204
4245.27	0.542063
4264.38	0.544044
4274.56	0.549319
4296.6	0.549941
4314	0.551039
4322.9	0.553412
4340.88	0.553748
4355.29	0.554514
4358.45	0.554327
3992.11	0.527849
4019.55	0.527904
4055.16	0.529418
4089.19	0.531696
4118.53	0.53295
4130.38	0.53921
4154.7	0.539205
4188.09	0.54179
4218.64	0.544634
4245.13	0.54822
4258.29	0.550514
4273.21	0.550309
4296.4	0.552871
4317.1	0.555588
4339.09	0.557422
4352.43	0.558658
4360.15	0.56211
4376.89	0.562927
4393.61	0.565585
4410.1	0.568576
4422.12	0.570909
4426.82	0.577713
4438.06	0.578279
4396.86	0.551634
4400.14	0.557416
4407.85	0.557678
4412.41	0.557363
4415.33	0.562604
4423.03	0.563962
4428.06	0.567001
4431.28	0.579646
4438.4	0.582072
4443.55	0.587348
4446.89	0.598183
4453.21	0.601753
4458.62	0.606543
4462.26	0.622787
4467.92	0.629972
4472.98	0.630328
4477.25	0.640558
4482.07	0.650591
4486.57	0.651136
4490.42	0.670069
4494.28	0.68691
4498.04	0.689676
4501.2	0.700446
4504.54	0.708078
4505.45	0.708606
3632.47	0.475067
3645.5	0.479592
3674.63	0.479122
3689.76	0.493496
3721.48	0.493083
3737.6	0.490543
3757.56	0.489822
3782.87	0.489194
3796.16	0.497806
3824.98	0.497761
3838.95	0.514087
3859.05	0.515692
3880.8	0.515161
3895.17	0.514975
3922.18	0.514607
3934.83	0.51535
3953.69	0.516931
3970.67	0.518122
3980.29	0.51847
4004.19	0.517945
4015.27	0.505291
4028.99	0.501156
4038.16	0.494821
3934.7	0.529531
3969.62	0.529515
4002.21	0.529256
4011.18	0.529286
4041.21	0.52907
4078.24	0.530774
4105.05	0.531448
4115.87	0.537732
4143.81	0.537889
4173.16	0.539726
4192.17	0.540487
4200.89	0.54431
4227.1	0.544801
4256.7	0.545852
4271.84	0.546636
4283.11	0.547815
4307.07	0.548526
4330.1	0.550011
4341.27	0.551019
4354.35	0.550807
4376.36	0.551545
4390.91	0.551787
4392.66	0.551289
4392.68	0.551496
3847.88	0.520811
3877.78	0.521029
3922.64	0.522187
3966.08	0.523834
4007.02	0.526043
4045.74	0.528327
4082.29	0.530724
4117.55	0.532691
4151.14	0.534773
4183.12	0.536698
4213.6	0.538377
4242.36	0.539944
4268.34	0.541829
4292.7	0.543484
4307.07	0.544243
4316.12	0.54727
4336.13	0.547978
4356.29	0.549191
4375.78	0.549898
4391.09	0.550756
4389.65	0.551714
4391.18	0.552552
4400.72	0.552889
4404.83	0.557047
4411.79	0.55929
4418.44	0.559475
4422.39	0.566555
4431.06	0.567385
4434.71	0.57547
4440.8	0.577312
4446.68	0.577212
4450.25	0.586222
4457.21	0.587654
4460.36	0.594856
4464.64	0.600607
4468.8	0.60129
4470.85	0.604939
4475.92	0.606934
4478.12	0.624819
4481.17	0.61548
4484.13	0.612143
4486.18	0.525887
4490.37	0.504366
4492.3	0.534255
4496.25	0.458267
4498.39	0.450096
4229.95	0.549718
4250.54	0.550629
4273.77	0.552705
4296.85	0.554759
4313.44	0.555939
4322.75	0.559644
4340.73	0.560559
4359.54	0.563623
4377.16	0.566414
4392.09	0.568464
4398.29	0.576177
4410.69	0.576941
4425.17	0.581571
4439.82	0.58399
4454.95	0.585076
4460.09	0.584175
4469.82	0.583405
4481.74	0.580336
4491.57	0.566898
4500.21	0.53008
4505.94	0.475513
4510.08	0.443123
4515.24	0.408132
3521.15	0.521436
3567.47	0.521347
3622.88	0.521538
3677.97	0.521835
3729.22	0.523319
3779.56	0.524231
3826.11	0.526227
3870.6	0.527607
3897.98	0.528004
3917.85	0.531992
3957.13	0.532379
3996.53	0.533576
4035.91	0.534142
4073.5	0.535261
4108.96	0.536523
4141.7	0.537883
4170.29	0.539572
4199.35	0.539898
4223.38	0.539628
4232.99	0.541247
4248.55	0.541169
3656.97	0.523932
3691.2	0.523659
3741.32	0.524682
3788.21	0.526294
3833.24	0.52772
3876.61	0.529156
3919.42	0.530122
3960.89	0.531247
4000.46	0.532545
4038.76	0.533506
4075.63	0.534377
4110.86	0.535167
4139.94	0.535512
4150.78	0.540767
4173.2	0.540734
4202.85	0.542407
4230.27	0.54343
4260.49	0.543588
4286.64	0.544602
4309.94	0.545479
4325.46	0.545896
3381.95	0.410455
3427.1	0.412295
3482.41	0.417496
3517.14	0.421564
3539.04	0.443386
3591.6	0.444204
3647.14	0.44607
3701.6	0.448633
3752.8	0.450993
3775.38	0.459226
3805.27	0.458697
3855.98	0.459925
3904.62	0.460841
3951.09	0.46213
3989.33	0.462786
4004.7	0.471558
4035.58	0.471202
4077.07	0.470405
4109.73	0.467515
4135.77	0.467139
4105.29	0.537551
4105.43	0.5379
4132.22	0.538381
4162.93	0.539732
4183.31	0.540665
4192.29	0.546905
4217.8	0.547543
4244.93	0.550044
4264.48	0.551377
4271.85	0.559935
4292.71	0.560336
4316.48	0.562027
4334.78	0.562915
4341.19	0.567678
4357.58	0.568269
4377.58	0.57223
4392.38	0.577173
4399.49	0.582793
4413.66	0.583369
4430.98	0.589296
4444.88	0.59395
4448.35	0.602592
4456.15	0.604604
4463.11	0.616596
4069.77	0.557133
4091.42	0.557211
4122.77	0.558644
4153.46	0.560205
4184.57	0.561224
4213.87	0.563321
4241.83	0.565227
4268.81	0.566912
4292.81	0.569859
4316.23	0.572187
4337.67	0.576042
4358.31	0.579573
4377.08	0.58488
4396.78	0.588247
4415.77	0.59269
4432.93	0.598549
4448.04	0.61122
4461.27	0.627221
4471.2	0.6447
4477.47	0.656696
2855.37	0.465623
2859.61	0.466494
2877.21	0.466309
2952.88	0.466664
3002.22	0.466699
3021.8	0.481721
3091.02	0.481354
3152.14	0.481109
3172.49	0.495845
3230.32	0.495286
3295.04	0.496627
3318.53	0.506843
3364.06	0.506135
3431.35	0.507904
3465.04	0.508936
3492.89	0.511007
3554.39	0.510764
3597.07	0.510696
3616.28	0.519121
3666.44	0.51869
3711.2	0.518584
3725.64	0.524095
3762.22	0.523623
3798	0.523347
4017.46	0.529388
4046.05	0.531226
4068.22	0.532784
4083.08	0.53907
4114.99	0.53982
4146.26	0.542487
4177.87	0.544094
4194.23	0.545179
4208.22	0.546105
4234.35	0.548142
4261.16	0.550104
4285.28	0.552986
4296.34	0.555732
4309.22	0.555621
4330.65	0.558398
4351.06	0.561073
4370.37	0.56301
4378.61	0.56688
4390.53	0.567011
4407.55	0.570335
4423.04	0.572648
4433.57	0.573579
2818.99	0.528415
2881.55	0.52756
2964.31	0.526881
3047.05	0.525734
3127.97	0.524765
3207.11	0.523875
3283.02	0.523386
3355.78	0.523039
3425.51	0.522801
3492.06	0.522712
3554.63	0.52293
3613.88	0.523073
3669.4	0.523405
3725.26	0.522885
3778.21	0.522677
3827.91	0.522441
3875.81	0.52191
3922.16	0.521135
3959.42	0.520554
3986.68	0.520458
2949.22	0.526826
2978.61	0.525681
3051.67	0.524656
3081.28	0.524339
3132.31	0.5233
3205.93	0.521767
3237.06	0.520087
3280.17	0.519087
3349.79	0.51806
3384.85	0.516908
3421.56	0.515922
3488.85	0.51499
3525.73	0.513775
3555.21	0.512691
3614.51	0.511846
3651.91	0.510804
3676.03	0.509804
3727.42	0.509293
3762.87	0.50867
3781.56	0.508525
3826.45	0.507883
3860.79	0.507053
3876.51	0.505795
3913.09	0.505585
3941.5	0.505942
3946.01	0.508769
4099.5	0.54513
4103.12	0.544847
4129.83	0.545947
4159.68	0.547145
4189.72	0.548321
4218.25	0.550358
4245.09	0.552618
4270.6	0.554738
4292.94	0.557905
4314.69	0.560492
4334.85	0.56381
4358.12	0.565448
4374.64	0.566785
4381.95	0.577214
4399.01	0.578526
4417.5	0.583496
4434	0.589124
4447.91	0.596573
4460.54	0.607902
4471.21	0.627217
4479.27	0.645674
4278.99	0.549177
4291.02	0.549276
4313.06	0.551433
4334.79	0.55359
4356.8	0.555188
4377.93	0.557113
4393.62	0.558345
4399.96	0.565731
4412.78	0.566769
4429.08	0.568234
4443.77	0.569311
4456.67	0.568284
4467.74	0.56211
4477	0.544653
4484.97	0.500185
4491.79	0.408719
4500.32	0.354125
4508.19	0.329622
4513.91	0.322011
4515.9	0.318986
3750.82	0.518657
3789.41	0.518638
3832.91	0.518546
3867.52	0.518117
3881.1	0.519069
3914.44	0.518817
3953.05	0.52053
3995.66	0.521115
4021.7	0.521556
4037.08	0.526146
4071.88	0.526815
4107.17	0.529601
4138.68	0.532012
4151.66	0.537139
4170.39	0.536993
4200.38	0.539059
4228.95	0.54058
4251.7	0.541168
4259.86	0.54436
4280.6	0.544335
4305.5	0.545272
4323.33	0.54576
3927.73	0.529209
3939.93	0.530035
3965.27	0.529662
4001.62	0.530397
4015.12	0.535703
4047.26	0.535456
4077.79	0.536421
4092.64	0.540441
4122.95	0.54019
4145.64	0.539968
4160.25	0.539184
4190.04	0.539327
4204.71	0.539422
4221.9	0.539065
4246.54	0.539944
4256.63	0.541506
4275.38	0.541532
4298.08	0.543154
4308.33	0.54681
4329	0.547152
4346.21	0.54835
4355.79	0.549503
4374.86	0.550085
4386.44	0.551037
4396.42	0.551145
4413.38	0.552483
4420.94	0.553262
4426.06	0.553293
4175.56	0.519052
4178.29	0.519144
4195.15	0.519386
4205.64	0.523655
4219.04	0.526259
4229.61	0.530244
4240.35	0.536411
4254.25	0.536439
4262.53	0.543009
4277.71	0.543206
4286.55	0.545164
4299.39	0.54596
4309.59	0.547099
4319.77	0.547783
4332.03	0.547682
4340.22	0.550511
4352.47	0.550836
4359.28	0.554854
4370.22	0.55582
4377.26	0.558782
4385.85	0.560452
4395.55	0.56034
4402.12	0.556839
4411.65	0.556336
4414.91	0.540356
4020.82	0.529198
4042.05	0.529665
4052.28	0.537956
4082.09	0.538319
4115.07	0.539641
4146.27	0.541091
4177.71	0.542025
4206.84	0.543881
4234.99	0.545333
4259.37	0.547657
4280.5	0.550254
4301.22	0.551756
4323.98	0.55292
4346.35	0.554217
4362.1	0.555128
4368.8	0.560866
4385.72	0.561594
4403.98	0.564742
4420.16	0.567665
4430.07	0.569956
2749.53	0.508721
2773.74	0.507395
2829.34	0.506989
2862.79	0.510557
2945.03	0.509443
3013.41	0.508122
3040.57	0.513666
3109.86	0.512569
3185.97	0.510679
3215.74	0.50805
3273.75	0.506855
3349.88	0.504372
3385.29	0.50189
3425.34	0.500811
3495.89	0.499791
3540.56	0.498387
3565.38	0.496724
3623.47	0.496056
3672.09	0.495446
3691.67	0.500534
3737.74	0.500123
3785.92	0.501224
3804.71	0.506772
3839.8	0.50615
3871.23	0.503842
3313.06	0.50978
3321.59	0.509504
3362.99	0.508766
3432.18	0.508357
3496.6	0.508088
3523.6	0.512337
3562.38	0.511592
3623.14	0.51494
3679.41	0.517903
3707.88	0.519259
3739.38	0.518501
3794.12	0.520483
3845.23	0.522584
3872.85	0.523395
3896.5	0.525138
3938.41	0.525847
3980.81	0.526295
4006.98	0.526386
4025.23	0.528027
4063.1	0.527447
4100.34	0.525715
4121.62	0.523346
4133.87	0.519806
4156.29	0.519738
3457.66	0.521869
3512.34	0.521866
3571.06	0.52171
3628.53	0.521696
3683.43	0.522075
3736.21	0.52246
3784.68	0.523675
3830.84	0.524576
3875.53	0.525176
3915.38	0.526871
3949.95	0.527221
3965.92	0.533174
3996.82	0.532984
4036.06	0.534536
4073.62	0.534895
4109.42	0.535184
4143.63	0.535298
4173.8	0.535586
4202.88	0.53574
4227.41	0.535866
