2776.99	0.339479
2786.39	0.349427
2805.34	0.352894
2833.41	0.354648
2869.37	0.355665
2911.57	0.356246
2958.39	0.356547
3008.43	0.356662
3060.57	0.356655
3113.94	0.356571
3167.88	0.35644
3221.88	0.356285
3275.48	0.356122
3328.2	0.355967
3379.36	0.355823
3428.11	0.355327
3475.18	0.355322
3520.73	0.355351
3564.47	0.355382
3606.04	0.355282
3645.3	0.355146
3682.53	0.355186
3718.03	0.355262
3751.99	0.35529
3784.57	0.355242
3815.76	0.355094
3845.11	0.354831
3870.13	0.351958
3894.41	0.351584
3917.48	0.35117
3939.3	0.350557
3959.83	0.349713
3979	0.348605
3996.94	0.347208
4013.85	0.345502
4030.04	0.343493
4045.89	0.341227
4061.1	0.338695
4075.55	0.335947
4089.19	0.333044
4102.03	0.330054
4114.07	0.327033
4125.28	0.324016
4135.6	0.320999
4144.95	0.317938
4153.2	0.314755
4160.2	0.311353
4165.75	0.307654
4169.64	0.303702
4171.65	0.300544
2766.69	0.343976
2776.1	0.357915
2795.44	0.365325
2824.64	0.370683
2862.15	0.374826
2905.88	0.377941
2953.99	0.38021
3005.05	0.381786
3057.95	0.382827
3111.89	0.383475
3166.26	0.383846
3220.63	0.384022
3274.64	0.384047
3327.95	0.383909
3379.92	0.383534
3427.86	0.380677
3474.75	0.380554
3520.52	0.380634
3564.57	0.380682
3606.23	0.38021
3645.18	0.379594
3682.1	0.379849
3717.35	0.38044
3751.15	0.381261
3783.68	0.382255
3815.29	0.383302
3847.11	0.38392
3868.54	0.37301
3893.3	0.36955
3916.38	0.369496
3938.23	0.369341
3958.82	0.368826
3977.84	0.367787
3995.56	0.366344
4012.15	0.364428
4027.96	0.362089
4044.07	0.359494
4059.38	0.355758
4073.84	0.351091
4087.46	0.345764
4100.27	0.340133
4112.28	0.334605
4123.5	0.329535
4133.87	0.325092
4143.3	0.321242
4151.65	0.317808
4158.76	0.314557
4164.45	0.311283
4168.44	0.307878
4170.52	0.304893
2746.1	0.349078
2755.19	0.368327
2774.98	0.381221
2806.82	0.391606
2847.87	0.400411
2894.86	0.40854
2945.63	0.414808
2998.72	0.41946
3053.1	0.422786
3108.11	0.425092
3163.28	0.426646
3218.28	0.427648
3272.97	0.428208
3327.46	0.428273
3382.73	0.427388
3426.97	0.414461
3473.66	0.414096
3520.19	0.413985
3565.18	0.413343
3607.17	0.410996
3645.14	0.407702
3681.34	0.407303
3716.11	0.407648
3749.53	0.408467
3781.65	0.409653
3812.54	0.411222
3842.27	0.413485
3869.3	0.418395
3891.64	0.408447
3914.33	0.404012
3936.21	0.405056
3957.21	0.405904
3975.8	0.403728
3993.16	0.403232
4009.08	0.402624
4023.4	0.402332
4040.87	0.404067
4056.33	0.400205
4070.74	0.39269
4084.26	0.382329
4096.95	0.37008
4108.87	0.357334
4120.06	0.345578
4130.48	0.335673
4140.05	0.328167
4148.58	0.322846
4155.93	0.319032
4161.95	0.31606
4166.2	0.313358
4168.39	0.310951
2715.55	0.353547
2722.95	0.379276
2741.81	0.398782
2779.07	0.415351
2826.53	0.428498
2879.01	0.438157
2933.96	0.444781
2990.05	0.449016
3046.58	0.451504
3103.09	0.452777
3159.3	0.453229
3215.05	0.453138
3270.23	0.452695
3324.86	0.452041
3379.02	0.451358
3422.16	0.449555
3471.22	0.448196
3519.83	0.448233
3567.2	0.446896
3610.51	0.442593
3645.17	0.440636
3680.25	0.439481
3714.41	0.43927
3747.38	0.439767
3779	0.440997
3809.09	0.443255
3838.2	0.447092
3865.33	0.452888
3889.07	0.460919
3912.76	0.465097
3933.95	0.466465
3957.56	0.471318
3974.08	0.460952
3991.44	0.462184
4007.57	0.466032
4022.85	0.468086
4038.33	0.463794
4053.03	0.462762
4067.22	0.460842
4080.49	0.454892
4092.84	0.442826
4104.34	0.422628
4115.28	0.394715
4125.64	0.367307
4135.32	0.346307
4144.05	0.332694
4151.7	0.32541
4158.42	0.321885
4163.12	0.319352
4165.53	0.317288
2676.73	0.354076
2678.64	0.386722
2688.99	0.420719
2740.21	0.44022
2799.44	0.454003
2859.96	0.463031
2920.31	0.468616
2980.09	0.471909
3039.12	0.473751
3097.35	0.474701
3154.73	0.47512
3211.24	0.475242
3266.83	0.475229
3321.46	0.475222
3374.98	0.475411
3427.04	0.476121
3467.86	0.473975
3519.28	0.474145
3571.82	0.47331
3610.85	0.48101
3644.65	0.47624
3679.11	0.475542
3712.98	0.475499
3745.74	0.475784
3777.1	0.476415
3805.57	0.477506
3835.41	0.479878
3862.56	0.483811
3887.54	0.488062
3911.36	0.490793
3934.27	0.493281
3952.91	0.491447
3972.93	0.495152
3989.36	0.495599
4005.44	0.498314
4020.76	0.499493
4035.34	0.498801
4049.24	0.499781
4063.88	0.504122
4077.2	0.507615
4089.44	0.509625
4100.37	0.507504
4110.56	0.495976
4120.14	0.463922
4129.57	0.407981
4138.26	0.35654
4145.79	0.336021
4154.23	0.329837
4159.58	0.326454
4162.24	0.324211
2635.1	0.352653
2625.1	0.381514
2594.24	0.434891
2692.5	0.463373
2770.24	0.473991
2840.23	0.479621
2906.34	0.482343
2969.92	0.483467
3031.48	0.483758
3091.39	0.483653
3149.9	0.483388
3207.14	0.48309
3263.15	0.482835
3317.84	0.482678
3371.04	0.482678
3422.29	0.482907
3470.6	0.483467
3516.08	0.483333
3562.37	0.484096
3603.78	0.48688
3641.4	0.488918
3677.27	0.491477
3711.66	0.493951
3744.61	0.496419
3776.25	0.498942
3807.2	0.501315
3833.65	0.500514
3860.31	0.502973
3885.51	0.505605
3909.21	0.507947
3931.53	0.510342
3952.43	0.513324
3969.96	0.5131
3986.81	0.514872
4003.01	0.518165
4018.22	0.521631
4034.8	0.52566
4046.44	0.527954
4060.54	0.532783
4073.83	0.537745
4086.49	0.543089
4096.89	0.548591
4107.14	0.552983
4116.26	0.547519
4125.02	0.520766
4133.06	0.464949
4142.43	0.372337
4150.56	0.342998
4156.06	0.335072
4158.88	0.33172
2602.66	0.350168
2591.76	0.37328
2566.62	0.455245
2663.93	0.482017
2747.71	0.485448
2823.34	0.486408
2893.86	0.486057
2960.67	0.485158
3024.33	0.484136
3085.61	0.483192
3145.06	0.482397
3202.96	0.481774
3259.38	0.481332
3314.29	0.481077
3367.55	0.481015
3418.96	0.481156
3468.48	0.481514
3510.52	0.481763
3556.19	0.482124
3598.9	0.483099
3638.31	0.484365
3675.28	0.486115
3710.18	0.488234
3743.18	0.490638
3774.51	0.493208
3804.38	0.495825
3832.18	0.498399
3858.94	0.501549
3884.28	0.50475
3907.71	0.508032
3929.55	0.511346
3949.91	0.514741
3968.42	0.518394
3985.42	0.522712
3999.71	0.526448
4017.94	0.531209
4031.45	0.533546
4044.55	0.537907
4056.97	0.54309
4069.73	0.548714
4083.85	0.557693
4095.65	0.568992
4105.48	0.58139
4113.84	0.597684
4121.64	0.613719
4129.65	0.565696
4139.01	0.416145
4147.18	0.356406
4152.69	0.343277
4155.71	0.338635
2580.42	0.34565
2572.03	0.363435
2555.15	0.469569
2647.51	0.491103
2732.06	0.490383
2810.33	0.489123
2883.86	0.487708
2953.31	0.486369
3018.25	0.485233
3080.3	0.484361
3140.36	0.483715
3198.77	0.483268
3255.61	0.483011
3310.81	0.482949
3364.26	0.483088
3415.86	0.483444
3465.7	0.484018
3514.27	0.484779
3551.19	0.483378
3595.5	0.483821
3635.82	0.48535
3673.52	0.487246
3708.77	0.489436
3741.57	0.491926
3772.39	0.494689
3801.77	0.497647
3829.93	0.500751
3857.18	0.503895
3883.17	0.507032
3906.04	0.510359
3927.32	0.514092
3947.5	0.518024
3966.69	0.522226
3983.16	0.524745
3999.49	0.527995
4014.81	0.528617
4029.35	0.529363
4043.81	0.532252
4056.52	0.538045
4070.54	0.545941
4083.63	0.556513
4094.92	0.570382
4104.71	0.587536
4111.54	0.612318
4120.18	0.611189
4128.32	0.516141
4136.75	0.409549
4144.24	0.362465
4149.34	0.348888
4152.98	0.343763
2565.92	0.337046
2560.12	0.351071
2549.06	0.481121
2637.57	0.498634
2721.34	0.497138
2800.74	0.495788
2876.62	0.494613
2949.14	0.493522
3013.72	0.491876
3075.59	0.491241
3135.86	0.490863
3194.66	0.49066
3251.92	0.490606
3307.49	0.490698
3361.19	0.490947
3412.85	0.491382
3462.45	0.492034
3509.9	0.492963
3554.36	0.494394
3594.28	0.493079
3634.15	0.49453
3672.39	0.496285
3707.97	0.498207
3740.12	0.500233
3769.87	0.503056
3798.59	0.506387
3826.75	0.509992
3854.86	0.513598
3883.4	0.516782
3904.19	0.51577
3924.44	0.518124
3944.36	0.519355
3962.19	0.519919
3981.54	0.520929
3998.44	0.523437
4014.03	0.526096
4029.14	0.529007
4042.95	0.533662
4056.91	0.541505
4070.36	0.551441
4083.28	0.563624
4093.79	0.574998
4103.22	0.590942
4111.93	0.622097
4119.48	0.651407
4126.56	0.60908
4134.94	0.457634
4142.82	0.374121
4148.29	0.354672
4151.31	0.347383
2556.54	0.317662
2552.71	0.331776
2545.35	0.497935
2631.04	0.513358
2713.63	0.512069
2793.3	0.511139
2871.34	0.510404
2951.55	0.50939
3010.59	0.503852
3071.15	0.502558
3131.42	0.501932
3190.64	0.501492
3248.43	0.501118
3304.52	0.500801
3358.57	0.500559
3410.29	0.500434
3459.73	0.50049
3506.86	0.500779
3551.42	0.501355
3591.44	0.502167
3632.41	0.503489
3672.19	0.504739
3708.9	0.506167
3739.37	0.505769
3766.68	0.506655
3794.26	0.508855
3821.94	0.508883
3850.43	0.510379
3876.86	0.511586
3899.64	0.510998
3920.12	0.51108
3941.76	0.51284
3961.41	0.515512
3980.49	0.51891
3995.38	0.52159
4013	0.525608
4028.65	0.531433
4043.5	0.538976
4055.95	0.545803
4068.84	0.552225
4081.12	0.561077
4092.98	0.573414
4103.13	0.590994
4111.78	0.622385
4119.02	0.653066
4125.74	0.620228
4133.85	0.468725
4141.73	0.377744
4147.23	0.356562
4150.1	0.348663
2550.18	0.28342
2547.91	0.303984
2542.93	0.502761
2626.44	0.515015
2707.57	0.512696
2786.21	0.510416
2862.5	0.508201
2936.05	0.505975
3001.95	0.503408
3065.23	0.502049
3126.93	0.500945
3187.19	0.500009
3245.96	0.499249
3303.07	0.49869
3357.99	0.49837
3409.68	0.498431
3459	0.498702
3506.31	0.499182
3551.8	0.499884
3596.45	0.500759
3630.83	0.501493
3675.31	0.503053
3706.65	0.500319
3736.81	0.501601
3765.55	0.502966
3792.51	0.50476
3822.48	0.506872
3847.7	0.507023
3871.77	0.507695
3895.84	0.508745
3917.5	0.51046
3939.39	0.512825
3959.45	0.516357
3976.21	0.519792
3994.41	0.524085
4012.11	0.529453
4027.14	0.534574
4041.77	0.541275
4055.35	0.547416
4066.51	0.55195
4080.25	0.560351
4091.95	0.574508
4102.52	0.591618
4111.31	0.622051
4118.49	0.651554
4125.11	0.615238
4133.13	0.464895
4140.91	0.376869
4146.35	0.356305
4149.15	0.348472
2546.06	0.255957
2544.58	0.283556
2541.31	0.502416
2623.04	0.512364
2702.76	0.509857
2780.16	0.50738
2855.04	0.505019
2926.89	0.50277
2994.63	0.500643
3059.57	0.498914
3122.49	0.497445
3183.78	0.496209
3243.67	0.495202
3302.26	0.494438
3359.09	0.493966
3409.85	0.492574
3458.68	0.492794
3505.95	0.493286
3551.33	0.493982
3594.16	0.494853
3634.29	0.495811
3669.92	0.495227
3704.1	0.495977
3734.6	0.498109
3764	0.50059
3791.89	0.50199
3818.27	0.503274
3845.18	0.505517
3870.02	0.508487
3893.65	0.511833
3916.78	0.515484
3937.08	0.517733
3955.81	0.520734
3974.37	0.523381
3992.16	0.525713
4009.73	0.528597
4025.76	0.52937
4041.04	0.532591
4054.96	0.54049
4067.6	0.55087
4079.51	0.5627
4090.16	0.576345
4101.67	0.592328
4110.73	0.621532
4117.93	0.649508
4124.56	0.607663
4132.57	0.458009
4140.27	0.374546
4145.64	0.355176
4148.39	0.347699
2543.7	0.249727
2542.58	0.280326
2540.12	0.510612
2620.48	0.518583
2699.01	0.516267
2775.36	0.514156
2849.27	0.51234
2920.48	0.510855
2988.75	0.509729
3054.5	0.508863
3118.22	0.508172
3180.27	0.507616
3241.09	0.507155
3301.58	0.506699
3364.61	0.505956
3410.3	0.502262
3458.22	0.501867
3505.77	0.501728
3551.66	0.50162
3592.81	0.501086
3631	0.501684
3666.36	0.503039
3703.44	0.504487
3731.72	0.501861
3760.65	0.502226
3789.41	0.503952
3816.52	0.506046
3842.94	0.508388
3867.73	0.511164
3890.23	0.513393
3913.68	0.515195
3934.87	0.517092
3952.37	0.518628
3972.56	0.522242
3990.98	0.524317
4006.7	0.525715
4024.01	0.529518
4039.76	0.534216
4053.94	0.540334
4066.9	0.548793
4078.79	0.561149
4090.01	0.575905
4101.28	0.591657
4110.28	0.620252
4117.45	0.647192
4124.09	0.599957
4132.11	0.451182
4139.74	0.372125
4145.05	0.353904
4147.76	0.346835
2542.23	0.253749
2541.33	0.286506
2539.28	0.517871
2618.68	0.523995
2696.29	0.52152
2771.79	0.519208
2844.99	0.517118
2915.78	0.515246
2984.11	0.513575
3050.19	0.512066
3114.27	0.510701
3176.59	0.509476
3237.39	0.508396
3296.83	0.507468
3354.51	0.506715
3406.25	0.506307
3456.55	0.506468
3506.53	0.506621
3557.82	0.506691
3594.61	0.504135
3630.44	0.504298
3667.78	0.504822
3697.64	0.50603
3731.21	0.508431
3759.73	0.508187
3787.71	0.508861
3814.19	0.509802
3841.4	0.511071
3866.41	0.512437
3890.99	0.514464
3912.11	0.515875
3930.35	0.517406
3948.28	0.517744
3968.47	0.517165
3988.04	0.518443
4005.11	0.520869
4023.28	0.524765
4039.25	0.530728
4053.4	0.538701
4065.82	0.549249
4076.87	0.56122
4090.15	0.574073
4101.16	0.589814
4110	0.61822
4117.05	0.644654
4123.68	0.593254
4131.71	0.445389
4139.28	0.370044
4144.53	0.352769
4147.22	0.346061
2541.37	0.259325
2540.59	0.292514
2538.79	0.517091
2617.63	0.521923
2694.59	0.519435
2769.38	0.517038
2841.95	0.514787
2912.31	0.512688
2980.49	0.51075
3046.59	0.508986
3110.74	0.507407
3173.06	0.506017
3233.6	0.504816
3292.33	0.503793
3348.82	0.502927
3402.17	0.502206
3453.64	0.501828
3504.35	0.501694
3556.3	0.501698
3592	0.498193
3626.34	0.49873
3663.71	0.499949
3701.87	0.501196
3728.16	0.499125
3756.55	0.498554
3786.7	0.500427
3815.97	0.503164
3841.59	0.504157
3865.97	0.507309
3889.75	0.51007
3908.31	0.510483
3927.97	0.510554
3948.54	0.512318
3967.9	0.51534
3985.77	0.519169
4005.8	0.523749
4022.89	0.5256
4038.69	0.530896
4052.7	0.537716
4064.28	0.547529
4078.31	0.558282
4090.69	0.571501
4101.23	0.587551
4109.81	0.61583
4116.71	0.642124
4123.31	0.587739
4131.34	0.440718
4138.86	0.368351
4144.07	0.351819
4146.73	0.345412
2540.98	0.264017
2540.29	0.296182
2538.68	0.507211
2617.44	0.511225
2693.97	0.509116
2768.05	0.507049
2839.95	0.504966
2909.8	0.502972
2977.69	0.501092
3043.64	0.499358
3107.7	0.497792
3169.89	0.496405
3230.18	0.495193
3288.56	0.494138
3344.75	0.493225
3398.39	0.492475
3449.87	0.492003
3499.26	0.49174
3546.29	0.491402
3589.38	0.490091
3617.54	0.489068
3657.14	0.488839
3692.79	0.489142
3722.55	0.488662
3754.54	0.489947
3784.78	0.492697
3814.5	0.495509
3842.97	0.498399
3865.15	0.499198
3885.82	0.501383
3907.82	0.501171
3928.67	0.5043
3949.07	0.507436
3968.67	0.510501
3987.52	0.513732
4006.29	0.517273
4023.68	0.521644
4039.28	0.527471
4053.62	0.534917
4066.7	0.544396
4079.53	0.555511
4091.18	0.569066
4101.29	0.585421
4109.61	0.613503
4116.37	0.639763
4122.93	0.583059
4130.97	0.43683
4138.45	0.366941
4143.62	0.351016
4146.26	0.344862
2540.99	0.269649
2540.39	0.300493
2538.96	0.496766
2618.38	0.49988
2694.68	0.497952
2767.72	0.496233
2838.78	0.494533
2908	0.492855
2975.52	0.491269
3041.2	0.48982
3105.09	0.48853
3167.14	0.487421
3227.16	0.486502
3285.39	0.485762
3341.62	0.485222
3395.11	0.484945
3446.51	0.484931
3494.81	0.485207
3538.47	0.485077
3580.01	0.485036
3616.97	0.485459
3652.67	0.484899
3687.76	0.486226
3720.57	0.487534
3752.39	0.489338
3781.51	0.491602
3812.42	0.494386
3841.85	0.497315
3864.29	0.497398
3884.1	0.498636
3906.65	0.501738
3928.07	0.504891
3948.65	0.507773
3968.45	0.51057
3987.58	0.513552
4006.35	0.516974
4024.43	0.521151
4039.31	0.526279
4053.92	0.533479
4067.47	0.542468
4080.04	0.553506
4091.34	0.567146
4101.17	0.583721
4109.3	0.611554
4115.95	0.637642
4122.5	0.578644
4130.55	0.433227
4138.02	0.365675
4143.17	0.350298
4145.8	0.344373
2541.28	0.278771
2540.87	0.318729
2539.75	0.494009
2621.32	0.495828
2697.48	0.493086
2768.2	0.490617
2838.19	0.48903
2906.6	0.487551
2973.82	0.48618
3039.13	0.48496
3102.87	0.483907
3164.9	0.483033
3224.36	0.482374
3282.59	0.481897
3339.59	0.481606
3392.23	0.480351
3444.53	0.479907
3488.89	0.47933
3533.9	0.479692
3575.13	0.480626
3613.23	0.482009
3649.28	0.483917
3684.61	0.486255
3718.21	0.488863
3750.45	0.491697
3781.79	0.494605
3809.94	0.495613
3838.36	0.497801
3859.18	0.4986
3881.46	0.500584
3904.86	0.503231
3926.57	0.506139
3947.31	0.508853
3967.15	0.511577
3986.26	0.514605
4005.32	0.518122
4024.46	0.522258
4037.75	0.526165
4053.43	0.532665
4067.35	0.541297
4079.93	0.552214
4091.1	0.565869
4100.78	0.582578
4108.8	0.61017
4115.39	0.635742
4121.98	0.573942
4130.09	0.429494
4137.55	0.364438
4142.7	0.349614
4145.32	0.343914
2541.64	0.289324
2541.42	0.346548
2541.03	0.501869
2628.51	0.502061
2704.59	0.498871
2768.24	0.495276
2837.93	0.493311
2905.11	0.491736
2972.66	0.49049
3037.22	0.489355
3100.88	0.488506
3163.69	0.487821
3221.21	0.486529
3279.4	0.486118
3332.75	0.485784
3390.29	0.486179
3448.18	0.486312
3488.91	0.480884
3531.31	0.481108
3571.62	0.481713
3609.75	0.482688
3644.81	0.48389
3681.38	0.485896
3715.4	0.488223
3747.63	0.49073
3778.13	0.493349
3806.34	0.496076
3833.2	0.499087
3857.29	0.502072
3881.93	0.505138
3903.03	0.505916
3924.34	0.508148
3945.15	0.510024
3964.86	0.512008
3983.25	0.514618
4002.41	0.51797
4021.42	0.521981
4038.54	0.527277
4052.82	0.532082
4066.7	0.540701
4079.32	0.551555
4090.47	0.565194
4100.1	0.581992
4108.06	0.609497
4114.65	0.63406
4121.34	0.568554
4129.55	0.425389
4137.04	0.363178
4142.2	0.348939
4144.83	0.343471
2541.82	0.289234
2541.55	0.333815
2540.59	0.503384
2623.98	0.504548
2700.73	0.502108
2773.46	0.500067
2839.04	0.497319
2902	0.495103
2973.2	0.492798
3034.87	0.490711
3098.34	0.489447
3156.27	0.488136
3218.05	0.487152
3276.21	0.486513
3331.52	0.486143
3386.28	0.485966
3438.95	0.485937
3485.65	0.486188
3530.2	0.487345
3569.59	0.487872
3607.08	0.489807
3644.67	0.492001
3678.88	0.491811
3712.56	0.493587
3744.72	0.495429
3774.95	0.497316
3802.29	0.49938
3825.37	0.501252
3853.11	0.502736
3878.11	0.504321
3900.87	0.505824
3921.37	0.507645
3943.05	0.509356
3962.81	0.511759
3981.31	0.514649
3997.87	0.517815
4018.44	0.521321
4036.27	0.526113
4051.12	0.532951
4065.4	0.540717
4078.29	0.551409
4089.51	0.56506
4099.1	0.581997
4107.04	0.609784
4113.72	0.63261
4120.59	0.562454
4128.95	0.420985
4136.5	0.361922
4141.68	0.34829
4144.31	0.343056
2541.84	0.296193
2541.64	0.350793
2540.86	0.512005
2624.94	0.512581
2699.79	0.509949
2773.19	0.507742
2839.03	0.506381
2908.23	0.504726
2967.62	0.503228
3031.17	0.502561
3096.34	0.501698
3157.16	0.500747
3216.94	0.499647
3274.31	0.498969
3329.24	0.498707
3382.66	0.498756
3433.98	0.499357
3482.87	0.500626
3532.56	0.501465
3567.79	0.498822
3602.59	0.499965
3640.71	0.502058
3676.15	0.504403
3710.38	0.506799
3743.14	0.50899
3774.7	0.510148
3799.46	0.508798
3825.36	0.510511
3851.37	0.511673
3876.06	0.513411
3899.36	0.515282
3921.77	0.517006
3941.13	0.517269
3960.29	0.518868
3977.48	0.521232
3998.06	0.522697
4016.37	0.524918
4035.1	0.529137
4051.86	0.535797
4063.6	0.542
4077.04	0.551893
4088.28	0.5656
4097.79	0.582811
4105.63	0.611731
4112.62	0.631616
4119.76	0.556214
4128.32	0.416792
4135.93	0.360805
4141.14	0.347735
4143.78	0.342711
2541.67	0.308583
2541.59	0.385587
2542.03	0.513419
2634.05	0.512495
2699.28	0.511383
2764.6	0.509695
2836.58	0.508129
2905.62	0.506322
2971.37	0.504723
3038.57	0.503369
3097.41	0.502514
3157.78	0.50204
3216.88	0.501729
3273.43	0.501118
3327.02	0.500702
3379.66	0.500447
3429.94	0.500393
3477.71	0.500561
3523.42	0.500865
3563.94	0.501394
3603.16	0.502718
3637.83	0.501928
3673.07	0.502484
3705.75	0.502792
3738.84	0.503387
3769.62	0.503998
3797.5	0.504618
3823.36	0.506401
3850.02	0.508318
3874.59	0.51053
3897.77	0.512718
3919.53	0.514954
3939.6	0.517431
3959.68	0.520442
3978.71	0.52423
3998.25	0.528645
4017.49	0.534025
4034.02	0.536009
4049.96	0.54231
4064.19	0.550532
4076.03	0.558932
4086.9	0.571188
4096.18	0.586772
4103.5	0.615628
4111.47	0.631183
4118.96	0.551571
4127.69	0.413863
4135.36	0.360049
4140.59	0.347372
4143.25	0.342496
2541.01	0.295488
2540.72	0.351839
2539.86	0.507153
2621.74	0.507935
2694.82	0.504851
2765.22	0.502505
2835.94	0.500776
2905.15	0.499093
2972.43	0.49761
3038.33	0.496418
3100.73	0.495451
3161.27	0.49489
3217.98	0.494415
3274.09	0.494239
3324.33	0.494461
3377.5	0.494785
3426.91	0.494779
3473.06	0.494463
3517.88	0.494046
3559.86	0.493197
3598.14	0.492532
3635.12	0.492904
3670.3	0.494272
3703.89	0.495857
3736.46	0.497831
3767.36	0.499895
3796.13	0.502218
3824.45	0.504693
3849.07	0.505644
3872.85	0.507287
3895.94	0.508722
3917.32	0.510071
3936.39	0.511724
3958.44	0.513008
3977.71	0.515388
3996.98	0.518509
4015.92	0.522183
4033.1	0.526649
4049.08	0.53302
4063.29	0.541318
4075.12	0.552629
4086.31	0.56532
4095.99	0.582199
4103.95	0.610661
4111.05	0.629356
4118.37	0.550723
4127.12	0.413029
4134.81	0.359698
4140.07	0.347173
4142.73	0.342372
2540.27	0.282346
2539.82	0.319521
2538.51	0.500891
2617.12	0.503176
2691.97	0.5007
2764.41	0.498549
2835.59	0.496705
2905.33	0.495047
2973.55	0.493562
3040.22	0.492221
3104.5	0.491011
3163.89	0.489883
3220.91	0.489381
3277.36	0.489113
3328.67	0.487143
3377.55	0.485883
3423.3	0.484671
3471.11	0.483318
3515.07	0.483894
3556.72	0.484642
3595.33	0.485745
3632.47	0.487286
3667.38	0.489169
3701.28	0.491187
3734	0.493365
3765.49	0.495634
3793.5	0.496278
3821.5	0.497576
3847.39	0.498444
3872.73	0.499933
3896.39	0.502709
3918.43	0.505475
3939.09	0.508215
3959.56	0.510898
3978.45	0.513988
3994.19	0.517914
4014.24	0.522016
4031.48	0.527385
4048.04	0.534042
4062.84	0.54255
4076.14	0.553192
4085.33	0.564243
4095.52	0.58034
4103.69	0.606991
4110.6	0.627112
4117.86	0.549068
4126.61	0.411448
4134.3	0.358848
4139.56	0.346586
4142.24	0.341931
2539.67	0.275325
2539.15	0.30717
2537.8	0.503308
2615.18	0.506103
2690.4	0.503886
2763.69	0.501801
2835.43	0.499853
2905.76	0.498039
2974.84	0.496357
3043.11	0.494812
3111.72	0.493384
3167.44	0.49001
3222.9	0.488655
3276.23	0.487183
3329.87	0.485867
3379.9	0.485388
3428.85	0.485452
3471.26	0.48441
3512.84	0.484501
3554.88	0.484298
3592.24	0.485635
3630.26	0.487488
3663.7	0.487748
3698.07	0.489124
3730.98	0.490165
3760.37	0.49107
3791.22	0.492656
3819.85	0.495024
3846.78	0.497601
3872.49	0.500284
3896.72	0.502972
3919.17	0.505645
3940.27	0.508468
3960.53	0.511483
3978.86	0.513259
3996.35	0.516404
4013.55	0.520368
4028.71	0.525988
4046.88	0.532128
4062.01	0.539997
4075.07	0.550206
4086.11	0.563137
4095.08	0.577982
4103.12	0.603804
4110.01	0.622647
4117.39	0.540744
4126.18	0.40489
4133.81	0.356058
4139.08	0.34472
4141.77	0.34051
2539.28	0.273963
2538.76	0.308125
2537.45	0.509818
2614.36	0.512571
2689.69	0.51024
2763.36	0.50802
2835.49	0.505923
2906.17	0.503956
2975.6	0.502149
3044.22	0.50051
3113.33	0.499023
3169.22	0.497311
3225.42	0.496603
3280.3	0.495883
3333.1	0.495176
3381.7	0.494533
3428.46	0.494555
3472.76	0.495006
3517.27	0.495589
3555.97	0.495844
3586.76	0.492914
3624.41	0.492933
3660.94	0.494071
3695.42	0.495257
3728.19	0.49659
3759.19	0.498165
3789.3	0.499562
3818.09	0.501237
3845.61	0.502945
3871.98	0.504553
3897.06	0.506056
3919.56	0.506017
3940.56	0.507125
3959.61	0.50863
3979.23	0.510592
3997.39	0.513636
4014.62	0.517416
4030.82	0.522248
4046.88	0.528082
4061.38	0.535939
4074.12	0.545998
4085.01	0.55896
4093.81	0.576138
4102.1	0.598883
4109.29	0.60829
4117.05	0.51504
4125.83	0.388754
4133.22	0.350092
4138.6	0.340859
4141.34	0.337537
2539.1	0.274696
2538.59	0.311248
2537.34	0.511782
2614.16	0.514501
2689.59	0.512246
2763.48	0.510109
2835.82	0.508131
2906.61	0.506318
2975.84	0.50467
3043.46	0.503181
3108.92	0.501872
3169.35	0.500954
3227.88	0.500162
3285.01	0.499651
3339.07	0.499616
3383.88	0.498419
3429.04	0.498893
3472.5	0.499343
3511.86	0.49985
3551.98	0.501191
3587.92	0.502669
3624.18	0.503672
3659.66	0.504771
3693.75	0.506296
3726.42	0.508084
3757.67	0.510051
3787.73	0.512033
3816.57	0.51416
3844.52	0.516327
3871.84	0.518319
3899.73	0.519762
3920.49	0.517199
3940.7	0.51838
3960.19	0.520256
3979.26	0.522336
3997.53	0.524748
4014.88	0.527596
4031.19	0.531155
4046.54	0.535343
4060.57	0.540369
4073.11	0.546247
4084.13	0.551946
4093.9	0.553299
4100.99	0.542636
4109.02	0.49625
4117.28	0.412521
4125.42	0.360127
4132.16	0.341604
4138.12	0.33571
4140.97	0.333409
2539.09	0.27556
2538.6	0.312735
2537.38	0.509183
2614.33	0.511742
2689.94	0.509454
2764.02	0.507257
2836.51	0.505193
2907.33	0.503275
2976.4	0.501513
3043.49	0.499922
3108.18	0.498531
3170.03	0.497337
3230.32	0.496376
3291.34	0.495605
3338.06	0.492448
3386.92	0.492021
3430.67	0.490994
3472.7	0.491472
3512.3	0.492287
3550.71	0.493411
3587.3	0.494406
3623.23	0.495597
3658.25	0.496776
3692.01	0.497936
3724.55	0.499082
3755.85	0.500243
3785.83	0.501444
3814.43	0.502633
3842.54	0.503624
3869.6	0.504549
3895.7	0.505186
3919.37	0.504649
3940.19	0.506251
3959.88	0.508426
3978.94	0.510884
3997.52	0.513711
4015.16	0.517435
4031.49	0.522283
4046.67	0.528512
4060.57	0.536529
4073.02	0.546726
4083.98	0.559404
4093.46	0.574004
4101.52	0.584827
4108.43	0.570998
4116.84	0.455848
4125.73	0.361052
4132.87	0.337875
4138.06	0.332292
4140.71	0.330413
2539.24	0.276324
2538.75	0.314377
2537.51	0.515606
2614.78	0.518172
2690.66	0.515822
2764.96	0.513589
2837.59	0.51151
2908.51	0.509593
2977.58	0.507844
3044.5	0.506273
3108.85	0.504893
3170.78	0.503712
3230.46	0.502726
3287.1	0.501945
3339.21	0.501897
3393.51	0.501509
3432.43	0.497777
3473.74	0.497759
3512.34	0.49756
3549.66	0.497741
3585.69	0.498171
3621.55	0.4987
3656.44	0.499311
3689.77	0.500047
3722.22	0.50093
3753.6	0.501934
3783.56	0.503086
3811.04	0.504485
3839.84	0.505976
3866.56	0.507911
3892.3	0.509991
3919.32	0.512001
3939.03	0.510379
3958.42	0.511579
3977.32	0.513315
3996.64	0.515257
4014.9	0.517832
4031.09	0.521615
4046.23	0.525522
4060.12	0.5331
4072.58	0.542883
4083.53	0.555349
4092.95	0.570731
4100.92	0.584414
4108.06	0.54973
4116.7	0.44888
4125.75	0.358311
4132.89	0.336594
4137.83	0.331053
4140.34	0.329095
2539.55	0.276474
2539.06	0.313564
2537.8	0.515269
2615.59	0.517823
2691.88	0.515432
2766.42	0.51316
2839.2	0.511044
2910.29	0.509089
2979.63	0.507299
3046.77	0.505679
3110.59	0.504243
3172.38	0.503018
3232.25	0.501974
3285.99	0.501085
3336.72	0.500686
3385.92	0.50042
3430.83	0.500243
3477.48	0.500517
3512.92	0.499262
3549	0.499721
3582.75	0.500555
3619.72	0.501954
3655.42	0.503156
3687.26	0.502814
3719.93	0.503998
3751.84	0.505184
3782.36	0.506439
3811.88	0.507751
3837.55	0.50745
3862.82	0.508664
3885.95	0.510041
3912.99	0.510934
3935.61	0.511964
3955.87	0.514037
3973.38	0.516892
3995.53	0.520062
4014.89	0.523229
4032.82	0.526534
4045.13	0.529402
4059.22	0.53435
4071.77	0.53946
4082.78	0.542953
4092.34	0.537889
4100.88	0.505661
4109.47	0.431155
4117.06	0.371629
4125.62	0.342777
4132.5	0.333399
4137.3	0.330172
4139.72	0.328714
2540.03	0.276741
2539.53	0.312644
2538.25	0.514923
2616.87	0.517501
2693.73	0.515151
2768.48	0.512967
2841.29	0.510958
2912.53	0.509102
2982.56	0.5074
3051.02	0.505912
3112.97	0.50504
3174.49	0.504046
3238.73	0.502952
3286.49	0.499448
3334.32	0.498569
3381.16	0.498007
3426.02	0.49747
3469.56	0.49707
3509.41	0.496543
3547.61	0.496729
3585.09	0.497238
3617.65	0.496565
3649.32	0.496311
3685.37	0.495177
3717.55	0.495695
3750.67	0.496806
3781.25	0.498585
3809.96	0.500524
3836.9	0.502307
3862.56	0.504464
3887.07	0.506584
3911.61	0.508508
3934.46	0.510318
3955.58	0.512424
3975.41	0.514985
3995.52	0.517915
4014.61	0.521536
4030.1	0.525157
4045.03	0.531174
4059.15	0.538767
4071.96	0.549055
4083.16	0.562154
4092.78	0.578337
4100.89	0.596052
4108.56	0.558274
4117.52	0.423313
4125.65	0.356909
4132.88	0.336801
4137.88	0.331472
4140.41	0.329534
2540.68	0.278214
2540.2	0.31426
2538.93	0.511649
2618.86	0.514053
2696.58	0.511615
2771.33	0.509283
2843.74	0.507134
2914.73	0.505171
2985.73	0.503395
3060.45	0.50174
3114.46	0.497565
3172.46	0.496407
3230.29	0.494992
3283.57	0.492745
3331.77	0.490947
3377.94	0.490177
3421.84	0.489546
3465.86	0.48904
3506.99	0.489424
3545.92	0.49041
3583.74	0.49176
3616.15	0.492667
3647.32	0.494567
3684.82	0.495881
3719.41	0.497796
3750.27	0.498342
3780.27	0.499736
3808.05	0.501141
3835.79	0.502842
3861.74	0.505231
3886.45	0.507525
3910.22	0.509721
3933.33	0.511961
3954.86	0.514537
3975.42	0.517641
3994.75	0.520919
4013.97	0.524944
4027.9	0.527348
4046.09	0.532295
4058.54	0.537241
4071.92	0.546677
4083.37	0.559212
4093.13	0.575338
4101.31	0.595222
4108.5	0.588038
4116.51	0.475955
4124.58	0.362703
4132.86	0.33985
4138.21	0.333751
4140.87	0.331549
2541.5	0.281875
2541.07	0.322857
2539.9	0.512865
2621.95	0.514911
2701.22	0.512577
2775.34	0.51044
2846.35	0.508692
2915.61	0.507099
2983.72	0.50559
3050.37	0.504274
3110.36	0.503511
3169.09	0.503119
3227.4	0.502849
3287.1	0.502653
3330.91	0.498617
3376.19	0.498397
3421.48	0.498628
3463.39	0.497651
3505.09	0.497976
3543.64	0.498139
3579.88	0.498787
3615.67	0.498836
3650.76	0.499417
3685.42	0.500201
3718.9	0.50127
3750.52	0.502581
3780.55	0.504012
3808.49	0.505643
3834.75	0.506294
3860.44	0.508128
3885.08	0.509694
3907.8	0.511438
3932.06	0.51353
3953.38	0.515058
3973.53	0.517046
3993.82	0.519784
4012.65	0.524286
4030.52	0.529938
4044.77	0.533833
4058.71	0.540377
4071.89	0.548953
4083.38	0.562119
4093.21	0.578848
4101.52	0.602969
4108.61	0.610831
4116.37	0.509521
4125.33	0.380526
4133.17	0.346297
4138.53	0.337762
4141.23	0.334752
2542.42	0.286168
2542.08	0.336051
2541.18	0.513767
2626.63	0.514885
2709.83	0.512137
2781.28	0.508405
2849.52	0.506141
2916.37	0.504418
2981.86	0.503041
3045.63	0.501822
3106.23	0.500688
3164.76	0.49979
3221.65	0.499038
3276.49	0.498336
3325.59	0.497399
3372.77	0.497677
3418.82	0.498222
3461.64	0.498583
3501.52	0.499526
3543.54	0.500522
3582.39	0.501705
3619.65	0.502997
3653.12	0.50358
3686.12	0.504868
3719.6	0.505994
3751.57	0.507157
3781.88	0.508359
3810.09	0.509588
3834.32	0.510775
3859.13	0.51255
3883.57	0.512608
3909.17	0.513731
3930.49	0.514273
3952.11	0.516387
3970.43	0.519421
3992.53	0.522821
4010.43	0.528073
4030.03	0.534075
4046.98	0.541777
4060.2	0.548281
4071.63	0.553098
4083.15	0.566276
4092.86	0.58375
4101.55	0.610836
4108.81	0.627112
4116.42	0.539377
4125.5	0.400175
4133.43	0.353288
4138.84	0.34215
4141.58	0.338068
2543.31	0.285677
2543	0.342631
2542.41	0.519662
2632.25	0.520072
2728.91	0.517449
2789.25	0.512892
2852.87	0.510666
2917.2	0.50884
2980.4	0.507153
3042.71	0.505738
3102.75	0.504562
3160.65	0.503614
3216.48	0.502903
3270.11	0.502479
3320.7	0.50243
3368.94	0.502477
3413.98	0.502755
3460.17	0.503256
3503.92	0.503703
3545	0.503837
3584.88	0.504649
3624.58	0.505637
3655.34	0.503668
3684.5	0.505404
3720.92	0.506638
3753.62	0.50851
3784.98	0.510649
3811.91	0.511667
3836.73	0.511807
3860.63	0.513462
3886.2	0.515122
3907.01	0.516824
3931.82	0.518124
3953.94	0.52005
3974.14	0.522642
3993.62	0.525988
4011.4	0.530813
4030.31	0.536272
4046.77	0.543858
4061.44	0.554157
4072.16	0.564207
4082.81	0.572267
4091.57	0.589985
4101.5	0.617299
4109.11	0.636141
4116.67	0.557818
4125.72	0.415112
4133.74	0.359034
4139.21	0.345987
4141.99	0.341
2544.06	0.271851
2543.52	0.308391
2542.26	0.518386
2629.47	0.520674
2714.79	0.518172
2790.13	0.515864
2853.67	0.513363
2918.18	0.511682
2978.76	0.509881
3041.74	0.508358
3101.08	0.507332
3158.21	0.506668
3213.21	0.506229
3266.95	0.506032
3316.56	0.506158
3366.43	0.506579
3413.8	0.507097
3460.79	0.507571
3508.85	0.508053
3546.73	0.506074
3586.46	0.506791
3626.46	0.507638
3659.72	0.507407
3692.43	0.50783
3724.24	0.506966
3755.33	0.507342
3783.58	0.508272
3811.08	0.509288
3839.48	0.510942
3865.12	0.513062
3889.76	0.515164
3912.65	0.517404
3935.48	0.519646
3957.11	0.52241
3977.39	0.525841
3996.06	0.530106
4013.85	0.53615
4031.13	0.543625
4046.42	0.548436
4061.19	0.556912
4074.01	0.567907
4083.25	0.575681
4093.3	0.590847
4102.21	0.619835
4109.68	0.641165
4117.15	0.568877
4126.12	0.424458
4134.19	0.36304
4139.71	0.348755
4142.52	0.343172
2544.93	0.258253
2544.06	0.28904
2542.07	0.517744
2627.22	0.523008
2709.31	0.520607
2785.37	0.518452
2854.48	0.516546
2920.82	0.514746
2985.26	0.513111
3043.12	0.511277
3100.32	0.510129
3155.25	0.50896
3211.91	0.508019
3265.23	0.507665
3315.37	0.507645
3364.91	0.507798
3412.52	0.508096
3458.75	0.508535
3504.46	0.509078
3543.93	0.509005
3585.97	0.510104
3630.6	0.510854
3663.16	0.510589
3695.9	0.511904
3729.23	0.511582
3758.62	0.510638
3788.38	0.511652
3816.04	0.513368
3843.24	0.515239
3868.89	0.517125
3893.34	0.519055
3916.61	0.52106
3938.62	0.523116
3959.85	0.526195
3980.47	0.530123
3997.58	0.531446
4014.98	0.535355
4028.37	0.539483
4046.72	0.544057
4061.93	0.552736
4074.81	0.564561
4085.29	0.580515
4094.13	0.594995
4102.78	0.622786
4110.34	0.644803
4117.82	0.575727
4126.75	0.430149
4134.84	0.365461
4140.39	0.350411
4143.21	0.34448
2546.32	0.251492
2545.09	0.2812
2542.33	0.516515
2626.75	0.525209
2708.56	0.522754
2786.38	0.520445
2856.88	0.518501
2924.15	0.516843
2983.36	0.515466
3042.01	0.514397
3102.22	0.513541
3161.32	0.512579
3212.54	0.511603
3265.26	0.511235
3313.33	0.511154
3363.83	0.511683
3411.07	0.51183
3455.66	0.512143
3497.29	0.512819
3536.96	0.514057
3581.24	0.515225
3624.54	0.516128
3662.99	0.517561
3699.87	0.518458
3737.99	0.519747
3766.53	0.514592
3793.58	0.515459
3819.78	0.517394
3846.86	0.51945
3872.16	0.521793
3896.4	0.524458
3920.1	0.527266
3940.82	0.527435
3961.42	0.529556
3980.07	0.532347
3998.2	0.5357
4014.37	0.540246
4031.62	0.544973
4048.2	0.551844
4063.02	0.560716
4076.05	0.571883
4087.61	0.585604
4096.05	0.601463
4102.83	0.626162
4111.11	0.647796
4118.71	0.580391
4127.63	0.433481
4135.72	0.366562
4141.27	0.351075
4144.09	0.344982
2548.73	0.262488
2547	0.287459
2543.06	0.51101
2627.69	0.522794
2710.55	0.520368
2793.5	0.517924
2861.36	0.515396
2921.51	0.513156
2984.5	0.51164
3044.86	0.510394
3103.94	0.509366
3160.91	0.508467
3214.78	0.507597
3267.79	0.506997
3319.33	0.506652
3364.6	0.506062
3410.86	0.506282
3454.12	0.506472
3490.66	0.506031
3523.88	0.506364
3575.95	0.506226
3621.81	0.505214
3662.86	0.50493
3701.06	0.505623
3737.35	0.506552
3769.6	0.5075
3797.84	0.509085
3825.2	0.511403
3851.49	0.513219
3875.47	0.513011
3898.82	0.514253
3920.26	0.515444
3942.97	0.517669
3964.17	0.520799
3982.52	0.521989
3999.77	0.52329
4014.92	0.528293
4034.14	0.533811
4050.67	0.540837
4065.22	0.549855
4077.97	0.561369
4089.15	0.576058
4097.97	0.597296
4106.01	0.623936
4112.65	0.637173
4120	0.580907
4128.81	0.433939
4136.84	0.366276
4142.36	0.350787
4145.17	0.344741
2553.38	0.303884
2550.3	0.316831
2544.28	0.500616
2629.21	0.514338
2711.11	0.512177
2789.19	0.510081
2859.71	0.507575
2924.36	0.505804
2987.14	0.504572
3047.78	0.503523
3106.55	0.502653
3162.34	0.502098
3216.58	0.50146
3270.44	0.500837
3318.48	0.499467
3367	0.498904
3411.12	0.497174
3452.02	0.496672
3494.22	0.496437
3534.89	0.498147
3575.17	0.500518
3622.18	0.502365
3663.89	0.503856
3702.44	0.505386
3739.02	0.506943
3774.98	0.508329
3801.29	0.506587
3827.7	0.507735
3852.41	0.509463
3878.95	0.511729
3900.92	0.512182
3924.53	0.514529
3944.9	0.514344
3964.55	0.515335
3983.29	0.517859
4002.9	0.521483
4020.29	0.526336
4037.46	0.532205
4053.2	0.53966
4067.31	0.549178
4079.52	0.561664
4091.08	0.576386
4101.17	0.596104
4108.28	0.621972
4115.15	0.628704
4121.85	0.545065
4130.34	0.426507
4138.2	0.364508
4143.64	0.34975
4146.44	0.34399
2559.88	0.343282
2555.37	0.352487
2546.59	0.488858
2632.59	0.503638
2714.26	0.501823
2791.25	0.500047
2862.82	0.498386
2927.97	0.497095
2990.78	0.496087
3051.39	0.495268
3110.92	0.494497
3164.06	0.491972
3217.48	0.490863
3268.57	0.489841
3318.95	0.487916
3364.34	0.487074
3413.08	0.4868
3457.88	0.487349
3501.37	0.488198
3543.28	0.489292
3582.47	0.490702
3626.17	0.491872
3666.44	0.493591
3704.14	0.495454
3739.64	0.497524
3772.72	0.49982
3801.94	0.501056
3829.42	0.503208
3855.43	0.505483
3880.35	0.507966
3904.46	0.508846
3925.03	0.509803
3946.77	0.511535
3968.11	0.513925
3987.49	0.517131
4006.44	0.520773
4024.08	0.525121
4040.35	0.530395
4055.5	0.537447
4069.4	0.546389
4079.85	0.556495
4092.63	0.568836
4102.76	0.584636
4110.2	0.613957
4117.22	0.623405
4124.37	0.533797
4132.02	0.408928
4139.65	0.362646
4145.05	0.348935
4147.86	0.343477
2569.85	0.365749
2563.6	0.3757
2551.09	0.478715
2639.13	0.494411
2720.88	0.494127
2797.51	0.493857
2871.2	0.493355
2932.77	0.489472
2995.43	0.488577
3054.85	0.487811
3111.3	0.486653
3165.41	0.483699
3219.24	0.48301
3270.46	0.482414
3321.53	0.482785
3369.76	0.483347
3417.43	0.484126
3463.46	0.48506
3508.49	0.486181
3552.7	0.487516
3594.39	0.48945
3631.8	0.487252
3669.79	0.488539
3706.27	0.489544
3740.89	0.490562
3773.49	0.491949
3803.7	0.494615
3831.66	0.497563
3857.53	0.500227
3881.22	0.502821
3906.83	0.505749
3929.8	0.509153
3952.22	0.51267
3971.84	0.514914
3990.36	0.517891
4009.49	0.521794
4027.4	0.526882
4042.52	0.530166
4057.19	0.536136
4069.92	0.54416
4083.08	0.555187
4094.94	0.569227
4105.01	0.586796
4113.28	0.619225
4119.33	0.640409
4125.96	0.581809
4134.08	0.431088
4140.96	0.364734
4146.48	0.34976
4149.45	0.344012
2585.27	0.376804
2577.25	0.388941
2561.55	0.469412
2650.73	0.479023
2731.39	0.479396
2805.51	0.479748
2871.04	0.479819
2939.02	0.480329
3003.68	0.480564
3058.14	0.47671
3111.93	0.476083
3169.16	0.476118
3223.21	0.476508
3275.03	0.477082
3325.46	0.477845
3374.2	0.478773
3421.83	0.479889
3468.44	0.481161
3514.77	0.482529
3562.95	0.483713
3596.4	0.479142
3636.09	0.480885
3673.77	0.482972
3709.56	0.485243
3743.7	0.487619
3775.36	0.490304
3805.9	0.493141
3832.73	0.493644
3860	0.495613
3885.32	0.498942
3910.06	0.502227
3933.39	0.505483
3954.97	0.508851
3975.23	0.512737
3994.84	0.517028
4012	0.518684
4027.92	0.521266
4044.46	0.525683
4059.31	0.532528
4072.95	0.541259
4085.73	0.552186
4097.18	0.565923
4107.03	0.583011
4115	0.613576
4120.94	0.651214
4127.46	0.622284
4135.52	0.466827
4143.15	0.372177
4147.9	0.351216
4151.37	0.344405
2608	0.382634
2597.89	0.397771
2575.35	0.458023
2669.28	0.464427
2750.3	0.466837
2821.17	0.469138
2888.73	0.471079
2947.36	0.468161
3002.92	0.467749
3063.32	0.467932
3119.51	0.468175
3174.69	0.468507
3227.99	0.468864
3279.52	0.469309
3329.57	0.469866
3378.21	0.470543
3425.67	0.471346
3472.05	0.472269
3517.5	0.473292
3561.69	0.474391
3601.32	0.475457
3640.59	0.477391
3677.82	0.47983
3712.69	0.482579
3747.19	0.485086
3776.56	0.484578
3804.84	0.48617
3834.75	0.488942
3862.62	0.492211
3888.21	0.496025
3912.91	0.50002
3936.93	0.504026
3957.27	0.504451
3977.5	0.507014
3996.17	0.509689
4014.5	0.513906
4030.94	0.518969
4046.21	0.524183
4060.76	0.531461
4074.95	0.539779
4087.79	0.550847
4099.13	0.565217
4108.89	0.583321
4116.89	0.616913
4123.57	0.648666
4129.22	0.619872
4137.69	0.45544
4145.8	0.367919
4151.21	0.348682
4154.16	0.341855
2640.09	0.38578
2630.2	0.404695
2598.48	0.436225
2699.33	0.450888
2778.09	0.455467
2838.96	0.455591
2895.2	0.457218
2956.83	0.459065
3014.33	0.46019
3071.44	0.461059
3126.78	0.461698
3180.71	0.462244
3233.12	0.462738
3284.03	0.463231
3333.57	0.463763
3381.85	0.464354
3428.95	0.465028
3474.94	0.465796
3519.76	0.466669
3563.26	0.467654
3604.86	0.468838
3645.38	0.470365
3682.47	0.472813
3714.41	0.472239
3745.1	0.473865
3777.69	0.476312
3807.6	0.479662
3836.96	0.483047
3865.67	0.486536
3890.17	0.487181
3914.66	0.490165
3936.42	0.493028
3959.41	0.496833
3980.11	0.501122
3999.18	0.505431
4017.11	0.509735
4033.66	0.514302
4048.95	0.51957
4060.73	0.526068
4076.4	0.534475
4089.48	0.544866
4100.79	0.558061
4110.49	0.574793
4118.53	0.597602
4124.85	0.615019
4130.75	0.519487
4140.89	0.39824
4149.12	0.353818
4154.55	0.341479
4157.32	0.336269
2681.26	0.387579
2683.43	0.408941
2694.7	0.428533
2749.86	0.43896
2803.92	0.438813
2858.5	0.443315
2913.06	0.446767
2969.27	0.449374
3024.92	0.451305
3080.06	0.452842
3134.13	0.454128
3186.91	0.455248
3238.33	0.456205
3288.45	0.457057
3337.33	0.457866
3385.08	0.458666
3431.76	0.459508
3477.33	0.460436
3521.66	0.461485
3564.99	0.462571
3607.69	0.463705
3651.79	0.464756
3681.83	0.460613
3716.23	0.461871
3749.03	0.46428
3779.63	0.467455
3809.01	0.471136
3837.94	0.471884
3864.9	0.473793
3892.26	0.477068
3917.08	0.481538
3939.96	0.486127
3961.99	0.490696
3982.53	0.495166
4001.56	0.499595
4019.33	0.503608
4035.86	0.507335
4051.14	0.51091
4065	0.514785
4078.63	0.521029
4091.15	0.527827
4102.3	0.534079
4112.11	0.535125
4120.97	0.514918
4128.18	0.458969
4135.99	0.385663
4145.55	0.353437
4153.02	0.339175
4158.07	0.332763
4160.64	0.329241
2719.36	0.388005
2726.86	0.40418
2745.83	0.414287
2783.37	0.42089
2828.27	0.426258
2877.07	0.430613
2928.21	0.434101
2981.16	0.436915
3034.82	0.439242
3088.52	0.441312
3141.48	0.443323
3193.1	0.445334
3243.45	0.447024
3292.65	0.448444
3340.71	0.449725
3387.83	0.450802
3434.06	0.451794
3479.28	0.452797
3522.85	0.454097
3565.58	0.454985
3607.29	0.455818
3647.74	0.456671
3684.59	0.456943
3717.74	0.458213
3753.23	0.459763
3780.88	0.452659
3806.17	0.451585
3839.31	0.455332
3868.31	0.459748
3894.96	0.465342
3919.55	0.470156
3942.51	0.474307
3964.25	0.477989
3984.7	0.481305
4003.45	0.485454
4021.12	0.487937
4037.66	0.489364
4053.15	0.488856
4067.97	0.484079
4080.5	0.475026
4092.84	0.464448
4104.18	0.448825
4114.47	0.425161
4123.59	0.391287
4133.43	0.363998
4142.16	0.344846
4150.32	0.334525
4156.92	0.328684
4161.49	0.324997
4163.83	0.322402
2749.1	0.386264
2758.1	0.399184
2777.59	0.405752
2808.71	0.410297
2847.86	0.413971
2892.36	0.416957
2940.52	0.419365
2991.25	0.421329
3043.53	0.423017
3096.47	0.424684
3148.89	0.426721
3199.23	0.429576
3248.32	0.431768
3296.56	0.433279
3343.52	0.434667
3389.94	0.435551
3435.77	0.436161
3481.25	0.436365
3523.22	0.435116
3565.48	0.434913
3606.41	0.434247
3645.55	0.432619
3680.86	0.429654
3717.59	0.427027
3751.89	0.426457
3782.79	0.424267
3812.27	0.424598
3843.01	0.42628
3872.31	0.428345
3897.99	0.434531
3921.94	0.438205
3944.61	0.439857
3966.21	0.439829
3987.02	0.437639
4004.97	0.432109
4022.68	0.428474
4039.32	0.424271
4054.81	0.41785
4068.53	0.407662
4083.04	0.398384
4096.02	0.385949
4107.88	0.371895
4118.75	0.357985
4128.72	0.345735
4138.19	0.33641
4146.74	0.329615
4154.23	0.325007
4160.24	0.321601
4164.43	0.318799
4166.59	0.316414
2769	0.384266
2778.17	0.395408
2797.02	0.399291
2825.3	0.401509
2861.28	0.403069
2903.11	0.404074
2949.3	0.404656
2998.71	0.404925
3050.45	0.404995
3103.74	0.405043
3157.13	0.405493
3205.3	0.408048
3252.68	0.410763
3300.37	0.412178
3345.42	0.408054
3391.18	0.406177
3436.3	0.403804
3479.91	0.401091
3523.77	0.398428
3565.98	0.397844
3606.63	0.397162
3645.51	0.396395
3682.3	0.395467
3718.16	0.394944
3752.28	0.394241
3784.44	0.393434
3815.46	0.392896
3846.47	0.392577
3878.21	0.391704
3901.11	0.388843
3924.07	0.38715
3946.32	0.385241
3967.55	0.382073
3986.53	0.376648
4006.55	0.372278
4024.74	0.369557
4041.62	0.36618
4057.32	0.362139
4071.88	0.357496
4085.91	0.35263
4098.93	0.347088
4110.96	0.341236
4122.02	0.335576
4132.18	0.330519
4141.5	0.326269
4149.82	0.322676
4156.95	0.319545
4162.62	0.31663
4166.57	0.313785
4168.61	0.311125
2778.91	0.382674
2788	0.39269
2806.36	0.395379
2833.46	0.396154
2868.05	0.39626
2908.64	0.396013
2953.9	0.395539
3002.8	0.39491
3054.71	0.394169
3109.67	0.393339
3169.24	0.392411
3210.86	0.381552
3255.45	0.377433
3298.42	0.371901
3345.83	0.369086
3391.93	0.368333
3437.04	0.367637
3481.07	0.366961
3524.4	0.3663
3566.44	0.365656
3606.98	0.365017
3645.84	0.364384
3682.99	0.363753
3718.72	0.363115
3752.88	0.362444
3785.46	0.36173
3816.85	0.360958
3847.39	0.360104
3876.56	0.359143
3901.76	0.355678
3925.24	0.354513
3947.54	0.353273
3968.65	0.351858
3988.47	0.350261
4007.81	0.348574
4025.98	0.346703
4042.94	0.344574
4058.77	0.342187
4073.56	0.339567
4087.51	0.33678
4100.54	0.333851
4112.61	0.330847
4123.74	0.327835
4133.93	0.324866
4143.18	0.321955
4151.38	0.319057
4158.35	0.316103
4163.86	0.313031
4167.71	0.309863
4169.7	0.30706
3882.62	0.392886
3901.16	0.39283
3924	0.393676
3946.21	0.395987
3967.55	0.400172
3982.3	0.405954
3988.65	0.429607
4004.79	0.429608
4022.59	0.4282
4039.23	0.4275
4054.74	0.428303
4066.35	0.430968
4070.2	0.45401
4080.39	0.452424
4092.8	0.441409
4104.14	0.426953
4114.39	0.411263
4122.28	0.4018
4123.65	0.429159
4128.07	0.423703
4131	0.390723
2646.28	0.509761
2699.71	0.508787
2752.58	0.507231
2778.01	0.504401
2838.8	0.503176
2908.69	0.50092
2954.73	0.49879
2977.43	0.494947
3034.65	0.493939
3098.85	0.492642
3142.71	0.491431
3166.39	0.491623
3220.94	0.490761
3279.88	0.489789
3318.78	0.488762
3341.42	0.488781
3391.93	0.488189
3444.59	0.488157
3475.9	0.487765
3495.79	0.489652
3538.12	0.489167
3579.74	0.488975
3601.72	0.488805
3613.13	0.489505
3576.91	0.512117
3595.16	0.511742
3630.57	0.511875
3667.02	0.511702
3697.68	0.512734
3730.64	0.51266
3759.68	0.512768
3788.08	0.512463
3807.85	0.51218
3817.75	0.512922
3841.14	0.513233
3865.77	0.51461
3889.14	0.515309
3908.31	0.516686
3927.79	0.517314
3948.36	0.518359
3967.61	0.519415
3984.43	0.520454
3986.91	0.523481
3902.94	0.526663
3920.7	0.527343
3940.62	0.528376
3960.11	0.529702
3979.14	0.531109
3997.4	0.532714
4014.75	0.534413
4031.08	0.536072
4046.41	0.537333
4060.44	0.537763
4073.01	0.536218
4084.09	0.53053
4093.82	0.517382
4101.17	0.483338
4109.2	0.433807
4117.35	0.384549
4125.23	0.354983
4128.28	0.343627
3959.15	0.484686
3973.25	0.488409
3978.97	0.505435
3989.19	0.506378
4005.34	0.509615
4020.67	0.51409
4034.54	0.519656
4039.34	0.535909
4046.47	0.537039
4060.47	0.53944
4073.8	0.54206
4086.53	0.543431
4090.31	0.560196
4095.65	0.56134
4105.46	0.558714
4113.98	0.544698
4121.86	0.508926
4125.21	0.439322
4128.68	0.42955
4136.77	0.386513
4144.07	0.359054
4148.57	0.349655
3599.54	0.49385
3616.04	0.493657
3628.05	0.495194
3652.24	0.494892
3687.55	0.496198
3720.48	0.497644
3752.47	0.498808
3772.41	0.499307
3783.22	0.502675
3809.78	0.503027
3837.97	0.50398
3859.41	0.506505
3879.43	0.507611
3886.75	0.512261
3902.74	0.512405
3924.27	0.513882
3945.05	0.515091
3964.73	0.516225
3975.23	0.516921
3981.78	0.517604
3990.81	0.517997
2773.75	0.518441
2790.12	0.51767
2811.86	0.517515
2853.35	0.516694
2918.31	0.515661
2975.57	0.51441
2999.01	0.515038
3042.24	0.514211
3100.53	0.513459
3151.4	0.512348
3171.6	0.512854
3211.93	0.512085
3265.37	0.510825
3309.22	0.509451
3326.86	0.507268
3364.05	0.506531
3411.01	0.505396
3448.64	0.504126
3459.52	0.499478
3493.73	0.498845
3535.08	0.498365
3567.52	0.497386
3574.65	0.491295
3373.86	0.510201
3410.39	0.509784
3458.2	0.509349
3505.62	0.508828
3551.29	0.50855
3592.55	0.508884
3630.78	0.509458
3666.4	0.51015
3702.78	0.510269
3731.7	0.51172
3760.6	0.512652
3789.23	0.513613
3816.41	0.514807
3842.75	0.515593
3867.76	0.516237
3886.66	0.51625
3893.94	0.517918
3911.41	0.517882
3930.07	0.518159
3942.62	0.517973
3614.55	0.488415
3644.68	0.488899
3679.04	0.490137
3712.85	0.491791
3745.58	0.493839
3777.09	0.496043
3801.97	0.497524
3811.55	0.510785
3833.17	0.511162
3860.1	0.513077
3885.35	0.514647
3909.07	0.516358
3931.38	0.518266
3952.15	0.520381
3969.86	0.523158
3986.72	0.526104
4003.03	0.528879
4015.72	0.530652
4020.1	0.53902
4031.19	0.53993
4044.49	0.542052
4053.05	0.543174
3453.84	0.494311
3488.86	0.494417
3531.1	0.49512
3571.39	0.496151
3609.82	0.497122
3632.56	0.497496
3646.19	0.502577
3678.66	0.502867
3712.38	0.503639
3744.52	0.50453
3774.69	0.505728
3801.96	0.507466
3825.52	0.509915
3852.87	0.51108
3877.87	0.512707
3900.82	0.514272
3918.57	0.515105
3925.13	0.520543
3940.79	0.520686
3960.15	0.521201
3973.27	0.521428
3577.7	0.461026
3603.35	0.459544
3614.52	0.442039
3644.89	0.441012
3680.15	0.440096
3714.31	0.439182
3747.28	0.438185
3778.89	0.436891
3809.02	0.435027
3838.06	0.432442
3865.48	0.428505
3883.17	0.424927
3892.74	0.406851
3914.03	0.405554
3936.1	0.405325
3957.01	0.404802
3975.69	0.403811
3993.03	0.403314
4008.84	0.402859
4021.78	0.402525
2965.5	0.514556
3011.16	0.513925
3071.21	0.513079
3131.36	0.512075
3190.53	0.51117
3248.29	0.510401
3304.35	0.509765
3358.38	0.509283
3410.1	0.508975
3459.54	0.5088
3506.64	0.508755
3551.08	0.508874
3591.46	0.509379
3632.31	0.509256
3671.9	0.509041
3708.33	0.508881
3739.01	0.508768
3765.82	0.508701
3776.86	0.509218
3856.53	0.399317
3866	0.400342
3872.29	0.442699
3891	0.445893
3899.85	0.477836
3912.79	0.478991
3929.08	0.483587
3935.37	0.500381
3951.38	0.502145
3956.24	0.519347
3969.76	0.52024
3978.78	0.524744
3985.63	0.527116
3997.54	0.52882
4001.21	0.532024
4014.15	0.532576
4019.13	0.537371
4029.08	0.537809
4038.91	0.54227
4043.92	0.547838
4054.47	0.550771
4057.09	0.561263
4066.4	0.563365
4072.47	0.570481
4079.41	0.570844
4087.56	0.576048
4089.45	0.575852
3730.48	0.512316
3740.28	0.512031
3766.76	0.512609
3794.38	0.513156
3820.45	0.513238
3830.29	0.514982
3847.27	0.514834
3871.71	0.516723
3895.67	0.51843
3916.56	0.520846
3924.64	0.526058
3936.76	0.52616
3955.76	0.528569
3974.29	0.530689
3991.53	0.532732
3998.07	0.536483
4005.98	0.536609
4023.81	0.54175
4039.58	0.547043
4053.69	0.552924
4059.98	0.557939
4065.79	0.558689
4075.36	0.561207
2590.93	0.493537
2605.13	0.494218
2650.75	0.493381
2730.98	0.492445
2805.45	0.492171
2861.43	0.491324
2881.12	0.499546
2932.21	0.49887
2995.21	0.498827
3055.13	0.498555
3092.13	0.498015
3113.16	0.502253
3163.88	0.501804
3217.46	0.501712
3266.62	0.50147
3286.74	0.50479
3317.94	0.504178
3366.69	0.503897
3411.26	0.503637
3445.79	0.503273
3458.39	0.507751
3490.17	0.507342
3518.57	0.506804
3573.32	0.491547
3588.4	0.491553
3598.78	0.501053
3631.6	0.501318
3669.65	0.502669
3706.08	0.504486
3740.57	0.506566
3756.84	0.508747
3772.48	0.508831
3801.76	0.509841
3829.3	0.511286
3855.46	0.51276
3877.53	0.513421
3884.42	0.51825
3900.76	0.518368
3924.27	0.519288
3944.83	0.520611
3964.65	0.522035
3978.39	0.522929
3984.07	0.526773
3999.56	0.527239
4010.21	0.528425
3844.53	0.506943
3849.43	0.508414
3865.09	0.508545
3884.2	0.511098
3892	0.517187
3908.34	0.517597
3925.51	0.519339
3931.9	0.525805
3948.5	0.526723
3964.47	0.528832
3973.04	0.534093
3991.1	0.535836
4004.23	0.538575
4010.15	0.54249
4025.61	0.546072
4033.3	0.553119
4041.61	0.553335
4054.91	0.55911
4060	0.567275
4068.72	0.568118
4080.36	0.575652
4084.89	0.586772
4093.62	0.588489
4102.16	0.597033
4105.42	0.605993
4110.56	0.611926
3072.03	0.505063
3114.47	0.504452
3172.45	0.503708
3229.94	0.502827
3283.13	0.502582
3331.54	0.502989
3377.76	0.503254
3420.37	0.503422
3438.42	0.506651
3462.95	0.506177
3504.72	0.506439
3543.4	0.506721
3579.82	0.507208
3615.61	0.507505
3650.71	0.508015
3685.31	0.508548
3718.72	0.509214
3750.34	0.50995
3780.39	0.510486
3806.98	0.510747
3817.36	0.512617
3833.09	0.512385
3844.07	0.512877
3322.28	0.500615
3336.03	0.500078
3349.52	0.502691
3383.47	0.502161
3428.94	0.501732
3472.86	0.500932
3501.38	0.500111
3518.53	0.499359
3555.91	0.498877
3587.46	0.49701
3622.93	0.496731
3638.32	0.497289
3663.09	0.496908
3697.94	0.49869
3731.18	0.499942
3755.14	0.50054
3767.14	0.504549
3793.18	0.504791
3821.35	0.506659
3846.89	0.508479
3858.29	0.511068
3872.49	0.510855
3895.78	0.51142
3917.1	0.511782
3930.43	0.51196
3516.95	0.513942
3520.1	0.513916
3546.93	0.5136
3586.46	0.513357
3625.93	0.512984
3659.64	0.513562
3692.35	0.513856
3724.15	0.514169
3755.09	0.51465
3783.88	0.515395
3805.13	0.515543
3814.21	0.51943
3836.36	0.519688
3860.71	0.521073
3885.85	0.521768
3907.24	0.523815
3931.61	0.524842
3953.75	0.526485
3974.02	0.528006
3993.29	0.528869
4003.01	0.529394
4005.43	0.528331
3657.5	0.472359
3679.82	0.47261
3691.01	0.482632
3714.31	0.482642
3741.11	0.48453
3750.55	0.493935
3776.46	0.494309
3796.74	0.496261
3806.89	0.502044
3832.28	0.503072
3844.05	0.507152
3857.51	0.50699
3879.62	0.508312
3886.55	0.513527
3904.25	0.513582
3921.56	0.515199
3926.89	0.521415
3944.82	0.522083
3957.8	0.524545
3964.74	0.529646
3981.97	0.531535
3988.66	0.53919
3998.22	0.539429
4013.24	0.540464
4018.31	0.539507
4025.62	0.539575
4015.57	0.530134
4017.07	0.533167
4027.18	0.534072
4032.87	0.54143
4043.9	0.542487
4049.25	0.554536
4059.33	0.555843
4063.5	0.56968
4071.6	0.571408
4075.63	0.582209
4082.84	0.583683
4086.97	0.593607
4093.75	0.59476
4097.37	0.59442
4102.72	0.593843
4107.18	0.570479
4112.77	0.565125
4116.77	0.500261
4121.95	0.483295
4126.24	0.407337
4131.89	0.394299
4135.76	0.369745
4140.78	0.362306
4143.73	0.354661
4144.41	0.352768
3755.12	0.47328
3781.12	0.476329
3796.93	0.479944
3809.5	0.484257
3837.87	0.485732
3863.24	0.488472
3872.39	0.498241
3889.86	0.498502
3914.64	0.501904
3932.52	0.504259
3939.17	0.51396
3957.06	0.514888
3977.37	0.518806
3988.12	0.522052
3995.23	0.526275
4011.91	0.528118
4026.98	0.53171
4032.26	0.540078
4042.33	0.540723
4057.11	0.545257
4067.51	0.548947
4070.69	0.555045
4078.86	0.556483
3542.24	0.505857
3567.94	0.505581
3598.61	0.505496
3610.12	0.50851
3637.37	0.508237
3672.84	0.508589
3705.75	0.5089
3738.65	0.509026
3769.37	0.509537
3797.44	0.510186
3821.64	0.510382
3831.12	0.511963
3848.54	0.511829
3872.72	0.513073
3895.78	0.51383
3917.15	0.514902
3936.58	0.516208
3958.2	0.516765
3976.84	0.517394
3983.89	0.518113
3991.05	0.518027
3560.27	0.507575
3591.94	0.50778
3610.83	0.508617
3630.37	0.508115
3668.06	0.507943
3686.93	0.508228
3703.28	0.507929
3732.03	0.507933
3750.75	0.508443
3764.24	0.509465
3792.06	0.510339
3810.87	0.511399
3822.86	0.513667
3847.86	0.514266
3866.42	0.515281
3877.31	0.517773
3899.65	0.518297
3916.25	0.519669
3925.11	0.523298
3944.34	0.523782
3959.54	0.524702
3967.31	0.526666
3983.05	0.527032
3995.67	0.527707
3998.41	0.526634
3683.47	0.50999
3706.59	0.509963
3736.7	0.510892
3765.6	0.512345
3790.6	0.513217
3800.74	0.517174
3821.55	0.517107
3850.23	0.518612
3876.59	0.520338
3899.53	0.522642
3910.96	0.524258
3923.94	0.524047
3944.17	0.525829
3962.27	0.527977
3981.54	0.529809
3993.22	0.531212
3999.96	0.534443
4014.64	0.535359
4029.31	0.5381
4043.78	0.541231
4054.31	0.543631
4058.41	0.548129
4068.27	0.548787
4031.3	0.524693
4034.13	0.530144
4040.8	0.531286
4044.78	0.533202
4047.36	0.539533
4054.02	0.541476
4058.41	0.545016
4061.21	0.558922
4067.36	0.562126
4071.82	0.567909
4074.72	0.579053
4080.19	0.582505
4084.92	0.584951
4088.19	0.596221
4093.17	0.599464
4097.66	0.599309
4101.56	0.606818
4105.85	0.615445
4109.91	0.615606
4113.6	0.619898
4117.26	0.62009
4120.81	0.618174
4124.25	0.568925
4128.28	0.525544
4129.35	0.521181
3385.22	0.454699
3395.84	0.459598
3419.66	0.459299
3431.98	0.478585
3458.04	0.478517
3471.23	0.484979
3487.71	0.485211
3508.62	0.4847
3519.71	0.489942
3543.62	0.48989
3555.31	0.501417
3572.07	0.503063
3590.22	0.502619
3602.22	0.502355
3624.79	0.502015
3635.37	0.501884
3651.18	0.503022
3665.42	0.50369
3673.47	0.504234
3693.54	0.50381
3702.73	0.496075
3714.25	0.493182
3721.9	0.488858
3633.99	0.512954
3663.38	0.512802
3690.9	0.512434
3698.49	0.512135
3723.93	0.511858
3755.41	0.512482
3778.3	0.512648
3787.58	0.515369
3811.54	0.515364
3836.82	0.516187
3853.25	0.516516
3860.81	0.518243
3883.55	0.518567
3909.3	0.519395
3922.5	0.520155
3932.33	0.521137
3953.26	0.522071
3973.37	0.524073
3983.1	0.525561
3994.49	0.525401
4013.63	0.526606
4026.25	0.527126
4027.75	0.525815
4027.77	0.526028
3561.98	0.502967
3586.85	0.503035
3624.32	0.503702
3660.76	0.504585
3695.25	0.505819
3728.02	0.507127
3759.08	0.508526
3789.16	0.509684
3817.94	0.510922
3845.46	0.512084
3871.8	0.513126
3896.74	0.514155
3919.34	0.515525
3940.61	0.516924
3953.18	0.517798
3961.12	0.520885
3978.63	0.52187
3996.25	0.523551
4013.24	0.524759
4026.55	0.5261
4025.85	0.526195
4027.17	0.527377
4035.46	0.527972
4038.98	0.532526
4044.98	0.53557
4050.7	0.53586
4054.04	0.543863
4061.5	0.545089
4064.55	0.553654
4069.75	0.555585
4074.76	0.55545
4077.75	0.563152
4083.7	0.564849
4086.34	0.566562
4090.01	0.569213
4093.55	0.568991
4095.35	0.542764
4099.89	0.538892
4101.87	0.546005
4105.06	0.50914
4108.08	0.502149
4110.86	0.391846
4115.75	0.378289
4117.9	0.392097
4121.83	0.3667
4124.01	0.363233
3886.36	0.52298
3904.21	0.52365
3924.42	0.52519
3944.56	0.526692
3959.05	0.527646
3967.19	0.530294
3982.93	0.531069
3999.42	0.533255
4014.88	0.535041
4027.97	0.536503
4033.38	0.540692
4044.25	0.54119
4056.98	0.542608
4069.86	0.542137
4083.19	0.539618
4087.78	0.525396
4096.41	0.52175
4107.19	0.501217
4116.49	0.463706
4125.61	0.398215
4132.6	0.361354
4138	0.345372
4143.35	0.336825
3293.6	0.508143
3331.11	0.507933
3376.19	0.507819
3421.24	0.507713
3463.34	0.508257
3504.87	0.508561
3543.45	0.509486
3580.47	0.510058
3603.32	0.510173
3619.94	0.512181
3652.91	0.51228
3686.13	0.512742
3719.47	0.51291
3751.43	0.513398
3781.69	0.514007
3809.76	0.514712
3834.37	0.515684
3859.48	0.515865
3880.31	0.51565
3888.65	0.517142
3902.19	0.517047
3404.35	0.506323
3432.35	0.505993
3473.53	0.506272
3512.22	0.506814
3549.54	0.507332
3585.65	0.507902
3621.44	0.508252
3656.28	0.508705
3689.65	0.509284
3722.08	0.509701
3753.42	0.510084
3783.49	0.510436
3808.39	0.510543
3817.69	0.513857
3836.96	0.513772
3862.55	0.514732
3886.29	0.515315
3912.55	0.515373
3935.33	0.516033
3955.67	0.516695
3969.22	0.517092
3174.4	0.406005
3210.91	0.407282
3255.85	0.411279
3284.18	0.414683
3302.15	0.430291
3345.31	0.430919
3391.1	0.432422
3436.23	0.434849
3478.87	0.437433
3497.78	0.445508
3522.81	0.445105
3565.34	0.445726
3606.27	0.446293
3645.52	0.447384
3677.94	0.44824
3691.05	0.457493
3717.33	0.457204
3752.7	0.456051
3780.62	0.452718
3802.93	0.451917
3778.33	0.513769
3778.46	0.514004
3801.4	0.514407
3827.79	0.515554
3845.38	0.516396
3853.19	0.521122
3875.28	0.521735
3898.86	0.524019
3915.91	0.525581
3922.39	0.534202
3940.63	0.534807
3961.41	0.536934
3977.42	0.538298
3983.04	0.54345
3997.36	0.544344
4014.79	0.549165
4027.65	0.555184
4033.81	0.561525
4046.08	0.562402
4061.03	0.569212
4072.99	0.574957
4075.95	0.582977
4082.65	0.584054
4088.7	0.589778
3748.24	0.530293
3766.68	0.530377
3793.48	0.53177
3819.82	0.533199
3846.63	0.534338
3871.98	0.536372
3896.27	0.538377
3919.76	0.540295
3940.72	0.543488
3961.19	0.546317
3979.94	0.550826
3997.97	0.555235
4014.34	0.561623
4031.49	0.566359
4047.97	0.572292
4062.79	0.579998
4075.85	0.58838
4087.34	0.596065
4095.97	0.608256
4101.45	0.615644
2763.4	0.468536
2766.78	0.469273
2780.79	0.469154
2839.15	0.469514
2877.64	0.469685
2893.31	0.479824
2947.42	0.479539
2995.54	0.479382
3011.98	0.488729
3057.82	0.488275
3109.33	0.489048
3128.38	0.495303
3164.94	0.494721
3219.07	0.4958
3246.44	0.496419
3269.14	0.49764
3319.1	0.497429
3353.98	0.497425
3369.83	0.503346
3411	0.502991
3447.86	0.502936
3459.82	0.507621
3490.08	0.507218
3519.75	0.506791
3704.61	0.510612
3728.76	0.511924
3747.6	0.513024
3760.29	0.516765
3787.47	0.517277
3814.21	0.51902
3841.37	0.520247
3855.49	0.521089
3867.59	0.521716
3890.21	0.523355
3913.52	0.525141
3934.55	0.527825
3944.22	0.53054
3955.49	0.530464
3974.28	0.533366
3992.17	0.536509
4009.1	0.5391
4016.31	0.543517
4026.76	0.543792
4041.64	0.547761
4055.17	0.550633
4064.34	0.551982
2741.18	0.518324
2789.13	0.51757
2852.95	0.516575
2917.16	0.515386
2980.35	0.514271
3042.56	0.513228
3102.59	0.5124
3160.48	0.511687
3216.29	0.511067
3269.85	0.51056
3320.48	0.510246
3368.68	0.509929
3414.05	0.509749
3459.94	0.509145
3503.64	0.508666
3544.85	0.50818
3584.75	0.50755
3623.54	0.506767
3654.83	0.506045
3677.8	0.50579
2840.17	0.517445
2862.87	0.516538
2919.65	0.515681
2942.91	0.515401
2982.92	0.514559
3040.9	0.512991
3065.63	0.511252
3099.88	0.510431
3155.32	0.50918
3183.44	0.508065
3212.92	0.507258
3267.11	0.506232
3296.99	0.505116
3320.93	0.504073
3369.18	0.503227
3399.76	0.502237
3419.53	0.501136
3461.76	0.500556
3491.03	0.499853
3506.51	0.499106
3543.71	0.498446
3572.29	0.497558
3585.4	0.495832
3615.98	0.495555
3639.82	0.495575
3643.63	0.496337
3773.9	0.518567
3776.98	0.518293
3799.78	0.519161
3825.37	0.520103
3851.24	0.521065
3875.93	0.522706
3899.25	0.524723
3921.51	0.526891
3941.05	0.53033
3960.1	0.533524
3977.76	0.537746
3998.11	0.540219
4012.51	0.542282
4018.85	0.553808
4033.67	0.555741
4049.69	0.561761
4063.92	0.568713
4075.87	0.578015
4086.71	0.587249
4095.96	0.597171
4102.89	0.614839
3928.64	0.517673
3939.13	0.517687
3958.37	0.519211
3977.33	0.520695
3996.52	0.521792
4014.9	0.522858
4028.5	0.523309
4034.01	0.524192
4045.07	0.523628
4059.09	0.521811
4071.68	0.516643
4082.77	0.505349
4092.42	0.482987
4101.04	0.441988
4109.52	0.391994
4117.15	0.355997
4125.5	0.338492
4132.3	0.33227
4137.05	0.329914
4138.68	0.328937
3481.29	0.503235
3513.15	0.50308
3549.22	0.502811
3578.02	0.502347
3589.33	0.502781
3617.19	0.502508
3649.59	0.503385
3685.48	0.503691
3707.48	0.503929
3720.48	0.50674
3750.04	0.50707
3780.14	0.508558
3807.13	0.509926
3818.3	0.51299
3834.42	0.512803
3860.34	0.513945
3885.12	0.5149
3904.93	0.515371
3912.06	0.518132
3930.15	0.518117
3951.91	0.518994
3967.49	0.519611
3628.21	0.512257
3638.44	0.512903
3659.74	0.51255
3690.41	0.512806
3701.83	0.515264
3729.06	0.514943
3755.03	0.515111
3767.71	0.516645
3793.62	0.516278
3813.08	0.515855
3825.6	0.514813
3851.25	0.514824
3863.88	0.51467
3878.7	0.514324
3900.05	0.514866
3908.74	0.515799
3925.03	0.515759
3944.82	0.516945
3953.7	0.519549
3971.79	0.519879
3986.87	0.521094
3995.19	0.522177
4011.98	0.52285
4022.14	0.523906
4030.88	0.523977
4045.84	0.525534
4052.46	0.526071
4056.98	0.526151
3838.95	0.501269
3841.29	0.501334
3855.84	0.50146
3864.9	0.504346
3876.54	0.506285
3885.76	0.509204
3895.18	0.513916
3907.32	0.513912
3914.63	0.518615
3927.89	0.518767
3935.65	0.52007
3946.89	0.520724
3955.82	0.521417
3964.72	0.521512
3975.46	0.5214
3982.6	0.523446
3993.35	0.523788
3999.27	0.526893
4008.85	0.527809
4014.97	0.529092
4022.46	0.529178
4030.94	0.528953
4036.69	0.521082
4045.07	0.520096
4047.94	0.502083
3707.65	0.5103
3725.56	0.510628
3734.2	0.515852
3759.46	0.516074
3787.54	0.516778
3814.22	0.517585
3841.22	0.518174
3866.34	0.519391
3890.72	0.520474
3911.9	0.522271
3930.33	0.52444
3948.45	0.52589
3968.4	0.527172
3988.02	0.52872
4001.83	0.529988
4007.68	0.536139
4022.49	0.537213
4038.44	0.540999
4052.52	0.544619
4061.12	0.547516
2688.99	0.503639
2707.48	0.502618
2750.11	0.502203
2775.83	0.503698
2839.33	0.502786
2892.42	0.501743
2913.57	0.50508
2967.71	0.504211
3027.5	0.502745
3050.94	0.50127
3096.81	0.50031
3157.34	0.498203
3185.59	0.496223
3217.6	0.495352
3274.32	0.494211
3310.38	0.492931
3330.43	0.491065
3377.61	0.490405
3417.26	0.489719
3433.24	0.49206
3471	0.491662
3510.68	0.492183
3526.2	0.495425
3555.25	0.49489
3581.39	0.493351
3127.69	0.500138
3134.5	0.499896
3167.51	0.499289
3222.89	0.498877
3274.73	0.498552
3296.58	0.501105
3327.98	0.500478
3377.35	0.502268
3423.28	0.503995
3446.65	0.504803
3472.54	0.504153
3517.66	0.505069
3560	0.506119
3583.02	0.506569
3602.76	0.507417
3637.8	0.507613
3673.38	0.507674
3695.46	0.507552
3710.88	0.508154
3742.95	0.507678
3774.6	0.506404
3792.75	0.504645
3803.21	0.502289
3822.42	0.502157
3242.67	0.506637
3286.73	0.506413
3334.26	0.505993
3381	0.505608
3425.88	0.505447
3469.22	0.505328
3509.22	0.50569
3547.48	0.505943
3584.68	0.506043
3618	0.506755
3647.01	0.506832
3660.47	0.510056
3686.54	0.509814
3719.76	0.510535
3751.67	0.510556
3782.22	0.510549
3811.53	0.510438
3837.47	0.510423
3862.56	0.510372
3883.8	0.510301
