2759.5	0.161705
2769.04	0.160959
2788.11	0.159581
2816.29	0.157701
2852.47	0.15544
2895.15	0.152894
2942.8	0.150136
2994.14	0.147229
3048.13	0.144223
3103.98	0.141164
3161.1	0.138092
3219.02	0.135037
3277.35	0.132026
3335.62	0.129083
3393.14	0.126231
3448.97	0.123497
3504.04	0.120882
3558.56	0.118369
3612.27	0.115952
3664.76	0.11364
3715.93	0.111434
3766.17	0.109325
3815.94	0.107292
3865.61	0.105318
3915.46	0.103393
3965.55	0.101514
4015.13	0.0996993
4059.64	0.0980426
4105.27	0.0964336
4151.25	0.0948548
4197.6	0.093307
4244.22	0.091796
4290.86	0.0903315
4337.78	0.0889302
4385.31	0.087631
4434.03	0.0864385
4484.66	0.0854215
4535.83	0.0848963
4586.67	0.0859349
4636.42	0.0905207
4684.57	0.101831
4729.32	0.123026
4770.74	0.149752
4808.48	0.175501
4840.3	0.196242
4866.23	0.200047
4886.68	0.179783
4901.75	0.137493
4911.37	0.102898
4915.9	0.086271
2749.74	0.162365
2759.3	0.161614
2778.74	0.160206
2808.02	0.158256
2845.68	0.155907
2889.84	0.153269
2938.77	0.150428
2991.11	0.147449
3045.87	0.144386
3102.29	0.141283
3159.86	0.138176
3218.19	0.135091
3277	0.132051
3335.99	0.129075
3394.46	0.126188
3449.41	0.12347
3504.31	0.120865
3559.17	0.118346
3613.34	0.115916
3666.04	0.113595
3716.88	0.111397
3766.77	0.109302
3816.29	0.107281
3865.81	0.105313
3915.7	0.103384
3966.7	0.101471
4020.99	0.0995245
4059.46	0.0980672
4106	0.0964372
4152.13	0.0948621
4198.75	0.0933496
4245.76	0.0919462
4292.33	0.0906912
4339.07	0.0896514
4386.17	0.0891711
4434.25	0.0891049
4486.35	0.0896406
4538.34	0.0919602
4589.72	0.100458
4639.31	0.120314
4688.07	0.153154
4731.01	0.202644
4772.94	0.256634
4815.13	0.308045
4848.04	0.329386
4875	0.325771
4895.3	0.286085
4907.4	0.186411
4917.57	0.132778
4922.24	0.103408
2730.21	0.163563
2739.47	0.162827
2759.31	0.161393
2791.09	0.159316
2832.1	0.156796
2879.42	0.153982
2930.96	0.150981
2985.3	0.147867
3041.54	0.144696
3099.05	0.141511
3157.44	0.13834
3216.47	0.135203
3276.06	0.13211
3336.46	0.129058
3398.96	0.126008
3449.59	0.123443
3504.34	0.120859
3560.25	0.118309
3615.76	0.115834
3669.1	0.113486
3718.81	0.111323
3767.89	0.109268
3816.89	0.107275
3865.99	0.105328
3915.35	0.103419
3965.19	0.101545
4015.71	0.0997047
4064.48	0.097955
4108.23	0.0964823
4153.77	0.0949922
4200.89	0.0937604
4249.28	0.0932953
4295.31	0.0937355
4341.79	0.094664
4387.86	0.0991008
4432.3	0.104879
4489.85	0.110752
4542.78	0.122432
4594.83	0.152475
4641.12	0.209971
4699.23	0.296445
4746.66	0.360049
4789.78	0.40809
4828.78	0.444231
4861.69	0.469828
4888.66	0.47494
4909.34	0.429169
4923.24	0.30127
4930.09	0.175185
4934.46	0.13354
2701.23	0.165113
2708.86	0.164461
2727.7	0.163094
2764.69	0.160826
2811.92	0.15805
2864.48	0.154979
2919.99	0.151747
2977.22	0.148443
3035.53	0.145125
3094.52	0.141828
3153.97	0.138576
3213.77	0.135381
3273.89	0.13225
3334.45	0.129186
3395.6	0.126189
3445.34	0.12368
3502.96	0.120938
3561.51	0.118271
3620.22	0.115673
3675.76	0.113222
3721.42	0.111226
3769.25	0.109254
3817.63	0.107303
3866.27	0.105383
3915.03	0.103501
3963.64	0.101663
4012.98	0.0998574
4061.57	0.0981248
4106.95	0.0965528
4155.87	0.0953048
4202.59	0.0951058
4257.71	0.101288
4298.82	0.114681
4346.46	0.117781
4395.09	0.138766
4444.81	0.158151
4497.72	0.176105
4546.23	0.206781
4606.67	0.288881
4661.34	0.358364
4714.45	0.406208
4761.97	0.444623
4805.4	0.483484
4844.7	0.520685
4879.27	0.553895
4908.6	0.573605
4929.85	0.556929
4943	0.423256
4945.87	0.21697
4951.71	0.167661
2664.46	0.166731
2666.88	0.166266
2677.72	0.165235
2727.81	0.162694
2786.12	0.159574
2846.29	0.156171
2906.94	0.152655
2967.71	0.149123
3028.45	0.14563
3089.12	0.142206
3149.73	0.138862
3210.32	0.135604
3270.89	0.132432
3331.46	0.129347
3391.96	0.126343
3452.09	0.123415
3500.38	0.121042
3562.42	0.118229
3627.74	0.115379
3677.83	0.113108
3722.68	0.111164
3769.95	0.109223
3818.15	0.107284
3866.75	0.105371
3915.38	0.103499
3961.59	0.101719
4011.95	0.0998474
4060.92	0.0980939
4109.07	0.0964734
4158.36	0.0952359
4209.17	0.095888
4254.31	0.102072
4303.53	0.131253
4347.77	0.204249
4400.33	0.260377
4458.22	0.30121
4513.15	0.320907
4565.1	0.346099
4621.11	0.395454
4675.79	0.43179
4728.68	0.462242
4776.25	0.489377
4821.04	0.526815
4862.38	0.56381
4900.6	0.595607
4936.44	0.628199
4958.51	0.66054
4969.7	0.509946
4973.41	0.302874
4975.26	0.195403
2625.14	0.168077
2616.32	0.167742
2588.3	0.166938
2682.47	0.164659
2758.19	0.161173
2827.31	0.15741
2893.45	0.153596
2957.86	0.149829
3021.05	0.146159
3083.37	0.142605
3145.13	0.139171
3206.48	0.13585
3267.5	0.132638
3328.17	0.129531
3388.34	0.12653
3447.58	0.123643
3504.8	0.120906
3559.83	0.118348
3617.31	0.115804
3670.27	0.113445
3720.03	0.111281
3769.21	0.109223
3818.25	0.107229
3867.27	0.105285
3916.57	0.103381
3967.2	0.101494
4013.09	0.0998088
4062.02	0.0981317
4111.14	0.0966294
4160.51	0.0957939
4210.31	0.0974942
4260.13	0.108861
4304.65	0.145451
4351.12	0.207358
4411.05	0.283147
4469.6	0.349312
4530.13	0.400253
4572.2	0.425923
4630.19	0.462355
4686.59	0.491193
4743.75	0.514694
4789.22	0.519609
4836.79	0.554155
4881.07	0.585718
4922.88	0.616327
4962.94	0.676883
5008.19	0.770213
5004	0.550485
5002.45	0.358566
5001.15	0.217898
2594.54	0.169041
2584.85	0.168664
2562.26	0.167833
2655.32	0.165899
2736.6	0.162419
2811.02	0.158473
2881.36	0.15444
2948.89	0.150477
3014.13	0.146652
3077.82	0.142989
3140.53	0.139477
3202.58	0.136101
3264.08	0.132848
3325.02	0.129714
3385.31	0.126695
3444.8	0.123796
3503.47	0.12102
3554.62	0.11861
3611.31	0.116052
3665.9	0.11364
3718.02	0.111382
3768.78	0.109249
3818.66	0.107209
3867.92	0.105246
3916.96	0.103344
3966.15	0.101492
4014.6	0.0997058
4064.04	0.0979573
4113.86	0.0962809
4163.11	0.0948482
4212.44	0.0943481
4261.93	0.0980182
4310.53	0.119703
4356.38	0.196401
4413.36	0.275726
4482.19	0.357255
4534.24	0.394371
4586.25	0.402277
4637.14	0.441436
4689.31	0.468283
4748.21	0.501355
4803.89	0.528548
4855.01	0.563487
4902.12	0.593552
4951.11	0.622852
4994.96	0.674439
5041.53	0.765521
5035.32	0.550726
5031.95	0.378398
5029.56	0.233802
2573.58	0.169755
2566.22	0.169323
2551.45	0.168487
2639.73	0.166683
2721.63	0.163283
2798.52	0.15927
2871.75	0.155099
2941.88	0.150989
3008.39	0.147055
3072.86	0.143322
3136.21	0.13976
3198.84	0.136343
3260.83	0.133055
3322.17	0.12989
3382.76	0.126846
3442.56	0.123921
3501.73	0.121108
3560.95	0.118381
3607.31	0.116215
3663.98	0.113736
3717.46	0.111427
3769.39	0.109247
3819.98	0.107176
3869.18	0.105205
3917.72	0.103313
3966.5	0.101469
4015.92	0.0996569
4066.66	0.0978719
4118.26	0.0961745
4166.85	0.0948601
4215.6	0.0950409
4265	0.102897
4315.27	0.151417
4360.23	0.22269
4423.68	0.316625
4484.21	0.328056
4540.55	0.348755
4598.68	0.381598
4649.93	0.422924
4710.25	0.457991
4768.22	0.492383
4822.37	0.526117
4875.8	0.563176
4916.32	0.590574
4972.14	0.616872
5018.26	0.669934
5061.94	0.752119
5062.64	0.545229
5061.01	0.38734
5058.57	0.244644
2559.93	0.170335
2554.98	0.169852
2545.73	0.168968
2630.32	0.167197
2711.45	0.163852
2789.4	0.159807
2864.94	0.155526
2938.17	0.151273
3004.33	0.147313
3068.64	0.143584
3132.26	0.140012
3195.35	0.136572
3257.88	0.133257
3319.72	0.130064
3380.7	0.126996
3440.69	0.124053
3499.71	0.121237
3557.71	0.118546
3613.74	0.115995
3665.25	0.113683
3718.52	0.111407
3771.56	0.109202
3822.97	0.107102
3871.54	0.105146
3918.77	0.103298
3966.9	0.10148
4016.75	0.0996636
4069.37	0.0978585
4126.8	0.0962561
4171.66	0.0958908
4219.2	0.0991785
4266.63	0.109636
4312.07	0.129395
4366.87	0.17767
4422.77	0.233768
4492.22	0.32318
4555.5	0.363841
4612.82	0.397504
4670.19	0.434479
4727.91	0.4713
4787.17	0.508923
4837.48	0.530152
4885.96	0.566684
4942.15	0.594565
4998.24	0.624584
5050.67	0.68115
5101	0.766179
5094.82	0.568821
5090.42	0.399173
5087.64	0.253293
2551.21	0.170816
2548.04	0.170284
2542.29	0.169328
2624.23	0.167551
2704.21	0.164238
2782.43	0.160168
2860.13	0.155741
2941.22	0.151062
3001.77	0.147386
3064.78	0.143786
3128.47	0.140241
3192.08	0.136789
3255.27	0.133449
3317.79	0.130228
3379.32	0.127135
3439.53	0.124177
3498.52	0.121357
3556.31	0.11867
3612.57	0.116118
3664.77	0.113786
3719.92	0.111423
3775.55	0.109132
3829.13	0.106947
3875.68	0.105069
3919.48	0.103377
3966.26	0.101627
4015.62	0.0998477
4068.24	0.098059
4121.1	0.0965622
4168.58	0.0957092
4214.81	0.0946519
4267.91	0.0950938
4320.76	0.102323
4376.96	0.131341
4420.85	0.192078
4503.29	0.305498
4568.47	0.375925
4629.14	0.421869
4683.78	0.451378
4738.85	0.469318
4792.54	0.502638
4852.03	0.53593
4908.12	0.569689
4965.61	0.596409
5023.38	0.626722
5078.81	0.682095
5131.38	0.764747
5123.92	0.571009
5118.37	0.40382
5115.41	0.257112
2545.67	0.171203
2543.65	0.170628
2540.05	0.169604
2619.93	0.167823
2698.52	0.164566
2775.71	0.160577
2851.62	0.156291
2925.87	0.151983
2993.36	0.147957
3059.15	0.144144
3124.33	0.140479
3189.09	0.136942
3253.41	0.133529
3317.16	0.130243
3379.79	0.127094
3440.11	0.124107
3499.14	0.121275
3557.36	0.118568
3615.07	0.11596
3673.66	0.113408
3720.69	0.11133
3783.28	0.108804
3829.3	0.106879
3875.57	0.105053
3921.72	0.103282
3966.91	0.10157
4020.92	0.0996503
4068.04	0.0980961
4116.04	0.0967677
4167.45	0.0963801
4217.04	0.0982199
4270.27	0.0994983
4325.5	0.119291
4373.86	0.155355
4435.13	0.250264
4514.93	0.35199
4577.69	0.385952
4638.04	0.420052
4693.5	0.455787
4744.38	0.479407
4806.7	0.507775
4866.02	0.541697
4926.12	0.57289
4986.24	0.597783
5046.02	0.627728
5103.3	0.682154
5156.97	0.763635
5149.6	0.56853
5143.81	0.401662
5140.81	0.256106
2542.14	0.171494
2540.85	0.170887
2538.54	0.169812
2616.79	0.168029
2694.03	0.164825
2770.01	0.16091
2844.5	0.156708
2916.98	0.152477
2986.32	0.148377
3053.81	0.144456
3120.29	0.140698
3186.19	0.137082
3251.8	0.13359
3317.33	0.130216
3382.32	0.126976
3441.73	0.124003
3500.4	0.121201
3558.82	0.118506
3616.62	0.11591
3673.06	0.113429
3728.06	0.111077
3778.5	0.108961
3828.92	0.106907
3875.91	0.105017
3923.85	0.103182
3970.5	0.101457
4017.34	0.0997119
4068.26	0.0979361
4118.34	0.0963916
4168.91	0.0958155
4221.45	0.101371
4270.33	0.134815
4322.32	0.208215
4383.08	0.269939
4450.67	0.314117
4519.75	0.351394
4583.67	0.362997
4647.91	0.396634
4707	0.436761
4762.98	0.477324
4819.24	0.513655
4875.39	0.547905
4941.38	0.575731
5004.56	0.598815
5066.22	0.628354
5124.8	0.682098
5179.19	0.762808
5172.21	0.565076
5166.53	0.397094
5163.53	0.252917
2539.91	0.1717
2539.05	0.171071
2537.52	0.169958
2614.5	0.168174
2690.62	0.16501
2765.57	0.161147
2839.11	0.156994
2910.94	0.152793
2980.82	0.148679
3049.16	0.144713
3116.49	0.1409
3183.24	0.137224
3249.95	0.133658
3317.75	0.130151
3390.14	0.126586
3443.9	0.123861
3501.75	0.121155
3560.79	0.118473
3619.53	0.115865
3673.96	0.113446
3726.4	0.111196
3776.89	0.109096
3832.34	0.106879
3875.79	0.105119
3922.38	0.103292
3971.26	0.101474
4019.9	0.0997227
4070.28	0.0980834
4121.21	0.0969328
4169.4	0.0971478
4222.1	0.102576
4273.25	0.123716
4320.71	0.145603
4383.73	0.243306
4455.29	0.307177
4517.02	0.339431
4588.56	0.377697
4655.53	0.40871
4717.45	0.441253
4773.94	0.476432
4830.29	0.514688
4888.01	0.550141
4956.75	0.577015
5021.66	0.599328
5084.49	0.628678
5143.86	0.681995
5198.69	0.762198
5192.1	0.561819
5186.62	0.392116
5183.6	0.249253
2538.53	0.171835
2537.94	0.171192
2536.85	0.170054
2612.93	0.168268
2688.19	0.165131
2762.33	0.161305
2835.17	0.157188
2906.58	0.153013
2976.53	0.148905
3045.22	0.144928
3112.94	0.141096
3180	0.137407
3246.69	0.133849
3313.29	0.130411
3379.41	0.127106
3440.23	0.124061
3500.98	0.121163
3563.21	0.118314
3629.27	0.115435
3678.29	0.113189
3727.92	0.11109
3781.16	0.108964
3825.75	0.107102
3877.8	0.105048
3924.79	0.10324
3972.87	0.101494
4020.52	0.0997863
4072	0.0981089
4122.78	0.0967097
4176.05	0.0968312
4225.32	0.101283
4269.96	0.117085
4315.71	0.159803
4378.59	0.199848
4444.98	0.240207
4519.08	0.289392
4596.31	0.35106
4664.57	0.398778
4726.1	0.44021
4781.5	0.481992
4835.61	0.520196
4906.22	0.549302
4973.24	0.57684
5038.03	0.599353
5101.13	0.628697
5160.81	0.681828
5215.83	0.761754
5209.54	0.559187
5204.23	0.387593
5201.2	0.245885
2537.77	0.171916
2537.33	0.171263
2536.48	0.170108
2612.04	0.168319
2686.7	0.165199
2760.17	0.161401
2832.4	0.157315
2903.4	0.153167
2973.21	0.149078
3041.94	0.145107
3109.75	0.141277
3176.81	0.13759
3243.23	0.134044
3309.02	0.130635
3373.75	0.127368
3436.42	0.12426
3498.58	0.121285
3561.73	0.118382
3628.59	0.115464
3676.01	0.113308
3723.28	0.111195
3776.57	0.109019
3833.55	0.106759
3874.46	0.105095
3920.69	0.103281
3972.5	0.101357
4025.75	0.0994725
4075.34	0.0977777
4125.49	0.0962595
4177.85	0.0954125
4220.78	0.0965796
4269.53	0.0990788
4325.79	0.107536
4383.67	0.136134
4438.1	0.216798
4527	0.337429
4602.7	0.366254
4672.47	0.405875
4734.77	0.443685
4787.91	0.485216
4857	0.517123
4924.14	0.547486
4989.26	0.576098
5053.26	0.599121
5116.12	0.62853
5175.77	0.681622
5230.8	0.76144
5224.7	0.557238
5219.53	0.3838
5216.46	0.243085
2537.46	0.171952
2537.12	0.171291
2536.43	0.170123
2611.94	0.168328
2686.22	0.165214
2759.03	0.16144
2830.63	0.157388
2901.14	0.153271
2970.68	0.149207
3039.27	0.145252
3107.01	0.141431
3173.95	0.137752
3240.12	0.134215
3305.52	0.130819
3369.92	0.127563
3432.92	0.124456
3495.05	0.121488
3556.46	0.118649
3616.75	0.115954
3673.96	0.113424
3712.8	0.111627
3768.57	0.109337
3821.25	0.107209
3867.19	0.105333
3919.44	0.103318
3971.4	0.101354
4025.5	0.0994048
4080.9	0.0974919
4126.69	0.0959802
4171.7	0.0947466
4222.88	0.093035
4275.68	0.0920241
4332.28	0.0928889
4391.87	0.101932
4453.81	0.140668
4528.59	0.243037
4614.85	0.346163
4685.54	0.400461
4750.05	0.442609
4811.31	0.480716
4875.81	0.514091
4940.23	0.545746
5003.72	0.575256
5066.82	0.598816
5129.25	0.628308
5188.72	0.68143
5243.65	0.761228
5237.68	0.555839
5232.6	0.380705
5229.51	0.240709
2537.49	0.171952
2537.27	0.17128
2536.74	0.170095
2612.95	0.168282
2687.06	0.165162
2758.9	0.161418
2829.69	0.157411
2899.61	0.153336
2968.8	0.149302
3037.15	0.145368
3104.76	0.14156
3171.59	0.13789
3237.48	0.134363
3302.76	0.130972
3367.27	0.127716
3430.1	0.124631
3492.1	0.121679
3552.26	0.118863
3608.02	0.11635
3662.69	0.113932
3713.13	0.111646
3763.94	0.109507
3816.06	0.107424
3867.04	0.105399
3919.09	0.103402
3968.92	0.101464
4024.81	0.0994355
4081.58	0.0974621
4128.52	0.095809
4171.74	0.0943085
4224.76	0.0926225
4279.47	0.091232
4336.88	0.0912151
4397.05	0.0984377
4459.26	0.139028
4540.16	0.266115
4629.56	0.362773
4696.43	0.401895
4762.42	0.442505
4826.41	0.478664
4890.2	0.512212
4953.41	0.544469
5015.87	0.574574
5078.27	0.59856
5140.31	0.628137
5199.58	0.681308
5254.41	0.761098
5248.52	0.554781
5243.53	0.378063
5240.41	0.238772
2537.76	0.171927
2537.72	0.171238
2537.57	0.170014
2615.93	0.168143
2689.99	0.164995
2759.62	0.161329
2829.4	0.157393
2898.56	0.153371
2967.49	0.149371
3035.51	0.14546
3102.99	0.141665
3169.86	0.137995
3235.18	0.134494
3300.52	0.131102
3366.09	0.127783
3427.93	0.124786
3490.88	0.12184
3545.74	0.119155
3603.15	0.116531
3657.49	0.114095
3709.54	0.1118
3760.76	0.10962
3813.16	0.107492
3865.42	0.105415
3918.21	0.103379
3972.34	0.101361
4024.14	0.0994992
4079.48	0.0976043
4122.36	0.0961225
4171.78	0.0945895
4226.41	0.0929235
4282.13	0.0919782
4340.11	0.0931623
4399.92	0.10418
4459.69	0.157432
4552.99	0.300996
4639.56	0.37936
4700.02	0.40922
4770.68	0.44298
4836.61	0.477696
4900.69	0.511103
4963.49	0.543642
5025.39	0.57414
5087.33	0.59843
5149.12	0.628097
5208.29	0.681303
5263.07	0.761035
5257.27	0.553858
5252.36	0.37564
5249.23	0.236975
2538.1	0.171895
2538.27	0.171183
2538.9	0.16989
2623.06	0.167807
2697.22	0.164569
2759.97	0.161223
2829.53	0.157351
2897.49	0.153399
2966.83	0.149408
3034.11	0.145538
3101.56	0.141753
3169.41	0.138014
3232.61	0.134651
3297.79	0.131313
3358.87	0.12812
3426.46	0.124807
3496.45	0.121512
3547.06	0.119051
3601.37	0.116607
3654.69	0.114236
3706.97	0.111967
3756.66	0.109807
3810.77	0.107601
3863.76	0.105495
3916.58	0.103458
3969.3	0.101484
4020.95	0.0996035
4072.79	0.0978176
4122.87	0.0962646
4177.56	0.0952062
4228.38	0.0956049
4283.95	0.0984175
4342.47	0.106483
4401.38	0.131156
4459.68	0.176039
4553.31	0.303052
4637.38	0.376862
4712.83	0.41993
4777.59	0.442737
4843.49	0.477069
4907.91	0.510407
4970.64	0.543153
5032.18	0.573986
5093.8	0.598494
5155.56	0.62827
5214.8	0.681462
5269.64	0.76103
5263.97	0.552886
5259.15	0.373216
5256.02	0.235336
2538.26	0.171878
2538.39	0.171163
2538.49	0.169891
2618.77	0.167954
2693.6	0.164703
2765.41	0.160887
2831.02	0.157228
2894.81	0.153518
2967.96	0.149319
3032.27	0.145642
3099.46	0.141951
3161.84	0.138443
3229.63	0.134827
3294.78	0.13141
3358.14	0.128145
3422.44	0.124986
3485.98	0.12196
3543.98	0.119195
3601.09	0.116606
3653.3	0.114237
3704.84	0.111987
3758.58	0.109743
3809.89	0.107672
3862.78	0.105606
3915.69	0.10359
3968.08	0.101657
4018.48	0.099911
4062.99	0.0986439
4119.9	0.0980182
4175	0.100445
4228.92	0.111015
4281.64	0.129504
4343.89	0.132821
4405.03	0.161263
4466.52	0.236758
4544.11	0.333071
4634.2	0.376361
4712.01	0.413238
4778.9	0.448788
4846.67	0.477556
4912.25	0.510131
4975.09	0.542943
5036.2	0.574167
5097.4	0.598882
5159.52	0.628779
5219.13	0.681835
5274.19	0.761074
5268.69	0.551775
5263.98	0.370787
5260.86	0.233787
2538.32	0.171874
2538.53	0.171153
2538.81	0.169866
2619.82	0.167909
2692.85	0.164696
2765.38	0.160857
2831.29	0.157146
2901.46	0.153193
2962.54	0.149628
3028.84	0.145891
3097.84	0.142025
3163.4	0.138381
3229.03	0.134849
3293.32	0.131467
3356.27	0.128231
3419.01	0.125129
3480.93	0.122147
3541.74	0.11928
3605.75	0.116421
3652.67	0.114262
3700.71	0.112176
3754.97	0.109905
3808.08	0.107745
3862.31	0.105618
3916.3	0.103586
3970.97	0.101607
4016.3	0.100007
4066.74	0.0987977
4120.4	0.0993183
4174.61	0.10675
4228.26	0.137959
4285.7	0.204423
4342.67	0.249838
4409.04	0.308332
4473.15	0.364276
4557.05	0.387552
4634.34	0.408013
4714.84	0.433169
4790.04	0.462672
4846.78	0.483225
4914.69	0.510929
4977.36	0.543155
5037.44	0.574944
5097.33	0.600112
5160.96	0.62981
5221.44	0.682422
5276.87	0.761162
5271.54	0.550698
5266.94	0.368687
5263.83	0.232525
2538.18	0.171893
2538.6	0.171159
2539.98	0.169814
2628.71	0.167578
2692.42	0.164709
2756.93	0.161338
2828.93	0.157372
2898.94	0.153358
2966.6	0.149409
3036.85	0.145436
3099.4	0.141881
3164.63	0.138357
3229.52	0.13483
3292.96	0.131501
3354.42	0.128326
3416.22	0.125269
3476.89	0.122339
3536.26	0.119548
3594.85	0.116897
3648.65	0.11446
3703.01	0.112112
3752.81	0.110039
3805.52	0.107934
3856.62	0.105863
3911	0.103776
3964.3	0.101775
4015.45	0.0998983
4065.87	0.0981741
4120.6	0.0966432
4175.23	0.0963901
4230.75	0.100372
4287.77	0.115373
4344.65	0.143932
4403.05	0.221427
4481.82	0.344297
4563.17	0.406622
4644.16	0.442937
4716.59	0.44876
4788.96	0.473395
4857.02	0.499169
4917.7	0.519002
4978.33	0.546961
5036.23	0.576185
5090.74	0.602426
5160.44	0.631151
5222.22	0.682926
5277.91	0.761284
5272.65	0.550466
5268.09	0.367771
5265	0.231814
2537.62	0.171948
2537.74	0.171241
2537.85	0.169985
2616.75	0.168091
2688.05	0.165006
2757.59	0.161374
2828.34	0.157428
2898.55	0.153383
2967.82	0.14937
3036.74	0.145451
3103.09	0.141705
3168.63	0.138102
3231.22	0.134712
3294.37	0.131493
3352.01	0.128469
3414.42	0.125395
3474.04	0.122499
3531.5	0.119778
3588.77	0.117199
3644.17	0.114728
3696.54	0.112369
3749.34	0.110127
3801.85	0.107974
3854.36	0.10587
3907.93	0.1038
3961.62	0.101777
4014.57	0.099833
4070.13	0.0979459
4122.02	0.0963865
4175.94	0.0953873
4231.64	0.0957237
4287.19	0.099591
4340.45	0.112399
4405.63	0.150111
4471.88	0.231363
4560.97	0.333173
4642.73	0.380012
4717.95	0.41187
4790.09	0.443356
4857.54	0.475569
4917.87	0.510532
4979.82	0.541438
5040.04	0.573499
5099.59	0.599323
5162.62	0.629225
5222.51	0.682205
5277.52	0.761422
5272.06	0.552322
5267.47	0.368614
5264.4	0.231513
2536.97	0.172011
2536.87	0.171323
2536.52	0.170105
2612.28	0.168276
2685.29	0.165172
2756.85	0.161451
2828.09	0.157448
2898.87	0.153354
2969.14	0.149288
3038.92	0.145316
3107.35	0.14149
3171.71	0.13791
3234.71	0.134527
3298.4	0.131235
3357.61	0.128187
3415.25	0.125403
3470.39	0.122725
3529.48	0.119892
3585.61	0.117296
3640.53	0.114821
3693.4	0.112478
3746.45	0.110235
3798.58	0.108084
3851.55	0.105977
3905.37	0.103896
3960.44	0.101836
4011.98	0.0999654
4066.63	0.0981007
4120.46	0.0963586
4177.01	0.0946371
4234.18	0.0936506
4291.87	0.0942285
4350.78	0.100343
4414.05	0.125305
4476.1	0.191718
4552.4	0.314355
4640.38	0.37641
4715.57	0.419104
4789.88	0.453674
4859.87	0.486261
4927.53	0.517827
4979.09	0.5409
5041.8	0.571084
5102.16	0.597173
5162.89	0.627328
5221.13	0.681275
5275.24	0.761616
5269.55	0.553971
5265.03	0.3675
5262.03	0.229285
2536.43	0.172061
2536.26	0.171381
2535.85	0.170172
2610.45	0.168354
2683.84	0.165249
2756.24	0.161494
2828.06	0.157445
2899.47	0.153302
2970.68	0.149173
3042.21	0.145096
3115.39	0.141051
3175.92	0.137625
3237.26	0.134406
3297.37	0.131297
3359.11	0.128123
3418.15	0.125181
3477.5	0.122335
3530.37	0.119835
3583.67	0.117398
3639.02	0.114893
3690.27	0.11261
3744.77	0.110344
3794.84	0.108274
3848.39	0.106178
3902.16	0.104104
3952.69	0.102133
4009.03	0.100085
4064.85	0.0982153
4121.06	0.0967112
4178.78	0.0962316
4237.57	0.0983066
4296.48	0.103462
4356.69	0.122377
4418.85	0.195
4486.31	0.255444
4566	0.32892
4640.56	0.376589
4706.5	0.417821
4787.93	0.447308
4859.4	0.47824
4925.72	0.510233
4987.51	0.543169
5043.06	0.567241
5101.65	0.59505
5160.68	0.625447
5217.36	0.68018
5270.4	0.761903
5264.81	0.55237
5260.74	0.358258
5257.99	0.222001
2536.07	0.172093
2535.9	0.171414
2535.54	0.170204
2609.71	0.168386
2683.22	0.165281
2756.02	0.16151
2828.24	0.157438
2900.03	0.153271
2971.63	0.149119
3043.56	0.145021
3117.29	0.140961
3177.99	0.137531
3240.2	0.134213
3302.17	0.130997
3363.12	0.127897
3420.58	0.125021
3477.33	0.122292
3532.65	0.119683
3590.15	0.117078
3641.73	0.114798
3684.04	0.11291
3737.57	0.110692
3791.77	0.10845
3845.37	0.106305
3898.9	0.104228
3952.36	0.10224
4007.48	0.100429
4063.68	0.0992036
4121.22	0.0999366
4180.46	0.106889
4241.34	0.128463
4299.61	0.144873
4357.47	0.173762
4415.07	0.213789
4497.35	0.292837
4574.02	0.350098
4646.89	0.386483
4717.28	0.414995
4789.79	0.440239
4858.79	0.468762
4923.83	0.499473
4984.53	0.532225
5039.38	0.566978
5098.04	0.592843
5155.97	0.622566
5210.75	0.677762
5261.78	0.762198
5257.59	0.537639
5254.73	0.328388
5253.19	0.211553
2535.9	0.172106
2535.75	0.171427
2535.44	0.170214
2609.52	0.168395
2683.14	0.165288
2756.17	0.16151
2828.63	0.157429
2900.55	0.153261
2971.97	0.149126
3042.85	0.145086
3112.66	0.141191
3178.3	0.137532
3243.13	0.134055
3307.79	0.130708
3370.42	0.127514
3423.59	0.124842
3478.48	0.122243
3532.71	0.119725
3583.17	0.11735
3636.29	0.114967
3685.6	0.112775
3737.27	0.110603
3789.96	0.108439
3842.93	0.106315
3896.24	0.104235
3950.05	0.102214
4004.93	0.100358
4061.08	0.0993733
4119.22	0.103425
4179.05	0.133058
4246.45	0.245699
4301.24	0.257516
4365.26	0.304658
4430.31	0.354369
4503.5	0.391865
4577.43	0.41809
4649.78	0.441016
4720.31	0.462927
4789.74	0.483258
4857.01	0.504139
4921.54	0.527794
4983.29	0.553569
5043.85	0.578673
5092.59	0.593127
5149.7	0.615204
5201.51	0.659615
5246.06	0.737422
5248.53	0.458822
5248.12	0.266356
5247.86	0.198979
2535.88	0.172103
2535.75	0.171423
2535.48	0.170209
2609.68	0.168388
2683.48	0.165275
2756.72	0.161489
2829.35	0.157402
2901.33	0.153233
2972.59	0.149104
3042.94	0.145082
3111.94	0.141202
3179.15	0.137484
3246	0.133903
3315.19	0.130363
3369.33	0.12753
3427.25	0.124684
3480.44	0.122092
3532.93	0.119635
3583.82	0.117279
3634.75	0.114998
3684.98	0.112794
3736.22	0.110632
3788.24	0.108497
3840.65	0.106396
3893.68	0.104328
3947.41	0.1023
4001.93	0.100357
4057.3	0.0987542
4115.53	0.0987374
4175.91	0.105609
4239.14	0.131536
4301.19	0.157874
4362.2	0.184674
4422.3	0.224004
4501.69	0.290945
4577.78	0.342483
4650.53	0.3798
4720.55	0.411254
4788.9	0.442003
4855.18	0.472885
4919	0.504315
4980.26	0.536583
5039.31	0.5685
5096.34	0.596037
5147.53	0.618644
5199.62	0.675431
5249.25	0.762544
5245.15	0.516187
5243.26	0.288951
5242.47	0.199389
2536.02	0.172085
2535.89	0.171404
2535.62	0.17019
2610.14	0.168364
2684.21	0.16524
2757.68	0.161441
2830.48	0.157343
2902.58	0.153166
2973.88	0.149036
3044.08	0.145018
3112.76	0.14115
3180.08	0.137451
3246.28	0.133922
3310.45	0.130571
3370.87	0.127435
3435.5	0.124298
3482.99	0.121931
3534.73	0.11956
3584.45	0.117279
3634.01	0.115067
3683.51	0.112905
3734.64	0.110753
3786.49	0.108631
3838.21	0.106559
3891.01	0.104516
3944.72	0.102513
3998.9	0.1006
4051.58	0.0989296
4110.35	0.0979157
4169.21	0.10192
4229.59	0.129174
4296.4	0.234259
4357.65	0.276541
4424.9	0.324091
4496.55	0.353676
4573.09	0.371243
4647.84	0.391072
4716.34	0.412013
4784.46	0.431349
4850.67	0.461758
4914.37	0.493239
4975.42	0.525879
5033.88	0.558854
5089.67	0.58878
5140.8	0.621333
5193.88	0.676274
5243.86	0.762679
5239.7	0.523802
5237.7	0.295397
5237.01	0.201795
2536.31	0.172051
2536.17	0.171369
2535.89	0.170156
2610.92	0.168324
2685.39	0.165181
2759.12	0.161361
2832.08	0.157245
2904.38	0.153054
2976	0.14891
3046.48	0.144884
3114.64	0.141031
3181.88	0.137353
3248.33	0.133845
3309.23	0.130629
3368.01	0.127613
3426.42	0.124735
3481.14	0.12205
3539.66	0.119351
3585.4	0.117232
3633.36	0.115127
3679.61	0.113085
3732.12	0.110854
3785.14	0.108685
3834.5	0.106701
3887.4	0.104663
3941.75	0.102637
3996.74	0.10071
4053.41	0.099096
4105.92	0.0984557
4160.95	0.100185
4214.54	0.109398
4280.69	0.140188
4340.62	0.188981
4408.76	0.265653
4477.17	0.35872
4565.42	0.403049
4644.28	0.438421
4721	0.46659
4776.08	0.467978
4843.32	0.492338
4907.47	0.519489
4968.84	0.547703
5027.78	0.575705
5085.11	0.599352
5141.68	0.629718
5184.92	0.662906
5230.1	0.739079
5232.05	0.448845
5231.89	0.26252
5231.68	0.205275
2536.75	0.172
2536.61	0.171318
2536.31	0.170105
2612.13	0.168264
2687.17	0.165094
2761.11	0.161249
2834.12	0.157112
2906.62	0.152896
2978.99	0.148712
3050.93	0.144636
3117.17	0.140843
3184.21	0.137176
3255.68	0.133456
3309.9	0.13059
3365.34	0.127786
3420.88	0.125051
3475.38	0.122415
3529.71	0.119868
3580.88	0.117499
3631.54	0.115233
3683.01	0.113002
3729.31	0.111025
3775.92	0.109084
3831.03	0.106904
3882.5	0.104818
3938.35	0.102687
3992.94	0.100667
4047.33	0.098753
4101.75	0.0970127
4157.23	0.0957364
4214.14	0.0958931
4275.45	0.100713
4337.39	0.116195
4399.01	0.162015
4475.13	0.276565
4559.54	0.360608
4637.84	0.400038
4703.46	0.42912
4769.77	0.449732
4835.74	0.478076
4900.17	0.507392
4961.82	0.538285
5021.1	0.569378
5079.1	0.59603
5136.14	0.628065
5189.78	0.688232
5235.14	0.762646
5230.46	0.528641
5228.18	0.30215
5226.8	0.205485
2537.34	0.171931
2537.22	0.171246
2536.93	0.170031
2614	0.168177
2689.87	0.164973
2763.83	0.161106
2836.46	0.156967
2908.72	0.152739
2982.15	0.148469
3060.79	0.144068
3118.63	0.140711
3181.83	0.137333
3246.03	0.133993
3306.37	0.130864
3362.13	0.127995
3416.77	0.125292
3469.96	0.122718
3524.63	0.120102
3577.28	0.11767
3628.73	0.115364
3680.5	0.113122
3726.39	0.111152
3772.04	0.109205
3829.21	0.106931
3884.92	0.104745
3936.94	0.102772
3990.16	0.100814
4042.21	0.0989156
4097.58	0.0969306
4153.19	0.0951711
4210.16	0.0938787
4269.26	0.0944423
4331.42	0.102836
4393.15	0.14134
4464.99	0.25664
4550.06	0.350627
4631.02	0.395229
4689.35	0.416366
4768.41	0.442179
4824.88	0.466555
4891.15	0.496797
4953.24	0.529008
5012.83	0.561495
5071.37	0.589998
5128.99	0.61784
5182.65	0.670587
5228.03	0.762388
5226.31	0.505531
5223.48	0.307464
5221.66	0.209038
2538.06	0.171847
2538.01	0.171152
2537.84	0.169923
2616.93	0.168038
2694.33	0.16478
2767.68	0.160918
2838.92	0.156851
2909.4	0.152745
2979.78	0.148678
3049.77	0.144718
3113.84	0.141055
3177.69	0.137555
3242.34	0.134121
3309.98	0.130649
3360.68	0.127997
3414.3	0.125368
3469.26	0.122744
3521.52	0.120276
3574.87	0.117861
3625.69	0.115608
3674.85	0.113431
3725.07	0.111233
3776.36	0.109076
3829.28	0.106955
3882.87	0.104869
3936	0.102848
3989.16	0.100886
4041.56	0.0989903
4094.3	0.0971358
4149.06	0.0955545
4205.34	0.0946475
4261	0.0966916
4325.06	0.117471
4384.54	0.177676
4450.48	0.235733
4542.98	0.307388
4620.07	0.372818
4694.53	0.410883
4754.67	0.432554
4817.47	0.463814
4881.33	0.496825
4942.77	0.53101
5002.27	0.56462
5062	0.592761
5121.23	0.6225
5177.25	0.677331
5228.72	0.762102
5222.92	0.546911
5218.67	0.34748
5215.83	0.220216
2538.85	0.171756
2538.91	0.171044
2539.07	0.169774
2621.4	0.167802
2702.68	0.164389
2773.42	0.160591
2841.9	0.156678
2909.92	0.152735
2977.54	0.148832
3044.4	0.145023
3108.98	0.14137
3172.48	0.137877
3235.36	0.13452
3297.21	0.131308
3353.77	0.128372
3409.41	0.125605
3465.13	0.12292
3518.35	0.12045
3569.07	0.118068
3624.04	0.1156
3676.75	0.113277
3729.45	0.111034
3778.35	0.108985
3828.65	0.106955
3882.05	0.104891
3935.66	0.102857
3989.34	0.100883
4042.54	0.0990063
4091.19	0.0974068
4143.65	0.0960768
4199.27	0.0955466
4262.57	0.0976573
4318.24	0.102521
4378.42	0.124858
4431.95	0.180584
4530.68	0.299422
4602.7	0.38047
4684.08	0.420955
4756.63	0.455932
4814.88	0.478491
4869.01	0.500776
4930.05	0.535529
4988.38	0.56983
5050.52	0.596025
5111.89	0.625945
5169.95	0.680207
5223.61	0.761956
5217.25	0.55688
5212.31	0.37104
5209.43	0.232196
2539.59	0.171678
2539.71	0.170952
2540.24	0.169626
2626.79	0.167465
2721.37	0.163415
2781.23	0.160054
2845.13	0.156429
2910.58	0.152679
2975.77	0.148925
3041.03	0.145215
3104.93	0.141625
3167.6	0.138179
3229.16	0.134876
3289.47	0.131723
3347.55	0.128717
3404.28	0.125922
3458.36	0.123242
3515.32	0.12056
3570.86	0.117996
3624.69	0.115565
3678.77	0.113222
3734.5	0.110897
3779.42	0.108972
3823.6	0.107131
3881.29	0.104896
3935.91	0.1028
3991.26	0.100773
4042.04	0.0989977
4092.04	0.0974049
4142.87	0.0960649
4201.24	0.0957705
4251.97	0.0991185
4316.02	0.114325
4376.1	0.163263
4440.85	0.232916
4526.74	0.322515
4598.58	0.3847
4675.38	0.422535
4745.17	0.457243
4811.11	0.490589
4860.72	0.516288
4915.98	0.539685
4967.81	0.575946
5037.05	0.59863
5100.91	0.628047
5160.47	0.681572
5215.27	0.761955
5209.02	0.558761
5203.91	0.380977
5200.99	0.239686
2540.23	0.171625
2540.11	0.170925
2539.97	0.169676
2623.95	0.167684
2707.29	0.164175
2781.93	0.16016
2845.7	0.156424
2911.26	0.152702
2973.65	0.149082
3039.52	0.14531
3102.56	0.141753
3164.26	0.138348
3224.76	0.135068
3285.05	0.131963
3341.59	0.128973
3399.77	0.126049
3456.47	0.123249
3514.29	0.120504
3575.29	0.117731
3625.04	0.115448
3679.03	0.113165
3735.39	0.110848
3784.01	0.108796
3833.4	0.106814
3884.15	0.104837
3936.12	0.10288
3985.69	0.101008
4036.08	0.0991603
4091.26	0.0974182
4145.35	0.0963757
4201.67	0.0970202
4258.11	0.101614
4318.11	0.116412
4378.22	0.163279
4450	0.271392
4526.76	0.357625
4597.32	0.408541
4666.65	0.445368
4731.87	0.463943
4798.57	0.493477
4860.14	0.523956
4904.61	0.543122
4963.19	0.575476
5026.05	0.599255
5089.14	0.628991
5149.14	0.682348
5204.5	0.762098
5198.4	0.558957
5193.29	0.38492
5190.34	0.243152
2540.99	0.171568
2540.52	0.170903
2539.62	0.169734
2621.6	0.167849
2701.7	0.164509
2776.94	0.160568
2846.2	0.156553
2913.61	0.152597
2980.06	0.148697
3040.56	0.14518
3101.23	0.141802
3160.42	0.138583
3222.41	0.135201
3281.89	0.132063
3338.9	0.129075
3396.53	0.126175
3453.28	0.123386
3509.94	0.120687
3567.83	0.118033
3619.09	0.115662
3675.82	0.113232
3738.5	0.110666
3786.15	0.108664
3836.14	0.106666
3888.37	0.104663
3936.53	0.102812
3988.48	0.100942
4039.4	0.099502
4092.66	0.0993705
4146.66	0.103577
4202.68	0.116358
4260.62	0.136836
4317.55	0.171038
4382.5	0.265876
4457.46	0.361579
4522.11	0.377927
4590	0.405957
4644.34	0.429771
4720.13	0.452102
4787.01	0.482331
4847.85	0.515313
4902.14	0.55135
4951.66	0.575695
5011.97	0.599889
5075.33	0.629874
5135.78	0.683102
5191.53	0.762402
5185.55	0.558853
5180.49	0.386269
5177.52	0.24436
2542.24	0.171466
2541.34	0.170833
2539.7	0.16972
2621	0.167876
2700.78	0.164559
2777.7	0.160574
2848.32	0.156483
2916.62	0.15245
2977.61	0.148816
3038.87	0.145323
3102.54	0.141715
3166.24	0.138218
3222.28	0.135147
3280.9	0.132121
3335.34	0.129278
3393.92	0.126325
3449.98	0.123578
3504.25	0.120976
3556.46	0.118523
3607.67	0.116163
3666.72	0.113643
3726.65	0.111133
3782.09	0.108793
3837.81	0.106547
3898.3	0.104321
3946.14	0.102712
3993.1	0.101845
4041.24	0.103231
4093.92	0.113654
4145.23	0.151478
4198.9	0.208034
4260.23	0.271612
4320.22	0.311195
4384.61	0.353929
4447.97	0.377227
4512.31	0.398804
4575.45	0.424189
4642.98	0.447416
4711.37	0.468673
4776.22	0.49668
4837.6	0.52759
4897.54	0.558943
4946.71	0.583008
4992.01	0.602275
5059.28	0.631122
5120.44	0.68395
5176.42	0.762886
5170.53	0.558637
5165.59	0.385932
5162.62	0.243944
2544.4	0.171285
2542.93	0.170686
2540.28	0.169627
2621.76	0.167797
2702.53	0.164424
2784.52	0.160192
2852.51	0.156228
2913.55	0.152632
2978.19	0.148825
3041.06	0.145181
3103.51	0.141647
3164.73	0.138263
3223.59	0.135063
3282.55	0.131978
3341.17	0.128975
3393.6	0.126344
3448.26	0.123732
3500.45	0.121221
3546.01	0.119057
3588.39	0.117053
3656.77	0.114133
3719.46	0.111451
3778.02	0.108972
3835.1	0.106649
3892.08	0.104441
3945.45	0.102433
3994.86	0.100786
4046.14	0.100102
4096.52	0.102587
4146.73	0.115818
4198.05	0.150312
4252.99	0.168796
4308.97	0.182161
4372.38	0.263206
4438.22	0.312326
4499.69	0.349607
4558.47	0.395386
4634.79	0.421451
4702.83	0.450651
4765.99	0.481776
4825.63	0.514212
4883.2	0.546798
4935.23	0.579497
4992.33	0.604812
5044.09	0.631481
5103.63	0.684318
5159.07	0.763574
5153.37	0.557726
5148.72	0.383022
5145.79	0.241126
2548.02	0.171002
2545.68	0.170447
2541.4	0.16947
2623.09	0.167708
2702.84	0.164444
2779.87	0.160495
2850.37	0.156438
2915.84	0.152524
2980.25	0.148717
3043.33	0.145049
3105.38	0.14153
3165.26	0.138205
3224.45	0.135012
3284.25	0.13189
3338.7	0.129072
3394.81	0.126313
3447.1	0.123803
3496.63	0.121393
3548.43	0.118932
3599.9	0.116599
3652.53	0.114254
3716.53	0.111565
3775.67	0.109069
3832.89	0.10673
3889.99	0.104488
3949.38	0.102292
3995.53	0.100705
4044.69	0.0994978
4092.79	0.0985739
4147.43	0.0998308
4195.47	0.106238
4252.14	0.124258
4302.99	0.165934
4360.37	0.188494
4417.76	0.194597
4483.11	0.2575
4558.34	0.347495
4628.58	0.40053
4693.71	0.439024
4754.38	0.475504
4811.33	0.512528
4870.79	0.546932
4930.02	0.578888
4979.24	0.601034
5036.88	0.634199
5084.3	0.684568
5138.51	0.764447
5134	0.551283
5130.18	0.373475
5127.38	0.234492
2553.98	0.1706
2550.39	0.170087
2543.57	0.169187
2626.21	0.167473
2705.66	0.164249
2781.53	0.160352
2852.99	0.156271
2918.9	0.152332
2983.3	0.148537
3046.32	0.14487
3109.08	0.141291
3166.12	0.138139
3224.37	0.135049
3280.99	0.132061
3337.81	0.129173
3389.98	0.126497
3447.06	0.123711
3500.93	0.121107
3554.55	0.118605
3607.79	0.116199
3659.51	0.113902
3718.57	0.111429
3775.47	0.109064
3831.15	0.106805
3886.11	0.104646
3939.86	0.102608
3990.47	0.10077
4040.86	0.0990993
4091.46	0.0977328
4142.92	0.0970538
4195.96	0.0978795
4244.39	0.100146
4296.88	0.102952
4355.8	0.110143
4412.67	0.126675
4469.72	0.191408
4551.38	0.31346
4619.45	0.384208
4682.85	0.428071
4741.37	0.467661
4790.12	0.505723
4854.95	0.535568
4912.26	0.566537
4962.93	0.594795
5019.4	0.621809
5072.19	0.671222
5112.14	0.746713
5113.05	0.51586
5110.72	0.350838
5108.1	0.225787
2563.53	0.170081
2558.29	0.169599
2547.87	0.16873
2632.37	0.167022
2711.85	0.163809
2787.34	0.159915
2860.87	0.15571
2923.17	0.151989
2987.41	0.148288
3049.19	0.144741
3108.61	0.141319
3166.44	0.138101
3225.06	0.135015
3281.46	0.131984
3338.8	0.129029
3394.1	0.126223
3449.96	0.123496
3505.29	0.120858
3560.89	0.118292
3617.15	0.115782
3671.83	0.113361
3722.89	0.111209
3776.69	0.109026
3830.49	0.106872
3883.94	0.104775
3935.63	0.102716
3986.84	0.100798
4037.36	0.0989969
4086.92	0.0973877
4136.1	0.0959706
4190.25	0.0942712
4243.39	0.0933806
4300.13	0.0951587
4351.46	0.104277
4403.31	0.130403
4460.88	0.220472
4541.9	0.342108
4606.05	0.386971
4670.22	0.424353
4726.37	0.458937
4784.36	0.494592
4842.61	0.529881
4898.29	0.56436
4953.71	0.593911
5001.32	0.620727
5053.53	0.67538
5102.02	0.763721
5094.95	0.545849
5091.51	0.352226
5088.84	0.227988
2578.29	0.169461
2571.37	0.168996
2557.86	0.168062
2643.4	0.166285
2721.81	0.163148
2794.83	0.159433
2860.2	0.155672
2928.84	0.15166
2995.05	0.147795
3051.65	0.144508
3108.32	0.141309
3169.23	0.137939
3227.82	0.134776
3284.9	0.131745
3341.5	0.128831
3397.33	0.126024
3453.14	0.123304
3509.14	0.12065
3566.42	0.118026
3628	0.115343
3671.82	0.113319
3725.24	0.111079
3778.14	0.1089
3830.54	0.106786
3882.72	0.104736
3933.29	0.102772
3984.65	0.100866
4033.25	0.0991289
4083.68	0.0972914
4134.3	0.0955604
4186.81	0.0938937
4240.11	0.0926853
4293.68	0.0937724
4347.29	0.107105
4400.78	0.177197
4456.35	0.242488
4525.86	0.305376
4594.12	0.360027
4657.58	0.407095
4716.65	0.446955
4773.7	0.484977
4828.91	0.521795
4881.73	0.557634
4932.55	0.589304
4979.28	0.623465
5032.44	0.680806
5082.89	0.767052
5075.56	0.565903
5071.56	0.419274
5068.42	0.264684
2599.94	0.168731
2591.01	0.168325
2570.98	0.16745
2661.03	0.165537
2739.83	0.162187
2809.75	0.158473
2877.23	0.154577
2936.61	0.151131
2993.55	0.147796
3056.09	0.144215
3115.15	0.140863
3173.96	0.137621
3231.69	0.134509
3288.45	0.131517
3344.59	0.128637
3400.28	0.125855
3455.83	0.123159
3511.47	0.120535
3567.48	0.117976
3623.54	0.115494
3675.27	0.113187
3728.21	0.11095
3780.29	0.108792
3831.14	0.10673
3883.56	0.104691
3930.75	0.102884
3977.82	0.101081
4029.89	0.0991851
4081.27	0.0973512
4131.8	0.0956127
4183.94	0.0940224
4237.97	0.0932702
4288.29	0.0954748
4341.83	0.105468
4394.56	0.111055
4451.79	0.141138
4508.8	0.22995
4577.03	0.331504
4641.97	0.394514
4703.26	0.437896
4760.19	0.477559
4813.66	0.516293
4864.25	0.554715
4913.24	0.589138
4963.28	0.62355
5007.87	0.681826
5056.3	0.769077
5048.02	0.574954
5043.05	0.424053
5040.86	0.270419
2630.44	0.167773
2621.67	0.16743
2592.82	0.166616
2689.67	0.164293
2766.5	0.160726
2826.8	0.157424
2883.11	0.154111
2945.46	0.150513
3004.39	0.147077
3063.63	0.1437
3121.83	0.140432
3179.36	0.137273
3236.13	0.134227
3292.21	0.131288
3347.78	0.12845
3403.02	0.125703
3458.12	0.123037
3513.19	0.120444
3568.3	0.117921
3623.3	0.11547
3677.51	0.113102
3732.1	0.110811
3783.88	0.108652
3830.46	0.106764
3876.99	0.104928
3927.84	0.102958
3977.09	0.101089
4028.1	0.0992428
4080.73	0.0974006
4128.85	0.0957585
4180.47	0.094174
4229.14	0.0927057
4283.21	0.0913316
4336.73	0.0911341
4390.41	0.0926895
4445.49	0.10578
4498.75	0.159007
4567.91	0.292131
4621.67	0.38001
4688.16	0.425336
4745.32	0.466058
4797.35	0.506139
4845.54	0.546235
4890.69	0.583422
4933.73	0.618191
4974.75	0.680904
5020.76	0.77107
5015.83	0.57203
5013.06	0.411918
5011.04	0.254198
2669.62	0.16644
2672.3	0.165972
2684.05	0.164923
2738.08	0.162251
2791.22	0.159331
2845.5	0.156214
2900.31	0.152995
2957.38	0.149689
3014.52	0.146401
3071.83	0.143161
3128.76	0.139994
3185.1	0.136918
3240.85	0.13394
3296.08	0.131059
3350.93	0.12827
3405.56	0.125564
3460.11	0.122932
3514.62	0.120369
3569.04	0.117873
3623.73	0.115432
3679.34	0.113022
3738.88	0.110565
3780.82	0.108758
3830.11	0.10676
3879.29	0.104832
3927.1	0.102978
3975.27	0.101169
4025.51	0.0993838
4074.79	0.0976203
4126.64	0.0957751
4177.63	0.0940481
4228.09	0.0923935
4280.14	0.0908327
4332.77	0.0896531
4385.81	0.0899361
4439.81	0.0969065
4493.95	0.129087
4547.61	0.224578
4615.88	0.34031
4675.65	0.402174
4730.43	0.445956
4780.75	0.486588
4826.84	0.5271
4868.28	0.567385
4902.46	0.601494
4937.09	0.636528
4970.42	0.667813
4980.67	0.535113
4983.38	0.36299
4983.08	0.217067
2705.97	0.164841
2713.7	0.164194
2732.77	0.162835
2769.97	0.160583
2814.54	0.157936
2863.34	0.15505
2914.93	0.15202
2968.86	0.148906
3024.1	0.145765
3080	0.14264
3135.84	0.139563
3191.01	0.136564
3245.65	0.133656
3299.93	0.130838
3353.88	0.128105
3407.81	0.125445
3461.83	0.122849
3515.88	0.120315
3569.29	0.117862
3623.1	0.115473
3677.2	0.113136
3731.38	0.11086
3782.43	0.108715
3830.16	0.106774
3883.38	0.104737
3926.53	0.103058
3967.26	0.101457
4023.47	0.0994354
4075.67	0.0975499
4126.44	0.095756
4176.62	0.0940464
4226.91	0.0924111
4278.1	0.0909352
4330.07	0.0900836
4381.8	0.0916442
4434.44	0.102799
4486.63	0.145247
4542.23	0.256954
4606.11	0.362313
4660.42	0.39277
4714.29	0.432952
4763.81	0.467049
4809.26	0.498437
4848.93	0.527999
4883.23	0.556685
4913.56	0.575618
4938.79	0.567875
4952.91	0.457277
4957.55	0.263873
4961.37	0.182877
2734.42	0.163315
2743.58	0.162594
2763.15	0.161191
2794.22	0.159168
2833.35	0.156748
2878.09	0.154065
2926.85	0.151207
2978.66	0.148236
3032.6	0.145204
3087.81	0.142156
3143.15	0.139141
3197.03	0.136215
3250.37	0.133381
3303.67	0.130624
3356.46	0.127965
3409.62	0.125359
3463.17	0.122796
3517.52	0.120259
3568.93	0.117886
3622.04	0.115559
3674.93	0.113278
3727.07	0.111072
3775.62	0.109007
3827.55	0.106875
3878.34	0.104871
3926.13	0.102998
3973.88	0.101178
4026.25	0.0992954
4078.96	0.09743
4127.97	0.0956945
4176.8	0.0940473
4226.3	0.0925002
4276.89	0.0913587
4329.23	0.092474
4378.18	0.100147
4429.17	0.128924
4482.5	0.192187
4537.16	0.231184
4588.57	0.242408
4646.06	0.27875
4700.31	0.339413
4748.84	0.386181
4793.55	0.421586
4833.07	0.449926
4866.6	0.47155
4894.77	0.477871
4917.57	0.444874
4932.01	0.330781
4938.69	0.189982
4943.78	0.143645
2753.5	0.162139
2762.85	0.161409
2781.79	0.160042
2810.14	0.158153
2846.27	0.155886
2888.47	0.153346
2935.37	0.150608
2985.94	0.147727
3039.42	0.144747
3095.07	0.141712
3151.49	0.138689
3203.13	0.135867
3254.71	0.13313
3307.51	0.130395
3358.25	0.127871
3410.68	0.125335
3463.37	0.12283
3515.34	0.120392
3568.63	0.117907
3621.4	0.115547
3673.68	0.11327
3725.21	0.111074
3775.58	0.108959
3826.36	0.106896
3876.7	0.104902
3926.3	0.102973
3976.53	0.101079
4029.5	0.0991636
4086.94	0.0971692
4130.81	0.0956085
4177.63	0.0940809
4226.05	0.0926279
4275.46	0.0914168
4322.52	0.0904271
4375.51	0.0903581
4428.22	0.0949867
4481.82	0.109047
4535.24	0.125769
4587.6	0.134566
4639.92	0.147904
4688.71	0.184381
4731.63	0.226543
4778.4	0.27901
4819.8	0.315375
4853.35	0.332359
4881.08	0.330036
4904.18	0.299398
4916.22	0.201854
4926.65	0.141111
4931.56	0.108387
2763.01	0.161492
2772.29	0.16077
2790.78	0.159436
2818	0.157616
2852.8	0.155428
2893.81	0.152962
2939.83	0.150283
2989.93	0.147435
3043.63	0.144447
3101.11	0.141323
3164.17	0.138011
3208.83	0.135539
3257.39	0.133016
3304.87	0.130519
3358.14	0.127874
3410.9	0.125298
3463.51	0.122779
3515.92	0.120313
3568.63	0.117889
3621.1	0.11554
3673.13	0.113269
3724.53	0.111076
3775.28	0.108958
3825.85	0.106905
3876.18	0.104912
3926.36	0.102971
3977.1	0.101067
4029.08	0.0991847
4081.47	0.0973395
4129.36	0.0956369
4176.96	0.0940217
4225.2	0.0924497
4274.06	0.0909255
4323.14	0.0894708
4374.6	0.0882384
4427.02	0.0877878
4480.12	0.0890085
4533.18	0.0919263
4585.54	0.0948825
4636.96	0.100452
4685.95	0.115028
4731.3	0.137047
4774.48	0.159711
4813.13	0.182329
4845.72	0.199789
4872.59	0.20332
4894.22	0.184774
4910.34	0.144035
4920.43	0.106689
4925.17	0.0882043
4095.44	0.09684
4131.19	0.0956184
4177.78	0.0941291
4226.19	0.0927803
4276.15	0.0921068
4314.01	0.0936235
4333.03	0.0968887
4377.67	0.107919
4427.68	0.149962
4481.27	0.282455
4537.01	0.403613
4586.1	0.453923
4611.08	0.513791
4659.06	0.517576
4713.67	0.548901
4763.27	0.571368
4809	0.591836
4848.4	0.603211
4870.1	0.618049
4899.82	0.618791
4913.4	0.636324
2640.61	0.166986
2692.84	0.164664
2744.99	0.162017
2770.2	0.160473
2831.06	0.157139
2901.92	0.153182
2949.14	0.150467
2972.44	0.148957
3032.08	0.145644
3100.05	0.141938
3147.1	0.139337
3172.53	0.137779
3232.38	0.134666
3298.4	0.131315
3342.7	0.129057
3368.46	0.127624
3427.68	0.124813
3491.06	0.121873
3529.46	0.120032
3553.78	0.118775
3607.69	0.116384
3662.42	0.113989
3691.88	0.112665
3706.98	0.111928
3654.78	0.114269
3679.23	0.113138
3728.29	0.111102
3780.33	0.109027
3826.08	0.107117
3877.3	0.105118
3925.05	0.103282
3974.02	0.101515
4010.14	0.100226
4029.3	0.0994117
4074.92	0.0979325
4125.58	0.0965894
4176.86	0.0961029
4221.21	0.0977664
4269.54	0.102769
4325.79	0.115209
4382.54	0.150894
4433.79	0.230356
4444.17	0.325136
4253.7	0.454099
4301.67	0.491067
4364.93	0.521096
4430.58	0.540763
4503.28	0.549537
4577.03	0.558003
4649.36	0.567656
4719.95	0.577218
4789.33	0.585624
4856.61	0.594258
4921.21	0.605886
4983.01	0.623168
5042.9	0.636697
5092.58	0.663385
5149.13	0.671109
5200.69	0.683157
5243.1	0.690536
5245.75	0.496935
4261.61	0.110067
4295.98	0.1529
4310.66	0.257921
4346.44	0.326778
4399.99	0.424652
4457.76	0.487629
4512.16	0.525968
4538.62	0.560695
4571.56	0.561216
4629.8	0.577796
4686.69	0.592672
4746.66	0.597555
4771.72	0.623183
4803.03	0.623241
4854.49	0.660037
4902.04	0.691743
4952.34	0.704205
4983.66	0.708317
5015.72	0.707649
5058.74	0.7278
5062.25	0.547578
5061.11	0.443583
3688.09	0.112759
3711.05	0.111733
3728.63	0.110956
3763.51	0.109529
3815.96	0.10745
3867.16	0.105421
3919.69	0.103433
3954.75	0.102118
3974.96	0.101268
4024.12	0.0995363
4078.96	0.0976745
4123.31	0.0962326
4168.53	0.0953643
4188.17	0.0959642
4227.96	0.096575
4284.1	0.100625
4342.33	0.114847
4399.65	0.165937
4437.87	0.277718
4468.41	0.322015
4510.91	0.333455
2765.8	0.161007
2782.09	0.159997
2803.75	0.158713
2845.41	0.156392
2911.42	0.152689
2970.34	0.149327
2994.55	0.147751
3039.7	0.14521
3101.49	0.141799
3156.16	0.138868
3177.73	0.137513
3221.67	0.135173
3281.05	0.132127
3330.54	0.129601
3350.23	0.128468
3393.06	0.126373
3448.48	0.123742
3493.62	0.121617
3506.2	0.120891
3547.97	0.118961
3600.2	0.116616
3642	0.114814
3650.34	0.114376
3401.03	0.125946
3444.14	0.123845
3501.87	0.121166
3560.75	0.118496
3619.2	0.115902
3673.79	0.113478
3726.27	0.111225
3777.15	0.109105
3831.48	0.106947
3875.99	0.105129
3922.59	0.103313
3971.28	0.101518
4020.09	0.0998113
4070.43	0.0983358
4121.81	0.0975829
4163.36	0.0984337
4182.11	0.100061
4223.78	0.105268
4269.38	0.122844
4301.28	0.149968
3682.78	0.112854
3722.87	0.111163
3770.04	0.109235
3818.2	0.107305
3866.8	0.105399
3915.8	0.103528
3956.74	0.101991
3974.38	0.101247
4012.54	0.0998775
4061.99	0.0982291
4111.16	0.0968641
4160.54	0.0965347
4210.25	0.100086
4259.54	0.117423
4302.7	0.175827
4350.91	0.318511
4411.53	0.391303
4463.41	0.404224
4487.15	0.429979
4532.97	0.432074
4586.14	0.439709
4621.14	0.44204
3503.5	0.121102
3547.15	0.119052
3601.29	0.116629
3654.63	0.114269
3707.5	0.112004
3740.41	0.110594
3760.92	0.109639
3809.83	0.107703
3862.78	0.105641
3915.64	0.103629
3967.9	0.101715
4018.09	0.100026
4063.6	0.0989547
4119.79	0.0993444
4174.84	0.105518
4228.89	0.129972
4271.7	0.195118
4292.89	0.312837
4342.2	0.343802
4408.99	0.360885
4457.6	0.364746
3635.16	0.115011
3667.76	0.113608
3681.46	0.112933
3721.28	0.111246
3769.29	0.109274
3817.65	0.107323
3866.29	0.105404
3915.03	0.103525
3963.7	0.101691
4012.96	0.0999
4061.96	0.0981833
4094.63	0.0970739
4111.34	0.0964191
4153.61	0.0951079
4200.98	0.0939593
4249.11	0.0935379
4295.33	0.0940061
4341.72	0.0953197
4387.4	0.0995893
4427.3	0.104374
2955.51	0.150043
3002.43	0.147296
3064.93	0.143766
3128.48	0.140241
3192.04	0.136798
3255.21	0.133462
3317.71	0.130245
3379.21	0.127155
3439.43	0.124199
3498.42	0.12138
3556.17	0.118697
3612.28	0.116153
3664.94	0.113795
3719.96	0.111447
3775.34	0.109169
3828.49	0.107009
3875.34	0.10512
3918.29	0.103473
3936.9	0.102746
4038.32	0.0989022
4055.65	0.0982547
4069.93	0.097768
4107.4	0.0965876
4127.79	0.0962147
4156.16	0.095545
4193.81	0.0963437
4211.54	0.0978156
4251.49	0.105979
4267.92	0.123098
4304.29	0.151913
4330.66	0.203795
4355.75	0.247768
4407.6	0.349684
4428.77	0.402951
4482.46	0.409562
4509.45	0.452343
4555.24	0.45369
4601.18	0.471107
4630.08	0.493733
4679.16	0.498997
4698.95	0.537819
4744.52	0.539987
4780.09	0.545296
4818.87	0.544592
4865.32	0.549738
4882.81	0.550213
3862.23	0.105669
3877.3	0.104997
3919.83	0.103377
3966.74	0.101643
4013.77	0.100016
4034.14	0.0993168
4067.35	0.0982401
4116.23	0.0971708
4167.46	0.0983749
4215.68	0.109707
4236.99	0.139098
4267.18	0.169257
4321.9	0.308496
4383.05	0.389878
4449.5	0.418295
4479	0.438153
4513.48	0.438031
4587.86	0.483077
4655.03	0.500763
4717.51	0.512899
4750.27	0.516149
4780.93	0.516986
4828.22	0.520733
2585.97	0.167403
2599.58	0.167257
2643.46	0.166196
2721.45	0.163142
2794.83	0.159434
2850.74	0.156306
2870.8	0.154968
2922.64	0.151994
2987.24	0.148295
3049.6	0.144746
3088.79	0.142495
3111.45	0.141095
3165.99	0.138146
3224.44	0.135054
3279.07	0.132223
3302.32	0.130916
3338.11	0.129091
3394.54	0.126345
3447.39	0.123811
3489.47	0.121817
3505.59	0.120946
3545.44	0.119101
3581.61	0.117428
3641.95	0.114695
3662.24	0.113783
3677.49	0.113073
3722.79	0.111226
3776.68	0.109048
3830.48	0.106904
3884.19	0.104837
3912.27	0.103749
3939.45	0.102649
3990.41	0.100832
4040.91	0.0992255
4091.96	0.0982458
4138.74	0.0993798
4157.38	0.103631
4195.25	0.109711
4251.61	0.130285
4302.22	0.177037
4359.43	0.26264
4411.08	0.340901
4440.42	0.385779
4499.02	0.389497
4540.25	0.395863
4086.47	0.0973117
4095.34	0.0970371
4126.83	0.0960757
4167.97	0.0954631
4184.01	0.0963952
4221.07	0.0982469
4262.43	0.109672
4274.77	0.133041
4314.86	0.188333
4366.53	0.316459
4387.61	0.391418
4455.59	0.415683
4505.36	0.429839
4522.43	0.444323
4582.62	0.454759
4608.92	0.486112
4637.97	0.486013
4690.78	0.493157
4706.07	0.523871
4738.86	0.524401
4787.58	0.529914
4800.04	0.566475
4837.19	0.56739
4877.46	0.573436
4884.6	0.590148
4911.25	0.590764
3073.18	0.143227
3118.71	0.140688
3181.89	0.137334
3245.73	0.13402
3305.98	0.1309
3361.99	0.128023
3416.71	0.125325
3468.33	0.122868
3490.65	0.121738
3521.17	0.120283
3574.57	0.1179
3625.54	0.115632
3674.94	0.113438
3725.17	0.111246
3776.49	0.109093
3829.34	0.106979
3882.84	0.104902
3936.01	0.10289
3989.24	0.100948
4038.82	0.0992278
4058.38	0.0985787
4089.15	0.0975805
4112.11	0.0969958
3351.06	0.128558
3367.05	0.127667
3382.9	0.126799
3423.2	0.124856
3478.45	0.122258
3533.3	0.119737
3569.85	0.118067
3592.03	0.11697
3641.78	0.114809
3685.14	0.112874
3735.51	0.110837
3757.62	0.109823
3794.22	0.108315
3848.41	0.106202
3902.76	0.104125
3943.68	0.102589
3964.14	0.101709
4011.73	0.100015
4066.65	0.0981747
4119.71	0.096653
4144.39	0.0964062
4175.68	0.0958394
4231.59	0.096532
4286.92	0.10113
4323.9	0.109617
3585.4	0.117221
3589.83	0.116998
3625.47	0.115427
3679.24	0.11318
3734.8	0.110898
3784.03	0.108818
3833.51	0.106831
3884.25	0.104861
3936.02	0.102919
3986.77	0.101042
4026.9	0.099658
4046.31	0.098932
4091.57	0.0975838
4143.44	0.0964904
4200.76	0.0969774
4252.82	0.103275
4315.5	0.128355
4373.28	0.211046
4441.66	0.350792
4525.29	0.374745
4567.47	0.382597
4578.99	0.380862
3746.94	0.110188
3778.39	0.108894
3795.77	0.108145
3830.46	0.106776
3871.82	0.105206
3888.53	0.104482
3930.86	0.102905
3966.34	0.101622
3986.23	0.100814
4033.02	0.0992038
4058.45	0.0984421
4086.94	0.0975039
4134.08	0.0967555
4154.07	0.0982927
4195.64	0.100015
4238.31	0.11451
4256.24	0.140741
4301.53	0.197535
4347.08	0.328455
4373.67	0.385285
4437.53	0.408931
4470.49	0.429239
4512.06	0.428736
4572.91	0.431432
4600.45	0.430607
4632.38	0.430291
4640.57	0.430047
4644.82	0.435078
4685.93	0.435787
4705.74	0.456582
4750.59	0.457138
4768.52	0.493743
4810.63	0.494323
4823.13	0.531128
4857.79	0.532019
4870.5	0.560033
4902.25	0.560688
4915.61	0.586459
4949.02	0.586813
4960.32	0.621313
4989.67	0.622575
5006.98	0.650958
5041.56	0.651634
5053.28	0.695783
5081.96	0.697123
5088.37	0.74498
5109.28	0.746473
5101.76	0.741793
5094.41	0.601398
5081.94	0.599742
5080.14	0.595009
3886.41	0.104597
3927.33	0.10305
3954.2	0.10203
3976.16	0.101142
4025.65	0.0994047
4072.7	0.0977745
4092.72	0.0970358
4128.42	0.0958326
4180.93	0.0943745
4222.76	0.0940928
4242.44	0.09522
4287.92	0.0992932
4341.52	0.125771
4370.02	0.200371
4399.03	0.281834
4456.43	0.389881
4524.18	0.436475
4555.81	0.464528
4604.66	0.465182
4670.28	0.487457
4720.16	0.491988
4743.95	0.505464
4785.16	0.50615
3618.69	0.115776
3653.11	0.114255
3695.72	0.112474
3712.77	0.111677
3752.33	0.110071
3805.39	0.10796
3856.84	0.105879
3910.93	0.103809
3964.15	0.10182
4015.74	0.0999589
4063.29	0.098398
4083.94	0.0977302
4121.29	0.0966534
4176.03	0.0958628
4231.62	0.0967673
4287.05	0.102382
4341.12	0.121317
4403.37	0.173598
4470.05	0.282403
4503.05	0.310426
4537.33	0.314401
3633.88	0.115179
3676.01	0.11334
3701.53	0.112243
3728.03	0.111087
3781.62	0.10898
3808.87	0.107875
3832.36	0.106876
3876.28	0.105125
3904.89	0.104008
3924.78	0.103153
3970.91	0.101478
4002.88	0.100367
4022.29	0.0996231
4068.48	0.0981582
4103.77	0.0972797
4122.91	0.0967119
4168.79	0.0961803
4204.57	0.0981075
4221.78	0.101954
4266.6	0.114026
4302.45	0.144889
4316.54	0.177006
4359.9	0.268964
4406.48	0.310794
4411.13	0.281349
3795.31	0.108258
3829.41	0.106879
3875.59	0.105072
3921.96	0.103305
3963.39	0.101786
3979.31	0.101161
4015.33	0.0998923
4068.22	0.0981542
4120.77	0.0968307
4168.26	0.0968631
4191.49	0.0995446
4218.78	0.101514
4266.45	0.113321
4312.26	0.142419
4364.69	0.229956
4406.92	0.343082
4427.19	0.396916
4483.59	0.403708
4540.45	0.419498
4598.22	0.431387
4637.41	0.4387
4646.38	0.467773
4683.81	0.468678
4717.06	0.444828
4726.98	0.464908
4754.97	0.46304
4768.67	0.453954
4774.35	0.467347
4801.8	0.468985
4816.09	0.470844
4820.08	0.508523
4845.26	0.511093
4859.3	0.521282
4863.84	0.546982
4885.38	0.549134
4900.29	0.552415
4901.2	0.57951
4920.99	0.581361
4933.5	0.579618
4933.16	0.595565
4950	0.597303
4960.99	0.594948
4956.27	0.611603
4968.54	0.622599
4977.06	0.623618
4965.24	0.645332
4971.44	0.678238
4972.86	0.680019
3402	0.125841
3414.65	0.125189
3442.53	0.123844
3457.87	0.123101
3488.99	0.121661
3505.6	0.120868
3526.38	0.119922
3552.4	0.118734
3567.65	0.118038
3598.22	0.116696
3615.03	0.115936
3638.27	0.114952
3663.22	0.113867
3681.32	0.11305
3712.8	0.111736
3729.64	0.111011
3753.57	0.110067
3775.55	0.109164
3789.33	0.108599
3819.77	0.107389
3834.87	0.106704
3853.36	0.105945
3866.11	0.105385
3743.49	0.110417
3786.67	0.108665
3829.19	0.107031
3842.55	0.10643
3883.8	0.104866
3936.57	0.1029
3977.53	0.10141
3995.9	0.100628
4041.57	0.0990681
4092.65	0.0975211
4128.86	0.0967981
4147.26	0.0964757
4199.57	0.09671
4263.39	0.103117
4298.5	0.123514
4325.18	0.140078
4382.38	0.232222
4451.46	0.376877
4496.34	0.401246
4548.36	0.401139
4629.57	0.414567
4682.88	0.420522
4690.84	0.429754
4690.92	0.432769
3650.06	0.114383
3684.33	0.112895
3737.64	0.110703
3791.74	0.108477
3845.37	0.106335
3898.91	0.10427
3952.5	0.102325
4007.6	0.100675
4063.82	0.0999709
4121.4	0.102115
4180.57	0.111371
4240.98	0.132236
4299.09	0.156442
4354.47	0.208862
4397.45	0.305003
4420.72	0.33453
4486.57	0.388809
4565.34	0.404685
4639.26	0.411686
4697.14	0.418497
4640.39	0.426612
4650.46	0.43064
4690.71	0.432103
4714.7	0.465755
4746.43	0.471285
4777.04	0.471828
4799.6	0.49903
4837.57	0.499708
4858.75	0.526447
4887.9	0.529531
4916.09	0.529286
4936.18	0.55319
4970.52	0.553899
4988.95	0.576422
5013.73	0.580137
5037.7	0.580237
5052.84	0.602132
5084.7	0.6031
5097.75	0.631673
5118.77	0.641012
5139.16	0.64137
5149.94	0.689527
5177.72	0.692406
5191.05	0.754837
5212.71	0.762419
5224.9	0.762271
4133.26	0.0964421
4172.02	0.0967666
4219.22	0.101828
4266.87	0.121111
4300.03	0.167609
4314.24	0.218184
4360.16	0.35007
4423.38	0.390977
4484.04	0.403996
4532.66	0.415121
4546.09	0.500933
4585.59	0.504017
4637.04	0.520169
4689.53	0.528884
4743.04	0.533162
4753.74	0.585027
4787.66	0.585091
4836.35	0.61161
4880.65	0.63536
4921.34	0.652028
4937.97	0.673897
4939.5	0.656847
4952.55	0.660553
3317.52	0.130178
3361.02	0.127973
3414.41	0.12537
3469.08	0.122767
3521.58	0.120291
3574.73	0.117889
3625.62	0.115633
3675.83	0.113437
3707.44	0.112059
3730.33	0.11099
3778.32	0.109011
3828.92	0.106971
3882.09	0.104917
3935.67	0.102889
3989.28	0.100927
4042.21	0.0990868
4091.61	0.0975491
4144.77	0.0964598
4191.23	0.096403
4208.64	0.0971135
4240.58	0.0987476
3448.73	0.123576
3483	0.121927
3534.59	0.119578
3584.43	0.117295
3634.02	0.115082
3683.66	0.112919
3734.72	0.110775
3786.5	0.10866
3838.33	0.106592
3891.13	0.104563
3944.83	0.102599
3999.25	0.100794
4046.93	0.099615
4065.67	0.0997906
4105.2	0.0999847
4160.8	0.10424
4215.56	0.119612
4278.58	0.16092
4338.66	0.255466
4408.6	0.344159
4461.06	0.359081
3169.75	0.137644
3209.02	0.135525
3258.01	0.133005
3289.34	0.131372
3309.56	0.130254
3358.22	0.127876
3410.7	0.125343
3463.43	0.122845
3514.35	0.120493
3537.69	0.119341
3568.54	0.117901
3622	0.115578
3674.89	0.113299
3727.25	0.111094
3772.13	0.109231
3791.5	0.108341
3829.71	0.106812
3882.7	0.104795
3926.21	0.103094
3962.04	0.10171
3955.15	0.102097
3955.49	0.102084
3995.95	0.100843
4045.31	0.100294
4081.2	0.102888
4099.52	0.107226
4146.34	0.1236
4196.56	0.180681
4245.14	0.30814
4265.67	0.409017
4319.81	0.422831
4385.05	0.443531
4441.33	0.452793
4465.67	0.492332
4521.36	0.495258
4589.61	0.51461
4643.76	0.52771
4675.34	0.533168
4730.51	0.533258
4798.32	0.550541
4856.96	0.55573
4877.35	0.571791
4915.41	0.571838
4951.05	0.576371
3915.6	0.103953
3946.71	0.10316
3993.35	0.103555
4041.68	0.109265
4093.34	0.13301
4141.84	0.211075
4198.13	0.357096
4259.62	0.448792
4320.06	0.491388
4384.21	0.510056
4447.69	0.528082
4511.95	0.541899
4575.41	0.554953
4642.78	0.56199
4710.89	0.569563
4775.75	0.579982
4837.29	0.589118
4896.78	0.594482
4946.85	0.605359
4982.57	0.607539
2751.71	0.161494
2755.1	0.161295
2769.16	0.160516
2827.06	0.157414
2865.73	0.155209
2881.82	0.154208
2936.73	0.151121
2986.16	0.148309
3003.54	0.147185
3051.38	0.144515
3105.75	0.141508
3126.54	0.140238
3165.98	0.138113
3225.03	0.135051
3255.8	0.133398
3281.61	0.131996
3338.11	0.129181
3378.69	0.127169
3398.02	0.126117
3447.03	0.123815
3491.92	0.121688
3507.33	0.120855
3545.32	0.119101
3583.12	0.117351
3837.86	0.106557
3875.6	0.105087
3905.9	0.103983
3926.2	0.103185
3972.69	0.101528
4020.78	0.099837
4072.02	0.0983254
4098.95	0.0979535
4121.69	0.0975307
4169.64	0.0989608
4221.82	0.110204
4270.03	0.158688
4289.08	0.274451
4321.59	0.319933
4383.01	0.379772
4450.68	0.406159
4515.99	0.418048
4538.72	0.459365
4576.99	0.460127
4637.59	0.470553
4693.13	0.47832
4734.61	0.479959
2733.51	0.162626
2781.13	0.160022
2845.24	0.156406
2910.57	0.152667
2975.78	0.148917
3040.93	0.145218
3104.82	0.141633
3167.5	0.13819
3229.04	0.134892
3289.27	0.131743
3347.41	0.128746
3404.08	0.125942
3458.6	0.123247
3515.19	0.120588
3570.69	0.11803
3624.71	0.115597
3678.82	0.113258
3733.25	0.110996
3778.87	0.109049
3813.48	0.107624
2831.2	0.157524
2854.05	0.156088
2911.72	0.15277
2935.76	0.151205
2977.16	0.14882
3037.77	0.145428
3064.18	0.143832
3100.77	0.141805
3160.59	0.138599
3191.71	0.136851
3224.46	0.135064
3285.35	0.131976
3319.86	0.130175
3347.83	0.128682
3404.67	0.125929
3441.72	0.124132
3466.06	0.122862
3518.62	0.120464
3556.23	0.118768
3576.72	0.117755
3625.89	0.115619
3664.77	0.113934
3682.96	0.113009
3726.26	0.111182
3761.27	0.109751
3767.14	0.109481
3969.9	0.101746
3975.28	0.101478
4017.25	0.100186
4067.1	0.0994943
4120.44	0.101741
4174.37	0.115374
4226.23	0.169291
4284.8	0.314611
4342.51	0.422757
4408.66	0.472275
4474.87	0.494551
4557.93	0.500756
4620.04	0.503578
4649.55	0.551969
4715.41	0.55356
4788.27	0.566735
4856.29	0.57622
4917.47	0.588009
4977.99	0.593173
5035.65	0.597776
5086.3	0.603166
4324.53	0.435077
4357.7	0.446056
4424.85	0.478929
4496.61	0.494041
4572.74	0.502906
4647.86	0.512088
4704.93	0.51591
4726.95	0.590685
4776.04	0.593184
4842.88	0.596538
4907.09	0.609793
4968.49	0.62748
5027.49	0.643173
5084.84	0.654627
5140.62	0.662332
5184.67	0.674683
5227.08	0.676001
5231.62	0.435457
5231.85	0.273208
5231.73	0.214262
3544.58	0.119078
3585.81	0.117217
3633.79	0.115131
3673.3	0.113449
3689.18	0.112701
3728.82	0.111054
3776.5	0.109075
3831.44	0.106938
3866.42	0.105563
3887.11	0.104655
3936.81	0.102803
3990.2	0.10085
4040.7	0.0990721
4062.28	0.098328
4094.11	0.0972311
4149.18	0.0957819
4205.78	0.0954364
4253.87	0.0981401
4270.89	0.10138
4317.72	0.106788
4378.04	0.130738
4423.37	0.173532
3739.55	0.110663
3753.72	0.110042
3784.21	0.108791
3830.08	0.107007
3846.25	0.106275
3888.25	0.104708
3929.93	0.103317
3948.99	0.102809
3993.24	0.101994
4027.11	0.101931
4047.55	0.10079
4095.97	0.102427
4119.23	0.101422
4147.36	0.100636
4192.97	0.104988
4208.8	0.101312
4244.62	0.10065
4290.37	0.102219
4306.49	0.10123
4351.27	0.111001
4387.97	0.153108
4401.53	0.19446
4455.87	0.295928
4486.87	0.323393
4510.21	0.32835
4573.44	0.354431
4591.42	0.378584
4607.95	0.380161
4081.98	0.0975118
4085.74	0.0973787
4114.76	0.0964198
4130.15	0.0958042
4153.99	0.0952553
4171.76	0.0949641
4191.35	0.0964731
4218.31	0.097638
4232.02	0.105685
4262.93	0.117772
4275.83	0.130075
4303.38	0.163891
4322.5	0.202634
4343.21	0.163548
4371.28	0.156562
4384.33	0.15907
4413.12	0.204833
4426.78	0.319096
4465.55	0.346534
4484.29	0.380601
4504.62	0.401287
4531.57	0.401833
4539.39	0.433526
4565.34	0.434911
4565.17	0.377563
3839.03	0.10659
3867.46	0.105496
3882.49	0.104847
3924.57	0.103282
3972.85	0.101534
4020.84	0.0998332
4071.98	0.0982277
4122.94	0.0970918
4175.75	0.0979089
4225.03	0.104399
4269.92	0.126551
4314.25	0.188018
4377.93	0.309911
4446.64	0.375642
4507.88	0.392232
4534.81	0.450309
4600.97	0.453641
4671.49	0.471229
4734.16	0.480819
4773.54	0.485822
2681.97	0.165372
2700.08	0.164383
2742.16	0.162186
2767.78	0.160674
2831.35	0.157207
2885.16	0.154174
2906.9	0.152765
2962.66	0.149611
3025.07	0.146169
3049.93	0.144579
3098.77	0.141905
3164.21	0.13842
3195.38	0.136641
3230.85	0.134714
3294.71	0.131501
3336.26	0.12937
3359.72	0.128054
3415.41	0.125411
3463.29	0.123141
3483.03	0.122036
3530.15	0.11986
3581.14	0.117578
3601.95	0.116546
3640.84	0.114857
3676.65	0.113297
3132.8	0.140009
3140.17	0.139544
3176.08	0.137584
3237.33	0.134412
3295.76	0.13144
3320.76	0.130054
3356.95	0.128212
3415.13	0.125421
3470.5	0.122763
3499.14	0.121339
3531.06	0.119793
3588.65	0.117223
3644.56	0.11476
3675.85	0.113369
3702.75	0.11213
3752.94	0.110054
3806.14	0.10795
3840.07	0.106604
3863.6	0.105574
3916.18	0.103625
3970.89	0.101681
4003.09	0.100588
4020.88	0.0999068
4057.4	0.0988829
3260.16	0.133156
3310.25	0.130566
3365.37	0.127793
3420.8	0.125067
3475.34	0.122434
3529.43	0.119902
3580.82	0.117525
3631.58	0.115256
3682.68	0.113051
3730.1	0.11103
3772.84	0.109282
3793.31	0.108354
3833.72	0.10676
3887.49	0.104712
3941.84	0.10271
3996.88	0.100851
4053.07	0.0994032
4106.07	0.0991068
4160.64	0.101427
4209.57	0.108767
