2924.57	0.150409
2939.43	0.149965
2968.9	0.149566
3012.01	0.149937
3066.48	0.152037
3129.97	0.156856
3199.37	0.164911
3271.39	0.175677
3346.08	0.186715
3424.05	0.196174
3504.16	0.204727
3582.42	0.213452
3658.48	0.222328
3734.01	0.231229
3807.15	0.238151
3875.91	0.242399
3942.59	0.250744
4007.63	0.259638
4070.44	0.266912
4130.19	0.272182
4186.58	0.276151
4240.22	0.279965
4291.57	0.283338
4340.92	0.286244
4388.55	0.289149
4434.72	0.292578
4478.97	0.295984
4514.33	0.288802
4551	0.303901
4584.98	0.315584
4616.84	0.324678
4646.76	0.332112
4674.68	0.338298
4700.79	0.343236
4725.36	0.346735
4748.84	0.348659
4771.74	0.348994
4793.57	0.347891
4814.1	0.345471
4833.24	0.341783
4850.97	0.336873
4867.32	0.330845
4882.39	0.323908
4896.28	0.316284
4909.16	0.308099
4921.09	0.298611
4930.79	0.281345
4938.01	0.257114
4942.63	0.237744
4944.89	0.23153
2910.25	0.151745
2925.28	0.152111
2955.6	0.153713
3000.76	0.157592
3057.21	0.165437
3123.35	0.177926
3195.4	0.194068
3266.82	0.213156
3340.9	0.241031
3420.18	0.27276
3504.45	0.298609
3584.66	0.314502
3662.49	0.326062
3738.69	0.334971
3812.59	0.34144
3880.18	0.341833
3946.22	0.349391
4010.95	0.356208
4073.53	0.360879
4132.88	0.363325
4188.5	0.36462
4241.4	0.367195
4292.17	0.370785
4341.1	0.375495
4388.47	0.381453
4434.79	0.387818
4481.7	0.393259
4512.87	0.374676
4549.14	0.373019
4582.95	0.378883
4614.89	0.384964
4645.01	0.390769
4672.87	0.396424
4698.8	0.403058
4723.01	0.41064
4746	0.418554
4769.37	0.426431
4791.41	0.431556
4811.96	0.434071
4831.03	0.433706
4848.61	0.429642
4864.74	0.420647
4879.55	0.405123
4893.16	0.383415
4905.68	0.358788
4917.24	0.334288
4927.71	0.31294
4936.23	0.293297
4941.53	0.258772
4944	0.238365
2881.36	0.154872
2896.14	0.158063
2927.52	0.166686
2977.86	0.180138
3037.19	0.20426
3109.45	0.264793
3189.96	0.324706
3266.39	0.358717
3344.04	0.381103
3423.9	0.395156
3505.28	0.405111
3585.35	0.412752
3663.99	0.419214
3741.81	0.425121
3820.55	0.430504
3882.57	0.417945
3948.18	0.423979
4013.76	0.428943
4077.4	0.431288
4137.03	0.430694
4191.04	0.427908
4242.69	0.42913
4292.54	0.431669
4340.71	0.435447
4387.2	0.440202
4432.09	0.446158
4475.34	0.45428
4514.54	0.468687
4547.21	0.461091
4580.24	0.458202
4612.21	0.463529
4642.95	0.468574
4670.29	0.467964
4695.77	0.472876
4719.16	0.479059
4740.22	0.488355
4765.93	0.500624
4788.47	0.51071
4809.21	0.519553
4828.37	0.526642
4845.96	0.531025
4861.96	0.531404
4876.37	0.525902
4889.25	0.511103
4900.78	0.482107
4911.45	0.434565
4921.81	0.375838
4931.48	0.330879
4938.93	0.300405
4942.15	0.261954
2837.89	0.160791
2850.31	0.172005
2879.6	0.203814
2944.67	0.275033
3020.31	0.333588
3097.35	0.372397
3178.56	0.398202
3260.11	0.417952
3341.55	0.432221
3423.12	0.442015
3504.48	0.449287
3584.75	0.455339
3663.67	0.460344
3741.32	0.464427
3817.9	0.46783
3878.86	0.470873
3947.9	0.474138
4016.32	0.477186
4083.22	0.479014
4144.84	0.47839
4193.99	0.475393
4243.84	0.479006
4292.57	0.482423
4339.8	0.485456
4385.28	0.488589
4428.7	0.492926
4470.72	0.499512
4509.88	0.508401
4544.27	0.518219
4578.79	0.522649
4609.82	0.52441
4644.47	0.527987
4668.82	0.51337
4694.28	0.51834
4718.08	0.527716
4740.7	0.536943
4763.61	0.544031
4785.33	0.552782
4806.18	0.561629
4825.59	0.568795
4843.45	0.574272
4859.56	0.579236
4873.96	0.585075
4886.5	0.590301
4897.23	0.587344
4906.57	0.55597
4915.6	0.479901
4925.78	0.390516
4934.31	0.332375
4939.14	0.299483
2781.8	0.169187
2786.47	0.193182
2814.22	0.28203
2895.24	0.33627
2983.52	0.378137
3073.45	0.406013
3162.36	0.424824
3249.65	0.437955
3335.21	0.448073
3419.27	0.456421
3501.87	0.463598
3582.85	0.469858
3662.1	0.475335
3739.58	0.480131
3815.17	0.48444
3888.42	0.488641
3946.17	0.493798
4018.4	0.499509
4092.37	0.501239
4147.6	0.504386
4195.77	0.493104
4244.78	0.4962
4293.01	0.499627
4339.82	0.503237
4384.76	0.507012
4425.7	0.510943
4468.47	0.515703
4507.58	0.523229
4543.66	0.531158
4578.17	0.538234
4611.43	0.54462
4638.82	0.546278
4668.01	0.553285
4692.12	0.554833
4715.89	0.561016
4738.61	0.565624
4760.32	0.568932
4780.96	0.572881
4802.6	0.57888
4822.45	0.583964
4840.73	0.589876
4856.94	0.597906
4871.52	0.613848
4884.08	0.635568
4894.5	0.662199
4902.7	0.68032
4909.76	0.608417
4920.94	0.450997
4930.12	0.36236
4935.27	0.323465
2720.31	0.174904
2707.96	0.192676
2668.45	0.31807
2820.97	0.370866
2940	0.396627
3045.33	0.411095
3143.58	0.419316
3237.08	0.424851
3326.82	0.429506
3413.59	0.434035
3497.87	0.438728
3579.9	0.443637
3659.73	0.448739
3737.33	0.453962
3812.48	0.459175
3884.68	0.46422
3952.68	0.46898
4016.79	0.474222
4081.99	0.479955
4140.44	0.482939
4193.68	0.487793
4244.51	0.49577
4293.35	0.504126
4340.26	0.51258
4385.4	0.520815
4429.57	0.528434
4467.62	0.528331
4506.06	0.535699
4542.41	0.54304
4576.66	0.550142
4608.96	0.556865
4639.29	0.563585
4664.95	0.56612
4689.59	0.572111
4713.42	0.578752
4735.89	0.584305
4760.42	0.589682
4777.62	0.594028
4798.71	0.602672
4818.63	0.610715
4837.78	0.617274
4853.46	0.62054
4868.64	0.641461
4881.48	0.668789
4892.25	0.706053
4900.53	0.749978
4908.08	0.734312
4918.27	0.490421
4927.09	0.381363
4932.24	0.337338
2670.45	0.18246
2655.44	0.197906
2619.65	0.350538
2774.32	0.395049
2904.33	0.407035
3019.45	0.414113
3125.22	0.418738
3224.21	0.42253
3317.59	0.42618
3406.73	0.429892
3492.6	0.4337
3575.72	0.437603
3656.28	0.441612
3734.28	0.445736
3809.63	0.449974
3882.15	0.454324
3951.86	0.458813
4011.2	0.462165
4075.58	0.463857
4135.77	0.467973
4191.39	0.472834
4243.69	0.478408
4293.19	0.484429
4340.12	0.490873
4384.78	0.497891
4427.44	0.505299
4467.29	0.512273
4505.75	0.520107
4542.25	0.528192
4576.06	0.53681
4607.62	0.546144
4637.07	0.555577
4663.98	0.564711
4688.66	0.573656
4709.76	0.580368
4736.36	0.585695
4756.36	0.588397
4775.86	0.590765
4794.42	0.598687
4813.5	0.605766
4834.64	0.61511
4852.52	0.625788
4867.38	0.646115
4879.74	0.673536
4890.73	0.707814
4899.8	0.748539
4907.23	0.73713
4916.63	0.503744
4924.84	0.390946
4930.01	0.344134
2634.98	0.190945
2622.98	0.204404
2598.54	0.380323
2746.18	0.419584
2878.41	0.426282
2998.6	0.431737
3109.78	0.43646
3213.43	0.440711
3309.27	0.444724
3399.94	0.448735
3486.99	0.45272
3571.06	0.45665
3652.37	0.460536
3730.94	0.464419
3806.68	0.468349
3879.58	0.472364
3949.84	0.47644
4018.26	0.480429
4070.54	0.479133
4132.93	0.482002
4189.81	0.487019
4243.1	0.492442
4293.04	0.497839
4339.64	0.503414
4383.53	0.509817
4425.48	0.516889
4465.77	0.524311
4504.85	0.53163
4542.22	0.538866
4575.17	0.545528
4605.88	0.554436
4634.98	0.563071
4662.93	0.570695
4686.63	0.573887
4710.32	0.57939
4732.75	0.579869
4753.98	0.580952
4775.39	0.583987
4794.32	0.588916
4815.45	0.594557
4835.26	0.603947
4852.46	0.618885
4867.45	0.642355
4877.88	0.671408
4890.38	0.705028
4899.25	0.736803
4906.83	0.6996
4915.52	0.499599
4922.72	0.394843
4928.55	0.34826
2610.99	0.198981
2602.52	0.210298
2586.54	0.415032
2728.47	0.45111
2860.3	0.454709
2983.07	0.458382
3098.55	0.461691
3207.42	0.464329
3303.23	0.464736
3394.04	0.46778
3481.68	0.471056
3566.54	0.474364
3648.65	0.47766
3727.89	0.48096
3804.11	0.484315
3877.21	0.487806
3947.23	0.491534
4014.15	0.49565
4076.89	0.50064
4133.21	0.501268
4189.48	0.506453
4243.52	0.511757
4293.92	0.517084
4339.55	0.522853
4381.87	0.529938
4422.85	0.537294
4463.12	0.544515
4503.32	0.55117
4544.27	0.55664
4574.21	0.552574
4603.49	0.557707
4631.91	0.560994
4657.42	0.565188
4685.32	0.569827
4709.77	0.576506
4732.35	0.57963
4754.58	0.581896
4775.08	0.585487
4795.92	0.590713
4816.2	0.598493
4835.85	0.611439
4851.85	0.622286
4866.09	0.645337
4879.6	0.676135
4891.02	0.713596
4899.84	0.75116
4907.03	0.744817
4915.82	0.520971
4923.5	0.404913
4928.49	0.350939
2595.06	0.205644
2589.26	0.214961
2578.61	0.461194
2716.84	0.493248
2847.54	0.495859
2971.4	0.499137
3090.73	0.502461
3211.53	0.504598
3299.43	0.489317
3388.61	0.489677
3476.53	0.491894
3562.21	0.494324
3645.25	0.49672
3725.36	0.499068
3802.22	0.501396
3875.48	0.503872
3945.34	0.506437
4011.84	0.50915
4074.69	0.512172
4131.2	0.515489
4189.06	0.519469
4245.29	0.522752
4297.28	0.52698
4340.56	0.525334
4379.45	0.52676
4418.9	0.531345
4458.56	0.529122
4499.04	0.53317
4536.84	0.537739
4569.24	0.537624
4598.58	0.541902
4629.61	0.549517
4657.73	0.559046
4685.14	0.567885
4706.42	0.573303
4731.99	0.578695
4754.94	0.583832
4776.91	0.589184
4795.71	0.593765
4815.08	0.597486
4833.55	0.607183
4851.72	0.622223
4867.25	0.645859
4880.71	0.676797
4891.82	0.714141
4900.55	0.750255
4907.66	0.74229
4916.45	0.520346
4924.18	0.405941
4928.96	0.351064
2584.59	0.21058
2580.65	0.218222
2573.54	0.461491
2709.03	0.483249
2838.05	0.48335
2960.85	0.48325
3078.02	0.482899
3189.33	0.481945
3287.8	0.478632
3381.25	0.479733
3471.44	0.481543
3558.77	0.483627
3643.32	0.485926
3724.98	0.488471
3803.15	0.491333
3876.44	0.494564
3946.18	0.498354
4012.96	0.502323
4077.1	0.506395
4140.07	0.510352
4188.87	0.512469
4251.73	0.517302
4296.15	0.50983
4338.9	0.514886
4379.67	0.519857
4417.88	0.525395
4460.78	0.530978
4496.59	0.53031
4530.95	0.53392
4565.41	0.53869
4596.44	0.545328
4627.61	0.552616
4656.32	0.56172
4680.22	0.568892
4706.36	0.575594
4732.06	0.580855
4754.1	0.584001
4775.7	0.588934
4795.79	0.594615
4812.73	0.598899
4833.5	0.607526
4851.44	0.624152
4867.69	0.6469
4881.43	0.677012
4892.57	0.713639
4901.28	0.748795
4908.39	0.737367
4917.23	0.514218
4925	0.402496
4929.71	0.349778
2577.79	0.213865
2575.07	0.220614
2570.05	0.464376
2703.2	0.480604
2830.49	0.480828
2951.83	0.481146
3067.27	0.481631
3176.38	0.482327
3277.89	0.483416
3374.02	0.485123
3466.19	0.48682
3555.17	0.488402
3641.45	0.489844
3725.34	0.491132
3806.3	0.49199
3878.37	0.489241
3947.48	0.490602
4014.28	0.492734
4078.34	0.495029
4138.82	0.497539
4195.58	0.501526
4246.05	0.500401
4294.47	0.504289
4337.7	0.509936
4379.53	0.517184
4418.87	0.521654
4456.34	0.526955
4494.69	0.533888
4530.13	0.541873
4563.79	0.549687
4596.66	0.557223
4625.6	0.561256
4652.52	0.566434
4679.06	0.571158
4704.59	0.575325
4729.85	0.57907
4753.1	0.579452
4775.66	0.582704
4796.42	0.588448
4815.49	0.59674
4833.62	0.609824
4850.09	0.626719
4867.81	0.647909
4882.04	0.67696
4893.31	0.712856
4902.04	0.74731
4909.18	0.732002
4918.11	0.506887
4925.93	0.397808
4930.62	0.34803
2573.49	0.21578
2571.57	0.232132
2567.62	0.493256
2698.92	0.507502
2824.72	0.508106
2944.81	0.509141
3059.14	0.510679
3167.62	0.512773
3270.19	0.515397
3367.78	0.518034
3461.31	0.520415
3551.56	0.522477
3639.32	0.524193
3726.03	0.525422
3815.87	0.525822
3880.78	0.517671
3948.65	0.518899
4015.86	0.520224
4080.66	0.521211
4138.76	0.521312
4192.75	0.522866
4242.81	0.525617
4295.5	0.52861
4335.44	0.521018
4376.41	0.52234
4417.23	0.526703
4455.73	0.532172
4493.31	0.537931
4528.77	0.544196
4560.71	0.549541
4593.87	0.554381
4623.94	0.560176
4648.85	0.564136
4677.83	0.570513
4704.04	0.573574
4726.54	0.576795
4751.81	0.580573
4775.07	0.584025
4796.3	0.58853
4815.7	0.595088
4833.79	0.608342
4850.95	0.626661
4868.59	0.64751
4882.86	0.67621
4894.14	0.711796
4902.85	0.745876
4910.02	0.726991
4919.04	0.499994
4926.93	0.393356
4931.61	0.346307
2570.86	0.216734
2569.45	0.24225
2566.17	0.497591
2696.25	0.509988
2820.93	0.510677
2940.04	0.51152
3053.6	0.512551
3161.75	0.513742
3264.7	0.515047
3363	0.516403
3457.27	0.517772
3548.06	0.51913
3635.89	0.520448
3721.16	0.521689
3803.45	0.522809
3876.97	0.523862
3948.2	0.525981
4018.85	0.527683
4091.27	0.5291
4143.26	0.523285
4194	0.52421
4246.5	0.526145
4288.88	0.530513
4336.25	0.536806
4376.94	0.534934
4416.68	0.535493
4454.23	0.537746
4492.7	0.542263
4528.26	0.54781
4563.11	0.553944
4593.16	0.557908
4619.03	0.561269
4644.47	0.562447
4673.19	0.564439
4701.22	0.568937
4725.74	0.573762
4752	0.577521
4775.5	0.581712
4796.6	0.587396
4815.28	0.596033
4832.19	0.609374
4852.71	0.624499
4869.89	0.645726
4883.93	0.674739
4895.08	0.710464
4903.71	0.744513
4910.87	0.722705
4919.97	0.494135
4927.93	0.389571
4932.6	0.344794
2569.4	0.216846
2568.27	0.244462
2565.4	0.481663
2694.78	0.49246
2818.69	0.493113
2936.98	0.493855
3049.88	0.494699
3157.67	0.495632
3260.65	0.496666
3359.23	0.497835
3453.81	0.499156
3544.77	0.500616
3632.38	0.502169
3716.74	0.503727
3797.42	0.505153
3873.25	0.506346
3946.18	0.508175
4017.87	0.51036
4091.15	0.512587
4141.47	0.504038
4190.14	0.507216
4242.77	0.511078
4296.54	0.51475
4333.72	0.508108
4374.02	0.508281
4416.83	0.513926
4458.19	0.521496
4494.66	0.523792
4529.33	0.532713
4563.14	0.540907
4589.29	0.542667
4617.03	0.547342
4646.26	0.55525
4673.75	0.563561
4699.18	0.571142
4727.83	0.576618
4752.7	0.57803
4775.98	0.581896
4796.87	0.5871
4814.35	0.595293
4835.83	0.606166
4855	0.621612
4871.47	0.643456
4885.13	0.672931
4896.06	0.709012
4904.57	0.743254
4911.7	0.71919
4920.86	0.489336
4928.88	0.386456
4933.56	0.34351
2568.78	0.216524
2567.83	0.241321
2565.23	0.451728
2694.56	0.461193
2818	0.462315
2935.43	0.463598
3047.55	0.464713
3154.83	0.465882
3257.63	0.467155
3356.21	0.468591
3450.87	0.470224
3541.83	0.472051
3629.23	0.474029
3713.22	0.47607
3793.57	0.478106
3869.89	0.480167
3942.89	0.482515
4012.76	0.484959
4079.13	0.486814
4140	0.485962
4180.01	0.480718
4235.54	0.48158
4285.67	0.484289
4327.47	0.484989
4372.94	0.489731
4415.81	0.497517
4457.88	0.505318
4498.31	0.513426
4529.73	0.515166
4558.87	0.524108
4590.07	0.529425
4619.56	0.540235
4648.42	0.5503
4676.17	0.559385
4702.96	0.566957
4729.85	0.572402
4755.13	0.576509
4778.09	0.580429
4799.49	0.585624
4819.32	0.592661
4839.05	0.6031
4857.16	0.618971
4872.98	0.641255
4886.26	0.67115
4896.96	0.707626
4905.35	0.742139
4912.44	0.716275
4921.66	0.485356
4929.73	0.383833
4934.42	0.342396
2568.77	0.216441
2568	0.239612
2565.63	0.429645
2696.06	0.437784
2819.26	0.438601
2935.25	0.440025
3046.26	0.441801
3152.79	0.443611
3255.24	0.445527
3353.63	0.447621
3448.24	0.44991
3539.17	0.452407
3626.33	0.455114
3710.24	0.457952
3790.77	0.460945
3866.95	0.464225
3939.89	0.467694
4008.37	0.471435
4069.91	0.473821
4128.36	0.476575
4180.42	0.48023
4230.76	0.478479
4280.26	0.483342
4326.53	0.487959
4371.57	0.492742
4412.74	0.498201
4456.36	0.505337
4497.88	0.513555
4529.83	0.516251
4557.83	0.522447
4589.78	0.532992
4620.05	0.543478
4649.12	0.553283
4677.09	0.561952
4704.27	0.568907
4731.2	0.573759
4757.59	0.577048
4779.4	0.579768
4801.21	0.584634
4821.79	0.591128
4841.14	0.600957
4858.75	0.616927
4874.16	0.639451
4887.15	0.669657
4897.67	0.706462
4905.96	0.741203
4913.03	0.713701
4922.32	0.481806
4930.45	0.381505
4935.15	0.341375
2569.17	0.217165
2568.69	0.246936
2566.78	0.433026
2700.7	0.439128
2823.72	0.436321
2936.13	0.434173
3045.62	0.435631
3151.07	0.437377
3253.24	0.439295
3351.25	0.441436
3445.79	0.443786
3536.85	0.446345
3623.33	0.449202
3707.38	0.452208
3789.16	0.45533
3864.18	0.455206
3938.4	0.457742
4001.3	0.459059
4064.96	0.463005
4123.1	0.468293
4176.76	0.474263
4227.5	0.480908
4277.25	0.488071
4324.59	0.495456
4370.06	0.502858
4414.19	0.510204
4454.07	0.512487
4494.28	0.518641
4523.74	0.522368
4555.4	0.528706
4588.46	0.536965
4619.12	0.546981
4648.39	0.55643
4676.41	0.564732
4703.52	0.571238
4730.82	0.575478
4758.63	0.578189
4778.32	0.579972
4801.7	0.584024
4822.85	0.590198
4842.23	0.599555
4859.66	0.6155
4874.86	0.638172
4887.67	0.668614
4898.09	0.705644
4906.33	0.740471
4913.42	0.711206
4922.79	0.478366
4931	0.379292
4935.72	0.340389
2569.69	0.218576
2569.62	0.267066
2568.68	0.468607
2712.24	0.47279
2835	0.467894
2936.19	0.462086
3045.32	0.462096
3148.98	0.463013
3251.79	0.464619
3348.8	0.466104
3443.36	0.468113
3535.71	0.470152
3619.45	0.469961
3703.5	0.472338
3780.12	0.474862
3862.35	0.478868
3944.68	0.481083
4002.48	0.465871
4062.47	0.468057
4119.38	0.471312
4173.15	0.475283
4222.49	0.479298
4273.95	0.485034
4321.87	0.491965
4367.3	0.499274
4410.3	0.506863
4450.14	0.514765
4488	0.523342
4522.11	0.532375
4556.93	0.540806
4586.83	0.543033
4617	0.550894
4646.41	0.557962
4674.29	0.564712
4700.32	0.570932
4727.71	0.575245
4755.29	0.57804
4780.54	0.580927
4801.91	0.583408
4823.02	0.58959
4842.5	0.59869
4859.9	0.614618
4875.01	0.637464
4887.74	0.668153
4898.16	0.705282
4906.42	0.739965
4913.57	0.70859
4923.06	0.474836
4931.35	0.377115
4936.11	0.339414
2569.92	0.219133
2569.77	0.261169
2568.05	0.46945
2705.06	0.47539
2829.05	0.475141
2944.53	0.475847
3047.21	0.473629
3144.51	0.473658
3253.01	0.473252
3345.78	0.471569
3440.17	0.47282
3525.55	0.473952
3615.78	0.475212
3699.95	0.477319
3779.43	0.479708
3857.66	0.481947
3932.57	0.484365
3998.78	0.487652
4061.77	0.49206
4117.38	0.493388
4170.2	0.498551
4223.03	0.504097
4271.28	0.503515
4318.79	0.507962
4364.14	0.512505
4406.81	0.517077
4445.51	0.521597
4478.09	0.526492
4517.29	0.529989
4552.62	0.535515
4584.8	0.541612
4613.76	0.549216
4644.31	0.555894
4672.2	0.564084
4698.37	0.570961
4722.13	0.575176
4752	0.577188
4778.22	0.579937
4800.45	0.584267
4822.16	0.589437
4842.04	0.598256
4859.53	0.614203
4874.59	0.637382
4887.28	0.668508
4897.82	0.705516
4906.2	0.739711
4913.47	0.705821
4923.11	0.471253
4931.51	0.375039
4936.3	0.338487
2569.98	0.219914
2570.01	0.268952
2568.54	0.483387
2706.82	0.489072
2827.84	0.489632
2944.48	0.490559
3047.57	0.490536
3154.4	0.491992
3245.05	0.492418
3341.01	0.49658
3438.13	0.501078
3527.81	0.50419
3615.1	0.506591
3698.16	0.508905
3777.12	0.511543
3853.46	0.514395
3926.46	0.518155
3995.75	0.523097
4066.01	0.526476
4115.75	0.523784
4164.83	0.52807
4218.33	0.53452
4268.22	0.540326
4316.57	0.545191
4362.7	0.549655
4407.19	0.550865
4442.23	0.545902
4478.87	0.550233
4515.6	0.554331
4550.46	0.559434
4583.32	0.56495
4614.88	0.569816
4642.24	0.571284
4669.37	0.575383
4693.82	0.579032
4723.39	0.580011
4749.98	0.580746
4777.47	0.582766
4802.51	0.586682
4820.47	0.590597
4841.14	0.598297
4858.66	0.614263
4873.57	0.638163
4886.1	0.670425
4897.08	0.706541
4905.73	0.739714
4913.16	0.703237
4922.96	0.46808
4931.46	0.373305
4936.3	0.337726
2569.72	0.221406
2570.19	0.2887
2570.38	0.483775
2721.67	0.485953
2827.19	0.47919
2931.29	0.479998
3044.38	0.480406
3151.19	0.481657
3251.53	0.483272
3352.75	0.485637
3440.45	0.486513
3529.59	0.490389
3615.95	0.49468
3697.89	0.498434
3774.99	0.502269
3850.24	0.505352
3921.8	0.508327
3989.51	0.511142
4054.1	0.51356
4111.28	0.514948
4166.56	0.51866
4215.34	0.517285
4264.94	0.519381
4311.01	0.520474
4357.68	0.521781
4401.11	0.52356
4440.51	0.52538
4477.05	0.531654
4514.62	0.538428
4549.27	0.546815
4581.92	0.555141
4612.54	0.563108
4640.83	0.570267
4669.22	0.576176
4696.28	0.580824
4724.32	0.584229
4752.28	0.587203
4776.73	0.587226
4800.62	0.5915
4822.24	0.597401
4840.52	0.604677
4857.44	0.619059
4871.94	0.641253
4883.62	0.674565
4896.08	0.70799
4905.12	0.739827
4912.7	0.701828
4922.63	0.466437
4931.23	0.372412
4936.11	0.337341
2568.74	0.219387
2568.57	0.262053
2567.01	0.458141
2701.88	0.463305
2820.34	0.459794
2932.64	0.45957
3043.73	0.46072
3150.88	0.461934
3253.61	0.463482
3352.96	0.465352
3445.97	0.467645
3535.28	0.470414
3618.11	0.472758
3699.52	0.475844
3771.89	0.479421
3847.99	0.48343
3918.34	0.487121
3983.85	0.48892
4047.17	0.490364
4106.34	0.490495
4160.3	0.491331
4212.37	0.494308
4261.87	0.499636
4309.15	0.505283
4355.02	0.511629
4398.57	0.518099
4439.15	0.525051
4479.08	0.532073
4513.87	0.533942
4547.49	0.539438
4580.05	0.54569
4610.16	0.551967
4637.04	0.558764
4668.23	0.562989
4695.6	0.568763
4723.12	0.57317
4750.61	0.576057
4775.95	0.578543
4799.89	0.582468
4821.5	0.588403
4839.74	0.598221
4857.16	0.613052
4872.28	0.636826
4884.93	0.669204
4895.96	0.705733
4904.66	0.739378
4912.16	0.702848
4922.13	0.467529
4930.83	0.372653
4935.77	0.337403
2567.62	0.218483
2567.1	0.250385
2564.92	0.452694
2694.5	0.460058
2815.89	0.459964
2931.5	0.460437
3043.35	0.461176
3151.34	0.462124
3255.5	0.463172
3356.03	0.464243
3451.83	0.465214
3539.44	0.46558
3622.74	0.467711
3704.58	0.470279
3778.42	0.467447
3848.44	0.46594
3913.63	0.465512
3981.55	0.464379
4043.74	0.468626
4102.5	0.47306
4156.9	0.478087
4209.16	0.483731
4258.29	0.48988
4305.98	0.496071
4352.04	0.50239
4396.43	0.508798
4435.93	0.510483
4475.41	0.515443
4511.91	0.52008
4547.7	0.52666
4581.08	0.535908
4612.15	0.545292
4641.3	0.554383
4670.24	0.562192
4697.05	0.569007
4719.57	0.574383
4748.68	0.577619
4774.08	0.580847
4798.86	0.585176
4821.36	0.591277
4841.83	0.600674
4856.19	0.612546
4872.06	0.634452
4884.97	0.665761
4895.59	0.703605
4904.03	0.738863
4911.45	0.703485
4921.49	0.467224
4930.32	0.371526
4935.34	0.336579
2566.71	0.218286
2566.1	0.250885
2563.82	0.467384
2691.48	0.475657
2813.52	0.476027
2930.5	0.476549
3043.23	0.4771
3152.11	0.477673
3257.57	0.47833
3360.45	0.479031
3462.62	0.479675
3544.76	0.47368
3625.77	0.474175
3703.06	0.474252
3780.3	0.474279
3851.9	0.47541
3921.62	0.477404
3981.84	0.475871
4040.7	0.477529
4100.06	0.478047
4152.73	0.482481
4206.26	0.488215
4253.35	0.489189
4301.7	0.493832
4348	0.497843
4389.37	0.501571
4432.82	0.507098
4473.18	0.514437
4511.17	0.522389
4547.46	0.530621
4581.67	0.539015
4613.38	0.547423
4643.19	0.555623
4671.92	0.562837
4698.03	0.566875
4723.13	0.572049
4748.1	0.575827
4770.41	0.579565
4797.56	0.583232
4820.54	0.588782
4840.66	0.597436
4857.82	0.61351
4871.8	0.631053
4884.38	0.662884
4894.78	0.701695
4903.08	0.738123
4910.47	0.700309
4920.7	0.459864
4929.77	0.365626
4934.88	0.333012
2566.1	0.218454
2565.52	0.253808
2563.32	0.477035
2690.32	0.485712
2812.57	0.486331
2930.17	0.487128
3043.49	0.488089
3152.89	0.489221
3258.85	0.490502
3362.24	0.491834
3465.11	0.493096
3547.51	0.491922
3629.57	0.49489
3709.05	0.49792
3784.99	0.50102
3854.48	0.504114
3921.04	0.50708
3983.87	0.509717
4046.89	0.511682
4101.53	0.513255
4145	0.503808
4198.02	0.50522
4249.4	0.50935
4297.87	0.513076
4343.95	0.516995
4387.56	0.521402
4429.96	0.525179
4470.53	0.52984
4509.36	0.534735
4546.62	0.539622
4582.1	0.544625
4613.94	0.546907
4643.69	0.552405
4670.72	0.558809
4698.7	0.56452
4724.8	0.569921
4749.87	0.573705
4773.78	0.576574
4797.85	0.579607
4819.91	0.584702
4839.57	0.592238
4856.51	0.606461
4870.18	0.630652
4883.02	0.65986
4893.47	0.698702
4901.71	0.735789
4909.2	0.685979
4919.75	0.434973
4929.22	0.351034
4934.44	0.324563
2565.77	0.218689
2565.23	0.254182
2563.14	0.468023
2690	0.476227
2812.42	0.476842
2930.36	0.47771
3044	0.478868
3153.55	0.480289
3259.23	0.481946
3361.11	0.483802
3458.61	0.485755
3547.69	0.487733
3633.15	0.490677
3715.89	0.494062
3793.63	0.498607
3857.75	0.496596
3922.07	0.501847
3983.71	0.506604
4039.37	0.510689
4096	0.515762
4146.62	0.521814
4197.62	0.527614
4247.47	0.533199
4295.36	0.539318
4341.24	0.545729
4385.14	0.552232
4427.39	0.558327
4468	0.564212
4507.41	0.569451
4546.02	0.573505
4585.55	0.575977
4615.03	0.570142
4643.72	0.573545
4671.46	0.577474
4698.74	0.580398
4725.1	0.582888
4750.4	0.585637
4774.52	0.588827
4797.56	0.592521
4818.93	0.597473
4838.28	0.605984
4855.41	0.618531
4870.51	0.635134
4881.14	0.649275
4891.83	0.673896
4900.18	0.691877
4908.07	0.596572
4918.28	0.385424
4928.62	0.330047
4933.98	0.310544
2565.68	0.219042
2565.17	0.255157
2563.12	0.463699
2690.11	0.47119
2812.75	0.471268
2930.94	0.471499
3044.77	0.471927
3154.35	0.472562
3259.74	0.473414
3360.81	0.474509
3457.15	0.4759
3548.3	0.477612
3636.34	0.479686
3724.73	0.481874
3792.03	0.47298
3861.95	0.475643
3924.29	0.475869
3983.92	0.481024
4039.92	0.486956
4094.1	0.493286
4145.62	0.498863
4196.15	0.504672
4245.36	0.510143
4292.77	0.515258
4338.5	0.52003
4382.47	0.524567
4424.62	0.528959
4464.88	0.533088
4504.52	0.536559
4542.76	0.539968
4579.72	0.543011
4613.32	0.544077
4642.87	0.550803
4670.87	0.558273
4698.1	0.564853
4724.85	0.569847
4750.53	0.573679
4774.66	0.577032
4797.47	0.580967
4818.68	0.586526
4837.98	0.594442
4855.09	0.609148
4869.88	0.631653
4882.08	0.663068
4891.45	0.693935
4899.35	0.730927
4907.08	0.646345
4918.53	0.384101
4928.15	0.322639
4933.36	0.302138
2565.82	0.219548
2565.33	0.259762
2563.26	0.484809
2690.66	0.492861
2813.63	0.493261
2932.05	0.493843
3046.01	0.494626
3155.64	0.495591
3260.96	0.496727
3361.72	0.498046
3457.5	0.499568
3548.73	0.501217
3635.87	0.502992
3717.93	0.505094
3792.9	0.509316
3870.63	0.511266
3926.15	0.498829
3984.8	0.501398
4039.43	0.503516
4092.09	0.506692
4142.85	0.510397
4193.33	0.514116
4242.39	0.518085
4289.24	0.522318
4334.87	0.526834
4378.98	0.5316
4421.09	0.536637
4459.73	0.542164
4500.34	0.547645
4538.05	0.553417
4574.47	0.559065
4612.8	0.564352
4640.85	0.558923
4668.44	0.563388
4695.46	0.568205
4723.26	0.571598
4749.82	0.574288
4773.64	0.57676
4796.41	0.5784
4817.67	0.583371
4837	0.590558
4854.14	0.603138
4868.88	0.624373
4880.99	0.655244
4890.13	0.697591
4898.34	0.733065
4906.33	0.650695
4917.93	0.387657
4927.28	0.321283
4932.25	0.298764
2566.2	0.219906
2565.7	0.260385
2563.64	0.480709
2691.75	0.488401
2815.23	0.488574
2933.91	0.488919
3048	0.489497
3157.79	0.490309
3263.43	0.491318
3364.45	0.492466
3459.39	0.493735
3550.38	0.495429
3637.77	0.497284
3715.63	0.498859
3788.64	0.501689
3859.08	0.504354
3923.1	0.506632
3989.34	0.510596
4039.52	0.508039
4090.44	0.51191
4137.98	0.516894
4190.1	0.522844
4240.28	0.528353
4285.12	0.528852
4331.12	0.534102
4376.02	0.539144
4418.97	0.544028
4460.58	0.548595
4496.8	0.548144
4532.45	0.552553
4565.14	0.556843
4603.41	0.559233
4635.49	0.562442
4664.24	0.56871
4689.2	0.575034
4721.04	0.5796
4749.21	0.583118
4775.81	0.586052
4794.33	0.586762
4815.91	0.592038
4835.37	0.600143
4852.59	0.612961
4867.45	0.630944
4879.91	0.654817
4890.2	0.679982
4897.35	0.664281
4906.32	0.529169
4917.32	0.355642
4925.95	0.315228
4930.52	0.296495
2566.83	0.220355
2566.31	0.262113
2564.19	0.489212
2693.42	0.496801
2817.63	0.496871
2936.49	0.497241
3050.48	0.497839
3160.39	0.498568
3266.96	0.499394
3369.85	0.500486
3461.94	0.503121
3552.49	0.504886
3646.21	0.506133
3715.44	0.495425
3784.31	0.496334
3851.4	0.498238
3915.37	0.50003
3977.26	0.501928
4033.71	0.503243
4087.71	0.506215
4140.65	0.50947
4186.56	0.508868
4231.13	0.509653
4281.87	0.508232
4327.19	0.511156
4373.86	0.515053
4416.92	0.520209
4457.36	0.525742
4495.39	0.530934
4531.61	0.537853
4566.22	0.545255
4600.88	0.552655
4633.2	0.559287
4663.13	0.565904
4691.37	0.571526
4720.25	0.575392
4747.94	0.578102
4770.87	0.580469
4793.36	0.583182
4814.9	0.588621
4834.74	0.596621
4852.26	0.611614
4867.32	0.63437
4879.89	0.6662
4890.01	0.705936
4897.9	0.739951
4905.12	0.649035
4916.73	0.385797
4925.98	0.320851
4930.9	0.299774
2567.73	0.220688
2567.22	0.262138
2565.13	0.480801
2696.23	0.487785
2821.61	0.487615
2940.31	0.487809
3053.52	0.488238
3162.93	0.488759
3270.84	0.489271
3382.96	0.489602
3463.19	0.47822
3548.55	0.479366
3632.97	0.479256
3710.2	0.476222
3779.62	0.475816
3845.75	0.477159
3908.31	0.47856
3971.02	0.479772
4029.31	0.482515
4084.36	0.486405
4137.7	0.490901
4183.55	0.493899
4227.58	0.49937
4280.39	0.504029
4329.2	0.509892
4372.63	0.511521
4414.84	0.51672
4453.93	0.522277
4493.15	0.528646
4529.77	0.536914
4564.62	0.545346
4598.16	0.553535
4630.8	0.561053
4661.31	0.567883
4690.59	0.573262
4718.35	0.576541
4746.39	0.579124
4766.9	0.580257
4794.12	0.583293
4812.95	0.587
4833.63	0.594066
4851.49	0.607462
4866.77	0.628514
4879.54	0.657947
4889.75	0.695362
4897.48	0.730373
4904.07	0.642055
4916.12	0.389828
4925.57	0.326286
4930.62	0.306127
2568.89	0.221218
2568.45	0.265005
2566.55	0.476565
2700.83	0.482871
2828.48	0.482738
2945.98	0.483343
3056.87	0.484748
3163.48	0.486098
3266.96	0.487227
3367.02	0.488405
3456.13	0.489931
3542.51	0.49312
3627.57	0.496294
3714.04	0.49933
3777.15	0.487745
3842.05	0.489873
3906.69	0.492969
3966.38	0.491946
4025.41	0.49477
4080.02	0.496334
4131.23	0.499166
4181.79	0.500356
4231.34	0.503824
4280.22	0.5078
4327.44	0.512602
4371.99	0.51816
4414.26	0.524443
4453.63	0.531347
4490.83	0.534442
4527.02	0.541698
4561.76	0.548506
4593.79	0.555652
4628.1	0.56231
4658.4	0.567135
4687.16	0.571552
4716.15	0.574831
4743.49	0.577781
4769.94	0.580548
4791.16	0.582589
4812.3	0.587603
4832.55	0.595114
4850.41	0.609859
4865.75	0.63229
4878.82	0.662824
4889.35	0.701027
4897.46	0.737591
4904.61	0.685411
4915.53	0.427069
4924.88	0.341278
4929.95	0.316636
2570.22	0.222115
2569.94	0.272382
2568.46	0.475688
2707.99	0.480275
2841.61	0.478421
2954.64	0.47317
3061.03	0.473396
3163.79	0.474492
3263.21	0.475971
3358.92	0.47719
3448.89	0.478146
3535	0.479415
3617.99	0.480637
3697.44	0.481465
3768.14	0.480684
3835.75	0.483919
3901.35	0.487776
3962.45	0.49049
4019.07	0.494852
4078.45	0.499858
4133.36	0.50561
4186.11	0.511218
4233.32	0.514218
4279.86	0.519639
4327.08	0.524809
4372.18	0.530321
4414.92	0.535718
4454.8	0.541011
4489.07	0.545611
4523.97	0.552318
4558.57	0.553622
4594.98	0.558446
4625.12	0.560339
4655.68	0.566545
4681.71	0.572771
4713.31	0.576613
4739.19	0.580441
4768.19	0.583806
4793.63	0.58851
4813.61	0.59265
4831.08	0.597765
4848.94	0.61393
4864.07	0.638148
4877.78	0.668709
4888.83	0.706032
4897.38	0.741454
4904.74	0.705795
4915.01	0.458879
4924.11	0.358169
4929.2	0.325376
2571.52	0.222912
2571.34	0.282012
2570.31	0.496506
2716.68	0.5
2871.28	0.498586
2966.38	0.480515
3065.38	0.479046
3164.11	0.479192
3259.93	0.479675
3353.39	0.480454
3442.5	0.481573
3527.62	0.483036
3609.03	0.484867
3686.72	0.487196
3759.45	0.490349
3828.72	0.493533
3892.96	0.496969
3958.59	0.501314
4020.6	0.506021
4078.73	0.509505
4135.09	0.514257
4191.08	0.519067
4234.68	0.517455
4275.85	0.524539
4327.31	0.530679
4373.52	0.536828
4417.76	0.542304
4455.93	0.543867
4491.25	0.543611
4525.14	0.548215
4561.37	0.553973
4590.8	0.559561
4625.85	0.563801
4657.18	0.569302
4685.95	0.574312
4713.95	0.578175
4739.72	0.581722
4767.57	0.584968
4792.25	0.590096
4814.6	0.59776
4830.89	0.607867
4847.3	0.619087
4860.91	0.645413
4876.57	0.6739
4888.3	0.709554
4897.21	0.74359
4904.72	0.714412
4914.64	0.476666
4923.48	0.371665
4928.54	0.332756
2572.61	0.220424
2572.11	0.265312
2570.16	0.482392
2712.23	0.48836
2848.82	0.487422
2967.49	0.485331
3066.06	0.48117
3164.8	0.482499
3256.42	0.483355
3350.86	0.484431
3438.77	0.487195
3522.61	0.490504
3602.63	0.493896
3680.58	0.497549
3751.85	0.501677
3823.15	0.506691
3890.62	0.511595
3957.32	0.515636
4025.38	0.518869
4079.11	0.513701
4135.43	0.516698
4192.13	0.519841
4239.21	0.520011
4285.28	0.522155
4330.46	0.519209
4374.63	0.521145
4414.79	0.523897
4453.77	0.526399
4493.94	0.532263
4530.23	0.540883
4565.09	0.549477
4597.44	0.558073
4629.74	0.565422
4660.4	0.572051
4689.33	0.577508
4716.24	0.581758
4742.17	0.585989
4767.68	0.590791
4790.67	0.593672
4813.17	0.601174
4832.88	0.613095
4846.87	0.622478
4862.43	0.645684
4876.5	0.675908
4888.06	0.711712
4897.11	0.745088
4904.69	0.718474
4914.44	0.485688
4923.06	0.38044
4928.06	0.33812
2574.01	0.218634
2572.94	0.24718
2570.01	0.479723
2708.69	0.489093
2840.02	0.489127
2959.73	0.48977
3066.79	0.491378
3168.12	0.493205
3265.36	0.495215
3351.65	0.493542
3436.1	0.493845
3516.68	0.495213
3599.15	0.496934
3676.15	0.500387
3748.09	0.504139
3818.9	0.507723
3886.67	0.51114
3952.34	0.514346
4017.32	0.517295
4073.15	0.516558
4132.72	0.520913
4196.02	0.524678
4242.28	0.523889
4288.86	0.529237
4335.91	0.528617
4377.47	0.526907
4419.86	0.529528
4459.13	0.535796
4497.68	0.543392
4534.02	0.55114
4568.65	0.558881
4601.59	0.566192
4632.82	0.57234
4663.02	0.577884
4692.49	0.582168
4717.28	0.582721
4742.77	0.585354
4762.62	0.58796
4790	0.590476
4813.06	0.596576
4832.81	0.609105
4848.99	0.629775
4862.54	0.648468
4876.15	0.678226
4887.87	0.71379
4897.08	0.746505
4904.73	0.72101
4914.39	0.490461
4922.87	0.385509
4927.82	0.341441
2576.3	0.216551
2574.51	0.230468
2570.67	0.478008
2708.04	0.490888
2838.67	0.49118
2960.82	0.491823
3069.78	0.492914
3172.22	0.494974
3261.34	0.494707
3348.84	0.497362
3437.55	0.500286
3524.06	0.503326
3598.32	0.502456
3674.15	0.505749
3742.93	0.509155
3815.24	0.512726
3882.45	0.517069
3945.7	0.521799
4004.8	0.527223
4061.04	0.534147
4123.79	0.541432
4185.14	0.547949
4239.63	0.556135
4291.99	0.560674
4346.18	0.562199
4386.95	0.551454
4425.27	0.553411
4462.48	0.55811
4500.96	0.563105
4536.94	0.568416
4571.41	0.573528
4605.06	0.577986
4634.67	0.5787
4664.19	0.581722
4691.03	0.584506
4717.21	0.587121
4740.94	0.590677
4766.35	0.594223
4791.11	0.598679
4813.53	0.607052
4833.46	0.619696
4851.28	0.63789
4864.37	0.658412
4874.89	0.6845
4887.73	0.716285
4897.22	0.74799
4904.92	0.723182
4914.53	0.49317
4922.9	0.388062
4927.81	0.343105
2580.15	0.214033
2577.39	0.220396
2572.25	0.476359
2709.61	0.493761
2841.48	0.494265
2971.18	0.494669
3075.71	0.491032
3167.22	0.490334
3261.71	0.493043
3351.32	0.49651
3438.18	0.500057
3521.31	0.503643
3599.32	0.507373
3675.59	0.511016
3749.57	0.514496
3814.13	0.515329
3879.8	0.519
3940.9	0.522703
3992.94	0.523887
4040.15	0.528142
4114.02	0.530212
4179.07	0.530487
4237.36	0.530959
4291.67	0.532452
4343.34	0.535318
4389.36	0.537842
4429.62	0.542804
4468.74	0.548795
4505.91	0.552945
4540.23	0.553548
4573.63	0.558248
4604.28	0.562998
4636.67	0.568303
4666.96	0.574371
4693.42	0.577246
4718.3	0.579208
4740.39	0.58305
4768.7	0.58597
4793.36	0.590398
4815.38	0.596919
4834.88	0.608764
4852.14	0.626435
4865.9	0.653653
4878.55	0.686495
4888.51	0.717358
4897.76	0.749178
4905.36	0.725266
4914.88	0.49405
4923.18	0.388309
4928.04	0.343269
2586.51	0.210707
2582.46	0.218172
2574.99	0.458398
2712.24	0.481271
2842.06	0.482424
2963.71	0.483865
3071.91	0.485131
3169.78	0.487873
3263.66	0.49127
3353.39	0.494783
3439.55	0.498343
3520.87	0.502131
3599.4	0.505579
3676.76	0.50875
3745.6	0.509358
3814.94	0.511779
3878.08	0.51156
3936.51	0.513184
3996.13	0.514081
4053.64	0.519321
4110.69	0.525358
4177.53	0.529998
4236.83	0.534064
4291.69	0.538104
4343.83	0.541884
4395.17	0.545201
4432.88	0.540904
4470.74	0.544547
4506.09	0.54894
4543.97	0.554027
4575.33	0.554733
4609.19	0.560592
4638.5	0.560622
4666.75	0.564584
4693.65	0.569937
4721.81	0.57552
4747.08	0.580341
4772.35	0.584276
4795.82	0.589253
4817.13	0.596308
4835.8	0.609469
4853.65	0.627525
4869.37	0.652778
4880.53	0.682075
4890.9	0.718835
4898.56	0.748383
4906.04	0.724789
4915.48	0.489463
4923.7	0.384902
4928.49	0.341663
2596.59	0.20672
2590.77	0.215552
2579.7	0.441871
2717.74	0.472188
2846.43	0.474009
2965.68	0.475777
3074.84	0.477676
3172.98	0.479983
3266.58	0.483028
3356.04	0.486149
3442.94	0.48907
3520.54	0.487284
3598.11	0.488779
3671.73	0.489946
3744.11	0.488812
3809.11	0.489621
3878.51	0.491142
3942.28	0.494928
4004	0.498969
4063.5	0.503006
4119.37	0.507337
4181.32	0.510943
4238.64	0.51528
4292.39	0.519379
4343.06	0.523414
4390.29	0.527183
4432.25	0.528432
4471.75	0.532267
4509.14	0.536845
4544.95	0.541943
4579.6	0.543582
4609.19	0.545717
4640.27	0.55125
4670.92	0.558287
4698.71	0.56674
4725.98	0.573699
4751.57	0.578983
4775.49	0.583167
4798.05	0.588147
4818.92	0.595084
4834.84	0.605959
4854.54	0.619352
4870.21	0.639839
4881.91	0.671073
4892.5	0.70534
4900.61	0.734771
4907.18	0.692191
4916.32	0.475297
4924.4	0.377246
4929.13	0.338443
2612.12	0.202025
2604.09	0.212325
2588.09	0.418812
2728.2	0.45752
2856.1	0.46517
2973.9	0.472072
3085.31	0.477127
3177.55	0.470925
3270.64	0.473647
3358.4	0.476307
3440.94	0.477257
3519.71	0.473134
3598.12	0.474919
3671.92	0.477031
3745.2	0.480768
3814.21	0.484588
3882.21	0.48826
3947.81	0.491685
4011.92	0.494984
4074.87	0.498392
4134.15	0.50308
4187.58	0.496792
4241.86	0.499488
4294.03	0.501635
4343.62	0.503917
4390.17	0.507141
4433.51	0.512825
4473.72	0.519705
4510.93	0.52597
4545.2	0.532861
4581.96	0.540543
4614.99	0.549463
4647.26	0.557946
4675.37	0.562719
4701.9	0.569972
4729.51	0.576175
4755.5	0.581454
4777.72	0.583404
4799.57	0.587425
4818.73	0.59305
4838.58	0.603052
4856.72	0.61884
4872.16	0.641935
4885.1	0.674354
4894.19	0.706724
4902.07	0.744806
4908.8	0.718799
4916.94	0.480412
4925.02	0.375461
4929.87	0.337074
2635.32	0.196196
2625.14	0.208066
2605.32	0.388042
2746.76	0.406319
2872	0.419633
2984.97	0.433103
3083.35	0.443513
3184.25	0.451509
3279.53	0.457925
3359.94	0.452106
3439.12	0.455117
3522.37	0.458872
3600.87	0.463362
3675.72	0.467542
3748.25	0.471443
3818.12	0.475
3886.23	0.478331
3952.81	0.481461
4019.01	0.48442
4087.94	0.486895
4135.79	0.475019
4192.36	0.479762
4246.17	0.485206
4297.36	0.490904
4346.25	0.496869
4391.63	0.503226
4435.44	0.510051
4474.23	0.512235
4513.45	0.518253
4549.95	0.52703
4585.57	0.535726
4619.15	0.544379
4650.25	0.552889
4679.42	0.561399
4707.69	0.569122
4732.47	0.571753
4755.63	0.576057
4779.72	0.580137
4801.7	0.584637
4822.13	0.59062
4841.42	0.599588
4858.85	0.614828
4873.85	0.637104
4886.14	0.668632
4895.17	0.712212
4903.37	0.750899
4910.02	0.745993
4918.47	0.513505
4925.25	0.395162
4930.8	0.342752
2668.33	0.188852
2655.56	0.202122
2628.17	0.349308
2776.18	0.351565
2900.96	0.371294
3007.52	0.394204
3106.89	0.415322
3193.42	0.411674
3275.42	0.417852
3364.03	0.423363
3446.58	0.429486
3527.3	0.434896
3604.98	0.439668
3679.71	0.444105
3751.93	0.448396
3821.86	0.452664
3889.89	0.457
3956.29	0.461427
4021.31	0.465935
4084.54	0.470542
4141.24	0.474792
4197.36	0.480817
4250.58	0.487128
4300.48	0.49366
4349.89	0.499856
4392.2	0.500279
4432.88	0.505843
4475.91	0.512798
4516.04	0.520445
4552.97	0.52856
4588.65	0.536379
4623.32	0.54384
4652.8	0.544349
4682.1	0.550491
4709.05	0.557458
4735.52	0.565813
4759.4	0.573539
4781.58	0.579003
4803.05	0.583926
4824.18	0.589634
4843.51	0.598234
4860.66	0.61405
4875.42	0.637944
4887.67	0.67225
4897.67	0.71617
4904.61	0.753325
4911.33	0.755012
4919.99	0.531502
4927.63	0.407841
4932.69	0.345806
2713.73	0.180377
2700.25	0.194008
2655.08	0.25926
2824.95	0.303467
2944.31	0.321718
3032.16	0.332116
3112.57	0.352953
3202.01	0.375109
3286.63	0.390789
3371.16	0.402022
3453.1	0.4111
3532.69	0.418907
3609.59	0.425827
3683.79	0.432218
3755.54	0.43828
3825.11	0.444122
3892.78	0.449808
3958.7	0.45536
4022.92	0.460774
4085.22	0.466036
4144.8	0.471229
4202.83	0.476406
4255.92	0.482622
4301.77	0.483
4345.91	0.487805
4392.67	0.49359
4435.68	0.50038
4478.01	0.506616
4519.45	0.5123
4554.94	0.51204
4590.49	0.517258
4622.07	0.522969
4655.37	0.530647
4685.34	0.540664
4712.91	0.551079
4738.83	0.561024
4762.81	0.569786
4785.1	0.576801
4802.43	0.582261
4825.6	0.587547
4845.16	0.595016
4862.15	0.609301
4876.71	0.631614
4888.75	0.664053
4897.95	0.707683
4904.47	0.754003
4912.53	0.751162
4921.94	0.522335
4930.1	0.402214
4935.14	0.34278
2772.23	0.172186
2776.1	0.186031
2793.04	0.224074
2895.33	0.266439
2970.53	0.204193
3044.55	0.211201
3122.98	0.256331
3211.02	0.318654
3294.13	0.356878
3377.06	0.379114
3458.54	0.394113
3537.64	0.40556
3613.96	0.415567
3687.53	0.424412
3758.61	0.432357
3827.61	0.439507
3894.79	0.445927
3960.27	0.451672
4023.95	0.456818
4086.2	0.461341
4147.54	0.465349
4210.93	0.468764
4254.13	0.461324
4303.45	0.464757
4350.56	0.470429
4394.57	0.475826
4436.9	0.481929
4478.77	0.483148
4517.85	0.486675
4557.47	0.491892
4593.48	0.500816
4626.7	0.510617
4658.64	0.520708
4688.4	0.531181
4715.95	0.541958
4741.69	0.552545
4765.65	0.562446
4787.88	0.571043
4808.16	0.577968
4828.25	0.583091
4846.82	0.589574
4863.39	0.599734
4877.79	0.617683
4890	0.644431
4898.64	0.675214
4906.33	0.698234
4915.29	0.650569
4924.89	0.484687
4933.23	0.384695
4938.22	0.333214
2826.5	0.163106
2838.66	0.16852
2869.04	0.177492
2930.78	0.178884
2996.91	0.173434
3066.35	0.173275
3139.07	0.181015
3212.33	0.206438
3294.37	0.271053
3379.25	0.332291
3462.27	0.364644
3541.57	0.384151
3617.68	0.397681
3690.65	0.408707
3760.9	0.41845
3829.24	0.426857
3896.01	0.434297
3961.27	0.440947
4024.16	0.447138
4085.85	0.452565
4145.99	0.45742
4204.23	0.461759
4257.21	0.465511
4304.86	0.46908
4355.93	0.473229
4395.83	0.462696
4432.29	0.464375
4480.18	0.470105
4522.17	0.478357
4560.8	0.487852
4596.47	0.497948
4629.79	0.508401
4661.32	0.519084
4690.94	0.529975
4718.11	0.541401
4743.73	0.552485
4767.75	0.56283
4790.26	0.571908
4811.79	0.579193
4830.06	0.579658
4847.99	0.584521
4864.2	0.589841
4878.41	0.594943
4890.17	0.59855
4901.25	0.598075
4910.54	0.578796
4919.71	0.519239
4929.02	0.429486
4937.19	0.355234
4941.97	0.313823
2868.51	0.156737
2882.74	0.15803
2913.16	0.159536
2961.34	0.158775
3019.27	0.155921
3083.55	0.15407
3152.48	0.15521
3224.45	0.163159
3298.58	0.183774
3372.1	0.233851
3463.2	0.30747
3544.6	0.347617
3620.85	0.369528
3693.07	0.384442
3761.95	0.395836
3829.51	0.40469
3896.04	0.412838
3962.12	0.420278
4023.21	0.423444
4084.8	0.42799
4144.14	0.431411
4200.64	0.434014
4251.48	0.436002
4304.21	0.438064
4353.47	0.443549
4397.89	0.448699
4440.31	0.456324
4484.65	0.463476
4527.01	0.470639
4564.26	0.480866
4599.02	0.492167
4631.91	0.502406
4663.21	0.511595
4693.28	0.519034
4719.34	0.518394
4745.03	0.522325
4769.16	0.525877
4791.59	0.528574
4811.37	0.53028
4831.89	0.53433
4850.01	0.537909
4866.23	0.537986
4880.6	0.533279
4893.23	0.52173
4904.65	0.500901
4914.98	0.464636
4924.91	0.411271
4934.27	0.356741
4941.71	0.317566
4945.47	0.281652
2896.37	0.153181
2910.63	0.152981
2939.39	0.152288
2981.98	0.150623
3034.97	0.148165
3095.57	0.145882
3161.81	0.14491
3232.13	0.147522
3305.22	0.158423
3379.58	0.185077
3459.38	0.229459
3545.89	0.287959
3623.87	0.327125
3695.62	0.347507
3761.4	0.350115
3827.91	0.359262
3893.75	0.366454
3957.99	0.373413
4023.07	0.380891
4085.05	0.391109
4144.18	0.399874
4200.26	0.40833
4253.08	0.416641
4304.36	0.424764
4353.18	0.431616
4399.28	0.437029
4443.87	0.441766
4488.59	0.446501
4534.5	0.448967
4567.79	0.436532
4601.1	0.43637
4633.39	0.43652
4664.19	0.435444
4691.72	0.431818
4720.71	0.43058
4747.03	0.433662
4771.39	0.436284
4793.94	0.438393
4814.68	0.439848
4834.37	0.440622
4852.39	0.437867
4868.73	0.430787
4883.47	0.418412
4896.84	0.399638
4909.07	0.376669
4920.27	0.351862
4930.47	0.328072
4939.21	0.307348
4945.07	0.283822
4947.73	0.250977
2910.16	0.151625
2924.16	0.150988
2951.88	0.149715
2992.25	0.14779
3042.98	0.145421
3101.75	0.143159
3166.6	0.142092
3235.92	0.145041
3308.16	0.159396
3381.03	0.201719
3481.13	0.272648
3552.65	0.262252
3626.47	0.258288
3689.74	0.238667
3757.03	0.239207
3823.14	0.250065
3888.64	0.264422
3954.7	0.2825
4022.92	0.303251
4085.48	0.318054
4144.45	0.327934
4200.38	0.334441
4253.56	0.33851
4304.68	0.341347
4353.59	0.343023
4400.34	0.344429
4445.52	0.346365
4489.63	0.348176
4531.96	0.349809
4568.5	0.343556
4602.6	0.345755
4634.95	0.348352
4665.58	0.350547
4694.31	0.352218
4722.32	0.3532
4748.61	0.353494
4773.09	0.353118
4795.8	0.352017
4816.85	0.350039
4836.49	0.346999
4854.58	0.342737
4871.1	0.337267
4886.13	0.330688
4899.82	0.323209
4912.34	0.315015
4923.85	0.306203
4933.92	0.293866
4941.53	0.273513
4946.42	0.249899
4948.77	0.239044
4540.87	0.468738
4567.81	0.469769
4600.96	0.473856
4633.2	0.480975
4664.16	0.48985
4685.75	0.496485
4695.39	0.538013
4718.98	0.540059
4744.83	0.545288
4768.95	0.551381
4791.45	0.558555
4808.45	0.56413
4814.62	0.592337
4829.73	0.593515
4847.79	0.597427
4864	0.603946
4878.16	0.616457
4888.84	0.632051
4891.9	0.67677
4898.09	0.683959
4901.07	0.696539
2741.45	0.494872
2827.72	0.493629
2911.91	0.491976
2951.97	0.495997
3047.11	0.494387
3155	0.491871
3225.15	0.488962
3259.37	0.484824
3345.38	0.483484
3440.85	0.482186
3505.28	0.480477
3539.68	0.481556
3619.03	0.480392
3704.13	0.479361
3759.77	0.47784
3791.83	0.477356
3863.73	0.476802
3938.41	0.478004
3982.37	0.477735
4009.88	0.482956
4069.42	0.482463
4127.93	0.482582
4158.44	0.482314
4174.01	0.48226
4118.26	0.54337
4144.04	0.542951
4194.14	0.543452
4245.47	0.543527
4288.92	0.546569
4335.51	0.546703
4376.87	0.54745
4417.28	0.547292
4445.72	0.547215
4460.43	0.55125
4493.95	0.552123
4529.01	0.556712
4562.22	0.559242
4589.24	0.564566
4616.73	0.566523
4645.99	0.569273
4673.34	0.571255
4697.28	0.572811
4700.82	0.576551
4590.08	0.590904
4615.29	0.591638
4643.59	0.592716
4671.35	0.594209
4698.59	0.595561
4724.94	0.597095
4750.24	0.598761
4774.38	0.601316
4797.36	0.60573
4818.71	0.611372
4838.04	0.617884
4855.2	0.624063
4870.19	0.627217
4881.17	0.618873
4891.99	0.597627
4900.62	0.565132
4908.44	0.486233
4912.85	0.393543
4646.79	0.552453
4667.67	0.556256
4676.51	0.577261
4691.81	0.577877
4715.72	0.582783
4738.48	0.587879
4759.25	0.592397
4766.76	0.614349
4777.61	0.616066
4798.57	0.622177
4818.57	0.630715
4837.89	0.638318
4844	0.642581
4852.37	0.643036
4867.17	0.650003
4879.7	0.652862
4890.72	0.638433
4895.18	0.59858
4899.73	0.595901
4907.43	0.549181
4915.57	0.450903
4921.69	0.397054
4154.48	0.502262
4178.02	0.502278
4195.57	0.509614
4230.06	0.509381
4279.93	0.514124
4326.39	0.518672
4371.71	0.521956
4400.25	0.523498
4416.05	0.53492
4453.8	0.53597
4493.7	0.539149
4524.05	0.547594
4552.63	0.550168
4563.45	0.56334
4586.35	0.563764
4616.87	0.568254
4646.25	0.571141
4674.16	0.573341
4689.33	0.574194
4698.99	0.575154
4711.98	0.575389
2941.87	0.507665
2967.57	0.506432
3001.25	0.506864
3065.46	0.505634
3164.88	0.505975
3251.38	0.504895
3286.07	0.512535
3350.31	0.511431
3436.33	0.513237
3510.72	0.512431
3539.35	0.520268
3597.41	0.519419
3674.23	0.520816
3736.67	0.520118
3760.84	0.525227
3813.38	0.524494
3879.97	0.524719
3932.88	0.523654
3947.48	0.521478
3995.49	0.520804
4053.9	0.520786
4099.54	0.519588
4109	0.508139
3829.01	0.538701
3880.9	0.538303
3948.61	0.538093
4015.65	0.537775
4080.14	0.537938
4138.4	0.539398
4192.43	0.540965
4242.87	0.542661
4294.54	0.543104
4335.4	0.547192
4376.32	0.549249
4416.95	0.551309
4455.56	0.553999
4493.06	0.555687
4528.82	0.557147
4555.97	0.557365
4566.98	0.561969
4592.11	0.561989
4618.62	0.562816
4636.45	0.562704
4152.84	0.526746
4195.76	0.528019
4244.65	0.5307
4292.82	0.533831
4339.59	0.537007
4384.8	0.539901
4420.86	0.541219
4435.39	0.558675
4466.85	0.559181
4505.71	0.564722
4542.14	0.568646
4576.43	0.572527
4608.73	0.576305
4638.88	0.579981
4664.78	0.584744
4689.47	0.588088
4713.5	0.590137
4732.42	0.590834
4739.36	0.595858
4755.96	0.596184
4775.77	0.597844
4788.57	0.598799
3952.67	0.506356
4002.35	0.507051
4062.13	0.509697
4119.02	0.513224
4173.25	0.516437
4205.53	0.517674
4225.05	0.532455
4270.93	0.53326
4318.51	0.535616
4363.84	0.538195
4406.42	0.541498
4445.01	0.546188
4478.25	0.553048
4516.91	0.555655
4552.24	0.560289
4584.71	0.564448
4609.92	0.566162
4619.47	0.577884
4641.74	0.578082
4669.18	0.579052
4687.85	0.579249
4100.55	0.499984
4136.32	0.499306
4150.98	0.493645
4193.66	0.493324
4243.7	0.494145
4292.44	0.494471
4339.66	0.494778
4385.12	0.494947
4428.58	0.494765
4470.5	0.493837
4510.06	0.491767
4535.46	0.489441
4548.95	0.474204
4579.81	0.473971
4612.03	0.476429
4642.66	0.478147
4670.1	0.480268
4695.56	0.483257
4718.79	0.486074
4737.84	0.488555
3232.28	0.52867
3300.15	0.528025
3388.59	0.527397
3476.35	0.526584
3561.99	0.526178
3645	0.526071
3725.09	0.526199
3801.92	0.526578
3875.2	0.527209
3945.06	0.52792
4011.53	0.528701
4074.21	0.529648
4131.22	0.531237
4188.93	0.531225
4244.91	0.53106
4296.5	0.531022
4340.07	0.530818
4378.24	0.5307
4394.05	0.53182
4495.45	0.43045
4509.27	0.431559
4518.79	0.503106
4546.3	0.506262
4559.65	0.538755
4578.84	0.539269
4603.04	0.542288
4612.94	0.557566
4636.7	0.558963
4644.53	0.575476
4664.67	0.575969
4678.36	0.579836
4688.93	0.581359
4706.74	0.582742
4712.7	0.585302
4731.82	0.585585
4739.59	0.590601
4754.52	0.590708
4769.48	0.592792
4777.5	0.596643
4793.65	0.597666
4798.26	0.609078
4812.62	0.611529
4822.42	0.619374
4833.47	0.619648
4846.35	0.626602
4849.9	0.626615
4327.93	0.543424
4341.84	0.543118
4379.56	0.544425
4419.07	0.545878
4456.56	0.546647
4471.27	0.553941
4495.88	0.553898
4530.83	0.559628
4565.15	0.563288
4595.22	0.567907
4607.33	0.576925
4625.07	0.57698
4652.41	0.580702
4678.94	0.583049
4703.79	0.584942
4713.65	0.588554
4725.41	0.588525
4751.54	0.593403
4774.85	0.596696
4796.06	0.599875
4805.98	0.605109
4815.17	0.606096
4829.88	0.609475
2652.38	0.472795
2674.69	0.475611
2746.57	0.474363
2871.2	0.474525
2984.77	0.478125
3069.32	0.477941
3099.74	0.503261
3176.6	0.502451
3270.28	0.504767
3358.89	0.505641
3413.93	0.505118
3445.86	0.515716
3520.21	0.515416
3598.05	0.516469
3669.18	0.516598
3699.19	0.523538
3744.67	0.522709
3814.5	0.523453
3878.32	0.523636
3927.96	0.523069
3946.66	0.529267
3992.2	0.528768
4032.61	0.528725
4102.91	0.507389
4124.69	0.507533
4140.16	0.531207
4187.25	0.531766
4241.62	0.534951
4293.73	0.538798
4343.24	0.543077
4367	0.546963
4389.83	0.547519
4431.97	0.549816
4471.55	0.552811
4509.17	0.555815
4541.06	0.557042
4551.43	0.56973
4575.05	0.569966
4608.82	0.571908
4638.38	0.574507
4666.91	0.576591
4686.91	0.577373
4695.52	0.582557
4718.01	0.582718
4733.53	0.583234
4501.36	0.537239
4507.81	0.539886
4529.62	0.540218
4556.35	0.545378
4566.59	0.56034
4589.3	0.56114
4613.28	0.564049
4621.47	0.576599
4644.76	0.577527
4667.13	0.579426
4678.66	0.586893
4704.21	0.588057
4722.78	0.5897
4730.61	0.593035
4752.87	0.5947
4763.75	0.59893
4775.55	0.598881
4795.1	0.603319
4802.23	0.6135
4814.97	0.614449
4832.31	0.623544
4838.64	0.638403
4851.61	0.641091
4864.32	0.655353
4868.73	0.666796
4876.42	0.671215
3400.15	0.506676
3463.13	0.506027
3548.47	0.505875
3632.4	0.505478
3709.51	0.506968
3779.24	0.509901
3845.42	0.511691
3906.05	0.512972
3931.28	0.522004
3965.78	0.52145
4024.87	0.523488
4079.65	0.525872
4131.11	0.528687
4181.66	0.530686
4231.23	0.533189
4280.03	0.53566
4327.15	0.53839
4371.71	0.541299
4414.01	0.543537
4451.35	0.54489
4465.52	0.550795
4487.39	0.550611
4502.83	0.552676
3769.3	0.506039
3789.09	0.505412
3808.51	0.517115
3857.11	0.516638
3921.89	0.518388
3984.19	0.518758
4024.51	0.518258
4048.69	0.519949
4101.46	0.519397
4145.97	0.513868
4195.93	0.513685
4217.61	0.515453
4252.46	0.515034
4301.49	0.520362
4348.25	0.523703
4381.96	0.525142
4398.77	0.535818
4435.46	0.53662
4475.16	0.542141
4511.14	0.546834
4527.08	0.553421
4546.99	0.553245
4579.81	0.555917
4609.85	0.55788
4628.65	0.559016
4036.25	0.537224
4041.02	0.537373
4079.32	0.537094
4135.42	0.537259
4191.36	0.537346
4239.05	0.54055
4285.17	0.542333
4330.31	0.543892
4374.27	0.546024
4415.22	0.549054
4445.62	0.549993
4458.97	0.564966
4490.65	0.565605
4525.2	0.569472
4560.85	0.570863
4591.11	0.575447
4625.56	0.576816
4656.93	0.579155
4685.82	0.580641
4713.57	0.581031
4727.91	0.581185
4731.6	0.580588
4219.15	0.48471
4251.33	0.485088
4267.88	0.503151
4301.61	0.503121
4340.38	0.505773
4354.54	0.52029
4392.06	0.520796
4421.6	0.52369
4436.75	0.53338
4473.61	0.535135
4491.04	0.543079
4510.85	0.54286
4542.99	0.545323
4553.53	0.555834
4579.27	0.555949
4604.36	0.559427
4612.44	0.574205
4638.39	0.57495
4657.35	0.577639
4667.73	0.584384
4692.72	0.585351
4702.97	0.589691
4717.24	0.589609
4739.44	0.589738
4747.48	0.588176
4758.49	0.588077
4749.18	0.58321
4751.09	0.58437
4765.8	0.584532
4773.65	0.588706
4789.83	0.588951
4797.3	0.597144
4812.29	0.597481
4817.97	0.614659
4830.01	0.617047
4835.54	0.633611
4846.2	0.636416
4851.8	0.658526
4861.86	0.661975
4866.55	0.687756
4874.41	0.69158
4880.22	0.701419
4888.18	0.70272
4892.62	0.680699
4898.65	0.675343
4902.6	0.591882
4907.54	0.579683
4911.49	0.480589
4916.81	0.456637
4920.08	0.406805
4920.94	0.398833
4358.64	0.497719
4396.19	0.501401
4419.2	0.50522
4437.54	0.511148
4478.64	0.513307
4515.49	0.517643
4529	0.536486
4554.46	0.536791
4590.44	0.542943
4616.52	0.546291
4626.44	0.565488
4652.45	0.566583
4681.92	0.57282
4697.66	0.576641
4708.2	0.582903
4732.36	0.58421
4754.38	0.586737
4762.45	0.593264
4777.45	0.593409
4799.51	0.595957
4815.38	0.597423
4820.71	0.604394
4833.32	0.606049
4079.69	0.534581
4116	0.534209
4159.42	0.533913
4176.09	0.536576
4214.65	0.536289
4264.59	0.538348
4310.98	0.540154
4357.4	0.541245
4400.74	0.543775
4440.39	0.546907
4474.68	0.5484
4488.31	0.555868
4513.07	0.555923
4547.27	0.560772
4579.79	0.563717
4609.9	0.567246
4637.31	0.570768
4667.9	0.571802
4694.43	0.573112
4704.69	0.574626
4715.03	0.574514
4096.71	0.530845
4141.25	0.531656
4167.17	0.534642
4193.99	0.534032
4246.84	0.533995
4272.94	0.535571
4295.37	0.535464
4335.81	0.535199
4361.7	0.536175
4379.97	0.539243
4419.06	0.540887
4445.24	0.542649
4461.46	0.547869
4496.77	0.548983
4522.82	0.550859
4537.61	0.55753
4569.2	0.55885
4592.61	0.561832
4604.58	0.571682
4631.85	0.572568
4653.38	0.574249
4663.99	0.578514
4686.49	0.578848
4704.58	0.579853
4708.09	0.58036
4263.27	0.536921
4296.03	0.537109
4338.71	0.539492
4379.68	0.542796
4414.94	0.544397
4428.66	0.554443
4458	0.554517
4498.74	0.55891
4536.4	0.563606
4568.92	0.569747
4584.73	0.574092
4602.84	0.573909
4631.62	0.577988
4657.52	0.582201
4685.27	0.584223
4701.87	0.585505
4711.17	0.58957
4732.5	0.590206
4753.94	0.592772
4775.35	0.594755
4790.92	0.596069
4796.73	0.604897
4811.34	0.60594
4773.93	0.581428
4777.81	0.586152
4787.58	0.585979
4792.99	0.584717
4796.09	0.588547
4805.85	0.589207
4811.85	0.591115
4815.23	0.601373
4824.25	0.604407
4830.39	0.61144
4833.99	0.625671
4841.88	0.630911
4848.42	0.634483
4852.21	0.651823
4859.33	0.657976
4865.42	0.658218
4869.99	0.670436
4876.01	0.679068
4881.43	0.679125
4885.46	0.701852
4890.22	0.716929
4894.72	0.719364
4897.96	0.741101
4901.95	0.75324
4903.03	0.753897
3824.36	0.473007
3840.63	0.478
3875.43	0.477411
3895.2	0.487295
3932.8	0.486635
3953.53	0.473931
3978.11	0.47417
4008.53	0.473458
4025.77	0.492681
4060.12	0.492758
4078.21	0.514822
4102.96	0.516985
4129.49	0.51634
4148.04	0.51603
4180.54	0.515642
4197.06	0.520114
4220.34	0.522629
4241.49	0.524949
4254.36	0.522615
4283.25	0.521893
4297.75	0.500185
4314.71	0.494021
4326.48	0.485283
4200.84	0.533603
4242.61	0.533841
4282.03	0.533977
4293.54	0.538491
4329.97	0.538417
4374.74	0.542015
4407.54	0.543402
4421.22	0.556541
4455.38	0.556868
4491.37	0.560296
4515	0.561596
4526.19	0.570146
4558.51	0.571015
4595.2	0.572889
4614.17	0.574277
4628.42	0.576842
4658.24	0.577783
4687.03	0.579574
4701.33	0.58029
4717.98	0.580041
4745.92	0.580469
4764.54	0.580506
4767	0.580635
4767.02	0.580843
4109.99	0.534769
4145.07	0.53524
4197.85	0.537226
4249.11	0.540029
4297.61	0.543675
4343.67	0.54734
4387.37	0.551117
4429.72	0.554123
4470.29	0.557345
4509.12	0.560333
4546.33	0.562969
4581.61	0.565518
4613.62	0.568755
4643.75	0.57136
4661.57	0.57229
4672.79	0.576937
4697.74	0.577643
4723.03	0.578883
4747.7	0.579268
4767.25	0.57974
4760.16	0.581448
4762.52	0.581918
4775.07	0.582025
4781.21	0.586036
4790.72	0.587367
4799.83	0.587468
4805.73	0.593199
4817.37	0.593576
4822.8	0.600306
4831.13	0.601956
4839.18	0.601647
4844.29	0.613503
4853.68	0.615999
4858.14	0.624166
4864.02	0.633576
4869.72	0.634479
4872.52	0.649855
4879.4	0.65352
4882.27	0.676035
4886.08	0.690912
4889.84	0.692494
4891.64	0.670282
4896.21	0.665208
4898.3	0.696098
4901.72	0.651161
4903.58	0.644582
4548.51	0.572869
4574.21	0.573917
4603.4	0.576371
4632.13	0.579149
4652.64	0.580532
4663.81	0.586463
4686.33	0.587267
4710.22	0.590403
4732.82	0.59258
4751.86	0.593943
4759.46	0.604077
4775.43	0.605407
4794.39	0.61588
4813.6	0.623352
4833.4	0.629143
4839.77	0.641521
4852.53	0.64267
4868.34	0.659418
4881.3	0.673291
4892.32	0.676581
4898.61	0.663127
4902.81	0.637185
4907.6	0.612211
3723.37	0.521024
3777.38	0.52124
3841.99	0.522138
3906.3	0.523281
3966.24	0.526339
4025.06	0.528387
4079.7	0.53196
4131.92	0.534613
4163.78	0.535486
4186.64	0.543319
4233	0.544228
4279.83	0.546637
4326.87	0.547943
4371.95	0.550199
4414.64	0.552553
4454.32	0.554884
4489.11	0.557632
4524.46	0.558114
4553.75	0.557662
4565.07	0.559863
4584.05	0.559813
3886.05	0.532261
3925.97	0.532147
3984.43	0.534621
4039.19	0.538313
4091.87	0.541427
4142.75	0.544412
4193.13	0.546523
4242.12	0.548814
4289.04	0.551353
4334.64	0.553214
4378.7	0.554885
4420.97	0.556377
4455.94	0.557044
4468.88	0.565844
4495.98	0.565883
4532.06	0.568798
4565.62	0.570503
4602.79	0.570815
4635.08	0.572804
4663.97	0.574486
4683.27	0.575251
3489.76	0.33139
3552.36	0.338812
3626.48	0.355327
3672.05	0.368633
3698.11	0.41173
3761.12	0.416345
3827.73	0.424506
3893.63	0.433301
3956.65	0.440024
3985.21	0.453016
4022.44	0.452389
4084.54	0.455281
4143.91	0.456997
4200.6	0.458969
4247.35	0.459777
4266.4	0.470762
4304.27	0.470287
4355.18	0.469205
4395.45	0.465211
4427.62	0.464826
4399.91	0.558534
4400.13	0.558954
4433	0.559605
4470.89	0.561341
4496.41	0.562411
4508.16	0.571137
4539.93	0.571913
4573.7	0.575557
4598.35	0.57697
4608.15	0.58765
4634.4	0.587953
4664.21	0.589609
4687.44	0.590106
4696.05	0.59415
4717	0.5944
4742.55	0.597012
4761.82	0.599712
4771.51	0.606502
4790.2	0.607165
4812.97	0.616047
4831.43	0.623334
4836.44	0.633883
4847.03	0.635593
4856.45	0.645046
4360.8	0.583171
4387.11	0.583253
4425.11	0.584947
4462.51	0.586738
4500.63	0.587724
4536.69	0.590089
4571.23	0.591983
4604.61	0.593431
4634.55	0.595959
4663.89	0.597434
4690.9	0.599928
4716.96	0.60428
4740.97	0.611549
4766.23	0.616526
4790.83	0.62318
4813.23	0.633006
4833.18	0.64514
4850.86	0.658474
4864.21	0.675222
4872.66	0.685747
2917.75	0.387787
2923.5	0.393694
2947.38	0.394212
3032.36	0.400521
3089.17	0.407656
3113.35	0.455071
3193.51	0.455633
3265.17	0.45681
3291.1	0.486292
3359.42	0.485867
3435.58	0.488959
3464.79	0.503909
3518.92	0.503107
3597.96	0.506991
3638.5	0.508101
3672.33	0.511121
3744.35	0.511133
3794.93	0.511343
3818.7	0.523242
3877.9	0.522833
3930.85	0.52281
3948.68	0.52882
3992.09	0.528306
4034.29	0.528706
4300.35	0.541375
4334.43	0.543973
4360.65	0.546265
4377.89	0.557747
4416.32	0.558819
4454.2	0.563077
4492.54	0.565545
4512.08	0.567636
4528.66	0.569669
4560.67	0.571942
4593.62	0.574519
4623.35	0.578449
4636.57	0.582728
4652.16	0.582628
4678.93	0.585714
4704.6	0.588306
4728.84	0.589701
4738.79	0.593771
4753.65	0.593794
4775.53	0.596409
4795.55	0.598185
4809.44	0.599
2890.61	0.51642
2966.06	0.515581
3065.35	0.516162
3163.93	0.515631
3259.76	0.515548
3353.07	0.515502
3442.18	0.516206
3527.3	0.51706
3608.69	0.518001
3686.27	0.519127
3759.09	0.520836
3828.28	0.522178
3893.02	0.523958
3958.24	0.523962
4020.19	0.524655
4078.51	0.52521
4134.91	0.52508
4189.64	0.524513
4233.95	0.524671
4266.4	0.525041
3043.07	0.506795
3077.96	0.50542
3164.44	0.504895
3200.04	0.508314
3260.58	0.507116
3347.22	0.507173
3384.37	0.507922
3435.35	0.506757
3516.83	0.507178
3558.53	0.506304
3602.09	0.505112
3680.85	0.505043
3724.5	0.503954
3759.64	0.503043
3829.08	0.502484
3873.29	0.501676
3902.21	0.501871
3962.63	0.50161
4004.62	0.501326
4027.25	0.503261
4080.13	0.502736
4120.83	0.502143
4139.9	0.502743
4183.3	0.502647
4217.14	0.503464
4222.74	0.50934
4406.05	0.571709
4410.39	0.571423
4442.64	0.57275
4478.85	0.574288
4515.4	0.575911
4550.24	0.578733
4583.15	0.581706
4614.52	0.584196
4642.14	0.587646
4669.14	0.58978
4694.3	0.592166
4723.58	0.592864
4744.67	0.593334
4754.27	0.601663
4776.3	0.60293
4800.29	0.609828
4821.9	0.61778
4840.3	0.629141
4857.16	0.641994
4871.6	0.657935
4882.64	0.674085
4626.04	0.58085
4640.94	0.580997
4668.35	0.583561
4695.47	0.586035
4723.11	0.587429
4749.82	0.589081
4769.75	0.589888
4777.68	0.599045
4794.24	0.599823
4815.65	0.602589
4835.11	0.607213
4852.38	0.610086
4867.34	0.607835
4879.98	0.59633
4890.42	0.575681
4897.97	0.510392
4906.8	0.40144
4917.19	0.334213
4925.56	0.309057
4928.61	0.298055
3994.72	0.522051
4039.82	0.522366
4090.72	0.522796
4131.18	0.522633
4146.78	0.525747
4185.92	0.525578
4231.49	0.528538
4281.98	0.52953
4312.77	0.530233
4330.75	0.53765
4372.28	0.538722
4414.62	0.543273
4452.52	0.54711
4467.89	0.556257
4490.38	0.556176
4526.86	0.559831
4561.78	0.562529
4589.59	0.563548
4599.23	0.569832
4624.65	0.569914
4655.4	0.571947
4677.54	0.572989
4195.95	0.535104
4209.76	0.536288
4239.26	0.535887
4282.23	0.536975
4297.57	0.54582
4335.65	0.54571
4371.96	0.548304
4388.88	0.559193
4425.29	0.559109
4452.41	0.559165
4469.41	0.558917
4505.52	0.559307
4523.01	0.560163
4543.66	0.559795
4574	0.560828
4586.02	0.563265
4609.16	0.563358
4637.3	0.565832
4649.53	0.573751
4675.28	0.574266
4696.71	0.576124
4708.29	0.578569
4732.42	0.5792
4746.95	0.580282
4759.35	0.580507
4781.02	0.581543
4790.45	0.582389
4797	0.58236
4495.44	0.527003
4498.48	0.5271
4518.8	0.527348
4530.7	0.533136
4546.62	0.536455
4558.76	0.542641
4571.16	0.551138
4587.81	0.551199
4596.92	0.563826
4615.36	0.564105
4625.12	0.567727
4640.65	0.568802
4652.51	0.57093
4664.3	0.57225
4679.11	0.572173
4688.33	0.576493
4703.41	0.576866
4711.03	0.582531
4724.64	0.583365
4732.96	0.586701
4743.43	0.588818
4755.57	0.588711
4763.35	0.588794
4775.51	0.588606
4779.26	0.574065
4301.53	0.543422
4327.26	0.544047
4340.23	0.55671
4376.49	0.557196
4416.4	0.559586
4454.22	0.562184
4492.43	0.563843
4528.12	0.567149
4562.7	0.569601
4592.84	0.573538
4618.98	0.577771
4644.71	0.579907
4673.11	0.581379
4701.25	0.582768
4721.37	0.583443
4730.38	0.588904
4752.14	0.58928
4775.65	0.591769
4796.63	0.593833
4809.61	0.595386
2809.81	0.487038
2839.54	0.485367
2907.37	0.485118
2948.14	0.492145
3047.59	0.490947
3129.75	0.489506
3162.44	0.498594
3245.15	0.49734
3335.52	0.495228
3370.94	0.492099
3439.47	0.490721
3528.92	0.489201
3570.5	0.487054
3617.46	0.485784
3699.81	0.485858
3751.89	0.484744
3780.86	0.485599
3848.48	0.485193
3905.02	0.485127
3927.79	0.496985
3981.43	0.496701
4037.61	0.498987
4059.52	0.50895
4100.54	0.508241
4137.42	0.504426
3486.22	0.502913
3496.24	0.502713
3544.8	0.50188
3625.7	0.501782
3700.83	0.501942
3732.26	0.508872
3777.39	0.508052
3848.08	0.514334
3913.5	0.519627
3946.54	0.522224
3983.09	0.521377
4046.82	0.525495
4106.43	0.52964
4138.6	0.531218
4166.04	0.534736
4215.28	0.536293
4265.31	0.537459
4296.12	0.537957
4317.41	0.541862
4362.47	0.540948
4407.07	0.538124
4432.49	0.534624
4446.9	0.528858
4473.94	0.528796
3651.89	0.525278
3715.71	0.525877
3784.17	0.526548
3851.13	0.527558
3915.13	0.529197
3976.74	0.53066
4033.4	0.533541
4087.5	0.535575
4140.04	0.536915
4187.03	0.540136
4227.97	0.540887
4247.22	0.550557
4284.07	0.550455
4330.85	0.55367
4375.78	0.554606
4418.78	0.555351
4460.09	0.555745
4496.68	0.556426
4532.09	0.556815
4562.11	0.557151
