2826.52	0.298527
2836.64	0.329653
2857.7	0.337666
2889.35	0.340256
2930.13	0.341674
2978.09	0.342567
3031.3	0.343146
3088.13	0.343531
3147.27	0.343797
3207.71	0.344
3268.69	0.344175
3329.6	0.344352
3389.95	0.344552
3449.18	0.344794
3506.54	0.345092
3561.05	0.344963
3613.58	0.345518
3664.28	0.346151
3712.88	0.34685
3758.93	0.347467
3802.33	0.348104
3843.38	0.348992
3882.42	0.349907
3919.68	0.350787
3955.33	0.351591
3989.39	0.352285
4021.36	0.352857
4048.54	0.350455
4074.85	0.350927
4099.8	0.351293
4123.34	0.351393
4145.44	0.351187
4166.01	0.350637
4185.2	0.349703
4203.24	0.348345
4220.43	0.346546
4237.18	0.344324
4253.18	0.341644
4268.29	0.338539
4282.49	0.335065
4295.79	0.331304
4308.23	0.32735
4319.83	0.323277
4330.56	0.319105
4340.39	0.314776
4349.18	0.310164
4356.77	0.305099
4362.85	0.298535
4366.92	0.290618
4368.93	0.284897
2814.21	0.309964
2824.44	0.341869
2846.05	0.354881
2879.09	0.362733
2921.71	0.368778
2971.47	0.373423
3026.2	0.376891
3084.22	0.379375
3144.24	0.381086
3205.33	0.382222
3266.8	0.382947
3328.13	0.383381
3388.93	0.383588
3448.81	0.383559
3507.05	0.383193
3560.67	0.37983
3612.97	0.379804
3663.91	0.380078
3712.84	0.380326
3758.99	0.379998
3802.05	0.379533
3842.76	0.380238
3881.53	0.381418
3918.62	0.382956
3954.23	0.384772
3988.75	0.386715
4023.42	0.388172
4046.69	0.376063
4073.54	0.373725
4098.52	0.374842
4122.1	0.375913
4144.27	0.376677
4164.7	0.376962
4183.67	0.376897
4201.37	0.376376
4218.16	0.375381
4235.21	0.373921
4251.32	0.370629
4266.44	0.365647
4280.59	0.35923
4293.83	0.351731
4306.22	0.343616
4317.78	0.335376
4328.52	0.327708
4338.4	0.32105
4347.3	0.315336
4355.01	0.31014
4361.26	0.30486
4365.62	0.298364
4367.8	0.292306
2789.74	0.318691
2799.77	0.355417
2822.05	0.374919
2858.27	0.388839
2905.12	0.400299
2958.72	0.41081
3016.57	0.418927
3076.96	0.424984
3138.72	0.42937
3201.05	0.432478
3263.43	0.434646
3325.49	0.436125
3387.04	0.437056
3448.24	0.437384
3510.16	0.436559
3559.6	0.422855
3611.67	0.422658
3663.44	0.422756
3713.39	0.422191
3759.91	0.419613
3801.87	0.415899
3841.77	0.415621
3880.01	0.41633
3916.69	0.417675
3951.85	0.419517
3985.59	0.421883
4017.98	0.425162
4047.37	0.431792
4071.58	0.421759
4096.17	0.417941
4119.81	0.420261
4142.45	0.422439
4162.45	0.421935
4181.08	0.423297
4198.11	0.425089
4213.38	0.428312
4231.94	0.434599
4248.24	0.43555
4263.3	0.432776
4277.31	0.425653
4290.35	0.413014
4302.55	0.394301
4313.96	0.37337
4324.61	0.353587
4334.55	0.337462
4343.64	0.3257
4351.64	0.317853
4358.29	0.312348
4363.03	0.307502
4365.5	0.302787
2753.68	0.325252
2761.87	0.368926
2783.23	0.395991
2825.91	0.416392
2880.28	0.432502
2940.34	0.44422
3003.1	0.452276
3067.03	0.457521
3131.29	0.46075
3195.38	0.462596
3258.98	0.463516
3321.89	0.46382
3384.01	0.463719
3445.36	0.463365
3506.02	0.462953
3554.24	0.461645
3608.95	0.46112
3663.02	0.461498
3715.59	0.460298
3763.54	0.456213
3801.82	0.453986
3840.48	0.452855
3878.04	0.452816
3914.22	0.453535
3948.83	0.454996
3981.7	0.457484
4013.43	0.461562
4042.94	0.467561
4068.72	0.475571
4094.38	0.479869
4117.29	0.481902
4142.78	0.487713
4160.58	0.477151
4179.25	0.479969
4196.56	0.485965
4212.92	0.490784
4229.45	0.489953
4245.1	0.492799
4260.14	0.495811
4274.11	0.496854
4286.95	0.494459
4298.64	0.485794
4309.4	0.466352
4319.46	0.431655
4329.17	0.386079
4338.37	0.350701
4346.72	0.330949
4354.21	0.3221
4359.5	0.316668
4362.24	0.31258
2707.98	0.325354
2709.88	0.377358
2721.47	0.420787
2780.53	0.44398
2848.74	0.459834
2918.24	0.47
2987.33	0.476222
3055.57	0.479913
3122.77	0.482052
3188.86	0.483265
3253.82	0.483941
3317.62	0.484319
3380.23	0.484563
3441.59	0.48481
3501.55	0.485243
3559.72	0.486173
3605.24	0.485105
3662.44	0.485825
3720.74	0.485261
3763.94	0.492415
3801.28	0.486745
3839.26	0.486475
3876.5	0.486874
3912.45	0.487624
3946.77	0.488751
3977.86	0.490387
4010.38	0.49322
4039.91	0.497576
4067.02	0.50227
4092.82	0.50553
4117.58	0.508589
4137.7	0.50729
4159.28	0.511794
4176.96	0.51254
4194.24	0.516188
4210.68	0.518337
4226.3	0.518823
4241.18	0.521082
4256.82	0.526513
4271.02	0.53197
4284.01	0.537982
4295.5	0.54454
4305.92	0.550313
4315.15	0.547536
4323.62	0.513384
4332.06	0.423071
4340.14	0.355148
4349.49	0.336208
4355.55	0.32748
4358.59	0.322597
2658.97	0.322927
2647.06	0.368387
2610.56	0.434649
2724.81	0.467851
2814.73	0.478924
2895.32	0.484432
2971.17	0.486889
3043.85	0.487797
3114	0.487991
3182.07	0.487913
3248.35	0.487779
3313.01	0.487694
3376.11	0.48771
3437.57	0.48786
3497.18	0.488178
3554.47	0.488708
3608.33	0.489522
3658.94	0.490481
3710.32	0.491631
3756.19	0.494175
3797.76	0.49634
3837.29	0.499568
3875.11	0.502858
3911.25	0.506209
3945.88	0.509645
3979.66	0.512928
4008.48	0.512319
4037.47	0.515549
4064.81	0.518881
4090.47	0.521871
4114.58	0.524827
4137.13	0.528257
4156.02	0.528413
4174.15	0.530782
4191.56	0.534663
4207.91	0.53893
4225.7	0.543918
4238.18	0.546637
4253.3	0.551939
4267.52	0.557352
4281.08	0.563477
4292.16	0.57209
4302.91	0.585827
4312.11	0.603064
4320.3	0.616137
4327.27	0.604011
4336.33	0.443588
4345.53	0.357876
4351.81	0.339734
4355.03	0.332598
2620.67	0.319213
2607.82	0.355028
2578.19	0.452977
2691.41	0.484649
2788.44	0.487539
2875.66	0.487885
2956.67	0.487068
3033.13	0.485907
3105.73	0.48481
3175.4	0.483929
3242.79	0.48329
3308.23	0.482886
3371.82	0.482707
3433.54	0.482746
3493.25	0.483001
3550.74	0.483474
3605.98	0.484192
3652.75	0.484821
3703.47	0.485276
3750.79	0.48635
3794.35	0.487918
3835.11	0.490205
3873.5	0.493011
3909.7	0.496199
3944	0.499605
3976.61	0.503058
4006.91	0.506373
4036	0.510555
4063.48	0.514859
4088.84	0.519296
4112.42	0.523665
4134.37	0.527899
4154.31	0.532135
4172.6	0.536899
4187.95	0.541071
4207.57	0.546152
4222.08	0.549073
4236.14	0.55314
4249.46	0.559013
4263.15	0.564637
4278.29	0.573028
4290.92	0.583554
4301.33	0.599833
4310.06	0.624455
4317.94	0.654803
4325.09	0.663516
4333.5	0.502538
4342.29	0.37666
4348.44	0.349699
4351.83	0.34058
2594.13	0.310969
2584.44	0.3392
2564.67	0.465662
2672.16	0.491816
2770.14	0.490806
2860.46	0.489359
2944.98	0.487922
3024.52	0.486704
3098.63	0.485794
3169.21	0.485211
3237.32	0.484885
3303.37	0.484774
3367.45	0.484866
3429.53	0.48516
3489.47	0.485671
3547.2	0.486414
3602.8	0.487395
3656.87	0.488581
3697.86	0.487122
3746.97	0.487906
3791.54	0.490001
3833.1	0.49251
3871.88	0.495344
3907.88	0.498521
3941.62	0.502026
3973.72	0.505778
4004.4	0.509717
4034.03	0.513704
4062.22	0.51766
4086.97	0.521834
4109.95	0.526379
4131.71	0.530973
4152.37	0.535675
4170.1	0.538352
4187.67	0.541751
4204.13	0.542464
4219.76	0.542613
4235.29	0.545059
4248.94	0.550336
4263.99	0.557533
4278.06	0.567429
4290.19	0.580789
4300.62	0.601296
4307.88	0.630898
4316.72	0.653745
4324.07	0.603396
4331.93	0.471989
4339.71	0.380901
4345.22	0.355188
4349.2	0.345641
2576.08	0.289218
2570.15	0.319545
2557.44	0.478114
2660.47	0.4997
2757.56	0.498286
2849.22	0.497108
2936.47	0.496179
3019.55	0.495362
3093.29	0.493915
3163.7	0.493647
3232.07	0.493667
3298.58	0.493877
3363.17	0.494246
3425.69	0.494769
3485.92	0.495462
3543.73	0.496356
3599.1	0.49749
3651.92	0.498936
3701.31	0.500977
3745.54	0.499929
3789.61	0.501869
3831.78	0.504123
3870.93	0.506509
3906.22	0.509006
3938.79	0.51238
3970.17	0.516377
4000.88	0.52074
4031.45	0.525146
4062.4	0.529088
4084.91	0.527716
4106.78	0.53071
4128.27	0.532346
4147.48	0.533243
4168.3	0.534525
4186.47	0.537175
4203.23	0.539327
4219.46	0.541758
4234.31	0.546069
4249.32	0.553322
4263.78	0.562608
4277.69	0.573996
4289.01	0.584707
4299.05	0.604954
4308.35	0.637316
4316.28	0.67258
4322.9	0.68031
4330.37	0.538684
4338.49	0.397917
4344.41	0.361237
4347.72	0.348959
2564.33	0.259421
2561.06	0.29301
2553.11	0.498271
2652.81	0.517667
2748.52	0.516663
2840.5	0.516117
2930.24	0.515802
3022.13	0.515109
3089.55	0.507976
3158.48	0.506778
3226.89	0.50643
3293.9	0.506275
3359.11	0.506173
3422.22	0.506118
3482.89	0.50613
3540.78	0.506264
3595.98	0.506593
3648.47	0.50718
3697.98	0.508086
3742.34	0.509254
3787.63	0.511021
3831.51	0.512721
3871.9	0.51471
3905.35	0.514283
3935.26	0.515503
3965.4	0.518344
3995.59	0.51838
4026.59	0.520418
4055.27	0.522203
4079.96	0.52181
4102.09	0.522572
4125.43	0.525176
4146.59	0.528632
4167.1	0.53248
4183.11	0.535088
4202.05	0.538761
4218.89	0.543979
4234.87	0.550744
4248.26	0.556913
4262.13	0.562805
4275.37	0.571462
4288.16	0.583249
4299	0.604999
4308.27	0.637592
4315.92	0.67303
4322.32	0.682185
4329.57	0.544849
4337.63	0.401207
4343.56	0.362849
4346.69	0.349875
2557.54	0.240655
2555.23	0.270112
2550.34	0.50359
2647.42	0.51894
2741.43	0.516646
2832.22	0.514374
2919.98	0.512137
3004.3	0.509823
3079.58	0.506954
3151.65	0.505723
3221.7	0.504797
3289.91	0.504057
3356.25	0.503509
3420.52	0.503187
3482.18	0.503138
3540.05	0.503532
3595.13	0.50416
3647.83	0.505037
3698.37	0.506171
3747.86	0.507509
3785.86	0.50859
3834.93	0.510707
3869.42	0.507214
3902.53	0.508967
3934.02	0.51084
3963.48	0.513291
3996.16	0.516108
4023.6	0.516424
4049.73	0.517634
4075.79	0.519384
4099.2	0.522007
4122.82	0.525218
4144.42	0.529371
4162.46	0.532956
4182.03	0.536991
4201.06	0.541875
4217.23	0.546441
4232.98	0.552663
4247.61	0.558638
4259.64	0.56289
4274.45	0.571072
4287.09	0.584452
4298.4	0.605867
4307.84	0.637434
4315.46	0.671914
4321.8	0.678231
4329.02	0.538241
4337	0.398563
4342.87	0.362106
4345.91	0.349364
2553.45	0.235393
2551.83	0.265243
2548.34	0.504342
2643.4	0.515692
2735.78	0.513159
2825.16	0.510656
2911.32	0.508267
2993.71	0.505993
3071.13	0.503855
3145.1	0.502192
3216.56	0.500809
3285.97	0.499677
3353.58	0.498796
3419.54	0.498187
3483.35	0.497913
3540.19	0.496405
3594.72	0.49697
3647.39	0.497848
3697.82	0.498972
3745.3	0.500312
3789.68	0.501746
3828.99	0.501253
3866.61	0.502456
3900.09	0.505369
3932.3	0.508681
3962.78	0.510683
3991.56	0.51255
4020.83	0.515532
4047.8	0.519274
4073.39	0.523312
4098.39	0.527551
4120.28	0.530041
4140.46	0.533285
4160.44	0.53588
4179.58	0.538139
4198.48	0.540843
4215.73	0.541387
4232.18	0.54449
4247.18	0.551957
4260.82	0.561944
4273.68	0.57334
4285.21	0.586358
4297.55	0.60678
4307.29	0.637085
4314.97	0.670492
4321.3	0.673213
4328.56	0.529454
4336.51	0.394474
4342.3	0.360492
4345.3	0.348346
2550.84	0.237416
2549.62	0.26947
2546.88	0.515279
2640.37	0.524199
2731.38	0.521928
2819.55	0.519912
2904.62	0.518242
2986.29	0.516965
3064.33	0.516114
3139.25	0.515547
3211.63	0.51515
3281.9	0.514873
3350.59	0.514668
3418.7	0.514423
3489.46	0.513767
3540.61	0.509147
3594.14	0.508786
3647.13	0.508776
3698.14	0.508803
3743.77	0.508283
3786.01	0.509193
3825.04	0.511061
3865.85	0.513076
3896.91	0.509885
3928.62	0.510543
3960.07	0.512862
3989.64	0.515608
4018.38	0.518617
4045.29	0.52207
4069.66	0.524894
4095.01	0.52717
4117.88	0.529517
4136.74	0.531237
4158.46	0.534953
4178.28	0.536931
4195.21	0.538145
4213.84	0.541619
4230.8	0.545952
4246.09	0.551731
4260.07	0.559927
4272.93	0.571935
4285.08	0.586084
4297.19	0.60606
4306.9	0.635976
4314.54	0.668803
4320.86	0.668157
4328.17	0.520978
4336.1	0.390559
4341.83	0.358796
4344.79	0.347292
2549.18	0.242834
2548.19	0.27897
2545.87	0.523962
2638.24	0.530905
2728.2	0.528467
2815.4	0.526209
2899.65	0.524187
2980.85	0.522396
3058.99	0.520811
3134.3	0.519383
3207.11	0.518087
3277.72	0.516923
3346.39	0.515899
3413.34	0.515029
3478.12	0.514343
3536.09	0.514026
3592.28	0.514441
3647.98	0.514855
3704.98	0.515166
3745.77	0.511997
3785.4	0.512314
3826.6	0.513129
3859.49	0.514825
3896.36	0.517965
3927.63	0.517651
3958.22	0.518627
3987.11	0.519995
4016.72	0.521902
4043.87	0.523871
4070.49	0.526432
4093.32	0.528149
4113	0.529937
4132.32	0.530429
4154.05	0.530055
4175.11	0.531449
4193.48	0.533793
4213.03	0.537366
4230.24	0.542868
4245.51	0.550369
4258.93	0.560448
4270.88	0.572075
4285.27	0.584369
4297.12	0.603885
4306.66	0.6341
4314.19	0.666893
4320.47	0.663585
4327.81	0.513763
4335.72	0.387285
4341.41	0.357304
4344.34	0.346366
2548.19	0.248021
2547.33	0.285727
2545.29	0.521685
2637.01	0.527236
2726.22	0.524826
2812.61	0.5225
2896.15	0.520311
2976.87	0.518267
3054.85	0.516381
3130.21	0.514674
3203.11	0.51316
3273.73	0.511849
3342.14	0.510742
3408.3	0.509824
3471.77	0.509069
3531.55	0.508463
3589.07	0.508283
3645.6	0.508402
3703.34	0.508683
3742.94	0.504225
3780.94	0.505109
3822.2	0.506782
3864.21	0.508502
3893.1	0.505826
3924.23	0.505317
3957.22	0.507895
3989.12	0.511624
4017	0.51309
4043.46	0.517425
4069.21	0.521214
4089.26	0.522016
4110.46	0.522693
4132.61	0.525103
4153.44	0.528505
4172.66	0.532343
4194.21	0.536608
4212.61	0.53811
4229.65	0.543026
4244.77	0.549486
4257.28	0.55891
4272.48	0.569194
4285.89	0.582048
4297.26	0.601117
4306.52	0.631856
4313.89	0.664931
4320.1	0.65967
4327.46	0.507892
4335.35	0.38465
4341.01	0.356058
4343.92	0.34559
2547.74	0.251746
2546.97	0.289497
2545.15	0.508541
2636.77	0.513187
2725.49	0.511232
2811.06	0.509315
2893.84	0.507353
2974	0.505469
3051.65	0.503693
3126.85	0.502067
3199.67	0.500621
3270.16	0.499369
3338.3	0.498307
3404.08	0.497412
3467.24	0.496669
3527.36	0.496104
3584.92	0.495865
3639.99	0.495867
3692.29	0.495757
3740.1	0.494412
3771.28	0.492884
3815.03	0.492725
3854.31	0.493293
3887.01	0.492878
3922.11	0.494733
3955.2	0.498464
3987.61	0.50234
4018.58	0.506388
4042.64	0.507726
4065.01	0.511217
4088.78	0.511949
4111.26	0.516415
4133.2	0.520537
4154.27	0.524167
4174.54	0.527516
4194.73	0.53082
4213.46	0.534757
4230.29	0.540041
4245.77	0.546937
4259.92	0.555877
4273.82	0.566503
4286.46	0.579896
4297.38	0.598462
4306.37	0.629658
4313.57	0.663095
4319.71	0.656267
4327.09	0.502987
4334.97	0.382471
4340.6	0.354999
4343.5	0.344929
2547.74	0.256089
2547.07	0.293716
2545.45	0.495853
2637.83	0.499497
2726.28	0.497705
2810.66	0.49617
2892.47	0.494649
2971.92	0.49314
3049.16	0.491721
3124.06	0.490446
3196.71	0.489343
3267.05	0.488434
3334.9	0.487735
3400.53	0.487227
3463.75	0.48694
3523.71	0.486949
3581.19	0.487252
3635.05	0.487889
3683.64	0.48801
3729.75	0.488258
3770.68	0.489078
3810.13	0.488295
3848.81	0.490166
3884.88	0.492051
3919.78	0.494547
3951.65	0.497683
3985.37	0.501544
4017.38	0.505649
4041.73	0.506328
4063.18	0.508648
4087.54	0.513184
4110.61	0.517619
4132.75	0.521423
4154.02	0.52468
4174.6	0.527649
4194.8	0.530708
4214.27	0.534357
4230.33	0.538924
4246.12	0.545556
4260.79	0.554008
4274.41	0.564579
4286.67	0.578161
4297.3	0.596374
4306.09	0.627816
4313.16	0.661528
4319.26	0.653107
4326.67	0.498453
4334.55	0.380527
4340.16	0.354049
4343.05	0.344337
2548.07	0.263958
2547.6	0.305145
2546.35	0.493243
2641.21	0.495225
2729.49	0.492297
2811.18	0.48973
2891.76	0.488344
2970.29	0.487071
3047.19	0.485914
3121.69	0.484923
3194.17	0.484117
3264.5	0.483508
3331.73	0.483141
3397.38	0.482973
3461.45	0.483004
3520.48	0.481785
3578.98	0.481628
3628.49	0.481267
3678.59	0.482034
3724.38	0.483462
3766.57	0.485413
3806.41	0.487961
3845.36	0.491058
3882.3	0.49451
3917.67	0.498262
3951.94	0.502163
3982.66	0.50356
4013.58	0.506696
4036.19	0.508164
4060.31	0.511282
4085.6	0.515192
4108.99	0.519283
4131.29	0.52281
4152.62	0.525867
4173.17	0.52875
4193.69	0.5318
4214.32	0.53536
4228.67	0.538776
4245.61	0.544745
4260.69	0.55285
4274.33	0.563317
4286.45	0.576957
4296.94	0.594972
4305.6	0.626525
4312.6	0.660326
4318.7	0.649858
4326.17	0.493785
4334.07	0.378639
4339.69	0.353139
4342.58	0.343777
2548.51	0.274896
2548.26	0.333476
2547.82	0.504082
2649.53	0.504417
2737.67	0.500685
2811.18	0.496392
2891.44	0.494415
2968.54	0.492977
3045.84	0.491941
3119.49	0.491023
3191.89	0.490448
3263.1	0.490056
3328.15	0.488802
3393.77	0.488731
3453.77	0.488761
3518.32	0.489671
3583.08	0.490196
3628.52	0.483188
3675.72	0.483764
3720.49	0.484809
3762.73	0.4863
3801.48	0.488079
3841.8	0.490789
3879.22	0.4939
3914.57	0.497244
3947.94	0.500758
3978.72	0.50446
4007.96	0.508597
4034.11	0.512802
4060.79	0.517031
4083.59	0.518312
4106.56	0.521465
4128.95	0.523964
4150.15	0.526242
4169.94	0.52876
4190.57	0.531656
4211.06	0.535086
4229.55	0.539759
4244.99	0.544118
4260.02	0.552216
4273.71	0.562634
4285.82	0.576288
4296.25	0.594243
4304.86	0.625936
4311.85	0.659576
4318	0.646283
4325.59	0.488652
4333.54	0.376724
4339.17	0.352239
4342.07	0.343234
2548.73	0.273486
2548.39	0.317919
2547.31	0.50616
2644.27	0.50757
2733.2	0.505132
2817.18	0.503194
2892.67	0.500193
2964.95	0.497977
3046.42	0.495604
3116.78	0.49334
3188.98	0.492211
3254.7	0.49102
3324.58	0.490201
3390.2	0.489769
3452.42	0.489634
3513.84	0.489682
3572.78	0.489905
3624.9	0.490464
3674.49	0.492098
3718.24	0.492842
3759.77	0.495357
3801.3	0.498197
3839.03	0.497977
3876.07	0.500342
3911.35	0.502822
3944.43	0.505399
3974.27	0.508257
3999.4	0.510932
4029.54	0.513137
4056.63	0.515586
4081.23	0.517984
4103.33	0.520803
4126.68	0.523204
4147.95	0.525953
4167.85	0.52872
4185.69	0.531462
4207.88	0.534438
4227.13	0.538649
4243.2	0.544866
4258.67	0.552153
4272.65	0.562413
4284.83	0.576091
4295.23	0.59423
4303.81	0.626308
4310.89	0.659399
4317.18	0.642315
4324.92	0.483116
4332.95	0.374824
4338.61	0.351373
4341.52	0.342724
2548.79	0.28144
2548.54	0.334182
2547.63	0.51668
2645.39	0.517601
2732.13	0.515071
2816.88	0.512963
2892.67	0.511689
2972.09	0.510138
3040.05	0.508735
3112.58	0.508515
3186.74	0.508099
3255.74	0.507396
3323.36	0.506425
3388.08	0.505927
3449.88	0.505911
3509.82	0.506243
3567.25	0.507243
3621.8	0.509056
3677.12	0.510277
3716.23	0.507247
3754.8	0.50876
3796.92	0.511474
3836.01	0.514453
3873.65	0.5175
3909.59	0.520358
3944.12	0.521884
3971.17	0.52024
3999.37	0.52259
4027.62	0.524214
4054.38	0.526538
4079.57	0.528924
4103.74	0.530943
4124.6	0.531204
4145.24	0.532801
4163.75	0.534925
4185.93	0.536022
4205.68	0.537813
4225.91	0.541506
4244.04	0.547546
4256.77	0.553264
4271.35	0.562719
4283.57	0.576452
4293.87	0.595221
4302.35	0.628374
4309.74	0.659988
4316.26	0.638321
4324.21	0.477831
4332.32	0.373147
4338.02	0.350635
4340.95	0.342304
2548.55	0.294436
2548.52	0.373631
2549	0.517716
2655.98	0.51696
2731.56	0.515355
2807.02	0.513778
2889.92	0.512285
2969.18	0.51063
3044.41	0.509208
3121.07	0.508121
3188.01	0.507485
3256.5	0.507434
3323.35	0.507569
3387.15	0.507287
3447.45	0.50718
3506.51	0.507172
3562.8	0.507363
3616.12	0.507772
3667.01	0.508296
3712.03	0.508959
3755.47	0.51073
3793.78	0.509832
3832.65	0.510686
3868.61	0.511219
3904.92	0.51213
3938.62	0.513131
3969.08	0.514192
3997.24	0.516913
4026.2	0.5198
4052.82	0.523053
4077.87	0.526108
4101.34	0.528931
4122.96	0.531646
4144.59	0.534512
4165.09	0.537797
4186.15	0.541537
4206.92	0.546218
4224.79	0.547633
4242.04	0.553369
4257.46	0.56108
4270.32	0.569033
4282.14	0.581288
4292.16	0.600132
4300.1	0.632568
4308.53	0.661069
4315.37	0.635468
4323.48	0.474267
4331.68	0.372069
4337.43	0.350175
4340.37	0.342057
2547.78	0.280467
2547.47	0.334717
2546.49	0.508385
2641.72	0.509484
2726.44	0.506035
2807.79	0.503707
2889.24	0.502175
2968.69	0.500681
3045.69	0.499416
3120.88	0.498477
3191.86	0.497802
3260.53	0.497586
3324.66	0.497412
3387.97	0.497602
3444.5	0.498241
3504.18	0.498985
3559.48	0.499344
3611.01	0.499198
3660.92	0.498937
3707.56	0.498131
3749.99	0.497602
3790.88	0.49829
3829.68	0.500235
3866.63	0.502461
3902.38	0.505205
3936.2	0.508116
3967.62	0.511421
3998.45	0.514953
4025.18	0.516453
4050.95	0.518924
4075.92	0.521125
4098.99	0.523096
4119.54	0.5252
4143.3	0.526548
4164.06	0.528796
4184.82	0.531513
4205.27	0.534673
4223.84	0.538611
4241.13	0.54447
4256.54	0.552302
4269.37	0.563234
4281.53	0.575996
4292	0.594181
4300.59	0.627297
4308.06	0.659011
4314.69	0.635141
4322.82	0.473761
4331.06	0.371729
4336.84	0.349986
4339.8	0.341954
2546.88	0.266775
2546.35	0.30471
2544.91	0.501614
2636.37	0.504142
2723.16	0.501714
2806.87	0.499672
2888.86	0.497959
2968.95	0.496446
3047.01	0.49511
3123.09	0.493915
3196.2	0.492837
3263.56	0.491775
3328.05	0.491536
3391.72	0.491585
3449.42	0.489313
3504.29	0.487958
3555.5	0.486795
3608.91	0.485406
3657.88	0.486431
3704.16	0.487649
3746.96	0.489292
3788.01	0.491454
3826.51	0.494046
3863.81	0.496831
3899.71	0.499855
3934.18	0.503049
3964.76	0.5041
3995.26	0.506189
4023.39	0.507848
4050.86	0.510348
4076.45	0.514362
4100.22	0.518206
4122.49	0.52173
4144.54	0.524774
4164.89	0.527828
4181.85	0.531352
4203.5	0.535002
4222.13	0.539813
4240.05	0.545945
4256.1	0.553958
4270.53	0.564286
4280.5	0.575219
4291.53	0.591806
4300.32	0.623605
4307.54	0.656907
4314.06	0.6341
4322.2	0.472171
4330.47	0.370634
4336.28	0.349266
4339.26	0.34144
2546.16	0.26133
2545.55	0.298752
2544.08	0.505929
2634.12	0.508919
2721.37	0.506791
2806.07	0.504802
2888.72	0.50294
2969.47	0.501203
3048.54	0.4996
3126.43	0.498137
3204.46	0.496786
3267.64	0.492717
3330.36	0.4914
3390.5	0.489941
3450.86	0.488632
3506.99	0.488282
3561.77	0.488593
3609.12	0.487447
3655.44	0.487794
3702.15	0.48773
3743.56	0.489623
3785.58	0.492191
3822.46	0.492628
3860.27	0.494644
3896.4	0.496297
3928.58	0.497837
3962.27	0.500257
3993.47	0.503666
4022.73	0.50735
4050.61	0.511128
4076.81	0.514836
4101.05	0.51838
4123.79	0.521825
4145.62	0.525112
4165.37	0.526906
4184.23	0.529823
4202.8	0.533349
4219.19	0.5384
4238.86	0.544047
4255.27	0.551525
4269.43	0.561567
4281.4	0.574893
4291.1	0.588893
4299.69	0.620561
4306.82	0.654503
4313.38	0.627913
4321.65	0.463693
4329.92	0.366471
4335.76	0.346753
4338.76	0.339641
2545.7	0.260905
2545.1	0.299955
2543.67	0.514299
2633.2	0.517177
2720.58	0.51491
2805.74	0.512759
2888.84	0.510728
2970	0.508833
3049.47	0.507106
3127.76	0.505549
3206.35	0.504145
3269.73	0.502276
3333.29	0.501763
3395.17	0.501257
3454.56	0.500765
3509.09	0.500323
3561.41	0.500632
3610.85	0.501421
3660.4	0.502384
3703.36	0.502947
3737.49	0.499082
3779.12	0.499265
3819.41	0.500934
3857.34	0.502636
3893.3	0.504528
3927.25	0.506739
3960.15	0.50874
3991.51	0.511134
4021.43	0.513607
4050.03	0.515992
4077.17	0.51827
4101.47	0.518671
4124.13	0.520418
4144.66	0.522469
4165.81	0.524548
4185.4	0.527363
4204.02	0.530628
4221.54	0.534801
4238.94	0.539981
4254.66	0.54733
4268.49	0.557091
4280.29	0.570226
4289.78	0.58793
4298.59	0.616872
4305.85	0.648695
4312.71	0.606921
4321.2	0.440621
4329.32	0.357231
4335.27	0.341336
4338.33	0.335745
2545.49	0.261729
2544.92	0.30185
2543.56	0.514744
2633	0.517611
2720.51	0.515496
2805.95	0.513521
2889.3	0.511725
2970.59	0.510114
3049.84	0.508688
3126.99	0.507438
3201.46	0.506372
3269.99	0.505707
3336.17	0.505287
3400.59	0.505208
3461.37	0.505742
3511.62	0.504454
3562.14	0.505585
3610.64	0.506669
3654.45	0.507774
3699.01	0.509916
3738.82	0.51222
3778.89	0.513835
3818.01	0.515481
3855.51	0.517625
3891.36	0.520047
3925.57	0.522641
3958.39	0.525203
3989.83	0.52792
4020.22	0.530664
4049.85	0.533154
4080.04	0.534925
4102.48	0.531731
4124.29	0.533063
4145.32	0.535045
4165.88	0.537117
4185.61	0.539454
4204.36	0.542211
4222.01	0.545749
4238.64	0.550087
4253.87	0.555581
4267.48	0.562701
4279.42	0.571508
4289.89	0.580829
4297.26	0.584913
4305.04	0.567834
4312.67	0.485018
4320.93	0.383239
4328.25	0.344586
4334.8	0.334015
4337.96	0.330175
2545.48	0.262547
2544.94	0.302841
2543.61	0.511019
2633.23	0.513722
2720.96	0.51157
2806.62	0.50952
2890.15	0.507615
2971.5	0.505871
3050.57	0.504303
3127.12	0.502931
3200.71	0.501793
3270.85	0.50089
3339.01	0.500253
3407.8	0.499826
3460.32	0.495887
3515.12	0.495819
3564.06	0.494889
3610.96	0.495968
3655.04	0.497464
3697.68	0.499328
3738.2	0.501
3777.91	0.502889
3816.51	0.504708
3853.63	0.50645
3889.34	0.508126
3923.6	0.509791
3956.35	0.511506
3987.53	0.513231
4018.09	0.514756
4047.46	0.516264
4075.71	0.517459
4101.3	0.517264
4123.76	0.519574
4145	0.522253
4165.56	0.524851
4185.62	0.527485
4204.68	0.530803
4222.36	0.535127
4238.81	0.540817
4253.9	0.548367
4267.43	0.558331
4279.31	0.571442
4289.55	0.58787
4297.93	0.614281
4304.57	0.634175
4311.89	0.552501
4320.99	0.393268
4328.96	0.33989
4334.75	0.329679
4337.71	0.326361
2545.67	0.263408
2545.12	0.304226
2543.78	0.519679
2633.76	0.522397
2721.82	0.52015
2807.74	0.518036
2891.44	0.516096
2972.9	0.514338
3051.97	0.512772
3128.34	0.511413
3201.53	0.51028
3271.76	0.509379
3339.24	0.508707
3403.1	0.508284
3461.67	0.508797
3522.55	0.508802
3566.08	0.503743
3612.16	0.50414
3655.12	0.504289
3696.54	0.504943
3736.45	0.505912
3776.07	0.506987
3814.53	0.508143
3851.18	0.509434
3886.79	0.510874
3921.14	0.512435
3953.87	0.514153
3983.83	0.51617
4015.15	0.518303
4044.14	0.520967
4072.02	0.523819
4101.23	0.526559
4122.51	0.524365
4143.43	0.525811
4163.83	0.527626
4184.69	0.529403
4204.44	0.531634
4221.95	0.534837
4238.36	0.537863
4253.45	0.544934
4266.99	0.554382
4278.87	0.566852
4289.05	0.582869
4297.37	0.610193
4304.02	0.626776
4311.63	0.548934
4320.98	0.389808
4328.98	0.338664
4334.5	0.328239
4337.31	0.324729
2546.04	0.26367
2545.48	0.303641
2544.12	0.519237
2634.72	0.521929
2723.26	0.519629
2809.47	0.517459
2893.35	0.515459
2974.99	0.513637
3054.37	0.511997
3130.99	0.510542
3203.57	0.509291
3273.64	0.508292
3341.33	0.507501
3401.91	0.506851
3458.94	0.506873
3514.11	0.507027
3564.33	0.507246
3616.36	0.50806
3655.8	0.506648
3695.85	0.507648
3733.23	0.509141
3774.09	0.511335
3813.44	0.513213
3848.45	0.512984
3884.3	0.514765
3919.24	0.516514
3952.58	0.518318
3984.75	0.520164
4012.67	0.519942
4040.09	0.521699
4065.15	0.523646
4094.38	0.524925
4118.82	0.526242
4140.67	0.528682
4159.56	0.5317
4183.49	0.534935
4204.42	0.538133
4223.84	0.541746
4237.19	0.54453
4252.51	0.550357
4266.15	0.557457
4278.1	0.565859
4288.32	0.573836
4296.99	0.569508
4305.05	0.515246
4312.2	0.419343
4321.15	0.352653
4328.65	0.332847
4333.94	0.326784
4336.63	0.324145
2546.61	0.263915
2546.04	0.302839
2544.64	0.519383
2636.22	0.522094
2725.43	0.519843
2811.88	0.51779
2895.79	0.515932
2977.62	0.514241
3057.78	0.512716
3135.88	0.511441
3206.33	0.510971
3276.08	0.510301
3348.69	0.509433
3402.53	0.504784
3456.3	0.504049
3508.83	0.50375
3559	0.503454
3607.59	0.503301
3651.93	0.502933
3694.34	0.503477
3735.85	0.504419
3771.83	0.503749
3806.76	0.503658
3846.44	0.502379
3881.76	0.503314
3918.04	0.504979
3951.45	0.507525
3982.73	0.510343
4012.02	0.513019
4039.86	0.516239
4066.39	0.519378
4092.9	0.522102
4117.56	0.524446
4140.34	0.526791
4161.74	0.529244
4183.45	0.531827
4204.08	0.534984
4220.86	0.538237
4237.05	0.543442
4252.38	0.550598
4266.3	0.560509
4278.46	0.573801
4288.87	0.591079
4297.44	0.621905
4304.65	0.638293
4312.46	0.52483
4320.91	0.387235
4328.98	0.338793
4334.55	0.328647
4337.38	0.325212
2547.39	0.264996
2546.84	0.303329
2545.44	0.515014
2638.55	0.51756
2728.76	0.515205
2815.22	0.513
2898.67	0.510994
2980.21	0.509171
3061.47	0.507527
3146.69	0.505981
3208.1	0.500554
3273.87	0.499557
3339.25	0.498202
3399.32	0.495652
3453.51	0.493788
3505.29	0.493195
3554.41	0.492744
3603.53	0.49239
3649.31	0.493077
3692.53	0.494523
3734.43	0.49644
3770.24	0.497762
3804.62	0.500403
3845.89	0.502361
3883.84	0.505131
3917.63	0.506107
3950.41	0.508324
3980.69	0.510642
4010.85	0.513356
4038.98	0.51691
4065.73	0.520238
4091.4	0.523211
4116.33	0.525868
4139.55	0.52848
4161.73	0.531266
4182.61	0.53407
4203.38	0.537612
4218.46	0.539658
4238.16	0.544253
4251.66	0.548914
4266.18	0.558003
4278.62	0.570423
4289.2	0.586362
4297.92	0.614544
4305	0.640698
4311.9	0.570322
4319.9	0.393495
4328.97	0.342614
4334.89	0.331553
4337.84	0.32781
2548.37	0.268122
2547.89	0.309578
2546.58	0.51535
2642.17	0.517607
2734.19	0.51535
2819.91	0.513383
2901.75	0.511893
2981.3	0.510544
3059.27	0.509241
3135.32	0.508109
3203.56	0.507535
3270.15	0.50752
3336.08	0.507641
3403.38	0.507841
3452.63	0.502488
3503.41	0.502556
3554.06	0.503209
3600.82	0.502189
3647.23	0.502936
3690.03	0.503373
3730.18	0.504481
3769.75	0.504773
3808.44	0.505876
3846.57	0.50727
3883.31	0.509062
3917.92	0.511176
3950.72	0.513467
3981.17	0.516036
4009.7	0.517275
4037.56	0.520046
4064.24	0.522389
4088.77	0.524757
4114.95	0.527131
4137.94	0.528668
4159.68	0.53045
4181.59	0.532761
4201.94	0.536633
4221.27	0.541678
4236.71	0.545172
4251.82	0.551473
4266.11	0.559921
4278.58	0.573103
4289.23	0.590069
4298.14	0.620596
4305.36	0.651845
4312.09	0.604435
4320.65	0.429244
4329.25	0.352199
4335.18	0.337138
4338.19	0.332052
2549.48	0.272649
2549.1	0.322173
2548.1	0.515815
2647.65	0.517104
2744.21	0.514208
2826.84	0.509889
2905.48	0.507666
2982.26	0.506096
3057.25	0.504929
3130.03	0.50392
3198.97	0.502959
3265.36	0.502289
3329.7	0.501784
3391.54	0.501298
3446.76	0.500405
3499.66	0.501176
3551.17	0.502299
3598.93	0.503101
3643.33	0.504684
3689.99	0.506328
3733.01	0.508228
3774.17	0.510244
3811.06	0.511361
3847.36	0.51335
3884.08	0.515096
3919.08	0.516876
3952.18	0.518705
3982.91	0.520594
4009.24	0.522377
4036.14	0.524916
4062.6	0.525259
4090.25	0.526842
4113.27	0.527572
4136.58	0.529781
4156.34	0.532599
4180.19	0.535533
4199.53	0.540075
4220.73	0.545436
4239.09	0.552584
4253.41	0.558722
4265.81	0.563549
4278.3	0.576855
4288.81	0.595953
4298.17	0.627524
4305.71	0.659604
4312.45	0.630291
4320.93	0.460225
4329.5	0.36295
4335.47	0.343248
4338.52	0.336299
2550.53	0.273121
2550.2	0.330253
2549.54	0.524058
2654.21	0.524639
2766.36	0.521982
2836.12	0.515418
2909.42	0.513042
2983.31	0.51129
3055.67	0.509721
3126.79	0.508474
3195.11	0.507516
3260.79	0.506831
3323.93	0.506431
3384.42	0.506379
3441.32	0.506793
3495.42	0.507262
3545.8	0.507984
3597.35	0.508993
3646.04	0.509903
3691.63	0.510451
3735.79	0.511795
3779.64	0.513328
3813.53	0.511108
3845.6	0.51358
3885.56	0.515476
3921.36	0.518089
3955.6	0.520958
3984.93	0.522238
4011.9	0.522583
4037.81	0.524983
4065.47	0.527335
4087.94	0.529527
4114.71	0.531032
4138.57	0.533015
4160.36	0.535425
4181.37	0.538378
4200.58	0.542632
4221.02	0.547508
4238.84	0.554488
4254.75	0.564223
4266.37	0.573861
4277.93	0.581832
4287.37	0.603949
4298.09	0.633528
4306.09	0.664496
4312.92	0.644108
4321.25	0.48001
4329.81	0.37175
4335.83	0.348509
4338.91	0.340035
2551.4	0.259787
2550.81	0.299451
2549.4	0.521893
2651.06	0.524353
2750.11	0.521851
2837.23	0.51946
2910.45	0.516565
2984.55	0.515026
3053.93	0.513296
3125.81	0.511874
3193.34	0.511098
3258.14	0.510746
3320.36	0.510612
3380.95	0.510723
3436.77	0.511166
3492.71	0.511991
3545.71	0.51293
3598.13	0.513826
3651.59	0.51476
3693.62	0.512253
3737.59	0.513454
3781.75	0.514869
3818.39	0.514717
3854.35	0.51554
3889.24	0.514462
3923.26	0.515233
3954.11	0.516817
3984.07	0.518541
4014.94	0.521143
4042.73	0.524332
4069.37	0.527322
4094.07	0.530206
4118.7	0.532731
4142.01	0.535474
4163.88	0.538596
4184.03	0.542338
4203.23	0.547732
4221.92	0.554567
4238.46	0.558815
4254.46	0.566914
4268.37	0.57763
4278.39	0.585249
4289.21	0.604732
4298.83	0.635827
4306.72	0.667386
4313.55	0.65169
4321.75	0.491579
4330.29	0.377722
4336.32	0.352243
4339.42	0.342804
2552.43	0.246684
2551.48	0.281724
2549.24	0.520995
2648.54	0.5269
2743.88	0.52456
2831.88	0.522519
2911.53	0.520778
2987.73	0.519141
3061.49	0.517668
3127.5	0.515598
3192.6	0.514442
3254.9	0.513241
3319.01	0.512236
3379.15	0.512149
3435.56	0.512479
3491.12	0.513044
3544.37	0.513811
3595.94	0.514779
3646.79	0.515897
3690.59	0.516111
3737.11	0.517975
3786.37	0.519385
3822.21	0.519312
3858.18	0.521417
3894.74	0.521078
3926.9	0.520101
3959.39	0.521567
3989.51	0.524062
4019.05	0.526776
4046.83	0.529411
4073.27	0.531916
4098.39	0.534239
4122.13	0.536328
4145	0.539171
4167.24	0.542636
4185.69	0.543412
4204.47	0.546845
4218.93	0.550607
4238.77	0.554772
4255.23	0.562983
4269.2	0.574616
4280.57	0.590477
4290.08	0.609687
4299.4	0.63861
4307.41	0.669965
4314.3	0.656414
4322.45	0.498453
4330.96	0.381344
4337	0.354489
4340.11	0.344498
2554.02	0.238041
2552.67	0.269665
2549.63	0.520145
2648.13	0.529834
2743.16	0.527487
2833.2	0.525307
2914.47	0.523469
2991.73	0.522016
3059.5	0.520772
3126.4	0.520033
3194.91	0.519485
3261.93	0.518854
3319.85	0.517856
3379.31	0.517796
3433.37	0.518006
3490	0.518895
3542.84	0.519547
3592.58	0.520402
3638.89	0.521713
3682.9	0.523796
3731.92	0.525726
3779.72	0.527194
3822.05	0.529286
3862.58	0.53041
3904.35	0.532009
3935.56	0.526135
3965.06	0.527296
3993.59	0.529634
4022.99	0.532089
4050.4	0.534733
4076.62	0.537587
4102.22	0.540391
4124.56	0.540421
4146.76	0.542378
4166.85	0.544868
4186.39	0.547805
4203.82	0.551895
4222.45	0.556213
4240.36	0.562625
4256.4	0.571156
4270.52	0.582424
4283.01	0.597547
4292.11	0.617871
4299.37	0.644481
4308.18	0.672729
4315.24	0.659972
4323.37	0.502793
4331.85	0.383179
4337.88	0.355484
4340.99	0.345221
2556.65	0.234226
2554.74	0.263701
2550.64	0.514554
2649.36	0.528491
2745.61	0.52616
2841.58	0.52381
2919.78	0.521213
2988.85	0.519132
3060.99	0.517938
3129.85	0.516959
3197.06	0.516193
3261.64	0.515556
3322.54	0.514969
3382.29	0.514628
3440.2	0.514541
3490.94	0.514014
3542.68	0.514518
3590.93	0.515001
3631.58	0.514642
3668.46	0.515417
3726.14	0.515483
3776.78	0.514627
3822	0.514606
3863.96	0.515705
3903.73	0.517032
3938.99	0.518404
3969.78	0.520419
3999.55	0.523316
4028.11	0.525571
4054.08	0.525527
4079.33	0.527248
4102.47	0.528946
4126.96	0.531449
4149.79	0.534519
4169.55	0.53555
4188.12	0.536701
4204.43	0.541141
4225.15	0.546077
4242.98	0.552527
4258.71	0.561074
4272.49	0.572254
4284.61	0.586128
4294.09	0.612989
4302.72	0.643282
4309.68	0.668369
4316.53	0.66191
4324.55	0.504629
4332.98	0.383081
4338.98	0.355243
4342.06	0.345017
2561.04	0.238015
2558.25	0.267548
2552.28	0.501038
2651.29	0.519921
2746.44	0.517831
2836.79	0.515819
2918.1	0.513442
2992.36	0.511886
3064.23	0.510878
3133.4	0.510058
3200.23	0.509424
3263.46	0.509143
3324.75	0.508749
3385.44	0.508331
3439.42	0.506878
3493.78	0.506518
3543.07	0.504671
3588.66	0.504434
3635.62	0.504432
3680.77	0.506683
3725.37	0.509724
3777.27	0.512127
3823.22	0.514054
3865.57	0.515983
3905.65	0.517921
3944.96	0.519633
3973.65	0.517496
4002.37	0.519006
4029.2	0.521274
4057.97	0.524065
4081.74	0.524629
4107.21	0.527436
4129.15	0.527375
4150.29	0.528768
4170.44	0.531493
4191.53	0.534945
4210.24	0.539336
4228.73	0.54464
4245.69	0.551542
4260.9	0.560598
4274.09	0.572701
4286.61	0.586543
4297.43	0.612003
4305.09	0.639903
4312.2	0.665582
4318.25	0.635703
4326.04	0.497062
4334.34	0.380298
4340.25	0.353769
4343.32	0.344011
2568.83	0.261373
2565.01	0.295971
2555.02	0.486255
2655.38	0.508161
2750.29	0.506417
2839.4	0.5047
2921.94	0.503102
2996.76	0.501919
3068.64	0.501106
3137.77	0.500495
3205.45	0.499903
3265.64	0.497035
3325.97	0.49603
3383.53	0.495129
3440.12	0.49312
3490.98	0.492401
3545.46	0.492309
3595.4	0.493108
3643.75	0.494251
3690.22	0.49568
3733.58	0.497489
3781.82	0.499015
3826.17	0.501151
3867.58	0.503388
3906.48	0.50585
3942.66	0.5086
3974.52	0.510168
4004.4	0.512933
4032.64	0.515921
4059.62	0.519242
4085.68	0.520578
4107.87	0.522052
4131.3	0.524413
4154.24	0.527297
4175.06	0.530784
4195.41	0.534346
4214.36	0.538345
4231.86	0.543145
4248.15	0.549721
4263.12	0.558177
4274.37	0.56778
4288.17	0.579879
4299.04	0.597464
4307.02	0.630772
4314.3	0.656973
4320.73	0.616515
4327.88	0.465586
4335.83	0.376302
4341.65	0.352156
4344.72	0.343029
2583	0.304865
2575.56	0.329569
2560.45	0.473584
2663.21	0.497307
2758.24	0.49742
2846.94	0.497553
2931.92	0.497391
3002.6	0.492712
3074.27	0.492003
3141.99	0.491445
3206.16	0.490449
3267.47	0.48696
3328.24	0.486429
3385.94	0.486015
3443.3	0.486668
3497.31	0.487532
3550.56	0.488639
3601.84	0.489921
3651.87	0.491422
3700.86	0.493163
3746.96	0.495568
3788.22	0.492812
3830.03	0.494501
3870.08	0.495902
3908	0.497375
3943.66	0.499333
3976.61	0.502807
4007.01	0.506651
4035.08	0.510184
4060.71	0.513726
4088.4	0.517549
4113.17	0.521807
4137.28	0.52599
4158.37	0.528553
4178.26	0.531709
4198.78	0.535445
4218	0.540078
4234.23	0.542797
4249.97	0.548275
4263.64	0.555819
4277.8	0.566219
4290.56	0.579825
4301.31	0.600155
4310.16	0.635441
4316.46	0.663604
4322.49	0.65697
4329.9	0.495137
4337.09	0.378829
4343.02	0.353089
4346.25	0.343636
2602.17	0.331431
2592.24	0.354718
2572.91	0.463852
2677.04	0.478906
2770.79	0.479679
2856.56	0.480457
2932.09	0.480957
3010.18	0.481917
3084.14	0.482586
3146.16	0.478013
3207.22	0.477667
3272.07	0.478015
3333.09	0.478758
3391.42	0.479711
3448.02	0.480877
3502.57	0.482234
3555.73	0.483803
3607.61	0.485551
3659.05	0.487414
3712.39	0.48907
3749.35	0.483796
3793.13	0.486
3834.58	0.48861
3873.87	0.491464
3911.26	0.494501
3945.86	0.497915
3979.15	0.501636
4008.31	0.50258
4037.92	0.50534
4065.33	0.509583
4092.06	0.513717
4117.2	0.517735
4140.41	0.521743
4162.15	0.526137
4183.19	0.530639
4201.58	0.532237
4218.63	0.534708
4236.34	0.538733
4252.26	0.544927
4266.88	0.552995
4280.58	0.5633
4292.85	0.576824
4303.35	0.595059
4311.83	0.628744
4318.03	0.671938
4324.14	0.684182
4331.25	0.54574
4339.11	0.394947
4344.29	0.357115
4348.07	0.34535
2629.47	0.344073
2616.88	0.373034
2589.27	0.452155
2699.08	0.46257
2793.28	0.465624
2875.23	0.468582
2953.05	0.471254
3020.24	0.468009
3083.69	0.468029
3152.52	0.468684
3216.29	0.469332
3278.73	0.470061
3338.86	0.470815
3396.82	0.471664
3452.94	0.472633
3507.34	0.47373
3560.26	0.474961
3611.86	0.476317
3662.28	0.477783
3711.2	0.479337
3754.96	0.480946
3798.24	0.483399
3839.18	0.486401
3877.44	0.489764
3915.21	0.492892
3947.28	0.492397
3978.1	0.494497
4010.65	0.497872
4040.91	0.501742
4068.62	0.506265
4095.31	0.511048
4121.2	0.515852
4143.06	0.516442
4164.75	0.519766
4184.76	0.523147
4204.39	0.527704
4221.96	0.53268
4238.3	0.537482
4253.85	0.543992
4269.02	0.551674
4282.75	0.562077
4294.86	0.576239
4305.22	0.595851
4313.69	0.632676
4320.59	0.675723
4325.78	0.68857
4333.08	0.548124
4341.5	0.395049
4347.49	0.356439
4350.78	0.343817
2667.72	0.351136
2655.29	0.386987
2616.79	0.428928
2734.7	0.447646
2826.21	0.453197
2896.39	0.453518
2961.03	0.455999
3031.65	0.458578
3097.27	0.460342
3162.23	0.461781
3224.97	0.462942
3285.94	0.463975
3345	0.46493
3402.21	0.465866
3457.72	0.466824
3511.66	0.467827
3564.16	0.468896
3615.28	0.470045
3664.99	0.471284
3713.11	0.472615
3759.02	0.474137
3803.66	0.476005
3844.43	0.478891
3879.46	0.47816
3913.04	0.480138
3948.66	0.483015
3981.27	0.486842
4013.22	0.490743
4044.38	0.494847
4070.92	0.495563
4097.36	0.499343
4120.81	0.503191
4145.55	0.508137
4167.75	0.51358
4188.17	0.5189
4207.33	0.523906
4224.99	0.528771
4241.31	0.533928
4253.88	0.540057
4270.59	0.547587
4284.53	0.557474
4296.54	0.570771
4306.82	0.588071
4315.2	0.620605
4321.58	0.659948
4326.55	0.647729
4335.65	0.489552
4344.64	0.375625
4350.79	0.348489
4353.95	0.337926
2716.67	0.355945
2718.52	0.395687
2730.74	0.421887
2794.4	0.434397
2856.9	0.434625
2919.69	0.440231
2982.24	0.444672
3046.49	0.448131
3109.88	0.450814
3172.52	0.45302
3233.75	0.454908
3293.33	0.456573
3351.23	0.458017
3407.49	0.459306
3462.21	0.46051
3515.53	0.461668
3567.52	0.462842
3618.14	0.464084
3667.28	0.465439
3715.19	0.46683
3762.31	0.468271
3810.86	0.469605
3843.85	0.464915
3881.6	0.466438
3917.5	0.469286
3950.94	0.472753
3982.97	0.477117
4014.43	0.478324
4043.69	0.481008
4073.34	0.485065
4100.15	0.490599
4124.81	0.496412
4148.49	0.50222
4170.52	0.507984
4190.87	0.513675
4209.86	0.51891
4227.48	0.523719
4243.76	0.528233
4258.5	0.532914
4272.98	0.538877
4286.24	0.546849
4298	0.556962
4308.22	0.569208
4316.98	0.578969
4323.59	0.559296
4330.6	0.479731
4340.36	0.392596
4348.72	0.351653
4354.49	0.336406
4357.44	0.328919
2761.92	0.358974
2770.04	0.392019
2791.39	0.406343
2834.36	0.414768
2885.89	0.421383
2941.8	0.426793
3000.26	0.431229
3060.64	0.434899
3121.67	0.438011
3182.57	0.440807
3242.48	0.443496
3300.7	0.446144
3357.32	0.448421
3412.51	0.45038
3466.26	0.452163
3518.85	0.453715
3570.3	0.455161
3620.51	0.45661
3668.78	0.458352
3716.01	0.459761
3762.02	0.461115
3806.55	0.462571
3847.04	0.463671
3883.39	0.465342
3922.2	0.467625
3952.4	0.460758
3979.97	0.460797
4016.03	0.465238
4047.49	0.470508
4076.35	0.47702
4102.91	0.48309
4127.65	0.488726
4151.01	0.494001
4172.92	0.498962
4192.98	0.504606
4211.84	0.509229
4229.47	0.513379
4245.92	0.516787
4261.6	0.518107
4274.79	0.513409
4287.68	0.511138
4299.36	0.505494
4309.74	0.491879
4318.65	0.462123
4328.15	0.41973
4337.05	0.374106
4345.78	0.3473
4353.11	0.332615
4358.29	0.324351
4360.97	0.319041
2797.24	0.357669
2807.09	0.387299
2829.06	0.398028
2864.49	0.404156
2909.18	0.409085
2959.98	0.413071
3014.89	0.41638
3072.62	0.419193
3131.99	0.42169
3191.96	0.424132
3251.2	0.426919
3307.92	0.430515
3363.08	0.433439
3417.15	0.435625
3469.64	0.437646
3521.4	0.439287
3572.38	0.440679
3622.86	0.44169
3669.33	0.440859
3716.02	0.441403
3761.15	0.441536
3804.21	0.440826
3843	0.43902
3883.28	0.43759
3920.82	0.43804
3954.54	0.437147
3986.66	0.438605
4020.06	0.441371
4051.81	0.444559
4079.61	0.451859
4105.48	0.457443
4129.9	0.461233
4153.1	0.463569
4175.39	0.463979
4194.57	0.459069
4213.44	0.457637
4231.12	0.455893
4247.5	0.45224
4261.93	0.44535
4276.98	0.440292
4290.32	0.430383
4302.44	0.414295
4313.55	0.392497
4323.72	0.370141
4333.4	0.351402
4342.33	0.336826
4350.38	0.326756
4356.99	0.31981
4361.68	0.314438
4364.13	0.309883
2820.91	0.355472
2830.95	0.383295
2852.07	0.392384
2884.12	0.39648
2925.06	0.399011
2972.72	0.400831
3025.28	0.402311
3081.43	0.403457
3140.12	0.404376
3200.42	0.405245
3260.71	0.406524
3314.96	0.410163
3368.16	0.414412
3421.56	0.417143
3471.88	0.413254
3522.88	0.412205
3573.04	0.410714
3621.4	0.408966
3669.97	0.407287
3716.6	0.407332
3761.41	0.40716
3804.18	0.406825
3844.61	0.406363
3883.91	0.406453
3921.25	0.406386
3956.35	0.406363
3990.13	0.406964
4023.79	0.408001
4058.15	0.407977
4082.94	0.401486
4107.74	0.399305
4131.72	0.397329
4154.51	0.394467
4174.84	0.389653
4196.21	0.386223
4215.57	0.384366
4233.45	0.381602
4250.01	0.377828
4265.28	0.372961
4279.87	0.367354
4293.34	0.360331
4305.73	0.35231
4317.12	0.343856
4327.59	0.335514
4337.26	0.328086
4346.01	0.321794
4353.65	0.31644
4359.84	0.311468
4364.23	0.306329
4366.52	0.30103
2832.71	0.353539
2842.64	0.380367
2863.17	0.388428
2893.8	0.391496
2933.07	0.392999
2979.23	0.393726
3030.68	0.393982
3086.19	0.393932
3145.03	0.393667
3207.21	0.393232
3274.45	0.392622
3321.26	0.379181
3371.3	0.374968
3419.42	0.369148
3472.37	0.366326
3523.75	0.365859
3573.9	0.365445
3622.75	0.365052
3670.72	0.364679
3717.17	0.364321
3761.86	0.363978
3804.63	0.363653
3845.43	0.363346
3884.6	0.363046
3921.97	0.362734
3957.53	0.362401
3991.71	0.362027
4024.88	0.361577
4056.5	0.361022
4083.74	0.357089
4109.09	0.356312
4133.09	0.35545
4155.77	0.35438
4176.98	0.353086
4197.62	0.35164
4216.95	0.349936
4234.91	0.347877
4251.59	0.345428
4267.09	0.342574
4281.63	0.339349
4295.13	0.335762
4307.6	0.331891
4319.08	0.32784
4329.63	0.323703
4339.26	0.31953
4347.89	0.315258
4355.35	0.310705
4361.35	0.305632
4365.62	0.299487
4367.76	0.293807
4062.92	0.414229
4082.99	0.414481
4107.66	0.41628
4131.59	0.42003
4154.5	0.425839
4170.29	0.431773
4177.1	0.462595
4194.35	0.463544
4213.32	0.464523
4230.99	0.466694
4247.41	0.470709
4259.67	0.475866
4263.84	0.5051
4274.62	0.505535
4287.6	0.501611
4299.28	0.495599
4309.63	0.48823
4317.46	0.484995
4319.14	0.523868
4323.47	0.52295
4326.13	0.486313
2670.16	0.514976
2732.04	0.513913
2793.12	0.512248
2822.43	0.509698
2892.4	0.508339
2972.61	0.505838
3025.3	0.503444
3051.25	0.498938
3116.51	0.497812
3189.55	0.496397
3239.31	0.495025
3266.15	0.495366
3327.83	0.494408
3394.3	0.493387
3438.06	0.49223
3463.5	0.492302
3520.14	0.491651
3579.03	0.491713
3613.97	0.491258
3636.14	0.493564
3683.24	0.493042
3729.44	0.492897
3753.78	0.492722
3766.41	0.49348
3726.14	0.522366
3746.37	0.521974
3785.53	0.522187
3825.76	0.522061
3859.52	0.523532
3895.74	0.523519
3927.56	0.52383
3958.62	0.523597
3980.21	0.523358
3991.03	0.524606
4016.5	0.525038
4043.23	0.526925
4068.54	0.527898
4089.25	0.529708
4110.26	0.530458
4132.42	0.53161
4153.13	0.532647
4171.22	0.533594
4173.88	0.536436
4083.51	0.54346
4102.69	0.54421
4124.19	0.545344
4145.22	0.546853
4165.76	0.54848
4185.46	0.55042
4204.21	0.552619
4221.87	0.55504
4238.48	0.557431
4253.71	0.559688
4267.34	0.561093
4279.33	0.560069
4289.75	0.553775
4297.41	0.530585
4305.27	0.489704
4312.87	0.420889
4320.8	0.371403
4324.09	0.34852
4144.48	0.503253
4159.66	0.507191
4165.8	0.525645
4176.77	0.526602
4194.12	0.530571
4210.57	0.535846
4225.43	0.541962
4230.57	0.559538
4238.21	0.560641
4253.2	0.563744
4267.47	0.568034
4281.09	0.571353
4285.15	0.584323
4290.87	0.585095
4301.27	0.585425
4310.17	0.577652
4318.13	0.552655
4321.31	0.494734
4324.55	0.486061
4332.07	0.418225
4339.57	0.373634
4344.4	0.356547
3751.35	0.499998
3769.62	0.499828
3782.9	0.502281
3809.63	0.501983
3848.56	0.503892
3884.76	0.505967
3919.85	0.507634
3941.67	0.508374
3953.5	0.513245
3982.48	0.513768
4013.14	0.515175
4036.43	0.518708
4058.09	0.520118
4066	0.52603
4083.27	0.526222
4106.48	0.52798
4128.84	0.529239
4150.02	0.530277
4161.32	0.530823
4168.37	0.531384
4178.09	0.531658
2818.21	0.524331
2837.12	0.523456
2862.24	0.52338
2910.06	0.522456
2984.69	0.521494
3050.28	0.520171
3077.13	0.521611
3126.49	0.520696
3192.82	0.520249
3250.55	0.519134
3273.5	0.520788
3319.14	0.519965
3379.42	0.518901
3428.75	0.517537
3448.61	0.515945
3490.32	0.515161
3542.84	0.514057
3584.83	0.512732
3596.99	0.507944
3635.08	0.507271
3680.98	0.506768
3716.92	0.505679
3724.87	0.498145
3499.82	0.519475
3540.71	0.519035
3594.11	0.5186
3646.96	0.518097
3697.72	0.517921
3743.47	0.518538
3785.75	0.519414
3825.07	0.520418
3865.11	0.520648
3896.88	0.522661
3928.56	0.52384
3959.86	0.525036
3989.5	0.526532
4018.17	0.527515
4045.31	0.528335
4065.79	0.528387
4073.67	0.53051
4092.56	0.530482
4112.7	0.530837
4126.22	0.530664
3768.03	0.501867
3801.31	0.502443
3839.18	0.503832
3876.35	0.50564
3912.26	0.507821
3946.74	0.510096
3973.92	0.511491
3984.39	0.525375
4007.95	0.525764
4037.23	0.528186
4064.62	0.530112
4090.31	0.53216
4114.42	0.53437
4136.82	0.536759
4155.9	0.539936
4174.05	0.543024
4191.58	0.545747
4205.21	0.547315
4209.9	0.555065
4221.8	0.555881
4236.07	0.557941
4245.25	0.559099
3589.38	0.501099
3628.45	0.501289
3675.48	0.502278
3720.21	0.503717
3762.78	0.505069
3787.92	0.505566
3802.97	0.512244
3838.76	0.512647
3875.85	0.513771
3911.12	0.51505
3944.13	0.516728
3973.9	0.519106
3999.55	0.522375
4029.27	0.523833
4056.35	0.525917
4081.17	0.527814
4100.3	0.528723
4107.36	0.53448
4124.24	0.53458
4145.09	0.535007
4159.22	0.535132
3727.25	0.474242
3755.63	0.472908
3767.97	0.456834
3801.51	0.455868
3840.36	0.455075
3877.93	0.454284
3914.1	0.453463
3948.7	0.452401
3981.61	0.450826
4013.27	0.448555
4043.1	0.445012
4062.34	0.441743
4072.75	0.424856
4095.83	0.423976
4119.68	0.424842
4142.23	0.425349
4162.33	0.425821
4180.93	0.426719
4197.84	0.427626
4211.66	0.428485
3038.06	0.522906
3090.18	0.522227
3158.54	0.521332
3226.8	0.520257
3293.76	0.51933
3358.94	0.518574
3422.02	0.517976
3482.67	0.517562
3540.56	0.51735
3595.76	0.517283
3648.22	0.517362
3697.59	0.517633
3742.34	0.518375
3787.51	0.518282
3831.18	0.518121
3871.27	0.518046
3904.95	0.51802
3934.31	0.518025
3946.39	0.518727
4033.64	0.407652
4043.9	0.408721
4050.64	0.457498
4070.88	0.460763
4080.44	0.493666
4094.41	0.494723
4112.01	0.499175
4118.78	0.516182
4136.05	0.517824
4141.25	0.534638
4155.8	0.535404
4165.48	0.539453
4172.83	0.541497
4185.61	0.543039
4189.52	0.545632
4203.41	0.546045
4208.73	0.550093
4219.41	0.55041
4229.96	0.554297
4235.32	0.559568
4246.68	0.562098
4249.49	0.572867
4259.52	0.57472
4266.09	0.581281
4273.58	0.581549
4282.4	0.586157
4284.46	0.586015
3895.58	0.522794
3906.34	0.522503
3935.34	0.523229
3965.52	0.523929
3993.95	0.524096
4004.65	0.526505
4023.12	0.526374
4049.66	0.528763
4075.6	0.530746
4098.18	0.533417
4106.88	0.539035
4119.94	0.539117
4140.4	0.54154
4160.34	0.543511
4178.9	0.545406
4185.92	0.549114
4194.43	0.5492
4213.62	0.554174
4230.61	0.55911
4245.83	0.564554
4252.63	0.569211
4258.9	0.569907
4269.25	0.572084
2607.39	0.497929
2623.91	0.498661
2677.04	0.497686
2770.3	0.496566
2856.46	0.496352
2920.93	0.495387
2943.38	0.506049
3001.94	0.505285
3074	0.505432
3142.29	0.505233
3184.27	0.504611
3208.01	0.510101
3265.43	0.509609
3325.94	0.509578
3381.3	0.509304
3403.83	0.513444
3438.8	0.512768
3493.42	0.512525
3543.22	0.512264
3581.7	0.511818
3595.69	0.516856
3631.03	0.51641
3662.57	0.515896
3723.82	0.49871
3740.45	0.498723
3751.82	0.510367
3787.99	0.510692
3829.85	0.512393
3869.85	0.514636
3907.63	0.517186
3925.36	0.519888
3942.39	0.520061
3974.31	0.521332
4004.26	0.52315
4032.65	0.52497
4056.54	0.525749
4063.93	0.53166
4081.56	0.531793
4106.93	0.532788
4129.07	0.534191
4150.39	0.535582
4165.16	0.536342
4171.23	0.540006
4187.9	0.540346
4199.36	0.541292
4020.28	0.517781
4025.59	0.519474
4042.56	0.519654
4063.25	0.522722
4071.65	0.529935
4089.28	0.530393
4107.8	0.532233
4114.67	0.539129
4132.55	0.539998
4149.75	0.54196
4158.97	0.547274
4178.41	0.548833
4192.55	0.551284
4198.93	0.555253
4215.57	0.558479
4223.86	0.565
4232.81	0.565144
4247.14	0.570556
4252.62	0.578367
4262.01	0.579061
4274.55	0.585925
4279.43	0.596515
4288.83	0.59791
4297.91	0.61373
4301.36	0.623939
4306.84	0.630457
3159.86	0.511305
3208.1	0.510652
3273.84	0.509914
3338.84	0.509028
3398.81	0.508995
3453.24	0.509767
3505.07	0.510263
3552.75	0.510598
3572.92	0.514805
3600.3	0.514294
3646.8	0.514905
3689.76	0.515578
3730.1	0.516488
3769.67	0.517099
3808.37	0.517984
3846.43	0.518874
3883.1	0.519934
3917.72	0.521068
3950.54	0.521909
3979.51	0.522354
3990.8	0.524734
4007.89	0.524504
4019.81	0.525251
3442.57	0.50738
3458.02	0.506796
3473.12	0.510649
3511.15	0.510092
3562.02	0.509851
3611.02	0.509101
3642.75	0.508243
3661.8	0.507491
3703.3	0.507
3738.25	0.504653
3777.46	0.504425
3794.45	0.505375
3821.77	0.504983
3860.11	0.507495
3896.6	0.509226
3922.84	0.510024
3935.97	0.51531
3964.41	0.515686
3995.09	0.51828
4022.83	0.520686
4035.18	0.523984
4050.56	0.523778
4075.74	0.524639
4098.75	0.525188
4113.12	0.525443
3660.6	0.523026
3664.08	0.523034
3693.83	0.522723
3737.59	0.522562
3781.16	0.522279
3818.29	0.523316
3854.26	0.523883
3889.14	0.524461
3922.99	0.525259
3954.43	0.52641
3977.57	0.526683
3987.42	0.531928
4011.48	0.53225
4037.88	0.533938
4065.09	0.534669
4088.2	0.536801
4114.5	0.53769
4138.37	0.53912
4160.23	0.540355
4181.02	0.540972
4191.51	0.541337
4194.14	0.540312
3817.13	0.478525
3841.63	0.478783
3853.83	0.490392
3879.35	0.490389
3908.64	0.492452
3918.9	0.503447
3947.17	0.503848
3969.24	0.506004
3980.22	0.512705
4007.81	0.513873
4020.52	0.518669
4035.06	0.518503
4058.96	0.520016
4066.37	0.526072
4085.45	0.526144
4104.1	0.52795
4109.77	0.53484
4129.05	0.535468
4143	0.537793
4150.42	0.542807
4168.95	0.54433
4176.14	0.551008
4186.42	0.551145
4202.61	0.551897
4208.07	0.550689
4215.97	0.550706
4205.12	0.542889
4206.75	0.545418
4217.68	0.546128
4223.82	0.552917
4235.76	0.553783
4241.55	0.565368
4252.48	0.566471
4256.98	0.580208
4265.76	0.581707
4270.13	0.592949
4277.95	0.594266
4282.37	0.611628
4289.65	0.615782
4293.45	0.628344
4299.15	0.630951
4303.85	0.609859
4309.76	0.603008
4313.63	0.557363
4318.51	0.545511
4322.59	0.452733
4327.84	0.431968
4331.78	0.38517
4336.91	0.375044
4339.92	0.363022
4340.64	0.359764
3924.26	0.482456
3952.65	0.485474
3969.85	0.488863
3983.5	0.493112
4014.34	0.494745
4041.86	0.49781
4051.7	0.509064
4070.57	0.509351
4097.33	0.513348
4116.56	0.515982
4123.64	0.52728
4142.83	0.528247
4164.61	0.532414
4176.07	0.535681
4183.62	0.540015
4201.49	0.541651
4217.62	0.544855
4223.24	0.552777
4234.03	0.553292
4249.9	0.55737
4261.07	0.560612
4264.5	0.566578
4273.31	0.567782
3687.86	0.515586
3716.4	0.515284
3750.39	0.515172
3763.14	0.518694
3793.26	0.518419
3832.38	0.519077
3868.6	0.519683
3904.71	0.520007
3938.34	0.520887
3968.99	0.521958
3995.36	0.522376
4005.68	0.524689
4024.6	0.524586
4050.81	0.526291
4075.74	0.527275
4098.8	0.528518
4119.75	0.529878
4143.04	0.530345
4163.13	0.530882
4170.74	0.53158
4178.46	0.531473
3707.74	0.516661
3742.85	0.516967
3763.74	0.518084
3785.32	0.517544
3826.91	0.517468
3847.67	0.518035
3865.66	0.5178
3897.24	0.517957
3917.77	0.518634
3932.55	0.520083
3962.96	0.521134
3983.48	0.522355
3996.56	0.525156
4023.76	0.525927
4043.92	0.527185
4055.75	0.530403
4079.95	0.531077
4097.91	0.532699
4107.49	0.536999
4128.24	0.537533
4144.64	0.538512
4153.03	0.540658
4169.99	0.541004
4183.57	0.541725
4186.54	0.541178
3843.9	0.51989
3869.34	0.519902
3902.39	0.52112
3934.05	0.522989
3961.38	0.52406
3972.46	0.529147
3995.15	0.529108
4026.36	0.531109
4054.97	0.533331
4079.82	0.536184
4092.19	0.538065
4106.23	0.53785
4128.06	0.539961
4147.56	0.542334
4168.3	0.544146
4180.88	0.545457
4188.16	0.548859
4203.94	0.549728
4219.71	0.552408
4235.26	0.555522
4246.58	0.557987
4251	0.564072
4261.59	0.564706
4222.19	0.538579
4225.26	0.544476
4232.48	0.545085
4236.78	0.545499
4239.54	0.551267
4246.75	0.552902
4251.49	0.556197
4254.52	0.569499
4261.18	0.572294
4266	0.577838
4269.14	0.588985
4275.06	0.591975
4280.17	0.594328
4283.64	0.608641
4288.97	0.616012
4293.75	0.616385
4297.84	0.625746
4302.4	0.635836
4306.68	0.636462
4310.42	0.652609
4314.13	0.667449
4317.74	0.669814
4320.94	0.663551
4324.4	0.651014
4325.32	0.649158
3512.94	0.466136
3524.82	0.470891
3551.45	0.470497
3565.24	0.487505
3594.31	0.487247
3609.04	0.489371
3627.38	0.489006
3650.64	0.488429
3662.91	0.494916
3689.45	0.49486
3702.35	0.50873
3720.9	0.510344
3740.98	0.509853
3754.24	0.509684
3779.19	0.509327
3790.87	0.509549
3808.3	0.510885
3824	0.511777
3832.87	0.512296
3854.99	0.511823
3865.16	0.501861
3877.85	0.498385
3886.3	0.493099
3790.1	0.52249
3822.45	0.522397
3852.68	0.522067
3861	0.521862
3888.89	0.521611
3923.34	0.522729
3948.33	0.523122
3958.43	0.527321
3984.52	0.52739
4011.98	0.528672
4029.79	0.529186
4037.97	0.53175
4062.57	0.532123
4090.4	0.532983
4104.65	0.533706
4115.25	0.534727
4137.82	0.535502
4159.52	0.537193
4170.03	0.538429
4182.33	0.538236
4203.02	0.5392
4216.68	0.539579
4218.31	0.538722
4218.33	0.538935
3710.02	0.512703
3737.58	0.512845
3779	0.513757
3819.2	0.515013
3857.15	0.516724
3893.1	0.518509
3927.12	0.520393
3959.97	0.521938
3991.34	0.523569
4021.26	0.525073
4049.82	0.526382
4076.81	0.527613
4101.24	0.529143
4124.18	0.530578
4137.72	0.531341
4146.26	0.534304
4165.13	0.53511
4184.13	0.536511
4202.47	0.537443
4216.86	0.538531
4215.82	0.539097
4217.25	0.540102
4226.2	0.54056
4230.03	0.544938
4236.54	0.547574
4242.74	0.547805
4246.4	0.555372
4254.5	0.556389
4257.86	0.564804
4263.52	0.566774
4268.98	0.566674
4272.27	0.575457
4278.73	0.577082
4281.63	0.58186
4285.61	0.586422
4289.47	0.586593
4291.35	0.581965
4296.11	0.581821
4298.22	0.590119
4301.22	0.572168
4304.09	0.568758
4306.46	0.453681
4310.99	0.430735
4312.95	0.457645
4317.05	0.398603
4319.31	0.394218
4065.6	0.537069
4084.92	0.537859
4106.75	0.539661
4128.48	0.541421
4144.11	0.542488
4152.89	0.545666
4169.85	0.546531
4187.58	0.549225
4204.2	0.551654
4218.27	0.553543
4224.11	0.559897
4235.79	0.560601
4249.46	0.563955
4263.26	0.565413
4277.53	0.565373
4282.4	0.559411
4291.58	0.557647
4302.91	0.547023
4312.33	0.52352
4320.96	0.466266
4327.32	0.40106
4332.15	0.378843
4337.65	0.357328
3410.68	0.516036
3452.85	0.515883
3503.4	0.515912
3553.77	0.515988
3600.74	0.516967
3646.97	0.517551
3689.8	0.518976
3730.82	0.519918
3756.1	0.520162
3774.47	0.523065
3810.82	0.523295
3847.35	0.524088
3883.93	0.524426
3918.91	0.525201
3951.96	0.526108
3982.54	0.527108
4009.29	0.52839
4036.52	0.52862
4059.08	0.528365
4068.11	0.529858
4082.74	0.529759
3534.66	0.516196
3565.97	0.515888
3611.9	0.516505
3654.96	0.517535
3696.39	0.518469
3736.39	0.519434
3775.94	0.520061
3814.33	0.520815
3851.03	0.521718
3886.62	0.52238
3920.93	0.522986
3953.78	0.52354
3980.93	0.523757
3991.06	0.527996
4012.02	0.527932
4039.79	0.529209
4065.51	0.529974
4093.91	0.530056
4118.51	0.530825
4140.46	0.531535
4155.07	0.531909
3280.25	0.411089
3321.3	0.412476
3371.73	0.416873
3403.46	0.420479
3423.54	0.439144
3471.74	0.439808
3522.78	0.441379
3572.95	0.443752
3620.24	0.44613
3641.17	0.454167
3668.86	0.45369
3715.85	0.454575
3760.98	0.455272
3804.18	0.456406
3839.78	0.457112
3854.13	0.466005
3882.93	0.465679
3921.62	0.464738
3952.11	0.461706
3976.44	0.461152
3948.62	0.526227
3948.76	0.52652
3973.76	0.526963
4002.46	0.528214
4021.53	0.529097
4029.96	0.534528
4053.88	0.535133
4079.36	0.53745
4097.75	0.538843
4104.7	0.547283
4124.36	0.547768
4146.75	0.549651
4163.99	0.550763
4170.03	0.555816
4185.46	0.556557
4204.27	0.561009
4218.16	0.566592
4224.82	0.572723
4238.09	0.573457
4254.29	0.580047
4267.26	0.585522
4270.48	0.594388
4277.75	0.595374
4284.28	0.603366
3915.55	0.544248
3935.7	0.544323
3964.95	0.545717
3993.62	0.547184
4022.74	0.548243
4050.21	0.550282
4076.48	0.55222
4101.85	0.554015
4124.45	0.557112
4146.51	0.55971
4166.71	0.563955
4186.14	0.568
4203.8	0.574001
4222.31	0.578162
4240.12	0.583523
4256.15	0.590597
4270.31	0.598154
4282.72	0.611627
4292	0.629093
4297.86	0.640348
2809.71	0.469468
2813.53	0.470234
2829.37	0.470076
2896.59	0.470385
2940.66	0.470434
2958.37	0.482506
3020.29	0.482152
3075.17	0.481896
3093.69	0.49334
3145.8	0.492819
3204.23	0.493814
3225.64	0.501792
3266.93	0.501139
3328.02	0.502556
3358.75	0.503367
3384.19	0.505002
3440.28	0.50477
3479.32	0.504731
3496.96	0.511945
3542.93	0.511546
3584.01	0.511464
3597.29	0.516685
3630.94	0.516244
3663.88	0.515882
3867.21	0.520856
3893.74	0.522421
3914.37	0.523736
3928.24	0.528634
3957.95	0.529255
3987.12	0.531408
4016.67	0.532786
4032	0.533711
4045.12	0.534458
4069.64	0.536256
4094.83	0.538077
4117.53	0.540784
4127.96	0.543438
4140.11	0.543336
4160.33	0.546128
4179.59	0.549004
4197.8	0.551244
4205.57	0.555375
4216.82	0.555569
4232.85	0.559222
4247.41	0.561805
4257.3	0.562938
2780.55	0.52486
2835.96	0.524054
2909.5	0.523183
2983.25	0.522001
3055.6	0.520931
3126.6	0.519934
3194.91	0.519235
3260.59	0.518662
3323.71	0.518188
3384.11	0.517842
3441.06	0.517739
3495.11	0.517601
3545.88	0.517621
3597.08	0.517032
3645.72	0.516654
3691.46	0.516266
3735.64	0.515666
3778.48	0.51487
3812.97	0.514183
3838.24	0.513996
2895.37	0.523823
2921.51	0.522794
2986.69	0.521828
3013.26	0.521425
3058.99	0.520479
3125.12	0.51886
3153.2	0.517036
3192.09	0.516121
3254.96	0.514969
3286.73	0.513841
3320.03	0.512941
3381.12	0.511966
3414.7	0.510814
3441.57	0.509785
3495.68	0.508931
3529.88	0.507909
3551.96	0.50686
3599.06	0.506302
3631.62	0.505624
3648.81	0.505113
3690.11	0.504456
3721.76	0.503585
3736.26	0.501997
3770.05	0.501752
3796.33	0.501936
3800.51	0.503604
3943.24	0.532413
3946.61	0.53213
3971.5	0.533112
3999.37	0.534171
4027.48	0.53521
4054.22	0.537006
4079.44	0.539096
4103.46	0.541201
4124.52	0.544481
4145.04	0.54735
4164.06	0.551123
4185.99	0.553173
4201.54	0.554872
4208.39	0.566043
4224.41	0.567673
4241.75	0.573294
4257.18	0.579759
4270.15	0.588437
4281.95	0.596744
4291.92	0.613118
4299.43	0.631769
4111.29	0.534194
4122.61	0.534253
4143.38	0.536136
4163.84	0.538031
4184.56	0.539491
4204.42	0.541161
4219.15	0.542186
4225.1	0.547138
4237.1	0.547696
4252.32	0.548076
4266.01	0.546943
4278.02	0.542131
4288.35	0.529459
4297.15	0.500925
4305.19	0.445493
4312.43	0.378983
4321.07	0.343274
4328.44	0.330558
4333.67	0.326242
4335.48	0.324496
3620.6	0.512077
3656.05	0.511983
3696.09	0.511788
3727.99	0.51133
3740.53	0.511971
3771.32	0.511706
3807.05	0.512999
3846.55	0.51345
3870.71	0.513793
3884.99	0.517491
3917.37	0.517985
3950.26	0.520071
3979.67	0.521904
3991.82	0.525848
4009.34	0.525673
4037.45	0.527176
4064.27	0.528311
4085.68	0.528777
4093.37	0.53156
4112.9	0.531515
4136.36	0.532319
4153.17	0.532804
3783.64	0.521838
3794.93	0.522588
3818.41	0.522222
3852.13	0.522715
3864.67	0.526485
3894.55	0.526192
3922.97	0.52669
3936.83	0.529215
3965.11	0.5289
3986.31	0.528579
3999.97	0.527676
4027.85	0.527745
4041.58	0.527699
4057.69	0.527343
4080.8	0.528062
4090.25	0.529323
4107.86	0.529307
4129.22	0.530637
4138.84	0.533589
4158.32	0.533899
4174.55	0.535055
4183.55	0.536151
4201.56	0.536769
4212.48	0.537779
4221.88	0.537879
4237.91	0.539341
4245.02	0.540086
4249.86	0.540144
4014.21	0.511326
4016.76	0.511408
4032.55	0.511594
4042.39	0.515109
4054.98	0.517349
4064.94	0.520705
4075.09	0.525996
4088.19	0.525996
4096.05	0.531357
4110.35	0.531517
4118.72	0.533061
4130.83	0.533761
4140.46	0.53464
4150.07	0.535041
4161.64	0.534929
4169.37	0.537386
4180.94	0.53771
4187.35	0.541374
4197.67	0.542363
4204.3	0.544806
4212.39	0.545944
4221.52	0.545795
4227.72	0.54037
4236.71	0.539679
4239.79	0.523026
3870.46	0.520545
3890.15	0.520941
3899.63	0.527616
3927.33	0.527906
3958.02	0.528889
3987.13	0.529978
4016.51	0.530713
4043.78	0.532196
4070.19	0.533417
4093.09	0.535409
4112.98	0.537713
4132.5	0.539131
4153.98	0.540308
4175.09	0.541686
4189.94	0.54275
4196.25	0.548724
4212.19	0.549613
4229.38	0.553078
4244.58	0.556344
4253.88	0.558926
2719.6	0.507749
2741	0.506577
2790.24	0.506163
2819.91	0.508593
2893	0.507578
2953.95	0.506395
2978.2	0.510808
3040.16	0.509822
3108.4	0.50814
3135.13	0.506153
3187.31	0.505071
3255.99	0.502734
3287.99	0.500483
3324.22	0.499504
3388.22	0.49838
3428.82	0.497018
3451.38	0.495163
3504.34	0.494485
3548.75	0.493814
3566.64	0.49737
3608.82	0.496957
3653.02	0.497741
3670.29	0.502054
3702.57	0.501471
3731.53	0.499563
3222.6	0.506215
3230.31	0.505958
3267.71	0.505283
3330.33	0.504872
3388.79	0.50457
3413.35	0.507968
3448.65	0.507277
3504.04	0.509793
3555.46	0.512093
3581.54	0.513144
3610.42	0.512434
3660.67	0.513839
3707.69	0.515375
3733.18	0.515996
3755.02	0.517261
3793.74	0.5177
3832.98	0.517946
3857.25	0.517922
3874.2	0.518986
3909.37	0.518476
3944.01	0.517023
3963.84	0.515002
3975.26	0.512154
3996.19	0.512059
3353.13	0.515347
3402.78	0.515227
3456.22	0.514928
3508.64	0.514706
3558.84	0.514788
3607.19	0.514896
3651.71	0.515657
3694.19	0.516218
3735.39	0.516557
3772.2	0.517738
3804.19	0.517951
3818.99	0.522497
3847.65	0.522277
3884.1	0.523386
3919.05	0.523566
3952.42	0.523702
3984.36	0.523703
4012.57	0.523842
4039.81	0.523894
4062.82	0.523918
